<?xml version="1.0" encoding="UTF-8"?>
<testsuite name="com.atguigu.gware.controller.GwareManageApplicationTests" time="0.021" tests="1" errors="1" skipped="0" failures="0">
  <properties>
    <property name="idea.version" value="2018.1.6"/>
    <property name="java.runtime.name" value="Java(TM) SE Runtime Environment"/>
    <property name="sun.boot.library.path" value="C:\Program Files\Java\jdk1.8.0_121\jre\bin"/>
    <property name="java.vm.version" value="25.121-b13"/>
    <property name="java.vm.vendor" value="Oracle Corporation"/>
    <property name="maven.multiModuleProjectDirectory" value="E:\gmall0508\gware-manage"/>
    <property name="java.vendor.url" value="http://java.oracle.com/"/>
    <property name="path.separator" value=";"/>
    <property name="guice.disable.misplaced.annotation.check" value="true"/>
    <property name="java.vm.name" value="Java HotSpot(TM) 64-Bit Server VM"/>
    <property name="file.encoding.pkg" value="sun.io"/>
    <property name="user.script" value=""/>
    <property name="user.country" value="CN"/>
    <property name="sun.java.launcher" value="SUN_STANDARD"/>
    <property name="sun.os.patch.level" value=""/>
    <property name="java.vm.specification.name" value="Java Virtual Machine Specification"/>
    <property name="user.dir" value="E:\gmall0508\gware-manage"/>
    <property name="java.runtime.version" value="1.8.0_121-b13"/>
    <property name="java.awt.graphicsenv" value="sun.awt.Win32GraphicsEnvironment"/>
    <property name="java.endorsed.dirs" value="C:\Program Files\Java\jdk1.8.0_121\jre\lib\endorsed"/>
    <property name="os.arch" value="amd64"/>
    <property name="java.io.tmpdir" value="C:\Users\Lenovo\AppData\Local\Temp\"/>
    <property name="line.separator" value="&#10;"/>
    <property name="java.vm.specification.vendor" value="Oracle Corporation"/>
    <property name="user.variant" value=""/>
    <property name="os.name" value="Windows 8.1"/>
    <property name="classworlds.conf" value="F:\maven-3.5\apache-maven-3.5.3\bin\m2.conf"/>
    <property name="sun.jnu.encoding" value="GBK"/>
    <property name="java.library.path" value="C:\Program Files\Java\jdk1.8.0_121\bin;C:\windows\Sun\Java\bin;C:\windows\system32;C:\windows;C:\Program Files (x86)\Common Files\Oracle\Java\javapath;C:\ProgramData\Oracle\Java\javapath;C:\Program Files (x86)\Lenovo\FusionEngine;C:\Program Files (x86)\Intel\iCLS Client\;C:\Program Files\Intel\iCLS Client\;C:\windows\system32;C:\windows;C:\windows\System32\Wbem;C:\windows\System32\WindowsPowerShell\v1.0\;C:\Program Files\Intel\Intel(R) Management Engine Components\DAL;C:\Program Files (x86)\Intel\Intel(R) Management Engine Components\DAL;C:\Program Files\Intel\Intel(R) Management Engine Components\IPT;C:\Program Files (x86)\Intel\Intel(R) Management Engine Components\IPT;C:\Program Files\Intel\WiFi\bin\;C:\Program Files\Common Files\Intel\WirelessCommon\;C:\Program Files (x86)\Lenovo\Motion Control\;F:\maven-3.5\apache-maven-3.5.3\bin;C:\Program Files (x86)\Lenovo\Lenovo Home\;F:\redis\;F:\MongoDB\bin;F:\github\Git\cmd;."/>
    <property name="maven.conf" value="F:\maven-3.5\apache-maven-3.5.3/conf"/>
    <property name="java.specification.name" value="Java Platform API Specification"/>
    <property name="java.class.version" value="52.0"/>
    <property name="sun.management.compiler" value="HotSpot 64-Bit Tiered Compilers"/>
    <property name="os.version" value="6.3"/>
    <property name="user.home" value="C:\Users\Lenovo"/>
    <property name="user.timezone" value="Asia/Shanghai"/>
    <property name="java.awt.printerjob" value="sun.awt.windows.WPrinterJob"/>
    <property name="java.specification.version" value="1.8"/>
    <property name="file.encoding" value="UTF-8"/>
    <property name="user.name" value="Lenovo"/>
    <property name="java.class.path" value="F:\maven-3.5\apache-maven-3.5.3\boot\plexus-classworlds-2.5.2.jar;F:\IDEA\IntelliJ IDEA 2018.1.6\lib\idea_rt.jar"/>
    <property name="java.vm.specification.version" value="1.8"/>
    <property name="sun.arch.data.model" value="64"/>
    <property name="java.home" value="C:\Program Files\Java\jdk1.8.0_121\jre"/>
    <property name="sun.java.command" value="org.codehaus.classworlds.Launcher -Didea.version=2018.1.6 install -f pom.xml"/>
    <property name="java.specification.vendor" value="Oracle Corporation"/>
    <property name="user.language" value="zh"/>
    <property name="awt.toolkit" value="sun.awt.windows.WToolkit"/>
    <property name="java.vm.info" value="mixed mode"/>
    <property name="java.version" value="1.8.0_121"/>
    <property name="java.ext.dirs" value="C:\Program Files\Java\jdk1.8.0_121\jre\lib\ext;C:\windows\Sun\Java\lib\ext"/>
    <property name="sun.boot.class.path" value="C:\Program Files\Java\jdk1.8.0_121\jre\lib\resources.jar;C:\Program Files\Java\jdk1.8.0_121\jre\lib\rt.jar;C:\Program Files\Java\jdk1.8.0_121\jre\lib\sunrsasign.jar;C:\Program Files\Java\jdk1.8.0_121\jre\lib\jsse.jar;C:\Program Files\Java\jdk1.8.0_121\jre\lib\jce.jar;C:\Program Files\Java\jdk1.8.0_121\jre\lib\charsets.jar;C:\Program Files\Java\jdk1.8.0_121\jre\lib\jfr.jar;C:\Program Files\Java\jdk1.8.0_121\jre\classes"/>
    <property name="java.vendor" value="Oracle Corporation"/>
    <property name="maven.home" value="F:\maven-3.5\apache-maven-3.5.3"/>
    <property name="file.separator" value="\"/>
    <property name="java.vendor.url.bug" value="http://bugreport.sun.com/bugreport/"/>
    <property name="sun.cpu.endian" value="little"/>
    <property name="sun.io.unicode.encoding" value="UnicodeLittle"/>
    <property name="sun.desktop" value="windows"/>
    <property name="sun.cpu.isalist" value="amd64"/>
  </properties>
  <testcase name="contextLoads" classname="com.atguigu.gware.controller.GwareManageApplicationTests" time="0.021">
    <error message="Failed to load ApplicationContext" type="java.lang.IllegalStateException">java.lang.IllegalStateException: Failed to load ApplicationContext
	at org.springframework.test.context.cache.DefaultCacheAwareContextLoaderDelegate.loadContext(DefaultCacheAwareContextLoaderDelegate.java:124)
	at org.springframework.test.context.support.DefaultTestContext.getApplicationContext(DefaultTestContext.java:83)
	at org.springframework.test.context.web.ServletTestExecutionListener.setUpRequestContextIfNecessary(ServletTestExecutionListener.java:189)
	at org.springframework.test.context.web.ServletTestExecutionListener.prepareTestInstance(ServletTestExecutionListener.java:131)
	at org.springframework.test.context.TestContextManager.prepareTestInstance(TestContextManager.java:230)
	at org.springframework.test.context.junit4.SpringJUnit4ClassRunner.createTest(SpringJUnit4ClassRunner.java:228)
	at org.springframework.test.context.junit4.SpringJUnit4ClassRunner$1.runReflectiveCall(SpringJUnit4ClassRunner.java:287)
	at org.junit.internal.runners.model.ReflectiveCallable.run(ReflectiveCallable.java:12)
	at org.springframework.test.context.junit4.SpringJUnit4ClassRunner.methodBlock(SpringJUnit4ClassRunner.java:289)
	at org.springframework.test.context.junit4.SpringJUnit4ClassRunner.runChild(SpringJUnit4ClassRunner.java:247)
	at org.springframework.test.context.junit4.SpringJUnit4ClassRunner.runChild(SpringJUnit4ClassRunner.java:94)
	at org.junit.runners.ParentRunner$3.run(ParentRunner.java:290)
	at org.junit.runners.ParentRunner$1.schedule(ParentRunner.java:71)
	at org.junit.runners.ParentRunner.runChildren(ParentRunner.java:288)
	at org.junit.runners.ParentRunner.access$000(ParentRunner.java:58)
	at org.junit.runners.ParentRunner$2.evaluate(ParentRunner.java:268)
	at org.springframework.test.context.junit4.statements.RunBeforeTestClassCallbacks.evaluate(RunBeforeTestClassCallbacks.java:61)
	at org.springframework.test.context.junit4.statements.RunAfterTestClassCallbacks.evaluate(RunAfterTestClassCallbacks.java:70)
	at org.junit.runners.ParentRunner.run(ParentRunner.java:363)
	at org.springframework.test.context.junit4.SpringJUnit4ClassRunner.run(SpringJUnit4ClassRunner.java:191)
	at org.apache.maven.surefire.junit4.JUnit4Provider.execute(JUnit4Provider.java:283)
	at org.apache.maven.surefire.junit4.JUnit4Provider.executeWithRerun(JUnit4Provider.java:173)
	at org.apache.maven.surefire.junit4.JUnit4Provider.executeTestSet(JUnit4Provider.java:153)
	at org.apache.maven.surefire.junit4.JUnit4Provider.invoke(JUnit4Provider.java:128)
	at org.apache.maven.surefire.booter.ForkedBooter.invokeProviderInSameClassLoader(ForkedBooter.java:203)
	at org.apache.maven.surefire.booter.ForkedBooter.runSuitesInProcess(ForkedBooter.java:155)
	at org.apache.maven.surefire.booter.ForkedBooter.main(ForkedBooter.java:103)
Caused by: org.springframework.context.annotation.ConflictingBeanDefinitionException: Annotation-specified bean name 'gwareServiceImpl' for bean class [online.yjyy.gware.service.impl.GwareServiceImpl] conflicts with existing, non-compatible bean definition of same name and class [com.atguigu.gware.service.impl.GwareServiceImpl]
	at org.springframework.context.annotation.ClassPathBeanDefinitionScanner.checkCandidate(ClassPathBeanDefinitionScanner.java:345)
	at org.springframework.context.annotation.ClassPathBeanDefinitionScanner.doScan(ClassPathBeanDefinitionScanner.java:283)
	at com.alibaba.dubbo.config.spring.context.annotation.DubboClassPathBeanDefinitionScanner.doScan(DubboClassPathBeanDefinitionScanner.java:60)
	at com.reger.dubbo.config.AnnotationBean.postProcessAnnotationPackageService(AnnotationBean.java:101)
	at com.reger.dubbo.config.DubboAutoConfiguration.postProcessBeanFactory(DubboAutoConfiguration.java:164)
	at org.springframework.context.support.PostProcessorRegistrationDelegate.invokeBeanFactoryPostProcessors(PostProcessorRegistrationDelegate.java:283)
	at org.springframework.context.support.PostProcessorRegistrationDelegate.invokeBeanFactoryPostProcessors(PostProcessorRegistrationDelegate.java:178)
	at org.springframework.context.support.AbstractApplicationContext.invokeBeanFactoryPostProcessors(AbstractApplicationContext.java:687)
	at org.springframework.context.support.AbstractApplicationContext.refresh(AbstractApplicationContext.java:525)
	at org.springframework.boot.SpringApplication.refresh(SpringApplication.java:693)
	at org.springframework.boot.SpringApplication.refreshContext(SpringApplication.java:360)
	at org.springframework.boot.SpringApplication.run(SpringApplication.java:303)
	at org.springframework.boot.test.context.SpringBootContextLoader.loadContext(SpringBootContextLoader.java:120)
	at org.springframework.test.context.cache.DefaultCacheAwareContextLoaderDelegate.loadContextInternal(DefaultCacheAwareContextLoaderDelegate.java:98)
	at org.springframework.test.context.cache.DefaultCacheAwareContextLoaderDelegate.loadContext(DefaultCacheAwareContextLoaderDelegate.java:116)
	at org.springframework.test.context.support.DefaultTestContext.getApplicationContext(DefaultTestContext.java:83)
	at org.springframework.test.context.web.ServletTestExecutionListener.setUpRequestContextIfNecessary(ServletTestExecutionListener.java:189)
	at org.springframework.test.context.web.ServletTestExecutionListener.prepareTestInstance(ServletTestExecutionListener.java:131)
	at org.springframework.test.context.TestContextManager.prepareTestInstance(TestContextManager.java:230)
	at org.springframework.test.context.junit4.SpringJUnit4ClassRunner.createTest(SpringJUnit4ClassRunner.java:228)
	at org.springframework.test.context.junit4.SpringJUnit4ClassRunner$1.runReflectiveCall(SpringJUnit4ClassRunner.java:287)
	at org.junit.internal.runners.model.ReflectiveCallable.run(ReflectiveCallable.java:12)
	at org.springframework.test.context.junit4.SpringJUnit4ClassRunner.methodBlock(SpringJUnit4ClassRunner.java:289)
	at org.springframework.test.context.junit4.SpringJUnit4ClassRunner.runChild(SpringJUnit4ClassRunner.java:247)
	at org.springframework.test.context.junit4.SpringJUnit4ClassRunner.runChild(SpringJUnit4ClassRunner.java:94)
	at org.junit.runners.ParentRunner$3.run(ParentRunner.java:290)
	at org.junit.runners.ParentRunner$1.schedule(ParentRunner.java:71)
	at org.junit.runners.ParentRunner.runChildren(ParentRunner.java:288)
	at org.junit.runners.ParentRunner.access$000(ParentRunner.java:58)
	at org.junit.runners.ParentRunner$2.evaluate(ParentRunner.java:268)
	at org.springframework.test.context.junit4.statements.RunBeforeTestClassCallbacks.evaluate(RunBeforeTestClassCallbacks.java:61)
	at org.springframework.test.context.junit4.statements.RunAfterTestClassCallbacks.evaluate(RunAfterTestClassCallbacks.java:70)
	at org.junit.runners.ParentRunner.run(ParentRunner.java:363)
	at org.springframework.test.context.junit4.SpringJUnit4ClassRunner.run(SpringJUnit4ClassRunner.java:191)
	at org.apache.maven.surefire.junit4.JUnit4Provider.execute(JUnit4Provider.java:283)
	at org.apache.maven.surefire.junit4.JUnit4Provider.executeWithRerun(JUnit4Provider.java:173)
	at org.apache.maven.surefire.junit4.JUnit4Provider.executeTestSet(JUnit4Provider.java:153)
	at org.apache.maven.surefire.junit4.JUnit4Provider.invoke(JUnit4Provider.java:128)
	at org.apache.maven.surefire.booter.ForkedBooter.invokeProviderInSameClassLoader(ForkedBooter.java:203)
	at org.apache.maven.surefire.booter.ForkedBooter.runSuitesInProcess(ForkedBooter.java:155)
	at org.apache.maven.surefire.booter.ForkedBooter.main(ForkedBooter.java:103)
</error>
    <system-out><![CDATA[11:06:09.091 [main] DEBUG org.springframework.test.context.junit4.SpringJUnit4ClassRunner - SpringJUnit4ClassRunner constructor called with [class com.atguigu.gware.controller.GwareManageApplicationTests]
11:06:09.111 [main] DEBUG org.springframework.test.context.BootstrapUtils - Instantiating CacheAwareContextLoaderDelegate from class [org.springframework.test.context.cache.DefaultCacheAwareContextLoaderDelegate]
11:06:09.124 [main] DEBUG org.springframework.test.context.BootstrapUtils - Instantiating BootstrapContext using constructor [public org.springframework.test.context.support.DefaultBootstrapContext(java.lang.Class,org.springframework.test.context.CacheAwareContextLoaderDelegate)]
11:06:09.149 [main] DEBUG org.springframework.test.context.BootstrapUtils - Instantiating TestContextBootstrapper for test class [com.atguigu.gware.controller.GwareManageApplicationTests] from class [org.springframework.boot.test.context.SpringBootTestContextBootstrapper]
11:06:09.173 [main] INFO org.springframework.boot.test.context.SpringBootTestContextBootstrapper - Neither @ContextConfiguration nor @ContextHierarchy found for test class [com.atguigu.gware.controller.GwareManageApplicationTests], using SpringBootContextLoader
11:06:09.181 [main] DEBUG org.springframework.test.context.support.AbstractContextLoader - Did not detect default resource location for test class [com.atguigu.gware.controller.GwareManageApplicationTests]: class path resource [com/atguigu/gware/controller/GwareManageApplicationTests-context.xml] does not exist
11:06:09.182 [main] DEBUG org.springframework.test.context.support.AbstractContextLoader - Did not detect default resource location for test class [com.atguigu.gware.controller.GwareManageApplicationTests]: class path resource [com/atguigu/gware/controller/GwareManageApplicationTestsContext.groovy] does not exist
11:06:09.182 [main] INFO org.springframework.test.context.support.AbstractContextLoader - Could not detect default resource locations for test class [com.atguigu.gware.controller.GwareManageApplicationTests]: no resource found for suffixes {-context.xml, Context.groovy}.
11:06:09.184 [main] INFO org.springframework.test.context.support.AnnotationConfigContextLoaderUtils - Could not detect default configuration classes for test class [com.atguigu.gware.controller.GwareManageApplicationTests]: GwareManageApplicationTests does not declare any static, non-private, non-final, nested classes annotated with @Configuration.
11:06:09.235 [main] DEBUG org.springframework.test.context.support.ActiveProfilesUtils - Could not find an 'annotation declaring class' for annotation type [org.springframework.test.context.ActiveProfiles] and class [com.atguigu.gware.controller.GwareManageApplicationTests]
11:06:09.249 [main] DEBUG org.springframework.core.env.StandardEnvironment - Adding PropertySource 'systemProperties' with lowest search precedence
11:06:09.249 [main] DEBUG org.springframework.core.env.StandardEnvironment - Adding PropertySource 'systemEnvironment' with lowest search precedence
11:06:09.250 [main] DEBUG org.springframework.core.env.StandardEnvironment - Initialized StandardEnvironment with PropertySources [MapPropertySource@1131316523 {name='systemProperties', properties={idea.version=2018.1.6, java.runtime.name=Java(TM) SE Runtime Environment, sun.boot.library.path=C:\Program Files\Java\jdk1.8.0_121\jre\bin, java.vm.version=25.121-b13, java.vm.vendor=Oracle Corporation, java.vendor.url=http://java.oracle.com/, path.separator=;, java.vm.name=Java HotSpot(TM) 64-Bit Server VM, file.encoding.pkg=sun.io, user.country=CN, user.script=, sun.java.launcher=SUN_STANDARD, sun.os.patch.level=, java.vm.specification.name=Java Virtual Machine Specification, user.dir=E:\gmall0508\gware-manage, java.runtime.version=1.8.0_121-b13, basedir=E:\gmall0508\gware-manage, java.awt.graphicsenv=sun.awt.Win32GraphicsEnvironment, java.endorsed.dirs=C:\Program Files\Java\jdk1.8.0_121\jre\lib\endorsed, os.arch=amd64, surefire.real.class.path=E:\gmall0508\gware-manage\target\surefire\surefirebooter458343370226113936.jar, java.io.tmpdir=C:\Users\Lenovo\AppData\Local\Temp\, line.separator=
, java.vm.specification.vendor=Oracle Corporation, user.variant=, os.name=Windows 8.1, sun.jnu.encoding=GBK, java.library.path=C:\Program Files\Java\jdk1.8.0_121\jre\bin;C:\windows\Sun\Java\bin;C:\windows\system32;C:\windows;C:\Program Files (x86)\Common Files\Oracle\Java\javapath;C:\ProgramData\Oracle\Java\javapath;C:\Program Files (x86)\Lenovo\FusionEngine;C:\Program Files (x86)\Intel\iCLS Client\;C:\Program Files\Intel\iCLS Client\;C:\windows\system32;C:\windows;C:\windows\System32\Wbem;C:\windows\System32\WindowsPowerShell\v1.0\;C:\Program Files\Intel\Intel(R) Management Engine Components\DAL;C:\Program Files (x86)\Intel\Intel(R) Management Engine Components\DAL;C:\Program Files\Intel\Intel(R) Management Engine Components\IPT;C:\Program Files (x86)\Intel\Intel(R) Management Engine Components\IPT;C:\Program Files\Intel\WiFi\bin\;C:\Program Files\Common Files\Intel\WirelessCommon\;C:\Program Files (x86)\Lenovo\Motion Control\;F:\maven-3.5\apache-maven-3.5.3\bin;C:\Program Files (x86)\Lenovo\Lenovo Home\;F:\redis\;F:\MongoDB\bin;F:\github\Git\cmd;., surefire.test.class.path=E:\gmall0508\gware-manage\target\test-classes;E:\gmall0508\gware-manage\target\classes;F:\Repositories\Maven\com\gitee\reger\spring-boot-starter-dubbo\1.0.10\spring-boot-starter-dubbo-1.0.10.jar;F:\Repositories\Maven\org\springframework\boot\spring-boot-starter\1.5.10.RELEASE\spring-boot-starter-1.5.10.RELEASE.jar;F:\Repositories\Maven\org\springframework\boot\spring-boot\1.5.10.RELEASE\spring-boot-1.5.10.RELEASE.jar;F:\Repositories\Maven\org\springframework\boot\spring-boot-autoconfigure\1.5.10.RELEASE\spring-boot-autoconfigure-1.5.10.RELEASE.jar;F:\Repositories\Maven\org\springframework\boot\spring-boot-starter-logging\1.5.10.RELEASE\spring-boot-starter-logging-1.5.10.RELEASE.jar;F:\Repositories\Maven\ch\qos\logback\logback-classic\1.1.11\logback-classic-1.1.11.jar;F:\Repositories\Maven\ch\qos\logback\logback-core\1.1.11\logback-core-1.1.11.jar;F:\Repositories\Maven\org\slf4j\jcl-over-slf4j\1.7.25\jcl-over-slf4j-1.7.25.jar;F:\Repositories\Maven\org\slf4j\jul-to-slf4j\1.7.25\jul-to-slf4j-1.7.25.jar;F:\Repositories\Maven\org\slf4j\log4j-over-slf4j\1.7.25\log4j-over-slf4j-1.7.25.jar;F:\Repositories\Maven\org\yaml\snakeyaml\1.17\snakeyaml-1.17.jar;F:\Repositories\Maven\org\springframework\boot\spring-boot-starter-validation\1.5.10.RELEASE\spring-boot-starter-validation-1.5.10.RELEASE.jar;F:\Repositories\Maven\org\apache\tomcat\embed\tomcat-embed-el\8.5.27\tomcat-embed-el-8.5.27.jar;F:\Repositories\Maven\com\101tec\zkclient\0.10\zkclient-0.10.jar;F:\Repositories\Maven\org\apache\zookeeper\zookeeper\3.4.8\zookeeper-3.4.8.jar;F:\Repositories\Maven\jline\jline\0.9.94\jline-0.9.94.jar;F:\Repositories\Maven\io\netty\netty\3.7.0.Final\netty-3.7.0.Final.jar;F:\Repositories\Maven\com\alibaba\dubbo\2.6.0\dubbo-2.6.0.jar;F:\Repositories\Maven\org\springframework\spring-context\4.3.14.RELEASE\spring-context-4.3.14.RELEASE.jar;F:\Repositories\Maven\org\springframework\spring-aop\4.3.14.RELEASE\spring-aop-4.3.14.RELEASE.jar;F:\Repositories\Maven\org\springframework\spring-expression\4.3.14.RELEASE\spring-expression-4.3.14.RELEASE.jar;F:\Repositories\Maven\org\springframework\spring-beans\4.3.14.RELEASE\spring-beans-4.3.14.RELEASE.jar;F:\Repositories\Maven\org\springframework\spring-web\4.3.14.RELEASE\spring-web-4.3.14.RELEASE.jar;F:\Repositories\Maven\org\javassist\javassist\3.21.0-GA\javassist-3.21.0-GA.jar;F:\Repositories\Maven\org\jboss\netty\netty\3.2.5.Final\netty-3.2.5.Final.jar;F:\Repositories\Maven\org\springframework\boot\spring-boot-starter-activemq\1.5.10.RELEASE\spring-boot-starter-activemq-1.5.10.RELEASE.jar;F:\Repositories\Maven\org\springframework\spring-jms\4.3.14.RELEASE\spring-jms-4.3.14.RELEASE.jar;F:\Repositories\Maven\org\springframework\spring-messaging\4.3.14.RELEASE\spring-messaging-4.3.14.RELEASE.jar;F:\Repositories\Maven\org\springframework\spring-tx\4.3.14.RELEASE\spring-tx-4.3.14.RELEASE.jar;F:\Repositories\Maven\org\apache\activemq\activemq-broker\5.14.5\activemq-broker-5.14.5.jar;F:\Repositories\Maven\org\apache\activemq\activemq-openwire-legacy\5.14.5\activemq-openwire-legacy-5.14.5.jar;F:\Repositories\Maven\org\apache\activemq\activemq-pool\5.15.2\activemq-pool-5.15.2.jar;F:\Repositories\Maven\org\slf4j\slf4j-api\1.7.25\slf4j-api-1.7.25.jar;F:\Repositories\Maven\org\apache\activemq\activemq-jms-pool\5.14.5\activemq-jms-pool-5.14.5.jar;F:\Repositories\Maven\org\apache\geronimo\specs\geronimo-jms_1.1_spec\1.1.1\geronimo-jms_1.1_spec-1.1.1.jar;F:\Repositories\Maven\org\apache\activemq\activemq-client\5.14.5\activemq-client-5.14.5.jar;F:\Repositories\Maven\org\fusesource\hawtbuf\hawtbuf\1.11\hawtbuf-1.11.jar;F:\Repositories\Maven\org\apache\geronimo\specs\geronimo-j2ee-management_1.1_spec\1.0.1\geronimo-j2ee-management_1.1_spec-1.0.1.jar;F:\Repositories\Maven\org\apache\geronimo\specs\geronimo-jta_1.0.1B_spec\1.0.1\geronimo-jta_1.0.1B_spec-1.0.1.jar;F:\Repositories\Maven\org\apache\commons\commons-pool2\2.4.3\commons-pool2-2.4.3.jar;F:\Repositories\Maven\org\springframework\boot\spring-boot-starter-jdbc\1.5.10.RELEASE\spring-boot-starter-jdbc-1.5.10.RELEASE.jar;F:\Repositories\Maven\org\apache\tomcat\tomcat-jdbc\8.5.27\tomcat-jdbc-8.5.27.jar;F:\Repositories\Maven\org\apache\tomcat\tomcat-juli\8.5.27\tomcat-juli-8.5.27.jar;F:\Repositories\Maven\org\springframework\spring-jdbc\4.3.14.RELEASE\spring-jdbc-4.3.14.RELEASE.jar;F:\Repositories\Maven\org\mybatis\spring\boot\mybatis-spring-boot-starter\1.3.1\mybatis-spring-boot-starter-1.3.1.jar;F:\Repositories\Maven\org\mybatis\spring\boot\mybatis-spring-boot-autoconfigure\1.3.1\mybatis-spring-boot-autoconfigure-1.3.1.jar;F:\Repositories\Maven\org\mybatis\mybatis\3.4.5\mybatis-3.4.5.jar;F:\Repositories\Maven\org\mybatis\mybatis-spring\1.3.1\mybatis-spring-1.3.1.jar;F:\Repositories\Maven\mysql\mysql-connector-java\5.1.45\mysql-connector-java-5.1.45.jar;F:\Repositories\Maven\redis\clients\jedis\2.9.0\jedis-2.9.0.jar;F:\Repositories\Maven\tk\mybatis\mapper-spring-boot-starter\1.2.3\mapper-spring-boot-starter-1.2.3.jar;F:\Repositories\Maven\tk\mybatis\mapper-spring-boot-autoconfigure\1.2.3\mapper-spring-boot-autoconfigure-1.2.3.jar;F:\Repositories\Maven\tk\mybatis\mapper\3.5.2\mapper-3.5.2.jar;F:\Repositories\Maven\javax\persistence\persistence-api\1.0\persistence-api-1.0.jar;F:\Repositories\Maven\org\springframework\boot\spring-boot-starter-test\1.5.10.RELEASE\spring-boot-starter-test-1.5.10.RELEASE.jar;F:\Repositories\Maven\org\springframework\boot\spring-boot-test\1.5.10.RELEASE\spring-boot-test-1.5.10.RELEASE.jar;F:\Repositories\Maven\org\springframework\boot\spring-boot-test-autoconfigure\1.5.10.RELEASE\spring-boot-test-autoconfigure-1.5.10.RELEASE.jar;F:\Repositories\Maven\com\jayway\jsonpath\json-path\2.2.0\json-path-2.2.0.jar;F:\Repositories\Maven\net\minidev\json-smart\2.2.1\json-smart-2.2.1.jar;F:\Repositories\Maven\net\minidev\accessors-smart\1.1\accessors-smart-1.1.jar;F:\Repositories\Maven\org\ow2\asm\asm\5.0.3\asm-5.0.3.jar;F:\Repositories\Maven\junit\junit\4.12\junit-4.12.jar;F:\Repositories\Maven\org\assertj\assertj-core\2.6.0\assertj-core-2.6.0.jar;F:\Repositories\Maven\org\mockito\mockito-core\1.10.19\mockito-core-1.10.19.jar;F:\Repositories\Maven\org\objenesis\objenesis\2.1\objenesis-2.1.jar;F:\Repositories\Maven\org\hamcrest\hamcrest-core\1.3\hamcrest-core-1.3.jar;F:\Repositories\Maven\org\hamcrest\hamcrest-library\1.3\hamcrest-library-1.3.jar;F:\Repositories\Maven\org\skyscreamer\jsonassert\1.4.0\jsonassert-1.4.0.jar;F:\Repositories\Maven\com\vaadin\external\google\android-json\0.0.20131108.vaadin1\android-json-0.0.20131108.vaadin1.jar;F:\Repositories\Maven\org\springframework\spring-core\4.3.14.RELEASE\spring-core-4.3.14.RELEASE.jar;F:\Repositories\Maven\org\springframework\spring-test\4.3.14.RELEASE\spring-test-4.3.14.RELEASE.jar;F:\Repositories\Maven\org\springframework\boot\spring-boot-starter-web\1.5.10.RELEASE\spring-boot-starter-web-1.5.10.RELEASE.jar;F:\Repositories\Maven\org\springframework\boot\spring-boot-starter-tomcat\1.5.10.RELEASE\spring-boot-starter-tomcat-1.5.10.RELEASE.jar;F:\Repositories\Maven\org\apache\tomcat\embed\tomcat-embed-core\8.5.27\tomcat-embed-core-8.5.27.jar;F:\Repositories\Maven\org\apache\tomcat\tomcat-annotations-api\8.5.27\tomcat-annotations-api-8.5.27.jar;F:\Repositories\Maven\org\apache\tomcat\embed\tomcat-embed-websocket\8.5.27\tomcat-embed-websocket-8.5.27.jar;F:\Repositories\Maven\org\hibernate\hibernate-validator\5.3.6.Final\hibernate-validator-5.3.6.Final.jar;F:\Repositories\Maven\javax\validation\validation-api\1.1.0.Final\validation-api-1.1.0.Final.jar;F:\Repositories\Maven\org\jboss\logging\jboss-logging\3.3.1.Final\jboss-logging-3.3.1.Final.jar;F:\Repositories\Maven\com\fasterxml\classmate\1.3.4\classmate-1.3.4.jar;F:\Repositories\Maven\com\fasterxml\jackson\core\jackson-databind\2.8.10\jackson-databind-2.8.10.jar;F:\Repositories\Maven\com\fasterxml\jackson\core\jackson-annotations\2.8.0\jackson-annotations-2.8.0.jar;F:\Repositories\Maven\com\fasterxml\jackson\core\jackson-core\2.8.10\jackson-core-2.8.10.jar;F:\Repositories\Maven\org\springframework\spring-webmvc\4.3.14.RELEASE\spring-webmvc-4.3.14.RELEASE.jar;F:\Repositories\Maven\com\alibaba\fastjson\1.2.46\fastjson-1.2.46.jar;F:\Repositories\Maven\org\springframework\boot\spring-boot-starter-thymeleaf\1.5.10.RELEASE\spring-boot-starter-thymeleaf-1.5.10.RELEASE.jar;F:\Repositories\Maven\org\thymeleaf\thymeleaf-spring4\2.1.6.RELEASE\thymeleaf-spring4-2.1.6.RELEASE.jar;F:\Repositories\Maven\org\thymeleaf\thymeleaf\2.1.6.RELEASE\thymeleaf-2.1.6.RELEASE.jar;F:\Repositories\Maven\ognl\ognl\3.0.8\ognl-3.0.8.jar;F:\Repositories\Maven\org\unbescape\unbescape\1.1.0.RELEASE\unbescape-1.1.0.RELEASE.jar;F:\Repositories\Maven\nz\net\ultraq\thymeleaf\thymeleaf-layout-dialect\1.4.0\thymeleaf-layout-dialect-1.4.0.jar;F:\Repositories\Maven\org\codehaus\groovy\groovy\2.4.13\groovy-2.4.13.jar;F:\Repositories\Maven\net\sourceforge\nekohtml\nekohtml\1.9.20\nekohtml-1.9.20.jar;F:\Repositories\Maven\xerces\xercesImpl\2.10.0\xercesImpl-2.10.0.jar;F:\Repositories\Maven\xml-apis\xml-apis\1.4.01\xml-apis-1.4.01.jar;F:\Repositories\Maven\org\apache\xmlgraphics\batik-ext\1.9.1\batik-ext-1.9.1.jar;F:\Repositories\Maven\org\apache\httpcomponents\httpclient\4.5.5\httpclient-4.5.5.jar;F:\Repositories\Maven\org\apache\httpcomponents\httpcore\4.4.9\httpcore-4.4.9.jar;F:\Repositories\Maven\commons-logging\commons-logging\1.2\commons-logging-1.2.jar;F:\Repositories\Maven\org\apache\commons\commons-lang3\3.7\commons-lang3-3.7.jar;F:\Repositories\Maven\commons-beanutils\commons-beanutils\1.9.3\commons-beanutils-1.9.3.jar;F:\Repositories\Maven\commons-collections\commons-collections\3.2.2\commons-collections-3.2.2.jar;F:\Repositories\Maven\commons-codec\commons-codec\1.11\commons-codec-1.11.jar;, java.specification.name=Java Platform API Specification, java.class.version=52.0, sun.management.compiler=HotSpot 64-Bit Tiered Compilers, os.version=6.3, user.home=C:\Users\Lenovo, user.timezone=Asia/Shanghai, java.awt.printerjob=sun.awt.windows.WPrinterJob, file.encoding=GBK, java.specification.version=1.8, java.class.path=E:\gmall0508\gware-manage\target\test-classes;E:\gmall0508\gware-manage\target\classes;F:\Repositories\Maven\com\gitee\reger\spring-boot-starter-dubbo\1.0.10\spring-boot-starter-dubbo-1.0.10.jar;F:\Repositories\Maven\org\springframework\boot\spring-boot-starter\1.5.10.RELEASE\spring-boot-starter-1.5.10.RELEASE.jar;F:\Repositories\Maven\org\springframework\boot\spring-boot\1.5.10.RELEASE\spring-boot-1.5.10.RELEASE.jar;F:\Repositories\Maven\org\springframework\boot\spring-boot-autoconfigure\1.5.10.RELEASE\spring-boot-autoconfigure-1.5.10.RELEASE.jar;F:\Repositories\Maven\org\springframework\boot\spring-boot-starter-logging\1.5.10.RELEASE\spring-boot-starter-logging-1.5.10.RELEASE.jar;F:\Repositories\Maven\ch\qos\logback\logback-classic\1.1.11\logback-classic-1.1.11.jar;F:\Repositories\Maven\ch\qos\logback\logback-core\1.1.11\logback-core-1.1.11.jar;F:\Repositories\Maven\org\slf4j\jcl-over-slf4j\1.7.25\jcl-over-slf4j-1.7.25.jar;F:\Repositories\Maven\org\slf4j\jul-to-slf4j\1.7.25\jul-to-slf4j-1.7.25.jar;F:\Repositories\Maven\org\slf4j\log4j-over-slf4j\1.7.25\log4j-over-slf4j-1.7.25.jar;F:\Repositories\Maven\org\yaml\snakeyaml\1.17\snakeyaml-1.17.jar;F:\Repositories\Maven\org\springframework\boot\spring-boot-starter-validation\1.5.10.RELEASE\spring-boot-starter-validation-1.5.10.RELEASE.jar;F:\Repositories\Maven\org\apache\tomcat\embed\tomcat-embed-el\8.5.27\tomcat-embed-el-8.5.27.jar;F:\Repositories\Maven\com\101tec\zkclient\0.10\zkclient-0.10.jar;F:\Repositories\Maven\org\apache\zookeeper\zookeeper\3.4.8\zookeeper-3.4.8.jar;F:\Repositories\Maven\jline\jline\0.9.94\jline-0.9.94.jar;F:\Repositories\Maven\io\netty\netty\3.7.0.Final\netty-3.7.0.Final.jar;F:\Repositories\Maven\com\alibaba\dubbo\2.6.0\dubbo-2.6.0.jar;F:\Repositories\Maven\org\springframework\spring-context\4.3.14.RELEASE\spring-context-4.3.14.RELEASE.jar;F:\Repositories\Maven\org\springframework\spring-aop\4.3.14.RELEASE\spring-aop-4.3.14.RELEASE.jar;F:\Repositories\Maven\org\springframework\spring-expression\4.3.14.RELEASE\spring-expression-4.3.14.RELEASE.jar;F:\Repositories\Maven\org\springframework\spring-beans\4.3.14.RELEASE\spring-beans-4.3.14.RELEASE.jar;F:\Repositories\Maven\org\springframework\spring-web\4.3.14.RELEASE\spring-web-4.3.14.RELEASE.jar;F:\Repositories\Maven\org\javassist\javassist\3.21.0-GA\javassist-3.21.0-GA.jar;F:\Repositories\Maven\org\jboss\netty\netty\3.2.5.Final\netty-3.2.5.Final.jar;F:\Repositories\Maven\org\springframework\boot\spring-boot-starter-activemq\1.5.10.RELEASE\spring-boot-starter-activemq-1.5.10.RELEASE.jar;F:\Repositories\Maven\org\springframework\spring-jms\4.3.14.RELEASE\spring-jms-4.3.14.RELEASE.jar;F:\Repositories\Maven\org\springframework\spring-messaging\4.3.14.RELEASE\spring-messaging-4.3.14.RELEASE.jar;F:\Repositories\Maven\org\springframework\spring-tx\4.3.14.RELEASE\spring-tx-4.3.14.RELEASE.jar;F:\Repositories\Maven\org\apache\activemq\activemq-broker\5.14.5\activemq-broker-5.14.5.jar;F:\Repositories\Maven\org\apache\activemq\activemq-openwire-legacy\5.14.5\activemq-openwire-legacy-5.14.5.jar;F:\Repositories\Maven\org\apache\activemq\activemq-pool\5.15.2\activemq-pool-5.15.2.jar;F:\Repositories\Maven\org\slf4j\slf4j-api\1.7.25\slf4j-api-1.7.25.jar;F:\Repositories\Maven\org\apache\activemq\activemq-jms-pool\5.14.5\activemq-jms-pool-5.14.5.jar;F:\Repositories\Maven\org\apache\geronimo\specs\geronimo-jms_1.1_spec\1.1.1\geronimo-jms_1.1_spec-1.1.1.jar;F:\Repositories\Maven\org\apache\activemq\activemq-client\5.14.5\activemq-client-5.14.5.jar;F:\Repositories\Maven\org\fusesource\hawtbuf\hawtbuf\1.11\hawtbuf-1.11.jar;F:\Repositories\Maven\org\apache\geronimo\specs\geronimo-j2ee-management_1.1_spec\1.0.1\geronimo-j2ee-management_1.1_spec-1.0.1.jar;F:\Repositories\Maven\org\apache\geronimo\specs\geronimo-jta_1.0.1B_spec\1.0.1\geronimo-jta_1.0.1B_spec-1.0.1.jar;F:\Repositories\Maven\org\apache\commons\commons-pool2\2.4.3\commons-pool2-2.4.3.jar;F:\Repositories\Maven\org\springframework\boot\spring-boot-starter-jdbc\1.5.10.RELEASE\spring-boot-starter-jdbc-1.5.10.RELEASE.jar;F:\Repositories\Maven\org\apache\tomcat\tomcat-jdbc\8.5.27\tomcat-jdbc-8.5.27.jar;F:\Repositories\Maven\org\apache\tomcat\tomcat-juli\8.5.27\tomcat-juli-8.5.27.jar;F:\Repositories\Maven\org\springframework\spring-jdbc\4.3.14.RELEASE\spring-jdbc-4.3.14.RELEASE.jar;F:\Repositories\Maven\org\mybatis\spring\boot\mybatis-spring-boot-starter\1.3.1\mybatis-spring-boot-starter-1.3.1.jar;F:\Repositories\Maven\org\mybatis\spring\boot\mybatis-spring-boot-autoconfigure\1.3.1\mybatis-spring-boot-autoconfigure-1.3.1.jar;F:\Repositories\Maven\org\mybatis\mybatis\3.4.5\mybatis-3.4.5.jar;F:\Repositories\Maven\org\mybatis\mybatis-spring\1.3.1\mybatis-spring-1.3.1.jar;F:\Repositories\Maven\mysql\mysql-connector-java\5.1.45\mysql-connector-java-5.1.45.jar;F:\Repositories\Maven\redis\clients\jedis\2.9.0\jedis-2.9.0.jar;F:\Repositories\Maven\tk\mybatis\mapper-spring-boot-starter\1.2.3\mapper-spring-boot-starter-1.2.3.jar;F:\Repositories\Maven\tk\mybatis\mapper-spring-boot-autoconfigure\1.2.3\mapper-spring-boot-autoconfigure-1.2.3.jar;F:\Repositories\Maven\tk\mybatis\mapper\3.5.2\mapper-3.5.2.jar;F:\Repositories\Maven\javax\persistence\persistence-api\1.0\persistence-api-1.0.jar;F:\Repositories\Maven\org\springframework\boot\spring-boot-starter-test\1.5.10.RELEASE\spring-boot-starter-test-1.5.10.RELEASE.jar;F:\Repositories\Maven\org\springframework\boot\spring-boot-test\1.5.10.RELEASE\spring-boot-test-1.5.10.RELEASE.jar;F:\Repositories\Maven\org\springframework\boot\spring-boot-test-autoconfigure\1.5.10.RELEASE\spring-boot-test-autoconfigure-1.5.10.RELEASE.jar;F:\Repositories\Maven\com\jayway\jsonpath\json-path\2.2.0\json-path-2.2.0.jar;F:\Repositories\Maven\net\minidev\json-smart\2.2.1\json-smart-2.2.1.jar;F:\Repositories\Maven\net\minidev\accessors-smart\1.1\accessors-smart-1.1.jar;F:\Repositories\Maven\org\ow2\asm\asm\5.0.3\asm-5.0.3.jar;F:\Repositories\Maven\junit\junit\4.12\junit-4.12.jar;F:\Repositories\Maven\org\assertj\assertj-core\2.6.0\assertj-core-2.6.0.jar;F:\Repositories\Maven\org\mockito\mockito-core\1.10.19\mockito-core-1.10.19.jar;F:\Repositories\Maven\org\objenesis\objenesis\2.1\objenesis-2.1.jar;F:\Repositories\Maven\org\hamcrest\hamcrest-core\1.3\hamcrest-core-1.3.jar;F:\Repositories\Maven\org\hamcrest\hamcrest-library\1.3\hamcrest-library-1.3.jar;F:\Repositories\Maven\org\skyscreamer\jsonassert\1.4.0\jsonassert-1.4.0.jar;F:\Repositories\Maven\com\vaadin\external\google\android-json\0.0.20131108.vaadin1\android-json-0.0.20131108.vaadin1.jar;F:\Repositories\Maven\org\springframework\spring-core\4.3.14.RELEASE\spring-core-4.3.14.RELEASE.jar;F:\Repositories\Maven\org\springframework\spring-test\4.3.14.RELEASE\spring-test-4.3.14.RELEASE.jar;F:\Repositories\Maven\org\springframework\boot\spring-boot-starter-web\1.5.10.RELEASE\spring-boot-starter-web-1.5.10.RELEASE.jar;F:\Repositories\Maven\org\springframework\boot\spring-boot-starter-tomcat\1.5.10.RELEASE\spring-boot-starter-tomcat-1.5.10.RELEASE.jar;F:\Repositories\Maven\org\apache\tomcat\embed\tomcat-embed-core\8.5.27\tomcat-embed-core-8.5.27.jar;F:\Repositories\Maven\org\apache\tomcat\tomcat-annotations-api\8.5.27\tomcat-annotations-api-8.5.27.jar;F:\Repositories\Maven\org\apache\tomcat\embed\tomcat-embed-websocket\8.5.27\tomcat-embed-websocket-8.5.27.jar;F:\Repositories\Maven\org\hibernate\hibernate-validator\5.3.6.Final\hibernate-validator-5.3.6.Final.jar;F:\Repositories\Maven\javax\validation\validation-api\1.1.0.Final\validation-api-1.1.0.Final.jar;F:\Repositories\Maven\org\jboss\logging\jboss-logging\3.3.1.Final\jboss-logging-3.3.1.Final.jar;F:\Repositories\Maven\com\fasterxml\classmate\1.3.4\classmate-1.3.4.jar;F:\Repositories\Maven\com\fasterxml\jackson\core\jackson-databind\2.8.10\jackson-databind-2.8.10.jar;F:\Repositories\Maven\com\fasterxml\jackson\core\jackson-annotations\2.8.0\jackson-annotations-2.8.0.jar;F:\Repositories\Maven\com\fasterxml\jackson\core\jackson-core\2.8.10\jackson-core-2.8.10.jar;F:\Repositories\Maven\org\springframework\spring-webmvc\4.3.14.RELEASE\spring-webmvc-4.3.14.RELEASE.jar;F:\Repositories\Maven\com\alibaba\fastjson\1.2.46\fastjson-1.2.46.jar;F:\Repositories\Maven\org\springframework\boot\spring-boot-starter-thymeleaf\1.5.10.RELEASE\spring-boot-starter-thymeleaf-1.5.10.RELEASE.jar;F:\Repositories\Maven\org\thymeleaf\thymeleaf-spring4\2.1.6.RELEASE\thymeleaf-spring4-2.1.6.RELEASE.jar;F:\Repositories\Maven\org\thymeleaf\thymeleaf\2.1.6.RELEASE\thymeleaf-2.1.6.RELEASE.jar;F:\Repositories\Maven\ognl\ognl\3.0.8\ognl-3.0.8.jar;F:\Repositories\Maven\org\unbescape\unbescape\1.1.0.RELEASE\unbescape-1.1.0.RELEASE.jar;F:\Repositories\Maven\nz\net\ultraq\thymeleaf\thymeleaf-layout-dialect\1.4.0\thymeleaf-layout-dialect-1.4.0.jar;F:\Repositories\Maven\org\codehaus\groovy\groovy\2.4.13\groovy-2.4.13.jar;F:\Repositories\Maven\net\sourceforge\nekohtml\nekohtml\1.9.20\nekohtml-1.9.20.jar;F:\Repositories\Maven\xerces\xercesImpl\2.10.0\xercesImpl-2.10.0.jar;F:\Repositories\Maven\xml-apis\xml-apis\1.4.01\xml-apis-1.4.01.jar;F:\Repositories\Maven\org\apache\xmlgraphics\batik-ext\1.9.1\batik-ext-1.9.1.jar;F:\Repositories\Maven\org\apache\httpcomponents\httpclient\4.5.5\httpclient-4.5.5.jar;F:\Repositories\Maven\org\apache\httpcomponents\httpcore\4.4.9\httpcore-4.4.9.jar;F:\Repositories\Maven\commons-logging\commons-logging\1.2\commons-logging-1.2.jar;F:\Repositories\Maven\org\apache\commons\commons-lang3\3.7\commons-lang3-3.7.jar;F:\Repositories\Maven\commons-beanutils\commons-beanutils\1.9.3\commons-beanutils-1.9.3.jar;F:\Repositories\Maven\commons-collections\commons-collections\3.2.2\commons-collections-3.2.2.jar;F:\Repositories\Maven\commons-codec\commons-codec\1.11\commons-codec-1.11.jar;, user.name=Lenovo, java.vm.specification.version=1.8, sun.java.command=E:\gmall0508\gware-manage\target\surefire\surefirebooter458343370226113936.jar E:\gmall0508\gware-manage\target\surefire\surefire3161109468515084790tmp E:\gmall0508\gware-manage\target\surefire\surefire_03524719950964905350tmp, java.home=C:\Program Files\Java\jdk1.8.0_121\jre, sun.arch.data.model=64, user.language=zh, java.specification.vendor=Oracle Corporation, awt.toolkit=sun.awt.windows.WToolkit, java.vm.info=mixed mode, java.version=1.8.0_121, java.ext.dirs=C:\Program Files\Java\jdk1.8.0_121\jre\lib\ext;C:\windows\Sun\Java\lib\ext, sun.boot.class.path=C:\Program Files\Java\jdk1.8.0_121\jre\lib\resources.jar;C:\Program Files\Java\jdk1.8.0_121\jre\lib\rt.jar;C:\Program Files\Java\jdk1.8.0_121\jre\lib\sunrsasign.jar;C:\Program Files\Java\jdk1.8.0_121\jre\lib\jsse.jar;C:\Program Files\Java\jdk1.8.0_121\jre\lib\jce.jar;C:\Program Files\Java\jdk1.8.0_121\jre\lib\charsets.jar;C:\Program Files\Java\jdk1.8.0_121\jre\lib\jfr.jar;C:\Program Files\Java\jdk1.8.0_121\jre\classes, java.vendor=Oracle Corporation, localRepository=F:\Repositories\Maven, file.separator=\, java.vendor.url.bug=http://bugreport.sun.com/bugreport/, sun.io.unicode.encoding=UnicodeLittle, sun.cpu.endian=little, sun.desktop=windows, sun.cpu.isalist=amd64}}, SystemEnvironmentPropertySource@852687460 {name='systemEnvironment', properties={PATH=C:\Program Files (x86)\Common Files\Oracle\Java\javapath;C:\ProgramData\Oracle\Java\javapath;C:\Program Files (x86)\Lenovo\FusionEngine;C:\Program Files (x86)\Intel\iCLS Client\;C:\Program Files\Intel\iCLS Client\;C:\windows\system32;C:\windows;C:\windows\System32\Wbem;C:\windows\System32\WindowsPowerShell\v1.0\;C:\Program Files\Intel\Intel(R) Management Engine Components\DAL;C:\Program Files (x86)\Intel\Intel(R) Management Engine Components\DAL;C:\Program Files\Intel\Intel(R) Management Engine Components\IPT;C:\Program Files (x86)\Intel\Intel(R) Management Engine Components\IPT;C:\Program Files\Intel\WiFi\bin\;C:\Program Files\Common Files\Intel\WirelessCommon\;C:\Program Files (x86)\Lenovo\Motion Control\;F:\maven-3.5\apache-maven-3.5.3\bin;C:\Program Files (x86)\Lenovo\Lenovo Home\;F:\redis\;F:\MongoDB\bin;F:\github\Git\cmd, USERDOMAIN_ROAMINGPROFILE=Lenovo-PC, LOCALAPPDATA=C:\Users\Lenovo\AppData\Local, PROCESSOR_LEVEL=6, SYSTEMDRIVE=C:, COMMONPROGRAMFILES(X86)=C:\Program Files (x86)\Common Files, FP_NO_HOST_CHECK=NO, USERDOMAIN=Lenovo-PC, LOGONSERVER=\\LENOVO-PC, PROMPT=$P$G, SESSIONNAME=Console, ALLUSERSPROFILE=C:\ProgramData, PROGRAMFILES(X86)=C:\Program Files (x86), PROCESSOR_ARCHITECTURE=AMD64, =E:=E:\gmall0508\gware-manage, MAVEN_HOME=F:\maven-3.5\apache-maven-3.5.3, PROGRAMFILES=C:\Program Files, APPDATA=C:\Users\Lenovo\AppData\Roaming, PSMODULEPATH=C:\windows\system32\WindowsPowerShell\v1.0\Modules\, PROGRAMW6432=C:\Program Files, PROGRAMDATA=C:\ProgramData, SYSTEMROOT=C:\windows, USERNAME=Lenovo, VBOX_MSI_INSTALL_PATH=F:\VirtualBox-5.1.26\, CONFIGSETROOT=C:\windows\ConfigSetRoot, PATHEXT=.COM;.EXE;.BAT;.CMD;.VBS;.VBE;.JS;.JSE;.WSF;.WSH;.MSC, OS=Windows_NT, COMMONPROGRAMW6432=C:\Program Files\Common Files, COMPUTERNAME=LENOVO-PC, COMMONPROGRAMFILES=C:\Program Files\Common Files, COMSPEC=C:\windows\system32\cmd.exe, PROCESSOR_REVISION=3d04, WINDIR=C:\windows, HOMEPATH=\Users\Lenovo, TEMP=C:\Users\Lenovo\AppData\Local\Temp, HOMEDRIVE=C:, PROCESSOR_IDENTIFIER=Intel64 Family 6 Model 61 Stepping 4, GenuineIntel, USERPROFILE=C:\Users\Lenovo, TMP=C:\Users\Lenovo\AppData\Local\Temp, PUBLIC=C:\Users\Public, NUMBER_OF_PROCESSORS=4, =::=::\}}]
11:06:09.278 [main] DEBUG org.springframework.core.io.support.PathMatchingResourcePatternResolver - Resolved classpath location [com/atguigu/gware/controller/] to resources [URL [file:/E:/gmall0508/gware-manage/target/test-classes/com/atguigu/gware/controller/], URL [file:/E:/gmall0508/gware-manage/target/classes/com/atguigu/gware/controller/]]
11:06:09.279 [main] DEBUG org.springframework.core.io.support.PathMatchingResourcePatternResolver - Looking for matching resources in directory tree [E:\gmall0508\gware-manage\target\test-classes\com\atguigu\gware\controller]
11:06:09.280 [main] DEBUG org.springframework.core.io.support.PathMatchingResourcePatternResolver - Searching directory [E:\gmall0508\gware-manage\target\test-classes\com\atguigu\gware\controller] for files matching pattern [E:/gmall0508/gware-manage/target/test-classes/com/atguigu/gware/controller/*.class]
11:06:09.288 [main] DEBUG org.springframework.core.io.support.PathMatchingResourcePatternResolver - Looking for matching resources in directory tree [E:\gmall0508\gware-manage\target\classes\com\atguigu\gware\controller]
11:06:09.289 [main] DEBUG org.springframework.core.io.support.PathMatchingResourcePatternResolver - Searching directory [E:\gmall0508\gware-manage\target\classes\com\atguigu\gware\controller] for files matching pattern [E:/gmall0508/gware-manage/target/classes/com/atguigu/gware/controller/*.class]
11:06:09.290 [main] DEBUG org.springframework.core.io.support.PathMatchingResourcePatternResolver - Resolved location pattern [classpath*:com/atguigu/gware/controller/*.class] to resources [file [E:\gmall0508\gware-manage\target\test-classes\com\atguigu\gware\controller\GwareManageApplicationTests.class], file [E:\gmall0508\gware-manage\target\classes\com\atguigu\gware\controller\GwareController.class]]
11:06:09.349 [main] DEBUG org.springframework.core.io.support.PathMatchingResourcePatternResolver - Resolved classpath location [com/atguigu/gware/] to resources [URL [file:/E:/gmall0508/gware-manage/target/test-classes/com/atguigu/gware/], URL [file:/E:/gmall0508/gware-manage/target/classes/com/atguigu/gware/]]
11:06:09.349 [main] DEBUG org.springframework.core.io.support.PathMatchingResourcePatternResolver - Looking for matching resources in directory tree [E:\gmall0508\gware-manage\target\test-classes\com\atguigu\gware]
11:06:09.349 [main] DEBUG org.springframework.core.io.support.PathMatchingResourcePatternResolver - Searching directory [E:\gmall0508\gware-manage\target\test-classes\com\atguigu\gware] for files matching pattern [E:/gmall0508/gware-manage/target/test-classes/com/atguigu/gware/*.class]
11:06:09.350 [main] DEBUG org.springframework.core.io.support.PathMatchingResourcePatternResolver - Looking for matching resources in directory tree [E:\gmall0508\gware-manage\target\classes\com\atguigu\gware]
11:06:09.350 [main] DEBUG org.springframework.core.io.support.PathMatchingResourcePatternResolver - Searching directory [E:\gmall0508\gware-manage\target\classes\com\atguigu\gware] for files matching pattern [E:/gmall0508/gware-manage/target/classes/com/atguigu/gware/*.class]
11:06:09.353 [main] DEBUG org.springframework.core.io.support.PathMatchingResourcePatternResolver - Resolved location pattern [classpath*:com/atguigu/gware/*.class] to resources []
11:06:09.354 [main] DEBUG org.springframework.core.io.support.PathMatchingResourcePatternResolver - Resolved classpath location [com/atguigu/] to resources [URL [file:/E:/gmall0508/gware-manage/target/test-classes/com/atguigu/], URL [file:/E:/gmall0508/gware-manage/target/classes/com/atguigu/]]
11:06:09.354 [main] DEBUG org.springframework.core.io.support.PathMatchingResourcePatternResolver - Looking for matching resources in directory tree [E:\gmall0508\gware-manage\target\test-classes\com\atguigu]
11:06:09.354 [main] DEBUG org.springframework.core.io.support.PathMatchingResourcePatternResolver - Searching directory [E:\gmall0508\gware-manage\target\test-classes\com\atguigu] for files matching pattern [E:/gmall0508/gware-manage/target/test-classes/com/atguigu/*.class]
11:06:09.355 [main] DEBUG org.springframework.core.io.support.PathMatchingResourcePatternResolver - Looking for matching resources in directory tree [E:\gmall0508\gware-manage\target\classes\com\atguigu]
11:06:09.355 [main] DEBUG org.springframework.core.io.support.PathMatchingResourcePatternResolver - Searching directory [E:\gmall0508\gware-manage\target\classes\com\atguigu] for files matching pattern [E:/gmall0508/gware-manage/target/classes/com/atguigu/*.class]
11:06:09.356 [main] DEBUG org.springframework.core.io.support.PathMatchingResourcePatternResolver - Resolved location pattern [classpath*:com/atguigu/*.class] to resources [file [E:\gmall0508\gware-manage\target\classes\com\atguigu\GwareManageApplication.class]]
11:06:09.445 [main] DEBUG org.springframework.context.annotation.ClassPathScanningCandidateComponentProvider - Identified candidate component class: file [E:\gmall0508\gware-manage\target\classes\com\atguigu\GwareManageApplication.class]
11:06:09.446 [main] INFO org.springframework.boot.test.context.SpringBootTestContextBootstrapper - Found @SpringBootConfiguration com.atguigu.GwareManageApplication for test class com.atguigu.gware.controller.GwareManageApplicationTests
11:06:09.452 [main] DEBUG org.springframework.boot.test.context.SpringBootTestContextBootstrapper - @TestExecutionListeners is not present for class [com.atguigu.gware.controller.GwareManageApplicationTests]: using defaults.
11:06:09.460 [main] INFO org.springframework.boot.test.context.SpringBootTestContextBootstrapper - Loaded default TestExecutionListener class names from location [META-INF/spring.factories]: [org.springframework.boot.test.mock.mockito.MockitoTestExecutionListener, org.springframework.boot.test.mock.mockito.ResetMocksTestExecutionListener, org.springframework.boot.test.autoconfigure.restdocs.RestDocsTestExecutionListener, org.springframework.boot.test.autoconfigure.web.client.MockRestServiceServerResetTestExecutionListener, org.springframework.boot.test.autoconfigure.web.servlet.MockMvcPrintOnlyOnFailureTestExecutionListener, org.springframework.boot.test.autoconfigure.web.servlet.WebDriverTestExecutionListener, org.springframework.test.context.web.ServletTestExecutionListener, org.springframework.test.context.support.DirtiesContextBeforeModesTestExecutionListener, org.springframework.test.context.support.DependencyInjectionTestExecutionListener, org.springframework.test.context.support.DirtiesContextTestExecutionListener, org.springframework.test.context.transaction.TransactionalTestExecutionListener, org.springframework.test.context.jdbc.SqlScriptsTestExecutionListener]
11:06:09.489 [main] INFO org.springframework.boot.test.context.SpringBootTestContextBootstrapper - Using TestExecutionListeners: [org.springframework.test.context.web.ServletTestExecutionListener@57d5872c, org.springframework.test.context.support.DirtiesContextBeforeModesTestExecutionListener@667a738, org.springframework.boot.test.autoconfigure.SpringBootDependencyInjectionTestExecutionListener@36f0f1be, org.springframework.test.context.support.DirtiesContextTestExecutionListener@157632c9, org.springframework.test.context.transaction.TransactionalTestExecutionListener@6ee12bac, org.springframework.test.context.jdbc.SqlScriptsTestExecutionListener@55040f2f, org.springframework.boot.test.mock.mockito.MockitoTestExecutionListener@64c87930, org.springframework.boot.test.mock.mockito.ResetMocksTestExecutionListener@400cff1a, org.springframework.boot.test.autoconfigure.restdocs.RestDocsTestExecutionListener@275710fc, org.springframework.boot.test.autoconfigure.web.client.MockRestServiceServerResetTestExecutionListener@525f1e4e, org.springframework.boot.test.autoconfigure.web.servlet.MockMvcPrintOnlyOnFailureTestExecutionListener@75f9eccc, org.springframework.boot.test.autoconfigure.web.servlet.WebDriverTestExecutionListener@52aa2946]
11:06:09.489 [main] DEBUG org.springframework.test.context.junit4.SpringJUnit4ClassRunner - SpringJUnit4ClassRunner constructor called with [class online.yjyy.gware.controller.GwareManageApplicationTests]
11:06:09.489 [main] DEBUG org.springframework.test.context.BootstrapUtils - Instantiating CacheAwareContextLoaderDelegate from class [org.springframework.test.context.cache.DefaultCacheAwareContextLoaderDelegate]
11:06:09.490 [main] DEBUG org.springframework.test.context.BootstrapUtils - Instantiating BootstrapContext using constructor [public org.springframework.test.context.support.DefaultBootstrapContext(java.lang.Class,org.springframework.test.context.CacheAwareContextLoaderDelegate)]
11:06:09.490 [main] DEBUG org.springframework.test.context.BootstrapUtils - Instantiating TestContextBootstrapper for test class [online.yjyy.gware.controller.GwareManageApplicationTests] from class [org.springframework.boot.test.context.SpringBootTestContextBootstrapper]
11:06:09.491 [main] INFO org.springframework.boot.test.context.SpringBootTestContextBootstrapper - Neither @ContextConfiguration nor @ContextHierarchy found for test class [online.yjyy.gware.controller.GwareManageApplicationTests], using SpringBootContextLoader
11:06:09.492 [main] DEBUG org.springframework.test.context.support.AbstractContextLoader - Did not detect default resource location for test class [online.yjyy.gware.controller.GwareManageApplicationTests]: class path resource [online/yjyy/gware/controller/GwareManageApplicationTests-context.xml] does not exist
11:06:09.493 [main] DEBUG org.springframework.test.context.support.AbstractContextLoader - Did not detect default resource location for test class [online.yjyy.gware.controller.GwareManageApplicationTests]: class path resource [online/yjyy/gware/controller/GwareManageApplicationTestsContext.groovy] does not exist
11:06:09.493 [main] INFO org.springframework.test.context.support.AbstractContextLoader - Could not detect default resource locations for test class [online.yjyy.gware.controller.GwareManageApplicationTests]: no resource found for suffixes {-context.xml, Context.groovy}.
11:06:09.493 [main] INFO org.springframework.test.context.support.AnnotationConfigContextLoaderUtils - Could not detect default configuration classes for test class [online.yjyy.gware.controller.GwareManageApplicationTests]: GwareManageApplicationTests does not declare any static, non-private, non-final, nested classes annotated with @Configuration.
11:06:09.505 [main] DEBUG org.springframework.test.context.support.ActiveProfilesUtils - Could not find an 'annotation declaring class' for annotation type [org.springframework.test.context.ActiveProfiles] and class [online.yjyy.gware.controller.GwareManageApplicationTests]
11:06:09.505 [main] DEBUG org.springframework.core.env.StandardEnvironment - Adding PropertySource 'systemProperties' with lowest search precedence
11:06:09.505 [main] DEBUG org.springframework.core.env.StandardEnvironment - Adding PropertySource 'systemEnvironment' with lowest search precedence
11:06:09.505 [main] DEBUG org.springframework.core.env.StandardEnvironment - Initialized StandardEnvironment with PropertySources [MapPropertySource@1975546571 {name='systemProperties', properties={idea.version=2018.1.6, java.runtime.name=Java(TM) SE Runtime Environment, sun.boot.library.path=C:\Program Files\Java\jdk1.8.0_121\jre\bin, java.vm.version=25.121-b13, java.vm.vendor=Oracle Corporation, java.vendor.url=http://java.oracle.com/, path.separator=;, java.vm.name=Java HotSpot(TM) 64-Bit Server VM, file.encoding.pkg=sun.io, user.country=CN, user.script=, sun.java.launcher=SUN_STANDARD, sun.os.patch.level=, java.vm.specification.name=Java Virtual Machine Specification, user.dir=E:\gmall0508\gware-manage, java.runtime.version=1.8.0_121-b13, basedir=E:\gmall0508\gware-manage, java.awt.graphicsenv=sun.awt.Win32GraphicsEnvironment, java.endorsed.dirs=C:\Program Files\Java\jdk1.8.0_121\jre\lib\endorsed, os.arch=amd64, surefire.real.class.path=E:\gmall0508\gware-manage\target\surefire\surefirebooter458343370226113936.jar, java.io.tmpdir=C:\Users\Lenovo\AppData\Local\Temp\, line.separator=
, java.vm.specification.vendor=Oracle Corporation, user.variant=, os.name=Windows 8.1, sun.jnu.encoding=GBK, java.library.path=C:\Program Files\Java\jdk1.8.0_121\jre\bin;C:\windows\Sun\Java\bin;C:\windows\system32;C:\windows;C:\Program Files (x86)\Common Files\Oracle\Java\javapath;C:\ProgramData\Oracle\Java\javapath;C:\Program Files (x86)\Lenovo\FusionEngine;C:\Program Files (x86)\Intel\iCLS Client\;C:\Program Files\Intel\iCLS Client\;C:\windows\system32;C:\windows;C:\windows\System32\Wbem;C:\windows\System32\WindowsPowerShell\v1.0\;C:\Program Files\Intel\Intel(R) Management Engine Components\DAL;C:\Program Files (x86)\Intel\Intel(R) Management Engine Components\DAL;C:\Program Files\Intel\Intel(R) Management Engine Components\IPT;C:\Program Files (x86)\Intel\Intel(R) Management Engine Components\IPT;C:\Program Files\Intel\WiFi\bin\;C:\Program Files\Common Files\Intel\WirelessCommon\;C:\Program Files (x86)\Lenovo\Motion Control\;F:\maven-3.5\apache-maven-3.5.3\bin;C:\Program Files (x86)\Lenovo\Lenovo Home\;F:\redis\;F:\MongoDB\bin;F:\github\Git\cmd;., surefire.test.class.path=E:\gmall0508\gware-manage\target\test-classes;E:\gmall0508\gware-manage\target\classes;F:\Repositories\Maven\com\gitee\reger\spring-boot-starter-dubbo\1.0.10\spring-boot-starter-dubbo-1.0.10.jar;F:\Repositories\Maven\org\springframework\boot\spring-boot-starter\1.5.10.RELEASE\spring-boot-starter-1.5.10.RELEASE.jar;F:\Repositories\Maven\org\springframework\boot\spring-boot\1.5.10.RELEASE\spring-boot-1.5.10.RELEASE.jar;F:\Repositories\Maven\org\springframework\boot\spring-boot-autoconfigure\1.5.10.RELEASE\spring-boot-autoconfigure-1.5.10.RELEASE.jar;F:\Repositories\Maven\org\springframework\boot\spring-boot-starter-logging\1.5.10.RELEASE\spring-boot-starter-logging-1.5.10.RELEASE.jar;F:\Repositories\Maven\ch\qos\logback\logback-classic\1.1.11\logback-classic-1.1.11.jar;F:\Repositories\Maven\ch\qos\logback\logback-core\1.1.11\logback-core-1.1.11.jar;F:\Repositories\Maven\org\slf4j\jcl-over-slf4j\1.7.25\jcl-over-slf4j-1.7.25.jar;F:\Repositories\Maven\org\slf4j\jul-to-slf4j\1.7.25\jul-to-slf4j-1.7.25.jar;F:\Repositories\Maven\org\slf4j\log4j-over-slf4j\1.7.25\log4j-over-slf4j-1.7.25.jar;F:\Repositories\Maven\org\yaml\snakeyaml\1.17\snakeyaml-1.17.jar;F:\Repositories\Maven\org\springframework\boot\spring-boot-starter-validation\1.5.10.RELEASE\spring-boot-starter-validation-1.5.10.RELEASE.jar;F:\Repositories\Maven\org\apache\tomcat\embed\tomcat-embed-el\8.5.27\tomcat-embed-el-8.5.27.jar;F:\Repositories\Maven\com\101tec\zkclient\0.10\zkclient-0.10.jar;F:\Repositories\Maven\org\apache\zookeeper\zookeeper\3.4.8\zookeeper-3.4.8.jar;F:\Repositories\Maven\jline\jline\0.9.94\jline-0.9.94.jar;F:\Repositories\Maven\io\netty\netty\3.7.0.Final\netty-3.7.0.Final.jar;F:\Repositories\Maven\com\alibaba\dubbo\2.6.0\dubbo-2.6.0.jar;F:\Repositories\Maven\org\springframework\spring-context\4.3.14.RELEASE\spring-context-4.3.14.RELEASE.jar;F:\Repositories\Maven\org\springframework\spring-aop\4.3.14.RELEASE\spring-aop-4.3.14.RELEASE.jar;F:\Repositories\Maven\org\springframework\spring-expression\4.3.14.RELEASE\spring-expression-4.3.14.RELEASE.jar;F:\Repositories\Maven\org\springframework\spring-beans\4.3.14.RELEASE\spring-beans-4.3.14.RELEASE.jar;F:\Repositories\Maven\org\springframework\spring-web\4.3.14.RELEASE\spring-web-4.3.14.RELEASE.jar;F:\Repositories\Maven\org\javassist\javassist\3.21.0-GA\javassist-3.21.0-GA.jar;F:\Repositories\Maven\org\jboss\netty\netty\3.2.5.Final\netty-3.2.5.Final.jar;F:\Repositories\Maven\org\springframework\boot\spring-boot-starter-activemq\1.5.10.RELEASE\spring-boot-starter-activemq-1.5.10.RELEASE.jar;F:\Repositories\Maven\org\springframework\spring-jms\4.3.14.RELEASE\spring-jms-4.3.14.RELEASE.jar;F:\Repositories\Maven\org\springframework\spring-messaging\4.3.14.RELEASE\spring-messaging-4.3.14.RELEASE.jar;F:\Repositories\Maven\org\springframework\spring-tx\4.3.14.RELEASE\spring-tx-4.3.14.RELEASE.jar;F:\Repositories\Maven\org\apache\activemq\activemq-broker\5.14.5\activemq-broker-5.14.5.jar;F:\Repositories\Maven\org\apache\activemq\activemq-openwire-legacy\5.14.5\activemq-openwire-legacy-5.14.5.jar;F:\Repositories\Maven\org\apache\activemq\activemq-pool\5.15.2\activemq-pool-5.15.2.jar;F:\Repositories\Maven\org\slf4j\slf4j-api\1.7.25\slf4j-api-1.7.25.jar;F:\Repositories\Maven\org\apache\activemq\activemq-jms-pool\5.14.5\activemq-jms-pool-5.14.5.jar;F:\Repositories\Maven\org\apache\geronimo\specs\geronimo-jms_1.1_spec\1.1.1\geronimo-jms_1.1_spec-1.1.1.jar;F:\Repositories\Maven\org\apache\activemq\activemq-client\5.14.5\activemq-client-5.14.5.jar;F:\Repositories\Maven\org\fusesource\hawtbuf\hawtbuf\1.11\hawtbuf-1.11.jar;F:\Repositories\Maven\org\apache\geronimo\specs\geronimo-j2ee-management_1.1_spec\1.0.1\geronimo-j2ee-management_1.1_spec-1.0.1.jar;F:\Repositories\Maven\org\apache\geronimo\specs\geronimo-jta_1.0.1B_spec\1.0.1\geronimo-jta_1.0.1B_spec-1.0.1.jar;F:\Repositories\Maven\org\apache\commons\commons-pool2\2.4.3\commons-pool2-2.4.3.jar;F:\Repositories\Maven\org\springframework\boot\spring-boot-starter-jdbc\1.5.10.RELEASE\spring-boot-starter-jdbc-1.5.10.RELEASE.jar;F:\Repositories\Maven\org\apache\tomcat\tomcat-jdbc\8.5.27\tomcat-jdbc-8.5.27.jar;F:\Repositories\Maven\org\apache\tomcat\tomcat-juli\8.5.27\tomcat-juli-8.5.27.jar;F:\Repositories\Maven\org\springframework\spring-jdbc\4.3.14.RELEASE\spring-jdbc-4.3.14.RELEASE.jar;F:\Repositories\Maven\org\mybatis\spring\boot\mybatis-spring-boot-starter\1.3.1\mybatis-spring-boot-starter-1.3.1.jar;F:\Repositories\Maven\org\mybatis\spring\boot\mybatis-spring-boot-autoconfigure\1.3.1\mybatis-spring-boot-autoconfigure-1.3.1.jar;F:\Repositories\Maven\org\mybatis\mybatis\3.4.5\mybatis-3.4.5.jar;F:\Repositories\Maven\org\mybatis\mybatis-spring\1.3.1\mybatis-spring-1.3.1.jar;F:\Repositories\Maven\mysql\mysql-connector-java\5.1.45\mysql-connector-java-5.1.45.jar;F:\Repositories\Maven\redis\clients\jedis\2.9.0\jedis-2.9.0.jar;F:\Repositories\Maven\tk\mybatis\mapper-spring-boot-starter\1.2.3\mapper-spring-boot-starter-1.2.3.jar;F:\Repositories\Maven\tk\mybatis\mapper-spring-boot-autoconfigure\1.2.3\mapper-spring-boot-autoconfigure-1.2.3.jar;F:\Repositories\Maven\tk\mybatis\mapper\3.5.2\mapper-3.5.2.jar;F:\Repositories\Maven\javax\persistence\persistence-api\1.0\persistence-api-1.0.jar;F:\Repositories\Maven\org\springframework\boot\spring-boot-starter-test\1.5.10.RELEASE\spring-boot-starter-test-1.5.10.RELEASE.jar;F:\Repositories\Maven\org\springframework\boot\spring-boot-test\1.5.10.RELEASE\spring-boot-test-1.5.10.RELEASE.jar;F:\Repositories\Maven\org\springframework\boot\spring-boot-test-autoconfigure\1.5.10.RELEASE\spring-boot-test-autoconfigure-1.5.10.RELEASE.jar;F:\Repositories\Maven\com\jayway\jsonpath\json-path\2.2.0\json-path-2.2.0.jar;F:\Repositories\Maven\net\minidev\json-smart\2.2.1\json-smart-2.2.1.jar;F:\Repositories\Maven\net\minidev\accessors-smart\1.1\accessors-smart-1.1.jar;F:\Repositories\Maven\org\ow2\asm\asm\5.0.3\asm-5.0.3.jar;F:\Repositories\Maven\junit\junit\4.12\junit-4.12.jar;F:\Repositories\Maven\org\assertj\assertj-core\2.6.0\assertj-core-2.6.0.jar;F:\Repositories\Maven\org\mockito\mockito-core\1.10.19\mockito-core-1.10.19.jar;F:\Repositories\Maven\org\objenesis\objenesis\2.1\objenesis-2.1.jar;F:\Repositories\Maven\org\hamcrest\hamcrest-core\1.3\hamcrest-core-1.3.jar;F:\Repositories\Maven\org\hamcrest\hamcrest-library\1.3\hamcrest-library-1.3.jar;F:\Repositories\Maven\org\skyscreamer\jsonassert\1.4.0\jsonassert-1.4.0.jar;F:\Repositories\Maven\com\vaadin\external\google\android-json\0.0.20131108.vaadin1\android-json-0.0.20131108.vaadin1.jar;F:\Repositories\Maven\org\springframework\spring-core\4.3.14.RELEASE\spring-core-4.3.14.RELEASE.jar;F:\Repositories\Maven\org\springframework\spring-test\4.3.14.RELEASE\spring-test-4.3.14.RELEASE.jar;F:\Repositories\Maven\org\springframework\boot\spring-boot-starter-web\1.5.10.RELEASE\spring-boot-starter-web-1.5.10.RELEASE.jar;F:\Repositories\Maven\org\springframework\boot\spring-boot-starter-tomcat\1.5.10.RELEASE\spring-boot-starter-tomcat-1.5.10.RELEASE.jar;F:\Repositories\Maven\org\apache\tomcat\embed\tomcat-embed-core\8.5.27\tomcat-embed-core-8.5.27.jar;F:\Repositories\Maven\org\apache\tomcat\tomcat-annotations-api\8.5.27\tomcat-annotations-api-8.5.27.jar;F:\Repositories\Maven\org\apache\tomcat\embed\tomcat-embed-websocket\8.5.27\tomcat-embed-websocket-8.5.27.jar;F:\Repositories\Maven\org\hibernate\hibernate-validator\5.3.6.Final\hibernate-validator-5.3.6.Final.jar;F:\Repositories\Maven\javax\validation\validation-api\1.1.0.Final\validation-api-1.1.0.Final.jar;F:\Repositories\Maven\org\jboss\logging\jboss-logging\3.3.1.Final\jboss-logging-3.3.1.Final.jar;F:\Repositories\Maven\com\fasterxml\classmate\1.3.4\classmate-1.3.4.jar;F:\Repositories\Maven\com\fasterxml\jackson\core\jackson-databind\2.8.10\jackson-databind-2.8.10.jar;F:\Repositories\Maven\com\fasterxml\jackson\core\jackson-annotations\2.8.0\jackson-annotations-2.8.0.jar;F:\Repositories\Maven\com\fasterxml\jackson\core\jackson-core\2.8.10\jackson-core-2.8.10.jar;F:\Repositories\Maven\org\springframework\spring-webmvc\4.3.14.RELEASE\spring-webmvc-4.3.14.RELEASE.jar;F:\Repositories\Maven\com\alibaba\fastjson\1.2.46\fastjson-1.2.46.jar;F:\Repositories\Maven\org\springframework\boot\spring-boot-starter-thymeleaf\1.5.10.RELEASE\spring-boot-starter-thymeleaf-1.5.10.RELEASE.jar;F:\Repositories\Maven\org\thymeleaf\thymeleaf-spring4\2.1.6.RELEASE\thymeleaf-spring4-2.1.6.RELEASE.jar;F:\Repositories\Maven\org\thymeleaf\thymeleaf\2.1.6.RELEASE\thymeleaf-2.1.6.RELEASE.jar;F:\Repositories\Maven\ognl\ognl\3.0.8\ognl-3.0.8.jar;F:\Repositories\Maven\org\unbescape\unbescape\1.1.0.RELEASE\unbescape-1.1.0.RELEASE.jar;F:\Repositories\Maven\nz\net\ultraq\thymeleaf\thymeleaf-layout-dialect\1.4.0\thymeleaf-layout-dialect-1.4.0.jar;F:\Repositories\Maven\org\codehaus\groovy\groovy\2.4.13\groovy-2.4.13.jar;F:\Repositories\Maven\net\sourceforge\nekohtml\nekohtml\1.9.20\nekohtml-1.9.20.jar;F:\Repositories\Maven\xerces\xercesImpl\2.10.0\xercesImpl-2.10.0.jar;F:\Repositories\Maven\xml-apis\xml-apis\1.4.01\xml-apis-1.4.01.jar;F:\Repositories\Maven\org\apache\xmlgraphics\batik-ext\1.9.1\batik-ext-1.9.1.jar;F:\Repositories\Maven\org\apache\httpcomponents\httpclient\4.5.5\httpclient-4.5.5.jar;F:\Repositories\Maven\org\apache\httpcomponents\httpcore\4.4.9\httpcore-4.4.9.jar;F:\Repositories\Maven\commons-logging\commons-logging\1.2\commons-logging-1.2.jar;F:\Repositories\Maven\org\apache\commons\commons-lang3\3.7\commons-lang3-3.7.jar;F:\Repositories\Maven\commons-beanutils\commons-beanutils\1.9.3\commons-beanutils-1.9.3.jar;F:\Repositories\Maven\commons-collections\commons-collections\3.2.2\commons-collections-3.2.2.jar;F:\Repositories\Maven\commons-codec\commons-codec\1.11\commons-codec-1.11.jar;, java.specification.name=Java Platform API Specification, java.class.version=52.0, sun.management.compiler=HotSpot 64-Bit Tiered Compilers, os.version=6.3, user.home=C:\Users\Lenovo, user.timezone=Asia/Shanghai, java.awt.printerjob=sun.awt.windows.WPrinterJob, file.encoding=GBK, java.specification.version=1.8, java.class.path=E:\gmall0508\gware-manage\target\test-classes;E:\gmall0508\gware-manage\target\classes;F:\Repositories\Maven\com\gitee\reger\spring-boot-starter-dubbo\1.0.10\spring-boot-starter-dubbo-1.0.10.jar;F:\Repositories\Maven\org\springframework\boot\spring-boot-starter\1.5.10.RELEASE\spring-boot-starter-1.5.10.RELEASE.jar;F:\Repositories\Maven\org\springframework\boot\spring-boot\1.5.10.RELEASE\spring-boot-1.5.10.RELEASE.jar;F:\Repositories\Maven\org\springframework\boot\spring-boot-autoconfigure\1.5.10.RELEASE\spring-boot-autoconfigure-1.5.10.RELEASE.jar;F:\Repositories\Maven\org\springframework\boot\spring-boot-starter-logging\1.5.10.RELEASE\spring-boot-starter-logging-1.5.10.RELEASE.jar;F:\Repositories\Maven\ch\qos\logback\logback-classic\1.1.11\logback-classic-1.1.11.jar;F:\Repositories\Maven\ch\qos\logback\logback-core\1.1.11\logback-core-1.1.11.jar;F:\Repositories\Maven\org\slf4j\jcl-over-slf4j\1.7.25\jcl-over-slf4j-1.7.25.jar;F:\Repositories\Maven\org\slf4j\jul-to-slf4j\1.7.25\jul-to-slf4j-1.7.25.jar;F:\Repositories\Maven\org\slf4j\log4j-over-slf4j\1.7.25\log4j-over-slf4j-1.7.25.jar;F:\Repositories\Maven\org\yaml\snakeyaml\1.17\snakeyaml-1.17.jar;F:\Repositories\Maven\org\springframework\boot\spring-boot-starter-validation\1.5.10.RELEASE\spring-boot-starter-validation-1.5.10.RELEASE.jar;F:\Repositories\Maven\org\apache\tomcat\embed\tomcat-embed-el\8.5.27\tomcat-embed-el-8.5.27.jar;F:\Repositories\Maven\com\101tec\zkclient\0.10\zkclient-0.10.jar;F:\Repositories\Maven\org\apache\zookeeper\zookeeper\3.4.8\zookeeper-3.4.8.jar;F:\Repositories\Maven\jline\jline\0.9.94\jline-0.9.94.jar;F:\Repositories\Maven\io\netty\netty\3.7.0.Final\netty-3.7.0.Final.jar;F:\Repositories\Maven\com\alibaba\dubbo\2.6.0\dubbo-2.6.0.jar;F:\Repositories\Maven\org\springframework\spring-context\4.3.14.RELEASE\spring-context-4.3.14.RELEASE.jar;F:\Repositories\Maven\org\springframework\spring-aop\4.3.14.RELEASE\spring-aop-4.3.14.RELEASE.jar;F:\Repositories\Maven\org\springframework\spring-expression\4.3.14.RELEASE\spring-expression-4.3.14.RELEASE.jar;F:\Repositories\Maven\org\springframework\spring-beans\4.3.14.RELEASE\spring-beans-4.3.14.RELEASE.jar;F:\Repositories\Maven\org\springframework\spring-web\4.3.14.RELEASE\spring-web-4.3.14.RELEASE.jar;F:\Repositories\Maven\org\javassist\javassist\3.21.0-GA\javassist-3.21.0-GA.jar;F:\Repositories\Maven\org\jboss\netty\netty\3.2.5.Final\netty-3.2.5.Final.jar;F:\Repositories\Maven\org\springframework\boot\spring-boot-starter-activemq\1.5.10.RELEASE\spring-boot-starter-activemq-1.5.10.RELEASE.jar;F:\Repositories\Maven\org\springframework\spring-jms\4.3.14.RELEASE\spring-jms-4.3.14.RELEASE.jar;F:\Repositories\Maven\org\springframework\spring-messaging\4.3.14.RELEASE\spring-messaging-4.3.14.RELEASE.jar;F:\Repositories\Maven\org\springframework\spring-tx\4.3.14.RELEASE\spring-tx-4.3.14.RELEASE.jar;F:\Repositories\Maven\org\apache\activemq\activemq-broker\5.14.5\activemq-broker-5.14.5.jar;F:\Repositories\Maven\org\apache\activemq\activemq-openwire-legacy\5.14.5\activemq-openwire-legacy-5.14.5.jar;F:\Repositories\Maven\org\apache\activemq\activemq-pool\5.15.2\activemq-pool-5.15.2.jar;F:\Repositories\Maven\org\slf4j\slf4j-api\1.7.25\slf4j-api-1.7.25.jar;F:\Repositories\Maven\org\apache\activemq\activemq-jms-pool\5.14.5\activemq-jms-pool-5.14.5.jar;F:\Repositories\Maven\org\apache\geronimo\specs\geronimo-jms_1.1_spec\1.1.1\geronimo-jms_1.1_spec-1.1.1.jar;F:\Repositories\Maven\org\apache\activemq\activemq-client\5.14.5\activemq-client-5.14.5.jar;F:\Repositories\Maven\org\fusesource\hawtbuf\hawtbuf\1.11\hawtbuf-1.11.jar;F:\Repositories\Maven\org\apache\geronimo\specs\geronimo-j2ee-management_1.1_spec\1.0.1\geronimo-j2ee-management_1.1_spec-1.0.1.jar;F:\Repositories\Maven\org\apache\geronimo\specs\geronimo-jta_1.0.1B_spec\1.0.1\geronimo-jta_1.0.1B_spec-1.0.1.jar;F:\Repositories\Maven\org\apache\commons\commons-pool2\2.4.3\commons-pool2-2.4.3.jar;F:\Repositories\Maven\org\springframework\boot\spring-boot-starter-jdbc\1.5.10.RELEASE\spring-boot-starter-jdbc-1.5.10.RELEASE.jar;F:\Repositories\Maven\org\apache\tomcat\tomcat-jdbc\8.5.27\tomcat-jdbc-8.5.27.jar;F:\Repositories\Maven\org\apache\tomcat\tomcat-juli\8.5.27\tomcat-juli-8.5.27.jar;F:\Repositories\Maven\org\springframework\spring-jdbc\4.3.14.RELEASE\spring-jdbc-4.3.14.RELEASE.jar;F:\Repositories\Maven\org\mybatis\spring\boot\mybatis-spring-boot-starter\1.3.1\mybatis-spring-boot-starter-1.3.1.jar;F:\Repositories\Maven\org\mybatis\spring\boot\mybatis-spring-boot-autoconfigure\1.3.1\mybatis-spring-boot-autoconfigure-1.3.1.jar;F:\Repositories\Maven\org\mybatis\mybatis\3.4.5\mybatis-3.4.5.jar;F:\Repositories\Maven\org\mybatis\mybatis-spring\1.3.1\mybatis-spring-1.3.1.jar;F:\Repositories\Maven\mysql\mysql-connector-java\5.1.45\mysql-connector-java-5.1.45.jar;F:\Repositories\Maven\redis\clients\jedis\2.9.0\jedis-2.9.0.jar;F:\Repositories\Maven\tk\mybatis\mapper-spring-boot-starter\1.2.3\mapper-spring-boot-starter-1.2.3.jar;F:\Repositories\Maven\tk\mybatis\mapper-spring-boot-autoconfigure\1.2.3\mapper-spring-boot-autoconfigure-1.2.3.jar;F:\Repositories\Maven\tk\mybatis\mapper\3.5.2\mapper-3.5.2.jar;F:\Repositories\Maven\javax\persistence\persistence-api\1.0\persistence-api-1.0.jar;F:\Repositories\Maven\org\springframework\boot\spring-boot-starter-test\1.5.10.RELEASE\spring-boot-starter-test-1.5.10.RELEASE.jar;F:\Repositories\Maven\org\springframework\boot\spring-boot-test\1.5.10.RELEASE\spring-boot-test-1.5.10.RELEASE.jar;F:\Repositories\Maven\org\springframework\boot\spring-boot-test-autoconfigure\1.5.10.RELEASE\spring-boot-test-autoconfigure-1.5.10.RELEASE.jar;F:\Repositories\Maven\com\jayway\jsonpath\json-path\2.2.0\json-path-2.2.0.jar;F:\Repositories\Maven\net\minidev\json-smart\2.2.1\json-smart-2.2.1.jar;F:\Repositories\Maven\net\minidev\accessors-smart\1.1\accessors-smart-1.1.jar;F:\Repositories\Maven\org\ow2\asm\asm\5.0.3\asm-5.0.3.jar;F:\Repositories\Maven\junit\junit\4.12\junit-4.12.jar;F:\Repositories\Maven\org\assertj\assertj-core\2.6.0\assertj-core-2.6.0.jar;F:\Repositories\Maven\org\mockito\mockito-core\1.10.19\mockito-core-1.10.19.jar;F:\Repositories\Maven\org\objenesis\objenesis\2.1\objenesis-2.1.jar;F:\Repositories\Maven\org\hamcrest\hamcrest-core\1.3\hamcrest-core-1.3.jar;F:\Repositories\Maven\org\hamcrest\hamcrest-library\1.3\hamcrest-library-1.3.jar;F:\Repositories\Maven\org\skyscreamer\jsonassert\1.4.0\jsonassert-1.4.0.jar;F:\Repositories\Maven\com\vaadin\external\google\android-json\0.0.20131108.vaadin1\android-json-0.0.20131108.vaadin1.jar;F:\Repositories\Maven\org\springframework\spring-core\4.3.14.RELEASE\spring-core-4.3.14.RELEASE.jar;F:\Repositories\Maven\org\springframework\spring-test\4.3.14.RELEASE\spring-test-4.3.14.RELEASE.jar;F:\Repositories\Maven\org\springframework\boot\spring-boot-starter-web\1.5.10.RELEASE\spring-boot-starter-web-1.5.10.RELEASE.jar;F:\Repositories\Maven\org\springframework\boot\spring-boot-starter-tomcat\1.5.10.RELEASE\spring-boot-starter-tomcat-1.5.10.RELEASE.jar;F:\Repositories\Maven\org\apache\tomcat\embed\tomcat-embed-core\8.5.27\tomcat-embed-core-8.5.27.jar;F:\Repositories\Maven\org\apache\tomcat\tomcat-annotations-api\8.5.27\tomcat-annotations-api-8.5.27.jar;F:\Repositories\Maven\org\apache\tomcat\embed\tomcat-embed-websocket\8.5.27\tomcat-embed-websocket-8.5.27.jar;F:\Repositories\Maven\org\hibernate\hibernate-validator\5.3.6.Final\hibernate-validator-5.3.6.Final.jar;F:\Repositories\Maven\javax\validation\validation-api\1.1.0.Final\validation-api-1.1.0.Final.jar;F:\Repositories\Maven\org\jboss\logging\jboss-logging\3.3.1.Final\jboss-logging-3.3.1.Final.jar;F:\Repositories\Maven\com\fasterxml\classmate\1.3.4\classmate-1.3.4.jar;F:\Repositories\Maven\com\fasterxml\jackson\core\jackson-databind\2.8.10\jackson-databind-2.8.10.jar;F:\Repositories\Maven\com\fasterxml\jackson\core\jackson-annotations\2.8.0\jackson-annotations-2.8.0.jar;F:\Repositories\Maven\com\fasterxml\jackson\core\jackson-core\2.8.10\jackson-core-2.8.10.jar;F:\Repositories\Maven\org\springframework\spring-webmvc\4.3.14.RELEASE\spring-webmvc-4.3.14.RELEASE.jar;F:\Repositories\Maven\com\alibaba\fastjson\1.2.46\fastjson-1.2.46.jar;F:\Repositories\Maven\org\springframework\boot\spring-boot-starter-thymeleaf\1.5.10.RELEASE\spring-boot-starter-thymeleaf-1.5.10.RELEASE.jar;F:\Repositories\Maven\org\thymeleaf\thymeleaf-spring4\2.1.6.RELEASE\thymeleaf-spring4-2.1.6.RELEASE.jar;F:\Repositories\Maven\org\thymeleaf\thymeleaf\2.1.6.RELEASE\thymeleaf-2.1.6.RELEASE.jar;F:\Repositories\Maven\ognl\ognl\3.0.8\ognl-3.0.8.jar;F:\Repositories\Maven\org\unbescape\unbescape\1.1.0.RELEASE\unbescape-1.1.0.RELEASE.jar;F:\Repositories\Maven\nz\net\ultraq\thymeleaf\thymeleaf-layout-dialect\1.4.0\thymeleaf-layout-dialect-1.4.0.jar;F:\Repositories\Maven\org\codehaus\groovy\groovy\2.4.13\groovy-2.4.13.jar;F:\Repositories\Maven\net\sourceforge\nekohtml\nekohtml\1.9.20\nekohtml-1.9.20.jar;F:\Repositories\Maven\xerces\xercesImpl\2.10.0\xercesImpl-2.10.0.jar;F:\Repositories\Maven\xml-apis\xml-apis\1.4.01\xml-apis-1.4.01.jar;F:\Repositories\Maven\org\apache\xmlgraphics\batik-ext\1.9.1\batik-ext-1.9.1.jar;F:\Repositories\Maven\org\apache\httpcomponents\httpclient\4.5.5\httpclient-4.5.5.jar;F:\Repositories\Maven\org\apache\httpcomponents\httpcore\4.4.9\httpcore-4.4.9.jar;F:\Repositories\Maven\commons-logging\commons-logging\1.2\commons-logging-1.2.jar;F:\Repositories\Maven\org\apache\commons\commons-lang3\3.7\commons-lang3-3.7.jar;F:\Repositories\Maven\commons-beanutils\commons-beanutils\1.9.3\commons-beanutils-1.9.3.jar;F:\Repositories\Maven\commons-collections\commons-collections\3.2.2\commons-collections-3.2.2.jar;F:\Repositories\Maven\commons-codec\commons-codec\1.11\commons-codec-1.11.jar;, user.name=Lenovo, java.vm.specification.version=1.8, sun.java.command=E:\gmall0508\gware-manage\target\surefire\surefirebooter458343370226113936.jar E:\gmall0508\gware-manage\target\surefire\surefire3161109468515084790tmp E:\gmall0508\gware-manage\target\surefire\surefire_03524719950964905350tmp, java.home=C:\Program Files\Java\jdk1.8.0_121\jre, sun.arch.data.model=64, user.language=zh, java.specification.vendor=Oracle Corporation, awt.toolkit=sun.awt.windows.WToolkit, java.vm.info=mixed mode, java.version=1.8.0_121, java.ext.dirs=C:\Program Files\Java\jdk1.8.0_121\jre\lib\ext;C:\windows\Sun\Java\lib\ext, sun.boot.class.path=C:\Program Files\Java\jdk1.8.0_121\jre\lib\resources.jar;C:\Program Files\Java\jdk1.8.0_121\jre\lib\rt.jar;C:\Program Files\Java\jdk1.8.0_121\jre\lib\sunrsasign.jar;C:\Program Files\Java\jdk1.8.0_121\jre\lib\jsse.jar;C:\Program Files\Java\jdk1.8.0_121\jre\lib\jce.jar;C:\Program Files\Java\jdk1.8.0_121\jre\lib\charsets.jar;C:\Program Files\Java\jdk1.8.0_121\jre\lib\jfr.jar;C:\Program Files\Java\jdk1.8.0_121\jre\classes, java.vendor=Oracle Corporation, localRepository=F:\Repositories\Maven, file.separator=\, java.vendor.url.bug=http://bugreport.sun.com/bugreport/, sun.io.unicode.encoding=UnicodeLittle, sun.cpu.endian=little, sun.desktop=windows, sun.cpu.isalist=amd64}}, SystemEnvironmentPropertySource@521960438 {name='systemEnvironment', properties={PATH=C:\Program Files (x86)\Common Files\Oracle\Java\javapath;C:\ProgramData\Oracle\Java\javapath;C:\Program Files (x86)\Lenovo\FusionEngine;C:\Program Files (x86)\Intel\iCLS Client\;C:\Program Files\Intel\iCLS Client\;C:\windows\system32;C:\windows;C:\windows\System32\Wbem;C:\windows\System32\WindowsPowerShell\v1.0\;C:\Program Files\Intel\Intel(R) Management Engine Components\DAL;C:\Program Files (x86)\Intel\Intel(R) Management Engine Components\DAL;C:\Program Files\Intel\Intel(R) Management Engine Components\IPT;C:\Program Files (x86)\Intel\Intel(R) Management Engine Components\IPT;C:\Program Files\Intel\WiFi\bin\;C:\Program Files\Common Files\Intel\WirelessCommon\;C:\Program Files (x86)\Lenovo\Motion Control\;F:\maven-3.5\apache-maven-3.5.3\bin;C:\Program Files (x86)\Lenovo\Lenovo Home\;F:\redis\;F:\MongoDB\bin;F:\github\Git\cmd, USERDOMAIN_ROAMINGPROFILE=Lenovo-PC, LOCALAPPDATA=C:\Users\Lenovo\AppData\Local, PROCESSOR_LEVEL=6, SYSTEMDRIVE=C:, COMMONPROGRAMFILES(X86)=C:\Program Files (x86)\Common Files, FP_NO_HOST_CHECK=NO, USERDOMAIN=Lenovo-PC, LOGONSERVER=\\LENOVO-PC, PROMPT=$P$G, SESSIONNAME=Console, ALLUSERSPROFILE=C:\ProgramData, PROGRAMFILES(X86)=C:\Program Files (x86), PROCESSOR_ARCHITECTURE=AMD64, =E:=E:\gmall0508\gware-manage, MAVEN_HOME=F:\maven-3.5\apache-maven-3.5.3, PROGRAMFILES=C:\Program Files, APPDATA=C:\Users\Lenovo\AppData\Roaming, PSMODULEPATH=C:\windows\system32\WindowsPowerShell\v1.0\Modules\, PROGRAMW6432=C:\Program Files, PROGRAMDATA=C:\ProgramData, SYSTEMROOT=C:\windows, USERNAME=Lenovo, VBOX_MSI_INSTALL_PATH=F:\VirtualBox-5.1.26\, CONFIGSETROOT=C:\windows\ConfigSetRoot, PATHEXT=.COM;.EXE;.BAT;.CMD;.VBS;.VBE;.JS;.JSE;.WSF;.WSH;.MSC, OS=Windows_NT, COMMONPROGRAMW6432=C:\Program Files\Common Files, COMPUTERNAME=LENOVO-PC, COMMONPROGRAMFILES=C:\Program Files\Common Files, COMSPEC=C:\windows\system32\cmd.exe, PROCESSOR_REVISION=3d04, WINDIR=C:\windows, HOMEPATH=\Users\Lenovo, TEMP=C:\Users\Lenovo\AppData\Local\Temp, HOMEDRIVE=C:, PROCESSOR_IDENTIFIER=Intel64 Family 6 Model 61 Stepping 4, GenuineIntel, USERPROFILE=C:\Users\Lenovo, TMP=C:\Users\Lenovo\AppData\Local\Temp, PUBLIC=C:\Users\Public, NUMBER_OF_PROCESSORS=4, =::=::\}}]
11:06:09.509 [main] DEBUG org.springframework.core.io.support.PathMatchingResourcePatternResolver - Resolved classpath location [online/yjyy/gware/controller/] to resources [URL [file:/E:/gmall0508/gware-manage/target/test-classes/online/yjyy/gware/controller/], URL [file:/E:/gmall0508/gware-manage/target/classes/online/yjyy/gware/controller/]]
11:06:09.509 [main] DEBUG org.springframework.core.io.support.PathMatchingResourcePatternResolver - Looking for matching resources in directory tree [E:\gmall0508\gware-manage\target\test-classes\online\yjyy\gware\controller]
11:06:09.510 [main] DEBUG org.springframework.core.io.support.PathMatchingResourcePatternResolver - Searching directory [E:\gmall0508\gware-manage\target\test-classes\online\yjyy\gware\controller] for files matching pattern [E:/gmall0508/gware-manage/target/test-classes/online/yjyy/gware/controller/*.class]
11:06:09.511 [main] DEBUG org.springframework.core.io.support.PathMatchingResourcePatternResolver - Looking for matching resources in directory tree [E:\gmall0508\gware-manage\target\classes\online\yjyy\gware\controller]
11:06:09.512 [main] DEBUG org.springframework.core.io.support.PathMatchingResourcePatternResolver - Searching directory [E:\gmall0508\gware-manage\target\classes\online\yjyy\gware\controller] for files matching pattern [E:/gmall0508/gware-manage/target/classes/online/yjyy/gware/controller/*.class]
11:06:09.517 [main] DEBUG org.springframework.core.io.support.PathMatchingResourcePatternResolver - Resolved location pattern [classpath*:online/yjyy/gware/controller/*.class] to resources [file [E:\gmall0508\gware-manage\target\test-classes\online\yjyy\gware\controller\GwareManageApplicationTests.class], file [E:\gmall0508\gware-manage\target\classes\online\yjyy\gware\controller\GwareController.class]]
11:06:09.530 [main] DEBUG org.springframework.core.io.support.PathMatchingResourcePatternResolver - Resolved classpath location [online/yjyy/gware/] to resources [URL [file:/E:/gmall0508/gware-manage/target/test-classes/online/yjyy/gware/], URL [file:/E:/gmall0508/gware-manage/target/classes/online/yjyy/gware/]]
11:06:09.531 [main] DEBUG org.springframework.core.io.support.PathMatchingResourcePatternResolver - Looking for matching resources in directory tree [E:\gmall0508\gware-manage\target\test-classes\online\yjyy\gware]
11:06:09.531 [main] DEBUG org.springframework.core.io.support.PathMatchingResourcePatternResolver - Searching directory [E:\gmall0508\gware-manage\target\test-classes\online\yjyy\gware] for files matching pattern [E:/gmall0508/gware-manage/target/test-classes/online/yjyy/gware/*.class]
11:06:09.532 [main] DEBUG org.springframework.core.io.support.PathMatchingResourcePatternResolver - Looking for matching resources in directory tree [E:\gmall0508\gware-manage\target\classes\online\yjyy\gware]
11:06:09.532 [main] DEBUG org.springframework.core.io.support.PathMatchingResourcePatternResolver - Searching directory [E:\gmall0508\gware-manage\target\classes\online\yjyy\gware] for files matching pattern [E:/gmall0508/gware-manage/target/classes/online/yjyy/gware/*.class]
11:06:09.533 [main] DEBUG org.springframework.core.io.support.PathMatchingResourcePatternResolver - Resolved location pattern [classpath*:online/yjyy/gware/*.class] to resources []
11:06:09.533 [main] DEBUG org.springframework.core.io.support.PathMatchingResourcePatternResolver - Resolved classpath location [online/yjyy/] to resources [URL [file:/E:/gmall0508/gware-manage/target/test-classes/online/yjyy/], URL [file:/E:/gmall0508/gware-manage/target/classes/online/yjyy/]]
11:06:09.534 [main] DEBUG org.springframework.core.io.support.PathMatchingResourcePatternResolver - Looking for matching resources in directory tree [E:\gmall0508\gware-manage\target\test-classes\online\yjyy]
11:06:09.534 [main] DEBUG org.springframework.core.io.support.PathMatchingResourcePatternResolver - Searching directory [E:\gmall0508\gware-manage\target\test-classes\online\yjyy] for files matching pattern [E:/gmall0508/gware-manage/target/test-classes/online/yjyy/*.class]
11:06:09.535 [main] DEBUG org.springframework.core.io.support.PathMatchingResourcePatternResolver - Looking for matching resources in directory tree [E:\gmall0508\gware-manage\target\classes\online\yjyy]
11:06:09.535 [main] DEBUG org.springframework.core.io.support.PathMatchingResourcePatternResolver - Searching directory [E:\gmall0508\gware-manage\target\classes\online\yjyy] for files matching pattern [E:/gmall0508/gware-manage/target/classes/online/yjyy/*.class]
11:06:09.536 [main] DEBUG org.springframework.core.io.support.PathMatchingResourcePatternResolver - Resolved location pattern [classpath*:online/yjyy/*.class] to resources [file [E:\gmall0508\gware-manage\target\classes\online\yjyy\GwareManageApplication.class]]
11:06:09.538 [main] DEBUG org.springframework.context.annotation.ClassPathScanningCandidateComponentProvider - Identified candidate component class: file [E:\gmall0508\gware-manage\target\classes\online\yjyy\GwareManageApplication.class]
11:06:09.539 [main] INFO org.springframework.boot.test.context.SpringBootTestContextBootstrapper - Found @SpringBootConfiguration online.yjyy.GwareManageApplication for test class online.yjyy.gware.controller.GwareManageApplicationTests
11:06:09.542 [main] DEBUG org.springframework.boot.test.context.SpringBootTestContextBootstrapper - @TestExecutionListeners is not present for class [online.yjyy.gware.controller.GwareManageApplicationTests]: using defaults.
11:06:09.547 [main] INFO org.springframework.boot.test.context.SpringBootTestContextBootstrapper - Loaded default TestExecutionListener class names from location [META-INF/spring.factories]: [org.springframework.boot.test.mock.mockito.MockitoTestExecutionListener, org.springframework.boot.test.mock.mockito.ResetMocksTestExecutionListener, org.springframework.boot.test.autoconfigure.restdocs.RestDocsTestExecutionListener, org.springframework.boot.test.autoconfigure.web.client.MockRestServiceServerResetTestExecutionListener, org.springframework.boot.test.autoconfigure.web.servlet.MockMvcPrintOnlyOnFailureTestExecutionListener, org.springframework.boot.test.autoconfigure.web.servlet.WebDriverTestExecutionListener, org.springframework.test.context.web.ServletTestExecutionListener, org.springframework.test.context.support.DirtiesContextBeforeModesTestExecutionListener, org.springframework.test.context.support.DependencyInjectionTestExecutionListener, org.springframework.test.context.support.DirtiesContextTestExecutionListener, org.springframework.test.context.transaction.TransactionalTestExecutionListener, org.springframework.test.context.jdbc.SqlScriptsTestExecutionListener]
11:06:09.550 [main] INFO org.springframework.boot.test.context.SpringBootTestContextBootstrapper - Using TestExecutionListeners: [org.springframework.test.context.web.ServletTestExecutionListener@60611244, org.springframework.test.context.support.DirtiesContextBeforeModesTestExecutionListener@3745e5c6, org.springframework.boot.test.autoconfigure.SpringBootDependencyInjectionTestExecutionListener@5e4c8041, org.springframework.test.context.support.DirtiesContextTestExecutionListener@71c8becc, org.springframework.test.context.transaction.TransactionalTestExecutionListener@19d37183, org.springframework.test.context.jdbc.SqlScriptsTestExecutionListener@1a0dcaa, org.springframework.boot.test.mock.mockito.MockitoTestExecutionListener@3bd40a57, org.springframework.boot.test.mock.mockito.ResetMocksTestExecutionListener@fdefd3f, org.springframework.boot.test.autoconfigure.restdocs.RestDocsTestExecutionListener@d83da2e, org.springframework.boot.test.autoconfigure.web.client.MockRestServiceServerResetTestExecutionListener@a4102b8, org.springframework.boot.test.autoconfigure.web.servlet.MockMvcPrintOnlyOnFailureTestExecutionListener@11dc3715, org.springframework.boot.test.autoconfigure.web.servlet.WebDriverTestExecutionListener@69930714]
11:06:09.553 [main] DEBUG org.springframework.test.annotation.ProfileValueUtils - Retrieved @ProfileValueSourceConfiguration [null] for test class [com.atguigu.gware.controller.GwareManageApplicationTests]
11:06:09.554 [main] DEBUG org.springframework.test.annotation.ProfileValueUtils - Retrieved ProfileValueSource type [class org.springframework.test.annotation.SystemProfileValueSource] for class [com.atguigu.gware.controller.GwareManageApplicationTests]
11:06:09.554 [main] DEBUG org.springframework.test.annotation.ProfileValueUtils - Retrieved @ProfileValueSourceConfiguration [null] for test class [online.yjyy.gware.controller.GwareManageApplicationTests]
11:06:09.554 [main] DEBUG org.springframework.test.annotation.ProfileValueUtils - Retrieved ProfileValueSource type [class org.springframework.test.annotation.SystemProfileValueSource] for class [online.yjyy.gware.controller.GwareManageApplicationTests]
11:06:09.558 [main] DEBUG org.springframework.test.context.junit4.SpringJUnit4ClassRunner - SpringJUnit4ClassRunner constructor called with [class com.atguigu.gware.controller.GwareManageApplicationTests]
11:06:09.560 [main] DEBUG org.springframework.test.context.BootstrapUtils - Instantiating CacheAwareContextLoaderDelegate from class [org.springframework.test.context.cache.DefaultCacheAwareContextLoaderDelegate]
11:06:09.560 [main] DEBUG org.springframework.test.context.BootstrapUtils - Instantiating BootstrapContext using constructor [public org.springframework.test.context.support.DefaultBootstrapContext(java.lang.Class,org.springframework.test.context.CacheAwareContextLoaderDelegate)]
11:06:09.561 [main] DEBUG org.springframework.test.context.BootstrapUtils - Instantiating TestContextBootstrapper for test class [com.atguigu.gware.controller.GwareManageApplicationTests] from class [org.springframework.boot.test.context.SpringBootTestContextBootstrapper]
11:06:09.562 [main] INFO org.springframework.boot.test.context.SpringBootTestContextBootstrapper - Neither @ContextConfiguration nor @ContextHierarchy found for test class [com.atguigu.gware.controller.GwareManageApplicationTests], using SpringBootContextLoader
11:06:09.564 [main] DEBUG org.springframework.test.context.support.AbstractContextLoader - Did not detect default resource location for test class [com.atguigu.gware.controller.GwareManageApplicationTests]: class path resource [com/atguigu/gware/controller/GwareManageApplicationTests-context.xml] does not exist
11:06:09.568 [main] DEBUG org.springframework.test.context.support.AbstractContextLoader - Did not detect default resource location for test class [com.atguigu.gware.controller.GwareManageApplicationTests]: class path resource [com/atguigu/gware/controller/GwareManageApplicationTestsContext.groovy] does not exist
11:06:09.569 [main] INFO org.springframework.test.context.support.AbstractContextLoader - Could not detect default resource locations for test class [com.atguigu.gware.controller.GwareManageApplicationTests]: no resource found for suffixes {-context.xml, Context.groovy}.
11:06:09.570 [main] INFO org.springframework.test.context.support.AnnotationConfigContextLoaderUtils - Could not detect default configuration classes for test class [com.atguigu.gware.controller.GwareManageApplicationTests]: GwareManageApplicationTests does not declare any static, non-private, non-final, nested classes annotated with @Configuration.
11:06:09.579 [main] DEBUG org.springframework.test.context.support.ActiveProfilesUtils - Could not find an 'annotation declaring class' for annotation type [org.springframework.test.context.ActiveProfiles] and class [com.atguigu.gware.controller.GwareManageApplicationTests]
11:06:09.579 [main] DEBUG org.springframework.core.env.StandardEnvironment - Adding PropertySource 'systemProperties' with lowest search precedence
11:06:09.579 [main] DEBUG org.springframework.core.env.StandardEnvironment - Adding PropertySource 'systemEnvironment' with lowest search precedence
11:06:09.579 [main] DEBUG org.springframework.core.env.StandardEnvironment - Initialized StandardEnvironment with PropertySources [MapPropertySource@112302969 {name='systemProperties', properties={idea.version=2018.1.6, java.runtime.name=Java(TM) SE Runtime Environment, sun.boot.library.path=C:\Program Files\Java\jdk1.8.0_121\jre\bin, java.vm.version=25.121-b13, java.vm.vendor=Oracle Corporation, java.vendor.url=http://java.oracle.com/, path.separator=;, java.vm.name=Java HotSpot(TM) 64-Bit Server VM, file.encoding.pkg=sun.io, user.country=CN, user.script=, sun.java.launcher=SUN_STANDARD, sun.os.patch.level=, java.vm.specification.name=Java Virtual Machine Specification, user.dir=E:\gmall0508\gware-manage, java.runtime.version=1.8.0_121-b13, basedir=E:\gmall0508\gware-manage, java.awt.graphicsenv=sun.awt.Win32GraphicsEnvironment, java.endorsed.dirs=C:\Program Files\Java\jdk1.8.0_121\jre\lib\endorsed, os.arch=amd64, surefire.real.class.path=E:\gmall0508\gware-manage\target\surefire\surefirebooter458343370226113936.jar, java.io.tmpdir=C:\Users\Lenovo\AppData\Local\Temp\, line.separator=
, java.vm.specification.vendor=Oracle Corporation, user.variant=, os.name=Windows 8.1, sun.jnu.encoding=GBK, java.library.path=C:\Program Files\Java\jdk1.8.0_121\jre\bin;C:\windows\Sun\Java\bin;C:\windows\system32;C:\windows;C:\Program Files (x86)\Common Files\Oracle\Java\javapath;C:\ProgramData\Oracle\Java\javapath;C:\Program Files (x86)\Lenovo\FusionEngine;C:\Program Files (x86)\Intel\iCLS Client\;C:\Program Files\Intel\iCLS Client\;C:\windows\system32;C:\windows;C:\windows\System32\Wbem;C:\windows\System32\WindowsPowerShell\v1.0\;C:\Program Files\Intel\Intel(R) Management Engine Components\DAL;C:\Program Files (x86)\Intel\Intel(R) Management Engine Components\DAL;C:\Program Files\Intel\Intel(R) Management Engine Components\IPT;C:\Program Files (x86)\Intel\Intel(R) Management Engine Components\IPT;C:\Program Files\Intel\WiFi\bin\;C:\Program Files\Common Files\Intel\WirelessCommon\;C:\Program Files (x86)\Lenovo\Motion Control\;F:\maven-3.5\apache-maven-3.5.3\bin;C:\Program Files (x86)\Lenovo\Lenovo Home\;F:\redis\;F:\MongoDB\bin;F:\github\Git\cmd;., surefire.test.class.path=E:\gmall0508\gware-manage\target\test-classes;E:\gmall0508\gware-manage\target\classes;F:\Repositories\Maven\com\gitee\reger\spring-boot-starter-dubbo\1.0.10\spring-boot-starter-dubbo-1.0.10.jar;F:\Repositories\Maven\org\springframework\boot\spring-boot-starter\1.5.10.RELEASE\spring-boot-starter-1.5.10.RELEASE.jar;F:\Repositories\Maven\org\springframework\boot\spring-boot\1.5.10.RELEASE\spring-boot-1.5.10.RELEASE.jar;F:\Repositories\Maven\org\springframework\boot\spring-boot-autoconfigure\1.5.10.RELEASE\spring-boot-autoconfigure-1.5.10.RELEASE.jar;F:\Repositories\Maven\org\springframework\boot\spring-boot-starter-logging\1.5.10.RELEASE\spring-boot-starter-logging-1.5.10.RELEASE.jar;F:\Repositories\Maven\ch\qos\logback\logback-classic\1.1.11\logback-classic-1.1.11.jar;F:\Repositories\Maven\ch\qos\logback\logback-core\1.1.11\logback-core-1.1.11.jar;F:\Repositories\Maven\org\slf4j\jcl-over-slf4j\1.7.25\jcl-over-slf4j-1.7.25.jar;F:\Repositories\Maven\org\slf4j\jul-to-slf4j\1.7.25\jul-to-slf4j-1.7.25.jar;F:\Repositories\Maven\org\slf4j\log4j-over-slf4j\1.7.25\log4j-over-slf4j-1.7.25.jar;F:\Repositories\Maven\org\yaml\snakeyaml\1.17\snakeyaml-1.17.jar;F:\Repositories\Maven\org\springframework\boot\spring-boot-starter-validation\1.5.10.RELEASE\spring-boot-starter-validation-1.5.10.RELEASE.jar;F:\Repositories\Maven\org\apache\tomcat\embed\tomcat-embed-el\8.5.27\tomcat-embed-el-8.5.27.jar;F:\Repositories\Maven\com\101tec\zkclient\0.10\zkclient-0.10.jar;F:\Repositories\Maven\org\apache\zookeeper\zookeeper\3.4.8\zookeeper-3.4.8.jar;F:\Repositories\Maven\jline\jline\0.9.94\jline-0.9.94.jar;F:\Repositories\Maven\io\netty\netty\3.7.0.Final\netty-3.7.0.Final.jar;F:\Repositories\Maven\com\alibaba\dubbo\2.6.0\dubbo-2.6.0.jar;F:\Repositories\Maven\org\springframework\spring-context\4.3.14.RELEASE\spring-context-4.3.14.RELEASE.jar;F:\Repositories\Maven\org\springframework\spring-aop\4.3.14.RELEASE\spring-aop-4.3.14.RELEASE.jar;F:\Repositories\Maven\org\springframework\spring-expression\4.3.14.RELEASE\spring-expression-4.3.14.RELEASE.jar;F:\Repositories\Maven\org\springframework\spring-beans\4.3.14.RELEASE\spring-beans-4.3.14.RELEASE.jar;F:\Repositories\Maven\org\springframework\spring-web\4.3.14.RELEASE\spring-web-4.3.14.RELEASE.jar;F:\Repositories\Maven\org\javassist\javassist\3.21.0-GA\javassist-3.21.0-GA.jar;F:\Repositories\Maven\org\jboss\netty\netty\3.2.5.Final\netty-3.2.5.Final.jar;F:\Repositories\Maven\org\springframework\boot\spring-boot-starter-activemq\1.5.10.RELEASE\spring-boot-starter-activemq-1.5.10.RELEASE.jar;F:\Repositories\Maven\org\springframework\spring-jms\4.3.14.RELEASE\spring-jms-4.3.14.RELEASE.jar;F:\Repositories\Maven\org\springframework\spring-messaging\4.3.14.RELEASE\spring-messaging-4.3.14.RELEASE.jar;F:\Repositories\Maven\org\springframework\spring-tx\4.3.14.RELEASE\spring-tx-4.3.14.RELEASE.jar;F:\Repositories\Maven\org\apache\activemq\activemq-broker\5.14.5\activemq-broker-5.14.5.jar;F:\Repositories\Maven\org\apache\activemq\activemq-openwire-legacy\5.14.5\activemq-openwire-legacy-5.14.5.jar;F:\Repositories\Maven\org\apache\activemq\activemq-pool\5.15.2\activemq-pool-5.15.2.jar;F:\Repositories\Maven\org\slf4j\slf4j-api\1.7.25\slf4j-api-1.7.25.jar;F:\Repositories\Maven\org\apache\activemq\activemq-jms-pool\5.14.5\activemq-jms-pool-5.14.5.jar;F:\Repositories\Maven\org\apache\geronimo\specs\geronimo-jms_1.1_spec\1.1.1\geronimo-jms_1.1_spec-1.1.1.jar;F:\Repositories\Maven\org\apache\activemq\activemq-client\5.14.5\activemq-client-5.14.5.jar;F:\Repositories\Maven\org\fusesource\hawtbuf\hawtbuf\1.11\hawtbuf-1.11.jar;F:\Repositories\Maven\org\apache\geronimo\specs\geronimo-j2ee-management_1.1_spec\1.0.1\geronimo-j2ee-management_1.1_spec-1.0.1.jar;F:\Repositories\Maven\org\apache\geronimo\specs\geronimo-jta_1.0.1B_spec\1.0.1\geronimo-jta_1.0.1B_spec-1.0.1.jar;F:\Repositories\Maven\org\apache\commons\commons-pool2\2.4.3\commons-pool2-2.4.3.jar;F:\Repositories\Maven\org\springframework\boot\spring-boot-starter-jdbc\1.5.10.RELEASE\spring-boot-starter-jdbc-1.5.10.RELEASE.jar;F:\Repositories\Maven\org\apache\tomcat\tomcat-jdbc\8.5.27\tomcat-jdbc-8.5.27.jar;F:\Repositories\Maven\org\apache\tomcat\tomcat-juli\8.5.27\tomcat-juli-8.5.27.jar;F:\Repositories\Maven\org\springframework\spring-jdbc\4.3.14.RELEASE\spring-jdbc-4.3.14.RELEASE.jar;F:\Repositories\Maven\org\mybatis\spring\boot\mybatis-spring-boot-starter\1.3.1\mybatis-spring-boot-starter-1.3.1.jar;F:\Repositories\Maven\org\mybatis\spring\boot\mybatis-spring-boot-autoconfigure\1.3.1\mybatis-spring-boot-autoconfigure-1.3.1.jar;F:\Repositories\Maven\org\mybatis\mybatis\3.4.5\mybatis-3.4.5.jar;F:\Repositories\Maven\org\mybatis\mybatis-spring\1.3.1\mybatis-spring-1.3.1.jar;F:\Repositories\Maven\mysql\mysql-connector-java\5.1.45\mysql-connector-java-5.1.45.jar;F:\Repositories\Maven\redis\clients\jedis\2.9.0\jedis-2.9.0.jar;F:\Repositories\Maven\tk\mybatis\mapper-spring-boot-starter\1.2.3\mapper-spring-boot-starter-1.2.3.jar;F:\Repositories\Maven\tk\mybatis\mapper-spring-boot-autoconfigure\1.2.3\mapper-spring-boot-autoconfigure-1.2.3.jar;F:\Repositories\Maven\tk\mybatis\mapper\3.5.2\mapper-3.5.2.jar;F:\Repositories\Maven\javax\persistence\persistence-api\1.0\persistence-api-1.0.jar;F:\Repositories\Maven\org\springframework\boot\spring-boot-starter-test\1.5.10.RELEASE\spring-boot-starter-test-1.5.10.RELEASE.jar;F:\Repositories\Maven\org\springframework\boot\spring-boot-test\1.5.10.RELEASE\spring-boot-test-1.5.10.RELEASE.jar;F:\Repositories\Maven\org\springframework\boot\spring-boot-test-autoconfigure\1.5.10.RELEASE\spring-boot-test-autoconfigure-1.5.10.RELEASE.jar;F:\Repositories\Maven\com\jayway\jsonpath\json-path\2.2.0\json-path-2.2.0.jar;F:\Repositories\Maven\net\minidev\json-smart\2.2.1\json-smart-2.2.1.jar;F:\Repositories\Maven\net\minidev\accessors-smart\1.1\accessors-smart-1.1.jar;F:\Repositories\Maven\org\ow2\asm\asm\5.0.3\asm-5.0.3.jar;F:\Repositories\Maven\junit\junit\4.12\junit-4.12.jar;F:\Repositories\Maven\org\assertj\assertj-core\2.6.0\assertj-core-2.6.0.jar;F:\Repositories\Maven\org\mockito\mockito-core\1.10.19\mockito-core-1.10.19.jar;F:\Repositories\Maven\org\objenesis\objenesis\2.1\objenesis-2.1.jar;F:\Repositories\Maven\org\hamcrest\hamcrest-core\1.3\hamcrest-core-1.3.jar;F:\Repositories\Maven\org\hamcrest\hamcrest-library\1.3\hamcrest-library-1.3.jar;F:\Repositories\Maven\org\skyscreamer\jsonassert\1.4.0\jsonassert-1.4.0.jar;F:\Repositories\Maven\com\vaadin\external\google\android-json\0.0.20131108.vaadin1\android-json-0.0.20131108.vaadin1.jar;F:\Repositories\Maven\org\springframework\spring-core\4.3.14.RELEASE\spring-core-4.3.14.RELEASE.jar;F:\Repositories\Maven\org\springframework\spring-test\4.3.14.RELEASE\spring-test-4.3.14.RELEASE.jar;F:\Repositories\Maven\org\springframework\boot\spring-boot-starter-web\1.5.10.RELEASE\spring-boot-starter-web-1.5.10.RELEASE.jar;F:\Repositories\Maven\org\springframework\boot\spring-boot-starter-tomcat\1.5.10.RELEASE\spring-boot-starter-tomcat-1.5.10.RELEASE.jar;F:\Repositories\Maven\org\apache\tomcat\embed\tomcat-embed-core\8.5.27\tomcat-embed-core-8.5.27.jar;F:\Repositories\Maven\org\apache\tomcat\tomcat-annotations-api\8.5.27\tomcat-annotations-api-8.5.27.jar;F:\Repositories\Maven\org\apache\tomcat\embed\tomcat-embed-websocket\8.5.27\tomcat-embed-websocket-8.5.27.jar;F:\Repositories\Maven\org\hibernate\hibernate-validator\5.3.6.Final\hibernate-validator-5.3.6.Final.jar;F:\Repositories\Maven\javax\validation\validation-api\1.1.0.Final\validation-api-1.1.0.Final.jar;F:\Repositories\Maven\org\jboss\logging\jboss-logging\3.3.1.Final\jboss-logging-3.3.1.Final.jar;F:\Repositories\Maven\com\fasterxml\classmate\1.3.4\classmate-1.3.4.jar;F:\Repositories\Maven\com\fasterxml\jackson\core\jackson-databind\2.8.10\jackson-databind-2.8.10.jar;F:\Repositories\Maven\com\fasterxml\jackson\core\jackson-annotations\2.8.0\jackson-annotations-2.8.0.jar;F:\Repositories\Maven\com\fasterxml\jackson\core\jackson-core\2.8.10\jackson-core-2.8.10.jar;F:\Repositories\Maven\org\springframework\spring-webmvc\4.3.14.RELEASE\spring-webmvc-4.3.14.RELEASE.jar;F:\Repositories\Maven\com\alibaba\fastjson\1.2.46\fastjson-1.2.46.jar;F:\Repositories\Maven\org\springframework\boot\spring-boot-starter-thymeleaf\1.5.10.RELEASE\spring-boot-starter-thymeleaf-1.5.10.RELEASE.jar;F:\Repositories\Maven\org\thymeleaf\thymeleaf-spring4\2.1.6.RELEASE\thymeleaf-spring4-2.1.6.RELEASE.jar;F:\Repositories\Maven\org\thymeleaf\thymeleaf\2.1.6.RELEASE\thymeleaf-2.1.6.RELEASE.jar;F:\Repositories\Maven\ognl\ognl\3.0.8\ognl-3.0.8.jar;F:\Repositories\Maven\org\unbescape\unbescape\1.1.0.RELEASE\unbescape-1.1.0.RELEASE.jar;F:\Repositories\Maven\nz\net\ultraq\thymeleaf\thymeleaf-layout-dialect\1.4.0\thymeleaf-layout-dialect-1.4.0.jar;F:\Repositories\Maven\org\codehaus\groovy\groovy\2.4.13\groovy-2.4.13.jar;F:\Repositories\Maven\net\sourceforge\nekohtml\nekohtml\1.9.20\nekohtml-1.9.20.jar;F:\Repositories\Maven\xerces\xercesImpl\2.10.0\xercesImpl-2.10.0.jar;F:\Repositories\Maven\xml-apis\xml-apis\1.4.01\xml-apis-1.4.01.jar;F:\Repositories\Maven\org\apache\xmlgraphics\batik-ext\1.9.1\batik-ext-1.9.1.jar;F:\Repositories\Maven\org\apache\httpcomponents\httpclient\4.5.5\httpclient-4.5.5.jar;F:\Repositories\Maven\org\apache\httpcomponents\httpcore\4.4.9\httpcore-4.4.9.jar;F:\Repositories\Maven\commons-logging\commons-logging\1.2\commons-logging-1.2.jar;F:\Repositories\Maven\org\apache\commons\commons-lang3\3.7\commons-lang3-3.7.jar;F:\Repositories\Maven\commons-beanutils\commons-beanutils\1.9.3\commons-beanutils-1.9.3.jar;F:\Repositories\Maven\commons-collections\commons-collections\3.2.2\commons-collections-3.2.2.jar;F:\Repositories\Maven\commons-codec\commons-codec\1.11\commons-codec-1.11.jar;, java.specification.name=Java Platform API Specification, java.class.version=52.0, sun.management.compiler=HotSpot 64-Bit Tiered Compilers, os.version=6.3, user.home=C:\Users\Lenovo, user.timezone=Asia/Shanghai, java.awt.printerjob=sun.awt.windows.WPrinterJob, file.encoding=GBK, java.specification.version=1.8, java.class.path=E:\gmall0508\gware-manage\target\test-classes;E:\gmall0508\gware-manage\target\classes;F:\Repositories\Maven\com\gitee\reger\spring-boot-starter-dubbo\1.0.10\spring-boot-starter-dubbo-1.0.10.jar;F:\Repositories\Maven\org\springframework\boot\spring-boot-starter\1.5.10.RELEASE\spring-boot-starter-1.5.10.RELEASE.jar;F:\Repositories\Maven\org\springframework\boot\spring-boot\1.5.10.RELEASE\spring-boot-1.5.10.RELEASE.jar;F:\Repositories\Maven\org\springframework\boot\spring-boot-autoconfigure\1.5.10.RELEASE\spring-boot-autoconfigure-1.5.10.RELEASE.jar;F:\Repositories\Maven\org\springframework\boot\spring-boot-starter-logging\1.5.10.RELEASE\spring-boot-starter-logging-1.5.10.RELEASE.jar;F:\Repositories\Maven\ch\qos\logback\logback-classic\1.1.11\logback-classic-1.1.11.jar;F:\Repositories\Maven\ch\qos\logback\logback-core\1.1.11\logback-core-1.1.11.jar;F:\Repositories\Maven\org\slf4j\jcl-over-slf4j\1.7.25\jcl-over-slf4j-1.7.25.jar;F:\Repositories\Maven\org\slf4j\jul-to-slf4j\1.7.25\jul-to-slf4j-1.7.25.jar;F:\Repositories\Maven\org\slf4j\log4j-over-slf4j\1.7.25\log4j-over-slf4j-1.7.25.jar;F:\Repositories\Maven\org\yaml\snakeyaml\1.17\snakeyaml-1.17.jar;F:\Repositories\Maven\org\springframework\boot\spring-boot-starter-validation\1.5.10.RELEASE\spring-boot-starter-validation-1.5.10.RELEASE.jar;F:\Repositories\Maven\org\apache\tomcat\embed\tomcat-embed-el\8.5.27\tomcat-embed-el-8.5.27.jar;F:\Repositories\Maven\com\101tec\zkclient\0.10\zkclient-0.10.jar;F:\Repositories\Maven\org\apache\zookeeper\zookeeper\3.4.8\zookeeper-3.4.8.jar;F:\Repositories\Maven\jline\jline\0.9.94\jline-0.9.94.jar;F:\Repositories\Maven\io\netty\netty\3.7.0.Final\netty-3.7.0.Final.jar;F:\Repositories\Maven\com\alibaba\dubbo\2.6.0\dubbo-2.6.0.jar;F:\Repositories\Maven\org\springframework\spring-context\4.3.14.RELEASE\spring-context-4.3.14.RELEASE.jar;F:\Repositories\Maven\org\springframework\spring-aop\4.3.14.RELEASE\spring-aop-4.3.14.RELEASE.jar;F:\Repositories\Maven\org\springframework\spring-expression\4.3.14.RELEASE\spring-expression-4.3.14.RELEASE.jar;F:\Repositories\Maven\org\springframework\spring-beans\4.3.14.RELEASE\spring-beans-4.3.14.RELEASE.jar;F:\Repositories\Maven\org\springframework\spring-web\4.3.14.RELEASE\spring-web-4.3.14.RELEASE.jar;F:\Repositories\Maven\org\javassist\javassist\3.21.0-GA\javassist-3.21.0-GA.jar;F:\Repositories\Maven\org\jboss\netty\netty\3.2.5.Final\netty-3.2.5.Final.jar;F:\Repositories\Maven\org\springframework\boot\spring-boot-starter-activemq\1.5.10.RELEASE\spring-boot-starter-activemq-1.5.10.RELEASE.jar;F:\Repositories\Maven\org\springframework\spring-jms\4.3.14.RELEASE\spring-jms-4.3.14.RELEASE.jar;F:\Repositories\Maven\org\springframework\spring-messaging\4.3.14.RELEASE\spring-messaging-4.3.14.RELEASE.jar;F:\Repositories\Maven\org\springframework\spring-tx\4.3.14.RELEASE\spring-tx-4.3.14.RELEASE.jar;F:\Repositories\Maven\org\apache\activemq\activemq-broker\5.14.5\activemq-broker-5.14.5.jar;F:\Repositories\Maven\org\apache\activemq\activemq-openwire-legacy\5.14.5\activemq-openwire-legacy-5.14.5.jar;F:\Repositories\Maven\org\apache\activemq\activemq-pool\5.15.2\activemq-pool-5.15.2.jar;F:\Repositories\Maven\org\slf4j\slf4j-api\1.7.25\slf4j-api-1.7.25.jar;F:\Repositories\Maven\org\apache\activemq\activemq-jms-pool\5.14.5\activemq-jms-pool-5.14.5.jar;F:\Repositories\Maven\org\apache\geronimo\specs\geronimo-jms_1.1_spec\1.1.1\geronimo-jms_1.1_spec-1.1.1.jar;F:\Repositories\Maven\org\apache\activemq\activemq-client\5.14.5\activemq-client-5.14.5.jar;F:\Repositories\Maven\org\fusesource\hawtbuf\hawtbuf\1.11\hawtbuf-1.11.jar;F:\Repositories\Maven\org\apache\geronimo\specs\geronimo-j2ee-management_1.1_spec\1.0.1\geronimo-j2ee-management_1.1_spec-1.0.1.jar;F:\Repositories\Maven\org\apache\geronimo\specs\geronimo-jta_1.0.1B_spec\1.0.1\geronimo-jta_1.0.1B_spec-1.0.1.jar;F:\Repositories\Maven\org\apache\commons\commons-pool2\2.4.3\commons-pool2-2.4.3.jar;F:\Repositories\Maven\org\springframework\boot\spring-boot-starter-jdbc\1.5.10.RELEASE\spring-boot-starter-jdbc-1.5.10.RELEASE.jar;F:\Repositories\Maven\org\apache\tomcat\tomcat-jdbc\8.5.27\tomcat-jdbc-8.5.27.jar;F:\Repositories\Maven\org\apache\tomcat\tomcat-juli\8.5.27\tomcat-juli-8.5.27.jar;F:\Repositories\Maven\org\springframework\spring-jdbc\4.3.14.RELEASE\spring-jdbc-4.3.14.RELEASE.jar;F:\Repositories\Maven\org\mybatis\spring\boot\mybatis-spring-boot-starter\1.3.1\mybatis-spring-boot-starter-1.3.1.jar;F:\Repositories\Maven\org\mybatis\spring\boot\mybatis-spring-boot-autoconfigure\1.3.1\mybatis-spring-boot-autoconfigure-1.3.1.jar;F:\Repositories\Maven\org\mybatis\mybatis\3.4.5\mybatis-3.4.5.jar;F:\Repositories\Maven\org\mybatis\mybatis-spring\1.3.1\mybatis-spring-1.3.1.jar;F:\Repositories\Maven\mysql\mysql-connector-java\5.1.45\mysql-connector-java-5.1.45.jar;F:\Repositories\Maven\redis\clients\jedis\2.9.0\jedis-2.9.0.jar;F:\Repositories\Maven\tk\mybatis\mapper-spring-boot-starter\1.2.3\mapper-spring-boot-starter-1.2.3.jar;F:\Repositories\Maven\tk\mybatis\mapper-spring-boot-autoconfigure\1.2.3\mapper-spring-boot-autoconfigure-1.2.3.jar;F:\Repositories\Maven\tk\mybatis\mapper\3.5.2\mapper-3.5.2.jar;F:\Repositories\Maven\javax\persistence\persistence-api\1.0\persistence-api-1.0.jar;F:\Repositories\Maven\org\springframework\boot\spring-boot-starter-test\1.5.10.RELEASE\spring-boot-starter-test-1.5.10.RELEASE.jar;F:\Repositories\Maven\org\springframework\boot\spring-boot-test\1.5.10.RELEASE\spring-boot-test-1.5.10.RELEASE.jar;F:\Repositories\Maven\org\springframework\boot\spring-boot-test-autoconfigure\1.5.10.RELEASE\spring-boot-test-autoconfigure-1.5.10.RELEASE.jar;F:\Repositories\Maven\com\jayway\jsonpath\json-path\2.2.0\json-path-2.2.0.jar;F:\Repositories\Maven\net\minidev\json-smart\2.2.1\json-smart-2.2.1.jar;F:\Repositories\Maven\net\minidev\accessors-smart\1.1\accessors-smart-1.1.jar;F:\Repositories\Maven\org\ow2\asm\asm\5.0.3\asm-5.0.3.jar;F:\Repositories\Maven\junit\junit\4.12\junit-4.12.jar;F:\Repositories\Maven\org\assertj\assertj-core\2.6.0\assertj-core-2.6.0.jar;F:\Repositories\Maven\org\mockito\mockito-core\1.10.19\mockito-core-1.10.19.jar;F:\Repositories\Maven\org\objenesis\objenesis\2.1\objenesis-2.1.jar;F:\Repositories\Maven\org\hamcrest\hamcrest-core\1.3\hamcrest-core-1.3.jar;F:\Repositories\Maven\org\hamcrest\hamcrest-library\1.3\hamcrest-library-1.3.jar;F:\Repositories\Maven\org\skyscreamer\jsonassert\1.4.0\jsonassert-1.4.0.jar;F:\Repositories\Maven\com\vaadin\external\google\android-json\0.0.20131108.vaadin1\android-json-0.0.20131108.vaadin1.jar;F:\Repositories\Maven\org\springframework\spring-core\4.3.14.RELEASE\spring-core-4.3.14.RELEASE.jar;F:\Repositories\Maven\org\springframework\spring-test\4.3.14.RELEASE\spring-test-4.3.14.RELEASE.jar;F:\Repositories\Maven\org\springframework\boot\spring-boot-starter-web\1.5.10.RELEASE\spring-boot-starter-web-1.5.10.RELEASE.jar;F:\Repositories\Maven\org\springframework\boot\spring-boot-starter-tomcat\1.5.10.RELEASE\spring-boot-starter-tomcat-1.5.10.RELEASE.jar;F:\Repositories\Maven\org\apache\tomcat\embed\tomcat-embed-core\8.5.27\tomcat-embed-core-8.5.27.jar;F:\Repositories\Maven\org\apache\tomcat\tomcat-annotations-api\8.5.27\tomcat-annotations-api-8.5.27.jar;F:\Repositories\Maven\org\apache\tomcat\embed\tomcat-embed-websocket\8.5.27\tomcat-embed-websocket-8.5.27.jar;F:\Repositories\Maven\org\hibernate\hibernate-validator\5.3.6.Final\hibernate-validator-5.3.6.Final.jar;F:\Repositories\Maven\javax\validation\validation-api\1.1.0.Final\validation-api-1.1.0.Final.jar;F:\Repositories\Maven\org\jboss\logging\jboss-logging\3.3.1.Final\jboss-logging-3.3.1.Final.jar;F:\Repositories\Maven\com\fasterxml\classmate\1.3.4\classmate-1.3.4.jar;F:\Repositories\Maven\com\fasterxml\jackson\core\jackson-databind\2.8.10\jackson-databind-2.8.10.jar;F:\Repositories\Maven\com\fasterxml\jackson\core\jackson-annotations\2.8.0\jackson-annotations-2.8.0.jar;F:\Repositories\Maven\com\fasterxml\jackson\core\jackson-core\2.8.10\jackson-core-2.8.10.jar;F:\Repositories\Maven\org\springframework\spring-webmvc\4.3.14.RELEASE\spring-webmvc-4.3.14.RELEASE.jar;F:\Repositories\Maven\com\alibaba\fastjson\1.2.46\fastjson-1.2.46.jar;F:\Repositories\Maven\org\springframework\boot\spring-boot-starter-thymeleaf\1.5.10.RELEASE\spring-boot-starter-thymeleaf-1.5.10.RELEASE.jar;F:\Repositories\Maven\org\thymeleaf\thymeleaf-spring4\2.1.6.RELEASE\thymeleaf-spring4-2.1.6.RELEASE.jar;F:\Repositories\Maven\org\thymeleaf\thymeleaf\2.1.6.RELEASE\thymeleaf-2.1.6.RELEASE.jar;F:\Repositories\Maven\ognl\ognl\3.0.8\ognl-3.0.8.jar;F:\Repositories\Maven\org\unbescape\unbescape\1.1.0.RELEASE\unbescape-1.1.0.RELEASE.jar;F:\Repositories\Maven\nz\net\ultraq\thymeleaf\thymeleaf-layout-dialect\1.4.0\thymeleaf-layout-dialect-1.4.0.jar;F:\Repositories\Maven\org\codehaus\groovy\groovy\2.4.13\groovy-2.4.13.jar;F:\Repositories\Maven\net\sourceforge\nekohtml\nekohtml\1.9.20\nekohtml-1.9.20.jar;F:\Repositories\Maven\xerces\xercesImpl\2.10.0\xercesImpl-2.10.0.jar;F:\Repositories\Maven\xml-apis\xml-apis\1.4.01\xml-apis-1.4.01.jar;F:\Repositories\Maven\org\apache\xmlgraphics\batik-ext\1.9.1\batik-ext-1.9.1.jar;F:\Repositories\Maven\org\apache\httpcomponents\httpclient\4.5.5\httpclient-4.5.5.jar;F:\Repositories\Maven\org\apache\httpcomponents\httpcore\4.4.9\httpcore-4.4.9.jar;F:\Repositories\Maven\commons-logging\commons-logging\1.2\commons-logging-1.2.jar;F:\Repositories\Maven\org\apache\commons\commons-lang3\3.7\commons-lang3-3.7.jar;F:\Repositories\Maven\commons-beanutils\commons-beanutils\1.9.3\commons-beanutils-1.9.3.jar;F:\Repositories\Maven\commons-collections\commons-collections\3.2.2\commons-collections-3.2.2.jar;F:\Repositories\Maven\commons-codec\commons-codec\1.11\commons-codec-1.11.jar;, user.name=Lenovo, java.vm.specification.version=1.8, sun.java.command=E:\gmall0508\gware-manage\target\surefire\surefirebooter458343370226113936.jar E:\gmall0508\gware-manage\target\surefire\surefire3161109468515084790tmp E:\gmall0508\gware-manage\target\surefire\surefire_03524719950964905350tmp, java.home=C:\Program Files\Java\jdk1.8.0_121\jre, sun.arch.data.model=64, user.language=zh, java.specification.vendor=Oracle Corporation, awt.toolkit=sun.awt.windows.WToolkit, java.vm.info=mixed mode, java.version=1.8.0_121, java.ext.dirs=C:\Program Files\Java\jdk1.8.0_121\jre\lib\ext;C:\windows\Sun\Java\lib\ext, sun.boot.class.path=C:\Program Files\Java\jdk1.8.0_121\jre\lib\resources.jar;C:\Program Files\Java\jdk1.8.0_121\jre\lib\rt.jar;C:\Program Files\Java\jdk1.8.0_121\jre\lib\sunrsasign.jar;C:\Program Files\Java\jdk1.8.0_121\jre\lib\jsse.jar;C:\Program Files\Java\jdk1.8.0_121\jre\lib\jce.jar;C:\Program Files\Java\jdk1.8.0_121\jre\lib\charsets.jar;C:\Program Files\Java\jdk1.8.0_121\jre\lib\jfr.jar;C:\Program Files\Java\jdk1.8.0_121\jre\classes, java.vendor=Oracle Corporation, localRepository=F:\Repositories\Maven, file.separator=\, java.vendor.url.bug=http://bugreport.sun.com/bugreport/, sun.io.unicode.encoding=UnicodeLittle, sun.cpu.endian=little, sun.desktop=windows, sun.cpu.isalist=amd64}}, SystemEnvironmentPropertySource@707976812 {name='systemEnvironment', properties={PATH=C:\Program Files (x86)\Common Files\Oracle\Java\javapath;C:\ProgramData\Oracle\Java\javapath;C:\Program Files (x86)\Lenovo\FusionEngine;C:\Program Files (x86)\Intel\iCLS Client\;C:\Program Files\Intel\iCLS Client\;C:\windows\system32;C:\windows;C:\windows\System32\Wbem;C:\windows\System32\WindowsPowerShell\v1.0\;C:\Program Files\Intel\Intel(R) Management Engine Components\DAL;C:\Program Files (x86)\Intel\Intel(R) Management Engine Components\DAL;C:\Program Files\Intel\Intel(R) Management Engine Components\IPT;C:\Program Files (x86)\Intel\Intel(R) Management Engine Components\IPT;C:\Program Files\Intel\WiFi\bin\;C:\Program Files\Common Files\Intel\WirelessCommon\;C:\Program Files (x86)\Lenovo\Motion Control\;F:\maven-3.5\apache-maven-3.5.3\bin;C:\Program Files (x86)\Lenovo\Lenovo Home\;F:\redis\;F:\MongoDB\bin;F:\github\Git\cmd, USERDOMAIN_ROAMINGPROFILE=Lenovo-PC, LOCALAPPDATA=C:\Users\Lenovo\AppData\Local, PROCESSOR_LEVEL=6, SYSTEMDRIVE=C:, COMMONPROGRAMFILES(X86)=C:\Program Files (x86)\Common Files, FP_NO_HOST_CHECK=NO, USERDOMAIN=Lenovo-PC, LOGONSERVER=\\LENOVO-PC, PROMPT=$P$G, SESSIONNAME=Console, ALLUSERSPROFILE=C:\ProgramData, PROGRAMFILES(X86)=C:\Program Files (x86), PROCESSOR_ARCHITECTURE=AMD64, =E:=E:\gmall0508\gware-manage, MAVEN_HOME=F:\maven-3.5\apache-maven-3.5.3, PROGRAMFILES=C:\Program Files, APPDATA=C:\Users\Lenovo\AppData\Roaming, PSMODULEPATH=C:\windows\system32\WindowsPowerShell\v1.0\Modules\, PROGRAMW6432=C:\Program Files, PROGRAMDATA=C:\ProgramData, SYSTEMROOT=C:\windows, USERNAME=Lenovo, VBOX_MSI_INSTALL_PATH=F:\VirtualBox-5.1.26\, CONFIGSETROOT=C:\windows\ConfigSetRoot, PATHEXT=.COM;.EXE;.BAT;.CMD;.VBS;.VBE;.JS;.JSE;.WSF;.WSH;.MSC, OS=Windows_NT, COMMONPROGRAMW6432=C:\Program Files\Common Files, COMPUTERNAME=LENOVO-PC, COMMONPROGRAMFILES=C:\Program Files\Common Files, COMSPEC=C:\windows\system32\cmd.exe, PROCESSOR_REVISION=3d04, WINDIR=C:\windows, HOMEPATH=\Users\Lenovo, TEMP=C:\Users\Lenovo\AppData\Local\Temp, HOMEDRIVE=C:, PROCESSOR_IDENTIFIER=Intel64 Family 6 Model 61 Stepping 4, GenuineIntel, USERPROFILE=C:\Users\Lenovo, TMP=C:\Users\Lenovo\AppData\Local\Temp, PUBLIC=C:\Users\Public, NUMBER_OF_PROCESSORS=4, =::=::\}}]
11:06:09.588 [main] INFO org.springframework.boot.test.context.SpringBootTestContextBootstrapper - Found @SpringBootConfiguration com.atguigu.GwareManageApplication for test class com.atguigu.gware.controller.GwareManageApplicationTests
11:06:09.589 [main] DEBUG org.springframework.boot.test.context.SpringBootTestContextBootstrapper - @TestExecutionListeners is not present for class [com.atguigu.gware.controller.GwareManageApplicationTests]: using defaults.
11:06:09.596 [main] INFO org.springframework.boot.test.context.SpringBootTestContextBootstrapper - Loaded default TestExecutionListener class names from location [META-INF/spring.factories]: [org.springframework.boot.test.mock.mockito.MockitoTestExecutionListener, org.springframework.boot.test.mock.mockito.ResetMocksTestExecutionListener, org.springframework.boot.test.autoconfigure.restdocs.RestDocsTestExecutionListener, org.springframework.boot.test.autoconfigure.web.client.MockRestServiceServerResetTestExecutionListener, org.springframework.boot.test.autoconfigure.web.servlet.MockMvcPrintOnlyOnFailureTestExecutionListener, org.springframework.boot.test.autoconfigure.web.servlet.WebDriverTestExecutionListener, org.springframework.test.context.web.ServletTestExecutionListener, org.springframework.test.context.support.DirtiesContextBeforeModesTestExecutionListener, org.springframework.test.context.support.DependencyInjectionTestExecutionListener, org.springframework.test.context.support.DirtiesContextTestExecutionListener, org.springframework.test.context.transaction.TransactionalTestExecutionListener, org.springframework.test.context.jdbc.SqlScriptsTestExecutionListener]
11:06:09.601 [main] INFO org.springframework.boot.test.context.SpringBootTestContextBootstrapper - Using TestExecutionListeners: [org.springframework.test.context.web.ServletTestExecutionListener@309e345f, org.springframework.test.context.support.DirtiesContextBeforeModesTestExecutionListener@56a6d5a6, org.springframework.boot.test.autoconfigure.SpringBootDependencyInjectionTestExecutionListener@18ce0030, org.springframework.test.context.support.DirtiesContextTestExecutionListener@4445629, org.springframework.test.context.transaction.TransactionalTestExecutionListener@45b9a632, org.springframework.test.context.jdbc.SqlScriptsTestExecutionListener@25d250c6, org.springframework.boot.test.mock.mockito.MockitoTestExecutionListener@4df50bcc, org.springframework.boot.test.mock.mockito.ResetMocksTestExecutionListener@6b26e945, org.springframework.boot.test.autoconfigure.restdocs.RestDocsTestExecutionListener@63a65a25, org.springframework.boot.test.autoconfigure.web.client.MockRestServiceServerResetTestExecutionListener@54c562f7, org.springframework.boot.test.autoconfigure.web.servlet.MockMvcPrintOnlyOnFailureTestExecutionListener@318ba8c8, org.springframework.boot.test.autoconfigure.web.servlet.WebDriverTestExecutionListener@6dbb137d]
11:06:09.602 [main] DEBUG org.springframework.test.annotation.ProfileValueUtils - Retrieved @ProfileValueSourceConfiguration [null] for test class [com.atguigu.gware.controller.GwareManageApplicationTests]
11:06:09.602 [main] DEBUG org.springframework.test.annotation.ProfileValueUtils - Retrieved ProfileValueSource type [class org.springframework.test.annotation.SystemProfileValueSource] for class [com.atguigu.gware.controller.GwareManageApplicationTests]
11:06:09.603 [main] DEBUG org.springframework.test.annotation.ProfileValueUtils - Retrieved @ProfileValueSourceConfiguration [null] for test class [com.atguigu.gware.controller.GwareManageApplicationTests]
11:06:09.603 [main] DEBUG org.springframework.test.annotation.ProfileValueUtils - Retrieved ProfileValueSource type [class org.springframework.test.annotation.SystemProfileValueSource] for class [com.atguigu.gware.controller.GwareManageApplicationTests]
11:06:09.613 [main] DEBUG org.springframework.test.context.support.AbstractDirtiesContextTestExecutionListener - Before test class: context [DefaultTestContext@51e5fc98 testClass = GwareManageApplicationTests, testInstance = [null], testMethod = [null], testException = [null], mergedContextConfiguration = [WebMergedContextConfiguration@7c469c48 testClass = GwareManageApplicationTests, locations = '{}', classes = '{class com.atguigu.GwareManageApplication}', contextInitializerClasses = '[]', activeProfiles = '{}', propertySourceLocations = '{}', propertySourceProperties = '{org.springframework.boot.test.context.SpringBootTestContextBootstrapper=true}', contextCustomizers = set[org.springframework.boot.test.context.SpringBootTestContextCustomizer@2a17b7b6, org.springframework.boot.test.context.filter.ExcludeFilterContextCustomizer@76707e36, org.springframework.boot.test.json.DuplicateJsonObjectContextCustomizerFactory$DuplicateJsonObjectContextCustomizer@694e1548, org.springframework.boot.test.mock.mockito.MockitoContextCustomizer@0, org.springframework.boot.test.autoconfigure.properties.PropertyMappingContextCustomizer@0, org.springframework.boot.test.autoconfigure.web.servlet.WebDriverContextCustomizerFactory$Customizer@59e5ddf], resourceBasePath = 'src/main/webapp', contextLoader = 'org.springframework.boot.test.context.SpringBootContextLoader', parent = [null]]], class annotated with @DirtiesContext [false] with mode [null].
11:06:09.614 [main] DEBUG org.springframework.test.annotation.ProfileValueUtils - Retrieved @ProfileValueSourceConfiguration [null] for test class [com.atguigu.gware.controller.GwareManageApplicationTests]
11:06:09.614 [main] DEBUG org.springframework.test.annotation.ProfileValueUtils - Retrieved ProfileValueSource type [class org.springframework.test.annotation.SystemProfileValueSource] for class [com.atguigu.gware.controller.GwareManageApplicationTests]
11:06:09.715 [main] DEBUG org.springframework.core.env.StandardEnvironment - Adding PropertySource 'systemProperties' with lowest search precedence
11:06:09.715 [main] DEBUG org.springframework.core.env.StandardEnvironment - Adding PropertySource 'systemEnvironment' with lowest search precedence
11:06:09.716 [main] DEBUG org.springframework.core.env.StandardEnvironment - Initialized StandardEnvironment with PropertySources [MapPropertySource@1427651360 {name='systemProperties', properties={idea.version=2018.1.6, java.runtime.name=Java(TM) SE Runtime Environment, sun.boot.library.path=C:\Program Files\Java\jdk1.8.0_121\jre\bin, java.vm.version=25.121-b13, java.vm.vendor=Oracle Corporation, java.vendor.url=http://java.oracle.com/, path.separator=;, java.vm.name=Java HotSpot(TM) 64-Bit Server VM, file.encoding.pkg=sun.io, user.country=CN, user.script=, sun.java.launcher=SUN_STANDARD, sun.os.patch.level=, java.vm.specification.name=Java Virtual Machine Specification, user.dir=E:\gmall0508\gware-manage, java.runtime.version=1.8.0_121-b13, basedir=E:\gmall0508\gware-manage, java.awt.graphicsenv=sun.awt.Win32GraphicsEnvironment, java.endorsed.dirs=C:\Program Files\Java\jdk1.8.0_121\jre\lib\endorsed, os.arch=amd64, surefire.real.class.path=E:\gmall0508\gware-manage\target\surefire\surefirebooter458343370226113936.jar, java.io.tmpdir=C:\Users\Lenovo\AppData\Local\Temp\, line.separator=
, java.vm.specification.vendor=Oracle Corporation, user.variant=, os.name=Windows 8.1, sun.jnu.encoding=GBK, java.library.path=C:\Program Files\Java\jdk1.8.0_121\jre\bin;C:\windows\Sun\Java\bin;C:\windows\system32;C:\windows;C:\Program Files (x86)\Common Files\Oracle\Java\javapath;C:\ProgramData\Oracle\Java\javapath;C:\Program Files (x86)\Lenovo\FusionEngine;C:\Program Files (x86)\Intel\iCLS Client\;C:\Program Files\Intel\iCLS Client\;C:\windows\system32;C:\windows;C:\windows\System32\Wbem;C:\windows\System32\WindowsPowerShell\v1.0\;C:\Program Files\Intel\Intel(R) Management Engine Components\DAL;C:\Program Files (x86)\Intel\Intel(R) Management Engine Components\DAL;C:\Program Files\Intel\Intel(R) Management Engine Components\IPT;C:\Program Files (x86)\Intel\Intel(R) Management Engine Components\IPT;C:\Program Files\Intel\WiFi\bin\;C:\Program Files\Common Files\Intel\WirelessCommon\;C:\Program Files (x86)\Lenovo\Motion Control\;F:\maven-3.5\apache-maven-3.5.3\bin;C:\Program Files (x86)\Lenovo\Lenovo Home\;F:\redis\;F:\MongoDB\bin;F:\github\Git\cmd;., surefire.test.class.path=E:\gmall0508\gware-manage\target\test-classes;E:\gmall0508\gware-manage\target\classes;F:\Repositories\Maven\com\gitee\reger\spring-boot-starter-dubbo\1.0.10\spring-boot-starter-dubbo-1.0.10.jar;F:\Repositories\Maven\org\springframework\boot\spring-boot-starter\1.5.10.RELEASE\spring-boot-starter-1.5.10.RELEASE.jar;F:\Repositories\Maven\org\springframework\boot\spring-boot\1.5.10.RELEASE\spring-boot-1.5.10.RELEASE.jar;F:\Repositories\Maven\org\springframework\boot\spring-boot-autoconfigure\1.5.10.RELEASE\spring-boot-autoconfigure-1.5.10.RELEASE.jar;F:\Repositories\Maven\org\springframework\boot\spring-boot-starter-logging\1.5.10.RELEASE\spring-boot-starter-logging-1.5.10.RELEASE.jar;F:\Repositories\Maven\ch\qos\logback\logback-classic\1.1.11\logback-classic-1.1.11.jar;F:\Repositories\Maven\ch\qos\logback\logback-core\1.1.11\logback-core-1.1.11.jar;F:\Repositories\Maven\org\slf4j\jcl-over-slf4j\1.7.25\jcl-over-slf4j-1.7.25.jar;F:\Repositories\Maven\org\slf4j\jul-to-slf4j\1.7.25\jul-to-slf4j-1.7.25.jar;F:\Repositories\Maven\org\slf4j\log4j-over-slf4j\1.7.25\log4j-over-slf4j-1.7.25.jar;F:\Repositories\Maven\org\yaml\snakeyaml\1.17\snakeyaml-1.17.jar;F:\Repositories\Maven\org\springframework\boot\spring-boot-starter-validation\1.5.10.RELEASE\spring-boot-starter-validation-1.5.10.RELEASE.jar;F:\Repositories\Maven\org\apache\tomcat\embed\tomcat-embed-el\8.5.27\tomcat-embed-el-8.5.27.jar;F:\Repositories\Maven\com\101tec\zkclient\0.10\zkclient-0.10.jar;F:\Repositories\Maven\org\apache\zookeeper\zookeeper\3.4.8\zookeeper-3.4.8.jar;F:\Repositories\Maven\jline\jline\0.9.94\jline-0.9.94.jar;F:\Repositories\Maven\io\netty\netty\3.7.0.Final\netty-3.7.0.Final.jar;F:\Repositories\Maven\com\alibaba\dubbo\2.6.0\dubbo-2.6.0.jar;F:\Repositories\Maven\org\springframework\spring-context\4.3.14.RELEASE\spring-context-4.3.14.RELEASE.jar;F:\Repositories\Maven\org\springframework\spring-aop\4.3.14.RELEASE\spring-aop-4.3.14.RELEASE.jar;F:\Repositories\Maven\org\springframework\spring-expression\4.3.14.RELEASE\spring-expression-4.3.14.RELEASE.jar;F:\Repositories\Maven\org\springframework\spring-beans\4.3.14.RELEASE\spring-beans-4.3.14.RELEASE.jar;F:\Repositories\Maven\org\springframework\spring-web\4.3.14.RELEASE\spring-web-4.3.14.RELEASE.jar;F:\Repositories\Maven\org\javassist\javassist\3.21.0-GA\javassist-3.21.0-GA.jar;F:\Repositories\Maven\org\jboss\netty\netty\3.2.5.Final\netty-3.2.5.Final.jar;F:\Repositories\Maven\org\springframework\boot\spring-boot-starter-activemq\1.5.10.RELEASE\spring-boot-starter-activemq-1.5.10.RELEASE.jar;F:\Repositories\Maven\org\springframework\spring-jms\4.3.14.RELEASE\spring-jms-4.3.14.RELEASE.jar;F:\Repositories\Maven\org\springframework\spring-messaging\4.3.14.RELEASE\spring-messaging-4.3.14.RELEASE.jar;F:\Repositories\Maven\org\springframework\spring-tx\4.3.14.RELEASE\spring-tx-4.3.14.RELEASE.jar;F:\Repositories\Maven\org\apache\activemq\activemq-broker\5.14.5\activemq-broker-5.14.5.jar;F:\Repositories\Maven\org\apache\activemq\activemq-openwire-legacy\5.14.5\activemq-openwire-legacy-5.14.5.jar;F:\Repositories\Maven\org\apache\activemq\activemq-pool\5.15.2\activemq-pool-5.15.2.jar;F:\Repositories\Maven\org\slf4j\slf4j-api\1.7.25\slf4j-api-1.7.25.jar;F:\Repositories\Maven\org\apache\activemq\activemq-jms-pool\5.14.5\activemq-jms-pool-5.14.5.jar;F:\Repositories\Maven\org\apache\geronimo\specs\geronimo-jms_1.1_spec\1.1.1\geronimo-jms_1.1_spec-1.1.1.jar;F:\Repositories\Maven\org\apache\activemq\activemq-client\5.14.5\activemq-client-5.14.5.jar;F:\Repositories\Maven\org\fusesource\hawtbuf\hawtbuf\1.11\hawtbuf-1.11.jar;F:\Repositories\Maven\org\apache\geronimo\specs\geronimo-j2ee-management_1.1_spec\1.0.1\geronimo-j2ee-management_1.1_spec-1.0.1.jar;F:\Repositories\Maven\org\apache\geronimo\specs\geronimo-jta_1.0.1B_spec\1.0.1\geronimo-jta_1.0.1B_spec-1.0.1.jar;F:\Repositories\Maven\org\apache\commons\commons-pool2\2.4.3\commons-pool2-2.4.3.jar;F:\Repositories\Maven\org\springframework\boot\spring-boot-starter-jdbc\1.5.10.RELEASE\spring-boot-starter-jdbc-1.5.10.RELEASE.jar;F:\Repositories\Maven\org\apache\tomcat\tomcat-jdbc\8.5.27\tomcat-jdbc-8.5.27.jar;F:\Repositories\Maven\org\apache\tomcat\tomcat-juli\8.5.27\tomcat-juli-8.5.27.jar;F:\Repositories\Maven\org\springframework\spring-jdbc\4.3.14.RELEASE\spring-jdbc-4.3.14.RELEASE.jar;F:\Repositories\Maven\org\mybatis\spring\boot\mybatis-spring-boot-starter\1.3.1\mybatis-spring-boot-starter-1.3.1.jar;F:\Repositories\Maven\org\mybatis\spring\boot\mybatis-spring-boot-autoconfigure\1.3.1\mybatis-spring-boot-autoconfigure-1.3.1.jar;F:\Repositories\Maven\org\mybatis\mybatis\3.4.5\mybatis-3.4.5.jar;F:\Repositories\Maven\org\mybatis\mybatis-spring\1.3.1\mybatis-spring-1.3.1.jar;F:\Repositories\Maven\mysql\mysql-connector-java\5.1.45\mysql-connector-java-5.1.45.jar;F:\Repositories\Maven\redis\clients\jedis\2.9.0\jedis-2.9.0.jar;F:\Repositories\Maven\tk\mybatis\mapper-spring-boot-starter\1.2.3\mapper-spring-boot-starter-1.2.3.jar;F:\Repositories\Maven\tk\mybatis\mapper-spring-boot-autoconfigure\1.2.3\mapper-spring-boot-autoconfigure-1.2.3.jar;F:\Repositories\Maven\tk\mybatis\mapper\3.5.2\mapper-3.5.2.jar;F:\Repositories\Maven\javax\persistence\persistence-api\1.0\persistence-api-1.0.jar;F:\Repositories\Maven\org\springframework\boot\spring-boot-starter-test\1.5.10.RELEASE\spring-boot-starter-test-1.5.10.RELEASE.jar;F:\Repositories\Maven\org\springframework\boot\spring-boot-test\1.5.10.RELEASE\spring-boot-test-1.5.10.RELEASE.jar;F:\Repositories\Maven\org\springframework\boot\spring-boot-test-autoconfigure\1.5.10.RELEASE\spring-boot-test-autoconfigure-1.5.10.RELEASE.jar;F:\Repositories\Maven\com\jayway\jsonpath\json-path\2.2.0\json-path-2.2.0.jar;F:\Repositories\Maven\net\minidev\json-smart\2.2.1\json-smart-2.2.1.jar;F:\Repositories\Maven\net\minidev\accessors-smart\1.1\accessors-smart-1.1.jar;F:\Repositories\Maven\org\ow2\asm\asm\5.0.3\asm-5.0.3.jar;F:\Repositories\Maven\junit\junit\4.12\junit-4.12.jar;F:\Repositories\Maven\org\assertj\assertj-core\2.6.0\assertj-core-2.6.0.jar;F:\Repositories\Maven\org\mockito\mockito-core\1.10.19\mockito-core-1.10.19.jar;F:\Repositories\Maven\org\objenesis\objenesis\2.1\objenesis-2.1.jar;F:\Repositories\Maven\org\hamcrest\hamcrest-core\1.3\hamcrest-core-1.3.jar;F:\Repositories\Maven\org\hamcrest\hamcrest-library\1.3\hamcrest-library-1.3.jar;F:\Repositories\Maven\org\skyscreamer\jsonassert\1.4.0\jsonassert-1.4.0.jar;F:\Repositories\Maven\com\vaadin\external\google\android-json\0.0.20131108.vaadin1\android-json-0.0.20131108.vaadin1.jar;F:\Repositories\Maven\org\springframework\spring-core\4.3.14.RELEASE\spring-core-4.3.14.RELEASE.jar;F:\Repositories\Maven\org\springframework\spring-test\4.3.14.RELEASE\spring-test-4.3.14.RELEASE.jar;F:\Repositories\Maven\org\springframework\boot\spring-boot-starter-web\1.5.10.RELEASE\spring-boot-starter-web-1.5.10.RELEASE.jar;F:\Repositories\Maven\org\springframework\boot\spring-boot-starter-tomcat\1.5.10.RELEASE\spring-boot-starter-tomcat-1.5.10.RELEASE.jar;F:\Repositories\Maven\org\apache\tomcat\embed\tomcat-embed-core\8.5.27\tomcat-embed-core-8.5.27.jar;F:\Repositories\Maven\org\apache\tomcat\tomcat-annotations-api\8.5.27\tomcat-annotations-api-8.5.27.jar;F:\Repositories\Maven\org\apache\tomcat\embed\tomcat-embed-websocket\8.5.27\tomcat-embed-websocket-8.5.27.jar;F:\Repositories\Maven\org\hibernate\hibernate-validator\5.3.6.Final\hibernate-validator-5.3.6.Final.jar;F:\Repositories\Maven\javax\validation\validation-api\1.1.0.Final\validation-api-1.1.0.Final.jar;F:\Repositories\Maven\org\jboss\logging\jboss-logging\3.3.1.Final\jboss-logging-3.3.1.Final.jar;F:\Repositories\Maven\com\fasterxml\classmate\1.3.4\classmate-1.3.4.jar;F:\Repositories\Maven\com\fasterxml\jackson\core\jackson-databind\2.8.10\jackson-databind-2.8.10.jar;F:\Repositories\Maven\com\fasterxml\jackson\core\jackson-annotations\2.8.0\jackson-annotations-2.8.0.jar;F:\Repositories\Maven\com\fasterxml\jackson\core\jackson-core\2.8.10\jackson-core-2.8.10.jar;F:\Repositories\Maven\org\springframework\spring-webmvc\4.3.14.RELEASE\spring-webmvc-4.3.14.RELEASE.jar;F:\Repositories\Maven\com\alibaba\fastjson\1.2.46\fastjson-1.2.46.jar;F:\Repositories\Maven\org\springframework\boot\spring-boot-starter-thymeleaf\1.5.10.RELEASE\spring-boot-starter-thymeleaf-1.5.10.RELEASE.jar;F:\Repositories\Maven\org\thymeleaf\thymeleaf-spring4\2.1.6.RELEASE\thymeleaf-spring4-2.1.6.RELEASE.jar;F:\Repositories\Maven\org\thymeleaf\thymeleaf\2.1.6.RELEASE\thymeleaf-2.1.6.RELEASE.jar;F:\Repositories\Maven\ognl\ognl\3.0.8\ognl-3.0.8.jar;F:\Repositories\Maven\org\unbescape\unbescape\1.1.0.RELEASE\unbescape-1.1.0.RELEASE.jar;F:\Repositories\Maven\nz\net\ultraq\thymeleaf\thymeleaf-layout-dialect\1.4.0\thymeleaf-layout-dialect-1.4.0.jar;F:\Repositories\Maven\org\codehaus\groovy\groovy\2.4.13\groovy-2.4.13.jar;F:\Repositories\Maven\net\sourceforge\nekohtml\nekohtml\1.9.20\nekohtml-1.9.20.jar;F:\Repositories\Maven\xerces\xercesImpl\2.10.0\xercesImpl-2.10.0.jar;F:\Repositories\Maven\xml-apis\xml-apis\1.4.01\xml-apis-1.4.01.jar;F:\Repositories\Maven\org\apache\xmlgraphics\batik-ext\1.9.1\batik-ext-1.9.1.jar;F:\Repositories\Maven\org\apache\httpcomponents\httpclient\4.5.5\httpclient-4.5.5.jar;F:\Repositories\Maven\org\apache\httpcomponents\httpcore\4.4.9\httpcore-4.4.9.jar;F:\Repositories\Maven\commons-logging\commons-logging\1.2\commons-logging-1.2.jar;F:\Repositories\Maven\org\apache\commons\commons-lang3\3.7\commons-lang3-3.7.jar;F:\Repositories\Maven\commons-beanutils\commons-beanutils\1.9.3\commons-beanutils-1.9.3.jar;F:\Repositories\Maven\commons-collections\commons-collections\3.2.2\commons-collections-3.2.2.jar;F:\Repositories\Maven\commons-codec\commons-codec\1.11\commons-codec-1.11.jar;, java.specification.name=Java Platform API Specification, java.class.version=52.0, sun.management.compiler=HotSpot 64-Bit Tiered Compilers, os.version=6.3, user.home=C:\Users\Lenovo, user.timezone=Asia/Shanghai, java.awt.printerjob=sun.awt.windows.WPrinterJob, file.encoding=GBK, java.specification.version=1.8, java.class.path=E:\gmall0508\gware-manage\target\test-classes;E:\gmall0508\gware-manage\target\classes;F:\Repositories\Maven\com\gitee\reger\spring-boot-starter-dubbo\1.0.10\spring-boot-starter-dubbo-1.0.10.jar;F:\Repositories\Maven\org\springframework\boot\spring-boot-starter\1.5.10.RELEASE\spring-boot-starter-1.5.10.RELEASE.jar;F:\Repositories\Maven\org\springframework\boot\spring-boot\1.5.10.RELEASE\spring-boot-1.5.10.RELEASE.jar;F:\Repositories\Maven\org\springframework\boot\spring-boot-autoconfigure\1.5.10.RELEASE\spring-boot-autoconfigure-1.5.10.RELEASE.jar;F:\Repositories\Maven\org\springframework\boot\spring-boot-starter-logging\1.5.10.RELEASE\spring-boot-starter-logging-1.5.10.RELEASE.jar;F:\Repositories\Maven\ch\qos\logback\logback-classic\1.1.11\logback-classic-1.1.11.jar;F:\Repositories\Maven\ch\qos\logback\logback-core\1.1.11\logback-core-1.1.11.jar;F:\Repositories\Maven\org\slf4j\jcl-over-slf4j\1.7.25\jcl-over-slf4j-1.7.25.jar;F:\Repositories\Maven\org\slf4j\jul-to-slf4j\1.7.25\jul-to-slf4j-1.7.25.jar;F:\Repositories\Maven\org\slf4j\log4j-over-slf4j\1.7.25\log4j-over-slf4j-1.7.25.jar;F:\Repositories\Maven\org\yaml\snakeyaml\1.17\snakeyaml-1.17.jar;F:\Repositories\Maven\org\springframework\boot\spring-boot-starter-validation\1.5.10.RELEASE\spring-boot-starter-validation-1.5.10.RELEASE.jar;F:\Repositories\Maven\org\apache\tomcat\embed\tomcat-embed-el\8.5.27\tomcat-embed-el-8.5.27.jar;F:\Repositories\Maven\com\101tec\zkclient\0.10\zkclient-0.10.jar;F:\Repositories\Maven\org\apache\zookeeper\zookeeper\3.4.8\zookeeper-3.4.8.jar;F:\Repositories\Maven\jline\jline\0.9.94\jline-0.9.94.jar;F:\Repositories\Maven\io\netty\netty\3.7.0.Final\netty-3.7.0.Final.jar;F:\Repositories\Maven\com\alibaba\dubbo\2.6.0\dubbo-2.6.0.jar;F:\Repositories\Maven\org\springframework\spring-context\4.3.14.RELEASE\spring-context-4.3.14.RELEASE.jar;F:\Repositories\Maven\org\springframework\spring-aop\4.3.14.RELEASE\spring-aop-4.3.14.RELEASE.jar;F:\Repositories\Maven\org\springframework\spring-expression\4.3.14.RELEASE\spring-expression-4.3.14.RELEASE.jar;F:\Repositories\Maven\org\springframework\spring-beans\4.3.14.RELEASE\spring-beans-4.3.14.RELEASE.jar;F:\Repositories\Maven\org\springframework\spring-web\4.3.14.RELEASE\spring-web-4.3.14.RELEASE.jar;F:\Repositories\Maven\org\javassist\javassist\3.21.0-GA\javassist-3.21.0-GA.jar;F:\Repositories\Maven\org\jboss\netty\netty\3.2.5.Final\netty-3.2.5.Final.jar;F:\Repositories\Maven\org\springframework\boot\spring-boot-starter-activemq\1.5.10.RELEASE\spring-boot-starter-activemq-1.5.10.RELEASE.jar;F:\Repositories\Maven\org\springframework\spring-jms\4.3.14.RELEASE\spring-jms-4.3.14.RELEASE.jar;F:\Repositories\Maven\org\springframework\spring-messaging\4.3.14.RELEASE\spring-messaging-4.3.14.RELEASE.jar;F:\Repositories\Maven\org\springframework\spring-tx\4.3.14.RELEASE\spring-tx-4.3.14.RELEASE.jar;F:\Repositories\Maven\org\apache\activemq\activemq-broker\5.14.5\activemq-broker-5.14.5.jar;F:\Repositories\Maven\org\apache\activemq\activemq-openwire-legacy\5.14.5\activemq-openwire-legacy-5.14.5.jar;F:\Repositories\Maven\org\apache\activemq\activemq-pool\5.15.2\activemq-pool-5.15.2.jar;F:\Repositories\Maven\org\slf4j\slf4j-api\1.7.25\slf4j-api-1.7.25.jar;F:\Repositories\Maven\org\apache\activemq\activemq-jms-pool\5.14.5\activemq-jms-pool-5.14.5.jar;F:\Repositories\Maven\org\apache\geronimo\specs\geronimo-jms_1.1_spec\1.1.1\geronimo-jms_1.1_spec-1.1.1.jar;F:\Repositories\Maven\org\apache\activemq\activemq-client\5.14.5\activemq-client-5.14.5.jar;F:\Repositories\Maven\org\fusesource\hawtbuf\hawtbuf\1.11\hawtbuf-1.11.jar;F:\Repositories\Maven\org\apache\geronimo\specs\geronimo-j2ee-management_1.1_spec\1.0.1\geronimo-j2ee-management_1.1_spec-1.0.1.jar;F:\Repositories\Maven\org\apache\geronimo\specs\geronimo-jta_1.0.1B_spec\1.0.1\geronimo-jta_1.0.1B_spec-1.0.1.jar;F:\Repositories\Maven\org\apache\commons\commons-pool2\2.4.3\commons-pool2-2.4.3.jar;F:\Repositories\Maven\org\springframework\boot\spring-boot-starter-jdbc\1.5.10.RELEASE\spring-boot-starter-jdbc-1.5.10.RELEASE.jar;F:\Repositories\Maven\org\apache\tomcat\tomcat-jdbc\8.5.27\tomcat-jdbc-8.5.27.jar;F:\Repositories\Maven\org\apache\tomcat\tomcat-juli\8.5.27\tomcat-juli-8.5.27.jar;F:\Repositories\Maven\org\springframework\spring-jdbc\4.3.14.RELEASE\spring-jdbc-4.3.14.RELEASE.jar;F:\Repositories\Maven\org\mybatis\spring\boot\mybatis-spring-boot-starter\1.3.1\mybatis-spring-boot-starter-1.3.1.jar;F:\Repositories\Maven\org\mybatis\spring\boot\mybatis-spring-boot-autoconfigure\1.3.1\mybatis-spring-boot-autoconfigure-1.3.1.jar;F:\Repositories\Maven\org\mybatis\mybatis\3.4.5\mybatis-3.4.5.jar;F:\Repositories\Maven\org\mybatis\mybatis-spring\1.3.1\mybatis-spring-1.3.1.jar;F:\Repositories\Maven\mysql\mysql-connector-java\5.1.45\mysql-connector-java-5.1.45.jar;F:\Repositories\Maven\redis\clients\jedis\2.9.0\jedis-2.9.0.jar;F:\Repositories\Maven\tk\mybatis\mapper-spring-boot-starter\1.2.3\mapper-spring-boot-starter-1.2.3.jar;F:\Repositories\Maven\tk\mybatis\mapper-spring-boot-autoconfigure\1.2.3\mapper-spring-boot-autoconfigure-1.2.3.jar;F:\Repositories\Maven\tk\mybatis\mapper\3.5.2\mapper-3.5.2.jar;F:\Repositories\Maven\javax\persistence\persistence-api\1.0\persistence-api-1.0.jar;F:\Repositories\Maven\org\springframework\boot\spring-boot-starter-test\1.5.10.RELEASE\spring-boot-starter-test-1.5.10.RELEASE.jar;F:\Repositories\Maven\org\springframework\boot\spring-boot-test\1.5.10.RELEASE\spring-boot-test-1.5.10.RELEASE.jar;F:\Repositories\Maven\org\springframework\boot\spring-boot-test-autoconfigure\1.5.10.RELEASE\spring-boot-test-autoconfigure-1.5.10.RELEASE.jar;F:\Repositories\Maven\com\jayway\jsonpath\json-path\2.2.0\json-path-2.2.0.jar;F:\Repositories\Maven\net\minidev\json-smart\2.2.1\json-smart-2.2.1.jar;F:\Repositories\Maven\net\minidev\accessors-smart\1.1\accessors-smart-1.1.jar;F:\Repositories\Maven\org\ow2\asm\asm\5.0.3\asm-5.0.3.jar;F:\Repositories\Maven\junit\junit\4.12\junit-4.12.jar;F:\Repositories\Maven\org\assertj\assertj-core\2.6.0\assertj-core-2.6.0.jar;F:\Repositories\Maven\org\mockito\mockito-core\1.10.19\mockito-core-1.10.19.jar;F:\Repositories\Maven\org\objenesis\objenesis\2.1\objenesis-2.1.jar;F:\Repositories\Maven\org\hamcrest\hamcrest-core\1.3\hamcrest-core-1.3.jar;F:\Repositories\Maven\org\hamcrest\hamcrest-library\1.3\hamcrest-library-1.3.jar;F:\Repositories\Maven\org\skyscreamer\jsonassert\1.4.0\jsonassert-1.4.0.jar;F:\Repositories\Maven\com\vaadin\external\google\android-json\0.0.20131108.vaadin1\android-json-0.0.20131108.vaadin1.jar;F:\Repositories\Maven\org\springframework\spring-core\4.3.14.RELEASE\spring-core-4.3.14.RELEASE.jar;F:\Repositories\Maven\org\springframework\spring-test\4.3.14.RELEASE\spring-test-4.3.14.RELEASE.jar;F:\Repositories\Maven\org\springframework\boot\spring-boot-starter-web\1.5.10.RELEASE\spring-boot-starter-web-1.5.10.RELEASE.jar;F:\Repositories\Maven\org\springframework\boot\spring-boot-starter-tomcat\1.5.10.RELEASE\spring-boot-starter-tomcat-1.5.10.RELEASE.jar;F:\Repositories\Maven\org\apache\tomcat\embed\tomcat-embed-core\8.5.27\tomcat-embed-core-8.5.27.jar;F:\Repositories\Maven\org\apache\tomcat\tomcat-annotations-api\8.5.27\tomcat-annotations-api-8.5.27.jar;F:\Repositories\Maven\org\apache\tomcat\embed\tomcat-embed-websocket\8.5.27\tomcat-embed-websocket-8.5.27.jar;F:\Repositories\Maven\org\hibernate\hibernate-validator\5.3.6.Final\hibernate-validator-5.3.6.Final.jar;F:\Repositories\Maven\javax\validation\validation-api\1.1.0.Final\validation-api-1.1.0.Final.jar;F:\Repositories\Maven\org\jboss\logging\jboss-logging\3.3.1.Final\jboss-logging-3.3.1.Final.jar;F:\Repositories\Maven\com\fasterxml\classmate\1.3.4\classmate-1.3.4.jar;F:\Repositories\Maven\com\fasterxml\jackson\core\jackson-databind\2.8.10\jackson-databind-2.8.10.jar;F:\Repositories\Maven\com\fasterxml\jackson\core\jackson-annotations\2.8.0\jackson-annotations-2.8.0.jar;F:\Repositories\Maven\com\fasterxml\jackson\core\jackson-core\2.8.10\jackson-core-2.8.10.jar;F:\Repositories\Maven\org\springframework\spring-webmvc\4.3.14.RELEASE\spring-webmvc-4.3.14.RELEASE.jar;F:\Repositories\Maven\com\alibaba\fastjson\1.2.46\fastjson-1.2.46.jar;F:\Repositories\Maven\org\springframework\boot\spring-boot-starter-thymeleaf\1.5.10.RELEASE\spring-boot-starter-thymeleaf-1.5.10.RELEASE.jar;F:\Repositories\Maven\org\thymeleaf\thymeleaf-spring4\2.1.6.RELEASE\thymeleaf-spring4-2.1.6.RELEASE.jar;F:\Repositories\Maven\org\thymeleaf\thymeleaf\2.1.6.RELEASE\thymeleaf-2.1.6.RELEASE.jar;F:\Repositories\Maven\ognl\ognl\3.0.8\ognl-3.0.8.jar;F:\Repositories\Maven\org\unbescape\unbescape\1.1.0.RELEASE\unbescape-1.1.0.RELEASE.jar;F:\Repositories\Maven\nz\net\ultraq\thymeleaf\thymeleaf-layout-dialect\1.4.0\thymeleaf-layout-dialect-1.4.0.jar;F:\Repositories\Maven\org\codehaus\groovy\groovy\2.4.13\groovy-2.4.13.jar;F:\Repositories\Maven\net\sourceforge\nekohtml\nekohtml\1.9.20\nekohtml-1.9.20.jar;F:\Repositories\Maven\xerces\xercesImpl\2.10.0\xercesImpl-2.10.0.jar;F:\Repositories\Maven\xml-apis\xml-apis\1.4.01\xml-apis-1.4.01.jar;F:\Repositories\Maven\org\apache\xmlgraphics\batik-ext\1.9.1\batik-ext-1.9.1.jar;F:\Repositories\Maven\org\apache\httpcomponents\httpclient\4.5.5\httpclient-4.5.5.jar;F:\Repositories\Maven\org\apache\httpcomponents\httpcore\4.4.9\httpcore-4.4.9.jar;F:\Repositories\Maven\commons-logging\commons-logging\1.2\commons-logging-1.2.jar;F:\Repositories\Maven\org\apache\commons\commons-lang3\3.7\commons-lang3-3.7.jar;F:\Repositories\Maven\commons-beanutils\commons-beanutils\1.9.3\commons-beanutils-1.9.3.jar;F:\Repositories\Maven\commons-collections\commons-collections\3.2.2\commons-collections-3.2.2.jar;F:\Repositories\Maven\commons-codec\commons-codec\1.11\commons-codec-1.11.jar;, user.name=Lenovo, java.vm.specification.version=1.8, sun.java.command=E:\gmall0508\gware-manage\target\surefire\surefirebooter458343370226113936.jar E:\gmall0508\gware-manage\target\surefire\surefire3161109468515084790tmp E:\gmall0508\gware-manage\target\surefire\surefire_03524719950964905350tmp, java.home=C:\Program Files\Java\jdk1.8.0_121\jre, sun.arch.data.model=64, user.language=zh, java.specification.vendor=Oracle Corporation, awt.toolkit=sun.awt.windows.WToolkit, java.vm.info=mixed mode, java.version=1.8.0_121, java.ext.dirs=C:\Program Files\Java\jdk1.8.0_121\jre\lib\ext;C:\windows\Sun\Java\lib\ext, sun.boot.class.path=C:\Program Files\Java\jdk1.8.0_121\jre\lib\resources.jar;C:\Program Files\Java\jdk1.8.0_121\jre\lib\rt.jar;C:\Program Files\Java\jdk1.8.0_121\jre\lib\sunrsasign.jar;C:\Program Files\Java\jdk1.8.0_121\jre\lib\jsse.jar;C:\Program Files\Java\jdk1.8.0_121\jre\lib\jce.jar;C:\Program Files\Java\jdk1.8.0_121\jre\lib\charsets.jar;C:\Program Files\Java\jdk1.8.0_121\jre\lib\jfr.jar;C:\Program Files\Java\jdk1.8.0_121\jre\classes, java.vendor=Oracle Corporation, localRepository=F:\Repositories\Maven, file.separator=\, java.vendor.url.bug=http://bugreport.sun.com/bugreport/, sun.io.unicode.encoding=UnicodeLittle, sun.cpu.endian=little, sun.desktop=windows, sun.cpu.isalist=amd64}}, SystemEnvironmentPropertySource@1334042472 {name='systemEnvironment', properties={PATH=C:\Program Files (x86)\Common Files\Oracle\Java\javapath;C:\ProgramData\Oracle\Java\javapath;C:\Program Files (x86)\Lenovo\FusionEngine;C:\Program Files (x86)\Intel\iCLS Client\;C:\Program Files\Intel\iCLS Client\;C:\windows\system32;C:\windows;C:\windows\System32\Wbem;C:\windows\System32\WindowsPowerShell\v1.0\;C:\Program Files\Intel\Intel(R) Management Engine Components\DAL;C:\Program Files (x86)\Intel\Intel(R) Management Engine Components\DAL;C:\Program Files\Intel\Intel(R) Management Engine Components\IPT;C:\Program Files (x86)\Intel\Intel(R) Management Engine Components\IPT;C:\Program Files\Intel\WiFi\bin\;C:\Program Files\Common Files\Intel\WirelessCommon\;C:\Program Files (x86)\Lenovo\Motion Control\;F:\maven-3.5\apache-maven-3.5.3\bin;C:\Program Files (x86)\Lenovo\Lenovo Home\;F:\redis\;F:\MongoDB\bin;F:\github\Git\cmd, USERDOMAIN_ROAMINGPROFILE=Lenovo-PC, LOCALAPPDATA=C:\Users\Lenovo\AppData\Local, PROCESSOR_LEVEL=6, SYSTEMDRIVE=C:, COMMONPROGRAMFILES(X86)=C:\Program Files (x86)\Common Files, FP_NO_HOST_CHECK=NO, USERDOMAIN=Lenovo-PC, LOGONSERVER=\\LENOVO-PC, PROMPT=$P$G, SESSIONNAME=Console, ALLUSERSPROFILE=C:\ProgramData, PROGRAMFILES(X86)=C:\Program Files (x86), PROCESSOR_ARCHITECTURE=AMD64, =E:=E:\gmall0508\gware-manage, MAVEN_HOME=F:\maven-3.5\apache-maven-3.5.3, PROGRAMFILES=C:\Program Files, APPDATA=C:\Users\Lenovo\AppData\Roaming, PSMODULEPATH=C:\windows\system32\WindowsPowerShell\v1.0\Modules\, PROGRAMW6432=C:\Program Files, PROGRAMDATA=C:\ProgramData, SYSTEMROOT=C:\windows, USERNAME=Lenovo, VBOX_MSI_INSTALL_PATH=F:\VirtualBox-5.1.26\, CONFIGSETROOT=C:\windows\ConfigSetRoot, PATHEXT=.COM;.EXE;.BAT;.CMD;.VBS;.VBE;.JS;.JSE;.WSF;.WSH;.MSC, OS=Windows_NT, COMMONPROGRAMW6432=C:\Program Files\Common Files, COMPUTERNAME=LENOVO-PC, COMMONPROGRAMFILES=C:\Program Files\Common Files, COMSPEC=C:\windows\system32\cmd.exe, PROCESSOR_REVISION=3d04, WINDIR=C:\windows, HOMEPATH=\Users\Lenovo, TEMP=C:\Users\Lenovo\AppData\Local\Temp, HOMEDRIVE=C:, PROCESSOR_IDENTIFIER=Intel64 Family 6 Model 61 Stepping 4, GenuineIntel, USERPROFILE=C:\Users\Lenovo, TMP=C:\Users\Lenovo\AppData\Local\Temp, PUBLIC=C:\Users\Public, NUMBER_OF_PROCESSORS=4, =::=::\}}]
11:06:09.720 [main] DEBUG org.springframework.core.env.MutablePropertySources - Adding PropertySource 'inline' with highest search precedence
11:06:09.731 [main] DEBUG org.springframework.test.context.support.TestPropertySourceUtils - Adding inlined properties to environment: {spring.jmx.enabled=false, org.springframework.boot.test.context.SpringBootTestContextBootstrapper=true, server.port=-1}
11:06:09.732 [main] DEBUG org.springframework.core.env.StandardEnvironment - Adding PropertySource 'Inlined Test Properties' with highest search precedence
2019-05-11 11:06:10.107 DEBUG 8956 --- [           main] .b.l.ClasspathLoggingApplicationListener : Application started with classpath: [file:/E:/gmall0508/gware-manage/target/surefire/surefirebooter458343370226113936.jar]
2019-05-11 11:06:10.110 DEBUG 8956 --- [           main] o.s.c.e.PropertySourcesPropertyResolver  : Could not find key 'context.listener.classes' in any property source
2019-05-11 11:06:10.113 DEBUG 8956 --- [           main] o.s.c.e.PropertySourcesPropertyResolver  : Could not find key 'banner.image.location' in any property source
2019-05-11 11:06:10.115 DEBUG 8956 --- [           main] o.s.c.e.PropertySourcesPropertyResolver  : Could not find key 'banner.location' in any property source

  .   ____          _            __ _ _
 /\\ / ___'_ __ _ _(_)_ __  __ _ \ \ \ \
( ( )\___ | '_ | '_| | '_ \/ _` | \ \ \ \
 \\/  ___)| |_)| | | | | || (_| |  ) ) ) )
  '  |____| .__|_| |_|_| |_\__, | / / / /
 =========|_|==============|___/=/_/_/_/
 :: Spring Boot ::       (v1.5.10.RELEASE)

2019-05-11 11:06:10.170 DEBUG 8956 --- [           main] o.s.c.e.PropertySourcesPropertyResolver  : Could not find key 'context.initializer.classes' in any property source
2019-05-11 11:06:10.170 DEBUG 8956 --- [           main] o.s.c.e.PropertySourcesPropertyResolver  : Could not find key 'spring.config.name:application' in any property source
2019-05-11 11:06:10.170 DEBUG 8956 --- [           main] o.s.c.e.PropertySourcesPropertyResolver  : Could not find key 'spring.config.name' in any property source
2019-05-11 11:06:10.170 DEBUG 8956 --- [           main] o.s.c.e.PropertySourcesPropertyResolver  : Could not find key 'vcap.application.name:application' in any property source
2019-05-11 11:06:10.170 DEBUG 8956 --- [           main] o.s.c.e.PropertySourcesPropertyResolver  : Could not find key 'vcap.application.name' in any property source
2019-05-11 11:06:10.170 DEBUG 8956 --- [           main] o.s.c.e.PropertySourcesPropertyResolver  : Could not find key 'spring.application.name:application' in any property source
2019-05-11 11:06:10.171 DEBUG 8956 --- [           main] o.s.c.e.PropertySourcesPropertyResolver  : Could not find key 'spring.application.name' in any property source
2019-05-11 11:06:10.171 DEBUG 8956 --- [           main] o.s.c.e.PropertySourcesPropertyResolver  : Could not find key 'PORT:null' in any property source
2019-05-11 11:06:10.171 DEBUG 8956 --- [           main] o.s.c.e.PropertySourcesPropertyResolver  : Could not find key 'PORT' in any property source
2019-05-11 11:06:10.171 DEBUG 8956 --- [           main] o.s.c.e.PropertySourcesPropertyResolver  : Could not find key 'server.port:null' in any property source
2019-05-11 11:06:10.171 DEBUG 8956 --- [           main] o.s.c.e.PropertySourcesPropertyResolver  : Found key 'server.port' in PropertySource 'Inlined Test Properties' with value of type String
2019-05-11 11:06:10.171 DEBUG 8956 --- [           main] o.s.c.e.PropertySourcesPropertyResolver  : Could not find key 'spring.application.index:-1' in any property source
2019-05-11 11:06:10.171 DEBUG 8956 --- [           main] o.s.c.e.PropertySourcesPropertyResolver  : Could not find key 'spring.application.index' in any property source
2019-05-11 11:06:10.172 DEBUG 8956 --- [           main] o.s.c.e.PropertySourcesPropertyResolver  : Could not find key 'vcap.application.instance_index:-1' in any property source
2019-05-11 11:06:10.172 DEBUG 8956 --- [           main] o.s.c.e.PropertySourcesPropertyResolver  : Could not find key 'vcap.application.instance_index' in any property source
2019-05-11 11:06:10.172 DEBUG 8956 --- [           main] o.s.c.e.PropertySourcesPropertyResolver  : Could not find key 'spring.profiles.active' in any property source
2019-05-11 11:06:10.196 DEBUG 8956 --- [           main] o.s.b.f.s.DefaultListableBeanFactory     : Returning cached instance of singleton bean 'autoConfigurationReport'
2019-05-11 11:06:10.200  INFO 8956 --- [           main] c.a.g.c.GwareManageApplicationTests      : Starting GwareManageApplicationTests on Lenovo-PC with PID 8956 (started by Lenovo in E:\gmall0508\gware-manage)
2019-05-11 11:06:10.201 DEBUG 8956 --- [           main] c.a.g.c.GwareManageApplicationTests      : Running with Spring Boot v1.5.10.RELEASE, Spring v4.3.14.RELEASE
2019-05-11 11:06:10.202 DEBUG 8956 --- [           main] o.s.c.e.PropertySourcesPropertyResolver  : Could not find key 'spring.profiles.active' in any property source
2019-05-11 11:06:10.202 DEBUG 8956 --- [           main] o.s.c.e.PropertySourcesPropertyResolver  : Could not find key 'spring.profiles.default' in any property source
2019-05-11 11:06:10.202  INFO 8956 --- [           main] c.a.g.c.GwareManageApplicationTests      : No active profile set, falling back to default profiles: default
2019-05-11 11:06:10.202 DEBUG 8956 --- [           main] o.s.boot.SpringApplication               : Loading source class com.atguigu.GwareManageApplication
2019-05-11 11:06:10.528 DEBUG 8956 --- [kground-preinit] org.apache.tomcat.util.modeler.Registry  : Found jar:file:/F:/Repositories/Maven/org/apache/tomcat/embed/tomcat-embed-core/8.5.27/tomcat-embed-core-8.5.27.jar!/org/apache/catalina/mbeans/mbeans-descriptors.xml
2019-05-11 11:06:10.542 DEBUG 8956 --- [kground-preinit] o.apache.tomcat.util.digester.Digester   : register('-//Apache Software Foundation//DTD Model MBeans Configuration File', 'jar:file:/F:/Repositories/Maven/org/apache/tomcat/embed/tomcat-embed-core/8.5.27/tomcat-embed-core-8.5.27.jar!/org/apache/tomcat/util/modeler/mbeans-descriptors.dtd'
2019-05-11 11:06:10.640 DEBUG 8956 --- [           main] o.s.c.a.ClassPathBeanDefinitionScanner   : JSR-250 'javax.annotation.ManagedBean' found and supported for component scanning
2019-05-11 11:06:10.659 DEBUG 8956 --- [           main] o.s.b.c.c.ConfigFileApplicationListener  : Loaded config file 'file:/E:/gmall0508/gware-manage/target/classes/application.properties' (classpath:/application.properties)
2019-05-11 11:06:10.659 DEBUG 8956 --- [           main] o.s.b.c.c.ConfigFileApplicationListener  : Skipped (empty) config file 'file:/E:/gmall0508/gware-manage/target/classes/application.properties' (classpath:/application.properties) for profile default
2019-05-11 11:06:10.663  INFO 8956 --- [           main] o.s.w.c.s.GenericWebApplicationContext   : Refreshing org.springframework.web.context.support.GenericWebApplicationContext@a38c7fe: startup date [Sat May 11 11:06:10 CST 2019]; root of context hierarchy
2019-05-11 11:06:10.664 DEBUG 8956 --- [           main] o.s.w.c.s.GenericWebApplicationContext   : Bean factory for org.springframework.web.context.support.GenericWebApplicationContext@a38c7fe: org.springframework.beans.factory.support.DefaultListableBeanFactory@60856961: defining beans [org.springframework.boot.test.mock.mockito.MockitoPostProcessor$SpyPostProcessor,org.springframework.boot.test.mock.mockito.MockitoPostProcessor,org.springframework.context.annotation.internalConfigurationAnnotationProcessor,org.springframework.context.annotation.internalAutowiredAnnotationProcessor,org.springframework.context.annotation.internalRequiredAnnotationProcessor,org.springframework.context.annotation.internalCommonAnnotationProcessor,org.springframework.context.event.internalEventListenerProcessor,org.springframework.context.event.internalEventListenerFactory,gwareManageApplication]; root of factory hierarchy
2019-05-11 11:06:10.677 DEBUG 8956 --- [           main] o.s.b.f.s.DefaultListableBeanFactory     : Registering scope 'request' with implementation [org.springframework.web.context.request.RequestScope@e70f13a]
2019-05-11 11:06:10.677 DEBUG 8956 --- [           main] o.s.b.f.s.DefaultListableBeanFactory     : Registering scope 'session' with implementation [org.springframework.web.context.request.SessionScope@4b40f651]
2019-05-11 11:06:10.678 DEBUG 8956 --- [           main] o.s.b.f.s.DefaultListableBeanFactory     : Registering scope 'globalSession' with implementation [org.springframework.web.context.request.SessionScope@42b02722]
2019-05-11 11:06:10.679 DEBUG 8956 --- [           main] o.s.b.f.s.DefaultListableBeanFactory     : Registering scope 'application' with implementation [org.springframework.web.context.support.ServletContextScope@528c868]
2019-05-11 11:06:10.686 DEBUG 8956 --- [           main] o.s.b.f.s.DefaultListableBeanFactory     : Creating shared instance of singleton bean 'org.springframework.context.annotation.internalConfigurationAnnotationProcessor'
2019-05-11 11:06:10.686 DEBUG 8956 --- [           main] o.s.b.f.s.DefaultListableBeanFactory     : Creating instance of bean 'org.springframework.context.annotation.internalConfigurationAnnotationProcessor'
2019-05-11 11:06:10.694 DEBUG 8956 --- [           main] o.s.b.f.s.DefaultListableBeanFactory     : Eagerly caching bean 'org.springframework.context.annotation.internalConfigurationAnnotationProcessor' to allow for resolving potential circular references
2019-05-11 11:06:10.716 DEBUG 8956 --- [           main] o.s.b.f.s.DefaultListableBeanFactory     : Creating shared instance of singleton bean 'org.springframework.boot.autoconfigure.internalCachingMetadataReaderFactory'
2019-05-11 11:06:10.716 DEBUG 8956 --- [           main] o.s.b.f.s.DefaultListableBeanFactory     : Creating instance of bean 'org.springframework.boot.autoconfigure.internalCachingMetadataReaderFactory'
2019-05-11 11:06:10.716 DEBUG 8956 --- [           main] o.s.b.f.s.DefaultListableBeanFactory     : Eagerly caching bean 'org.springframework.boot.autoconfigure.internalCachingMetadataReaderFactory' to allow for resolving potential circular references
2019-05-11 11:06:10.718 DEBUG 8956 --- [           main] o.s.b.f.s.DefaultListableBeanFactory     : Finished creating instance of bean 'org.springframework.boot.autoconfigure.internalCachingMetadataReaderFactory'
2019-05-11 11:06:10.733 DEBUG 8956 --- [           main] o.s.b.f.s.DefaultListableBeanFactory     : Finished creating instance of bean 'org.springframework.context.annotation.internalConfigurationAnnotationProcessor'
2019-05-11 11:06:10.761 DEBUG 8956 --- [           main] o.s.c.a.ClassPathBeanDefinitionScanner   : JSR-250 'javax.annotation.ManagedBean' found and supported for component scanning
2019-05-11 11:06:10.764 DEBUG 8956 --- [           main] .i.s.PathMatchingResourcePatternResolver : Resolved classpath location [com/atguigu/gware/] to resources [URL [file:/E:/gmall0508/gware-manage/target/test-classes/com/atguigu/gware/], URL [file:/E:/gmall0508/gware-manage/target/classes/com/atguigu/gware/]]
2019-05-11 11:06:10.765 DEBUG 8956 --- [           main] .i.s.PathMatchingResourcePatternResolver : Looking for matching resources in directory tree [E:\gmall0508\gware-manage\target\test-classes\com\atguigu\gware]
2019-05-11 11:06:10.767 DEBUG 8956 --- [           main] .i.s.PathMatchingResourcePatternResolver : Searching directory [E:\gmall0508\gware-manage\target\test-classes\com\atguigu\gware] for files matching pattern [E:/gmall0508/gware-manage/target/test-classes/com/atguigu/gware/**/*.class]
2019-05-11 11:06:10.770 DEBUG 8956 --- [           main] .i.s.PathMatchingResourcePatternResolver : Searching directory [E:\gmall0508\gware-manage\target\test-classes\com\atguigu\gware\controller] for files matching pattern [E:/gmall0508/gware-manage/target/test-classes/com/atguigu/gware/**/*.class]
2019-05-11 11:06:10.770 DEBUG 8956 --- [           main] .i.s.PathMatchingResourcePatternResolver : Looking for matching resources in directory tree [E:\gmall0508\gware-manage\target\classes\com\atguigu\gware]
2019-05-11 11:06:10.774 DEBUG 8956 --- [           main] .i.s.PathMatchingResourcePatternResolver : Searching directory [E:\gmall0508\gware-manage\target\classes\com\atguigu\gware] for files matching pattern [E:/gmall0508/gware-manage/target/classes/com/atguigu/gware/**/*.class]
2019-05-11 11:06:10.777 DEBUG 8956 --- [           main] .i.s.PathMatchingResourcePatternResolver : Searching directory [E:\gmall0508\gware-manage\target\classes\com\atguigu\gware\bean] for files matching pattern [E:/gmall0508/gware-manage/target/classes/com/atguigu/gware/**/*.class]
2019-05-11 11:06:10.778 DEBUG 8956 --- [           main] .i.s.PathMatchingResourcePatternResolver : Searching directory [E:\gmall0508\gware-manage\target\classes\com\atguigu\gware\bean\enums] for files matching pattern [E:/gmall0508/gware-manage/target/classes/com/atguigu/gware/**/*.class]
2019-05-11 11:06:10.782 DEBUG 8956 --- [           main] .i.s.PathMatchingResourcePatternResolver : Searching directory [E:\gmall0508\gware-manage\target\classes\com\atguigu\gware\config] for files matching pattern [E:/gmall0508/gware-manage/target/classes/com/atguigu/gware/**/*.class]
2019-05-11 11:06:10.783 DEBUG 8956 --- [           main] .i.s.PathMatchingResourcePatternResolver : Searching directory [E:\gmall0508\gware-manage\target\classes\com\atguigu\gware\controller] for files matching pattern [E:/gmall0508/gware-manage/target/classes/com/atguigu/gware/**/*.class]
2019-05-11 11:06:10.783 DEBUG 8956 --- [           main] .i.s.PathMatchingResourcePatternResolver : Searching directory [E:\gmall0508\gware-manage\target\classes\com\atguigu\gware\enums] for files matching pattern [E:/gmall0508/gware-manage/target/classes/com/atguigu/gware/**/*.class]
2019-05-11 11:06:10.784 DEBUG 8956 --- [           main] .i.s.PathMatchingResourcePatternResolver : Searching directory [E:\gmall0508\gware-manage\target\classes\com\atguigu\gware\mapper] for files matching pattern [E:/gmall0508/gware-manage/target/classes/com/atguigu/gware/**/*.class]
2019-05-11 11:06:10.785 DEBUG 8956 --- [           main] .i.s.PathMatchingResourcePatternResolver : Searching directory [E:\gmall0508\gware-manage\target\classes\com\atguigu\gware\mq] for files matching pattern [E:/gmall0508/gware-manage/target/classes/com/atguigu/gware/**/*.class]
2019-05-11 11:06:10.787 DEBUG 8956 --- [           main] .i.s.PathMatchingResourcePatternResolver : Searching directory [E:\gmall0508\gware-manage\target\classes\com\atguigu\gware\service] for files matching pattern [E:/gmall0508/gware-manage/target/classes/com/atguigu/gware/**/*.class]
2019-05-11 11:06:10.788 DEBUG 8956 --- [kground-preinit] o.a.tomcat.util.digester.Digester.sax    : setDocumentLocator(org.apache.xerces.parsers.AbstractSAXParser$LocatorProxy@7fc1b914)
2019-05-11 11:06:10.789 DEBUG 8956 --- [kground-preinit] o.a.tomcat.util.digester.Digester.sax    : startDocument()
2019-05-11 11:06:10.790 DEBUG 8956 --- [           main] .i.s.PathMatchingResourcePatternResolver : Searching directory [E:\gmall0508\gware-manage\target\classes\com\atguigu\gware\service\impl] for files matching pattern [E:/gmall0508/gware-manage/target/classes/com/atguigu/gware/**/*.class]
2019-05-11 11:06:10.791 DEBUG 8956 --- [           main] .i.s.PathMatchingResourcePatternResolver : Searching directory [E:\gmall0508\gware-manage\target\classes\com\atguigu\gware\util] for files matching pattern [E:/gmall0508/gware-manage/target/classes/com/atguigu/gware/**/*.class]
2019-05-11 11:06:10.793 DEBUG 8956 --- [           main] .i.s.PathMatchingResourcePatternResolver : Resolved location pattern [classpath*:com/atguigu/gware/**/*.class] to resources [file [E:\gmall0508\gware-manage\target\test-classes\com\atguigu\gware\controller\GwareManageApplicationTests.class], file [E:\gmall0508\gware-manage\target\classes\com\atguigu\gware\bean\enums\OrderStatus.class], file [E:\gmall0508\gware-manage\target\classes\com\atguigu\gware\bean\enums\PaymentStatus.class], file [E:\gmall0508\gware-manage\target\classes\com\atguigu\gware\bean\enums\PaymentWay.class], file [E:\gmall0508\gware-manage\target\classes\com\atguigu\gware\bean\enums\ProcessStatus.class], file [E:\gmall0508\gware-manage\target\classes\com\atguigu\gware\bean\OrderDetail.class], file [E:\gmall0508\gware-manage\target\classes\com\atguigu\gware\bean\OrderInfo.class], file [E:\gmall0508\gware-manage\target\classes\com\atguigu\gware\bean\WareInfo.class], file [E:\gmall0508\gware-manage\target\classes\com\atguigu\gware\bean\WareOrderTask.class], file [E:\gmall0508\gware-manage\target\classes\com\atguigu\gware\bean\WareOrderTaskDetail.class], file [E:\gmall0508\gware-manage\target\classes\com\atguigu\gware\bean\WareSku.class], file [E:\gmall0508\gware-manage\target\classes\com\atguigu\gware\config\ActiveMQConfig.class], file [E:\gmall0508\gware-manage\target\classes\com\atguigu\gware\config\ActiveMQUtil.class], file [E:\gmall0508\gware-manage\target\classes\com\atguigu\gware\config\GwareConst.class], file [E:\gmall0508\gware-manage\target\classes\com\atguigu\gware\config\JsonpController.class], file [E:\gmall0508\gware-manage\target\classes\com\atguigu\gware\controller\GwareController.class], file [E:\gmall0508\gware-manage\target\classes\com\atguigu\gware\enums\TaskStatus.class], file [E:\gmall0508\gware-manage\target\classes\com\atguigu\gware\mapper\WareInfoMapper.class], file [E:\gmall0508\gware-manage\target\classes\com\atguigu\gware\mapper\WareOrderTaskDetailMapper.class], file [E:\gmall0508\gware-manage\target\classes\com\atguigu\gware\mapper\WareOrderTaskMapper.class], file [E:\gmall0508\gware-manage\target\classes\com\atguigu\gware\mapper\WareSkuMapper.class], file [E:\gmall0508\gware-manage\target\classes\com\atguigu\gware\mq\WareConsumer.class], file [E:\gmall0508\gware-manage\target\classes\com\atguigu\gware\service\GwareService.class], file [E:\gmall0508\gware-manage\target\classes\com\atguigu\gware\service\impl\GwareServiceImpl.class], file [E:\gmall0508\gware-manage\target\classes\com\atguigu\gware\util\HttpclientUtil.class]]
2019-05-11 11:06:10.797 DEBUG 8956 --- [kground-preinit] o.a.tomcat.util.digester.Digester.sax    : startElement(,,mbeans-descriptors)
2019-05-11 11:06:10.797 DEBUG 8956 --- [kground-preinit] o.apache.tomcat.util.digester.Digester   :   New match='mbeans-descriptors'
2019-05-11 11:06:10.797 DEBUG 8956 --- [kground-preinit] o.apache.tomcat.util.digester.Digester   :   No rules found matching 'mbeans-descriptors'.
2019-05-11 11:06:10.797 DEBUG 8956 --- [kground-preinit] o.a.tomcat.util.digester.Digester.sax    : characters(

  )
2019-05-11 11:06:10.798 DEBUG 8956 --- [kground-preinit] o.a.tomcat.util.digester.Digester.sax    : startElement(,,mbean)
2019-05-11 11:06:10.800 DEBUG 8956 --- [kground-preinit] o.apache.tomcat.util.digester.Digester   :   New match='mbeans-descriptors/mbean'
2019-05-11 11:06:10.801 DEBUG 8956 --- [kground-preinit] o.apache.tomcat.util.digester.Digester   :   Fire begin() for ObjectCreateRule[className=org.apache.tomcat.util.modeler.ManagedBean, attributeName=null]
2019-05-11 11:06:10.801 DEBUG 8956 --- [kground-preinit] o.apache.tomcat.util.digester.Digester   : [ObjectCreateRule]{mbeans-descriptors/mbean}New org.apache.tomcat.util.modeler.ManagedBean
2019-05-11 11:06:10.808 DEBUG 8956 --- [kground-preinit] o.apache.tomcat.util.digester.Digester   :   Fire begin() for SetPropertiesRule[]
2019-05-11 11:06:10.808 DEBUG 8956 --- [kground-preinit] o.apache.tomcat.util.digester.Digester   : [SetPropertiesRule]{mbeans-descriptors/mbean} Set org.apache.tomcat.util.modeler.ManagedBean properties
2019-05-11 11:06:10.808 DEBUG 8956 --- [kground-preinit] o.apache.tomcat.util.digester.Digester   : [SetPropertiesRule]{mbeans-descriptors/mbean} Setting property 'name' to 'MBeanFactory'
2019-05-11 11:06:10.809 DEBUG 8956 --- [kground-preinit] o.apache.tomcat.util.IntrospectionUtils  : IntrospectionUtils: setProperty(class org.apache.tomcat.util.modeler.ManagedBean name=MBeanFactory)
2019-05-11 11:06:10.812 DEBUG 8956 --- [kground-preinit] o.apache.tomcat.util.digester.Digester   : [SetPropertiesRule]{mbeans-descriptors/mbean} Setting property 'type' to 'org.apache.catalina.mbeans.MBeanFactory'
2019-05-11 11:06:10.813 DEBUG 8956 --- [kground-preinit] o.apache.tomcat.util.IntrospectionUtils  : IntrospectionUtils: setProperty(class org.apache.tomcat.util.modeler.ManagedBean type=org.apache.catalina.mbeans.MBeanFactory)
2019-05-11 11:06:10.813 DEBUG 8956 --- [kground-preinit] o.apache.tomcat.util.digester.Digester   : [SetPropertiesRule]{mbeans-descriptors/mbean} Setting property 'description' to 'Factory for MBeans and corresponding components'
2019-05-11 11:06:10.813 DEBUG 8956 --- [kground-preinit] o.apache.tomcat.util.IntrospectionUtils  : IntrospectionUtils: setProperty(class org.apache.tomcat.util.modeler.ManagedBean description=Factory for MBeans and corresponding components)
2019-05-11 11:06:10.813 DEBUG 8956 --- [kground-preinit] o.apache.tomcat.util.digester.Digester   : [SetPropertiesRule]{mbeans-descriptors/mbean} Setting property 'domain' to 'Catalina'
2019-05-11 11:06:10.814 DEBUG 8956 --- [kground-preinit] o.apache.tomcat.util.IntrospectionUtils  : IntrospectionUtils: setProperty(class org.apache.tomcat.util.modeler.ManagedBean domain=Catalina)
2019-05-11 11:06:10.817 DEBUG 8956 --- [kground-preinit] o.apache.tomcat.util.digester.Digester   :   Fire begin() for SetNextRule[methodName=add, paramType=java.lang.Object]
2019-05-11 11:06:10.818 DEBUG 8956 --- [kground-preinit] o.a.tomcat.util.digester.Digester.sax    : characters(

    )
2019-05-11 11:06:10.819 DEBUG 8956 --- [kground-preinit] o.a.tomcat.util.digester.Digester.sax    : characters(
    )
2019-05-11 11:06:10.820 DEBUG 8956 --- [kground-preinit] o.a.tomcat.util.digester.Digester.sax    : characters(
    )
2019-05-11 11:06:10.820 DEBUG 8956 --- [kground-preinit] o.a.tomcat.util.digester.Digester.sax    : characters(
    )
2019-05-11 11:06:10.820 DEBUG 8956 --- [kground-preinit] o.a.tomcat.util.digester.Digester.sax    : characters(

    )
2019-05-11 11:06:10.820 DEBUG 8956 --- [kground-preinit] o.a.tomcat.util.digester.Digester.sax    : startElement(,,operation)
2019-05-11 11:06:10.820 DEBUG 8956 --- [kground-preinit] o.apache.tomcat.util.digester.Digester   :   New match='mbeans-descriptors/mbean/operation'
2019-05-11 11:06:10.820 DEBUG 8956 --- [kground-preinit] o.apache.tomcat.util.digester.Digester   :   Fire begin() for ObjectCreateRule[className=org.apache.tomcat.util.modeler.OperationInfo, attributeName=null]
2019-05-11 11:06:10.821 DEBUG 8956 --- [kground-preinit] o.apache.tomcat.util.digester.Digester   : [ObjectCreateRule]{mbeans-descriptors/mbean/operation}New org.apache.tomcat.util.modeler.OperationInfo
2019-05-11 11:06:10.822 DEBUG 8956 --- [kground-preinit] o.apache.tomcat.util.digester.Digester   :   Fire begin() for SetPropertiesRule[]
2019-05-11 11:06:10.822 DEBUG 8956 --- [kground-preinit] o.apache.tomcat.util.digester.Digester   : [SetPropertiesRule]{mbeans-descriptors/mbean/operation} Set org.apache.tomcat.util.modeler.OperationInfo properties
2019-05-11 11:06:10.822 DEBUG 8956 --- [kground-preinit] o.apache.tomcat.util.digester.Digester   : [SetPropertiesRule]{mbeans-descriptors/mbean/operation} Setting property 'name' to 'createAjpConnector'
2019-05-11 11:06:10.822 DEBUG 8956 --- [kground-preinit] o.apache.tomcat.util.IntrospectionUtils  : IntrospectionUtils: setProperty(class org.apache.tomcat.util.modeler.OperationInfo name=createAjpConnector)
2019-05-11 11:06:10.823 DEBUG 8956 --- [kground-preinit] o.apache.tomcat.util.digester.Digester   : [SetPropertiesRule]{mbeans-descriptors/mbean/operation} Setting property 'description' to 'Create a new AjpConnector'
2019-05-11 11:06:10.823 DEBUG 8956 --- [kground-preinit] o.apache.tomcat.util.IntrospectionUtils  : IntrospectionUtils: setProperty(class org.apache.tomcat.util.modeler.OperationInfo description=Create a new AjpConnector)
2019-05-11 11:06:10.823 DEBUG 8956 --- [kground-preinit] o.apache.tomcat.util.digester.Digester   : [SetPropertiesRule]{mbeans-descriptors/mbean/operation} Setting property 'impact' to 'ACTION'
2019-05-11 11:06:10.824 DEBUG 8956 --- [kground-preinit] o.apache.tomcat.util.IntrospectionUtils  : IntrospectionUtils: setProperty(class org.apache.tomcat.util.modeler.OperationInfo impact=ACTION)
2019-05-11 11:06:10.824 DEBUG 8956 --- [kground-preinit] o.apache.tomcat.util.digester.Digester   : [SetPropertiesRule]{mbeans-descriptors/mbean/operation} Setting property 'returnType' to 'java.lang.String'
2019-05-11 11:06:10.824 DEBUG 8956 --- [kground-preinit] o.apache.tomcat.util.IntrospectionUtils  : IntrospectionUtils: setProperty(class org.apache.tomcat.util.modeler.OperationInfo returnType=java.lang.String)
2019-05-11 11:06:10.824 DEBUG 8956 --- [kground-preinit] o.apache.tomcat.util.digester.Digester   :   Fire begin() for SetNextRule[methodName=addOperation, paramType=org.apache.tomcat.util.modeler.OperationInfo]
2019-05-11 11:06:10.825 DEBUG 8956 --- [kground-preinit] o.a.tomcat.util.digester.Digester.sax    : characters(
      )
2019-05-11 11:06:10.826 DEBUG 8956 --- [kground-preinit] o.a.tomcat.util.digester.Digester.sax    : startElement(,,parameter)
2019-05-11 11:06:10.826 DEBUG 8956 --- [kground-preinit] o.apache.tomcat.util.digester.Digester   :   New match='mbeans-descriptors/mbean/operation/parameter'
2019-05-11 11:06:10.826 DEBUG 8956 --- [kground-preinit] o.apache.tomcat.util.digester.Digester   :   Fire begin() for ObjectCreateRule[className=org.apache.tomcat.util.modeler.ParameterInfo, attributeName=null]
2019-05-11 11:06:10.827 DEBUG 8956 --- [kground-preinit] o.apache.tomcat.util.digester.Digester   : [ObjectCreateRule]{mbeans-descriptors/mbean/operation/parameter}New org.apache.tomcat.util.modeler.ParameterInfo
2019-05-11 11:06:10.827 DEBUG 8956 --- [kground-preinit] o.apache.tomcat.util.digester.Digester   :   Fire begin() for SetPropertiesRule[]
2019-05-11 11:06:10.827 DEBUG 8956 --- [kground-preinit] o.apache.tomcat.util.digester.Digester   : [SetPropertiesRule]{mbeans-descriptors/mbean/operation/parameter} Set org.apache.tomcat.util.modeler.ParameterInfo properties
2019-05-11 11:06:10.827 DEBUG 8956 --- [kground-preinit] o.apache.tomcat.util.digester.Digester   : [SetPropertiesRule]{mbeans-descriptors/mbean/operation/parameter} Setting property 'name' to 'parent'
2019-05-11 11:06:10.827 DEBUG 8956 --- [kground-preinit] o.apache.tomcat.util.IntrospectionUtils  : IntrospectionUtils: setProperty(class org.apache.tomcat.util.modeler.ParameterInfo name=parent)
2019-05-11 11:06:10.827 DEBUG 8956 --- [kground-preinit] o.apache.tomcat.util.digester.Digester   : [SetPropertiesRule]{mbeans-descriptors/mbean/operation/parameter} Setting property 'description' to 'MBean Name of the associated parent component'
2019-05-11 11:06:10.830 DEBUG 8956 --- [kground-preinit] o.apache.tomcat.util.IntrospectionUtils  : IntrospectionUtils: setProperty(class org.apache.tomcat.util.modeler.ParameterInfo description=MBean Name of the associated parent component)
2019-05-11 11:06:10.830 DEBUG 8956 --- [kground-preinit] o.apache.tomcat.util.digester.Digester   : [SetPropertiesRule]{mbeans-descriptors/mbean/operation/parameter} Setting property 'type' to 'java.lang.String'
2019-05-11 11:06:10.830 DEBUG 8956 --- [kground-preinit] o.apache.tomcat.util.IntrospectionUtils  : IntrospectionUtils: setProperty(class org.apache.tomcat.util.modeler.ParameterInfo type=java.lang.String)
2019-05-11 11:06:10.830 DEBUG 8956 --- [kground-preinit] o.apache.tomcat.util.digester.Digester   :   Fire begin() for SetNextRule[methodName=addParameter, paramType=org.apache.tomcat.util.modeler.ParameterInfo]
2019-05-11 11:06:10.831 DEBUG 8956 --- [kground-preinit] o.a.tomcat.util.digester.Digester.sax    : endElement(,,parameter)
2019-05-11 11:06:10.832 DEBUG 8956 --- [kground-preinit] o.apache.tomcat.util.digester.Digester   :   match='mbeans-descriptors/mbean/operation/parameter'
2019-05-11 11:06:10.835 DEBUG 8956 --- [kground-preinit] o.apache.tomcat.util.digester.Digester   :   bodyText=''
2019-05-11 11:06:10.835 DEBUG 8956 --- [kground-preinit] o.apache.tomcat.util.digester.Digester   :   Fire body() for ObjectCreateRule[className=org.apache.tomcat.util.modeler.ParameterInfo, attributeName=null]
2019-05-11 11:06:10.836 DEBUG 8956 --- [kground-preinit] o.apache.tomcat.util.digester.Digester   :   Fire body() for SetPropertiesRule[]
2019-05-11 11:06:10.836 DEBUG 8956 --- [kground-preinit] o.apache.tomcat.util.digester.Digester   :   Fire body() for SetNextRule[methodName=addParameter, paramType=org.apache.tomcat.util.modeler.ParameterInfo]
2019-05-11 11:06:10.836 DEBUG 8956 --- [kground-preinit] o.apache.tomcat.util.digester.Digester   :   Fire end() for SetNextRule[methodName=addParameter, paramType=org.apache.tomcat.util.modeler.ParameterInfo]
2019-05-11 11:06:10.837 DEBUG 8956 --- [kground-preinit] o.apache.tomcat.util.digester.Digester   : [SetNextRule]{mbeans-descriptors/mbean/operation/parameter} Call org.apache.tomcat.util.modeler.OperationInfo.addParameter(org.apache.tomcat.util.modeler.ParameterInfo@72c27119)
2019-05-11 11:06:10.837 DEBUG 8956 --- [kground-preinit] o.apache.tomcat.util.IntrospectionUtils  : IntrospectionUtils: callMethod1 org.apache.tomcat.util.modeler.OperationInfo org.apache.tomcat.util.modeler.ParameterInfo org.apache.tomcat.util.modeler.ParameterInfo
2019-05-11 11:06:10.837 DEBUG 8956 --- [kground-preinit] o.apache.tomcat.util.digester.Digester   :   Fire end() for SetPropertiesRule[]
2019-05-11 11:06:10.838 DEBUG 8956 --- [kground-preinit] o.apache.tomcat.util.digester.Digester   :   Fire end() for ObjectCreateRule[className=org.apache.tomcat.util.modeler.ParameterInfo, attributeName=null]
2019-05-11 11:06:10.838 DEBUG 8956 --- [kground-preinit] o.apache.tomcat.util.digester.Digester   : [ObjectCreateRule]{mbeans-descriptors/mbean/operation/parameter} Pop org.apache.tomcat.util.modeler.ParameterInfo
2019-05-11 11:06:10.838 DEBUG 8956 --- [kground-preinit] o.a.tomcat.util.digester.Digester.sax    : characters(
      )
2019-05-11 11:06:10.839 DEBUG 8956 --- [kground-preinit] o.a.tomcat.util.digester.Digester.sax    : startElement(,,parameter)
2019-05-11 11:06:10.841 DEBUG 8956 --- [kground-preinit] o.apache.tomcat.util.digester.Digester   :   New match='mbeans-descriptors/mbean/operation/parameter'
2019-05-11 11:06:10.841 DEBUG 8956 --- [kground-preinit] o.apache.tomcat.util.digester.Digester   :   Fire begin() for ObjectCreateRule[className=org.apache.tomcat.util.modeler.ParameterInfo, attributeName=null]
2019-05-11 11:06:10.842 DEBUG 8956 --- [kground-preinit] o.apache.tomcat.util.digester.Digester   : [ObjectCreateRule]{mbeans-descriptors/mbean/operation/parameter}New org.apache.tomcat.util.modeler.ParameterInfo
2019-05-11 11:06:10.842 DEBUG 8956 --- [kground-preinit] o.apache.tomcat.util.digester.Digester   :   Fire begin() for SetPropertiesRule[]
2019-05-11 11:06:10.842 DEBUG 8956 --- [kground-preinit] o.apache.tomcat.util.digester.Digester   : [SetPropertiesRule]{mbeans-descriptors/mbean/operation/parameter} Set org.apache.tomcat.util.modeler.ParameterInfo properties
2019-05-11 11:06:10.843 DEBUG 8956 --- [kground-preinit] o.apache.tomcat.util.digester.Digester   : [SetPropertiesRule]{mbeans-descriptors/mbean/operation/parameter} Setting property 'name' to 'address'
2019-05-11 11:06:10.843 DEBUG 8956 --- [kground-preinit] o.apache.tomcat.util.IntrospectionUtils  : IntrospectionUtils: setProperty(class org.apache.tomcat.util.modeler.ParameterInfo name=address)
2019-05-11 11:06:10.843 DEBUG 8956 --- [kground-preinit] o.apache.tomcat.util.digester.Digester   : [SetPropertiesRule]{mbeans-descriptors/mbean/operation/parameter} Setting property 'description' to 'The IP address on which to bind'
2019-05-11 11:06:10.851 DEBUG 8956 --- [kground-preinit] o.apache.tomcat.util.IntrospectionUtils  : IntrospectionUtils: setProperty(class org.apache.tomcat.util.modeler.ParameterInfo description=The IP address on which to bind)
2019-05-11 11:06:10.852 DEBUG 8956 --- [kground-preinit] o.apache.tomcat.util.digester.Digester   : [SetPropertiesRule]{mbeans-descriptors/mbean/operation/parameter} Setting property 'type' to 'java.lang.String'
2019-05-11 11:06:10.852 DEBUG 8956 --- [kground-preinit] o.apache.tomcat.util.IntrospectionUtils  : IntrospectionUtils: setProperty(class org.apache.tomcat.util.modeler.ParameterInfo type=java.lang.String)
2019-05-11 11:06:10.853 DEBUG 8956 --- [kground-preinit] o.apache.tomcat.util.digester.Digester   :   Fire begin() for SetNextRule[methodName=addParameter, paramType=org.apache.tomcat.util.modeler.ParameterInfo]
2019-05-11 11:06:10.853 DEBUG 8956 --- [kground-preinit] o.a.tomcat.util.digester.Digester.sax    : endElement(,,parameter)
2019-05-11 11:06:10.853 DEBUG 8956 --- [kground-preinit] o.apache.tomcat.util.digester.Digester   :   match='mbeans-descriptors/mbean/operation/parameter'
2019-05-11 11:06:10.854 DEBUG 8956 --- [kground-preinit] o.apache.tomcat.util.digester.Digester   :   bodyText=''
2019-05-11 11:06:10.854 DEBUG 8956 --- [kground-preinit] o.apache.tomcat.util.digester.Digester   :   Fire body() for ObjectCreateRule[className=org.apache.tomcat.util.modeler.ParameterInfo, attributeName=null]
2019-05-11 11:06:10.855 DEBUG 8956 --- [kground-preinit] o.apache.tomcat.util.digester.Digester   :   Fire body() for SetPropertiesRule[]
2019-05-11 11:06:10.858 DEBUG 8956 --- [kground-preinit] o.apache.tomcat.util.digester.Digester   :   Fire body() for SetNextRule[methodName=addParameter, paramType=org.apache.tomcat.util.modeler.ParameterInfo]
2019-05-11 11:06:10.859 DEBUG 8956 --- [kground-preinit] o.apache.tomcat.util.digester.Digester   :   Fire end() for SetNextRule[methodName=addParameter, paramType=org.apache.tomcat.util.modeler.ParameterInfo]
2019-05-11 11:06:10.859 DEBUG 8956 --- [kground-preinit] o.apache.tomcat.util.digester.Digester   : [SetNextRule]{mbeans-descriptors/mbean/operation/parameter} Call org.apache.tomcat.util.modeler.OperationInfo.addParameter(org.apache.tomcat.util.modeler.ParameterInfo@74f0ce14)
2019-05-11 11:06:10.860 DEBUG 8956 --- [kground-preinit] o.apache.tomcat.util.IntrospectionUtils  : IntrospectionUtils: callMethod1 org.apache.tomcat.util.modeler.OperationInfo org.apache.tomcat.util.modeler.ParameterInfo org.apache.tomcat.util.modeler.ParameterInfo
2019-05-11 11:06:10.860 DEBUG 8956 --- [kground-preinit] o.apache.tomcat.util.digester.Digester   :   Fire end() for SetPropertiesRule[]
2019-05-11 11:06:10.860 DEBUG 8956 --- [kground-preinit] o.apache.tomcat.util.digester.Digester   :   Fire end() for ObjectCreateRule[className=org.apache.tomcat.util.modeler.ParameterInfo, attributeName=null]
2019-05-11 11:06:10.861 DEBUG 8956 --- [kground-preinit] o.apache.tomcat.util.digester.Digester   : [ObjectCreateRule]{mbeans-descriptors/mbean/operation/parameter} Pop org.apache.tomcat.util.modeler.ParameterInfo
2019-05-11 11:06:10.861 DEBUG 8956 --- [kground-preinit] o.a.tomcat.util.digester.Digester.sax    : characters(
      )
2019-05-11 11:06:10.861 DEBUG 8956 --- [kground-preinit] o.a.tomcat.util.digester.Digester.sax    : startElement(,,parameter)
2019-05-11 11:06:10.862 DEBUG 8956 --- [kground-preinit] o.apache.tomcat.util.digester.Digester   :   New match='mbeans-descriptors/mbean/operation/parameter'
2019-05-11 11:06:10.863 DEBUG 8956 --- [kground-preinit] o.apache.tomcat.util.digester.Digester   :   Fire begin() for ObjectCreateRule[className=org.apache.tomcat.util.modeler.ParameterInfo, attributeName=null]
2019-05-11 11:06:10.864 DEBUG 8956 --- [kground-preinit] o.apache.tomcat.util.digester.Digester   : [ObjectCreateRule]{mbeans-descriptors/mbean/operation/parameter}New org.apache.tomcat.util.modeler.ParameterInfo
2019-05-11 11:06:10.864 DEBUG 8956 --- [kground-preinit] o.apache.tomcat.util.digester.Digester   :   Fire begin() for SetPropertiesRule[]
2019-05-11 11:06:10.865 DEBUG 8956 --- [kground-preinit] o.apache.tomcat.util.digester.Digester   : [SetPropertiesRule]{mbeans-descriptors/mbean/operation/parameter} Set org.apache.tomcat.util.modeler.ParameterInfo properties
2019-05-11 11:06:10.865 DEBUG 8956 --- [kground-preinit] o.apache.tomcat.util.digester.Digester   : [SetPropertiesRule]{mbeans-descriptors/mbean/operation/parameter} Setting property 'name' to 'port'
2019-05-11 11:06:10.865 DEBUG 8956 --- [kground-preinit] o.apache.tomcat.util.IntrospectionUtils  : IntrospectionUtils: setProperty(class org.apache.tomcat.util.modeler.ParameterInfo name=port)
2019-05-11 11:06:10.865 DEBUG 8956 --- [kground-preinit] o.apache.tomcat.util.digester.Digester   : [SetPropertiesRule]{mbeans-descriptors/mbean/operation/parameter} Setting property 'description' to 'TCP port number to listen on'
2019-05-11 11:06:10.866 DEBUG 8956 --- [kground-preinit] o.apache.tomcat.util.IntrospectionUtils  : IntrospectionUtils: setProperty(class org.apache.tomcat.util.modeler.ParameterInfo description=TCP port number to listen on)
2019-05-11 11:06:10.866 DEBUG 8956 --- [kground-preinit] o.apache.tomcat.util.digester.Digester   : [SetPropertiesRule]{mbeans-descriptors/mbean/operation/parameter} Setting property 'type' to 'int'
2019-05-11 11:06:10.866 DEBUG 8956 --- [kground-preinit] o.apache.tomcat.util.IntrospectionUtils  : IntrospectionUtils: setProperty(class org.apache.tomcat.util.modeler.ParameterInfo type=int)
2019-05-11 11:06:10.866 DEBUG 8956 --- [kground-preinit] o.apache.tomcat.util.digester.Digester   :   Fire begin() for SetNextRule[methodName=addParameter, paramType=org.apache.tomcat.util.modeler.ParameterInfo]
2019-05-11 11:06:10.866 DEBUG 8956 --- [kground-preinit] o.a.tomcat.util.digester.Digester.sax    : endElement(,,parameter)
2019-05-11 11:06:10.867 DEBUG 8956 --- [kground-preinit] o.apache.tomcat.util.digester.Digester   :   match='mbeans-descriptors/mbean/operation/parameter'
2019-05-11 11:06:10.867 DEBUG 8956 --- [kground-preinit] o.apache.tomcat.util.digester.Digester   :   bodyText=''
2019-05-11 11:06:10.869 DEBUG 8956 --- [kground-preinit] o.apache.tomcat.util.digester.Digester   :   Fire body() for ObjectCreateRule[className=org.apache.tomcat.util.modeler.ParameterInfo, attributeName=null]
2019-05-11 11:06:10.869 DEBUG 8956 --- [kground-preinit] o.apache.tomcat.util.digester.Digester   :   Fire body() for SetPropertiesRule[]
2019-05-11 11:06:10.870 DEBUG 8956 --- [           main] o.s.c.a.ClassPathBeanDefinitionScanner   : Identified candidate component class: file [E:\gmall0508\gware-manage\target\classes\com\atguigu\gware\config\ActiveMQConfig.class]
2019-05-11 11:06:10.870 DEBUG 8956 --- [kground-preinit] o.apache.tomcat.util.digester.Digester   :   Fire body() for SetNextRule[methodName=addParameter, paramType=org.apache.tomcat.util.modeler.ParameterInfo]
2019-05-11 11:06:10.871 DEBUG 8956 --- [kground-preinit] o.apache.tomcat.util.digester.Digester   :   Fire end() for SetNextRule[methodName=addParameter, paramType=org.apache.tomcat.util.modeler.ParameterInfo]
2019-05-11 11:06:10.872 DEBUG 8956 --- [kground-preinit] o.apache.tomcat.util.digester.Digester   : [SetNextRule]{mbeans-descriptors/mbean/operation/parameter} Call org.apache.tomcat.util.modeler.OperationInfo.addParameter(org.apache.tomcat.util.modeler.ParameterInfo@10a28375)
2019-05-11 11:06:10.873 DEBUG 8956 --- [kground-preinit] o.apache.tomcat.util.IntrospectionUtils  : IntrospectionUtils: callMethod1 org.apache.tomcat.util.modeler.OperationInfo org.apache.tomcat.util.modeler.ParameterInfo org.apache.tomcat.util.modeler.ParameterInfo
2019-05-11 11:06:10.873 DEBUG 8956 --- [kground-preinit] o.apache.tomcat.util.digester.Digester   :   Fire end() for SetPropertiesRule[]
2019-05-11 11:06:10.874 DEBUG 8956 --- [kground-preinit] o.apache.tomcat.util.digester.Digester   :   Fire end() for ObjectCreateRule[className=org.apache.tomcat.util.modeler.ParameterInfo, attributeName=null]
2019-05-11 11:06:10.874 DEBUG 8956 --- [kground-preinit] o.apache.tomcat.util.digester.Digester   : [ObjectCreateRule]{mbeans-descriptors/mbean/operation/parameter} Pop org.apache.tomcat.util.modeler.ParameterInfo
2019-05-11 11:06:10.875 DEBUG 8956 --- [kground-preinit] o.a.tomcat.util.digester.Digester.sax    : characters(
    )
2019-05-11 11:06:10.876 DEBUG 8956 --- [kground-preinit] o.a.tomcat.util.digester.Digester.sax    : endElement(,,operation)
2019-05-11 11:06:10.876 DEBUG 8956 --- [kground-preinit] o.apache.tomcat.util.digester.Digester   :   match='mbeans-descriptors/mbean/operation'
2019-05-11 11:06:10.877 DEBUG 8956 --- [kground-preinit] o.apache.tomcat.util.digester.Digester   :   bodyText='
      
      
      
    '
2019-05-11 11:06:10.877 DEBUG 8956 --- [kground-preinit] o.apache.tomcat.util.digester.Digester   :   Fire body() for ObjectCreateRule[className=org.apache.tomcat.util.modeler.OperationInfo, attributeName=null]
2019-05-11 11:06:10.877 DEBUG 8956 --- [kground-preinit] o.apache.tomcat.util.digester.Digester   :   Fire body() for SetPropertiesRule[]
2019-05-11 11:06:10.879 DEBUG 8956 --- [kground-preinit] o.apache.tomcat.util.digester.Digester   :   Fire body() for SetNextRule[methodName=addOperation, paramType=org.apache.tomcat.util.modeler.OperationInfo]
2019-05-11 11:06:10.881 DEBUG 8956 --- [kground-preinit] o.apache.tomcat.util.digester.Digester   :   Fire end() for SetNextRule[methodName=addOperation, paramType=org.apache.tomcat.util.modeler.OperationInfo]
2019-05-11 11:06:10.881 DEBUG 8956 --- [kground-preinit] o.apache.tomcat.util.digester.Digester   : [SetNextRule]{mbeans-descriptors/mbean/operation} Call org.apache.tomcat.util.modeler.ManagedBean.addOperation(org.apache.tomcat.util.modeler.OperationInfo@1553d8fe)
2019-05-11 11:06:10.881 DEBUG 8956 --- [           main] o.s.c.a.ClassPathBeanDefinitionScanner   : Identified candidate component class: file [E:\gmall0508\gware-manage\target\classes\com\atguigu\gware\config\GwareConst.class]
2019-05-11 11:06:10.882 DEBUG 8956 --- [kground-preinit] o.apache.tomcat.util.IntrospectionUtils  : IntrospectionUtils: callMethod1 org.apache.tomcat.util.modeler.ManagedBean org.apache.tomcat.util.modeler.OperationInfo org.apache.tomcat.util.modeler.OperationInfo
2019-05-11 11:06:10.885 DEBUG 8956 --- [kground-preinit] o.apache.tomcat.util.digester.Digester   :   Fire end() for SetPropertiesRule[]
2019-05-11 11:06:10.885 DEBUG 8956 --- [kground-preinit] o.apache.tomcat.util.digester.Digester   :   Fire end() for ObjectCreateRule[className=org.apache.tomcat.util.modeler.OperationInfo, attributeName=null]
2019-05-11 11:06:10.885 DEBUG 8956 --- [           main] o.s.c.a.ClassPathBeanDefinitionScanner   : Identified candidate component class: file [E:\gmall0508\gware-manage\target\classes\com\atguigu\gware\config\JsonpController.class]
2019-05-11 11:06:10.885 DEBUG 8956 --- [kground-preinit] o.apache.tomcat.util.digester.Digester   : [ObjectCreateRule]{mbeans-descriptors/mbean/operation} Pop org.apache.tomcat.util.modeler.OperationInfo
2019-05-11 11:06:10.885 DEBUG 8956 --- [kground-preinit] o.a.tomcat.util.digester.Digester.sax    : characters(

    )
2019-05-11 11:06:10.886 DEBUG 8956 --- [kground-preinit] o.a.tomcat.util.digester.Digester.sax    : startElement(,,operation)
2019-05-11 11:06:10.886 DEBUG 8956 --- [kground-preinit] o.apache.tomcat.util.digester.Digester   :   New match='mbeans-descriptors/mbean/operation'
2019-05-11 11:06:10.886 DEBUG 8956 --- [kground-preinit] o.apache.tomcat.util.digester.Digester   :   Fire begin() for ObjectCreateRule[className=org.apache.tomcat.util.modeler.OperationInfo, attributeName=null]
2019-05-11 11:06:10.887 DEBUG 8956 --- [kground-preinit] o.apache.tomcat.util.digester.Digester   : [ObjectCreateRule]{mbeans-descriptors/mbean/operation}New org.apache.tomcat.util.modeler.OperationInfo
2019-05-11 11:06:10.887 DEBUG 8956 --- [kground-preinit] o.apache.tomcat.util.digester.Digester   :   Fire begin() for SetPropertiesRule[]
2019-05-11 11:06:10.889 DEBUG 8956 --- [kground-preinit] o.apache.tomcat.util.digester.Digester   : [SetPropertiesRule]{mbeans-descriptors/mbean/operation} Set org.apache.tomcat.util.modeler.OperationInfo properties
2019-05-11 11:06:10.889 DEBUG 8956 --- [kground-preinit] o.apache.tomcat.util.digester.Digester   : [SetPropertiesRule]{mbeans-descriptors/mbean/operation} Setting property 'name' to 'createDataSourceRealm'
2019-05-11 11:06:10.890 DEBUG 8956 --- [kground-preinit] o.apache.tomcat.util.IntrospectionUtils  : IntrospectionUtils: setProperty(class org.apache.tomcat.util.modeler.OperationInfo name=createDataSourceRealm)
2019-05-11 11:06:10.890 DEBUG 8956 --- [           main] o.s.c.a.ClassPathBeanDefinitionScanner   : Identified candidate component class: file [E:\gmall0508\gware-manage\target\classes\com\atguigu\gware\controller\GwareController.class]
2019-05-11 11:06:10.890 DEBUG 8956 --- [kground-preinit] o.apache.tomcat.util.digester.Digester   : [SetPropertiesRule]{mbeans-descriptors/mbean/operation} Setting property 'description' to 'Create a new DataSource Realm'
2019-05-11 11:06:10.891 DEBUG 8956 --- [kground-preinit] o.apache.tomcat.util.IntrospectionUtils  : IntrospectionUtils: setProperty(class org.apache.tomcat.util.modeler.OperationInfo description=Create a new DataSource Realm)
2019-05-11 11:06:10.891 DEBUG 8956 --- [kground-preinit] o.apache.tomcat.util.digester.Digester   : [SetPropertiesRule]{mbeans-descriptors/mbean/operation} Setting property 'impact' to 'ACTION'
2019-05-11 11:06:10.892 DEBUG 8956 --- [kground-preinit] o.apache.tomcat.util.IntrospectionUtils  : IntrospectionUtils: setProperty(class org.apache.tomcat.util.modeler.OperationInfo impact=ACTION)
2019-05-11 11:06:10.892 DEBUG 8956 --- [kground-preinit] o.apache.tomcat.util.digester.Digester   : [SetPropertiesRule]{mbeans-descriptors/mbean/operation} Setting property 'returnType' to 'java.lang.String'
2019-05-11 11:06:10.892 DEBUG 8956 --- [kground-preinit] o.apache.tomcat.util.IntrospectionUtils  : IntrospectionUtils: setProperty(class org.apache.tomcat.util.modeler.OperationInfo returnType=java.lang.String)
2019-05-11 11:06:10.892 DEBUG 8956 --- [kground-preinit] o.apache.tomcat.util.digester.Digester   :   Fire begin() for SetNextRule[methodName=addOperation, paramType=org.apache.tomcat.util.modeler.OperationInfo]
2019-05-11 11:06:10.893 DEBUG 8956 --- [kground-preinit] o.a.tomcat.util.digester.Digester.sax    : characters(
      )
2019-05-11 11:06:10.893 DEBUG 8956 --- [kground-preinit] o.a.tomcat.util.digester.Digester.sax    : startElement(,,parameter)
2019-05-11 11:06:10.893 DEBUG 8956 --- [kground-preinit] o.apache.tomcat.util.digester.Digester   :   New match='mbeans-descriptors/mbean/operation/parameter'
2019-05-11 11:06:10.894 DEBUG 8956 --- [kground-preinit] o.apache.tomcat.util.digester.Digester   :   Fire begin() for ObjectCreateRule[className=org.apache.tomcat.util.modeler.ParameterInfo, attributeName=null]
2019-05-11 11:06:10.894 DEBUG 8956 --- [kground-preinit] o.apache.tomcat.util.digester.Digester   : [ObjectCreateRule]{mbeans-descriptors/mbean/operation/parameter}New org.apache.tomcat.util.modeler.ParameterInfo
2019-05-11 11:06:10.894 DEBUG 8956 --- [kground-preinit] o.apache.tomcat.util.digester.Digester   :   Fire begin() for SetPropertiesRule[]
2019-05-11 11:06:10.894 DEBUG 8956 --- [kground-preinit] o.apache.tomcat.util.digester.Digester   : [SetPropertiesRule]{mbeans-descriptors/mbean/operation/parameter} Set org.apache.tomcat.util.modeler.ParameterInfo properties
2019-05-11 11:06:10.894 DEBUG 8956 --- [kground-preinit] o.apache.tomcat.util.digester.Digester   : [SetPropertiesRule]{mbeans-descriptors/mbean/operation/parameter} Setting property 'name' to 'parent'
2019-05-11 11:06:10.895 DEBUG 8956 --- [kground-preinit] o.apache.tomcat.util.IntrospectionUtils  : IntrospectionUtils: setProperty(class org.apache.tomcat.util.modeler.ParameterInfo name=parent)
2019-05-11 11:06:10.896 DEBUG 8956 --- [kground-preinit] o.apache.tomcat.util.digester.Digester   : [SetPropertiesRule]{mbeans-descriptors/mbean/operation/parameter} Setting property 'description' to 'MBean Name of the associated parent component'
2019-05-11 11:06:10.896 DEBUG 8956 --- [kground-preinit] o.apache.tomcat.util.IntrospectionUtils  : IntrospectionUtils: setProperty(class org.apache.tomcat.util.modeler.ParameterInfo description=MBean Name of the associated parent component)
2019-05-11 11:06:10.897 DEBUG 8956 --- [kground-preinit] o.apache.tomcat.util.digester.Digester   : [SetPropertiesRule]{mbeans-descriptors/mbean/operation/parameter} Setting property 'type' to 'java.lang.String'
2019-05-11 11:06:10.897 DEBUG 8956 --- [kground-preinit] o.apache.tomcat.util.IntrospectionUtils  : IntrospectionUtils: setProperty(class org.apache.tomcat.util.modeler.ParameterInfo type=java.lang.String)
2019-05-11 11:06:10.897 DEBUG 8956 --- [kground-preinit] o.apache.tomcat.util.digester.Digester   :   Fire begin() for SetNextRule[methodName=addParameter, paramType=org.apache.tomcat.util.modeler.ParameterInfo]
2019-05-11 11:06:10.897 DEBUG 8956 --- [kground-preinit] o.a.tomcat.util.digester.Digester.sax    : endElement(,,parameter)
2019-05-11 11:06:10.898 DEBUG 8956 --- [kground-preinit] o.apache.tomcat.util.digester.Digester   :   match='mbeans-descriptors/mbean/operation/parameter'
2019-05-11 11:06:10.898 DEBUG 8956 --- [kground-preinit] o.apache.tomcat.util.digester.Digester   :   bodyText=''
2019-05-11 11:06:10.898 DEBUG 8956 --- [kground-preinit] o.apache.tomcat.util.digester.Digester   :   Fire body() for ObjectCreateRule[className=org.apache.tomcat.util.modeler.ParameterInfo, attributeName=null]
2019-05-11 11:06:10.898 DEBUG 8956 --- [kground-preinit] o.apache.tomcat.util.digester.Digester   :   Fire body() for SetPropertiesRule[]
2019-05-11 11:06:10.899 DEBUG 8956 --- [kground-preinit] o.apache.tomcat.util.digester.Digester   :   Fire body() for SetNextRule[methodName=addParameter, paramType=org.apache.tomcat.util.modeler.ParameterInfo]
2019-05-11 11:06:10.899 DEBUG 8956 --- [kground-preinit] o.apache.tomcat.util.digester.Digester   :   Fire end() for SetNextRule[methodName=addParameter, paramType=org.apache.tomcat.util.modeler.ParameterInfo]
2019-05-11 11:06:10.899 DEBUG 8956 --- [kground-preinit] o.apache.tomcat.util.digester.Digester   : [SetNextRule]{mbeans-descriptors/mbean/operation/parameter} Call org.apache.tomcat.util.modeler.OperationInfo.addParameter(org.apache.tomcat.util.modeler.ParameterInfo@3c2ad856)
2019-05-11 11:06:10.899 DEBUG 8956 --- [kground-preinit] o.apache.tomcat.util.IntrospectionUtils  : IntrospectionUtils: callMethod1 org.apache.tomcat.util.modeler.OperationInfo org.apache.tomcat.util.modeler.ParameterInfo org.apache.tomcat.util.modeler.ParameterInfo
2019-05-11 11:06:10.900 DEBUG 8956 --- [kground-preinit] o.apache.tomcat.util.digester.Digester   :   Fire end() for SetPropertiesRule[]
2019-05-11 11:06:10.900 DEBUG 8956 --- [kground-preinit] o.apache.tomcat.util.digester.Digester   :   Fire end() for ObjectCreateRule[className=org.apache.tomcat.util.modeler.ParameterInfo, attributeName=null]
2019-05-11 11:06:10.900 DEBUG 8956 --- [kground-preinit] o.apache.tomcat.util.digester.Digester   : [ObjectCreateRule]{mbeans-descriptors/mbean/operation/parameter} Pop org.apache.tomcat.util.modeler.ParameterInfo
2019-05-11 11:06:10.900 DEBUG 8956 --- [kground-preinit] o.a.tomcat.util.digester.Digester.sax    : characters(
      )
2019-05-11 11:06:10.901 DEBUG 8956 --- [kground-preinit] o.a.tomcat.util.digester.Digester.sax    : startElement(,,parameter)
2019-05-11 11:06:10.901 DEBUG 8956 --- [kground-preinit] o.apache.tomcat.util.digester.Digester   :   New match='mbeans-descriptors/mbean/operation/parameter'
2019-05-11 11:06:10.902 DEBUG 8956 --- [kground-preinit] o.apache.tomcat.util.digester.Digester   :   Fire begin() for ObjectCreateRule[className=org.apache.tomcat.util.modeler.ParameterInfo, attributeName=null]
2019-05-11 11:06:10.902 DEBUG 8956 --- [kground-preinit] o.apache.tomcat.util.digester.Digester   : [ObjectCreateRule]{mbeans-descriptors/mbean/operation/parameter}New org.apache.tomcat.util.modeler.ParameterInfo
2019-05-11 11:06:10.902 DEBUG 8956 --- [kground-preinit] o.apache.tomcat.util.digester.Digester   :   Fire begin() for SetPropertiesRule[]
2019-05-11 11:06:10.903 DEBUG 8956 --- [kground-preinit] o.apache.tomcat.util.digester.Digester   : [SetPropertiesRule]{mbeans-descriptors/mbean/operation/parameter} Set org.apache.tomcat.util.modeler.ParameterInfo properties
2019-05-11 11:06:10.903 DEBUG 8956 --- [kground-preinit] o.apache.tomcat.util.digester.Digester   : [SetPropertiesRule]{mbeans-descriptors/mbean/operation/parameter} Setting property 'name' to 'dataSourceName'
2019-05-11 11:06:10.904 DEBUG 8956 --- [kground-preinit] o.apache.tomcat.util.IntrospectionUtils  : IntrospectionUtils: setProperty(class org.apache.tomcat.util.modeler.ParameterInfo name=dataSourceName)
2019-05-11 11:06:10.907 DEBUG 8956 --- [kground-preinit] o.apache.tomcat.util.digester.Digester   : [SetPropertiesRule]{mbeans-descriptors/mbean/operation/parameter} Setting property 'description' to 'The JNDI named JDBC DataSource'
2019-05-11 11:06:10.907 DEBUG 8956 --- [kground-preinit] o.apache.tomcat.util.IntrospectionUtils  : IntrospectionUtils: setProperty(class org.apache.tomcat.util.modeler.ParameterInfo description=The JNDI named JDBC DataSource)
2019-05-11 11:06:10.907 DEBUG 8956 --- [kground-preinit] o.apache.tomcat.util.digester.Digester   : [SetPropertiesRule]{mbeans-descriptors/mbean/operation/parameter} Setting property 'type' to 'java.lang.String'
2019-05-11 11:06:10.908 DEBUG 8956 --- [kground-preinit] o.apache.tomcat.util.IntrospectionUtils  : IntrospectionUtils: setProperty(class org.apache.tomcat.util.modeler.ParameterInfo type=java.lang.String)
2019-05-11 11:06:10.908 DEBUG 8956 --- [kground-preinit] o.apache.tomcat.util.digester.Digester   :   Fire begin() for SetNextRule[methodName=addParameter, paramType=org.apache.tomcat.util.modeler.ParameterInfo]
2019-05-11 11:06:10.908 DEBUG 8956 --- [kground-preinit] o.a.tomcat.util.digester.Digester.sax    : endElement(,,parameter)
2019-05-11 11:06:10.908 DEBUG 8956 --- [kground-preinit] o.apache.tomcat.util.digester.Digester   :   match='mbeans-descriptors/mbean/operation/parameter'
2019-05-11 11:06:10.909 DEBUG 8956 --- [kground-preinit] o.apache.tomcat.util.digester.Digester   :   bodyText=''
2019-05-11 11:06:10.909 DEBUG 8956 --- [kground-preinit] o.apache.tomcat.util.digester.Digester   :   Fire body() for ObjectCreateRule[className=org.apache.tomcat.util.modeler.ParameterInfo, attributeName=null]
2019-05-11 11:06:10.909 DEBUG 8956 --- [kground-preinit] o.apache.tomcat.util.digester.Digester   :   Fire body() for SetPropertiesRule[]
2019-05-11 11:06:10.909 DEBUG 8956 --- [kground-preinit] o.apache.tomcat.util.digester.Digester   :   Fire body() for SetNextRule[methodName=addParameter, paramType=org.apache.tomcat.util.modeler.ParameterInfo]
2019-05-11 11:06:10.909 DEBUG 8956 --- [kground-preinit] o.apache.tomcat.util.digester.Digester   :   Fire end() for SetNextRule[methodName=addParameter, paramType=org.apache.tomcat.util.modeler.ParameterInfo]
2019-05-11 11:06:10.909 DEBUG 8956 --- [kground-preinit] o.apache.tomcat.util.digester.Digester   : [SetNextRule]{mbeans-descriptors/mbean/operation/parameter} Call org.apache.tomcat.util.modeler.OperationInfo.addParameter(org.apache.tomcat.util.modeler.ParameterInfo@6c38cc93)
2019-05-11 11:06:10.910 DEBUG 8956 --- [kground-preinit] o.apache.tomcat.util.IntrospectionUtils  : IntrospectionUtils: callMethod1 org.apache.tomcat.util.modeler.OperationInfo org.apache.tomcat.util.modeler.ParameterInfo org.apache.tomcat.util.modeler.ParameterInfo
2019-05-11 11:06:10.910 DEBUG 8956 --- [kground-preinit] o.apache.tomcat.util.digester.Digester   :   Fire end() for SetPropertiesRule[]
2019-05-11 11:06:10.910 DEBUG 8956 --- [kground-preinit] o.apache.tomcat.util.digester.Digester   :   Fire end() for ObjectCreateRule[className=org.apache.tomcat.util.modeler.ParameterInfo, attributeName=null]
2019-05-11 11:06:10.910 DEBUG 8956 --- [kground-preinit] o.apache.tomcat.util.digester.Digester   : [ObjectCreateRule]{mbeans-descriptors/mbean/operation/parameter} Pop org.apache.tomcat.util.modeler.ParameterInfo
2019-05-11 11:06:10.910 DEBUG 8956 --- [kground-preinit] o.a.tomcat.util.digester.Digester.sax    : characters(
      )
2019-05-11 11:06:10.910 DEBUG 8956 --- [kground-preinit] o.a.tomcat.util.digester.Digester.sax    : startElement(,,parameter)
2019-05-11 11:06:10.911 DEBUG 8956 --- [kground-preinit] o.apache.tomcat.util.digester.Digester   :   New match='mbeans-descriptors/mbean/operation/parameter'
2019-05-11 11:06:10.912 DEBUG 8956 --- [kground-preinit] o.apache.tomcat.util.digester.Digester   :   Fire begin() for ObjectCreateRule[className=org.apache.tomcat.util.modeler.ParameterInfo, attributeName=null]
2019-05-11 11:06:10.913 DEBUG 8956 --- [kground-preinit] o.apache.tomcat.util.digester.Digester   : [ObjectCreateRule]{mbeans-descriptors/mbean/operation/parameter}New org.apache.tomcat.util.modeler.ParameterInfo
2019-05-11 11:06:10.913 DEBUG 8956 --- [kground-preinit] o.apache.tomcat.util.digester.Digester   :   Fire begin() for SetPropertiesRule[]
2019-05-11 11:06:10.914 DEBUG 8956 --- [kground-preinit] o.apache.tomcat.util.digester.Digester   : [SetPropertiesRule]{mbeans-descriptors/mbean/operation/parameter} Set org.apache.tomcat.util.modeler.ParameterInfo properties
2019-05-11 11:06:10.914 DEBUG 8956 --- [kground-preinit] o.apache.tomcat.util.digester.Digester   : [SetPropertiesRule]{mbeans-descriptors/mbean/operation/parameter} Setting property 'name' to 'roleNameCol'
2019-05-11 11:06:10.914 DEBUG 8956 --- [kground-preinit] o.apache.tomcat.util.IntrospectionUtils  : IntrospectionUtils: setProperty(class org.apache.tomcat.util.modeler.ParameterInfo name=roleNameCol)
2019-05-11 11:06:10.914 DEBUG 8956 --- [kground-preinit] o.apache.tomcat.util.digester.Digester   : [SetPropertiesRule]{mbeans-descriptors/mbean/operation/parameter} Setting property 'description' to 'The column in the user role table that names a role'
2019-05-11 11:06:10.915 DEBUG 8956 --- [kground-preinit] o.apache.tomcat.util.IntrospectionUtils  : IntrospectionUtils: setProperty(class org.apache.tomcat.util.modeler.ParameterInfo description=The column in the user role table that names a role)
2019-05-11 11:06:10.915 DEBUG 8956 --- [kground-preinit] o.apache.tomcat.util.digester.Digester   : [SetPropertiesRule]{mbeans-descriptors/mbean/operation/parameter} Setting property 'type' to 'java.lang.String'
2019-05-11 11:06:10.916 DEBUG 8956 --- [kground-preinit] o.apache.tomcat.util.IntrospectionUtils  : IntrospectionUtils: setProperty(class org.apache.tomcat.util.modeler.ParameterInfo type=java.lang.String)
2019-05-11 11:06:10.917 DEBUG 8956 --- [kground-preinit] o.apache.tomcat.util.digester.Digester   :   Fire begin() for SetNextRule[methodName=addParameter, paramType=org.apache.tomcat.util.modeler.ParameterInfo]
2019-05-11 11:06:10.919 DEBUG 8956 --- [kground-preinit] o.a.tomcat.util.digester.Digester.sax    : endElement(,,parameter)
2019-05-11 11:06:10.920 DEBUG 8956 --- [kground-preinit] o.apache.tomcat.util.digester.Digester   :   match='mbeans-descriptors/mbean/operation/parameter'
2019-05-11 11:06:10.921 DEBUG 8956 --- [kground-preinit] o.apache.tomcat.util.digester.Digester   :   bodyText=''
2019-05-11 11:06:10.921 DEBUG 8956 --- [kground-preinit] o.apache.tomcat.util.digester.Digester   :   Fire body() for ObjectCreateRule[className=org.apache.tomcat.util.modeler.ParameterInfo, attributeName=null]
2019-05-11 11:06:10.921 DEBUG 8956 --- [kground-preinit] o.apache.tomcat.util.digester.Digester   :   Fire body() for SetPropertiesRule[]
2019-05-11 11:06:10.922 DEBUG 8956 --- [kground-preinit] o.apache.tomcat.util.digester.Digester   :   Fire body() for SetNextRule[methodName=addParameter, paramType=org.apache.tomcat.util.modeler.ParameterInfo]
2019-05-11 11:06:10.922 DEBUG 8956 --- [kground-preinit] o.apache.tomcat.util.digester.Digester   :   Fire end() for SetNextRule[methodName=addParameter, paramType=org.apache.tomcat.util.modeler.ParameterInfo]
2019-05-11 11:06:10.922 DEBUG 8956 --- [kground-preinit] o.apache.tomcat.util.digester.Digester   : [SetNextRule]{mbeans-descriptors/mbean/operation/parameter} Call org.apache.tomcat.util.modeler.OperationInfo.addParameter(org.apache.tomcat.util.modeler.ParameterInfo@54eb9131)
2019-05-11 11:06:10.922 DEBUG 8956 --- [kground-preinit] o.apache.tomcat.util.IntrospectionUtils  : IntrospectionUtils: callMethod1 org.apache.tomcat.util.modeler.OperationInfo org.apache.tomcat.util.modeler.ParameterInfo org.apache.tomcat.util.modeler.ParameterInfo
2019-05-11 11:06:10.922 DEBUG 8956 --- [kground-preinit] o.apache.tomcat.util.digester.Digester   :   Fire end() for SetPropertiesRule[]
2019-05-11 11:06:10.923 DEBUG 8956 --- [kground-preinit] o.apache.tomcat.util.digester.Digester   :   Fire end() for ObjectCreateRule[className=org.apache.tomcat.util.modeler.ParameterInfo, attributeName=null]
2019-05-11 11:06:10.923 DEBUG 8956 --- [kground-preinit] o.apache.tomcat.util.digester.Digester   : [ObjectCreateRule]{mbeans-descriptors/mbean/operation/parameter} Pop org.apache.tomcat.util.modeler.ParameterInfo
2019-05-11 11:06:10.923 DEBUG 8956 --- [kground-preinit] o.a.tomcat.util.digester.Digester.sax    : characters(
      )
2019-05-11 11:06:10.923 DEBUG 8956 --- [kground-preinit] o.a.tomcat.util.digester.Digester.sax    : startElement(,,parameter)
2019-05-11 11:06:10.923 DEBUG 8956 --- [kground-preinit] o.apache.tomcat.util.digester.Digester   :   New match='mbeans-descriptors/mbean/operation/parameter'
2019-05-11 11:06:10.923 DEBUG 8956 --- [kground-preinit] o.apache.tomcat.util.digester.Digester   :   Fire begin() for ObjectCreateRule[className=org.apache.tomcat.util.modeler.ParameterInfo, attributeName=null]
2019-05-11 11:06:10.923 DEBUG 8956 --- [kground-preinit] o.apache.tomcat.util.digester.Digester   : [ObjectCreateRule]{mbeans-descriptors/mbean/operation/parameter}New org.apache.tomcat.util.modeler.ParameterInfo
2019-05-11 11:06:10.924 DEBUG 8956 --- [kground-preinit] o.apache.tomcat.util.digester.Digester   :   Fire begin() for SetPropertiesRule[]
2019-05-11 11:06:10.924 DEBUG 8956 --- [kground-preinit] o.apache.tomcat.util.digester.Digester   : [SetPropertiesRule]{mbeans-descriptors/mbean/operation/parameter} Set org.apache.tomcat.util.modeler.ParameterInfo properties
2019-05-11 11:06:10.924 DEBUG 8956 --- [kground-preinit] o.apache.tomcat.util.digester.Digester   : [SetPropertiesRule]{mbeans-descriptors/mbean/operation/parameter} Setting property 'name' to 'userCredCol'
2019-05-11 11:06:10.924 DEBUG 8956 --- [kground-preinit] o.apache.tomcat.util.IntrospectionUtils  : IntrospectionUtils: setProperty(class org.apache.tomcat.util.modeler.ParameterInfo name=userCredCol)
2019-05-11 11:06:10.925 DEBUG 8956 --- [kground-preinit] o.apache.tomcat.util.digester.Digester   : [SetPropertiesRule]{mbeans-descriptors/mbean/operation/parameter} Setting property 'description' to 'The column in the user table that holds the user's                         credentials'
2019-05-11 11:06:10.925 DEBUG 8956 --- [kground-preinit] o.apache.tomcat.util.IntrospectionUtils  : IntrospectionUtils: setProperty(class org.apache.tomcat.util.modeler.ParameterInfo description=The column in the user table that holds the user's                         credentials)
2019-05-11 11:06:10.925 DEBUG 8956 --- [kground-preinit] o.apache.tomcat.util.digester.Digester   : [SetPropertiesRule]{mbeans-descriptors/mbean/operation/parameter} Setting property 'type' to 'java.lang.String'
2019-05-11 11:06:10.925 DEBUG 8956 --- [kground-preinit] o.apache.tomcat.util.IntrospectionUtils  : IntrospectionUtils: setProperty(class org.apache.tomcat.util.modeler.ParameterInfo type=java.lang.String)
2019-05-11 11:06:10.925 DEBUG 8956 --- [kground-preinit] o.apache.tomcat.util.digester.Digester   :   Fire begin() for SetNextRule[methodName=addParameter, paramType=org.apache.tomcat.util.modeler.ParameterInfo]
2019-05-11 11:06:10.925 DEBUG 8956 --- [kground-preinit] o.a.tomcat.util.digester.Digester.sax    : endElement(,,parameter)
2019-05-11 11:06:10.925 DEBUG 8956 --- [kground-preinit] o.apache.tomcat.util.digester.Digester   :   match='mbeans-descriptors/mbean/operation/parameter'
2019-05-11 11:06:10.925 DEBUG 8956 --- [kground-preinit] o.apache.tomcat.util.digester.Digester   :   bodyText=''
2019-05-11 11:06:10.925 DEBUG 8956 --- [kground-preinit] o.apache.tomcat.util.digester.Digester   :   Fire body() for ObjectCreateRule[className=org.apache.tomcat.util.modeler.ParameterInfo, attributeName=null]
2019-05-11 11:06:10.926 DEBUG 8956 --- [kground-preinit] o.apache.tomcat.util.digester.Digester   :   Fire body() for SetPropertiesRule[]
2019-05-11 11:06:10.926 DEBUG 8956 --- [kground-preinit] o.apache.tomcat.util.digester.Digester   :   Fire body() for SetNextRule[methodName=addParameter, paramType=org.apache.tomcat.util.modeler.ParameterInfo]
2019-05-11 11:06:10.926 DEBUG 8956 --- [kground-preinit] o.apache.tomcat.util.digester.Digester   :   Fire end() for SetNextRule[methodName=addParameter, paramType=org.apache.tomcat.util.modeler.ParameterInfo]
2019-05-11 11:06:10.926 DEBUG 8956 --- [kground-preinit] o.apache.tomcat.util.digester.Digester   : [SetNextRule]{mbeans-descriptors/mbean/operation/parameter} Call org.apache.tomcat.util.modeler.OperationInfo.addParameter(org.apache.tomcat.util.modeler.ParameterInfo@1a351ca5)
2019-05-11 11:06:10.926 DEBUG 8956 --- [kground-preinit] o.apache.tomcat.util.IntrospectionUtils  : IntrospectionUtils: callMethod1 org.apache.tomcat.util.modeler.OperationInfo org.apache.tomcat.util.modeler.ParameterInfo org.apache.tomcat.util.modeler.ParameterInfo
2019-05-11 11:06:10.927 DEBUG 8956 --- [kground-preinit] o.apache.tomcat.util.digester.Digester   :   Fire end() for SetPropertiesRule[]
2019-05-11 11:06:10.927 DEBUG 8956 --- [kground-preinit] o.apache.tomcat.util.digester.Digester   :   Fire end() for ObjectCreateRule[className=org.apache.tomcat.util.modeler.ParameterInfo, attributeName=null]
2019-05-11 11:06:10.927 DEBUG 8956 --- [kground-preinit] o.apache.tomcat.util.digester.Digester   : [ObjectCreateRule]{mbeans-descriptors/mbean/operation/parameter} Pop org.apache.tomcat.util.modeler.ParameterInfo
2019-05-11 11:06:10.928 DEBUG 8956 --- [kground-preinit] o.a.tomcat.util.digester.Digester.sax    : characters(
      )
2019-05-11 11:06:10.929 DEBUG 8956 --- [kground-preinit] o.a.tomcat.util.digester.Digester.sax    : startElement(,,parameter)
2019-05-11 11:06:10.929 DEBUG 8956 --- [kground-preinit] o.apache.tomcat.util.digester.Digester   :   New match='mbeans-descriptors/mbean/operation/parameter'
2019-05-11 11:06:10.929 DEBUG 8956 --- [kground-preinit] o.apache.tomcat.util.digester.Digester   :   Fire begin() for ObjectCreateRule[className=org.apache.tomcat.util.modeler.ParameterInfo, attributeName=null]
2019-05-11 11:06:10.930 DEBUG 8956 --- [kground-preinit] o.apache.tomcat.util.digester.Digester   : [ObjectCreateRule]{mbeans-descriptors/mbean/operation/parameter}New org.apache.tomcat.util.modeler.ParameterInfo
2019-05-11 11:06:10.930 DEBUG 8956 --- [kground-preinit] o.apache.tomcat.util.digester.Digester   :   Fire begin() for SetPropertiesRule[]
2019-05-11 11:06:10.930 DEBUG 8956 --- [kground-preinit] o.apache.tomcat.util.digester.Digester   : [SetPropertiesRule]{mbeans-descriptors/mbean/operation/parameter} Set org.apache.tomcat.util.modeler.ParameterInfo properties
2019-05-11 11:06:10.930 DEBUG 8956 --- [kground-preinit] o.apache.tomcat.util.digester.Digester   : [SetPropertiesRule]{mbeans-descriptors/mbean/operation/parameter} Setting property 'name' to 'userNameCol'
2019-05-11 11:06:10.931 DEBUG 8956 --- [kground-preinit] o.apache.tomcat.util.IntrospectionUtils  : IntrospectionUtils: setProperty(class org.apache.tomcat.util.modeler.ParameterInfo name=userNameCol)
2019-05-11 11:06:10.931 DEBUG 8956 --- [kground-preinit] o.apache.tomcat.util.digester.Digester   : [SetPropertiesRule]{mbeans-descriptors/mbean/operation/parameter} Setting property 'description' to 'The column in the user table that holds the user's                         username'
2019-05-11 11:06:10.931 DEBUG 8956 --- [kground-preinit] o.apache.tomcat.util.IntrospectionUtils  : IntrospectionUtils: setProperty(class org.apache.tomcat.util.modeler.ParameterInfo description=The column in the user table that holds the user's                         username)
2019-05-11 11:06:10.931 DEBUG 8956 --- [kground-preinit] o.apache.tomcat.util.digester.Digester   : [SetPropertiesRule]{mbeans-descriptors/mbean/operation/parameter} Setting property 'type' to 'java.lang.String'
2019-05-11 11:06:10.931 DEBUG 8956 --- [kground-preinit] o.apache.tomcat.util.IntrospectionUtils  : IntrospectionUtils: setProperty(class org.apache.tomcat.util.modeler.ParameterInfo type=java.lang.String)
2019-05-11 11:06:10.932 DEBUG 8956 --- [kground-preinit] o.apache.tomcat.util.digester.Digester   :   Fire begin() for SetNextRule[methodName=addParameter, paramType=org.apache.tomcat.util.modeler.ParameterInfo]
2019-05-11 11:06:10.932 DEBUG 8956 --- [kground-preinit] o.a.tomcat.util.digester.Digester.sax    : endElement(,,parameter)
2019-05-11 11:06:10.932 DEBUG 8956 --- [kground-preinit] o.apache.tomcat.util.digester.Digester   :   match='mbeans-descriptors/mbean/operation/parameter'
2019-05-11 11:06:10.932 DEBUG 8956 --- [kground-preinit] o.apache.tomcat.util.digester.Digester   :   bodyText=''
2019-05-11 11:06:10.932 DEBUG 8956 --- [kground-preinit] o.apache.tomcat.util.digester.Digester   :   Fire body() for ObjectCreateRule[className=org.apache.tomcat.util.modeler.ParameterInfo, attributeName=null]
2019-05-11 11:06:10.933 DEBUG 8956 --- [kground-preinit] o.apache.tomcat.util.digester.Digester   :   Fire body() for SetPropertiesRule[]
2019-05-11 11:06:10.933 DEBUG 8956 --- [kground-preinit] o.apache.tomcat.util.digester.Digester   :   Fire body() for SetNextRule[methodName=addParameter, paramType=org.apache.tomcat.util.modeler.ParameterInfo]
2019-05-11 11:06:10.935 DEBUG 8956 --- [kground-preinit] o.apache.tomcat.util.digester.Digester   :   Fire end() for SetNextRule[methodName=addParameter, paramType=org.apache.tomcat.util.modeler.ParameterInfo]
2019-05-11 11:06:10.935 DEBUG 8956 --- [kground-preinit] o.apache.tomcat.util.digester.Digester   : [SetNextRule]{mbeans-descriptors/mbean/operation/parameter} Call org.apache.tomcat.util.modeler.OperationInfo.addParameter(org.apache.tomcat.util.modeler.ParameterInfo@70b79fdd)
2019-05-11 11:06:10.935 DEBUG 8956 --- [kground-preinit] o.apache.tomcat.util.IntrospectionUtils  : IntrospectionUtils: callMethod1 org.apache.tomcat.util.modeler.OperationInfo org.apache.tomcat.util.modeler.ParameterInfo org.apache.tomcat.util.modeler.ParameterInfo
2019-05-11 11:06:10.936 DEBUG 8956 --- [kground-preinit] o.apache.tomcat.util.digester.Digester   :   Fire end() for SetPropertiesRule[]
2019-05-11 11:06:10.936 DEBUG 8956 --- [kground-preinit] o.apache.tomcat.util.digester.Digester   :   Fire end() for ObjectCreateRule[className=org.apache.tomcat.util.modeler.ParameterInfo, attributeName=null]
2019-05-11 11:06:10.936 DEBUG 8956 --- [kground-preinit] o.apache.tomcat.util.digester.Digester   : [ObjectCreateRule]{mbeans-descriptors/mbean/operation/parameter} Pop org.apache.tomcat.util.modeler.ParameterInfo
2019-05-11 11:06:10.936 DEBUG 8956 --- [kground-preinit] o.a.tomcat.util.digester.Digester.sax    : characters(
      )
2019-05-11 11:06:10.937 DEBUG 8956 --- [kground-preinit] o.a.tomcat.util.digester.Digester.sax    : startElement(,,parameter)
2019-05-11 11:06:10.937 DEBUG 8956 --- [kground-preinit] o.apache.tomcat.util.digester.Digester   :   New match='mbeans-descriptors/mbean/operation/parameter'
2019-05-11 11:06:10.937 DEBUG 8956 --- [           main] o.s.c.a.ClassPathBeanDefinitionScanner   : Identified candidate component class: file [E:\gmall0508\gware-manage\target\classes\com\atguigu\gware\service\impl\GwareServiceImpl.class]
2019-05-11 11:06:10.937 DEBUG 8956 --- [kground-preinit] o.apache.tomcat.util.digester.Digester   :   Fire begin() for ObjectCreateRule[className=org.apache.tomcat.util.modeler.ParameterInfo, attributeName=null]
2019-05-11 11:06:10.938 DEBUG 8956 --- [kground-preinit] o.apache.tomcat.util.digester.Digester   : [ObjectCreateRule]{mbeans-descriptors/mbean/operation/parameter}New org.apache.tomcat.util.modeler.ParameterInfo
2019-05-11 11:06:10.939 DEBUG 8956 --- [kground-preinit] o.apache.tomcat.util.digester.Digester   :   Fire begin() for SetPropertiesRule[]
2019-05-11 11:06:10.940 DEBUG 8956 --- [kground-preinit] o.apache.tomcat.util.digester.Digester   : [SetPropertiesRule]{mbeans-descriptors/mbean/operation/parameter} Set org.apache.tomcat.util.modeler.ParameterInfo properties
2019-05-11 11:06:10.940 DEBUG 8956 --- [kground-preinit] o.apache.tomcat.util.digester.Digester   : [SetPropertiesRule]{mbeans-descriptors/mbean/operation/parameter} Setting property 'name' to 'userRoleTable'
2019-05-11 11:06:10.941 DEBUG 8956 --- [kground-preinit] o.apache.tomcat.util.IntrospectionUtils  : IntrospectionUtils: setProperty(class org.apache.tomcat.util.modeler.ParameterInfo name=userRoleTable)
2019-05-11 11:06:10.941 DEBUG 8956 --- [kground-preinit] o.apache.tomcat.util.digester.Digester   : [SetPropertiesRule]{mbeans-descriptors/mbean/operation/parameter} Setting property 'description' to 'The table that holds the relation between user's and                         roles'
2019-05-11 11:06:10.941 DEBUG 8956 --- [kground-preinit] o.apache.tomcat.util.IntrospectionUtils  : IntrospectionUtils: setProperty(class org.apache.tomcat.util.modeler.ParameterInfo description=The table that holds the relation between user's and                         roles)
2019-05-11 11:06:10.942 DEBUG 8956 --- [kground-preinit] o.apache.tomcat.util.digester.Digester   : [SetPropertiesRule]{mbeans-descriptors/mbean/operation/parameter} Setting property 'type' to 'java.lang.String'
2019-05-11 11:06:10.948 DEBUG 8956 --- [kground-preinit] o.apache.tomcat.util.IntrospectionUtils  : IntrospectionUtils: setProperty(class org.apache.tomcat.util.modeler.ParameterInfo type=java.lang.String)
2019-05-11 11:06:10.979 DEBUG 8956 --- [kground-preinit] o.apache.tomcat.util.digester.Digester   :   Fire begin() for SetNextRule[methodName=addParameter, paramType=org.apache.tomcat.util.modeler.ParameterInfo]
2019-05-11 11:06:10.990 DEBUG 8956 --- [           main] o.s.c.e.PropertySourcesPropertyResolver  : Could not find key 'spring.boot.enableautoconfiguration' in any property source
2019-05-11 11:06:11.001 DEBUG 8956 --- [kground-preinit] o.a.tomcat.util.digester.Digester.sax    : endElement(,,parameter)
2019-05-11 11:06:11.002 DEBUG 8956 --- [kground-preinit] o.apache.tomcat.util.digester.Digester   :   match='mbeans-descriptors/mbean/operation/parameter'
2019-05-11 11:06:11.002 DEBUG 8956 --- [kground-preinit] o.apache.tomcat.util.digester.Digester   :   bodyText=''
2019-05-11 11:06:11.002 DEBUG 8956 --- [kground-preinit] o.apache.tomcat.util.digester.Digester   :   Fire body() for ObjectCreateRule[className=org.apache.tomcat.util.modeler.ParameterInfo, attributeName=null]
2019-05-11 11:06:11.002 DEBUG 8956 --- [kground-preinit] o.apache.tomcat.util.digester.Digester   :   Fire body() for SetPropertiesRule[]
2019-05-11 11:06:11.002 DEBUG 8956 --- [kground-preinit] o.apache.tomcat.util.digester.Digester   :   Fire body() for SetNextRule[methodName=addParameter, paramType=org.apache.tomcat.util.modeler.ParameterInfo]
2019-05-11 11:06:11.002 DEBUG 8956 --- [kground-preinit] o.apache.tomcat.util.digester.Digester   :   Fire end() for SetNextRule[methodName=addParameter, paramType=org.apache.tomcat.util.modeler.ParameterInfo]
2019-05-11 11:06:11.003 DEBUG 8956 --- [kground-preinit] o.apache.tomcat.util.digester.Digester   : [SetNextRule]{mbeans-descriptors/mbean/operation/parameter} Call org.apache.tomcat.util.modeler.OperationInfo.addParameter(org.apache.tomcat.util.modeler.ParameterInfo@5a41990c)
2019-05-11 11:06:11.003 DEBUG 8956 --- [kground-preinit] o.apache.tomcat.util.IntrospectionUtils  : IntrospectionUtils: callMethod1 org.apache.tomcat.util.modeler.OperationInfo org.apache.tomcat.util.modeler.ParameterInfo org.apache.tomcat.util.modeler.ParameterInfo
2019-05-11 11:06:11.003 DEBUG 8956 --- [kground-preinit] o.apache.tomcat.util.digester.Digester   :   Fire end() for SetPropertiesRule[]
2019-05-11 11:06:11.003 DEBUG 8956 --- [kground-preinit] o.apache.tomcat.util.digester.Digester   :   Fire end() for ObjectCreateRule[className=org.apache.tomcat.util.modeler.ParameterInfo, attributeName=null]
2019-05-11 11:06:11.004 DEBUG 8956 --- [kground-preinit] o.apache.tomcat.util.digester.Digester   : [ObjectCreateRule]{mbeans-descriptors/mbean/operation/parameter} Pop org.apache.tomcat.util.modeler.ParameterInfo
2019-05-11 11:06:11.004 DEBUG 8956 --- [kground-preinit] o.a.tomcat.util.digester.Digester.sax    : characters(
      )
2019-05-11 11:06:11.004 DEBUG 8956 --- [kground-preinit] o.a.tomcat.util.digester.Digester.sax    : startElement(,,parameter)
2019-05-11 11:06:11.004 DEBUG 8956 --- [kground-preinit] o.apache.tomcat.util.digester.Digester   :   New match='mbeans-descriptors/mbean/operation/parameter'
2019-05-11 11:06:11.004 DEBUG 8956 --- [kground-preinit] o.apache.tomcat.util.digester.Digester   :   Fire begin() for ObjectCreateRule[className=org.apache.tomcat.util.modeler.ParameterInfo, attributeName=null]
2019-05-11 11:06:11.005 DEBUG 8956 --- [kground-preinit] o.apache.tomcat.util.digester.Digester   : [ObjectCreateRule]{mbeans-descriptors/mbean/operation/parameter}New org.apache.tomcat.util.modeler.ParameterInfo
2019-05-11 11:06:11.005 DEBUG 8956 --- [kground-preinit] o.apache.tomcat.util.digester.Digester   :   Fire begin() for SetPropertiesRule[]
2019-05-11 11:06:11.005 DEBUG 8956 --- [kground-preinit] o.apache.tomcat.util.digester.Digester   : [SetPropertiesRule]{mbeans-descriptors/mbean/operation/parameter} Set org.apache.tomcat.util.modeler.ParameterInfo properties
2019-05-11 11:06:11.005 DEBUG 8956 --- [kground-preinit] o.apache.tomcat.util.digester.Digester   : [SetPropertiesRule]{mbeans-descriptors/mbean/operation/parameter} Setting property 'name' to 'userTable'
2019-05-11 11:06:11.006 DEBUG 8956 --- [kground-preinit] o.apache.tomcat.util.IntrospectionUtils  : IntrospectionUtils: setProperty(class org.apache.tomcat.util.modeler.ParameterInfo name=userTable)
2019-05-11 11:06:11.006 DEBUG 8956 --- [kground-preinit] o.apache.tomcat.util.digester.Digester   : [SetPropertiesRule]{mbeans-descriptors/mbean/operation/parameter} Setting property 'description' to 'The table that holds user data'
2019-05-11 11:06:11.013 DEBUG 8956 --- [kground-preinit] o.apache.tomcat.util.IntrospectionUtils  : IntrospectionUtils: setProperty(class org.apache.tomcat.util.modeler.ParameterInfo description=The table that holds user data)
2019-05-11 11:06:11.014 DEBUG 8956 --- [kground-preinit] o.apache.tomcat.util.digester.Digester   : [SetPropertiesRule]{mbeans-descriptors/mbean/operation/parameter} Setting property 'type' to 'java.lang.String'
2019-05-11 11:06:11.014 DEBUG 8956 --- [kground-preinit] o.apache.tomcat.util.IntrospectionUtils  : IntrospectionUtils: setProperty(class org.apache.tomcat.util.modeler.ParameterInfo type=java.lang.String)
2019-05-11 11:06:11.014 DEBUG 8956 --- [kground-preinit] o.apache.tomcat.util.digester.Digester   :   Fire begin() for SetNextRule[methodName=addParameter, paramType=org.apache.tomcat.util.modeler.ParameterInfo]
2019-05-11 11:06:11.014 DEBUG 8956 --- [kground-preinit] o.a.tomcat.util.digester.Digester.sax    : endElement(,,parameter)
2019-05-11 11:06:11.015 DEBUG 8956 --- [kground-preinit] o.apache.tomcat.util.digester.Digester   :   match='mbeans-descriptors/mbean/operation/parameter'
2019-05-11 11:06:11.015 DEBUG 8956 --- [kground-preinit] o.apache.tomcat.util.digester.Digester   :   bodyText=''
2019-05-11 11:06:11.015 DEBUG 8956 --- [kground-preinit] o.apache.tomcat.util.digester.Digester   :   Fire body() for ObjectCreateRule[className=org.apache.tomcat.util.modeler.ParameterInfo, attributeName=null]
2019-05-11 11:06:11.015 DEBUG 8956 --- [kground-preinit] o.apache.tomcat.util.digester.Digester   :   Fire body() for SetPropertiesRule[]
2019-05-11 11:06:11.015 DEBUG 8956 --- [kground-preinit] o.apache.tomcat.util.digester.Digester   :   Fire body() for SetNextRule[methodName=addParameter, paramType=org.apache.tomcat.util.modeler.ParameterInfo]
2019-05-11 11:06:11.017 DEBUG 8956 --- [kground-preinit] o.apache.tomcat.util.digester.Digester   :   Fire end() for SetNextRule[methodName=addParameter, paramType=org.apache.tomcat.util.modeler.ParameterInfo]
2019-05-11 11:06:11.017 DEBUG 8956 --- [kground-preinit] o.apache.tomcat.util.digester.Digester   : [SetNextRule]{mbeans-descriptors/mbean/operation/parameter} Call org.apache.tomcat.util.modeler.OperationInfo.addParameter(org.apache.tomcat.util.modeler.ParameterInfo@522bf96c)
2019-05-11 11:06:11.017 DEBUG 8956 --- [kground-preinit] o.apache.tomcat.util.IntrospectionUtils  : IntrospectionUtils: callMethod1 org.apache.tomcat.util.modeler.OperationInfo org.apache.tomcat.util.modeler.ParameterInfo org.apache.tomcat.util.modeler.ParameterInfo
2019-05-11 11:06:11.018 DEBUG 8956 --- [kground-preinit] o.apache.tomcat.util.digester.Digester   :   Fire end() for SetPropertiesRule[]
2019-05-11 11:06:11.018 DEBUG 8956 --- [kground-preinit] o.apache.tomcat.util.digester.Digester   :   Fire end() for ObjectCreateRule[className=org.apache.tomcat.util.modeler.ParameterInfo, attributeName=null]
2019-05-11 11:06:11.018 DEBUG 8956 --- [kground-preinit] o.apache.tomcat.util.digester.Digester   : [ObjectCreateRule]{mbeans-descriptors/mbean/operation/parameter} Pop org.apache.tomcat.util.modeler.ParameterInfo
2019-05-11 11:06:11.019 DEBUG 8956 --- [kground-preinit] o.a.tomcat.util.digester.Digester.sax    : characters(
    )
2019-05-11 11:06:11.019 DEBUG 8956 --- [kground-preinit] o.a.tomcat.util.digester.Digester.sax    : endElement(,,operation)
2019-05-11 11:06:11.019 DEBUG 8956 --- [kground-preinit] o.apache.tomcat.util.digester.Digester   :   match='mbeans-descriptors/mbean/operation'
2019-05-11 11:06:11.019 DEBUG 8956 --- [kground-preinit] o.apache.tomcat.util.digester.Digester   :   bodyText='
      
      
      
      
      
      
      
    '
2019-05-11 11:06:11.019 DEBUG 8956 --- [kground-preinit] o.apache.tomcat.util.digester.Digester   :   Fire body() for ObjectCreateRule[className=org.apache.tomcat.util.modeler.OperationInfo, attributeName=null]
2019-05-11 11:06:11.020 DEBUG 8956 --- [kground-preinit] o.apache.tomcat.util.digester.Digester   :   Fire body() for SetPropertiesRule[]
2019-05-11 11:06:11.035 DEBUG 8956 --- [kground-preinit] o.apache.tomcat.util.digester.Digester   :   Fire body() for SetNextRule[methodName=addOperation, paramType=org.apache.tomcat.util.modeler.OperationInfo]
2019-05-11 11:06:11.036 DEBUG 8956 --- [kground-preinit] o.apache.tomcat.util.digester.Digester   :   Fire end() for SetNextRule[methodName=addOperation, paramType=org.apache.tomcat.util.modeler.OperationInfo]
2019-05-11 11:06:11.037 DEBUG 8956 --- [kground-preinit] o.apache.tomcat.util.digester.Digester   : [SetNextRule]{mbeans-descriptors/mbean/operation} Call org.apache.tomcat.util.modeler.ManagedBean.addOperation(org.apache.tomcat.util.modeler.OperationInfo@604907b8)
2019-05-11 11:06:11.037 DEBUG 8956 --- [kground-preinit] o.apache.tomcat.util.IntrospectionUtils  : IntrospectionUtils: callMethod1 org.apache.tomcat.util.modeler.ManagedBean org.apache.tomcat.util.modeler.OperationInfo org.apache.tomcat.util.modeler.OperationInfo
2019-05-11 11:06:11.038 DEBUG 8956 --- [kground-preinit] o.apache.tomcat.util.digester.Digester   :   Fire end() for SetPropertiesRule[]
2019-05-11 11:06:11.043 DEBUG 8956 --- [kground-preinit] o.apache.tomcat.util.digester.Digester   :   Fire end() for ObjectCreateRule[className=org.apache.tomcat.util.modeler.OperationInfo, attributeName=null]
2019-05-11 11:06:11.043 DEBUG 8956 --- [kground-preinit] o.apache.tomcat.util.digester.Digester   : [ObjectCreateRule]{mbeans-descriptors/mbean/operation} Pop org.apache.tomcat.util.modeler.OperationInfo
2019-05-11 11:06:11.043 DEBUG 8956 --- [kground-preinit] o.a.tomcat.util.digester.Digester.sax    : characters(

    )
2019-05-11 11:06:11.044 DEBUG 8956 --- [kground-preinit] o.a.tomcat.util.digester.Digester.sax    : startElement(,,operation)
2019-05-11 11:06:11.045 DEBUG 8956 --- [kground-preinit] o.apache.tomcat.util.digester.Digester   :   New match='mbeans-descriptors/mbean/operation'
2019-05-11 11:06:11.045 DEBUG 8956 --- [kground-preinit] o.apache.tomcat.util.digester.Digester   :   Fire begin() for ObjectCreateRule[className=org.apache.tomcat.util.modeler.OperationInfo, attributeName=null]
2019-05-11 11:06:11.045 DEBUG 8956 --- [kground-preinit] o.apache.tomcat.util.digester.Digester   : [ObjectCreateRule]{mbeans-descriptors/mbean/operation}New org.apache.tomcat.util.modeler.OperationInfo
2019-05-11 11:06:11.045 DEBUG 8956 --- [kground-preinit] o.apache.tomcat.util.digester.Digester   :   Fire begin() for SetPropertiesRule[]
2019-05-11 11:06:11.045 DEBUG 8956 --- [kground-preinit] o.apache.tomcat.util.digester.Digester   : [SetPropertiesRule]{mbeans-descriptors/mbean/operation} Set org.apache.tomcat.util.modeler.OperationInfo properties
2019-05-11 11:06:11.046 DEBUG 8956 --- [kground-preinit] o.apache.tomcat.util.digester.Digester   : [SetPropertiesRule]{mbeans-descriptors/mbean/operation} Setting property 'name' to 'createHttpConnector'
2019-05-11 11:06:11.046 DEBUG 8956 --- [kground-preinit] o.apache.tomcat.util.IntrospectionUtils  : IntrospectionUtils: setProperty(class org.apache.tomcat.util.modeler.OperationInfo name=createHttpConnector)
2019-05-11 11:06:11.046 DEBUG 8956 --- [kground-preinit] o.apache.tomcat.util.digester.Digester   : [SetPropertiesRule]{mbeans-descriptors/mbean/operation} Setting property 'description' to 'Create a new HttpConnector'
2019-05-11 11:06:11.047 DEBUG 8956 --- [kground-preinit] o.apache.tomcat.util.IntrospectionUtils  : IntrospectionUtils: setProperty(class org.apache.tomcat.util.modeler.OperationInfo description=Create a new HttpConnector)
2019-05-11 11:06:11.047 DEBUG 8956 --- [kground-preinit] o.apache.tomcat.util.digester.Digester   : [SetPropertiesRule]{mbeans-descriptors/mbean/operation} Setting property 'impact' to 'ACTION'
2019-05-11 11:06:11.047 DEBUG 8956 --- [kground-preinit] o.apache.tomcat.util.IntrospectionUtils  : IntrospectionUtils: setProperty(class org.apache.tomcat.util.modeler.OperationInfo impact=ACTION)
2019-05-11 11:06:11.047 DEBUG 8956 --- [kground-preinit] o.apache.tomcat.util.digester.Digester   : [SetPropertiesRule]{mbeans-descriptors/mbean/operation} Setting property 'returnType' to 'java.lang.String'
2019-05-11 11:06:11.047 DEBUG 8956 --- [kground-preinit] o.apache.tomcat.util.IntrospectionUtils  : IntrospectionUtils: setProperty(class org.apache.tomcat.util.modeler.OperationInfo returnType=java.lang.String)
2019-05-11 11:06:11.047 DEBUG 8956 --- [kground-preinit] o.apache.tomcat.util.digester.Digester   :   Fire begin() for SetNextRule[methodName=addOperation, paramType=org.apache.tomcat.util.modeler.OperationInfo]
2019-05-11 11:06:11.047 DEBUG 8956 --- [kground-preinit] o.a.tomcat.util.digester.Digester.sax    : characters(
      )
2019-05-11 11:06:11.049 DEBUG 8956 --- [kground-preinit] o.a.tomcat.util.digester.Digester.sax    : startElement(,,parameter)
2019-05-11 11:06:11.051 DEBUG 8956 --- [kground-preinit] o.apache.tomcat.util.digester.Digester   :   New match='mbeans-descriptors/mbean/operation/parameter'
2019-05-11 11:06:11.051 DEBUG 8956 --- [kground-preinit] o.apache.tomcat.util.digester.Digester   :   Fire begin() for ObjectCreateRule[className=org.apache.tomcat.util.modeler.ParameterInfo, attributeName=null]
2019-05-11 11:06:11.051 DEBUG 8956 --- [kground-preinit] o.apache.tomcat.util.digester.Digester   : [ObjectCreateRule]{mbeans-descriptors/mbean/operation/parameter}New org.apache.tomcat.util.modeler.ParameterInfo
2019-05-11 11:06:11.051 DEBUG 8956 --- [kground-preinit] o.apache.tomcat.util.digester.Digester   :   Fire begin() for SetPropertiesRule[]
2019-05-11 11:06:11.052 DEBUG 8956 --- [kground-preinit] o.apache.tomcat.util.digester.Digester   : [SetPropertiesRule]{mbeans-descriptors/mbean/operation/parameter} Set org.apache.tomcat.util.modeler.ParameterInfo properties
2019-05-11 11:06:11.052 DEBUG 8956 --- [kground-preinit] o.apache.tomcat.util.digester.Digester   : [SetPropertiesRule]{mbeans-descriptors/mbean/operation/parameter} Setting property 'name' to 'parent'
2019-05-11 11:06:11.052 DEBUG 8956 --- [kground-preinit] o.apache.tomcat.util.IntrospectionUtils  : IntrospectionUtils: setProperty(class org.apache.tomcat.util.modeler.ParameterInfo name=parent)
2019-05-11 11:06:11.052 DEBUG 8956 --- [kground-preinit] o.apache.tomcat.util.digester.Digester   : [SetPropertiesRule]{mbeans-descriptors/mbean/operation/parameter} Setting property 'description' to 'MBean Name of the associated parent component'
2019-05-11 11:06:11.053 DEBUG 8956 --- [kground-preinit] o.apache.tomcat.util.IntrospectionUtils  : IntrospectionUtils: setProperty(class org.apache.tomcat.util.modeler.ParameterInfo description=MBean Name of the associated parent component)
2019-05-11 11:06:11.053 DEBUG 8956 --- [kground-preinit] o.apache.tomcat.util.digester.Digester   : [SetPropertiesRule]{mbeans-descriptors/mbean/operation/parameter} Setting property 'type' to 'java.lang.String'
2019-05-11 11:06:11.053 DEBUG 8956 --- [kground-preinit] o.apache.tomcat.util.IntrospectionUtils  : IntrospectionUtils: setProperty(class org.apache.tomcat.util.modeler.ParameterInfo type=java.lang.String)
2019-05-11 11:06:11.053 DEBUG 8956 --- [kground-preinit] o.apache.tomcat.util.digester.Digester   :   Fire begin() for SetNextRule[methodName=addParameter, paramType=org.apache.tomcat.util.modeler.ParameterInfo]
2019-05-11 11:06:11.053 DEBUG 8956 --- [kground-preinit] o.a.tomcat.util.digester.Digester.sax    : endElement(,,parameter)
2019-05-11 11:06:11.054 DEBUG 8956 --- [kground-preinit] o.apache.tomcat.util.digester.Digester   :   match='mbeans-descriptors/mbean/operation/parameter'
2019-05-11 11:06:11.054 DEBUG 8956 --- [kground-preinit] o.apache.tomcat.util.digester.Digester   :   bodyText=''
2019-05-11 11:06:11.054 DEBUG 8956 --- [kground-preinit] o.apache.tomcat.util.digester.Digester   :   Fire body() for ObjectCreateRule[className=org.apache.tomcat.util.modeler.ParameterInfo, attributeName=null]
2019-05-11 11:06:11.054 DEBUG 8956 --- [kground-preinit] o.apache.tomcat.util.digester.Digester   :   Fire body() for SetPropertiesRule[]
2019-05-11 11:06:11.054 DEBUG 8956 --- [kground-preinit] o.apache.tomcat.util.digester.Digester   :   Fire body() for SetNextRule[methodName=addParameter, paramType=org.apache.tomcat.util.modeler.ParameterInfo]
2019-05-11 11:06:11.055 DEBUG 8956 --- [kground-preinit] o.apache.tomcat.util.digester.Digester   :   Fire end() for SetNextRule[methodName=addParameter, paramType=org.apache.tomcat.util.modeler.ParameterInfo]
2019-05-11 11:06:11.055 DEBUG 8956 --- [kground-preinit] o.apache.tomcat.util.digester.Digester   : [SetNextRule]{mbeans-descriptors/mbean/operation/parameter} Call org.apache.tomcat.util.modeler.OperationInfo.addParameter(org.apache.tomcat.util.modeler.ParameterInfo@2ccc351b)
2019-05-11 11:06:11.056 DEBUG 8956 --- [kground-preinit] o.apache.tomcat.util.IntrospectionUtils  : IntrospectionUtils: callMethod1 org.apache.tomcat.util.modeler.OperationInfo org.apache.tomcat.util.modeler.ParameterInfo org.apache.tomcat.util.modeler.ParameterInfo
2019-05-11 11:06:11.056 DEBUG 8956 --- [kground-preinit] o.apache.tomcat.util.digester.Digester   :   Fire end() for SetPropertiesRule[]
2019-05-11 11:06:11.056 DEBUG 8956 --- [kground-preinit] o.apache.tomcat.util.digester.Digester   :   Fire end() for ObjectCreateRule[className=org.apache.tomcat.util.modeler.ParameterInfo, attributeName=null]
2019-05-11 11:06:11.056 DEBUG 8956 --- [kground-preinit] o.apache.tomcat.util.digester.Digester   : [ObjectCreateRule]{mbeans-descriptors/mbean/operation/parameter} Pop org.apache.tomcat.util.modeler.ParameterInfo
2019-05-11 11:06:11.057 DEBUG 8956 --- [kground-preinit] o.a.tomcat.util.digester.Digester.sax    : characters(
     )
2019-05-11 11:06:11.057 DEBUG 8956 --- [kground-preinit] o.a.tomcat.util.digester.Digester.sax    : startElement(,,parameter)
2019-05-11 11:06:11.059 DEBUG 8956 --- [kground-preinit] o.apache.tomcat.util.digester.Digester   :   New match='mbeans-descriptors/mbean/operation/parameter'
2019-05-11 11:06:11.059 DEBUG 8956 --- [kground-preinit] o.apache.tomcat.util.digester.Digester   :   Fire begin() for ObjectCreateRule[className=org.apache.tomcat.util.modeler.ParameterInfo, attributeName=null]
2019-05-11 11:06:11.059 DEBUG 8956 --- [kground-preinit] o.apache.tomcat.util.digester.Digester   : [ObjectCreateRule]{mbeans-descriptors/mbean/operation/parameter}New org.apache.tomcat.util.modeler.ParameterInfo
2019-05-11 11:06:11.059 DEBUG 8956 --- [kground-preinit] o.apache.tomcat.util.digester.Digester   :   Fire begin() for SetPropertiesRule[]
2019-05-11 11:06:11.060 DEBUG 8956 --- [kground-preinit] o.apache.tomcat.util.digester.Digester   : [SetPropertiesRule]{mbeans-descriptors/mbean/operation/parameter} Set org.apache.tomcat.util.modeler.ParameterInfo properties
2019-05-11 11:06:11.060 DEBUG 8956 --- [kground-preinit] o.apache.tomcat.util.digester.Digester   : [SetPropertiesRule]{mbeans-descriptors/mbean/operation/parameter} Setting property 'name' to 'address'
2019-05-11 11:06:11.060 DEBUG 8956 --- [kground-preinit] o.apache.tomcat.util.IntrospectionUtils  : IntrospectionUtils: setProperty(class org.apache.tomcat.util.modeler.ParameterInfo name=address)
2019-05-11 11:06:11.061 DEBUG 8956 --- [kground-preinit] o.apache.tomcat.util.digester.Digester   : [SetPropertiesRule]{mbeans-descriptors/mbean/operation/parameter} Setting property 'description' to 'The IP address on which to bind'
2019-05-11 11:06:11.061 DEBUG 8956 --- [kground-preinit] o.apache.tomcat.util.IntrospectionUtils  : IntrospectionUtils: setProperty(class org.apache.tomcat.util.modeler.ParameterInfo description=The IP address on which to bind)
2019-05-11 11:06:11.061 DEBUG 8956 --- [kground-preinit] o.apache.tomcat.util.digester.Digester   : [SetPropertiesRule]{mbeans-descriptors/mbean/operation/parameter} Setting property 'type' to 'java.lang.String'
2019-05-11 11:06:11.061 DEBUG 8956 --- [kground-preinit] o.apache.tomcat.util.IntrospectionUtils  : IntrospectionUtils: setProperty(class org.apache.tomcat.util.modeler.ParameterInfo type=java.lang.String)
2019-05-11 11:06:11.062 DEBUG 8956 --- [kground-preinit] o.apache.tomcat.util.digester.Digester   :   Fire begin() for SetNextRule[methodName=addParameter, paramType=org.apache.tomcat.util.modeler.ParameterInfo]
2019-05-11 11:06:11.063 DEBUG 8956 --- [kground-preinit] o.a.tomcat.util.digester.Digester.sax    : endElement(,,parameter)
2019-05-11 11:06:11.063 DEBUG 8956 --- [kground-preinit] o.apache.tomcat.util.digester.Digester   :   match='mbeans-descriptors/mbean/operation/parameter'
2019-05-11 11:06:11.063 DEBUG 8956 --- [kground-preinit] o.apache.tomcat.util.digester.Digester   :   bodyText=''
2019-05-11 11:06:11.063 DEBUG 8956 --- [kground-preinit] o.apache.tomcat.util.digester.Digester   :   Fire body() for ObjectCreateRule[className=org.apache.tomcat.util.modeler.ParameterInfo, attributeName=null]
2019-05-11 11:06:11.063 DEBUG 8956 --- [kground-preinit] o.apache.tomcat.util.digester.Digester   :   Fire body() for SetPropertiesRule[]
2019-05-11 11:06:11.063 DEBUG 8956 --- [kground-preinit] o.apache.tomcat.util.digester.Digester   :   Fire body() for SetNextRule[methodName=addParameter, paramType=org.apache.tomcat.util.modeler.ParameterInfo]
2019-05-11 11:06:11.063 DEBUG 8956 --- [kground-preinit] o.apache.tomcat.util.digester.Digester   :   Fire end() for SetNextRule[methodName=addParameter, paramType=org.apache.tomcat.util.modeler.ParameterInfo]
2019-05-11 11:06:11.064 DEBUG 8956 --- [kground-preinit] o.apache.tomcat.util.digester.Digester   : [SetNextRule]{mbeans-descriptors/mbean/operation/parameter} Call org.apache.tomcat.util.modeler.OperationInfo.addParameter(org.apache.tomcat.util.modeler.ParameterInfo@7a935077)
2019-05-11 11:06:11.064 DEBUG 8956 --- [kground-preinit] o.apache.tomcat.util.IntrospectionUtils  : IntrospectionUtils: callMethod1 org.apache.tomcat.util.modeler.OperationInfo org.apache.tomcat.util.modeler.ParameterInfo org.apache.tomcat.util.modeler.ParameterInfo
2019-05-11 11:06:11.064 DEBUG 8956 --- [kground-preinit] o.apache.tomcat.util.digester.Digester   :   Fire end() for SetPropertiesRule[]
2019-05-11 11:06:11.064 DEBUG 8956 --- [kground-preinit] o.apache.tomcat.util.digester.Digester   :   Fire end() for ObjectCreateRule[className=org.apache.tomcat.util.modeler.ParameterInfo, attributeName=null]
2019-05-11 11:06:11.065 DEBUG 8956 --- [kground-preinit] o.apache.tomcat.util.digester.Digester   : [ObjectCreateRule]{mbeans-descriptors/mbean/operation/parameter} Pop org.apache.tomcat.util.modeler.ParameterInfo
2019-05-11 11:06:11.065 DEBUG 8956 --- [kground-preinit] o.a.tomcat.util.digester.Digester.sax    : characters(
      )
2019-05-11 11:06:11.065 DEBUG 8956 --- [kground-preinit] o.a.tomcat.util.digester.Digester.sax    : startElement(,,parameter)
2019-05-11 11:06:11.065 DEBUG 8956 --- [kground-preinit] o.apache.tomcat.util.digester.Digester   :   New match='mbeans-descriptors/mbean/operation/parameter'
2019-05-11 11:06:11.065 DEBUG 8956 --- [kground-preinit] o.apache.tomcat.util.digester.Digester   :   Fire begin() for ObjectCreateRule[className=org.apache.tomcat.util.modeler.ParameterInfo, attributeName=null]
2019-05-11 11:06:11.065 DEBUG 8956 --- [kground-preinit] o.apache.tomcat.util.digester.Digester   : [ObjectCreateRule]{mbeans-descriptors/mbean/operation/parameter}New org.apache.tomcat.util.modeler.ParameterInfo
2019-05-11 11:06:11.066 DEBUG 8956 --- [kground-preinit] o.apache.tomcat.util.digester.Digester   :   Fire begin() for SetPropertiesRule[]
2019-05-11 11:06:11.066 DEBUG 8956 --- [kground-preinit] o.apache.tomcat.util.digester.Digester   : [SetPropertiesRule]{mbeans-descriptors/mbean/operation/parameter} Set org.apache.tomcat.util.modeler.ParameterInfo properties
2019-05-11 11:06:11.066 DEBUG 8956 --- [kground-preinit] o.apache.tomcat.util.digester.Digester   : [SetPropertiesRule]{mbeans-descriptors/mbean/operation/parameter} Setting property 'name' to 'port'
2019-05-11 11:06:11.066 DEBUG 8956 --- [kground-preinit] o.apache.tomcat.util.IntrospectionUtils  : IntrospectionUtils: setProperty(class org.apache.tomcat.util.modeler.ParameterInfo name=port)
2019-05-11 11:06:11.069 DEBUG 8956 --- [kground-preinit] o.apache.tomcat.util.digester.Digester   : [SetPropertiesRule]{mbeans-descriptors/mbean/operation/parameter} Setting property 'description' to 'TCP port number to listen on'
2019-05-11 11:06:11.070 DEBUG 8956 --- [kground-preinit] o.apache.tomcat.util.IntrospectionUtils  : IntrospectionUtils: setProperty(class org.apache.tomcat.util.modeler.ParameterInfo description=TCP port number to listen on)
2019-05-11 11:06:11.070 DEBUG 8956 --- [kground-preinit] o.apache.tomcat.util.digester.Digester   : [SetPropertiesRule]{mbeans-descriptors/mbean/operation/parameter} Setting property 'type' to 'int'
2019-05-11 11:06:11.071 DEBUG 8956 --- [kground-preinit] o.apache.tomcat.util.IntrospectionUtils  : IntrospectionUtils: setProperty(class org.apache.tomcat.util.modeler.ParameterInfo type=int)
2019-05-11 11:06:11.071 DEBUG 8956 --- [           main] o.s.b.f.s.DefaultListableBeanFactory     : Returning cached instance of singleton bean 'org.springframework.boot.autoconfigure.internalCachingMetadataReaderFactory'
2019-05-11 11:06:11.071 DEBUG 8956 --- [kground-preinit] o.apache.tomcat.util.digester.Digester   :   Fire begin() for SetNextRule[methodName=addParameter, paramType=org.apache.tomcat.util.modeler.ParameterInfo]
2019-05-11 11:06:11.071 DEBUG 8956 --- [kground-preinit] o.a.tomcat.util.digester.Digester.sax    : endElement(,,parameter)
2019-05-11 11:06:11.072 DEBUG 8956 --- [kground-preinit] o.apache.tomcat.util.digester.Digester   :   match='mbeans-descriptors/mbean/operation/parameter'
2019-05-11 11:06:11.073 DEBUG 8956 --- [kground-preinit] o.apache.tomcat.util.digester.Digester   :   bodyText=''
2019-05-11 11:06:11.074 DEBUG 8956 --- [kground-preinit] o.apache.tomcat.util.digester.Digester   :   Fire body() for ObjectCreateRule[className=org.apache.tomcat.util.modeler.ParameterInfo, attributeName=null]
2019-05-11 11:06:11.074 DEBUG 8956 --- [kground-preinit] o.apache.tomcat.util.digester.Digester   :   Fire body() for SetPropertiesRule[]
2019-05-11 11:06:11.074 DEBUG 8956 --- [kground-preinit] o.apache.tomcat.util.digester.Digester   :   Fire body() for SetNextRule[methodName=addParameter, paramType=org.apache.tomcat.util.modeler.ParameterInfo]
2019-05-11 11:06:11.079 DEBUG 8956 --- [kground-preinit] o.apache.tomcat.util.digester.Digester   :   Fire end() for SetNextRule[methodName=addParameter, paramType=org.apache.tomcat.util.modeler.ParameterInfo]
2019-05-11 11:06:11.081 DEBUG 8956 --- [kground-preinit] o.apache.tomcat.util.digester.Digester   : [SetNextRule]{mbeans-descriptors/mbean/operation/parameter} Call org.apache.tomcat.util.modeler.OperationInfo.addParameter(org.apache.tomcat.util.modeler.ParameterInfo@120b1952)
2019-05-11 11:06:11.086 DEBUG 8956 --- [kground-preinit] o.apache.tomcat.util.IntrospectionUtils  : IntrospectionUtils: callMethod1 org.apache.tomcat.util.modeler.OperationInfo org.apache.tomcat.util.modeler.ParameterInfo org.apache.tomcat.util.modeler.ParameterInfo
2019-05-11 11:06:11.087 DEBUG 8956 --- [kground-preinit] o.apache.tomcat.util.digester.Digester   :   Fire end() for SetPropertiesRule[]
2019-05-11 11:06:11.087 DEBUG 8956 --- [kground-preinit] o.apache.tomcat.util.digester.Digester   :   Fire end() for ObjectCreateRule[className=org.apache.tomcat.util.modeler.ParameterInfo, attributeName=null]
2019-05-11 11:06:11.087 DEBUG 8956 --- [kground-preinit] o.apache.tomcat.util.digester.Digester   : [ObjectCreateRule]{mbeans-descriptors/mbean/operation/parameter} Pop org.apache.tomcat.util.modeler.ParameterInfo
2019-05-11 11:06:11.087 DEBUG 8956 --- [kground-preinit] o.a.tomcat.util.digester.Digester.sax    : characters(
    )
2019-05-11 11:06:11.088 DEBUG 8956 --- [kground-preinit] o.a.tomcat.util.digester.Digester.sax    : endElement(,,operation)
2019-05-11 11:06:11.088 DEBUG 8956 --- [kground-preinit] o.apache.tomcat.util.digester.Digester   :   match='mbeans-descriptors/mbean/operation'
2019-05-11 11:06:11.094 DEBUG 8956 --- [kground-preinit] o.apache.tomcat.util.digester.Digester   :   bodyText='
      
     
      
    '
2019-05-11 11:06:11.094 DEBUG 8956 --- [kground-preinit] o.apache.tomcat.util.digester.Digester   :   Fire body() for ObjectCreateRule[className=org.apache.tomcat.util.modeler.OperationInfo, attributeName=null]
2019-05-11 11:06:11.094 DEBUG 8956 --- [kground-preinit] o.apache.tomcat.util.digester.Digester   :   Fire body() for SetPropertiesRule[]
2019-05-11 11:06:11.094 DEBUG 8956 --- [kground-preinit] o.apache.tomcat.util.digester.Digester   :   Fire body() for SetNextRule[methodName=addOperation, paramType=org.apache.tomcat.util.modeler.OperationInfo]
2019-05-11 11:06:11.095 DEBUG 8956 --- [kground-preinit] o.apache.tomcat.util.digester.Digester   :   Fire end() for SetNextRule[methodName=addOperation, paramType=org.apache.tomcat.util.modeler.OperationInfo]
2019-05-11 11:06:11.095 DEBUG 8956 --- [kground-preinit] o.apache.tomcat.util.digester.Digester   : [SetNextRule]{mbeans-descriptors/mbean/operation} Call org.apache.tomcat.util.modeler.ManagedBean.addOperation(org.apache.tomcat.util.modeler.OperationInfo@72fbe38c)
2019-05-11 11:06:11.097 DEBUG 8956 --- [kground-preinit] o.apache.tomcat.util.IntrospectionUtils  : IntrospectionUtils: callMethod1 org.apache.tomcat.util.modeler.ManagedBean org.apache.tomcat.util.modeler.OperationInfo org.apache.tomcat.util.modeler.OperationInfo
2019-05-11 11:06:11.098 DEBUG 8956 --- [kground-preinit] o.apache.tomcat.util.digester.Digester   :   Fire end() for SetPropertiesRule[]
2019-05-11 11:06:11.098 DEBUG 8956 --- [kground-preinit] o.apache.tomcat.util.digester.Digester   :   Fire end() for ObjectCreateRule[className=org.apache.tomcat.util.modeler.OperationInfo, attributeName=null]
2019-05-11 11:06:11.099 DEBUG 8956 --- [kground-preinit] o.apache.tomcat.util.digester.Digester   : [ObjectCreateRule]{mbeans-descriptors/mbean/operation} Pop org.apache.tomcat.util.modeler.OperationInfo
2019-05-11 11:06:11.099 DEBUG 8956 --- [kground-preinit] o.a.tomcat.util.digester.Digester.sax    : characters(

    )
2019-05-11 11:06:11.099 DEBUG 8956 --- [kground-preinit] o.a.tomcat.util.digester.Digester.sax    : startElement(,,operation)
2019-05-11 11:06:11.099 DEBUG 8956 --- [kground-preinit] o.apache.tomcat.util.digester.Digester   :   New match='mbeans-descriptors/mbean/operation'
2019-05-11 11:06:11.099 DEBUG 8956 --- [kground-preinit] o.apache.tomcat.util.digester.Digester   :   Fire begin() for ObjectCreateRule[className=org.apache.tomcat.util.modeler.OperationInfo, attributeName=null]
2019-05-11 11:06:11.100 DEBUG 8956 --- [kground-preinit] o.apache.tomcat.util.digester.Digester   : [ObjectCreateRule]{mbeans-descriptors/mbean/operation}New org.apache.tomcat.util.modeler.OperationInfo
2019-05-11 11:06:11.100 DEBUG 8956 --- [kground-preinit] o.apache.tomcat.util.digester.Digester   :   Fire begin() for SetPropertiesRule[]
2019-05-11 11:06:11.100 DEBUG 8956 --- [kground-preinit] o.apache.tomcat.util.digester.Digester   : [SetPropertiesRule]{mbeans-descriptors/mbean/operation} Set org.apache.tomcat.util.modeler.OperationInfo properties
2019-05-11 11:06:11.100 DEBUG 8956 --- [kground-preinit] o.apache.tomcat.util.digester.Digester   : [SetPropertiesRule]{mbeans-descriptors/mbean/operation} Setting property 'name' to 'createHttpsConnector'
2019-05-11 11:06:11.101 DEBUG 8956 --- [kground-preinit] o.apache.tomcat.util.IntrospectionUtils  : IntrospectionUtils: setProperty(class org.apache.tomcat.util.modeler.OperationInfo name=createHttpsConnector)
2019-05-11 11:06:11.101 DEBUG 8956 --- [kground-preinit] o.apache.tomcat.util.digester.Digester   : [SetPropertiesRule]{mbeans-descriptors/mbean/operation} Setting property 'description' to 'Create a new HttpsConnector'
2019-05-11 11:06:11.101 DEBUG 8956 --- [kground-preinit] o.apache.tomcat.util.IntrospectionUtils  : IntrospectionUtils: setProperty(class org.apache.tomcat.util.modeler.OperationInfo description=Create a new HttpsConnector)
2019-05-11 11:06:11.101 DEBUG 8956 --- [kground-preinit] o.apache.tomcat.util.digester.Digester   : [SetPropertiesRule]{mbeans-descriptors/mbean/operation} Setting property 'impact' to 'ACTION'
2019-05-11 11:06:11.101 DEBUG 8956 --- [kground-preinit] o.apache.tomcat.util.IntrospectionUtils  : IntrospectionUtils: setProperty(class org.apache.tomcat.util.modeler.OperationInfo impact=ACTION)
2019-05-11 11:06:11.102 DEBUG 8956 --- [kground-preinit] o.apache.tomcat.util.digester.Digester   : [SetPropertiesRule]{mbeans-descriptors/mbean/operation} Setting property 'returnType' to 'java.lang.String'
2019-05-11 11:06:11.102 DEBUG 8956 --- [kground-preinit] o.apache.tomcat.util.IntrospectionUtils  : IntrospectionUtils: setProperty(class org.apache.tomcat.util.modeler.OperationInfo returnType=java.lang.String)
2019-05-11 11:06:11.102 DEBUG 8956 --- [kground-preinit] o.apache.tomcat.util.digester.Digester   :   Fire begin() for SetNextRule[methodName=addOperation, paramType=org.apache.tomcat.util.modeler.OperationInfo]
2019-05-11 11:06:11.104 DEBUG 8956 --- [kground-preinit] o.a.tomcat.util.digester.Digester.sax    : characters(
      )
2019-05-11 11:06:11.110 DEBUG 8956 --- [kground-preinit] o.a.tomcat.util.digester.Digester.sax    : startElement(,,parameter)
2019-05-11 11:06:11.110 DEBUG 8956 --- [kground-preinit] o.apache.tomcat.util.digester.Digester   :   New match='mbeans-descriptors/mbean/operation/parameter'
2019-05-11 11:06:11.112 DEBUG 8956 --- [kground-preinit] o.apache.tomcat.util.digester.Digester   :   Fire begin() for ObjectCreateRule[className=org.apache.tomcat.util.modeler.ParameterInfo, attributeName=null]
2019-05-11 11:06:11.112 DEBUG 8956 --- [kground-preinit] o.apache.tomcat.util.digester.Digester   : [ObjectCreateRule]{mbeans-descriptors/mbean/operation/parameter}New org.apache.tomcat.util.modeler.ParameterInfo
2019-05-11 11:06:11.113 DEBUG 8956 --- [kground-preinit] o.apache.tomcat.util.digester.Digester   :   Fire begin() for SetPropertiesRule[]
2019-05-11 11:06:11.113 DEBUG 8956 --- [kground-preinit] o.apache.tomcat.util.digester.Digester   : [SetPropertiesRule]{mbeans-descriptors/mbean/operation/parameter} Set org.apache.tomcat.util.modeler.ParameterInfo properties
2019-05-11 11:06:11.113 DEBUG 8956 --- [kground-preinit] o.apache.tomcat.util.digester.Digester   : [SetPropertiesRule]{mbeans-descriptors/mbean/operation/parameter} Setting property 'name' to 'parent'
2019-05-11 11:06:11.114 DEBUG 8956 --- [kground-preinit] o.apache.tomcat.util.IntrospectionUtils  : IntrospectionUtils: setProperty(class org.apache.tomcat.util.modeler.ParameterInfo name=parent)
2019-05-11 11:06:11.118 DEBUG 8956 --- [kground-preinit] o.apache.tomcat.util.digester.Digester   : [SetPropertiesRule]{mbeans-descriptors/mbean/operation/parameter} Setting property 'description' to 'MBean Name of the associated parent component'
2019-05-11 11:06:11.118 DEBUG 8956 --- [kground-preinit] o.apache.tomcat.util.IntrospectionUtils  : IntrospectionUtils: setProperty(class org.apache.tomcat.util.modeler.ParameterInfo description=MBean Name of the associated parent component)
2019-05-11 11:06:11.119 DEBUG 8956 --- [kground-preinit] o.apache.tomcat.util.digester.Digester   : [SetPropertiesRule]{mbeans-descriptors/mbean/operation/parameter} Setting property 'type' to 'java.lang.String'
2019-05-11 11:06:11.119 DEBUG 8956 --- [kground-preinit] o.apache.tomcat.util.IntrospectionUtils  : IntrospectionUtils: setProperty(class org.apache.tomcat.util.modeler.ParameterInfo type=java.lang.String)
2019-05-11 11:06:11.119 DEBUG 8956 --- [kground-preinit] o.apache.tomcat.util.digester.Digester   :   Fire begin() for SetNextRule[methodName=addParameter, paramType=org.apache.tomcat.util.modeler.ParameterInfo]
2019-05-11 11:06:11.119 DEBUG 8956 --- [kground-preinit] o.a.tomcat.util.digester.Digester.sax    : endElement(,,parameter)
2019-05-11 11:06:11.119 DEBUG 8956 --- [kground-preinit] o.apache.tomcat.util.digester.Digester   :   match='mbeans-descriptors/mbean/operation/parameter'
2019-05-11 11:06:11.119 DEBUG 8956 --- [kground-preinit] o.apache.tomcat.util.digester.Digester   :   bodyText=''
2019-05-11 11:06:11.120 DEBUG 8956 --- [kground-preinit] o.apache.tomcat.util.digester.Digester   :   Fire body() for ObjectCreateRule[className=org.apache.tomcat.util.modeler.ParameterInfo, attributeName=null]
2019-05-11 11:06:11.120 DEBUG 8956 --- [kground-preinit] o.apache.tomcat.util.digester.Digester   :   Fire body() for SetPropertiesRule[]
2019-05-11 11:06:11.120 DEBUG 8956 --- [kground-preinit] o.apache.tomcat.util.digester.Digester   :   Fire body() for SetNextRule[methodName=addParameter, paramType=org.apache.tomcat.util.modeler.ParameterInfo]
2019-05-11 11:06:11.120 DEBUG 8956 --- [kground-preinit] o.apache.tomcat.util.digester.Digester   :   Fire end() for SetNextRule[methodName=addParameter, paramType=org.apache.tomcat.util.modeler.ParameterInfo]
2019-05-11 11:06:11.120 DEBUG 8956 --- [kground-preinit] o.apache.tomcat.util.digester.Digester   : [SetNextRule]{mbeans-descriptors/mbean/operation/parameter} Call org.apache.tomcat.util.modeler.OperationInfo.addParameter(org.apache.tomcat.util.modeler.ParameterInfo@743593a5)
2019-05-11 11:06:11.120 DEBUG 8956 --- [kground-preinit] o.apache.tomcat.util.IntrospectionUtils  : IntrospectionUtils: callMethod1 org.apache.tomcat.util.modeler.OperationInfo org.apache.tomcat.util.modeler.ParameterInfo org.apache.tomcat.util.modeler.ParameterInfo
2019-05-11 11:06:11.121 DEBUG 8956 --- [kground-preinit] o.apache.tomcat.util.digester.Digester   :   Fire end() for SetPropertiesRule[]
2019-05-11 11:06:11.121 DEBUG 8956 --- [kground-preinit] o.apache.tomcat.util.digester.Digester   :   Fire end() for ObjectCreateRule[className=org.apache.tomcat.util.modeler.ParameterInfo, attributeName=null]
2019-05-11 11:06:11.121 DEBUG 8956 --- [kground-preinit] o.apache.tomcat.util.digester.Digester   : [ObjectCreateRule]{mbeans-descriptors/mbean/operation/parameter} Pop org.apache.tomcat.util.modeler.ParameterInfo
2019-05-11 11:06:11.121 DEBUG 8956 --- [kground-preinit] o.a.tomcat.util.digester.Digester.sax    : characters(
      )
2019-05-11 11:06:11.122 DEBUG 8956 --- [kground-preinit] o.a.tomcat.util.digester.Digester.sax    : startElement(,,parameter)
2019-05-11 11:06:11.122 DEBUG 8956 --- [kground-preinit] o.apache.tomcat.util.digester.Digester   :   New match='mbeans-descriptors/mbean/operation/parameter'
2019-05-11 11:06:11.122 DEBUG 8956 --- [kground-preinit] o.apache.tomcat.util.digester.Digester   :   Fire begin() for ObjectCreateRule[className=org.apache.tomcat.util.modeler.ParameterInfo, attributeName=null]
2019-05-11 11:06:11.123 DEBUG 8956 --- [kground-preinit] o.apache.tomcat.util.digester.Digester   : [ObjectCreateRule]{mbeans-descriptors/mbean/operation/parameter}New org.apache.tomcat.util.modeler.ParameterInfo
2019-05-11 11:06:11.123 DEBUG 8956 --- [kground-preinit] o.apache.tomcat.util.digester.Digester   :   Fire begin() for SetPropertiesRule[]
2019-05-11 11:06:11.123 DEBUG 8956 --- [kground-preinit] o.apache.tomcat.util.digester.Digester   : [SetPropertiesRule]{mbeans-descriptors/mbean/operation/parameter} Set org.apache.tomcat.util.modeler.ParameterInfo properties
2019-05-11 11:06:11.123 DEBUG 8956 --- [kground-preinit] o.apache.tomcat.util.digester.Digester   : [SetPropertiesRule]{mbeans-descriptors/mbean/operation/parameter} Setting property 'name' to 'address'
2019-05-11 11:06:11.124 DEBUG 8956 --- [kground-preinit] o.apache.tomcat.util.IntrospectionUtils  : IntrospectionUtils: setProperty(class org.apache.tomcat.util.modeler.ParameterInfo name=address)
2019-05-11 11:06:11.124 DEBUG 8956 --- [kground-preinit] o.apache.tomcat.util.digester.Digester   : [SetPropertiesRule]{mbeans-descriptors/mbean/operation/parameter} Setting property 'description' to 'The IP address on which to bind'
2019-05-11 11:06:11.124 DEBUG 8956 --- [kground-preinit] o.apache.tomcat.util.IntrospectionUtils  : IntrospectionUtils: setProperty(class org.apache.tomcat.util.modeler.ParameterInfo description=The IP address on which to bind)
2019-05-11 11:06:11.124 DEBUG 8956 --- [kground-preinit] o.apache.tomcat.util.digester.Digester   : [SetPropertiesRule]{mbeans-descriptors/mbean/operation/parameter} Setting property 'type' to 'java.lang.String'
2019-05-11 11:06:11.124 DEBUG 8956 --- [kground-preinit] o.apache.tomcat.util.IntrospectionUtils  : IntrospectionUtils: setProperty(class org.apache.tomcat.util.modeler.ParameterInfo type=java.lang.String)
2019-05-11 11:06:11.124 DEBUG 8956 --- [kground-preinit] o.apache.tomcat.util.digester.Digester   :   Fire begin() for SetNextRule[methodName=addParameter, paramType=org.apache.tomcat.util.modeler.ParameterInfo]
2019-05-11 11:06:11.124 DEBUG 8956 --- [kground-preinit] o.a.tomcat.util.digester.Digester.sax    : endElement(,,parameter)
2019-05-11 11:06:11.124 DEBUG 8956 --- [kground-preinit] o.apache.tomcat.util.digester.Digester   :   match='mbeans-descriptors/mbean/operation/parameter'
2019-05-11 11:06:11.125 DEBUG 8956 --- [kground-preinit] o.apache.tomcat.util.digester.Digester   :   bodyText=''
2019-05-11 11:06:11.125 DEBUG 8956 --- [kground-preinit] o.apache.tomcat.util.digester.Digester   :   Fire body() for ObjectCreateRule[className=org.apache.tomcat.util.modeler.ParameterInfo, attributeName=null]
2019-05-11 11:06:11.125 DEBUG 8956 --- [kground-preinit] o.apache.tomcat.util.digester.Digester   :   Fire body() for SetPropertiesRule[]
2019-05-11 11:06:11.126 DEBUG 8956 --- [kground-preinit] o.apache.tomcat.util.digester.Digester   :   Fire body() for SetNextRule[methodName=addParameter, paramType=org.apache.tomcat.util.modeler.ParameterInfo]
2019-05-11 11:06:11.126 DEBUG 8956 --- [kground-preinit] o.apache.tomcat.util.digester.Digester   :   Fire end() for SetNextRule[methodName=addParameter, paramType=org.apache.tomcat.util.modeler.ParameterInfo]
2019-05-11 11:06:11.126 DEBUG 8956 --- [kground-preinit] o.apache.tomcat.util.digester.Digester   : [SetNextRule]{mbeans-descriptors/mbean/operation/parameter} Call org.apache.tomcat.util.modeler.OperationInfo.addParameter(org.apache.tomcat.util.modeler.ParameterInfo@3f067e78)
2019-05-11 11:06:11.127 DEBUG 8956 --- [kground-preinit] o.apache.tomcat.util.IntrospectionUtils  : IntrospectionUtils: callMethod1 org.apache.tomcat.util.modeler.OperationInfo org.apache.tomcat.util.modeler.ParameterInfo org.apache.tomcat.util.modeler.ParameterInfo
2019-05-11 11:06:11.127 DEBUG 8956 --- [kground-preinit] o.apache.tomcat.util.digester.Digester   :   Fire end() for SetPropertiesRule[]
2019-05-11 11:06:11.127 DEBUG 8956 --- [kground-preinit] o.apache.tomcat.util.digester.Digester   :   Fire end() for ObjectCreateRule[className=org.apache.tomcat.util.modeler.ParameterInfo, attributeName=null]
2019-05-11 11:06:11.127 DEBUG 8956 --- [kground-preinit] o.apache.tomcat.util.digester.Digester   : [ObjectCreateRule]{mbeans-descriptors/mbean/operation/parameter} Pop org.apache.tomcat.util.modeler.ParameterInfo
2019-05-11 11:06:11.127 DEBUG 8956 --- [kground-preinit] o.a.tomcat.util.digester.Digester.sax    : characters(
      )
2019-05-11 11:06:11.128 DEBUG 8956 --- [kground-preinit] o.a.tomcat.util.digester.Digester.sax    : startElement(,,parameter)
2019-05-11 11:06:11.128 DEBUG 8956 --- [kground-preinit] o.apache.tomcat.util.digester.Digester   :   New match='mbeans-descriptors/mbean/operation/parameter'
2019-05-11 11:06:11.129 DEBUG 8956 --- [kground-preinit] o.apache.tomcat.util.digester.Digester   :   Fire begin() for ObjectCreateRule[className=org.apache.tomcat.util.modeler.ParameterInfo, attributeName=null]
2019-05-11 11:06:11.129 DEBUG 8956 --- [kground-preinit] o.apache.tomcat.util.digester.Digester   : [ObjectCreateRule]{mbeans-descriptors/mbean/operation/parameter}New org.apache.tomcat.util.modeler.ParameterInfo
2019-05-11 11:06:11.130 DEBUG 8956 --- [kground-preinit] o.apache.tomcat.util.digester.Digester   :   Fire begin() for SetPropertiesRule[]
2019-05-11 11:06:11.130 DEBUG 8956 --- [kground-preinit] o.apache.tomcat.util.digester.Digester   : [SetPropertiesRule]{mbeans-descriptors/mbean/operation/parameter} Set org.apache.tomcat.util.modeler.ParameterInfo properties
2019-05-11 11:06:11.130 DEBUG 8956 --- [kground-preinit] o.apache.tomcat.util.digester.Digester   : [SetPropertiesRule]{mbeans-descriptors/mbean/operation/parameter} Setting property 'name' to 'port'
2019-05-11 11:06:11.131 DEBUG 8956 --- [kground-preinit] o.apache.tomcat.util.IntrospectionUtils  : IntrospectionUtils: setProperty(class org.apache.tomcat.util.modeler.ParameterInfo name=port)
2019-05-11 11:06:11.131 DEBUG 8956 --- [           main] o.s.b.f.s.DefaultListableBeanFactory     : Returning cached instance of singleton bean 'autoConfigurationReport'
2019-05-11 11:06:11.131 DEBUG 8956 --- [kground-preinit] o.apache.tomcat.util.digester.Digester   : [SetPropertiesRule]{mbeans-descriptors/mbean/operation/parameter} Setting property 'description' to 'TCP port number to listen on'
2019-05-11 11:06:11.131 DEBUG 8956 --- [kground-preinit] o.apache.tomcat.util.IntrospectionUtils  : IntrospectionUtils: setProperty(class org.apache.tomcat.util.modeler.ParameterInfo description=TCP port number to listen on)
2019-05-11 11:06:11.131 DEBUG 8956 --- [kground-preinit] o.apache.tomcat.util.digester.Digester   : [SetPropertiesRule]{mbeans-descriptors/mbean/operation/parameter} Setting property 'type' to 'int'
2019-05-11 11:06:11.131 DEBUG 8956 --- [kground-preinit] o.apache.tomcat.util.IntrospectionUtils  : IntrospectionUtils: setProperty(class org.apache.tomcat.util.modeler.ParameterInfo type=int)
2019-05-11 11:06:11.132 DEBUG 8956 --- [kground-preinit] o.apache.tomcat.util.digester.Digester   :   Fire begin() for SetNextRule[methodName=addParameter, paramType=org.apache.tomcat.util.modeler.ParameterInfo]
2019-05-11 11:06:11.132 DEBUG 8956 --- [kground-preinit] o.a.tomcat.util.digester.Digester.sax    : endElement(,,parameter)
2019-05-11 11:06:11.132 DEBUG 8956 --- [kground-preinit] o.apache.tomcat.util.digester.Digester   :   match='mbeans-descriptors/mbean/operation/parameter'
2019-05-11 11:06:11.132 DEBUG 8956 --- [kground-preinit] o.apache.tomcat.util.digester.Digester   :   bodyText=''
2019-05-11 11:06:11.132 DEBUG 8956 --- [kground-preinit] o.apache.tomcat.util.digester.Digester   :   Fire body() for ObjectCreateRule[className=org.apache.tomcat.util.modeler.ParameterInfo, attributeName=null]
2019-05-11 11:06:11.132 DEBUG 8956 --- [kground-preinit] o.apache.tomcat.util.digester.Digester   :   Fire body() for SetPropertiesRule[]
2019-05-11 11:06:11.132 DEBUG 8956 --- [kground-preinit] o.apache.tomcat.util.digester.Digester   :   Fire body() for SetNextRule[methodName=addParameter, paramType=org.apache.tomcat.util.modeler.ParameterInfo]
2019-05-11 11:06:11.132 DEBUG 8956 --- [kground-preinit] o.apache.tomcat.util.digester.Digester   :   Fire end() for SetNextRule[methodName=addParameter, paramType=org.apache.tomcat.util.modeler.ParameterInfo]
2019-05-11 11:06:11.132 DEBUG 8956 --- [kground-preinit] o.apache.tomcat.util.digester.Digester   : [SetNextRule]{mbeans-descriptors/mbean/operation/parameter} Call org.apache.tomcat.util.modeler.OperationInfo.addParameter(org.apache.tomcat.util.modeler.ParameterInfo@b743eb)
2019-05-11 11:06:11.133 DEBUG 8956 --- [kground-preinit] o.apache.tomcat.util.IntrospectionUtils  : IntrospectionUtils: callMethod1 org.apache.tomcat.util.modeler.OperationInfo org.apache.tomcat.util.modeler.ParameterInfo org.apache.tomcat.util.modeler.ParameterInfo
2019-05-11 11:06:11.133 DEBUG 8956 --- [kground-preinit] o.apache.tomcat.util.digester.Digester   :   Fire end() for SetPropertiesRule[]
2019-05-11 11:06:11.133 DEBUG 8956 --- [kground-preinit] o.apache.tomcat.util.digester.Digester   :   Fire end() for ObjectCreateRule[className=org.apache.tomcat.util.modeler.ParameterInfo, attributeName=null]
2019-05-11 11:06:11.133 DEBUG 8956 --- [kground-preinit] o.apache.tomcat.util.digester.Digester   : [ObjectCreateRule]{mbeans-descriptors/mbean/operation/parameter} Pop org.apache.tomcat.util.modeler.ParameterInfo
2019-05-11 11:06:11.133 DEBUG 8956 --- [kground-preinit] o.a.tomcat.util.digester.Digester.sax    : characters(
    )
2019-05-11 11:06:11.138 DEBUG 8956 --- [kground-preinit] o.a.tomcat.util.digester.Digester.sax    : endElement(,,operation)
2019-05-11 11:06:11.139 DEBUG 8956 --- [kground-preinit] o.apache.tomcat.util.digester.Digester   :   match='mbeans-descriptors/mbean/operation'
2019-05-11 11:06:11.139 DEBUG 8956 --- [kground-preinit] o.apache.tomcat.util.digester.Digester   :   bodyText='
      
      
      
    '
2019-05-11 11:06:11.139 DEBUG 8956 --- [kground-preinit] o.apache.tomcat.util.digester.Digester   :   Fire body() for ObjectCreateRule[className=org.apache.tomcat.util.modeler.OperationInfo, attributeName=null]
2019-05-11 11:06:11.139 DEBUG 8956 --- [kground-preinit] o.apache.tomcat.util.digester.Digester   :   Fire body() for SetPropertiesRule[]
2019-05-11 11:06:11.139 DEBUG 8956 --- [kground-preinit] o.apache.tomcat.util.digester.Digester   :   Fire body() for SetNextRule[methodName=addOperation, paramType=org.apache.tomcat.util.modeler.OperationInfo]
2019-05-11 11:06:11.139 DEBUG 8956 --- [kground-preinit] o.apache.tomcat.util.digester.Digester   :   Fire end() for SetNextRule[methodName=addOperation, paramType=org.apache.tomcat.util.modeler.OperationInfo]
2019-05-11 11:06:11.140 DEBUG 8956 --- [kground-preinit] o.apache.tomcat.util.digester.Digester   : [SetNextRule]{mbeans-descriptors/mbean/operation} Call org.apache.tomcat.util.modeler.ManagedBean.addOperation(org.apache.tomcat.util.modeler.OperationInfo@105527d8)
2019-05-11 11:06:11.140 DEBUG 8956 --- [kground-preinit] o.apache.tomcat.util.IntrospectionUtils  : IntrospectionUtils: callMethod1 org.apache.tomcat.util.modeler.ManagedBean org.apache.tomcat.util.modeler.OperationInfo org.apache.tomcat.util.modeler.OperationInfo
2019-05-11 11:06:11.140 DEBUG 8956 --- [kground-preinit] o.apache.tomcat.util.digester.Digester   :   Fire end() for SetPropertiesRule[]
2019-05-11 11:06:11.140 DEBUG 8956 --- [kground-preinit] o.apache.tomcat.util.digester.Digester   :   Fire end() for ObjectCreateRule[className=org.apache.tomcat.util.modeler.OperationInfo, attributeName=null]
2019-05-11 11:06:11.140 DEBUG 8956 --- [kground-preinit] o.apache.tomcat.util.digester.Digester   : [ObjectCreateRule]{mbeans-descriptors/mbean/operation} Pop org.apache.tomcat.util.modeler.OperationInfo
2019-05-11 11:06:11.140 DEBUG 8956 --- [kground-preinit] o.a.tomcat.util.digester.Digester.sax    : characters(

    )
2019-05-11 11:06:11.140 DEBUG 8956 --- [kground-preinit] o.a.tomcat.util.digester.Digester.sax    : startElement(,,operation)
2019-05-11 11:06:11.140 DEBUG 8956 --- [kground-preinit] o.apache.tomcat.util.digester.Digester   :   New match='mbeans-descriptors/mbean/operation'
2019-05-11 11:06:11.140 DEBUG 8956 --- [kground-preinit] o.apache.tomcat.util.digester.Digester   :   Fire begin() for ObjectCreateRule[className=org.apache.tomcat.util.modeler.OperationInfo, attributeName=null]
2019-05-11 11:06:11.141 DEBUG 8956 --- [kground-preinit] o.apache.tomcat.util.digester.Digester   : [ObjectCreateRule]{mbeans-descriptors/mbean/operation}New org.apache.tomcat.util.modeler.OperationInfo
2019-05-11 11:06:11.141 DEBUG 8956 --- [kground-preinit] o.apache.tomcat.util.digester.Digester   :   Fire begin() for SetPropertiesRule[]
2019-05-11 11:06:11.141 DEBUG 8956 --- [kground-preinit] o.apache.tomcat.util.digester.Digester   : [SetPropertiesRule]{mbeans-descriptors/mbean/operation} Set org.apache.tomcat.util.modeler.OperationInfo properties
2019-05-11 11:06:11.141 DEBUG 8956 --- [kground-preinit] o.apache.tomcat.util.digester.Digester   : [SetPropertiesRule]{mbeans-descriptors/mbean/operation} Setting property 'name' to 'createJDBCRealm'
2019-05-11 11:06:11.141 DEBUG 8956 --- [kground-preinit] o.apache.tomcat.util.IntrospectionUtils  : IntrospectionUtils: setProperty(class org.apache.tomcat.util.modeler.OperationInfo name=createJDBCRealm)
2019-05-11 11:06:11.141 DEBUG 8956 --- [kground-preinit] o.apache.tomcat.util.digester.Digester   : [SetPropertiesRule]{mbeans-descriptors/mbean/operation} Setting property 'description' to 'Create a new JDBC Realm'
2019-05-11 11:06:11.141 DEBUG 8956 --- [kground-preinit] o.apache.tomcat.util.IntrospectionUtils  : IntrospectionUtils: setProperty(class org.apache.tomcat.util.modeler.OperationInfo description=Create a new JDBC Realm)
2019-05-11 11:06:11.141 DEBUG 8956 --- [kground-preinit] o.apache.tomcat.util.digester.Digester   : [SetPropertiesRule]{mbeans-descriptors/mbean/operation} Setting property 'impact' to 'ACTION'
2019-05-11 11:06:11.148 DEBUG 8956 --- [kground-preinit] o.apache.tomcat.util.IntrospectionUtils  : IntrospectionUtils: setProperty(class org.apache.tomcat.util.modeler.OperationInfo impact=ACTION)
2019-05-11 11:06:11.148 DEBUG 8956 --- [kground-preinit] o.apache.tomcat.util.digester.Digester   : [SetPropertiesRule]{mbeans-descriptors/mbean/operation} Setting property 'returnType' to 'java.lang.String'
2019-05-11 11:06:11.148 DEBUG 8956 --- [kground-preinit] o.apache.tomcat.util.IntrospectionUtils  : IntrospectionUtils: setProperty(class org.apache.tomcat.util.modeler.OperationInfo returnType=java.lang.String)
2019-05-11 11:06:11.148 DEBUG 8956 --- [kground-preinit] o.apache.tomcat.util.digester.Digester   :   Fire begin() for SetNextRule[methodName=addOperation, paramType=org.apache.tomcat.util.modeler.OperationInfo]
2019-05-11 11:06:11.148 DEBUG 8956 --- [kground-preinit] o.a.tomcat.util.digester.Digester.sax    : characters(
      )
2019-05-11 11:06:11.149 DEBUG 8956 --- [kground-preinit] o.a.tomcat.util.digester.Digester.sax    : startElement(,,parameter)
2019-05-11 11:06:11.149 DEBUG 8956 --- [kground-preinit] o.apache.tomcat.util.digester.Digester   :   New match='mbeans-descriptors/mbean/operation/parameter'
2019-05-11 11:06:11.149 DEBUG 8956 --- [kground-preinit] o.apache.tomcat.util.digester.Digester   :   Fire begin() for ObjectCreateRule[className=org.apache.tomcat.util.modeler.ParameterInfo, attributeName=null]
2019-05-11 11:06:11.149 DEBUG 8956 --- [kground-preinit] o.apache.tomcat.util.digester.Digester   : [ObjectCreateRule]{mbeans-descriptors/mbean/operation/parameter}New org.apache.tomcat.util.modeler.ParameterInfo
2019-05-11 11:06:11.150 DEBUG 8956 --- [kground-preinit] o.apache.tomcat.util.digester.Digester   :   Fire begin() for SetPropertiesRule[]
2019-05-11 11:06:11.150 DEBUG 8956 --- [kground-preinit] o.apache.tomcat.util.digester.Digester   : [SetPropertiesRule]{mbeans-descriptors/mbean/operation/parameter} Set org.apache.tomcat.util.modeler.ParameterInfo properties
2019-05-11 11:06:11.150 DEBUG 8956 --- [kground-preinit] o.apache.tomcat.util.digester.Digester   : [SetPropertiesRule]{mbeans-descriptors/mbean/operation/parameter} Setting property 'name' to 'parent'
2019-05-11 11:06:11.150 DEBUG 8956 --- [kground-preinit] o.apache.tomcat.util.IntrospectionUtils  : IntrospectionUtils: setProperty(class org.apache.tomcat.util.modeler.ParameterInfo name=parent)
2019-05-11 11:06:11.150 DEBUG 8956 --- [kground-preinit] o.apache.tomcat.util.digester.Digester   : [SetPropertiesRule]{mbeans-descriptors/mbean/operation/parameter} Setting property 'description' to 'MBean Name of the associated parent component'
2019-05-11 11:06:11.151 DEBUG 8956 --- [kground-preinit] o.apache.tomcat.util.IntrospectionUtils  : IntrospectionUtils: setProperty(class org.apache.tomcat.util.modeler.ParameterInfo description=MBean Name of the associated parent component)
2019-05-11 11:06:11.151 DEBUG 8956 --- [kground-preinit] o.apache.tomcat.util.digester.Digester   : [SetPropertiesRule]{mbeans-descriptors/mbean/operation/parameter} Setting property 'type' to 'java.lang.String'
2019-05-11 11:06:11.151 DEBUG 8956 --- [kground-preinit] o.apache.tomcat.util.IntrospectionUtils  : IntrospectionUtils: setProperty(class org.apache.tomcat.util.modeler.ParameterInfo type=java.lang.String)
2019-05-11 11:06:11.151 DEBUG 8956 --- [kground-preinit] o.apache.tomcat.util.digester.Digester   :   Fire begin() for SetNextRule[methodName=addParameter, paramType=org.apache.tomcat.util.modeler.ParameterInfo]
2019-05-11 11:06:11.151 DEBUG 8956 --- [kground-preinit] o.a.tomcat.util.digester.Digester.sax    : endElement(,,parameter)
2019-05-11 11:06:11.151 DEBUG 8956 --- [kground-preinit] o.apache.tomcat.util.digester.Digester   :   match='mbeans-descriptors/mbean/operation/parameter'
2019-05-11 11:06:11.152 DEBUG 8956 --- [kground-preinit] o.apache.tomcat.util.digester.Digester   :   bodyText=''
2019-05-11 11:06:11.152 DEBUG 8956 --- [kground-preinit] o.apache.tomcat.util.digester.Digester   :   Fire body() for ObjectCreateRule[className=org.apache.tomcat.util.modeler.ParameterInfo, attributeName=null]
2019-05-11 11:06:11.152 DEBUG 8956 --- [kground-preinit] o.apache.tomcat.util.digester.Digester   :   Fire body() for SetPropertiesRule[]
2019-05-11 11:06:11.152 DEBUG 8956 --- [kground-preinit] o.apache.tomcat.util.digester.Digester   :   Fire body() for SetNextRule[methodName=addParameter, paramType=org.apache.tomcat.util.modeler.ParameterInfo]
2019-05-11 11:06:11.152 DEBUG 8956 --- [kground-preinit] o.apache.tomcat.util.digester.Digester   :   Fire end() for SetNextRule[methodName=addParameter, paramType=org.apache.tomcat.util.modeler.ParameterInfo]
2019-05-11 11:06:11.152 DEBUG 8956 --- [kground-preinit] o.apache.tomcat.util.digester.Digester   : [SetNextRule]{mbeans-descriptors/mbean/operation/parameter} Call org.apache.tomcat.util.modeler.OperationInfo.addParameter(org.apache.tomcat.util.modeler.ParameterInfo@72af0e9c)
2019-05-11 11:06:11.152 DEBUG 8956 --- [kground-preinit] o.apache.tomcat.util.IntrospectionUtils  : IntrospectionUtils: callMethod1 org.apache.tomcat.util.modeler.OperationInfo org.apache.tomcat.util.modeler.ParameterInfo org.apache.tomcat.util.modeler.ParameterInfo
2019-05-11 11:06:11.152 DEBUG 8956 --- [kground-preinit] o.apache.tomcat.util.digester.Digester   :   Fire end() for SetPropertiesRule[]
2019-05-11 11:06:11.152 DEBUG 8956 --- [kground-preinit] o.apache.tomcat.util.digester.Digester   :   Fire end() for ObjectCreateRule[className=org.apache.tomcat.util.modeler.ParameterInfo, attributeName=null]
2019-05-11 11:06:11.152 DEBUG 8956 --- [kground-preinit] o.apache.tomcat.util.digester.Digester   : [ObjectCreateRule]{mbeans-descriptors/mbean/operation/parameter} Pop org.apache.tomcat.util.modeler.ParameterInfo
2019-05-11 11:06:11.153 DEBUG 8956 --- [kground-preinit] o.a.tomcat.util.digester.Digester.sax    : characters(
    )
2019-05-11 11:06:11.153 DEBUG 8956 --- [kground-preinit] o.a.tomcat.util.digester.Digester.sax    : endElement(,,operation)
2019-05-11 11:06:11.154 DEBUG 8956 --- [kground-preinit] o.apache.tomcat.util.digester.Digester   :   match='mbeans-descriptors/mbean/operation'
2019-05-11 11:06:11.154 DEBUG 8956 --- [kground-preinit] o.apache.tomcat.util.digester.Digester   :   bodyText='
      
    '
2019-05-11 11:06:11.154 DEBUG 8956 --- [kground-preinit] o.apache.tomcat.util.digester.Digester   :   Fire body() for ObjectCreateRule[className=org.apache.tomcat.util.modeler.OperationInfo, attributeName=null]
2019-05-11 11:06:11.154 DEBUG 8956 --- [kground-preinit] o.apache.tomcat.util.digester.Digester   :   Fire body() for SetPropertiesRule[]
2019-05-11 11:06:11.154 DEBUG 8956 --- [kground-preinit] o.apache.tomcat.util.digester.Digester   :   Fire body() for SetNextRule[methodName=addOperation, paramType=org.apache.tomcat.util.modeler.OperationInfo]
2019-05-11 11:06:11.155 DEBUG 8956 --- [kground-preinit] o.apache.tomcat.util.digester.Digester   :   Fire end() for SetNextRule[methodName=addOperation, paramType=org.apache.tomcat.util.modeler.OperationInfo]
2019-05-11 11:06:11.155 DEBUG 8956 --- [kground-preinit] o.apache.tomcat.util.digester.Digester   : [SetNextRule]{mbeans-descriptors/mbean/operation} Call org.apache.tomcat.util.modeler.ManagedBean.addOperation(org.apache.tomcat.util.modeler.OperationInfo@48bdb339)
2019-05-11 11:06:11.155 DEBUG 8956 --- [kground-preinit] o.apache.tomcat.util.IntrospectionUtils  : IntrospectionUtils: callMethod1 org.apache.tomcat.util.modeler.ManagedBean org.apache.tomcat.util.modeler.OperationInfo org.apache.tomcat.util.modeler.OperationInfo
2019-05-11 11:06:11.155 DEBUG 8956 --- [kground-preinit] o.apache.tomcat.util.digester.Digester   :   Fire end() for SetPropertiesRule[]
2019-05-11 11:06:11.155 DEBUG 8956 --- [kground-preinit] o.apache.tomcat.util.digester.Digester   :   Fire end() for ObjectCreateRule[className=org.apache.tomcat.util.modeler.OperationInfo, attributeName=null]
2019-05-11 11:06:11.156 DEBUG 8956 --- [kground-preinit] o.apache.tomcat.util.digester.Digester   : [ObjectCreateRule]{mbeans-descriptors/mbean/operation} Pop org.apache.tomcat.util.modeler.OperationInfo
2019-05-11 11:06:11.156 DEBUG 8956 --- [kground-preinit] o.a.tomcat.util.digester.Digester.sax    : characters(

    )
2019-05-11 11:06:11.156 DEBUG 8956 --- [kground-preinit] o.a.tomcat.util.digester.Digester.sax    : startElement(,,operation)
2019-05-11 11:06:11.157 DEBUG 8956 --- [kground-preinit] o.apache.tomcat.util.digester.Digester   :   New match='mbeans-descriptors/mbean/operation'
2019-05-11 11:06:11.157 DEBUG 8956 --- [kground-preinit] o.apache.tomcat.util.digester.Digester   :   Fire begin() for ObjectCreateRule[className=org.apache.tomcat.util.modeler.OperationInfo, attributeName=null]
2019-05-11 11:06:11.157 DEBUG 8956 --- [kground-preinit] o.apache.tomcat.util.digester.Digester   : [ObjectCreateRule]{mbeans-descriptors/mbean/operation}New org.apache.tomcat.util.modeler.OperationInfo
2019-05-11 11:06:11.160 DEBUG 8956 --- [kground-preinit] o.apache.tomcat.util.digester.Digester   :   Fire begin() for SetPropertiesRule[]
2019-05-11 11:06:11.160 DEBUG 8956 --- [kground-preinit] o.apache.tomcat.util.digester.Digester   : [SetPropertiesRule]{mbeans-descriptors/mbean/operation} Set org.apache.tomcat.util.modeler.OperationInfo properties
2019-05-11 11:06:11.160 DEBUG 8956 --- [kground-preinit] o.apache.tomcat.util.digester.Digester   : [SetPropertiesRule]{mbeans-descriptors/mbean/operation} Setting property 'name' to 'createJNDIRealm'
2019-05-11 11:06:11.161 DEBUG 8956 --- [kground-preinit] o.apache.tomcat.util.IntrospectionUtils  : IntrospectionUtils: setProperty(class org.apache.tomcat.util.modeler.OperationInfo name=createJNDIRealm)
2019-05-11 11:06:11.161 DEBUG 8956 --- [kground-preinit] o.apache.tomcat.util.digester.Digester   : [SetPropertiesRule]{mbeans-descriptors/mbean/operation} Setting property 'description' to 'Create a new JNDI Realm'
2019-05-11 11:06:11.161 DEBUG 8956 --- [kground-preinit] o.apache.tomcat.util.IntrospectionUtils  : IntrospectionUtils: setProperty(class org.apache.tomcat.util.modeler.OperationInfo description=Create a new JNDI Realm)
2019-05-11 11:06:11.162 DEBUG 8956 --- [kground-preinit] o.apache.tomcat.util.digester.Digester   : [SetPropertiesRule]{mbeans-descriptors/mbean/operation} Setting property 'impact' to 'ACTION'
2019-05-11 11:06:11.162 DEBUG 8956 --- [kground-preinit] o.apache.tomcat.util.IntrospectionUtils  : IntrospectionUtils: setProperty(class org.apache.tomcat.util.modeler.OperationInfo impact=ACTION)
2019-05-11 11:06:11.162 DEBUG 8956 --- [kground-preinit] o.apache.tomcat.util.digester.Digester   : [SetPropertiesRule]{mbeans-descriptors/mbean/operation} Setting property 'returnType' to 'java.lang.String'
2019-05-11 11:06:11.162 DEBUG 8956 --- [kground-preinit] o.apache.tomcat.util.IntrospectionUtils  : IntrospectionUtils: setProperty(class org.apache.tomcat.util.modeler.OperationInfo returnType=java.lang.String)
2019-05-11 11:06:11.162 DEBUG 8956 --- [kground-preinit] o.apache.tomcat.util.digester.Digester   :   Fire begin() for SetNextRule[methodName=addOperation, paramType=org.apache.tomcat.util.modeler.OperationInfo]
2019-05-11 11:06:11.162 DEBUG 8956 --- [kground-preinit] o.a.tomcat.util.digester.Digester.sax    : characters(
      )
2019-05-11 11:06:11.163 DEBUG 8956 --- [kground-preinit] o.a.tomcat.util.digester.Digester.sax    : startElement(,,parameter)
2019-05-11 11:06:11.163 DEBUG 8956 --- [kground-preinit] o.apache.tomcat.util.digester.Digester   :   New match='mbeans-descriptors/mbean/operation/parameter'
2019-05-11 11:06:11.163 DEBUG 8956 --- [kground-preinit] o.apache.tomcat.util.digester.Digester   :   Fire begin() for ObjectCreateRule[className=org.apache.tomcat.util.modeler.ParameterInfo, attributeName=null]
2019-05-11 11:06:11.163 DEBUG 8956 --- [kground-preinit] o.apache.tomcat.util.digester.Digester   : [ObjectCreateRule]{mbeans-descriptors/mbean/operation/parameter}New org.apache.tomcat.util.modeler.ParameterInfo
2019-05-11 11:06:11.163 DEBUG 8956 --- [kground-preinit] o.apache.tomcat.util.digester.Digester   :   Fire begin() for SetPropertiesRule[]
2019-05-11 11:06:11.165 DEBUG 8956 --- [kground-preinit] o.apache.tomcat.util.digester.Digester   : [SetPropertiesRule]{mbeans-descriptors/mbean/operation/parameter} Set org.apache.tomcat.util.modeler.ParameterInfo properties
2019-05-11 11:06:11.165 DEBUG 8956 --- [kground-preinit] o.apache.tomcat.util.digester.Digester   : [SetPropertiesRule]{mbeans-descriptors/mbean/operation/parameter} Setting property 'name' to 'parent'
2019-05-11 11:06:11.165 DEBUG 8956 --- [kground-preinit] o.apache.tomcat.util.IntrospectionUtils  : IntrospectionUtils: setProperty(class org.apache.tomcat.util.modeler.ParameterInfo name=parent)
2019-05-11 11:06:11.165 DEBUG 8956 --- [kground-preinit] o.apache.tomcat.util.digester.Digester   : [SetPropertiesRule]{mbeans-descriptors/mbean/operation/parameter} Setting property 'description' to 'MBean Name of the associated parent component'
2019-05-11 11:06:11.166 DEBUG 8956 --- [kground-preinit] o.apache.tomcat.util.IntrospectionUtils  : IntrospectionUtils: setProperty(class org.apache.tomcat.util.modeler.ParameterInfo description=MBean Name of the associated parent component)
2019-05-11 11:06:11.166 DEBUG 8956 --- [kground-preinit] o.apache.tomcat.util.digester.Digester   : [SetPropertiesRule]{mbeans-descriptors/mbean/operation/parameter} Setting property 'type' to 'java.lang.String'
2019-05-11 11:06:11.166 DEBUG 8956 --- [kground-preinit] o.apache.tomcat.util.IntrospectionUtils  : IntrospectionUtils: setProperty(class org.apache.tomcat.util.modeler.ParameterInfo type=java.lang.String)
2019-05-11 11:06:11.166 DEBUG 8956 --- [kground-preinit] o.apache.tomcat.util.digester.Digester   :   Fire begin() for SetNextRule[methodName=addParameter, paramType=org.apache.tomcat.util.modeler.ParameterInfo]
2019-05-11 11:06:11.166 DEBUG 8956 --- [kground-preinit] o.a.tomcat.util.digester.Digester.sax    : endElement(,,parameter)
2019-05-11 11:06:11.167 DEBUG 8956 --- [kground-preinit] o.apache.tomcat.util.digester.Digester   :   match='mbeans-descriptors/mbean/operation/parameter'
2019-05-11 11:06:11.167 DEBUG 8956 --- [kground-preinit] o.apache.tomcat.util.digester.Digester   :   bodyText=''
2019-05-11 11:06:11.167 DEBUG 8956 --- [kground-preinit] o.apache.tomcat.util.digester.Digester   :   Fire body() for ObjectCreateRule[className=org.apache.tomcat.util.modeler.ParameterInfo, attributeName=null]
2019-05-11 11:06:11.168 DEBUG 8956 --- [kground-preinit] o.apache.tomcat.util.digester.Digester   :   Fire body() for SetPropertiesRule[]
2019-05-11 11:06:11.168 DEBUG 8956 --- [kground-preinit] o.apache.tomcat.util.digester.Digester   :   Fire body() for SetNextRule[methodName=addParameter, paramType=org.apache.tomcat.util.modeler.ParameterInfo]
2019-05-11 11:06:11.168 DEBUG 8956 --- [kground-preinit] o.apache.tomcat.util.digester.Digester   :   Fire end() for SetNextRule[methodName=addParameter, paramType=org.apache.tomcat.util.modeler.ParameterInfo]
2019-05-11 11:06:11.168 DEBUG 8956 --- [kground-preinit] o.apache.tomcat.util.digester.Digester   : [SetNextRule]{mbeans-descriptors/mbean/operation/parameter} Call org.apache.tomcat.util.modeler.OperationInfo.addParameter(org.apache.tomcat.util.modeler.ParameterInfo@34ce75c5)
2019-05-11 11:06:11.168 DEBUG 8956 --- [kground-preinit] o.apache.tomcat.util.IntrospectionUtils  : IntrospectionUtils: callMethod1 org.apache.tomcat.util.modeler.OperationInfo org.apache.tomcat.util.modeler.ParameterInfo org.apache.tomcat.util.modeler.ParameterInfo
2019-05-11 11:06:11.169 DEBUG 8956 --- [kground-preinit] o.apache.tomcat.util.digester.Digester   :   Fire end() for SetPropertiesRule[]
2019-05-11 11:06:11.169 DEBUG 8956 --- [kground-preinit] o.apache.tomcat.util.digester.Digester   :   Fire end() for ObjectCreateRule[className=org.apache.tomcat.util.modeler.ParameterInfo, attributeName=null]
2019-05-11 11:06:11.169 DEBUG 8956 --- [kground-preinit] o.apache.tomcat.util.digester.Digester   : [ObjectCreateRule]{mbeans-descriptors/mbean/operation/parameter} Pop org.apache.tomcat.util.modeler.ParameterInfo
2019-05-11 11:06:11.169 DEBUG 8956 --- [kground-preinit] o.a.tomcat.util.digester.Digester.sax    : characters(
    )
2019-05-11 11:06:11.169 DEBUG 8956 --- [kground-preinit] o.a.tomcat.util.digester.Digester.sax    : endElement(,,operation)
2019-05-11 11:06:11.170 DEBUG 8956 --- [kground-preinit] o.apache.tomcat.util.digester.Digester   :   match='mbeans-descriptors/mbean/operation'
2019-05-11 11:06:11.170 DEBUG 8956 --- [kground-preinit] o.apache.tomcat.util.digester.Digester   :   bodyText='
      
    '
2019-05-11 11:06:11.170 DEBUG 8956 --- [kground-preinit] o.apache.tomcat.util.digester.Digester   :   Fire body() for ObjectCreateRule[className=org.apache.tomcat.util.modeler.OperationInfo, attributeName=null]
2019-05-11 11:06:11.170 DEBUG 8956 --- [kground-preinit] o.apache.tomcat.util.digester.Digester   :   Fire body() for SetPropertiesRule[]
2019-05-11 11:06:11.171 DEBUG 8956 --- [kground-preinit] o.apache.tomcat.util.digester.Digester   :   Fire body() for SetNextRule[methodName=addOperation, paramType=org.apache.tomcat.util.modeler.OperationInfo]
2019-05-11 11:06:11.171 DEBUG 8956 --- [kground-preinit] o.apache.tomcat.util.digester.Digester   :   Fire end() for SetNextRule[methodName=addOperation, paramType=org.apache.tomcat.util.modeler.OperationInfo]
2019-05-11 11:06:11.171 DEBUG 8956 --- [kground-preinit] o.apache.tomcat.util.digester.Digester   : [SetNextRule]{mbeans-descriptors/mbean/operation} Call org.apache.tomcat.util.modeler.ManagedBean.addOperation(org.apache.tomcat.util.modeler.OperationInfo@d1cef63)
2019-05-11 11:06:11.171 DEBUG 8956 --- [kground-preinit] o.apache.tomcat.util.IntrospectionUtils  : IntrospectionUtils: callMethod1 org.apache.tomcat.util.modeler.ManagedBean org.apache.tomcat.util.modeler.OperationInfo org.apache.tomcat.util.modeler.OperationInfo
2019-05-11 11:06:11.171 DEBUG 8956 --- [kground-preinit] o.apache.tomcat.util.digester.Digester   :   Fire end() for SetPropertiesRule[]
2019-05-11 11:06:11.172 DEBUG 8956 --- [kground-preinit] o.apache.tomcat.util.digester.Digester   :   Fire end() for ObjectCreateRule[className=org.apache.tomcat.util.modeler.OperationInfo, attributeName=null]
2019-05-11 11:06:11.172 DEBUG 8956 --- [kground-preinit] o.apache.tomcat.util.digester.Digester   : [ObjectCreateRule]{mbeans-descriptors/mbean/operation} Pop org.apache.tomcat.util.modeler.OperationInfo
2019-05-11 11:06:11.172 DEBUG 8956 --- [kground-preinit] o.a.tomcat.util.digester.Digester.sax    : characters(

    )
2019-05-11 11:06:11.172 DEBUG 8956 --- [kground-preinit] o.a.tomcat.util.digester.Digester.sax    : startElement(,,operation)
2019-05-11 11:06:11.172 DEBUG 8956 --- [kground-preinit] o.apache.tomcat.util.digester.Digester   :   New match='mbeans-descriptors/mbean/operation'
2019-05-11 11:06:11.173 DEBUG 8956 --- [kground-preinit] o.apache.tomcat.util.digester.Digester   :   Fire begin() for ObjectCreateRule[className=org.apache.tomcat.util.modeler.OperationInfo, attributeName=null]
2019-05-11 11:06:11.173 DEBUG 8956 --- [kground-preinit] o.apache.tomcat.util.digester.Digester   : [ObjectCreateRule]{mbeans-descriptors/mbean/operation}New org.apache.tomcat.util.modeler.OperationInfo
2019-05-11 11:06:11.173 DEBUG 8956 --- [kground-preinit] o.apache.tomcat.util.digester.Digester   :   Fire begin() for SetPropertiesRule[]
2019-05-11 11:06:11.173 DEBUG 8956 --- [kground-preinit] o.apache.tomcat.util.digester.Digester   : [SetPropertiesRule]{mbeans-descriptors/mbean/operation} Set org.apache.tomcat.util.modeler.OperationInfo properties
2019-05-11 11:06:11.173 DEBUG 8956 --- [kground-preinit] o.apache.tomcat.util.digester.Digester   : [SetPropertiesRule]{mbeans-descriptors/mbean/operation} Setting property 'name' to 'createMemoryRealm'
2019-05-11 11:06:11.173 DEBUG 8956 --- [kground-preinit] o.apache.tomcat.util.IntrospectionUtils  : IntrospectionUtils: setProperty(class org.apache.tomcat.util.modeler.OperationInfo name=createMemoryRealm)
2019-05-11 11:06:11.174 DEBUG 8956 --- [kground-preinit] o.apache.tomcat.util.digester.Digester   : [SetPropertiesRule]{mbeans-descriptors/mbean/operation} Setting property 'description' to 'Create a new Memory Realm'
2019-05-11 11:06:11.174 DEBUG 8956 --- [kground-preinit] o.apache.tomcat.util.IntrospectionUtils  : IntrospectionUtils: setProperty(class org.apache.tomcat.util.modeler.OperationInfo description=Create a new Memory Realm)
2019-05-11 11:06:11.174 DEBUG 8956 --- [kground-preinit] o.apache.tomcat.util.digester.Digester   : [SetPropertiesRule]{mbeans-descriptors/mbean/operation} Setting property 'impact' to 'ACTION'
2019-05-11 11:06:11.174 DEBUG 8956 --- [kground-preinit] o.apache.tomcat.util.IntrospectionUtils  : IntrospectionUtils: setProperty(class org.apache.tomcat.util.modeler.OperationInfo impact=ACTION)
2019-05-11 11:06:11.174 DEBUG 8956 --- [kground-preinit] o.apache.tomcat.util.digester.Digester   : [SetPropertiesRule]{mbeans-descriptors/mbean/operation} Setting property 'returnType' to 'java.lang.String'
2019-05-11 11:06:11.174 DEBUG 8956 --- [kground-preinit] o.apache.tomcat.util.IntrospectionUtils  : IntrospectionUtils: setProperty(class org.apache.tomcat.util.modeler.OperationInfo returnType=java.lang.String)
2019-05-11 11:06:11.174 DEBUG 8956 --- [kground-preinit] o.apache.tomcat.util.digester.Digester   :   Fire begin() for SetNextRule[methodName=addOperation, paramType=org.apache.tomcat.util.modeler.OperationInfo]
2019-05-11 11:06:11.175 DEBUG 8956 --- [kground-preinit] o.a.tomcat.util.digester.Digester.sax    : characters(
      )
2019-05-11 11:06:11.176 DEBUG 8956 --- [kground-preinit] o.a.tomcat.util.digester.Digester.sax    : startElement(,,parameter)
2019-05-11 11:06:11.176 DEBUG 8956 --- [kground-preinit] o.apache.tomcat.util.digester.Digester   :   New match='mbeans-descriptors/mbean/operation/parameter'
2019-05-11 11:06:11.176 DEBUG 8956 --- [kground-preinit] o.apache.tomcat.util.digester.Digester   :   Fire begin() for ObjectCreateRule[className=org.apache.tomcat.util.modeler.ParameterInfo, attributeName=null]
2019-05-11 11:06:11.176 DEBUG 8956 --- [kground-preinit] o.apache.tomcat.util.digester.Digester   : [ObjectCreateRule]{mbeans-descriptors/mbean/operation/parameter}New org.apache.tomcat.util.modeler.ParameterInfo
2019-05-11 11:06:11.176 DEBUG 8956 --- [kground-preinit] o.apache.tomcat.util.digester.Digester   :   Fire begin() for SetPropertiesRule[]
2019-05-11 11:06:11.177 DEBUG 8956 --- [kground-preinit] o.apache.tomcat.util.digester.Digester   : [SetPropertiesRule]{mbeans-descriptors/mbean/operation/parameter} Set org.apache.tomcat.util.modeler.ParameterInfo properties
2019-05-11 11:06:11.177 DEBUG 8956 --- [kground-preinit] o.apache.tomcat.util.digester.Digester   : [SetPropertiesRule]{mbeans-descriptors/mbean/operation/parameter} Setting property 'name' to 'parent'
2019-05-11 11:06:11.177 DEBUG 8956 --- [kground-preinit] o.apache.tomcat.util.IntrospectionUtils  : IntrospectionUtils: setProperty(class org.apache.tomcat.util.modeler.ParameterInfo name=parent)
2019-05-11 11:06:11.177 DEBUG 8956 --- [kground-preinit] o.apache.tomcat.util.digester.Digester   : [SetPropertiesRule]{mbeans-descriptors/mbean/operation/parameter} Setting property 'description' to 'MBean Name of the associated parent component'
2019-05-11 11:06:11.177 DEBUG 8956 --- [kground-preinit] o.apache.tomcat.util.IntrospectionUtils  : IntrospectionUtils: setProperty(class org.apache.tomcat.util.modeler.ParameterInfo description=MBean Name of the associated parent component)
2019-05-11 11:06:11.178 DEBUG 8956 --- [kground-preinit] o.apache.tomcat.util.digester.Digester   : [SetPropertiesRule]{mbeans-descriptors/mbean/operation/parameter} Setting property 'type' to 'java.lang.String'
2019-05-11 11:06:11.178 DEBUG 8956 --- [kground-preinit] o.apache.tomcat.util.IntrospectionUtils  : IntrospectionUtils: setProperty(class org.apache.tomcat.util.modeler.ParameterInfo type=java.lang.String)
2019-05-11 11:06:11.179 DEBUG 8956 --- [kground-preinit] o.apache.tomcat.util.digester.Digester   :   Fire begin() for SetNextRule[methodName=addParameter, paramType=org.apache.tomcat.util.modeler.ParameterInfo]
2019-05-11 11:06:11.179 DEBUG 8956 --- [kground-preinit] o.a.tomcat.util.digester.Digester.sax    : endElement(,,parameter)
2019-05-11 11:06:11.179 DEBUG 8956 --- [kground-preinit] o.apache.tomcat.util.digester.Digester   :   match='mbeans-descriptors/mbean/operation/parameter'
2019-05-11 11:06:11.179 DEBUG 8956 --- [kground-preinit] o.apache.tomcat.util.digester.Digester   :   bodyText=''
2019-05-11 11:06:11.179 DEBUG 8956 --- [kground-preinit] o.apache.tomcat.util.digester.Digester   :   Fire body() for ObjectCreateRule[className=org.apache.tomcat.util.modeler.ParameterInfo, attributeName=null]
2019-05-11 11:06:11.180 DEBUG 8956 --- [kground-preinit] o.apache.tomcat.util.digester.Digester   :   Fire body() for SetPropertiesRule[]
2019-05-11 11:06:11.180 DEBUG 8956 --- [kground-preinit] o.apache.tomcat.util.digester.Digester   :   Fire body() for SetNextRule[methodName=addParameter, paramType=org.apache.tomcat.util.modeler.ParameterInfo]
2019-05-11 11:06:11.181 DEBUG 8956 --- [kground-preinit] o.apache.tomcat.util.digester.Digester   :   Fire end() for SetNextRule[methodName=addParameter, paramType=org.apache.tomcat.util.modeler.ParameterInfo]
2019-05-11 11:06:11.181 DEBUG 8956 --- [kground-preinit] o.apache.tomcat.util.digester.Digester   : [SetNextRule]{mbeans-descriptors/mbean/operation/parameter} Call org.apache.tomcat.util.modeler.OperationInfo.addParameter(org.apache.tomcat.util.modeler.ParameterInfo@7cddbb2)
2019-05-11 11:06:11.181 DEBUG 8956 --- [kground-preinit] o.apache.tomcat.util.IntrospectionUtils  : IntrospectionUtils: callMethod1 org.apache.tomcat.util.modeler.OperationInfo org.apache.tomcat.util.modeler.ParameterInfo org.apache.tomcat.util.modeler.ParameterInfo
2019-05-11 11:06:11.182 DEBUG 8956 --- [kground-preinit] o.apache.tomcat.util.digester.Digester   :   Fire end() for SetPropertiesRule[]
2019-05-11 11:06:11.182 DEBUG 8956 --- [kground-preinit] o.apache.tomcat.util.digester.Digester   :   Fire end() for ObjectCreateRule[className=org.apache.tomcat.util.modeler.ParameterInfo, attributeName=null]
2019-05-11 11:06:11.182 DEBUG 8956 --- [kground-preinit] o.apache.tomcat.util.digester.Digester   : [ObjectCreateRule]{mbeans-descriptors/mbean/operation/parameter} Pop org.apache.tomcat.util.modeler.ParameterInfo
2019-05-11 11:06:11.182 DEBUG 8956 --- [kground-preinit] o.a.tomcat.util.digester.Digester.sax    : characters(
    )
2019-05-11 11:06:11.183 DEBUG 8956 --- [kground-preinit] o.a.tomcat.util.digester.Digester.sax    : endElement(,,operation)
2019-05-11 11:06:11.183 DEBUG 8956 --- [kground-preinit] o.apache.tomcat.util.digester.Digester   :   match='mbeans-descriptors/mbean/operation'
2019-05-11 11:06:11.183 DEBUG 8956 --- [kground-preinit] o.apache.tomcat.util.digester.Digester   :   bodyText='
      
    '
2019-05-11 11:06:11.183 DEBUG 8956 --- [kground-preinit] o.apache.tomcat.util.digester.Digester   :   Fire body() for ObjectCreateRule[className=org.apache.tomcat.util.modeler.OperationInfo, attributeName=null]
2019-05-11 11:06:11.183 DEBUG 8956 --- [kground-preinit] o.apache.tomcat.util.digester.Digester   :   Fire body() for SetPropertiesRule[]
2019-05-11 11:06:11.184 DEBUG 8956 --- [kground-preinit] o.apache.tomcat.util.digester.Digester   :   Fire body() for SetNextRule[methodName=addOperation, paramType=org.apache.tomcat.util.modeler.OperationInfo]
2019-05-11 11:06:11.184 DEBUG 8956 --- [kground-preinit] o.apache.tomcat.util.digester.Digester   :   Fire end() for SetNextRule[methodName=addOperation, paramType=org.apache.tomcat.util.modeler.OperationInfo]
2019-05-11 11:06:11.184 DEBUG 8956 --- [kground-preinit] o.apache.tomcat.util.digester.Digester   : [SetNextRule]{mbeans-descriptors/mbean/operation} Call org.apache.tomcat.util.modeler.ManagedBean.addOperation(org.apache.tomcat.util.modeler.OperationInfo@22cc8409)
2019-05-11 11:06:11.184 DEBUG 8956 --- [kground-preinit] o.apache.tomcat.util.IntrospectionUtils  : IntrospectionUtils: callMethod1 org.apache.tomcat.util.modeler.ManagedBean org.apache.tomcat.util.modeler.OperationInfo org.apache.tomcat.util.modeler.OperationInfo
2019-05-11 11:06:11.185 DEBUG 8956 --- [kground-preinit] o.apache.tomcat.util.digester.Digester   :   Fire end() for SetPropertiesRule[]
2019-05-11 11:06:11.185 DEBUG 8956 --- [kground-preinit] o.apache.tomcat.util.digester.Digester   :   Fire end() for ObjectCreateRule[className=org.apache.tomcat.util.modeler.OperationInfo, attributeName=null]
2019-05-11 11:06:11.185 DEBUG 8956 --- [kground-preinit] o.apache.tomcat.util.digester.Digester   : [ObjectCreateRule]{mbeans-descriptors/mbean/operation} Pop org.apache.tomcat.util.modeler.OperationInfo
2019-05-11 11:06:11.186 DEBUG 8956 --- [kground-preinit] o.a.tomcat.util.digester.Digester.sax    : characters(

    )
2019-05-11 11:06:11.188 DEBUG 8956 --- [kground-preinit] o.a.tomcat.util.digester.Digester.sax    : startElement(,,operation)
2019-05-11 11:06:11.189 DEBUG 8956 --- [kground-preinit] o.apache.tomcat.util.digester.Digester   :   New match='mbeans-descriptors/mbean/operation'
2019-05-11 11:06:11.189 DEBUG 8956 --- [kground-preinit] o.apache.tomcat.util.digester.Digester   :   Fire begin() for ObjectCreateRule[className=org.apache.tomcat.util.modeler.OperationInfo, attributeName=null]
2019-05-11 11:06:11.189 DEBUG 8956 --- [kground-preinit] o.apache.tomcat.util.digester.Digester   : [ObjectCreateRule]{mbeans-descriptors/mbean/operation}New org.apache.tomcat.util.modeler.OperationInfo
2019-05-11 11:06:11.190 DEBUG 8956 --- [kground-preinit] o.apache.tomcat.util.digester.Digester   :   Fire begin() for SetPropertiesRule[]
2019-05-11 11:06:11.190 DEBUG 8956 --- [kground-preinit] o.apache.tomcat.util.digester.Digester   : [SetPropertiesRule]{mbeans-descriptors/mbean/operation} Set org.apache.tomcat.util.modeler.OperationInfo properties
2019-05-11 11:06:11.190 DEBUG 8956 --- [kground-preinit] o.apache.tomcat.util.digester.Digester   : [SetPropertiesRule]{mbeans-descriptors/mbean/operation} Setting property 'name' to 'createUserDatabaseRealm'
2019-05-11 11:06:11.190 DEBUG 8956 --- [kground-preinit] o.apache.tomcat.util.IntrospectionUtils  : IntrospectionUtils: setProperty(class org.apache.tomcat.util.modeler.OperationInfo name=createUserDatabaseRealm)
2019-05-11 11:06:11.191 DEBUG 8956 --- [kground-preinit] o.apache.tomcat.util.digester.Digester   : [SetPropertiesRule]{mbeans-descriptors/mbean/operation} Setting property 'description' to 'Create a new  UserDatabaseRealm'
2019-05-11 11:06:11.191 DEBUG 8956 --- [kground-preinit] o.apache.tomcat.util.IntrospectionUtils  : IntrospectionUtils: setProperty(class org.apache.tomcat.util.modeler.OperationInfo description=Create a new  UserDatabaseRealm)
2019-05-11 11:06:11.193 DEBUG 8956 --- [kground-preinit] o.apache.tomcat.util.digester.Digester   : [SetPropertiesRule]{mbeans-descriptors/mbean/operation} Setting property 'impact' to 'ACTION'
2019-05-11 11:06:11.193 DEBUG 8956 --- [kground-preinit] o.apache.tomcat.util.IntrospectionUtils  : IntrospectionUtils: setProperty(class org.apache.tomcat.util.modeler.OperationInfo impact=ACTION)
2019-05-11 11:06:11.193 DEBUG 8956 --- [kground-preinit] o.apache.tomcat.util.digester.Digester   : [SetPropertiesRule]{mbeans-descriptors/mbean/operation} Setting property 'returnType' to 'java.lang.String'
2019-05-11 11:06:11.193 DEBUG 8956 --- [kground-preinit] o.apache.tomcat.util.IntrospectionUtils  : IntrospectionUtils: setProperty(class org.apache.tomcat.util.modeler.OperationInfo returnType=java.lang.String)
2019-05-11 11:06:11.194 DEBUG 8956 --- [kground-preinit] o.apache.tomcat.util.digester.Digester   :   Fire begin() for SetNextRule[methodName=addOperation, paramType=org.apache.tomcat.util.modeler.OperationInfo]
2019-05-11 11:06:11.194 DEBUG 8956 --- [kground-preinit] o.a.tomcat.util.digester.Digester.sax    : characters(
      )
2019-05-11 11:06:11.194 DEBUG 8956 --- [kground-preinit] o.a.tomcat.util.digester.Digester.sax    : startElement(,,parameter)
2019-05-11 11:06:11.194 DEBUG 8956 --- [kground-preinit] o.apache.tomcat.util.digester.Digester   :   New match='mbeans-descriptors/mbean/operation/parameter'
2019-05-11 11:06:11.195 DEBUG 8956 --- [kground-preinit] o.apache.tomcat.util.digester.Digester   :   Fire begin() for ObjectCreateRule[className=org.apache.tomcat.util.modeler.ParameterInfo, attributeName=null]
2019-05-11 11:06:11.195 DEBUG 8956 --- [kground-preinit] o.apache.tomcat.util.digester.Digester   : [ObjectCreateRule]{mbeans-descriptors/mbean/operation/parameter}New org.apache.tomcat.util.modeler.ParameterInfo
2019-05-11 11:06:11.195 DEBUG 8956 --- [kground-preinit] o.apache.tomcat.util.digester.Digester   :   Fire begin() for SetPropertiesRule[]
2019-05-11 11:06:11.196 DEBUG 8956 --- [kground-preinit] o.apache.tomcat.util.digester.Digester   : [SetPropertiesRule]{mbeans-descriptors/mbean/operation/parameter} Set org.apache.tomcat.util.modeler.ParameterInfo properties
2019-05-11 11:06:11.196 DEBUG 8956 --- [kground-preinit] o.apache.tomcat.util.digester.Digester   : [SetPropertiesRule]{mbeans-descriptors/mbean/operation/parameter} Setting property 'name' to 'parent'
2019-05-11 11:06:11.196 DEBUG 8956 --- [kground-preinit] o.apache.tomcat.util.IntrospectionUtils  : IntrospectionUtils: setProperty(class org.apache.tomcat.util.modeler.ParameterInfo name=parent)
2019-05-11 11:06:11.196 DEBUG 8956 --- [kground-preinit] o.apache.tomcat.util.digester.Digester   : [SetPropertiesRule]{mbeans-descriptors/mbean/operation/parameter} Setting property 'description' to 'MBean Name of the associated parent component'
2019-05-11 11:06:11.197 DEBUG 8956 --- [kground-preinit] o.apache.tomcat.util.IntrospectionUtils  : IntrospectionUtils: setProperty(class org.apache.tomcat.util.modeler.ParameterInfo description=MBean Name of the associated parent component)
2019-05-11 11:06:11.197 DEBUG 8956 --- [kground-preinit] o.apache.tomcat.util.digester.Digester   : [SetPropertiesRule]{mbeans-descriptors/mbean/operation/parameter} Setting property 'type' to 'java.lang.String'
2019-05-11 11:06:11.197 DEBUG 8956 --- [kground-preinit] o.apache.tomcat.util.IntrospectionUtils  : IntrospectionUtils: setProperty(class org.apache.tomcat.util.modeler.ParameterInfo type=java.lang.String)
2019-05-11 11:06:11.197 DEBUG 8956 --- [kground-preinit] o.apache.tomcat.util.digester.Digester   :   Fire begin() for SetNextRule[methodName=addParameter, paramType=org.apache.tomcat.util.modeler.ParameterInfo]
2019-05-11 11:06:11.198 DEBUG 8956 --- [kground-preinit] o.a.tomcat.util.digester.Digester.sax    : endElement(,,parameter)
2019-05-11 11:06:11.198 DEBUG 8956 --- [kground-preinit] o.apache.tomcat.util.digester.Digester   :   match='mbeans-descriptors/mbean/operation/parameter'
2019-05-11 11:06:11.198 DEBUG 8956 --- [kground-preinit] o.apache.tomcat.util.digester.Digester   :   bodyText=''
2019-05-11 11:06:11.198 DEBUG 8956 --- [kground-preinit] o.apache.tomcat.util.digester.Digester   :   Fire body() for ObjectCreateRule[className=org.apache.tomcat.util.modeler.ParameterInfo, attributeName=null]
2019-05-11 11:06:11.198 DEBUG 8956 --- [kground-preinit] o.apache.tomcat.util.digester.Digester   :   Fire body() for SetPropertiesRule[]
2019-05-11 11:06:11.198 DEBUG 8956 --- [kground-preinit] o.apache.tomcat.util.digester.Digester   :   Fire body() for SetNextRule[methodName=addParameter, paramType=org.apache.tomcat.util.modeler.ParameterInfo]
2019-05-11 11:06:11.199 DEBUG 8956 --- [kground-preinit] o.apache.tomcat.util.digester.Digester   :   Fire end() for SetNextRule[methodName=addParameter, paramType=org.apache.tomcat.util.modeler.ParameterInfo]
2019-05-11 11:06:11.199 DEBUG 8956 --- [kground-preinit] o.apache.tomcat.util.digester.Digester   : [SetNextRule]{mbeans-descriptors/mbean/operation/parameter} Call org.apache.tomcat.util.modeler.OperationInfo.addParameter(org.apache.tomcat.util.modeler.ParameterInfo@656bbdc8)
2019-05-11 11:06:11.199 DEBUG 8956 --- [kground-preinit] o.apache.tomcat.util.IntrospectionUtils  : IntrospectionUtils: callMethod1 org.apache.tomcat.util.modeler.OperationInfo org.apache.tomcat.util.modeler.ParameterInfo org.apache.tomcat.util.modeler.ParameterInfo
2019-05-11 11:06:11.199 DEBUG 8956 --- [kground-preinit] o.apache.tomcat.util.digester.Digester   :   Fire end() for SetPropertiesRule[]
2019-05-11 11:06:11.199 DEBUG 8956 --- [kground-preinit] o.apache.tomcat.util.digester.Digester   :   Fire end() for ObjectCreateRule[className=org.apache.tomcat.util.modeler.ParameterInfo, attributeName=null]
2019-05-11 11:06:11.200 DEBUG 8956 --- [kground-preinit] o.apache.tomcat.util.digester.Digester   : [ObjectCreateRule]{mbeans-descriptors/mbean/operation/parameter} Pop org.apache.tomcat.util.modeler.ParameterInfo
2019-05-11 11:06:11.200 DEBUG 8956 --- [kground-preinit] o.a.tomcat.util.digester.Digester.sax    : characters(
      )
2019-05-11 11:06:11.200 DEBUG 8956 --- [kground-preinit] o.a.tomcat.util.digester.Digester.sax    : startElement(,,parameter)
2019-05-11 11:06:11.200 DEBUG 8956 --- [kground-preinit] o.apache.tomcat.util.digester.Digester   :   New match='mbeans-descriptors/mbean/operation/parameter'
2019-05-11 11:06:11.200 DEBUG 8956 --- [kground-preinit] o.apache.tomcat.util.digester.Digester   :   Fire begin() for ObjectCreateRule[className=org.apache.tomcat.util.modeler.ParameterInfo, attributeName=null]
2019-05-11 11:06:11.200 DEBUG 8956 --- [kground-preinit] o.apache.tomcat.util.digester.Digester   : [ObjectCreateRule]{mbeans-descriptors/mbean/operation/parameter}New org.apache.tomcat.util.modeler.ParameterInfo
2019-05-11 11:06:11.200 DEBUG 8956 --- [kground-preinit] o.apache.tomcat.util.digester.Digester   :   Fire begin() for SetPropertiesRule[]
2019-05-11 11:06:11.201 DEBUG 8956 --- [kground-preinit] o.apache.tomcat.util.digester.Digester   : [SetPropertiesRule]{mbeans-descriptors/mbean/operation/parameter} Set org.apache.tomcat.util.modeler.ParameterInfo properties
2019-05-11 11:06:11.209 DEBUG 8956 --- [kground-preinit] o.apache.tomcat.util.digester.Digester   : [SetPropertiesRule]{mbeans-descriptors/mbean/operation/parameter} Setting property 'name' to 'resourceName'
2019-05-11 11:06:11.211 DEBUG 8956 --- [kground-preinit] o.apache.tomcat.util.IntrospectionUtils  : IntrospectionUtils: setProperty(class org.apache.tomcat.util.modeler.ParameterInfo name=resourceName)
2019-05-11 11:06:11.211 DEBUG 8956 --- [kground-preinit] o.apache.tomcat.util.digester.Digester   : [SetPropertiesRule]{mbeans-descriptors/mbean/operation/parameter} Setting property 'description' to 'Global JNDI resource name of the associated'
2019-05-11 11:06:11.212 DEBUG 8956 --- [kground-preinit] o.apache.tomcat.util.IntrospectionUtils  : IntrospectionUtils: setProperty(class org.apache.tomcat.util.modeler.ParameterInfo description=Global JNDI resource name of the associated)
2019-05-11 11:06:11.212 DEBUG 8956 --- [kground-preinit] o.apache.tomcat.util.digester.Digester   : [SetPropertiesRule]{mbeans-descriptors/mbean/operation/parameter} Setting property 'type' to 'java.lang.String'
2019-05-11 11:06:11.212 DEBUG 8956 --- [kground-preinit] o.apache.tomcat.util.IntrospectionUtils  : IntrospectionUtils: setProperty(class org.apache.tomcat.util.modeler.ParameterInfo type=java.lang.String)
2019-05-11 11:06:11.212 DEBUG 8956 --- [kground-preinit] o.apache.tomcat.util.digester.Digester   :   Fire begin() for SetNextRule[methodName=addParameter, paramType=org.apache.tomcat.util.modeler.ParameterInfo]
2019-05-11 11:06:11.212 DEBUG 8956 --- [kground-preinit] o.a.tomcat.util.digester.Digester.sax    : endElement(,,parameter)
2019-05-11 11:06:11.215 DEBUG 8956 --- [kground-preinit] o.apache.tomcat.util.digester.Digester   :   match='mbeans-descriptors/mbean/operation/parameter'
2019-05-11 11:06:11.215 DEBUG 8956 --- [kground-preinit] o.apache.tomcat.util.digester.Digester   :   bodyText=''
2019-05-11 11:06:11.215 DEBUG 8956 --- [kground-preinit] o.apache.tomcat.util.digester.Digester   :   Fire body() for ObjectCreateRule[className=org.apache.tomcat.util.modeler.ParameterInfo, attributeName=null]
2019-05-11 11:06:11.216 DEBUG 8956 --- [kground-preinit] o.apache.tomcat.util.digester.Digester   :   Fire body() for SetPropertiesRule[]
2019-05-11 11:06:11.216 DEBUG 8956 --- [kground-preinit] o.apache.tomcat.util.digester.Digester   :   Fire body() for SetNextRule[methodName=addParameter, paramType=org.apache.tomcat.util.modeler.ParameterInfo]
2019-05-11 11:06:11.216 DEBUG 8956 --- [kground-preinit] o.apache.tomcat.util.digester.Digester   :   Fire end() for SetNextRule[methodName=addParameter, paramType=org.apache.tomcat.util.modeler.ParameterInfo]
2019-05-11 11:06:11.216 DEBUG 8956 --- [kground-preinit] o.apache.tomcat.util.digester.Digester   : [SetNextRule]{mbeans-descriptors/mbean/operation/parameter} Call org.apache.tomcat.util.modeler.OperationInfo.addParameter(org.apache.tomcat.util.modeler.ParameterInfo@fe631f1)
2019-05-11 11:06:11.216 DEBUG 8956 --- [kground-preinit] o.apache.tomcat.util.IntrospectionUtils  : IntrospectionUtils: callMethod1 org.apache.tomcat.util.modeler.OperationInfo org.apache.tomcat.util.modeler.ParameterInfo org.apache.tomcat.util.modeler.ParameterInfo
2019-05-11 11:06:11.216 DEBUG 8956 --- [kground-preinit] o.apache.tomcat.util.digester.Digester   :   Fire end() for SetPropertiesRule[]
2019-05-11 11:06:11.217 DEBUG 8956 --- [kground-preinit] o.apache.tomcat.util.digester.Digester   :   Fire end() for ObjectCreateRule[className=org.apache.tomcat.util.modeler.ParameterInfo, attributeName=null]
2019-05-11 11:06:11.217 DEBUG 8956 --- [kground-preinit] o.apache.tomcat.util.digester.Digester   : [ObjectCreateRule]{mbeans-descriptors/mbean/operation/parameter} Pop org.apache.tomcat.util.modeler.ParameterInfo
2019-05-11 11:06:11.217 DEBUG 8956 --- [kground-preinit] o.a.tomcat.util.digester.Digester.sax    : characters(
    )
2019-05-11 11:06:11.217 DEBUG 8956 --- [kground-preinit] o.a.tomcat.util.digester.Digester.sax    : endElement(,,operation)
2019-05-11 11:06:11.217 DEBUG 8956 --- [kground-preinit] o.apache.tomcat.util.digester.Digester   :   match='mbeans-descriptors/mbean/operation'
2019-05-11 11:06:11.217 DEBUG 8956 --- [kground-preinit] o.apache.tomcat.util.digester.Digester   :   bodyText='
      
      
    '
2019-05-11 11:06:11.218 DEBUG 8956 --- [kground-preinit] o.apache.tomcat.util.digester.Digester   :   Fire body() for ObjectCreateRule[className=org.apache.tomcat.util.modeler.OperationInfo, attributeName=null]
2019-05-11 11:06:11.218 DEBUG 8956 --- [kground-preinit] o.apache.tomcat.util.digester.Digester   :   Fire body() for SetPropertiesRule[]
2019-05-11 11:06:11.218 DEBUG 8956 --- [kground-preinit] o.apache.tomcat.util.digester.Digester   :   Fire body() for SetNextRule[methodName=addOperation, paramType=org.apache.tomcat.util.modeler.OperationInfo]
2019-05-11 11:06:11.218 DEBUG 8956 --- [kground-preinit] o.apache.tomcat.util.digester.Digester   :   Fire end() for SetNextRule[methodName=addOperation, paramType=org.apache.tomcat.util.modeler.OperationInfo]
2019-05-11 11:06:11.218 DEBUG 8956 --- [kground-preinit] o.apache.tomcat.util.digester.Digester   : [SetNextRule]{mbeans-descriptors/mbean/operation} Call org.apache.tomcat.util.modeler.ManagedBean.addOperation(org.apache.tomcat.util.modeler.OperationInfo@669f6bf4)
2019-05-11 11:06:11.218 DEBUG 8956 --- [kground-preinit] o.apache.tomcat.util.IntrospectionUtils  : IntrospectionUtils: callMethod1 org.apache.tomcat.util.modeler.ManagedBean org.apache.tomcat.util.modeler.OperationInfo org.apache.tomcat.util.modeler.OperationInfo
2019-05-11 11:06:11.219 DEBUG 8956 --- [kground-preinit] o.apache.tomcat.util.digester.Digester   :   Fire end() for SetPropertiesRule[]
2019-05-11 11:06:11.219 DEBUG 8956 --- [kground-preinit] o.apache.tomcat.util.digester.Digester   :   Fire end() for ObjectCreateRule[className=org.apache.tomcat.util.modeler.OperationInfo, attributeName=null]
2019-05-11 11:06:11.219 DEBUG 8956 --- [kground-preinit] o.apache.tomcat.util.digester.Digester   : [ObjectCreateRule]{mbeans-descriptors/mbean/operation} Pop org.apache.tomcat.util.modeler.OperationInfo
2019-05-11 11:06:11.219 DEBUG 8956 --- [kground-preinit] o.a.tomcat.util.digester.Digester.sax    : characters(

    )
2019-05-11 11:06:11.219 DEBUG 8956 --- [kground-preinit] o.a.tomcat.util.digester.Digester.sax    : startElement(,,operation)
2019-05-11 11:06:11.219 DEBUG 8956 --- [kground-preinit] o.apache.tomcat.util.digester.Digester   :   New match='mbeans-descriptors/mbean/operation'
2019-05-11 11:06:11.220 DEBUG 8956 --- [kground-preinit] o.apache.tomcat.util.digester.Digester   :   Fire begin() for ObjectCreateRule[className=org.apache.tomcat.util.modeler.OperationInfo, attributeName=null]
2019-05-11 11:06:11.220 DEBUG 8956 --- [kground-preinit] o.apache.tomcat.util.digester.Digester   : [ObjectCreateRule]{mbeans-descriptors/mbean/operation}New org.apache.tomcat.util.modeler.OperationInfo
2019-05-11 11:06:11.220 DEBUG 8956 --- [kground-preinit] o.apache.tomcat.util.digester.Digester   :   Fire begin() for SetPropertiesRule[]
2019-05-11 11:06:11.220 DEBUG 8956 --- [kground-preinit] o.apache.tomcat.util.digester.Digester   : [SetPropertiesRule]{mbeans-descriptors/mbean/operation} Set org.apache.tomcat.util.modeler.OperationInfo properties
2019-05-11 11:06:11.220 DEBUG 8956 --- [kground-preinit] o.apache.tomcat.util.digester.Digester   : [SetPropertiesRule]{mbeans-descriptors/mbean/operation} Setting property 'name' to 'createStandardContext'
2019-05-11 11:06:11.221 DEBUG 8956 --- [kground-preinit] o.apache.tomcat.util.IntrospectionUtils  : IntrospectionUtils: setProperty(class org.apache.tomcat.util.modeler.OperationInfo name=createStandardContext)
2019-05-11 11:06:11.221 DEBUG 8956 --- [kground-preinit] o.apache.tomcat.util.digester.Digester   : [SetPropertiesRule]{mbeans-descriptors/mbean/operation} Setting property 'description' to 'Create a new StandardContext'
2019-05-11 11:06:11.221 DEBUG 8956 --- [kground-preinit] o.apache.tomcat.util.IntrospectionUtils  : IntrospectionUtils: setProperty(class org.apache.tomcat.util.modeler.OperationInfo description=Create a new StandardContext)
2019-05-11 11:06:11.221 DEBUG 8956 --- [kground-preinit] o.apache.tomcat.util.digester.Digester   : [SetPropertiesRule]{mbeans-descriptors/mbean/operation} Setting property 'impact' to 'ACTION'
2019-05-11 11:06:11.221 DEBUG 8956 --- [kground-preinit] o.apache.tomcat.util.IntrospectionUtils  : IntrospectionUtils: setProperty(class org.apache.tomcat.util.modeler.OperationInfo impact=ACTION)
2019-05-11 11:06:11.221 DEBUG 8956 --- [kground-preinit] o.apache.tomcat.util.digester.Digester   : [SetPropertiesRule]{mbeans-descriptors/mbean/operation} Setting property 'returnType' to 'java.lang.String'
2019-05-11 11:06:11.222 DEBUG 8956 --- [kground-preinit] o.apache.tomcat.util.IntrospectionUtils  : IntrospectionUtils: setProperty(class org.apache.tomcat.util.modeler.OperationInfo returnType=java.lang.String)
2019-05-11 11:06:11.222 DEBUG 8956 --- [kground-preinit] o.apache.tomcat.util.digester.Digester   :   Fire begin() for SetNextRule[methodName=addOperation, paramType=org.apache.tomcat.util.modeler.OperationInfo]
2019-05-11 11:06:11.222 DEBUG 8956 --- [kground-preinit] o.a.tomcat.util.digester.Digester.sax    : characters(
      )
2019-05-11 11:06:11.222 DEBUG 8956 --- [kground-preinit] o.a.tomcat.util.digester.Digester.sax    : startElement(,,parameter)
2019-05-11 11:06:11.222 DEBUG 8956 --- [kground-preinit] o.apache.tomcat.util.digester.Digester   :   New match='mbeans-descriptors/mbean/operation/parameter'
2019-05-11 11:06:11.222 DEBUG 8956 --- [kground-preinit] o.apache.tomcat.util.digester.Digester   :   Fire begin() for ObjectCreateRule[className=org.apache.tomcat.util.modeler.ParameterInfo, attributeName=null]
2019-05-11 11:06:11.222 DEBUG 8956 --- [kground-preinit] o.apache.tomcat.util.digester.Digester   : [ObjectCreateRule]{mbeans-descriptors/mbean/operation/parameter}New org.apache.tomcat.util.modeler.ParameterInfo
2019-05-11 11:06:11.222 DEBUG 8956 --- [kground-preinit] o.apache.tomcat.util.digester.Digester   :   Fire begin() for SetPropertiesRule[]
2019-05-11 11:06:11.223 DEBUG 8956 --- [kground-preinit] o.apache.tomcat.util.digester.Digester   : [SetPropertiesRule]{mbeans-descriptors/mbean/operation/parameter} Set org.apache.tomcat.util.modeler.ParameterInfo properties
2019-05-11 11:06:11.223 DEBUG 8956 --- [kground-preinit] o.apache.tomcat.util.digester.Digester   : [SetPropertiesRule]{mbeans-descriptors/mbean/operation/parameter} Setting property 'name' to 'parent'
2019-05-11 11:06:11.223 DEBUG 8956 --- [kground-preinit] o.apache.tomcat.util.IntrospectionUtils  : IntrospectionUtils: setProperty(class org.apache.tomcat.util.modeler.ParameterInfo name=parent)
2019-05-11 11:06:11.223 DEBUG 8956 --- [kground-preinit] o.apache.tomcat.util.digester.Digester   : [SetPropertiesRule]{mbeans-descriptors/mbean/operation/parameter} Setting property 'description' to 'MBean Name of the associated parent component'
2019-05-11 11:06:11.223 DEBUG 8956 --- [kground-preinit] o.apache.tomcat.util.IntrospectionUtils  : IntrospectionUtils: setProperty(class org.apache.tomcat.util.modeler.ParameterInfo description=MBean Name of the associated parent component)
2019-05-11 11:06:11.223 DEBUG 8956 --- [kground-preinit] o.apache.tomcat.util.digester.Digester   : [SetPropertiesRule]{mbeans-descriptors/mbean/operation/parameter} Setting property 'type' to 'java.lang.String'
2019-05-11 11:06:11.224 DEBUG 8956 --- [kground-preinit] o.apache.tomcat.util.IntrospectionUtils  : IntrospectionUtils: setProperty(class org.apache.tomcat.util.modeler.ParameterInfo type=java.lang.String)
2019-05-11 11:06:11.225 DEBUG 8956 --- [kground-preinit] o.apache.tomcat.util.digester.Digester   :   Fire begin() for SetNextRule[methodName=addParameter, paramType=org.apache.tomcat.util.modeler.ParameterInfo]
2019-05-11 11:06:11.226 DEBUG 8956 --- [kground-preinit] o.a.tomcat.util.digester.Digester.sax    : endElement(,,parameter)
2019-05-11 11:06:11.226 DEBUG 8956 --- [kground-preinit] o.apache.tomcat.util.digester.Digester   :   match='mbeans-descriptors/mbean/operation/parameter'
2019-05-11 11:06:11.226 DEBUG 8956 --- [kground-preinit] o.apache.tomcat.util.digester.Digester   :   bodyText=''
2019-05-11 11:06:11.226 DEBUG 8956 --- [kground-preinit] o.apache.tomcat.util.digester.Digester   :   Fire body() for ObjectCreateRule[className=org.apache.tomcat.util.modeler.ParameterInfo, attributeName=null]
2019-05-11 11:06:11.226 DEBUG 8956 --- [kground-preinit] o.apache.tomcat.util.digester.Digester   :   Fire body() for SetPropertiesRule[]
2019-05-11 11:06:11.227 DEBUG 8956 --- [kground-preinit] o.apache.tomcat.util.digester.Digester   :   Fire body() for SetNextRule[methodName=addParameter, paramType=org.apache.tomcat.util.modeler.ParameterInfo]
2019-05-11 11:06:11.227 DEBUG 8956 --- [kground-preinit] o.apache.tomcat.util.digester.Digester   :   Fire end() for SetNextRule[methodName=addParameter, paramType=org.apache.tomcat.util.modeler.ParameterInfo]
2019-05-11 11:06:11.227 DEBUG 8956 --- [kground-preinit] o.apache.tomcat.util.digester.Digester   : [SetNextRule]{mbeans-descriptors/mbean/operation/parameter} Call org.apache.tomcat.util.modeler.OperationInfo.addParameter(org.apache.tomcat.util.modeler.ParameterInfo@203547e2)
2019-05-11 11:06:11.227 DEBUG 8956 --- [kground-preinit] o.apache.tomcat.util.IntrospectionUtils  : IntrospectionUtils: callMethod1 org.apache.tomcat.util.modeler.OperationInfo org.apache.tomcat.util.modeler.ParameterInfo org.apache.tomcat.util.modeler.ParameterInfo
2019-05-11 11:06:11.227 DEBUG 8956 --- [kground-preinit] o.apache.tomcat.util.digester.Digester   :   Fire end() for SetPropertiesRule[]
2019-05-11 11:06:11.227 DEBUG 8956 --- [kground-preinit] o.apache.tomcat.util.digester.Digester   :   Fire end() for ObjectCreateRule[className=org.apache.tomcat.util.modeler.ParameterInfo, attributeName=null]
2019-05-11 11:06:11.227 DEBUG 8956 --- [kground-preinit] o.apache.tomcat.util.digester.Digester   : [ObjectCreateRule]{mbeans-descriptors/mbean/operation/parameter} Pop org.apache.tomcat.util.modeler.ParameterInfo
2019-05-11 11:06:11.228 DEBUG 8956 --- [kground-preinit] o.a.tomcat.util.digester.Digester.sax    : characters(
      )
2019-05-11 11:06:11.228 DEBUG 8956 --- [kground-preinit] o.a.tomcat.util.digester.Digester.sax    : startElement(,,parameter)
2019-05-11 11:06:11.228 DEBUG 8956 --- [kground-preinit] o.apache.tomcat.util.digester.Digester   :   New match='mbeans-descriptors/mbean/operation/parameter'
2019-05-11 11:06:11.228 DEBUG 8956 --- [kground-preinit] o.apache.tomcat.util.digester.Digester   :   Fire begin() for ObjectCreateRule[className=org.apache.tomcat.util.modeler.ParameterInfo, attributeName=null]
2019-05-11 11:06:11.228 DEBUG 8956 --- [kground-preinit] o.apache.tomcat.util.digester.Digester   : [ObjectCreateRule]{mbeans-descriptors/mbean/operation/parameter}New org.apache.tomcat.util.modeler.ParameterInfo
2019-05-11 11:06:11.228 DEBUG 8956 --- [kground-preinit] o.apache.tomcat.util.digester.Digester   :   Fire begin() for SetPropertiesRule[]
2019-05-11 11:06:11.229 DEBUG 8956 --- [kground-preinit] o.apache.tomcat.util.digester.Digester   : [SetPropertiesRule]{mbeans-descriptors/mbean/operation/parameter} Set org.apache.tomcat.util.modeler.ParameterInfo properties
2019-05-11 11:06:11.229 DEBUG 8956 --- [kground-preinit] o.apache.tomcat.util.digester.Digester   : [SetPropertiesRule]{mbeans-descriptors/mbean/operation/parameter} Setting property 'name' to 'path'
2019-05-11 11:06:11.229 DEBUG 8956 --- [kground-preinit] o.apache.tomcat.util.IntrospectionUtils  : IntrospectionUtils: setProperty(class org.apache.tomcat.util.modeler.ParameterInfo name=path)
2019-05-11 11:06:11.229 DEBUG 8956 --- [kground-preinit] o.apache.tomcat.util.digester.Digester   : [SetPropertiesRule]{mbeans-descriptors/mbean/operation/parameter} Setting property 'description' to 'The context path for this Context'
2019-05-11 11:06:11.229 DEBUG 8956 --- [kground-preinit] o.apache.tomcat.util.IntrospectionUtils  : IntrospectionUtils: setProperty(class org.apache.tomcat.util.modeler.ParameterInfo description=The context path for this Context)
2019-05-11 11:06:11.229 DEBUG 8956 --- [kground-preinit] o.apache.tomcat.util.digester.Digester   : [SetPropertiesRule]{mbeans-descriptors/mbean/operation/parameter} Setting property 'type' to 'java.lang.String'
2019-05-11 11:06:11.230 DEBUG 8956 --- [kground-preinit] o.apache.tomcat.util.IntrospectionUtils  : IntrospectionUtils: setProperty(class org.apache.tomcat.util.modeler.ParameterInfo type=java.lang.String)
2019-05-11 11:06:11.230 DEBUG 8956 --- [kground-preinit] o.apache.tomcat.util.digester.Digester   :   Fire begin() for SetNextRule[methodName=addParameter, paramType=org.apache.tomcat.util.modeler.ParameterInfo]
2019-05-11 11:06:11.230 DEBUG 8956 --- [kground-preinit] o.a.tomcat.util.digester.Digester.sax    : endElement(,,parameter)
2019-05-11 11:06:11.230 DEBUG 8956 --- [kground-preinit] o.apache.tomcat.util.digester.Digester   :   match='mbeans-descriptors/mbean/operation/parameter'
2019-05-11 11:06:11.230 DEBUG 8956 --- [kground-preinit] o.apache.tomcat.util.digester.Digester   :   bodyText=''
2019-05-11 11:06:11.232 DEBUG 8956 --- [kground-preinit] o.apache.tomcat.util.digester.Digester   :   Fire body() for ObjectCreateRule[className=org.apache.tomcat.util.modeler.ParameterInfo, attributeName=null]
2019-05-11 11:06:11.233 DEBUG 8956 --- [kground-preinit] o.apache.tomcat.util.digester.Digester   :   Fire body() for SetPropertiesRule[]
2019-05-11 11:06:11.234 DEBUG 8956 --- [kground-preinit] o.apache.tomcat.util.digester.Digester   :   Fire body() for SetNextRule[methodName=addParameter, paramType=org.apache.tomcat.util.modeler.ParameterInfo]
2019-05-11 11:06:11.234 DEBUG 8956 --- [kground-preinit] o.apache.tomcat.util.digester.Digester   :   Fire end() for SetNextRule[methodName=addParameter, paramType=org.apache.tomcat.util.modeler.ParameterInfo]
2019-05-11 11:06:11.234 DEBUG 8956 --- [kground-preinit] o.apache.tomcat.util.digester.Digester   : [SetNextRule]{mbeans-descriptors/mbean/operation/parameter} Call org.apache.tomcat.util.modeler.OperationInfo.addParameter(org.apache.tomcat.util.modeler.ParameterInfo@18083bd1)
2019-05-11 11:06:11.235 DEBUG 8956 --- [kground-preinit] o.apache.tomcat.util.IntrospectionUtils  : IntrospectionUtils: callMethod1 org.apache.tomcat.util.modeler.OperationInfo org.apache.tomcat.util.modeler.ParameterInfo org.apache.tomcat.util.modeler.ParameterInfo
2019-05-11 11:06:11.235 DEBUG 8956 --- [kground-preinit] o.apache.tomcat.util.digester.Digester   :   Fire end() for SetPropertiesRule[]
2019-05-11 11:06:11.235 DEBUG 8956 --- [kground-preinit] o.apache.tomcat.util.digester.Digester   :   Fire end() for ObjectCreateRule[className=org.apache.tomcat.util.modeler.ParameterInfo, attributeName=null]
2019-05-11 11:06:11.235 DEBUG 8956 --- [kground-preinit] o.apache.tomcat.util.digester.Digester   : [ObjectCreateRule]{mbeans-descriptors/mbean/operation/parameter} Pop org.apache.tomcat.util.modeler.ParameterInfo
2019-05-11 11:06:11.235 DEBUG 8956 --- [kground-preinit] o.a.tomcat.util.digester.Digester.sax    : characters(
      )
2019-05-11 11:06:11.236 DEBUG 8956 --- [kground-preinit] o.a.tomcat.util.digester.Digester.sax    : startElement(,,parameter)
2019-05-11 11:06:11.236 DEBUG 8956 --- [kground-preinit] o.apache.tomcat.util.digester.Digester   :   New match='mbeans-descriptors/mbean/operation/parameter'
2019-05-11 11:06:11.236 DEBUG 8956 --- [kground-preinit] o.apache.tomcat.util.digester.Digester   :   Fire begin() for ObjectCreateRule[className=org.apache.tomcat.util.modeler.ParameterInfo, attributeName=null]
2019-05-11 11:06:11.236 DEBUG 8956 --- [kground-preinit] o.apache.tomcat.util.digester.Digester   : [ObjectCreateRule]{mbeans-descriptors/mbean/operation/parameter}New org.apache.tomcat.util.modeler.ParameterInfo
2019-05-11 11:06:11.237 DEBUG 8956 --- [kground-preinit] o.apache.tomcat.util.digester.Digester   :   Fire begin() for SetPropertiesRule[]
2019-05-11 11:06:11.237 DEBUG 8956 --- [kground-preinit] o.apache.tomcat.util.digester.Digester   : [SetPropertiesRule]{mbeans-descriptors/mbean/operation/parameter} Set org.apache.tomcat.util.modeler.ParameterInfo properties
2019-05-11 11:06:11.237 DEBUG 8956 --- [kground-preinit] o.apache.tomcat.util.digester.Digester   : [SetPropertiesRule]{mbeans-descriptors/mbean/operation/parameter} Setting property 'name' to 'docBase'
2019-05-11 11:06:11.237 DEBUG 8956 --- [kground-preinit] o.apache.tomcat.util.IntrospectionUtils  : IntrospectionUtils: setProperty(class org.apache.tomcat.util.modeler.ParameterInfo name=docBase)
2019-05-11 11:06:11.237 DEBUG 8956 --- [kground-preinit] o.apache.tomcat.util.digester.Digester   : [SetPropertiesRule]{mbeans-descriptors/mbean/operation/parameter} Setting property 'description' to 'Document base directory (or WAR) for this Context'
2019-05-11 11:06:11.238 DEBUG 8956 --- [kground-preinit] o.apache.tomcat.util.IntrospectionUtils  : IntrospectionUtils: setProperty(class org.apache.tomcat.util.modeler.ParameterInfo description=Document base directory (or WAR) for this Context)
2019-05-11 11:06:11.238 DEBUG 8956 --- [kground-preinit] o.apache.tomcat.util.digester.Digester   : [SetPropertiesRule]{mbeans-descriptors/mbean/operation/parameter} Setting property 'type' to 'java.lang.String'
2019-05-11 11:06:11.238 DEBUG 8956 --- [kground-preinit] o.apache.tomcat.util.IntrospectionUtils  : IntrospectionUtils: setProperty(class org.apache.tomcat.util.modeler.ParameterInfo type=java.lang.String)
2019-05-11 11:06:11.238 DEBUG 8956 --- [kground-preinit] o.apache.tomcat.util.digester.Digester   :   Fire begin() for SetNextRule[methodName=addParameter, paramType=org.apache.tomcat.util.modeler.ParameterInfo]
2019-05-11 11:06:11.238 DEBUG 8956 --- [kground-preinit] o.a.tomcat.util.digester.Digester.sax    : endElement(,,parameter)
2019-05-11 11:06:11.239 DEBUG 8956 --- [kground-preinit] o.apache.tomcat.util.digester.Digester   :   match='mbeans-descriptors/mbean/operation/parameter'
2019-05-11 11:06:11.239 DEBUG 8956 --- [kground-preinit] o.apache.tomcat.util.digester.Digester   :   bodyText=''
2019-05-11 11:06:11.239 DEBUG 8956 --- [kground-preinit] o.apache.tomcat.util.digester.Digester   :   Fire body() for ObjectCreateRule[className=org.apache.tomcat.util.modeler.ParameterInfo, attributeName=null]
2019-05-11 11:06:11.239 DEBUG 8956 --- [kground-preinit] o.apache.tomcat.util.digester.Digester   :   Fire body() for SetPropertiesRule[]
2019-05-11 11:06:11.239 DEBUG 8956 --- [kground-preinit] o.apache.tomcat.util.digester.Digester   :   Fire body() for SetNextRule[methodName=addParameter, paramType=org.apache.tomcat.util.modeler.ParameterInfo]
2019-05-11 11:06:11.239 DEBUG 8956 --- [kground-preinit] o.apache.tomcat.util.digester.Digester   :   Fire end() for SetNextRule[methodName=addParameter, paramType=org.apache.tomcat.util.modeler.ParameterInfo]
2019-05-11 11:06:11.240 DEBUG 8956 --- [kground-preinit] o.apache.tomcat.util.digester.Digester   : [SetNextRule]{mbeans-descriptors/mbean/operation/parameter} Call org.apache.tomcat.util.modeler.OperationInfo.addParameter(org.apache.tomcat.util.modeler.ParameterInfo@265ff898)
2019-05-11 11:06:11.240 DEBUG 8956 --- [kground-preinit] o.apache.tomcat.util.IntrospectionUtils  : IntrospectionUtils: callMethod1 org.apache.tomcat.util.modeler.OperationInfo org.apache.tomcat.util.modeler.ParameterInfo org.apache.tomcat.util.modeler.ParameterInfo
2019-05-11 11:06:11.240 DEBUG 8956 --- [kground-preinit] o.apache.tomcat.util.digester.Digester   :   Fire end() for SetPropertiesRule[]
2019-05-11 11:06:11.240 DEBUG 8956 --- [kground-preinit] o.apache.tomcat.util.digester.Digester   :   Fire end() for ObjectCreateRule[className=org.apache.tomcat.util.modeler.ParameterInfo, attributeName=null]
2019-05-11 11:06:11.240 DEBUG 8956 --- [kground-preinit] o.apache.tomcat.util.digester.Digester   : [ObjectCreateRule]{mbeans-descriptors/mbean/operation/parameter} Pop org.apache.tomcat.util.modeler.ParameterInfo
2019-05-11 11:06:11.240 DEBUG 8956 --- [kground-preinit] o.a.tomcat.util.digester.Digester.sax    : characters(
    )
2019-05-11 11:06:11.240 DEBUG 8956 --- [kground-preinit] o.a.tomcat.util.digester.Digester.sax    : endElement(,,operation)
2019-05-11 11:06:11.240 DEBUG 8956 --- [kground-preinit] o.apache.tomcat.util.digester.Digester   :   match='mbeans-descriptors/mbean/operation'
2019-05-11 11:06:11.240 DEBUG 8956 --- [kground-preinit] o.apache.tomcat.util.digester.Digester   :   bodyText='
      
      
      
    '
2019-05-11 11:06:11.240 DEBUG 8956 --- [kground-preinit] o.apache.tomcat.util.digester.Digester   :   Fire body() for ObjectCreateRule[className=org.apache.tomcat.util.modeler.OperationInfo, attributeName=null]
2019-05-11 11:06:11.240 DEBUG 8956 --- [kground-preinit] o.apache.tomcat.util.digester.Digester   :   Fire body() for SetPropertiesRule[]
2019-05-11 11:06:11.240 DEBUG 8956 --- [kground-preinit] o.apache.tomcat.util.digester.Digester   :   Fire body() for SetNextRule[methodName=addOperation, paramType=org.apache.tomcat.util.modeler.OperationInfo]
2019-05-11 11:06:11.240 DEBUG 8956 --- [kground-preinit] o.apache.tomcat.util.digester.Digester   :   Fire end() for SetNextRule[methodName=addOperation, paramType=org.apache.tomcat.util.modeler.OperationInfo]
2019-05-11 11:06:11.241 DEBUG 8956 --- [kground-preinit] o.apache.tomcat.util.digester.Digester   : [SetNextRule]{mbeans-descriptors/mbean/operation} Call org.apache.tomcat.util.modeler.ManagedBean.addOperation(org.apache.tomcat.util.modeler.OperationInfo@3b02e76c)
2019-05-11 11:06:11.241 DEBUG 8956 --- [kground-preinit] o.apache.tomcat.util.IntrospectionUtils  : IntrospectionUtils: callMethod1 org.apache.tomcat.util.modeler.ManagedBean org.apache.tomcat.util.modeler.OperationInfo org.apache.tomcat.util.modeler.OperationInfo
2019-05-11 11:06:11.241 DEBUG 8956 --- [kground-preinit] o.apache.tomcat.util.digester.Digester   :   Fire end() for SetPropertiesRule[]
2019-05-11 11:06:11.241 DEBUG 8956 --- [kground-preinit] o.apache.tomcat.util.digester.Digester   :   Fire end() for ObjectCreateRule[className=org.apache.tomcat.util.modeler.OperationInfo, attributeName=null]
2019-05-11 11:06:11.241 DEBUG 8956 --- [kground-preinit] o.apache.tomcat.util.digester.Digester   : [ObjectCreateRule]{mbeans-descriptors/mbean/operation} Pop org.apache.tomcat.util.modeler.OperationInfo
2019-05-11 11:06:11.241 DEBUG 8956 --- [kground-preinit] o.a.tomcat.util.digester.Digester.sax    : characters(

    )
2019-05-11 11:06:11.241 DEBUG 8956 --- [kground-preinit] o.a.tomcat.util.digester.Digester.sax    : startElement(,,operation)
2019-05-11 11:06:11.241 DEBUG 8956 --- [kground-preinit] o.apache.tomcat.util.digester.Digester   :   New match='mbeans-descriptors/mbean/operation'
2019-05-11 11:06:11.241 DEBUG 8956 --- [kground-preinit] o.apache.tomcat.util.digester.Digester   :   Fire begin() for ObjectCreateRule[className=org.apache.tomcat.util.modeler.OperationInfo, attributeName=null]
2019-05-11 11:06:11.241 DEBUG 8956 --- [kground-preinit] o.apache.tomcat.util.digester.Digester   : [ObjectCreateRule]{mbeans-descriptors/mbean/operation}New org.apache.tomcat.util.modeler.OperationInfo
2019-05-11 11:06:11.242 DEBUG 8956 --- [kground-preinit] o.apache.tomcat.util.digester.Digester   :   Fire begin() for SetPropertiesRule[]
2019-05-11 11:06:11.242 DEBUG 8956 --- [kground-preinit] o.apache.tomcat.util.digester.Digester   : [SetPropertiesRule]{mbeans-descriptors/mbean/operation} Set org.apache.tomcat.util.modeler.OperationInfo properties
2019-05-11 11:06:11.242 DEBUG 8956 --- [kground-preinit] o.apache.tomcat.util.digester.Digester   : [SetPropertiesRule]{mbeans-descriptors/mbean/operation} Setting property 'name' to 'createStandardServiceEngine'
2019-05-11 11:06:11.242 DEBUG 8956 --- [kground-preinit] o.apache.tomcat.util.IntrospectionUtils  : IntrospectionUtils: setProperty(class org.apache.tomcat.util.modeler.OperationInfo name=createStandardServiceEngine)
2019-05-11 11:06:11.242 DEBUG 8956 --- [kground-preinit] o.apache.tomcat.util.digester.Digester   : [SetPropertiesRule]{mbeans-descriptors/mbean/operation} Setting property 'description' to 'Create a new StandardService and StandardEngine'
2019-05-11 11:06:11.242 DEBUG 8956 --- [kground-preinit] o.apache.tomcat.util.IntrospectionUtils  : IntrospectionUtils: setProperty(class org.apache.tomcat.util.modeler.OperationInfo description=Create a new StandardService and StandardEngine)
2019-05-11 11:06:11.243 DEBUG 8956 --- [kground-preinit] o.apache.tomcat.util.digester.Digester   : [SetPropertiesRule]{mbeans-descriptors/mbean/operation} Setting property 'impact' to 'ACTION'
2019-05-11 11:06:11.243 DEBUG 8956 --- [kground-preinit] o.apache.tomcat.util.IntrospectionUtils  : IntrospectionUtils: setProperty(class org.apache.tomcat.util.modeler.OperationInfo impact=ACTION)
2019-05-11 11:06:11.243 DEBUG 8956 --- [kground-preinit] o.apache.tomcat.util.digester.Digester   : [SetPropertiesRule]{mbeans-descriptors/mbean/operation} Setting property 'returnType' to 'java.lang.String'
2019-05-11 11:06:11.243 DEBUG 8956 --- [kground-preinit] o.apache.tomcat.util.IntrospectionUtils  : IntrospectionUtils: setProperty(class org.apache.tomcat.util.modeler.OperationInfo returnType=java.lang.String)
2019-05-11 11:06:11.243 DEBUG 8956 --- [kground-preinit] o.apache.tomcat.util.digester.Digester   :   Fire begin() for SetNextRule[methodName=addOperation, paramType=org.apache.tomcat.util.modeler.OperationInfo]
2019-05-11 11:06:11.243 DEBUG 8956 --- [kground-preinit] o.a.tomcat.util.digester.Digester.sax    : characters(
      )
2019-05-11 11:06:11.243 DEBUG 8956 --- [kground-preinit] o.a.tomcat.util.digester.Digester.sax    : startElement(,,parameter)
2019-05-11 11:06:11.244 DEBUG 8956 --- [kground-preinit] o.apache.tomcat.util.digester.Digester   :   New match='mbeans-descriptors/mbean/operation/parameter'
2019-05-11 11:06:11.244 DEBUG 8956 --- [kground-preinit] o.apache.tomcat.util.digester.Digester   :   Fire begin() for ObjectCreateRule[className=org.apache.tomcat.util.modeler.ParameterInfo, attributeName=null]
2019-05-11 11:06:11.244 DEBUG 8956 --- [kground-preinit] o.apache.tomcat.util.digester.Digester   : [ObjectCreateRule]{mbeans-descriptors/mbean/operation/parameter}New org.apache.tomcat.util.modeler.ParameterInfo
2019-05-11 11:06:11.244 DEBUG 8956 --- [kground-preinit] o.apache.tomcat.util.digester.Digester   :   Fire begin() for SetPropertiesRule[]
2019-05-11 11:06:11.244 DEBUG 8956 --- [kground-preinit] o.apache.tomcat.util.digester.Digester   : [SetPropertiesRule]{mbeans-descriptors/mbean/operation/parameter} Set org.apache.tomcat.util.modeler.ParameterInfo properties
2019-05-11 11:06:11.244 DEBUG 8956 --- [kground-preinit] o.apache.tomcat.util.digester.Digester   : [SetPropertiesRule]{mbeans-descriptors/mbean/operation/parameter} Setting property 'name' to 'domain'
2019-05-11 11:06:11.244 DEBUG 8956 --- [kground-preinit] o.apache.tomcat.util.IntrospectionUtils  : IntrospectionUtils: setProperty(class org.apache.tomcat.util.modeler.ParameterInfo name=domain)
2019-05-11 11:06:11.244 DEBUG 8956 --- [kground-preinit] o.apache.tomcat.util.digester.Digester   : [SetPropertiesRule]{mbeans-descriptors/mbean/operation/parameter} Setting property 'description' to 'Domain used for MBeans associated with the new Service'
2019-05-11 11:06:11.244 DEBUG 8956 --- [kground-preinit] o.apache.tomcat.util.IntrospectionUtils  : IntrospectionUtils: setProperty(class org.apache.tomcat.util.modeler.ParameterInfo description=Domain used for MBeans associated with the new Service)
2019-05-11 11:06:11.244 DEBUG 8956 --- [kground-preinit] o.apache.tomcat.util.digester.Digester   : [SetPropertiesRule]{mbeans-descriptors/mbean/operation/parameter} Setting property 'type' to 'java.lang.String'
2019-05-11 11:06:11.244 DEBUG 8956 --- [kground-preinit] o.apache.tomcat.util.IntrospectionUtils  : IntrospectionUtils: setProperty(class org.apache.tomcat.util.modeler.ParameterInfo type=java.lang.String)
2019-05-11 11:06:11.244 DEBUG 8956 --- [kground-preinit] o.apache.tomcat.util.digester.Digester   :   Fire begin() for SetNextRule[methodName=addParameter, paramType=org.apache.tomcat.util.modeler.ParameterInfo]
2019-05-11 11:06:11.245 DEBUG 8956 --- [kground-preinit] o.a.tomcat.util.digester.Digester.sax    : endElement(,,parameter)
2019-05-11 11:06:11.245 DEBUG 8956 --- [kground-preinit] o.apache.tomcat.util.digester.Digester   :   match='mbeans-descriptors/mbean/operation/parameter'
2019-05-11 11:06:11.245 DEBUG 8956 --- [kground-preinit] o.apache.tomcat.util.digester.Digester   :   bodyText=''
2019-05-11 11:06:11.245 DEBUG 8956 --- [kground-preinit] o.apache.tomcat.util.digester.Digester   :   Fire body() for ObjectCreateRule[className=org.apache.tomcat.util.modeler.ParameterInfo, attributeName=null]
2019-05-11 11:06:11.245 DEBUG 8956 --- [kground-preinit] o.apache.tomcat.util.digester.Digester   :   Fire body() for SetPropertiesRule[]
2019-05-11 11:06:11.245 DEBUG 8956 --- [kground-preinit] o.apache.tomcat.util.digester.Digester   :   Fire body() for SetNextRule[methodName=addParameter, paramType=org.apache.tomcat.util.modeler.ParameterInfo]
2019-05-11 11:06:11.246 DEBUG 8956 --- [kground-preinit] o.apache.tomcat.util.digester.Digester   :   Fire end() for SetNextRule[methodName=addParameter, paramType=org.apache.tomcat.util.modeler.ParameterInfo]
2019-05-11 11:06:11.246 DEBUG 8956 --- [kground-preinit] o.apache.tomcat.util.digester.Digester   : [SetNextRule]{mbeans-descriptors/mbean/operation/parameter} Call org.apache.tomcat.util.modeler.OperationInfo.addParameter(org.apache.tomcat.util.modeler.ParameterInfo@3182bdb9)
2019-05-11 11:06:11.246 DEBUG 8956 --- [kground-preinit] o.apache.tomcat.util.IntrospectionUtils  : IntrospectionUtils: callMethod1 org.apache.tomcat.util.modeler.OperationInfo org.apache.tomcat.util.modeler.ParameterInfo org.apache.tomcat.util.modeler.ParameterInfo
2019-05-11 11:06:11.246 DEBUG 8956 --- [kground-preinit] o.apache.tomcat.util.digester.Digester   :   Fire end() for SetPropertiesRule[]
2019-05-11 11:06:11.246 DEBUG 8956 --- [kground-preinit] o.apache.tomcat.util.digester.Digester   :   Fire end() for ObjectCreateRule[className=org.apache.tomcat.util.modeler.ParameterInfo, attributeName=null]
2019-05-11 11:06:11.247 DEBUG 8956 --- [kground-preinit] o.apache.tomcat.util.digester.Digester   : [ObjectCreateRule]{mbeans-descriptors/mbean/operation/parameter} Pop org.apache.tomcat.util.modeler.ParameterInfo
2019-05-11 11:06:11.247 DEBUG 8956 --- [kground-preinit] o.a.tomcat.util.digester.Digester.sax    : characters(
      )
2019-05-11 11:06:11.247 DEBUG 8956 --- [kground-preinit] o.a.tomcat.util.digester.Digester.sax    : startElement(,,parameter)
2019-05-11 11:06:11.247 DEBUG 8956 --- [kground-preinit] o.apache.tomcat.util.digester.Digester   :   New match='mbeans-descriptors/mbean/operation/parameter'
2019-05-11 11:06:11.247 DEBUG 8956 --- [kground-preinit] o.apache.tomcat.util.digester.Digester   :   Fire begin() for ObjectCreateRule[className=org.apache.tomcat.util.modeler.ParameterInfo, attributeName=null]
2019-05-11 11:06:11.247 DEBUG 8956 --- [kground-preinit] o.apache.tomcat.util.digester.Digester   : [ObjectCreateRule]{mbeans-descriptors/mbean/operation/parameter}New org.apache.tomcat.util.modeler.ParameterInfo
2019-05-11 11:06:11.247 DEBUG 8956 --- [kground-preinit] o.apache.tomcat.util.digester.Digester   :   Fire begin() for SetPropertiesRule[]
2019-05-11 11:06:11.247 DEBUG 8956 --- [kground-preinit] o.apache.tomcat.util.digester.Digester   : [SetPropertiesRule]{mbeans-descriptors/mbean/operation/parameter} Set org.apache.tomcat.util.modeler.ParameterInfo properties
2019-05-11 11:06:11.247 DEBUG 8956 --- [kground-preinit] o.apache.tomcat.util.digester.Digester   : [SetPropertiesRule]{mbeans-descriptors/mbean/operation/parameter} Setting property 'name' to 'defaultHost'
2019-05-11 11:06:11.249 DEBUG 8956 --- [kground-preinit] o.apache.tomcat.util.IntrospectionUtils  : IntrospectionUtils: setProperty(class org.apache.tomcat.util.modeler.ParameterInfo name=defaultHost)
2019-05-11 11:06:11.250 DEBUG 8956 --- [kground-preinit] o.apache.tomcat.util.digester.Digester   : [SetPropertiesRule]{mbeans-descriptors/mbean/operation/parameter} Setting property 'description' to 'Default host name for the new Engine'
2019-05-11 11:06:11.250 DEBUG 8956 --- [kground-preinit] o.apache.tomcat.util.IntrospectionUtils  : IntrospectionUtils: setProperty(class org.apache.tomcat.util.modeler.ParameterInfo description=Default host name for the new Engine)
2019-05-11 11:06:11.251 DEBUG 8956 --- [kground-preinit] o.apache.tomcat.util.digester.Digester   : [SetPropertiesRule]{mbeans-descriptors/mbean/operation/parameter} Setting property 'type' to 'java.lang.String'
2019-05-11 11:06:11.251 DEBUG 8956 --- [kground-preinit] o.apache.tomcat.util.IntrospectionUtils  : IntrospectionUtils: setProperty(class org.apache.tomcat.util.modeler.ParameterInfo type=java.lang.String)
2019-05-11 11:06:11.251 DEBUG 8956 --- [kground-preinit] o.apache.tomcat.util.digester.Digester   :   Fire begin() for SetNextRule[methodName=addParameter, paramType=org.apache.tomcat.util.modeler.ParameterInfo]
2019-05-11 11:06:11.251 DEBUG 8956 --- [kground-preinit] o.a.tomcat.util.digester.Digester.sax    : endElement(,,parameter)
2019-05-11 11:06:11.251 DEBUG 8956 --- [kground-preinit] o.apache.tomcat.util.digester.Digester   :   match='mbeans-descriptors/mbean/operation/parameter'
2019-05-11 11:06:11.251 DEBUG 8956 --- [kground-preinit] o.apache.tomcat.util.digester.Digester   :   bodyText=''
2019-05-11 11:06:11.251 DEBUG 8956 --- [kground-preinit] o.apache.tomcat.util.digester.Digester   :   Fire body() for ObjectCreateRule[className=org.apache.tomcat.util.modeler.ParameterInfo, attributeName=null]
2019-05-11 11:06:11.251 DEBUG 8956 --- [kground-preinit] o.apache.tomcat.util.digester.Digester   :   Fire body() for SetPropertiesRule[]
2019-05-11 11:06:11.251 DEBUG 8956 --- [kground-preinit] o.apache.tomcat.util.digester.Digester   :   Fire body() for SetNextRule[methodName=addParameter, paramType=org.apache.tomcat.util.modeler.ParameterInfo]
2019-05-11 11:06:11.251 DEBUG 8956 --- [kground-preinit] o.apache.tomcat.util.digester.Digester   :   Fire end() for SetNextRule[methodName=addParameter, paramType=org.apache.tomcat.util.modeler.ParameterInfo]
2019-05-11 11:06:11.251 DEBUG 8956 --- [kground-preinit] o.apache.tomcat.util.digester.Digester   : [SetNextRule]{mbeans-descriptors/mbean/operation/parameter} Call org.apache.tomcat.util.modeler.OperationInfo.addParameter(org.apache.tomcat.util.modeler.ParameterInfo@688dceeb)
2019-05-11 11:06:11.251 DEBUG 8956 --- [kground-preinit] o.apache.tomcat.util.IntrospectionUtils  : IntrospectionUtils: callMethod1 org.apache.tomcat.util.modeler.OperationInfo org.apache.tomcat.util.modeler.ParameterInfo org.apache.tomcat.util.modeler.ParameterInfo
2019-05-11 11:06:11.252 DEBUG 8956 --- [kground-preinit] o.apache.tomcat.util.digester.Digester   :   Fire end() for SetPropertiesRule[]
2019-05-11 11:06:11.252 DEBUG 8956 --- [kground-preinit] o.apache.tomcat.util.digester.Digester   :   Fire end() for ObjectCreateRule[className=org.apache.tomcat.util.modeler.ParameterInfo, attributeName=null]
2019-05-11 11:06:11.252 DEBUG 8956 --- [kground-preinit] o.apache.tomcat.util.digester.Digester   : [ObjectCreateRule]{mbeans-descriptors/mbean/operation/parameter} Pop org.apache.tomcat.util.modeler.ParameterInfo
2019-05-11 11:06:11.252 DEBUG 8956 --- [kground-preinit] o.a.tomcat.util.digester.Digester.sax    : characters(
      )
2019-05-11 11:06:11.252 DEBUG 8956 --- [kground-preinit] o.a.tomcat.util.digester.Digester.sax    : startElement(,,parameter)
2019-05-11 11:06:11.253 DEBUG 8956 --- [kground-preinit] o.apache.tomcat.util.digester.Digester   :   New match='mbeans-descriptors/mbean/operation/parameter'
2019-05-11 11:06:11.253 DEBUG 8956 --- [kground-preinit] o.apache.tomcat.util.digester.Digester   :   Fire begin() for ObjectCreateRule[className=org.apache.tomcat.util.modeler.ParameterInfo, attributeName=null]
2019-05-11 11:06:11.253 DEBUG 8956 --- [kground-preinit] o.apache.tomcat.util.digester.Digester   : [ObjectCreateRule]{mbeans-descriptors/mbean/operation/parameter}New org.apache.tomcat.util.modeler.ParameterInfo
2019-05-11 11:06:11.253 DEBUG 8956 --- [kground-preinit] o.apache.tomcat.util.digester.Digester   :   Fire begin() for SetPropertiesRule[]
2019-05-11 11:06:11.253 DEBUG 8956 --- [kground-preinit] o.apache.tomcat.util.digester.Digester   : [SetPropertiesRule]{mbeans-descriptors/mbean/operation/parameter} Set org.apache.tomcat.util.modeler.ParameterInfo properties
2019-05-11 11:06:11.253 DEBUG 8956 --- [kground-preinit] o.apache.tomcat.util.digester.Digester   : [SetPropertiesRule]{mbeans-descriptors/mbean/operation/parameter} Setting property 'name' to 'baseDir'
2019-05-11 11:06:11.254 DEBUG 8956 --- [kground-preinit] o.apache.tomcat.util.IntrospectionUtils  : IntrospectionUtils: setProperty(class org.apache.tomcat.util.modeler.ParameterInfo name=baseDir)
2019-05-11 11:06:11.254 DEBUG 8956 --- [kground-preinit] o.apache.tomcat.util.digester.Digester   : [SetPropertiesRule]{mbeans-descriptors/mbean/operation/parameter} Setting property 'description' to 'Base directory value for the new Engine'
2019-05-11 11:06:11.254 DEBUG 8956 --- [kground-preinit] o.apache.tomcat.util.IntrospectionUtils  : IntrospectionUtils: setProperty(class org.apache.tomcat.util.modeler.ParameterInfo description=Base directory value for the new Engine)
2019-05-11 11:06:11.254 DEBUG 8956 --- [kground-preinit] o.apache.tomcat.util.digester.Digester   : [SetPropertiesRule]{mbeans-descriptors/mbean/operation/parameter} Setting property 'type' to 'java.lang.String'
2019-05-11 11:06:11.254 DEBUG 8956 --- [kground-preinit] o.apache.tomcat.util.IntrospectionUtils  : IntrospectionUtils: setProperty(class org.apache.tomcat.util.modeler.ParameterInfo type=java.lang.String)
2019-05-11 11:06:11.254 DEBUG 8956 --- [kground-preinit] o.apache.tomcat.util.digester.Digester   :   Fire begin() for SetNextRule[methodName=addParameter, paramType=org.apache.tomcat.util.modeler.ParameterInfo]
2019-05-11 11:06:11.254 DEBUG 8956 --- [kground-preinit] o.a.tomcat.util.digester.Digester.sax    : endElement(,,parameter)
2019-05-11 11:06:11.254 DEBUG 8956 --- [kground-preinit] o.apache.tomcat.util.digester.Digester   :   match='mbeans-descriptors/mbean/operation/parameter'
2019-05-11 11:06:11.255 DEBUG 8956 --- [kground-preinit] o.apache.tomcat.util.digester.Digester   :   bodyText=''
2019-05-11 11:06:11.255 DEBUG 8956 --- [kground-preinit] o.apache.tomcat.util.digester.Digester   :   Fire body() for ObjectCreateRule[className=org.apache.tomcat.util.modeler.ParameterInfo, attributeName=null]
2019-05-11 11:06:11.255 DEBUG 8956 --- [kground-preinit] o.apache.tomcat.util.digester.Digester   :   Fire body() for SetPropertiesRule[]
2019-05-11 11:06:11.255 DEBUG 8956 --- [kground-preinit] o.apache.tomcat.util.digester.Digester   :   Fire body() for SetNextRule[methodName=addParameter, paramType=org.apache.tomcat.util.modeler.ParameterInfo]
2019-05-11 11:06:11.255 DEBUG 8956 --- [kground-preinit] o.apache.tomcat.util.digester.Digester   :   Fire end() for SetNextRule[methodName=addParameter, paramType=org.apache.tomcat.util.modeler.ParameterInfo]
2019-05-11 11:06:11.255 DEBUG 8956 --- [kground-preinit] o.apache.tomcat.util.digester.Digester   : [SetNextRule]{mbeans-descriptors/mbean/operation/parameter} Call org.apache.tomcat.util.modeler.OperationInfo.addParameter(org.apache.tomcat.util.modeler.ParameterInfo@314f605a)
2019-05-11 11:06:11.255 DEBUG 8956 --- [kground-preinit] o.apache.tomcat.util.IntrospectionUtils  : IntrospectionUtils: callMethod1 org.apache.tomcat.util.modeler.OperationInfo org.apache.tomcat.util.modeler.ParameterInfo org.apache.tomcat.util.modeler.ParameterInfo
2019-05-11 11:06:11.255 DEBUG 8956 --- [kground-preinit] o.apache.tomcat.util.digester.Digester   :   Fire end() for SetPropertiesRule[]
2019-05-11 11:06:11.255 DEBUG 8956 --- [kground-preinit] o.apache.tomcat.util.digester.Digester   :   Fire end() for ObjectCreateRule[className=org.apache.tomcat.util.modeler.ParameterInfo, attributeName=null]
2019-05-11 11:06:11.255 DEBUG 8956 --- [kground-preinit] o.apache.tomcat.util.digester.Digester   : [ObjectCreateRule]{mbeans-descriptors/mbean/operation/parameter} Pop org.apache.tomcat.util.modeler.ParameterInfo
2019-05-11 11:06:11.255 DEBUG 8956 --- [kground-preinit] o.a.tomcat.util.digester.Digester.sax    : characters(
    )
2019-05-11 11:06:11.255 DEBUG 8956 --- [kground-preinit] o.a.tomcat.util.digester.Digester.sax    : endElement(,,operation)
2019-05-11 11:06:11.256 DEBUG 8956 --- [kground-preinit] o.apache.tomcat.util.digester.Digester   :   match='mbeans-descriptors/mbean/operation'
2019-05-11 11:06:11.256 DEBUG 8956 --- [kground-preinit] o.apache.tomcat.util.digester.Digester   :   bodyText='
      
      
      
    '
2019-05-11 11:06:11.256 DEBUG 8956 --- [kground-preinit] o.apache.tomcat.util.digester.Digester   :   Fire body() for ObjectCreateRule[className=org.apache.tomcat.util.modeler.OperationInfo, attributeName=null]
2019-05-11 11:06:11.256 DEBUG 8956 --- [kground-preinit] o.apache.tomcat.util.digester.Digester   :   Fire body() for SetPropertiesRule[]
2019-05-11 11:06:11.256 DEBUG 8956 --- [kground-preinit] o.apache.tomcat.util.digester.Digester   :   Fire body() for SetNextRule[methodName=addOperation, paramType=org.apache.tomcat.util.modeler.OperationInfo]
2019-05-11 11:06:11.256 DEBUG 8956 --- [kground-preinit] o.apache.tomcat.util.digester.Digester   :   Fire end() for SetNextRule[methodName=addOperation, paramType=org.apache.tomcat.util.modeler.OperationInfo]
2019-05-11 11:06:11.257 DEBUG 8956 --- [kground-preinit] o.apache.tomcat.util.digester.Digester   : [SetNextRule]{mbeans-descriptors/mbean/operation} Call org.apache.tomcat.util.modeler.ManagedBean.addOperation(org.apache.tomcat.util.modeler.OperationInfo@1d5ad898)
2019-05-11 11:06:11.257 DEBUG 8956 --- [kground-preinit] o.apache.tomcat.util.IntrospectionUtils  : IntrospectionUtils: callMethod1 org.apache.tomcat.util.modeler.ManagedBean org.apache.tomcat.util.modeler.OperationInfo org.apache.tomcat.util.modeler.OperationInfo
2019-05-11 11:06:11.257 DEBUG 8956 --- [kground-preinit] o.apache.tomcat.util.digester.Digester   :   Fire end() for SetPropertiesRule[]
2019-05-11 11:06:11.257 DEBUG 8956 --- [kground-preinit] o.apache.tomcat.util.digester.Digester   :   Fire end() for ObjectCreateRule[className=org.apache.tomcat.util.modeler.OperationInfo, attributeName=null]
2019-05-11 11:06:11.257 DEBUG 8956 --- [kground-preinit] o.apache.tomcat.util.digester.Digester   : [ObjectCreateRule]{mbeans-descriptors/mbean/operation} Pop org.apache.tomcat.util.modeler.OperationInfo
2019-05-11 11:06:11.258 DEBUG 8956 --- [kground-preinit] o.a.tomcat.util.digester.Digester.sax    : characters(

    )
2019-05-11 11:06:11.258 DEBUG 8956 --- [kground-preinit] o.a.tomcat.util.digester.Digester.sax    : startElement(,,operation)
2019-05-11 11:06:11.258 DEBUG 8956 --- [kground-preinit] o.apache.tomcat.util.digester.Digester   :   New match='mbeans-descriptors/mbean/operation'
2019-05-11 11:06:11.258 DEBUG 8956 --- [kground-preinit] o.apache.tomcat.util.digester.Digester   :   Fire begin() for ObjectCreateRule[className=org.apache.tomcat.util.modeler.OperationInfo, attributeName=null]
2019-05-11 11:06:11.258 DEBUG 8956 --- [kground-preinit] o.apache.tomcat.util.digester.Digester   : [ObjectCreateRule]{mbeans-descriptors/mbean/operation}New org.apache.tomcat.util.modeler.OperationInfo
2019-05-11 11:06:11.259 DEBUG 8956 --- [kground-preinit] o.apache.tomcat.util.digester.Digester   :   Fire begin() for SetPropertiesRule[]
2019-05-11 11:06:11.259 DEBUG 8956 --- [kground-preinit] o.apache.tomcat.util.digester.Digester   : [SetPropertiesRule]{mbeans-descriptors/mbean/operation} Set org.apache.tomcat.util.modeler.OperationInfo properties
2019-05-11 11:06:11.259 DEBUG 8956 --- [kground-preinit] o.apache.tomcat.util.digester.Digester   : [SetPropertiesRule]{mbeans-descriptors/mbean/operation} Setting property 'name' to 'createStandardHost'
2019-05-11 11:06:11.259 DEBUG 8956 --- [kground-preinit] o.apache.tomcat.util.IntrospectionUtils  : IntrospectionUtils: setProperty(class org.apache.tomcat.util.modeler.OperationInfo name=createStandardHost)
2019-05-11 11:06:11.259 DEBUG 8956 --- [kground-preinit] o.apache.tomcat.util.digester.Digester   : [SetPropertiesRule]{mbeans-descriptors/mbean/operation} Setting property 'description' to 'Create a new StandardHost'
2019-05-11 11:06:11.260 DEBUG 8956 --- [kground-preinit] o.apache.tomcat.util.IntrospectionUtils  : IntrospectionUtils: setProperty(class org.apache.tomcat.util.modeler.OperationInfo description=Create a new StandardHost)
2019-05-11 11:06:11.260 DEBUG 8956 --- [kground-preinit] o.apache.tomcat.util.digester.Digester   : [SetPropertiesRule]{mbeans-descriptors/mbean/operation} Setting property 'impact' to 'ACTION'
2019-05-11 11:06:11.260 DEBUG 8956 --- [kground-preinit] o.apache.tomcat.util.IntrospectionUtils  : IntrospectionUtils: setProperty(class org.apache.tomcat.util.modeler.OperationInfo impact=ACTION)
2019-05-11 11:06:11.260 DEBUG 8956 --- [kground-preinit] o.apache.tomcat.util.digester.Digester   : [SetPropertiesRule]{mbeans-descriptors/mbean/operation} Setting property 'returnType' to 'java.lang.String'
2019-05-11 11:06:11.260 DEBUG 8956 --- [kground-preinit] o.apache.tomcat.util.IntrospectionUtils  : IntrospectionUtils: setProperty(class org.apache.tomcat.util.modeler.OperationInfo returnType=java.lang.String)
2019-05-11 11:06:11.260 DEBUG 8956 --- [kground-preinit] o.apache.tomcat.util.digester.Digester   :   Fire begin() for SetNextRule[methodName=addOperation, paramType=org.apache.tomcat.util.modeler.OperationInfo]
2019-05-11 11:06:11.260 DEBUG 8956 --- [kground-preinit] o.a.tomcat.util.digester.Digester.sax    : characters(
      )
2019-05-11 11:06:11.260 DEBUG 8956 --- [kground-preinit] o.a.tomcat.util.digester.Digester.sax    : startElement(,,parameter)
2019-05-11 11:06:11.260 DEBUG 8956 --- [kground-preinit] o.apache.tomcat.util.digester.Digester   :   New match='mbeans-descriptors/mbean/operation/parameter'
2019-05-11 11:06:11.260 DEBUG 8956 --- [kground-preinit] o.apache.tomcat.util.digester.Digester   :   Fire begin() for ObjectCreateRule[className=org.apache.tomcat.util.modeler.ParameterInfo, attributeName=null]
2019-05-11 11:06:11.261 DEBUG 8956 --- [kground-preinit] o.apache.tomcat.util.digester.Digester   : [ObjectCreateRule]{mbeans-descriptors/mbean/operation/parameter}New org.apache.tomcat.util.modeler.ParameterInfo
2019-05-11 11:06:11.261 DEBUG 8956 --- [kground-preinit] o.apache.tomcat.util.digester.Digester   :   Fire begin() for SetPropertiesRule[]
2019-05-11 11:06:11.261 DEBUG 8956 --- [kground-preinit] o.apache.tomcat.util.digester.Digester   : [SetPropertiesRule]{mbeans-descriptors/mbean/operation/parameter} Set org.apache.tomcat.util.modeler.ParameterInfo properties
2019-05-11 11:06:11.261 DEBUG 8956 --- [kground-preinit] o.apache.tomcat.util.digester.Digester   : [SetPropertiesRule]{mbeans-descriptors/mbean/operation/parameter} Setting property 'name' to 'parent'
2019-05-11 11:06:11.261 DEBUG 8956 --- [kground-preinit] o.apache.tomcat.util.IntrospectionUtils  : IntrospectionUtils: setProperty(class org.apache.tomcat.util.modeler.ParameterInfo name=parent)
2019-05-11 11:06:11.261 DEBUG 8956 --- [kground-preinit] o.apache.tomcat.util.digester.Digester   : [SetPropertiesRule]{mbeans-descriptors/mbean/operation/parameter} Setting property 'description' to 'MBean Name of the associated parent component'
2019-05-11 11:06:11.261 DEBUG 8956 --- [kground-preinit] o.apache.tomcat.util.IntrospectionUtils  : IntrospectionUtils: setProperty(class org.apache.tomcat.util.modeler.ParameterInfo description=MBean Name of the associated parent component)
2019-05-11 11:06:11.261 DEBUG 8956 --- [kground-preinit] o.apache.tomcat.util.digester.Digester   : [SetPropertiesRule]{mbeans-descriptors/mbean/operation/parameter} Setting property 'type' to 'java.lang.String'
2019-05-11 11:06:11.261 DEBUG 8956 --- [kground-preinit] o.apache.tomcat.util.IntrospectionUtils  : IntrospectionUtils: setProperty(class org.apache.tomcat.util.modeler.ParameterInfo type=java.lang.String)
2019-05-11 11:06:11.261 DEBUG 8956 --- [kground-preinit] o.apache.tomcat.util.digester.Digester   :   Fire begin() for SetNextRule[methodName=addParameter, paramType=org.apache.tomcat.util.modeler.ParameterInfo]
2019-05-11 11:06:11.261 DEBUG 8956 --- [kground-preinit] o.a.tomcat.util.digester.Digester.sax    : endElement(,,parameter)
2019-05-11 11:06:11.261 DEBUG 8956 --- [kground-preinit] o.apache.tomcat.util.digester.Digester   :   match='mbeans-descriptors/mbean/operation/parameter'
2019-05-11 11:06:11.262 DEBUG 8956 --- [kground-preinit] o.apache.tomcat.util.digester.Digester   :   bodyText=''
2019-05-11 11:06:11.262 DEBUG 8956 --- [kground-preinit] o.apache.tomcat.util.digester.Digester   :   Fire body() for ObjectCreateRule[className=org.apache.tomcat.util.modeler.ParameterInfo, attributeName=null]
2019-05-11 11:06:11.262 DEBUG 8956 --- [kground-preinit] o.apache.tomcat.util.digester.Digester   :   Fire body() for SetPropertiesRule[]
2019-05-11 11:06:11.262 DEBUG 8956 --- [kground-preinit] o.apache.tomcat.util.digester.Digester   :   Fire body() for SetNextRule[methodName=addParameter, paramType=org.apache.tomcat.util.modeler.ParameterInfo]
2019-05-11 11:06:11.262 DEBUG 8956 --- [kground-preinit] o.apache.tomcat.util.digester.Digester   :   Fire end() for SetNextRule[methodName=addParameter, paramType=org.apache.tomcat.util.modeler.ParameterInfo]
2019-05-11 11:06:11.262 DEBUG 8956 --- [kground-preinit] o.apache.tomcat.util.digester.Digester   : [SetNextRule]{mbeans-descriptors/mbean/operation/parameter} Call org.apache.tomcat.util.modeler.OperationInfo.addParameter(org.apache.tomcat.util.modeler.ParameterInfo@3991c1ff)
2019-05-11 11:06:11.262 DEBUG 8956 --- [kground-preinit] o.apache.tomcat.util.IntrospectionUtils  : IntrospectionUtils: callMethod1 org.apache.tomcat.util.modeler.OperationInfo org.apache.tomcat.util.modeler.ParameterInfo org.apache.tomcat.util.modeler.ParameterInfo
2019-05-11 11:06:11.262 DEBUG 8956 --- [kground-preinit] o.apache.tomcat.util.digester.Digester   :   Fire end() for SetPropertiesRule[]
2019-05-11 11:06:11.262 DEBUG 8956 --- [kground-preinit] o.apache.tomcat.util.digester.Digester   :   Fire end() for ObjectCreateRule[className=org.apache.tomcat.util.modeler.ParameterInfo, attributeName=null]
2019-05-11 11:06:11.262 DEBUG 8956 --- [kground-preinit] o.apache.tomcat.util.digester.Digester   : [ObjectCreateRule]{mbeans-descriptors/mbean/operation/parameter} Pop org.apache.tomcat.util.modeler.ParameterInfo
2019-05-11 11:06:11.262 DEBUG 8956 --- [kground-preinit] o.a.tomcat.util.digester.Digester.sax    : characters(
      )
2019-05-11 11:06:11.262 DEBUG 8956 --- [kground-preinit] o.a.tomcat.util.digester.Digester.sax    : startElement(,,parameter)
2019-05-11 11:06:11.263 DEBUG 8956 --- [kground-preinit] o.apache.tomcat.util.digester.Digester   :   New match='mbeans-descriptors/mbean/operation/parameter'
2019-05-11 11:06:11.263 DEBUG 8956 --- [kground-preinit] o.apache.tomcat.util.digester.Digester   :   Fire begin() for ObjectCreateRule[className=org.apache.tomcat.util.modeler.ParameterInfo, attributeName=null]
2019-05-11 11:06:11.263 DEBUG 8956 --- [kground-preinit] o.apache.tomcat.util.digester.Digester   : [ObjectCreateRule]{mbeans-descriptors/mbean/operation/parameter}New org.apache.tomcat.util.modeler.ParameterInfo
2019-05-11 11:06:11.263 DEBUG 8956 --- [kground-preinit] o.apache.tomcat.util.digester.Digester   :   Fire begin() for SetPropertiesRule[]
2019-05-11 11:06:11.263 DEBUG 8956 --- [kground-preinit] o.apache.tomcat.util.digester.Digester   : [SetPropertiesRule]{mbeans-descriptors/mbean/operation/parameter} Set org.apache.tomcat.util.modeler.ParameterInfo properties
2019-05-11 11:06:11.263 DEBUG 8956 --- [kground-preinit] o.apache.tomcat.util.digester.Digester   : [SetPropertiesRule]{mbeans-descriptors/mbean/operation/parameter} Setting property 'name' to 'name'
2019-05-11 11:06:11.263 DEBUG 8956 --- [kground-preinit] o.apache.tomcat.util.IntrospectionUtils  : IntrospectionUtils: setProperty(class org.apache.tomcat.util.modeler.ParameterInfo name=name)
2019-05-11 11:06:11.263 DEBUG 8956 --- [kground-preinit] o.apache.tomcat.util.digester.Digester   : [SetPropertiesRule]{mbeans-descriptors/mbean/operation/parameter} Setting property 'description' to 'Unique name of this Host'
2019-05-11 11:06:11.263 DEBUG 8956 --- [kground-preinit] o.apache.tomcat.util.IntrospectionUtils  : IntrospectionUtils: setProperty(class org.apache.tomcat.util.modeler.ParameterInfo description=Unique name of this Host)
2019-05-11 11:06:11.263 DEBUG 8956 --- [kground-preinit] o.apache.tomcat.util.digester.Digester   : [SetPropertiesRule]{mbeans-descriptors/mbean/operation/parameter} Setting property 'type' to 'java.lang.String'
2019-05-11 11:06:11.263 DEBUG 8956 --- [kground-preinit] o.apache.tomcat.util.IntrospectionUtils  : IntrospectionUtils: setProperty(class org.apache.tomcat.util.modeler.ParameterInfo type=java.lang.String)
2019-05-11 11:06:11.263 DEBUG 8956 --- [kground-preinit] o.apache.tomcat.util.digester.Digester   :   Fire begin() for SetNextRule[methodName=addParameter, paramType=org.apache.tomcat.util.modeler.ParameterInfo]
2019-05-11 11:06:11.266 DEBUG 8956 --- [kground-preinit] o.a.tomcat.util.digester.Digester.sax    : endElement(,,parameter)
2019-05-11 11:06:11.266 DEBUG 8956 --- [kground-preinit] o.apache.tomcat.util.digester.Digester   :   match='mbeans-descriptors/mbean/operation/parameter'
2019-05-11 11:06:11.267 DEBUG 8956 --- [kground-preinit] o.apache.tomcat.util.digester.Digester   :   bodyText=''
2019-05-11 11:06:11.267 DEBUG 8956 --- [kground-preinit] o.apache.tomcat.util.digester.Digester   :   Fire body() for ObjectCreateRule[className=org.apache.tomcat.util.modeler.ParameterInfo, attributeName=null]
2019-05-11 11:06:11.267 DEBUG 8956 --- [kground-preinit] o.apache.tomcat.util.digester.Digester   :   Fire body() for SetPropertiesRule[]
2019-05-11 11:06:11.267 DEBUG 8956 --- [kground-preinit] o.apache.tomcat.util.digester.Digester   :   Fire body() for SetNextRule[methodName=addParameter, paramType=org.apache.tomcat.util.modeler.ParameterInfo]
2019-05-11 11:06:11.267 DEBUG 8956 --- [kground-preinit] o.apache.tomcat.util.digester.Digester   :   Fire end() for SetNextRule[methodName=addParameter, paramType=org.apache.tomcat.util.modeler.ParameterInfo]
2019-05-11 11:06:11.267 DEBUG 8956 --- [kground-preinit] o.apache.tomcat.util.digester.Digester   : [SetNextRule]{mbeans-descriptors/mbean/operation/parameter} Call org.apache.tomcat.util.modeler.OperationInfo.addParameter(org.apache.tomcat.util.modeler.ParameterInfo@3f6dbab0)
2019-05-11 11:06:11.271 DEBUG 8956 --- [kground-preinit] o.apache.tomcat.util.IntrospectionUtils  : IntrospectionUtils: callMethod1 org.apache.tomcat.util.modeler.OperationInfo org.apache.tomcat.util.modeler.ParameterInfo org.apache.tomcat.util.modeler.ParameterInfo
2019-05-11 11:06:11.271 DEBUG 8956 --- [kground-preinit] o.apache.tomcat.util.digester.Digester   :   Fire end() for SetPropertiesRule[]
2019-05-11 11:06:11.271 DEBUG 8956 --- [kground-preinit] o.apache.tomcat.util.digester.Digester   :   Fire end() for ObjectCreateRule[className=org.apache.tomcat.util.modeler.ParameterInfo, attributeName=null]
2019-05-11 11:06:11.271 DEBUG 8956 --- [kground-preinit] o.apache.tomcat.util.digester.Digester   : [ObjectCreateRule]{mbeans-descriptors/mbean/operation/parameter} Pop org.apache.tomcat.util.modeler.ParameterInfo
2019-05-11 11:06:11.271 DEBUG 8956 --- [kground-preinit] o.a.tomcat.util.digester.Digester.sax    : characters(
      )
2019-05-11 11:06:11.271 DEBUG 8956 --- [kground-preinit] o.a.tomcat.util.digester.Digester.sax    : startElement(,,parameter)
2019-05-11 11:06:11.272 DEBUG 8956 --- [kground-preinit] o.apache.tomcat.util.digester.Digester   :   New match='mbeans-descriptors/mbean/operation/parameter'
2019-05-11 11:06:11.272 DEBUG 8956 --- [kground-preinit] o.apache.tomcat.util.digester.Digester   :   Fire begin() for ObjectCreateRule[className=org.apache.tomcat.util.modeler.ParameterInfo, attributeName=null]
2019-05-11 11:06:11.272 DEBUG 8956 --- [kground-preinit] o.apache.tomcat.util.digester.Digester   : [ObjectCreateRule]{mbeans-descriptors/mbean/operation/parameter}New org.apache.tomcat.util.modeler.ParameterInfo
2019-05-11 11:06:11.272 DEBUG 8956 --- [kground-preinit] o.apache.tomcat.util.digester.Digester   :   Fire begin() for SetPropertiesRule[]
2019-05-11 11:06:11.272 DEBUG 8956 --- [kground-preinit] o.apache.tomcat.util.digester.Digester   : [SetPropertiesRule]{mbeans-descriptors/mbean/operation/parameter} Set org.apache.tomcat.util.modeler.ParameterInfo properties
2019-05-11 11:06:11.272 DEBUG 8956 --- [kground-preinit] o.apache.tomcat.util.digester.Digester   : [SetPropertiesRule]{mbeans-descriptors/mbean/operation/parameter} Setting property 'name' to 'appBase'
2019-05-11 11:06:11.273 DEBUG 8956 --- [kground-preinit] o.apache.tomcat.util.IntrospectionUtils  : IntrospectionUtils: setProperty(class org.apache.tomcat.util.modeler.ParameterInfo name=appBase)
2019-05-11 11:06:11.273 DEBUG 8956 --- [kground-preinit] o.apache.tomcat.util.digester.Digester   : [SetPropertiesRule]{mbeans-descriptors/mbean/operation/parameter} Setting property 'description' to 'set host deployment directory'
2019-05-11 11:06:11.273 DEBUG 8956 --- [kground-preinit] o.apache.tomcat.util.IntrospectionUtils  : IntrospectionUtils: setProperty(class org.apache.tomcat.util.modeler.ParameterInfo description=set host deployment directory)
2019-05-11 11:06:11.273 DEBUG 8956 --- [kground-preinit] o.apache.tomcat.util.digester.Digester   : [SetPropertiesRule]{mbeans-descriptors/mbean/operation/parameter} Setting property 'type' to 'java.lang.String'
2019-05-11 11:06:11.273 DEBUG 8956 --- [kground-preinit] o.apache.tomcat.util.IntrospectionUtils  : IntrospectionUtils: setProperty(class org.apache.tomcat.util.modeler.ParameterInfo type=java.lang.String)
2019-05-11 11:06:11.274 DEBUG 8956 --- [kground-preinit] o.apache.tomcat.util.digester.Digester   :   Fire begin() for SetNextRule[methodName=addParameter, paramType=org.apache.tomcat.util.modeler.ParameterInfo]
2019-05-11 11:06:11.274 DEBUG 8956 --- [kground-preinit] o.a.tomcat.util.digester.Digester.sax    : endElement(,,parameter)
2019-05-11 11:06:11.274 DEBUG 8956 --- [kground-preinit] o.apache.tomcat.util.digester.Digester   :   match='mbeans-descriptors/mbean/operation/parameter'
2019-05-11 11:06:11.274 DEBUG 8956 --- [kground-preinit] o.apache.tomcat.util.digester.Digester   :   bodyText=''
2019-05-11 11:06:11.274 DEBUG 8956 --- [kground-preinit] o.apache.tomcat.util.digester.Digester   :   Fire body() for ObjectCreateRule[className=org.apache.tomcat.util.modeler.ParameterInfo, attributeName=null]
2019-05-11 11:06:11.274 DEBUG 8956 --- [kground-preinit] o.apache.tomcat.util.digester.Digester   :   Fire body() for SetPropertiesRule[]
2019-05-11 11:06:11.275 DEBUG 8956 --- [kground-preinit] o.apache.tomcat.util.digester.Digester   :   Fire body() for SetNextRule[methodName=addParameter, paramType=org.apache.tomcat.util.modeler.ParameterInfo]
2019-05-11 11:06:11.275 DEBUG 8956 --- [kground-preinit] o.apache.tomcat.util.digester.Digester   :   Fire end() for SetNextRule[methodName=addParameter, paramType=org.apache.tomcat.util.modeler.ParameterInfo]
2019-05-11 11:06:11.275 DEBUG 8956 --- [kground-preinit] o.apache.tomcat.util.digester.Digester   : [SetNextRule]{mbeans-descriptors/mbean/operation/parameter} Call org.apache.tomcat.util.modeler.OperationInfo.addParameter(org.apache.tomcat.util.modeler.ParameterInfo@756a50b7)
2019-05-11 11:06:11.275 DEBUG 8956 --- [kground-preinit] o.apache.tomcat.util.IntrospectionUtils  : IntrospectionUtils: callMethod1 org.apache.tomcat.util.modeler.OperationInfo org.apache.tomcat.util.modeler.ParameterInfo org.apache.tomcat.util.modeler.ParameterInfo
2019-05-11 11:06:11.275 DEBUG 8956 --- [kground-preinit] o.apache.tomcat.util.digester.Digester   :   Fire end() for SetPropertiesRule[]
2019-05-11 11:06:11.276 DEBUG 8956 --- [kground-preinit] o.apache.tomcat.util.digester.Digester   :   Fire end() for ObjectCreateRule[className=org.apache.tomcat.util.modeler.ParameterInfo, attributeName=null]
2019-05-11 11:06:11.276 DEBUG 8956 --- [kground-preinit] o.apache.tomcat.util.digester.Digester   : [ObjectCreateRule]{mbeans-descriptors/mbean/operation/parameter} Pop org.apache.tomcat.util.modeler.ParameterInfo
2019-05-11 11:06:11.276 DEBUG 8956 --- [kground-preinit] o.a.tomcat.util.digester.Digester.sax    : characters(
      )
2019-05-11 11:06:11.276 DEBUG 8956 --- [kground-preinit] o.a.tomcat.util.digester.Digester.sax    : startElement(,,parameter)
2019-05-11 11:06:11.276 DEBUG 8956 --- [kground-preinit] o.apache.tomcat.util.digester.Digester   :   New match='mbeans-descriptors/mbean/operation/parameter'
2019-05-11 11:06:11.276 DEBUG 8956 --- [kground-preinit] o.apache.tomcat.util.digester.Digester   :   Fire begin() for ObjectCreateRule[className=org.apache.tomcat.util.modeler.ParameterInfo, attributeName=null]
2019-05-11 11:06:11.276 DEBUG 8956 --- [kground-preinit] o.apache.tomcat.util.digester.Digester   : [ObjectCreateRule]{mbeans-descriptors/mbean/operation/parameter}New org.apache.tomcat.util.modeler.ParameterInfo
2019-05-11 11:06:11.276 DEBUG 8956 --- [kground-preinit] o.apache.tomcat.util.digester.Digester   :   Fire begin() for SetPropertiesRule[]
2019-05-11 11:06:11.276 DEBUG 8956 --- [kground-preinit] o.apache.tomcat.util.digester.Digester   : [SetPropertiesRule]{mbeans-descriptors/mbean/operation/parameter} Set org.apache.tomcat.util.modeler.ParameterInfo properties
2019-05-11 11:06:11.276 DEBUG 8956 --- [kground-preinit] o.apache.tomcat.util.digester.Digester   : [SetPropertiesRule]{mbeans-descriptors/mbean/operation/parameter} Setting property 'name' to 'autoDeploy'
2019-05-11 11:06:11.276 DEBUG 8956 --- [kground-preinit] o.apache.tomcat.util.IntrospectionUtils  : IntrospectionUtils: setProperty(class org.apache.tomcat.util.modeler.ParameterInfo name=autoDeploy)
2019-05-11 11:06:11.276 DEBUG 8956 --- [kground-preinit] o.apache.tomcat.util.digester.Digester   : [SetPropertiesRule]{mbeans-descriptors/mbean/operation/parameter} Setting property 'description' to 'The auto deploy flag for this Host'
2019-05-11 11:06:11.288 DEBUG 8956 --- [           main] o.s.b.f.s.DefaultListableBeanFactory     : Returning cached instance of singleton bean 'autoConfigurationReport'
2019-05-11 11:06:11.302 DEBUG 8956 --- [kground-preinit] o.apache.tomcat.util.IntrospectionUtils  : IntrospectionUtils: setProperty(class org.apache.tomcat.util.modeler.ParameterInfo description=The auto deploy flag for this Host)
2019-05-11 11:06:11.302 DEBUG 8956 --- [kground-preinit] o.apache.tomcat.util.digester.Digester   : [SetPropertiesRule]{mbeans-descriptors/mbean/operation/parameter} Setting property 'type' to 'boolean'
2019-05-11 11:06:11.302 DEBUG 8956 --- [kground-preinit] o.apache.tomcat.util.IntrospectionUtils  : IntrospectionUtils: setProperty(class org.apache.tomcat.util.modeler.ParameterInfo type=boolean)
2019-05-11 11:06:11.302 DEBUG 8956 --- [kground-preinit] o.apache.tomcat.util.digester.Digester   :   Fire begin() for SetNextRule[methodName=addParameter, paramType=org.apache.tomcat.util.modeler.ParameterInfo]
2019-05-11 11:06:11.302 DEBUG 8956 --- [kground-preinit] o.a.tomcat.util.digester.Digester.sax    : endElement(,,parameter)
2019-05-11 11:06:11.302 DEBUG 8956 --- [kground-preinit] o.apache.tomcat.util.digester.Digester   :   match='mbeans-descriptors/mbean/operation/parameter'
2019-05-11 11:06:11.303 DEBUG 8956 --- [kground-preinit] o.apache.tomcat.util.digester.Digester   :   bodyText=''
2019-05-11 11:06:11.303 DEBUG 8956 --- [kground-preinit] o.apache.tomcat.util.digester.Digester   :   Fire body() for ObjectCreateRule[className=org.apache.tomcat.util.modeler.ParameterInfo, attributeName=null]
2019-05-11 11:06:11.303 DEBUG 8956 --- [kground-preinit] o.apache.tomcat.util.digester.Digester   :   Fire body() for SetPropertiesRule[]
2019-05-11 11:06:11.303 DEBUG 8956 --- [kground-preinit] o.apache.tomcat.util.digester.Digester   :   Fire body() for SetNextRule[methodName=addParameter, paramType=org.apache.tomcat.util.modeler.ParameterInfo]
2019-05-11 11:06:11.303 DEBUG 8956 --- [kground-preinit] o.apache.tomcat.util.digester.Digester   :   Fire end() for SetNextRule[methodName=addParameter, paramType=org.apache.tomcat.util.modeler.ParameterInfo]
2019-05-11 11:06:11.303 DEBUG 8956 --- [kground-preinit] o.apache.tomcat.util.digester.Digester   : [SetNextRule]{mbeans-descriptors/mbean/operation/parameter} Call org.apache.tomcat.util.modeler.OperationInfo.addParameter(org.apache.tomcat.util.modeler.ParameterInfo@3e3fc89a)
2019-05-11 11:06:11.303 DEBUG 8956 --- [kground-preinit] o.apache.tomcat.util.IntrospectionUtils  : IntrospectionUtils: callMethod1 org.apache.tomcat.util.modeler.OperationInfo org.apache.tomcat.util.modeler.ParameterInfo org.apache.tomcat.util.modeler.ParameterInfo
2019-05-11 11:06:11.304 DEBUG 8956 --- [kground-preinit] o.apache.tomcat.util.digester.Digester   :   Fire end() for SetPropertiesRule[]
2019-05-11 11:06:11.304 DEBUG 8956 --- [kground-preinit] o.apache.tomcat.util.digester.Digester   :   Fire end() for ObjectCreateRule[className=org.apache.tomcat.util.modeler.ParameterInfo, attributeName=null]
2019-05-11 11:06:11.305 DEBUG 8956 --- [kground-preinit] o.apache.tomcat.util.digester.Digester   : [ObjectCreateRule]{mbeans-descriptors/mbean/operation/parameter} Pop org.apache.tomcat.util.modeler.ParameterInfo
2019-05-11 11:06:11.305 DEBUG 8956 --- [kground-preinit] o.a.tomcat.util.digester.Digester.sax    : characters(
      )
2019-05-11 11:06:11.305 DEBUG 8956 --- [kground-preinit] o.a.tomcat.util.digester.Digester.sax    : startElement(,,parameter)
2019-05-11 11:06:11.306 DEBUG 8956 --- [kground-preinit] o.apache.tomcat.util.digester.Digester   :   New match='mbeans-descriptors/mbean/operation/parameter'
2019-05-11 11:06:11.306 DEBUG 8956 --- [kground-preinit] o.apache.tomcat.util.digester.Digester   :   Fire begin() for ObjectCreateRule[className=org.apache.tomcat.util.modeler.ParameterInfo, attributeName=null]
2019-05-11 11:06:11.306 DEBUG 8956 --- [kground-preinit] o.apache.tomcat.util.digester.Digester   : [ObjectCreateRule]{mbeans-descriptors/mbean/operation/parameter}New org.apache.tomcat.util.modeler.ParameterInfo
2019-05-11 11:06:11.306 DEBUG 8956 --- [kground-preinit] o.apache.tomcat.util.digester.Digester   :   Fire begin() for SetPropertiesRule[]
2019-05-11 11:06:11.306 DEBUG 8956 --- [kground-preinit] o.apache.tomcat.util.digester.Digester   : [SetPropertiesRule]{mbeans-descriptors/mbean/operation/parameter} Set org.apache.tomcat.util.modeler.ParameterInfo properties
2019-05-11 11:06:11.306 DEBUG 8956 --- [kground-preinit] o.apache.tomcat.util.digester.Digester   : [SetPropertiesRule]{mbeans-descriptors/mbean/operation/parameter} Setting property 'name' to 'deployOnStartup'
2019-05-11 11:06:11.307 DEBUG 8956 --- [kground-preinit] o.apache.tomcat.util.IntrospectionUtils  : IntrospectionUtils: setProperty(class org.apache.tomcat.util.modeler.ParameterInfo name=deployOnStartup)
2019-05-11 11:06:11.307 DEBUG 8956 --- [kground-preinit] o.apache.tomcat.util.digester.Digester   : [SetPropertiesRule]{mbeans-descriptors/mbean/operation/parameter} Setting property 'description' to 'The deploy on startup flag for this Host'
2019-05-11 11:06:11.307 DEBUG 8956 --- [kground-preinit] o.apache.tomcat.util.IntrospectionUtils  : IntrospectionUtils: setProperty(class org.apache.tomcat.util.modeler.ParameterInfo description=The deploy on startup flag for this Host)
2019-05-11 11:06:11.307 DEBUG 8956 --- [kground-preinit] o.apache.tomcat.util.digester.Digester   : [SetPropertiesRule]{mbeans-descriptors/mbean/operation/parameter} Setting property 'type' to 'boolean'
2019-05-11 11:06:11.307 DEBUG 8956 --- [kground-preinit] o.apache.tomcat.util.IntrospectionUtils  : IntrospectionUtils: setProperty(class org.apache.tomcat.util.modeler.ParameterInfo type=boolean)
2019-05-11 11:06:11.307 DEBUG 8956 --- [kground-preinit] o.apache.tomcat.util.digester.Digester   :   Fire begin() for SetNextRule[methodName=addParameter, paramType=org.apache.tomcat.util.modeler.ParameterInfo]
2019-05-11 11:06:11.307 DEBUG 8956 --- [kground-preinit] o.a.tomcat.util.digester.Digester.sax    : endElement(,,parameter)
2019-05-11 11:06:11.307 DEBUG 8956 --- [kground-preinit] o.apache.tomcat.util.digester.Digester   :   match='mbeans-descriptors/mbean/operation/parameter'
2019-05-11 11:06:11.307 DEBUG 8956 --- [kground-preinit] o.apache.tomcat.util.digester.Digester   :   bodyText=''
2019-05-11 11:06:11.308 DEBUG 8956 --- [kground-preinit] o.apache.tomcat.util.digester.Digester   :   Fire body() for ObjectCreateRule[className=org.apache.tomcat.util.modeler.ParameterInfo, attributeName=null]
2019-05-11 11:06:11.308 DEBUG 8956 --- [kground-preinit] o.apache.tomcat.util.digester.Digester   :   Fire body() for SetPropertiesRule[]
2019-05-11 11:06:11.308 DEBUG 8956 --- [kground-preinit] o.apache.tomcat.util.digester.Digester   :   Fire body() for SetNextRule[methodName=addParameter, paramType=org.apache.tomcat.util.modeler.ParameterInfo]
2019-05-11 11:06:11.308 DEBUG 8956 --- [kground-preinit] o.apache.tomcat.util.digester.Digester   :   Fire end() for SetNextRule[methodName=addParameter, paramType=org.apache.tomcat.util.modeler.ParameterInfo]
2019-05-11 11:06:11.308 DEBUG 8956 --- [kground-preinit] o.apache.tomcat.util.digester.Digester   : [SetNextRule]{mbeans-descriptors/mbean/operation/parameter} Call org.apache.tomcat.util.modeler.OperationInfo.addParameter(org.apache.tomcat.util.modeler.ParameterInfo@996689b)
2019-05-11 11:06:11.308 DEBUG 8956 --- [kground-preinit] o.apache.tomcat.util.IntrospectionUtils  : IntrospectionUtils: callMethod1 org.apache.tomcat.util.modeler.OperationInfo org.apache.tomcat.util.modeler.ParameterInfo org.apache.tomcat.util.modeler.ParameterInfo
2019-05-11 11:06:11.309 DEBUG 8956 --- [kground-preinit] o.apache.tomcat.util.digester.Digester   :   Fire end() for SetPropertiesRule[]
2019-05-11 11:06:11.309 DEBUG 8956 --- [kground-preinit] o.apache.tomcat.util.digester.Digester   :   Fire end() for ObjectCreateRule[className=org.apache.tomcat.util.modeler.ParameterInfo, attributeName=null]
2019-05-11 11:06:11.309 DEBUG 8956 --- [kground-preinit] o.apache.tomcat.util.digester.Digester   : [ObjectCreateRule]{mbeans-descriptors/mbean/operation/parameter} Pop org.apache.tomcat.util.modeler.ParameterInfo
2019-05-11 11:06:11.309 DEBUG 8956 --- [kground-preinit] o.a.tomcat.util.digester.Digester.sax    : characters(
      )
2019-05-11 11:06:11.309 DEBUG 8956 --- [kground-preinit] o.a.tomcat.util.digester.Digester.sax    : startElement(,,parameter)
2019-05-11 11:06:11.310 DEBUG 8956 --- [kground-preinit] o.apache.tomcat.util.digester.Digester   :   New match='mbeans-descriptors/mbean/operation/parameter'
2019-05-11 11:06:11.310 DEBUG 8956 --- [kground-preinit] o.apache.tomcat.util.digester.Digester   :   Fire begin() for ObjectCreateRule[className=org.apache.tomcat.util.modeler.ParameterInfo, attributeName=null]
2019-05-11 11:06:11.310 DEBUG 8956 --- [kground-preinit] o.apache.tomcat.util.digester.Digester   : [ObjectCreateRule]{mbeans-descriptors/mbean/operation/parameter}New org.apache.tomcat.util.modeler.ParameterInfo
2019-05-11 11:06:11.310 DEBUG 8956 --- [kground-preinit] o.apache.tomcat.util.digester.Digester   :   Fire begin() for SetPropertiesRule[]
2019-05-11 11:06:11.310 DEBUG 8956 --- [kground-preinit] o.apache.tomcat.util.digester.Digester   : [SetPropertiesRule]{mbeans-descriptors/mbean/operation/parameter} Set org.apache.tomcat.util.modeler.ParameterInfo properties
2019-05-11 11:06:11.310 DEBUG 8956 --- [kground-preinit] o.apache.tomcat.util.digester.Digester   : [SetPropertiesRule]{mbeans-descriptors/mbean/operation/parameter} Setting property 'name' to 'deployXML'
2019-05-11 11:06:11.310 DEBUG 8956 --- [kground-preinit] o.apache.tomcat.util.IntrospectionUtils  : IntrospectionUtils: setProperty(class org.apache.tomcat.util.modeler.ParameterInfo name=deployXML)
2019-05-11 11:06:11.312 DEBUG 8956 --- [kground-preinit] o.apache.tomcat.util.digester.Digester   : [SetPropertiesRule]{mbeans-descriptors/mbean/operation/parameter} Setting property 'description' to 'deploy Context XML config files property'
2019-05-11 11:06:11.313 DEBUG 8956 --- [kground-preinit] o.apache.tomcat.util.IntrospectionUtils  : IntrospectionUtils: setProperty(class org.apache.tomcat.util.modeler.ParameterInfo description=deploy Context XML config files property)
2019-05-11 11:06:11.313 DEBUG 8956 --- [kground-preinit] o.apache.tomcat.util.digester.Digester   : [SetPropertiesRule]{mbeans-descriptors/mbean/operation/parameter} Setting property 'type' to 'boolean'
2019-05-11 11:06:11.313 DEBUG 8956 --- [kground-preinit] o.apache.tomcat.util.IntrospectionUtils  : IntrospectionUtils: setProperty(class org.apache.tomcat.util.modeler.ParameterInfo type=boolean)
2019-05-11 11:06:11.313 DEBUG 8956 --- [kground-preinit] o.apache.tomcat.util.digester.Digester   :   Fire begin() for SetNextRule[methodName=addParameter, paramType=org.apache.tomcat.util.modeler.ParameterInfo]
2019-05-11 11:06:11.313 DEBUG 8956 --- [kground-preinit] o.a.tomcat.util.digester.Digester.sax    : endElement(,,parameter)
2019-05-11 11:06:11.313 DEBUG 8956 --- [kground-preinit] o.apache.tomcat.util.digester.Digester   :   match='mbeans-descriptors/mbean/operation/parameter'
2019-05-11 11:06:11.314 DEBUG 8956 --- [kground-preinit] o.apache.tomcat.util.digester.Digester   :   bodyText=''
2019-05-11 11:06:11.314 DEBUG 8956 --- [kground-preinit] o.apache.tomcat.util.digester.Digester   :   Fire body() for ObjectCreateRule[className=org.apache.tomcat.util.modeler.ParameterInfo, attributeName=null]
2019-05-11 11:06:11.314 DEBUG 8956 --- [kground-preinit] o.apache.tomcat.util.digester.Digester   :   Fire body() for SetPropertiesRule[]
2019-05-11 11:06:11.314 DEBUG 8956 --- [kground-preinit] o.apache.tomcat.util.digester.Digester   :   Fire body() for SetNextRule[methodName=addParameter, paramType=org.apache.tomcat.util.modeler.ParameterInfo]
2019-05-11 11:06:11.314 DEBUG 8956 --- [kground-preinit] o.apache.tomcat.util.digester.Digester   :   Fire end() for SetNextRule[methodName=addParameter, paramType=org.apache.tomcat.util.modeler.ParameterInfo]
2019-05-11 11:06:11.315 DEBUG 8956 --- [kground-preinit] o.apache.tomcat.util.digester.Digester   : [SetNextRule]{mbeans-descriptors/mbean/operation/parameter} Call org.apache.tomcat.util.modeler.OperationInfo.addParameter(org.apache.tomcat.util.modeler.ParameterInfo@5bfceb23)
2019-05-11 11:06:11.315 DEBUG 8956 --- [kground-preinit] o.apache.tomcat.util.IntrospectionUtils  : IntrospectionUtils: callMethod1 org.apache.tomcat.util.modeler.OperationInfo org.apache.tomcat.util.modeler.ParameterInfo org.apache.tomcat.util.modeler.ParameterInfo
2019-05-11 11:06:11.315 DEBUG 8956 --- [kground-preinit] o.apache.tomcat.util.digester.Digester   :   Fire end() for SetPropertiesRule[]
2019-05-11 11:06:11.315 DEBUG 8956 --- [kground-preinit] o.apache.tomcat.util.digester.Digester   :   Fire end() for ObjectCreateRule[className=org.apache.tomcat.util.modeler.ParameterInfo, attributeName=null]
2019-05-11 11:06:11.315 DEBUG 8956 --- [kground-preinit] o.apache.tomcat.util.digester.Digester   : [ObjectCreateRule]{mbeans-descriptors/mbean/operation/parameter} Pop org.apache.tomcat.util.modeler.ParameterInfo
2019-05-11 11:06:11.315 DEBUG 8956 --- [kground-preinit] o.a.tomcat.util.digester.Digester.sax    : characters(
      )
2019-05-11 11:06:11.315 DEBUG 8956 --- [kground-preinit] o.a.tomcat.util.digester.Digester.sax    : startElement(,,parameter)
2019-05-11 11:06:11.316 DEBUG 8956 --- [kground-preinit] o.apache.tomcat.util.digester.Digester   :   New match='mbeans-descriptors/mbean/operation/parameter'
2019-05-11 11:06:11.316 DEBUG 8956 --- [kground-preinit] o.apache.tomcat.util.digester.Digester   :   Fire begin() for ObjectCreateRule[className=org.apache.tomcat.util.modeler.ParameterInfo, attributeName=null]
2019-05-11 11:06:11.316 DEBUG 8956 --- [kground-preinit] o.apache.tomcat.util.digester.Digester   : [ObjectCreateRule]{mbeans-descriptors/mbean/operation/parameter}New org.apache.tomcat.util.modeler.ParameterInfo
2019-05-11 11:06:11.316 DEBUG 8956 --- [kground-preinit] o.apache.tomcat.util.digester.Digester   :   Fire begin() for SetPropertiesRule[]
2019-05-11 11:06:11.316 DEBUG 8956 --- [kground-preinit] o.apache.tomcat.util.digester.Digester   : [SetPropertiesRule]{mbeans-descriptors/mbean/operation/parameter} Set org.apache.tomcat.util.modeler.ParameterInfo properties
2019-05-11 11:06:11.316 DEBUG 8956 --- [kground-preinit] o.apache.tomcat.util.digester.Digester   : [SetPropertiesRule]{mbeans-descriptors/mbean/operation/parameter} Setting property 'name' to 'unpackWARs'
2019-05-11 11:06:11.316 DEBUG 8956 --- [kground-preinit] o.apache.tomcat.util.IntrospectionUtils  : IntrospectionUtils: setProperty(class org.apache.tomcat.util.modeler.ParameterInfo name=unpackWARs)
2019-05-11 11:06:11.316 DEBUG 8956 --- [kground-preinit] o.apache.tomcat.util.digester.Digester   : [SetPropertiesRule]{mbeans-descriptors/mbean/operation/parameter} Setting property 'description' to 'Unpack WARs property'
2019-05-11 11:06:11.316 DEBUG 8956 --- [kground-preinit] o.apache.tomcat.util.IntrospectionUtils  : IntrospectionUtils: setProperty(class org.apache.tomcat.util.modeler.ParameterInfo description=Unpack WARs property)
2019-05-11 11:06:11.316 DEBUG 8956 --- [kground-preinit] o.apache.tomcat.util.digester.Digester   : [SetPropertiesRule]{mbeans-descriptors/mbean/operation/parameter} Setting property 'type' to 'boolean'
2019-05-11 11:06:11.316 DEBUG 8956 --- [kground-preinit] o.apache.tomcat.util.IntrospectionUtils  : IntrospectionUtils: setProperty(class org.apache.tomcat.util.modeler.ParameterInfo type=boolean)
2019-05-11 11:06:11.316 DEBUG 8956 --- [kground-preinit] o.apache.tomcat.util.digester.Digester   :   Fire begin() for SetNextRule[methodName=addParameter, paramType=org.apache.tomcat.util.modeler.ParameterInfo]
2019-05-11 11:06:11.317 DEBUG 8956 --- [kground-preinit] o.a.tomcat.util.digester.Digester.sax    : endElement(,,parameter)
2019-05-11 11:06:11.317 DEBUG 8956 --- [kground-preinit] o.apache.tomcat.util.digester.Digester   :   match='mbeans-descriptors/mbean/operation/parameter'
2019-05-11 11:06:11.317 DEBUG 8956 --- [kground-preinit] o.apache.tomcat.util.digester.Digester   :   bodyText=''
2019-05-11 11:06:11.317 DEBUG 8956 --- [kground-preinit] o.apache.tomcat.util.digester.Digester   :   Fire body() for ObjectCreateRule[className=org.apache.tomcat.util.modeler.ParameterInfo, attributeName=null]
2019-05-11 11:06:11.317 DEBUG 8956 --- [kground-preinit] o.apache.tomcat.util.digester.Digester   :   Fire body() for SetPropertiesRule[]
2019-05-11 11:06:11.317 DEBUG 8956 --- [kground-preinit] o.apache.tomcat.util.digester.Digester   :   Fire body() for SetNextRule[methodName=addParameter, paramType=org.apache.tomcat.util.modeler.ParameterInfo]
2019-05-11 11:06:11.317 DEBUG 8956 --- [kground-preinit] o.apache.tomcat.util.digester.Digester   :   Fire end() for SetNextRule[methodName=addParameter, paramType=org.apache.tomcat.util.modeler.ParameterInfo]
2019-05-11 11:06:11.317 DEBUG 8956 --- [kground-preinit] o.apache.tomcat.util.digester.Digester   : [SetNextRule]{mbeans-descriptors/mbean/operation/parameter} Call org.apache.tomcat.util.modeler.OperationInfo.addParameter(org.apache.tomcat.util.modeler.ParameterInfo@7cb4f703)
2019-05-11 11:06:11.317 DEBUG 8956 --- [kground-preinit] o.apache.tomcat.util.IntrospectionUtils  : IntrospectionUtils: callMethod1 org.apache.tomcat.util.modeler.OperationInfo org.apache.tomcat.util.modeler.ParameterInfo org.apache.tomcat.util.modeler.ParameterInfo
2019-05-11 11:06:11.318 DEBUG 8956 --- [kground-preinit] o.apache.tomcat.util.digester.Digester   :   Fire end() for SetPropertiesRule[]
2019-05-11 11:06:11.318 DEBUG 8956 --- [kground-preinit] o.apache.tomcat.util.digester.Digester   :   Fire end() for ObjectCreateRule[className=org.apache.tomcat.util.modeler.ParameterInfo, attributeName=null]
2019-05-11 11:06:11.318 DEBUG 8956 --- [kground-preinit] o.apache.tomcat.util.digester.Digester   : [ObjectCreateRule]{mbeans-descriptors/mbean/operation/parameter} Pop org.apache.tomcat.util.modeler.ParameterInfo
2019-05-11 11:06:11.318 DEBUG 8956 --- [kground-preinit] o.a.tomcat.util.digester.Digester.sax    : characters(
    )
2019-05-11 11:06:11.318 DEBUG 8956 --- [kground-preinit] o.a.tomcat.util.digester.Digester.sax    : endElement(,,operation)
2019-05-11 11:06:11.318 DEBUG 8956 --- [kground-preinit] o.apache.tomcat.util.digester.Digester   :   match='mbeans-descriptors/mbean/operation'
2019-05-11 11:06:11.318 DEBUG 8956 --- [kground-preinit] o.apache.tomcat.util.digester.Digester   :   bodyText='
      
      
      
      
      
      
      
    '
2019-05-11 11:06:11.318 DEBUG 8956 --- [kground-preinit] o.apache.tomcat.util.digester.Digester   :   Fire body() for ObjectCreateRule[className=org.apache.tomcat.util.modeler.OperationInfo, attributeName=null]
2019-05-11 11:06:11.318 DEBUG 8956 --- [kground-preinit] o.apache.tomcat.util.digester.Digester   :   Fire body() for SetPropertiesRule[]
2019-05-11 11:06:11.319 DEBUG 8956 --- [kground-preinit] o.apache.tomcat.util.digester.Digester   :   Fire body() for SetNextRule[methodName=addOperation, paramType=org.apache.tomcat.util.modeler.OperationInfo]
2019-05-11 11:06:11.319 DEBUG 8956 --- [kground-preinit] o.apache.tomcat.util.digester.Digester   :   Fire end() for SetNextRule[methodName=addOperation, paramType=org.apache.tomcat.util.modeler.OperationInfo]
2019-05-11 11:06:11.319 DEBUG 8956 --- [kground-preinit] o.apache.tomcat.util.digester.Digester   : [SetNextRule]{mbeans-descriptors/mbean/operation} Call org.apache.tomcat.util.modeler.ManagedBean.addOperation(org.apache.tomcat.util.modeler.OperationInfo@3c0f9b17)
2019-05-11 11:06:11.319 DEBUG 8956 --- [kground-preinit] o.apache.tomcat.util.IntrospectionUtils  : IntrospectionUtils: callMethod1 org.apache.tomcat.util.modeler.ManagedBean org.apache.tomcat.util.modeler.OperationInfo org.apache.tomcat.util.modeler.OperationInfo
2019-05-11 11:06:11.319 DEBUG 8956 --- [kground-preinit] o.apache.tomcat.util.digester.Digester   :   Fire end() for SetPropertiesRule[]
2019-05-11 11:06:11.319 DEBUG 8956 --- [kground-preinit] o.apache.tomcat.util.digester.Digester   :   Fire end() for ObjectCreateRule[className=org.apache.tomcat.util.modeler.OperationInfo, attributeName=null]
2019-05-11 11:06:11.319 DEBUG 8956 --- [kground-preinit] o.apache.tomcat.util.digester.Digester   : [ObjectCreateRule]{mbeans-descriptors/mbean/operation} Pop org.apache.tomcat.util.modeler.OperationInfo
2019-05-11 11:06:11.319 DEBUG 8956 --- [kground-preinit] o.a.tomcat.util.digester.Digester.sax    : characters(


    )
2019-05-11 11:06:11.319 DEBUG 8956 --- [kground-preinit] o.a.tomcat.util.digester.Digester.sax    : startElement(,,operation)
2019-05-11 11:06:11.320 DEBUG 8956 --- [kground-preinit] o.apache.tomcat.util.digester.Digester   :   New match='mbeans-descriptors/mbean/operation'
2019-05-11 11:06:11.320 DEBUG 8956 --- [kground-preinit] o.apache.tomcat.util.digester.Digester   :   Fire begin() for ObjectCreateRule[className=org.apache.tomcat.util.modeler.OperationInfo, attributeName=null]
2019-05-11 11:06:11.320 DEBUG 8956 --- [kground-preinit] o.apache.tomcat.util.digester.Digester   : [ObjectCreateRule]{mbeans-descriptors/mbean/operation}New org.apache.tomcat.util.modeler.OperationInfo
2019-05-11 11:06:11.320 DEBUG 8956 --- [kground-preinit] o.apache.tomcat.util.digester.Digester   :   Fire begin() for SetPropertiesRule[]
2019-05-11 11:06:11.320 DEBUG 8956 --- [kground-preinit] o.apache.tomcat.util.digester.Digester   : [SetPropertiesRule]{mbeans-descriptors/mbean/operation} Set org.apache.tomcat.util.modeler.OperationInfo properties
2019-05-11 11:06:11.320 DEBUG 8956 --- [kground-preinit] o.apache.tomcat.util.digester.Digester   : [SetPropertiesRule]{mbeans-descriptors/mbean/operation} Setting property 'name' to 'createStandardManager'
2019-05-11 11:06:11.320 DEBUG 8956 --- [kground-preinit] o.apache.tomcat.util.IntrospectionUtils  : IntrospectionUtils: setProperty(class org.apache.tomcat.util.modeler.OperationInfo name=createStandardManager)
2019-05-11 11:06:11.320 DEBUG 8956 --- [kground-preinit] o.apache.tomcat.util.digester.Digester   : [SetPropertiesRule]{mbeans-descriptors/mbean/operation} Setting property 'description' to 'Create a new StandardManager'
2019-05-11 11:06:11.321 DEBUG 8956 --- [kground-preinit] o.apache.tomcat.util.IntrospectionUtils  : IntrospectionUtils: setProperty(class org.apache.tomcat.util.modeler.OperationInfo description=Create a new StandardManager)
2019-05-11 11:06:11.321 DEBUG 8956 --- [kground-preinit] o.apache.tomcat.util.digester.Digester   : [SetPropertiesRule]{mbeans-descriptors/mbean/operation} Setting property 'impact' to 'ACTION'
2019-05-11 11:06:11.321 DEBUG 8956 --- [kground-preinit] o.apache.tomcat.util.IntrospectionUtils  : IntrospectionUtils: setProperty(class org.apache.tomcat.util.modeler.OperationInfo impact=ACTION)
2019-05-11 11:06:11.321 DEBUG 8956 --- [kground-preinit] o.apache.tomcat.util.digester.Digester   : [SetPropertiesRule]{mbeans-descriptors/mbean/operation} Setting property 'returnType' to 'java.lang.String'
2019-05-11 11:06:11.321 DEBUG 8956 --- [kground-preinit] o.apache.tomcat.util.IntrospectionUtils  : IntrospectionUtils: setProperty(class org.apache.tomcat.util.modeler.OperationInfo returnType=java.lang.String)
2019-05-11 11:06:11.321 DEBUG 8956 --- [kground-preinit] o.apache.tomcat.util.digester.Digester   :   Fire begin() for SetNextRule[methodName=addOperation, paramType=org.apache.tomcat.util.modeler.OperationInfo]
2019-05-11 11:06:11.321 DEBUG 8956 --- [kground-preinit] o.a.tomcat.util.digester.Digester.sax    : characters(
      )
2019-05-11 11:06:11.322 DEBUG 8956 --- [kground-preinit] o.a.tomcat.util.digester.Digester.sax    : startElement(,,parameter)
2019-05-11 11:06:11.322 DEBUG 8956 --- [kground-preinit] o.apache.tomcat.util.digester.Digester   :   New match='mbeans-descriptors/mbean/operation/parameter'
2019-05-11 11:06:11.322 DEBUG 8956 --- [kground-preinit] o.apache.tomcat.util.digester.Digester   :   Fire begin() for ObjectCreateRule[className=org.apache.tomcat.util.modeler.ParameterInfo, attributeName=null]
2019-05-11 11:06:11.322 DEBUG 8956 --- [kground-preinit] o.apache.tomcat.util.digester.Digester   : [ObjectCreateRule]{mbeans-descriptors/mbean/operation/parameter}New org.apache.tomcat.util.modeler.ParameterInfo
2019-05-11 11:06:11.323 DEBUG 8956 --- [kground-preinit] o.apache.tomcat.util.digester.Digester   :   Fire begin() for SetPropertiesRule[]
2019-05-11 11:06:11.323 DEBUG 8956 --- [kground-preinit] o.apache.tomcat.util.digester.Digester   : [SetPropertiesRule]{mbeans-descriptors/mbean/operation/parameter} Set org.apache.tomcat.util.modeler.ParameterInfo properties
2019-05-11 11:06:11.323 DEBUG 8956 --- [kground-preinit] o.apache.tomcat.util.digester.Digester   : [SetPropertiesRule]{mbeans-descriptors/mbean/operation/parameter} Setting property 'name' to 'parent'
2019-05-11 11:06:11.323 DEBUG 8956 --- [kground-preinit] o.apache.tomcat.util.IntrospectionUtils  : IntrospectionUtils: setProperty(class org.apache.tomcat.util.modeler.ParameterInfo name=parent)
2019-05-11 11:06:11.323 DEBUG 8956 --- [kground-preinit] o.apache.tomcat.util.digester.Digester   : [SetPropertiesRule]{mbeans-descriptors/mbean/operation/parameter} Setting property 'description' to 'MBean Name of the associated parent component'
2019-05-11 11:06:11.323 DEBUG 8956 --- [kground-preinit] o.apache.tomcat.util.IntrospectionUtils  : IntrospectionUtils: setProperty(class org.apache.tomcat.util.modeler.ParameterInfo description=MBean Name of the associated parent component)
2019-05-11 11:06:11.324 DEBUG 8956 --- [kground-preinit] o.apache.tomcat.util.digester.Digester   : [SetPropertiesRule]{mbeans-descriptors/mbean/operation/parameter} Setting property 'type' to 'java.lang.String'
2019-05-11 11:06:11.324 DEBUG 8956 --- [kground-preinit] o.apache.tomcat.util.IntrospectionUtils  : IntrospectionUtils: setProperty(class org.apache.tomcat.util.modeler.ParameterInfo type=java.lang.String)
2019-05-11 11:06:11.324 DEBUG 8956 --- [kground-preinit] o.apache.tomcat.util.digester.Digester   :   Fire begin() for SetNextRule[methodName=addParameter, paramType=org.apache.tomcat.util.modeler.ParameterInfo]
2019-05-11 11:06:11.324 DEBUG 8956 --- [kground-preinit] o.a.tomcat.util.digester.Digester.sax    : endElement(,,parameter)
2019-05-11 11:06:11.324 DEBUG 8956 --- [kground-preinit] o.apache.tomcat.util.digester.Digester   :   match='mbeans-descriptors/mbean/operation/parameter'
2019-05-11 11:06:11.324 DEBUG 8956 --- [kground-preinit] o.apache.tomcat.util.digester.Digester   :   bodyText=''
2019-05-11 11:06:11.324 DEBUG 8956 --- [kground-preinit] o.apache.tomcat.util.digester.Digester   :   Fire body() for ObjectCreateRule[className=org.apache.tomcat.util.modeler.ParameterInfo, attributeName=null]
2019-05-11 11:06:11.324 DEBUG 8956 --- [kground-preinit] o.apache.tomcat.util.digester.Digester   :   Fire body() for SetPropertiesRule[]
2019-05-11 11:06:11.324 DEBUG 8956 --- [kground-preinit] o.apache.tomcat.util.digester.Digester   :   Fire body() for SetNextRule[methodName=addParameter, paramType=org.apache.tomcat.util.modeler.ParameterInfo]
2019-05-11 11:06:11.324 DEBUG 8956 --- [kground-preinit] o.apache.tomcat.util.digester.Digester   :   Fire end() for SetNextRule[methodName=addParameter, paramType=org.apache.tomcat.util.modeler.ParameterInfo]
2019-05-11 11:06:11.324 DEBUG 8956 --- [kground-preinit] o.apache.tomcat.util.digester.Digester   : [SetNextRule]{mbeans-descriptors/mbean/operation/parameter} Call org.apache.tomcat.util.modeler.OperationInfo.addParameter(org.apache.tomcat.util.modeler.ParameterInfo@667eebd)
2019-05-11 11:06:11.325 DEBUG 8956 --- [kground-preinit] o.apache.tomcat.util.IntrospectionUtils  : IntrospectionUtils: callMethod1 org.apache.tomcat.util.modeler.OperationInfo org.apache.tomcat.util.modeler.ParameterInfo org.apache.tomcat.util.modeler.ParameterInfo
2019-05-11 11:06:11.325 DEBUG 8956 --- [kground-preinit] o.apache.tomcat.util.digester.Digester   :   Fire end() for SetPropertiesRule[]
2019-05-11 11:06:11.325 DEBUG 8956 --- [kground-preinit] o.apache.tomcat.util.digester.Digester   :   Fire end() for ObjectCreateRule[className=org.apache.tomcat.util.modeler.ParameterInfo, attributeName=null]
2019-05-11 11:06:11.325 DEBUG 8956 --- [kground-preinit] o.apache.tomcat.util.digester.Digester   : [ObjectCreateRule]{mbeans-descriptors/mbean/operation/parameter} Pop org.apache.tomcat.util.modeler.ParameterInfo
2019-05-11 11:06:11.325 DEBUG 8956 --- [kground-preinit] o.a.tomcat.util.digester.Digester.sax    : characters(
    )
2019-05-11 11:06:11.325 DEBUG 8956 --- [kground-preinit] o.a.tomcat.util.digester.Digester.sax    : endElement(,,operation)
2019-05-11 11:06:11.325 DEBUG 8956 --- [kground-preinit] o.apache.tomcat.util.digester.Digester   :   match='mbeans-descriptors/mbean/operation'
2019-05-11 11:06:11.325 DEBUG 8956 --- [kground-preinit] o.apache.tomcat.util.digester.Digester   :   bodyText='
      
    '
2019-05-11 11:06:11.325 DEBUG 8956 --- [kground-preinit] o.apache.tomcat.util.digester.Digester   :   Fire body() for ObjectCreateRule[className=org.apache.tomcat.util.modeler.OperationInfo, attributeName=null]
2019-05-11 11:06:11.325 DEBUG 8956 --- [kground-preinit] o.apache.tomcat.util.digester.Digester   :   Fire body() for SetPropertiesRule[]
2019-05-11 11:06:11.325 DEBUG 8956 --- [kground-preinit] o.apache.tomcat.util.digester.Digester   :   Fire body() for SetNextRule[methodName=addOperation, paramType=org.apache.tomcat.util.modeler.OperationInfo]
2019-05-11 11:06:11.325 DEBUG 8956 --- [kground-preinit] o.apache.tomcat.util.digester.Digester   :   Fire end() for SetNextRule[methodName=addOperation, paramType=org.apache.tomcat.util.modeler.OperationInfo]
2019-05-11 11:06:11.326 DEBUG 8956 --- [kground-preinit] o.apache.tomcat.util.digester.Digester   : [SetNextRule]{mbeans-descriptors/mbean/operation} Call org.apache.tomcat.util.modeler.ManagedBean.addOperation(org.apache.tomcat.util.modeler.OperationInfo@3afeb8a1)
2019-05-11 11:06:11.326 DEBUG 8956 --- [kground-preinit] o.apache.tomcat.util.IntrospectionUtils  : IntrospectionUtils: callMethod1 org.apache.tomcat.util.modeler.ManagedBean org.apache.tomcat.util.modeler.OperationInfo org.apache.tomcat.util.modeler.OperationInfo
2019-05-11 11:06:11.326 DEBUG 8956 --- [kground-preinit] o.apache.tomcat.util.digester.Digester   :   Fire end() for SetPropertiesRule[]
2019-05-11 11:06:11.326 DEBUG 8956 --- [kground-preinit] o.apache.tomcat.util.digester.Digester   :   Fire end() for ObjectCreateRule[className=org.apache.tomcat.util.modeler.OperationInfo, attributeName=null]
2019-05-11 11:06:11.326 DEBUG 8956 --- [kground-preinit] o.apache.tomcat.util.digester.Digester   : [ObjectCreateRule]{mbeans-descriptors/mbean/operation} Pop org.apache.tomcat.util.modeler.OperationInfo
2019-05-11 11:06:11.326 DEBUG 8956 --- [kground-preinit] o.a.tomcat.util.digester.Digester.sax    : characters(

    )
2019-05-11 11:06:11.326 DEBUG 8956 --- [kground-preinit] o.a.tomcat.util.digester.Digester.sax    : startElement(,,operation)
2019-05-11 11:06:11.326 DEBUG 8956 --- [kground-preinit] o.apache.tomcat.util.digester.Digester   :   New match='mbeans-descriptors/mbean/operation'
2019-05-11 11:06:11.326 DEBUG 8956 --- [kground-preinit] o.apache.tomcat.util.digester.Digester   :   Fire begin() for ObjectCreateRule[className=org.apache.tomcat.util.modeler.OperationInfo, attributeName=null]
2019-05-11 11:06:11.326 DEBUG 8956 --- [kground-preinit] o.apache.tomcat.util.digester.Digester   : [ObjectCreateRule]{mbeans-descriptors/mbean/operation}New org.apache.tomcat.util.modeler.OperationInfo
2019-05-11 11:06:11.327 DEBUG 8956 --- [kground-preinit] o.apache.tomcat.util.digester.Digester   :   Fire begin() for SetPropertiesRule[]
2019-05-11 11:06:11.327 DEBUG 8956 --- [kground-preinit] o.apache.tomcat.util.digester.Digester   : [SetPropertiesRule]{mbeans-descriptors/mbean/operation} Set org.apache.tomcat.util.modeler.OperationInfo properties
2019-05-11 11:06:11.327 DEBUG 8956 --- [kground-preinit] o.apache.tomcat.util.digester.Digester   : [SetPropertiesRule]{mbeans-descriptors/mbean/operation} Setting property 'name' to 'createUserDatabaseRealm'
2019-05-11 11:06:11.327 DEBUG 8956 --- [kground-preinit] o.apache.tomcat.util.IntrospectionUtils  : IntrospectionUtils: setProperty(class org.apache.tomcat.util.modeler.OperationInfo name=createUserDatabaseRealm)
2019-05-11 11:06:11.327 DEBUG 8956 --- [kground-preinit] o.apache.tomcat.util.digester.Digester   : [SetPropertiesRule]{mbeans-descriptors/mbean/operation} Setting property 'description' to 'Create a new UserDatabase Realm'
2019-05-11 11:06:11.327 DEBUG 8956 --- [kground-preinit] o.apache.tomcat.util.IntrospectionUtils  : IntrospectionUtils: setProperty(class org.apache.tomcat.util.modeler.OperationInfo description=Create a new UserDatabase Realm)
2019-05-11 11:06:11.327 DEBUG 8956 --- [kground-preinit] o.apache.tomcat.util.digester.Digester   : [SetPropertiesRule]{mbeans-descriptors/mbean/operation} Setting property 'impact' to 'ACTION'
2019-05-11 11:06:11.327 DEBUG 8956 --- [kground-preinit] o.apache.tomcat.util.IntrospectionUtils  : IntrospectionUtils: setProperty(class org.apache.tomcat.util.modeler.OperationInfo impact=ACTION)
2019-05-11 11:06:11.327 DEBUG 8956 --- [kground-preinit] o.apache.tomcat.util.digester.Digester   : [SetPropertiesRule]{mbeans-descriptors/mbean/operation} Setting property 'returnType' to 'java.lang.String'
2019-05-11 11:06:11.327 DEBUG 8956 --- [kground-preinit] o.apache.tomcat.util.IntrospectionUtils  : IntrospectionUtils: setProperty(class org.apache.tomcat.util.modeler.OperationInfo returnType=java.lang.String)
2019-05-11 11:06:11.327 DEBUG 8956 --- [kground-preinit] o.apache.tomcat.util.digester.Digester   :   Fire begin() for SetNextRule[methodName=addOperation, paramType=org.apache.tomcat.util.modeler.OperationInfo]
2019-05-11 11:06:11.328 DEBUG 8956 --- [kground-preinit] o.a.tomcat.util.digester.Digester.sax    : characters(
      )
2019-05-11 11:06:11.328 DEBUG 8956 --- [kground-preinit] o.a.tomcat.util.digester.Digester.sax    : startElement(,,parameter)
2019-05-11 11:06:11.328 DEBUG 8956 --- [kground-preinit] o.apache.tomcat.util.digester.Digester   :   New match='mbeans-descriptors/mbean/operation/parameter'
2019-05-11 11:06:11.328 DEBUG 8956 --- [kground-preinit] o.apache.tomcat.util.digester.Digester   :   Fire begin() for ObjectCreateRule[className=org.apache.tomcat.util.modeler.ParameterInfo, attributeName=null]
2019-05-11 11:06:11.328 DEBUG 8956 --- [kground-preinit] o.apache.tomcat.util.digester.Digester   : [ObjectCreateRule]{mbeans-descriptors/mbean/operation/parameter}New org.apache.tomcat.util.modeler.ParameterInfo
2019-05-11 11:06:11.328 DEBUG 8956 --- [kground-preinit] o.apache.tomcat.util.digester.Digester   :   Fire begin() for SetPropertiesRule[]
2019-05-11 11:06:11.328 DEBUG 8956 --- [kground-preinit] o.apache.tomcat.util.digester.Digester   : [SetPropertiesRule]{mbeans-descriptors/mbean/operation/parameter} Set org.apache.tomcat.util.modeler.ParameterInfo properties
2019-05-11 11:06:11.329 DEBUG 8956 --- [kground-preinit] o.apache.tomcat.util.digester.Digester   : [SetPropertiesRule]{mbeans-descriptors/mbean/operation/parameter} Setting property 'name' to 'parent'
2019-05-11 11:06:11.329 DEBUG 8956 --- [kground-preinit] o.apache.tomcat.util.IntrospectionUtils  : IntrospectionUtils: setProperty(class org.apache.tomcat.util.modeler.ParameterInfo name=parent)
2019-05-11 11:06:11.329 DEBUG 8956 --- [kground-preinit] o.apache.tomcat.util.digester.Digester   : [SetPropertiesRule]{mbeans-descriptors/mbean/operation/parameter} Setting property 'description' to 'MBean Name of the associated parent component'
2019-05-11 11:06:11.329 DEBUG 8956 --- [kground-preinit] o.apache.tomcat.util.IntrospectionUtils  : IntrospectionUtils: setProperty(class org.apache.tomcat.util.modeler.ParameterInfo description=MBean Name of the associated parent component)
2019-05-11 11:06:11.329 DEBUG 8956 --- [kground-preinit] o.apache.tomcat.util.digester.Digester   : [SetPropertiesRule]{mbeans-descriptors/mbean/operation/parameter} Setting property 'type' to 'java.lang.String'
2019-05-11 11:06:11.329 DEBUG 8956 --- [kground-preinit] o.apache.tomcat.util.IntrospectionUtils  : IntrospectionUtils: setProperty(class org.apache.tomcat.util.modeler.ParameterInfo type=java.lang.String)
2019-05-11 11:06:11.329 DEBUG 8956 --- [kground-preinit] o.apache.tomcat.util.digester.Digester   :   Fire begin() for SetNextRule[methodName=addParameter, paramType=org.apache.tomcat.util.modeler.ParameterInfo]
2019-05-11 11:06:11.329 DEBUG 8956 --- [kground-preinit] o.a.tomcat.util.digester.Digester.sax    : endElement(,,parameter)
2019-05-11 11:06:11.330 DEBUG 8956 --- [kground-preinit] o.apache.tomcat.util.digester.Digester   :   match='mbeans-descriptors/mbean/operation/parameter'
2019-05-11 11:06:11.330 DEBUG 8956 --- [kground-preinit] o.apache.tomcat.util.digester.Digester   :   bodyText=''
2019-05-11 11:06:11.330 DEBUG 8956 --- [kground-preinit] o.apache.tomcat.util.digester.Digester   :   Fire body() for ObjectCreateRule[className=org.apache.tomcat.util.modeler.ParameterInfo, attributeName=null]
2019-05-11 11:06:11.330 DEBUG 8956 --- [kground-preinit] o.apache.tomcat.util.digester.Digester   :   Fire body() for SetPropertiesRule[]
2019-05-11 11:06:11.330 DEBUG 8956 --- [kground-preinit] o.apache.tomcat.util.digester.Digester   :   Fire body() for SetNextRule[methodName=addParameter, paramType=org.apache.tomcat.util.modeler.ParameterInfo]
2019-05-11 11:06:11.331 DEBUG 8956 --- [kground-preinit] o.apache.tomcat.util.digester.Digester   :   Fire end() for SetNextRule[methodName=addParameter, paramType=org.apache.tomcat.util.modeler.ParameterInfo]
2019-05-11 11:06:11.331 DEBUG 8956 --- [kground-preinit] o.apache.tomcat.util.digester.Digester   : [SetNextRule]{mbeans-descriptors/mbean/operation/parameter} Call org.apache.tomcat.util.modeler.OperationInfo.addParameter(org.apache.tomcat.util.modeler.ParameterInfo@61295c12)
2019-05-11 11:06:11.331 DEBUG 8956 --- [kground-preinit] o.apache.tomcat.util.IntrospectionUtils  : IntrospectionUtils: callMethod1 org.apache.tomcat.util.modeler.OperationInfo org.apache.tomcat.util.modeler.ParameterInfo org.apache.tomcat.util.modeler.ParameterInfo
2019-05-11 11:06:11.332 DEBUG 8956 --- [kground-preinit] o.apache.tomcat.util.digester.Digester   :   Fire end() for SetPropertiesRule[]
2019-05-11 11:06:11.332 DEBUG 8956 --- [kground-preinit] o.apache.tomcat.util.digester.Digester   :   Fire end() for ObjectCreateRule[className=org.apache.tomcat.util.modeler.ParameterInfo, attributeName=null]
2019-05-11 11:06:11.332 DEBUG 8956 --- [kground-preinit] o.apache.tomcat.util.digester.Digester   : [ObjectCreateRule]{mbeans-descriptors/mbean/operation/parameter} Pop org.apache.tomcat.util.modeler.ParameterInfo
2019-05-11 11:06:11.332 DEBUG 8956 --- [kground-preinit] o.a.tomcat.util.digester.Digester.sax    : characters(
      )
2019-05-11 11:06:11.332 DEBUG 8956 --- [kground-preinit] o.a.tomcat.util.digester.Digester.sax    : startElement(,,parameter)
2019-05-11 11:06:11.333 DEBUG 8956 --- [kground-preinit] o.apache.tomcat.util.digester.Digester   :   New match='mbeans-descriptors/mbean/operation/parameter'
2019-05-11 11:06:11.333 DEBUG 8956 --- [kground-preinit] o.apache.tomcat.util.digester.Digester   :   Fire begin() for ObjectCreateRule[className=org.apache.tomcat.util.modeler.ParameterInfo, attributeName=null]
2019-05-11 11:06:11.333 DEBUG 8956 --- [kground-preinit] o.apache.tomcat.util.digester.Digester   : [ObjectCreateRule]{mbeans-descriptors/mbean/operation/parameter}New org.apache.tomcat.util.modeler.ParameterInfo
2019-05-11 11:06:11.333 DEBUG 8956 --- [kground-preinit] o.apache.tomcat.util.digester.Digester   :   Fire begin() for SetPropertiesRule[]
2019-05-11 11:06:11.333 DEBUG 8956 --- [kground-preinit] o.apache.tomcat.util.digester.Digester   : [SetPropertiesRule]{mbeans-descriptors/mbean/operation/parameter} Set org.apache.tomcat.util.modeler.ParameterInfo properties
2019-05-11 11:06:11.333 DEBUG 8956 --- [kground-preinit] o.apache.tomcat.util.digester.Digester   : [SetPropertiesRule]{mbeans-descriptors/mbean/operation/parameter} Setting property 'name' to 'resourceName'
2019-05-11 11:06:11.333 DEBUG 8956 --- [kground-preinit] o.apache.tomcat.util.IntrospectionUtils  : IntrospectionUtils: setProperty(class org.apache.tomcat.util.modeler.ParameterInfo name=resourceName)
2019-05-11 11:06:11.333 DEBUG 8956 --- [kground-preinit] o.apache.tomcat.util.digester.Digester   : [SetPropertiesRule]{mbeans-descriptors/mbean/operation/parameter} Setting property 'description' to 'Global JNDI resource name of our UserDatabase instance'
2019-05-11 11:06:11.333 DEBUG 8956 --- [kground-preinit] o.apache.tomcat.util.IntrospectionUtils  : IntrospectionUtils: setProperty(class org.apache.tomcat.util.modeler.ParameterInfo description=Global JNDI resource name of our UserDatabase instance)
2019-05-11 11:06:11.334 DEBUG 8956 --- [kground-preinit] o.apache.tomcat.util.digester.Digester   : [SetPropertiesRule]{mbeans-descriptors/mbean/operation/parameter} Setting property 'type' to 'java.lang.String'
2019-05-11 11:06:11.334 DEBUG 8956 --- [kground-preinit] o.apache.tomcat.util.IntrospectionUtils  : IntrospectionUtils: setProperty(class org.apache.tomcat.util.modeler.ParameterInfo type=java.lang.String)
2019-05-11 11:06:11.334 DEBUG 8956 --- [kground-preinit] o.apache.tomcat.util.digester.Digester   :   Fire begin() for SetNextRule[methodName=addParameter, paramType=org.apache.tomcat.util.modeler.ParameterInfo]
2019-05-11 11:06:11.334 DEBUG 8956 --- [kground-preinit] o.a.tomcat.util.digester.Digester.sax    : endElement(,,parameter)
2019-05-11 11:06:11.334 DEBUG 8956 --- [kground-preinit] o.apache.tomcat.util.digester.Digester   :   match='mbeans-descriptors/mbean/operation/parameter'
2019-05-11 11:06:11.334 DEBUG 8956 --- [kground-preinit] o.apache.tomcat.util.digester.Digester   :   bodyText=''
2019-05-11 11:06:11.334 DEBUG 8956 --- [kground-preinit] o.apache.tomcat.util.digester.Digester   :   Fire body() for ObjectCreateRule[className=org.apache.tomcat.util.modeler.ParameterInfo, attributeName=null]
2019-05-11 11:06:11.334 DEBUG 8956 --- [kground-preinit] o.apache.tomcat.util.digester.Digester   :   Fire body() for SetPropertiesRule[]
2019-05-11 11:06:11.334 DEBUG 8956 --- [kground-preinit] o.apache.tomcat.util.digester.Digester   :   Fire body() for SetNextRule[methodName=addParameter, paramType=org.apache.tomcat.util.modeler.ParameterInfo]
2019-05-11 11:06:11.334 DEBUG 8956 --- [kground-preinit] o.apache.tomcat.util.digester.Digester   :   Fire end() for SetNextRule[methodName=addParameter, paramType=org.apache.tomcat.util.modeler.ParameterInfo]
2019-05-11 11:06:11.334 DEBUG 8956 --- [kground-preinit] o.apache.tomcat.util.digester.Digester   : [SetNextRule]{mbeans-descriptors/mbean/operation/parameter} Call org.apache.tomcat.util.modeler.OperationInfo.addParameter(org.apache.tomcat.util.modeler.ParameterInfo@213eb403)
2019-05-11 11:06:11.335 DEBUG 8956 --- [kground-preinit] o.apache.tomcat.util.IntrospectionUtils  : IntrospectionUtils: callMethod1 org.apache.tomcat.util.modeler.OperationInfo org.apache.tomcat.util.modeler.ParameterInfo org.apache.tomcat.util.modeler.ParameterInfo
2019-05-11 11:06:11.335 DEBUG 8956 --- [kground-preinit] o.apache.tomcat.util.digester.Digester   :   Fire end() for SetPropertiesRule[]
2019-05-11 11:06:11.335 DEBUG 8956 --- [kground-preinit] o.apache.tomcat.util.digester.Digester   :   Fire end() for ObjectCreateRule[className=org.apache.tomcat.util.modeler.ParameterInfo, attributeName=null]
2019-05-11 11:06:11.335 DEBUG 8956 --- [kground-preinit] o.apache.tomcat.util.digester.Digester   : [ObjectCreateRule]{mbeans-descriptors/mbean/operation/parameter} Pop org.apache.tomcat.util.modeler.ParameterInfo
2019-05-11 11:06:11.335 DEBUG 8956 --- [kground-preinit] o.a.tomcat.util.digester.Digester.sax    : characters(
    )
2019-05-11 11:06:11.335 DEBUG 8956 --- [kground-preinit] o.a.tomcat.util.digester.Digester.sax    : endElement(,,operation)
2019-05-11 11:06:11.335 DEBUG 8956 --- [kground-preinit] o.apache.tomcat.util.digester.Digester   :   match='mbeans-descriptors/mbean/operation'
2019-05-11 11:06:11.335 DEBUG 8956 --- [kground-preinit] o.apache.tomcat.util.digester.Digester   :   bodyText='
      
      
    '
2019-05-11 11:06:11.335 DEBUG 8956 --- [kground-preinit] o.apache.tomcat.util.digester.Digester   :   Fire body() for ObjectCreateRule[className=org.apache.tomcat.util.modeler.OperationInfo, attributeName=null]
2019-05-11 11:06:11.335 DEBUG 8956 --- [kground-preinit] o.apache.tomcat.util.digester.Digester   :   Fire body() for SetPropertiesRule[]
2019-05-11 11:06:11.335 DEBUG 8956 --- [kground-preinit] o.apache.tomcat.util.digester.Digester   :   Fire body() for SetNextRule[methodName=addOperation, paramType=org.apache.tomcat.util.modeler.OperationInfo]
2019-05-11 11:06:11.335 DEBUG 8956 --- [kground-preinit] o.apache.tomcat.util.digester.Digester   :   Fire end() for SetNextRule[methodName=addOperation, paramType=org.apache.tomcat.util.modeler.OperationInfo]
2019-05-11 11:06:11.335 DEBUG 8956 --- [kground-preinit] o.apache.tomcat.util.digester.Digester   : [SetNextRule]{mbeans-descriptors/mbean/operation} Call org.apache.tomcat.util.modeler.ManagedBean.addOperation(org.apache.tomcat.util.modeler.OperationInfo@1815a49f)
2019-05-11 11:06:11.336 DEBUG 8956 --- [kground-preinit] o.apache.tomcat.util.IntrospectionUtils  : IntrospectionUtils: callMethod1 org.apache.tomcat.util.modeler.ManagedBean org.apache.tomcat.util.modeler.OperationInfo org.apache.tomcat.util.modeler.OperationInfo
2019-05-11 11:06:11.336 DEBUG 8956 --- [kground-preinit] o.apache.tomcat.util.digester.Digester   :   Fire end() for SetPropertiesRule[]
2019-05-11 11:06:11.336 DEBUG 8956 --- [kground-preinit] o.apache.tomcat.util.digester.Digester   :   Fire end() for ObjectCreateRule[className=org.apache.tomcat.util.modeler.OperationInfo, attributeName=null]
2019-05-11 11:06:11.336 DEBUG 8956 --- [kground-preinit] o.apache.tomcat.util.digester.Digester   : [ObjectCreateRule]{mbeans-descriptors/mbean/operation} Pop org.apache.tomcat.util.modeler.OperationInfo
2019-05-11 11:06:11.336 DEBUG 8956 --- [kground-preinit] o.a.tomcat.util.digester.Digester.sax    : characters(

    )
2019-05-11 11:06:11.336 DEBUG 8956 --- [kground-preinit] o.a.tomcat.util.digester.Digester.sax    : startElement(,,operation)
2019-05-11 11:06:11.336 DEBUG 8956 --- [kground-preinit] o.apache.tomcat.util.digester.Digester   :   New match='mbeans-descriptors/mbean/operation'
2019-05-11 11:06:11.336 DEBUG 8956 --- [kground-preinit] o.apache.tomcat.util.digester.Digester   :   Fire begin() for ObjectCreateRule[className=org.apache.tomcat.util.modeler.OperationInfo, attributeName=null]
2019-05-11 11:06:11.337 DEBUG 8956 --- [kground-preinit] o.apache.tomcat.util.digester.Digester   : [ObjectCreateRule]{mbeans-descriptors/mbean/operation}New org.apache.tomcat.util.modeler.OperationInfo
2019-05-11 11:06:11.337 DEBUG 8956 --- [kground-preinit] o.apache.tomcat.util.digester.Digester   :   Fire begin() for SetPropertiesRule[]
2019-05-11 11:06:11.337 DEBUG 8956 --- [kground-preinit] o.apache.tomcat.util.digester.Digester   : [SetPropertiesRule]{mbeans-descriptors/mbean/operation} Set org.apache.tomcat.util.modeler.OperationInfo properties
2019-05-11 11:06:11.337 DEBUG 8956 --- [kground-preinit] o.apache.tomcat.util.digester.Digester   : [SetPropertiesRule]{mbeans-descriptors/mbean/operation} Setting property 'name' to 'createValve'
2019-05-11 11:06:11.337 DEBUG 8956 --- [kground-preinit] o.apache.tomcat.util.IntrospectionUtils  : IntrospectionUtils: setProperty(class org.apache.tomcat.util.modeler.OperationInfo name=createValve)
2019-05-11 11:06:11.337 DEBUG 8956 --- [kground-preinit] o.apache.tomcat.util.digester.Digester   : [SetPropertiesRule]{mbeans-descriptors/mbean/operation} Setting property 'description' to 'Create a new Valve for the given Container'
2019-05-11 11:06:11.337 DEBUG 8956 --- [kground-preinit] o.apache.tomcat.util.IntrospectionUtils  : IntrospectionUtils: setProperty(class org.apache.tomcat.util.modeler.OperationInfo description=Create a new Valve for the given Container)
2019-05-11 11:06:11.337 DEBUG 8956 --- [kground-preinit] o.apache.tomcat.util.digester.Digester   : [SetPropertiesRule]{mbeans-descriptors/mbean/operation} Setting property 'impact' to 'ACTION'
2019-05-11 11:06:11.337 DEBUG 8956 --- [kground-preinit] o.apache.tomcat.util.IntrospectionUtils  : IntrospectionUtils: setProperty(class org.apache.tomcat.util.modeler.OperationInfo impact=ACTION)
2019-05-11 11:06:11.337 DEBUG 8956 --- [kground-preinit] o.apache.tomcat.util.digester.Digester   : [SetPropertiesRule]{mbeans-descriptors/mbean/operation} Setting property 'returnType' to 'java.lang.String'
2019-05-11 11:06:11.338 DEBUG 8956 --- [kground-preinit] o.apache.tomcat.util.IntrospectionUtils  : IntrospectionUtils: setProperty(class org.apache.tomcat.util.modeler.OperationInfo returnType=java.lang.String)
2019-05-11 11:06:11.338 DEBUG 8956 --- [kground-preinit] o.apache.tomcat.util.digester.Digester   :   Fire begin() for SetNextRule[methodName=addOperation, paramType=org.apache.tomcat.util.modeler.OperationInfo]
2019-05-11 11:06:11.338 DEBUG 8956 --- [kground-preinit] o.a.tomcat.util.digester.Digester.sax    : characters(
      )
2019-05-11 11:06:11.339 DEBUG 8956 --- [kground-preinit] o.a.tomcat.util.digester.Digester.sax    : startElement(,,parameter)
2019-05-11 11:06:11.339 DEBUG 8956 --- [kground-preinit] o.apache.tomcat.util.digester.Digester   :   New match='mbeans-descriptors/mbean/operation/parameter'
2019-05-11 11:06:11.339 DEBUG 8956 --- [kground-preinit] o.apache.tomcat.util.digester.Digester   :   Fire begin() for ObjectCreateRule[className=org.apache.tomcat.util.modeler.ParameterInfo, attributeName=null]
2019-05-11 11:06:11.339 DEBUG 8956 --- [kground-preinit] o.apache.tomcat.util.digester.Digester   : [ObjectCreateRule]{mbeans-descriptors/mbean/operation/parameter}New org.apache.tomcat.util.modeler.ParameterInfo
2019-05-11 11:06:11.339 DEBUG 8956 --- [kground-preinit] o.apache.tomcat.util.digester.Digester   :   Fire begin() for SetPropertiesRule[]
2019-05-11 11:06:11.340 DEBUG 8956 --- [kground-preinit] o.apache.tomcat.util.digester.Digester   : [SetPropertiesRule]{mbeans-descriptors/mbean/operation/parameter} Set org.apache.tomcat.util.modeler.ParameterInfo properties
2019-05-11 11:06:11.340 DEBUG 8956 --- [kground-preinit] o.apache.tomcat.util.digester.Digester   : [SetPropertiesRule]{mbeans-descriptors/mbean/operation/parameter} Setting property 'name' to 'className'
2019-05-11 11:06:11.340 DEBUG 8956 --- [kground-preinit] o.apache.tomcat.util.IntrospectionUtils  : IntrospectionUtils: setProperty(class org.apache.tomcat.util.modeler.ParameterInfo name=className)
2019-05-11 11:06:11.340 DEBUG 8956 --- [kground-preinit] o.apache.tomcat.util.digester.Digester   : [SetPropertiesRule]{mbeans-descriptors/mbean/operation/parameter} Setting property 'description' to 'Fully qualified class name of the Valve to create'
2019-05-11 11:06:11.341 DEBUG 8956 --- [kground-preinit] o.apache.tomcat.util.IntrospectionUtils  : IntrospectionUtils: setProperty(class org.apache.tomcat.util.modeler.ParameterInfo description=Fully qualified class name of the Valve to create)
2019-05-11 11:06:11.341 DEBUG 8956 --- [kground-preinit] o.apache.tomcat.util.digester.Digester   : [SetPropertiesRule]{mbeans-descriptors/mbean/operation/parameter} Setting property 'type' to 'java.lang.String'
2019-05-11 11:06:11.341 DEBUG 8956 --- [kground-preinit] o.apache.tomcat.util.IntrospectionUtils  : IntrospectionUtils: setProperty(class org.apache.tomcat.util.modeler.ParameterInfo type=java.lang.String)
2019-05-11 11:06:11.341 DEBUG 8956 --- [kground-preinit] o.apache.tomcat.util.digester.Digester   :   Fire begin() for SetNextRule[methodName=addParameter, paramType=org.apache.tomcat.util.modeler.ParameterInfo]
2019-05-11 11:06:11.341 DEBUG 8956 --- [kground-preinit] o.a.tomcat.util.digester.Digester.sax    : endElement(,,parameter)
2019-05-11 11:06:11.342 DEBUG 8956 --- [kground-preinit] o.apache.tomcat.util.digester.Digester   :   match='mbeans-descriptors/mbean/operation/parameter'
2019-05-11 11:06:11.342 DEBUG 8956 --- [kground-preinit] o.apache.tomcat.util.digester.Digester   :   bodyText=''
2019-05-11 11:06:11.342 DEBUG 8956 --- [kground-preinit] o.apache.tomcat.util.digester.Digester   :   Fire body() for ObjectCreateRule[className=org.apache.tomcat.util.modeler.ParameterInfo, attributeName=null]
2019-05-11 11:06:11.342 DEBUG 8956 --- [kground-preinit] o.apache.tomcat.util.digester.Digester   :   Fire body() for SetPropertiesRule[]
2019-05-11 11:06:11.347 DEBUG 8956 --- [kground-preinit] o.apache.tomcat.util.digester.Digester   :   Fire body() for SetNextRule[methodName=addParameter, paramType=org.apache.tomcat.util.modeler.ParameterInfo]
2019-05-11 11:06:11.350 DEBUG 8956 --- [kground-preinit] o.apache.tomcat.util.digester.Digester   :   Fire end() for SetNextRule[methodName=addParameter, paramType=org.apache.tomcat.util.modeler.ParameterInfo]
2019-05-11 11:06:11.350 DEBUG 8956 --- [kground-preinit] o.apache.tomcat.util.digester.Digester   : [SetNextRule]{mbeans-descriptors/mbean/operation/parameter} Call org.apache.tomcat.util.modeler.OperationInfo.addParameter(org.apache.tomcat.util.modeler.ParameterInfo@57e12c8c)
2019-05-11 11:06:11.350 DEBUG 8956 --- [kground-preinit] o.apache.tomcat.util.IntrospectionUtils  : IntrospectionUtils: callMethod1 org.apache.tomcat.util.modeler.OperationInfo org.apache.tomcat.util.modeler.ParameterInfo org.apache.tomcat.util.modeler.ParameterInfo
2019-05-11 11:06:11.351 DEBUG 8956 --- [kground-preinit] o.apache.tomcat.util.digester.Digester   :   Fire end() for SetPropertiesRule[]
2019-05-11 11:06:11.351 DEBUG 8956 --- [kground-preinit] o.apache.tomcat.util.digester.Digester   :   Fire end() for ObjectCreateRule[className=org.apache.tomcat.util.modeler.ParameterInfo, attributeName=null]
2019-05-11 11:06:11.354 DEBUG 8956 --- [kground-preinit] o.apache.tomcat.util.digester.Digester   : [ObjectCreateRule]{mbeans-descriptors/mbean/operation/parameter} Pop org.apache.tomcat.util.modeler.ParameterInfo
2019-05-11 11:06:11.362 DEBUG 8956 --- [kground-preinit] o.a.tomcat.util.digester.Digester.sax    : characters(
      )
2019-05-11 11:06:11.382 DEBUG 8956 --- [kground-preinit] o.a.tomcat.util.digester.Digester.sax    : startElement(,,parameter)
2019-05-11 11:06:11.383 DEBUG 8956 --- [kground-preinit] o.apache.tomcat.util.digester.Digester   :   New match='mbeans-descriptors/mbean/operation/parameter'
2019-05-11 11:06:11.383 DEBUG 8956 --- [kground-preinit] o.apache.tomcat.util.digester.Digester   :   Fire begin() for ObjectCreateRule[className=org.apache.tomcat.util.modeler.ParameterInfo, attributeName=null]
2019-05-11 11:06:11.383 DEBUG 8956 --- [kground-preinit] o.apache.tomcat.util.digester.Digester   : [ObjectCreateRule]{mbeans-descriptors/mbean/operation/parameter}New org.apache.tomcat.util.modeler.ParameterInfo
2019-05-11 11:06:11.396 DEBUG 8956 --- [kground-preinit] o.apache.tomcat.util.digester.Digester   :   Fire begin() for SetPropertiesRule[]
2019-05-11 11:06:11.396 DEBUG 8956 --- [kground-preinit] o.apache.tomcat.util.digester.Digester   : [SetPropertiesRule]{mbeans-descriptors/mbean/operation/parameter} Set org.apache.tomcat.util.modeler.ParameterInfo properties
2019-05-11 11:06:11.397 DEBUG 8956 --- [kground-preinit] o.apache.tomcat.util.digester.Digester   : [SetPropertiesRule]{mbeans-descriptors/mbean/operation/parameter} Setting property 'name' to 'parent'
2019-05-11 11:06:11.398 DEBUG 8956 --- [kground-preinit] o.apache.tomcat.util.IntrospectionUtils  : IntrospectionUtils: setProperty(class org.apache.tomcat.util.modeler.ParameterInfo name=parent)
2019-05-11 11:06:11.399 DEBUG 8956 --- [kground-preinit] o.apache.tomcat.util.digester.Digester   : [SetPropertiesRule]{mbeans-descriptors/mbean/operation/parameter} Setting property 'description' to 'MBean Name of the associated parent component'
2019-05-11 11:06:11.399 DEBUG 8956 --- [kground-preinit] o.apache.tomcat.util.IntrospectionUtils  : IntrospectionUtils: setProperty(class org.apache.tomcat.util.modeler.ParameterInfo description=MBean Name of the associated parent component)
2019-05-11 11:06:11.421 DEBUG 8956 --- [kground-preinit] o.apache.tomcat.util.digester.Digester   : [SetPropertiesRule]{mbeans-descriptors/mbean/operation/parameter} Setting property 'type' to 'java.lang.String'
2019-05-11 11:06:11.422 DEBUG 8956 --- [kground-preinit] o.apache.tomcat.util.IntrospectionUtils  : IntrospectionUtils: setProperty(class org.apache.tomcat.util.modeler.ParameterInfo type=java.lang.String)
2019-05-11 11:06:11.430 DEBUG 8956 --- [kground-preinit] o.apache.tomcat.util.digester.Digester   :   Fire begin() for SetNextRule[methodName=addParameter, paramType=org.apache.tomcat.util.modeler.ParameterInfo]
2019-05-11 11:06:11.446 DEBUG 8956 --- [kground-preinit] o.a.tomcat.util.digester.Digester.sax    : endElement(,,parameter)
2019-05-11 11:06:11.446 DEBUG 8956 --- [kground-preinit] o.apache.tomcat.util.digester.Digester   :   match='mbeans-descriptors/mbean/operation/parameter'
2019-05-11 11:06:11.447 DEBUG 8956 --- [kground-preinit] o.apache.tomcat.util.digester.Digester   :   bodyText=''
2019-05-11 11:06:11.447 DEBUG 8956 --- [kground-preinit] o.apache.tomcat.util.digester.Digester   :   Fire body() for ObjectCreateRule[className=org.apache.tomcat.util.modeler.ParameterInfo, attributeName=null]
2019-05-11 11:06:11.447 DEBUG 8956 --- [kground-preinit] o.apache.tomcat.util.digester.Digester   :   Fire body() for SetPropertiesRule[]
2019-05-11 11:06:11.450 DEBUG 8956 --- [kground-preinit] o.apache.tomcat.util.digester.Digester   :   Fire body() for SetNextRule[methodName=addParameter, paramType=org.apache.tomcat.util.modeler.ParameterInfo]
2019-05-11 11:06:11.450 DEBUG 8956 --- [kground-preinit] o.apache.tomcat.util.digester.Digester   :   Fire end() for SetNextRule[methodName=addParameter, paramType=org.apache.tomcat.util.modeler.ParameterInfo]
2019-05-11 11:06:11.450 DEBUG 8956 --- [kground-preinit] o.apache.tomcat.util.digester.Digester   : [SetNextRule]{mbeans-descriptors/mbean/operation/parameter} Call org.apache.tomcat.util.modeler.OperationInfo.addParameter(org.apache.tomcat.util.modeler.ParameterInfo@7c8333ae)
2019-05-11 11:06:11.450 DEBUG 8956 --- [kground-preinit] o.apache.tomcat.util.IntrospectionUtils  : IntrospectionUtils: callMethod1 org.apache.tomcat.util.modeler.OperationInfo org.apache.tomcat.util.modeler.ParameterInfo org.apache.tomcat.util.modeler.ParameterInfo
2019-05-11 11:06:11.451 DEBUG 8956 --- [kground-preinit] o.apache.tomcat.util.digester.Digester   :   Fire end() for SetPropertiesRule[]
2019-05-11 11:06:11.451 DEBUG 8956 --- [kground-preinit] o.apache.tomcat.util.digester.Digester   :   Fire end() for ObjectCreateRule[className=org.apache.tomcat.util.modeler.ParameterInfo, attributeName=null]
2019-05-11 11:06:11.451 DEBUG 8956 --- [kground-preinit] o.apache.tomcat.util.digester.Digester   : [ObjectCreateRule]{mbeans-descriptors/mbean/operation/parameter} Pop org.apache.tomcat.util.modeler.ParameterInfo
2019-05-11 11:06:11.451 DEBUG 8956 --- [kground-preinit] o.a.tomcat.util.digester.Digester.sax    : characters(
    )
2019-05-11 11:06:11.451 DEBUG 8956 --- [kground-preinit] o.a.tomcat.util.digester.Digester.sax    : endElement(,,operation)
2019-05-11 11:06:11.451 DEBUG 8956 --- [kground-preinit] o.apache.tomcat.util.digester.Digester   :   match='mbeans-descriptors/mbean/operation'
2019-05-11 11:06:11.452 DEBUG 8956 --- [kground-preinit] o.apache.tomcat.util.digester.Digester   :   bodyText='
      
      
    '
2019-05-11 11:06:11.452 DEBUG 8956 --- [kground-preinit] o.apache.tomcat.util.digester.Digester   :   Fire body() for ObjectCreateRule[className=org.apache.tomcat.util.modeler.OperationInfo, attributeName=null]
2019-05-11 11:06:11.452 DEBUG 8956 --- [kground-preinit] o.apache.tomcat.util.digester.Digester   :   Fire body() for SetPropertiesRule[]
2019-05-11 11:06:11.452 DEBUG 8956 --- [kground-preinit] o.apache.tomcat.util.digester.Digester   :   Fire body() for SetNextRule[methodName=addOperation, paramType=org.apache.tomcat.util.modeler.OperationInfo]
2019-05-11 11:06:11.452 DEBUG 8956 --- [kground-preinit] o.apache.tomcat.util.digester.Digester   :   Fire end() for SetNextRule[methodName=addOperation, paramType=org.apache.tomcat.util.modeler.OperationInfo]
2019-05-11 11:06:11.452 DEBUG 8956 --- [kground-preinit] o.apache.tomcat.util.digester.Digester   : [SetNextRule]{mbeans-descriptors/mbean/operation} Call org.apache.tomcat.util.modeler.ManagedBean.addOperation(org.apache.tomcat.util.modeler.OperationInfo@28c90e91)
2019-05-11 11:06:11.452 DEBUG 8956 --- [kground-preinit] o.apache.tomcat.util.IntrospectionUtils  : IntrospectionUtils: callMethod1 org.apache.tomcat.util.modeler.ManagedBean org.apache.tomcat.util.modeler.OperationInfo org.apache.tomcat.util.modeler.OperationInfo
2019-05-11 11:06:11.453 DEBUG 8956 --- [kground-preinit] o.apache.tomcat.util.digester.Digester   :   Fire end() for SetPropertiesRule[]
2019-05-11 11:06:11.453 DEBUG 8956 --- [kground-preinit] o.apache.tomcat.util.digester.Digester   :   Fire end() for ObjectCreateRule[className=org.apache.tomcat.util.modeler.OperationInfo, attributeName=null]
2019-05-11 11:06:11.453 DEBUG 8956 --- [kground-preinit] o.apache.tomcat.util.digester.Digester   : [ObjectCreateRule]{mbeans-descriptors/mbean/operation} Pop org.apache.tomcat.util.modeler.OperationInfo
2019-05-11 11:06:11.453 DEBUG 8956 --- [kground-preinit] o.a.tomcat.util.digester.Digester.sax    : characters(

    )
2019-05-11 11:06:11.454 DEBUG 8956 --- [kground-preinit] o.a.tomcat.util.digester.Digester.sax    : startElement(,,operation)
2019-05-11 11:06:11.454 DEBUG 8956 --- [kground-preinit] o.apache.tomcat.util.digester.Digester   :   New match='mbeans-descriptors/mbean/operation'
2019-05-11 11:06:11.454 DEBUG 8956 --- [kground-preinit] o.apache.tomcat.util.digester.Digester   :   Fire begin() for ObjectCreateRule[className=org.apache.tomcat.util.modeler.OperationInfo, attributeName=null]
2019-05-11 11:06:11.454 DEBUG 8956 --- [kground-preinit] o.apache.tomcat.util.digester.Digester   : [ObjectCreateRule]{mbeans-descriptors/mbean/operation}New org.apache.tomcat.util.modeler.OperationInfo
2019-05-11 11:06:11.454 DEBUG 8956 --- [kground-preinit] o.apache.tomcat.util.digester.Digester   :   Fire begin() for SetPropertiesRule[]
2019-05-11 11:06:11.454 DEBUG 8956 --- [kground-preinit] o.apache.tomcat.util.digester.Digester   : [SetPropertiesRule]{mbeans-descriptors/mbean/operation} Set org.apache.tomcat.util.modeler.OperationInfo properties
2019-05-11 11:06:11.454 DEBUG 8956 --- [kground-preinit] o.apache.tomcat.util.digester.Digester   : [SetPropertiesRule]{mbeans-descriptors/mbean/operation} Setting property 'name' to 'createWebappLoader'
2019-05-11 11:06:11.454 DEBUG 8956 --- [kground-preinit] o.apache.tomcat.util.IntrospectionUtils  : IntrospectionUtils: setProperty(class org.apache.tomcat.util.modeler.OperationInfo name=createWebappLoader)
2019-05-11 11:06:11.454 DEBUG 8956 --- [kground-preinit] o.apache.tomcat.util.digester.Digester   : [SetPropertiesRule]{mbeans-descriptors/mbean/operation} Setting property 'description' to 'Create a new Web Application Loader'
2019-05-11 11:06:11.454 DEBUG 8956 --- [kground-preinit] o.apache.tomcat.util.IntrospectionUtils  : IntrospectionUtils: setProperty(class org.apache.tomcat.util.modeler.OperationInfo description=Create a new Web Application Loader)
2019-05-11 11:06:11.454 DEBUG 8956 --- [kground-preinit] o.apache.tomcat.util.digester.Digester   : [SetPropertiesRule]{mbeans-descriptors/mbean/operation} Setting property 'impact' to 'ACTION'
2019-05-11 11:06:11.455 DEBUG 8956 --- [kground-preinit] o.apache.tomcat.util.IntrospectionUtils  : IntrospectionUtils: setProperty(class org.apache.tomcat.util.modeler.OperationInfo impact=ACTION)
2019-05-11 11:06:11.455 DEBUG 8956 --- [kground-preinit] o.apache.tomcat.util.digester.Digester   : [SetPropertiesRule]{mbeans-descriptors/mbean/operation} Setting property 'returnType' to 'java.lang.String'
2019-05-11 11:06:11.455 DEBUG 8956 --- [kground-preinit] o.apache.tomcat.util.IntrospectionUtils  : IntrospectionUtils: setProperty(class org.apache.tomcat.util.modeler.OperationInfo returnType=java.lang.String)
2019-05-11 11:06:11.455 DEBUG 8956 --- [kground-preinit] o.apache.tomcat.util.digester.Digester   :   Fire begin() for SetNextRule[methodName=addOperation, paramType=org.apache.tomcat.util.modeler.OperationInfo]
2019-05-11 11:06:11.455 DEBUG 8956 --- [kground-preinit] o.a.tomcat.util.digester.Digester.sax    : characters(
      )
2019-05-11 11:06:11.456 DEBUG 8956 --- [kground-preinit] o.a.tomcat.util.digester.Digester.sax    : startElement(,,parameter)
2019-05-11 11:06:11.456 DEBUG 8956 --- [kground-preinit] o.apache.tomcat.util.digester.Digester   :   New match='mbeans-descriptors/mbean/operation/parameter'
2019-05-11 11:06:11.456 DEBUG 8956 --- [kground-preinit] o.apache.tomcat.util.digester.Digester   :   Fire begin() for ObjectCreateRule[className=org.apache.tomcat.util.modeler.ParameterInfo, attributeName=null]
2019-05-11 11:06:11.456 DEBUG 8956 --- [kground-preinit] o.apache.tomcat.util.digester.Digester   : [ObjectCreateRule]{mbeans-descriptors/mbean/operation/parameter}New org.apache.tomcat.util.modeler.ParameterInfo
2019-05-11 11:06:11.456 DEBUG 8956 --- [kground-preinit] o.apache.tomcat.util.digester.Digester   :   Fire begin() for SetPropertiesRule[]
2019-05-11 11:06:11.457 DEBUG 8956 --- [kground-preinit] o.apache.tomcat.util.digester.Digester   : [SetPropertiesRule]{mbeans-descriptors/mbean/operation/parameter} Set org.apache.tomcat.util.modeler.ParameterInfo properties
2019-05-11 11:06:11.457 DEBUG 8956 --- [kground-preinit] o.apache.tomcat.util.digester.Digester   : [SetPropertiesRule]{mbeans-descriptors/mbean/operation/parameter} Setting property 'name' to 'parent'
2019-05-11 11:06:11.457 DEBUG 8956 --- [kground-preinit] o.apache.tomcat.util.IntrospectionUtils  : IntrospectionUtils: setProperty(class org.apache.tomcat.util.modeler.ParameterInfo name=parent)
2019-05-11 11:06:11.457 DEBUG 8956 --- [kground-preinit] o.apache.tomcat.util.digester.Digester   : [SetPropertiesRule]{mbeans-descriptors/mbean/operation/parameter} Setting property 'description' to 'MBean Name of the associated parent component'
2019-05-11 11:06:11.457 DEBUG 8956 --- [kground-preinit] o.apache.tomcat.util.IntrospectionUtils  : IntrospectionUtils: setProperty(class org.apache.tomcat.util.modeler.ParameterInfo description=MBean Name of the associated parent component)
2019-05-11 11:06:11.457 DEBUG 8956 --- [kground-preinit] o.apache.tomcat.util.digester.Digester   : [SetPropertiesRule]{mbeans-descriptors/mbean/operation/parameter} Setting property 'type' to 'java.lang.String'
2019-05-11 11:06:11.457 DEBUG 8956 --- [kground-preinit] o.apache.tomcat.util.IntrospectionUtils  : IntrospectionUtils: setProperty(class org.apache.tomcat.util.modeler.ParameterInfo type=java.lang.String)
2019-05-11 11:06:11.458 DEBUG 8956 --- [kground-preinit] o.apache.tomcat.util.digester.Digester   :   Fire begin() for SetNextRule[methodName=addParameter, paramType=org.apache.tomcat.util.modeler.ParameterInfo]
2019-05-11 11:06:11.458 DEBUG 8956 --- [kground-preinit] o.a.tomcat.util.digester.Digester.sax    : endElement(,,parameter)
2019-05-11 11:06:11.458 DEBUG 8956 --- [kground-preinit] o.apache.tomcat.util.digester.Digester   :   match='mbeans-descriptors/mbean/operation/parameter'
2019-05-11 11:06:11.458 DEBUG 8956 --- [kground-preinit] o.apache.tomcat.util.digester.Digester   :   bodyText=''
2019-05-11 11:06:11.458 DEBUG 8956 --- [kground-preinit] o.apache.tomcat.util.digester.Digester   :   Fire body() for ObjectCreateRule[className=org.apache.tomcat.util.modeler.ParameterInfo, attributeName=null]
2019-05-11 11:06:11.458 DEBUG 8956 --- [kground-preinit] o.apache.tomcat.util.digester.Digester   :   Fire body() for SetPropertiesRule[]
2019-05-11 11:06:11.458 DEBUG 8956 --- [kground-preinit] o.apache.tomcat.util.digester.Digester   :   Fire body() for SetNextRule[methodName=addParameter, paramType=org.apache.tomcat.util.modeler.ParameterInfo]
2019-05-11 11:06:11.458 DEBUG 8956 --- [kground-preinit] o.apache.tomcat.util.digester.Digester   :   Fire end() for SetNextRule[methodName=addParameter, paramType=org.apache.tomcat.util.modeler.ParameterInfo]
2019-05-11 11:06:11.458 DEBUG 8956 --- [kground-preinit] o.apache.tomcat.util.digester.Digester   : [SetNextRule]{mbeans-descriptors/mbean/operation/parameter} Call org.apache.tomcat.util.modeler.OperationInfo.addParameter(org.apache.tomcat.util.modeler.ParameterInfo@1d4d764b)
2019-05-11 11:06:11.458 DEBUG 8956 --- [kground-preinit] o.apache.tomcat.util.IntrospectionUtils  : IntrospectionUtils: callMethod1 org.apache.tomcat.util.modeler.OperationInfo org.apache.tomcat.util.modeler.ParameterInfo org.apache.tomcat.util.modeler.ParameterInfo
2019-05-11 11:06:11.458 DEBUG 8956 --- [kground-preinit] o.apache.tomcat.util.digester.Digester   :   Fire end() for SetPropertiesRule[]
2019-05-11 11:06:11.458 DEBUG 8956 --- [kground-preinit] o.apache.tomcat.util.digester.Digester   :   Fire end() for ObjectCreateRule[className=org.apache.tomcat.util.modeler.ParameterInfo, attributeName=null]
2019-05-11 11:06:11.459 DEBUG 8956 --- [kground-preinit] o.apache.tomcat.util.digester.Digester   : [ObjectCreateRule]{mbeans-descriptors/mbean/operation/parameter} Pop org.apache.tomcat.util.modeler.ParameterInfo
2019-05-11 11:06:11.459 DEBUG 8956 --- [           main] o.s.c.e.PropertySourcesPropertyResolver  : Could not find key 'spring.messages.basename' in any property source
2019-05-11 11:06:11.459 DEBUG 8956 --- [kground-preinit] o.a.tomcat.util.digester.Digester.sax    : characters(
    )
2019-05-11 11:06:11.459 DEBUG 8956 --- [kground-preinit] o.a.tomcat.util.digester.Digester.sax    : endElement(,,operation)
2019-05-11 11:06:11.459 DEBUG 8956 --- [kground-preinit] o.apache.tomcat.util.digester.Digester   :   match='mbeans-descriptors/mbean/operation'
2019-05-11 11:06:11.459 DEBUG 8956 --- [kground-preinit] o.apache.tomcat.util.digester.Digester   :   bodyText='
      
    '
2019-05-11 11:06:11.459 DEBUG 8956 --- [kground-preinit] o.apache.tomcat.util.digester.Digester   :   Fire body() for ObjectCreateRule[className=org.apache.tomcat.util.modeler.OperationInfo, attributeName=null]
2019-05-11 11:06:11.459 DEBUG 8956 --- [kground-preinit] o.apache.tomcat.util.digester.Digester   :   Fire body() for SetPropertiesRule[]
2019-05-11 11:06:11.459 DEBUG 8956 --- [kground-preinit] o.apache.tomcat.util.digester.Digester   :   Fire body() for SetNextRule[methodName=addOperation, paramType=org.apache.tomcat.util.modeler.OperationInfo]
2019-05-11 11:06:11.459 DEBUG 8956 --- [kground-preinit] o.apache.tomcat.util.digester.Digester   :   Fire end() for SetNextRule[methodName=addOperation, paramType=org.apache.tomcat.util.modeler.OperationInfo]
2019-05-11 11:06:11.459 DEBUG 8956 --- [kground-preinit] o.apache.tomcat.util.digester.Digester   : [SetNextRule]{mbeans-descriptors/mbean/operation} Call org.apache.tomcat.util.modeler.ManagedBean.addOperation(org.apache.tomcat.util.modeler.OperationInfo@4316bc22)
2019-05-11 11:06:11.459 DEBUG 8956 --- [           main] .i.s.PathMatchingResourcePatternResolver : Resolved classpath location [messages.properties] to resources []
2019-05-11 11:06:11.459 DEBUG 8956 --- [kground-preinit] o.apache.tomcat.util.IntrospectionUtils  : IntrospectionUtils: callMethod1 org.apache.tomcat.util.modeler.ManagedBean org.apache.tomcat.util.modeler.OperationInfo org.apache.tomcat.util.modeler.OperationInfo
2019-05-11 11:06:11.459 DEBUG 8956 --- [           main] o.s.b.f.s.DefaultListableBeanFactory     : Returning cached instance of singleton bean 'autoConfigurationReport'
2019-05-11 11:06:11.460 DEBUG 8956 --- [kground-preinit] o.apache.tomcat.util.digester.Digester   :   Fire end() for SetPropertiesRule[]
2019-05-11 11:06:11.460 DEBUG 8956 --- [kground-preinit] o.apache.tomcat.util.digester.Digester   :   Fire end() for ObjectCreateRule[className=org.apache.tomcat.util.modeler.OperationInfo, attributeName=null]
2019-05-11 11:06:11.460 DEBUG 8956 --- [kground-preinit] o.apache.tomcat.util.digester.Digester   : [ObjectCreateRule]{mbeans-descriptors/mbean/operation} Pop org.apache.tomcat.util.modeler.OperationInfo
2019-05-11 11:06:11.460 DEBUG 8956 --- [kground-preinit] o.a.tomcat.util.digester.Digester.sax    : characters(

    )
2019-05-11 11:06:11.460 DEBUG 8956 --- [kground-preinit] o.a.tomcat.util.digester.Digester.sax    : characters(
    )
2019-05-11 11:06:11.460 DEBUG 8956 --- [kground-preinit] o.a.tomcat.util.digester.Digester.sax    : characters(
    )
2019-05-11 11:06:11.460 DEBUG 8956 --- [kground-preinit] o.a.tomcat.util.digester.Digester.sax    : characters(
    )
2019-05-11 11:06:11.460 DEBUG 8956 --- [kground-preinit] o.a.tomcat.util.digester.Digester.sax    : characters(

    )
2019-05-11 11:06:11.460 DEBUG 8956 --- [kground-preinit] o.a.tomcat.util.digester.Digester.sax    : startElement(,,operation)
2019-05-11 11:06:11.460 DEBUG 8956 --- [kground-preinit] o.apache.tomcat.util.digester.Digester   :   New match='mbeans-descriptors/mbean/operation'
2019-05-11 11:06:11.461 DEBUG 8956 --- [kground-preinit] o.apache.tomcat.util.digester.Digester   :   Fire begin() for ObjectCreateRule[className=org.apache.tomcat.util.modeler.OperationInfo, attributeName=null]
2019-05-11 11:06:11.461 DEBUG 8956 --- [kground-preinit] o.apache.tomcat.util.digester.Digester   : [ObjectCreateRule]{mbeans-descriptors/mbean/operation}New org.apache.tomcat.util.modeler.OperationInfo
2019-05-11 11:06:11.461 DEBUG 8956 --- [kground-preinit] o.apache.tomcat.util.digester.Digester   :   Fire begin() for SetPropertiesRule[]
2019-05-11 11:06:11.461 DEBUG 8956 --- [kground-preinit] o.apache.tomcat.util.digester.Digester   : [SetPropertiesRule]{mbeans-descriptors/mbean/operation} Set org.apache.tomcat.util.modeler.OperationInfo properties
2019-05-11 11:06:11.461 DEBUG 8956 --- [kground-preinit] o.apache.tomcat.util.digester.Digester   : [SetPropertiesRule]{mbeans-descriptors/mbean/operation} Setting property 'name' to 'removeConnector'
2019-05-11 11:06:11.461 DEBUG 8956 --- [kground-preinit] o.apache.tomcat.util.IntrospectionUtils  : IntrospectionUtils: setProperty(class org.apache.tomcat.util.modeler.OperationInfo name=removeConnector)
2019-05-11 11:06:11.462 DEBUG 8956 --- [kground-preinit] o.apache.tomcat.util.digester.Digester   : [SetPropertiesRule]{mbeans-descriptors/mbean/operation} Setting property 'description' to 'Remove an existing Connector'
2019-05-11 11:06:11.462 DEBUG 8956 --- [           main] o.s.b.f.s.DefaultListableBeanFactory     : Returning cached instance of singleton bean 'autoConfigurationReport'
2019-05-11 11:06:11.462 DEBUG 8956 --- [kground-preinit] o.apache.tomcat.util.IntrospectionUtils  : IntrospectionUtils: setProperty(class org.apache.tomcat.util.modeler.OperationInfo description=Remove an existing Connector)
2019-05-11 11:06:11.462 DEBUG 8956 --- [kground-preinit] o.apache.tomcat.util.digester.Digester   : [SetPropertiesRule]{mbeans-descriptors/mbean/operation} Setting property 'impact' to 'ACTION'
2019-05-11 11:06:11.462 DEBUG 8956 --- [kground-preinit] o.apache.tomcat.util.IntrospectionUtils  : IntrospectionUtils: setProperty(class org.apache.tomcat.util.modeler.OperationInfo impact=ACTION)
2019-05-11 11:06:11.463 DEBUG 8956 --- [kground-preinit] o.apache.tomcat.util.digester.Digester   : [SetPropertiesRule]{mbeans-descriptors/mbean/operation} Setting property 'returnType' to 'void'
2019-05-11 11:06:11.463 DEBUG 8956 --- [kground-preinit] o.apache.tomcat.util.IntrospectionUtils  : IntrospectionUtils: setProperty(class org.apache.tomcat.util.modeler.OperationInfo returnType=void)
2019-05-11 11:06:11.463 DEBUG 8956 --- [kground-preinit] o.apache.tomcat.util.digester.Digester   :   Fire begin() for SetNextRule[methodName=addOperation, paramType=org.apache.tomcat.util.modeler.OperationInfo]
2019-05-11 11:06:11.464 DEBUG 8956 --- [kground-preinit] o.a.tomcat.util.digester.Digester.sax    : characters(
      )
2019-05-11 11:06:11.464 DEBUG 8956 --- [kground-preinit] o.a.tomcat.util.digester.Digester.sax    : startElement(,,parameter)
2019-05-11 11:06:11.464 DEBUG 8956 --- [kground-preinit] o.apache.tomcat.util.digester.Digester   :   New match='mbeans-descriptors/mbean/operation/parameter'
2019-05-11 11:06:11.464 DEBUG 8956 --- [kground-preinit] o.apache.tomcat.util.digester.Digester   :   Fire begin() for ObjectCreateRule[className=org.apache.tomcat.util.modeler.ParameterInfo, attributeName=null]
2019-05-11 11:06:11.464 DEBUG 8956 --- [kground-preinit] o.apache.tomcat.util.digester.Digester   : [ObjectCreateRule]{mbeans-descriptors/mbean/operation/parameter}New org.apache.tomcat.util.modeler.ParameterInfo
2019-05-11 11:06:11.464 DEBUG 8956 --- [kground-preinit] o.apache.tomcat.util.digester.Digester   :   Fire begin() for SetPropertiesRule[]
2019-05-11 11:06:11.465 DEBUG 8956 --- [kground-preinit] o.apache.tomcat.util.digester.Digester   : [SetPropertiesRule]{mbeans-descriptors/mbean/operation/parameter} Set org.apache.tomcat.util.modeler.ParameterInfo properties
2019-05-11 11:06:11.465 DEBUG 8956 --- [kground-preinit] o.apache.tomcat.util.digester.Digester   : [SetPropertiesRule]{mbeans-descriptors/mbean/operation/parameter} Setting property 'name' to 'name'
2019-05-11 11:06:11.465 DEBUG 8956 --- [kground-preinit] o.apache.tomcat.util.IntrospectionUtils  : IntrospectionUtils: setProperty(class org.apache.tomcat.util.modeler.ParameterInfo name=name)
2019-05-11 11:06:11.465 DEBUG 8956 --- [kground-preinit] o.apache.tomcat.util.digester.Digester   : [SetPropertiesRule]{mbeans-descriptors/mbean/operation/parameter} Setting property 'description' to 'MBean Name of the component to be removed'
2019-05-11 11:06:11.465 DEBUG 8956 --- [kground-preinit] o.apache.tomcat.util.IntrospectionUtils  : IntrospectionUtils: setProperty(class org.apache.tomcat.util.modeler.ParameterInfo description=MBean Name of the component to be removed)
2019-05-11 11:06:11.466 DEBUG 8956 --- [kground-preinit] o.apache.tomcat.util.digester.Digester   : [SetPropertiesRule]{mbeans-descriptors/mbean/operation/parameter} Setting property 'type' to 'java.lang.String'
2019-05-11 11:06:11.466 DEBUG 8956 --- [kground-preinit] o.apache.tomcat.util.IntrospectionUtils  : IntrospectionUtils: setProperty(class org.apache.tomcat.util.modeler.ParameterInfo type=java.lang.String)
2019-05-11 11:06:11.466 DEBUG 8956 --- [kground-preinit] o.apache.tomcat.util.digester.Digester   :   Fire begin() for SetNextRule[methodName=addParameter, paramType=org.apache.tomcat.util.modeler.ParameterInfo]
2019-05-11 11:06:11.466 DEBUG 8956 --- [kground-preinit] o.a.tomcat.util.digester.Digester.sax    : endElement(,,parameter)
2019-05-11 11:06:11.466 DEBUG 8956 --- [kground-preinit] o.apache.tomcat.util.digester.Digester   :   match='mbeans-descriptors/mbean/operation/parameter'
2019-05-11 11:06:11.466 DEBUG 8956 --- [kground-preinit] o.apache.tomcat.util.digester.Digester   :   bodyText=''
2019-05-11 11:06:11.466 DEBUG 8956 --- [kground-preinit] o.apache.tomcat.util.digester.Digester   :   Fire body() for ObjectCreateRule[className=org.apache.tomcat.util.modeler.ParameterInfo, attributeName=null]
2019-05-11 11:06:11.466 DEBUG 8956 --- [kground-preinit] o.apache.tomcat.util.digester.Digester   :   Fire body() for SetPropertiesRule[]
2019-05-11 11:06:11.466 DEBUG 8956 --- [kground-preinit] o.apache.tomcat.util.digester.Digester   :   Fire body() for SetNextRule[methodName=addParameter, paramType=org.apache.tomcat.util.modeler.ParameterInfo]
2019-05-11 11:06:11.466 DEBUG 8956 --- [kground-preinit] o.apache.tomcat.util.digester.Digester   :   Fire end() for SetNextRule[methodName=addParameter, paramType=org.apache.tomcat.util.modeler.ParameterInfo]
2019-05-11 11:06:11.466 DEBUG 8956 --- [kground-preinit] o.apache.tomcat.util.digester.Digester   : [SetNextRule]{mbeans-descriptors/mbean/operation/parameter} Call org.apache.tomcat.util.modeler.OperationInfo.addParameter(org.apache.tomcat.util.modeler.ParameterInfo@4638524d)
2019-05-11 11:06:11.466 DEBUG 8956 --- [kground-preinit] o.apache.tomcat.util.IntrospectionUtils  : IntrospectionUtils: callMethod1 org.apache.tomcat.util.modeler.OperationInfo org.apache.tomcat.util.modeler.ParameterInfo org.apache.tomcat.util.modeler.ParameterInfo
2019-05-11 11:06:11.467 DEBUG 8956 --- [kground-preinit] o.apache.tomcat.util.digester.Digester   :   Fire end() for SetPropertiesRule[]
2019-05-11 11:06:11.467 DEBUG 8956 --- [kground-preinit] o.apache.tomcat.util.digester.Digester   :   Fire end() for ObjectCreateRule[className=org.apache.tomcat.util.modeler.ParameterInfo, attributeName=null]
2019-05-11 11:06:11.467 DEBUG 8956 --- [kground-preinit] o.apache.tomcat.util.digester.Digester   : [ObjectCreateRule]{mbeans-descriptors/mbean/operation/parameter} Pop org.apache.tomcat.util.modeler.ParameterInfo
2019-05-11 11:06:11.467 DEBUG 8956 --- [kground-preinit] o.a.tomcat.util.digester.Digester.sax    : characters(
    )
2019-05-11 11:06:11.467 DEBUG 8956 --- [kground-preinit] o.a.tomcat.util.digester.Digester.sax    : endElement(,,operation)
2019-05-11 11:06:11.467 DEBUG 8956 --- [kground-preinit] o.apache.tomcat.util.digester.Digester   :   match='mbeans-descriptors/mbean/operation'
2019-05-11 11:06:11.467 DEBUG 8956 --- [kground-preinit] o.apache.tomcat.util.digester.Digester   :   bodyText='
      
    '
2019-05-11 11:06:11.467 DEBUG 8956 --- [kground-preinit] o.apache.tomcat.util.digester.Digester   :   Fire body() for ObjectCreateRule[className=org.apache.tomcat.util.modeler.OperationInfo, attributeName=null]
2019-05-11 11:06:11.467 DEBUG 8956 --- [kground-preinit] o.apache.tomcat.util.digester.Digester   :   Fire body() for SetPropertiesRule[]
2019-05-11 11:06:11.467 DEBUG 8956 --- [kground-preinit] o.apache.tomcat.util.digester.Digester   :   Fire body() for SetNextRule[methodName=addOperation, paramType=org.apache.tomcat.util.modeler.OperationInfo]
2019-05-11 11:06:11.467 DEBUG 8956 --- [kground-preinit] o.apache.tomcat.util.digester.Digester   :   Fire end() for SetNextRule[methodName=addOperation, paramType=org.apache.tomcat.util.modeler.OperationInfo]
2019-05-11 11:06:11.467 DEBUG 8956 --- [kground-preinit] o.apache.tomcat.util.digester.Digester   : [SetNextRule]{mbeans-descriptors/mbean/operation} Call org.apache.tomcat.util.modeler.ManagedBean.addOperation(org.apache.tomcat.util.modeler.OperationInfo@f516bb6)
2019-05-11 11:06:11.468 DEBUG 8956 --- [kground-preinit] o.apache.tomcat.util.IntrospectionUtils  : IntrospectionUtils: callMethod1 org.apache.tomcat.util.modeler.ManagedBean org.apache.tomcat.util.modeler.OperationInfo org.apache.tomcat.util.modeler.OperationInfo
2019-05-11 11:06:11.468 DEBUG 8956 --- [kground-preinit] o.apache.tomcat.util.digester.Digester   :   Fire end() for SetPropertiesRule[]
2019-05-11 11:06:11.468 DEBUG 8956 --- [kground-preinit] o.apache.tomcat.util.digester.Digester   :   Fire end() for ObjectCreateRule[className=org.apache.tomcat.util.modeler.OperationInfo, attributeName=null]
2019-05-11 11:06:11.468 DEBUG 8956 --- [kground-preinit] o.apache.tomcat.util.digester.Digester   : [ObjectCreateRule]{mbeans-descriptors/mbean/operation} Pop org.apache.tomcat.util.modeler.OperationInfo
2019-05-11 11:06:11.468 DEBUG 8956 --- [kground-preinit] o.a.tomcat.util.digester.Digester.sax    : characters(

    )
2019-05-11 11:06:11.468 DEBUG 8956 --- [kground-preinit] o.a.tomcat.util.digester.Digester.sax    : startElement(,,operation)
2019-05-11 11:06:11.469 DEBUG 8956 --- [kground-preinit] o.apache.tomcat.util.digester.Digester   :   New match='mbeans-descriptors/mbean/operation'
2019-05-11 11:06:11.469 DEBUG 8956 --- [kground-preinit] o.apache.tomcat.util.digester.Digester   :   Fire begin() for ObjectCreateRule[className=org.apache.tomcat.util.modeler.OperationInfo, attributeName=null]
2019-05-11 11:06:11.469 DEBUG 8956 --- [kground-preinit] o.apache.tomcat.util.digester.Digester   : [ObjectCreateRule]{mbeans-descriptors/mbean/operation}New org.apache.tomcat.util.modeler.OperationInfo
2019-05-11 11:06:11.469 DEBUG 8956 --- [kground-preinit] o.apache.tomcat.util.digester.Digester   :   Fire begin() for SetPropertiesRule[]
2019-05-11 11:06:11.469 DEBUG 8956 --- [kground-preinit] o.apache.tomcat.util.digester.Digester   : [SetPropertiesRule]{mbeans-descriptors/mbean/operation} Set org.apache.tomcat.util.modeler.OperationInfo properties
2019-05-11 11:06:11.469 DEBUG 8956 --- [kground-preinit] o.apache.tomcat.util.digester.Digester   : [SetPropertiesRule]{mbeans-descriptors/mbean/operation} Setting property 'name' to 'removeContext'
2019-05-11 11:06:11.469 DEBUG 8956 --- [kground-preinit] o.apache.tomcat.util.IntrospectionUtils  : IntrospectionUtils: setProperty(class org.apache.tomcat.util.modeler.OperationInfo name=removeContext)
2019-05-11 11:06:11.469 DEBUG 8956 --- [kground-preinit] o.apache.tomcat.util.digester.Digester   : [SetPropertiesRule]{mbeans-descriptors/mbean/operation} Setting property 'description' to 'Remove an existing Context'
2019-05-11 11:06:11.469 DEBUG 8956 --- [kground-preinit] o.apache.tomcat.util.IntrospectionUtils  : IntrospectionUtils: setProperty(class org.apache.tomcat.util.modeler.OperationInfo description=Remove an existing Context)
2019-05-11 11:06:11.469 DEBUG 8956 --- [kground-preinit] o.apache.tomcat.util.digester.Digester   : [SetPropertiesRule]{mbeans-descriptors/mbean/operation} Setting property 'impact' to 'ACTION'
2019-05-11 11:06:11.469 DEBUG 8956 --- [kground-preinit] o.apache.tomcat.util.IntrospectionUtils  : IntrospectionUtils: setProperty(class org.apache.tomcat.util.modeler.OperationInfo impact=ACTION)
2019-05-11 11:06:11.469 DEBUG 8956 --- [kground-preinit] o.apache.tomcat.util.digester.Digester   : [SetPropertiesRule]{mbeans-descriptors/mbean/operation} Setting property 'returnType' to 'void'
2019-05-11 11:06:11.470 DEBUG 8956 --- [kground-preinit] o.apache.tomcat.util.IntrospectionUtils  : IntrospectionUtils: setProperty(class org.apache.tomcat.util.modeler.OperationInfo returnType=void)
2019-05-11 11:06:11.470 DEBUG 8956 --- [kground-preinit] o.apache.tomcat.util.digester.Digester   :   Fire begin() for SetNextRule[methodName=addOperation, paramType=org.apache.tomcat.util.modeler.OperationInfo]
2019-05-11 11:06:11.470 DEBUG 8956 --- [kground-preinit] o.a.tomcat.util.digester.Digester.sax    : characters(
      )
2019-05-11 11:06:11.470 DEBUG 8956 --- [kground-preinit] o.a.tomcat.util.digester.Digester.sax    : startElement(,,parameter)
2019-05-11 11:06:11.470 DEBUG 8956 --- [kground-preinit] o.apache.tomcat.util.digester.Digester   :   New match='mbeans-descriptors/mbean/operation/parameter'
2019-05-11 11:06:11.470 DEBUG 8956 --- [kground-preinit] o.apache.tomcat.util.digester.Digester   :   Fire begin() for ObjectCreateRule[className=org.apache.tomcat.util.modeler.ParameterInfo, attributeName=null]
2019-05-11 11:06:11.470 DEBUG 8956 --- [kground-preinit] o.apache.tomcat.util.digester.Digester   : [ObjectCreateRule]{mbeans-descriptors/mbean/operation/parameter}New org.apache.tomcat.util.modeler.ParameterInfo
2019-05-11 11:06:11.470 DEBUG 8956 --- [kground-preinit] o.apache.tomcat.util.digester.Digester   :   Fire begin() for SetPropertiesRule[]
2019-05-11 11:06:11.470 DEBUG 8956 --- [kground-preinit] o.apache.tomcat.util.digester.Digester   : [SetPropertiesRule]{mbeans-descriptors/mbean/operation/parameter} Set org.apache.tomcat.util.modeler.ParameterInfo properties
2019-05-11 11:06:11.470 DEBUG 8956 --- [kground-preinit] o.apache.tomcat.util.digester.Digester   : [SetPropertiesRule]{mbeans-descriptors/mbean/operation/parameter} Setting property 'name' to 'name'
2019-05-11 11:06:11.471 DEBUG 8956 --- [kground-preinit] o.apache.tomcat.util.IntrospectionUtils  : IntrospectionUtils: setProperty(class org.apache.tomcat.util.modeler.ParameterInfo name=name)
2019-05-11 11:06:11.471 DEBUG 8956 --- [kground-preinit] o.apache.tomcat.util.digester.Digester   : [SetPropertiesRule]{mbeans-descriptors/mbean/operation/parameter} Setting property 'description' to 'MBean Name of the component to be removed'
2019-05-11 11:06:11.471 DEBUG 8956 --- [kground-preinit] o.apache.tomcat.util.IntrospectionUtils  : IntrospectionUtils: setProperty(class org.apache.tomcat.util.modeler.ParameterInfo description=MBean Name of the component to be removed)
2019-05-11 11:06:11.471 DEBUG 8956 --- [kground-preinit] o.apache.tomcat.util.digester.Digester   : [SetPropertiesRule]{mbeans-descriptors/mbean/operation/parameter} Setting property 'type' to 'java.lang.String'
2019-05-11 11:06:11.471 DEBUG 8956 --- [kground-preinit] o.apache.tomcat.util.IntrospectionUtils  : IntrospectionUtils: setProperty(class org.apache.tomcat.util.modeler.ParameterInfo type=java.lang.String)
2019-05-11 11:06:11.471 DEBUG 8956 --- [kground-preinit] o.apache.tomcat.util.digester.Digester   :   Fire begin() for SetNextRule[methodName=addParameter, paramType=org.apache.tomcat.util.modeler.ParameterInfo]
2019-05-11 11:06:11.471 DEBUG 8956 --- [kground-preinit] o.a.tomcat.util.digester.Digester.sax    : endElement(,,parameter)
2019-05-11 11:06:11.471 DEBUG 8956 --- [kground-preinit] o.apache.tomcat.util.digester.Digester   :   match='mbeans-descriptors/mbean/operation/parameter'
2019-05-11 11:06:11.471 DEBUG 8956 --- [kground-preinit] o.apache.tomcat.util.digester.Digester   :   bodyText=''
2019-05-11 11:06:11.471 DEBUG 8956 --- [kground-preinit] o.apache.tomcat.util.digester.Digester   :   Fire body() for ObjectCreateRule[className=org.apache.tomcat.util.modeler.ParameterInfo, attributeName=null]
2019-05-11 11:06:11.471 DEBUG 8956 --- [kground-preinit] o.apache.tomcat.util.digester.Digester   :   Fire body() for SetPropertiesRule[]
2019-05-11 11:06:11.471 DEBUG 8956 --- [kground-preinit] o.apache.tomcat.util.digester.Digester   :   Fire body() for SetNextRule[methodName=addParameter, paramType=org.apache.tomcat.util.modeler.ParameterInfo]
2019-05-11 11:06:11.472 DEBUG 8956 --- [kground-preinit] o.apache.tomcat.util.digester.Digester   :   Fire end() for SetNextRule[methodName=addParameter, paramType=org.apache.tomcat.util.modeler.ParameterInfo]
2019-05-11 11:06:11.472 DEBUG 8956 --- [kground-preinit] o.apache.tomcat.util.digester.Digester   : [SetNextRule]{mbeans-descriptors/mbean/operation/parameter} Call org.apache.tomcat.util.modeler.OperationInfo.addParameter(org.apache.tomcat.util.modeler.ParameterInfo@372df6dc)
2019-05-11 11:06:11.472 DEBUG 8956 --- [kground-preinit] o.apache.tomcat.util.IntrospectionUtils  : IntrospectionUtils: callMethod1 org.apache.tomcat.util.modeler.OperationInfo org.apache.tomcat.util.modeler.ParameterInfo org.apache.tomcat.util.modeler.ParameterInfo
2019-05-11 11:06:11.473 DEBUG 8956 --- [kground-preinit] o.apache.tomcat.util.digester.Digester   :   Fire end() for SetPropertiesRule[]
2019-05-11 11:06:11.473 DEBUG 8956 --- [kground-preinit] o.apache.tomcat.util.digester.Digester   :   Fire end() for ObjectCreateRule[className=org.apache.tomcat.util.modeler.ParameterInfo, attributeName=null]
2019-05-11 11:06:11.473 DEBUG 8956 --- [kground-preinit] o.apache.tomcat.util.digester.Digester   : [ObjectCreateRule]{mbeans-descriptors/mbean/operation/parameter} Pop org.apache.tomcat.util.modeler.ParameterInfo
2019-05-11 11:06:11.473 DEBUG 8956 --- [kground-preinit] o.a.tomcat.util.digester.Digester.sax    : characters(
    )
2019-05-11 11:06:11.474 DEBUG 8956 --- [kground-preinit] o.a.tomcat.util.digester.Digester.sax    : endElement(,,operation)
2019-05-11 11:06:11.474 DEBUG 8956 --- [kground-preinit] o.apache.tomcat.util.digester.Digester   :   match='mbeans-descriptors/mbean/operation'
2019-05-11 11:06:11.474 DEBUG 8956 --- [kground-preinit] o.apache.tomcat.util.digester.Digester   :   bodyText='
      
    '
2019-05-11 11:06:11.474 DEBUG 8956 --- [kground-preinit] o.apache.tomcat.util.digester.Digester   :   Fire body() for ObjectCreateRule[className=org.apache.tomcat.util.modeler.OperationInfo, attributeName=null]
2019-05-11 11:06:11.474 DEBUG 8956 --- [kground-preinit] o.apache.tomcat.util.digester.Digester   :   Fire body() for SetPropertiesRule[]
2019-05-11 11:06:11.474 DEBUG 8956 --- [kground-preinit] o.apache.tomcat.util.digester.Digester   :   Fire body() for SetNextRule[methodName=addOperation, paramType=org.apache.tomcat.util.modeler.OperationInfo]
2019-05-11 11:06:11.474 DEBUG 8956 --- [kground-preinit] o.apache.tomcat.util.digester.Digester   :   Fire end() for SetNextRule[methodName=addOperation, paramType=org.apache.tomcat.util.modeler.OperationInfo]
2019-05-11 11:06:11.474 DEBUG 8956 --- [kground-preinit] o.apache.tomcat.util.digester.Digester   : [SetNextRule]{mbeans-descriptors/mbean/operation} Call org.apache.tomcat.util.modeler.ManagedBean.addOperation(org.apache.tomcat.util.modeler.OperationInfo@3303704e)
2019-05-11 11:06:11.475 DEBUG 8956 --- [kground-preinit] o.apache.tomcat.util.IntrospectionUtils  : IntrospectionUtils: callMethod1 org.apache.tomcat.util.modeler.ManagedBean org.apache.tomcat.util.modeler.OperationInfo org.apache.tomcat.util.modeler.OperationInfo
2019-05-11 11:06:11.475 DEBUG 8956 --- [kground-preinit] o.apache.tomcat.util.digester.Digester   :   Fire end() for SetPropertiesRule[]
2019-05-11 11:06:11.475 DEBUG 8956 --- [kground-preinit] o.apache.tomcat.util.digester.Digester   :   Fire end() for ObjectCreateRule[className=org.apache.tomcat.util.modeler.OperationInfo, attributeName=null]
2019-05-11 11:06:11.475 DEBUG 8956 --- [kground-preinit] o.apache.tomcat.util.digester.Digester   : [ObjectCreateRule]{mbeans-descriptors/mbean/operation} Pop org.apache.tomcat.util.modeler.OperationInfo
2019-05-11 11:06:11.475 DEBUG 8956 --- [kground-preinit] o.a.tomcat.util.digester.Digester.sax    : characters(

    )
2019-05-11 11:06:11.475 DEBUG 8956 --- [kground-preinit] o.a.tomcat.util.digester.Digester.sax    : startElement(,,operation)
2019-05-11 11:06:11.475 DEBUG 8956 --- [kground-preinit] o.apache.tomcat.util.digester.Digester   :   New match='mbeans-descriptors/mbean/operation'
2019-05-11 11:06:11.476 DEBUG 8956 --- [kground-preinit] o.apache.tomcat.util.digester.Digester   :   Fire begin() for ObjectCreateRule[className=org.apache.tomcat.util.modeler.OperationInfo, attributeName=null]
2019-05-11 11:06:11.476 DEBUG 8956 --- [kground-preinit] o.apache.tomcat.util.digester.Digester   : [ObjectCreateRule]{mbeans-descriptors/mbean/operation}New org.apache.tomcat.util.modeler.OperationInfo
2019-05-11 11:06:11.476 DEBUG 8956 --- [kground-preinit] o.apache.tomcat.util.digester.Digester   :   Fire begin() for SetPropertiesRule[]
2019-05-11 11:06:11.476 DEBUG 8956 --- [kground-preinit] o.apache.tomcat.util.digester.Digester   : [SetPropertiesRule]{mbeans-descriptors/mbean/operation} Set org.apache.tomcat.util.modeler.OperationInfo properties
2019-05-11 11:06:11.476 DEBUG 8956 --- [kground-preinit] o.apache.tomcat.util.digester.Digester   : [SetPropertiesRule]{mbeans-descriptors/mbean/operation} Setting property 'name' to 'removeHost'
2019-05-11 11:06:11.476 DEBUG 8956 --- [kground-preinit] o.apache.tomcat.util.IntrospectionUtils  : IntrospectionUtils: setProperty(class org.apache.tomcat.util.modeler.OperationInfo name=removeHost)
2019-05-11 11:06:11.476 DEBUG 8956 --- [kground-preinit] o.apache.tomcat.util.digester.Digester   : [SetPropertiesRule]{mbeans-descriptors/mbean/operation} Setting property 'description' to 'Remove an existing Host'
2019-05-11 11:06:11.476 DEBUG 8956 --- [kground-preinit] o.apache.tomcat.util.IntrospectionUtils  : IntrospectionUtils: setProperty(class org.apache.tomcat.util.modeler.OperationInfo description=Remove an existing Host)
2019-05-11 11:06:11.476 DEBUG 8956 --- [kground-preinit] o.apache.tomcat.util.digester.Digester   : [SetPropertiesRule]{mbeans-descriptors/mbean/operation} Setting property 'impact' to 'ACTION'
2019-05-11 11:06:11.476 DEBUG 8956 --- [kground-preinit] o.apache.tomcat.util.IntrospectionUtils  : IntrospectionUtils: setProperty(class org.apache.tomcat.util.modeler.OperationInfo impact=ACTION)
2019-05-11 11:06:11.476 DEBUG 8956 --- [kground-preinit] o.apache.tomcat.util.digester.Digester   : [SetPropertiesRule]{mbeans-descriptors/mbean/operation} Setting property 'returnType' to 'void'
2019-05-11 11:06:11.477 DEBUG 8956 --- [kground-preinit] o.apache.tomcat.util.IntrospectionUtils  : IntrospectionUtils: setProperty(class org.apache.tomcat.util.modeler.OperationInfo returnType=void)
2019-05-11 11:06:11.477 DEBUG 8956 --- [kground-preinit] o.apache.tomcat.util.digester.Digester   :   Fire begin() for SetNextRule[methodName=addOperation, paramType=org.apache.tomcat.util.modeler.OperationInfo]
2019-05-11 11:06:11.477 DEBUG 8956 --- [kground-preinit] o.a.tomcat.util.digester.Digester.sax    : characters(
      )
2019-05-11 11:06:11.477 DEBUG 8956 --- [kground-preinit] o.a.tomcat.util.digester.Digester.sax    : startElement(,,parameter)
2019-05-11 11:06:11.477 DEBUG 8956 --- [kground-preinit] o.apache.tomcat.util.digester.Digester   :   New match='mbeans-descriptors/mbean/operation/parameter'
2019-05-11 11:06:11.477 DEBUG 8956 --- [kground-preinit] o.apache.tomcat.util.digester.Digester   :   Fire begin() for ObjectCreateRule[className=org.apache.tomcat.util.modeler.ParameterInfo, attributeName=null]
2019-05-11 11:06:11.477 DEBUG 8956 --- [kground-preinit] o.apache.tomcat.util.digester.Digester   : [ObjectCreateRule]{mbeans-descriptors/mbean/operation/parameter}New org.apache.tomcat.util.modeler.ParameterInfo
2019-05-11 11:06:11.477 DEBUG 8956 --- [kground-preinit] o.apache.tomcat.util.digester.Digester   :   Fire begin() for SetPropertiesRule[]
2019-05-11 11:06:11.477 DEBUG 8956 --- [kground-preinit] o.apache.tomcat.util.digester.Digester   : [SetPropertiesRule]{mbeans-descriptors/mbean/operation/parameter} Set org.apache.tomcat.util.modeler.ParameterInfo properties
2019-05-11 11:06:11.477 DEBUG 8956 --- [kground-preinit] o.apache.tomcat.util.digester.Digester   : [SetPropertiesRule]{mbeans-descriptors/mbean/operation/parameter} Setting property 'name' to 'name'
2019-05-11 11:06:11.478 DEBUG 8956 --- [kground-preinit] o.apache.tomcat.util.IntrospectionUtils  : IntrospectionUtils: setProperty(class org.apache.tomcat.util.modeler.ParameterInfo name=name)
2019-05-11 11:06:11.478 DEBUG 8956 --- [kground-preinit] o.apache.tomcat.util.digester.Digester   : [SetPropertiesRule]{mbeans-descriptors/mbean/operation/parameter} Setting property 'description' to 'MBean Name of the component to be removed'
2019-05-11 11:06:11.478 DEBUG 8956 --- [kground-preinit] o.apache.tomcat.util.IntrospectionUtils  : IntrospectionUtils: setProperty(class org.apache.tomcat.util.modeler.ParameterInfo description=MBean Name of the component to be removed)
2019-05-11 11:06:11.478 DEBUG 8956 --- [kground-preinit] o.apache.tomcat.util.digester.Digester   : [SetPropertiesRule]{mbeans-descriptors/mbean/operation/parameter} Setting property 'type' to 'java.lang.String'
2019-05-11 11:06:11.478 DEBUG 8956 --- [kground-preinit] o.apache.tomcat.util.IntrospectionUtils  : IntrospectionUtils: setProperty(class org.apache.tomcat.util.modeler.ParameterInfo type=java.lang.String)
2019-05-11 11:06:11.478 DEBUG 8956 --- [kground-preinit] o.apache.tomcat.util.digester.Digester   :   Fire begin() for SetNextRule[methodName=addParameter, paramType=org.apache.tomcat.util.modeler.ParameterInfo]
2019-05-11 11:06:11.478 DEBUG 8956 --- [kground-preinit] o.a.tomcat.util.digester.Digester.sax    : endElement(,,parameter)
2019-05-11 11:06:11.478 DEBUG 8956 --- [kground-preinit] o.apache.tomcat.util.digester.Digester   :   match='mbeans-descriptors/mbean/operation/parameter'
2019-05-11 11:06:11.478 DEBUG 8956 --- [kground-preinit] o.apache.tomcat.util.digester.Digester   :   bodyText=''
2019-05-11 11:06:11.478 DEBUG 8956 --- [kground-preinit] o.apache.tomcat.util.digester.Digester   :   Fire body() for ObjectCreateRule[className=org.apache.tomcat.util.modeler.ParameterInfo, attributeName=null]
2019-05-11 11:06:11.479 DEBUG 8956 --- [kground-preinit] o.apache.tomcat.util.digester.Digester   :   Fire body() for SetPropertiesRule[]
2019-05-11 11:06:11.479 DEBUG 8956 --- [kground-preinit] o.apache.tomcat.util.digester.Digester   :   Fire body() for SetNextRule[methodName=addParameter, paramType=org.apache.tomcat.util.modeler.ParameterInfo]
2019-05-11 11:06:11.479 DEBUG 8956 --- [kground-preinit] o.apache.tomcat.util.digester.Digester   :   Fire end() for SetNextRule[methodName=addParameter, paramType=org.apache.tomcat.util.modeler.ParameterInfo]
2019-05-11 11:06:11.479 DEBUG 8956 --- [kground-preinit] o.apache.tomcat.util.digester.Digester   : [SetNextRule]{mbeans-descriptors/mbean/operation/parameter} Call org.apache.tomcat.util.modeler.OperationInfo.addParameter(org.apache.tomcat.util.modeler.ParameterInfo@370ba143)
2019-05-11 11:06:11.479 DEBUG 8956 --- [kground-preinit] o.apache.tomcat.util.IntrospectionUtils  : IntrospectionUtils: callMethod1 org.apache.tomcat.util.modeler.OperationInfo org.apache.tomcat.util.modeler.ParameterInfo org.apache.tomcat.util.modeler.ParameterInfo
2019-05-11 11:06:11.479 DEBUG 8956 --- [kground-preinit] o.apache.tomcat.util.digester.Digester   :   Fire end() for SetPropertiesRule[]
2019-05-11 11:06:11.479 DEBUG 8956 --- [kground-preinit] o.apache.tomcat.util.digester.Digester   :   Fire end() for ObjectCreateRule[className=org.apache.tomcat.util.modeler.ParameterInfo, attributeName=null]
2019-05-11 11:06:11.479 DEBUG 8956 --- [kground-preinit] o.apache.tomcat.util.digester.Digester   : [ObjectCreateRule]{mbeans-descriptors/mbean/operation/parameter} Pop org.apache.tomcat.util.modeler.ParameterInfo
2019-05-11 11:06:11.480 DEBUG 8956 --- [kground-preinit] o.a.tomcat.util.digester.Digester.sax    : characters(
    )
2019-05-11 11:06:11.480 DEBUG 8956 --- [kground-preinit] o.a.tomcat.util.digester.Digester.sax    : endElement(,,operation)
2019-05-11 11:06:11.480 DEBUG 8956 --- [kground-preinit] o.apache.tomcat.util.digester.Digester   :   match='mbeans-descriptors/mbean/operation'
2019-05-11 11:06:11.480 DEBUG 8956 --- [kground-preinit] o.apache.tomcat.util.digester.Digester   :   bodyText='
      
    '
2019-05-11 11:06:11.480 DEBUG 8956 --- [kground-preinit] o.apache.tomcat.util.digester.Digester   :   Fire body() for ObjectCreateRule[className=org.apache.tomcat.util.modeler.OperationInfo, attributeName=null]
2019-05-11 11:06:11.481 DEBUG 8956 --- [kground-preinit] o.apache.tomcat.util.digester.Digester   :   Fire body() for SetPropertiesRule[]
2019-05-11 11:06:11.481 DEBUG 8956 --- [kground-preinit] o.apache.tomcat.util.digester.Digester   :   Fire body() for SetNextRule[methodName=addOperation, paramType=org.apache.tomcat.util.modeler.OperationInfo]
2019-05-11 11:06:11.481 DEBUG 8956 --- [kground-preinit] o.apache.tomcat.util.digester.Digester   :   Fire end() for SetNextRule[methodName=addOperation, paramType=org.apache.tomcat.util.modeler.OperationInfo]
2019-05-11 11:06:11.481 DEBUG 8956 --- [kground-preinit] o.apache.tomcat.util.digester.Digester   : [SetNextRule]{mbeans-descriptors/mbean/operation} Call org.apache.tomcat.util.modeler.ManagedBean.addOperation(org.apache.tomcat.util.modeler.OperationInfo@6c78b058)
2019-05-11 11:06:11.482 DEBUG 8956 --- [kground-preinit] o.apache.tomcat.util.IntrospectionUtils  : IntrospectionUtils: callMethod1 org.apache.tomcat.util.modeler.ManagedBean org.apache.tomcat.util.modeler.OperationInfo org.apache.tomcat.util.modeler.OperationInfo
2019-05-11 11:06:11.482 DEBUG 8956 --- [kground-preinit] o.apache.tomcat.util.digester.Digester   :   Fire end() for SetPropertiesRule[]
2019-05-11 11:06:11.482 DEBUG 8956 --- [kground-preinit] o.apache.tomcat.util.digester.Digester   :   Fire end() for ObjectCreateRule[className=org.apache.tomcat.util.modeler.OperationInfo, attributeName=null]
2019-05-11 11:06:11.482 DEBUG 8956 --- [           main] o.s.b.f.s.DefaultListableBeanFactory     : Returning cached instance of singleton bean 'autoConfigurationReport'
2019-05-11 11:06:11.483 DEBUG 8956 --- [kground-preinit] o.apache.tomcat.util.digester.Digester   : [ObjectCreateRule]{mbeans-descriptors/mbean/operation} Pop org.apache.tomcat.util.modeler.OperationInfo
2019-05-11 11:06:11.483 DEBUG 8956 --- [kground-preinit] o.a.tomcat.util.digester.Digester.sax    : characters(

    )
2019-05-11 11:06:11.483 DEBUG 8956 --- [kground-preinit] o.a.tomcat.util.digester.Digester.sax    : startElement(,,operation)
2019-05-11 11:06:11.483 DEBUG 8956 --- [kground-preinit] o.apache.tomcat.util.digester.Digester   :   New match='mbeans-descriptors/mbean/operation'
2019-05-11 11:06:11.483 DEBUG 8956 --- [kground-preinit] o.apache.tomcat.util.digester.Digester   :   Fire begin() for ObjectCreateRule[className=org.apache.tomcat.util.modeler.OperationInfo, attributeName=null]
2019-05-11 11:06:11.484 DEBUG 8956 --- [kground-preinit] o.apache.tomcat.util.digester.Digester   : [ObjectCreateRule]{mbeans-descriptors/mbean/operation}New org.apache.tomcat.util.modeler.OperationInfo
2019-05-11 11:06:11.484 DEBUG 8956 --- [kground-preinit] o.apache.tomcat.util.digester.Digester   :   Fire begin() for SetPropertiesRule[]
2019-05-11 11:06:11.484 DEBUG 8956 --- [kground-preinit] o.apache.tomcat.util.digester.Digester   : [SetPropertiesRule]{mbeans-descriptors/mbean/operation} Set org.apache.tomcat.util.modeler.OperationInfo properties
2019-05-11 11:06:11.484 DEBUG 8956 --- [kground-preinit] o.apache.tomcat.util.digester.Digester   : [SetPropertiesRule]{mbeans-descriptors/mbean/operation} Setting property 'name' to 'removeLoader'
2019-05-11 11:06:11.484 DEBUG 8956 --- [kground-preinit] o.apache.tomcat.util.IntrospectionUtils  : IntrospectionUtils: setProperty(class org.apache.tomcat.util.modeler.OperationInfo name=removeLoader)
2019-05-11 11:06:11.484 DEBUG 8956 --- [kground-preinit] o.apache.tomcat.util.digester.Digester   : [SetPropertiesRule]{mbeans-descriptors/mbean/operation} Setting property 'description' to 'Remove an existing Loader'
2019-05-11 11:06:11.484 DEBUG 8956 --- [kground-preinit] o.apache.tomcat.util.IntrospectionUtils  : IntrospectionUtils: setProperty(class org.apache.tomcat.util.modeler.OperationInfo description=Remove an existing Loader)
2019-05-11 11:06:11.484 DEBUG 8956 --- [kground-preinit] o.apache.tomcat.util.digester.Digester   : [SetPropertiesRule]{mbeans-descriptors/mbean/operation} Setting property 'impact' to 'ACTION'
2019-05-11 11:06:11.485 DEBUG 8956 --- [kground-preinit] o.apache.tomcat.util.IntrospectionUtils  : IntrospectionUtils: setProperty(class org.apache.tomcat.util.modeler.OperationInfo impact=ACTION)
2019-05-11 11:06:11.485 DEBUG 8956 --- [kground-preinit] o.apache.tomcat.util.digester.Digester   : [SetPropertiesRule]{mbeans-descriptors/mbean/operation} Setting property 'returnType' to 'void'
2019-05-11 11:06:11.485 DEBUG 8956 --- [kground-preinit] o.apache.tomcat.util.IntrospectionUtils  : IntrospectionUtils: setProperty(class org.apache.tomcat.util.modeler.OperationInfo returnType=void)
2019-05-11 11:06:11.485 DEBUG 8956 --- [kground-preinit] o.apache.tomcat.util.digester.Digester   :   Fire begin() for SetNextRule[methodName=addOperation, paramType=org.apache.tomcat.util.modeler.OperationInfo]
2019-05-11 11:06:11.485 DEBUG 8956 --- [kground-preinit] o.a.tomcat.util.digester.Digester.sax    : characters(
      )
2019-05-11 11:06:11.485 DEBUG 8956 --- [kground-preinit] o.a.tomcat.util.digester.Digester.sax    : startElement(,,parameter)
2019-05-11 11:06:11.485 DEBUG 8956 --- [kground-preinit] o.apache.tomcat.util.digester.Digester   :   New match='mbeans-descriptors/mbean/operation/parameter'
2019-05-11 11:06:11.485 DEBUG 8956 --- [kground-preinit] o.apache.tomcat.util.digester.Digester   :   Fire begin() for ObjectCreateRule[className=org.apache.tomcat.util.modeler.ParameterInfo, attributeName=null]
2019-05-11 11:06:11.485 DEBUG 8956 --- [kground-preinit] o.apache.tomcat.util.digester.Digester   : [ObjectCreateRule]{mbeans-descriptors/mbean/operation/parameter}New org.apache.tomcat.util.modeler.ParameterInfo
2019-05-11 11:06:11.485 DEBUG 8956 --- [kground-preinit] o.apache.tomcat.util.digester.Digester   :   Fire begin() for SetPropertiesRule[]
2019-05-11 11:06:11.486 DEBUG 8956 --- [kground-preinit] o.apache.tomcat.util.digester.Digester   : [SetPropertiesRule]{mbeans-descriptors/mbean/operation/parameter} Set org.apache.tomcat.util.modeler.ParameterInfo properties
2019-05-11 11:06:11.486 DEBUG 8956 --- [kground-preinit] o.apache.tomcat.util.digester.Digester   : [SetPropertiesRule]{mbeans-descriptors/mbean/operation/parameter} Setting property 'name' to 'name'
2019-05-11 11:06:11.487 DEBUG 8956 --- [kground-preinit] o.apache.tomcat.util.IntrospectionUtils  : IntrospectionUtils: setProperty(class org.apache.tomcat.util.modeler.ParameterInfo name=name)
2019-05-11 11:06:11.487 DEBUG 8956 --- [kground-preinit] o.apache.tomcat.util.digester.Digester   : [SetPropertiesRule]{mbeans-descriptors/mbean/operation/parameter} Setting property 'description' to 'MBean Name of the component to be removed'
2019-05-11 11:06:11.487 DEBUG 8956 --- [kground-preinit] o.apache.tomcat.util.IntrospectionUtils  : IntrospectionUtils: setProperty(class org.apache.tomcat.util.modeler.ParameterInfo description=MBean Name of the component to be removed)
2019-05-11 11:06:11.487 DEBUG 8956 --- [kground-preinit] o.apache.tomcat.util.digester.Digester   : [SetPropertiesRule]{mbeans-descriptors/mbean/operation/parameter} Setting property 'type' to 'java.lang.String'
2019-05-11 11:06:11.487 DEBUG 8956 --- [kground-preinit] o.apache.tomcat.util.IntrospectionUtils  : IntrospectionUtils: setProperty(class org.apache.tomcat.util.modeler.ParameterInfo type=java.lang.String)
2019-05-11 11:06:11.488 DEBUG 8956 --- [kground-preinit] o.apache.tomcat.util.digester.Digester   :   Fire begin() for SetNextRule[methodName=addParameter, paramType=org.apache.tomcat.util.modeler.ParameterInfo]
2019-05-11 11:06:11.488 DEBUG 8956 --- [kground-preinit] o.a.tomcat.util.digester.Digester.sax    : endElement(,,parameter)
2019-05-11 11:06:11.488 DEBUG 8956 --- [kground-preinit] o.apache.tomcat.util.digester.Digester   :   match='mbeans-descriptors/mbean/operation/parameter'
2019-05-11 11:06:11.489 DEBUG 8956 --- [kground-preinit] o.apache.tomcat.util.digester.Digester   :   bodyText=''
2019-05-11 11:06:11.489 DEBUG 8956 --- [kground-preinit] o.apache.tomcat.util.digester.Digester   :   Fire body() for ObjectCreateRule[className=org.apache.tomcat.util.modeler.ParameterInfo, attributeName=null]
2019-05-11 11:06:11.489 DEBUG 8956 --- [kground-preinit] o.apache.tomcat.util.digester.Digester   :   Fire body() for SetPropertiesRule[]
2019-05-11 11:06:11.489 DEBUG 8956 --- [kground-preinit] o.apache.tomcat.util.digester.Digester   :   Fire body() for SetNextRule[methodName=addParameter, paramType=org.apache.tomcat.util.modeler.ParameterInfo]
2019-05-11 11:06:11.490 DEBUG 8956 --- [kground-preinit] o.apache.tomcat.util.digester.Digester   :   Fire end() for SetNextRule[methodName=addParameter, paramType=org.apache.tomcat.util.modeler.ParameterInfo]
2019-05-11 11:06:11.490 DEBUG 8956 --- [kground-preinit] o.apache.tomcat.util.digester.Digester   : [SetNextRule]{mbeans-descriptors/mbean/operation/parameter} Call org.apache.tomcat.util.modeler.OperationInfo.addParameter(org.apache.tomcat.util.modeler.ParameterInfo@343b201d)
2019-05-11 11:06:11.490 DEBUG 8956 --- [kground-preinit] o.apache.tomcat.util.IntrospectionUtils  : IntrospectionUtils: callMethod1 org.apache.tomcat.util.modeler.OperationInfo org.apache.tomcat.util.modeler.ParameterInfo org.apache.tomcat.util.modeler.ParameterInfo
2019-05-11 11:06:11.490 DEBUG 8956 --- [kground-preinit] o.apache.tomcat.util.digester.Digester   :   Fire end() for SetPropertiesRule[]
2019-05-11 11:06:11.490 DEBUG 8956 --- [kground-preinit] o.apache.tomcat.util.digester.Digester   :   Fire end() for ObjectCreateRule[className=org.apache.tomcat.util.modeler.ParameterInfo, attributeName=null]
2019-05-11 11:06:11.490 DEBUG 8956 --- [kground-preinit] o.apache.tomcat.util.digester.Digester   : [ObjectCreateRule]{mbeans-descriptors/mbean/operation/parameter} Pop org.apache.tomcat.util.modeler.ParameterInfo
2019-05-11 11:06:11.490 DEBUG 8956 --- [kground-preinit] o.a.tomcat.util.digester.Digester.sax    : characters(
    )
2019-05-11 11:06:11.490 DEBUG 8956 --- [kground-preinit] o.a.tomcat.util.digester.Digester.sax    : endElement(,,operation)
2019-05-11 11:06:11.490 DEBUG 8956 --- [kground-preinit] o.apache.tomcat.util.digester.Digester   :   match='mbeans-descriptors/mbean/operation'
2019-05-11 11:06:11.491 DEBUG 8956 --- [kground-preinit] o.apache.tomcat.util.digester.Digester   :   bodyText='
      
    '
2019-05-11 11:06:11.491 DEBUG 8956 --- [kground-preinit] o.apache.tomcat.util.digester.Digester   :   Fire body() for ObjectCreateRule[className=org.apache.tomcat.util.modeler.OperationInfo, attributeName=null]
2019-05-11 11:06:11.491 DEBUG 8956 --- [kground-preinit] o.apache.tomcat.util.digester.Digester   :   Fire body() for SetPropertiesRule[]
2019-05-11 11:06:11.491 DEBUG 8956 --- [kground-preinit] o.apache.tomcat.util.digester.Digester   :   Fire body() for SetNextRule[methodName=addOperation, paramType=org.apache.tomcat.util.modeler.OperationInfo]
2019-05-11 11:06:11.491 DEBUG 8956 --- [kground-preinit] o.apache.tomcat.util.digester.Digester   :   Fire end() for SetNextRule[methodName=addOperation, paramType=org.apache.tomcat.util.modeler.OperationInfo]
2019-05-11 11:06:11.491 DEBUG 8956 --- [kground-preinit] o.apache.tomcat.util.digester.Digester   : [SetNextRule]{mbeans-descriptors/mbean/operation} Call org.apache.tomcat.util.modeler.ManagedBean.addOperation(org.apache.tomcat.util.modeler.OperationInfo@1c92a7d4)
2019-05-11 11:06:11.492 DEBUG 8956 --- [kground-preinit] o.apache.tomcat.util.IntrospectionUtils  : IntrospectionUtils: callMethod1 org.apache.tomcat.util.modeler.ManagedBean org.apache.tomcat.util.modeler.OperationInfo org.apache.tomcat.util.modeler.OperationInfo
2019-05-11 11:06:11.492 DEBUG 8956 --- [kground-preinit] o.apache.tomcat.util.digester.Digester   :   Fire end() for SetPropertiesRule[]
2019-05-11 11:06:11.492 DEBUG 8956 --- [kground-preinit] o.apache.tomcat.util.digester.Digester   :   Fire end() for ObjectCreateRule[className=org.apache.tomcat.util.modeler.OperationInfo, attributeName=null]
2019-05-11 11:06:11.492 DEBUG 8956 --- [kground-preinit] o.apache.tomcat.util.digester.Digester   : [ObjectCreateRule]{mbeans-descriptors/mbean/operation} Pop org.apache.tomcat.util.modeler.OperationInfo
2019-05-11 11:06:11.492 DEBUG 8956 --- [kground-preinit] o.a.tomcat.util.digester.Digester.sax    : characters(

    )
2019-05-11 11:06:11.492 DEBUG 8956 --- [kground-preinit] o.a.tomcat.util.digester.Digester.sax    : startElement(,,operation)
2019-05-11 11:06:11.492 DEBUG 8956 --- [           main] o.s.b.f.s.DefaultListableBeanFactory     : Returning cached instance of singleton bean 'autoConfigurationReport'
2019-05-11 11:06:11.492 DEBUG 8956 --- [kground-preinit] o.apache.tomcat.util.digester.Digester   :   New match='mbeans-descriptors/mbean/operation'
2019-05-11 11:06:11.492 DEBUG 8956 --- [kground-preinit] o.apache.tomcat.util.digester.Digester   :   Fire begin() for ObjectCreateRule[className=org.apache.tomcat.util.modeler.OperationInfo, attributeName=null]
2019-05-11 11:06:11.492 DEBUG 8956 --- [kground-preinit] o.apache.tomcat.util.digester.Digester   : [ObjectCreateRule]{mbeans-descriptors/mbean/operation}New org.apache.tomcat.util.modeler.OperationInfo
2019-05-11 11:06:11.493 DEBUG 8956 --- [kground-preinit] o.apache.tomcat.util.digester.Digester   :   Fire begin() for SetPropertiesRule[]
2019-05-11 11:06:11.493 DEBUG 8956 --- [kground-preinit] o.apache.tomcat.util.digester.Digester   : [SetPropertiesRule]{mbeans-descriptors/mbean/operation} Set org.apache.tomcat.util.modeler.OperationInfo properties
2019-05-11 11:06:11.493 DEBUG 8956 --- [kground-preinit] o.apache.tomcat.util.digester.Digester   : [SetPropertiesRule]{mbeans-descriptors/mbean/operation} Setting property 'name' to 'removeManager'
2019-05-11 11:06:11.493 DEBUG 8956 --- [kground-preinit] o.apache.tomcat.util.IntrospectionUtils  : IntrospectionUtils: setProperty(class org.apache.tomcat.util.modeler.OperationInfo name=removeManager)
2019-05-11 11:06:11.493 DEBUG 8956 --- [kground-preinit] o.apache.tomcat.util.digester.Digester   : [SetPropertiesRule]{mbeans-descriptors/mbean/operation} Setting property 'description' to 'Remove an existing Manager'
2019-05-11 11:06:11.493 DEBUG 8956 --- [kground-preinit] o.apache.tomcat.util.IntrospectionUtils  : IntrospectionUtils: setProperty(class org.apache.tomcat.util.modeler.OperationInfo description=Remove an existing Manager)
2019-05-11 11:06:11.493 DEBUG 8956 --- [kground-preinit] o.apache.tomcat.util.digester.Digester   : [SetPropertiesRule]{mbeans-descriptors/mbean/operation} Setting property 'impact' to 'ACTION'
2019-05-11 11:06:11.493 DEBUG 8956 --- [kground-preinit] o.apache.tomcat.util.IntrospectionUtils  : IntrospectionUtils: setProperty(class org.apache.tomcat.util.modeler.OperationInfo impact=ACTION)
2019-05-11 11:06:11.493 DEBUG 8956 --- [kground-preinit] o.apache.tomcat.util.digester.Digester   : [SetPropertiesRule]{mbeans-descriptors/mbean/operation} Setting property 'returnType' to 'void'
2019-05-11 11:06:11.493 DEBUG 8956 --- [kground-preinit] o.apache.tomcat.util.IntrospectionUtils  : IntrospectionUtils: setProperty(class org.apache.tomcat.util.modeler.OperationInfo returnType=void)
2019-05-11 11:06:11.493 DEBUG 8956 --- [           main] o.s.b.f.s.DefaultListableBeanFactory     : Returning cached instance of singleton bean 'autoConfigurationReport'
2019-05-11 11:06:11.494 DEBUG 8956 --- [kground-preinit] o.apache.tomcat.util.digester.Digester   :   Fire begin() for SetNextRule[methodName=addOperation, paramType=org.apache.tomcat.util.modeler.OperationInfo]
2019-05-11 11:06:11.494 DEBUG 8956 --- [kground-preinit] o.a.tomcat.util.digester.Digester.sax    : characters(
      )
2019-05-11 11:06:11.494 DEBUG 8956 --- [kground-preinit] o.a.tomcat.util.digester.Digester.sax    : startElement(,,parameter)
2019-05-11 11:06:11.494 DEBUG 8956 --- [kground-preinit] o.apache.tomcat.util.digester.Digester   :   New match='mbeans-descriptors/mbean/operation/parameter'
2019-05-11 11:06:11.494 DEBUG 8956 --- [kground-preinit] o.apache.tomcat.util.digester.Digester   :   Fire begin() for ObjectCreateRule[className=org.apache.tomcat.util.modeler.ParameterInfo, attributeName=null]
2019-05-11 11:06:11.494 DEBUG 8956 --- [kground-preinit] o.apache.tomcat.util.digester.Digester   : [ObjectCreateRule]{mbeans-descriptors/mbean/operation/parameter}New org.apache.tomcat.util.modeler.ParameterInfo
2019-05-11 11:06:11.494 DEBUG 8956 --- [kground-preinit] o.apache.tomcat.util.digester.Digester   :   Fire begin() for SetPropertiesRule[]
2019-05-11 11:06:11.494 DEBUG 8956 --- [kground-preinit] o.apache.tomcat.util.digester.Digester   : [SetPropertiesRule]{mbeans-descriptors/mbean/operation/parameter} Set org.apache.tomcat.util.modeler.ParameterInfo properties
2019-05-11 11:06:11.494 DEBUG 8956 --- [kground-preinit] o.apache.tomcat.util.digester.Digester   : [SetPropertiesRule]{mbeans-descriptors/mbean/operation/parameter} Setting property 'name' to 'name'
2019-05-11 11:06:11.495 DEBUG 8956 --- [kground-preinit] o.apache.tomcat.util.IntrospectionUtils  : IntrospectionUtils: setProperty(class org.apache.tomcat.util.modeler.ParameterInfo name=name)
2019-05-11 11:06:11.495 DEBUG 8956 --- [kground-preinit] o.apache.tomcat.util.digester.Digester   : [SetPropertiesRule]{mbeans-descriptors/mbean/operation/parameter} Setting property 'description' to 'MBean Name of the component to be removed'
2019-05-11 11:06:11.495 DEBUG 8956 --- [           main] o.s.b.f.s.DefaultListableBeanFactory     : Returning cached instance of singleton bean 'autoConfigurationReport'
2019-05-11 11:06:11.495 DEBUG 8956 --- [kground-preinit] o.apache.tomcat.util.IntrospectionUtils  : IntrospectionUtils: setProperty(class org.apache.tomcat.util.modeler.ParameterInfo description=MBean Name of the component to be removed)
2019-05-11 11:06:11.495 DEBUG 8956 --- [kground-preinit] o.apache.tomcat.util.digester.Digester   : [SetPropertiesRule]{mbeans-descriptors/mbean/operation/parameter} Setting property 'type' to 'java.lang.String'
2019-05-11 11:06:11.495 DEBUG 8956 --- [           main] o.s.b.f.s.DefaultListableBeanFactory     : Returning cached instance of singleton bean 'autoConfigurationReport'
2019-05-11 11:06:11.495 DEBUG 8956 --- [kground-preinit] o.apache.tomcat.util.IntrospectionUtils  : IntrospectionUtils: setProperty(class org.apache.tomcat.util.modeler.ParameterInfo type=java.lang.String)
2019-05-11 11:06:11.495 DEBUG 8956 --- [kground-preinit] o.apache.tomcat.util.digester.Digester   :   Fire begin() for SetNextRule[methodName=addParameter, paramType=org.apache.tomcat.util.modeler.ParameterInfo]
2019-05-11 11:06:11.495 DEBUG 8956 --- [kground-preinit] o.a.tomcat.util.digester.Digester.sax    : endElement(,,parameter)
2019-05-11 11:06:11.496 DEBUG 8956 --- [kground-preinit] o.apache.tomcat.util.digester.Digester   :   match='mbeans-descriptors/mbean/operation/parameter'
2019-05-11 11:06:11.496 DEBUG 8956 --- [kground-preinit] o.apache.tomcat.util.digester.Digester   :   bodyText=''
2019-05-11 11:06:11.496 DEBUG 8956 --- [kground-preinit] o.apache.tomcat.util.digester.Digester   :   Fire body() for ObjectCreateRule[className=org.apache.tomcat.util.modeler.ParameterInfo, attributeName=null]
2019-05-11 11:06:11.497 DEBUG 8956 --- [kground-preinit] o.apache.tomcat.util.digester.Digester   :   Fire body() for SetPropertiesRule[]
2019-05-11 11:06:11.497 DEBUG 8956 --- [kground-preinit] o.apache.tomcat.util.digester.Digester   :   Fire body() for SetNextRule[methodName=addParameter, paramType=org.apache.tomcat.util.modeler.ParameterInfo]
2019-05-11 11:06:11.497 DEBUG 8956 --- [kground-preinit] o.apache.tomcat.util.digester.Digester   :   Fire end() for SetNextRule[methodName=addParameter, paramType=org.apache.tomcat.util.modeler.ParameterInfo]
2019-05-11 11:06:11.497 DEBUG 8956 --- [kground-preinit] o.apache.tomcat.util.digester.Digester   : [SetNextRule]{mbeans-descriptors/mbean/operation/parameter} Call org.apache.tomcat.util.modeler.OperationInfo.addParameter(org.apache.tomcat.util.modeler.ParameterInfo@76f91cbc)
2019-05-11 11:06:11.497 DEBUG 8956 --- [kground-preinit] o.apache.tomcat.util.IntrospectionUtils  : IntrospectionUtils: callMethod1 org.apache.tomcat.util.modeler.OperationInfo org.apache.tomcat.util.modeler.ParameterInfo org.apache.tomcat.util.modeler.ParameterInfo
2019-05-11 11:06:11.497 DEBUG 8956 --- [kground-preinit] o.apache.tomcat.util.digester.Digester   :   Fire end() for SetPropertiesRule[]
2019-05-11 11:06:11.497 DEBUG 8956 --- [kground-preinit] o.apache.tomcat.util.digester.Digester   :   Fire end() for ObjectCreateRule[className=org.apache.tomcat.util.modeler.ParameterInfo, attributeName=null]
2019-05-11 11:06:11.498 DEBUG 8956 --- [kground-preinit] o.apache.tomcat.util.digester.Digester   : [ObjectCreateRule]{mbeans-descriptors/mbean/operation/parameter} Pop org.apache.tomcat.util.modeler.ParameterInfo
2019-05-11 11:06:11.498 DEBUG 8956 --- [kground-preinit] o.a.tomcat.util.digester.Digester.sax    : characters(
    )
2019-05-11 11:06:11.498 DEBUG 8956 --- [kground-preinit] o.a.tomcat.util.digester.Digester.sax    : endElement(,,operation)
2019-05-11 11:06:11.498 DEBUG 8956 --- [kground-preinit] o.apache.tomcat.util.digester.Digester   :   match='mbeans-descriptors/mbean/operation'
2019-05-11 11:06:11.498 DEBUG 8956 --- [kground-preinit] o.apache.tomcat.util.digester.Digester   :   bodyText='
      
    '
2019-05-11 11:06:11.499 DEBUG 8956 --- [kground-preinit] o.apache.tomcat.util.digester.Digester   :   Fire body() for ObjectCreateRule[className=org.apache.tomcat.util.modeler.OperationInfo, attributeName=null]
2019-05-11 11:06:11.499 DEBUG 8956 --- [kground-preinit] o.apache.tomcat.util.digester.Digester   :   Fire body() for SetPropertiesRule[]
2019-05-11 11:06:11.499 DEBUG 8956 --- [kground-preinit] o.apache.tomcat.util.digester.Digester   :   Fire body() for SetNextRule[methodName=addOperation, paramType=org.apache.tomcat.util.modeler.OperationInfo]
2019-05-11 11:06:11.499 DEBUG 8956 --- [kground-preinit] o.apache.tomcat.util.digester.Digester   :   Fire end() for SetNextRule[methodName=addOperation, paramType=org.apache.tomcat.util.modeler.OperationInfo]
2019-05-11 11:06:11.499 DEBUG 8956 --- [kground-preinit] o.apache.tomcat.util.digester.Digester   : [SetNextRule]{mbeans-descriptors/mbean/operation} Call org.apache.tomcat.util.modeler.ManagedBean.addOperation(org.apache.tomcat.util.modeler.OperationInfo@5f2a984b)
2019-05-11 11:06:11.499 DEBUG 8956 --- [kground-preinit] o.apache.tomcat.util.IntrospectionUtils  : IntrospectionUtils: callMethod1 org.apache.tomcat.util.modeler.ManagedBean org.apache.tomcat.util.modeler.OperationInfo org.apache.tomcat.util.modeler.OperationInfo
2019-05-11 11:06:11.500 DEBUG 8956 --- [kground-preinit] o.apache.tomcat.util.digester.Digester   :   Fire end() for SetPropertiesRule[]
2019-05-11 11:06:11.500 DEBUG 8956 --- [kground-preinit] o.apache.tomcat.util.digester.Digester   :   Fire end() for ObjectCreateRule[className=org.apache.tomcat.util.modeler.OperationInfo, attributeName=null]
2019-05-11 11:06:11.500 DEBUG 8956 --- [kground-preinit] o.apache.tomcat.util.digester.Digester   : [ObjectCreateRule]{mbeans-descriptors/mbean/operation} Pop org.apache.tomcat.util.modeler.OperationInfo
2019-05-11 11:06:11.500 DEBUG 8956 --- [kground-preinit] o.a.tomcat.util.digester.Digester.sax    : characters(

    )
2019-05-11 11:06:11.500 DEBUG 8956 --- [kground-preinit] o.a.tomcat.util.digester.Digester.sax    : startElement(,,operation)
2019-05-11 11:06:11.499 DEBUG 8956 --- [           main] o.s.b.f.s.DefaultListableBeanFactory     : Returning cached instance of singleton bean 'autoConfigurationReport'
2019-05-11 11:06:11.500 DEBUG 8956 --- [kground-preinit] o.apache.tomcat.util.digester.Digester   :   New match='mbeans-descriptors/mbean/operation'
2019-05-11 11:06:11.501 DEBUG 8956 --- [kground-preinit] o.apache.tomcat.util.digester.Digester   :   Fire begin() for ObjectCreateRule[className=org.apache.tomcat.util.modeler.OperationInfo, attributeName=null]
2019-05-11 11:06:11.501 DEBUG 8956 --- [kground-preinit] o.apache.tomcat.util.digester.Digester   : [ObjectCreateRule]{mbeans-descriptors/mbean/operation}New org.apache.tomcat.util.modeler.OperationInfo
2019-05-11 11:06:11.501 DEBUG 8956 --- [           main] o.s.b.f.s.DefaultListableBeanFactory     : Returning cached instance of singleton bean 'autoConfigurationReport'
2019-05-11 11:06:11.501 DEBUG 8956 --- [kground-preinit] o.apache.tomcat.util.digester.Digester   :   Fire begin() for SetPropertiesRule[]
2019-05-11 11:06:11.501 DEBUG 8956 --- [kground-preinit] o.apache.tomcat.util.digester.Digester   : [SetPropertiesRule]{mbeans-descriptors/mbean/operation} Set org.apache.tomcat.util.modeler.OperationInfo properties
2019-05-11 11:06:11.501 DEBUG 8956 --- [kground-preinit] o.apache.tomcat.util.digester.Digester   : [SetPropertiesRule]{mbeans-descriptors/mbean/operation} Setting property 'name' to 'removeRealm'
2019-05-11 11:06:11.501 DEBUG 8956 --- [kground-preinit] o.apache.tomcat.util.IntrospectionUtils  : IntrospectionUtils: setProperty(class org.apache.tomcat.util.modeler.OperationInfo name=removeRealm)
2019-05-11 11:06:11.501 DEBUG 8956 --- [kground-preinit] o.apache.tomcat.util.digester.Digester   : [SetPropertiesRule]{mbeans-descriptors/mbean/operation} Setting property 'description' to 'Remove an existing Realm'
2019-05-11 11:06:11.501 DEBUG 8956 --- [kground-preinit] o.apache.tomcat.util.IntrospectionUtils  : IntrospectionUtils: setProperty(class org.apache.tomcat.util.modeler.OperationInfo description=Remove an existing Realm)
2019-05-11 11:06:11.502 DEBUG 8956 --- [kground-preinit] o.apache.tomcat.util.digester.Digester   : [SetPropertiesRule]{mbeans-descriptors/mbean/operation} Setting property 'impact' to 'ACTION'
2019-05-11 11:06:11.502 DEBUG 8956 --- [kground-preinit] o.apache.tomcat.util.IntrospectionUtils  : IntrospectionUtils: setProperty(class org.apache.tomcat.util.modeler.OperationInfo impact=ACTION)
2019-05-11 11:06:11.502 DEBUG 8956 --- [kground-preinit] o.apache.tomcat.util.digester.Digester   : [SetPropertiesRule]{mbeans-descriptors/mbean/operation} Setting property 'returnType' to 'void'
2019-05-11 11:06:11.502 DEBUG 8956 --- [kground-preinit] o.apache.tomcat.util.IntrospectionUtils  : IntrospectionUtils: setProperty(class org.apache.tomcat.util.modeler.OperationInfo returnType=void)
2019-05-11 11:06:11.502 DEBUG 8956 --- [kground-preinit] o.apache.tomcat.util.digester.Digester   :   Fire begin() for SetNextRule[methodName=addOperation, paramType=org.apache.tomcat.util.modeler.OperationInfo]
2019-05-11 11:06:11.502 DEBUG 8956 --- [kground-preinit] o.a.tomcat.util.digester.Digester.sax    : characters(
      )
2019-05-11 11:06:11.502 DEBUG 8956 --- [kground-preinit] o.a.tomcat.util.digester.Digester.sax    : startElement(,,parameter)
2019-05-11 11:06:11.502 DEBUG 8956 --- [kground-preinit] o.apache.tomcat.util.digester.Digester   :   New match='mbeans-descriptors/mbean/operation/parameter'
2019-05-11 11:06:11.502 DEBUG 8956 --- [kground-preinit] o.apache.tomcat.util.digester.Digester   :   Fire begin() for ObjectCreateRule[className=org.apache.tomcat.util.modeler.ParameterInfo, attributeName=null]
2019-05-11 11:06:11.502 DEBUG 8956 --- [kground-preinit] o.apache.tomcat.util.digester.Digester   : [ObjectCreateRule]{mbeans-descriptors/mbean/operation/parameter}New org.apache.tomcat.util.modeler.ParameterInfo
2019-05-11 11:06:11.503 DEBUG 8956 --- [kground-preinit] o.apache.tomcat.util.digester.Digester   :   Fire begin() for SetPropertiesRule[]
2019-05-11 11:06:11.503 DEBUG 8956 --- [kground-preinit] o.apache.tomcat.util.digester.Digester   : [SetPropertiesRule]{mbeans-descriptors/mbean/operation/parameter} Set org.apache.tomcat.util.modeler.ParameterInfo properties
2019-05-11 11:06:11.503 DEBUG 8956 --- [kground-preinit] o.apache.tomcat.util.digester.Digester   : [SetPropertiesRule]{mbeans-descriptors/mbean/operation/parameter} Setting property 'name' to 'name'
2019-05-11 11:06:11.503 DEBUG 8956 --- [kground-preinit] o.apache.tomcat.util.IntrospectionUtils  : IntrospectionUtils: setProperty(class org.apache.tomcat.util.modeler.ParameterInfo name=name)
2019-05-11 11:06:11.503 DEBUG 8956 --- [kground-preinit] o.apache.tomcat.util.digester.Digester   : [SetPropertiesRule]{mbeans-descriptors/mbean/operation/parameter} Setting property 'description' to 'MBean Name of the component to be removed'
2019-05-11 11:06:11.503 DEBUG 8956 --- [kground-preinit] o.apache.tomcat.util.IntrospectionUtils  : IntrospectionUtils: setProperty(class org.apache.tomcat.util.modeler.ParameterInfo description=MBean Name of the component to be removed)
2019-05-11 11:06:11.503 DEBUG 8956 --- [kground-preinit] o.apache.tomcat.util.digester.Digester   : [SetPropertiesRule]{mbeans-descriptors/mbean/operation/parameter} Setting property 'type' to 'java.lang.String'
2019-05-11 11:06:11.503 DEBUG 8956 --- [kground-preinit] o.apache.tomcat.util.IntrospectionUtils  : IntrospectionUtils: setProperty(class org.apache.tomcat.util.modeler.ParameterInfo type=java.lang.String)
2019-05-11 11:06:11.504 DEBUG 8956 --- [kground-preinit] o.apache.tomcat.util.digester.Digester   :   Fire begin() for SetNextRule[methodName=addParameter, paramType=org.apache.tomcat.util.modeler.ParameterInfo]
2019-05-11 11:06:11.504 DEBUG 8956 --- [kground-preinit] o.a.tomcat.util.digester.Digester.sax    : endElement(,,parameter)
2019-05-11 11:06:11.504 DEBUG 8956 --- [kground-preinit] o.apache.tomcat.util.digester.Digester   :   match='mbeans-descriptors/mbean/operation/parameter'
2019-05-11 11:06:11.504 DEBUG 8956 --- [kground-preinit] o.apache.tomcat.util.digester.Digester   :   bodyText=''
2019-05-11 11:06:11.504 DEBUG 8956 --- [kground-preinit] o.apache.tomcat.util.digester.Digester   :   Fire body() for ObjectCreateRule[className=org.apache.tomcat.util.modeler.ParameterInfo, attributeName=null]
2019-05-11 11:06:11.504 DEBUG 8956 --- [kground-preinit] o.apache.tomcat.util.digester.Digester   :   Fire body() for SetPropertiesRule[]
2019-05-11 11:06:11.504 DEBUG 8956 --- [kground-preinit] o.apache.tomcat.util.digester.Digester   :   Fire body() for SetNextRule[methodName=addParameter, paramType=org.apache.tomcat.util.modeler.ParameterInfo]
2019-05-11 11:06:11.505 DEBUG 8956 --- [kground-preinit] o.apache.tomcat.util.digester.Digester   :   Fire end() for SetNextRule[methodName=addParameter, paramType=org.apache.tomcat.util.modeler.ParameterInfo]
2019-05-11 11:06:11.505 DEBUG 8956 --- [kground-preinit] o.apache.tomcat.util.digester.Digester   : [SetNextRule]{mbeans-descriptors/mbean/operation/parameter} Call org.apache.tomcat.util.modeler.OperationInfo.addParameter(org.apache.tomcat.util.modeler.ParameterInfo@32fc607b)
2019-05-11 11:06:11.505 DEBUG 8956 --- [kground-preinit] o.apache.tomcat.util.IntrospectionUtils  : IntrospectionUtils: callMethod1 org.apache.tomcat.util.modeler.OperationInfo org.apache.tomcat.util.modeler.ParameterInfo org.apache.tomcat.util.modeler.ParameterInfo
2019-05-11 11:06:11.505 DEBUG 8956 --- [kground-preinit] o.apache.tomcat.util.digester.Digester   :   Fire end() for SetPropertiesRule[]
2019-05-11 11:06:11.505 DEBUG 8956 --- [kground-preinit] o.apache.tomcat.util.digester.Digester   :   Fire end() for ObjectCreateRule[className=org.apache.tomcat.util.modeler.ParameterInfo, attributeName=null]
2019-05-11 11:06:11.505 DEBUG 8956 --- [kground-preinit] o.apache.tomcat.util.digester.Digester   : [ObjectCreateRule]{mbeans-descriptors/mbean/operation/parameter} Pop org.apache.tomcat.util.modeler.ParameterInfo
2019-05-11 11:06:11.505 DEBUG 8956 --- [kground-preinit] o.a.tomcat.util.digester.Digester.sax    : characters(
    )
2019-05-11 11:06:11.506 DEBUG 8956 --- [kground-preinit] o.a.tomcat.util.digester.Digester.sax    : endElement(,,operation)
2019-05-11 11:06:11.506 DEBUG 8956 --- [kground-preinit] o.apache.tomcat.util.digester.Digester   :   match='mbeans-descriptors/mbean/operation'
2019-05-11 11:06:11.506 DEBUG 8956 --- [kground-preinit] o.apache.tomcat.util.digester.Digester   :   bodyText='
      
    '
2019-05-11 11:06:11.506 DEBUG 8956 --- [           main] o.s.b.f.s.DefaultListableBeanFactory     : Returning cached instance of singleton bean 'autoConfigurationReport'
2019-05-11 11:06:11.506 DEBUG 8956 --- [kground-preinit] o.apache.tomcat.util.digester.Digester   :   Fire body() for ObjectCreateRule[className=org.apache.tomcat.util.modeler.OperationInfo, attributeName=null]
2019-05-11 11:06:11.506 DEBUG 8956 --- [kground-preinit] o.apache.tomcat.util.digester.Digester   :   Fire body() for SetPropertiesRule[]
2019-05-11 11:06:11.506 DEBUG 8956 --- [kground-preinit] o.apache.tomcat.util.digester.Digester   :   Fire body() for SetNextRule[methodName=addOperation, paramType=org.apache.tomcat.util.modeler.OperationInfo]
2019-05-11 11:06:11.506 DEBUG 8956 --- [kground-preinit] o.apache.tomcat.util.digester.Digester   :   Fire end() for SetNextRule[methodName=addOperation, paramType=org.apache.tomcat.util.modeler.OperationInfo]
2019-05-11 11:06:11.506 DEBUG 8956 --- [kground-preinit] o.apache.tomcat.util.digester.Digester   : [SetNextRule]{mbeans-descriptors/mbean/operation} Call org.apache.tomcat.util.modeler.ManagedBean.addOperation(org.apache.tomcat.util.modeler.OperationInfo@3bd9ddf7)
2019-05-11 11:06:11.506 DEBUG 8956 --- [kground-preinit] o.apache.tomcat.util.IntrospectionUtils  : IntrospectionUtils: callMethod1 org.apache.tomcat.util.modeler.ManagedBean org.apache.tomcat.util.modeler.OperationInfo org.apache.tomcat.util.modeler.OperationInfo
2019-05-11 11:06:11.507 DEBUG 8956 --- [kground-preinit] o.apache.tomcat.util.digester.Digester   :   Fire end() for SetPropertiesRule[]
2019-05-11 11:06:11.507 DEBUG 8956 --- [           main] o.s.b.f.s.DefaultListableBeanFactory     : Returning cached instance of singleton bean 'autoConfigurationReport'
2019-05-11 11:06:11.507 DEBUG 8956 --- [kground-preinit] o.apache.tomcat.util.digester.Digester   :   Fire end() for ObjectCreateRule[className=org.apache.tomcat.util.modeler.OperationInfo, attributeName=null]
2019-05-11 11:06:11.507 DEBUG 8956 --- [kground-preinit] o.apache.tomcat.util.digester.Digester   : [ObjectCreateRule]{mbeans-descriptors/mbean/operation} Pop org.apache.tomcat.util.modeler.OperationInfo
2019-05-11 11:06:11.507 DEBUG 8956 --- [kground-preinit] o.a.tomcat.util.digester.Digester.sax    : characters(

    )
2019-05-11 11:06:11.507 DEBUG 8956 --- [kground-preinit] o.a.tomcat.util.digester.Digester.sax    : startElement(,,operation)
2019-05-11 11:06:11.507 DEBUG 8956 --- [kground-preinit] o.apache.tomcat.util.digester.Digester   :   New match='mbeans-descriptors/mbean/operation'
2019-05-11 11:06:11.507 DEBUG 8956 --- [kground-preinit] o.apache.tomcat.util.digester.Digester   :   Fire begin() for ObjectCreateRule[className=org.apache.tomcat.util.modeler.OperationInfo, attributeName=null]
2019-05-11 11:06:11.507 DEBUG 8956 --- [kground-preinit] o.apache.tomcat.util.digester.Digester   : [ObjectCreateRule]{mbeans-descriptors/mbean/operation}New org.apache.tomcat.util.modeler.OperationInfo
2019-05-11 11:06:11.507 DEBUG 8956 --- [kground-preinit] o.apache.tomcat.util.digester.Digester   :   Fire begin() for SetPropertiesRule[]
2019-05-11 11:06:11.507 DEBUG 8956 --- [kground-preinit] o.apache.tomcat.util.digester.Digester   : [SetPropertiesRule]{mbeans-descriptors/mbean/operation} Set org.apache.tomcat.util.modeler.OperationInfo properties
2019-05-11 11:06:11.508 DEBUG 8956 --- [kground-preinit] o.apache.tomcat.util.digester.Digester   : [SetPropertiesRule]{mbeans-descriptors/mbean/operation} Setting property 'name' to 'removeService'
2019-05-11 11:06:11.508 DEBUG 8956 --- [kground-preinit] o.apache.tomcat.util.IntrospectionUtils  : IntrospectionUtils: setProperty(class org.apache.tomcat.util.modeler.OperationInfo name=removeService)
2019-05-11 11:06:11.508 DEBUG 8956 --- [kground-preinit] o.apache.tomcat.util.digester.Digester   : [SetPropertiesRule]{mbeans-descriptors/mbean/operation} Setting property 'description' to 'Remove an existing Service'
2019-05-11 11:06:11.508 DEBUG 8956 --- [kground-preinit] o.apache.tomcat.util.IntrospectionUtils  : IntrospectionUtils: setProperty(class org.apache.tomcat.util.modeler.OperationInfo description=Remove an existing Service)
2019-05-11 11:06:11.508 DEBUG 8956 --- [kground-preinit] o.apache.tomcat.util.digester.Digester   : [SetPropertiesRule]{mbeans-descriptors/mbean/operation} Setting property 'impact' to 'ACTION'
2019-05-11 11:06:11.508 DEBUG 8956 --- [kground-preinit] o.apache.tomcat.util.IntrospectionUtils  : IntrospectionUtils: setProperty(class org.apache.tomcat.util.modeler.OperationInfo impact=ACTION)
2019-05-11 11:06:11.508 DEBUG 8956 --- [kground-preinit] o.apache.tomcat.util.digester.Digester   : [SetPropertiesRule]{mbeans-descriptors/mbean/operation} Setting property 'returnType' to 'void'
2019-05-11 11:06:11.508 DEBUG 8956 --- [kground-preinit] o.apache.tomcat.util.IntrospectionUtils  : IntrospectionUtils: setProperty(class org.apache.tomcat.util.modeler.OperationInfo returnType=void)
2019-05-11 11:06:11.508 DEBUG 8956 --- [kground-preinit] o.apache.tomcat.util.digester.Digester   :   Fire begin() for SetNextRule[methodName=addOperation, paramType=org.apache.tomcat.util.modeler.OperationInfo]
2019-05-11 11:06:11.508 DEBUG 8956 --- [kground-preinit] o.a.tomcat.util.digester.Digester.sax    : characters(
      )
2019-05-11 11:06:11.508 DEBUG 8956 --- [kground-preinit] o.a.tomcat.util.digester.Digester.sax    : startElement(,,parameter)
2019-05-11 11:06:11.509 DEBUG 8956 --- [kground-preinit] o.apache.tomcat.util.digester.Digester   :   New match='mbeans-descriptors/mbean/operation/parameter'
2019-05-11 11:06:11.509 DEBUG 8956 --- [kground-preinit] o.apache.tomcat.util.digester.Digester   :   Fire begin() for ObjectCreateRule[className=org.apache.tomcat.util.modeler.ParameterInfo, attributeName=null]
2019-05-11 11:06:11.509 DEBUG 8956 --- [kground-preinit] o.apache.tomcat.util.digester.Digester   : [ObjectCreateRule]{mbeans-descriptors/mbean/operation/parameter}New org.apache.tomcat.util.modeler.ParameterInfo
2019-05-11 11:06:11.509 DEBUG 8956 --- [kground-preinit] o.apache.tomcat.util.digester.Digester   :   Fire begin() for SetPropertiesRule[]
2019-05-11 11:06:11.509 DEBUG 8956 --- [kground-preinit] o.apache.tomcat.util.digester.Digester   : [SetPropertiesRule]{mbeans-descriptors/mbean/operation/parameter} Set org.apache.tomcat.util.modeler.ParameterInfo properties
2019-05-11 11:06:11.509 DEBUG 8956 --- [kground-preinit] o.apache.tomcat.util.digester.Digester   : [SetPropertiesRule]{mbeans-descriptors/mbean/operation/parameter} Setting property 'name' to 'name'
2019-05-11 11:06:11.509 DEBUG 8956 --- [kground-preinit] o.apache.tomcat.util.IntrospectionUtils  : IntrospectionUtils: setProperty(class org.apache.tomcat.util.modeler.ParameterInfo name=name)
2019-05-11 11:06:11.509 DEBUG 8956 --- [kground-preinit] o.apache.tomcat.util.digester.Digester   : [SetPropertiesRule]{mbeans-descriptors/mbean/operation/parameter} Setting property 'description' to 'MBean Name of the component to be removed'
2019-05-11 11:06:11.509 DEBUG 8956 --- [kground-preinit] o.apache.tomcat.util.IntrospectionUtils  : IntrospectionUtils: setProperty(class org.apache.tomcat.util.modeler.ParameterInfo description=MBean Name of the component to be removed)
2019-05-11 11:06:11.509 DEBUG 8956 --- [kground-preinit] o.apache.tomcat.util.digester.Digester   : [SetPropertiesRule]{mbeans-descriptors/mbean/operation/parameter} Setting property 'type' to 'java.lang.String'
2019-05-11 11:06:11.509 DEBUG 8956 --- [kground-preinit] o.apache.tomcat.util.IntrospectionUtils  : IntrospectionUtils: setProperty(class org.apache.tomcat.util.modeler.ParameterInfo type=java.lang.String)
2019-05-11 11:06:11.510 DEBUG 8956 --- [           main] o.s.b.f.s.DefaultListableBeanFactory     : Returning cached instance of singleton bean 'autoConfigurationReport'
2019-05-11 11:06:11.510 DEBUG 8956 --- [kground-preinit] o.apache.tomcat.util.digester.Digester   :   Fire begin() for SetNextRule[methodName=addParameter, paramType=org.apache.tomcat.util.modeler.ParameterInfo]
2019-05-11 11:06:11.510 DEBUG 8956 --- [kground-preinit] o.a.tomcat.util.digester.Digester.sax    : endElement(,,parameter)
2019-05-11 11:06:11.510 DEBUG 8956 --- [kground-preinit] o.apache.tomcat.util.digester.Digester   :   match='mbeans-descriptors/mbean/operation/parameter'
2019-05-11 11:06:11.510 DEBUG 8956 --- [kground-preinit] o.apache.tomcat.util.digester.Digester   :   bodyText=''
2019-05-11 11:06:11.510 DEBUG 8956 --- [kground-preinit] o.apache.tomcat.util.digester.Digester   :   Fire body() for ObjectCreateRule[className=org.apache.tomcat.util.modeler.ParameterInfo, attributeName=null]
2019-05-11 11:06:11.510 DEBUG 8956 --- [kground-preinit] o.apache.tomcat.util.digester.Digester   :   Fire body() for SetPropertiesRule[]
2019-05-11 11:06:11.510 DEBUG 8956 --- [kground-preinit] o.apache.tomcat.util.digester.Digester   :   Fire body() for SetNextRule[methodName=addParameter, paramType=org.apache.tomcat.util.modeler.ParameterInfo]
2019-05-11 11:06:11.510 DEBUG 8956 --- [kground-preinit] o.apache.tomcat.util.digester.Digester   :   Fire end() for SetNextRule[methodName=addParameter, paramType=org.apache.tomcat.util.modeler.ParameterInfo]
2019-05-11 11:06:11.510 DEBUG 8956 --- [kground-preinit] o.apache.tomcat.util.digester.Digester   : [SetNextRule]{mbeans-descriptors/mbean/operation/parameter} Call org.apache.tomcat.util.modeler.OperationInfo.addParameter(org.apache.tomcat.util.modeler.ParameterInfo@57b3acc)
2019-05-11 11:06:11.511 DEBUG 8956 --- [kground-preinit] o.apache.tomcat.util.IntrospectionUtils  : IntrospectionUtils: callMethod1 org.apache.tomcat.util.modeler.OperationInfo org.apache.tomcat.util.modeler.ParameterInfo org.apache.tomcat.util.modeler.ParameterInfo
2019-05-11 11:06:11.511 DEBUG 8956 --- [kground-preinit] o.apache.tomcat.util.digester.Digester   :   Fire end() for SetPropertiesRule[]
2019-05-11 11:06:11.511 DEBUG 8956 --- [kground-preinit] o.apache.tomcat.util.digester.Digester   :   Fire end() for ObjectCreateRule[className=org.apache.tomcat.util.modeler.ParameterInfo, attributeName=null]
2019-05-11 11:06:11.511 DEBUG 8956 --- [kground-preinit] o.apache.tomcat.util.digester.Digester   : [ObjectCreateRule]{mbeans-descriptors/mbean/operation/parameter} Pop org.apache.tomcat.util.modeler.ParameterInfo
2019-05-11 11:06:11.511 DEBUG 8956 --- [kground-preinit] o.a.tomcat.util.digester.Digester.sax    : characters(
    )
2019-05-11 11:06:11.511 DEBUG 8956 --- [kground-preinit] o.a.tomcat.util.digester.Digester.sax    : endElement(,,operation)
2019-05-11 11:06:11.511 DEBUG 8956 --- [kground-preinit] o.apache.tomcat.util.digester.Digester   :   match='mbeans-descriptors/mbean/operation'
2019-05-11 11:06:11.511 DEBUG 8956 --- [kground-preinit] o.apache.tomcat.util.digester.Digester   :   bodyText='
      
    '
2019-05-11 11:06:11.511 DEBUG 8956 --- [kground-preinit] o.apache.tomcat.util.digester.Digester   :   Fire body() for ObjectCreateRule[className=org.apache.tomcat.util.modeler.OperationInfo, attributeName=null]
2019-05-11 11:06:11.511 DEBUG 8956 --- [           main] o.s.b.f.s.DefaultListableBeanFactory     : Returning cached instance of singleton bean 'autoConfigurationReport'
2019-05-11 11:06:11.512 DEBUG 8956 --- [kground-preinit] o.apache.tomcat.util.digester.Digester   :   Fire body() for SetPropertiesRule[]
2019-05-11 11:06:11.512 DEBUG 8956 --- [kground-preinit] o.apache.tomcat.util.digester.Digester   :   Fire body() for SetNextRule[methodName=addOperation, paramType=org.apache.tomcat.util.modeler.OperationInfo]
2019-05-11 11:06:11.512 DEBUG 8956 --- [kground-preinit] o.apache.tomcat.util.digester.Digester   :   Fire end() for SetNextRule[methodName=addOperation, paramType=org.apache.tomcat.util.modeler.OperationInfo]
2019-05-11 11:06:11.512 DEBUG 8956 --- [kground-preinit] o.apache.tomcat.util.digester.Digester   : [SetNextRule]{mbeans-descriptors/mbean/operation} Call org.apache.tomcat.util.modeler.ManagedBean.addOperation(org.apache.tomcat.util.modeler.OperationInfo@e9802e8)
2019-05-11 11:06:11.512 DEBUG 8956 --- [kground-preinit] o.apache.tomcat.util.IntrospectionUtils  : IntrospectionUtils: callMethod1 org.apache.tomcat.util.modeler.ManagedBean org.apache.tomcat.util.modeler.OperationInfo org.apache.tomcat.util.modeler.OperationInfo
2019-05-11 11:06:11.512 DEBUG 8956 --- [kground-preinit] o.apache.tomcat.util.digester.Digester   :   Fire end() for SetPropertiesRule[]
2019-05-11 11:06:11.513 DEBUG 8956 --- [kground-preinit] o.apache.tomcat.util.digester.Digester   :   Fire end() for ObjectCreateRule[className=org.apache.tomcat.util.modeler.OperationInfo, attributeName=null]
2019-05-11 11:06:11.513 DEBUG 8956 --- [kground-preinit] o.apache.tomcat.util.digester.Digester   : [ObjectCreateRule]{mbeans-descriptors/mbean/operation} Pop org.apache.tomcat.util.modeler.OperationInfo
2019-05-11 11:06:11.513 DEBUG 8956 --- [kground-preinit] o.a.tomcat.util.digester.Digester.sax    : characters(

    )
2019-05-11 11:06:11.513 DEBUG 8956 --- [kground-preinit] o.a.tomcat.util.digester.Digester.sax    : startElement(,,operation)
2019-05-11 11:06:11.513 DEBUG 8956 --- [kground-preinit] o.apache.tomcat.util.digester.Digester   :   New match='mbeans-descriptors/mbean/operation'
2019-05-11 11:06:11.513 DEBUG 8956 --- [kground-preinit] o.apache.tomcat.util.digester.Digester   :   Fire begin() for ObjectCreateRule[className=org.apache.tomcat.util.modeler.OperationInfo, attributeName=null]
2019-05-11 11:06:11.514 DEBUG 8956 --- [kground-preinit] o.apache.tomcat.util.digester.Digester   : [ObjectCreateRule]{mbeans-descriptors/mbean/operation}New org.apache.tomcat.util.modeler.OperationInfo
2019-05-11 11:06:11.514 DEBUG 8956 --- [kground-preinit] o.apache.tomcat.util.digester.Digester   :   Fire begin() for SetPropertiesRule[]
2019-05-11 11:06:11.514 DEBUG 8956 --- [kground-preinit] o.apache.tomcat.util.digester.Digester   : [SetPropertiesRule]{mbeans-descriptors/mbean/operation} Set org.apache.tomcat.util.modeler.OperationInfo properties
2019-05-11 11:06:11.514 DEBUG 8956 --- [kground-preinit] o.apache.tomcat.util.digester.Digester   : [SetPropertiesRule]{mbeans-descriptors/mbean/operation} Setting property 'name' to 'removeValve'
2019-05-11 11:06:11.514 DEBUG 8956 --- [kground-preinit] o.apache.tomcat.util.IntrospectionUtils  : IntrospectionUtils: setProperty(class org.apache.tomcat.util.modeler.OperationInfo name=removeValve)
2019-05-11 11:06:11.514 DEBUG 8956 --- [kground-preinit] o.apache.tomcat.util.digester.Digester   : [SetPropertiesRule]{mbeans-descriptors/mbean/operation} Setting property 'description' to 'Remove an existing Valve'
2019-05-11 11:06:11.514 DEBUG 8956 --- [kground-preinit] o.apache.tomcat.util.IntrospectionUtils  : IntrospectionUtils: setProperty(class org.apache.tomcat.util.modeler.OperationInfo description=Remove an existing Valve)
2019-05-11 11:06:11.514 DEBUG 8956 --- [kground-preinit] o.apache.tomcat.util.digester.Digester   : [SetPropertiesRule]{mbeans-descriptors/mbean/operation} Setting property 'impact' to 'ACTION'
2019-05-11 11:06:11.514 DEBUG 8956 --- [kground-preinit] o.apache.tomcat.util.IntrospectionUtils  : IntrospectionUtils: setProperty(class org.apache.tomcat.util.modeler.OperationInfo impact=ACTION)
2019-05-11 11:06:11.514 DEBUG 8956 --- [kground-preinit] o.apache.tomcat.util.digester.Digester   : [SetPropertiesRule]{mbeans-descriptors/mbean/operation} Setting property 'returnType' to 'void'
2019-05-11 11:06:11.515 DEBUG 8956 --- [kground-preinit] o.apache.tomcat.util.IntrospectionUtils  : IntrospectionUtils: setProperty(class org.apache.tomcat.util.modeler.OperationInfo returnType=void)
2019-05-11 11:06:11.515 DEBUG 8956 --- [kground-preinit] o.apache.tomcat.util.digester.Digester   :   Fire begin() for SetNextRule[methodName=addOperation, paramType=org.apache.tomcat.util.modeler.OperationInfo]
2019-05-11 11:06:11.515 DEBUG 8956 --- [kground-preinit] o.a.tomcat.util.digester.Digester.sax    : characters(
      )
2019-05-11 11:06:11.515 DEBUG 8956 --- [kground-preinit] o.a.tomcat.util.digester.Digester.sax    : startElement(,,parameter)
2019-05-11 11:06:11.515 DEBUG 8956 --- [kground-preinit] o.apache.tomcat.util.digester.Digester   :   New match='mbeans-descriptors/mbean/operation/parameter'
2019-05-11 11:06:11.515 DEBUG 8956 --- [kground-preinit] o.apache.tomcat.util.digester.Digester   :   Fire begin() for ObjectCreateRule[className=org.apache.tomcat.util.modeler.ParameterInfo, attributeName=null]
2019-05-11 11:06:11.515 DEBUG 8956 --- [kground-preinit] o.apache.tomcat.util.digester.Digester   : [ObjectCreateRule]{mbeans-descriptors/mbean/operation/parameter}New org.apache.tomcat.util.modeler.ParameterInfo
2019-05-11 11:06:11.516 DEBUG 8956 --- [kground-preinit] o.apache.tomcat.util.digester.Digester   :   Fire begin() for SetPropertiesRule[]
2019-05-11 11:06:11.516 DEBUG 8956 --- [kground-preinit] o.apache.tomcat.util.digester.Digester   : [SetPropertiesRule]{mbeans-descriptors/mbean/operation/parameter} Set org.apache.tomcat.util.modeler.ParameterInfo properties
2019-05-11 11:06:11.516 DEBUG 8956 --- [kground-preinit] o.apache.tomcat.util.digester.Digester   : [SetPropertiesRule]{mbeans-descriptors/mbean/operation/parameter} Setting property 'name' to 'name'
2019-05-11 11:06:11.516 DEBUG 8956 --- [kground-preinit] o.apache.tomcat.util.IntrospectionUtils  : IntrospectionUtils: setProperty(class org.apache.tomcat.util.modeler.ParameterInfo name=name)
2019-05-11 11:06:11.516 DEBUG 8956 --- [kground-preinit] o.apache.tomcat.util.digester.Digester   : [SetPropertiesRule]{mbeans-descriptors/mbean/operation/parameter} Setting property 'description' to 'MBean Name of the component to be removed'
2019-05-11 11:06:11.516 DEBUG 8956 --- [kground-preinit] o.apache.tomcat.util.IntrospectionUtils  : IntrospectionUtils: setProperty(class org.apache.tomcat.util.modeler.ParameterInfo description=MBean Name of the component to be removed)
2019-05-11 11:06:11.516 DEBUG 8956 --- [           main] o.s.b.f.s.DefaultListableBeanFactory     : Returning cached instance of singleton bean 'autoConfigurationReport'
2019-05-11 11:06:11.516 DEBUG 8956 --- [kground-preinit] o.apache.tomcat.util.digester.Digester   : [SetPropertiesRule]{mbeans-descriptors/mbean/operation/parameter} Setting property 'type' to 'java.lang.String'
2019-05-11 11:06:11.516 DEBUG 8956 --- [kground-preinit] o.apache.tomcat.util.IntrospectionUtils  : IntrospectionUtils: setProperty(class org.apache.tomcat.util.modeler.ParameterInfo type=java.lang.String)
2019-05-11 11:06:11.516 DEBUG 8956 --- [kground-preinit] o.apache.tomcat.util.digester.Digester   :   Fire begin() for SetNextRule[methodName=addParameter, paramType=org.apache.tomcat.util.modeler.ParameterInfo]
2019-05-11 11:06:11.517 DEBUG 8956 --- [kground-preinit] o.a.tomcat.util.digester.Digester.sax    : endElement(,,parameter)
2019-05-11 11:06:11.517 DEBUG 8956 --- [kground-preinit] o.apache.tomcat.util.digester.Digester   :   match='mbeans-descriptors/mbean/operation/parameter'
2019-05-11 11:06:11.517 DEBUG 8956 --- [kground-preinit] o.apache.tomcat.util.digester.Digester   :   bodyText=''
2019-05-11 11:06:11.517 DEBUG 8956 --- [kground-preinit] o.apache.tomcat.util.digester.Digester   :   Fire body() for ObjectCreateRule[className=org.apache.tomcat.util.modeler.ParameterInfo, attributeName=null]
2019-05-11 11:06:11.517 DEBUG 8956 --- [kground-preinit] o.apache.tomcat.util.digester.Digester   :   Fire body() for SetPropertiesRule[]
2019-05-11 11:06:11.517 DEBUG 8956 --- [kground-preinit] o.apache.tomcat.util.digester.Digester   :   Fire body() for SetNextRule[methodName=addParameter, paramType=org.apache.tomcat.util.modeler.ParameterInfo]
2019-05-11 11:06:11.517 DEBUG 8956 --- [kground-preinit] o.apache.tomcat.util.digester.Digester   :   Fire end() for SetNextRule[methodName=addParameter, paramType=org.apache.tomcat.util.modeler.ParameterInfo]
2019-05-11 11:06:11.517 DEBUG 8956 --- [           main] o.s.b.f.s.DefaultListableBeanFactory     : Returning cached instance of singleton bean 'autoConfigurationReport'
2019-05-11 11:06:11.517 DEBUG 8956 --- [kground-preinit] o.apache.tomcat.util.digester.Digester   : [SetNextRule]{mbeans-descriptors/mbean/operation/parameter} Call org.apache.tomcat.util.modeler.OperationInfo.addParameter(org.apache.tomcat.util.modeler.ParameterInfo@5f3654f8)
2019-05-11 11:06:11.518 DEBUG 8956 --- [kground-preinit] o.apache.tomcat.util.IntrospectionUtils  : IntrospectionUtils: callMethod1 org.apache.tomcat.util.modeler.OperationInfo org.apache.tomcat.util.modeler.ParameterInfo org.apache.tomcat.util.modeler.ParameterInfo
2019-05-11 11:06:11.518 DEBUG 8956 --- [           main] o.s.b.f.s.DefaultListableBeanFactory     : Returning cached instance of singleton bean 'autoConfigurationReport'
2019-05-11 11:06:11.518 DEBUG 8956 --- [kground-preinit] o.apache.tomcat.util.digester.Digester   :   Fire end() for SetPropertiesRule[]
2019-05-11 11:06:11.518 DEBUG 8956 --- [kground-preinit] o.apache.tomcat.util.digester.Digester   :   Fire end() for ObjectCreateRule[className=org.apache.tomcat.util.modeler.ParameterInfo, attributeName=null]
2019-05-11 11:06:11.518 DEBUG 8956 --- [kground-preinit] o.apache.tomcat.util.digester.Digester   : [ObjectCreateRule]{mbeans-descriptors/mbean/operation/parameter} Pop org.apache.tomcat.util.modeler.ParameterInfo
2019-05-11 11:06:11.518 DEBUG 8956 --- [kground-preinit] o.a.tomcat.util.digester.Digester.sax    : characters(
    )
2019-05-11 11:06:11.518 DEBUG 8956 --- [kground-preinit] o.a.tomcat.util.digester.Digester.sax    : endElement(,,operation)
2019-05-11 11:06:11.519 DEBUG 8956 --- [kground-preinit] o.apache.tomcat.util.digester.Digester   :   match='mbeans-descriptors/mbean/operation'
2019-05-11 11:06:11.519 DEBUG 8956 --- [kground-preinit] o.apache.tomcat.util.digester.Digester   :   bodyText='
      
    '
2019-05-11 11:06:11.519 DEBUG 8956 --- [kground-preinit] o.apache.tomcat.util.digester.Digester   :   Fire body() for ObjectCreateRule[className=org.apache.tomcat.util.modeler.OperationInfo, attributeName=null]
2019-05-11 11:06:11.519 DEBUG 8956 --- [kground-preinit] o.apache.tomcat.util.digester.Digester   :   Fire body() for SetPropertiesRule[]
2019-05-11 11:06:11.519 DEBUG 8956 --- [kground-preinit] o.apache.tomcat.util.digester.Digester   :   Fire body() for SetNextRule[methodName=addOperation, paramType=org.apache.tomcat.util.modeler.OperationInfo]
2019-05-11 11:06:11.519 DEBUG 8956 --- [kground-preinit] o.apache.tomcat.util.digester.Digester   :   Fire end() for SetNextRule[methodName=addOperation, paramType=org.apache.tomcat.util.modeler.OperationInfo]
2019-05-11 11:06:11.520 DEBUG 8956 --- [kground-preinit] o.apache.tomcat.util.digester.Digester   : [SetNextRule]{mbeans-descriptors/mbean/operation} Call org.apache.tomcat.util.modeler.ManagedBean.addOperation(org.apache.tomcat.util.modeler.OperationInfo@2af51c8c)
2019-05-11 11:06:11.521 DEBUG 8956 --- [kground-preinit] o.apache.tomcat.util.IntrospectionUtils  : IntrospectionUtils: callMethod1 org.apache.tomcat.util.modeler.ManagedBean org.apache.tomcat.util.modeler.OperationInfo org.apache.tomcat.util.modeler.OperationInfo
2019-05-11 11:06:11.521 DEBUG 8956 --- [kground-preinit] o.apache.tomcat.util.digester.Digester   :   Fire end() for SetPropertiesRule[]
2019-05-11 11:06:11.521 DEBUG 8956 --- [kground-preinit] o.apache.tomcat.util.digester.Digester   :   Fire end() for ObjectCreateRule[className=org.apache.tomcat.util.modeler.OperationInfo, attributeName=null]
2019-05-11 11:06:11.521 DEBUG 8956 --- [kground-preinit] o.apache.tomcat.util.digester.Digester   : [ObjectCreateRule]{mbeans-descriptors/mbean/operation} Pop org.apache.tomcat.util.modeler.OperationInfo
2019-05-11 11:06:11.521 DEBUG 8956 --- [kground-preinit] o.a.tomcat.util.digester.Digester.sax    : characters(

  )
2019-05-11 11:06:11.522 DEBUG 8956 --- [kground-preinit] o.a.tomcat.util.digester.Digester.sax    : endElement(,,mbean)
2019-05-11 11:06:11.522 DEBUG 8956 --- [kground-preinit] o.apache.tomcat.util.digester.Digester   :   match='mbeans-descriptors/mbean'
2019-05-11 11:06:11.522 DEBUG 8956 --- [kground-preinit] o.apache.tomcat.util.digester.Digester   :   bodyText='

    
    
    
    

    

    

    

    

    

    

    

    

    

    

    


    

    

    

    

    
    
    
    

    

    

    

    

    

    

    

    

  '
2019-05-11 11:06:11.522 DEBUG 8956 --- [           main] o.s.b.f.s.DefaultListableBeanFactory     : Returning cached instance of singleton bean 'autoConfigurationReport'
2019-05-11 11:06:11.522 DEBUG 8956 --- [kground-preinit] o.apache.tomcat.util.digester.Digester   :   Fire body() for ObjectCreateRule[className=org.apache.tomcat.util.modeler.ManagedBean, attributeName=null]
2019-05-11 11:06:11.522 DEBUG 8956 --- [           main] o.s.b.f.s.DefaultListableBeanFactory     : Returning cached instance of singleton bean 'autoConfigurationReport'
2019-05-11 11:06:11.522 DEBUG 8956 --- [kground-preinit] o.apache.tomcat.util.digester.Digester   :   Fire body() for SetPropertiesRule[]
2019-05-11 11:06:11.522 DEBUG 8956 --- [kground-preinit] o.apache.tomcat.util.digester.Digester   :   Fire body() for SetNextRule[methodName=add, paramType=java.lang.Object]
2019-05-11 11:06:11.523 DEBUG 8956 --- [kground-preinit] o.apache.tomcat.util.digester.Digester   :   Fire end() for SetNextRule[methodName=add, paramType=java.lang.Object]
2019-05-11 11:06:11.523 DEBUG 8956 --- [kground-preinit] o.apache.tomcat.util.digester.Digester   : [SetNextRule]{mbeans-descriptors/mbean} Call java.util.ArrayList.add(ManagedBean[name=MBeanFactory, className=org.apache.tomcat.util.modeler.BaseModelMBean, description=Factory for MBeans and corresponding components, type=org.apache.catalina.mbeans.MBeanFactory])
2019-05-11 11:06:11.523 DEBUG 8956 --- [kground-preinit] o.apache.tomcat.util.IntrospectionUtils  : IntrospectionUtils: callMethod1 java.util.ArrayList org.apache.tomcat.util.modeler.ManagedBean java.lang.Object
2019-05-11 11:06:11.524 DEBUG 8956 --- [kground-preinit] o.apache.tomcat.util.digester.Digester   :   Fire end() for SetPropertiesRule[]
2019-05-11 11:06:11.524 DEBUG 8956 --- [kground-preinit] o.apache.tomcat.util.digester.Digester   :   Fire end() for ObjectCreateRule[className=org.apache.tomcat.util.modeler.ManagedBean, attributeName=null]
2019-05-11 11:06:11.525 DEBUG 8956 --- [kground-preinit] o.apache.tomcat.util.digester.Digester   : [ObjectCreateRule]{mbeans-descriptors/mbean} Pop org.apache.tomcat.util.modeler.ManagedBean
2019-05-11 11:06:11.526 DEBUG 8956 --- [kground-preinit] o.a.tomcat.util.digester.Digester.sax    : characters(

)
2019-05-11 11:06:11.526 DEBUG 8956 --- [kground-preinit] o.a.tomcat.util.digester.Digester.sax    : endElement(,,mbeans-descriptors)
2019-05-11 11:06:11.526 DEBUG 8956 --- [kground-preinit] o.apache.tomcat.util.digester.Digester   :   match='mbeans-descriptors'
2019-05-11 11:06:11.526 DEBUG 8956 --- [kground-preinit] o.apache.tomcat.util.digester.Digester   :   bodyText='

  

'
2019-05-11 11:06:11.526 DEBUG 8956 --- [kground-preinit] o.apache.tomcat.util.digester.Digester   :   No rules found matching 'mbeans-descriptors'.
2019-05-11 11:06:11.527 DEBUG 8956 --- [kground-preinit] o.a.tomcat.util.digester.Digester.sax    : endDocument()
2019-05-11 11:06:11.527 DEBUG 8956 --- [kground-preinit] org.apache.tomcat.util.modeler.Registry  : Found jar:file:/F:/Repositories/Maven/org/apache/tomcat/embed/tomcat-embed-core/8.5.27/tomcat-embed-core-8.5.27.jar!/org/apache/catalina/authenticator/mbeans-descriptors.xml
2019-05-11 11:06:11.528 DEBUG 8956 --- [           main] o.s.b.f.s.DefaultListableBeanFactory     : Returning cached instance of singleton bean 'autoConfigurationReport'
2019-05-11 11:06:11.528 DEBUG 8956 --- [kground-preinit] o.a.tomcat.util.digester.Digester.sax    : setDocumentLocator(org.apache.xerces.parsers.AbstractSAXParser$LocatorProxy@68dea72)
2019-05-11 11:06:11.528 DEBUG 8956 --- [kground-preinit] o.a.tomcat.util.digester.Digester.sax    : startDocument()
2019-05-11 11:06:11.528 DEBUG 8956 --- [kground-preinit] o.a.tomcat.util.digester.Digester.sax    : startElement(,,mbeans-descriptors)
2019-05-11 11:06:11.529 DEBUG 8956 --- [kground-preinit] o.apache.tomcat.util.digester.Digester   :   New match='mbeans-descriptors'
2019-05-11 11:06:11.529 DEBUG 8956 --- [kground-preinit] o.apache.tomcat.util.digester.Digester   :   No rules found matching 'mbeans-descriptors'.
2019-05-11 11:06:11.529 DEBUG 8956 --- [kground-preinit] o.a.tomcat.util.digester.Digester.sax    : characters(

  )
2019-05-11 11:06:11.529 DEBUG 8956 --- [kground-preinit] o.a.tomcat.util.digester.Digester.sax    : startElement(,,mbean)
2019-05-11 11:06:11.529 DEBUG 8956 --- [kground-preinit] o.apache.tomcat.util.digester.Digester   :   New match='mbeans-descriptors/mbean'
2019-05-11 11:06:11.529 DEBUG 8956 --- [kground-preinit] o.apache.tomcat.util.digester.Digester   :   Fire begin() for ObjectCreateRule[className=org.apache.tomcat.util.modeler.ManagedBean, attributeName=null]
2019-05-11 11:06:11.529 DEBUG 8956 --- [kground-preinit] o.apache.tomcat.util.digester.Digester   : [ObjectCreateRule]{mbeans-descriptors/mbean}New org.apache.tomcat.util.modeler.ManagedBean
2019-05-11 11:06:11.529 DEBUG 8956 --- [kground-preinit] o.apache.tomcat.util.digester.Digester   :   Fire begin() for SetPropertiesRule[]
2019-05-11 11:06:11.529 DEBUG 8956 --- [kground-preinit] o.apache.tomcat.util.digester.Digester   : [SetPropertiesRule]{mbeans-descriptors/mbean} Set org.apache.tomcat.util.modeler.ManagedBean properties
2019-05-11 11:06:11.530 DEBUG 8956 --- [kground-preinit] o.apache.tomcat.util.digester.Digester   : [SetPropertiesRule]{mbeans-descriptors/mbean} Setting property 'name' to 'BasicAuthenticator'
2019-05-11 11:06:11.530 DEBUG 8956 --- [kground-preinit] o.apache.tomcat.util.IntrospectionUtils  : IntrospectionUtils: setProperty(class org.apache.tomcat.util.modeler.ManagedBean name=BasicAuthenticator)
2019-05-11 11:06:11.530 DEBUG 8956 --- [kground-preinit] o.apache.tomcat.util.digester.Digester   : [SetPropertiesRule]{mbeans-descriptors/mbean} Setting property 'description' to 'An Authenticator and Valve implementation of HTTP BASIC Authentication'
2019-05-11 11:06:11.530 DEBUG 8956 --- [kground-preinit] o.apache.tomcat.util.IntrospectionUtils  : IntrospectionUtils: setProperty(class org.apache.tomcat.util.modeler.ManagedBean description=An Authenticator and Valve implementation of HTTP BASIC Authentication)
2019-05-11 11:06:11.530 DEBUG 8956 --- [kground-preinit] o.apache.tomcat.util.digester.Digester   : [SetPropertiesRule]{mbeans-descriptors/mbean} Setting property 'domain' to 'Catalina'
2019-05-11 11:06:11.530 DEBUG 8956 --- [kground-preinit] o.apache.tomcat.util.IntrospectionUtils  : IntrospectionUtils: setProperty(class org.apache.tomcat.util.modeler.ManagedBean domain=Catalina)
2019-05-11 11:06:11.530 DEBUG 8956 --- [kground-preinit] o.apache.tomcat.util.digester.Digester   : [SetPropertiesRule]{mbeans-descriptors/mbean} Setting property 'group' to 'Valve'
2019-05-11 11:06:11.530 DEBUG 8956 --- [kground-preinit] o.apache.tomcat.util.IntrospectionUtils  : IntrospectionUtils: setProperty(class org.apache.tomcat.util.modeler.ManagedBean group=Valve)
2019-05-11 11:06:11.531 DEBUG 8956 --- [kground-preinit] o.apache.tomcat.util.digester.Digester   : [SetPropertiesRule]{mbeans-descriptors/mbean} Setting property 'type' to 'org.apache.catalina.authenticator.BasicAuthenticator'
2019-05-11 11:06:11.531 DEBUG 8956 --- [kground-preinit] o.apache.tomcat.util.IntrospectionUtils  : IntrospectionUtils: setProperty(class org.apache.tomcat.util.modeler.ManagedBean type=org.apache.catalina.authenticator.BasicAuthenticator)
2019-05-11 11:06:11.531 DEBUG 8956 --- [kground-preinit] o.apache.tomcat.util.digester.Digester   :   Fire begin() for SetNextRule[methodName=add, paramType=java.lang.Object]
2019-05-11 11:06:11.531 DEBUG 8956 --- [kground-preinit] o.a.tomcat.util.digester.Digester.sax    : characters(

    )
2019-05-11 11:06:11.531 DEBUG 8956 --- [kground-preinit] o.a.tomcat.util.digester.Digester.sax    : startElement(,,attribute)
2019-05-11 11:06:11.531 DEBUG 8956 --- [kground-preinit] o.apache.tomcat.util.digester.Digester   :   New match='mbeans-descriptors/mbean/attribute'
2019-05-11 11:06:11.532 DEBUG 8956 --- [kground-preinit] o.apache.tomcat.util.digester.Digester   :   Fire begin() for ObjectCreateRule[className=org.apache.tomcat.util.modeler.AttributeInfo, attributeName=null]
2019-05-11 11:06:11.532 DEBUG 8956 --- [kground-preinit] o.apache.tomcat.util.digester.Digester   : [ObjectCreateRule]{mbeans-descriptors/mbean/attribute}New org.apache.tomcat.util.modeler.AttributeInfo
2019-05-11 11:06:11.532 DEBUG 8956 --- [kground-preinit] o.apache.tomcat.util.digester.Digester   :   Fire begin() for SetPropertiesRule[]
2019-05-11 11:06:11.532 DEBUG 8956 --- [kground-preinit] o.apache.tomcat.util.digester.Digester   : [SetPropertiesRule]{mbeans-descriptors/mbean/attribute} Set org.apache.tomcat.util.modeler.AttributeInfo properties
2019-05-11 11:06:11.532 DEBUG 8956 --- [kground-preinit] o.apache.tomcat.util.digester.Digester   : [SetPropertiesRule]{mbeans-descriptors/mbean/attribute} Setting property 'name' to 'alwaysUseSession'
2019-05-11 11:06:11.532 DEBUG 8956 --- [kground-preinit] o.apache.tomcat.util.IntrospectionUtils  : IntrospectionUtils: setProperty(class org.apache.tomcat.util.modeler.AttributeInfo name=alwaysUseSession)
2019-05-11 11:06:11.532 DEBUG 8956 --- [kground-preinit] o.apache.tomcat.util.digester.Digester   : [SetPropertiesRule]{mbeans-descriptors/mbean/attribute} Setting property 'description' to 'Should a session always be used once a user is authenticated?'
2019-05-11 11:06:11.532 DEBUG 8956 --- [kground-preinit] o.apache.tomcat.util.IntrospectionUtils  : IntrospectionUtils: setProperty(class org.apache.tomcat.util.modeler.AttributeInfo description=Should a session always be used once a user is authenticated?)
2019-05-11 11:06:11.533 DEBUG 8956 --- [kground-preinit] o.apache.tomcat.util.digester.Digester   : [SetPropertiesRule]{mbeans-descriptors/mbean/attribute} Setting property 'type' to 'boolean'
2019-05-11 11:06:11.533 DEBUG 8956 --- [kground-preinit] o.apache.tomcat.util.IntrospectionUtils  : IntrospectionUtils: setProperty(class org.apache.tomcat.util.modeler.AttributeInfo type=boolean)
2019-05-11 11:06:11.533 DEBUG 8956 --- [kground-preinit] o.apache.tomcat.util.digester.Digester   :   Fire begin() for SetNextRule[methodName=addAttribute, paramType=org.apache.tomcat.util.modeler.AttributeInfo]
2019-05-11 11:06:11.533 DEBUG 8956 --- [kground-preinit] o.a.tomcat.util.digester.Digester.sax    : endElement(,,attribute)
2019-05-11 11:06:11.533 DEBUG 8956 --- [kground-preinit] o.apache.tomcat.util.digester.Digester   :   match='mbeans-descriptors/mbean/attribute'
2019-05-11 11:06:11.533 DEBUG 8956 --- [kground-preinit] o.apache.tomcat.util.digester.Digester   :   bodyText=''
2019-05-11 11:06:11.533 DEBUG 8956 --- [kground-preinit] o.apache.tomcat.util.digester.Digester   :   Fire body() for ObjectCreateRule[className=org.apache.tomcat.util.modeler.AttributeInfo, attributeName=null]
2019-05-11 11:06:11.533 DEBUG 8956 --- [kground-preinit] o.apache.tomcat.util.digester.Digester   :   Fire body() for SetPropertiesRule[]
2019-05-11 11:06:11.533 DEBUG 8956 --- [kground-preinit] o.apache.tomcat.util.digester.Digester   :   Fire body() for SetNextRule[methodName=addAttribute, paramType=org.apache.tomcat.util.modeler.AttributeInfo]
2019-05-11 11:06:11.533 DEBUG 8956 --- [kground-preinit] o.apache.tomcat.util.digester.Digester   :   Fire end() for SetNextRule[methodName=addAttribute, paramType=org.apache.tomcat.util.modeler.AttributeInfo]
2019-05-11 11:06:11.534 DEBUG 8956 --- [kground-preinit] o.apache.tomcat.util.digester.Digester   : [SetNextRule]{mbeans-descriptors/mbean/attribute} Call org.apache.tomcat.util.modeler.ManagedBean.addAttribute(org.apache.tomcat.util.modeler.AttributeInfo@befa593)
2019-05-11 11:06:11.534 DEBUG 8956 --- [kground-preinit] o.apache.tomcat.util.IntrospectionUtils  : IntrospectionUtils: callMethod1 org.apache.tomcat.util.modeler.ManagedBean org.apache.tomcat.util.modeler.AttributeInfo org.apache.tomcat.util.modeler.AttributeInfo
2019-05-11 11:06:11.534 DEBUG 8956 --- [kground-preinit] o.apache.tomcat.util.digester.Digester   :   Fire end() for SetPropertiesRule[]
2019-05-11 11:06:11.534 DEBUG 8956 --- [kground-preinit] o.apache.tomcat.util.digester.Digester   :   Fire end() for ObjectCreateRule[className=org.apache.tomcat.util.modeler.AttributeInfo, attributeName=null]
2019-05-11 11:06:11.534 DEBUG 8956 --- [kground-preinit] o.apache.tomcat.util.digester.Digester   : [ObjectCreateRule]{mbeans-descriptors/mbean/attribute} Pop org.apache.tomcat.util.modeler.AttributeInfo
2019-05-11 11:06:11.534 DEBUG 8956 --- [kground-preinit] o.a.tomcat.util.digester.Digester.sax    : characters(

    )
2019-05-11 11:06:11.534 DEBUG 8956 --- [kground-preinit] o.a.tomcat.util.digester.Digester.sax    : startElement(,,attribute)
2019-05-11 11:06:11.534 DEBUG 8956 --- [kground-preinit] o.apache.tomcat.util.digester.Digester   :   New match='mbeans-descriptors/mbean/attribute'
2019-05-11 11:06:11.534 DEBUG 8956 --- [kground-preinit] o.apache.tomcat.util.digester.Digester   :   Fire begin() for ObjectCreateRule[className=org.apache.tomcat.util.modeler.AttributeInfo, attributeName=null]
2019-05-11 11:06:11.534 DEBUG 8956 --- [kground-preinit] o.apache.tomcat.util.digester.Digester   : [ObjectCreateRule]{mbeans-descriptors/mbean/attribute}New org.apache.tomcat.util.modeler.AttributeInfo
2019-05-11 11:06:11.535 DEBUG 8956 --- [kground-preinit] o.apache.tomcat.util.digester.Digester   :   Fire begin() for SetPropertiesRule[]
2019-05-11 11:06:11.535 DEBUG 8956 --- [kground-preinit] o.apache.tomcat.util.digester.Digester   : [SetPropertiesRule]{mbeans-descriptors/mbean/attribute} Set org.apache.tomcat.util.modeler.AttributeInfo properties
2019-05-11 11:06:11.535 DEBUG 8956 --- [kground-preinit] o.apache.tomcat.util.digester.Digester   : [SetPropertiesRule]{mbeans-descriptors/mbean/attribute} Setting property 'name' to 'cache'
2019-05-11 11:06:11.535 DEBUG 8956 --- [kground-preinit] o.apache.tomcat.util.IntrospectionUtils  : IntrospectionUtils: setProperty(class org.apache.tomcat.util.modeler.AttributeInfo name=cache)
2019-05-11 11:06:11.535 DEBUG 8956 --- [kground-preinit] o.apache.tomcat.util.digester.Digester   : [SetPropertiesRule]{mbeans-descriptors/mbean/attribute} Setting property 'description' to 'Should we cache authenticated Principals if the request is part of an HTTP session?'
2019-05-11 11:06:11.535 DEBUG 8956 --- [kground-preinit] o.apache.tomcat.util.IntrospectionUtils  : IntrospectionUtils: setProperty(class org.apache.tomcat.util.modeler.AttributeInfo description=Should we cache authenticated Principals if the request is part of an HTTP session?)
2019-05-11 11:06:11.535 DEBUG 8956 --- [kground-preinit] o.apache.tomcat.util.digester.Digester   : [SetPropertiesRule]{mbeans-descriptors/mbean/attribute} Setting property 'type' to 'boolean'
2019-05-11 11:06:11.535 DEBUG 8956 --- [kground-preinit] o.apache.tomcat.util.IntrospectionUtils  : IntrospectionUtils: setProperty(class org.apache.tomcat.util.modeler.AttributeInfo type=boolean)
2019-05-11 11:06:11.536 DEBUG 8956 --- [kground-preinit] o.apache.tomcat.util.digester.Digester   :   Fire begin() for SetNextRule[methodName=addAttribute, paramType=org.apache.tomcat.util.modeler.AttributeInfo]
2019-05-11 11:06:11.536 DEBUG 8956 --- [kground-preinit] o.a.tomcat.util.digester.Digester.sax    : endElement(,,attribute)
2019-05-11 11:06:11.536 DEBUG 8956 --- [kground-preinit] o.apache.tomcat.util.digester.Digester   :   match='mbeans-descriptors/mbean/attribute'
2019-05-11 11:06:11.536 DEBUG 8956 --- [kground-preinit] o.apache.tomcat.util.digester.Digester   :   bodyText=''
2019-05-11 11:06:11.536 DEBUG 8956 --- [kground-preinit] o.apache.tomcat.util.digester.Digester   :   Fire body() for ObjectCreateRule[className=org.apache.tomcat.util.modeler.AttributeInfo, attributeName=null]
2019-05-11 11:06:11.536 DEBUG 8956 --- [kground-preinit] o.apache.tomcat.util.digester.Digester   :   Fire body() for SetPropertiesRule[]
2019-05-11 11:06:11.536 DEBUG 8956 --- [kground-preinit] o.apache.tomcat.util.digester.Digester   :   Fire body() for SetNextRule[methodName=addAttribute, paramType=org.apache.tomcat.util.modeler.AttributeInfo]
2019-05-11 11:06:11.536 DEBUG 8956 --- [kground-preinit] o.apache.tomcat.util.digester.Digester   :   Fire end() for SetNextRule[methodName=addAttribute, paramType=org.apache.tomcat.util.modeler.AttributeInfo]
2019-05-11 11:06:11.536 DEBUG 8956 --- [kground-preinit] o.apache.tomcat.util.digester.Digester   : [SetNextRule]{mbeans-descriptors/mbean/attribute} Call org.apache.tomcat.util.modeler.ManagedBean.addAttribute(org.apache.tomcat.util.modeler.AttributeInfo@e806ec3)
2019-05-11 11:06:11.536 DEBUG 8956 --- [kground-preinit] o.apache.tomcat.util.IntrospectionUtils  : IntrospectionUtils: callMethod1 org.apache.tomcat.util.modeler.ManagedBean org.apache.tomcat.util.modeler.AttributeInfo org.apache.tomcat.util.modeler.AttributeInfo
2019-05-11 11:06:11.536 DEBUG 8956 --- [kground-preinit] o.apache.tomcat.util.digester.Digester   :   Fire end() for SetPropertiesRule[]
2019-05-11 11:06:11.537 DEBUG 8956 --- [kground-preinit] o.apache.tomcat.util.digester.Digester   :   Fire end() for ObjectCreateRule[className=org.apache.tomcat.util.modeler.AttributeInfo, attributeName=null]
2019-05-11 11:06:11.537 DEBUG 8956 --- [kground-preinit] o.apache.tomcat.util.digester.Digester   : [ObjectCreateRule]{mbeans-descriptors/mbean/attribute} Pop org.apache.tomcat.util.modeler.AttributeInfo
2019-05-11 11:06:11.537 DEBUG 8956 --- [kground-preinit] o.a.tomcat.util.digester.Digester.sax    : characters(

    )
2019-05-11 11:06:11.537 DEBUG 8956 --- [kground-preinit] o.a.tomcat.util.digester.Digester.sax    : startElement(,,attribute)
2019-05-11 11:06:11.537 DEBUG 8956 --- [kground-preinit] o.apache.tomcat.util.digester.Digester   :   New match='mbeans-descriptors/mbean/attribute'
2019-05-11 11:06:11.537 DEBUG 8956 --- [kground-preinit] o.apache.tomcat.util.digester.Digester   :   Fire begin() for ObjectCreateRule[className=org.apache.tomcat.util.modeler.AttributeInfo, attributeName=null]
2019-05-11 11:06:11.537 DEBUG 8956 --- [kground-preinit] o.apache.tomcat.util.digester.Digester   : [ObjectCreateRule]{mbeans-descriptors/mbean/attribute}New org.apache.tomcat.util.modeler.AttributeInfo
2019-05-11 11:06:11.537 DEBUG 8956 --- [kground-preinit] o.apache.tomcat.util.digester.Digester   :   Fire begin() for SetPropertiesRule[]
2019-05-11 11:06:11.538 DEBUG 8956 --- [kground-preinit] o.apache.tomcat.util.digester.Digester   : [SetPropertiesRule]{mbeans-descriptors/mbean/attribute} Set org.apache.tomcat.util.modeler.AttributeInfo properties
2019-05-11 11:06:11.538 DEBUG 8956 --- [kground-preinit] o.apache.tomcat.util.digester.Digester   : [SetPropertiesRule]{mbeans-descriptors/mbean/attribute} Setting property 'name' to 'changeSessionIdOnAuthentication'
2019-05-11 11:06:11.538 DEBUG 8956 --- [kground-preinit] o.apache.tomcat.util.IntrospectionUtils  : IntrospectionUtils: setProperty(class org.apache.tomcat.util.modeler.AttributeInfo name=changeSessionIdOnAuthentication)
2019-05-11 11:06:11.538 DEBUG 8956 --- [kground-preinit] o.apache.tomcat.util.digester.Digester   : [SetPropertiesRule]{mbeans-descriptors/mbean/attribute} Setting property 'description' to 'Controls if the session ID is changed if a session exists at the point where users are authenticated'
2019-05-11 11:06:11.538 DEBUG 8956 --- [kground-preinit] o.apache.tomcat.util.IntrospectionUtils  : IntrospectionUtils: setProperty(class org.apache.tomcat.util.modeler.AttributeInfo description=Controls if the session ID is changed if a session exists at the point where users are authenticated)
2019-05-11 11:06:11.538 DEBUG 8956 --- [kground-preinit] o.apache.tomcat.util.digester.Digester   : [SetPropertiesRule]{mbeans-descriptors/mbean/attribute} Setting property 'type' to 'boolean'
2019-05-11 11:06:11.538 DEBUG 8956 --- [kground-preinit] o.apache.tomcat.util.IntrospectionUtils  : IntrospectionUtils: setProperty(class org.apache.tomcat.util.modeler.AttributeInfo type=boolean)
2019-05-11 11:06:11.538 DEBUG 8956 --- [kground-preinit] o.apache.tomcat.util.digester.Digester   :   Fire begin() for SetNextRule[methodName=addAttribute, paramType=org.apache.tomcat.util.modeler.AttributeInfo]
2019-05-11 11:06:11.539 DEBUG 8956 --- [kground-preinit] o.a.tomcat.util.digester.Digester.sax    : endElement(,,attribute)
2019-05-11 11:06:11.539 DEBUG 8956 --- [kground-preinit] o.apache.tomcat.util.digester.Digester   :   match='mbeans-descriptors/mbean/attribute'
2019-05-11 11:06:11.539 DEBUG 8956 --- [kground-preinit] o.apache.tomcat.util.digester.Digester   :   bodyText=''
2019-05-11 11:06:11.539 DEBUG 8956 --- [kground-preinit] o.apache.tomcat.util.digester.Digester   :   Fire body() for ObjectCreateRule[className=org.apache.tomcat.util.modeler.AttributeInfo, attributeName=null]
2019-05-11 11:06:11.539 DEBUG 8956 --- [kground-preinit] o.apache.tomcat.util.digester.Digester   :   Fire body() for SetPropertiesRule[]
2019-05-11 11:06:11.539 DEBUG 8956 --- [kground-preinit] o.apache.tomcat.util.digester.Digester   :   Fire body() for SetNextRule[methodName=addAttribute, paramType=org.apache.tomcat.util.modeler.AttributeInfo]
2019-05-11 11:06:11.539 DEBUG 8956 --- [kground-preinit] o.apache.tomcat.util.digester.Digester   :   Fire end() for SetNextRule[methodName=addAttribute, paramType=org.apache.tomcat.util.modeler.AttributeInfo]
2019-05-11 11:06:11.539 DEBUG 8956 --- [kground-preinit] o.apache.tomcat.util.digester.Digester   : [SetNextRule]{mbeans-descriptors/mbean/attribute} Call org.apache.tomcat.util.modeler.ManagedBean.addAttribute(org.apache.tomcat.util.modeler.AttributeInfo@67b7db1b)
2019-05-11 11:06:11.539 DEBUG 8956 --- [kground-preinit] o.apache.tomcat.util.IntrospectionUtils  : IntrospectionUtils: callMethod1 org.apache.tomcat.util.modeler.ManagedBean org.apache.tomcat.util.modeler.AttributeInfo org.apache.tomcat.util.modeler.AttributeInfo
2019-05-11 11:06:11.539 DEBUG 8956 --- [           main] o.s.b.f.s.DefaultListableBeanFactory     : Returning cached instance of singleton bean 'autoConfigurationReport'
2019-05-11 11:06:11.540 DEBUG 8956 --- [kground-preinit] o.apache.tomcat.util.digester.Digester   :   Fire end() for SetPropertiesRule[]
2019-05-11 11:06:11.540 DEBUG 8956 --- [kground-preinit] o.apache.tomcat.util.digester.Digester   :   Fire end() for ObjectCreateRule[className=org.apache.tomcat.util.modeler.AttributeInfo, attributeName=null]
2019-05-11 11:06:11.540 DEBUG 8956 --- [kground-preinit] o.apache.tomcat.util.digester.Digester   : [ObjectCreateRule]{mbeans-descriptors/mbean/attribute} Pop org.apache.tomcat.util.modeler.AttributeInfo
2019-05-11 11:06:11.540 DEBUG 8956 --- [kground-preinit] o.a.tomcat.util.digester.Digester.sax    : characters(

    )
2019-05-11 11:06:11.540 DEBUG 8956 --- [kground-preinit] o.a.tomcat.util.digester.Digester.sax    : startElement(,,attribute)
2019-05-11 11:06:11.541 DEBUG 8956 --- [kground-preinit] o.apache.tomcat.util.digester.Digester   :   New match='mbeans-descriptors/mbean/attribute'
2019-05-11 11:06:11.541 DEBUG 8956 --- [kground-preinit] o.apache.tomcat.util.digester.Digester   :   Fire begin() for ObjectCreateRule[className=org.apache.tomcat.util.modeler.AttributeInfo, attributeName=null]
2019-05-11 11:06:11.542 DEBUG 8956 --- [kground-preinit] o.apache.tomcat.util.digester.Digester   : [ObjectCreateRule]{mbeans-descriptors/mbean/attribute}New org.apache.tomcat.util.modeler.AttributeInfo
2019-05-11 11:06:11.542 DEBUG 8956 --- [kground-preinit] o.apache.tomcat.util.digester.Digester   :   Fire begin() for SetPropertiesRule[]
2019-05-11 11:06:11.543 DEBUG 8956 --- [kground-preinit] o.apache.tomcat.util.digester.Digester   : [SetPropertiesRule]{mbeans-descriptors/mbean/attribute} Set org.apache.tomcat.util.modeler.AttributeInfo properties
2019-05-11 11:06:11.543 DEBUG 8956 --- [kground-preinit] o.apache.tomcat.util.digester.Digester   : [SetPropertiesRule]{mbeans-descriptors/mbean/attribute} Setting property 'name' to 'className'
2019-05-11 11:06:11.543 DEBUG 8956 --- [kground-preinit] o.apache.tomcat.util.IntrospectionUtils  : IntrospectionUtils: setProperty(class org.apache.tomcat.util.modeler.AttributeInfo name=className)
2019-05-11 11:06:11.543 DEBUG 8956 --- [           main] o.s.b.f.s.DefaultListableBeanFactory     : Returning cached instance of singleton bean 'autoConfigurationReport'
2019-05-11 11:06:11.543 DEBUG 8956 --- [kground-preinit] o.apache.tomcat.util.digester.Digester   : [SetPropertiesRule]{mbeans-descriptors/mbean/attribute} Setting property 'description' to 'Fully qualified class name of the managed object'
2019-05-11 11:06:11.544 DEBUG 8956 --- [kground-preinit] o.apache.tomcat.util.IntrospectionUtils  : IntrospectionUtils: setProperty(class org.apache.tomcat.util.modeler.AttributeInfo description=Fully qualified class name of the managed object)
2019-05-11 11:06:11.545 DEBUG 8956 --- [kground-preinit] o.apache.tomcat.util.digester.Digester   : [SetPropertiesRule]{mbeans-descriptors/mbean/attribute} Setting property 'type' to 'java.lang.String'
2019-05-11 11:06:11.545 DEBUG 8956 --- [kground-preinit] o.apache.tomcat.util.IntrospectionUtils  : IntrospectionUtils: setProperty(class org.apache.tomcat.util.modeler.AttributeInfo type=java.lang.String)
2019-05-11 11:06:11.545 DEBUG 8956 --- [kground-preinit] o.apache.tomcat.util.digester.Digester   : [SetPropertiesRule]{mbeans-descriptors/mbean/attribute} Setting property 'writeable' to 'false'
2019-05-11 11:06:11.545 DEBUG 8956 --- [kground-preinit] o.apache.tomcat.util.IntrospectionUtils  : IntrospectionUtils: setProperty(class org.apache.tomcat.util.modeler.AttributeInfo writeable=false)
2019-05-11 11:06:11.545 DEBUG 8956 --- [kground-preinit] o.apache.tomcat.util.digester.Digester   :   Fire begin() for SetNextRule[methodName=addAttribute, paramType=org.apache.tomcat.util.modeler.AttributeInfo]
2019-05-11 11:06:11.546 DEBUG 8956 --- [kground-preinit] o.a.tomcat.util.digester.Digester.sax    : endElement(,,attribute)
2019-05-11 11:06:11.546 DEBUG 8956 --- [kground-preinit] o.apache.tomcat.util.digester.Digester   :   match='mbeans-descriptors/mbean/attribute'
2019-05-11 11:06:11.546 DEBUG 8956 --- [kground-preinit] o.apache.tomcat.util.digester.Digester   :   bodyText=''
2019-05-11 11:06:11.547 DEBUG 8956 --- [kground-preinit] o.apache.tomcat.util.digester.Digester   :   Fire body() for ObjectCreateRule[className=org.apache.tomcat.util.modeler.AttributeInfo, attributeName=null]
2019-05-11 11:06:11.547 DEBUG 8956 --- [kground-preinit] o.apache.tomcat.util.digester.Digester   :   Fire body() for SetPropertiesRule[]
2019-05-11 11:06:11.547 DEBUG 8956 --- [kground-preinit] o.apache.tomcat.util.digester.Digester   :   Fire body() for SetNextRule[methodName=addAttribute, paramType=org.apache.tomcat.util.modeler.AttributeInfo]
2019-05-11 11:06:11.547 DEBUG 8956 --- [kground-preinit] o.apache.tomcat.util.digester.Digester   :   Fire end() for SetNextRule[methodName=addAttribute, paramType=org.apache.tomcat.util.modeler.AttributeInfo]
2019-05-11 11:06:11.547 DEBUG 8956 --- [kground-preinit] o.apache.tomcat.util.digester.Digester   : [SetNextRule]{mbeans-descriptors/mbean/attribute} Call org.apache.tomcat.util.modeler.ManagedBean.addAttribute(org.apache.tomcat.util.modeler.AttributeInfo@70ce32b6)
2019-05-11 11:06:11.548 DEBUG 8956 --- [kground-preinit] o.apache.tomcat.util.IntrospectionUtils  : IntrospectionUtils: callMethod1 org.apache.tomcat.util.modeler.ManagedBean org.apache.tomcat.util.modeler.AttributeInfo org.apache.tomcat.util.modeler.AttributeInfo
2019-05-11 11:06:11.544 DEBUG 8956 --- [           main] o.s.b.f.s.DefaultListableBeanFactory     : Returning cached instance of singleton bean 'autoConfigurationReport'
2019-05-11 11:06:11.548 DEBUG 8956 --- [kground-preinit] o.apache.tomcat.util.digester.Digester   :   Fire end() for SetPropertiesRule[]
2019-05-11 11:06:11.549 DEBUG 8956 --- [kground-preinit] o.apache.tomcat.util.digester.Digester   :   Fire end() for ObjectCreateRule[className=org.apache.tomcat.util.modeler.AttributeInfo, attributeName=null]
2019-05-11 11:06:11.550 DEBUG 8956 --- [kground-preinit] o.apache.tomcat.util.digester.Digester   : [ObjectCreateRule]{mbeans-descriptors/mbean/attribute} Pop org.apache.tomcat.util.modeler.AttributeInfo
2019-05-11 11:06:11.550 DEBUG 8956 --- [kground-preinit] o.a.tomcat.util.digester.Digester.sax    : characters(

    )
2019-05-11 11:06:11.551 DEBUG 8956 --- [kground-preinit] o.a.tomcat.util.digester.Digester.sax    : startElement(,,attribute)
2019-05-11 11:06:11.551 DEBUG 8956 --- [kground-preinit] o.apache.tomcat.util.digester.Digester   :   New match='mbeans-descriptors/mbean/attribute'
2019-05-11 11:06:11.551 DEBUG 8956 --- [kground-preinit] o.apache.tomcat.util.digester.Digester   :   Fire begin() for ObjectCreateRule[className=org.apache.tomcat.util.modeler.AttributeInfo, attributeName=null]
2019-05-11 11:06:11.551 DEBUG 8956 --- [kground-preinit] o.apache.tomcat.util.digester.Digester   : [ObjectCreateRule]{mbeans-descriptors/mbean/attribute}New org.apache.tomcat.util.modeler.AttributeInfo
2019-05-11 11:06:11.552 DEBUG 8956 --- [kground-preinit] o.apache.tomcat.util.digester.Digester   :   Fire begin() for SetPropertiesRule[]
2019-05-11 11:06:11.552 DEBUG 8956 --- [kground-preinit] o.apache.tomcat.util.digester.Digester   : [SetPropertiesRule]{mbeans-descriptors/mbean/attribute} Set org.apache.tomcat.util.modeler.AttributeInfo properties
2019-05-11 11:06:11.553 DEBUG 8956 --- [kground-preinit] o.apache.tomcat.util.digester.Digester   : [SetPropertiesRule]{mbeans-descriptors/mbean/attribute} Setting property 'name' to 'disableProxyCaching'
2019-05-11 11:06:11.553 DEBUG 8956 --- [kground-preinit] o.apache.tomcat.util.IntrospectionUtils  : IntrospectionUtils: setProperty(class org.apache.tomcat.util.modeler.AttributeInfo name=disableProxyCaching)
2019-05-11 11:06:11.553 DEBUG 8956 --- [kground-preinit] o.apache.tomcat.util.digester.Digester   : [SetPropertiesRule]{mbeans-descriptors/mbean/attribute} Setting property 'description' to 'Controls the caching of pages that are protected by security constraints'
2019-05-11 11:06:11.554 DEBUG 8956 --- [kground-preinit] o.apache.tomcat.util.IntrospectionUtils  : IntrospectionUtils: setProperty(class org.apache.tomcat.util.modeler.AttributeInfo description=Controls the caching of pages that are protected by security constraints)
2019-05-11 11:06:11.555 DEBUG 8956 --- [kground-preinit] o.apache.tomcat.util.digester.Digester   : [SetPropertiesRule]{mbeans-descriptors/mbean/attribute} Setting property 'type' to 'boolean'
2019-05-11 11:06:11.555 DEBUG 8956 --- [kground-preinit] o.apache.tomcat.util.IntrospectionUtils  : IntrospectionUtils: setProperty(class org.apache.tomcat.util.modeler.AttributeInfo type=boolean)
2019-05-11 11:06:11.555 DEBUG 8956 --- [kground-preinit] o.apache.tomcat.util.digester.Digester   :   Fire begin() for SetNextRule[methodName=addAttribute, paramType=org.apache.tomcat.util.modeler.AttributeInfo]
2019-05-11 11:06:11.556 DEBUG 8956 --- [kground-preinit] o.a.tomcat.util.digester.Digester.sax    : endElement(,,attribute)
2019-05-11 11:06:11.556 DEBUG 8956 --- [kground-preinit] o.apache.tomcat.util.digester.Digester   :   match='mbeans-descriptors/mbean/attribute'
2019-05-11 11:06:11.556 DEBUG 8956 --- [kground-preinit] o.apache.tomcat.util.digester.Digester   :   bodyText=''
2019-05-11 11:06:11.556 DEBUG 8956 --- [kground-preinit] o.apache.tomcat.util.digester.Digester   :   Fire body() for ObjectCreateRule[className=org.apache.tomcat.util.modeler.AttributeInfo, attributeName=null]
2019-05-11 11:06:11.556 DEBUG 8956 --- [kground-preinit] o.apache.tomcat.util.digester.Digester   :   Fire body() for SetPropertiesRule[]
2019-05-11 11:06:11.557 DEBUG 8956 --- [kground-preinit] o.apache.tomcat.util.digester.Digester   :   Fire body() for SetNextRule[methodName=addAttribute, paramType=org.apache.tomcat.util.modeler.AttributeInfo]
2019-05-11 11:06:11.563 DEBUG 8956 --- [kground-preinit] o.apache.tomcat.util.digester.Digester   :   Fire end() for SetNextRule[methodName=addAttribute, paramType=org.apache.tomcat.util.modeler.AttributeInfo]
2019-05-11 11:06:11.564 DEBUG 8956 --- [kground-preinit] o.apache.tomcat.util.digester.Digester   : [SetNextRule]{mbeans-descriptors/mbean/attribute} Call org.apache.tomcat.util.modeler.ManagedBean.addAttribute(org.apache.tomcat.util.modeler.AttributeInfo@67bc201)
2019-05-11 11:06:11.564 DEBUG 8956 --- [kground-preinit] o.apache.tomcat.util.IntrospectionUtils  : IntrospectionUtils: callMethod1 org.apache.tomcat.util.modeler.ManagedBean org.apache.tomcat.util.modeler.AttributeInfo org.apache.tomcat.util.modeler.AttributeInfo
2019-05-11 11:06:11.565 DEBUG 8956 --- [kground-preinit] o.apache.tomcat.util.digester.Digester   :   Fire end() for SetPropertiesRule[]
2019-05-11 11:06:11.568 DEBUG 8956 --- [kground-preinit] o.apache.tomcat.util.digester.Digester   :   Fire end() for ObjectCreateRule[className=org.apache.tomcat.util.modeler.AttributeInfo, attributeName=null]
2019-05-11 11:06:11.569 DEBUG 8956 --- [kground-preinit] o.apache.tomcat.util.digester.Digester   : [ObjectCreateRule]{mbeans-descriptors/mbean/attribute} Pop org.apache.tomcat.util.modeler.AttributeInfo
2019-05-11 11:06:11.595 DEBUG 8956 --- [kground-preinit] o.a.tomcat.util.digester.Digester.sax    : characters(

    )
2019-05-11 11:06:11.595 DEBUG 8956 --- [kground-preinit] o.a.tomcat.util.digester.Digester.sax    : startElement(,,attribute)
2019-05-11 11:06:11.595 DEBUG 8956 --- [kground-preinit] o.apache.tomcat.util.digester.Digester   :   New match='mbeans-descriptors/mbean/attribute'
2019-05-11 11:06:11.596 DEBUG 8956 --- [kground-preinit] o.apache.tomcat.util.digester.Digester   :   Fire begin() for ObjectCreateRule[className=org.apache.tomcat.util.modeler.AttributeInfo, attributeName=null]
2019-05-11 11:06:11.596 DEBUG 8956 --- [kground-preinit] o.apache.tomcat.util.digester.Digester   : [ObjectCreateRule]{mbeans-descriptors/mbean/attribute}New org.apache.tomcat.util.modeler.AttributeInfo
2019-05-11 11:06:11.596 DEBUG 8956 --- [kground-preinit] o.apache.tomcat.util.digester.Digester   :   Fire begin() for SetPropertiesRule[]
2019-05-11 11:06:11.596 DEBUG 8956 --- [kground-preinit] o.apache.tomcat.util.digester.Digester   : [SetPropertiesRule]{mbeans-descriptors/mbean/attribute} Set org.apache.tomcat.util.modeler.AttributeInfo properties
2019-05-11 11:06:11.596 DEBUG 8956 --- [kground-preinit] o.apache.tomcat.util.digester.Digester   : [SetPropertiesRule]{mbeans-descriptors/mbean/attribute} Setting property 'name' to 'securePagesWithPragma'
2019-05-11 11:06:11.597 DEBUG 8956 --- [kground-preinit] o.apache.tomcat.util.IntrospectionUtils  : IntrospectionUtils: setProperty(class org.apache.tomcat.util.modeler.AttributeInfo name=securePagesWithPragma)
2019-05-11 11:06:11.597 DEBUG 8956 --- [kground-preinit] o.apache.tomcat.util.digester.Digester   : [SetPropertiesRule]{mbeans-descriptors/mbean/attribute} Setting property 'description' to 'Controls the caching of pages that are protected by security constraints'
2019-05-11 11:06:11.597 DEBUG 8956 --- [kground-preinit] o.apache.tomcat.util.IntrospectionUtils  : IntrospectionUtils: setProperty(class org.apache.tomcat.util.modeler.AttributeInfo description=Controls the caching of pages that are protected by security constraints)
2019-05-11 11:06:11.597 DEBUG 8956 --- [kground-preinit] o.apache.tomcat.util.digester.Digester   : [SetPropertiesRule]{mbeans-descriptors/mbean/attribute} Setting property 'type' to 'boolean'
2019-05-11 11:06:11.597 DEBUG 8956 --- [kground-preinit] o.apache.tomcat.util.IntrospectionUtils  : IntrospectionUtils: setProperty(class org.apache.tomcat.util.modeler.AttributeInfo type=boolean)
2019-05-11 11:06:11.598 DEBUG 8956 --- [kground-preinit] o.apache.tomcat.util.digester.Digester   :   Fire begin() for SetNextRule[methodName=addAttribute, paramType=org.apache.tomcat.util.modeler.AttributeInfo]
2019-05-11 11:06:11.598 DEBUG 8956 --- [kground-preinit] o.a.tomcat.util.digester.Digester.sax    : endElement(,,attribute)
2019-05-11 11:06:11.550 DEBUG 8956 --- [           main] o.s.b.f.s.DefaultListableBeanFactory     : Returning cached instance of singleton bean 'autoConfigurationReport'
2019-05-11 11:06:11.599 DEBUG 8956 --- [kground-preinit] o.apache.tomcat.util.digester.Digester   :   match='mbeans-descriptors/mbean/attribute'
2019-05-11 11:06:11.599 DEBUG 8956 --- [kground-preinit] o.apache.tomcat.util.digester.Digester   :   bodyText=''
2019-05-11 11:06:11.599 DEBUG 8956 --- [kground-preinit] o.apache.tomcat.util.digester.Digester   :   Fire body() for ObjectCreateRule[className=org.apache.tomcat.util.modeler.AttributeInfo, attributeName=null]
2019-05-11 11:06:11.599 DEBUG 8956 --- [kground-preinit] o.apache.tomcat.util.digester.Digester   :   Fire body() for SetPropertiesRule[]
2019-05-11 11:06:11.599 DEBUG 8956 --- [kground-preinit] o.apache.tomcat.util.digester.Digester   :   Fire body() for SetNextRule[methodName=addAttribute, paramType=org.apache.tomcat.util.modeler.AttributeInfo]
2019-05-11 11:06:11.600 DEBUG 8956 --- [kground-preinit] o.apache.tomcat.util.digester.Digester   :   Fire end() for SetNextRule[methodName=addAttribute, paramType=org.apache.tomcat.util.modeler.AttributeInfo]
2019-05-11 11:06:11.600 DEBUG 8956 --- [kground-preinit] o.apache.tomcat.util.digester.Digester   : [SetNextRule]{mbeans-descriptors/mbean/attribute} Call org.apache.tomcat.util.modeler.ManagedBean.addAttribute(org.apache.tomcat.util.modeler.AttributeInfo@b00427b)
2019-05-11 11:06:11.600 DEBUG 8956 --- [kground-preinit] o.apache.tomcat.util.IntrospectionUtils  : IntrospectionUtils: callMethod1 org.apache.tomcat.util.modeler.ManagedBean org.apache.tomcat.util.modeler.AttributeInfo org.apache.tomcat.util.modeler.AttributeInfo
2019-05-11 11:06:11.600 DEBUG 8956 --- [kground-preinit] o.apache.tomcat.util.digester.Digester   :   Fire end() for SetPropertiesRule[]
2019-05-11 11:06:11.601 DEBUG 8956 --- [kground-preinit] o.apache.tomcat.util.digester.Digester   :   Fire end() for ObjectCreateRule[className=org.apache.tomcat.util.modeler.AttributeInfo, attributeName=null]
2019-05-11 11:06:11.601 DEBUG 8956 --- [kground-preinit] o.apache.tomcat.util.digester.Digester   : [ObjectCreateRule]{mbeans-descriptors/mbean/attribute} Pop org.apache.tomcat.util.modeler.AttributeInfo
2019-05-11 11:06:11.601 DEBUG 8956 --- [kground-preinit] o.a.tomcat.util.digester.Digester.sax    : characters(

    )
2019-05-11 11:06:11.604 DEBUG 8956 --- [           main] o.s.b.f.s.DefaultListableBeanFactory     : Returning cached instance of singleton bean 'autoConfigurationReport'
2019-05-11 11:06:11.616 DEBUG 8956 --- [           main] o.s.b.f.s.DefaultListableBeanFactory     : Returning cached instance of singleton bean 'autoConfigurationReport'
2019-05-11 11:06:11.617 DEBUG 8956 --- [           main] o.s.b.f.s.DefaultListableBeanFactory     : Returning cached instance of singleton bean 'autoConfigurationReport'
2019-05-11 11:06:11.626 DEBUG 8956 --- [           main] o.s.b.f.s.DefaultListableBeanFactory     : Returning cached instance of singleton bean 'autoConfigurationReport'
2019-05-11 11:06:11.626 DEBUG 8956 --- [           main] o.s.b.f.s.DefaultListableBeanFactory     : Returning cached instance of singleton bean 'autoConfigurationReport'
2019-05-11 11:06:11.638 DEBUG 8956 --- [           main] o.s.b.f.s.DefaultListableBeanFactory     : Returning cached instance of singleton bean 'autoConfigurationReport'
2019-05-11 11:06:11.656 DEBUG 8956 --- [kground-preinit] o.a.tomcat.util.digester.Digester.sax    : startElement(,,attribute)
2019-05-11 11:06:11.657 DEBUG 8956 --- [kground-preinit] o.apache.tomcat.util.digester.Digester   :   New match='mbeans-descriptors/mbean/attribute'
2019-05-11 11:06:11.657 DEBUG 8956 --- [kground-preinit] o.apache.tomcat.util.digester.Digester   :   Fire begin() for ObjectCreateRule[className=org.apache.tomcat.util.modeler.AttributeInfo, attributeName=null]
2019-05-11 11:06:11.657 DEBUG 8956 --- [kground-preinit] o.apache.tomcat.util.digester.Digester   : [ObjectCreateRule]{mbeans-descriptors/mbean/attribute}New org.apache.tomcat.util.modeler.AttributeInfo
2019-05-11 11:06:11.657 DEBUG 8956 --- [kground-preinit] o.apache.tomcat.util.digester.Digester   :   Fire begin() for SetPropertiesRule[]
2019-05-11 11:06:11.657 DEBUG 8956 --- [kground-preinit] o.apache.tomcat.util.digester.Digester   : [SetPropertiesRule]{mbeans-descriptors/mbean/attribute} Set org.apache.tomcat.util.modeler.AttributeInfo properties
2019-05-11 11:06:11.658 DEBUG 8956 --- [kground-preinit] o.apache.tomcat.util.digester.Digester   : [SetPropertiesRule]{mbeans-descriptors/mbean/attribute} Setting property 'name' to 'secureRandomAlgorithm'
2019-05-11 11:06:11.658 DEBUG 8956 --- [kground-preinit] o.apache.tomcat.util.IntrospectionUtils  : IntrospectionUtils: setProperty(class org.apache.tomcat.util.modeler.AttributeInfo name=secureRandomAlgorithm)
2019-05-11 11:06:11.658 DEBUG 8956 --- [kground-preinit] o.apache.tomcat.util.digester.Digester   : [SetPropertiesRule]{mbeans-descriptors/mbean/attribute} Setting property 'description' to 'The name of the algorithm to use for SSO session ID generation'
2019-05-11 11:06:11.658 DEBUG 8956 --- [kground-preinit] o.apache.tomcat.util.IntrospectionUtils  : IntrospectionUtils: setProperty(class org.apache.tomcat.util.modeler.AttributeInfo description=The name of the algorithm to use for SSO session ID generation)
2019-05-11 11:06:11.659 DEBUG 8956 --- [kground-preinit] o.apache.tomcat.util.digester.Digester   : [SetPropertiesRule]{mbeans-descriptors/mbean/attribute} Setting property 'type' to 'java.lang.String'
2019-05-11 11:06:11.659 DEBUG 8956 --- [kground-preinit] o.apache.tomcat.util.IntrospectionUtils  : IntrospectionUtils: setProperty(class org.apache.tomcat.util.modeler.AttributeInfo type=java.lang.String)
2019-05-11 11:06:11.659 DEBUG 8956 --- [kground-preinit] o.apache.tomcat.util.digester.Digester   :   Fire begin() for SetNextRule[methodName=addAttribute, paramType=org.apache.tomcat.util.modeler.AttributeInfo]
2019-05-11 11:06:11.659 DEBUG 8956 --- [kground-preinit] o.a.tomcat.util.digester.Digester.sax    : endElement(,,attribute)
2019-05-11 11:06:11.659 DEBUG 8956 --- [kground-preinit] o.apache.tomcat.util.digester.Digester   :   match='mbeans-descriptors/mbean/attribute'
2019-05-11 11:06:11.659 DEBUG 8956 --- [kground-preinit] o.apache.tomcat.util.digester.Digester   :   bodyText=''
2019-05-11 11:06:11.660 DEBUG 8956 --- [kground-preinit] o.apache.tomcat.util.digester.Digester   :   Fire body() for ObjectCreateRule[className=org.apache.tomcat.util.modeler.AttributeInfo, attributeName=null]
2019-05-11 11:06:11.660 DEBUG 8956 --- [kground-preinit] o.apache.tomcat.util.digester.Digester   :   Fire body() for SetPropertiesRule[]
2019-05-11 11:06:11.660 DEBUG 8956 --- [kground-preinit] o.apache.tomcat.util.digester.Digester   :   Fire body() for SetNextRule[methodName=addAttribute, paramType=org.apache.tomcat.util.modeler.AttributeInfo]
2019-05-11 11:06:11.660 DEBUG 8956 --- [kground-preinit] o.apache.tomcat.util.digester.Digester   :   Fire end() for SetNextRule[methodName=addAttribute, paramType=org.apache.tomcat.util.modeler.AttributeInfo]
2019-05-11 11:06:11.661 DEBUG 8956 --- [kground-preinit] o.apache.tomcat.util.digester.Digester   : [SetNextRule]{mbeans-descriptors/mbean/attribute} Call org.apache.tomcat.util.modeler.ManagedBean.addAttribute(org.apache.tomcat.util.modeler.AttributeInfo@52b63f03)
2019-05-11 11:06:11.661 DEBUG 8956 --- [kground-preinit] o.apache.tomcat.util.IntrospectionUtils  : IntrospectionUtils: callMethod1 org.apache.tomcat.util.modeler.ManagedBean org.apache.tomcat.util.modeler.AttributeInfo org.apache.tomcat.util.modeler.AttributeInfo
2019-05-11 11:06:11.661 DEBUG 8956 --- [kground-preinit] o.apache.tomcat.util.digester.Digester   :   Fire end() for SetPropertiesRule[]
2019-05-11 11:06:11.662 DEBUG 8956 --- [kground-preinit] o.apache.tomcat.util.digester.Digester   :   Fire end() for ObjectCreateRule[className=org.apache.tomcat.util.modeler.AttributeInfo, attributeName=null]
2019-05-11 11:06:11.662 DEBUG 8956 --- [kground-preinit] o.apache.tomcat.util.digester.Digester   : [ObjectCreateRule]{mbeans-descriptors/mbean/attribute} Pop org.apache.tomcat.util.modeler.AttributeInfo
2019-05-11 11:06:11.662 DEBUG 8956 --- [kground-preinit] o.a.tomcat.util.digester.Digester.sax    : characters(

    )
2019-05-11 11:06:11.662 DEBUG 8956 --- [kground-preinit] o.a.tomcat.util.digester.Digester.sax    : startElement(,,attribute)
2019-05-11 11:06:11.662 DEBUG 8956 --- [kground-preinit] o.apache.tomcat.util.digester.Digester   :   New match='mbeans-descriptors/mbean/attribute'
2019-05-11 11:06:11.663 DEBUG 8956 --- [kground-preinit] o.apache.tomcat.util.digester.Digester   :   Fire begin() for ObjectCreateRule[className=org.apache.tomcat.util.modeler.AttributeInfo, attributeName=null]
2019-05-11 11:06:11.663 DEBUG 8956 --- [kground-preinit] o.apache.tomcat.util.digester.Digester   : [ObjectCreateRule]{mbeans-descriptors/mbean/attribute}New org.apache.tomcat.util.modeler.AttributeInfo
2019-05-11 11:06:11.663 DEBUG 8956 --- [kground-preinit] o.apache.tomcat.util.digester.Digester   :   Fire begin() for SetPropertiesRule[]
2019-05-11 11:06:11.663 DEBUG 8956 --- [kground-preinit] o.apache.tomcat.util.digester.Digester   : [SetPropertiesRule]{mbeans-descriptors/mbean/attribute} Set org.apache.tomcat.util.modeler.AttributeInfo properties
2019-05-11 11:06:11.664 DEBUG 8956 --- [kground-preinit] o.apache.tomcat.util.digester.Digester   : [SetPropertiesRule]{mbeans-descriptors/mbean/attribute} Setting property 'name' to 'secureRandomClass'
2019-05-11 11:06:11.664 DEBUG 8956 --- [kground-preinit] o.apache.tomcat.util.IntrospectionUtils  : IntrospectionUtils: setProperty(class org.apache.tomcat.util.modeler.AttributeInfo name=secureRandomClass)
2019-05-11 11:06:11.664 DEBUG 8956 --- [kground-preinit] o.apache.tomcat.util.digester.Digester   : [SetPropertiesRule]{mbeans-descriptors/mbean/attribute} Setting property 'description' to 'The name of the class to use for SSO session ID generation'
2019-05-11 11:06:11.664 DEBUG 8956 --- [kground-preinit] o.apache.tomcat.util.IntrospectionUtils  : IntrospectionUtils: setProperty(class org.apache.tomcat.util.modeler.AttributeInfo description=The name of the class to use for SSO session ID generation)
2019-05-11 11:06:11.665 DEBUG 8956 --- [kground-preinit] o.apache.tomcat.util.digester.Digester   : [SetPropertiesRule]{mbeans-descriptors/mbean/attribute} Setting property 'type' to 'java.lang.String'
2019-05-11 11:06:11.665 DEBUG 8956 --- [kground-preinit] o.apache.tomcat.util.IntrospectionUtils  : IntrospectionUtils: setProperty(class org.apache.tomcat.util.modeler.AttributeInfo type=java.lang.String)
2019-05-11 11:06:11.666 DEBUG 8956 --- [kground-preinit] o.apache.tomcat.util.digester.Digester   :   Fire begin() for SetNextRule[methodName=addAttribute, paramType=org.apache.tomcat.util.modeler.AttributeInfo]
2019-05-11 11:06:11.666 DEBUG 8956 --- [kground-preinit] o.a.tomcat.util.digester.Digester.sax    : endElement(,,attribute)
2019-05-11 11:06:11.666 DEBUG 8956 --- [kground-preinit] o.apache.tomcat.util.digester.Digester   :   match='mbeans-descriptors/mbean/attribute'
2019-05-11 11:06:11.666 DEBUG 8956 --- [kground-preinit] o.apache.tomcat.util.digester.Digester   :   bodyText=''
2019-05-11 11:06:11.666 DEBUG 8956 --- [kground-preinit] o.apache.tomcat.util.digester.Digester   :   Fire body() for ObjectCreateRule[className=org.apache.tomcat.util.modeler.AttributeInfo, attributeName=null]
2019-05-11 11:06:11.667 DEBUG 8956 --- [kground-preinit] o.apache.tomcat.util.digester.Digester   :   Fire body() for SetPropertiesRule[]
2019-05-11 11:06:11.667 DEBUG 8956 --- [kground-preinit] o.apache.tomcat.util.digester.Digester   :   Fire body() for SetNextRule[methodName=addAttribute, paramType=org.apache.tomcat.util.modeler.AttributeInfo]
2019-05-11 11:06:11.667 DEBUG 8956 --- [kground-preinit] o.apache.tomcat.util.digester.Digester   :   Fire end() for SetNextRule[methodName=addAttribute, paramType=org.apache.tomcat.util.modeler.AttributeInfo]
2019-05-11 11:06:11.667 DEBUG 8956 --- [kground-preinit] o.apache.tomcat.util.digester.Digester   : [SetNextRule]{mbeans-descriptors/mbean/attribute} Call org.apache.tomcat.util.modeler.ManagedBean.addAttribute(org.apache.tomcat.util.modeler.AttributeInfo@53ecec61)
2019-05-11 11:06:11.668 DEBUG 8956 --- [kground-preinit] o.apache.tomcat.util.IntrospectionUtils  : IntrospectionUtils: callMethod1 org.apache.tomcat.util.modeler.ManagedBean org.apache.tomcat.util.modeler.AttributeInfo org.apache.tomcat.util.modeler.AttributeInfo
2019-05-11 11:06:11.668 DEBUG 8956 --- [kground-preinit] o.apache.tomcat.util.digester.Digester   :   Fire end() for SetPropertiesRule[]
2019-05-11 11:06:11.668 DEBUG 8956 --- [kground-preinit] o.apache.tomcat.util.digester.Digester   :   Fire end() for ObjectCreateRule[className=org.apache.tomcat.util.modeler.AttributeInfo, attributeName=null]
2019-05-11 11:06:11.668 DEBUG 8956 --- [kground-preinit] o.apache.tomcat.util.digester.Digester   : [ObjectCreateRule]{mbeans-descriptors/mbean/attribute} Pop org.apache.tomcat.util.modeler.AttributeInfo
2019-05-11 11:06:11.670 DEBUG 8956 --- [kground-preinit] o.a.tomcat.util.digester.Digester.sax    : characters(

    )
2019-05-11 11:06:11.671 DEBUG 8956 --- [kground-preinit] o.a.tomcat.util.digester.Digester.sax    : startElement(,,attribute)
2019-05-11 11:06:11.671 DEBUG 8956 --- [kground-preinit] o.apache.tomcat.util.digester.Digester   :   New match='mbeans-descriptors/mbean/attribute'
2019-05-11 11:06:11.671 DEBUG 8956 --- [kground-preinit] o.apache.tomcat.util.digester.Digester   :   Fire begin() for ObjectCreateRule[className=org.apache.tomcat.util.modeler.AttributeInfo, attributeName=null]
2019-05-11 11:06:11.672 DEBUG 8956 --- [kground-preinit] o.apache.tomcat.util.digester.Digester   : [ObjectCreateRule]{mbeans-descriptors/mbean/attribute}New org.apache.tomcat.util.modeler.AttributeInfo
2019-05-11 11:06:11.672 DEBUG 8956 --- [kground-preinit] o.apache.tomcat.util.digester.Digester   :   Fire begin() for SetPropertiesRule[]
2019-05-11 11:06:11.672 DEBUG 8956 --- [kground-preinit] o.apache.tomcat.util.digester.Digester   : [SetPropertiesRule]{mbeans-descriptors/mbean/attribute} Set org.apache.tomcat.util.modeler.AttributeInfo properties
2019-05-11 11:06:11.673 DEBUG 8956 --- [kground-preinit] o.apache.tomcat.util.digester.Digester   : [SetPropertiesRule]{mbeans-descriptors/mbean/attribute} Setting property 'name' to 'secureRandomProvider'
2019-05-11 11:06:11.673 DEBUG 8956 --- [kground-preinit] o.apache.tomcat.util.IntrospectionUtils  : IntrospectionUtils: setProperty(class org.apache.tomcat.util.modeler.AttributeInfo name=secureRandomProvider)
2019-05-11 11:06:11.673 DEBUG 8956 --- [kground-preinit] o.apache.tomcat.util.digester.Digester   : [SetPropertiesRule]{mbeans-descriptors/mbean/attribute} Setting property 'description' to 'The name of the provider to use for SSO session ID generation'
2019-05-11 11:06:11.674 DEBUG 8956 --- [kground-preinit] o.apache.tomcat.util.IntrospectionUtils  : IntrospectionUtils: setProperty(class org.apache.tomcat.util.modeler.AttributeInfo description=The name of the provider to use for SSO session ID generation)
2019-05-11 11:06:11.674 DEBUG 8956 --- [kground-preinit] o.apache.tomcat.util.digester.Digester   : [SetPropertiesRule]{mbeans-descriptors/mbean/attribute} Setting property 'type' to 'java.lang.String'
2019-05-11 11:06:11.674 DEBUG 8956 --- [kground-preinit] o.apache.tomcat.util.IntrospectionUtils  : IntrospectionUtils: setProperty(class org.apache.tomcat.util.modeler.AttributeInfo type=java.lang.String)
2019-05-11 11:06:11.675 DEBUG 8956 --- [kground-preinit] o.apache.tomcat.util.digester.Digester   :   Fire begin() for SetNextRule[methodName=addAttribute, paramType=org.apache.tomcat.util.modeler.AttributeInfo]
2019-05-11 11:06:11.675 DEBUG 8956 --- [kground-preinit] o.a.tomcat.util.digester.Digester.sax    : endElement(,,attribute)
2019-05-11 11:06:11.675 DEBUG 8956 --- [kground-preinit] o.apache.tomcat.util.digester.Digester   :   match='mbeans-descriptors/mbean/attribute'
2019-05-11 11:06:11.676 DEBUG 8956 --- [kground-preinit] o.apache.tomcat.util.digester.Digester   :   bodyText=''
2019-05-11 11:06:11.676 DEBUG 8956 --- [kground-preinit] o.apache.tomcat.util.digester.Digester   :   Fire body() for ObjectCreateRule[className=org.apache.tomcat.util.modeler.AttributeInfo, attributeName=null]
2019-05-11 11:06:11.676 DEBUG 8956 --- [kground-preinit] o.apache.tomcat.util.digester.Digester   :   Fire body() for SetPropertiesRule[]
2019-05-11 11:06:11.676 DEBUG 8956 --- [kground-preinit] o.apache.tomcat.util.digester.Digester   :   Fire body() for SetNextRule[methodName=addAttribute, paramType=org.apache.tomcat.util.modeler.AttributeInfo]
2019-05-11 11:06:11.677 DEBUG 8956 --- [kground-preinit] o.apache.tomcat.util.digester.Digester   :   Fire end() for SetNextRule[methodName=addAttribute, paramType=org.apache.tomcat.util.modeler.AttributeInfo]
2019-05-11 11:06:11.677 DEBUG 8956 --- [kground-preinit] o.apache.tomcat.util.digester.Digester   : [SetNextRule]{mbeans-descriptors/mbean/attribute} Call org.apache.tomcat.util.modeler.ManagedBean.addAttribute(org.apache.tomcat.util.modeler.AttributeInfo@b5f47d7)
2019-05-11 11:06:11.677 DEBUG 8956 --- [kground-preinit] o.apache.tomcat.util.IntrospectionUtils  : IntrospectionUtils: callMethod1 org.apache.tomcat.util.modeler.ManagedBean org.apache.tomcat.util.modeler.AttributeInfo org.apache.tomcat.util.modeler.AttributeInfo
2019-05-11 11:06:11.677 DEBUG 8956 --- [kground-preinit] o.apache.tomcat.util.digester.Digester   :   Fire end() for SetPropertiesRule[]
2019-05-11 11:06:11.678 DEBUG 8956 --- [kground-preinit] o.apache.tomcat.util.digester.Digester   :   Fire end() for ObjectCreateRule[className=org.apache.tomcat.util.modeler.AttributeInfo, attributeName=null]
2019-05-11 11:06:11.678 DEBUG 8956 --- [kground-preinit] o.apache.tomcat.util.digester.Digester   : [ObjectCreateRule]{mbeans-descriptors/mbean/attribute} Pop org.apache.tomcat.util.modeler.AttributeInfo
2019-05-11 11:06:11.678 DEBUG 8956 --- [kground-preinit] o.a.tomcat.util.digester.Digester.sax    : characters(

    )
2019-05-11 11:06:11.678 DEBUG 8956 --- [kground-preinit] o.a.tomcat.util.digester.Digester.sax    : startElement(,,attribute)
2019-05-11 11:06:11.678 DEBUG 8956 --- [kground-preinit] o.apache.tomcat.util.digester.Digester   :   New match='mbeans-descriptors/mbean/attribute'
2019-05-11 11:06:11.679 DEBUG 8956 --- [kground-preinit] o.apache.tomcat.util.digester.Digester   :   Fire begin() for ObjectCreateRule[className=org.apache.tomcat.util.modeler.AttributeInfo, attributeName=null]
2019-05-11 11:06:11.679 DEBUG 8956 --- [kground-preinit] o.apache.tomcat.util.digester.Digester   : [ObjectCreateRule]{mbeans-descriptors/mbean/attribute}New org.apache.tomcat.util.modeler.AttributeInfo
2019-05-11 11:06:11.679 DEBUG 8956 --- [kground-preinit] o.apache.tomcat.util.digester.Digester   :   Fire begin() for SetPropertiesRule[]
2019-05-11 11:06:11.679 DEBUG 8956 --- [kground-preinit] o.apache.tomcat.util.digester.Digester   : [SetPropertiesRule]{mbeans-descriptors/mbean/attribute} Set org.apache.tomcat.util.modeler.AttributeInfo properties
2019-05-11 11:06:11.679 DEBUG 8956 --- [kground-preinit] o.apache.tomcat.util.digester.Digester   : [SetPropertiesRule]{mbeans-descriptors/mbean/attribute} Setting property 'name' to 'stateName'
2019-05-11 11:06:11.680 DEBUG 8956 --- [kground-preinit] o.apache.tomcat.util.IntrospectionUtils  : IntrospectionUtils: setProperty(class org.apache.tomcat.util.modeler.AttributeInfo name=stateName)
2019-05-11 11:06:11.680 DEBUG 8956 --- [kground-preinit] o.apache.tomcat.util.digester.Digester   : [SetPropertiesRule]{mbeans-descriptors/mbean/attribute} Setting property 'description' to 'The name of the LifecycleState that this component is currently in'
2019-05-11 11:06:11.680 DEBUG 8956 --- [kground-preinit] o.apache.tomcat.util.IntrospectionUtils  : IntrospectionUtils: setProperty(class org.apache.tomcat.util.modeler.AttributeInfo description=The name of the LifecycleState that this component is currently in)
2019-05-11 11:06:11.680 DEBUG 8956 --- [kground-preinit] o.apache.tomcat.util.digester.Digester   : [SetPropertiesRule]{mbeans-descriptors/mbean/attribute} Setting property 'type' to 'java.lang.String'
2019-05-11 11:06:11.681 DEBUG 8956 --- [kground-preinit] o.apache.tomcat.util.IntrospectionUtils  : IntrospectionUtils: setProperty(class org.apache.tomcat.util.modeler.AttributeInfo type=java.lang.String)
2019-05-11 11:06:11.681 DEBUG 8956 --- [kground-preinit] o.apache.tomcat.util.digester.Digester   : [SetPropertiesRule]{mbeans-descriptors/mbean/attribute} Setting property 'writeable' to 'false'
2019-05-11 11:06:11.681 DEBUG 8956 --- [kground-preinit] o.apache.tomcat.util.IntrospectionUtils  : IntrospectionUtils: setProperty(class org.apache.tomcat.util.modeler.AttributeInfo writeable=false)
2019-05-11 11:06:11.681 DEBUG 8956 --- [kground-preinit] o.apache.tomcat.util.digester.Digester   :   Fire begin() for SetNextRule[methodName=addAttribute, paramType=org.apache.tomcat.util.modeler.AttributeInfo]
2019-05-11 11:06:11.681 DEBUG 8956 --- [kground-preinit] o.a.tomcat.util.digester.Digester.sax    : endElement(,,attribute)
2019-05-11 11:06:11.681 DEBUG 8956 --- [kground-preinit] o.apache.tomcat.util.digester.Digester   :   match='mbeans-descriptors/mbean/attribute'
2019-05-11 11:06:11.682 DEBUG 8956 --- [kground-preinit] o.apache.tomcat.util.digester.Digester   :   bodyText=''
2019-05-11 11:06:11.682 DEBUG 8956 --- [kground-preinit] o.apache.tomcat.util.digester.Digester   :   Fire body() for ObjectCreateRule[className=org.apache.tomcat.util.modeler.AttributeInfo, attributeName=null]
2019-05-11 11:06:11.682 DEBUG 8956 --- [kground-preinit] o.apache.tomcat.util.digester.Digester   :   Fire body() for SetPropertiesRule[]
2019-05-11 11:06:11.682 DEBUG 8956 --- [kground-preinit] o.apache.tomcat.util.digester.Digester   :   Fire body() for SetNextRule[methodName=addAttribute, paramType=org.apache.tomcat.util.modeler.AttributeInfo]
2019-05-11 11:06:11.683 DEBUG 8956 --- [kground-preinit] o.apache.tomcat.util.digester.Digester   :   Fire end() for SetNextRule[methodName=addAttribute, paramType=org.apache.tomcat.util.modeler.AttributeInfo]
2019-05-11 11:06:11.683 DEBUG 8956 --- [kground-preinit] o.apache.tomcat.util.digester.Digester   : [SetNextRule]{mbeans-descriptors/mbean/attribute} Call org.apache.tomcat.util.modeler.ManagedBean.addAttribute(org.apache.tomcat.util.modeler.AttributeInfo@2c5df5d)
2019-05-11 11:06:11.683 DEBUG 8956 --- [kground-preinit] o.apache.tomcat.util.IntrospectionUtils  : IntrospectionUtils: callMethod1 org.apache.tomcat.util.modeler.ManagedBean org.apache.tomcat.util.modeler.AttributeInfo org.apache.tomcat.util.modeler.AttributeInfo
2019-05-11 11:06:11.683 DEBUG 8956 --- [kground-preinit] o.apache.tomcat.util.digester.Digester   :   Fire end() for SetPropertiesRule[]
2019-05-11 11:06:11.683 DEBUG 8956 --- [kground-preinit] o.apache.tomcat.util.digester.Digester   :   Fire end() for ObjectCreateRule[className=org.apache.tomcat.util.modeler.AttributeInfo, attributeName=null]
2019-05-11 11:06:11.684 DEBUG 8956 --- [kground-preinit] o.apache.tomcat.util.digester.Digester   : [ObjectCreateRule]{mbeans-descriptors/mbean/attribute} Pop org.apache.tomcat.util.modeler.AttributeInfo
2019-05-11 11:06:11.684 DEBUG 8956 --- [kground-preinit] o.a.tomcat.util.digester.Digester.sax    : characters(
  )
2019-05-11 11:06:11.684 DEBUG 8956 --- [kground-preinit] o.a.tomcat.util.digester.Digester.sax    : endElement(,,mbean)
2019-05-11 11:06:11.684 DEBUG 8956 --- [kground-preinit] o.apache.tomcat.util.digester.Digester   :   match='mbeans-descriptors/mbean'
2019-05-11 11:06:11.685 DEBUG 8956 --- [kground-preinit] o.apache.tomcat.util.digester.Digester   :   bodyText='

    

    

    

    

    

    

    

    

    

    
  '
2019-05-11 11:06:11.685 DEBUG 8956 --- [kground-preinit] o.apache.tomcat.util.digester.Digester   :   Fire body() for ObjectCreateRule[className=org.apache.tomcat.util.modeler.ManagedBean, attributeName=null]
2019-05-11 11:06:11.686 DEBUG 8956 --- [kground-preinit] o.apache.tomcat.util.digester.Digester   :   Fire body() for SetPropertiesRule[]
2019-05-11 11:06:11.687 DEBUG 8956 --- [kground-preinit] o.apache.tomcat.util.digester.Digester   :   Fire body() for SetNextRule[methodName=add, paramType=java.lang.Object]
2019-05-11 11:06:11.687 DEBUG 8956 --- [kground-preinit] o.apache.tomcat.util.digester.Digester   :   Fire end() for SetNextRule[methodName=add, paramType=java.lang.Object]
2019-05-11 11:06:11.687 DEBUG 8956 --- [kground-preinit] o.apache.tomcat.util.digester.Digester   : [SetNextRule]{mbeans-descriptors/mbean} Call java.util.ArrayList.add(ManagedBean[name=BasicAuthenticator, className=org.apache.tomcat.util.modeler.BaseModelMBean, description=An Authenticator and Valve implementation of HTTP BASIC Authentication, group=Valve, type=org.apache.catalina.authenticator.BasicAuthenticator])
2019-05-11 11:06:11.687 DEBUG 8956 --- [kground-preinit] o.apache.tomcat.util.IntrospectionUtils  : IntrospectionUtils: callMethod1 java.util.ArrayList org.apache.tomcat.util.modeler.ManagedBean java.lang.Object
2019-05-11 11:06:11.689 DEBUG 8956 --- [kground-preinit] o.apache.tomcat.util.digester.Digester   :   Fire end() for SetPropertiesRule[]
2019-05-11 11:06:11.690 DEBUG 8956 --- [kground-preinit] o.apache.tomcat.util.digester.Digester   :   Fire end() for ObjectCreateRule[className=org.apache.tomcat.util.modeler.ManagedBean, attributeName=null]
2019-05-11 11:06:11.690 DEBUG 8956 --- [kground-preinit] o.apache.tomcat.util.digester.Digester   : [ObjectCreateRule]{mbeans-descriptors/mbean} Pop org.apache.tomcat.util.modeler.ManagedBean
2019-05-11 11:06:11.690 DEBUG 8956 --- [kground-preinit] o.a.tomcat.util.digester.Digester.sax    : characters(


  )
2019-05-11 11:06:11.690 DEBUG 8956 --- [kground-preinit] o.a.tomcat.util.digester.Digester.sax    : startElement(,,mbean)
2019-05-11 11:06:11.692 DEBUG 8956 --- [kground-preinit] o.apache.tomcat.util.digester.Digester   :   New match='mbeans-descriptors/mbean'
2019-05-11 11:06:11.692 DEBUG 8956 --- [kground-preinit] o.apache.tomcat.util.digester.Digester   :   Fire begin() for ObjectCreateRule[className=org.apache.tomcat.util.modeler.ManagedBean, attributeName=null]
2019-05-11 11:06:11.692 DEBUG 8956 --- [kground-preinit] o.apache.tomcat.util.digester.Digester   : [ObjectCreateRule]{mbeans-descriptors/mbean}New org.apache.tomcat.util.modeler.ManagedBean
2019-05-11 11:06:11.693 DEBUG 8956 --- [kground-preinit] o.apache.tomcat.util.digester.Digester   :   Fire begin() for SetPropertiesRule[]
2019-05-11 11:06:11.693 DEBUG 8956 --- [kground-preinit] o.apache.tomcat.util.digester.Digester   : [SetPropertiesRule]{mbeans-descriptors/mbean} Set org.apache.tomcat.util.modeler.ManagedBean properties
2019-05-11 11:06:11.693 DEBUG 8956 --- [kground-preinit] o.apache.tomcat.util.digester.Digester   : [SetPropertiesRule]{mbeans-descriptors/mbean} Setting property 'name' to 'DigestAuthenticator'
2019-05-11 11:06:11.693 DEBUG 8956 --- [kground-preinit] o.apache.tomcat.util.IntrospectionUtils  : IntrospectionUtils: setProperty(class org.apache.tomcat.util.modeler.ManagedBean name=DigestAuthenticator)
2019-05-11 11:06:11.694 DEBUG 8956 --- [kground-preinit] o.apache.tomcat.util.digester.Digester   : [SetPropertiesRule]{mbeans-descriptors/mbean} Setting property 'description' to 'An Authenticator and Valve implementation of HTTP DIGEST Authentication'
2019-05-11 11:06:11.694 DEBUG 8956 --- [kground-preinit] o.apache.tomcat.util.IntrospectionUtils  : IntrospectionUtils: setProperty(class org.apache.tomcat.util.modeler.ManagedBean description=An Authenticator and Valve implementation of HTTP DIGEST Authentication)
2019-05-11 11:06:11.694 DEBUG 8956 --- [kground-preinit] o.apache.tomcat.util.digester.Digester   : [SetPropertiesRule]{mbeans-descriptors/mbean} Setting property 'domain' to 'Catalina'
2019-05-11 11:06:11.694 DEBUG 8956 --- [kground-preinit] o.apache.tomcat.util.IntrospectionUtils  : IntrospectionUtils: setProperty(class org.apache.tomcat.util.modeler.ManagedBean domain=Catalina)
2019-05-11 11:06:11.694 DEBUG 8956 --- [kground-preinit] o.apache.tomcat.util.digester.Digester   : [SetPropertiesRule]{mbeans-descriptors/mbean} Setting property 'group' to 'Valve'
2019-05-11 11:06:11.694 DEBUG 8956 --- [kground-preinit] o.apache.tomcat.util.IntrospectionUtils  : IntrospectionUtils: setProperty(class org.apache.tomcat.util.modeler.ManagedBean group=Valve)
2019-05-11 11:06:11.695 DEBUG 8956 --- [kground-preinit] o.apache.tomcat.util.digester.Digester   : [SetPropertiesRule]{mbeans-descriptors/mbean} Setting property 'type' to 'org.apache.catalina.authenticator.DigestAuthenticator'
2019-05-11 11:06:11.695 DEBUG 8956 --- [kground-preinit] o.apache.tomcat.util.IntrospectionUtils  : IntrospectionUtils: setProperty(class org.apache.tomcat.util.modeler.ManagedBean type=org.apache.catalina.authenticator.DigestAuthenticator)
2019-05-11 11:06:11.695 DEBUG 8956 --- [kground-preinit] o.apache.tomcat.util.digester.Digester   :   Fire begin() for SetNextRule[methodName=add, paramType=java.lang.Object]
2019-05-11 11:06:11.695 DEBUG 8956 --- [kground-preinit] o.a.tomcat.util.digester.Digester.sax    : characters(

    )
2019-05-11 11:06:11.696 DEBUG 8956 --- [kground-preinit] o.a.tomcat.util.digester.Digester.sax    : startElement(,,attribute)
2019-05-11 11:06:11.696 DEBUG 8956 --- [kground-preinit] o.apache.tomcat.util.digester.Digester   :   New match='mbeans-descriptors/mbean/attribute'
2019-05-11 11:06:11.696 DEBUG 8956 --- [kground-preinit] o.apache.tomcat.util.digester.Digester   :   Fire begin() for ObjectCreateRule[className=org.apache.tomcat.util.modeler.AttributeInfo, attributeName=null]
2019-05-11 11:06:11.696 DEBUG 8956 --- [kground-preinit] o.apache.tomcat.util.digester.Digester   : [ObjectCreateRule]{mbeans-descriptors/mbean/attribute}New org.apache.tomcat.util.modeler.AttributeInfo
2019-05-11 11:06:11.697 DEBUG 8956 --- [kground-preinit] o.apache.tomcat.util.digester.Digester   :   Fire begin() for SetPropertiesRule[]
2019-05-11 11:06:11.697 DEBUG 8956 --- [kground-preinit] o.apache.tomcat.util.digester.Digester   : [SetPropertiesRule]{mbeans-descriptors/mbean/attribute} Set org.apache.tomcat.util.modeler.AttributeInfo properties
2019-05-11 11:06:11.697 DEBUG 8956 --- [kground-preinit] o.apache.tomcat.util.digester.Digester   : [SetPropertiesRule]{mbeans-descriptors/mbean/attribute} Setting property 'name' to 'alwaysUseSession'
2019-05-11 11:06:11.697 DEBUG 8956 --- [kground-preinit] o.apache.tomcat.util.IntrospectionUtils  : IntrospectionUtils: setProperty(class org.apache.tomcat.util.modeler.AttributeInfo name=alwaysUseSession)
2019-05-11 11:06:11.698 DEBUG 8956 --- [kground-preinit] o.apache.tomcat.util.digester.Digester   : [SetPropertiesRule]{mbeans-descriptors/mbean/attribute} Setting property 'description' to 'Should a session always be used once a user is authenticated?'
2019-05-11 11:06:11.698 DEBUG 8956 --- [kground-preinit] o.apache.tomcat.util.IntrospectionUtils  : IntrospectionUtils: setProperty(class org.apache.tomcat.util.modeler.AttributeInfo description=Should a session always be used once a user is authenticated?)
2019-05-11 11:06:11.699 DEBUG 8956 --- [kground-preinit] o.apache.tomcat.util.digester.Digester   : [SetPropertiesRule]{mbeans-descriptors/mbean/attribute} Setting property 'type' to 'boolean'
2019-05-11 11:06:11.699 DEBUG 8956 --- [kground-preinit] o.apache.tomcat.util.IntrospectionUtils  : IntrospectionUtils: setProperty(class org.apache.tomcat.util.modeler.AttributeInfo type=boolean)
2019-05-11 11:06:11.699 DEBUG 8956 --- [kground-preinit] o.apache.tomcat.util.digester.Digester   :   Fire begin() for SetNextRule[methodName=addAttribute, paramType=org.apache.tomcat.util.modeler.AttributeInfo]
2019-05-11 11:06:11.700 DEBUG 8956 --- [kground-preinit] o.a.tomcat.util.digester.Digester.sax    : endElement(,,attribute)
2019-05-11 11:06:11.700 DEBUG 8956 --- [kground-preinit] o.apache.tomcat.util.digester.Digester   :   match='mbeans-descriptors/mbean/attribute'
2019-05-11 11:06:11.701 DEBUG 8956 --- [kground-preinit] o.apache.tomcat.util.digester.Digester   :   bodyText=''
2019-05-11 11:06:11.701 DEBUG 8956 --- [kground-preinit] o.apache.tomcat.util.digester.Digester   :   Fire body() for ObjectCreateRule[className=org.apache.tomcat.util.modeler.AttributeInfo, attributeName=null]
2019-05-11 11:06:11.701 DEBUG 8956 --- [kground-preinit] o.apache.tomcat.util.digester.Digester   :   Fire body() for SetPropertiesRule[]
2019-05-11 11:06:11.702 DEBUG 8956 --- [kground-preinit] o.apache.tomcat.util.digester.Digester   :   Fire body() for SetNextRule[methodName=addAttribute, paramType=org.apache.tomcat.util.modeler.AttributeInfo]
2019-05-11 11:06:11.702 DEBUG 8956 --- [kground-preinit] o.apache.tomcat.util.digester.Digester   :   Fire end() for SetNextRule[methodName=addAttribute, paramType=org.apache.tomcat.util.modeler.AttributeInfo]
2019-05-11 11:06:11.702 DEBUG 8956 --- [kground-preinit] o.apache.tomcat.util.digester.Digester   : [SetNextRule]{mbeans-descriptors/mbean/attribute} Call org.apache.tomcat.util.modeler.ManagedBean.addAttribute(org.apache.tomcat.util.modeler.AttributeInfo@6168b621)
2019-05-11 11:06:11.702 DEBUG 8956 --- [           main] o.s.b.f.s.DefaultListableBeanFactory     : Returning cached instance of singleton bean 'autoConfigurationReport'
2019-05-11 11:06:11.702 DEBUG 8956 --- [kground-preinit] o.apache.tomcat.util.IntrospectionUtils  : IntrospectionUtils: callMethod1 org.apache.tomcat.util.modeler.ManagedBean org.apache.tomcat.util.modeler.AttributeInfo org.apache.tomcat.util.modeler.AttributeInfo
2019-05-11 11:06:11.703 DEBUG 8956 --- [kground-preinit] o.apache.tomcat.util.digester.Digester   :   Fire end() for SetPropertiesRule[]
2019-05-11 11:06:11.703 DEBUG 8956 --- [kground-preinit] o.apache.tomcat.util.digester.Digester   :   Fire end() for ObjectCreateRule[className=org.apache.tomcat.util.modeler.AttributeInfo, attributeName=null]
2019-05-11 11:06:11.711 DEBUG 8956 --- [           main] o.s.b.f.s.DefaultListableBeanFactory     : Returning cached instance of singleton bean 'autoConfigurationReport'
2019-05-11 11:06:11.712 DEBUG 8956 --- [           main] o.s.b.f.s.DefaultListableBeanFactory     : Returning cached instance of singleton bean 'autoConfigurationReport'
2019-05-11 11:06:11.717 DEBUG 8956 --- [kground-preinit] o.apache.tomcat.util.digester.Digester   : [ObjectCreateRule]{mbeans-descriptors/mbean/attribute} Pop org.apache.tomcat.util.modeler.AttributeInfo
2019-05-11 11:06:11.717 DEBUG 8956 --- [kground-preinit] o.a.tomcat.util.digester.Digester.sax    : characters(

    )
2019-05-11 11:06:11.718 DEBUG 8956 --- [kground-preinit] o.a.tomcat.util.digester.Digester.sax    : startElement(,,attribute)
2019-05-11 11:06:11.718 DEBUG 8956 --- [kground-preinit] o.apache.tomcat.util.digester.Digester   :   New match='mbeans-descriptors/mbean/attribute'
2019-05-11 11:06:11.718 DEBUG 8956 --- [kground-preinit] o.apache.tomcat.util.digester.Digester   :   Fire begin() for ObjectCreateRule[className=org.apache.tomcat.util.modeler.AttributeInfo, attributeName=null]
2019-05-11 11:06:11.718 DEBUG 8956 --- [kground-preinit] o.apache.tomcat.util.digester.Digester   : [ObjectCreateRule]{mbeans-descriptors/mbean/attribute}New org.apache.tomcat.util.modeler.AttributeInfo
2019-05-11 11:06:11.719 DEBUG 8956 --- [kground-preinit] o.apache.tomcat.util.digester.Digester   :   Fire begin() for SetPropertiesRule[]
2019-05-11 11:06:11.719 DEBUG 8956 --- [kground-preinit] o.apache.tomcat.util.digester.Digester   : [SetPropertiesRule]{mbeans-descriptors/mbean/attribute} Set org.apache.tomcat.util.modeler.AttributeInfo properties
2019-05-11 11:06:11.719 DEBUG 8956 --- [kground-preinit] o.apache.tomcat.util.digester.Digester   : [SetPropertiesRule]{mbeans-descriptors/mbean/attribute} Setting property 'name' to 'cache'
2019-05-11 11:06:11.743 DEBUG 8956 --- [           main] o.s.b.f.s.DefaultListableBeanFactory     : Returning cached instance of singleton bean 'autoConfigurationReport'
2019-05-11 11:06:11.743 DEBUG 8956 --- [kground-preinit] o.apache.tomcat.util.IntrospectionUtils  : IntrospectionUtils: setProperty(class org.apache.tomcat.util.modeler.AttributeInfo name=cache)
2019-05-11 11:06:11.744 DEBUG 8956 --- [kground-preinit] o.apache.tomcat.util.digester.Digester   : [SetPropertiesRule]{mbeans-descriptors/mbean/attribute} Setting property 'description' to 'Should we cache authenticated Principals if the request is part of an HTTP session?'
2019-05-11 11:06:11.744 DEBUG 8956 --- [kground-preinit] o.apache.tomcat.util.IntrospectionUtils  : IntrospectionUtils: setProperty(class org.apache.tomcat.util.modeler.AttributeInfo description=Should we cache authenticated Principals if the request is part of an HTTP session?)
2019-05-11 11:06:11.747 DEBUG 8956 --- [kground-preinit] o.apache.tomcat.util.digester.Digester   : [SetPropertiesRule]{mbeans-descriptors/mbean/attribute} Setting property 'type' to 'boolean'
2019-05-11 11:06:11.747 DEBUG 8956 --- [kground-preinit] o.apache.tomcat.util.IntrospectionUtils  : IntrospectionUtils: setProperty(class org.apache.tomcat.util.modeler.AttributeInfo type=boolean)
2019-05-11 11:06:11.747 DEBUG 8956 --- [kground-preinit] o.apache.tomcat.util.digester.Digester   :   Fire begin() for SetNextRule[methodName=addAttribute, paramType=org.apache.tomcat.util.modeler.AttributeInfo]
2019-05-11 11:06:11.748 DEBUG 8956 --- [kground-preinit] o.a.tomcat.util.digester.Digester.sax    : endElement(,,attribute)
2019-05-11 11:06:11.748 DEBUG 8956 --- [kground-preinit] o.apache.tomcat.util.digester.Digester   :   match='mbeans-descriptors/mbean/attribute'
2019-05-11 11:06:11.748 DEBUG 8956 --- [kground-preinit] o.apache.tomcat.util.digester.Digester   :   bodyText=''
2019-05-11 11:06:11.748 DEBUG 8956 --- [kground-preinit] o.apache.tomcat.util.digester.Digester   :   Fire body() for ObjectCreateRule[className=org.apache.tomcat.util.modeler.AttributeInfo, attributeName=null]
2019-05-11 11:06:11.748 DEBUG 8956 --- [kground-preinit] o.apache.tomcat.util.digester.Digester   :   Fire body() for SetPropertiesRule[]
2019-05-11 11:06:11.748 DEBUG 8956 --- [kground-preinit] o.apache.tomcat.util.digester.Digester   :   Fire body() for SetNextRule[methodName=addAttribute, paramType=org.apache.tomcat.util.modeler.AttributeInfo]
2019-05-11 11:06:11.797 DEBUG 8956 --- [           main] o.s.b.f.s.DefaultListableBeanFactory     : Returning cached instance of singleton bean 'autoConfigurationReport'
2019-05-11 11:06:11.799 DEBUG 8956 --- [kground-preinit] o.apache.tomcat.util.digester.Digester   :   Fire end() for SetNextRule[methodName=addAttribute, paramType=org.apache.tomcat.util.modeler.AttributeInfo]
2019-05-11 11:06:11.803 DEBUG 8956 --- [kground-preinit] o.apache.tomcat.util.digester.Digester   : [SetNextRule]{mbeans-descriptors/mbean/attribute} Call org.apache.tomcat.util.modeler.ManagedBean.addAttribute(org.apache.tomcat.util.modeler.AttributeInfo@55d3c189)
2019-05-11 11:06:11.804 DEBUG 8956 --- [kground-preinit] o.apache.tomcat.util.IntrospectionUtils  : IntrospectionUtils: callMethod1 org.apache.tomcat.util.modeler.ManagedBean org.apache.tomcat.util.modeler.AttributeInfo org.apache.tomcat.util.modeler.AttributeInfo
2019-05-11 11:06:11.805 DEBUG 8956 --- [kground-preinit] o.apache.tomcat.util.digester.Digester   :   Fire end() for SetPropertiesRule[]
2019-05-11 11:06:11.805 DEBUG 8956 --- [kground-preinit] o.apache.tomcat.util.digester.Digester   :   Fire end() for ObjectCreateRule[className=org.apache.tomcat.util.modeler.AttributeInfo, attributeName=null]
2019-05-11 11:06:11.805 DEBUG 8956 --- [kground-preinit] o.apache.tomcat.util.digester.Digester   : [ObjectCreateRule]{mbeans-descriptors/mbean/attribute} Pop org.apache.tomcat.util.modeler.AttributeInfo
2019-05-11 11:06:11.805 DEBUG 8956 --- [kground-preinit] o.a.tomcat.util.digester.Digester.sax    : characters(

    )
2019-05-11 11:06:11.805 DEBUG 8956 --- [kground-preinit] o.a.tomcat.util.digester.Digester.sax    : startElement(,,attribute)
2019-05-11 11:06:11.806 DEBUG 8956 --- [kground-preinit] o.apache.tomcat.util.digester.Digester   :   New match='mbeans-descriptors/mbean/attribute'
2019-05-11 11:06:11.806 DEBUG 8956 --- [kground-preinit] o.apache.tomcat.util.digester.Digester   :   Fire begin() for ObjectCreateRule[className=org.apache.tomcat.util.modeler.AttributeInfo, attributeName=null]
2019-05-11 11:06:11.806 DEBUG 8956 --- [kground-preinit] o.apache.tomcat.util.digester.Digester   : [ObjectCreateRule]{mbeans-descriptors/mbean/attribute}New org.apache.tomcat.util.modeler.AttributeInfo
2019-05-11 11:06:11.806 DEBUG 8956 --- [kground-preinit] o.apache.tomcat.util.digester.Digester   :   Fire begin() for SetPropertiesRule[]
2019-05-11 11:06:11.806 DEBUG 8956 --- [kground-preinit] o.apache.tomcat.util.digester.Digester   : [SetPropertiesRule]{mbeans-descriptors/mbean/attribute} Set org.apache.tomcat.util.modeler.AttributeInfo properties
2019-05-11 11:06:11.806 DEBUG 8956 --- [kground-preinit] o.apache.tomcat.util.digester.Digester   : [SetPropertiesRule]{mbeans-descriptors/mbean/attribute} Setting property 'name' to 'changeSessionIdOnAuthentication'
2019-05-11 11:06:11.807 DEBUG 8956 --- [kground-preinit] o.apache.tomcat.util.IntrospectionUtils  : IntrospectionUtils: setProperty(class org.apache.tomcat.util.modeler.AttributeInfo name=changeSessionIdOnAuthentication)
2019-05-11 11:06:11.807 DEBUG 8956 --- [kground-preinit] o.apache.tomcat.util.digester.Digester   : [SetPropertiesRule]{mbeans-descriptors/mbean/attribute} Setting property 'description' to 'Controls if the session ID is changed if a session exists at the point where users are authenticated'
2019-05-11 11:06:11.807 DEBUG 8956 --- [kground-preinit] o.apache.tomcat.util.IntrospectionUtils  : IntrospectionUtils: setProperty(class org.apache.tomcat.util.modeler.AttributeInfo description=Controls if the session ID is changed if a session exists at the point where users are authenticated)
2019-05-11 11:06:11.807 DEBUG 8956 --- [kground-preinit] o.apache.tomcat.util.digester.Digester   : [SetPropertiesRule]{mbeans-descriptors/mbean/attribute} Setting property 'type' to 'boolean'
2019-05-11 11:06:11.807 DEBUG 8956 --- [kground-preinit] o.apache.tomcat.util.IntrospectionUtils  : IntrospectionUtils: setProperty(class org.apache.tomcat.util.modeler.AttributeInfo type=boolean)
2019-05-11 11:06:11.809 DEBUG 8956 --- [kground-preinit] o.apache.tomcat.util.digester.Digester   :   Fire begin() for SetNextRule[methodName=addAttribute, paramType=org.apache.tomcat.util.modeler.AttributeInfo]
2019-05-11 11:06:11.809 DEBUG 8956 --- [kground-preinit] o.a.tomcat.util.digester.Digester.sax    : endElement(,,attribute)
2019-05-11 11:06:11.809 DEBUG 8956 --- [kground-preinit] o.apache.tomcat.util.digester.Digester   :   match='mbeans-descriptors/mbean/attribute'
2019-05-11 11:06:11.809 DEBUG 8956 --- [kground-preinit] o.apache.tomcat.util.digester.Digester   :   bodyText=''
2019-05-11 11:06:11.809 DEBUG 8956 --- [kground-preinit] o.apache.tomcat.util.digester.Digester   :   Fire body() for ObjectCreateRule[className=org.apache.tomcat.util.modeler.AttributeInfo, attributeName=null]
2019-05-11 11:06:11.810 DEBUG 8956 --- [kground-preinit] o.apache.tomcat.util.digester.Digester   :   Fire body() for SetPropertiesRule[]
2019-05-11 11:06:11.810 DEBUG 8956 --- [kground-preinit] o.apache.tomcat.util.digester.Digester   :   Fire body() for SetNextRule[methodName=addAttribute, paramType=org.apache.tomcat.util.modeler.AttributeInfo]
2019-05-11 11:06:11.810 DEBUG 8956 --- [kground-preinit] o.apache.tomcat.util.digester.Digester   :   Fire end() for SetNextRule[methodName=addAttribute, paramType=org.apache.tomcat.util.modeler.AttributeInfo]
2019-05-11 11:06:11.810 DEBUG 8956 --- [kground-preinit] o.apache.tomcat.util.digester.Digester   : [SetNextRule]{mbeans-descriptors/mbean/attribute} Call org.apache.tomcat.util.modeler.ManagedBean.addAttribute(org.apache.tomcat.util.modeler.AttributeInfo@24c3451b)
2019-05-11 11:06:11.810 DEBUG 8956 --- [kground-preinit] o.apache.tomcat.util.IntrospectionUtils  : IntrospectionUtils: callMethod1 org.apache.tomcat.util.modeler.ManagedBean org.apache.tomcat.util.modeler.AttributeInfo org.apache.tomcat.util.modeler.AttributeInfo
2019-05-11 11:06:11.810 DEBUG 8956 --- [kground-preinit] o.apache.tomcat.util.digester.Digester   :   Fire end() for SetPropertiesRule[]
2019-05-11 11:06:11.811 DEBUG 8956 --- [kground-preinit] o.apache.tomcat.util.digester.Digester   :   Fire end() for ObjectCreateRule[className=org.apache.tomcat.util.modeler.AttributeInfo, attributeName=null]
2019-05-11 11:06:11.811 DEBUG 8956 --- [kground-preinit] o.apache.tomcat.util.digester.Digester   : [ObjectCreateRule]{mbeans-descriptors/mbean/attribute} Pop org.apache.tomcat.util.modeler.AttributeInfo
2019-05-11 11:06:11.811 DEBUG 8956 --- [kground-preinit] o.a.tomcat.util.digester.Digester.sax    : characters(

    )
2019-05-11 11:06:11.811 DEBUG 8956 --- [kground-preinit] o.a.tomcat.util.digester.Digester.sax    : startElement(,,attribute)
2019-05-11 11:06:11.812 DEBUG 8956 --- [kground-preinit] o.apache.tomcat.util.digester.Digester   :   New match='mbeans-descriptors/mbean/attribute'
2019-05-11 11:06:11.814 DEBUG 8956 --- [           main] o.s.b.f.s.DefaultListableBeanFactory     : Returning cached instance of singleton bean 'autoConfigurationReport'
2019-05-11 11:06:11.820 DEBUG 8956 --- [kground-preinit] o.apache.tomcat.util.digester.Digester   :   Fire begin() for ObjectCreateRule[className=org.apache.tomcat.util.modeler.AttributeInfo, attributeName=null]
2019-05-11 11:06:11.821 DEBUG 8956 --- [           main] o.s.b.f.s.DefaultListableBeanFactory     : Returning cached instance of singleton bean 'autoConfigurationReport'
2019-05-11 11:06:11.821 DEBUG 8956 --- [kground-preinit] o.apache.tomcat.util.digester.Digester   : [ObjectCreateRule]{mbeans-descriptors/mbean/attribute}New org.apache.tomcat.util.modeler.AttributeInfo
2019-05-11 11:06:11.821 DEBUG 8956 --- [           main] o.s.b.f.s.DefaultListableBeanFactory     : Returning cached instance of singleton bean 'autoConfigurationReport'
2019-05-11 11:06:11.821 DEBUG 8956 --- [kground-preinit] o.apache.tomcat.util.digester.Digester   :   Fire begin() for SetPropertiesRule[]
2019-05-11 11:06:11.822 DEBUG 8956 --- [           main] o.s.b.f.s.DefaultListableBeanFactory     : Returning cached instance of singleton bean 'autoConfigurationReport'
2019-05-11 11:06:11.822 DEBUG 8956 --- [kground-preinit] o.apache.tomcat.util.digester.Digester   : [SetPropertiesRule]{mbeans-descriptors/mbean/attribute} Set org.apache.tomcat.util.modeler.AttributeInfo properties
2019-05-11 11:06:11.822 DEBUG 8956 --- [kground-preinit] o.apache.tomcat.util.digester.Digester   : [SetPropertiesRule]{mbeans-descriptors/mbean/attribute} Setting property 'name' to 'className'
2019-05-11 11:06:11.822 DEBUG 8956 --- [kground-preinit] o.apache.tomcat.util.IntrospectionUtils  : IntrospectionUtils: setProperty(class org.apache.tomcat.util.modeler.AttributeInfo name=className)
2019-05-11 11:06:11.822 DEBUG 8956 --- [kground-preinit] o.apache.tomcat.util.digester.Digester   : [SetPropertiesRule]{mbeans-descriptors/mbean/attribute} Setting property 'description' to 'Fully qualified class name of the managed object'
2019-05-11 11:06:11.823 DEBUG 8956 --- [kground-preinit] o.apache.tomcat.util.IntrospectionUtils  : IntrospectionUtils: setProperty(class org.apache.tomcat.util.modeler.AttributeInfo description=Fully qualified class name of the managed object)
2019-05-11 11:06:11.823 DEBUG 8956 --- [kground-preinit] o.apache.tomcat.util.digester.Digester   : [SetPropertiesRule]{mbeans-descriptors/mbean/attribute} Setting property 'type' to 'java.lang.String'
2019-05-11 11:06:11.823 DEBUG 8956 --- [kground-preinit] o.apache.tomcat.util.IntrospectionUtils  : IntrospectionUtils: setProperty(class org.apache.tomcat.util.modeler.AttributeInfo type=java.lang.String)
2019-05-11 11:06:11.823 DEBUG 8956 --- [kground-preinit] o.apache.tomcat.util.digester.Digester   : [SetPropertiesRule]{mbeans-descriptors/mbean/attribute} Setting property 'writeable' to 'false'
2019-05-11 11:06:11.823 DEBUG 8956 --- [kground-preinit] o.apache.tomcat.util.IntrospectionUtils  : IntrospectionUtils: setProperty(class org.apache.tomcat.util.modeler.AttributeInfo writeable=false)
2019-05-11 11:06:11.824 DEBUG 8956 --- [kground-preinit] o.apache.tomcat.util.digester.Digester   :   Fire begin() for SetNextRule[methodName=addAttribute, paramType=org.apache.tomcat.util.modeler.AttributeInfo]
2019-05-11 11:06:11.824 DEBUG 8956 --- [kground-preinit] o.a.tomcat.util.digester.Digester.sax    : endElement(,,attribute)
2019-05-11 11:06:11.824 DEBUG 8956 --- [kground-preinit] o.apache.tomcat.util.digester.Digester   :   match='mbeans-descriptors/mbean/attribute'
2019-05-11 11:06:11.825 DEBUG 8956 --- [kground-preinit] o.apache.tomcat.util.digester.Digester   :   bodyText=''
2019-05-11 11:06:11.825 DEBUG 8956 --- [kground-preinit] o.apache.tomcat.util.digester.Digester   :   Fire body() for ObjectCreateRule[className=org.apache.tomcat.util.modeler.AttributeInfo, attributeName=null]
2019-05-11 11:06:11.826 DEBUG 8956 --- [kground-preinit] o.apache.tomcat.util.digester.Digester   :   Fire body() for SetPropertiesRule[]
2019-05-11 11:06:11.826 DEBUG 8956 --- [kground-preinit] o.apache.tomcat.util.digester.Digester   :   Fire body() for SetNextRule[methodName=addAttribute, paramType=org.apache.tomcat.util.modeler.AttributeInfo]
2019-05-11 11:06:11.827 DEBUG 8956 --- [kground-preinit] o.apache.tomcat.util.digester.Digester   :   Fire end() for SetNextRule[methodName=addAttribute, paramType=org.apache.tomcat.util.modeler.AttributeInfo]
2019-05-11 11:06:11.827 DEBUG 8956 --- [kground-preinit] o.apache.tomcat.util.digester.Digester   : [SetNextRule]{mbeans-descriptors/mbean/attribute} Call org.apache.tomcat.util.modeler.ManagedBean.addAttribute(org.apache.tomcat.util.modeler.AttributeInfo@8d059e9)
2019-05-11 11:06:11.827 DEBUG 8956 --- [kground-preinit] o.apache.tomcat.util.IntrospectionUtils  : IntrospectionUtils: callMethod1 org.apache.tomcat.util.modeler.ManagedBean org.apache.tomcat.util.modeler.AttributeInfo org.apache.tomcat.util.modeler.AttributeInfo
2019-05-11 11:06:11.827 DEBUG 8956 --- [kground-preinit] o.apache.tomcat.util.digester.Digester   :   Fire end() for SetPropertiesRule[]
2019-05-11 11:06:11.827 DEBUG 8956 --- [kground-preinit] o.apache.tomcat.util.digester.Digester   :   Fire end() for ObjectCreateRule[className=org.apache.tomcat.util.modeler.AttributeInfo, attributeName=null]
2019-05-11 11:06:11.828 DEBUG 8956 --- [kground-preinit] o.apache.tomcat.util.digester.Digester   : [ObjectCreateRule]{mbeans-descriptors/mbean/attribute} Pop org.apache.tomcat.util.modeler.AttributeInfo
2019-05-11 11:06:11.833 DEBUG 8956 --- [kground-preinit] o.a.tomcat.util.digester.Digester.sax    : characters(

    )
2019-05-11 11:06:11.834 DEBUG 8956 --- [kground-preinit] o.a.tomcat.util.digester.Digester.sax    : startElement(,,attribute)
2019-05-11 11:06:11.834 DEBUG 8956 --- [kground-preinit] o.apache.tomcat.util.digester.Digester   :   New match='mbeans-descriptors/mbean/attribute'
2019-05-11 11:06:11.834 DEBUG 8956 --- [kground-preinit] o.apache.tomcat.util.digester.Digester   :   Fire begin() for ObjectCreateRule[className=org.apache.tomcat.util.modeler.AttributeInfo, attributeName=null]
2019-05-11 11:06:11.835 DEBUG 8956 --- [kground-preinit] o.apache.tomcat.util.digester.Digester   : [ObjectCreateRule]{mbeans-descriptors/mbean/attribute}New org.apache.tomcat.util.modeler.AttributeInfo
2019-05-11 11:06:11.835 DEBUG 8956 --- [kground-preinit] o.apache.tomcat.util.digester.Digester   :   Fire begin() for SetPropertiesRule[]
2019-05-11 11:06:11.835 DEBUG 8956 --- [           main] o.s.b.f.s.DefaultListableBeanFactory     : Returning cached instance of singleton bean 'autoConfigurationReport'
2019-05-11 11:06:11.835 DEBUG 8956 --- [kground-preinit] o.apache.tomcat.util.digester.Digester   : [SetPropertiesRule]{mbeans-descriptors/mbean/attribute} Set org.apache.tomcat.util.modeler.AttributeInfo properties
2019-05-11 11:06:11.835 DEBUG 8956 --- [kground-preinit] o.apache.tomcat.util.digester.Digester   : [SetPropertiesRule]{mbeans-descriptors/mbean/attribute} Setting property 'name' to 'cnonceCacheSize'
2019-05-11 11:06:11.835 DEBUG 8956 --- [kground-preinit] o.apache.tomcat.util.IntrospectionUtils  : IntrospectionUtils: setProperty(class org.apache.tomcat.util.modeler.AttributeInfo name=cnonceCacheSize)
2019-05-11 11:06:11.836 DEBUG 8956 --- [kground-preinit] o.apache.tomcat.util.digester.Digester   : [SetPropertiesRule]{mbeans-descriptors/mbean/attribute} Setting property 'description' to 'The size of the cnonce cache used to prevent replay attacks'
2019-05-11 11:06:11.836 DEBUG 8956 --- [kground-preinit] o.apache.tomcat.util.IntrospectionUtils  : IntrospectionUtils: setProperty(class org.apache.tomcat.util.modeler.AttributeInfo description=The size of the cnonce cache used to prevent replay attacks)
2019-05-11 11:06:11.839 DEBUG 8956 --- [kground-preinit] o.apache.tomcat.util.digester.Digester   : [SetPropertiesRule]{mbeans-descriptors/mbean/attribute} Setting property 'type' to 'int'
2019-05-11 11:06:11.840 DEBUG 8956 --- [kground-preinit] o.apache.tomcat.util.IntrospectionUtils  : IntrospectionUtils: setProperty(class org.apache.tomcat.util.modeler.AttributeInfo type=int)
2019-05-11 11:06:11.840 DEBUG 8956 --- [kground-preinit] o.apache.tomcat.util.digester.Digester   :   Fire begin() for SetNextRule[methodName=addAttribute, paramType=org.apache.tomcat.util.modeler.AttributeInfo]
2019-05-11 11:06:11.840 DEBUG 8956 --- [kground-preinit] o.a.tomcat.util.digester.Digester.sax    : endElement(,,attribute)
2019-05-11 11:06:11.840 DEBUG 8956 --- [kground-preinit] o.apache.tomcat.util.digester.Digester   :   match='mbeans-descriptors/mbean/attribute'
2019-05-11 11:06:11.841 DEBUG 8956 --- [kground-preinit] o.apache.tomcat.util.digester.Digester   :   bodyText=''
2019-05-11 11:06:11.841 DEBUG 8956 --- [kground-preinit] o.apache.tomcat.util.digester.Digester   :   Fire body() for ObjectCreateRule[className=org.apache.tomcat.util.modeler.AttributeInfo, attributeName=null]
2019-05-11 11:06:11.842 DEBUG 8956 --- [kground-preinit] o.apache.tomcat.util.digester.Digester   :   Fire body() for SetPropertiesRule[]
2019-05-11 11:06:11.842 DEBUG 8956 --- [kground-preinit] o.apache.tomcat.util.digester.Digester   :   Fire body() for SetNextRule[methodName=addAttribute, paramType=org.apache.tomcat.util.modeler.AttributeInfo]
2019-05-11 11:06:11.842 DEBUG 8956 --- [kground-preinit] o.apache.tomcat.util.digester.Digester   :   Fire end() for SetNextRule[methodName=addAttribute, paramType=org.apache.tomcat.util.modeler.AttributeInfo]
2019-05-11 11:06:11.842 DEBUG 8956 --- [kground-preinit] o.apache.tomcat.util.digester.Digester   : [SetNextRule]{mbeans-descriptors/mbean/attribute} Call org.apache.tomcat.util.modeler.ManagedBean.addAttribute(org.apache.tomcat.util.modeler.AttributeInfo@2cad2f6c)
2019-05-11 11:06:11.842 DEBUG 8956 --- [kground-preinit] o.apache.tomcat.util.IntrospectionUtils  : IntrospectionUtils: callMethod1 org.apache.tomcat.util.modeler.ManagedBean org.apache.tomcat.util.modeler.AttributeInfo org.apache.tomcat.util.modeler.AttributeInfo
2019-05-11 11:06:11.843 DEBUG 8956 --- [kground-preinit] o.apache.tomcat.util.digester.Digester   :   Fire end() for SetPropertiesRule[]
2019-05-11 11:06:11.843 DEBUG 8956 --- [kground-preinit] o.apache.tomcat.util.digester.Digester   :   Fire end() for ObjectCreateRule[className=org.apache.tomcat.util.modeler.AttributeInfo, attributeName=null]
2019-05-11 11:06:11.843 DEBUG 8956 --- [kground-preinit] o.apache.tomcat.util.digester.Digester   : [ObjectCreateRule]{mbeans-descriptors/mbean/attribute} Pop org.apache.tomcat.util.modeler.AttributeInfo
2019-05-11 11:06:11.843 DEBUG 8956 --- [kground-preinit] o.a.tomcat.util.digester.Digester.sax    : characters(

    )
2019-05-11 11:06:11.843 DEBUG 8956 --- [kground-preinit] o.a.tomcat.util.digester.Digester.sax    : startElement(,,attribute)
2019-05-11 11:06:11.844 DEBUG 8956 --- [kground-preinit] o.apache.tomcat.util.digester.Digester   :   New match='mbeans-descriptors/mbean/attribute'
2019-05-11 11:06:11.844 DEBUG 8956 --- [kground-preinit] o.apache.tomcat.util.digester.Digester   :   Fire begin() for ObjectCreateRule[className=org.apache.tomcat.util.modeler.AttributeInfo, attributeName=null]
2019-05-11 11:06:11.844 DEBUG 8956 --- [kground-preinit] o.apache.tomcat.util.digester.Digester   : [ObjectCreateRule]{mbeans-descriptors/mbean/attribute}New org.apache.tomcat.util.modeler.AttributeInfo
2019-05-11 11:06:11.845 DEBUG 8956 --- [kground-preinit] o.apache.tomcat.util.digester.Digester   :   Fire begin() for SetPropertiesRule[]
2019-05-11 11:06:11.845 DEBUG 8956 --- [kground-preinit] o.apache.tomcat.util.digester.Digester   : [SetPropertiesRule]{mbeans-descriptors/mbean/attribute} Set org.apache.tomcat.util.modeler.AttributeInfo properties
2019-05-11 11:06:11.845 DEBUG 8956 --- [kground-preinit] o.apache.tomcat.util.digester.Digester   : [SetPropertiesRule]{mbeans-descriptors/mbean/attribute} Setting property 'name' to 'disableProxyCaching'
2019-05-11 11:06:11.846 DEBUG 8956 --- [kground-preinit] o.apache.tomcat.util.IntrospectionUtils  : IntrospectionUtils: setProperty(class org.apache.tomcat.util.modeler.AttributeInfo name=disableProxyCaching)
2019-05-11 11:06:11.846 DEBUG 8956 --- [kground-preinit] o.apache.tomcat.util.digester.Digester   : [SetPropertiesRule]{mbeans-descriptors/mbean/attribute} Setting property 'description' to 'Controls the caching of pages that are protected by security constraints'
2019-05-11 11:06:11.846 DEBUG 8956 --- [kground-preinit] o.apache.tomcat.util.IntrospectionUtils  : IntrospectionUtils: setProperty(class org.apache.tomcat.util.modeler.AttributeInfo description=Controls the caching of pages that are protected by security constraints)
2019-05-11 11:06:11.846 DEBUG 8956 --- [kground-preinit] o.apache.tomcat.util.digester.Digester   : [SetPropertiesRule]{mbeans-descriptors/mbean/attribute} Setting property 'type' to 'boolean'
2019-05-11 11:06:11.847 DEBUG 8956 --- [kground-preinit] o.apache.tomcat.util.IntrospectionUtils  : IntrospectionUtils: setProperty(class org.apache.tomcat.util.modeler.AttributeInfo type=boolean)
2019-05-11 11:06:11.847 DEBUG 8956 --- [kground-preinit] o.apache.tomcat.util.digester.Digester   :   Fire begin() for SetNextRule[methodName=addAttribute, paramType=org.apache.tomcat.util.modeler.AttributeInfo]
2019-05-11 11:06:11.853 DEBUG 8956 --- [kground-preinit] o.a.tomcat.util.digester.Digester.sax    : endElement(,,attribute)
2019-05-11 11:06:11.853 DEBUG 8956 --- [kground-preinit] o.apache.tomcat.util.digester.Digester   :   match='mbeans-descriptors/mbean/attribute'
2019-05-11 11:06:11.854 DEBUG 8956 --- [kground-preinit] o.apache.tomcat.util.digester.Digester   :   bodyText=''
2019-05-11 11:06:11.854 DEBUG 8956 --- [kground-preinit] o.apache.tomcat.util.digester.Digester   :   Fire body() for ObjectCreateRule[className=org.apache.tomcat.util.modeler.AttributeInfo, attributeName=null]
2019-05-11 11:06:11.855 DEBUG 8956 --- [kground-preinit] o.apache.tomcat.util.digester.Digester   :   Fire body() for SetPropertiesRule[]
2019-05-11 11:06:11.855 DEBUG 8956 --- [kground-preinit] o.apache.tomcat.util.digester.Digester   :   Fire body() for SetNextRule[methodName=addAttribute, paramType=org.apache.tomcat.util.modeler.AttributeInfo]
2019-05-11 11:06:11.855 DEBUG 8956 --- [kground-preinit] o.apache.tomcat.util.digester.Digester   :   Fire end() for SetNextRule[methodName=addAttribute, paramType=org.apache.tomcat.util.modeler.AttributeInfo]
2019-05-11 11:06:11.855 DEBUG 8956 --- [kground-preinit] o.apache.tomcat.util.digester.Digester   : [SetNextRule]{mbeans-descriptors/mbean/attribute} Call org.apache.tomcat.util.modeler.ManagedBean.addAttribute(org.apache.tomcat.util.modeler.AttributeInfo@596c0698)
2019-05-11 11:06:11.856 DEBUG 8956 --- [kground-preinit] o.apache.tomcat.util.IntrospectionUtils  : IntrospectionUtils: callMethod1 org.apache.tomcat.util.modeler.ManagedBean org.apache.tomcat.util.modeler.AttributeInfo org.apache.tomcat.util.modeler.AttributeInfo
2019-05-11 11:06:11.856 DEBUG 8956 --- [kground-preinit] o.apache.tomcat.util.digester.Digester   :   Fire end() for SetPropertiesRule[]
2019-05-11 11:06:11.857 DEBUG 8956 --- [kground-preinit] o.apache.tomcat.util.digester.Digester   :   Fire end() for ObjectCreateRule[className=org.apache.tomcat.util.modeler.AttributeInfo, attributeName=null]
2019-05-11 11:06:11.857 DEBUG 8956 --- [kground-preinit] o.apache.tomcat.util.digester.Digester   : [ObjectCreateRule]{mbeans-descriptors/mbean/attribute} Pop org.apache.tomcat.util.modeler.AttributeInfo
2019-05-11 11:06:11.857 DEBUG 8956 --- [kground-preinit] o.a.tomcat.util.digester.Digester.sax    : characters(

    )
2019-05-11 11:06:11.857 DEBUG 8956 --- [kground-preinit] o.a.tomcat.util.digester.Digester.sax    : startElement(,,attribute)
2019-05-11 11:06:11.858 DEBUG 8956 --- [kground-preinit] o.apache.tomcat.util.digester.Digester   :   New match='mbeans-descriptors/mbean/attribute'
2019-05-11 11:06:11.858 DEBUG 8956 --- [kground-preinit] o.apache.tomcat.util.digester.Digester   :   Fire begin() for ObjectCreateRule[className=org.apache.tomcat.util.modeler.AttributeInfo, attributeName=null]
2019-05-11 11:06:11.858 DEBUG 8956 --- [kground-preinit] o.apache.tomcat.util.digester.Digester   : [ObjectCreateRule]{mbeans-descriptors/mbean/attribute}New org.apache.tomcat.util.modeler.AttributeInfo
2019-05-11 11:06:11.858 DEBUG 8956 --- [kground-preinit] o.apache.tomcat.util.digester.Digester   :   Fire begin() for SetPropertiesRule[]
2019-05-11 11:06:11.858 DEBUG 8956 --- [kground-preinit] o.apache.tomcat.util.digester.Digester   : [SetPropertiesRule]{mbeans-descriptors/mbean/attribute} Set org.apache.tomcat.util.modeler.AttributeInfo properties
2019-05-11 11:06:11.859 DEBUG 8956 --- [kground-preinit] o.apache.tomcat.util.digester.Digester   : [SetPropertiesRule]{mbeans-descriptors/mbean/attribute} Setting property 'name' to 'key'
2019-05-11 11:06:11.859 DEBUG 8956 --- [kground-preinit] o.apache.tomcat.util.IntrospectionUtils  : IntrospectionUtils: setProperty(class org.apache.tomcat.util.modeler.AttributeInfo name=key)
2019-05-11 11:06:11.859 DEBUG 8956 --- [kground-preinit] o.apache.tomcat.util.digester.Digester   : [SetPropertiesRule]{mbeans-descriptors/mbean/attribute} Setting property 'description' to 'The secret key used by digest authentication'
2019-05-11 11:06:11.859 DEBUG 8956 --- [kground-preinit] o.apache.tomcat.util.IntrospectionUtils  : IntrospectionUtils: setProperty(class org.apache.tomcat.util.modeler.AttributeInfo description=The secret key used by digest authentication)
2019-05-11 11:06:11.860 DEBUG 8956 --- [kground-preinit] o.apache.tomcat.util.digester.Digester   : [SetPropertiesRule]{mbeans-descriptors/mbean/attribute} Setting property 'type' to 'java.lang.String'
2019-05-11 11:06:11.860 DEBUG 8956 --- [kground-preinit] o.apache.tomcat.util.IntrospectionUtils  : IntrospectionUtils: setProperty(class org.apache.tomcat.util.modeler.AttributeInfo type=java.lang.String)
2019-05-11 11:06:11.860 DEBUG 8956 --- [kground-preinit] o.apache.tomcat.util.digester.Digester   :   Fire begin() for SetNextRule[methodName=addAttribute, paramType=org.apache.tomcat.util.modeler.AttributeInfo]
2019-05-11 11:06:11.860 DEBUG 8956 --- [kground-preinit] o.a.tomcat.util.digester.Digester.sax    : endElement(,,attribute)
2019-05-11 11:06:11.860 DEBUG 8956 --- [kground-preinit] o.apache.tomcat.util.digester.Digester   :   match='mbeans-descriptors/mbean/attribute'
2019-05-11 11:06:11.861 DEBUG 8956 --- [kground-preinit] o.apache.tomcat.util.digester.Digester   :   bodyText=''
2019-05-11 11:06:11.861 DEBUG 8956 --- [kground-preinit] o.apache.tomcat.util.digester.Digester   :   Fire body() for ObjectCreateRule[className=org.apache.tomcat.util.modeler.AttributeInfo, attributeName=null]
2019-05-11 11:06:11.861 DEBUG 8956 --- [kground-preinit] o.apache.tomcat.util.digester.Digester   :   Fire body() for SetPropertiesRule[]
2019-05-11 11:06:11.861 DEBUG 8956 --- [kground-preinit] o.apache.tomcat.util.digester.Digester   :   Fire body() for SetNextRule[methodName=addAttribute, paramType=org.apache.tomcat.util.modeler.AttributeInfo]
2019-05-11 11:06:11.861 DEBUG 8956 --- [kground-preinit] o.apache.tomcat.util.digester.Digester   :   Fire end() for SetNextRule[methodName=addAttribute, paramType=org.apache.tomcat.util.modeler.AttributeInfo]
2019-05-11 11:06:11.862 DEBUG 8956 --- [kground-preinit] o.apache.tomcat.util.digester.Digester   : [SetNextRule]{mbeans-descriptors/mbean/attribute} Call org.apache.tomcat.util.modeler.ManagedBean.addAttribute(org.apache.tomcat.util.modeler.AttributeInfo@16ea9001)
2019-05-11 11:06:11.862 DEBUG 8956 --- [kground-preinit] o.apache.tomcat.util.IntrospectionUtils  : IntrospectionUtils: callMethod1 org.apache.tomcat.util.modeler.ManagedBean org.apache.tomcat.util.modeler.AttributeInfo org.apache.tomcat.util.modeler.AttributeInfo
2019-05-11 11:06:11.862 DEBUG 8956 --- [kground-preinit] o.apache.tomcat.util.digester.Digester   :   Fire end() for SetPropertiesRule[]
2019-05-11 11:06:11.863 DEBUG 8956 --- [kground-preinit] o.apache.tomcat.util.digester.Digester   :   Fire end() for ObjectCreateRule[className=org.apache.tomcat.util.modeler.AttributeInfo, attributeName=null]
2019-05-11 11:06:11.863 DEBUG 8956 --- [kground-preinit] o.apache.tomcat.util.digester.Digester   : [ObjectCreateRule]{mbeans-descriptors/mbean/attribute} Pop org.apache.tomcat.util.modeler.AttributeInfo
2019-05-11 11:06:11.863 DEBUG 8956 --- [kground-preinit] o.a.tomcat.util.digester.Digester.sax    : characters(

    )
2019-05-11 11:06:11.865 DEBUG 8956 --- [kground-preinit] o.a.tomcat.util.digester.Digester.sax    : startElement(,,attribute)
2019-05-11 11:06:11.867 DEBUG 8956 --- [kground-preinit] o.apache.tomcat.util.digester.Digester   :   New match='mbeans-descriptors/mbean/attribute'
2019-05-11 11:06:11.867 DEBUG 8956 --- [kground-preinit] o.apache.tomcat.util.digester.Digester   :   Fire begin() for ObjectCreateRule[className=org.apache.tomcat.util.modeler.AttributeInfo, attributeName=null]
2019-05-11 11:06:11.867 DEBUG 8956 --- [kground-preinit] o.apache.tomcat.util.digester.Digester   : [ObjectCreateRule]{mbeans-descriptors/mbean/attribute}New org.apache.tomcat.util.modeler.AttributeInfo
2019-05-11 11:06:11.867 DEBUG 8956 --- [kground-preinit] o.apache.tomcat.util.digester.Digester   :   Fire begin() for SetPropertiesRule[]
2019-05-11 11:06:11.868 DEBUG 8956 --- [kground-preinit] o.apache.tomcat.util.digester.Digester   : [SetPropertiesRule]{mbeans-descriptors/mbean/attribute} Set org.apache.tomcat.util.modeler.AttributeInfo properties
2019-05-11 11:06:11.870 DEBUG 8956 --- [kground-preinit] o.apache.tomcat.util.digester.Digester   : [SetPropertiesRule]{mbeans-descriptors/mbean/attribute} Setting property 'name' to 'nonceValidity'
2019-05-11 11:06:11.870 DEBUG 8956 --- [kground-preinit] o.apache.tomcat.util.IntrospectionUtils  : IntrospectionUtils: setProperty(class org.apache.tomcat.util.modeler.AttributeInfo name=nonceValidity)
2019-05-11 11:06:11.870 DEBUG 8956 --- [kground-preinit] o.apache.tomcat.util.digester.Digester   : [SetPropertiesRule]{mbeans-descriptors/mbean/attribute} Setting property 'description' to 'The time, in milliseconds, for which a server issued nonce will be valid'
2019-05-11 11:06:11.870 DEBUG 8956 --- [kground-preinit] o.apache.tomcat.util.IntrospectionUtils  : IntrospectionUtils: setProperty(class org.apache.tomcat.util.modeler.AttributeInfo description=The time, in milliseconds, for which a server issued nonce will be valid)
2019-05-11 11:06:11.871 DEBUG 8956 --- [kground-preinit] o.apache.tomcat.util.digester.Digester   : [SetPropertiesRule]{mbeans-descriptors/mbean/attribute} Setting property 'type' to 'long'
2019-05-11 11:06:11.871 DEBUG 8956 --- [kground-preinit] o.apache.tomcat.util.IntrospectionUtils  : IntrospectionUtils: setProperty(class org.apache.tomcat.util.modeler.AttributeInfo type=long)
2019-05-11 11:06:11.871 DEBUG 8956 --- [kground-preinit] o.apache.tomcat.util.digester.Digester   :   Fire begin() for SetNextRule[methodName=addAttribute, paramType=org.apache.tomcat.util.modeler.AttributeInfo]
2019-05-11 11:06:11.871 DEBUG 8956 --- [kground-preinit] o.a.tomcat.util.digester.Digester.sax    : endElement(,,attribute)
2019-05-11 11:06:11.871 DEBUG 8956 --- [kground-preinit] o.apache.tomcat.util.digester.Digester   :   match='mbeans-descriptors/mbean/attribute'
2019-05-11 11:06:11.872 DEBUG 8956 --- [kground-preinit] o.apache.tomcat.util.digester.Digester   :   bodyText=''
2019-05-11 11:06:11.872 DEBUG 8956 --- [kground-preinit] o.apache.tomcat.util.digester.Digester   :   Fire body() for ObjectCreateRule[className=org.apache.tomcat.util.modeler.AttributeInfo, attributeName=null]
2019-05-11 11:06:11.872 DEBUG 8956 --- [kground-preinit] o.apache.tomcat.util.digester.Digester   :   Fire body() for SetPropertiesRule[]
2019-05-11 11:06:11.872 DEBUG 8956 --- [kground-preinit] o.apache.tomcat.util.digester.Digester   :   Fire body() for SetNextRule[methodName=addAttribute, paramType=org.apache.tomcat.util.modeler.AttributeInfo]
2019-05-11 11:06:11.872 DEBUG 8956 --- [kground-preinit] o.apache.tomcat.util.digester.Digester   :   Fire end() for SetNextRule[methodName=addAttribute, paramType=org.apache.tomcat.util.modeler.AttributeInfo]
2019-05-11 11:06:11.873 DEBUG 8956 --- [kground-preinit] o.apache.tomcat.util.digester.Digester   : [SetNextRule]{mbeans-descriptors/mbean/attribute} Call org.apache.tomcat.util.modeler.ManagedBean.addAttribute(org.apache.tomcat.util.modeler.AttributeInfo@3a98e891)
2019-05-11 11:06:11.873 DEBUG 8956 --- [kground-preinit] o.apache.tomcat.util.IntrospectionUtils  : IntrospectionUtils: callMethod1 org.apache.tomcat.util.modeler.ManagedBean org.apache.tomcat.util.modeler.AttributeInfo org.apache.tomcat.util.modeler.AttributeInfo
2019-05-11 11:06:11.873 DEBUG 8956 --- [kground-preinit] o.apache.tomcat.util.digester.Digester   :   Fire end() for SetPropertiesRule[]
2019-05-11 11:06:11.873 DEBUG 8956 --- [kground-preinit] o.apache.tomcat.util.digester.Digester   :   Fire end() for ObjectCreateRule[className=org.apache.tomcat.util.modeler.AttributeInfo, attributeName=null]
2019-05-11 11:06:11.873 DEBUG 8956 --- [kground-preinit] o.apache.tomcat.util.digester.Digester   : [ObjectCreateRule]{mbeans-descriptors/mbean/attribute} Pop org.apache.tomcat.util.modeler.AttributeInfo
2019-05-11 11:06:11.885 DEBUG 8956 --- [kground-preinit] o.a.tomcat.util.digester.Digester.sax    : characters(

    )
2019-05-11 11:06:11.885 DEBUG 8956 --- [kground-preinit] o.a.tomcat.util.digester.Digester.sax    : startElement(,,attribute)
2019-05-11 11:06:11.885 DEBUG 8956 --- [kground-preinit] o.apache.tomcat.util.digester.Digester   :   New match='mbeans-descriptors/mbean/attribute'
2019-05-11 11:06:11.886 DEBUG 8956 --- [kground-preinit] o.apache.tomcat.util.digester.Digester   :   Fire begin() for ObjectCreateRule[className=org.apache.tomcat.util.modeler.AttributeInfo, attributeName=null]
2019-05-11 11:06:11.886 DEBUG 8956 --- [kground-preinit] o.apache.tomcat.util.digester.Digester   : [ObjectCreateRule]{mbeans-descriptors/mbean/attribute}New org.apache.tomcat.util.modeler.AttributeInfo
2019-05-11 11:06:11.886 DEBUG 8956 --- [kground-preinit] o.apache.tomcat.util.digester.Digester   :   Fire begin() for SetPropertiesRule[]
2019-05-11 11:06:11.886 DEBUG 8956 --- [kground-preinit] o.apache.tomcat.util.digester.Digester   : [SetPropertiesRule]{mbeans-descriptors/mbean/attribute} Set org.apache.tomcat.util.modeler.AttributeInfo properties
2019-05-11 11:06:11.886 DEBUG 8956 --- [kground-preinit] o.apache.tomcat.util.digester.Digester   : [SetPropertiesRule]{mbeans-descriptors/mbean/attribute} Setting property 'name' to 'opaque'
2019-05-11 11:06:11.887 DEBUG 8956 --- [kground-preinit] o.apache.tomcat.util.IntrospectionUtils  : IntrospectionUtils: setProperty(class org.apache.tomcat.util.modeler.AttributeInfo name=opaque)
2019-05-11 11:06:11.887 DEBUG 8956 --- [kground-preinit] o.apache.tomcat.util.digester.Digester   : [SetPropertiesRule]{mbeans-descriptors/mbean/attribute} Setting property 'description' to 'The opaque server string used by digest authentication'
2019-05-11 11:06:11.890 DEBUG 8956 --- [kground-preinit] o.apache.tomcat.util.IntrospectionUtils  : IntrospectionUtils: setProperty(class org.apache.tomcat.util.modeler.AttributeInfo description=The opaque server string used by digest authentication)
2019-05-11 11:06:11.890 DEBUG 8956 --- [kground-preinit] o.apache.tomcat.util.digester.Digester   : [SetPropertiesRule]{mbeans-descriptors/mbean/attribute} Setting property 'type' to 'java.lang.String'
2019-05-11 11:06:11.891 DEBUG 8956 --- [kground-preinit] o.apache.tomcat.util.IntrospectionUtils  : IntrospectionUtils: setProperty(class org.apache.tomcat.util.modeler.AttributeInfo type=java.lang.String)
2019-05-11 11:06:11.891 DEBUG 8956 --- [kground-preinit] o.apache.tomcat.util.digester.Digester   :   Fire begin() for SetNextRule[methodName=addAttribute, paramType=org.apache.tomcat.util.modeler.AttributeInfo]
2019-05-11 11:06:11.891 DEBUG 8956 --- [kground-preinit] o.a.tomcat.util.digester.Digester.sax    : endElement(,,attribute)
2019-05-11 11:06:11.891 DEBUG 8956 --- [kground-preinit] o.apache.tomcat.util.digester.Digester   :   match='mbeans-descriptors/mbean/attribute'
2019-05-11 11:06:11.891 DEBUG 8956 --- [kground-preinit] o.apache.tomcat.util.digester.Digester   :   bodyText=''
2019-05-11 11:06:11.892 DEBUG 8956 --- [kground-preinit] o.apache.tomcat.util.digester.Digester   :   Fire body() for ObjectCreateRule[className=org.apache.tomcat.util.modeler.AttributeInfo, attributeName=null]
2019-05-11 11:06:11.892 DEBUG 8956 --- [kground-preinit] o.apache.tomcat.util.digester.Digester   :   Fire body() for SetPropertiesRule[]
2019-05-11 11:06:11.892 DEBUG 8956 --- [kground-preinit] o.apache.tomcat.util.digester.Digester   :   Fire body() for SetNextRule[methodName=addAttribute, paramType=org.apache.tomcat.util.modeler.AttributeInfo]
2019-05-11 11:06:11.892 DEBUG 8956 --- [kground-preinit] o.apache.tomcat.util.digester.Digester   :   Fire end() for SetNextRule[methodName=addAttribute, paramType=org.apache.tomcat.util.modeler.AttributeInfo]
2019-05-11 11:06:11.893 DEBUG 8956 --- [kground-preinit] o.apache.tomcat.util.digester.Digester   : [SetNextRule]{mbeans-descriptors/mbean/attribute} Call org.apache.tomcat.util.modeler.ManagedBean.addAttribute(org.apache.tomcat.util.modeler.AttributeInfo@379719c)
2019-05-11 11:06:11.893 DEBUG 8956 --- [kground-preinit] o.apache.tomcat.util.IntrospectionUtils  : IntrospectionUtils: callMethod1 org.apache.tomcat.util.modeler.ManagedBean org.apache.tomcat.util.modeler.AttributeInfo org.apache.tomcat.util.modeler.AttributeInfo
2019-05-11 11:06:11.893 DEBUG 8956 --- [kground-preinit] o.apache.tomcat.util.digester.Digester   :   Fire end() for SetPropertiesRule[]
2019-05-11 11:06:11.893 DEBUG 8956 --- [kground-preinit] o.apache.tomcat.util.digester.Digester   :   Fire end() for ObjectCreateRule[className=org.apache.tomcat.util.modeler.AttributeInfo, attributeName=null]
2019-05-11 11:06:11.893 DEBUG 8956 --- [kground-preinit] o.apache.tomcat.util.digester.Digester   : [ObjectCreateRule]{mbeans-descriptors/mbean/attribute} Pop org.apache.tomcat.util.modeler.AttributeInfo
2019-05-11 11:06:11.894 DEBUG 8956 --- [kground-preinit] o.a.tomcat.util.digester.Digester.sax    : characters(

    )
2019-05-11 11:06:11.894 DEBUG 8956 --- [kground-preinit] o.a.tomcat.util.digester.Digester.sax    : startElement(,,attribute)
2019-05-11 11:06:11.894 DEBUG 8956 --- [kground-preinit] o.apache.tomcat.util.digester.Digester   :   New match='mbeans-descriptors/mbean/attribute'
2019-05-11 11:06:11.895 DEBUG 8956 --- [kground-preinit] o.apache.tomcat.util.digester.Digester   :   Fire begin() for ObjectCreateRule[className=org.apache.tomcat.util.modeler.AttributeInfo, attributeName=null]
2019-05-11 11:06:11.895 DEBUG 8956 --- [kground-preinit] o.apache.tomcat.util.digester.Digester   : [ObjectCreateRule]{mbeans-descriptors/mbean/attribute}New org.apache.tomcat.util.modeler.AttributeInfo
2019-05-11 11:06:11.897 DEBUG 8956 --- [kground-preinit] o.apache.tomcat.util.digester.Digester   :   Fire begin() for SetPropertiesRule[]
2019-05-11 11:06:11.898 DEBUG 8956 --- [kground-preinit] o.apache.tomcat.util.digester.Digester   : [SetPropertiesRule]{mbeans-descriptors/mbean/attribute} Set org.apache.tomcat.util.modeler.AttributeInfo properties
2019-05-11 11:06:11.898 DEBUG 8956 --- [kground-preinit] o.apache.tomcat.util.digester.Digester   : [SetPropertiesRule]{mbeans-descriptors/mbean/attribute} Setting property 'name' to 'securePagesWithPragma'
2019-05-11 11:06:11.898 DEBUG 8956 --- [kground-preinit] o.apache.tomcat.util.IntrospectionUtils  : IntrospectionUtils: setProperty(class org.apache.tomcat.util.modeler.AttributeInfo name=securePagesWithPragma)
2019-05-11 11:06:11.898 DEBUG 8956 --- [kground-preinit] o.apache.tomcat.util.digester.Digester   : [SetPropertiesRule]{mbeans-descriptors/mbean/attribute} Setting property 'description' to 'Controls the caching of pages that are protected by security constraints'
2019-05-11 11:06:11.898 DEBUG 8956 --- [kground-preinit] o.apache.tomcat.util.IntrospectionUtils  : IntrospectionUtils: setProperty(class org.apache.tomcat.util.modeler.AttributeInfo description=Controls the caching of pages that are protected by security constraints)
2019-05-11 11:06:11.898 DEBUG 8956 --- [kground-preinit] o.apache.tomcat.util.digester.Digester   : [SetPropertiesRule]{mbeans-descriptors/mbean/attribute} Setting property 'type' to 'boolean'
2019-05-11 11:06:11.899 DEBUG 8956 --- [kground-preinit] o.apache.tomcat.util.IntrospectionUtils  : IntrospectionUtils: setProperty(class org.apache.tomcat.util.modeler.AttributeInfo type=boolean)
2019-05-11 11:06:11.900 DEBUG 8956 --- [kground-preinit] o.apache.tomcat.util.digester.Digester   :   Fire begin() for SetNextRule[methodName=addAttribute, paramType=org.apache.tomcat.util.modeler.AttributeInfo]
2019-05-11 11:06:11.900 DEBUG 8956 --- [kground-preinit] o.a.tomcat.util.digester.Digester.sax    : endElement(,,attribute)
2019-05-11 11:06:11.900 DEBUG 8956 --- [kground-preinit] o.apache.tomcat.util.digester.Digester   :   match='mbeans-descriptors/mbean/attribute'
2019-05-11 11:06:11.900 DEBUG 8956 --- [kground-preinit] o.apache.tomcat.util.digester.Digester   :   bodyText=''
2019-05-11 11:06:11.901 DEBUG 8956 --- [kground-preinit] o.apache.tomcat.util.digester.Digester   :   Fire body() for ObjectCreateRule[className=org.apache.tomcat.util.modeler.AttributeInfo, attributeName=null]
2019-05-11 11:06:11.901 DEBUG 8956 --- [kground-preinit] o.apache.tomcat.util.digester.Digester   :   Fire body() for SetPropertiesRule[]
2019-05-11 11:06:11.901 DEBUG 8956 --- [kground-preinit] o.apache.tomcat.util.digester.Digester   :   Fire body() for SetNextRule[methodName=addAttribute, paramType=org.apache.tomcat.util.modeler.AttributeInfo]
2019-05-11 11:06:11.901 DEBUG 8956 --- [kground-preinit] o.apache.tomcat.util.digester.Digester   :   Fire end() for SetNextRule[methodName=addAttribute, paramType=org.apache.tomcat.util.modeler.AttributeInfo]
2019-05-11 11:06:11.901 DEBUG 8956 --- [kground-preinit] o.apache.tomcat.util.digester.Digester   : [SetNextRule]{mbeans-descriptors/mbean/attribute} Call org.apache.tomcat.util.modeler.ManagedBean.addAttribute(org.apache.tomcat.util.modeler.AttributeInfo@1881f9c5)
2019-05-11 11:06:11.902 DEBUG 8956 --- [kground-preinit] o.apache.tomcat.util.IntrospectionUtils  : IntrospectionUtils: callMethod1 org.apache.tomcat.util.modeler.ManagedBean org.apache.tomcat.util.modeler.AttributeInfo org.apache.tomcat.util.modeler.AttributeInfo
2019-05-11 11:06:11.902 DEBUG 8956 --- [kground-preinit] o.apache.tomcat.util.digester.Digester   :   Fire end() for SetPropertiesRule[]
2019-05-11 11:06:11.902 DEBUG 8956 --- [kground-preinit] o.apache.tomcat.util.digester.Digester   :   Fire end() for ObjectCreateRule[className=org.apache.tomcat.util.modeler.AttributeInfo, attributeName=null]
2019-05-11 11:06:11.902 DEBUG 8956 --- [kground-preinit] o.apache.tomcat.util.digester.Digester   : [ObjectCreateRule]{mbeans-descriptors/mbean/attribute} Pop org.apache.tomcat.util.modeler.AttributeInfo
2019-05-11 11:06:11.903 DEBUG 8956 --- [kground-preinit] o.a.tomcat.util.digester.Digester.sax    : characters(

    )
2019-05-11 11:06:11.903 DEBUG 8956 --- [kground-preinit] o.a.tomcat.util.digester.Digester.sax    : startElement(,,attribute)
2019-05-11 11:06:11.903 DEBUG 8956 --- [kground-preinit] o.apache.tomcat.util.digester.Digester   :   New match='mbeans-descriptors/mbean/attribute'
2019-05-11 11:06:11.905 DEBUG 8956 --- [kground-preinit] o.apache.tomcat.util.digester.Digester   :   Fire begin() for ObjectCreateRule[className=org.apache.tomcat.util.modeler.AttributeInfo, attributeName=null]
2019-05-11 11:06:11.905 DEBUG 8956 --- [kground-preinit] o.apache.tomcat.util.digester.Digester   : [ObjectCreateRule]{mbeans-descriptors/mbean/attribute}New org.apache.tomcat.util.modeler.AttributeInfo
2019-05-11 11:06:11.906 DEBUG 8956 --- [kground-preinit] o.apache.tomcat.util.digester.Digester   :   Fire begin() for SetPropertiesRule[]
2019-05-11 11:06:11.906 DEBUG 8956 --- [kground-preinit] o.apache.tomcat.util.digester.Digester   : [SetPropertiesRule]{mbeans-descriptors/mbean/attribute} Set org.apache.tomcat.util.modeler.AttributeInfo properties
2019-05-11 11:06:11.906 DEBUG 8956 --- [kground-preinit] o.apache.tomcat.util.digester.Digester   : [SetPropertiesRule]{mbeans-descriptors/mbean/attribute} Setting property 'name' to 'secureRandomAlgorithm'
2019-05-11 11:06:11.906 DEBUG 8956 --- [kground-preinit] o.apache.tomcat.util.IntrospectionUtils  : IntrospectionUtils: setProperty(class org.apache.tomcat.util.modeler.AttributeInfo name=secureRandomAlgorithm)
2019-05-11 11:06:11.906 DEBUG 8956 --- [kground-preinit] o.apache.tomcat.util.digester.Digester   : [SetPropertiesRule]{mbeans-descriptors/mbean/attribute} Setting property 'description' to 'The name of the algorithm to use for SSO session ID generation'
2019-05-11 11:06:11.907 DEBUG 8956 --- [kground-preinit] o.apache.tomcat.util.IntrospectionUtils  : IntrospectionUtils: setProperty(class org.apache.tomcat.util.modeler.AttributeInfo description=The name of the algorithm to use for SSO session ID generation)
2019-05-11 11:06:11.907 DEBUG 8956 --- [kground-preinit] o.apache.tomcat.util.digester.Digester   : [SetPropertiesRule]{mbeans-descriptors/mbean/attribute} Setting property 'type' to 'java.lang.String'
2019-05-11 11:06:11.907 DEBUG 8956 --- [kground-preinit] o.apache.tomcat.util.IntrospectionUtils  : IntrospectionUtils: setProperty(class org.apache.tomcat.util.modeler.AttributeInfo type=java.lang.String)
2019-05-11 11:06:11.907 DEBUG 8956 --- [kground-preinit] o.apache.tomcat.util.digester.Digester   :   Fire begin() for SetNextRule[methodName=addAttribute, paramType=org.apache.tomcat.util.modeler.AttributeInfo]
2019-05-11 11:06:11.907 DEBUG 8956 --- [kground-preinit] o.a.tomcat.util.digester.Digester.sax    : endElement(,,attribute)
2019-05-11 11:06:11.908 DEBUG 8956 --- [kground-preinit] o.apache.tomcat.util.digester.Digester   :   match='mbeans-descriptors/mbean/attribute'
2019-05-11 11:06:11.908 DEBUG 8956 --- [kground-preinit] o.apache.tomcat.util.digester.Digester   :   bodyText=''
2019-05-11 11:06:11.908 DEBUG 8956 --- [kground-preinit] o.apache.tomcat.util.digester.Digester   :   Fire body() for ObjectCreateRule[className=org.apache.tomcat.util.modeler.AttributeInfo, attributeName=null]
2019-05-11 11:06:11.908 DEBUG 8956 --- [kground-preinit] o.apache.tomcat.util.digester.Digester   :   Fire body() for SetPropertiesRule[]
2019-05-11 11:06:11.909 DEBUG 8956 --- [kground-preinit] o.apache.tomcat.util.digester.Digester   :   Fire body() for SetNextRule[methodName=addAttribute, paramType=org.apache.tomcat.util.modeler.AttributeInfo]
2019-05-11 11:06:11.909 DEBUG 8956 --- [kground-preinit] o.apache.tomcat.util.digester.Digester   :   Fire end() for SetNextRule[methodName=addAttribute, paramType=org.apache.tomcat.util.modeler.AttributeInfo]
2019-05-11 11:06:11.909 DEBUG 8956 --- [kground-preinit] o.apache.tomcat.util.digester.Digester   : [SetNextRule]{mbeans-descriptors/mbean/attribute} Call org.apache.tomcat.util.modeler.ManagedBean.addAttribute(org.apache.tomcat.util.modeler.AttributeInfo@5a29184c)
2019-05-11 11:06:11.909 DEBUG 8956 --- [kground-preinit] o.apache.tomcat.util.IntrospectionUtils  : IntrospectionUtils: callMethod1 org.apache.tomcat.util.modeler.ManagedBean org.apache.tomcat.util.modeler.AttributeInfo org.apache.tomcat.util.modeler.AttributeInfo
2019-05-11 11:06:11.909 DEBUG 8956 --- [kground-preinit] o.apache.tomcat.util.digester.Digester   :   Fire end() for SetPropertiesRule[]
2019-05-11 11:06:11.910 DEBUG 8956 --- [kground-preinit] o.apache.tomcat.util.digester.Digester   :   Fire end() for ObjectCreateRule[className=org.apache.tomcat.util.modeler.AttributeInfo, attributeName=null]
2019-05-11 11:06:11.910 DEBUG 8956 --- [kground-preinit] o.apache.tomcat.util.digester.Digester   : [ObjectCreateRule]{mbeans-descriptors/mbean/attribute} Pop org.apache.tomcat.util.modeler.AttributeInfo
2019-05-11 11:06:11.910 DEBUG 8956 --- [kground-preinit] o.a.tomcat.util.digester.Digester.sax    : characters(

    )
2019-05-11 11:06:11.910 DEBUG 8956 --- [kground-preinit] o.a.tomcat.util.digester.Digester.sax    : startElement(,,attribute)
2019-05-11 11:06:11.911 DEBUG 8956 --- [kground-preinit] o.apache.tomcat.util.digester.Digester   :   New match='mbeans-descriptors/mbean/attribute'
2019-05-11 11:06:11.911 DEBUG 8956 --- [kground-preinit] o.apache.tomcat.util.digester.Digester   :   Fire begin() for ObjectCreateRule[className=org.apache.tomcat.util.modeler.AttributeInfo, attributeName=null]
2019-05-11 11:06:11.911 DEBUG 8956 --- [kground-preinit] o.apache.tomcat.util.digester.Digester   : [ObjectCreateRule]{mbeans-descriptors/mbean/attribute}New org.apache.tomcat.util.modeler.AttributeInfo
2019-05-11 11:06:11.913 DEBUG 8956 --- [kground-preinit] o.apache.tomcat.util.digester.Digester   :   Fire begin() for SetPropertiesRule[]
2019-05-11 11:06:11.913 DEBUG 8956 --- [kground-preinit] o.apache.tomcat.util.digester.Digester   : [SetPropertiesRule]{mbeans-descriptors/mbean/attribute} Set org.apache.tomcat.util.modeler.AttributeInfo properties
2019-05-11 11:06:11.914 DEBUG 8956 --- [kground-preinit] o.apache.tomcat.util.digester.Digester   : [SetPropertiesRule]{mbeans-descriptors/mbean/attribute} Setting property 'name' to 'secureRandomClass'
2019-05-11 11:06:11.914 DEBUG 8956 --- [kground-preinit] o.apache.tomcat.util.IntrospectionUtils  : IntrospectionUtils: setProperty(class org.apache.tomcat.util.modeler.AttributeInfo name=secureRandomClass)
2019-05-11 11:06:11.914 DEBUG 8956 --- [kground-preinit] o.apache.tomcat.util.digester.Digester   : [SetPropertiesRule]{mbeans-descriptors/mbean/attribute} Setting property 'description' to 'The name of the class to use for SSO session ID generation'
2019-05-11 11:06:11.914 DEBUG 8956 --- [kground-preinit] o.apache.tomcat.util.IntrospectionUtils  : IntrospectionUtils: setProperty(class org.apache.tomcat.util.modeler.AttributeInfo description=The name of the class to use for SSO session ID generation)
2019-05-11 11:06:11.915 DEBUG 8956 --- [kground-preinit] o.apache.tomcat.util.digester.Digester   : [SetPropertiesRule]{mbeans-descriptors/mbean/attribute} Setting property 'type' to 'java.lang.String'
2019-05-11 11:06:11.915 DEBUG 8956 --- [kground-preinit] o.apache.tomcat.util.IntrospectionUtils  : IntrospectionUtils: setProperty(class org.apache.tomcat.util.modeler.AttributeInfo type=java.lang.String)
2019-05-11 11:06:11.915 DEBUG 8956 --- [kground-preinit] o.apache.tomcat.util.digester.Digester   :   Fire begin() for SetNextRule[methodName=addAttribute, paramType=org.apache.tomcat.util.modeler.AttributeInfo]
2019-05-11 11:06:11.915 DEBUG 8956 --- [kground-preinit] o.a.tomcat.util.digester.Digester.sax    : endElement(,,attribute)
2019-05-11 11:06:11.915 DEBUG 8956 --- [kground-preinit] o.apache.tomcat.util.digester.Digester   :   match='mbeans-descriptors/mbean/attribute'
2019-05-11 11:06:11.915 DEBUG 8956 --- [kground-preinit] o.apache.tomcat.util.digester.Digester   :   bodyText=''
2019-05-11 11:06:11.916 DEBUG 8956 --- [kground-preinit] o.apache.tomcat.util.digester.Digester   :   Fire body() for ObjectCreateRule[className=org.apache.tomcat.util.modeler.AttributeInfo, attributeName=null]
2019-05-11 11:06:11.916 DEBUG 8956 --- [kground-preinit] o.apache.tomcat.util.digester.Digester   :   Fire body() for SetPropertiesRule[]
2019-05-11 11:06:11.917 DEBUG 8956 --- [kground-preinit] o.apache.tomcat.util.digester.Digester   :   Fire body() for SetNextRule[methodName=addAttribute, paramType=org.apache.tomcat.util.modeler.AttributeInfo]
2019-05-11 11:06:11.917 DEBUG 8956 --- [kground-preinit] o.apache.tomcat.util.digester.Digester   :   Fire end() for SetNextRule[methodName=addAttribute, paramType=org.apache.tomcat.util.modeler.AttributeInfo]
2019-05-11 11:06:11.917 DEBUG 8956 --- [kground-preinit] o.apache.tomcat.util.digester.Digester   : [SetNextRule]{mbeans-descriptors/mbean/attribute} Call org.apache.tomcat.util.modeler.ManagedBean.addAttribute(org.apache.tomcat.util.modeler.AttributeInfo@2708aff8)
2019-05-11 11:06:11.917 DEBUG 8956 --- [kground-preinit] o.apache.tomcat.util.IntrospectionUtils  : IntrospectionUtils: callMethod1 org.apache.tomcat.util.modeler.ManagedBean org.apache.tomcat.util.modeler.AttributeInfo org.apache.tomcat.util.modeler.AttributeInfo
2019-05-11 11:06:11.917 DEBUG 8956 --- [kground-preinit] o.apache.tomcat.util.digester.Digester   :   Fire end() for SetPropertiesRule[]
2019-05-11 11:06:11.918 DEBUG 8956 --- [kground-preinit] o.apache.tomcat.util.digester.Digester   :   Fire end() for ObjectCreateRule[className=org.apache.tomcat.util.modeler.AttributeInfo, attributeName=null]
2019-05-11 11:06:11.934 DEBUG 8956 --- [           main] o.s.b.f.s.DefaultListableBeanFactory     : Returning cached instance of singleton bean 'autoConfigurationReport'
2019-05-11 11:06:11.938 DEBUG 8956 --- [           main] o.s.b.f.s.DefaultListableBeanFactory     : Returning cached instance of singleton bean 'autoConfigurationReport'
2019-05-11 11:06:11.939 DEBUG 8956 --- [kground-preinit] o.apache.tomcat.util.digester.Digester   : [ObjectCreateRule]{mbeans-descriptors/mbean/attribute} Pop org.apache.tomcat.util.modeler.AttributeInfo
2019-05-11 11:06:11.939 DEBUG 8956 --- [kground-preinit] o.a.tomcat.util.digester.Digester.sax    : characters(

    )
2019-05-11 11:06:11.939 DEBUG 8956 --- [           main] o.s.b.f.s.DefaultListableBeanFactory     : Returning cached instance of singleton bean 'autoConfigurationReport'
2019-05-11 11:06:11.940 DEBUG 8956 --- [kground-preinit] o.a.tomcat.util.digester.Digester.sax    : startElement(,,attribute)
2019-05-11 11:06:11.940 DEBUG 8956 --- [kground-preinit] o.apache.tomcat.util.digester.Digester   :   New match='mbeans-descriptors/mbean/attribute'
2019-05-11 11:06:11.940 DEBUG 8956 --- [           main] o.s.b.f.s.DefaultListableBeanFactory     : Returning cached instance of singleton bean 'autoConfigurationReport'
2019-05-11 11:06:11.941 DEBUG 8956 --- [           main] o.s.b.f.s.DefaultListableBeanFactory     : Returning cached instance of singleton bean 'autoConfigurationReport'
2019-05-11 11:06:11.947 DEBUG 8956 --- [           main] o.s.b.f.s.DefaultListableBeanFactory     : Returning cached instance of singleton bean 'autoConfigurationReport'
2019-05-11 11:06:11.971 DEBUG 8956 --- [           main] o.s.b.f.s.DefaultListableBeanFactory     : Returning cached instance of singleton bean 'autoConfigurationReport'
2019-05-11 11:06:11.971 DEBUG 8956 --- [           main] o.s.b.f.s.DefaultListableBeanFactory     : Returning cached instance of singleton bean 'autoConfigurationReport'
2019-05-11 11:06:11.982 DEBUG 8956 --- [           main] o.s.b.f.s.DefaultListableBeanFactory     : Returning cached instance of singleton bean 'autoConfigurationReport'
2019-05-11 11:06:11.985 DEBUG 8956 --- [kground-preinit] o.apache.tomcat.util.digester.Digester   :   Fire begin() for ObjectCreateRule[className=org.apache.tomcat.util.modeler.AttributeInfo, attributeName=null]
2019-05-11 11:06:11.992 DEBUG 8956 --- [kground-preinit] o.apache.tomcat.util.digester.Digester   : [ObjectCreateRule]{mbeans-descriptors/mbean/attribute}New org.apache.tomcat.util.modeler.AttributeInfo
2019-05-11 11:06:11.992 DEBUG 8956 --- [kground-preinit] o.apache.tomcat.util.digester.Digester   :   Fire begin() for SetPropertiesRule[]
2019-05-11 11:06:11.992 DEBUG 8956 --- [kground-preinit] o.apache.tomcat.util.digester.Digester   : [SetPropertiesRule]{mbeans-descriptors/mbean/attribute} Set org.apache.tomcat.util.modeler.AttributeInfo properties
2019-05-11 11:06:11.992 DEBUG 8956 --- [kground-preinit] o.apache.tomcat.util.digester.Digester   : [SetPropertiesRule]{mbeans-descriptors/mbean/attribute} Setting property 'name' to 'secureRandomProvider'
2019-05-11 11:06:11.992 DEBUG 8956 --- [kground-preinit] o.apache.tomcat.util.IntrospectionUtils  : IntrospectionUtils: setProperty(class org.apache.tomcat.util.modeler.AttributeInfo name=secureRandomProvider)
2019-05-11 11:06:11.992 DEBUG 8956 --- [kground-preinit] o.apache.tomcat.util.digester.Digester   : [SetPropertiesRule]{mbeans-descriptors/mbean/attribute} Setting property 'description' to 'The name of the provider to use for SSO session ID generation'
2019-05-11 11:06:11.992 DEBUG 8956 --- [kground-preinit] o.apache.tomcat.util.IntrospectionUtils  : IntrospectionUtils: setProperty(class org.apache.tomcat.util.modeler.AttributeInfo description=The name of the provider to use for SSO session ID generation)
2019-05-11 11:06:11.993 DEBUG 8956 --- [kground-preinit] o.apache.tomcat.util.digester.Digester   : [SetPropertiesRule]{mbeans-descriptors/mbean/attribute} Setting property 'type' to 'java.lang.String'
2019-05-11 11:06:11.993 DEBUG 8956 --- [kground-preinit] o.apache.tomcat.util.IntrospectionUtils  : IntrospectionUtils: setProperty(class org.apache.tomcat.util.modeler.AttributeInfo type=java.lang.String)
2019-05-11 11:06:11.993 DEBUG 8956 --- [kground-preinit] o.apache.tomcat.util.digester.Digester   :   Fire begin() for SetNextRule[methodName=addAttribute, paramType=org.apache.tomcat.util.modeler.AttributeInfo]
2019-05-11 11:06:11.993 DEBUG 8956 --- [kground-preinit] o.a.tomcat.util.digester.Digester.sax    : endElement(,,attribute)
2019-05-11 11:06:11.993 DEBUG 8956 --- [kground-preinit] o.apache.tomcat.util.digester.Digester   :   match='mbeans-descriptors/mbean/attribute'
2019-05-11 11:06:11.993 DEBUG 8956 --- [kground-preinit] o.apache.tomcat.util.digester.Digester   :   bodyText=''
2019-05-11 11:06:11.993 DEBUG 8956 --- [kground-preinit] o.apache.tomcat.util.digester.Digester   :   Fire body() for ObjectCreateRule[className=org.apache.tomcat.util.modeler.AttributeInfo, attributeName=null]
2019-05-11 11:06:11.993 DEBUG 8956 --- [kground-preinit] o.apache.tomcat.util.digester.Digester   :   Fire body() for SetPropertiesRule[]
2019-05-11 11:06:11.993 DEBUG 8956 --- [kground-preinit] o.apache.tomcat.util.digester.Digester   :   Fire body() for SetNextRule[methodName=addAttribute, paramType=org.apache.tomcat.util.modeler.AttributeInfo]
2019-05-11 11:06:11.993 DEBUG 8956 --- [kground-preinit] o.apache.tomcat.util.digester.Digester   :   Fire end() for SetNextRule[methodName=addAttribute, paramType=org.apache.tomcat.util.modeler.AttributeInfo]
2019-05-11 11:06:11.993 DEBUG 8956 --- [kground-preinit] o.apache.tomcat.util.digester.Digester   : [SetNextRule]{mbeans-descriptors/mbean/attribute} Call org.apache.tomcat.util.modeler.ManagedBean.addAttribute(org.apache.tomcat.util.modeler.AttributeInfo@6fb5df14)
2019-05-11 11:06:11.993 DEBUG 8956 --- [kground-preinit] o.apache.tomcat.util.IntrospectionUtils  : IntrospectionUtils: callMethod1 org.apache.tomcat.util.modeler.ManagedBean org.apache.tomcat.util.modeler.AttributeInfo org.apache.tomcat.util.modeler.AttributeInfo
2019-05-11 11:06:11.993 DEBUG 8956 --- [kground-preinit] o.apache.tomcat.util.digester.Digester   :   Fire end() for SetPropertiesRule[]
2019-05-11 11:06:11.994 DEBUG 8956 --- [kground-preinit] o.apache.tomcat.util.digester.Digester   :   Fire end() for ObjectCreateRule[className=org.apache.tomcat.util.modeler.AttributeInfo, attributeName=null]
2019-05-11 11:06:11.994 DEBUG 8956 --- [kground-preinit] o.apache.tomcat.util.digester.Digester   : [ObjectCreateRule]{mbeans-descriptors/mbean/attribute} Pop org.apache.tomcat.util.modeler.AttributeInfo
2019-05-11 11:06:11.994 DEBUG 8956 --- [kground-preinit] o.a.tomcat.util.digester.Digester.sax    : characters(

    )
2019-05-11 11:06:11.994 DEBUG 8956 --- [kground-preinit] o.a.tomcat.util.digester.Digester.sax    : startElement(,,attribute)
2019-05-11 11:06:11.994 DEBUG 8956 --- [kground-preinit] o.apache.tomcat.util.digester.Digester   :   New match='mbeans-descriptors/mbean/attribute'
2019-05-11 11:06:11.994 DEBUG 8956 --- [kground-preinit] o.apache.tomcat.util.digester.Digester   :   Fire begin() for ObjectCreateRule[className=org.apache.tomcat.util.modeler.AttributeInfo, attributeName=null]
2019-05-11 11:06:11.994 DEBUG 8956 --- [kground-preinit] o.apache.tomcat.util.digester.Digester   : [ObjectCreateRule]{mbeans-descriptors/mbean/attribute}New org.apache.tomcat.util.modeler.AttributeInfo
2019-05-11 11:06:11.994 DEBUG 8956 --- [kground-preinit] o.apache.tomcat.util.digester.Digester   :   Fire begin() for SetPropertiesRule[]
2019-05-11 11:06:11.995 DEBUG 8956 --- [kground-preinit] o.apache.tomcat.util.digester.Digester   : [SetPropertiesRule]{mbeans-descriptors/mbean/attribute} Set org.apache.tomcat.util.modeler.AttributeInfo properties
2019-05-11 11:06:11.995 DEBUG 8956 --- [kground-preinit] o.apache.tomcat.util.digester.Digester   : [SetPropertiesRule]{mbeans-descriptors/mbean/attribute} Setting property 'name' to 'stateName'
2019-05-11 11:06:11.995 DEBUG 8956 --- [kground-preinit] o.apache.tomcat.util.IntrospectionUtils  : IntrospectionUtils: setProperty(class org.apache.tomcat.util.modeler.AttributeInfo name=stateName)
2019-05-11 11:06:11.995 DEBUG 8956 --- [kground-preinit] o.apache.tomcat.util.digester.Digester   : [SetPropertiesRule]{mbeans-descriptors/mbean/attribute} Setting property 'description' to 'The name of the LifecycleState that this component is currently in'
2019-05-11 11:06:11.995 DEBUG 8956 --- [kground-preinit] o.apache.tomcat.util.IntrospectionUtils  : IntrospectionUtils: setProperty(class org.apache.tomcat.util.modeler.AttributeInfo description=The name of the LifecycleState that this component is currently in)
2019-05-11 11:06:11.995 DEBUG 8956 --- [kground-preinit] o.apache.tomcat.util.digester.Digester   : [SetPropertiesRule]{mbeans-descriptors/mbean/attribute} Setting property 'type' to 'java.lang.String'
2019-05-11 11:06:11.995 DEBUG 8956 --- [kground-preinit] o.apache.tomcat.util.IntrospectionUtils  : IntrospectionUtils: setProperty(class org.apache.tomcat.util.modeler.AttributeInfo type=java.lang.String)
2019-05-11 11:06:11.995 DEBUG 8956 --- [kground-preinit] o.apache.tomcat.util.digester.Digester   : [SetPropertiesRule]{mbeans-descriptors/mbean/attribute} Setting property 'writeable' to 'false'
2019-05-11 11:06:11.996 DEBUG 8956 --- [kground-preinit] o.apache.tomcat.util.IntrospectionUtils  : IntrospectionUtils: setProperty(class org.apache.tomcat.util.modeler.AttributeInfo writeable=false)
2019-05-11 11:06:11.996 DEBUG 8956 --- [kground-preinit] o.apache.tomcat.util.digester.Digester   :   Fire begin() for SetNextRule[methodName=addAttribute, paramType=org.apache.tomcat.util.modeler.AttributeInfo]
2019-05-11 11:06:11.996 DEBUG 8956 --- [kground-preinit] o.a.tomcat.util.digester.Digester.sax    : endElement(,,attribute)
2019-05-11 11:06:11.996 DEBUG 8956 --- [kground-preinit] o.apache.tomcat.util.digester.Digester   :   match='mbeans-descriptors/mbean/attribute'
2019-05-11 11:06:11.996 DEBUG 8956 --- [kground-preinit] o.apache.tomcat.util.digester.Digester   :   bodyText=''
2019-05-11 11:06:11.996 DEBUG 8956 --- [kground-preinit] o.apache.tomcat.util.digester.Digester   :   Fire body() for ObjectCreateRule[className=org.apache.tomcat.util.modeler.AttributeInfo, attributeName=null]
2019-05-11 11:06:11.996 DEBUG 8956 --- [kground-preinit] o.apache.tomcat.util.digester.Digester   :   Fire body() for SetPropertiesRule[]
2019-05-11 11:06:11.996 DEBUG 8956 --- [kground-preinit] o.apache.tomcat.util.digester.Digester   :   Fire body() for SetNextRule[methodName=addAttribute, paramType=org.apache.tomcat.util.modeler.AttributeInfo]
2019-05-11 11:06:11.997 DEBUG 8956 --- [kground-preinit] o.apache.tomcat.util.digester.Digester   :   Fire end() for SetNextRule[methodName=addAttribute, paramType=org.apache.tomcat.util.modeler.AttributeInfo]
2019-05-11 11:06:11.997 DEBUG 8956 --- [kground-preinit] o.apache.tomcat.util.digester.Digester   : [SetNextRule]{mbeans-descriptors/mbean/attribute} Call org.apache.tomcat.util.modeler.ManagedBean.addAttribute(org.apache.tomcat.util.modeler.AttributeInfo@786d5cf6)
2019-05-11 11:06:11.997 DEBUG 8956 --- [kground-preinit] o.apache.tomcat.util.IntrospectionUtils  : IntrospectionUtils: callMethod1 org.apache.tomcat.util.modeler.ManagedBean org.apache.tomcat.util.modeler.AttributeInfo org.apache.tomcat.util.modeler.AttributeInfo
2019-05-11 11:06:11.997 DEBUG 8956 --- [kground-preinit] o.apache.tomcat.util.digester.Digester   :   Fire end() for SetPropertiesRule[]
2019-05-11 11:06:11.997 DEBUG 8956 --- [kground-preinit] o.apache.tomcat.util.digester.Digester   :   Fire end() for ObjectCreateRule[className=org.apache.tomcat.util.modeler.AttributeInfo, attributeName=null]
2019-05-11 11:06:11.998 DEBUG 8956 --- [kground-preinit] o.apache.tomcat.util.digester.Digester   : [ObjectCreateRule]{mbeans-descriptors/mbean/attribute} Pop org.apache.tomcat.util.modeler.AttributeInfo
2019-05-11 11:06:11.998 DEBUG 8956 --- [kground-preinit] o.a.tomcat.util.digester.Digester.sax    : characters(

    )
2019-05-11 11:06:11.998 DEBUG 8956 --- [kground-preinit] o.a.tomcat.util.digester.Digester.sax    : startElement(,,attribute)
2019-05-11 11:06:11.998 DEBUG 8956 --- [kground-preinit] o.apache.tomcat.util.digester.Digester   :   New match='mbeans-descriptors/mbean/attribute'
2019-05-11 11:06:11.998 DEBUG 8956 --- [kground-preinit] o.apache.tomcat.util.digester.Digester   :   Fire begin() for ObjectCreateRule[className=org.apache.tomcat.util.modeler.AttributeInfo, attributeName=null]
2019-05-11 11:06:11.999 DEBUG 8956 --- [kground-preinit] o.apache.tomcat.util.digester.Digester   : [ObjectCreateRule]{mbeans-descriptors/mbean/attribute}New org.apache.tomcat.util.modeler.AttributeInfo
2019-05-11 11:06:11.999 DEBUG 8956 --- [kground-preinit] o.apache.tomcat.util.digester.Digester   :   Fire begin() for SetPropertiesRule[]
2019-05-11 11:06:12.000 DEBUG 8956 --- [kground-preinit] o.apache.tomcat.util.digester.Digester   : [SetPropertiesRule]{mbeans-descriptors/mbean/attribute} Set org.apache.tomcat.util.modeler.AttributeInfo properties
2019-05-11 11:06:12.000 DEBUG 8956 --- [kground-preinit] o.apache.tomcat.util.digester.Digester   : [SetPropertiesRule]{mbeans-descriptors/mbean/attribute} Setting property 'name' to 'validateUri'
2019-05-11 11:06:12.000 DEBUG 8956 --- [kground-preinit] o.apache.tomcat.util.IntrospectionUtils  : IntrospectionUtils: setProperty(class org.apache.tomcat.util.modeler.AttributeInfo name=validateUri)
2019-05-11 11:06:12.000 DEBUG 8956 --- [kground-preinit] o.apache.tomcat.util.digester.Digester   : [SetPropertiesRule]{mbeans-descriptors/mbean/attribute} Setting property 'description' to 'Should the uri be validated as required by RFC2617?'
2019-05-11 11:06:12.000 DEBUG 8956 --- [kground-preinit] o.apache.tomcat.util.IntrospectionUtils  : IntrospectionUtils: setProperty(class org.apache.tomcat.util.modeler.AttributeInfo description=Should the uri be validated as required by RFC2617?)
2019-05-11 11:06:12.001 DEBUG 8956 --- [kground-preinit] o.apache.tomcat.util.digester.Digester   : [SetPropertiesRule]{mbeans-descriptors/mbean/attribute} Setting property 'type' to 'boolean'
2019-05-11 11:06:12.001 DEBUG 8956 --- [kground-preinit] o.apache.tomcat.util.IntrospectionUtils  : IntrospectionUtils: setProperty(class org.apache.tomcat.util.modeler.AttributeInfo type=boolean)
2019-05-11 11:06:12.002 DEBUG 8956 --- [kground-preinit] o.apache.tomcat.util.digester.Digester   :   Fire begin() for SetNextRule[methodName=addAttribute, paramType=org.apache.tomcat.util.modeler.AttributeInfo]
2019-05-11 11:06:12.002 DEBUG 8956 --- [kground-preinit] o.a.tomcat.util.digester.Digester.sax    : endElement(,,attribute)
2019-05-11 11:06:12.002 DEBUG 8956 --- [kground-preinit] o.apache.tomcat.util.digester.Digester   :   match='mbeans-descriptors/mbean/attribute'
2019-05-11 11:06:12.002 DEBUG 8956 --- [kground-preinit] o.apache.tomcat.util.digester.Digester   :   bodyText=''
2019-05-11 11:06:12.002 DEBUG 8956 --- [kground-preinit] o.apache.tomcat.util.digester.Digester   :   Fire body() for ObjectCreateRule[className=org.apache.tomcat.util.modeler.AttributeInfo, attributeName=null]
2019-05-11 11:06:12.002 DEBUG 8956 --- [kground-preinit] o.apache.tomcat.util.digester.Digester   :   Fire body() for SetPropertiesRule[]
2019-05-11 11:06:12.003 DEBUG 8956 --- [kground-preinit] o.apache.tomcat.util.digester.Digester   :   Fire body() for SetNextRule[methodName=addAttribute, paramType=org.apache.tomcat.util.modeler.AttributeInfo]
2019-05-11 11:06:12.003 DEBUG 8956 --- [kground-preinit] o.apache.tomcat.util.digester.Digester   :   Fire end() for SetNextRule[methodName=addAttribute, paramType=org.apache.tomcat.util.modeler.AttributeInfo]
2019-05-11 11:06:12.003 DEBUG 8956 --- [kground-preinit] o.apache.tomcat.util.digester.Digester   : [SetNextRule]{mbeans-descriptors/mbean/attribute} Call org.apache.tomcat.util.modeler.ManagedBean.addAttribute(org.apache.tomcat.util.modeler.AttributeInfo@6a94c0cf)
2019-05-11 11:06:12.004 DEBUG 8956 --- [kground-preinit] o.apache.tomcat.util.IntrospectionUtils  : IntrospectionUtils: callMethod1 org.apache.tomcat.util.modeler.ManagedBean org.apache.tomcat.util.modeler.AttributeInfo org.apache.tomcat.util.modeler.AttributeInfo
2019-05-11 11:06:12.004 DEBUG 8956 --- [kground-preinit] o.apache.tomcat.util.digester.Digester   :   Fire end() for SetPropertiesRule[]
2019-05-11 11:06:12.004 DEBUG 8956 --- [kground-preinit] o.apache.tomcat.util.digester.Digester   :   Fire end() for ObjectCreateRule[className=org.apache.tomcat.util.modeler.AttributeInfo, attributeName=null]
2019-05-11 11:06:12.004 DEBUG 8956 --- [kground-preinit] o.apache.tomcat.util.digester.Digester   : [ObjectCreateRule]{mbeans-descriptors/mbean/attribute} Pop org.apache.tomcat.util.modeler.AttributeInfo
2019-05-11 11:06:12.004 DEBUG 8956 --- [kground-preinit] o.a.tomcat.util.digester.Digester.sax    : characters(
  )
2019-05-11 11:06:12.005 DEBUG 8956 --- [kground-preinit] o.a.tomcat.util.digester.Digester.sax    : endElement(,,mbean)
2019-05-11 11:06:12.005 DEBUG 8956 --- [kground-preinit] o.apache.tomcat.util.digester.Digester   :   match='mbeans-descriptors/mbean'
2019-05-11 11:06:12.005 DEBUG 8956 --- [kground-preinit] o.apache.tomcat.util.digester.Digester   :   bodyText='

    

    

    

    

    

    

    

    

    

    

    

    

    

    

    
  '
2019-05-11 11:06:12.005 DEBUG 8956 --- [kground-preinit] o.apache.tomcat.util.digester.Digester   :   Fire body() for ObjectCreateRule[className=org.apache.tomcat.util.modeler.ManagedBean, attributeName=null]
2019-05-11 11:06:12.005 DEBUG 8956 --- [kground-preinit] o.apache.tomcat.util.digester.Digester   :   Fire body() for SetPropertiesRule[]
2019-05-11 11:06:12.005 DEBUG 8956 --- [kground-preinit] o.apache.tomcat.util.digester.Digester   :   Fire body() for SetNextRule[methodName=add, paramType=java.lang.Object]
2019-05-11 11:06:12.005 DEBUG 8956 --- [kground-preinit] o.apache.tomcat.util.digester.Digester   :   Fire end() for SetNextRule[methodName=add, paramType=java.lang.Object]
2019-05-11 11:06:12.005 DEBUG 8956 --- [kground-preinit] o.apache.tomcat.util.digester.Digester   : [SetNextRule]{mbeans-descriptors/mbean} Call java.util.ArrayList.add(ManagedBean[name=DigestAuthenticator, className=org.apache.tomcat.util.modeler.BaseModelMBean, description=An Authenticator and Valve implementation of HTTP DIGEST Authentication, group=Valve, type=org.apache.catalina.authenticator.DigestAuthenticator])
2019-05-11 11:06:12.005 DEBUG 8956 --- [kground-preinit] o.apache.tomcat.util.IntrospectionUtils  : IntrospectionUtils: callMethod1 java.util.ArrayList org.apache.tomcat.util.modeler.ManagedBean java.lang.Object
2019-05-11 11:06:12.006 DEBUG 8956 --- [kground-preinit] o.apache.tomcat.util.digester.Digester   :   Fire end() for SetPropertiesRule[]
2019-05-11 11:06:12.006 DEBUG 8956 --- [kground-preinit] o.apache.tomcat.util.digester.Digester   :   Fire end() for ObjectCreateRule[className=org.apache.tomcat.util.modeler.ManagedBean, attributeName=null]
2019-05-11 11:06:12.006 DEBUG 8956 --- [kground-preinit] o.apache.tomcat.util.digester.Digester   : [ObjectCreateRule]{mbeans-descriptors/mbean} Pop org.apache.tomcat.util.modeler.ManagedBean
2019-05-11 11:06:12.006 DEBUG 8956 --- [kground-preinit] o.a.tomcat.util.digester.Digester.sax    : characters(

  )
2019-05-11 11:06:12.006 DEBUG 8956 --- [kground-preinit] o.a.tomcat.util.digester.Digester.sax    : startElement(,,mbean)
2019-05-11 11:06:12.006 DEBUG 8956 --- [kground-preinit] o.apache.tomcat.util.digester.Digester   :   New match='mbeans-descriptors/mbean'
2019-05-11 11:06:12.006 DEBUG 8956 --- [kground-preinit] o.apache.tomcat.util.digester.Digester   :   Fire begin() for ObjectCreateRule[className=org.apache.tomcat.util.modeler.ManagedBean, attributeName=null]
2019-05-11 11:06:12.006 DEBUG 8956 --- [kground-preinit] o.apache.tomcat.util.digester.Digester   : [ObjectCreateRule]{mbeans-descriptors/mbean}New org.apache.tomcat.util.modeler.ManagedBean
2019-05-11 11:06:12.007 DEBUG 8956 --- [kground-preinit] o.apache.tomcat.util.digester.Digester   :   Fire begin() for SetPropertiesRule[]
2019-05-11 11:06:12.007 DEBUG 8956 --- [kground-preinit] o.apache.tomcat.util.digester.Digester   : [SetPropertiesRule]{mbeans-descriptors/mbean} Set org.apache.tomcat.util.modeler.ManagedBean properties
2019-05-11 11:06:12.007 DEBUG 8956 --- [kground-preinit] o.apache.tomcat.util.digester.Digester   : [SetPropertiesRule]{mbeans-descriptors/mbean} Setting property 'name' to 'FormAuthenticator'
2019-05-11 11:06:12.007 DEBUG 8956 --- [kground-preinit] o.apache.tomcat.util.IntrospectionUtils  : IntrospectionUtils: setProperty(class org.apache.tomcat.util.modeler.ManagedBean name=FormAuthenticator)
2019-05-11 11:06:12.007 DEBUG 8956 --- [kground-preinit] o.apache.tomcat.util.digester.Digester   : [SetPropertiesRule]{mbeans-descriptors/mbean} Setting property 'description' to 'An Authenticator and Valve implementation of FORM BASED Authentication'
2019-05-11 11:06:12.008 DEBUG 8956 --- [kground-preinit] o.apache.tomcat.util.IntrospectionUtils  : IntrospectionUtils: setProperty(class org.apache.tomcat.util.modeler.ManagedBean description=An Authenticator and Valve implementation of FORM BASED Authentication)
2019-05-11 11:06:12.009 DEBUG 8956 --- [kground-preinit] o.apache.tomcat.util.digester.Digester   : [SetPropertiesRule]{mbeans-descriptors/mbean} Setting property 'domain' to 'Catalina'
2019-05-11 11:06:12.009 DEBUG 8956 --- [kground-preinit] o.apache.tomcat.util.IntrospectionUtils  : IntrospectionUtils: setProperty(class org.apache.tomcat.util.modeler.ManagedBean domain=Catalina)
2019-05-11 11:06:12.009 DEBUG 8956 --- [kground-preinit] o.apache.tomcat.util.digester.Digester   : [SetPropertiesRule]{mbeans-descriptors/mbean} Setting property 'group' to 'Valve'
2019-05-11 11:06:12.009 DEBUG 8956 --- [kground-preinit] o.apache.tomcat.util.IntrospectionUtils  : IntrospectionUtils: setProperty(class org.apache.tomcat.util.modeler.ManagedBean group=Valve)
2019-05-11 11:06:12.009 DEBUG 8956 --- [kground-preinit] o.apache.tomcat.util.digester.Digester   : [SetPropertiesRule]{mbeans-descriptors/mbean} Setting property 'type' to 'org.apache.catalina.authenticator.FormAuthenticator'
2019-05-11 11:06:12.010 DEBUG 8956 --- [kground-preinit] o.apache.tomcat.util.IntrospectionUtils  : IntrospectionUtils: setProperty(class org.apache.tomcat.util.modeler.ManagedBean type=org.apache.catalina.authenticator.FormAuthenticator)
2019-05-11 11:06:12.010 DEBUG 8956 --- [kground-preinit] o.apache.tomcat.util.digester.Digester   :   Fire begin() for SetNextRule[methodName=add, paramType=java.lang.Object]
2019-05-11 11:06:12.010 DEBUG 8956 --- [kground-preinit] o.a.tomcat.util.digester.Digester.sax    : characters(

  )
2019-05-11 11:06:12.010 DEBUG 8956 --- [kground-preinit] o.a.tomcat.util.digester.Digester.sax    : characters(  )
2019-05-11 11:06:12.010 DEBUG 8956 --- [kground-preinit] o.a.tomcat.util.digester.Digester.sax    : startElement(,,attribute)
2019-05-11 11:06:12.010 DEBUG 8956 --- [kground-preinit] o.apache.tomcat.util.digester.Digester   :   New match='mbeans-descriptors/mbean/attribute'
2019-05-11 11:06:12.010 DEBUG 8956 --- [kground-preinit] o.apache.tomcat.util.digester.Digester   :   Fire begin() for ObjectCreateRule[className=org.apache.tomcat.util.modeler.AttributeInfo, attributeName=null]
2019-05-11 11:06:12.011 DEBUG 8956 --- [kground-preinit] o.apache.tomcat.util.digester.Digester   : [ObjectCreateRule]{mbeans-descriptors/mbean/attribute}New org.apache.tomcat.util.modeler.AttributeInfo
2019-05-11 11:06:12.011 DEBUG 8956 --- [kground-preinit] o.apache.tomcat.util.digester.Digester   :   Fire begin() for SetPropertiesRule[]
2019-05-11 11:06:12.011 DEBUG 8956 --- [kground-preinit] o.apache.tomcat.util.digester.Digester   : [SetPropertiesRule]{mbeans-descriptors/mbean/attribute} Set org.apache.tomcat.util.modeler.AttributeInfo properties
2019-05-11 11:06:12.011 DEBUG 8956 --- [kground-preinit] o.apache.tomcat.util.digester.Digester   : [SetPropertiesRule]{mbeans-descriptors/mbean/attribute} Setting property 'name' to 'changeSessionIdOnAuthentication'
2019-05-11 11:06:12.011 DEBUG 8956 --- [kground-preinit] o.apache.tomcat.util.IntrospectionUtils  : IntrospectionUtils: setProperty(class org.apache.tomcat.util.modeler.AttributeInfo name=changeSessionIdOnAuthentication)
2019-05-11 11:06:12.011 DEBUG 8956 --- [kground-preinit] o.apache.tomcat.util.digester.Digester   : [SetPropertiesRule]{mbeans-descriptors/mbean/attribute} Setting property 'description' to 'Controls if the session ID is changed if a session exists at the point where users are authenticated'
2019-05-11 11:06:12.011 DEBUG 8956 --- [kground-preinit] o.apache.tomcat.util.IntrospectionUtils  : IntrospectionUtils: setProperty(class org.apache.tomcat.util.modeler.AttributeInfo description=Controls if the session ID is changed if a session exists at the point where users are authenticated)
2019-05-11 11:06:12.011 DEBUG 8956 --- [kground-preinit] o.apache.tomcat.util.digester.Digester   : [SetPropertiesRule]{mbeans-descriptors/mbean/attribute} Setting property 'type' to 'boolean'
2019-05-11 11:06:12.011 DEBUG 8956 --- [kground-preinit] o.apache.tomcat.util.IntrospectionUtils  : IntrospectionUtils: setProperty(class org.apache.tomcat.util.modeler.AttributeInfo type=boolean)
2019-05-11 11:06:12.011 DEBUG 8956 --- [kground-preinit] o.apache.tomcat.util.digester.Digester   :   Fire begin() for SetNextRule[methodName=addAttribute, paramType=org.apache.tomcat.util.modeler.AttributeInfo]
2019-05-11 11:06:12.012 DEBUG 8956 --- [kground-preinit] o.a.tomcat.util.digester.Digester.sax    : endElement(,,attribute)
2019-05-11 11:06:12.012 DEBUG 8956 --- [kground-preinit] o.apache.tomcat.util.digester.Digester   :   match='mbeans-descriptors/mbean/attribute'
2019-05-11 11:06:12.012 DEBUG 8956 --- [kground-preinit] o.apache.tomcat.util.digester.Digester   :   bodyText=''
2019-05-11 11:06:12.012 DEBUG 8956 --- [kground-preinit] o.apache.tomcat.util.digester.Digester   :   Fire body() for ObjectCreateRule[className=org.apache.tomcat.util.modeler.AttributeInfo, attributeName=null]
2019-05-11 11:06:12.012 DEBUG 8956 --- [kground-preinit] o.apache.tomcat.util.digester.Digester   :   Fire body() for SetPropertiesRule[]
2019-05-11 11:06:12.012 DEBUG 8956 --- [kground-preinit] o.apache.tomcat.util.digester.Digester   :   Fire body() for SetNextRule[methodName=addAttribute, paramType=org.apache.tomcat.util.modeler.AttributeInfo]
2019-05-11 11:06:12.012 DEBUG 8956 --- [kground-preinit] o.apache.tomcat.util.digester.Digester   :   Fire end() for SetNextRule[methodName=addAttribute, paramType=org.apache.tomcat.util.modeler.AttributeInfo]
2019-05-11 11:06:12.012 DEBUG 8956 --- [kground-preinit] o.apache.tomcat.util.digester.Digester   : [SetNextRule]{mbeans-descriptors/mbean/attribute} Call org.apache.tomcat.util.modeler.ManagedBean.addAttribute(org.apache.tomcat.util.modeler.AttributeInfo@801d50a)
2019-05-11 11:06:12.012 DEBUG 8956 --- [kground-preinit] o.apache.tomcat.util.IntrospectionUtils  : IntrospectionUtils: callMethod1 org.apache.tomcat.util.modeler.ManagedBean org.apache.tomcat.util.modeler.AttributeInfo org.apache.tomcat.util.modeler.AttributeInfo
2019-05-11 11:06:12.013 DEBUG 8956 --- [kground-preinit] o.apache.tomcat.util.digester.Digester   :   Fire end() for SetPropertiesRule[]
2019-05-11 11:06:12.013 DEBUG 8956 --- [kground-preinit] o.apache.tomcat.util.digester.Digester   :   Fire end() for ObjectCreateRule[className=org.apache.tomcat.util.modeler.AttributeInfo, attributeName=null]
2019-05-11 11:06:12.013 DEBUG 8956 --- [kground-preinit] o.apache.tomcat.util.digester.Digester   : [ObjectCreateRule]{mbeans-descriptors/mbean/attribute} Pop org.apache.tomcat.util.modeler.AttributeInfo
2019-05-11 11:06:12.013 DEBUG 8956 --- [kground-preinit] o.a.tomcat.util.digester.Digester.sax    : characters(

    )
2019-05-11 11:06:12.013 DEBUG 8956 --- [kground-preinit] o.a.tomcat.util.digester.Digester.sax    : startElement(,,attribute)
2019-05-11 11:06:12.013 DEBUG 8956 --- [kground-preinit] o.apache.tomcat.util.digester.Digester   :   New match='mbeans-descriptors/mbean/attribute'
2019-05-11 11:06:12.013 DEBUG 8956 --- [kground-preinit] o.apache.tomcat.util.digester.Digester   :   Fire begin() for ObjectCreateRule[className=org.apache.tomcat.util.modeler.AttributeInfo, attributeName=null]
2019-05-11 11:06:12.013 DEBUG 8956 --- [kground-preinit] o.apache.tomcat.util.digester.Digester   : [ObjectCreateRule]{mbeans-descriptors/mbean/attribute}New org.apache.tomcat.util.modeler.AttributeInfo
2019-05-11 11:06:12.013 DEBUG 8956 --- [kground-preinit] o.apache.tomcat.util.digester.Digester   :   Fire begin() for SetPropertiesRule[]
2019-05-11 11:06:12.013 DEBUG 8956 --- [kground-preinit] o.apache.tomcat.util.digester.Digester   : [SetPropertiesRule]{mbeans-descriptors/mbean/attribute} Set org.apache.tomcat.util.modeler.AttributeInfo properties
2019-05-11 11:06:12.014 DEBUG 8956 --- [kground-preinit] o.apache.tomcat.util.digester.Digester   : [SetPropertiesRule]{mbeans-descriptors/mbean/attribute} Setting property 'name' to 'characterEncoding'
2019-05-11 11:06:12.014 DEBUG 8956 --- [kground-preinit] o.apache.tomcat.util.IntrospectionUtils  : IntrospectionUtils: setProperty(class org.apache.tomcat.util.modeler.AttributeInfo name=characterEncoding)
2019-05-11 11:06:12.014 DEBUG 8956 --- [kground-preinit] o.apache.tomcat.util.digester.Digester   : [SetPropertiesRule]{mbeans-descriptors/mbean/attribute} Setting property 'description' to 'Character encoding to use to read the username and password parameters from the request'
2019-05-11 11:06:12.014 DEBUG 8956 --- [kground-preinit] o.apache.tomcat.util.IntrospectionUtils  : IntrospectionUtils: setProperty(class org.apache.tomcat.util.modeler.AttributeInfo description=Character encoding to use to read the username and password parameters from the request)
2019-05-11 11:06:12.093 DEBUG 8956 --- [kground-preinit] o.apache.tomcat.util.digester.Digester   : [SetPropertiesRule]{mbeans-descriptors/mbean/attribute} Setting property 'type' to 'java.lang.String'
2019-05-11 11:06:12.093 DEBUG 8956 --- [kground-preinit] o.apache.tomcat.util.IntrospectionUtils  : IntrospectionUtils: setProperty(class org.apache.tomcat.util.modeler.AttributeInfo type=java.lang.String)
2019-05-11 11:06:12.093 DEBUG 8956 --- [kground-preinit] o.apache.tomcat.util.digester.Digester   :   Fire begin() for SetNextRule[methodName=addAttribute, paramType=org.apache.tomcat.util.modeler.AttributeInfo]
2019-05-11 11:06:12.093 DEBUG 8956 --- [kground-preinit] o.a.tomcat.util.digester.Digester.sax    : endElement(,,attribute)
2019-05-11 11:06:12.093 DEBUG 8956 --- [kground-preinit] o.apache.tomcat.util.digester.Digester   :   match='mbeans-descriptors/mbean/attribute'
2019-05-11 11:06:12.094 DEBUG 8956 --- [kground-preinit] o.apache.tomcat.util.digester.Digester   :   bodyText=''
2019-05-11 11:06:12.094 DEBUG 8956 --- [kground-preinit] o.apache.tomcat.util.digester.Digester   :   Fire body() for ObjectCreateRule[className=org.apache.tomcat.util.modeler.AttributeInfo, attributeName=null]
2019-05-11 11:06:12.094 DEBUG 8956 --- [kground-preinit] o.apache.tomcat.util.digester.Digester   :   Fire body() for SetPropertiesRule[]
2019-05-11 11:06:12.094 DEBUG 8956 --- [kground-preinit] o.apache.tomcat.util.digester.Digester   :   Fire body() for SetNextRule[methodName=addAttribute, paramType=org.apache.tomcat.util.modeler.AttributeInfo]
2019-05-11 11:06:12.094 DEBUG 8956 --- [kground-preinit] o.apache.tomcat.util.digester.Digester   :   Fire end() for SetNextRule[methodName=addAttribute, paramType=org.apache.tomcat.util.modeler.AttributeInfo]
2019-05-11 11:06:12.094 DEBUG 8956 --- [kground-preinit] o.apache.tomcat.util.digester.Digester   : [SetNextRule]{mbeans-descriptors/mbean/attribute} Call org.apache.tomcat.util.modeler.ManagedBean.addAttribute(org.apache.tomcat.util.modeler.AttributeInfo@490df661)
2019-05-11 11:06:12.096 DEBUG 8956 --- [kground-preinit] o.apache.tomcat.util.IntrospectionUtils  : IntrospectionUtils: callMethod1 org.apache.tomcat.util.modeler.ManagedBean org.apache.tomcat.util.modeler.AttributeInfo org.apache.tomcat.util.modeler.AttributeInfo
2019-05-11 11:06:12.097 DEBUG 8956 --- [kground-preinit] o.apache.tomcat.util.digester.Digester   :   Fire end() for SetPropertiesRule[]
2019-05-11 11:06:12.097 DEBUG 8956 --- [kground-preinit] o.apache.tomcat.util.digester.Digester   :   Fire end() for ObjectCreateRule[className=org.apache.tomcat.util.modeler.AttributeInfo, attributeName=null]
2019-05-11 11:06:12.097 DEBUG 8956 --- [kground-preinit] o.apache.tomcat.util.digester.Digester   : [ObjectCreateRule]{mbeans-descriptors/mbean/attribute} Pop org.apache.tomcat.util.modeler.AttributeInfo
2019-05-11 11:06:12.097 DEBUG 8956 --- [kground-preinit] o.a.tomcat.util.digester.Digester.sax    : characters(

    )
2019-05-11 11:06:12.097 DEBUG 8956 --- [kground-preinit] o.a.tomcat.util.digester.Digester.sax    : startElement(,,attribute)
2019-05-11 11:06:12.097 DEBUG 8956 --- [kground-preinit] o.apache.tomcat.util.digester.Digester   :   New match='mbeans-descriptors/mbean/attribute'
2019-05-11 11:06:12.098 DEBUG 8956 --- [kground-preinit] o.apache.tomcat.util.digester.Digester   :   Fire begin() for ObjectCreateRule[className=org.apache.tomcat.util.modeler.AttributeInfo, attributeName=null]
2019-05-11 11:06:12.098 DEBUG 8956 --- [kground-preinit] o.apache.tomcat.util.digester.Digester   : [ObjectCreateRule]{mbeans-descriptors/mbean/attribute}New org.apache.tomcat.util.modeler.AttributeInfo
2019-05-11 11:06:12.098 DEBUG 8956 --- [kground-preinit] o.apache.tomcat.util.digester.Digester   :   Fire begin() for SetPropertiesRule[]
2019-05-11 11:06:12.098 DEBUG 8956 --- [kground-preinit] o.apache.tomcat.util.digester.Digester   : [SetPropertiesRule]{mbeans-descriptors/mbean/attribute} Set org.apache.tomcat.util.modeler.AttributeInfo properties
2019-05-11 11:06:12.098 DEBUG 8956 --- [kground-preinit] o.apache.tomcat.util.digester.Digester   : [SetPropertiesRule]{mbeans-descriptors/mbean/attribute} Setting property 'name' to 'className'
2019-05-11 11:06:12.098 DEBUG 8956 --- [kground-preinit] o.apache.tomcat.util.IntrospectionUtils  : IntrospectionUtils: setProperty(class org.apache.tomcat.util.modeler.AttributeInfo name=className)
2019-05-11 11:06:12.098 DEBUG 8956 --- [kground-preinit] o.apache.tomcat.util.digester.Digester   : [SetPropertiesRule]{mbeans-descriptors/mbean/attribute} Setting property 'description' to 'Fully qualified class name of the managed object'
2019-05-11 11:06:12.098 DEBUG 8956 --- [kground-preinit] o.apache.tomcat.util.IntrospectionUtils  : IntrospectionUtils: setProperty(class org.apache.tomcat.util.modeler.AttributeInfo description=Fully qualified class name of the managed object)
2019-05-11 11:06:12.099 DEBUG 8956 --- [kground-preinit] o.apache.tomcat.util.digester.Digester   : [SetPropertiesRule]{mbeans-descriptors/mbean/attribute} Setting property 'type' to 'java.lang.String'
2019-05-11 11:06:12.099 DEBUG 8956 --- [kground-preinit] o.apache.tomcat.util.IntrospectionUtils  : IntrospectionUtils: setProperty(class org.apache.tomcat.util.modeler.AttributeInfo type=java.lang.String)
2019-05-11 11:06:12.099 DEBUG 8956 --- [kground-preinit] o.apache.tomcat.util.digester.Digester   : [SetPropertiesRule]{mbeans-descriptors/mbean/attribute} Setting property 'writeable' to 'false'
2019-05-11 11:06:12.099 DEBUG 8956 --- [kground-preinit] o.apache.tomcat.util.IntrospectionUtils  : IntrospectionUtils: setProperty(class org.apache.tomcat.util.modeler.AttributeInfo writeable=false)
2019-05-11 11:06:12.099 DEBUG 8956 --- [kground-preinit] o.apache.tomcat.util.digester.Digester   :   Fire begin() for SetNextRule[methodName=addAttribute, paramType=org.apache.tomcat.util.modeler.AttributeInfo]
2019-05-11 11:06:12.099 DEBUG 8956 --- [kground-preinit] o.a.tomcat.util.digester.Digester.sax    : endElement(,,attribute)
2019-05-11 11:06:12.099 DEBUG 8956 --- [kground-preinit] o.apache.tomcat.util.digester.Digester   :   match='mbeans-descriptors/mbean/attribute'
2019-05-11 11:06:12.099 DEBUG 8956 --- [kground-preinit] o.apache.tomcat.util.digester.Digester   :   bodyText=''
2019-05-11 11:06:12.099 DEBUG 8956 --- [kground-preinit] o.apache.tomcat.util.digester.Digester   :   Fire body() for ObjectCreateRule[className=org.apache.tomcat.util.modeler.AttributeInfo, attributeName=null]
2019-05-11 11:06:12.099 DEBUG 8956 --- [kground-preinit] o.apache.tomcat.util.digester.Digester   :   Fire body() for SetPropertiesRule[]
2019-05-11 11:06:12.100 DEBUG 8956 --- [kground-preinit] o.apache.tomcat.util.digester.Digester   :   Fire body() for SetNextRule[methodName=addAttribute, paramType=org.apache.tomcat.util.modeler.AttributeInfo]
2019-05-11 11:06:12.100 DEBUG 8956 --- [kground-preinit] o.apache.tomcat.util.digester.Digester   :   Fire end() for SetNextRule[methodName=addAttribute, paramType=org.apache.tomcat.util.modeler.AttributeInfo]
2019-05-11 11:06:12.100 DEBUG 8956 --- [kground-preinit] o.apache.tomcat.util.digester.Digester   : [SetNextRule]{mbeans-descriptors/mbean/attribute} Call org.apache.tomcat.util.modeler.ManagedBean.addAttribute(org.apache.tomcat.util.modeler.AttributeInfo@5b95895a)
2019-05-11 11:06:12.100 DEBUG 8956 --- [kground-preinit] o.apache.tomcat.util.IntrospectionUtils  : IntrospectionUtils: callMethod1 org.apache.tomcat.util.modeler.ManagedBean org.apache.tomcat.util.modeler.AttributeInfo org.apache.tomcat.util.modeler.AttributeInfo
2019-05-11 11:06:12.100 DEBUG 8956 --- [kground-preinit] o.apache.tomcat.util.digester.Digester   :   Fire end() for SetPropertiesRule[]
2019-05-11 11:06:12.100 DEBUG 8956 --- [kground-preinit] o.apache.tomcat.util.digester.Digester   :   Fire end() for ObjectCreateRule[className=org.apache.tomcat.util.modeler.AttributeInfo, attributeName=null]
2019-05-11 11:06:12.044 DEBUG 8956 --- [           main] o.s.b.f.s.DefaultListableBeanFactory     : Returning cached instance of singleton bean 'autoConfigurationReport'
2019-05-11 11:06:12.100 DEBUG 8956 --- [kground-preinit] o.apache.tomcat.util.digester.Digester   : [ObjectCreateRule]{mbeans-descriptors/mbean/attribute} Pop org.apache.tomcat.util.modeler.AttributeInfo
2019-05-11 11:06:12.100 DEBUG 8956 --- [kground-preinit] o.a.tomcat.util.digester.Digester.sax    : characters(

    )
2019-05-11 11:06:12.101 DEBUG 8956 --- [kground-preinit] o.a.tomcat.util.digester.Digester.sax    : startElement(,,attribute)
2019-05-11 11:06:12.101 DEBUG 8956 --- [           main] o.s.b.f.s.DefaultListableBeanFactory     : Returning cached instance of singleton bean 'autoConfigurationReport'
2019-05-11 11:06:12.101 DEBUG 8956 --- [kground-preinit] o.apache.tomcat.util.digester.Digester   :   New match='mbeans-descriptors/mbean/attribute'
2019-05-11 11:06:12.101 DEBUG 8956 --- [kground-preinit] o.apache.tomcat.util.digester.Digester   :   Fire begin() for ObjectCreateRule[className=org.apache.tomcat.util.modeler.AttributeInfo, attributeName=null]
2019-05-11 11:06:12.101 DEBUG 8956 --- [kground-preinit] o.apache.tomcat.util.digester.Digester   : [ObjectCreateRule]{mbeans-descriptors/mbean/attribute}New org.apache.tomcat.util.modeler.AttributeInfo
2019-05-11 11:06:12.101 DEBUG 8956 --- [kground-preinit] o.apache.tomcat.util.digester.Digester   :   Fire begin() for SetPropertiesRule[]
2019-05-11 11:06:12.101 DEBUG 8956 --- [kground-preinit] o.apache.tomcat.util.digester.Digester   : [SetPropertiesRule]{mbeans-descriptors/mbean/attribute} Set org.apache.tomcat.util.modeler.AttributeInfo properties
2019-05-11 11:06:12.101 DEBUG 8956 --- [kground-preinit] o.apache.tomcat.util.digester.Digester   : [SetPropertiesRule]{mbeans-descriptors/mbean/attribute} Setting property 'name' to 'disableProxyCaching'
2019-05-11 11:06:12.101 DEBUG 8956 --- [kground-preinit] o.apache.tomcat.util.IntrospectionUtils  : IntrospectionUtils: setProperty(class org.apache.tomcat.util.modeler.AttributeInfo name=disableProxyCaching)
2019-05-11 11:06:12.101 DEBUG 8956 --- [kground-preinit] o.apache.tomcat.util.digester.Digester   : [SetPropertiesRule]{mbeans-descriptors/mbean/attribute} Setting property 'description' to 'Controls the caching of pages that are protected by security constraints'
2019-05-11 11:06:12.101 DEBUG 8956 --- [kground-preinit] o.apache.tomcat.util.IntrospectionUtils  : IntrospectionUtils: setProperty(class org.apache.tomcat.util.modeler.AttributeInfo description=Controls the caching of pages that are protected by security constraints)
2019-05-11 11:06:12.102 DEBUG 8956 --- [kground-preinit] o.apache.tomcat.util.digester.Digester   : [SetPropertiesRule]{mbeans-descriptors/mbean/attribute} Setting property 'type' to 'boolean'
2019-05-11 11:06:12.102 DEBUG 8956 --- [kground-preinit] o.apache.tomcat.util.IntrospectionUtils  : IntrospectionUtils: setProperty(class org.apache.tomcat.util.modeler.AttributeInfo type=boolean)
2019-05-11 11:06:12.102 DEBUG 8956 --- [kground-preinit] o.apache.tomcat.util.digester.Digester   :   Fire begin() for SetNextRule[methodName=addAttribute, paramType=org.apache.tomcat.util.modeler.AttributeInfo]
2019-05-11 11:06:12.102 DEBUG 8956 --- [kground-preinit] o.a.tomcat.util.digester.Digester.sax    : endElement(,,attribute)
2019-05-11 11:06:12.102 DEBUG 8956 --- [kground-preinit] o.apache.tomcat.util.digester.Digester   :   match='mbeans-descriptors/mbean/attribute'
2019-05-11 11:06:12.102 DEBUG 8956 --- [kground-preinit] o.apache.tomcat.util.digester.Digester   :   bodyText=''
2019-05-11 11:06:12.102 DEBUG 8956 --- [kground-preinit] o.apache.tomcat.util.digester.Digester   :   Fire body() for ObjectCreateRule[className=org.apache.tomcat.util.modeler.AttributeInfo, attributeName=null]
2019-05-11 11:06:12.102 DEBUG 8956 --- [kground-preinit] o.apache.tomcat.util.digester.Digester   :   Fire body() for SetPropertiesRule[]
2019-05-11 11:06:12.102 DEBUG 8956 --- [kground-preinit] o.apache.tomcat.util.digester.Digester   :   Fire body() for SetNextRule[methodName=addAttribute, paramType=org.apache.tomcat.util.modeler.AttributeInfo]
2019-05-11 11:06:12.102 DEBUG 8956 --- [kground-preinit] o.apache.tomcat.util.digester.Digester   :   Fire end() for SetNextRule[methodName=addAttribute, paramType=org.apache.tomcat.util.modeler.AttributeInfo]
2019-05-11 11:06:12.102 DEBUG 8956 --- [kground-preinit] o.apache.tomcat.util.digester.Digester   : [SetNextRule]{mbeans-descriptors/mbean/attribute} Call org.apache.tomcat.util.modeler.ManagedBean.addAttribute(org.apache.tomcat.util.modeler.AttributeInfo@17cbb85f)
2019-05-11 11:06:12.103 DEBUG 8956 --- [kground-preinit] o.apache.tomcat.util.IntrospectionUtils  : IntrospectionUtils: callMethod1 org.apache.tomcat.util.modeler.ManagedBean org.apache.tomcat.util.modeler.AttributeInfo org.apache.tomcat.util.modeler.AttributeInfo
2019-05-11 11:06:12.103 DEBUG 8956 --- [kground-preinit] o.apache.tomcat.util.digester.Digester   :   Fire end() for SetPropertiesRule[]
2019-05-11 11:06:12.103 DEBUG 8956 --- [kground-preinit] o.apache.tomcat.util.digester.Digester   :   Fire end() for ObjectCreateRule[className=org.apache.tomcat.util.modeler.AttributeInfo, attributeName=null]
2019-05-11 11:06:12.103 DEBUG 8956 --- [kground-preinit] o.apache.tomcat.util.digester.Digester   : [ObjectCreateRule]{mbeans-descriptors/mbean/attribute} Pop org.apache.tomcat.util.modeler.AttributeInfo
2019-05-11 11:06:12.103 DEBUG 8956 --- [kground-preinit] o.a.tomcat.util.digester.Digester.sax    : characters(

    )
2019-05-11 11:06:12.103 DEBUG 8956 --- [kground-preinit] o.a.tomcat.util.digester.Digester.sax    : startElement(,,attribute)
2019-05-11 11:06:12.103 DEBUG 8956 --- [kground-preinit] o.apache.tomcat.util.digester.Digester   :   New match='mbeans-descriptors/mbean/attribute'
2019-05-11 11:06:12.103 DEBUG 8956 --- [kground-preinit] o.apache.tomcat.util.digester.Digester   :   Fire begin() for ObjectCreateRule[className=org.apache.tomcat.util.modeler.AttributeInfo, attributeName=null]
2019-05-11 11:06:12.103 DEBUG 8956 --- [kground-preinit] o.apache.tomcat.util.digester.Digester   : [ObjectCreateRule]{mbeans-descriptors/mbean/attribute}New org.apache.tomcat.util.modeler.AttributeInfo
2019-05-11 11:06:12.103 DEBUG 8956 --- [kground-preinit] o.apache.tomcat.util.digester.Digester   :   Fire begin() for SetPropertiesRule[]
2019-05-11 11:06:12.103 DEBUG 8956 --- [kground-preinit] o.apache.tomcat.util.digester.Digester   : [SetPropertiesRule]{mbeans-descriptors/mbean/attribute} Set org.apache.tomcat.util.modeler.AttributeInfo properties
2019-05-11 11:06:12.104 DEBUG 8956 --- [kground-preinit] o.apache.tomcat.util.digester.Digester   : [SetPropertiesRule]{mbeans-descriptors/mbean/attribute} Setting property 'name' to 'landingPage'
2019-05-11 11:06:12.104 DEBUG 8956 --- [kground-preinit] o.apache.tomcat.util.IntrospectionUtils  : IntrospectionUtils: setProperty(class org.apache.tomcat.util.modeler.AttributeInfo name=landingPage)
2019-05-11 11:06:12.104 DEBUG 8956 --- [kground-preinit] o.apache.tomcat.util.digester.Digester   : [SetPropertiesRule]{mbeans-descriptors/mbean/attribute} Setting property 'description' to 'Controls the behavior of the FORM authentication process if the process is misused, for example by directly requesting the login page or delaying logging in for so long that the session expires'
2019-05-11 11:06:12.104 DEBUG 8956 --- [kground-preinit] o.apache.tomcat.util.IntrospectionUtils  : IntrospectionUtils: setProperty(class org.apache.tomcat.util.modeler.AttributeInfo description=Controls the behavior of the FORM authentication process if the process is misused, for example by directly requesting the login page or delaying logging in for so long that the session expires)
2019-05-11 11:06:12.104 DEBUG 8956 --- [kground-preinit] o.apache.tomcat.util.digester.Digester   : [SetPropertiesRule]{mbeans-descriptors/mbean/attribute} Setting property 'type' to 'java.lang.String'
2019-05-11 11:06:12.104 DEBUG 8956 --- [kground-preinit] o.apache.tomcat.util.IntrospectionUtils  : IntrospectionUtils: setProperty(class org.apache.tomcat.util.modeler.AttributeInfo type=java.lang.String)
2019-05-11 11:06:12.104 DEBUG 8956 --- [kground-preinit] o.apache.tomcat.util.digester.Digester   :   Fire begin() for SetNextRule[methodName=addAttribute, paramType=org.apache.tomcat.util.modeler.AttributeInfo]
2019-05-11 11:06:12.104 DEBUG 8956 --- [kground-preinit] o.a.tomcat.util.digester.Digester.sax    : endElement(,,attribute)
2019-05-11 11:06:12.104 DEBUG 8956 --- [kground-preinit] o.apache.tomcat.util.digester.Digester   :   match='mbeans-descriptors/mbean/attribute'
2019-05-11 11:06:12.104 DEBUG 8956 --- [kground-preinit] o.apache.tomcat.util.digester.Digester   :   bodyText=''
2019-05-11 11:06:12.104 DEBUG 8956 --- [kground-preinit] o.apache.tomcat.util.digester.Digester   :   Fire body() for ObjectCreateRule[className=org.apache.tomcat.util.modeler.AttributeInfo, attributeName=null]
2019-05-11 11:06:12.105 DEBUG 8956 --- [kground-preinit] o.apache.tomcat.util.digester.Digester   :   Fire body() for SetPropertiesRule[]
2019-05-11 11:06:12.136 DEBUG 8956 --- [kground-preinit] o.apache.tomcat.util.digester.Digester   :   Fire body() for SetNextRule[methodName=addAttribute, paramType=org.apache.tomcat.util.modeler.AttributeInfo]
2019-05-11 11:06:12.136 DEBUG 8956 --- [kground-preinit] o.apache.tomcat.util.digester.Digester   :   Fire end() for SetNextRule[methodName=addAttribute, paramType=org.apache.tomcat.util.modeler.AttributeInfo]
2019-05-11 11:06:12.136 DEBUG 8956 --- [kground-preinit] o.apache.tomcat.util.digester.Digester   : [SetNextRule]{mbeans-descriptors/mbean/attribute} Call org.apache.tomcat.util.modeler.ManagedBean.addAttribute(org.apache.tomcat.util.modeler.AttributeInfo@11e49629)
2019-05-11 11:06:12.137 DEBUG 8956 --- [kground-preinit] o.apache.tomcat.util.IntrospectionUtils  : IntrospectionUtils: callMethod1 org.apache.tomcat.util.modeler.ManagedBean org.apache.tomcat.util.modeler.AttributeInfo org.apache.tomcat.util.modeler.AttributeInfo
2019-05-11 11:06:12.137 DEBUG 8956 --- [kground-preinit] o.apache.tomcat.util.digester.Digester   :   Fire end() for SetPropertiesRule[]
2019-05-11 11:06:12.137 DEBUG 8956 --- [kground-preinit] o.apache.tomcat.util.digester.Digester   :   Fire end() for ObjectCreateRule[className=org.apache.tomcat.util.modeler.AttributeInfo, attributeName=null]
2019-05-11 11:06:12.137 DEBUG 8956 --- [kground-preinit] o.apache.tomcat.util.digester.Digester   : [ObjectCreateRule]{mbeans-descriptors/mbean/attribute} Pop org.apache.tomcat.util.modeler.AttributeInfo
2019-05-11 11:06:12.137 DEBUG 8956 --- [kground-preinit] o.a.tomcat.util.digester.Digester.sax    : characters(

    )
2019-05-11 11:06:12.137 DEBUG 8956 --- [kground-preinit] o.a.tomcat.util.digester.Digester.sax    : startElement(,,attribute)
2019-05-11 11:06:12.138 DEBUG 8956 --- [kground-preinit] o.apache.tomcat.util.digester.Digester   :   New match='mbeans-descriptors/mbean/attribute'
2019-05-11 11:06:12.138 DEBUG 8956 --- [kground-preinit] o.apache.tomcat.util.digester.Digester   :   Fire begin() for ObjectCreateRule[className=org.apache.tomcat.util.modeler.AttributeInfo, attributeName=null]
2019-05-11 11:06:12.138 DEBUG 8956 --- [kground-preinit] o.apache.tomcat.util.digester.Digester   : [ObjectCreateRule]{mbeans-descriptors/mbean/attribute}New org.apache.tomcat.util.modeler.AttributeInfo
2019-05-11 11:06:12.138 DEBUG 8956 --- [kground-preinit] o.apache.tomcat.util.digester.Digester   :   Fire begin() for SetPropertiesRule[]
2019-05-11 11:06:12.138 DEBUG 8956 --- [kground-preinit] o.apache.tomcat.util.digester.Digester   : [SetPropertiesRule]{mbeans-descriptors/mbean/attribute} Set org.apache.tomcat.util.modeler.AttributeInfo properties
2019-05-11 11:06:12.138 DEBUG 8956 --- [kground-preinit] o.apache.tomcat.util.digester.Digester   : [SetPropertiesRule]{mbeans-descriptors/mbean/attribute} Setting property 'name' to 'securePagesWithPragma'
2019-05-11 11:06:12.138 DEBUG 8956 --- [kground-preinit] o.apache.tomcat.util.IntrospectionUtils  : IntrospectionUtils: setProperty(class org.apache.tomcat.util.modeler.AttributeInfo name=securePagesWithPragma)
2019-05-11 11:06:12.138 DEBUG 8956 --- [kground-preinit] o.apache.tomcat.util.digester.Digester   : [SetPropertiesRule]{mbeans-descriptors/mbean/attribute} Setting property 'description' to 'Controls the caching of pages that are protected by security constraints'
2019-05-11 11:06:12.138 DEBUG 8956 --- [kground-preinit] o.apache.tomcat.util.IntrospectionUtils  : IntrospectionUtils: setProperty(class org.apache.tomcat.util.modeler.AttributeInfo description=Controls the caching of pages that are protected by security constraints)
2019-05-11 11:06:12.138 DEBUG 8956 --- [kground-preinit] o.apache.tomcat.util.digester.Digester   : [SetPropertiesRule]{mbeans-descriptors/mbean/attribute} Setting property 'type' to 'boolean'
2019-05-11 11:06:12.139 DEBUG 8956 --- [kground-preinit] o.apache.tomcat.util.IntrospectionUtils  : IntrospectionUtils: setProperty(class org.apache.tomcat.util.modeler.AttributeInfo type=boolean)
2019-05-11 11:06:12.139 DEBUG 8956 --- [kground-preinit] o.apache.tomcat.util.digester.Digester   :   Fire begin() for SetNextRule[methodName=addAttribute, paramType=org.apache.tomcat.util.modeler.AttributeInfo]
2019-05-11 11:06:12.139 DEBUG 8956 --- [kground-preinit] o.a.tomcat.util.digester.Digester.sax    : endElement(,,attribute)
2019-05-11 11:06:12.139 DEBUG 8956 --- [kground-preinit] o.apache.tomcat.util.digester.Digester   :   match='mbeans-descriptors/mbean/attribute'
2019-05-11 11:06:12.139 DEBUG 8956 --- [kground-preinit] o.apache.tomcat.util.digester.Digester   :   bodyText=''
2019-05-11 11:06:12.139 DEBUG 8956 --- [kground-preinit] o.apache.tomcat.util.digester.Digester   :   Fire body() for ObjectCreateRule[className=org.apache.tomcat.util.modeler.AttributeInfo, attributeName=null]
2019-05-11 11:06:12.139 DEBUG 8956 --- [kground-preinit] o.apache.tomcat.util.digester.Digester   :   Fire body() for SetPropertiesRule[]
2019-05-11 11:06:12.139 DEBUG 8956 --- [kground-preinit] o.apache.tomcat.util.digester.Digester   :   Fire body() for SetNextRule[methodName=addAttribute, paramType=org.apache.tomcat.util.modeler.AttributeInfo]
2019-05-11 11:06:12.139 DEBUG 8956 --- [kground-preinit] o.apache.tomcat.util.digester.Digester   :   Fire end() for SetNextRule[methodName=addAttribute, paramType=org.apache.tomcat.util.modeler.AttributeInfo]
2019-05-11 11:06:12.139 DEBUG 8956 --- [kground-preinit] o.apache.tomcat.util.digester.Digester   : [SetNextRule]{mbeans-descriptors/mbean/attribute} Call org.apache.tomcat.util.modeler.ManagedBean.addAttribute(org.apache.tomcat.util.modeler.AttributeInfo@37fcc48a)
2019-05-11 11:06:12.139 DEBUG 8956 --- [kground-preinit] o.apache.tomcat.util.IntrospectionUtils  : IntrospectionUtils: callMethod1 org.apache.tomcat.util.modeler.ManagedBean org.apache.tomcat.util.modeler.AttributeInfo org.apache.tomcat.util.modeler.AttributeInfo
2019-05-11 11:06:12.139 DEBUG 8956 --- [kground-preinit] o.apache.tomcat.util.digester.Digester   :   Fire end() for SetPropertiesRule[]
2019-05-11 11:06:12.139 DEBUG 8956 --- [kground-preinit] o.apache.tomcat.util.digester.Digester   :   Fire end() for ObjectCreateRule[className=org.apache.tomcat.util.modeler.AttributeInfo, attributeName=null]
2019-05-11 11:06:12.139 DEBUG 8956 --- [kground-preinit] o.apache.tomcat.util.digester.Digester   : [ObjectCreateRule]{mbeans-descriptors/mbean/attribute} Pop org.apache.tomcat.util.modeler.AttributeInfo
2019-05-11 11:06:12.140 DEBUG 8956 --- [kground-preinit] o.a.tomcat.util.digester.Digester.sax    : characters(

    )
2019-05-11 11:06:12.140 DEBUG 8956 --- [kground-preinit] o.a.tomcat.util.digester.Digester.sax    : startElement(,,attribute)
2019-05-11 11:06:12.140 DEBUG 8956 --- [kground-preinit] o.apache.tomcat.util.digester.Digester   :   New match='mbeans-descriptors/mbean/attribute'
2019-05-11 11:06:12.140 DEBUG 8956 --- [           main] o.s.b.f.s.DefaultListableBeanFactory     : Returning cached instance of singleton bean 'autoConfigurationReport'
2019-05-11 11:06:12.140 DEBUG 8956 --- [kground-preinit] o.apache.tomcat.util.digester.Digester   :   Fire begin() for ObjectCreateRule[className=org.apache.tomcat.util.modeler.AttributeInfo, attributeName=null]
2019-05-11 11:06:12.140 DEBUG 8956 --- [kground-preinit] o.apache.tomcat.util.digester.Digester   : [ObjectCreateRule]{mbeans-descriptors/mbean/attribute}New org.apache.tomcat.util.modeler.AttributeInfo
2019-05-11 11:06:12.140 DEBUG 8956 --- [kground-preinit] o.apache.tomcat.util.digester.Digester   :   Fire begin() for SetPropertiesRule[]
2019-05-11 11:06:12.141 DEBUG 8956 --- [kground-preinit] o.apache.tomcat.util.digester.Digester   : [SetPropertiesRule]{mbeans-descriptors/mbean/attribute} Set org.apache.tomcat.util.modeler.AttributeInfo properties
2019-05-11 11:06:12.141 DEBUG 8956 --- [kground-preinit] o.apache.tomcat.util.digester.Digester   : [SetPropertiesRule]{mbeans-descriptors/mbean/attribute} Setting property 'name' to 'secureRandomAlgorithm'
2019-05-11 11:06:12.141 DEBUG 8956 --- [kground-preinit] o.apache.tomcat.util.IntrospectionUtils  : IntrospectionUtils: setProperty(class org.apache.tomcat.util.modeler.AttributeInfo name=secureRandomAlgorithm)
2019-05-11 11:06:12.141 DEBUG 8956 --- [kground-preinit] o.apache.tomcat.util.digester.Digester   : [SetPropertiesRule]{mbeans-descriptors/mbean/attribute} Setting property 'description' to 'The name of the algorithm to use for SSO session ID generation'
2019-05-11 11:06:12.141 DEBUG 8956 --- [kground-preinit] o.apache.tomcat.util.IntrospectionUtils  : IntrospectionUtils: setProperty(class org.apache.tomcat.util.modeler.AttributeInfo description=The name of the algorithm to use for SSO session ID generation)
2019-05-11 11:06:12.142 DEBUG 8956 --- [kground-preinit] o.apache.tomcat.util.digester.Digester   : [SetPropertiesRule]{mbeans-descriptors/mbean/attribute} Setting property 'type' to 'java.lang.String'
2019-05-11 11:06:12.142 DEBUG 8956 --- [kground-preinit] o.apache.tomcat.util.IntrospectionUtils  : IntrospectionUtils: setProperty(class org.apache.tomcat.util.modeler.AttributeInfo type=java.lang.String)
2019-05-11 11:06:12.142 DEBUG 8956 --- [kground-preinit] o.apache.tomcat.util.digester.Digester   :   Fire begin() for SetNextRule[methodName=addAttribute, paramType=org.apache.tomcat.util.modeler.AttributeInfo]
2019-05-11 11:06:12.142 DEBUG 8956 --- [kground-preinit] o.a.tomcat.util.digester.Digester.sax    : endElement(,,attribute)
2019-05-11 11:06:12.142 DEBUG 8956 --- [kground-preinit] o.apache.tomcat.util.digester.Digester   :   match='mbeans-descriptors/mbean/attribute'
2019-05-11 11:06:12.143 DEBUG 8956 --- [kground-preinit] o.apache.tomcat.util.digester.Digester   :   bodyText=''
2019-05-11 11:06:12.143 DEBUG 8956 --- [kground-preinit] o.apache.tomcat.util.digester.Digester   :   Fire body() for ObjectCreateRule[className=org.apache.tomcat.util.modeler.AttributeInfo, attributeName=null]
2019-05-11 11:06:12.143 DEBUG 8956 --- [kground-preinit] o.apache.tomcat.util.digester.Digester   :   Fire body() for SetPropertiesRule[]
2019-05-11 11:06:12.143 DEBUG 8956 --- [kground-preinit] o.apache.tomcat.util.digester.Digester   :   Fire body() for SetNextRule[methodName=addAttribute, paramType=org.apache.tomcat.util.modeler.AttributeInfo]
2019-05-11 11:06:12.143 DEBUG 8956 --- [kground-preinit] o.apache.tomcat.util.digester.Digester   :   Fire end() for SetNextRule[methodName=addAttribute, paramType=org.apache.tomcat.util.modeler.AttributeInfo]
2019-05-11 11:06:12.143 DEBUG 8956 --- [kground-preinit] o.apache.tomcat.util.digester.Digester   : [SetNextRule]{mbeans-descriptors/mbean/attribute} Call org.apache.tomcat.util.modeler.ManagedBean.addAttribute(org.apache.tomcat.util.modeler.AttributeInfo@40544476)
2019-05-11 11:06:12.143 DEBUG 8956 --- [kground-preinit] o.apache.tomcat.util.IntrospectionUtils  : IntrospectionUtils: callMethod1 org.apache.tomcat.util.modeler.ManagedBean org.apache.tomcat.util.modeler.AttributeInfo org.apache.tomcat.util.modeler.AttributeInfo
2019-05-11 11:06:12.143 DEBUG 8956 --- [kground-preinit] o.apache.tomcat.util.digester.Digester   :   Fire end() for SetPropertiesRule[]
2019-05-11 11:06:12.143 DEBUG 8956 --- [kground-preinit] o.apache.tomcat.util.digester.Digester   :   Fire end() for ObjectCreateRule[className=org.apache.tomcat.util.modeler.AttributeInfo, attributeName=null]
2019-05-11 11:06:12.144 DEBUG 8956 --- [kground-preinit] o.apache.tomcat.util.digester.Digester   : [ObjectCreateRule]{mbeans-descriptors/mbean/attribute} Pop org.apache.tomcat.util.modeler.AttributeInfo
2019-05-11 11:06:12.144 DEBUG 8956 --- [kground-preinit] o.a.tomcat.util.digester.Digester.sax    : characters(

    )
2019-05-11 11:06:12.144 DEBUG 8956 --- [kground-preinit] o.a.tomcat.util.digester.Digester.sax    : startElement(,,attribute)
2019-05-11 11:06:12.144 DEBUG 8956 --- [kground-preinit] o.apache.tomcat.util.digester.Digester   :   New match='mbeans-descriptors/mbean/attribute'
2019-05-11 11:06:12.144 DEBUG 8956 --- [kground-preinit] o.apache.tomcat.util.digester.Digester   :   Fire begin() for ObjectCreateRule[className=org.apache.tomcat.util.modeler.AttributeInfo, attributeName=null]
2019-05-11 11:06:12.144 DEBUG 8956 --- [kground-preinit] o.apache.tomcat.util.digester.Digester   : [ObjectCreateRule]{mbeans-descriptors/mbean/attribute}New org.apache.tomcat.util.modeler.AttributeInfo
2019-05-11 11:06:12.144 DEBUG 8956 --- [kground-preinit] o.apache.tomcat.util.digester.Digester   :   Fire begin() for SetPropertiesRule[]
2019-05-11 11:06:12.144 DEBUG 8956 --- [kground-preinit] o.apache.tomcat.util.digester.Digester   : [SetPropertiesRule]{mbeans-descriptors/mbean/attribute} Set org.apache.tomcat.util.modeler.AttributeInfo properties
2019-05-11 11:06:12.145 DEBUG 8956 --- [kground-preinit] o.apache.tomcat.util.digester.Digester   : [SetPropertiesRule]{mbeans-descriptors/mbean/attribute} Setting property 'name' to 'secureRandomClass'
2019-05-11 11:06:12.145 DEBUG 8956 --- [kground-preinit] o.apache.tomcat.util.IntrospectionUtils  : IntrospectionUtils: setProperty(class org.apache.tomcat.util.modeler.AttributeInfo name=secureRandomClass)
2019-05-11 11:06:12.145 DEBUG 8956 --- [kground-preinit] o.apache.tomcat.util.digester.Digester   : [SetPropertiesRule]{mbeans-descriptors/mbean/attribute} Setting property 'description' to 'The name of the class to use for SSO session ID generation'
2019-05-11 11:06:12.145 DEBUG 8956 --- [kground-preinit] o.apache.tomcat.util.IntrospectionUtils  : IntrospectionUtils: setProperty(class org.apache.tomcat.util.modeler.AttributeInfo description=The name of the class to use for SSO session ID generation)
2019-05-11 11:06:12.145 DEBUG 8956 --- [kground-preinit] o.apache.tomcat.util.digester.Digester   : [SetPropertiesRule]{mbeans-descriptors/mbean/attribute} Setting property 'type' to 'java.lang.String'
2019-05-11 11:06:12.145 DEBUG 8956 --- [kground-preinit] o.apache.tomcat.util.IntrospectionUtils  : IntrospectionUtils: setProperty(class org.apache.tomcat.util.modeler.AttributeInfo type=java.lang.String)
2019-05-11 11:06:12.145 DEBUG 8956 --- [           main] o.s.b.f.s.DefaultListableBeanFactory     : Returning cached instance of singleton bean 'autoConfigurationReport'
2019-05-11 11:06:12.145 DEBUG 8956 --- [kground-preinit] o.apache.tomcat.util.digester.Digester   :   Fire begin() for SetNextRule[methodName=addAttribute, paramType=org.apache.tomcat.util.modeler.AttributeInfo]
2019-05-11 11:06:12.146 DEBUG 8956 --- [kground-preinit] o.a.tomcat.util.digester.Digester.sax    : endElement(,,attribute)
2019-05-11 11:06:12.147 DEBUG 8956 --- [           main] o.s.b.f.s.DefaultListableBeanFactory     : Returning cached instance of singleton bean 'autoConfigurationReport'
2019-05-11 11:06:12.149 DEBUG 8956 --- [           main] o.s.b.f.s.DefaultListableBeanFactory     : Returning cached instance of singleton bean 'autoConfigurationReport'
2019-05-11 11:06:12.150 DEBUG 8956 --- [           main] o.s.b.f.s.DefaultListableBeanFactory     : Returning cached instance of singleton bean 'autoConfigurationReport'
2019-05-11 11:06:12.151 DEBUG 8956 --- [           main] o.s.b.f.s.DefaultListableBeanFactory     : Returning cached instance of singleton bean 'autoConfigurationReport'
2019-05-11 11:06:12.152 DEBUG 8956 --- [           main] o.s.b.f.s.DefaultListableBeanFactory     : Returning cached instance of singleton bean 'autoConfigurationReport'
2019-05-11 11:06:12.152 DEBUG 8956 --- [           main] o.s.b.f.s.DefaultListableBeanFactory     : Returning cached instance of singleton bean 'autoConfigurationReport'
2019-05-11 11:06:12.153 DEBUG 8956 --- [kground-preinit] o.apache.tomcat.util.digester.Digester   :   match='mbeans-descriptors/mbean/attribute'
2019-05-11 11:06:12.153 DEBUG 8956 --- [kground-preinit] o.apache.tomcat.util.digester.Digester   :   bodyText=''
2019-05-11 11:06:12.154 DEBUG 8956 --- [kground-preinit] o.apache.tomcat.util.digester.Digester   :   Fire body() for ObjectCreateRule[className=org.apache.tomcat.util.modeler.AttributeInfo, attributeName=null]
2019-05-11 11:06:12.154 DEBUG 8956 --- [kground-preinit] o.apache.tomcat.util.digester.Digester   :   Fire body() for SetPropertiesRule[]
2019-05-11 11:06:12.155 DEBUG 8956 --- [kground-preinit] o.apache.tomcat.util.digester.Digester   :   Fire body() for SetNextRule[methodName=addAttribute, paramType=org.apache.tomcat.util.modeler.AttributeInfo]
2019-05-11 11:06:12.155 DEBUG 8956 --- [kground-preinit] o.apache.tomcat.util.digester.Digester   :   Fire end() for SetNextRule[methodName=addAttribute, paramType=org.apache.tomcat.util.modeler.AttributeInfo]
2019-05-11 11:06:12.155 DEBUG 8956 --- [kground-preinit] o.apache.tomcat.util.digester.Digester   : [SetNextRule]{mbeans-descriptors/mbean/attribute} Call org.apache.tomcat.util.modeler.ManagedBean.addAttribute(org.apache.tomcat.util.modeler.AttributeInfo@a170563)
2019-05-11 11:06:12.155 DEBUG 8956 --- [kground-preinit] o.apache.tomcat.util.IntrospectionUtils  : IntrospectionUtils: callMethod1 org.apache.tomcat.util.modeler.ManagedBean org.apache.tomcat.util.modeler.AttributeInfo org.apache.tomcat.util.modeler.AttributeInfo
2019-05-11 11:06:12.156 DEBUG 8956 --- [kground-preinit] o.apache.tomcat.util.digester.Digester   :   Fire end() for SetPropertiesRule[]
2019-05-11 11:06:12.156 DEBUG 8956 --- [           main] o.s.b.f.s.DefaultListableBeanFactory     : Returning cached instance of singleton bean 'autoConfigurationReport'
2019-05-11 11:06:12.156 DEBUG 8956 --- [kground-preinit] o.apache.tomcat.util.digester.Digester   :   Fire end() for ObjectCreateRule[className=org.apache.tomcat.util.modeler.AttributeInfo, attributeName=null]
2019-05-11 11:06:12.156 DEBUG 8956 --- [kground-preinit] o.apache.tomcat.util.digester.Digester   : [ObjectCreateRule]{mbeans-descriptors/mbean/attribute} Pop org.apache.tomcat.util.modeler.AttributeInfo
2019-05-11 11:06:12.157 DEBUG 8956 --- [kground-preinit] o.a.tomcat.util.digester.Digester.sax    : characters(

    )
2019-05-11 11:06:12.157 DEBUG 8956 --- [kground-preinit] o.a.tomcat.util.digester.Digester.sax    : startElement(,,attribute)
2019-05-11 11:06:12.157 DEBUG 8956 --- [kground-preinit] o.apache.tomcat.util.digester.Digester   :   New match='mbeans-descriptors/mbean/attribute'
2019-05-11 11:06:12.158 DEBUG 8956 --- [kground-preinit] o.apache.tomcat.util.digester.Digester   :   Fire begin() for ObjectCreateRule[className=org.apache.tomcat.util.modeler.AttributeInfo, attributeName=null]
2019-05-11 11:06:12.158 DEBUG 8956 --- [kground-preinit] o.apache.tomcat.util.digester.Digester   : [ObjectCreateRule]{mbeans-descriptors/mbean/attribute}New org.apache.tomcat.util.modeler.AttributeInfo
2019-05-11 11:06:12.158 DEBUG 8956 --- [kground-preinit] o.apache.tomcat.util.digester.Digester   :   Fire begin() for SetPropertiesRule[]
2019-05-11 11:06:12.158 DEBUG 8956 --- [kground-preinit] o.apache.tomcat.util.digester.Digester   : [SetPropertiesRule]{mbeans-descriptors/mbean/attribute} Set org.apache.tomcat.util.modeler.AttributeInfo properties
2019-05-11 11:06:12.158 DEBUG 8956 --- [kground-preinit] o.apache.tomcat.util.digester.Digester   : [SetPropertiesRule]{mbeans-descriptors/mbean/attribute} Setting property 'name' to 'secureRandomProvider'
2019-05-11 11:06:12.159 DEBUG 8956 --- [kground-preinit] o.apache.tomcat.util.IntrospectionUtils  : IntrospectionUtils: setProperty(class org.apache.tomcat.util.modeler.AttributeInfo name=secureRandomProvider)
2019-05-11 11:06:12.159 DEBUG 8956 --- [kground-preinit] o.apache.tomcat.util.digester.Digester   : [SetPropertiesRule]{mbeans-descriptors/mbean/attribute} Setting property 'description' to 'The name of the provider to use for SSO session ID generation'
2019-05-11 11:06:12.159 DEBUG 8956 --- [kground-preinit] o.apache.tomcat.util.IntrospectionUtils  : IntrospectionUtils: setProperty(class org.apache.tomcat.util.modeler.AttributeInfo description=The name of the provider to use for SSO session ID generation)
2019-05-11 11:06:12.160 DEBUG 8956 --- [kground-preinit] o.apache.tomcat.util.digester.Digester   : [SetPropertiesRule]{mbeans-descriptors/mbean/attribute} Setting property 'type' to 'java.lang.String'
2019-05-11 11:06:12.160 DEBUG 8956 --- [kground-preinit] o.apache.tomcat.util.IntrospectionUtils  : IntrospectionUtils: setProperty(class org.apache.tomcat.util.modeler.AttributeInfo type=java.lang.String)
2019-05-11 11:06:12.160 DEBUG 8956 --- [kground-preinit] o.apache.tomcat.util.digester.Digester   :   Fire begin() for SetNextRule[methodName=addAttribute, paramType=org.apache.tomcat.util.modeler.AttributeInfo]
2019-05-11 11:06:12.160 DEBUG 8956 --- [kground-preinit] o.a.tomcat.util.digester.Digester.sax    : endElement(,,attribute)
2019-05-11 11:06:12.161 DEBUG 8956 --- [kground-preinit] o.apache.tomcat.util.digester.Digester   :   match='mbeans-descriptors/mbean/attribute'
2019-05-11 11:06:12.161 DEBUG 8956 --- [kground-preinit] o.apache.tomcat.util.digester.Digester   :   bodyText=''
2019-05-11 11:06:12.161 DEBUG 8956 --- [kground-preinit] o.apache.tomcat.util.digester.Digester   :   Fire body() for ObjectCreateRule[className=org.apache.tomcat.util.modeler.AttributeInfo, attributeName=null]
2019-05-11 11:06:12.161 DEBUG 8956 --- [kground-preinit] o.apache.tomcat.util.digester.Digester   :   Fire body() for SetPropertiesRule[]
2019-05-11 11:06:12.162 DEBUG 8956 --- [kground-preinit] o.apache.tomcat.util.digester.Digester   :   Fire body() for SetNextRule[methodName=addAttribute, paramType=org.apache.tomcat.util.modeler.AttributeInfo]
2019-05-11 11:06:12.162 DEBUG 8956 --- [kground-preinit] o.apache.tomcat.util.digester.Digester   :   Fire end() for SetNextRule[methodName=addAttribute, paramType=org.apache.tomcat.util.modeler.AttributeInfo]
2019-05-11 11:06:12.162 DEBUG 8956 --- [kground-preinit] o.apache.tomcat.util.digester.Digester   : [SetNextRule]{mbeans-descriptors/mbean/attribute} Call org.apache.tomcat.util.modeler.ManagedBean.addAttribute(org.apache.tomcat.util.modeler.AttributeInfo@3ff78fd6)
2019-05-11 11:06:12.162 DEBUG 8956 --- [kground-preinit] o.apache.tomcat.util.IntrospectionUtils  : IntrospectionUtils: callMethod1 org.apache.tomcat.util.modeler.ManagedBean org.apache.tomcat.util.modeler.AttributeInfo org.apache.tomcat.util.modeler.AttributeInfo
2019-05-11 11:06:12.163 DEBUG 8956 --- [kground-preinit] o.apache.tomcat.util.digester.Digester   :   Fire end() for SetPropertiesRule[]
2019-05-11 11:06:12.163 DEBUG 8956 --- [kground-preinit] o.apache.tomcat.util.digester.Digester   :   Fire end() for ObjectCreateRule[className=org.apache.tomcat.util.modeler.AttributeInfo, attributeName=null]
2019-05-11 11:06:12.163 DEBUG 8956 --- [kground-preinit] o.apache.tomcat.util.digester.Digester   : [ObjectCreateRule]{mbeans-descriptors/mbean/attribute} Pop org.apache.tomcat.util.modeler.AttributeInfo
2019-05-11 11:06:12.163 DEBUG 8956 --- [kground-preinit] o.a.tomcat.util.digester.Digester.sax    : characters(

    )
2019-05-11 11:06:12.163 DEBUG 8956 --- [kground-preinit] o.a.tomcat.util.digester.Digester.sax    : startElement(,,attribute)
2019-05-11 11:06:12.164 DEBUG 8956 --- [kground-preinit] o.apache.tomcat.util.digester.Digester   :   New match='mbeans-descriptors/mbean/attribute'
2019-05-11 11:06:12.164 DEBUG 8956 --- [kground-preinit] o.apache.tomcat.util.digester.Digester   :   Fire begin() for ObjectCreateRule[className=org.apache.tomcat.util.modeler.AttributeInfo, attributeName=null]
2019-05-11 11:06:12.164 DEBUG 8956 --- [kground-preinit] o.apache.tomcat.util.digester.Digester   : [ObjectCreateRule]{mbeans-descriptors/mbean/attribute}New org.apache.tomcat.util.modeler.AttributeInfo
2019-05-11 11:06:12.165 DEBUG 8956 --- [kground-preinit] o.apache.tomcat.util.digester.Digester   :   Fire begin() for SetPropertiesRule[]
2019-05-11 11:06:12.165 DEBUG 8956 --- [kground-preinit] o.apache.tomcat.util.digester.Digester   : [SetPropertiesRule]{mbeans-descriptors/mbean/attribute} Set org.apache.tomcat.util.modeler.AttributeInfo properties
2019-05-11 11:06:12.165 DEBUG 8956 --- [kground-preinit] o.apache.tomcat.util.digester.Digester   : [SetPropertiesRule]{mbeans-descriptors/mbean/attribute} Setting property 'name' to 'stateName'
2019-05-11 11:06:12.165 DEBUG 8956 --- [kground-preinit] o.apache.tomcat.util.IntrospectionUtils  : IntrospectionUtils: setProperty(class org.apache.tomcat.util.modeler.AttributeInfo name=stateName)
2019-05-11 11:06:12.166 DEBUG 8956 --- [kground-preinit] o.apache.tomcat.util.digester.Digester   : [SetPropertiesRule]{mbeans-descriptors/mbean/attribute} Setting property 'description' to 'The name of the LifecycleState that this component is currently in'
2019-05-11 11:06:12.166 DEBUG 8956 --- [kground-preinit] o.apache.tomcat.util.IntrospectionUtils  : IntrospectionUtils: setProperty(class org.apache.tomcat.util.modeler.AttributeInfo description=The name of the LifecycleState that this component is currently in)
2019-05-11 11:06:12.166 DEBUG 8956 --- [kground-preinit] o.apache.tomcat.util.digester.Digester   : [SetPropertiesRule]{mbeans-descriptors/mbean/attribute} Setting property 'type' to 'java.lang.String'
2019-05-11 11:06:12.166 DEBUG 8956 --- [kground-preinit] o.apache.tomcat.util.IntrospectionUtils  : IntrospectionUtils: setProperty(class org.apache.tomcat.util.modeler.AttributeInfo type=java.lang.String)
2019-05-11 11:06:12.166 DEBUG 8956 --- [kground-preinit] o.apache.tomcat.util.digester.Digester   : [SetPropertiesRule]{mbeans-descriptors/mbean/attribute} Setting property 'writeable' to 'false'
2019-05-11 11:06:12.166 DEBUG 8956 --- [kground-preinit] o.apache.tomcat.util.IntrospectionUtils  : IntrospectionUtils: setProperty(class org.apache.tomcat.util.modeler.AttributeInfo writeable=false)
2019-05-11 11:06:12.167 DEBUG 8956 --- [kground-preinit] o.apache.tomcat.util.digester.Digester   :   Fire begin() for SetNextRule[methodName=addAttribute, paramType=org.apache.tomcat.util.modeler.AttributeInfo]
2019-05-11 11:06:12.167 DEBUG 8956 --- [kground-preinit] o.a.tomcat.util.digester.Digester.sax    : endElement(,,attribute)
2019-05-11 11:06:12.167 DEBUG 8956 --- [kground-preinit] o.apache.tomcat.util.digester.Digester   :   match='mbeans-descriptors/mbean/attribute'
2019-05-11 11:06:12.168 DEBUG 8956 --- [kground-preinit] o.apache.tomcat.util.digester.Digester   :   bodyText=''
2019-05-11 11:06:12.168 DEBUG 8956 --- [kground-preinit] o.apache.tomcat.util.digester.Digester   :   Fire body() for ObjectCreateRule[className=org.apache.tomcat.util.modeler.AttributeInfo, attributeName=null]
2019-05-11 11:06:12.168 DEBUG 8956 --- [kground-preinit] o.apache.tomcat.util.digester.Digester   :   Fire body() for SetPropertiesRule[]
2019-05-11 11:06:12.168 DEBUG 8956 --- [kground-preinit] o.apache.tomcat.util.digester.Digester   :   Fire body() for SetNextRule[methodName=addAttribute, paramType=org.apache.tomcat.util.modeler.AttributeInfo]
2019-05-11 11:06:12.168 DEBUG 8956 --- [kground-preinit] o.apache.tomcat.util.digester.Digester   :   Fire end() for SetNextRule[methodName=addAttribute, paramType=org.apache.tomcat.util.modeler.AttributeInfo]
2019-05-11 11:06:12.168 DEBUG 8956 --- [kground-preinit] o.apache.tomcat.util.digester.Digester   : [SetNextRule]{mbeans-descriptors/mbean/attribute} Call org.apache.tomcat.util.modeler.ManagedBean.addAttribute(org.apache.tomcat.util.modeler.AttributeInfo@6efed436)
2019-05-11 11:06:12.169 DEBUG 8956 --- [kground-preinit] o.apache.tomcat.util.IntrospectionUtils  : IntrospectionUtils: callMethod1 org.apache.tomcat.util.modeler.ManagedBean org.apache.tomcat.util.modeler.AttributeInfo org.apache.tomcat.util.modeler.AttributeInfo
2019-05-11 11:06:12.169 DEBUG 8956 --- [kground-preinit] o.apache.tomcat.util.digester.Digester   :   Fire end() for SetPropertiesRule[]
2019-05-11 11:06:12.169 DEBUG 8956 --- [kground-preinit] o.apache.tomcat.util.digester.Digester   :   Fire end() for ObjectCreateRule[className=org.apache.tomcat.util.modeler.AttributeInfo, attributeName=null]
2019-05-11 11:06:12.169 DEBUG 8956 --- [kground-preinit] o.apache.tomcat.util.digester.Digester   : [ObjectCreateRule]{mbeans-descriptors/mbean/attribute} Pop org.apache.tomcat.util.modeler.AttributeInfo
2019-05-11 11:06:12.169 DEBUG 8956 --- [kground-preinit] o.a.tomcat.util.digester.Digester.sax    : characters(
  )
2019-05-11 11:06:12.170 DEBUG 8956 --- [kground-preinit] o.a.tomcat.util.digester.Digester.sax    : endElement(,,mbean)
2019-05-11 11:06:12.170 DEBUG 8956 --- [kground-preinit] o.apache.tomcat.util.digester.Digester   :   match='mbeans-descriptors/mbean'
2019-05-11 11:06:12.170 DEBUG 8956 --- [kground-preinit] o.apache.tomcat.util.digester.Digester   :   bodyText='

    

    

    

    

    

    

    

    

    

    
  '
2019-05-11 11:06:12.170 DEBUG 8956 --- [kground-preinit] o.apache.tomcat.util.digester.Digester   :   Fire body() for ObjectCreateRule[className=org.apache.tomcat.util.modeler.ManagedBean, attributeName=null]
2019-05-11 11:06:12.170 DEBUG 8956 --- [kground-preinit] o.apache.tomcat.util.digester.Digester   :   Fire body() for SetPropertiesRule[]
2019-05-11 11:06:12.170 DEBUG 8956 --- [kground-preinit] o.apache.tomcat.util.digester.Digester   :   Fire body() for SetNextRule[methodName=add, paramType=java.lang.Object]
2019-05-11 11:06:12.171 DEBUG 8956 --- [kground-preinit] o.apache.tomcat.util.digester.Digester   :   Fire end() for SetNextRule[methodName=add, paramType=java.lang.Object]
2019-05-11 11:06:12.171 DEBUG 8956 --- [kground-preinit] o.apache.tomcat.util.digester.Digester   : [SetNextRule]{mbeans-descriptors/mbean} Call java.util.ArrayList.add(ManagedBean[name=FormAuthenticator, className=org.apache.tomcat.util.modeler.BaseModelMBean, description=An Authenticator and Valve implementation of FORM BASED Authentication, group=Valve, type=org.apache.catalina.authenticator.FormAuthenticator])
2019-05-11 11:06:12.171 DEBUG 8956 --- [kground-preinit] o.apache.tomcat.util.IntrospectionUtils  : IntrospectionUtils: callMethod1 java.util.ArrayList org.apache.tomcat.util.modeler.ManagedBean java.lang.Object
2019-05-11 11:06:12.171 DEBUG 8956 --- [kground-preinit] o.apache.tomcat.util.digester.Digester   :   Fire end() for SetPropertiesRule[]
2019-05-11 11:06:12.171 DEBUG 8956 --- [kground-preinit] o.apache.tomcat.util.digester.Digester   :   Fire end() for ObjectCreateRule[className=org.apache.tomcat.util.modeler.ManagedBean, attributeName=null]
2019-05-11 11:06:12.171 DEBUG 8956 --- [kground-preinit] o.apache.tomcat.util.digester.Digester   : [ObjectCreateRule]{mbeans-descriptors/mbean} Pop org.apache.tomcat.util.modeler.ManagedBean
2019-05-11 11:06:12.171 DEBUG 8956 --- [kground-preinit] o.a.tomcat.util.digester.Digester.sax    : characters(

  )
2019-05-11 11:06:12.172 DEBUG 8956 --- [kground-preinit] o.a.tomcat.util.digester.Digester.sax    : startElement(,,mbean)
2019-05-11 11:06:12.172 DEBUG 8956 --- [kground-preinit] o.apache.tomcat.util.digester.Digester   :   New match='mbeans-descriptors/mbean'
2019-05-11 11:06:12.172 DEBUG 8956 --- [kground-preinit] o.apache.tomcat.util.digester.Digester   :   Fire begin() for ObjectCreateRule[className=org.apache.tomcat.util.modeler.ManagedBean, attributeName=null]
2019-05-11 11:06:12.172 DEBUG 8956 --- [           main] o.s.b.f.s.DefaultListableBeanFactory     : Returning cached instance of singleton bean 'autoConfigurationReport'
2019-05-11 11:06:12.173 DEBUG 8956 --- [kground-preinit] o.apache.tomcat.util.digester.Digester   : [ObjectCreateRule]{mbeans-descriptors/mbean}New org.apache.tomcat.util.modeler.ManagedBean
2019-05-11 11:06:12.173 DEBUG 8956 --- [           main] o.s.b.f.s.DefaultListableBeanFactory     : Returning cached instance of singleton bean 'autoConfigurationReport'
2019-05-11 11:06:12.173 DEBUG 8956 --- [kground-preinit] o.apache.tomcat.util.digester.Digester   :   Fire begin() for SetPropertiesRule[]
2019-05-11 11:06:12.173 DEBUG 8956 --- [kground-preinit] o.apache.tomcat.util.digester.Digester   : [SetPropertiesRule]{mbeans-descriptors/mbean} Set org.apache.tomcat.util.modeler.ManagedBean properties
2019-05-11 11:06:12.174 DEBUG 8956 --- [kground-preinit] o.apache.tomcat.util.digester.Digester   : [SetPropertiesRule]{mbeans-descriptors/mbean} Setting property 'name' to 'NonLoginAuthenticator'
2019-05-11 11:06:12.174 DEBUG 8956 --- [           main] o.s.b.f.s.DefaultListableBeanFactory     : Returning cached instance of singleton bean 'autoConfigurationReport'
2019-05-11 11:06:12.174 DEBUG 8956 --- [kground-preinit] o.apache.tomcat.util.IntrospectionUtils  : IntrospectionUtils: setProperty(class org.apache.tomcat.util.modeler.ManagedBean name=NonLoginAuthenticator)
2019-05-11 11:06:12.174 DEBUG 8956 --- [           main] o.s.b.f.s.DefaultListableBeanFactory     : Returning cached instance of singleton bean 'autoConfigurationReport'
2019-05-11 11:06:12.174 DEBUG 8956 --- [kground-preinit] o.apache.tomcat.util.digester.Digester   : [SetPropertiesRule]{mbeans-descriptors/mbean} Setting property 'description' to 'An Authenticator and Valve implementation that checks only security constraints not involving user authentication'
2019-05-11 11:06:12.174 DEBUG 8956 --- [kground-preinit] o.apache.tomcat.util.IntrospectionUtils  : IntrospectionUtils: setProperty(class org.apache.tomcat.util.modeler.ManagedBean description=An Authenticator and Valve implementation that checks only security constraints not involving user authentication)
2019-05-11 11:06:12.175 DEBUG 8956 --- [kground-preinit] o.apache.tomcat.util.digester.Digester   : [SetPropertiesRule]{mbeans-descriptors/mbean} Setting property 'domain' to 'Catalina'
2019-05-11 11:06:12.175 DEBUG 8956 --- [kground-preinit] o.apache.tomcat.util.IntrospectionUtils  : IntrospectionUtils: setProperty(class org.apache.tomcat.util.modeler.ManagedBean domain=Catalina)
2019-05-11 11:06:12.175 DEBUG 8956 --- [kground-preinit] o.apache.tomcat.util.digester.Digester   : [SetPropertiesRule]{mbeans-descriptors/mbean} Setting property 'group' to 'Valve'
2019-05-11 11:06:12.175 DEBUG 8956 --- [kground-preinit] o.apache.tomcat.util.IntrospectionUtils  : IntrospectionUtils: setProperty(class org.apache.tomcat.util.modeler.ManagedBean group=Valve)
2019-05-11 11:06:12.176 DEBUG 8956 --- [kground-preinit] o.apache.tomcat.util.digester.Digester   : [SetPropertiesRule]{mbeans-descriptors/mbean} Setting property 'type' to 'org.apache.catalina.authenticator.NonLoginAuthenticator'
2019-05-11 11:06:12.176 DEBUG 8956 --- [kground-preinit] o.apache.tomcat.util.IntrospectionUtils  : IntrospectionUtils: setProperty(class org.apache.tomcat.util.modeler.ManagedBean type=org.apache.catalina.authenticator.NonLoginAuthenticator)
2019-05-11 11:06:12.176 DEBUG 8956 --- [kground-preinit] o.apache.tomcat.util.digester.Digester   :   Fire begin() for SetNextRule[methodName=add, paramType=java.lang.Object]
2019-05-11 11:06:12.177 DEBUG 8956 --- [kground-preinit] o.a.tomcat.util.digester.Digester.sax    : characters(

    )
2019-05-11 11:06:12.177 DEBUG 8956 --- [kground-preinit] o.a.tomcat.util.digester.Digester.sax    : startElement(,,attribute)
2019-05-11 11:06:12.177 DEBUG 8956 --- [kground-preinit] o.apache.tomcat.util.digester.Digester   :   New match='mbeans-descriptors/mbean/attribute'
2019-05-11 11:06:12.177 DEBUG 8956 --- [           main] o.s.b.f.s.DefaultListableBeanFactory     : Returning cached instance of singleton bean 'autoConfigurationReport'
2019-05-11 11:06:12.181 DEBUG 8956 --- [kground-preinit] o.apache.tomcat.util.digester.Digester   :   Fire begin() for ObjectCreateRule[className=org.apache.tomcat.util.modeler.AttributeInfo, attributeName=null]
2019-05-11 11:06:12.181 DEBUG 8956 --- [kground-preinit] o.apache.tomcat.util.digester.Digester   : [ObjectCreateRule]{mbeans-descriptors/mbean/attribute}New org.apache.tomcat.util.modeler.AttributeInfo
2019-05-11 11:06:12.181 DEBUG 8956 --- [kground-preinit] o.apache.tomcat.util.digester.Digester   :   Fire begin() for SetPropertiesRule[]
2019-05-11 11:06:12.182 DEBUG 8956 --- [kground-preinit] o.apache.tomcat.util.digester.Digester   : [SetPropertiesRule]{mbeans-descriptors/mbean/attribute} Set org.apache.tomcat.util.modeler.AttributeInfo properties
2019-05-11 11:06:12.182 DEBUG 8956 --- [kground-preinit] o.apache.tomcat.util.digester.Digester   : [SetPropertiesRule]{mbeans-descriptors/mbean/attribute} Setting property 'name' to 'cache'
2019-05-11 11:06:12.182 DEBUG 8956 --- [kground-preinit] o.apache.tomcat.util.IntrospectionUtils  : IntrospectionUtils: setProperty(class org.apache.tomcat.util.modeler.AttributeInfo name=cache)
2019-05-11 11:06:12.182 DEBUG 8956 --- [kground-preinit] o.apache.tomcat.util.digester.Digester   : [SetPropertiesRule]{mbeans-descriptors/mbean/attribute} Setting property 'description' to 'Should we cache authenticated Principals if the request is part of an HTTP session?'
2019-05-11 11:06:12.182 DEBUG 8956 --- [           main] o.s.b.f.s.DefaultListableBeanFactory     : Returning cached instance of singleton bean 'autoConfigurationReport'
2019-05-11 11:06:12.182 DEBUG 8956 --- [kground-preinit] o.apache.tomcat.util.IntrospectionUtils  : IntrospectionUtils: setProperty(class org.apache.tomcat.util.modeler.AttributeInfo description=Should we cache authenticated Principals if the request is part of an HTTP session?)
2019-05-11 11:06:12.183 DEBUG 8956 --- [kground-preinit] o.apache.tomcat.util.digester.Digester   : [SetPropertiesRule]{mbeans-descriptors/mbean/attribute} Setting property 'type' to 'boolean'
2019-05-11 11:06:12.183 DEBUG 8956 --- [kground-preinit] o.apache.tomcat.util.IntrospectionUtils  : IntrospectionUtils: setProperty(class org.apache.tomcat.util.modeler.AttributeInfo type=boolean)
2019-05-11 11:06:12.183 DEBUG 8956 --- [kground-preinit] o.apache.tomcat.util.digester.Digester   :   Fire begin() for SetNextRule[methodName=addAttribute, paramType=org.apache.tomcat.util.modeler.AttributeInfo]
2019-05-11 11:06:12.183 DEBUG 8956 --- [kground-preinit] o.a.tomcat.util.digester.Digester.sax    : endElement(,,attribute)
2019-05-11 11:06:12.183 DEBUG 8956 --- [kground-preinit] o.apache.tomcat.util.digester.Digester   :   match='mbeans-descriptors/mbean/attribute'
2019-05-11 11:06:12.184 DEBUG 8956 --- [kground-preinit] o.apache.tomcat.util.digester.Digester   :   bodyText=''
2019-05-11 11:06:12.186 DEBUG 8956 --- [kground-preinit] o.apache.tomcat.util.digester.Digester   :   Fire body() for ObjectCreateRule[className=org.apache.tomcat.util.modeler.AttributeInfo, attributeName=null]
2019-05-11 11:06:12.187 DEBUG 8956 --- [kground-preinit] o.apache.tomcat.util.digester.Digester   :   Fire body() for SetPropertiesRule[]
2019-05-11 11:06:12.191 DEBUG 8956 --- [           main] o.s.b.f.s.DefaultListableBeanFactory     : Returning cached instance of singleton bean 'autoConfigurationReport'
2019-05-11 11:06:12.192 DEBUG 8956 --- [           main] o.s.c.e.PropertySourcesPropertyResolver  : Found key 'spring.jmx.enabled' in PropertySource 'Inlined Test Properties' with value of type String
2019-05-11 11:06:12.192 DEBUG 8956 --- [           main] o.s.b.f.s.DefaultListableBeanFactory     : Returning cached instance of singleton bean 'autoConfigurationReport'
2019-05-11 11:06:12.192 DEBUG 8956 --- [           main] o.s.b.f.s.DefaultListableBeanFactory     : Returning cached instance of singleton bean 'autoConfigurationReport'
2019-05-11 11:06:12.193 DEBUG 8956 --- [           main] o.s.b.f.s.DefaultListableBeanFactory     : Returning cached instance of singleton bean 'autoConfigurationReport'
2019-05-11 11:06:12.194 DEBUG 8956 --- [kground-preinit] o.apache.tomcat.util.digester.Digester   :   Fire body() for SetNextRule[methodName=addAttribute, paramType=org.apache.tomcat.util.modeler.AttributeInfo]
2019-05-11 11:06:12.194 DEBUG 8956 --- [kground-preinit] o.apache.tomcat.util.digester.Digester   :   Fire end() for SetNextRule[methodName=addAttribute, paramType=org.apache.tomcat.util.modeler.AttributeInfo]
2019-05-11 11:06:12.194 DEBUG 8956 --- [kground-preinit] o.apache.tomcat.util.digester.Digester   : [SetNextRule]{mbeans-descriptors/mbean/attribute} Call org.apache.tomcat.util.modeler.ManagedBean.addAttribute(org.apache.tomcat.util.modeler.AttributeInfo@c6b5a6b)
2019-05-11 11:06:12.195 DEBUG 8956 --- [kground-preinit] o.apache.tomcat.util.IntrospectionUtils  : IntrospectionUtils: callMethod1 org.apache.tomcat.util.modeler.ManagedBean org.apache.tomcat.util.modeler.AttributeInfo org.apache.tomcat.util.modeler.AttributeInfo
2019-05-11 11:06:12.195 DEBUG 8956 --- [kground-preinit] o.apache.tomcat.util.digester.Digester   :   Fire end() for SetPropertiesRule[]
2019-05-11 11:06:12.195 DEBUG 8956 --- [kground-preinit] o.apache.tomcat.util.digester.Digester   :   Fire end() for ObjectCreateRule[className=org.apache.tomcat.util.modeler.AttributeInfo, attributeName=null]
2019-05-11 11:06:12.195 DEBUG 8956 --- [kground-preinit] o.apache.tomcat.util.digester.Digester   : [ObjectCreateRule]{mbeans-descriptors/mbean/attribute} Pop org.apache.tomcat.util.modeler.AttributeInfo
2019-05-11 11:06:12.195 DEBUG 8956 --- [kground-preinit] o.a.tomcat.util.digester.Digester.sax    : characters(

    )
2019-05-11 11:06:12.196 DEBUG 8956 --- [kground-preinit] o.a.tomcat.util.digester.Digester.sax    : startElement(,,attribute)
2019-05-11 11:06:12.196 DEBUG 8956 --- [kground-preinit] o.apache.tomcat.util.digester.Digester   :   New match='mbeans-descriptors/mbean/attribute'
2019-05-11 11:06:12.196 DEBUG 8956 --- [kground-preinit] o.apache.tomcat.util.digester.Digester   :   Fire begin() for ObjectCreateRule[className=org.apache.tomcat.util.modeler.AttributeInfo, attributeName=null]
2019-05-11 11:06:12.196 DEBUG 8956 --- [kground-preinit] o.apache.tomcat.util.digester.Digester   : [ObjectCreateRule]{mbeans-descriptors/mbean/attribute}New org.apache.tomcat.util.modeler.AttributeInfo
2019-05-11 11:06:12.196 DEBUG 8956 --- [kground-preinit] o.apache.tomcat.util.digester.Digester   :   Fire begin() for SetPropertiesRule[]
2019-05-11 11:06:12.197 DEBUG 8956 --- [kground-preinit] o.apache.tomcat.util.digester.Digester   : [SetPropertiesRule]{mbeans-descriptors/mbean/attribute} Set org.apache.tomcat.util.modeler.AttributeInfo properties
2019-05-11 11:06:12.197 DEBUG 8956 --- [kground-preinit] o.apache.tomcat.util.digester.Digester   : [SetPropertiesRule]{mbeans-descriptors/mbean/attribute} Setting property 'name' to 'changeSessionIdOnAuthentication'
2019-05-11 11:06:12.197 DEBUG 8956 --- [kground-preinit] o.apache.tomcat.util.IntrospectionUtils  : IntrospectionUtils: setProperty(class org.apache.tomcat.util.modeler.AttributeInfo name=changeSessionIdOnAuthentication)
2019-05-11 11:06:12.197 DEBUG 8956 --- [kground-preinit] o.apache.tomcat.util.digester.Digester   : [SetPropertiesRule]{mbeans-descriptors/mbean/attribute} Setting property 'description' to 'Controls if the session ID is changed if a session exists at the point where users are authenticated'
2019-05-11 11:06:12.197 DEBUG 8956 --- [kground-preinit] o.apache.tomcat.util.IntrospectionUtils  : IntrospectionUtils: setProperty(class org.apache.tomcat.util.modeler.AttributeInfo description=Controls if the session ID is changed if a session exists at the point where users are authenticated)
2019-05-11 11:06:12.197 DEBUG 8956 --- [kground-preinit] o.apache.tomcat.util.digester.Digester   : [SetPropertiesRule]{mbeans-descriptors/mbean/attribute} Setting property 'type' to 'boolean'
2019-05-11 11:06:12.198 DEBUG 8956 --- [kground-preinit] o.apache.tomcat.util.IntrospectionUtils  : IntrospectionUtils: setProperty(class org.apache.tomcat.util.modeler.AttributeInfo type=boolean)
2019-05-11 11:06:12.198 DEBUG 8956 --- [kground-preinit] o.apache.tomcat.util.digester.Digester   :   Fire begin() for SetNextRule[methodName=addAttribute, paramType=org.apache.tomcat.util.modeler.AttributeInfo]
2019-05-11 11:06:12.198 DEBUG 8956 --- [kground-preinit] o.a.tomcat.util.digester.Digester.sax    : endElement(,,attribute)
2019-05-11 11:06:12.198 DEBUG 8956 --- [kground-preinit] o.apache.tomcat.util.digester.Digester   :   match='mbeans-descriptors/mbean/attribute'
2019-05-11 11:06:12.199 DEBUG 8956 --- [kground-preinit] o.apache.tomcat.util.digester.Digester   :   bodyText=''
2019-05-11 11:06:12.199 DEBUG 8956 --- [kground-preinit] o.apache.tomcat.util.digester.Digester   :   Fire body() for ObjectCreateRule[className=org.apache.tomcat.util.modeler.AttributeInfo, attributeName=null]
2019-05-11 11:06:12.199 DEBUG 8956 --- [kground-preinit] o.apache.tomcat.util.digester.Digester   :   Fire body() for SetPropertiesRule[]
2019-05-11 11:06:12.199 DEBUG 8956 --- [kground-preinit] o.apache.tomcat.util.digester.Digester   :   Fire body() for SetNextRule[methodName=addAttribute, paramType=org.apache.tomcat.util.modeler.AttributeInfo]
2019-05-11 11:06:12.200 DEBUG 8956 --- [kground-preinit] o.apache.tomcat.util.digester.Digester   :   Fire end() for SetNextRule[methodName=addAttribute, paramType=org.apache.tomcat.util.modeler.AttributeInfo]
2019-05-11 11:06:12.202 DEBUG 8956 --- [kground-preinit] o.apache.tomcat.util.digester.Digester   : [SetNextRule]{mbeans-descriptors/mbean/attribute} Call org.apache.tomcat.util.modeler.ManagedBean.addAttribute(org.apache.tomcat.util.modeler.AttributeInfo@3ee56a98)
2019-05-11 11:06:12.202 DEBUG 8956 --- [kground-preinit] o.apache.tomcat.util.IntrospectionUtils  : IntrospectionUtils: callMethod1 org.apache.tomcat.util.modeler.ManagedBean org.apache.tomcat.util.modeler.AttributeInfo org.apache.tomcat.util.modeler.AttributeInfo
2019-05-11 11:06:12.202 DEBUG 8956 --- [kground-preinit] o.apache.tomcat.util.digester.Digester   :   Fire end() for SetPropertiesRule[]
2019-05-11 11:06:12.202 DEBUG 8956 --- [kground-preinit] o.apache.tomcat.util.digester.Digester   :   Fire end() for ObjectCreateRule[className=org.apache.tomcat.util.modeler.AttributeInfo, attributeName=null]
2019-05-11 11:06:12.203 DEBUG 8956 --- [kground-preinit] o.apache.tomcat.util.digester.Digester   : [ObjectCreateRule]{mbeans-descriptors/mbean/attribute} Pop org.apache.tomcat.util.modeler.AttributeInfo
2019-05-11 11:06:12.203 DEBUG 8956 --- [kground-preinit] o.a.tomcat.util.digester.Digester.sax    : characters(

    )
2019-05-11 11:06:12.203 DEBUG 8956 --- [kground-preinit] o.a.tomcat.util.digester.Digester.sax    : startElement(,,attribute)
2019-05-11 11:06:12.203 DEBUG 8956 --- [kground-preinit] o.apache.tomcat.util.digester.Digester   :   New match='mbeans-descriptors/mbean/attribute'
2019-05-11 11:06:12.204 DEBUG 8956 --- [kground-preinit] o.apache.tomcat.util.digester.Digester   :   Fire begin() for ObjectCreateRule[className=org.apache.tomcat.util.modeler.AttributeInfo, attributeName=null]
2019-05-11 11:06:12.205 DEBUG 8956 --- [kground-preinit] o.apache.tomcat.util.digester.Digester   : [ObjectCreateRule]{mbeans-descriptors/mbean/attribute}New org.apache.tomcat.util.modeler.AttributeInfo
2019-05-11 11:06:12.205 DEBUG 8956 --- [kground-preinit] o.apache.tomcat.util.digester.Digester   :   Fire begin() for SetPropertiesRule[]
2019-05-11 11:06:12.205 DEBUG 8956 --- [kground-preinit] o.apache.tomcat.util.digester.Digester   : [SetPropertiesRule]{mbeans-descriptors/mbean/attribute} Set org.apache.tomcat.util.modeler.AttributeInfo properties
2019-05-11 11:06:12.205 DEBUG 8956 --- [kground-preinit] o.apache.tomcat.util.digester.Digester   : [SetPropertiesRule]{mbeans-descriptors/mbean/attribute} Setting property 'name' to 'className'
2019-05-11 11:06:12.205 DEBUG 8956 --- [kground-preinit] o.apache.tomcat.util.IntrospectionUtils  : IntrospectionUtils: setProperty(class org.apache.tomcat.util.modeler.AttributeInfo name=className)
2019-05-11 11:06:12.206 DEBUG 8956 --- [kground-preinit] o.apache.tomcat.util.digester.Digester   : [SetPropertiesRule]{mbeans-descriptors/mbean/attribute} Setting property 'description' to 'Fully qualified class name of the managed object'
2019-05-11 11:06:12.206 DEBUG 8956 --- [kground-preinit] o.apache.tomcat.util.IntrospectionUtils  : IntrospectionUtils: setProperty(class org.apache.tomcat.util.modeler.AttributeInfo description=Fully qualified class name of the managed object)
2019-05-11 11:06:12.206 DEBUG 8956 --- [kground-preinit] o.apache.tomcat.util.digester.Digester   : [SetPropertiesRule]{mbeans-descriptors/mbean/attribute} Setting property 'type' to 'java.lang.String'
2019-05-11 11:06:12.206 DEBUG 8956 --- [kground-preinit] o.apache.tomcat.util.IntrospectionUtils  : IntrospectionUtils: setProperty(class org.apache.tomcat.util.modeler.AttributeInfo type=java.lang.String)
2019-05-11 11:06:12.206 DEBUG 8956 --- [kground-preinit] o.apache.tomcat.util.digester.Digester   : [SetPropertiesRule]{mbeans-descriptors/mbean/attribute} Setting property 'writeable' to 'false'
2019-05-11 11:06:12.206 DEBUG 8956 --- [kground-preinit] o.apache.tomcat.util.IntrospectionUtils  : IntrospectionUtils: setProperty(class org.apache.tomcat.util.modeler.AttributeInfo writeable=false)
2019-05-11 11:06:12.207 DEBUG 8956 --- [kground-preinit] o.apache.tomcat.util.digester.Digester   :   Fire begin() for SetNextRule[methodName=addAttribute, paramType=org.apache.tomcat.util.modeler.AttributeInfo]
2019-05-11 11:06:12.207 DEBUG 8956 --- [kground-preinit] o.a.tomcat.util.digester.Digester.sax    : endElement(,,attribute)
2019-05-11 11:06:12.207 DEBUG 8956 --- [kground-preinit] o.apache.tomcat.util.digester.Digester   :   match='mbeans-descriptors/mbean/attribute'
2019-05-11 11:06:12.208 DEBUG 8956 --- [kground-preinit] o.apache.tomcat.util.digester.Digester   :   bodyText=''
2019-05-11 11:06:12.208 DEBUG 8956 --- [kground-preinit] o.apache.tomcat.util.digester.Digester   :   Fire body() for ObjectCreateRule[className=org.apache.tomcat.util.modeler.AttributeInfo, attributeName=null]
2019-05-11 11:06:12.209 DEBUG 8956 --- [kground-preinit] o.apache.tomcat.util.digester.Digester   :   Fire body() for SetPropertiesRule[]
2019-05-11 11:06:12.209 DEBUG 8956 --- [kground-preinit] o.apache.tomcat.util.digester.Digester   :   Fire body() for SetNextRule[methodName=addAttribute, paramType=org.apache.tomcat.util.modeler.AttributeInfo]
2019-05-11 11:06:12.209 DEBUG 8956 --- [kground-preinit] o.apache.tomcat.util.digester.Digester   :   Fire end() for SetNextRule[methodName=addAttribute, paramType=org.apache.tomcat.util.modeler.AttributeInfo]
2019-05-11 11:06:12.210 DEBUG 8956 --- [kground-preinit] o.apache.tomcat.util.digester.Digester   : [SetNextRule]{mbeans-descriptors/mbean/attribute} Call org.apache.tomcat.util.modeler.ManagedBean.addAttribute(org.apache.tomcat.util.modeler.AttributeInfo@3d6fdbad)
2019-05-11 11:06:12.210 DEBUG 8956 --- [kground-preinit] o.apache.tomcat.util.IntrospectionUtils  : IntrospectionUtils: callMethod1 org.apache.tomcat.util.modeler.ManagedBean org.apache.tomcat.util.modeler.AttributeInfo org.apache.tomcat.util.modeler.AttributeInfo
2019-05-11 11:06:12.210 DEBUG 8956 --- [kground-preinit] o.apache.tomcat.util.digester.Digester   :   Fire end() for SetPropertiesRule[]
2019-05-11 11:06:12.211 DEBUG 8956 --- [kground-preinit] o.apache.tomcat.util.digester.Digester   :   Fire end() for ObjectCreateRule[className=org.apache.tomcat.util.modeler.AttributeInfo, attributeName=null]
2019-05-11 11:06:12.211 DEBUG 8956 --- [kground-preinit] o.apache.tomcat.util.digester.Digester   : [ObjectCreateRule]{mbeans-descriptors/mbean/attribute} Pop org.apache.tomcat.util.modeler.AttributeInfo
2019-05-11 11:06:12.211 DEBUG 8956 --- [kground-preinit] o.a.tomcat.util.digester.Digester.sax    : characters(

    )
2019-05-11 11:06:12.212 DEBUG 8956 --- [kground-preinit] o.a.tomcat.util.digester.Digester.sax    : startElement(,,attribute)
2019-05-11 11:06:12.218 DEBUG 8956 --- [kground-preinit] o.apache.tomcat.util.digester.Digester   :   New match='mbeans-descriptors/mbean/attribute'
2019-05-11 11:06:12.219 DEBUG 8956 --- [kground-preinit] o.apache.tomcat.util.digester.Digester   :   Fire begin() for ObjectCreateRule[className=org.apache.tomcat.util.modeler.AttributeInfo, attributeName=null]
2019-05-11 11:06:12.219 DEBUG 8956 --- [kground-preinit] o.apache.tomcat.util.digester.Digester   : [ObjectCreateRule]{mbeans-descriptors/mbean/attribute}New org.apache.tomcat.util.modeler.AttributeInfo
2019-05-11 11:06:12.219 DEBUG 8956 --- [kground-preinit] o.apache.tomcat.util.digester.Digester   :   Fire begin() for SetPropertiesRule[]
2019-05-11 11:06:12.219 DEBUG 8956 --- [kground-preinit] o.apache.tomcat.util.digester.Digester   : [SetPropertiesRule]{mbeans-descriptors/mbean/attribute} Set org.apache.tomcat.util.modeler.AttributeInfo properties
2019-05-11 11:06:12.220 DEBUG 8956 --- [kground-preinit] o.apache.tomcat.util.digester.Digester   : [SetPropertiesRule]{mbeans-descriptors/mbean/attribute} Setting property 'name' to 'disableProxyCaching'
2019-05-11 11:06:12.220 DEBUG 8956 --- [kground-preinit] o.apache.tomcat.util.IntrospectionUtils  : IntrospectionUtils: setProperty(class org.apache.tomcat.util.modeler.AttributeInfo name=disableProxyCaching)
2019-05-11 11:06:12.220 DEBUG 8956 --- [kground-preinit] o.apache.tomcat.util.digester.Digester   : [SetPropertiesRule]{mbeans-descriptors/mbean/attribute} Setting property 'description' to 'Controls the caching of pages that are protected by security constraints'
2019-05-11 11:06:12.220 DEBUG 8956 --- [kground-preinit] o.apache.tomcat.util.IntrospectionUtils  : IntrospectionUtils: setProperty(class org.apache.tomcat.util.modeler.AttributeInfo description=Controls the caching of pages that are protected by security constraints)
2019-05-11 11:06:12.221 DEBUG 8956 --- [kground-preinit] o.apache.tomcat.util.digester.Digester   : [SetPropertiesRule]{mbeans-descriptors/mbean/attribute} Setting property 'type' to 'boolean'
2019-05-11 11:06:12.222 DEBUG 8956 --- [kground-preinit] o.apache.tomcat.util.IntrospectionUtils  : IntrospectionUtils: setProperty(class org.apache.tomcat.util.modeler.AttributeInfo type=boolean)
2019-05-11 11:06:12.222 DEBUG 8956 --- [kground-preinit] o.apache.tomcat.util.digester.Digester   :   Fire begin() for SetNextRule[methodName=addAttribute, paramType=org.apache.tomcat.util.modeler.AttributeInfo]
2019-05-11 11:06:12.226 DEBUG 8956 --- [           main] o.s.b.f.s.DefaultListableBeanFactory     : Returning cached instance of singleton bean 'autoConfigurationReport'
2019-05-11 11:06:12.227 DEBUG 8956 --- [kground-preinit] o.a.tomcat.util.digester.Digester.sax    : endElement(,,attribute)
2019-05-11 11:06:12.229 DEBUG 8956 --- [kground-preinit] o.apache.tomcat.util.digester.Digester   :   match='mbeans-descriptors/mbean/attribute'
2019-05-11 11:06:12.229 DEBUG 8956 --- [kground-preinit] o.apache.tomcat.util.digester.Digester   :   bodyText=''
2019-05-11 11:06:12.229 DEBUG 8956 --- [kground-preinit] o.apache.tomcat.util.digester.Digester   :   Fire body() for ObjectCreateRule[className=org.apache.tomcat.util.modeler.AttributeInfo, attributeName=null]
2019-05-11 11:06:12.229 DEBUG 8956 --- [kground-preinit] o.apache.tomcat.util.digester.Digester   :   Fire body() for SetPropertiesRule[]
2019-05-11 11:06:12.229 DEBUG 8956 --- [kground-preinit] o.apache.tomcat.util.digester.Digester   :   Fire body() for SetNextRule[methodName=addAttribute, paramType=org.apache.tomcat.util.modeler.AttributeInfo]
2019-05-11 11:06:12.230 DEBUG 8956 --- [kground-preinit] o.apache.tomcat.util.digester.Digester   :   Fire end() for SetNextRule[methodName=addAttribute, paramType=org.apache.tomcat.util.modeler.AttributeInfo]
2019-05-11 11:06:12.230 DEBUG 8956 --- [kground-preinit] o.apache.tomcat.util.digester.Digester   : [SetNextRule]{mbeans-descriptors/mbean/attribute} Call org.apache.tomcat.util.modeler.ManagedBean.addAttribute(org.apache.tomcat.util.modeler.AttributeInfo@25a8e752)
2019-05-11 11:06:12.230 DEBUG 8956 --- [kground-preinit] o.apache.tomcat.util.IntrospectionUtils  : IntrospectionUtils: callMethod1 org.apache.tomcat.util.modeler.ManagedBean org.apache.tomcat.util.modeler.AttributeInfo org.apache.tomcat.util.modeler.AttributeInfo
2019-05-11 11:06:12.230 DEBUG 8956 --- [kground-preinit] o.apache.tomcat.util.digester.Digester   :   Fire end() for SetPropertiesRule[]
2019-05-11 11:06:12.230 DEBUG 8956 --- [kground-preinit] o.apache.tomcat.util.digester.Digester   :   Fire end() for ObjectCreateRule[className=org.apache.tomcat.util.modeler.AttributeInfo, attributeName=null]
2019-05-11 11:06:12.230 DEBUG 8956 --- [kground-preinit] o.apache.tomcat.util.digester.Digester   : [ObjectCreateRule]{mbeans-descriptors/mbean/attribute} Pop org.apache.tomcat.util.modeler.AttributeInfo
2019-05-11 11:06:12.230 DEBUG 8956 --- [kground-preinit] o.a.tomcat.util.digester.Digester.sax    : characters(

    )
2019-05-11 11:06:12.231 DEBUG 8956 --- [kground-preinit] o.a.tomcat.util.digester.Digester.sax    : startElement(,,attribute)
2019-05-11 11:06:12.231 DEBUG 8956 --- [kground-preinit] o.apache.tomcat.util.digester.Digester   :   New match='mbeans-descriptors/mbean/attribute'
2019-05-11 11:06:12.231 DEBUG 8956 --- [kground-preinit] o.apache.tomcat.util.digester.Digester   :   Fire begin() for ObjectCreateRule[className=org.apache.tomcat.util.modeler.AttributeInfo, attributeName=null]
2019-05-11 11:06:12.231 DEBUG 8956 --- [kground-preinit] o.apache.tomcat.util.digester.Digester   : [ObjectCreateRule]{mbeans-descriptors/mbean/attribute}New org.apache.tomcat.util.modeler.AttributeInfo
2019-05-11 11:06:12.231 DEBUG 8956 --- [kground-preinit] o.apache.tomcat.util.digester.Digester   :   Fire begin() for SetPropertiesRule[]
2019-05-11 11:06:12.232 DEBUG 8956 --- [kground-preinit] o.apache.tomcat.util.digester.Digester   : [SetPropertiesRule]{mbeans-descriptors/mbean/attribute} Set org.apache.tomcat.util.modeler.AttributeInfo properties
2019-05-11 11:06:12.232 DEBUG 8956 --- [kground-preinit] o.apache.tomcat.util.digester.Digester   : [SetPropertiesRule]{mbeans-descriptors/mbean/attribute} Setting property 'name' to 'securePagesWithPragma'
2019-05-11 11:06:12.232 DEBUG 8956 --- [kground-preinit] o.apache.tomcat.util.IntrospectionUtils  : IntrospectionUtils: setProperty(class org.apache.tomcat.util.modeler.AttributeInfo name=securePagesWithPragma)
2019-05-11 11:06:12.232 DEBUG 8956 --- [kground-preinit] o.apache.tomcat.util.digester.Digester   : [SetPropertiesRule]{mbeans-descriptors/mbean/attribute} Setting property 'description' to 'Controls the caching of pages that are protected by security constraints'
2019-05-11 11:06:12.232 DEBUG 8956 --- [kground-preinit] o.apache.tomcat.util.IntrospectionUtils  : IntrospectionUtils: setProperty(class org.apache.tomcat.util.modeler.AttributeInfo description=Controls the caching of pages that are protected by security constraints)
2019-05-11 11:06:12.233 DEBUG 8956 --- [kground-preinit] o.apache.tomcat.util.digester.Digester   : [SetPropertiesRule]{mbeans-descriptors/mbean/attribute} Setting property 'type' to 'boolean'
2019-05-11 11:06:12.233 DEBUG 8956 --- [kground-preinit] o.apache.tomcat.util.IntrospectionUtils  : IntrospectionUtils: setProperty(class org.apache.tomcat.util.modeler.AttributeInfo type=boolean)
2019-05-11 11:06:12.233 DEBUG 8956 --- [kground-preinit] o.apache.tomcat.util.digester.Digester   :   Fire begin() for SetNextRule[methodName=addAttribute, paramType=org.apache.tomcat.util.modeler.AttributeInfo]
2019-05-11 11:06:12.233 DEBUG 8956 --- [kground-preinit] o.a.tomcat.util.digester.Digester.sax    : endElement(,,attribute)
2019-05-11 11:06:12.233 DEBUG 8956 --- [kground-preinit] o.apache.tomcat.util.digester.Digester   :   match='mbeans-descriptors/mbean/attribute'
2019-05-11 11:06:12.233 DEBUG 8956 --- [kground-preinit] o.apache.tomcat.util.digester.Digester   :   bodyText=''
2019-05-11 11:06:12.234 DEBUG 8956 --- [kground-preinit] o.apache.tomcat.util.digester.Digester   :   Fire body() for ObjectCreateRule[className=org.apache.tomcat.util.modeler.AttributeInfo, attributeName=null]
2019-05-11 11:06:12.234 DEBUG 8956 --- [kground-preinit] o.apache.tomcat.util.digester.Digester   :   Fire body() for SetPropertiesRule[]
2019-05-11 11:06:12.235 DEBUG 8956 --- [kground-preinit] o.apache.tomcat.util.digester.Digester   :   Fire body() for SetNextRule[methodName=addAttribute, paramType=org.apache.tomcat.util.modeler.AttributeInfo]
2019-05-11 11:06:12.235 DEBUG 8956 --- [kground-preinit] o.apache.tomcat.util.digester.Digester   :   Fire end() for SetNextRule[methodName=addAttribute, paramType=org.apache.tomcat.util.modeler.AttributeInfo]
2019-05-11 11:06:12.235 DEBUG 8956 --- [kground-preinit] o.apache.tomcat.util.digester.Digester   : [SetNextRule]{mbeans-descriptors/mbean/attribute} Call org.apache.tomcat.util.modeler.ManagedBean.addAttribute(org.apache.tomcat.util.modeler.AttributeInfo@73c6498e)
2019-05-11 11:06:12.235 DEBUG 8956 --- [kground-preinit] o.apache.tomcat.util.IntrospectionUtils  : IntrospectionUtils: callMethod1 org.apache.tomcat.util.modeler.ManagedBean org.apache.tomcat.util.modeler.AttributeInfo org.apache.tomcat.util.modeler.AttributeInfo
2019-05-11 11:06:12.235 DEBUG 8956 --- [kground-preinit] o.apache.tomcat.util.digester.Digester   :   Fire end() for SetPropertiesRule[]
2019-05-11 11:06:12.235 DEBUG 8956 --- [kground-preinit] o.apache.tomcat.util.digester.Digester   :   Fire end() for ObjectCreateRule[className=org.apache.tomcat.util.modeler.AttributeInfo, attributeName=null]
2019-05-11 11:06:12.235 DEBUG 8956 --- [kground-preinit] o.apache.tomcat.util.digester.Digester   : [ObjectCreateRule]{mbeans-descriptors/mbean/attribute} Pop org.apache.tomcat.util.modeler.AttributeInfo
2019-05-11 11:06:12.235 DEBUG 8956 --- [kground-preinit] o.a.tomcat.util.digester.Digester.sax    : characters(

    )
2019-05-11 11:06:12.235 DEBUG 8956 --- [kground-preinit] o.a.tomcat.util.digester.Digester.sax    : startElement(,,attribute)
2019-05-11 11:06:12.235 DEBUG 8956 --- [kground-preinit] o.apache.tomcat.util.digester.Digester   :   New match='mbeans-descriptors/mbean/attribute'
2019-05-11 11:06:12.236 DEBUG 8956 --- [kground-preinit] o.apache.tomcat.util.digester.Digester   :   Fire begin() for ObjectCreateRule[className=org.apache.tomcat.util.modeler.AttributeInfo, attributeName=null]
2019-05-11 11:06:12.236 DEBUG 8956 --- [kground-preinit] o.apache.tomcat.util.digester.Digester   : [ObjectCreateRule]{mbeans-descriptors/mbean/attribute}New org.apache.tomcat.util.modeler.AttributeInfo
2019-05-11 11:06:12.236 DEBUG 8956 --- [kground-preinit] o.apache.tomcat.util.digester.Digester   :   Fire begin() for SetPropertiesRule[]
2019-05-11 11:06:12.236 DEBUG 8956 --- [kground-preinit] o.apache.tomcat.util.digester.Digester   : [SetPropertiesRule]{mbeans-descriptors/mbean/attribute} Set org.apache.tomcat.util.modeler.AttributeInfo properties
2019-05-11 11:06:12.236 DEBUG 8956 --- [kground-preinit] o.apache.tomcat.util.digester.Digester   : [SetPropertiesRule]{mbeans-descriptors/mbean/attribute} Setting property 'name' to 'stateName'
2019-05-11 11:06:12.236 DEBUG 8956 --- [kground-preinit] o.apache.tomcat.util.IntrospectionUtils  : IntrospectionUtils: setProperty(class org.apache.tomcat.util.modeler.AttributeInfo name=stateName)
2019-05-11 11:06:12.236 DEBUG 8956 --- [kground-preinit] o.apache.tomcat.util.digester.Digester   : [SetPropertiesRule]{mbeans-descriptors/mbean/attribute} Setting property 'description' to 'The name of the LifecycleState that this component is currently in'
2019-05-11 11:06:12.236 DEBUG 8956 --- [kground-preinit] o.apache.tomcat.util.IntrospectionUtils  : IntrospectionUtils: setProperty(class org.apache.tomcat.util.modeler.AttributeInfo description=The name of the LifecycleState that this component is currently in)
2019-05-11 11:06:12.236 DEBUG 8956 --- [kground-preinit] o.apache.tomcat.util.digester.Digester   : [SetPropertiesRule]{mbeans-descriptors/mbean/attribute} Setting property 'type' to 'java.lang.String'
2019-05-11 11:06:12.237 DEBUG 8956 --- [kground-preinit] o.apache.tomcat.util.IntrospectionUtils  : IntrospectionUtils: setProperty(class org.apache.tomcat.util.modeler.AttributeInfo type=java.lang.String)
2019-05-11 11:06:12.237 DEBUG 8956 --- [kground-preinit] o.apache.tomcat.util.digester.Digester   : [SetPropertiesRule]{mbeans-descriptors/mbean/attribute} Setting property 'writeable' to 'false'
2019-05-11 11:06:12.237 DEBUG 8956 --- [kground-preinit] o.apache.tomcat.util.IntrospectionUtils  : IntrospectionUtils: setProperty(class org.apache.tomcat.util.modeler.AttributeInfo writeable=false)
2019-05-11 11:06:12.237 DEBUG 8956 --- [kground-preinit] o.apache.tomcat.util.digester.Digester   :   Fire begin() for SetNextRule[methodName=addAttribute, paramType=org.apache.tomcat.util.modeler.AttributeInfo]
2019-05-11 11:06:12.237 DEBUG 8956 --- [kground-preinit] o.a.tomcat.util.digester.Digester.sax    : endElement(,,attribute)
2019-05-11 11:06:12.237 DEBUG 8956 --- [kground-preinit] o.apache.tomcat.util.digester.Digester   :   match='mbeans-descriptors/mbean/attribute'
2019-05-11 11:06:12.237 DEBUG 8956 --- [kground-preinit] o.apache.tomcat.util.digester.Digester   :   bodyText=''
2019-05-11 11:06:12.237 DEBUG 8956 --- [kground-preinit] o.apache.tomcat.util.digester.Digester   :   Fire body() for ObjectCreateRule[className=org.apache.tomcat.util.modeler.AttributeInfo, attributeName=null]
2019-05-11 11:06:12.237 DEBUG 8956 --- [kground-preinit] o.apache.tomcat.util.digester.Digester   :   Fire body() for SetPropertiesRule[]
2019-05-11 11:06:12.237 DEBUG 8956 --- [kground-preinit] o.apache.tomcat.util.digester.Digester   :   Fire body() for SetNextRule[methodName=addAttribute, paramType=org.apache.tomcat.util.modeler.AttributeInfo]
2019-05-11 11:06:12.238 DEBUG 8956 --- [kground-preinit] o.apache.tomcat.util.digester.Digester   :   Fire end() for SetNextRule[methodName=addAttribute, paramType=org.apache.tomcat.util.modeler.AttributeInfo]
2019-05-11 11:06:12.238 DEBUG 8956 --- [kground-preinit] o.apache.tomcat.util.digester.Digester   : [SetNextRule]{mbeans-descriptors/mbean/attribute} Call org.apache.tomcat.util.modeler.ManagedBean.addAttribute(org.apache.tomcat.util.modeler.AttributeInfo@66625cc4)
2019-05-11 11:06:12.238 DEBUG 8956 --- [kground-preinit] o.apache.tomcat.util.IntrospectionUtils  : IntrospectionUtils: callMethod1 org.apache.tomcat.util.modeler.ManagedBean org.apache.tomcat.util.modeler.AttributeInfo org.apache.tomcat.util.modeler.AttributeInfo
2019-05-11 11:06:12.238 DEBUG 8956 --- [kground-preinit] o.apache.tomcat.util.digester.Digester   :   Fire end() for SetPropertiesRule[]
2019-05-11 11:06:12.238 DEBUG 8956 --- [kground-preinit] o.apache.tomcat.util.digester.Digester   :   Fire end() for ObjectCreateRule[className=org.apache.tomcat.util.modeler.AttributeInfo, attributeName=null]
2019-05-11 11:06:12.238 DEBUG 8956 --- [kground-preinit] o.apache.tomcat.util.digester.Digester   : [ObjectCreateRule]{mbeans-descriptors/mbean/attribute} Pop org.apache.tomcat.util.modeler.AttributeInfo
2019-05-11 11:06:12.238 DEBUG 8956 --- [kground-preinit] o.a.tomcat.util.digester.Digester.sax    : characters(
  )
2019-05-11 11:06:12.238 DEBUG 8956 --- [kground-preinit] o.a.tomcat.util.digester.Digester.sax    : endElement(,,mbean)
2019-05-11 11:06:12.238 DEBUG 8956 --- [kground-preinit] o.apache.tomcat.util.digester.Digester   :   match='mbeans-descriptors/mbean'
2019-05-11 11:06:12.239 DEBUG 8956 --- [kground-preinit] o.apache.tomcat.util.digester.Digester   :   bodyText='

    

    

    

    

    

    
  '
2019-05-11 11:06:12.239 DEBUG 8956 --- [kground-preinit] o.apache.tomcat.util.digester.Digester   :   Fire body() for ObjectCreateRule[className=org.apache.tomcat.util.modeler.ManagedBean, attributeName=null]
2019-05-11 11:06:12.239 DEBUG 8956 --- [kground-preinit] o.apache.tomcat.util.digester.Digester   :   Fire body() for SetPropertiesRule[]
2019-05-11 11:06:12.240 DEBUG 8956 --- [kground-preinit] o.apache.tomcat.util.digester.Digester   :   Fire body() for SetNextRule[methodName=add, paramType=java.lang.Object]
2019-05-11 11:06:12.240 DEBUG 8956 --- [kground-preinit] o.apache.tomcat.util.digester.Digester   :   Fire end() for SetNextRule[methodName=add, paramType=java.lang.Object]
2019-05-11 11:06:12.240 DEBUG 8956 --- [kground-preinit] o.apache.tomcat.util.digester.Digester   : [SetNextRule]{mbeans-descriptors/mbean} Call java.util.ArrayList.add(ManagedBean[name=NonLoginAuthenticator, className=org.apache.tomcat.util.modeler.BaseModelMBean, description=An Authenticator and Valve implementation that checks only security constraints not involving user authentication, group=Valve, type=org.apache.catalina.authenticator.NonLoginAuthenticator])
2019-05-11 11:06:12.240 DEBUG 8956 --- [kground-preinit] o.apache.tomcat.util.IntrospectionUtils  : IntrospectionUtils: callMethod1 java.util.ArrayList org.apache.tomcat.util.modeler.ManagedBean java.lang.Object
2019-05-11 11:06:12.241 DEBUG 8956 --- [kground-preinit] o.apache.tomcat.util.digester.Digester   :   Fire end() for SetPropertiesRule[]
2019-05-11 11:06:12.241 DEBUG 8956 --- [kground-preinit] o.apache.tomcat.util.digester.Digester   :   Fire end() for ObjectCreateRule[className=org.apache.tomcat.util.modeler.ManagedBean, attributeName=null]
2019-05-11 11:06:12.241 DEBUG 8956 --- [kground-preinit] o.apache.tomcat.util.digester.Digester   : [ObjectCreateRule]{mbeans-descriptors/mbean} Pop org.apache.tomcat.util.modeler.ManagedBean
2019-05-11 11:06:12.241 DEBUG 8956 --- [kground-preinit] o.a.tomcat.util.digester.Digester.sax    : characters(


  )
2019-05-11 11:06:12.241 DEBUG 8956 --- [kground-preinit] o.a.tomcat.util.digester.Digester.sax    : startElement(,,mbean)
2019-05-11 11:06:12.241 DEBUG 8956 --- [kground-preinit] o.apache.tomcat.util.digester.Digester   :   New match='mbeans-descriptors/mbean'
2019-05-11 11:06:12.242 DEBUG 8956 --- [kground-preinit] o.apache.tomcat.util.digester.Digester   :   Fire begin() for ObjectCreateRule[className=org.apache.tomcat.util.modeler.ManagedBean, attributeName=null]
2019-05-11 11:06:12.242 DEBUG 8956 --- [kground-preinit] o.apache.tomcat.util.digester.Digester   : [ObjectCreateRule]{mbeans-descriptors/mbean}New org.apache.tomcat.util.modeler.ManagedBean
2019-05-11 11:06:12.242 DEBUG 8956 --- [kground-preinit] o.apache.tomcat.util.digester.Digester   :   Fire begin() for SetPropertiesRule[]
2019-05-11 11:06:12.242 DEBUG 8956 --- [kground-preinit] o.apache.tomcat.util.digester.Digester   : [SetPropertiesRule]{mbeans-descriptors/mbean} Set org.apache.tomcat.util.modeler.ManagedBean properties
2019-05-11 11:06:12.242 DEBUG 8956 --- [kground-preinit] o.apache.tomcat.util.digester.Digester   : [SetPropertiesRule]{mbeans-descriptors/mbean} Setting property 'name' to 'SingleSignOn'
2019-05-11 11:06:12.242 DEBUG 8956 --- [kground-preinit] o.apache.tomcat.util.IntrospectionUtils  : IntrospectionUtils: setProperty(class org.apache.tomcat.util.modeler.ManagedBean name=SingleSignOn)
2019-05-11 11:06:12.242 DEBUG 8956 --- [kground-preinit] o.apache.tomcat.util.digester.Digester   : [SetPropertiesRule]{mbeans-descriptors/mbean} Setting property 'description' to 'A Valve that supports a 'single signon' user experience'
2019-05-11 11:06:12.242 DEBUG 8956 --- [kground-preinit] o.apache.tomcat.util.IntrospectionUtils  : IntrospectionUtils: setProperty(class org.apache.tomcat.util.modeler.ManagedBean description=A Valve that supports a 'single signon' user experience)
2019-05-11 11:06:12.243 DEBUG 8956 --- [kground-preinit] o.apache.tomcat.util.digester.Digester   : [SetPropertiesRule]{mbeans-descriptors/mbean} Setting property 'domain' to 'Catalina'
2019-05-11 11:06:12.243 DEBUG 8956 --- [kground-preinit] o.apache.tomcat.util.IntrospectionUtils  : IntrospectionUtils: setProperty(class org.apache.tomcat.util.modeler.ManagedBean domain=Catalina)
2019-05-11 11:06:12.243 DEBUG 8956 --- [kground-preinit] o.apache.tomcat.util.digester.Digester   : [SetPropertiesRule]{mbeans-descriptors/mbean} Setting property 'group' to 'Valve'
2019-05-11 11:06:12.243 DEBUG 8956 --- [kground-preinit] o.apache.tomcat.util.IntrospectionUtils  : IntrospectionUtils: setProperty(class org.apache.tomcat.util.modeler.ManagedBean group=Valve)
2019-05-11 11:06:12.243 DEBUG 8956 --- [kground-preinit] o.apache.tomcat.util.digester.Digester   : [SetPropertiesRule]{mbeans-descriptors/mbean} Setting property 'type' to 'org.apache.catalina.authenticator.SingleSignOn'
2019-05-11 11:06:12.243 DEBUG 8956 --- [kground-preinit] o.apache.tomcat.util.IntrospectionUtils  : IntrospectionUtils: setProperty(class org.apache.tomcat.util.modeler.ManagedBean type=org.apache.catalina.authenticator.SingleSignOn)
2019-05-11 11:06:12.243 DEBUG 8956 --- [kground-preinit] o.apache.tomcat.util.digester.Digester   :   Fire begin() for SetNextRule[methodName=add, paramType=java.lang.Object]
2019-05-11 11:06:12.243 DEBUG 8956 --- [kground-preinit] o.a.tomcat.util.digester.Digester.sax    : characters(

    )
2019-05-11 11:06:12.244 DEBUG 8956 --- [kground-preinit] o.a.tomcat.util.digester.Digester.sax    : startElement(,,attribute)
2019-05-11 11:06:12.244 DEBUG 8956 --- [kground-preinit] o.apache.tomcat.util.digester.Digester   :   New match='mbeans-descriptors/mbean/attribute'
2019-05-11 11:06:12.244 DEBUG 8956 --- [kground-preinit] o.apache.tomcat.util.digester.Digester   :   Fire begin() for ObjectCreateRule[className=org.apache.tomcat.util.modeler.AttributeInfo, attributeName=null]
2019-05-11 11:06:12.244 DEBUG 8956 --- [kground-preinit] o.apache.tomcat.util.digester.Digester   : [ObjectCreateRule]{mbeans-descriptors/mbean/attribute}New org.apache.tomcat.util.modeler.AttributeInfo
2019-05-11 11:06:12.244 DEBUG 8956 --- [kground-preinit] o.apache.tomcat.util.digester.Digester   :   Fire begin() for SetPropertiesRule[]
2019-05-11 11:06:12.244 DEBUG 8956 --- [kground-preinit] o.apache.tomcat.util.digester.Digester   : [SetPropertiesRule]{mbeans-descriptors/mbean/attribute} Set org.apache.tomcat.util.modeler.AttributeInfo properties
2019-05-11 11:06:12.244 DEBUG 8956 --- [kground-preinit] o.apache.tomcat.util.digester.Digester   : [SetPropertiesRule]{mbeans-descriptors/mbean/attribute} Setting property 'name' to 'className'
2019-05-11 11:06:12.244 DEBUG 8956 --- [kground-preinit] o.apache.tomcat.util.IntrospectionUtils  : IntrospectionUtils: setProperty(class org.apache.tomcat.util.modeler.AttributeInfo name=className)
2019-05-11 11:06:12.244 DEBUG 8956 --- [kground-preinit] o.apache.tomcat.util.digester.Digester   : [SetPropertiesRule]{mbeans-descriptors/mbean/attribute} Setting property 'description' to 'Fully qualified class name of the managed object'
2019-05-11 11:06:12.244 DEBUG 8956 --- [kground-preinit] o.apache.tomcat.util.IntrospectionUtils  : IntrospectionUtils: setProperty(class org.apache.tomcat.util.modeler.AttributeInfo description=Fully qualified class name of the managed object)
2019-05-11 11:06:12.245 DEBUG 8956 --- [kground-preinit] o.apache.tomcat.util.digester.Digester   : [SetPropertiesRule]{mbeans-descriptors/mbean/attribute} Setting property 'type' to 'java.lang.String'
2019-05-11 11:06:12.245 DEBUG 8956 --- [kground-preinit] o.apache.tomcat.util.IntrospectionUtils  : IntrospectionUtils: setProperty(class org.apache.tomcat.util.modeler.AttributeInfo type=java.lang.String)
2019-05-11 11:06:12.245 DEBUG 8956 --- [kground-preinit] o.apache.tomcat.util.digester.Digester   : [SetPropertiesRule]{mbeans-descriptors/mbean/attribute} Setting property 'writeable' to 'false'
2019-05-11 11:06:12.245 DEBUG 8956 --- [kground-preinit] o.apache.tomcat.util.IntrospectionUtils  : IntrospectionUtils: setProperty(class org.apache.tomcat.util.modeler.AttributeInfo writeable=false)
2019-05-11 11:06:12.245 DEBUG 8956 --- [kground-preinit] o.apache.tomcat.util.digester.Digester   :   Fire begin() for SetNextRule[methodName=addAttribute, paramType=org.apache.tomcat.util.modeler.AttributeInfo]
2019-05-11 11:06:12.245 DEBUG 8956 --- [kground-preinit] o.a.tomcat.util.digester.Digester.sax    : endElement(,,attribute)
2019-05-11 11:06:12.245 DEBUG 8956 --- [kground-preinit] o.apache.tomcat.util.digester.Digester   :   match='mbeans-descriptors/mbean/attribute'
2019-05-11 11:06:12.245 DEBUG 8956 --- [kground-preinit] o.apache.tomcat.util.digester.Digester   :   bodyText=''
2019-05-11 11:06:12.245 DEBUG 8956 --- [kground-preinit] o.apache.tomcat.util.digester.Digester   :   Fire body() for ObjectCreateRule[className=org.apache.tomcat.util.modeler.AttributeInfo, attributeName=null]
2019-05-11 11:06:12.246 DEBUG 8956 --- [kground-preinit] o.apache.tomcat.util.digester.Digester   :   Fire body() for SetPropertiesRule[]
2019-05-11 11:06:12.246 DEBUG 8956 --- [kground-preinit] o.apache.tomcat.util.digester.Digester   :   Fire body() for SetNextRule[methodName=addAttribute, paramType=org.apache.tomcat.util.modeler.AttributeInfo]
2019-05-11 11:06:12.246 DEBUG 8956 --- [kground-preinit] o.apache.tomcat.util.digester.Digester   :   Fire end() for SetNextRule[methodName=addAttribute, paramType=org.apache.tomcat.util.modeler.AttributeInfo]
2019-05-11 11:06:12.246 DEBUG 8956 --- [kground-preinit] o.apache.tomcat.util.digester.Digester   : [SetNextRule]{mbeans-descriptors/mbean/attribute} Call org.apache.tomcat.util.modeler.ManagedBean.addAttribute(org.apache.tomcat.util.modeler.AttributeInfo@25935116)
2019-05-11 11:06:12.246 DEBUG 8956 --- [kground-preinit] o.apache.tomcat.util.IntrospectionUtils  : IntrospectionUtils: callMethod1 org.apache.tomcat.util.modeler.ManagedBean org.apache.tomcat.util.modeler.AttributeInfo org.apache.tomcat.util.modeler.AttributeInfo
2019-05-11 11:06:12.246 DEBUG 8956 --- [kground-preinit] o.apache.tomcat.util.digester.Digester   :   Fire end() for SetPropertiesRule[]
2019-05-11 11:06:12.247 DEBUG 8956 --- [kground-preinit] o.apache.tomcat.util.digester.Digester   :   Fire end() for ObjectCreateRule[className=org.apache.tomcat.util.modeler.AttributeInfo, attributeName=null]
2019-05-11 11:06:12.247 DEBUG 8956 --- [kground-preinit] o.apache.tomcat.util.digester.Digester   : [ObjectCreateRule]{mbeans-descriptors/mbean/attribute} Pop org.apache.tomcat.util.modeler.AttributeInfo
2019-05-11 11:06:12.248 DEBUG 8956 --- [kground-preinit] o.a.tomcat.util.digester.Digester.sax    : characters(

    )
2019-05-11 11:06:12.248 DEBUG 8956 --- [kground-preinit] o.a.tomcat.util.digester.Digester.sax    : startElement(,,attribute)
2019-05-11 11:06:12.248 DEBUG 8956 --- [kground-preinit] o.apache.tomcat.util.digester.Digester   :   New match='mbeans-descriptors/mbean/attribute'
2019-05-11 11:06:12.248 DEBUG 8956 --- [kground-preinit] o.apache.tomcat.util.digester.Digester   :   Fire begin() for ObjectCreateRule[className=org.apache.tomcat.util.modeler.AttributeInfo, attributeName=null]
2019-05-11 11:06:12.249 DEBUG 8956 --- [kground-preinit] o.apache.tomcat.util.digester.Digester   : [ObjectCreateRule]{mbeans-descriptors/mbean/attribute}New org.apache.tomcat.util.modeler.AttributeInfo
2019-05-11 11:06:12.249 DEBUG 8956 --- [kground-preinit] o.apache.tomcat.util.digester.Digester   :   Fire begin() for SetPropertiesRule[]
2019-05-11 11:06:12.249 DEBUG 8956 --- [kground-preinit] o.apache.tomcat.util.digester.Digester   : [SetPropertiesRule]{mbeans-descriptors/mbean/attribute} Set org.apache.tomcat.util.modeler.AttributeInfo properties
2019-05-11 11:06:12.249 DEBUG 8956 --- [kground-preinit] o.apache.tomcat.util.digester.Digester   : [SetPropertiesRule]{mbeans-descriptors/mbean/attribute} Setting property 'name' to 'requireReauthentication'
2019-05-11 11:06:12.249 DEBUG 8956 --- [kground-preinit] o.apache.tomcat.util.IntrospectionUtils  : IntrospectionUtils: setProperty(class org.apache.tomcat.util.modeler.AttributeInfo name=requireReauthentication)
2019-05-11 11:06:12.249 DEBUG 8956 --- [kground-preinit] o.apache.tomcat.util.digester.Digester   : [SetPropertiesRule]{mbeans-descriptors/mbean/attribute} Setting property 'description' to 'Should we attempt to reauthenticate each request against the security Realm?'
2019-05-11 11:06:12.249 DEBUG 8956 --- [kground-preinit] o.apache.tomcat.util.IntrospectionUtils  : IntrospectionUtils: setProperty(class org.apache.tomcat.util.modeler.AttributeInfo description=Should we attempt to reauthenticate each request against the security Realm?)
2019-05-11 11:06:12.249 DEBUG 8956 --- [kground-preinit] o.apache.tomcat.util.digester.Digester   : [SetPropertiesRule]{mbeans-descriptors/mbean/attribute} Setting property 'type' to 'boolean'
2019-05-11 11:06:12.249 DEBUG 8956 --- [kground-preinit] o.apache.tomcat.util.IntrospectionUtils  : IntrospectionUtils: setProperty(class org.apache.tomcat.util.modeler.AttributeInfo type=boolean)
2019-05-11 11:06:12.249 DEBUG 8956 --- [kground-preinit] o.apache.tomcat.util.digester.Digester   :   Fire begin() for SetNextRule[methodName=addAttribute, paramType=org.apache.tomcat.util.modeler.AttributeInfo]
2019-05-11 11:06:12.249 DEBUG 8956 --- [kground-preinit] o.a.tomcat.util.digester.Digester.sax    : endElement(,,attribute)
2019-05-11 11:06:12.249 DEBUG 8956 --- [kground-preinit] o.apache.tomcat.util.digester.Digester   :   match='mbeans-descriptors/mbean/attribute'
2019-05-11 11:06:12.250 DEBUG 8956 --- [kground-preinit] o.apache.tomcat.util.digester.Digester   :   bodyText=''
2019-05-11 11:06:12.250 DEBUG 8956 --- [kground-preinit] o.apache.tomcat.util.digester.Digester   :   Fire body() for ObjectCreateRule[className=org.apache.tomcat.util.modeler.AttributeInfo, attributeName=null]
2019-05-11 11:06:12.250 DEBUG 8956 --- [kground-preinit] o.apache.tomcat.util.digester.Digester   :   Fire body() for SetPropertiesRule[]
2019-05-11 11:06:12.250 DEBUG 8956 --- [kground-preinit] o.apache.tomcat.util.digester.Digester   :   Fire body() for SetNextRule[methodName=addAttribute, paramType=org.apache.tomcat.util.modeler.AttributeInfo]
2019-05-11 11:06:12.250 DEBUG 8956 --- [kground-preinit] o.apache.tomcat.util.digester.Digester   :   Fire end() for SetNextRule[methodName=addAttribute, paramType=org.apache.tomcat.util.modeler.AttributeInfo]
2019-05-11 11:06:12.250 DEBUG 8956 --- [kground-preinit] o.apache.tomcat.util.digester.Digester   : [SetNextRule]{mbeans-descriptors/mbean/attribute} Call org.apache.tomcat.util.modeler.ManagedBean.addAttribute(org.apache.tomcat.util.modeler.AttributeInfo@47e3b081)
2019-05-11 11:06:12.250 DEBUG 8956 --- [kground-preinit] o.apache.tomcat.util.IntrospectionUtils  : IntrospectionUtils: callMethod1 org.apache.tomcat.util.modeler.ManagedBean org.apache.tomcat.util.modeler.AttributeInfo org.apache.tomcat.util.modeler.AttributeInfo
2019-05-11 11:06:12.250 DEBUG 8956 --- [kground-preinit] o.apache.tomcat.util.digester.Digester   :   Fire end() for SetPropertiesRule[]
2019-05-11 11:06:12.250 DEBUG 8956 --- [kground-preinit] o.apache.tomcat.util.digester.Digester   :   Fire end() for ObjectCreateRule[className=org.apache.tomcat.util.modeler.AttributeInfo, attributeName=null]
2019-05-11 11:06:12.250 DEBUG 8956 --- [kground-preinit] o.apache.tomcat.util.digester.Digester   : [ObjectCreateRule]{mbeans-descriptors/mbean/attribute} Pop org.apache.tomcat.util.modeler.AttributeInfo
2019-05-11 11:06:12.251 DEBUG 8956 --- [kground-preinit] o.a.tomcat.util.digester.Digester.sax    : characters(

    )
2019-05-11 11:06:12.251 DEBUG 8956 --- [kground-preinit] o.a.tomcat.util.digester.Digester.sax    : startElement(,,attribute)
2019-05-11 11:06:12.251 DEBUG 8956 --- [kground-preinit] o.apache.tomcat.util.digester.Digester   :   New match='mbeans-descriptors/mbean/attribute'
2019-05-11 11:06:12.251 DEBUG 8956 --- [kground-preinit] o.apache.tomcat.util.digester.Digester   :   Fire begin() for ObjectCreateRule[className=org.apache.tomcat.util.modeler.AttributeInfo, attributeName=null]
2019-05-11 11:06:12.251 DEBUG 8956 --- [kground-preinit] o.apache.tomcat.util.digester.Digester   : [ObjectCreateRule]{mbeans-descriptors/mbean/attribute}New org.apache.tomcat.util.modeler.AttributeInfo
2019-05-11 11:06:12.251 DEBUG 8956 --- [kground-preinit] o.apache.tomcat.util.digester.Digester   :   Fire begin() for SetPropertiesRule[]
2019-05-11 11:06:12.251 DEBUG 8956 --- [kground-preinit] o.apache.tomcat.util.digester.Digester   : [SetPropertiesRule]{mbeans-descriptors/mbean/attribute} Set org.apache.tomcat.util.modeler.AttributeInfo properties
2019-05-11 11:06:12.251 DEBUG 8956 --- [kground-preinit] o.apache.tomcat.util.digester.Digester   : [SetPropertiesRule]{mbeans-descriptors/mbean/attribute} Setting property 'name' to 'cookieDomain'
2019-05-11 11:06:12.251 DEBUG 8956 --- [kground-preinit] o.apache.tomcat.util.IntrospectionUtils  : IntrospectionUtils: setProperty(class org.apache.tomcat.util.modeler.AttributeInfo name=cookieDomain)
2019-05-11 11:06:12.251 DEBUG 8956 --- [kground-preinit] o.apache.tomcat.util.digester.Digester   : [SetPropertiesRule]{mbeans-descriptors/mbean/attribute} Setting property 'description' to '(Optional) Domain to be used by sso cookies'
2019-05-11 11:06:12.251 DEBUG 8956 --- [kground-preinit] o.apache.tomcat.util.IntrospectionUtils  : IntrospectionUtils: setProperty(class org.apache.tomcat.util.modeler.AttributeInfo description=(Optional) Domain to be used by sso cookies)
2019-05-11 11:06:12.251 DEBUG 8956 --- [kground-preinit] o.apache.tomcat.util.digester.Digester   : [SetPropertiesRule]{mbeans-descriptors/mbean/attribute} Setting property 'type' to 'java.lang.String'
2019-05-11 11:06:12.251 DEBUG 8956 --- [kground-preinit] o.apache.tomcat.util.IntrospectionUtils  : IntrospectionUtils: setProperty(class org.apache.tomcat.util.modeler.AttributeInfo type=java.lang.String)
2019-05-11 11:06:12.252 DEBUG 8956 --- [kground-preinit] o.apache.tomcat.util.digester.Digester   :   Fire begin() for SetNextRule[methodName=addAttribute, paramType=org.apache.tomcat.util.modeler.AttributeInfo]
2019-05-11 11:06:12.252 DEBUG 8956 --- [kground-preinit] o.a.tomcat.util.digester.Digester.sax    : endElement(,,attribute)
2019-05-11 11:06:12.252 DEBUG 8956 --- [kground-preinit] o.apache.tomcat.util.digester.Digester   :   match='mbeans-descriptors/mbean/attribute'
2019-05-11 11:06:12.252 DEBUG 8956 --- [kground-preinit] o.apache.tomcat.util.digester.Digester   :   bodyText=''
2019-05-11 11:06:12.252 DEBUG 8956 --- [kground-preinit] o.apache.tomcat.util.digester.Digester   :   Fire body() for ObjectCreateRule[className=org.apache.tomcat.util.modeler.AttributeInfo, attributeName=null]
2019-05-11 11:06:12.252 DEBUG 8956 --- [kground-preinit] o.apache.tomcat.util.digester.Digester   :   Fire body() for SetPropertiesRule[]
2019-05-11 11:06:12.252 DEBUG 8956 --- [kground-preinit] o.apache.tomcat.util.digester.Digester   :   Fire body() for SetNextRule[methodName=addAttribute, paramType=org.apache.tomcat.util.modeler.AttributeInfo]
2019-05-11 11:06:12.252 DEBUG 8956 --- [kground-preinit] o.apache.tomcat.util.digester.Digester   :   Fire end() for SetNextRule[methodName=addAttribute, paramType=org.apache.tomcat.util.modeler.AttributeInfo]
2019-05-11 11:06:12.252 DEBUG 8956 --- [kground-preinit] o.apache.tomcat.util.digester.Digester   : [SetNextRule]{mbeans-descriptors/mbean/attribute} Call org.apache.tomcat.util.modeler.ManagedBean.addAttribute(org.apache.tomcat.util.modeler.AttributeInfo@6281bca)
2019-05-11 11:06:12.252 DEBUG 8956 --- [kground-preinit] o.apache.tomcat.util.IntrospectionUtils  : IntrospectionUtils: callMethod1 org.apache.tomcat.util.modeler.ManagedBean org.apache.tomcat.util.modeler.AttributeInfo org.apache.tomcat.util.modeler.AttributeInfo
2019-05-11 11:06:12.252 DEBUG 8956 --- [kground-preinit] o.apache.tomcat.util.digester.Digester   :   Fire end() for SetPropertiesRule[]
2019-05-11 11:06:12.252 DEBUG 8956 --- [kground-preinit] o.apache.tomcat.util.digester.Digester   :   Fire end() for ObjectCreateRule[className=org.apache.tomcat.util.modeler.AttributeInfo, attributeName=null]
2019-05-11 11:06:12.252 DEBUG 8956 --- [kground-preinit] o.apache.tomcat.util.digester.Digester   : [ObjectCreateRule]{mbeans-descriptors/mbean/attribute} Pop org.apache.tomcat.util.modeler.AttributeInfo
2019-05-11 11:06:12.252 DEBUG 8956 --- [kground-preinit] o.a.tomcat.util.digester.Digester.sax    : characters(

    )
2019-05-11 11:06:12.253 DEBUG 8956 --- [kground-preinit] o.a.tomcat.util.digester.Digester.sax    : startElement(,,attribute)
2019-05-11 11:06:12.253 DEBUG 8956 --- [kground-preinit] o.apache.tomcat.util.digester.Digester   :   New match='mbeans-descriptors/mbean/attribute'
2019-05-11 11:06:12.253 DEBUG 8956 --- [kground-preinit] o.apache.tomcat.util.digester.Digester   :   Fire begin() for ObjectCreateRule[className=org.apache.tomcat.util.modeler.AttributeInfo, attributeName=null]
2019-05-11 11:06:12.253 DEBUG 8956 --- [kground-preinit] o.apache.tomcat.util.digester.Digester   : [ObjectCreateRule]{mbeans-descriptors/mbean/attribute}New org.apache.tomcat.util.modeler.AttributeInfo
2019-05-11 11:06:12.253 DEBUG 8956 --- [kground-preinit] o.apache.tomcat.util.digester.Digester   :   Fire begin() for SetPropertiesRule[]
2019-05-11 11:06:12.253 DEBUG 8956 --- [kground-preinit] o.apache.tomcat.util.digester.Digester   : [SetPropertiesRule]{mbeans-descriptors/mbean/attribute} Set org.apache.tomcat.util.modeler.AttributeInfo properties
2019-05-11 11:06:12.253 DEBUG 8956 --- [kground-preinit] o.apache.tomcat.util.digester.Digester   : [SetPropertiesRule]{mbeans-descriptors/mbean/attribute} Setting property 'name' to 'stateName'
2019-05-11 11:06:12.253 DEBUG 8956 --- [kground-preinit] o.apache.tomcat.util.IntrospectionUtils  : IntrospectionUtils: setProperty(class org.apache.tomcat.util.modeler.AttributeInfo name=stateName)
2019-05-11 11:06:12.254 DEBUG 8956 --- [kground-preinit] o.apache.tomcat.util.digester.Digester   : [SetPropertiesRule]{mbeans-descriptors/mbean/attribute} Setting property 'description' to 'The name of the LifecycleState that this component is currently in'
2019-05-11 11:06:12.254 DEBUG 8956 --- [kground-preinit] o.apache.tomcat.util.IntrospectionUtils  : IntrospectionUtils: setProperty(class org.apache.tomcat.util.modeler.AttributeInfo description=The name of the LifecycleState that this component is currently in)
2019-05-11 11:06:12.254 DEBUG 8956 --- [kground-preinit] o.apache.tomcat.util.digester.Digester   : [SetPropertiesRule]{mbeans-descriptors/mbean/attribute} Setting property 'type' to 'java.lang.String'
2019-05-11 11:06:12.254 DEBUG 8956 --- [kground-preinit] o.apache.tomcat.util.IntrospectionUtils  : IntrospectionUtils: setProperty(class org.apache.tomcat.util.modeler.AttributeInfo type=java.lang.String)
2019-05-11 11:06:12.254 DEBUG 8956 --- [kground-preinit] o.apache.tomcat.util.digester.Digester   : [SetPropertiesRule]{mbeans-descriptors/mbean/attribute} Setting property 'writeable' to 'false'
2019-05-11 11:06:12.254 DEBUG 8956 --- [kground-preinit] o.apache.tomcat.util.IntrospectionUtils  : IntrospectionUtils: setProperty(class org.apache.tomcat.util.modeler.AttributeInfo writeable=false)
2019-05-11 11:06:12.254 DEBUG 8956 --- [kground-preinit] o.apache.tomcat.util.digester.Digester   :   Fire begin() for SetNextRule[methodName=addAttribute, paramType=org.apache.tomcat.util.modeler.AttributeInfo]
2019-05-11 11:06:12.254 DEBUG 8956 --- [kground-preinit] o.a.tomcat.util.digester.Digester.sax    : endElement(,,attribute)
2019-05-11 11:06:12.254 DEBUG 8956 --- [kground-preinit] o.apache.tomcat.util.digester.Digester   :   match='mbeans-descriptors/mbean/attribute'
2019-05-11 11:06:12.255 DEBUG 8956 --- [kground-preinit] o.apache.tomcat.util.digester.Digester   :   bodyText=''
2019-05-11 11:06:12.255 DEBUG 8956 --- [kground-preinit] o.apache.tomcat.util.digester.Digester   :   Fire body() for ObjectCreateRule[className=org.apache.tomcat.util.modeler.AttributeInfo, attributeName=null]
2019-05-11 11:06:12.255 DEBUG 8956 --- [kground-preinit] o.apache.tomcat.util.digester.Digester   :   Fire body() for SetPropertiesRule[]
2019-05-11 11:06:12.255 DEBUG 8956 --- [kground-preinit] o.apache.tomcat.util.digester.Digester   :   Fire body() for SetNextRule[methodName=addAttribute, paramType=org.apache.tomcat.util.modeler.AttributeInfo]
2019-05-11 11:06:12.255 DEBUG 8956 --- [kground-preinit] o.apache.tomcat.util.digester.Digester   :   Fire end() for SetNextRule[methodName=addAttribute, paramType=org.apache.tomcat.util.modeler.AttributeInfo]
2019-05-11 11:06:12.255 DEBUG 8956 --- [kground-preinit] o.apache.tomcat.util.digester.Digester   : [SetNextRule]{mbeans-descriptors/mbean/attribute} Call org.apache.tomcat.util.modeler.ManagedBean.addAttribute(org.apache.tomcat.util.modeler.AttributeInfo@72d8f3b7)
2019-05-11 11:06:12.255 DEBUG 8956 --- [kground-preinit] o.apache.tomcat.util.IntrospectionUtils  : IntrospectionUtils: callMethod1 org.apache.tomcat.util.modeler.ManagedBean org.apache.tomcat.util.modeler.AttributeInfo org.apache.tomcat.util.modeler.AttributeInfo
2019-05-11 11:06:12.256 DEBUG 8956 --- [kground-preinit] o.apache.tomcat.util.digester.Digester   :   Fire end() for SetPropertiesRule[]
2019-05-11 11:06:12.256 DEBUG 8956 --- [kground-preinit] o.apache.tomcat.util.digester.Digester   :   Fire end() for ObjectCreateRule[className=org.apache.tomcat.util.modeler.AttributeInfo, attributeName=null]
2019-05-11 11:06:12.256 DEBUG 8956 --- [kground-preinit] o.apache.tomcat.util.digester.Digester   : [ObjectCreateRule]{mbeans-descriptors/mbean/attribute} Pop org.apache.tomcat.util.modeler.AttributeInfo
2019-05-11 11:06:12.256 DEBUG 8956 --- [kground-preinit] o.a.tomcat.util.digester.Digester.sax    : characters(
  )
2019-05-11 11:06:12.256 DEBUG 8956 --- [kground-preinit] o.a.tomcat.util.digester.Digester.sax    : endElement(,,mbean)
2019-05-11 11:06:12.256 DEBUG 8956 --- [kground-preinit] o.apache.tomcat.util.digester.Digester   :   match='mbeans-descriptors/mbean'
2019-05-11 11:06:12.256 DEBUG 8956 --- [kground-preinit] o.apache.tomcat.util.digester.Digester   :   bodyText='

    

    

    

    
  '
2019-05-11 11:06:12.256 DEBUG 8956 --- [kground-preinit] o.apache.tomcat.util.digester.Digester   :   Fire body() for ObjectCreateRule[className=org.apache.tomcat.util.modeler.ManagedBean, attributeName=null]
2019-05-11 11:06:12.256 DEBUG 8956 --- [kground-preinit] o.apache.tomcat.util.digester.Digester   :   Fire body() for SetPropertiesRule[]
2019-05-11 11:06:12.257 DEBUG 8956 --- [kground-preinit] o.apache.tomcat.util.digester.Digester   :   Fire body() for SetNextRule[methodName=add, paramType=java.lang.Object]
2019-05-11 11:06:12.257 DEBUG 8956 --- [kground-preinit] o.apache.tomcat.util.digester.Digester   :   Fire end() for SetNextRule[methodName=add, paramType=java.lang.Object]
2019-05-11 11:06:12.257 DEBUG 8956 --- [kground-preinit] o.apache.tomcat.util.digester.Digester   : [SetNextRule]{mbeans-descriptors/mbean} Call java.util.ArrayList.add(ManagedBean[name=SingleSignOn, className=org.apache.tomcat.util.modeler.BaseModelMBean, description=A Valve that supports a 'single signon' user experience, group=Valve, type=org.apache.catalina.authenticator.SingleSignOn])
2019-05-11 11:06:12.257 DEBUG 8956 --- [kground-preinit] o.apache.tomcat.util.IntrospectionUtils  : IntrospectionUtils: callMethod1 java.util.ArrayList org.apache.tomcat.util.modeler.ManagedBean java.lang.Object
2019-05-11 11:06:12.257 DEBUG 8956 --- [kground-preinit] o.apache.tomcat.util.digester.Digester   :   Fire end() for SetPropertiesRule[]
2019-05-11 11:06:12.257 DEBUG 8956 --- [kground-preinit] o.apache.tomcat.util.digester.Digester   :   Fire end() for ObjectCreateRule[className=org.apache.tomcat.util.modeler.ManagedBean, attributeName=null]
2019-05-11 11:06:12.257 DEBUG 8956 --- [kground-preinit] o.apache.tomcat.util.digester.Digester   : [ObjectCreateRule]{mbeans-descriptors/mbean} Pop org.apache.tomcat.util.modeler.ManagedBean
2019-05-11 11:06:12.257 DEBUG 8956 --- [kground-preinit] o.a.tomcat.util.digester.Digester.sax    : characters(


  )
2019-05-11 11:06:12.257 DEBUG 8956 --- [kground-preinit] o.a.tomcat.util.digester.Digester.sax    : startElement(,,mbean)
2019-05-11 11:06:12.257 DEBUG 8956 --- [kground-preinit] o.apache.tomcat.util.digester.Digester   :   New match='mbeans-descriptors/mbean'
2019-05-11 11:06:12.257 DEBUG 8956 --- [kground-preinit] o.apache.tomcat.util.digester.Digester   :   Fire begin() for ObjectCreateRule[className=org.apache.tomcat.util.modeler.ManagedBean, attributeName=null]
2019-05-11 11:06:12.257 DEBUG 8956 --- [kground-preinit] o.apache.tomcat.util.digester.Digester   : [ObjectCreateRule]{mbeans-descriptors/mbean}New org.apache.tomcat.util.modeler.ManagedBean
2019-05-11 11:06:12.258 DEBUG 8956 --- [kground-preinit] o.apache.tomcat.util.digester.Digester   :   Fire begin() for SetPropertiesRule[]
2019-05-11 11:06:12.258 DEBUG 8956 --- [kground-preinit] o.apache.tomcat.util.digester.Digester   : [SetPropertiesRule]{mbeans-descriptors/mbean} Set org.apache.tomcat.util.modeler.ManagedBean properties
2019-05-11 11:06:12.258 DEBUG 8956 --- [kground-preinit] o.apache.tomcat.util.digester.Digester   : [SetPropertiesRule]{mbeans-descriptors/mbean} Setting property 'name' to 'SSLAuthenticator'
2019-05-11 11:06:12.258 DEBUG 8956 --- [kground-preinit] o.apache.tomcat.util.IntrospectionUtils  : IntrospectionUtils: setProperty(class org.apache.tomcat.util.modeler.ManagedBean name=SSLAuthenticator)
2019-05-11 11:06:12.258 DEBUG 8956 --- [kground-preinit] o.apache.tomcat.util.digester.Digester   : [SetPropertiesRule]{mbeans-descriptors/mbean} Setting property 'description' to 'An Authenticator and Valve implementation of authentication that utilizes SSL certificates to identify client users'
2019-05-11 11:06:12.258 DEBUG 8956 --- [kground-preinit] o.apache.tomcat.util.IntrospectionUtils  : IntrospectionUtils: setProperty(class org.apache.tomcat.util.modeler.ManagedBean description=An Authenticator and Valve implementation of authentication that utilizes SSL certificates to identify client users)
2019-05-11 11:06:12.258 DEBUG 8956 --- [kground-preinit] o.apache.tomcat.util.digester.Digester   : [SetPropertiesRule]{mbeans-descriptors/mbean} Setting property 'domain' to 'Catalina'
2019-05-11 11:06:12.258 DEBUG 8956 --- [kground-preinit] o.apache.tomcat.util.IntrospectionUtils  : IntrospectionUtils: setProperty(class org.apache.tomcat.util.modeler.ManagedBean domain=Catalina)
2019-05-11 11:06:12.258 DEBUG 8956 --- [kground-preinit] o.apache.tomcat.util.digester.Digester   : [SetPropertiesRule]{mbeans-descriptors/mbean} Setting property 'group' to 'Valve'
2019-05-11 11:06:12.258 DEBUG 8956 --- [kground-preinit] o.apache.tomcat.util.IntrospectionUtils  : IntrospectionUtils: setProperty(class org.apache.tomcat.util.modeler.ManagedBean group=Valve)
2019-05-11 11:06:12.258 DEBUG 8956 --- [kground-preinit] o.apache.tomcat.util.digester.Digester   : [SetPropertiesRule]{mbeans-descriptors/mbean} Setting property 'type' to 'org.apache.catalina.authenticator.SSLAuthenticator'
2019-05-11 11:06:12.258 DEBUG 8956 --- [kground-preinit] o.apache.tomcat.util.IntrospectionUtils  : IntrospectionUtils: setProperty(class org.apache.tomcat.util.modeler.ManagedBean type=org.apache.catalina.authenticator.SSLAuthenticator)
2019-05-11 11:06:12.259 DEBUG 8956 --- [kground-preinit] o.apache.tomcat.util.digester.Digester   :   Fire begin() for SetNextRule[methodName=add, paramType=java.lang.Object]
2019-05-11 11:06:12.259 DEBUG 8956 --- [kground-preinit] o.a.tomcat.util.digester.Digester.sax    : characters(

    )
2019-05-11 11:06:12.259 DEBUG 8956 --- [kground-preinit] o.a.tomcat.util.digester.Digester.sax    : startElement(,,attribute)
2019-05-11 11:06:12.259 DEBUG 8956 --- [kground-preinit] o.apache.tomcat.util.digester.Digester   :   New match='mbeans-descriptors/mbean/attribute'
2019-05-11 11:06:12.259 DEBUG 8956 --- [kground-preinit] o.apache.tomcat.util.digester.Digester   :   Fire begin() for ObjectCreateRule[className=org.apache.tomcat.util.modeler.AttributeInfo, attributeName=null]
2019-05-11 11:06:12.259 DEBUG 8956 --- [kground-preinit] o.apache.tomcat.util.digester.Digester   : [ObjectCreateRule]{mbeans-descriptors/mbean/attribute}New org.apache.tomcat.util.modeler.AttributeInfo
2019-05-11 11:06:12.259 DEBUG 8956 --- [kground-preinit] o.apache.tomcat.util.digester.Digester   :   Fire begin() for SetPropertiesRule[]
2019-05-11 11:06:12.259 DEBUG 8956 --- [kground-preinit] o.apache.tomcat.util.digester.Digester   : [SetPropertiesRule]{mbeans-descriptors/mbean/attribute} Set org.apache.tomcat.util.modeler.AttributeInfo properties
2019-05-11 11:06:12.259 DEBUG 8956 --- [kground-preinit] o.apache.tomcat.util.digester.Digester   : [SetPropertiesRule]{mbeans-descriptors/mbean/attribute} Setting property 'name' to 'cache'
2019-05-11 11:06:12.259 DEBUG 8956 --- [kground-preinit] o.apache.tomcat.util.IntrospectionUtils  : IntrospectionUtils: setProperty(class org.apache.tomcat.util.modeler.AttributeInfo name=cache)
2019-05-11 11:06:12.260 DEBUG 8956 --- [kground-preinit] o.apache.tomcat.util.digester.Digester   : [SetPropertiesRule]{mbeans-descriptors/mbean/attribute} Setting property 'description' to 'Should we cache authenticated Principals if the request is part of an HTTP session?'
2019-05-11 11:06:12.260 DEBUG 8956 --- [kground-preinit] o.apache.tomcat.util.IntrospectionUtils  : IntrospectionUtils: setProperty(class org.apache.tomcat.util.modeler.AttributeInfo description=Should we cache authenticated Principals if the request is part of an HTTP session?)
2019-05-11 11:06:12.260 DEBUG 8956 --- [kground-preinit] o.apache.tomcat.util.digester.Digester   : [SetPropertiesRule]{mbeans-descriptors/mbean/attribute} Setting property 'type' to 'boolean'
2019-05-11 11:06:12.260 DEBUG 8956 --- [kground-preinit] o.apache.tomcat.util.IntrospectionUtils  : IntrospectionUtils: setProperty(class org.apache.tomcat.util.modeler.AttributeInfo type=boolean)
2019-05-11 11:06:12.260 DEBUG 8956 --- [kground-preinit] o.apache.tomcat.util.digester.Digester   :   Fire begin() for SetNextRule[methodName=addAttribute, paramType=org.apache.tomcat.util.modeler.AttributeInfo]
2019-05-11 11:06:12.260 DEBUG 8956 --- [kground-preinit] o.a.tomcat.util.digester.Digester.sax    : endElement(,,attribute)
2019-05-11 11:06:12.260 DEBUG 8956 --- [kground-preinit] o.apache.tomcat.util.digester.Digester   :   match='mbeans-descriptors/mbean/attribute'
2019-05-11 11:06:12.260 DEBUG 8956 --- [kground-preinit] o.apache.tomcat.util.digester.Digester   :   bodyText=''
2019-05-11 11:06:12.260 DEBUG 8956 --- [kground-preinit] o.apache.tomcat.util.digester.Digester   :   Fire body() for ObjectCreateRule[className=org.apache.tomcat.util.modeler.AttributeInfo, attributeName=null]
2019-05-11 11:06:12.260 DEBUG 8956 --- [kground-preinit] o.apache.tomcat.util.digester.Digester   :   Fire body() for SetPropertiesRule[]
2019-05-11 11:06:12.260 DEBUG 8956 --- [kground-preinit] o.apache.tomcat.util.digester.Digester   :   Fire body() for SetNextRule[methodName=addAttribute, paramType=org.apache.tomcat.util.modeler.AttributeInfo]
2019-05-11 11:06:12.260 DEBUG 8956 --- [kground-preinit] o.apache.tomcat.util.digester.Digester   :   Fire end() for SetNextRule[methodName=addAttribute, paramType=org.apache.tomcat.util.modeler.AttributeInfo]
2019-05-11 11:06:12.260 DEBUG 8956 --- [kground-preinit] o.apache.tomcat.util.digester.Digester   : [SetNextRule]{mbeans-descriptors/mbean/attribute} Call org.apache.tomcat.util.modeler.ManagedBean.addAttribute(org.apache.tomcat.util.modeler.AttributeInfo@4d7c171b)
2019-05-11 11:06:12.261 DEBUG 8956 --- [kground-preinit] o.apache.tomcat.util.IntrospectionUtils  : IntrospectionUtils: callMethod1 org.apache.tomcat.util.modeler.ManagedBean org.apache.tomcat.util.modeler.AttributeInfo org.apache.tomcat.util.modeler.AttributeInfo
2019-05-11 11:06:12.261 DEBUG 8956 --- [kground-preinit] o.apache.tomcat.util.digester.Digester   :   Fire end() for SetPropertiesRule[]
2019-05-11 11:06:12.261 DEBUG 8956 --- [kground-preinit] o.apache.tomcat.util.digester.Digester   :   Fire end() for ObjectCreateRule[className=org.apache.tomcat.util.modeler.AttributeInfo, attributeName=null]
2019-05-11 11:06:12.261 DEBUG 8956 --- [kground-preinit] o.apache.tomcat.util.digester.Digester   : [ObjectCreateRule]{mbeans-descriptors/mbean/attribute} Pop org.apache.tomcat.util.modeler.AttributeInfo
2019-05-11 11:06:12.261 DEBUG 8956 --- [kground-preinit] o.a.tomcat.util.digester.Digester.sax    : characters(

    )
2019-05-11 11:06:12.261 DEBUG 8956 --- [kground-preinit] o.a.tomcat.util.digester.Digester.sax    : startElement(,,attribute)
2019-05-11 11:06:12.261 DEBUG 8956 --- [kground-preinit] o.apache.tomcat.util.digester.Digester   :   New match='mbeans-descriptors/mbean/attribute'
2019-05-11 11:06:12.261 DEBUG 8956 --- [kground-preinit] o.apache.tomcat.util.digester.Digester   :   Fire begin() for ObjectCreateRule[className=org.apache.tomcat.util.modeler.AttributeInfo, attributeName=null]
2019-05-11 11:06:12.261 DEBUG 8956 --- [kground-preinit] o.apache.tomcat.util.digester.Digester   : [ObjectCreateRule]{mbeans-descriptors/mbean/attribute}New org.apache.tomcat.util.modeler.AttributeInfo
2019-05-11 11:06:12.261 DEBUG 8956 --- [kground-preinit] o.apache.tomcat.util.digester.Digester   :   Fire begin() for SetPropertiesRule[]
2019-05-11 11:06:12.261 DEBUG 8956 --- [kground-preinit] o.apache.tomcat.util.digester.Digester   : [SetPropertiesRule]{mbeans-descriptors/mbean/attribute} Set org.apache.tomcat.util.modeler.AttributeInfo properties
2019-05-11 11:06:12.261 DEBUG 8956 --- [kground-preinit] o.apache.tomcat.util.digester.Digester   : [SetPropertiesRule]{mbeans-descriptors/mbean/attribute} Setting property 'name' to 'changeSessionIdOnAuthentication'
2019-05-11 11:06:12.261 DEBUG 8956 --- [kground-preinit] o.apache.tomcat.util.IntrospectionUtils  : IntrospectionUtils: setProperty(class org.apache.tomcat.util.modeler.AttributeInfo name=changeSessionIdOnAuthentication)
2019-05-11 11:06:12.266 DEBUG 8956 --- [kground-preinit] o.apache.tomcat.util.digester.Digester   : [SetPropertiesRule]{mbeans-descriptors/mbean/attribute} Setting property 'description' to 'Controls if the session ID is changed if a session exists at the point where users are authenticated'
2019-05-11 11:06:12.267 DEBUG 8956 --- [kground-preinit] o.apache.tomcat.util.IntrospectionUtils  : IntrospectionUtils: setProperty(class org.apache.tomcat.util.modeler.AttributeInfo description=Controls if the session ID is changed if a session exists at the point where users are authenticated)
2019-05-11 11:06:12.267 DEBUG 8956 --- [kground-preinit] o.apache.tomcat.util.digester.Digester   : [SetPropertiesRule]{mbeans-descriptors/mbean/attribute} Setting property 'type' to 'boolean'
2019-05-11 11:06:12.267 DEBUG 8956 --- [kground-preinit] o.apache.tomcat.util.IntrospectionUtils  : IntrospectionUtils: setProperty(class org.apache.tomcat.util.modeler.AttributeInfo type=boolean)
2019-05-11 11:06:12.268 DEBUG 8956 --- [kground-preinit] o.apache.tomcat.util.digester.Digester   :   Fire begin() for SetNextRule[methodName=addAttribute, paramType=org.apache.tomcat.util.modeler.AttributeInfo]
2019-05-11 11:06:12.268 DEBUG 8956 --- [kground-preinit] o.a.tomcat.util.digester.Digester.sax    : endElement(,,attribute)
2019-05-11 11:06:12.268 DEBUG 8956 --- [kground-preinit] o.apache.tomcat.util.digester.Digester   :   match='mbeans-descriptors/mbean/attribute'
2019-05-11 11:06:12.268 DEBUG 8956 --- [kground-preinit] o.apache.tomcat.util.digester.Digester   :   bodyText=''
2019-05-11 11:06:12.268 DEBUG 8956 --- [kground-preinit] o.apache.tomcat.util.digester.Digester   :   Fire body() for ObjectCreateRule[className=org.apache.tomcat.util.modeler.AttributeInfo, attributeName=null]
2019-05-11 11:06:12.268 DEBUG 8956 --- [kground-preinit] o.apache.tomcat.util.digester.Digester   :   Fire body() for SetPropertiesRule[]
2019-05-11 11:06:12.268 DEBUG 8956 --- [kground-preinit] o.apache.tomcat.util.digester.Digester   :   Fire body() for SetNextRule[methodName=addAttribute, paramType=org.apache.tomcat.util.modeler.AttributeInfo]
2019-05-11 11:06:12.268 DEBUG 8956 --- [kground-preinit] o.apache.tomcat.util.digester.Digester   :   Fire end() for SetNextRule[methodName=addAttribute, paramType=org.apache.tomcat.util.modeler.AttributeInfo]
2019-05-11 11:06:12.269 DEBUG 8956 --- [kground-preinit] o.apache.tomcat.util.digester.Digester   : [SetNextRule]{mbeans-descriptors/mbean/attribute} Call org.apache.tomcat.util.modeler.ManagedBean.addAttribute(org.apache.tomcat.util.modeler.AttributeInfo@17c1c18d)
2019-05-11 11:06:12.269 DEBUG 8956 --- [kground-preinit] o.apache.tomcat.util.IntrospectionUtils  : IntrospectionUtils: callMethod1 org.apache.tomcat.util.modeler.ManagedBean org.apache.tomcat.util.modeler.AttributeInfo org.apache.tomcat.util.modeler.AttributeInfo
2019-05-11 11:06:12.269 DEBUG 8956 --- [kground-preinit] o.apache.tomcat.util.digester.Digester   :   Fire end() for SetPropertiesRule[]
2019-05-11 11:06:12.269 DEBUG 8956 --- [kground-preinit] o.apache.tomcat.util.digester.Digester   :   Fire end() for ObjectCreateRule[className=org.apache.tomcat.util.modeler.AttributeInfo, attributeName=null]
2019-05-11 11:06:12.269 DEBUG 8956 --- [kground-preinit] o.apache.tomcat.util.digester.Digester   : [ObjectCreateRule]{mbeans-descriptors/mbean/attribute} Pop org.apache.tomcat.util.modeler.AttributeInfo
2019-05-11 11:06:12.269 DEBUG 8956 --- [kground-preinit] o.a.tomcat.util.digester.Digester.sax    : characters(

    )
2019-05-11 11:06:12.270 DEBUG 8956 --- [kground-preinit] o.a.tomcat.util.digester.Digester.sax    : startElement(,,attribute)
2019-05-11 11:06:12.270 DEBUG 8956 --- [kground-preinit] o.apache.tomcat.util.digester.Digester   :   New match='mbeans-descriptors/mbean/attribute'
2019-05-11 11:06:12.270 DEBUG 8956 --- [kground-preinit] o.apache.tomcat.util.digester.Digester   :   Fire begin() for ObjectCreateRule[className=org.apache.tomcat.util.modeler.AttributeInfo, attributeName=null]
2019-05-11 11:06:12.271 DEBUG 8956 --- [kground-preinit] o.apache.tomcat.util.digester.Digester   : [ObjectCreateRule]{mbeans-descriptors/mbean/attribute}New org.apache.tomcat.util.modeler.AttributeInfo
2019-05-11 11:06:12.271 DEBUG 8956 --- [kground-preinit] o.apache.tomcat.util.digester.Digester   :   Fire begin() for SetPropertiesRule[]
2019-05-11 11:06:12.271 DEBUG 8956 --- [kground-preinit] o.apache.tomcat.util.digester.Digester   : [SetPropertiesRule]{mbeans-descriptors/mbean/attribute} Set org.apache.tomcat.util.modeler.AttributeInfo properties
2019-05-11 11:06:12.271 DEBUG 8956 --- [kground-preinit] o.apache.tomcat.util.digester.Digester   : [SetPropertiesRule]{mbeans-descriptors/mbean/attribute} Setting property 'name' to 'className'
2019-05-11 11:06:12.272 DEBUG 8956 --- [kground-preinit] o.apache.tomcat.util.IntrospectionUtils  : IntrospectionUtils: setProperty(class org.apache.tomcat.util.modeler.AttributeInfo name=className)
2019-05-11 11:06:12.272 DEBUG 8956 --- [kground-preinit] o.apache.tomcat.util.digester.Digester   : [SetPropertiesRule]{mbeans-descriptors/mbean/attribute} Setting property 'description' to 'Fully qualified class name of the managed object'
2019-05-11 11:06:12.272 DEBUG 8956 --- [kground-preinit] o.apache.tomcat.util.IntrospectionUtils  : IntrospectionUtils: setProperty(class org.apache.tomcat.util.modeler.AttributeInfo description=Fully qualified class name of the managed object)
2019-05-11 11:06:12.272 DEBUG 8956 --- [kground-preinit] o.apache.tomcat.util.digester.Digester   : [SetPropertiesRule]{mbeans-descriptors/mbean/attribute} Setting property 'type' to 'java.lang.String'
2019-05-11 11:06:12.272 DEBUG 8956 --- [kground-preinit] o.apache.tomcat.util.IntrospectionUtils  : IntrospectionUtils: setProperty(class org.apache.tomcat.util.modeler.AttributeInfo type=java.lang.String)
2019-05-11 11:06:12.273 DEBUG 8956 --- [kground-preinit] o.apache.tomcat.util.digester.Digester   : [SetPropertiesRule]{mbeans-descriptors/mbean/attribute} Setting property 'writeable' to 'false'
2019-05-11 11:06:12.273 DEBUG 8956 --- [kground-preinit] o.apache.tomcat.util.IntrospectionUtils  : IntrospectionUtils: setProperty(class org.apache.tomcat.util.modeler.AttributeInfo writeable=false)
2019-05-11 11:06:12.273 DEBUG 8956 --- [kground-preinit] o.apache.tomcat.util.digester.Digester   :   Fire begin() for SetNextRule[methodName=addAttribute, paramType=org.apache.tomcat.util.modeler.AttributeInfo]
2019-05-11 11:06:12.273 DEBUG 8956 --- [kground-preinit] o.a.tomcat.util.digester.Digester.sax    : endElement(,,attribute)
2019-05-11 11:06:12.273 DEBUG 8956 --- [kground-preinit] o.apache.tomcat.util.digester.Digester   :   match='mbeans-descriptors/mbean/attribute'
2019-05-11 11:06:12.273 DEBUG 8956 --- [kground-preinit] o.apache.tomcat.util.digester.Digester   :   bodyText=''
2019-05-11 11:06:12.274 DEBUG 8956 --- [kground-preinit] o.apache.tomcat.util.digester.Digester   :   Fire body() for ObjectCreateRule[className=org.apache.tomcat.util.modeler.AttributeInfo, attributeName=null]
2019-05-11 11:06:12.274 DEBUG 8956 --- [kground-preinit] o.apache.tomcat.util.digester.Digester   :   Fire body() for SetPropertiesRule[]
2019-05-11 11:06:12.274 DEBUG 8956 --- [kground-preinit] o.apache.tomcat.util.digester.Digester   :   Fire body() for SetNextRule[methodName=addAttribute, paramType=org.apache.tomcat.util.modeler.AttributeInfo]
2019-05-11 11:06:12.274 DEBUG 8956 --- [kground-preinit] o.apache.tomcat.util.digester.Digester   :   Fire end() for SetNextRule[methodName=addAttribute, paramType=org.apache.tomcat.util.modeler.AttributeInfo]
2019-05-11 11:06:12.274 DEBUG 8956 --- [kground-preinit] o.apache.tomcat.util.digester.Digester   : [SetNextRule]{mbeans-descriptors/mbean/attribute} Call org.apache.tomcat.util.modeler.ManagedBean.addAttribute(org.apache.tomcat.util.modeler.AttributeInfo@51f16ef4)
2019-05-11 11:06:12.274 DEBUG 8956 --- [kground-preinit] o.apache.tomcat.util.IntrospectionUtils  : IntrospectionUtils: callMethod1 org.apache.tomcat.util.modeler.ManagedBean org.apache.tomcat.util.modeler.AttributeInfo org.apache.tomcat.util.modeler.AttributeInfo
2019-05-11 11:06:12.274 DEBUG 8956 --- [kground-preinit] o.apache.tomcat.util.digester.Digester   :   Fire end() for SetPropertiesRule[]
2019-05-11 11:06:12.274 DEBUG 8956 --- [kground-preinit] o.apache.tomcat.util.digester.Digester   :   Fire end() for ObjectCreateRule[className=org.apache.tomcat.util.modeler.AttributeInfo, attributeName=null]
2019-05-11 11:06:12.275 DEBUG 8956 --- [kground-preinit] o.apache.tomcat.util.digester.Digester   : [ObjectCreateRule]{mbeans-descriptors/mbean/attribute} Pop org.apache.tomcat.util.modeler.AttributeInfo
2019-05-11 11:06:12.275 DEBUG 8956 --- [kground-preinit] o.a.tomcat.util.digester.Digester.sax    : characters(

    )
2019-05-11 11:06:12.275 DEBUG 8956 --- [kground-preinit] o.a.tomcat.util.digester.Digester.sax    : startElement(,,attribute)
2019-05-11 11:06:12.275 DEBUG 8956 --- [kground-preinit] o.apache.tomcat.util.digester.Digester   :   New match='mbeans-descriptors/mbean/attribute'
2019-05-11 11:06:12.275 DEBUG 8956 --- [kground-preinit] o.apache.tomcat.util.digester.Digester   :   Fire begin() for ObjectCreateRule[className=org.apache.tomcat.util.modeler.AttributeInfo, attributeName=null]
2019-05-11 11:06:12.275 DEBUG 8956 --- [kground-preinit] o.apache.tomcat.util.digester.Digester   : [ObjectCreateRule]{mbeans-descriptors/mbean/attribute}New org.apache.tomcat.util.modeler.AttributeInfo
2019-05-11 11:06:12.275 DEBUG 8956 --- [kground-preinit] o.apache.tomcat.util.digester.Digester   :   Fire begin() for SetPropertiesRule[]
2019-05-11 11:06:12.284 DEBUG 8956 --- [kground-preinit] o.apache.tomcat.util.digester.Digester   : [SetPropertiesRule]{mbeans-descriptors/mbean/attribute} Set org.apache.tomcat.util.modeler.AttributeInfo properties
2019-05-11 11:06:12.284 DEBUG 8956 --- [kground-preinit] o.apache.tomcat.util.digester.Digester   : [SetPropertiesRule]{mbeans-descriptors/mbean/attribute} Setting property 'name' to 'disableProxyCaching'
2019-05-11 11:06:12.284 DEBUG 8956 --- [kground-preinit] o.apache.tomcat.util.IntrospectionUtils  : IntrospectionUtils: setProperty(class org.apache.tomcat.util.modeler.AttributeInfo name=disableProxyCaching)
2019-05-11 11:06:12.284 DEBUG 8956 --- [kground-preinit] o.apache.tomcat.util.digester.Digester   : [SetPropertiesRule]{mbeans-descriptors/mbean/attribute} Setting property 'description' to 'Controls the caching of pages that are protected by security constraints'
2019-05-11 11:06:12.284 DEBUG 8956 --- [kground-preinit] o.apache.tomcat.util.IntrospectionUtils  : IntrospectionUtils: setProperty(class org.apache.tomcat.util.modeler.AttributeInfo description=Controls the caching of pages that are protected by security constraints)
2019-05-11 11:06:12.285 DEBUG 8956 --- [kground-preinit] o.apache.tomcat.util.digester.Digester   : [SetPropertiesRule]{mbeans-descriptors/mbean/attribute} Setting property 'type' to 'boolean'
2019-05-11 11:06:12.285 DEBUG 8956 --- [kground-preinit] o.apache.tomcat.util.IntrospectionUtils  : IntrospectionUtils: setProperty(class org.apache.tomcat.util.modeler.AttributeInfo type=boolean)
2019-05-11 11:06:12.285 DEBUG 8956 --- [kground-preinit] o.apache.tomcat.util.digester.Digester   :   Fire begin() for SetNextRule[methodName=addAttribute, paramType=org.apache.tomcat.util.modeler.AttributeInfo]
2019-05-11 11:06:12.285 DEBUG 8956 --- [kground-preinit] o.a.tomcat.util.digester.Digester.sax    : endElement(,,attribute)
2019-05-11 11:06:12.285 DEBUG 8956 --- [kground-preinit] o.apache.tomcat.util.digester.Digester   :   match='mbeans-descriptors/mbean/attribute'
2019-05-11 11:06:12.285 DEBUG 8956 --- [kground-preinit] o.apache.tomcat.util.digester.Digester   :   bodyText=''
2019-05-11 11:06:12.286 DEBUG 8956 --- [kground-preinit] o.apache.tomcat.util.digester.Digester   :   Fire body() for ObjectCreateRule[className=org.apache.tomcat.util.modeler.AttributeInfo, attributeName=null]
2019-05-11 11:06:12.286 DEBUG 8956 --- [kground-preinit] o.apache.tomcat.util.digester.Digester   :   Fire body() for SetPropertiesRule[]
2019-05-11 11:06:12.286 DEBUG 8956 --- [kground-preinit] o.apache.tomcat.util.digester.Digester   :   Fire body() for SetNextRule[methodName=addAttribute, paramType=org.apache.tomcat.util.modeler.AttributeInfo]
2019-05-11 11:06:12.286 DEBUG 8956 --- [kground-preinit] o.apache.tomcat.util.digester.Digester   :   Fire end() for SetNextRule[methodName=addAttribute, paramType=org.apache.tomcat.util.modeler.AttributeInfo]
2019-05-11 11:06:12.286 DEBUG 8956 --- [kground-preinit] o.apache.tomcat.util.digester.Digester   : [SetNextRule]{mbeans-descriptors/mbean/attribute} Call org.apache.tomcat.util.modeler.ManagedBean.addAttribute(org.apache.tomcat.util.modeler.AttributeInfo@64816a36)
2019-05-11 11:06:12.286 DEBUG 8956 --- [kground-preinit] o.apache.tomcat.util.IntrospectionUtils  : IntrospectionUtils: callMethod1 org.apache.tomcat.util.modeler.ManagedBean org.apache.tomcat.util.modeler.AttributeInfo org.apache.tomcat.util.modeler.AttributeInfo
2019-05-11 11:06:12.286 DEBUG 8956 --- [kground-preinit] o.apache.tomcat.util.digester.Digester   :   Fire end() for SetPropertiesRule[]
2019-05-11 11:06:12.286 DEBUG 8956 --- [kground-preinit] o.apache.tomcat.util.digester.Digester   :   Fire end() for ObjectCreateRule[className=org.apache.tomcat.util.modeler.AttributeInfo, attributeName=null]
2019-05-11 11:06:12.287 DEBUG 8956 --- [kground-preinit] o.apache.tomcat.util.digester.Digester   : [ObjectCreateRule]{mbeans-descriptors/mbean/attribute} Pop org.apache.tomcat.util.modeler.AttributeInfo
2019-05-11 11:06:12.287 DEBUG 8956 --- [kground-preinit] o.a.tomcat.util.digester.Digester.sax    : characters(

    )
2019-05-11 11:06:12.287 DEBUG 8956 --- [kground-preinit] o.a.tomcat.util.digester.Digester.sax    : startElement(,,attribute)
2019-05-11 11:06:12.288 DEBUG 8956 --- [kground-preinit] o.apache.tomcat.util.digester.Digester   :   New match='mbeans-descriptors/mbean/attribute'
2019-05-11 11:06:12.289 DEBUG 8956 --- [kground-preinit] o.apache.tomcat.util.digester.Digester   :   Fire begin() for ObjectCreateRule[className=org.apache.tomcat.util.modeler.AttributeInfo, attributeName=null]
2019-05-11 11:06:12.289 DEBUG 8956 --- [kground-preinit] o.apache.tomcat.util.digester.Digester   : [ObjectCreateRule]{mbeans-descriptors/mbean/attribute}New org.apache.tomcat.util.modeler.AttributeInfo
2019-05-11 11:06:12.289 DEBUG 8956 --- [kground-preinit] o.apache.tomcat.util.digester.Digester   :   Fire begin() for SetPropertiesRule[]
2019-05-11 11:06:12.289 DEBUG 8956 --- [kground-preinit] o.apache.tomcat.util.digester.Digester   : [SetPropertiesRule]{mbeans-descriptors/mbean/attribute} Set org.apache.tomcat.util.modeler.AttributeInfo properties
2019-05-11 11:06:12.290 DEBUG 8956 --- [kground-preinit] o.apache.tomcat.util.digester.Digester   : [SetPropertiesRule]{mbeans-descriptors/mbean/attribute} Setting property 'name' to 'securePagesWithPragma'
2019-05-11 11:06:12.291 DEBUG 8956 --- [           main] o.s.b.f.s.DefaultListableBeanFactory     : Returning cached instance of singleton bean 'autoConfigurationReport'
2019-05-11 11:06:12.293 DEBUG 8956 --- [kground-preinit] o.apache.tomcat.util.IntrospectionUtils  : IntrospectionUtils: setProperty(class org.apache.tomcat.util.modeler.AttributeInfo name=securePagesWithPragma)
2019-05-11 11:06:12.293 DEBUG 8956 --- [           main] o.s.b.f.s.DefaultListableBeanFactory     : Returning cached instance of singleton bean 'autoConfigurationReport'
2019-05-11 11:06:12.293 DEBUG 8956 --- [kground-preinit] o.apache.tomcat.util.digester.Digester   : [SetPropertiesRule]{mbeans-descriptors/mbean/attribute} Setting property 'description' to 'Controls the caching of pages that are protected by security constraints'
2019-05-11 11:06:12.294 DEBUG 8956 --- [kground-preinit] o.apache.tomcat.util.IntrospectionUtils  : IntrospectionUtils: setProperty(class org.apache.tomcat.util.modeler.AttributeInfo description=Controls the caching of pages that are protected by security constraints)
2019-05-11 11:06:12.294 DEBUG 8956 --- [kground-preinit] o.apache.tomcat.util.digester.Digester   : [SetPropertiesRule]{mbeans-descriptors/mbean/attribute} Setting property 'type' to 'boolean'
2019-05-11 11:06:12.294 DEBUG 8956 --- [kground-preinit] o.apache.tomcat.util.IntrospectionUtils  : IntrospectionUtils: setProperty(class org.apache.tomcat.util.modeler.AttributeInfo type=boolean)
2019-05-11 11:06:12.294 DEBUG 8956 --- [kground-preinit] o.apache.tomcat.util.digester.Digester   :   Fire begin() for SetNextRule[methodName=addAttribute, paramType=org.apache.tomcat.util.modeler.AttributeInfo]
2019-05-11 11:06:12.295 DEBUG 8956 --- [kground-preinit] o.a.tomcat.util.digester.Digester.sax    : endElement(,,attribute)
2019-05-11 11:06:12.296 DEBUG 8956 --- [           main] o.s.b.f.s.DefaultListableBeanFactory     : Returning cached instance of singleton bean 'autoConfigurationReport'
2019-05-11 11:06:12.297 DEBUG 8956 --- [kground-preinit] o.apache.tomcat.util.digester.Digester   :   match='mbeans-descriptors/mbean/attribute'
2019-05-11 11:06:12.297 DEBUG 8956 --- [kground-preinit] o.apache.tomcat.util.digester.Digester   :   bodyText=''
2019-05-11 11:06:12.297 DEBUG 8956 --- [           main] o.s.b.f.s.DefaultListableBeanFactory     : Returning cached instance of singleton bean 'autoConfigurationReport'
2019-05-11 11:06:12.297 DEBUG 8956 --- [kground-preinit] o.apache.tomcat.util.digester.Digester   :   Fire body() for ObjectCreateRule[className=org.apache.tomcat.util.modeler.AttributeInfo, attributeName=null]
2019-05-11 11:06:12.297 DEBUG 8956 --- [kground-preinit] o.apache.tomcat.util.digester.Digester   :   Fire body() for SetPropertiesRule[]
2019-05-11 11:06:12.298 DEBUG 8956 --- [kground-preinit] o.apache.tomcat.util.digester.Digester   :   Fire body() for SetNextRule[methodName=addAttribute, paramType=org.apache.tomcat.util.modeler.AttributeInfo]
2019-05-11 11:06:12.298 DEBUG 8956 --- [           main] o.s.b.f.s.DefaultListableBeanFactory     : Returning cached instance of singleton bean 'autoConfigurationReport'
2019-05-11 11:06:12.298 DEBUG 8956 --- [kground-preinit] o.apache.tomcat.util.digester.Digester   :   Fire end() for SetNextRule[methodName=addAttribute, paramType=org.apache.tomcat.util.modeler.AttributeInfo]
2019-05-11 11:06:12.298 DEBUG 8956 --- [kground-preinit] o.apache.tomcat.util.digester.Digester   : [SetNextRule]{mbeans-descriptors/mbean/attribute} Call org.apache.tomcat.util.modeler.ManagedBean.addAttribute(org.apache.tomcat.util.modeler.AttributeInfo@49e86d72)
2019-05-11 11:06:12.298 DEBUG 8956 --- [kground-preinit] o.apache.tomcat.util.IntrospectionUtils  : IntrospectionUtils: callMethod1 org.apache.tomcat.util.modeler.ManagedBean org.apache.tomcat.util.modeler.AttributeInfo org.apache.tomcat.util.modeler.AttributeInfo
2019-05-11 11:06:12.299 DEBUG 8956 --- [kground-preinit] o.apache.tomcat.util.digester.Digester   :   Fire end() for SetPropertiesRule[]
2019-05-11 11:06:12.299 DEBUG 8956 --- [kground-preinit] o.apache.tomcat.util.digester.Digester   :   Fire end() for ObjectCreateRule[className=org.apache.tomcat.util.modeler.AttributeInfo, attributeName=null]
2019-05-11 11:06:12.299 DEBUG 8956 --- [kground-preinit] o.apache.tomcat.util.digester.Digester   : [ObjectCreateRule]{mbeans-descriptors/mbean/attribute} Pop org.apache.tomcat.util.modeler.AttributeInfo
2019-05-11 11:06:12.299 DEBUG 8956 --- [kground-preinit] o.a.tomcat.util.digester.Digester.sax    : characters(

    )
2019-05-11 11:06:12.299 DEBUG 8956 --- [kground-preinit] o.a.tomcat.util.digester.Digester.sax    : startElement(,,attribute)
2019-05-11 11:06:12.299 DEBUG 8956 --- [kground-preinit] o.apache.tomcat.util.digester.Digester   :   New match='mbeans-descriptors/mbean/attribute'
2019-05-11 11:06:12.300 DEBUG 8956 --- [kground-preinit] o.apache.tomcat.util.digester.Digester   :   Fire begin() for ObjectCreateRule[className=org.apache.tomcat.util.modeler.AttributeInfo, attributeName=null]
2019-05-11 11:06:12.300 DEBUG 8956 --- [kground-preinit] o.apache.tomcat.util.digester.Digester   : [ObjectCreateRule]{mbeans-descriptors/mbean/attribute}New org.apache.tomcat.util.modeler.AttributeInfo
2019-05-11 11:06:12.301 DEBUG 8956 --- [kground-preinit] o.apache.tomcat.util.digester.Digester   :   Fire begin() for SetPropertiesRule[]
2019-05-11 11:06:12.302 DEBUG 8956 --- [kground-preinit] o.apache.tomcat.util.digester.Digester   : [SetPropertiesRule]{mbeans-descriptors/mbean/attribute} Set org.apache.tomcat.util.modeler.AttributeInfo properties
2019-05-11 11:06:12.302 DEBUG 8956 --- [kground-preinit] o.apache.tomcat.util.digester.Digester   : [SetPropertiesRule]{mbeans-descriptors/mbean/attribute} Setting property 'name' to 'secureRandomAlgorithm'
2019-05-11 11:06:12.302 DEBUG 8956 --- [kground-preinit] o.apache.tomcat.util.IntrospectionUtils  : IntrospectionUtils: setProperty(class org.apache.tomcat.util.modeler.AttributeInfo name=secureRandomAlgorithm)
2019-05-11 11:06:12.302 DEBUG 8956 --- [kground-preinit] o.apache.tomcat.util.digester.Digester   : [SetPropertiesRule]{mbeans-descriptors/mbean/attribute} Setting property 'description' to 'The name of the algorithm to use for SSO session ID generation'
2019-05-11 11:06:12.302 DEBUG 8956 --- [kground-preinit] o.apache.tomcat.util.IntrospectionUtils  : IntrospectionUtils: setProperty(class org.apache.tomcat.util.modeler.AttributeInfo description=The name of the algorithm to use for SSO session ID generation)
2019-05-11 11:06:12.303 DEBUG 8956 --- [kground-preinit] o.apache.tomcat.util.digester.Digester   : [SetPropertiesRule]{mbeans-descriptors/mbean/attribute} Setting property 'type' to 'java.lang.String'
2019-05-11 11:06:12.303 DEBUG 8956 --- [kground-preinit] o.apache.tomcat.util.IntrospectionUtils  : IntrospectionUtils: setProperty(class org.apache.tomcat.util.modeler.AttributeInfo type=java.lang.String)
2019-05-11 11:06:12.303 DEBUG 8956 --- [kground-preinit] o.apache.tomcat.util.digester.Digester   :   Fire begin() for SetNextRule[methodName=addAttribute, paramType=org.apache.tomcat.util.modeler.AttributeInfo]
2019-05-11 11:06:12.304 DEBUG 8956 --- [kground-preinit] o.a.tomcat.util.digester.Digester.sax    : endElement(,,attribute)
2019-05-11 11:06:12.304 DEBUG 8956 --- [kground-preinit] o.apache.tomcat.util.digester.Digester   :   match='mbeans-descriptors/mbean/attribute'
2019-05-11 11:06:12.304 DEBUG 8956 --- [kground-preinit] o.apache.tomcat.util.digester.Digester   :   bodyText=''
2019-05-11 11:06:12.304 DEBUG 8956 --- [kground-preinit] o.apache.tomcat.util.digester.Digester   :   Fire body() for ObjectCreateRule[className=org.apache.tomcat.util.modeler.AttributeInfo, attributeName=null]
2019-05-11 11:06:12.304 DEBUG 8956 --- [kground-preinit] o.apache.tomcat.util.digester.Digester   :   Fire body() for SetPropertiesRule[]
2019-05-11 11:06:12.305 DEBUG 8956 --- [kground-preinit] o.apache.tomcat.util.digester.Digester   :   Fire body() for SetNextRule[methodName=addAttribute, paramType=org.apache.tomcat.util.modeler.AttributeInfo]
2019-05-11 11:06:12.305 DEBUG 8956 --- [kground-preinit] o.apache.tomcat.util.digester.Digester   :   Fire end() for SetNextRule[methodName=addAttribute, paramType=org.apache.tomcat.util.modeler.AttributeInfo]
2019-05-11 11:06:12.305 DEBUG 8956 --- [kground-preinit] o.apache.tomcat.util.digester.Digester   : [SetNextRule]{mbeans-descriptors/mbean/attribute} Call org.apache.tomcat.util.modeler.ManagedBean.addAttribute(org.apache.tomcat.util.modeler.AttributeInfo@50bc106b)
2019-05-11 11:06:12.305 DEBUG 8956 --- [kground-preinit] o.apache.tomcat.util.IntrospectionUtils  : IntrospectionUtils: callMethod1 org.apache.tomcat.util.modeler.ManagedBean org.apache.tomcat.util.modeler.AttributeInfo org.apache.tomcat.util.modeler.AttributeInfo
2019-05-11 11:06:12.305 DEBUG 8956 --- [kground-preinit] o.apache.tomcat.util.digester.Digester   :   Fire end() for SetPropertiesRule[]
2019-05-11 11:06:12.306 DEBUG 8956 --- [kground-preinit] o.apache.tomcat.util.digester.Digester   :   Fire end() for ObjectCreateRule[className=org.apache.tomcat.util.modeler.AttributeInfo, attributeName=null]
2019-05-11 11:06:12.306 DEBUG 8956 --- [kground-preinit] o.apache.tomcat.util.digester.Digester   : [ObjectCreateRule]{mbeans-descriptors/mbean/attribute} Pop org.apache.tomcat.util.modeler.AttributeInfo
2019-05-11 11:06:12.306 DEBUG 8956 --- [kground-preinit] o.a.tomcat.util.digester.Digester.sax    : characters(

    )
2019-05-11 11:06:12.306 DEBUG 8956 --- [kground-preinit] o.a.tomcat.util.digester.Digester.sax    : startElement(,,attribute)
2019-05-11 11:06:12.306 DEBUG 8956 --- [kground-preinit] o.apache.tomcat.util.digester.Digester   :   New match='mbeans-descriptors/mbean/attribute'
2019-05-11 11:06:12.307 DEBUG 8956 --- [kground-preinit] o.apache.tomcat.util.digester.Digester   :   Fire begin() for ObjectCreateRule[className=org.apache.tomcat.util.modeler.AttributeInfo, attributeName=null]
2019-05-11 11:06:12.307 DEBUG 8956 --- [kground-preinit] o.apache.tomcat.util.digester.Digester   : [ObjectCreateRule]{mbeans-descriptors/mbean/attribute}New org.apache.tomcat.util.modeler.AttributeInfo
2019-05-11 11:06:12.307 DEBUG 8956 --- [kground-preinit] o.apache.tomcat.util.digester.Digester   :   Fire begin() for SetPropertiesRule[]
2019-05-11 11:06:12.307 DEBUG 8956 --- [kground-preinit] o.apache.tomcat.util.digester.Digester   : [SetPropertiesRule]{mbeans-descriptors/mbean/attribute} Set org.apache.tomcat.util.modeler.AttributeInfo properties
2019-05-11 11:06:12.307 DEBUG 8956 --- [kground-preinit] o.apache.tomcat.util.digester.Digester   : [SetPropertiesRule]{mbeans-descriptors/mbean/attribute} Setting property 'name' to 'secureRandomClass'
2019-05-11 11:06:12.307 DEBUG 8956 --- [kground-preinit] o.apache.tomcat.util.IntrospectionUtils  : IntrospectionUtils: setProperty(class org.apache.tomcat.util.modeler.AttributeInfo name=secureRandomClass)
2019-05-11 11:06:12.308 DEBUG 8956 --- [kground-preinit] o.apache.tomcat.util.digester.Digester   : [SetPropertiesRule]{mbeans-descriptors/mbean/attribute} Setting property 'description' to 'The name of the class to use for SSO session ID generation'
2019-05-11 11:06:12.308 DEBUG 8956 --- [kground-preinit] o.apache.tomcat.util.IntrospectionUtils  : IntrospectionUtils: setProperty(class org.apache.tomcat.util.modeler.AttributeInfo description=The name of the class to use for SSO session ID generation)
2019-05-11 11:06:12.308 DEBUG 8956 --- [kground-preinit] o.apache.tomcat.util.digester.Digester   : [SetPropertiesRule]{mbeans-descriptors/mbean/attribute} Setting property 'type' to 'java.lang.String'
2019-05-11 11:06:12.308 DEBUG 8956 --- [kground-preinit] o.apache.tomcat.util.IntrospectionUtils  : IntrospectionUtils: setProperty(class org.apache.tomcat.util.modeler.AttributeInfo type=java.lang.String)
2019-05-11 11:06:12.308 DEBUG 8956 --- [kground-preinit] o.apache.tomcat.util.digester.Digester   :   Fire begin() for SetNextRule[methodName=addAttribute, paramType=org.apache.tomcat.util.modeler.AttributeInfo]
2019-05-11 11:06:12.308 DEBUG 8956 --- [kground-preinit] o.a.tomcat.util.digester.Digester.sax    : endElement(,,attribute)
2019-05-11 11:06:12.308 DEBUG 8956 --- [kground-preinit] o.apache.tomcat.util.digester.Digester   :   match='mbeans-descriptors/mbean/attribute'
2019-05-11 11:06:12.309 DEBUG 8956 --- [kground-preinit] o.apache.tomcat.util.digester.Digester   :   bodyText=''
2019-05-11 11:06:12.309 DEBUG 8956 --- [kground-preinit] o.apache.tomcat.util.digester.Digester   :   Fire body() for ObjectCreateRule[className=org.apache.tomcat.util.modeler.AttributeInfo, attributeName=null]
2019-05-11 11:06:12.309 DEBUG 8956 --- [kground-preinit] o.apache.tomcat.util.digester.Digester   :   Fire body() for SetPropertiesRule[]
2019-05-11 11:06:12.309 DEBUG 8956 --- [kground-preinit] o.apache.tomcat.util.digester.Digester   :   Fire body() for SetNextRule[methodName=addAttribute, paramType=org.apache.tomcat.util.modeler.AttributeInfo]
2019-05-11 11:06:12.309 DEBUG 8956 --- [kground-preinit] o.apache.tomcat.util.digester.Digester   :   Fire end() for SetNextRule[methodName=addAttribute, paramType=org.apache.tomcat.util.modeler.AttributeInfo]
2019-05-11 11:06:12.309 DEBUG 8956 --- [kground-preinit] o.apache.tomcat.util.digester.Digester   : [SetNextRule]{mbeans-descriptors/mbean/attribute} Call org.apache.tomcat.util.modeler.ManagedBean.addAttribute(org.apache.tomcat.util.modeler.AttributeInfo@ae05246)
2019-05-11 11:06:12.309 DEBUG 8956 --- [kground-preinit] o.apache.tomcat.util.IntrospectionUtils  : IntrospectionUtils: callMethod1 org.apache.tomcat.util.modeler.ManagedBean org.apache.tomcat.util.modeler.AttributeInfo org.apache.tomcat.util.modeler.AttributeInfo
2019-05-11 11:06:12.310 DEBUG 8956 --- [kground-preinit] o.apache.tomcat.util.digester.Digester   :   Fire end() for SetPropertiesRule[]
2019-05-11 11:06:12.310 DEBUG 8956 --- [kground-preinit] o.apache.tomcat.util.digester.Digester   :   Fire end() for ObjectCreateRule[className=org.apache.tomcat.util.modeler.AttributeInfo, attributeName=null]
2019-05-11 11:06:12.310 DEBUG 8956 --- [kground-preinit] o.apache.tomcat.util.digester.Digester   : [ObjectCreateRule]{mbeans-descriptors/mbean/attribute} Pop org.apache.tomcat.util.modeler.AttributeInfo
2019-05-11 11:06:12.310 DEBUG 8956 --- [kground-preinit] o.a.tomcat.util.digester.Digester.sax    : characters(

    )
2019-05-11 11:06:12.310 DEBUG 8956 --- [kground-preinit] o.a.tomcat.util.digester.Digester.sax    : startElement(,,attribute)
2019-05-11 11:06:12.310 DEBUG 8956 --- [kground-preinit] o.apache.tomcat.util.digester.Digester   :   New match='mbeans-descriptors/mbean/attribute'
2019-05-11 11:06:12.311 DEBUG 8956 --- [kground-preinit] o.apache.tomcat.util.digester.Digester   :   Fire begin() for ObjectCreateRule[className=org.apache.tomcat.util.modeler.AttributeInfo, attributeName=null]
2019-05-11 11:06:12.311 DEBUG 8956 --- [kground-preinit] o.apache.tomcat.util.digester.Digester   : [ObjectCreateRule]{mbeans-descriptors/mbean/attribute}New org.apache.tomcat.util.modeler.AttributeInfo
2019-05-11 11:06:12.312 DEBUG 8956 --- [kground-preinit] o.apache.tomcat.util.digester.Digester   :   Fire begin() for SetPropertiesRule[]
2019-05-11 11:06:12.313 DEBUG 8956 --- [kground-preinit] o.apache.tomcat.util.digester.Digester   : [SetPropertiesRule]{mbeans-descriptors/mbean/attribute} Set org.apache.tomcat.util.modeler.AttributeInfo properties
2019-05-11 11:06:12.313 DEBUG 8956 --- [kground-preinit] o.apache.tomcat.util.digester.Digester   : [SetPropertiesRule]{mbeans-descriptors/mbean/attribute} Setting property 'name' to 'secureRandomProvider'
2019-05-11 11:06:12.313 DEBUG 8956 --- [kground-preinit] o.apache.tomcat.util.IntrospectionUtils  : IntrospectionUtils: setProperty(class org.apache.tomcat.util.modeler.AttributeInfo name=secureRandomProvider)
2019-05-11 11:06:12.313 DEBUG 8956 --- [kground-preinit] o.apache.tomcat.util.digester.Digester   : [SetPropertiesRule]{mbeans-descriptors/mbean/attribute} Setting property 'description' to 'The name of the provider to use for SSO session ID generation'
2019-05-11 11:06:12.313 DEBUG 8956 --- [kground-preinit] o.apache.tomcat.util.IntrospectionUtils  : IntrospectionUtils: setProperty(class org.apache.tomcat.util.modeler.AttributeInfo description=The name of the provider to use for SSO session ID generation)
2019-05-11 11:06:12.313 DEBUG 8956 --- [kground-preinit] o.apache.tomcat.util.digester.Digester   : [SetPropertiesRule]{mbeans-descriptors/mbean/attribute} Setting property 'type' to 'java.lang.String'
2019-05-11 11:06:12.314 DEBUG 8956 --- [kground-preinit] o.apache.tomcat.util.IntrospectionUtils  : IntrospectionUtils: setProperty(class org.apache.tomcat.util.modeler.AttributeInfo type=java.lang.String)
2019-05-11 11:06:12.314 DEBUG 8956 --- [kground-preinit] o.apache.tomcat.util.digester.Digester   :   Fire begin() for SetNextRule[methodName=addAttribute, paramType=org.apache.tomcat.util.modeler.AttributeInfo]
2019-05-11 11:06:12.314 DEBUG 8956 --- [kground-preinit] o.a.tomcat.util.digester.Digester.sax    : endElement(,,attribute)
2019-05-11 11:06:12.314 DEBUG 8956 --- [kground-preinit] o.apache.tomcat.util.digester.Digester   :   match='mbeans-descriptors/mbean/attribute'
2019-05-11 11:06:12.314 DEBUG 8956 --- [kground-preinit] o.apache.tomcat.util.digester.Digester   :   bodyText=''
2019-05-11 11:06:12.315 DEBUG 8956 --- [kground-preinit] o.apache.tomcat.util.digester.Digester   :   Fire body() for ObjectCreateRule[className=org.apache.tomcat.util.modeler.AttributeInfo, attributeName=null]
2019-05-11 11:06:12.315 DEBUG 8956 --- [kground-preinit] o.apache.tomcat.util.digester.Digester   :   Fire body() for SetPropertiesRule[]
2019-05-11 11:06:12.315 DEBUG 8956 --- [kground-preinit] o.apache.tomcat.util.digester.Digester   :   Fire body() for SetNextRule[methodName=addAttribute, paramType=org.apache.tomcat.util.modeler.AttributeInfo]
2019-05-11 11:06:12.315 DEBUG 8956 --- [kground-preinit] o.apache.tomcat.util.digester.Digester   :   Fire end() for SetNextRule[methodName=addAttribute, paramType=org.apache.tomcat.util.modeler.AttributeInfo]
2019-05-11 11:06:12.315 DEBUG 8956 --- [kground-preinit] o.apache.tomcat.util.digester.Digester   : [SetNextRule]{mbeans-descriptors/mbean/attribute} Call org.apache.tomcat.util.modeler.ManagedBean.addAttribute(org.apache.tomcat.util.modeler.AttributeInfo@655f49f6)
2019-05-11 11:06:12.315 DEBUG 8956 --- [kground-preinit] o.apache.tomcat.util.IntrospectionUtils  : IntrospectionUtils: callMethod1 org.apache.tomcat.util.modeler.ManagedBean org.apache.tomcat.util.modeler.AttributeInfo org.apache.tomcat.util.modeler.AttributeInfo
2019-05-11 11:06:12.316 DEBUG 8956 --- [kground-preinit] o.apache.tomcat.util.digester.Digester   :   Fire end() for SetPropertiesRule[]
2019-05-11 11:06:12.316 DEBUG 8956 --- [kground-preinit] o.apache.tomcat.util.digester.Digester   :   Fire end() for ObjectCreateRule[className=org.apache.tomcat.util.modeler.AttributeInfo, attributeName=null]
2019-05-11 11:06:12.316 DEBUG 8956 --- [kground-preinit] o.apache.tomcat.util.digester.Digester   : [ObjectCreateRule]{mbeans-descriptors/mbean/attribute} Pop org.apache.tomcat.util.modeler.AttributeInfo
2019-05-11 11:06:12.316 DEBUG 8956 --- [kground-preinit] o.a.tomcat.util.digester.Digester.sax    : characters(

    )
2019-05-11 11:06:12.316 DEBUG 8956 --- [kground-preinit] o.a.tomcat.util.digester.Digester.sax    : startElement(,,attribute)
2019-05-11 11:06:12.316 DEBUG 8956 --- [kground-preinit] o.apache.tomcat.util.digester.Digester   :   New match='mbeans-descriptors/mbean/attribute'
2019-05-11 11:06:12.317 DEBUG 8956 --- [kground-preinit] o.apache.tomcat.util.digester.Digester   :   Fire begin() for ObjectCreateRule[className=org.apache.tomcat.util.modeler.AttributeInfo, attributeName=null]
2019-05-11 11:06:12.317 DEBUG 8956 --- [kground-preinit] o.apache.tomcat.util.digester.Digester   : [ObjectCreateRule]{mbeans-descriptors/mbean/attribute}New org.apache.tomcat.util.modeler.AttributeInfo
2019-05-11 11:06:12.317 DEBUG 8956 --- [kground-preinit] o.apache.tomcat.util.digester.Digester   :   Fire begin() for SetPropertiesRule[]
2019-05-11 11:06:12.317 DEBUG 8956 --- [kground-preinit] o.apache.tomcat.util.digester.Digester   : [SetPropertiesRule]{mbeans-descriptors/mbean/attribute} Set org.apache.tomcat.util.modeler.AttributeInfo properties
2019-05-11 11:06:12.318 DEBUG 8956 --- [kground-preinit] o.apache.tomcat.util.digester.Digester   : [SetPropertiesRule]{mbeans-descriptors/mbean/attribute} Setting property 'name' to 'stateName'
2019-05-11 11:06:12.318 DEBUG 8956 --- [kground-preinit] o.apache.tomcat.util.IntrospectionUtils  : IntrospectionUtils: setProperty(class org.apache.tomcat.util.modeler.AttributeInfo name=stateName)
2019-05-11 11:06:12.318 DEBUG 8956 --- [kground-preinit] o.apache.tomcat.util.digester.Digester   : [SetPropertiesRule]{mbeans-descriptors/mbean/attribute} Setting property 'description' to 'The name of the LifecycleState that this component is currently in'
2019-05-11 11:06:12.318 DEBUG 8956 --- [kground-preinit] o.apache.tomcat.util.IntrospectionUtils  : IntrospectionUtils: setProperty(class org.apache.tomcat.util.modeler.AttributeInfo description=The name of the LifecycleState that this component is currently in)
2019-05-11 11:06:12.318 DEBUG 8956 --- [kground-preinit] o.apache.tomcat.util.digester.Digester   : [SetPropertiesRule]{mbeans-descriptors/mbean/attribute} Setting property 'type' to 'java.lang.String'
2019-05-11 11:06:12.318 DEBUG 8956 --- [kground-preinit] o.apache.tomcat.util.IntrospectionUtils  : IntrospectionUtils: setProperty(class org.apache.tomcat.util.modeler.AttributeInfo type=java.lang.String)
2019-05-11 11:06:12.318 DEBUG 8956 --- [kground-preinit] o.apache.tomcat.util.digester.Digester   : [SetPropertiesRule]{mbeans-descriptors/mbean/attribute} Setting property 'writeable' to 'false'
2019-05-11 11:06:12.318 DEBUG 8956 --- [kground-preinit] o.apache.tomcat.util.IntrospectionUtils  : IntrospectionUtils: setProperty(class org.apache.tomcat.util.modeler.AttributeInfo writeable=false)
2019-05-11 11:06:12.318 DEBUG 8956 --- [kground-preinit] o.apache.tomcat.util.digester.Digester   :   Fire begin() for SetNextRule[methodName=addAttribute, paramType=org.apache.tomcat.util.modeler.AttributeInfo]
2019-05-11 11:06:12.318 DEBUG 8956 --- [kground-preinit] o.a.tomcat.util.digester.Digester.sax    : endElement(,,attribute)
2019-05-11 11:06:12.319 DEBUG 8956 --- [kground-preinit] o.apache.tomcat.util.digester.Digester   :   match='mbeans-descriptors/mbean/attribute'
2019-05-11 11:06:12.320 DEBUG 8956 --- [kground-preinit] o.apache.tomcat.util.digester.Digester   :   bodyText=''
2019-05-11 11:06:12.320 DEBUG 8956 --- [kground-preinit] o.apache.tomcat.util.digester.Digester   :   Fire body() for ObjectCreateRule[className=org.apache.tomcat.util.modeler.AttributeInfo, attributeName=null]
2019-05-11 11:06:12.320 DEBUG 8956 --- [kground-preinit] o.apache.tomcat.util.digester.Digester   :   Fire body() for SetPropertiesRule[]
2019-05-11 11:06:12.320 DEBUG 8956 --- [kground-preinit] o.apache.tomcat.util.digester.Digester   :   Fire body() for SetNextRule[methodName=addAttribute, paramType=org.apache.tomcat.util.modeler.AttributeInfo]
2019-05-11 11:06:12.320 DEBUG 8956 --- [kground-preinit] o.apache.tomcat.util.digester.Digester   :   Fire end() for SetNextRule[methodName=addAttribute, paramType=org.apache.tomcat.util.modeler.AttributeInfo]
2019-05-11 11:06:12.320 DEBUG 8956 --- [kground-preinit] o.apache.tomcat.util.digester.Digester   : [SetNextRule]{mbeans-descriptors/mbean/attribute} Call org.apache.tomcat.util.modeler.ManagedBean.addAttribute(org.apache.tomcat.util.modeler.AttributeInfo@6f562bd2)
2019-05-11 11:06:12.321 DEBUG 8956 --- [kground-preinit] o.apache.tomcat.util.IntrospectionUtils  : IntrospectionUtils: callMethod1 org.apache.tomcat.util.modeler.ManagedBean org.apache.tomcat.util.modeler.AttributeInfo org.apache.tomcat.util.modeler.AttributeInfo
2019-05-11 11:06:12.321 DEBUG 8956 --- [kground-preinit] o.apache.tomcat.util.digester.Digester   :   Fire end() for SetPropertiesRule[]
2019-05-11 11:06:12.321 DEBUG 8956 --- [kground-preinit] o.apache.tomcat.util.digester.Digester   :   Fire end() for ObjectCreateRule[className=org.apache.tomcat.util.modeler.AttributeInfo, attributeName=null]
2019-05-11 11:06:12.321 DEBUG 8956 --- [kground-preinit] o.apache.tomcat.util.digester.Digester   : [ObjectCreateRule]{mbeans-descriptors/mbean/attribute} Pop org.apache.tomcat.util.modeler.AttributeInfo
2019-05-11 11:06:12.321 DEBUG 8956 --- [kground-preinit] o.a.tomcat.util.digester.Digester.sax    : characters(
  )
2019-05-11 11:06:12.321 DEBUG 8956 --- [kground-preinit] o.a.tomcat.util.digester.Digester.sax    : endElement(,,mbean)
2019-05-11 11:06:12.321 DEBUG 8956 --- [           main] o.s.b.f.s.DefaultListableBeanFactory     : Returning cached instance of singleton bean 'autoConfigurationReport'
2019-05-11 11:06:12.321 DEBUG 8956 --- [kground-preinit] o.apache.tomcat.util.digester.Digester   :   match='mbeans-descriptors/mbean'
2019-05-11 11:06:12.321 DEBUG 8956 --- [kground-preinit] o.apache.tomcat.util.digester.Digester   :   bodyText='

    

    

    

    

    

    

    

    

    
  '
2019-05-11 11:06:12.322 DEBUG 8956 --- [           main] o.s.b.f.s.DefaultListableBeanFactory     : Returning cached instance of singleton bean 'autoConfigurationReport'
2019-05-11 11:06:12.322 DEBUG 8956 --- [kground-preinit] o.apache.tomcat.util.digester.Digester   :   Fire body() for ObjectCreateRule[className=org.apache.tomcat.util.modeler.ManagedBean, attributeName=null]
2019-05-11 11:06:12.322 DEBUG 8956 --- [kground-preinit] o.apache.tomcat.util.digester.Digester   :   Fire body() for SetPropertiesRule[]
2019-05-11 11:06:12.323 DEBUG 8956 --- [kground-preinit] o.apache.tomcat.util.digester.Digester   :   Fire body() for SetNextRule[methodName=add, paramType=java.lang.Object]
2019-05-11 11:06:12.323 DEBUG 8956 --- [           main] o.s.b.f.s.DefaultListableBeanFactory     : Returning cached instance of singleton bean 'autoConfigurationReport'
2019-05-11 11:06:12.323 DEBUG 8956 --- [kground-preinit] o.apache.tomcat.util.digester.Digester   :   Fire end() for SetNextRule[methodName=add, paramType=java.lang.Object]
2019-05-11 11:06:12.323 DEBUG 8956 --- [kground-preinit] o.apache.tomcat.util.digester.Digester   : [SetNextRule]{mbeans-descriptors/mbean} Call java.util.ArrayList.add(ManagedBean[name=SSLAuthenticator, className=org.apache.tomcat.util.modeler.BaseModelMBean, description=An Authenticator and Valve implementation of authentication that utilizes SSL certificates to identify client users, group=Valve, type=org.apache.catalina.authenticator.SSLAuthenticator])
2019-05-11 11:06:12.323 DEBUG 8956 --- [kground-preinit] o.apache.tomcat.util.IntrospectionUtils  : IntrospectionUtils: callMethod1 java.util.ArrayList org.apache.tomcat.util.modeler.ManagedBean java.lang.Object
2019-05-11 11:06:12.323 DEBUG 8956 --- [kground-preinit] o.apache.tomcat.util.digester.Digester   :   Fire end() for SetPropertiesRule[]
2019-05-11 11:06:12.324 DEBUG 8956 --- [kground-preinit] o.apache.tomcat.util.digester.Digester   :   Fire end() for ObjectCreateRule[className=org.apache.tomcat.util.modeler.ManagedBean, attributeName=null]
2019-05-11 11:06:12.324 DEBUG 8956 --- [           main] o.s.b.f.s.DefaultListableBeanFactory     : Returning cached instance of singleton bean 'autoConfigurationReport'
2019-05-11 11:06:12.324 DEBUG 8956 --- [kground-preinit] o.apache.tomcat.util.digester.Digester   : [ObjectCreateRule]{mbeans-descriptors/mbean} Pop org.apache.tomcat.util.modeler.ManagedBean
2019-05-11 11:06:12.325 DEBUG 8956 --- [           main] o.s.b.f.s.DefaultListableBeanFactory     : Returning cached instance of singleton bean 'autoConfigurationReport'
2019-05-11 11:06:12.325 DEBUG 8956 --- [kground-preinit] o.a.tomcat.util.digester.Digester.sax    : characters(

)
2019-05-11 11:06:12.325 DEBUG 8956 --- [kground-preinit] o.a.tomcat.util.digester.Digester.sax    : endElement(,,mbeans-descriptors)
2019-05-11 11:06:12.325 DEBUG 8956 --- [           main] o.s.b.f.s.DefaultListableBeanFactory     : Returning cached instance of singleton bean 'autoConfigurationReport'
2019-05-11 11:06:12.326 DEBUG 8956 --- [kground-preinit] o.apache.tomcat.util.digester.Digester   :   match='mbeans-descriptors'
2019-05-11 11:06:12.326 DEBUG 8956 --- [kground-preinit] o.apache.tomcat.util.digester.Digester   :   bodyText='

  


  

  

  


  


  

'
2019-05-11 11:06:12.326 DEBUG 8956 --- [           main] o.s.b.f.s.DefaultListableBeanFactory     : Returning cached instance of singleton bean 'autoConfigurationReport'
2019-05-11 11:06:12.326 DEBUG 8956 --- [kground-preinit] o.apache.tomcat.util.digester.Digester   :   No rules found matching 'mbeans-descriptors'.
2019-05-11 11:06:12.326 DEBUG 8956 --- [           main] o.s.b.f.s.DefaultListableBeanFactory     : Returning cached instance of singleton bean 'autoConfigurationReport'
2019-05-11 11:06:12.329 DEBUG 8956 --- [           main] o.s.b.f.s.DefaultListableBeanFactory     : Returning cached instance of singleton bean 'autoConfigurationReport'
2019-05-11 11:06:12.329 DEBUG 8956 --- [kground-preinit] o.a.tomcat.util.digester.Digester.sax    : endDocument()
2019-05-11 11:06:12.330 DEBUG 8956 --- [kground-preinit] org.apache.tomcat.util.modeler.Registry  : Found jar:file:/F:/Repositories/Maven/org/apache/tomcat/embed/tomcat-embed-core/8.5.27/tomcat-embed-core-8.5.27.jar!/org/apache/catalina/core/mbeans-descriptors.xml
2019-05-11 11:06:12.330 DEBUG 8956 --- [kground-preinit] o.a.tomcat.util.digester.Digester.sax    : setDocumentLocator(org.apache.xerces.parsers.AbstractSAXParser$LocatorProxy@57235ac4)
2019-05-11 11:06:12.330 DEBUG 8956 --- [kground-preinit] o.a.tomcat.util.digester.Digester.sax    : startDocument()
2019-05-11 11:06:12.331 DEBUG 8956 --- [kground-preinit] o.a.tomcat.util.digester.Digester.sax    : startElement(,,mbeans-descriptors)
2019-05-11 11:06:12.331 DEBUG 8956 --- [kground-preinit] o.apache.tomcat.util.digester.Digester   :   New match='mbeans-descriptors'
2019-05-11 11:06:12.331 DEBUG 8956 --- [kground-preinit] o.apache.tomcat.util.digester.Digester   :   No rules found matching 'mbeans-descriptors'.
2019-05-11 11:06:12.331 DEBUG 8956 --- [kground-preinit] o.a.tomcat.util.digester.Digester.sax    : characters(

  )
2019-05-11 11:06:12.332 DEBUG 8956 --- [kground-preinit] o.a.tomcat.util.digester.Digester.sax    : startElement(,,mbean)
2019-05-11 11:06:12.332 DEBUG 8956 --- [kground-preinit] o.apache.tomcat.util.digester.Digester   :   New match='mbeans-descriptors/mbean'
2019-05-11 11:06:12.335 DEBUG 8956 --- [kground-preinit] o.apache.tomcat.util.digester.Digester   :   Fire begin() for ObjectCreateRule[className=org.apache.tomcat.util.modeler.ManagedBean, attributeName=null]
2019-05-11 11:06:12.335 DEBUG 8956 --- [kground-preinit] o.apache.tomcat.util.digester.Digester   : [ObjectCreateRule]{mbeans-descriptors/mbean}New org.apache.tomcat.util.modeler.ManagedBean
2019-05-11 11:06:12.335 DEBUG 8956 --- [kground-preinit] o.apache.tomcat.util.digester.Digester   :   Fire begin() for SetPropertiesRule[]
2019-05-11 11:06:12.336 DEBUG 8956 --- [kground-preinit] o.apache.tomcat.util.digester.Digester   : [SetPropertiesRule]{mbeans-descriptors/mbean} Set org.apache.tomcat.util.modeler.ManagedBean properties
2019-05-11 11:06:12.336 DEBUG 8956 --- [kground-preinit] o.apache.tomcat.util.digester.Digester   : [SetPropertiesRule]{mbeans-descriptors/mbean} Setting property 'name' to 'ApplicationFilterConfig'
2019-05-11 11:06:12.336 DEBUG 8956 --- [kground-preinit] o.apache.tomcat.util.IntrospectionUtils  : IntrospectionUtils: setProperty(class org.apache.tomcat.util.modeler.ManagedBean name=ApplicationFilterConfig)
2019-05-11 11:06:12.336 DEBUG 8956 --- [kground-preinit] o.apache.tomcat.util.digester.Digester   : [SetPropertiesRule]{mbeans-descriptors/mbean} Setting property 'description' to 'Wrapper that represents an individual servlet-filter definition'
2019-05-11 11:06:12.336 DEBUG 8956 --- [kground-preinit] o.apache.tomcat.util.IntrospectionUtils  : IntrospectionUtils: setProperty(class org.apache.tomcat.util.modeler.ManagedBean description=Wrapper that represents an individual servlet-filter definition)
2019-05-11 11:06:12.336 DEBUG 8956 --- [kground-preinit] o.apache.tomcat.util.digester.Digester   : [SetPropertiesRule]{mbeans-descriptors/mbean} Setting property 'domain' to 'Catalina'
2019-05-11 11:06:12.336 DEBUG 8956 --- [kground-preinit] o.apache.tomcat.util.IntrospectionUtils  : IntrospectionUtils: setProperty(class org.apache.tomcat.util.modeler.ManagedBean domain=Catalina)
2019-05-11 11:06:12.336 DEBUG 8956 --- [kground-preinit] o.apache.tomcat.util.digester.Digester   : [SetPropertiesRule]{mbeans-descriptors/mbean} Setting property 'group' to 'Filter'
2019-05-11 11:06:12.336 DEBUG 8956 --- [kground-preinit] o.apache.tomcat.util.IntrospectionUtils  : IntrospectionUtils: setProperty(class org.apache.tomcat.util.modeler.ManagedBean group=Filter)
2019-05-11 11:06:12.336 DEBUG 8956 --- [kground-preinit] o.apache.tomcat.util.digester.Digester   : [SetPropertiesRule]{mbeans-descriptors/mbean} Setting property 'type' to 'org.apache.catalina.core.ApplicationFilterConfig'
2019-05-11 11:06:12.337 DEBUG 8956 --- [kground-preinit] o.apache.tomcat.util.IntrospectionUtils  : IntrospectionUtils: setProperty(class org.apache.tomcat.util.modeler.ManagedBean type=org.apache.catalina.core.ApplicationFilterConfig)
2019-05-11 11:06:12.337 DEBUG 8956 --- [kground-preinit] o.apache.tomcat.util.digester.Digester   :   Fire begin() for SetNextRule[methodName=add, paramType=java.lang.Object]
2019-05-11 11:06:12.337 DEBUG 8956 --- [kground-preinit] o.a.tomcat.util.digester.Digester.sax    : characters(

     )
2019-05-11 11:06:12.337 DEBUG 8956 --- [kground-preinit] o.a.tomcat.util.digester.Digester.sax    : startElement(,,attribute)
2019-05-11 11:06:12.337 DEBUG 8956 --- [kground-preinit] o.apache.tomcat.util.digester.Digester   :   New match='mbeans-descriptors/mbean/attribute'
2019-05-11 11:06:12.337 DEBUG 8956 --- [kground-preinit] o.apache.tomcat.util.digester.Digester   :   Fire begin() for ObjectCreateRule[className=org.apache.tomcat.util.modeler.AttributeInfo, attributeName=null]
2019-05-11 11:06:12.337 DEBUG 8956 --- [kground-preinit] o.apache.tomcat.util.digester.Digester   : [ObjectCreateRule]{mbeans-descriptors/mbean/attribute}New org.apache.tomcat.util.modeler.AttributeInfo
2019-05-11 11:06:12.337 DEBUG 8956 --- [kground-preinit] o.apache.tomcat.util.digester.Digester   :   Fire begin() for SetPropertiesRule[]
2019-05-11 11:06:12.337 DEBUG 8956 --- [kground-preinit] o.apache.tomcat.util.digester.Digester   : [SetPropertiesRule]{mbeans-descriptors/mbean/attribute} Set org.apache.tomcat.util.modeler.AttributeInfo properties
2019-05-11 11:06:12.337 DEBUG 8956 --- [kground-preinit] o.apache.tomcat.util.digester.Digester   : [SetPropertiesRule]{mbeans-descriptors/mbean/attribute} Setting property 'name' to 'filterName'
2019-05-11 11:06:12.338 DEBUG 8956 --- [kground-preinit] o.apache.tomcat.util.IntrospectionUtils  : IntrospectionUtils: setProperty(class org.apache.tomcat.util.modeler.AttributeInfo name=filterName)
2019-05-11 11:06:12.338 DEBUG 8956 --- [kground-preinit] o.apache.tomcat.util.digester.Digester   : [SetPropertiesRule]{mbeans-descriptors/mbean/attribute} Setting property 'description' to 'The name used to reference the filter in web.xml'
2019-05-11 11:06:12.338 DEBUG 8956 --- [kground-preinit] o.apache.tomcat.util.IntrospectionUtils  : IntrospectionUtils: setProperty(class org.apache.tomcat.util.modeler.AttributeInfo description=The name used to reference the filter in web.xml)
2019-05-11 11:06:12.338 DEBUG 8956 --- [kground-preinit] o.apache.tomcat.util.digester.Digester   : [SetPropertiesRule]{mbeans-descriptors/mbean/attribute} Setting property 'type' to 'java.lang.String'
2019-05-11 11:06:12.338 DEBUG 8956 --- [kground-preinit] o.apache.tomcat.util.IntrospectionUtils  : IntrospectionUtils: setProperty(class org.apache.tomcat.util.modeler.AttributeInfo type=java.lang.String)
2019-05-11 11:06:12.338 DEBUG 8956 --- [kground-preinit] o.apache.tomcat.util.digester.Digester   : [SetPropertiesRule]{mbeans-descriptors/mbean/attribute} Setting property 'writeable' to 'false'
2019-05-11 11:06:12.338 DEBUG 8956 --- [kground-preinit] o.apache.tomcat.util.IntrospectionUtils  : IntrospectionUtils: setProperty(class org.apache.tomcat.util.modeler.AttributeInfo writeable=false)
2019-05-11 11:06:12.338 DEBUG 8956 --- [kground-preinit] o.apache.tomcat.util.digester.Digester   :   Fire begin() for SetNextRule[methodName=addAttribute, paramType=org.apache.tomcat.util.modeler.AttributeInfo]
2019-05-11 11:06:12.338 DEBUG 8956 --- [kground-preinit] o.a.tomcat.util.digester.Digester.sax    : endElement(,,attribute)
2019-05-11 11:06:12.338 DEBUG 8956 --- [kground-preinit] o.apache.tomcat.util.digester.Digester   :   match='mbeans-descriptors/mbean/attribute'
2019-05-11 11:06:12.338 DEBUG 8956 --- [kground-preinit] o.apache.tomcat.util.digester.Digester   :   bodyText=''
2019-05-11 11:06:12.338 DEBUG 8956 --- [kground-preinit] o.apache.tomcat.util.digester.Digester   :   Fire body() for ObjectCreateRule[className=org.apache.tomcat.util.modeler.AttributeInfo, attributeName=null]
2019-05-11 11:06:12.338 DEBUG 8956 --- [kground-preinit] o.apache.tomcat.util.digester.Digester   :   Fire body() for SetPropertiesRule[]
2019-05-11 11:06:12.338 DEBUG 8956 --- [kground-preinit] o.apache.tomcat.util.digester.Digester   :   Fire body() for SetNextRule[methodName=addAttribute, paramType=org.apache.tomcat.util.modeler.AttributeInfo]
2019-05-11 11:06:12.339 DEBUG 8956 --- [kground-preinit] o.apache.tomcat.util.digester.Digester   :   Fire end() for SetNextRule[methodName=addAttribute, paramType=org.apache.tomcat.util.modeler.AttributeInfo]
2019-05-11 11:06:12.339 DEBUG 8956 --- [kground-preinit] o.apache.tomcat.util.digester.Digester   : [SetNextRule]{mbeans-descriptors/mbean/attribute} Call org.apache.tomcat.util.modeler.ManagedBean.addAttribute(org.apache.tomcat.util.modeler.AttributeInfo@482cb92f)
2019-05-11 11:06:12.339 DEBUG 8956 --- [kground-preinit] o.apache.tomcat.util.IntrospectionUtils  : IntrospectionUtils: callMethod1 org.apache.tomcat.util.modeler.ManagedBean org.apache.tomcat.util.modeler.AttributeInfo org.apache.tomcat.util.modeler.AttributeInfo
2019-05-11 11:06:12.339 DEBUG 8956 --- [kground-preinit] o.apache.tomcat.util.digester.Digester   :   Fire end() for SetPropertiesRule[]
2019-05-11 11:06:12.339 DEBUG 8956 --- [kground-preinit] o.apache.tomcat.util.digester.Digester   :   Fire end() for ObjectCreateRule[className=org.apache.tomcat.util.modeler.AttributeInfo, attributeName=null]
2019-05-11 11:06:12.339 DEBUG 8956 --- [kground-preinit] o.apache.tomcat.util.digester.Digester   : [ObjectCreateRule]{mbeans-descriptors/mbean/attribute} Pop org.apache.tomcat.util.modeler.AttributeInfo
2019-05-11 11:06:12.339 DEBUG 8956 --- [kground-preinit] o.a.tomcat.util.digester.Digester.sax    : characters(

     )
2019-05-11 11:06:12.339 DEBUG 8956 --- [kground-preinit] o.a.tomcat.util.digester.Digester.sax    : startElement(,,attribute)
2019-05-11 11:06:12.339 DEBUG 8956 --- [kground-preinit] o.apache.tomcat.util.digester.Digester   :   New match='mbeans-descriptors/mbean/attribute'
2019-05-11 11:06:12.339 DEBUG 8956 --- [kground-preinit] o.apache.tomcat.util.digester.Digester   :   Fire begin() for ObjectCreateRule[className=org.apache.tomcat.util.modeler.AttributeInfo, attributeName=null]
2019-05-11 11:06:12.339 DEBUG 8956 --- [kground-preinit] o.apache.tomcat.util.digester.Digester   : [ObjectCreateRule]{mbeans-descriptors/mbean/attribute}New org.apache.tomcat.util.modeler.AttributeInfo
2019-05-11 11:06:12.339 DEBUG 8956 --- [kground-preinit] o.apache.tomcat.util.digester.Digester   :   Fire begin() for SetPropertiesRule[]
2019-05-11 11:06:12.440 DEBUG 8956 --- [kground-preinit] o.apache.tomcat.util.digester.Digester   : [SetPropertiesRule]{mbeans-descriptors/mbean/attribute} Set org.apache.tomcat.util.modeler.AttributeInfo properties
2019-05-11 11:06:12.442 DEBUG 8956 --- [kground-preinit] o.apache.tomcat.util.digester.Digester   : [SetPropertiesRule]{mbeans-descriptors/mbean/attribute} Setting property 'name' to 'filterClass'
2019-05-11 11:06:12.442 DEBUG 8956 --- [kground-preinit] o.apache.tomcat.util.IntrospectionUtils  : IntrospectionUtils: setProperty(class org.apache.tomcat.util.modeler.AttributeInfo name=filterClass)
2019-05-11 11:06:12.442 DEBUG 8956 --- [kground-preinit] o.apache.tomcat.util.digester.Digester   : [SetPropertiesRule]{mbeans-descriptors/mbean/attribute} Setting property 'description' to 'Fully qualified class name of the filter object'
2019-05-11 11:06:12.442 DEBUG 8956 --- [kground-preinit] o.apache.tomcat.util.IntrospectionUtils  : IntrospectionUtils: setProperty(class org.apache.tomcat.util.modeler.AttributeInfo description=Fully qualified class name of the filter object)
2019-05-11 11:06:12.442 DEBUG 8956 --- [kground-preinit] o.apache.tomcat.util.digester.Digester   : [SetPropertiesRule]{mbeans-descriptors/mbean/attribute} Setting property 'type' to 'java.lang.String'
2019-05-11 11:06:12.443 DEBUG 8956 --- [kground-preinit] o.apache.tomcat.util.IntrospectionUtils  : IntrospectionUtils: setProperty(class org.apache.tomcat.util.modeler.AttributeInfo type=java.lang.String)
2019-05-11 11:06:12.443 DEBUG 8956 --- [kground-preinit] o.apache.tomcat.util.digester.Digester   : [SetPropertiesRule]{mbeans-descriptors/mbean/attribute} Setting property 'writeable' to 'false'
2019-05-11 11:06:12.443 DEBUG 8956 --- [kground-preinit] o.apache.tomcat.util.IntrospectionUtils  : IntrospectionUtils: setProperty(class org.apache.tomcat.util.modeler.AttributeInfo writeable=false)
2019-05-11 11:06:12.443 DEBUG 8956 --- [kground-preinit] o.apache.tomcat.util.digester.Digester   :   Fire begin() for SetNextRule[methodName=addAttribute, paramType=org.apache.tomcat.util.modeler.AttributeInfo]
2019-05-11 11:06:12.443 DEBUG 8956 --- [kground-preinit] o.a.tomcat.util.digester.Digester.sax    : endElement(,,attribute)
2019-05-11 11:06:12.443 DEBUG 8956 --- [kground-preinit] o.apache.tomcat.util.digester.Digester   :   match='mbeans-descriptors/mbean/attribute'
2019-05-11 11:06:12.443 DEBUG 8956 --- [kground-preinit] o.apache.tomcat.util.digester.Digester   :   bodyText=''
2019-05-11 11:06:12.444 DEBUG 8956 --- [kground-preinit] o.apache.tomcat.util.digester.Digester   :   Fire body() for ObjectCreateRule[className=org.apache.tomcat.util.modeler.AttributeInfo, attributeName=null]
2019-05-11 11:06:12.444 DEBUG 8956 --- [kground-preinit] o.apache.tomcat.util.digester.Digester   :   Fire body() for SetPropertiesRule[]
2019-05-11 11:06:12.444 DEBUG 8956 --- [kground-preinit] o.apache.tomcat.util.digester.Digester   :   Fire body() for SetNextRule[methodName=addAttribute, paramType=org.apache.tomcat.util.modeler.AttributeInfo]
2019-05-11 11:06:12.444 DEBUG 8956 --- [kground-preinit] o.apache.tomcat.util.digester.Digester   :   Fire end() for SetNextRule[methodName=addAttribute, paramType=org.apache.tomcat.util.modeler.AttributeInfo]
2019-05-11 11:06:12.444 DEBUG 8956 --- [kground-preinit] o.apache.tomcat.util.digester.Digester   : [SetNextRule]{mbeans-descriptors/mbean/attribute} Call org.apache.tomcat.util.modeler.ManagedBean.addAttribute(org.apache.tomcat.util.modeler.AttributeInfo@16fa0343)
2019-05-11 11:06:12.444 DEBUG 8956 --- [kground-preinit] o.apache.tomcat.util.IntrospectionUtils  : IntrospectionUtils: callMethod1 org.apache.tomcat.util.modeler.ManagedBean org.apache.tomcat.util.modeler.AttributeInfo org.apache.tomcat.util.modeler.AttributeInfo
2019-05-11 11:06:12.445 DEBUG 8956 --- [kground-preinit] o.apache.tomcat.util.digester.Digester   :   Fire end() for SetPropertiesRule[]
2019-05-11 11:06:12.445 DEBUG 8956 --- [kground-preinit] o.apache.tomcat.util.digester.Digester   :   Fire end() for ObjectCreateRule[className=org.apache.tomcat.util.modeler.AttributeInfo, attributeName=null]
2019-05-11 11:06:12.445 DEBUG 8956 --- [kground-preinit] o.apache.tomcat.util.digester.Digester   : [ObjectCreateRule]{mbeans-descriptors/mbean/attribute} Pop org.apache.tomcat.util.modeler.AttributeInfo
2019-05-11 11:06:12.445 DEBUG 8956 --- [kground-preinit] o.a.tomcat.util.digester.Digester.sax    : characters(

     )
2019-05-11 11:06:12.445 DEBUG 8956 --- [kground-preinit] o.a.tomcat.util.digester.Digester.sax    : startElement(,,attribute)
2019-05-11 11:06:12.445 DEBUG 8956 --- [kground-preinit] o.apache.tomcat.util.digester.Digester   :   New match='mbeans-descriptors/mbean/attribute'
2019-05-11 11:06:12.446 DEBUG 8956 --- [kground-preinit] o.apache.tomcat.util.digester.Digester   :   Fire begin() for ObjectCreateRule[className=org.apache.tomcat.util.modeler.AttributeInfo, attributeName=null]
2019-05-11 11:06:12.446 DEBUG 8956 --- [kground-preinit] o.apache.tomcat.util.digester.Digester   : [ObjectCreateRule]{mbeans-descriptors/mbean/attribute}New org.apache.tomcat.util.modeler.AttributeInfo
2019-05-11 11:06:12.446 DEBUG 8956 --- [kground-preinit] o.apache.tomcat.util.digester.Digester   :   Fire begin() for SetPropertiesRule[]
2019-05-11 11:06:12.446 DEBUG 8956 --- [kground-preinit] o.apache.tomcat.util.digester.Digester   : [SetPropertiesRule]{mbeans-descriptors/mbean/attribute} Set org.apache.tomcat.util.modeler.AttributeInfo properties
2019-05-11 11:06:12.446 DEBUG 8956 --- [kground-preinit] o.apache.tomcat.util.digester.Digester   : [SetPropertiesRule]{mbeans-descriptors/mbean/attribute} Setting property 'name' to 'filterInitParameterMap'
2019-05-11 11:06:12.446 DEBUG 8956 --- [kground-preinit] o.apache.tomcat.util.IntrospectionUtils  : IntrospectionUtils: setProperty(class org.apache.tomcat.util.modeler.AttributeInfo name=filterInitParameterMap)
2019-05-11 11:06:12.446 DEBUG 8956 --- [kground-preinit] o.apache.tomcat.util.digester.Digester   : [SetPropertiesRule]{mbeans-descriptors/mbean/attribute} Setting property 'description' to 'Return the initialization parameters associated with this filter'
2019-05-11 11:06:12.447 DEBUG 8956 --- [kground-preinit] o.apache.tomcat.util.IntrospectionUtils  : IntrospectionUtils: setProperty(class org.apache.tomcat.util.modeler.AttributeInfo description=Return the initialization parameters associated with this filter)
2019-05-11 11:06:12.447 DEBUG 8956 --- [kground-preinit] o.apache.tomcat.util.digester.Digester   : [SetPropertiesRule]{mbeans-descriptors/mbean/attribute} Setting property 'type' to 'java.util.Map'
2019-05-11 11:06:12.447 DEBUG 8956 --- [kground-preinit] o.apache.tomcat.util.IntrospectionUtils  : IntrospectionUtils: setProperty(class org.apache.tomcat.util.modeler.AttributeInfo type=java.util.Map)
2019-05-11 11:06:12.448 DEBUG 8956 --- [kground-preinit] o.apache.tomcat.util.digester.Digester   : [SetPropertiesRule]{mbeans-descriptors/mbean/attribute} Setting property 'writeable' to 'false'
2019-05-11 11:06:12.448 DEBUG 8956 --- [kground-preinit] o.apache.tomcat.util.IntrospectionUtils  : IntrospectionUtils: setProperty(class org.apache.tomcat.util.modeler.AttributeInfo writeable=false)
2019-05-11 11:06:12.448 DEBUG 8956 --- [kground-preinit] o.apache.tomcat.util.digester.Digester   :   Fire begin() for SetNextRule[methodName=addAttribute, paramType=org.apache.tomcat.util.modeler.AttributeInfo]
2019-05-11 11:06:12.448 DEBUG 8956 --- [kground-preinit] o.a.tomcat.util.digester.Digester.sax    : endElement(,,attribute)
2019-05-11 11:06:12.448 DEBUG 8956 --- [kground-preinit] o.apache.tomcat.util.digester.Digester   :   match='mbeans-descriptors/mbean/attribute'
2019-05-11 11:06:12.448 DEBUG 8956 --- [kground-preinit] o.apache.tomcat.util.digester.Digester   :   bodyText=''
2019-05-11 11:06:12.448 DEBUG 8956 --- [kground-preinit] o.apache.tomcat.util.digester.Digester   :   Fire body() for ObjectCreateRule[className=org.apache.tomcat.util.modeler.AttributeInfo, attributeName=null]
2019-05-11 11:06:12.449 DEBUG 8956 --- [kground-preinit] o.apache.tomcat.util.digester.Digester   :   Fire body() for SetPropertiesRule[]
2019-05-11 11:06:12.449 DEBUG 8956 --- [kground-preinit] o.apache.tomcat.util.digester.Digester   :   Fire body() for SetNextRule[methodName=addAttribute, paramType=org.apache.tomcat.util.modeler.AttributeInfo]
2019-05-11 11:06:12.449 DEBUG 8956 --- [kground-preinit] o.apache.tomcat.util.digester.Digester   :   Fire end() for SetNextRule[methodName=addAttribute, paramType=org.apache.tomcat.util.modeler.AttributeInfo]
2019-05-11 11:06:12.449 DEBUG 8956 --- [kground-preinit] o.apache.tomcat.util.digester.Digester   : [SetNextRule]{mbeans-descriptors/mbean/attribute} Call org.apache.tomcat.util.modeler.ManagedBean.addAttribute(org.apache.tomcat.util.modeler.AttributeInfo@3bec90e)
2019-05-11 11:06:12.449 DEBUG 8956 --- [kground-preinit] o.apache.tomcat.util.IntrospectionUtils  : IntrospectionUtils: callMethod1 org.apache.tomcat.util.modeler.ManagedBean org.apache.tomcat.util.modeler.AttributeInfo org.apache.tomcat.util.modeler.AttributeInfo
2019-05-11 11:06:12.449 DEBUG 8956 --- [kground-preinit] o.apache.tomcat.util.digester.Digester   :   Fire end() for SetPropertiesRule[]
2019-05-11 11:06:12.449 DEBUG 8956 --- [kground-preinit] o.apache.tomcat.util.digester.Digester   :   Fire end() for ObjectCreateRule[className=org.apache.tomcat.util.modeler.AttributeInfo, attributeName=null]
2019-05-11 11:06:12.450 DEBUG 8956 --- [kground-preinit] o.apache.tomcat.util.digester.Digester   : [ObjectCreateRule]{mbeans-descriptors/mbean/attribute} Pop org.apache.tomcat.util.modeler.AttributeInfo
2019-05-11 11:06:12.450 DEBUG 8956 --- [kground-preinit] o.a.tomcat.util.digester.Digester.sax    : characters(

  )
2019-05-11 11:06:12.450 DEBUG 8956 --- [kground-preinit] o.a.tomcat.util.digester.Digester.sax    : endElement(,,mbean)
2019-05-11 11:06:12.450 DEBUG 8956 --- [kground-preinit] o.apache.tomcat.util.digester.Digester   :   match='mbeans-descriptors/mbean'
2019-05-11 11:06:12.450 DEBUG 8956 --- [kground-preinit] o.apache.tomcat.util.digester.Digester   :   bodyText='

     

     

     

  '
2019-05-11 11:06:12.469 DEBUG 8956 --- [kground-preinit] o.apache.tomcat.util.digester.Digester   :   Fire body() for ObjectCreateRule[className=org.apache.tomcat.util.modeler.ManagedBean, attributeName=null]
2019-05-11 11:06:12.469 DEBUG 8956 --- [kground-preinit] o.apache.tomcat.util.digester.Digester   :   Fire body() for SetPropertiesRule[]
2019-05-11 11:06:12.471 DEBUG 8956 --- [kground-preinit] o.apache.tomcat.util.digester.Digester   :   Fire body() for SetNextRule[methodName=add, paramType=java.lang.Object]
2019-05-11 11:06:12.471 DEBUG 8956 --- [kground-preinit] o.apache.tomcat.util.digester.Digester   :   Fire end() for SetNextRule[methodName=add, paramType=java.lang.Object]
2019-05-11 11:06:12.471 DEBUG 8956 --- [kground-preinit] o.apache.tomcat.util.digester.Digester   : [SetNextRule]{mbeans-descriptors/mbean} Call java.util.ArrayList.add(ManagedBean[name=ApplicationFilterConfig, className=org.apache.tomcat.util.modeler.BaseModelMBean, description=Wrapper that represents an individual servlet-filter definition, group=Filter, type=org.apache.catalina.core.ApplicationFilterConfig])
2019-05-11 11:06:12.471 DEBUG 8956 --- [kground-preinit] o.apache.tomcat.util.IntrospectionUtils  : IntrospectionUtils: callMethod1 java.util.ArrayList org.apache.tomcat.util.modeler.ManagedBean java.lang.Object
2019-05-11 11:06:12.471 DEBUG 8956 --- [kground-preinit] o.apache.tomcat.util.digester.Digester   :   Fire end() for SetPropertiesRule[]
2019-05-11 11:06:12.471 DEBUG 8956 --- [kground-preinit] o.apache.tomcat.util.digester.Digester   :   Fire end() for ObjectCreateRule[className=org.apache.tomcat.util.modeler.ManagedBean, attributeName=null]
2019-05-11 11:06:12.471 DEBUG 8956 --- [kground-preinit] o.apache.tomcat.util.digester.Digester   : [ObjectCreateRule]{mbeans-descriptors/mbean} Pop org.apache.tomcat.util.modeler.ManagedBean
2019-05-11 11:06:12.471 DEBUG 8956 --- [kground-preinit] o.a.tomcat.util.digester.Digester.sax    : characters(

  )
2019-05-11 11:06:12.472 DEBUG 8956 --- [kground-preinit] o.a.tomcat.util.digester.Digester.sax    : startElement(,,mbean)
2019-05-11 11:06:12.472 DEBUG 8956 --- [kground-preinit] o.apache.tomcat.util.digester.Digester   :   New match='mbeans-descriptors/mbean'
2019-05-11 11:06:12.472 DEBUG 8956 --- [kground-preinit] o.apache.tomcat.util.digester.Digester   :   Fire begin() for ObjectCreateRule[className=org.apache.tomcat.util.modeler.ManagedBean, attributeName=null]
2019-05-11 11:06:12.472 DEBUG 8956 --- [kground-preinit] o.apache.tomcat.util.digester.Digester   : [ObjectCreateRule]{mbeans-descriptors/mbean}New org.apache.tomcat.util.modeler.ManagedBean
2019-05-11 11:06:12.474 DEBUG 8956 --- [kground-preinit] o.apache.tomcat.util.digester.Digester   :   Fire begin() for SetPropertiesRule[]
2019-05-11 11:06:12.474 DEBUG 8956 --- [kground-preinit] o.apache.tomcat.util.digester.Digester   : [SetPropertiesRule]{mbeans-descriptors/mbean} Set org.apache.tomcat.util.modeler.ManagedBean properties
2019-05-11 11:06:12.474 DEBUG 8956 --- [kground-preinit] o.apache.tomcat.util.digester.Digester   : [SetPropertiesRule]{mbeans-descriptors/mbean} Setting property 'name' to 'NamingContextListener'
2019-05-11 11:06:12.474 DEBUG 8956 --- [kground-preinit] o.apache.tomcat.util.IntrospectionUtils  : IntrospectionUtils: setProperty(class org.apache.tomcat.util.modeler.ManagedBean name=NamingContextListener)
2019-05-11 11:06:12.474 DEBUG 8956 --- [kground-preinit] o.apache.tomcat.util.digester.Digester   : [SetPropertiesRule]{mbeans-descriptors/mbean} Setting property 'description' to 'Helper class used to initialize and populate the JNDI context associated with each context and server'
2019-05-11 11:06:12.474 DEBUG 8956 --- [kground-preinit] o.apache.tomcat.util.IntrospectionUtils  : IntrospectionUtils: setProperty(class org.apache.tomcat.util.modeler.ManagedBean description=Helper class used to initialize and populate the JNDI context associated with each context and server)
2019-05-11 11:06:12.475 DEBUG 8956 --- [kground-preinit] o.apache.tomcat.util.digester.Digester   : [SetPropertiesRule]{mbeans-descriptors/mbean} Setting property 'domain' to 'Catalina'
2019-05-11 11:06:12.475 DEBUG 8956 --- [kground-preinit] o.apache.tomcat.util.IntrospectionUtils  : IntrospectionUtils: setProperty(class org.apache.tomcat.util.modeler.ManagedBean domain=Catalina)
2019-05-11 11:06:12.475 DEBUG 8956 --- [kground-preinit] o.apache.tomcat.util.digester.Digester   : [SetPropertiesRule]{mbeans-descriptors/mbean} Setting property 'group' to 'Listener'
2019-05-11 11:06:12.475 DEBUG 8956 --- [kground-preinit] o.apache.tomcat.util.IntrospectionUtils  : IntrospectionUtils: setProperty(class org.apache.tomcat.util.modeler.ManagedBean group=Listener)
2019-05-11 11:06:12.476 DEBUG 8956 --- [kground-preinit] o.apache.tomcat.util.digester.Digester   : [SetPropertiesRule]{mbeans-descriptors/mbean} Setting property 'type' to 'org.apache.catalina.core.NamingContextListener'
2019-05-11 11:06:12.476 DEBUG 8956 --- [kground-preinit] o.apache.tomcat.util.IntrospectionUtils  : IntrospectionUtils: setProperty(class org.apache.tomcat.util.modeler.ManagedBean type=org.apache.catalina.core.NamingContextListener)
2019-05-11 11:06:12.476 DEBUG 8956 --- [kground-preinit] o.apache.tomcat.util.digester.Digester   :   Fire begin() for SetNextRule[methodName=add, paramType=java.lang.Object]
2019-05-11 11:06:12.476 DEBUG 8956 --- [kground-preinit] o.a.tomcat.util.digester.Digester.sax    : characters(

    )
2019-05-11 11:06:12.476 DEBUG 8956 --- [kground-preinit] o.a.tomcat.util.digester.Digester.sax    : startElement(,,attribute)
2019-05-11 11:06:12.477 DEBUG 8956 --- [kground-preinit] o.apache.tomcat.util.digester.Digester   :   New match='mbeans-descriptors/mbean/attribute'
2019-05-11 11:06:12.477 DEBUG 8956 --- [kground-preinit] o.apache.tomcat.util.digester.Digester   :   Fire begin() for ObjectCreateRule[className=org.apache.tomcat.util.modeler.AttributeInfo, attributeName=null]
2019-05-11 11:06:12.477 DEBUG 8956 --- [kground-preinit] o.apache.tomcat.util.digester.Digester   : [ObjectCreateRule]{mbeans-descriptors/mbean/attribute}New org.apache.tomcat.util.modeler.AttributeInfo
2019-05-11 11:06:12.477 DEBUG 8956 --- [kground-preinit] o.apache.tomcat.util.digester.Digester   :   Fire begin() for SetPropertiesRule[]
2019-05-11 11:06:12.477 DEBUG 8956 --- [kground-preinit] o.apache.tomcat.util.digester.Digester   : [SetPropertiesRule]{mbeans-descriptors/mbean/attribute} Set org.apache.tomcat.util.modeler.AttributeInfo properties
2019-05-11 11:06:12.478 DEBUG 8956 --- [kground-preinit] o.apache.tomcat.util.digester.Digester   : [SetPropertiesRule]{mbeans-descriptors/mbean/attribute} Setting property 'name' to 'className'
2019-05-11 11:06:12.478 DEBUG 8956 --- [kground-preinit] o.apache.tomcat.util.IntrospectionUtils  : IntrospectionUtils: setProperty(class org.apache.tomcat.util.modeler.AttributeInfo name=className)
2019-05-11 11:06:12.478 DEBUG 8956 --- [kground-preinit] o.apache.tomcat.util.digester.Digester   : [SetPropertiesRule]{mbeans-descriptors/mbean/attribute} Setting property 'description' to 'Fully qualified class name of the managed object'
2019-05-11 11:06:12.478 DEBUG 8956 --- [kground-preinit] o.apache.tomcat.util.IntrospectionUtils  : IntrospectionUtils: setProperty(class org.apache.tomcat.util.modeler.AttributeInfo description=Fully qualified class name of the managed object)
2019-05-11 11:06:12.478 DEBUG 8956 --- [kground-preinit] o.apache.tomcat.util.digester.Digester   : [SetPropertiesRule]{mbeans-descriptors/mbean/attribute} Setting property 'type' to 'java.lang.String'
2019-05-11 11:06:12.479 DEBUG 8956 --- [kground-preinit] o.apache.tomcat.util.IntrospectionUtils  : IntrospectionUtils: setProperty(class org.apache.tomcat.util.modeler.AttributeInfo type=java.lang.String)
2019-05-11 11:06:12.479 DEBUG 8956 --- [kground-preinit] o.apache.tomcat.util.digester.Digester   : [SetPropertiesRule]{mbeans-descriptors/mbean/attribute} Setting property 'writeable' to 'false'
2019-05-11 11:06:12.479 DEBUG 8956 --- [kground-preinit] o.apache.tomcat.util.IntrospectionUtils  : IntrospectionUtils: setProperty(class org.apache.tomcat.util.modeler.AttributeInfo writeable=false)
2019-05-11 11:06:12.479 DEBUG 8956 --- [           main] o.s.b.f.s.DefaultListableBeanFactory     : Returning cached instance of singleton bean 'autoConfigurationReport'
2019-05-11 11:06:12.479 DEBUG 8956 --- [           main] o.s.b.f.s.DefaultListableBeanFactory     : Returning cached instance of singleton bean 'autoConfigurationReport'
2019-05-11 11:06:12.480 DEBUG 8956 --- [kground-preinit] o.apache.tomcat.util.digester.Digester   :   Fire begin() for SetNextRule[methodName=addAttribute, paramType=org.apache.tomcat.util.modeler.AttributeInfo]
2019-05-11 11:06:12.480 DEBUG 8956 --- [kground-preinit] o.a.tomcat.util.digester.Digester.sax    : endElement(,,attribute)
2019-05-11 11:06:12.480 DEBUG 8956 --- [           main] o.s.b.f.s.DefaultListableBeanFactory     : Returning cached instance of singleton bean 'autoConfigurationReport'
2019-05-11 11:06:12.480 DEBUG 8956 --- [kground-preinit] o.apache.tomcat.util.digester.Digester   :   match='mbeans-descriptors/mbean/attribute'
2019-05-11 11:06:12.480 DEBUG 8956 --- [kground-preinit] o.apache.tomcat.util.digester.Digester   :   bodyText=''
2019-05-11 11:06:12.480 DEBUG 8956 --- [kground-preinit] o.apache.tomcat.util.digester.Digester   :   Fire body() for ObjectCreateRule[className=org.apache.tomcat.util.modeler.AttributeInfo, attributeName=null]
2019-05-11 11:06:12.480 DEBUG 8956 --- [kground-preinit] o.apache.tomcat.util.digester.Digester   :   Fire body() for SetPropertiesRule[]
2019-05-11 11:06:12.481 DEBUG 8956 --- [kground-preinit] o.apache.tomcat.util.digester.Digester   :   Fire body() for SetNextRule[methodName=addAttribute, paramType=org.apache.tomcat.util.modeler.AttributeInfo]
2019-05-11 11:06:12.481 DEBUG 8956 --- [kground-preinit] o.apache.tomcat.util.digester.Digester   :   Fire end() for SetNextRule[methodName=addAttribute, paramType=org.apache.tomcat.util.modeler.AttributeInfo]
2019-05-11 11:06:12.481 DEBUG 8956 --- [kground-preinit] o.apache.tomcat.util.digester.Digester   : [SetNextRule]{mbeans-descriptors/mbean/attribute} Call org.apache.tomcat.util.modeler.ManagedBean.addAttribute(org.apache.tomcat.util.modeler.AttributeInfo@63ce6be9)
2019-05-11 11:06:12.481 DEBUG 8956 --- [kground-preinit] o.apache.tomcat.util.IntrospectionUtils  : IntrospectionUtils: callMethod1 org.apache.tomcat.util.modeler.ManagedBean org.apache.tomcat.util.modeler.AttributeInfo org.apache.tomcat.util.modeler.AttributeInfo
2019-05-11 11:06:12.481 DEBUG 8956 --- [kground-preinit] o.apache.tomcat.util.digester.Digester   :   Fire end() for SetPropertiesRule[]
2019-05-11 11:06:12.481 DEBUG 8956 --- [kground-preinit] o.apache.tomcat.util.digester.Digester   :   Fire end() for ObjectCreateRule[className=org.apache.tomcat.util.modeler.AttributeInfo, attributeName=null]
2019-05-11 11:06:12.481 DEBUG 8956 --- [kground-preinit] o.apache.tomcat.util.digester.Digester   : [ObjectCreateRule]{mbeans-descriptors/mbean/attribute} Pop org.apache.tomcat.util.modeler.AttributeInfo
2019-05-11 11:06:12.481 DEBUG 8956 --- [kground-preinit] o.a.tomcat.util.digester.Digester.sax    : characters(

    )
2019-05-11 11:06:12.481 DEBUG 8956 --- [kground-preinit] o.a.tomcat.util.digester.Digester.sax    : startElement(,,attribute)
2019-05-11 11:06:12.481 DEBUG 8956 --- [kground-preinit] o.apache.tomcat.util.digester.Digester   :   New match='mbeans-descriptors/mbean/attribute'
2019-05-11 11:06:12.482 DEBUG 8956 --- [kground-preinit] o.apache.tomcat.util.digester.Digester   :   Fire begin() for ObjectCreateRule[className=org.apache.tomcat.util.modeler.AttributeInfo, attributeName=null]
2019-05-11 11:06:12.482 DEBUG 8956 --- [kground-preinit] o.apache.tomcat.util.digester.Digester   : [ObjectCreateRule]{mbeans-descriptors/mbean/attribute}New org.apache.tomcat.util.modeler.AttributeInfo
2019-05-11 11:06:12.482 DEBUG 8956 --- [kground-preinit] o.apache.tomcat.util.digester.Digester   :   Fire begin() for SetPropertiesRule[]
2019-05-11 11:06:12.482 DEBUG 8956 --- [kground-preinit] o.apache.tomcat.util.digester.Digester   : [SetPropertiesRule]{mbeans-descriptors/mbean/attribute} Set org.apache.tomcat.util.modeler.AttributeInfo properties
2019-05-11 11:06:12.482 DEBUG 8956 --- [kground-preinit] o.apache.tomcat.util.digester.Digester   : [SetPropertiesRule]{mbeans-descriptors/mbean/attribute} Setting property 'name' to 'name'
2019-05-11 11:06:12.482 DEBUG 8956 --- [kground-preinit] o.apache.tomcat.util.IntrospectionUtils  : IntrospectionUtils: setProperty(class org.apache.tomcat.util.modeler.AttributeInfo name=name)
2019-05-11 11:06:12.482 DEBUG 8956 --- [kground-preinit] o.apache.tomcat.util.digester.Digester   : [SetPropertiesRule]{mbeans-descriptors/mbean/attribute} Setting property 'description' to 'Name of the associated naming context'
2019-05-11 11:06:12.482 DEBUG 8956 --- [kground-preinit] o.apache.tomcat.util.IntrospectionUtils  : IntrospectionUtils: setProperty(class org.apache.tomcat.util.modeler.AttributeInfo description=Name of the associated naming context)
2019-05-11 11:06:12.482 DEBUG 8956 --- [kground-preinit] o.apache.tomcat.util.digester.Digester   : [SetPropertiesRule]{mbeans-descriptors/mbean/attribute} Setting property 'type' to 'java.lang.String'
2019-05-11 11:06:12.482 DEBUG 8956 --- [kground-preinit] o.apache.tomcat.util.IntrospectionUtils  : IntrospectionUtils: setProperty(class org.apache.tomcat.util.modeler.AttributeInfo type=java.lang.String)
2019-05-11 11:06:12.482 DEBUG 8956 --- [kground-preinit] o.apache.tomcat.util.digester.Digester   : [SetPropertiesRule]{mbeans-descriptors/mbean/attribute} Setting property 'writeable' to 'false'
2019-05-11 11:06:12.482 DEBUG 8956 --- [kground-preinit] o.apache.tomcat.util.IntrospectionUtils  : IntrospectionUtils: setProperty(class org.apache.tomcat.util.modeler.AttributeInfo writeable=false)
2019-05-11 11:06:12.483 DEBUG 8956 --- [kground-preinit] o.apache.tomcat.util.digester.Digester   :   Fire begin() for SetNextRule[methodName=addAttribute, paramType=org.apache.tomcat.util.modeler.AttributeInfo]
2019-05-11 11:06:12.483 DEBUG 8956 --- [kground-preinit] o.a.tomcat.util.digester.Digester.sax    : endElement(,,attribute)
2019-05-11 11:06:12.483 DEBUG 8956 --- [kground-preinit] o.apache.tomcat.util.digester.Digester   :   match='mbeans-descriptors/mbean/attribute'
2019-05-11 11:06:12.483 DEBUG 8956 --- [kground-preinit] o.apache.tomcat.util.digester.Digester   :   bodyText=''
2019-05-11 11:06:12.483 DEBUG 8956 --- [kground-preinit] o.apache.tomcat.util.digester.Digester   :   Fire body() for ObjectCreateRule[className=org.apache.tomcat.util.modeler.AttributeInfo, attributeName=null]
2019-05-11 11:06:12.483 DEBUG 8956 --- [           main] o.s.b.f.s.DefaultListableBeanFactory     : Returning cached instance of singleton bean 'autoConfigurationReport'
2019-05-11 11:06:12.483 DEBUG 8956 --- [kground-preinit] o.apache.tomcat.util.digester.Digester   :   Fire body() for SetPropertiesRule[]
2019-05-11 11:06:12.483 DEBUG 8956 --- [kground-preinit] o.apache.tomcat.util.digester.Digester   :   Fire body() for SetNextRule[methodName=addAttribute, paramType=org.apache.tomcat.util.modeler.AttributeInfo]
2019-05-11 11:06:12.483 DEBUG 8956 --- [kground-preinit] o.apache.tomcat.util.digester.Digester   :   Fire end() for SetNextRule[methodName=addAttribute, paramType=org.apache.tomcat.util.modeler.AttributeInfo]
2019-05-11 11:06:12.483 DEBUG 8956 --- [kground-preinit] o.apache.tomcat.util.digester.Digester   : [SetNextRule]{mbeans-descriptors/mbean/attribute} Call org.apache.tomcat.util.modeler.ManagedBean.addAttribute(org.apache.tomcat.util.modeler.AttributeInfo@25688cc8)
2019-05-11 11:06:12.483 DEBUG 8956 --- [kground-preinit] o.apache.tomcat.util.IntrospectionUtils  : IntrospectionUtils: callMethod1 org.apache.tomcat.util.modeler.ManagedBean org.apache.tomcat.util.modeler.AttributeInfo org.apache.tomcat.util.modeler.AttributeInfo
2019-05-11 11:06:12.484 DEBUG 8956 --- [kground-preinit] o.apache.tomcat.util.digester.Digester   :   Fire end() for SetPropertiesRule[]
2019-05-11 11:06:12.484 DEBUG 8956 --- [kground-preinit] o.apache.tomcat.util.digester.Digester   :   Fire end() for ObjectCreateRule[className=org.apache.tomcat.util.modeler.AttributeInfo, attributeName=null]
2019-05-11 11:06:12.484 DEBUG 8956 --- [kground-preinit] o.apache.tomcat.util.digester.Digester   : [ObjectCreateRule]{mbeans-descriptors/mbean/attribute} Pop org.apache.tomcat.util.modeler.AttributeInfo
2019-05-11 11:06:12.484 DEBUG 8956 --- [kground-preinit] o.a.tomcat.util.digester.Digester.sax    : characters(

  )
2019-05-11 11:06:12.484 DEBUG 8956 --- [kground-preinit] o.a.tomcat.util.digester.Digester.sax    : endElement(,,mbean)
2019-05-11 11:06:12.484 DEBUG 8956 --- [kground-preinit] o.apache.tomcat.util.digester.Digester   :   match='mbeans-descriptors/mbean'
2019-05-11 11:06:12.484 DEBUG 8956 --- [kground-preinit] o.apache.tomcat.util.digester.Digester   :   bodyText='

    

    

  '
2019-05-11 11:06:12.484 DEBUG 8956 --- [kground-preinit] o.apache.tomcat.util.digester.Digester   :   Fire body() for ObjectCreateRule[className=org.apache.tomcat.util.modeler.ManagedBean, attributeName=null]
2019-05-11 11:06:12.484 DEBUG 8956 --- [kground-preinit] o.apache.tomcat.util.digester.Digester   :   Fire body() for SetPropertiesRule[]
2019-05-11 11:06:12.484 DEBUG 8956 --- [kground-preinit] o.apache.tomcat.util.digester.Digester   :   Fire body() for SetNextRule[methodName=add, paramType=java.lang.Object]
2019-05-11 11:06:12.484 DEBUG 8956 --- [kground-preinit] o.apache.tomcat.util.digester.Digester   :   Fire end() for SetNextRule[methodName=add, paramType=java.lang.Object]
2019-05-11 11:06:12.484 DEBUG 8956 --- [kground-preinit] o.apache.tomcat.util.digester.Digester   : [SetNextRule]{mbeans-descriptors/mbean} Call java.util.ArrayList.add(ManagedBean[name=NamingContextListener, className=org.apache.tomcat.util.modeler.BaseModelMBean, description=Helper class used to initialize and populate the JNDI context associated with each context and server, group=Listener, type=org.apache.catalina.core.NamingContextListener])
2019-05-11 11:06:12.485 DEBUG 8956 --- [kground-preinit] o.apache.tomcat.util.IntrospectionUtils  : IntrospectionUtils: callMethod1 java.util.ArrayList org.apache.tomcat.util.modeler.ManagedBean java.lang.Object
2019-05-11 11:06:12.485 DEBUG 8956 --- [kground-preinit] o.apache.tomcat.util.digester.Digester   :   Fire end() for SetPropertiesRule[]
2019-05-11 11:06:12.485 DEBUG 8956 --- [kground-preinit] o.apache.tomcat.util.digester.Digester   :   Fire end() for ObjectCreateRule[className=org.apache.tomcat.util.modeler.ManagedBean, attributeName=null]
2019-05-11 11:06:12.485 DEBUG 8956 --- [kground-preinit] o.apache.tomcat.util.digester.Digester   : [ObjectCreateRule]{mbeans-descriptors/mbean} Pop org.apache.tomcat.util.modeler.ManagedBean
2019-05-11 11:06:12.485 DEBUG 8956 --- [kground-preinit] o.a.tomcat.util.digester.Digester.sax    : characters(

  )
2019-05-11 11:06:12.485 DEBUG 8956 --- [kground-preinit] o.a.tomcat.util.digester.Digester.sax    : startElement(,,mbean)
2019-05-11 11:06:12.485 DEBUG 8956 --- [kground-preinit] o.apache.tomcat.util.digester.Digester   :   New match='mbeans-descriptors/mbean'
2019-05-11 11:06:12.485 DEBUG 8956 --- [kground-preinit] o.apache.tomcat.util.digester.Digester   :   Fire begin() for ObjectCreateRule[className=org.apache.tomcat.util.modeler.ManagedBean, attributeName=null]
2019-05-11 11:06:12.485 DEBUG 8956 --- [kground-preinit] o.apache.tomcat.util.digester.Digester   : [ObjectCreateRule]{mbeans-descriptors/mbean}New org.apache.tomcat.util.modeler.ManagedBean
2019-05-11 11:06:12.485 DEBUG 8956 --- [kground-preinit] o.apache.tomcat.util.digester.Digester   :   Fire begin() for SetPropertiesRule[]
2019-05-11 11:06:12.485 DEBUG 8956 --- [kground-preinit] o.apache.tomcat.util.digester.Digester   : [SetPropertiesRule]{mbeans-descriptors/mbean} Set org.apache.tomcat.util.modeler.ManagedBean properties
2019-05-11 11:06:12.485 DEBUG 8956 --- [kground-preinit] o.apache.tomcat.util.digester.Digester   : [SetPropertiesRule]{mbeans-descriptors/mbean} Setting property 'name' to 'StandardContext'
2019-05-11 11:06:12.486 DEBUG 8956 --- [kground-preinit] o.apache.tomcat.util.IntrospectionUtils  : IntrospectionUtils: setProperty(class org.apache.tomcat.util.modeler.ManagedBean name=StandardContext)
2019-05-11 11:06:12.486 DEBUG 8956 --- [kground-preinit] o.apache.tomcat.util.digester.Digester   : [SetPropertiesRule]{mbeans-descriptors/mbean} Setting property 'description' to 'Standard Context Component'
2019-05-11 11:06:12.486 DEBUG 8956 --- [kground-preinit] o.apache.tomcat.util.IntrospectionUtils  : IntrospectionUtils: setProperty(class org.apache.tomcat.util.modeler.ManagedBean description=Standard Context Component)
2019-05-11 11:06:12.486 DEBUG 8956 --- [kground-preinit] o.apache.tomcat.util.digester.Digester   : [SetPropertiesRule]{mbeans-descriptors/mbean} Setting property 'domain' to 'Catalina'
2019-05-11 11:06:12.486 DEBUG 8956 --- [kground-preinit] o.apache.tomcat.util.IntrospectionUtils  : IntrospectionUtils: setProperty(class org.apache.tomcat.util.modeler.ManagedBean domain=Catalina)
2019-05-11 11:06:12.486 DEBUG 8956 --- [kground-preinit] o.apache.tomcat.util.digester.Digester   : [SetPropertiesRule]{mbeans-descriptors/mbean} Setting property 'group' to 'Context'
2019-05-11 11:06:12.486 DEBUG 8956 --- [kground-preinit] o.apache.tomcat.util.IntrospectionUtils  : IntrospectionUtils: setProperty(class org.apache.tomcat.util.modeler.ManagedBean group=Context)
2019-05-11 11:06:12.486 DEBUG 8956 --- [kground-preinit] o.apache.tomcat.util.digester.Digester   : [SetPropertiesRule]{mbeans-descriptors/mbean} Setting property 'type' to 'org.apache.catalina.core.StandardContext'
2019-05-11 11:06:12.486 DEBUG 8956 --- [kground-preinit] o.apache.tomcat.util.IntrospectionUtils  : IntrospectionUtils: setProperty(class org.apache.tomcat.util.modeler.ManagedBean type=org.apache.catalina.core.StandardContext)
2019-05-11 11:06:12.486 DEBUG 8956 --- [kground-preinit] o.apache.tomcat.util.digester.Digester   : [SetPropertiesRule]{mbeans-descriptors/mbean} Setting property 'className' to 'org.apache.catalina.mbeans.ContextMBean'
2019-05-11 11:06:12.487 DEBUG 8956 --- [kground-preinit] o.apache.tomcat.util.IntrospectionUtils  : IntrospectionUtils: setProperty(class org.apache.tomcat.util.modeler.ManagedBean className=org.apache.catalina.mbeans.ContextMBean)
2019-05-11 11:06:12.487 DEBUG 8956 --- [kground-preinit] o.apache.tomcat.util.digester.Digester   :   Fire begin() for SetNextRule[methodName=add, paramType=java.lang.Object]
2019-05-11 11:06:12.487 DEBUG 8956 --- [kground-preinit] o.a.tomcat.util.digester.Digester.sax    : characters(

    )
2019-05-11 11:06:12.487 DEBUG 8956 --- [kground-preinit] o.a.tomcat.util.digester.Digester.sax    : startElement(,,attribute)
2019-05-11 11:06:12.487 DEBUG 8956 --- [kground-preinit] o.apache.tomcat.util.digester.Digester   :   New match='mbeans-descriptors/mbean/attribute'
2019-05-11 11:06:12.487 DEBUG 8956 --- [kground-preinit] o.apache.tomcat.util.digester.Digester   :   Fire begin() for ObjectCreateRule[className=org.apache.tomcat.util.modeler.AttributeInfo, attributeName=null]
2019-05-11 11:06:12.487 DEBUG 8956 --- [kground-preinit] o.apache.tomcat.util.digester.Digester   : [ObjectCreateRule]{mbeans-descriptors/mbean/attribute}New org.apache.tomcat.util.modeler.AttributeInfo
2019-05-11 11:06:12.487 DEBUG 8956 --- [kground-preinit] o.apache.tomcat.util.digester.Digester   :   Fire begin() for SetPropertiesRule[]
2019-05-11 11:06:12.487 DEBUG 8956 --- [kground-preinit] o.apache.tomcat.util.digester.Digester   : [SetPropertiesRule]{mbeans-descriptors/mbean/attribute} Set org.apache.tomcat.util.modeler.AttributeInfo properties
2019-05-11 11:06:12.487 DEBUG 8956 --- [kground-preinit] o.apache.tomcat.util.digester.Digester   : [SetPropertiesRule]{mbeans-descriptors/mbean/attribute} Setting property 'name' to 'altDDName'
2019-05-11 11:06:12.487 DEBUG 8956 --- [           main] o.s.b.f.s.DefaultListableBeanFactory     : Returning cached instance of singleton bean 'autoConfigurationReport'
2019-05-11 11:06:12.487 DEBUG 8956 --- [kground-preinit] o.apache.tomcat.util.IntrospectionUtils  : IntrospectionUtils: setProperty(class org.apache.tomcat.util.modeler.AttributeInfo name=altDDName)
2019-05-11 11:06:12.487 DEBUG 8956 --- [kground-preinit] o.apache.tomcat.util.digester.Digester   : [SetPropertiesRule]{mbeans-descriptors/mbean/attribute} Setting property 'description' to 'The alternate deployment descriptor name.'
2019-05-11 11:06:12.488 DEBUG 8956 --- [kground-preinit] o.apache.tomcat.util.IntrospectionUtils  : IntrospectionUtils: setProperty(class org.apache.tomcat.util.modeler.AttributeInfo description=The alternate deployment descriptor name.)
2019-05-11 11:06:12.488 DEBUG 8956 --- [kground-preinit] o.apache.tomcat.util.digester.Digester   : [SetPropertiesRule]{mbeans-descriptors/mbean/attribute} Setting property 'type' to 'java.lang.String'
2019-05-11 11:06:12.488 DEBUG 8956 --- [kground-preinit] o.apache.tomcat.util.IntrospectionUtils  : IntrospectionUtils: setProperty(class org.apache.tomcat.util.modeler.AttributeInfo type=java.lang.String)
2019-05-11 11:06:12.488 DEBUG 8956 --- [kground-preinit] o.apache.tomcat.util.digester.Digester   :   Fire begin() for SetNextRule[methodName=addAttribute, paramType=org.apache.tomcat.util.modeler.AttributeInfo]
2019-05-11 11:06:12.488 DEBUG 8956 --- [kground-preinit] o.a.tomcat.util.digester.Digester.sax    : endElement(,,attribute)
2019-05-11 11:06:12.488 DEBUG 8956 --- [kground-preinit] o.apache.tomcat.util.digester.Digester   :   match='mbeans-descriptors/mbean/attribute'
2019-05-11 11:06:12.488 DEBUG 8956 --- [kground-preinit] o.apache.tomcat.util.digester.Digester   :   bodyText=''
2019-05-11 11:06:12.488 DEBUG 8956 --- [kground-preinit] o.apache.tomcat.util.digester.Digester   :   Fire body() for ObjectCreateRule[className=org.apache.tomcat.util.modeler.AttributeInfo, attributeName=null]
2019-05-11 11:06:12.488 DEBUG 8956 --- [kground-preinit] o.apache.tomcat.util.digester.Digester   :   Fire body() for SetPropertiesRule[]
2019-05-11 11:06:12.489 DEBUG 8956 --- [kground-preinit] o.apache.tomcat.util.digester.Digester   :   Fire body() for SetNextRule[methodName=addAttribute, paramType=org.apache.tomcat.util.modeler.AttributeInfo]
2019-05-11 11:06:12.489 DEBUG 8956 --- [kground-preinit] o.apache.tomcat.util.digester.Digester   :   Fire end() for SetNextRule[methodName=addAttribute, paramType=org.apache.tomcat.util.modeler.AttributeInfo]
2019-05-11 11:06:12.489 DEBUG 8956 --- [kground-preinit] o.apache.tomcat.util.digester.Digester   : [SetNextRule]{mbeans-descriptors/mbean/attribute} Call org.apache.tomcat.util.modeler.ManagedBean.addAttribute(org.apache.tomcat.util.modeler.AttributeInfo@50ebd7d2)
2019-05-11 11:06:12.489 DEBUG 8956 --- [kground-preinit] o.apache.tomcat.util.IntrospectionUtils  : IntrospectionUtils: callMethod1 org.apache.tomcat.util.modeler.ManagedBean org.apache.tomcat.util.modeler.AttributeInfo org.apache.tomcat.util.modeler.AttributeInfo
2019-05-11 11:06:12.489 DEBUG 8956 --- [kground-preinit] o.apache.tomcat.util.digester.Digester   :   Fire end() for SetPropertiesRule[]
2019-05-11 11:06:12.489 DEBUG 8956 --- [kground-preinit] o.apache.tomcat.util.digester.Digester   :   Fire end() for ObjectCreateRule[className=org.apache.tomcat.util.modeler.AttributeInfo, attributeName=null]
2019-05-11 11:06:12.490 DEBUG 8956 --- [kground-preinit] o.apache.tomcat.util.digester.Digester   : [ObjectCreateRule]{mbeans-descriptors/mbean/attribute} Pop org.apache.tomcat.util.modeler.AttributeInfo
2019-05-11 11:06:12.490 DEBUG 8956 --- [kground-preinit] o.a.tomcat.util.digester.Digester.sax    : characters(

    )
2019-05-11 11:06:12.490 DEBUG 8956 --- [kground-preinit] o.a.tomcat.util.digester.Digester.sax    : startElement(,,attribute)
2019-05-11 11:06:12.490 DEBUG 8956 --- [kground-preinit] o.apache.tomcat.util.digester.Digester   :   New match='mbeans-descriptors/mbean/attribute'
2019-05-11 11:06:12.490 DEBUG 8956 --- [kground-preinit] o.apache.tomcat.util.digester.Digester   :   Fire begin() for ObjectCreateRule[className=org.apache.tomcat.util.modeler.AttributeInfo, attributeName=null]
2019-05-11 11:06:12.490 DEBUG 8956 --- [kground-preinit] o.apache.tomcat.util.digester.Digester   : [ObjectCreateRule]{mbeans-descriptors/mbean/attribute}New org.apache.tomcat.util.modeler.AttributeInfo
2019-05-11 11:06:12.490 DEBUG 8956 --- [kground-preinit] o.apache.tomcat.util.digester.Digester   :   Fire begin() for SetPropertiesRule[]
2019-05-11 11:06:12.490 DEBUG 8956 --- [kground-preinit] o.apache.tomcat.util.digester.Digester   : [SetPropertiesRule]{mbeans-descriptors/mbean/attribute} Set org.apache.tomcat.util.modeler.AttributeInfo properties
2019-05-11 11:06:12.490 DEBUG 8956 --- [kground-preinit] o.apache.tomcat.util.digester.Digester   : [SetPropertiesRule]{mbeans-descriptors/mbean/attribute} Setting property 'name' to 'antiResourceLocking'
2019-05-11 11:06:12.490 DEBUG 8956 --- [kground-preinit] o.apache.tomcat.util.IntrospectionUtils  : IntrospectionUtils: setProperty(class org.apache.tomcat.util.modeler.AttributeInfo name=antiResourceLocking)
2019-05-11 11:06:12.490 DEBUG 8956 --- [kground-preinit] o.apache.tomcat.util.digester.Digester   : [SetPropertiesRule]{mbeans-descriptors/mbean/attribute} Setting property 'description' to 'Take care to not lock resources'
2019-05-11 11:06:12.490 DEBUG 8956 --- [kground-preinit] o.apache.tomcat.util.IntrospectionUtils  : IntrospectionUtils: setProperty(class org.apache.tomcat.util.modeler.AttributeInfo description=Take care to not lock resources)
2019-05-11 11:06:12.490 DEBUG 8956 --- [kground-preinit] o.apache.tomcat.util.digester.Digester   : [SetPropertiesRule]{mbeans-descriptors/mbean/attribute} Setting property 'type' to 'boolean'
2019-05-11 11:06:12.491 DEBUG 8956 --- [kground-preinit] o.apache.tomcat.util.IntrospectionUtils  : IntrospectionUtils: setProperty(class org.apache.tomcat.util.modeler.AttributeInfo type=boolean)
2019-05-11 11:06:12.491 DEBUG 8956 --- [kground-preinit] o.apache.tomcat.util.digester.Digester   :   Fire begin() for SetNextRule[methodName=addAttribute, paramType=org.apache.tomcat.util.modeler.AttributeInfo]
2019-05-11 11:06:12.491 DEBUG 8956 --- [kground-preinit] o.a.tomcat.util.digester.Digester.sax    : endElement(,,attribute)
2019-05-11 11:06:12.491 DEBUG 8956 --- [kground-preinit] o.apache.tomcat.util.digester.Digester   :   match='mbeans-descriptors/mbean/attribute'
2019-05-11 11:06:12.491 DEBUG 8956 --- [kground-preinit] o.apache.tomcat.util.digester.Digester   :   bodyText=''
2019-05-11 11:06:12.491 DEBUG 8956 --- [kground-preinit] o.apache.tomcat.util.digester.Digester   :   Fire body() for ObjectCreateRule[className=org.apache.tomcat.util.modeler.AttributeInfo, attributeName=null]
2019-05-11 11:06:12.491 DEBUG 8956 --- [kground-preinit] o.apache.tomcat.util.digester.Digester   :   Fire body() for SetPropertiesRule[]
2019-05-11 11:06:12.491 DEBUG 8956 --- [kground-preinit] o.apache.tomcat.util.digester.Digester   :   Fire body() for SetNextRule[methodName=addAttribute, paramType=org.apache.tomcat.util.modeler.AttributeInfo]
2019-05-11 11:06:12.491 DEBUG 8956 --- [kground-preinit] o.apache.tomcat.util.digester.Digester   :   Fire end() for SetNextRule[methodName=addAttribute, paramType=org.apache.tomcat.util.modeler.AttributeInfo]
2019-05-11 11:06:12.491 DEBUG 8956 --- [kground-preinit] o.apache.tomcat.util.digester.Digester   : [SetNextRule]{mbeans-descriptors/mbean/attribute} Call org.apache.tomcat.util.modeler.ManagedBean.addAttribute(org.apache.tomcat.util.modeler.AttributeInfo@2ca71366)
2019-05-11 11:06:12.491 DEBUG 8956 --- [kground-preinit] o.apache.tomcat.util.IntrospectionUtils  : IntrospectionUtils: callMethod1 org.apache.tomcat.util.modeler.ManagedBean org.apache.tomcat.util.modeler.AttributeInfo org.apache.tomcat.util.modeler.AttributeInfo
2019-05-11 11:06:12.491 DEBUG 8956 --- [kground-preinit] o.apache.tomcat.util.digester.Digester   :   Fire end() for SetPropertiesRule[]
2019-05-11 11:06:12.491 DEBUG 8956 --- [kground-preinit] o.apache.tomcat.util.digester.Digester   :   Fire end() for ObjectCreateRule[className=org.apache.tomcat.util.modeler.AttributeInfo, attributeName=null]
2019-05-11 11:06:12.491 DEBUG 8956 --- [kground-preinit] o.apache.tomcat.util.digester.Digester   : [ObjectCreateRule]{mbeans-descriptors/mbean/attribute} Pop org.apache.tomcat.util.modeler.AttributeInfo
2019-05-11 11:06:12.491 DEBUG 8956 --- [kground-preinit] o.a.tomcat.util.digester.Digester.sax    : characters(

    )
2019-05-11 11:06:12.492 DEBUG 8956 --- [kground-preinit] o.a.tomcat.util.digester.Digester.sax    : startElement(,,attribute)
2019-05-11 11:06:12.492 DEBUG 8956 --- [kground-preinit] o.apache.tomcat.util.digester.Digester   :   New match='mbeans-descriptors/mbean/attribute'
2019-05-11 11:06:12.492 DEBUG 8956 --- [kground-preinit] o.apache.tomcat.util.digester.Digester   :   Fire begin() for ObjectCreateRule[className=org.apache.tomcat.util.modeler.AttributeInfo, attributeName=null]
2019-05-11 11:06:12.492 DEBUG 8956 --- [kground-preinit] o.apache.tomcat.util.digester.Digester   : [ObjectCreateRule]{mbeans-descriptors/mbean/attribute}New org.apache.tomcat.util.modeler.AttributeInfo
2019-05-11 11:06:12.492 DEBUG 8956 --- [kground-preinit] o.apache.tomcat.util.digester.Digester   :   Fire begin() for SetPropertiesRule[]
2019-05-11 11:06:12.492 DEBUG 8956 --- [kground-preinit] o.apache.tomcat.util.digester.Digester   : [SetPropertiesRule]{mbeans-descriptors/mbean/attribute} Set org.apache.tomcat.util.modeler.AttributeInfo properties
2019-05-11 11:06:12.492 DEBUG 8956 --- [kground-preinit] o.apache.tomcat.util.digester.Digester   : [SetPropertiesRule]{mbeans-descriptors/mbean/attribute} Setting property 'name' to 'baseName'
2019-05-11 11:06:12.492 DEBUG 8956 --- [kground-preinit] o.apache.tomcat.util.IntrospectionUtils  : IntrospectionUtils: setProperty(class org.apache.tomcat.util.modeler.AttributeInfo name=baseName)
2019-05-11 11:06:12.492 DEBUG 8956 --- [kground-preinit] o.apache.tomcat.util.digester.Digester   : [SetPropertiesRule]{mbeans-descriptors/mbean/attribute} Setting property 'description' to 'The base name used for directories, WAR files (with .war appended) and context.xml files (with .xml appended).'
2019-05-11 11:06:12.492 DEBUG 8956 --- [kground-preinit] o.apache.tomcat.util.IntrospectionUtils  : IntrospectionUtils: setProperty(class org.apache.tomcat.util.modeler.AttributeInfo description=The base name used for directories, WAR files (with .war appended) and context.xml files (with .xml appended).)
2019-05-11 11:06:12.492 DEBUG 8956 --- [kground-preinit] o.apache.tomcat.util.digester.Digester   : [SetPropertiesRule]{mbeans-descriptors/mbean/attribute} Setting property 'type' to 'java.lang.String'
2019-05-11 11:06:12.492 DEBUG 8956 --- [kground-preinit] o.apache.tomcat.util.IntrospectionUtils  : IntrospectionUtils: setProperty(class org.apache.tomcat.util.modeler.AttributeInfo type=java.lang.String)
2019-05-11 11:06:12.492 DEBUG 8956 --- [kground-preinit] o.apache.tomcat.util.digester.Digester   : [SetPropertiesRule]{mbeans-descriptors/mbean/attribute} Setting property 'writeable' to 'false'
2019-05-11 11:06:12.493 DEBUG 8956 --- [kground-preinit] o.apache.tomcat.util.IntrospectionUtils  : IntrospectionUtils: setProperty(class org.apache.tomcat.util.modeler.AttributeInfo writeable=false)
2019-05-11 11:06:12.493 DEBUG 8956 --- [kground-preinit] o.apache.tomcat.util.digester.Digester   :   Fire begin() for SetNextRule[methodName=addAttribute, paramType=org.apache.tomcat.util.modeler.AttributeInfo]
2019-05-11 11:06:12.493 DEBUG 8956 --- [kground-preinit] o.a.tomcat.util.digester.Digester.sax    : endElement(,,attribute)
2019-05-11 11:06:12.493 DEBUG 8956 --- [kground-preinit] o.apache.tomcat.util.digester.Digester   :   match='mbeans-descriptors/mbean/attribute'
2019-05-11 11:06:12.493 DEBUG 8956 --- [kground-preinit] o.apache.tomcat.util.digester.Digester   :   bodyText=''
2019-05-11 11:06:12.493 DEBUG 8956 --- [kground-preinit] o.apache.tomcat.util.digester.Digester   :   Fire body() for ObjectCreateRule[className=org.apache.tomcat.util.modeler.AttributeInfo, attributeName=null]
2019-05-11 11:06:12.493 DEBUG 8956 --- [kground-preinit] o.apache.tomcat.util.digester.Digester   :   Fire body() for SetPropertiesRule[]
2019-05-11 11:06:12.493 DEBUG 8956 --- [kground-preinit] o.apache.tomcat.util.digester.Digester   :   Fire body() for SetNextRule[methodName=addAttribute, paramType=org.apache.tomcat.util.modeler.AttributeInfo]
2019-05-11 11:06:12.493 DEBUG 8956 --- [kground-preinit] o.apache.tomcat.util.digester.Digester   :   Fire end() for SetNextRule[methodName=addAttribute, paramType=org.apache.tomcat.util.modeler.AttributeInfo]
2019-05-11 11:06:12.493 DEBUG 8956 --- [kground-preinit] o.apache.tomcat.util.digester.Digester   : [SetNextRule]{mbeans-descriptors/mbean/attribute} Call org.apache.tomcat.util.modeler.ManagedBean.addAttribute(org.apache.tomcat.util.modeler.AttributeInfo@3ca6a438)
2019-05-11 11:06:12.493 DEBUG 8956 --- [kground-preinit] o.apache.tomcat.util.IntrospectionUtils  : IntrospectionUtils: callMethod1 org.apache.tomcat.util.modeler.ManagedBean org.apache.tomcat.util.modeler.AttributeInfo org.apache.tomcat.util.modeler.AttributeInfo
2019-05-11 11:06:12.493 DEBUG 8956 --- [kground-preinit] o.apache.tomcat.util.digester.Digester   :   Fire end() for SetPropertiesRule[]
2019-05-11 11:06:12.493 DEBUG 8956 --- [kground-preinit] o.apache.tomcat.util.digester.Digester   :   Fire end() for ObjectCreateRule[className=org.apache.tomcat.util.modeler.AttributeInfo, attributeName=null]
2019-05-11 11:06:12.493 DEBUG 8956 --- [kground-preinit] o.apache.tomcat.util.digester.Digester   : [ObjectCreateRule]{mbeans-descriptors/mbean/attribute} Pop org.apache.tomcat.util.modeler.AttributeInfo
2019-05-11 11:06:12.494 DEBUG 8956 --- [kground-preinit] o.a.tomcat.util.digester.Digester.sax    : characters(

    )
2019-05-11 11:06:12.494 DEBUG 8956 --- [kground-preinit] o.a.tomcat.util.digester.Digester.sax    : startElement(,,attribute)
2019-05-11 11:06:12.494 DEBUG 8956 --- [kground-preinit] o.apache.tomcat.util.digester.Digester   :   New match='mbeans-descriptors/mbean/attribute'
2019-05-11 11:06:12.494 DEBUG 8956 --- [           main] o.s.b.f.s.DefaultListableBeanFactory     : Returning cached instance of singleton bean 'autoConfigurationReport'
2019-05-11 11:06:12.494 DEBUG 8956 --- [kground-preinit] o.apache.tomcat.util.digester.Digester   :   Fire begin() for ObjectCreateRule[className=org.apache.tomcat.util.modeler.AttributeInfo, attributeName=null]
2019-05-11 11:06:12.494 DEBUG 8956 --- [kground-preinit] o.apache.tomcat.util.digester.Digester   : [ObjectCreateRule]{mbeans-descriptors/mbean/attribute}New org.apache.tomcat.util.modeler.AttributeInfo
2019-05-11 11:06:12.494 DEBUG 8956 --- [kground-preinit] o.apache.tomcat.util.digester.Digester   :   Fire begin() for SetPropertiesRule[]
2019-05-11 11:06:12.494 DEBUG 8956 --- [kground-preinit] o.apache.tomcat.util.digester.Digester   : [SetPropertiesRule]{mbeans-descriptors/mbean/attribute} Set org.apache.tomcat.util.modeler.AttributeInfo properties
2019-05-11 11:06:12.494 DEBUG 8956 --- [kground-preinit] o.apache.tomcat.util.digester.Digester   : [SetPropertiesRule]{mbeans-descriptors/mbean/attribute} Setting property 'name' to 'children'
2019-05-11 11:06:12.494 DEBUG 8956 --- [kground-preinit] o.apache.tomcat.util.IntrospectionUtils  : IntrospectionUtils: setProperty(class org.apache.tomcat.util.modeler.AttributeInfo name=children)
2019-05-11 11:06:12.494 DEBUG 8956 --- [kground-preinit] o.apache.tomcat.util.digester.Digester   : [SetPropertiesRule]{mbeans-descriptors/mbean/attribute} Setting property 'description' to 'Object names of all children'
2019-05-11 11:06:12.494 DEBUG 8956 --- [kground-preinit] o.apache.tomcat.util.IntrospectionUtils  : IntrospectionUtils: setProperty(class org.apache.tomcat.util.modeler.AttributeInfo description=Object names of all children)
2019-05-11 11:06:12.494 DEBUG 8956 --- [kground-preinit] o.apache.tomcat.util.digester.Digester   : [SetPropertiesRule]{mbeans-descriptors/mbean/attribute} Setting property 'type' to '[Ljavax.management.ObjectName;'
2019-05-11 11:06:12.495 DEBUG 8956 --- [kground-preinit] o.apache.tomcat.util.IntrospectionUtils  : IntrospectionUtils: setProperty(class org.apache.tomcat.util.modeler.AttributeInfo type=[Ljavax.management.ObjectName;)
2019-05-11 11:06:12.495 DEBUG 8956 --- [kground-preinit] o.apache.tomcat.util.digester.Digester   :   Fire begin() for SetNextRule[methodName=addAttribute, paramType=org.apache.tomcat.util.modeler.AttributeInfo]
2019-05-11 11:06:12.495 DEBUG 8956 --- [kground-preinit] o.a.tomcat.util.digester.Digester.sax    : endElement(,,attribute)
2019-05-11 11:06:12.495 DEBUG 8956 --- [kground-preinit] o.apache.tomcat.util.digester.Digester   :   match='mbeans-descriptors/mbean/attribute'
2019-05-11 11:06:12.495 DEBUG 8956 --- [kground-preinit] o.apache.tomcat.util.digester.Digester   :   bodyText=''
2019-05-11 11:06:12.495 DEBUG 8956 --- [kground-preinit] o.apache.tomcat.util.digester.Digester   :   Fire body() for ObjectCreateRule[className=org.apache.tomcat.util.modeler.AttributeInfo, attributeName=null]
2019-05-11 11:06:12.495 DEBUG 8956 --- [kground-preinit] o.apache.tomcat.util.digester.Digester   :   Fire body() for SetPropertiesRule[]
2019-05-11 11:06:12.495 DEBUG 8956 --- [kground-preinit] o.apache.tomcat.util.digester.Digester   :   Fire body() for SetNextRule[methodName=addAttribute, paramType=org.apache.tomcat.util.modeler.AttributeInfo]
2019-05-11 11:06:12.495 DEBUG 8956 --- [kground-preinit] o.apache.tomcat.util.digester.Digester   :   Fire end() for SetNextRule[methodName=addAttribute, paramType=org.apache.tomcat.util.modeler.AttributeInfo]
2019-05-11 11:06:12.495 DEBUG 8956 --- [kground-preinit] o.apache.tomcat.util.digester.Digester   : [SetNextRule]{mbeans-descriptors/mbean/attribute} Call org.apache.tomcat.util.modeler.ManagedBean.addAttribute(org.apache.tomcat.util.modeler.AttributeInfo@5d4971a8)
2019-05-11 11:06:12.496 DEBUG 8956 --- [kground-preinit] o.apache.tomcat.util.IntrospectionUtils  : IntrospectionUtils: callMethod1 org.apache.tomcat.util.modeler.ManagedBean org.apache.tomcat.util.modeler.AttributeInfo org.apache.tomcat.util.modeler.AttributeInfo
2019-05-11 11:06:12.496 DEBUG 8956 --- [kground-preinit] o.apache.tomcat.util.digester.Digester   :   Fire end() for SetPropertiesRule[]
2019-05-11 11:06:12.496 DEBUG 8956 --- [kground-preinit] o.apache.tomcat.util.digester.Digester   :   Fire end() for ObjectCreateRule[className=org.apache.tomcat.util.modeler.AttributeInfo, attributeName=null]
2019-05-11 11:06:12.496 DEBUG 8956 --- [kground-preinit] o.apache.tomcat.util.digester.Digester   : [ObjectCreateRule]{mbeans-descriptors/mbean/attribute} Pop org.apache.tomcat.util.modeler.AttributeInfo
2019-05-11 11:06:12.496 DEBUG 8956 --- [kground-preinit] o.a.tomcat.util.digester.Digester.sax    : characters(

    )
2019-05-11 11:06:12.496 DEBUG 8956 --- [kground-preinit] o.a.tomcat.util.digester.Digester.sax    : startElement(,,attribute)
2019-05-11 11:06:12.497 DEBUG 8956 --- [kground-preinit] o.apache.tomcat.util.digester.Digester   :   New match='mbeans-descriptors/mbean/attribute'
2019-05-11 11:06:12.497 DEBUG 8956 --- [kground-preinit] o.apache.tomcat.util.digester.Digester   :   Fire begin() for ObjectCreateRule[className=org.apache.tomcat.util.modeler.AttributeInfo, attributeName=null]
2019-05-11 11:06:12.497 DEBUG 8956 --- [kground-preinit] o.apache.tomcat.util.digester.Digester   : [ObjectCreateRule]{mbeans-descriptors/mbean/attribute}New org.apache.tomcat.util.modeler.AttributeInfo
2019-05-11 11:06:12.497 DEBUG 8956 --- [kground-preinit] o.apache.tomcat.util.digester.Digester   :   Fire begin() for SetPropertiesRule[]
2019-05-11 11:06:12.497 DEBUG 8956 --- [kground-preinit] o.apache.tomcat.util.digester.Digester   : [SetPropertiesRule]{mbeans-descriptors/mbean/attribute} Set org.apache.tomcat.util.modeler.AttributeInfo properties
2019-05-11 11:06:12.497 DEBUG 8956 --- [kground-preinit] o.apache.tomcat.util.digester.Digester   : [SetPropertiesRule]{mbeans-descriptors/mbean/attribute} Setting property 'name' to 'clearReferencesRmiTargets'
2019-05-11 11:06:12.497 DEBUG 8956 --- [kground-preinit] o.apache.tomcat.util.IntrospectionUtils  : IntrospectionUtils: setProperty(class org.apache.tomcat.util.modeler.AttributeInfo name=clearReferencesRmiTargets)
2019-05-11 11:06:12.497 DEBUG 8956 --- [kground-preinit] o.apache.tomcat.util.digester.Digester   : [SetPropertiesRule]{mbeans-descriptors/mbean/attribute} Setting property 'description' to 'Should Tomcat look for memory leaks in RMI Targets and clear them if found as a work around for application coding errors?'
2019-05-11 11:06:12.498 DEBUG 8956 --- [kground-preinit] o.apache.tomcat.util.IntrospectionUtils  : IntrospectionUtils: setProperty(class org.apache.tomcat.util.modeler.AttributeInfo description=Should Tomcat look for memory leaks in RMI Targets and clear them if found as a work around for application coding errors?)
2019-05-11 11:06:12.498 DEBUG 8956 --- [kground-preinit] o.apache.tomcat.util.digester.Digester   : [SetPropertiesRule]{mbeans-descriptors/mbean/attribute} Setting property 'type' to 'boolean'
2019-05-11 11:06:12.498 DEBUG 8956 --- [kground-preinit] o.apache.tomcat.util.IntrospectionUtils  : IntrospectionUtils: setProperty(class org.apache.tomcat.util.modeler.AttributeInfo type=boolean)
2019-05-11 11:06:12.498 DEBUG 8956 --- [kground-preinit] o.apache.tomcat.util.digester.Digester   :   Fire begin() for SetNextRule[methodName=addAttribute, paramType=org.apache.tomcat.util.modeler.AttributeInfo]
2019-05-11 11:06:12.498 DEBUG 8956 --- [kground-preinit] o.a.tomcat.util.digester.Digester.sax    : endElement(,,attribute)
2019-05-11 11:06:12.498 DEBUG 8956 --- [kground-preinit] o.apache.tomcat.util.digester.Digester   :   match='mbeans-descriptors/mbean/attribute'
2019-05-11 11:06:12.498 DEBUG 8956 --- [kground-preinit] o.apache.tomcat.util.digester.Digester   :   bodyText=''
2019-05-11 11:06:12.498 DEBUG 8956 --- [kground-preinit] o.apache.tomcat.util.digester.Digester   :   Fire body() for ObjectCreateRule[className=org.apache.tomcat.util.modeler.AttributeInfo, attributeName=null]
2019-05-11 11:06:12.498 DEBUG 8956 --- [kground-preinit] o.apache.tomcat.util.digester.Digester   :   Fire body() for SetPropertiesRule[]
2019-05-11 11:06:12.498 DEBUG 8956 --- [kground-preinit] o.apache.tomcat.util.digester.Digester   :   Fire body() for SetNextRule[methodName=addAttribute, paramType=org.apache.tomcat.util.modeler.AttributeInfo]
2019-05-11 11:06:12.499 DEBUG 8956 --- [kground-preinit] o.apache.tomcat.util.digester.Digester   :   Fire end() for SetNextRule[methodName=addAttribute, paramType=org.apache.tomcat.util.modeler.AttributeInfo]
2019-05-11 11:06:12.499 DEBUG 8956 --- [kground-preinit] o.apache.tomcat.util.digester.Digester   : [SetNextRule]{mbeans-descriptors/mbean/attribute} Call org.apache.tomcat.util.modeler.ManagedBean.addAttribute(org.apache.tomcat.util.modeler.AttributeInfo@53926894)
2019-05-11 11:06:12.499 DEBUG 8956 --- [kground-preinit] o.apache.tomcat.util.IntrospectionUtils  : IntrospectionUtils: callMethod1 org.apache.tomcat.util.modeler.ManagedBean org.apache.tomcat.util.modeler.AttributeInfo org.apache.tomcat.util.modeler.AttributeInfo
2019-05-11 11:06:12.499 DEBUG 8956 --- [kground-preinit] o.apache.tomcat.util.digester.Digester   :   Fire end() for SetPropertiesRule[]
2019-05-11 11:06:12.499 DEBUG 8956 --- [kground-preinit] o.apache.tomcat.util.digester.Digester   :   Fire end() for ObjectCreateRule[className=org.apache.tomcat.util.modeler.AttributeInfo, attributeName=null]
2019-05-11 11:06:12.499 DEBUG 8956 --- [kground-preinit] o.apache.tomcat.util.digester.Digester   : [ObjectCreateRule]{mbeans-descriptors/mbean/attribute} Pop org.apache.tomcat.util.modeler.AttributeInfo
2019-05-11 11:06:12.499 DEBUG 8956 --- [kground-preinit] o.a.tomcat.util.digester.Digester.sax    : characters(

    )
2019-05-11 11:06:12.500 DEBUG 8956 --- [kground-preinit] o.a.tomcat.util.digester.Digester.sax    : startElement(,,attribute)
2019-05-11 11:06:12.500 DEBUG 8956 --- [kground-preinit] o.apache.tomcat.util.digester.Digester   :   New match='mbeans-descriptors/mbean/attribute'
2019-05-11 11:06:12.500 DEBUG 8956 --- [kground-preinit] o.apache.tomcat.util.digester.Digester   :   Fire begin() for ObjectCreateRule[className=org.apache.tomcat.util.modeler.AttributeInfo, attributeName=null]
2019-05-11 11:06:12.500 DEBUG 8956 --- [kground-preinit] o.apache.tomcat.util.digester.Digester   : [ObjectCreateRule]{mbeans-descriptors/mbean/attribute}New org.apache.tomcat.util.modeler.AttributeInfo
2019-05-11 11:06:12.500 DEBUG 8956 --- [kground-preinit] o.apache.tomcat.util.digester.Digester   :   Fire begin() for SetPropertiesRule[]
2019-05-11 11:06:12.500 DEBUG 8956 --- [kground-preinit] o.apache.tomcat.util.digester.Digester   : [SetPropertiesRule]{mbeans-descriptors/mbean/attribute} Set org.apache.tomcat.util.modeler.AttributeInfo properties
2019-05-11 11:06:12.500 DEBUG 8956 --- [kground-preinit] o.apache.tomcat.util.digester.Digester   : [SetPropertiesRule]{mbeans-descriptors/mbean/attribute} Setting property 'name' to 'clearReferencesStopThreads'
2019-05-11 11:06:12.500 DEBUG 8956 --- [kground-preinit] o.apache.tomcat.util.IntrospectionUtils  : IntrospectionUtils: setProperty(class org.apache.tomcat.util.modeler.AttributeInfo name=clearReferencesStopThreads)
2019-05-11 11:06:12.500 DEBUG 8956 --- [kground-preinit] o.apache.tomcat.util.digester.Digester   : [SetPropertiesRule]{mbeans-descriptors/mbean/attribute} Setting property 'description' to 'Should Tomcat attempt to terminate threads that have been started by the web application? Advisable to be used only in a development environment.'
2019-05-11 11:06:12.501 DEBUG 8956 --- [kground-preinit] o.apache.tomcat.util.IntrospectionUtils  : IntrospectionUtils: setProperty(class org.apache.tomcat.util.modeler.AttributeInfo description=Should Tomcat attempt to terminate threads that have been started by the web application? Advisable to be used only in a development environment.)
2019-05-11 11:06:12.501 DEBUG 8956 --- [kground-preinit] o.apache.tomcat.util.digester.Digester   : [SetPropertiesRule]{mbeans-descriptors/mbean/attribute} Setting property 'type' to 'boolean'
2019-05-11 11:06:12.501 DEBUG 8956 --- [kground-preinit] o.apache.tomcat.util.IntrospectionUtils  : IntrospectionUtils: setProperty(class org.apache.tomcat.util.modeler.AttributeInfo type=boolean)
2019-05-11 11:06:12.501 DEBUG 8956 --- [kground-preinit] o.apache.tomcat.util.digester.Digester   :   Fire begin() for SetNextRule[methodName=addAttribute, paramType=org.apache.tomcat.util.modeler.AttributeInfo]
2019-05-11 11:06:12.501 DEBUG 8956 --- [kground-preinit] o.a.tomcat.util.digester.Digester.sax    : endElement(,,attribute)
2019-05-11 11:06:12.501 DEBUG 8956 --- [kground-preinit] o.apache.tomcat.util.digester.Digester   :   match='mbeans-descriptors/mbean/attribute'
2019-05-11 11:06:12.501 DEBUG 8956 --- [           main] o.s.b.f.s.DefaultListableBeanFactory     : Returning cached instance of singleton bean 'autoConfigurationReport'
2019-05-11 11:06:12.501 DEBUG 8956 --- [kground-preinit] o.apache.tomcat.util.digester.Digester   :   bodyText=''
2019-05-11 11:06:12.502 DEBUG 8956 --- [kground-preinit] o.apache.tomcat.util.digester.Digester   :   Fire body() for ObjectCreateRule[className=org.apache.tomcat.util.modeler.AttributeInfo, attributeName=null]
2019-05-11 11:06:12.502 DEBUG 8956 --- [kground-preinit] o.apache.tomcat.util.digester.Digester   :   Fire body() for SetPropertiesRule[]
2019-05-11 11:06:12.502 DEBUG 8956 --- [kground-preinit] o.apache.tomcat.util.digester.Digester   :   Fire body() for SetNextRule[methodName=addAttribute, paramType=org.apache.tomcat.util.modeler.AttributeInfo]
2019-05-11 11:06:12.502 DEBUG 8956 --- [kground-preinit] o.apache.tomcat.util.digester.Digester   :   Fire end() for SetNextRule[methodName=addAttribute, paramType=org.apache.tomcat.util.modeler.AttributeInfo]
2019-05-11 11:06:12.502 DEBUG 8956 --- [kground-preinit] o.apache.tomcat.util.digester.Digester   : [SetNextRule]{mbeans-descriptors/mbean/attribute} Call org.apache.tomcat.util.modeler.ManagedBean.addAttribute(org.apache.tomcat.util.modeler.AttributeInfo@47ba6da3)
2019-05-11 11:06:12.502 DEBUG 8956 --- [kground-preinit] o.apache.tomcat.util.IntrospectionUtils  : IntrospectionUtils: callMethod1 org.apache.tomcat.util.modeler.ManagedBean org.apache.tomcat.util.modeler.AttributeInfo org.apache.tomcat.util.modeler.AttributeInfo
2019-05-11 11:06:12.502 DEBUG 8956 --- [kground-preinit] o.apache.tomcat.util.digester.Digester   :   Fire end() for SetPropertiesRule[]
2019-05-11 11:06:12.503 DEBUG 8956 --- [kground-preinit] o.apache.tomcat.util.digester.Digester   :   Fire end() for ObjectCreateRule[className=org.apache.tomcat.util.modeler.AttributeInfo, attributeName=null]
2019-05-11 11:06:12.503 DEBUG 8956 --- [kground-preinit] o.apache.tomcat.util.digester.Digester   : [ObjectCreateRule]{mbeans-descriptors/mbean/attribute} Pop org.apache.tomcat.util.modeler.AttributeInfo
2019-05-11 11:06:12.503 DEBUG 8956 --- [kground-preinit] o.a.tomcat.util.digester.Digester.sax    : characters(

    )
2019-05-11 11:06:12.503 DEBUG 8956 --- [kground-preinit] o.a.tomcat.util.digester.Digester.sax    : startElement(,,attribute)
2019-05-11 11:06:12.503 DEBUG 8956 --- [kground-preinit] o.apache.tomcat.util.digester.Digester   :   New match='mbeans-descriptors/mbean/attribute'
2019-05-11 11:06:12.503 DEBUG 8956 --- [kground-preinit] o.apache.tomcat.util.digester.Digester   :   Fire begin() for ObjectCreateRule[className=org.apache.tomcat.util.modeler.AttributeInfo, attributeName=null]
2019-05-11 11:06:12.504 DEBUG 8956 --- [kground-preinit] o.apache.tomcat.util.digester.Digester   : [ObjectCreateRule]{mbeans-descriptors/mbean/attribute}New org.apache.tomcat.util.modeler.AttributeInfo
2019-05-11 11:06:12.504 DEBUG 8956 --- [kground-preinit] o.apache.tomcat.util.digester.Digester   :   Fire begin() for SetPropertiesRule[]
2019-05-11 11:06:12.505 DEBUG 8956 --- [kground-preinit] o.apache.tomcat.util.digester.Digester   : [SetPropertiesRule]{mbeans-descriptors/mbean/attribute} Set org.apache.tomcat.util.modeler.AttributeInfo properties
2019-05-11 11:06:12.505 DEBUG 8956 --- [kground-preinit] o.apache.tomcat.util.digester.Digester   : [SetPropertiesRule]{mbeans-descriptors/mbean/attribute} Setting property 'name' to 'clearReferencesStopTimerThreads'
2019-05-11 11:06:12.505 DEBUG 8956 --- [kground-preinit] o.apache.tomcat.util.IntrospectionUtils  : IntrospectionUtils: setProperty(class org.apache.tomcat.util.modeler.AttributeInfo name=clearReferencesStopTimerThreads)
2019-05-11 11:06:12.505 DEBUG 8956 --- [kground-preinit] o.apache.tomcat.util.digester.Digester   : [SetPropertiesRule]{mbeans-descriptors/mbean/attribute} Setting property 'description' to 'Should Tomcat attempt to terminate TimerThreads that have been started by the web application? Advisable to be used only in a development environment.'
2019-05-11 11:06:12.505 DEBUG 8956 --- [kground-preinit] o.apache.tomcat.util.IntrospectionUtils  : IntrospectionUtils: setProperty(class org.apache.tomcat.util.modeler.AttributeInfo description=Should Tomcat attempt to terminate TimerThreads that have been started by the web application? Advisable to be used only in a development environment.)
2019-05-11 11:06:12.505 DEBUG 8956 --- [kground-preinit] o.apache.tomcat.util.digester.Digester   : [SetPropertiesRule]{mbeans-descriptors/mbean/attribute} Setting property 'type' to 'boolean'
2019-05-11 11:06:12.506 DEBUG 8956 --- [kground-preinit] o.apache.tomcat.util.IntrospectionUtils  : IntrospectionUtils: setProperty(class org.apache.tomcat.util.modeler.AttributeInfo type=boolean)
2019-05-11 11:06:12.506 DEBUG 8956 --- [kground-preinit] o.apache.tomcat.util.digester.Digester   :   Fire begin() for SetNextRule[methodName=addAttribute, paramType=org.apache.tomcat.util.modeler.AttributeInfo]
2019-05-11 11:06:12.506 DEBUG 8956 --- [kground-preinit] o.a.tomcat.util.digester.Digester.sax    : endElement(,,attribute)
2019-05-11 11:06:12.506 DEBUG 8956 --- [kground-preinit] o.apache.tomcat.util.digester.Digester   :   match='mbeans-descriptors/mbean/attribute'
2019-05-11 11:06:12.506 DEBUG 8956 --- [kground-preinit] o.apache.tomcat.util.digester.Digester   :   bodyText=''
2019-05-11 11:06:12.506 DEBUG 8956 --- [kground-preinit] o.apache.tomcat.util.digester.Digester   :   Fire body() for ObjectCreateRule[className=org.apache.tomcat.util.modeler.AttributeInfo, attributeName=null]
2019-05-11 11:06:12.505 DEBUG 8956 --- [           main] o.s.b.f.s.DefaultListableBeanFactory     : Returning cached instance of singleton bean 'autoConfigurationReport'
2019-05-11 11:06:12.507 DEBUG 8956 --- [kground-preinit] o.apache.tomcat.util.digester.Digester   :   Fire body() for SetPropertiesRule[]
2019-05-11 11:06:12.507 DEBUG 8956 --- [kground-preinit] o.apache.tomcat.util.digester.Digester   :   Fire body() for SetNextRule[methodName=addAttribute, paramType=org.apache.tomcat.util.modeler.AttributeInfo]
2019-05-11 11:06:12.507 DEBUG 8956 --- [           main] o.s.b.f.s.DefaultListableBeanFactory     : Returning cached instance of singleton bean 'autoConfigurationReport'
2019-05-11 11:06:12.507 DEBUG 8956 --- [kground-preinit] o.apache.tomcat.util.digester.Digester   :   Fire end() for SetNextRule[methodName=addAttribute, paramType=org.apache.tomcat.util.modeler.AttributeInfo]
2019-05-11 11:06:12.508 DEBUG 8956 --- [kground-preinit] o.apache.tomcat.util.digester.Digester   : [SetNextRule]{mbeans-descriptors/mbean/attribute} Call org.apache.tomcat.util.modeler.ManagedBean.addAttribute(org.apache.tomcat.util.modeler.AttributeInfo@4eb49608)
2019-05-11 11:06:12.508 DEBUG 8956 --- [kground-preinit] o.apache.tomcat.util.IntrospectionUtils  : IntrospectionUtils: callMethod1 org.apache.tomcat.util.modeler.ManagedBean org.apache.tomcat.util.modeler.AttributeInfo org.apache.tomcat.util.modeler.AttributeInfo
2019-05-11 11:06:12.508 DEBUG 8956 --- [kground-preinit] o.apache.tomcat.util.digester.Digester   :   Fire end() for SetPropertiesRule[]
2019-05-11 11:06:12.508 DEBUG 8956 --- [kground-preinit] o.apache.tomcat.util.digester.Digester   :   Fire end() for ObjectCreateRule[className=org.apache.tomcat.util.modeler.AttributeInfo, attributeName=null]
2019-05-11 11:06:12.508 DEBUG 8956 --- [kground-preinit] o.apache.tomcat.util.digester.Digester   : [ObjectCreateRule]{mbeans-descriptors/mbean/attribute} Pop org.apache.tomcat.util.modeler.AttributeInfo
2019-05-11 11:06:12.509 DEBUG 8956 --- [kground-preinit] o.a.tomcat.util.digester.Digester.sax    : characters(

    )
2019-05-11 11:06:12.509 DEBUG 8956 --- [kground-preinit] o.a.tomcat.util.digester.Digester.sax    : startElement(,,attribute)
2019-05-11 11:06:12.509 DEBUG 8956 --- [kground-preinit] o.apache.tomcat.util.digester.Digester   :   New match='mbeans-descriptors/mbean/attribute'
2019-05-11 11:06:12.509 DEBUG 8956 --- [kground-preinit] o.apache.tomcat.util.digester.Digester   :   Fire begin() for ObjectCreateRule[className=org.apache.tomcat.util.modeler.AttributeInfo, attributeName=null]
2019-05-11 11:06:12.509 DEBUG 8956 --- [kground-preinit] o.apache.tomcat.util.digester.Digester   : [ObjectCreateRule]{mbeans-descriptors/mbean/attribute}New org.apache.tomcat.util.modeler.AttributeInfo
2019-05-11 11:06:12.509 DEBUG 8956 --- [kground-preinit] o.apache.tomcat.util.digester.Digester   :   Fire begin() for SetPropertiesRule[]
2019-05-11 11:06:12.509 DEBUG 8956 --- [kground-preinit] o.apache.tomcat.util.digester.Digester   : [SetPropertiesRule]{mbeans-descriptors/mbean/attribute} Set org.apache.tomcat.util.modeler.AttributeInfo properties
2019-05-11 11:06:12.509 DEBUG 8956 --- [kground-preinit] o.apache.tomcat.util.digester.Digester   : [SetPropertiesRule]{mbeans-descriptors/mbean/attribute} Setting property 'name' to 'configFile'
2019-05-11 11:06:12.509 DEBUG 8956 --- [kground-preinit] o.apache.tomcat.util.IntrospectionUtils  : IntrospectionUtils: setProperty(class org.apache.tomcat.util.modeler.AttributeInfo name=configFile)
2019-05-11 11:06:12.509 DEBUG 8956 --- [kground-preinit] o.apache.tomcat.util.digester.Digester   : [SetPropertiesRule]{mbeans-descriptors/mbean/attribute} Setting property 'description' to 'Location of the context.xml resource or file'
2019-05-11 11:06:12.509 DEBUG 8956 --- [kground-preinit] o.apache.tomcat.util.IntrospectionUtils  : IntrospectionUtils: setProperty(class org.apache.tomcat.util.modeler.AttributeInfo description=Location of the context.xml resource or file)
2019-05-11 11:06:12.509 DEBUG 8956 --- [kground-preinit] o.apache.tomcat.util.digester.Digester   : [SetPropertiesRule]{mbeans-descriptors/mbean/attribute} Setting property 'type' to 'java.net.URL'
2019-05-11 11:06:12.509 DEBUG 8956 --- [kground-preinit] o.apache.tomcat.util.IntrospectionUtils  : IntrospectionUtils: setProperty(class org.apache.tomcat.util.modeler.AttributeInfo type=java.net.URL)
2019-05-11 11:06:12.509 DEBUG 8956 --- [kground-preinit] o.apache.tomcat.util.digester.Digester   :   Fire begin() for SetNextRule[methodName=addAttribute, paramType=org.apache.tomcat.util.modeler.AttributeInfo]
2019-05-11 11:06:12.510 DEBUG 8956 --- [kground-preinit] o.a.tomcat.util.digester.Digester.sax    : endElement(,,attribute)
2019-05-11 11:06:12.510 DEBUG 8956 --- [kground-preinit] o.apache.tomcat.util.digester.Digester   :   match='mbeans-descriptors/mbean/attribute'
2019-05-11 11:06:12.510 DEBUG 8956 --- [kground-preinit] o.apache.tomcat.util.digester.Digester   :   bodyText=''
2019-05-11 11:06:12.510 DEBUG 8956 --- [kground-preinit] o.apache.tomcat.util.digester.Digester   :   Fire body() for ObjectCreateRule[className=org.apache.tomcat.util.modeler.AttributeInfo, attributeName=null]
2019-05-11 11:06:12.510 DEBUG 8956 --- [kground-preinit] o.apache.tomcat.util.digester.Digester   :   Fire body() for SetPropertiesRule[]
2019-05-11 11:06:12.510 DEBUG 8956 --- [kground-preinit] o.apache.tomcat.util.digester.Digester   :   Fire body() for SetNextRule[methodName=addAttribute, paramType=org.apache.tomcat.util.modeler.AttributeInfo]
2019-05-11 11:06:12.510 DEBUG 8956 --- [kground-preinit] o.apache.tomcat.util.digester.Digester   :   Fire end() for SetNextRule[methodName=addAttribute, paramType=org.apache.tomcat.util.modeler.AttributeInfo]
2019-05-11 11:06:12.510 DEBUG 8956 --- [kground-preinit] o.apache.tomcat.util.digester.Digester   : [SetNextRule]{mbeans-descriptors/mbean/attribute} Call org.apache.tomcat.util.modeler.ManagedBean.addAttribute(org.apache.tomcat.util.modeler.AttributeInfo@58666a47)
2019-05-11 11:06:12.511 DEBUG 8956 --- [kground-preinit] o.apache.tomcat.util.IntrospectionUtils  : IntrospectionUtils: callMethod1 org.apache.tomcat.util.modeler.ManagedBean org.apache.tomcat.util.modeler.AttributeInfo org.apache.tomcat.util.modeler.AttributeInfo
2019-05-11 11:06:12.511 DEBUG 8956 --- [kground-preinit] o.apache.tomcat.util.digester.Digester   :   Fire end() for SetPropertiesRule[]
2019-05-11 11:06:12.511 DEBUG 8956 --- [kground-preinit] o.apache.tomcat.util.digester.Digester   :   Fire end() for ObjectCreateRule[className=org.apache.tomcat.util.modeler.AttributeInfo, attributeName=null]
2019-05-11 11:06:12.511 DEBUG 8956 --- [kground-preinit] o.apache.tomcat.util.digester.Digester   : [ObjectCreateRule]{mbeans-descriptors/mbean/attribute} Pop org.apache.tomcat.util.modeler.AttributeInfo
2019-05-11 11:06:12.511 DEBUG 8956 --- [kground-preinit] o.a.tomcat.util.digester.Digester.sax    : characters(

    )
2019-05-11 11:06:12.511 DEBUG 8956 --- [kground-preinit] o.a.tomcat.util.digester.Digester.sax    : startElement(,,attribute)
2019-05-11 11:06:12.511 DEBUG 8956 --- [kground-preinit] o.apache.tomcat.util.digester.Digester   :   New match='mbeans-descriptors/mbean/attribute'
2019-05-11 11:06:12.511 DEBUG 8956 --- [kground-preinit] o.apache.tomcat.util.digester.Digester   :   Fire begin() for ObjectCreateRule[className=org.apache.tomcat.util.modeler.AttributeInfo, attributeName=null]
2019-05-11 11:06:12.511 DEBUG 8956 --- [kground-preinit] o.apache.tomcat.util.digester.Digester   : [ObjectCreateRule]{mbeans-descriptors/mbean/attribute}New org.apache.tomcat.util.modeler.AttributeInfo
2019-05-11 11:06:12.511 DEBUG 8956 --- [kground-preinit] o.apache.tomcat.util.digester.Digester   :   Fire begin() for SetPropertiesRule[]
2019-05-11 11:06:12.512 DEBUG 8956 --- [           main] o.s.b.f.s.DefaultListableBeanFactory     : Returning cached instance of singleton bean 'autoConfigurationReport'
2019-05-11 11:06:12.516 DEBUG 8956 --- [kground-preinit] o.apache.tomcat.util.digester.Digester   : [SetPropertiesRule]{mbeans-descriptors/mbean/attribute} Set org.apache.tomcat.util.modeler.AttributeInfo properties
2019-05-11 11:06:12.517 DEBUG 8956 --- [kground-preinit] o.apache.tomcat.util.digester.Digester   : [SetPropertiesRule]{mbeans-descriptors/mbean/attribute} Setting property 'name' to 'configured'
2019-05-11 11:06:12.517 DEBUG 8956 --- [kground-preinit] o.apache.tomcat.util.IntrospectionUtils  : IntrospectionUtils: setProperty(class org.apache.tomcat.util.modeler.AttributeInfo name=configured)
2019-05-11 11:06:12.517 DEBUG 8956 --- [kground-preinit] o.apache.tomcat.util.digester.Digester   : [SetPropertiesRule]{mbeans-descriptors/mbean/attribute} Setting property 'description' to 'The correctly configured flag for this Context.'
2019-05-11 11:06:12.518 DEBUG 8956 --- [kground-preinit] o.apache.tomcat.util.IntrospectionUtils  : IntrospectionUtils: setProperty(class org.apache.tomcat.util.modeler.AttributeInfo description=The correctly configured flag for this Context.)
2019-05-11 11:06:12.518 DEBUG 8956 --- [kground-preinit] o.apache.tomcat.util.digester.Digester   : [SetPropertiesRule]{mbeans-descriptors/mbean/attribute} Setting property 'type' to 'boolean'
2019-05-11 11:06:12.518 DEBUG 8956 --- [kground-preinit] o.apache.tomcat.util.IntrospectionUtils  : IntrospectionUtils: setProperty(class org.apache.tomcat.util.modeler.AttributeInfo type=boolean)
2019-05-11 11:06:12.518 DEBUG 8956 --- [kground-preinit] o.apache.tomcat.util.digester.Digester   : [SetPropertiesRule]{mbeans-descriptors/mbean/attribute} Setting property 'writeable' to 'false'
2019-05-11 11:06:12.518 DEBUG 8956 --- [kground-preinit] o.apache.tomcat.util.IntrospectionUtils  : IntrospectionUtils: setProperty(class org.apache.tomcat.util.modeler.AttributeInfo writeable=false)
2019-05-11 11:06:12.518 DEBUG 8956 --- [kground-preinit] o.apache.tomcat.util.digester.Digester   :   Fire begin() for SetNextRule[methodName=addAttribute, paramType=org.apache.tomcat.util.modeler.AttributeInfo]
2019-05-11 11:06:12.519 DEBUG 8956 --- [kground-preinit] o.a.tomcat.util.digester.Digester.sax    : endElement(,,attribute)
2019-05-11 11:06:12.519 DEBUG 8956 --- [kground-preinit] o.apache.tomcat.util.digester.Digester   :   match='mbeans-descriptors/mbean/attribute'
2019-05-11 11:06:12.519 DEBUG 8956 --- [kground-preinit] o.apache.tomcat.util.digester.Digester   :   bodyText=''
2019-05-11 11:06:12.520 DEBUG 8956 --- [kground-preinit] o.apache.tomcat.util.digester.Digester   :   Fire body() for ObjectCreateRule[className=org.apache.tomcat.util.modeler.AttributeInfo, attributeName=null]
2019-05-11 11:06:12.520 DEBUG 8956 --- [kground-preinit] o.apache.tomcat.util.digester.Digester   :   Fire body() for SetPropertiesRule[]
2019-05-11 11:06:12.520 DEBUG 8956 --- [kground-preinit] o.apache.tomcat.util.digester.Digester   :   Fire body() for SetNextRule[methodName=addAttribute, paramType=org.apache.tomcat.util.modeler.AttributeInfo]
2019-05-11 11:06:12.521 DEBUG 8956 --- [kground-preinit] o.apache.tomcat.util.digester.Digester   :   Fire end() for SetNextRule[methodName=addAttribute, paramType=org.apache.tomcat.util.modeler.AttributeInfo]
2019-05-11 11:06:12.521 DEBUG 8956 --- [kground-preinit] o.apache.tomcat.util.digester.Digester   : [SetNextRule]{mbeans-descriptors/mbean/attribute} Call org.apache.tomcat.util.modeler.ManagedBean.addAttribute(org.apache.tomcat.util.modeler.AttributeInfo@18f07f17)
2019-05-11 11:06:12.521 DEBUG 8956 --- [kground-preinit] o.apache.tomcat.util.IntrospectionUtils  : IntrospectionUtils: callMethod1 org.apache.tomcat.util.modeler.ManagedBean org.apache.tomcat.util.modeler.AttributeInfo org.apache.tomcat.util.modeler.AttributeInfo
2019-05-11 11:06:12.521 DEBUG 8956 --- [kground-preinit] o.apache.tomcat.util.digester.Digester   :   Fire end() for SetPropertiesRule[]
2019-05-11 11:06:12.521 DEBUG 8956 --- [kground-preinit] o.apache.tomcat.util.digester.Digester   :   Fire end() for ObjectCreateRule[className=org.apache.tomcat.util.modeler.AttributeInfo, attributeName=null]
2019-05-11 11:06:12.522 DEBUG 8956 --- [kground-preinit] o.apache.tomcat.util.digester.Digester   : [ObjectCreateRule]{mbeans-descriptors/mbean/attribute} Pop org.apache.tomcat.util.modeler.AttributeInfo
2019-05-11 11:06:12.522 DEBUG 8956 --- [kground-preinit] o.a.tomcat.util.digester.Digester.sax    : characters(

    )
2019-05-11 11:06:12.522 DEBUG 8956 --- [kground-preinit] o.a.tomcat.util.digester.Digester.sax    : startElement(,,attribute)
2019-05-11 11:06:12.522 DEBUG 8956 --- [kground-preinit] o.apache.tomcat.util.digester.Digester   :   New match='mbeans-descriptors/mbean/attribute'
2019-05-11 11:06:12.522 DEBUG 8956 --- [kground-preinit] o.apache.tomcat.util.digester.Digester   :   Fire begin() for ObjectCreateRule[className=org.apache.tomcat.util.modeler.AttributeInfo, attributeName=null]
2019-05-11 11:06:12.523 DEBUG 8956 --- [kground-preinit] o.apache.tomcat.util.digester.Digester   : [ObjectCreateRule]{mbeans-descriptors/mbean/attribute}New org.apache.tomcat.util.modeler.AttributeInfo
2019-05-11 11:06:12.523 DEBUG 8956 --- [kground-preinit] o.apache.tomcat.util.digester.Digester   :   Fire begin() for SetPropertiesRule[]
2019-05-11 11:06:12.523 DEBUG 8956 --- [kground-preinit] o.apache.tomcat.util.digester.Digester   : [SetPropertiesRule]{mbeans-descriptors/mbean/attribute} Set org.apache.tomcat.util.modeler.AttributeInfo properties
2019-05-11 11:06:12.523 DEBUG 8956 --- [kground-preinit] o.apache.tomcat.util.digester.Digester   : [SetPropertiesRule]{mbeans-descriptors/mbean/attribute} Setting property 'name' to 'cookies'
2019-05-11 11:06:12.523 DEBUG 8956 --- [kground-preinit] o.apache.tomcat.util.IntrospectionUtils  : IntrospectionUtils: setProperty(class org.apache.tomcat.util.modeler.AttributeInfo name=cookies)
2019-05-11 11:06:12.523 DEBUG 8956 --- [kground-preinit] o.apache.tomcat.util.digester.Digester   : [SetPropertiesRule]{mbeans-descriptors/mbean/attribute} Setting property 'description' to 'Should we attempt to use cookies for session id communication?'
2019-05-11 11:06:12.523 DEBUG 8956 --- [kground-preinit] o.apache.tomcat.util.IntrospectionUtils  : IntrospectionUtils: setProperty(class org.apache.tomcat.util.modeler.AttributeInfo description=Should we attempt to use cookies for session id communication?)
2019-05-11 11:06:12.524 DEBUG 8956 --- [kground-preinit] o.apache.tomcat.util.digester.Digester   : [SetPropertiesRule]{mbeans-descriptors/mbean/attribute} Setting property 'type' to 'boolean'
2019-05-11 11:06:12.524 DEBUG 8956 --- [kground-preinit] o.apache.tomcat.util.IntrospectionUtils  : IntrospectionUtils: setProperty(class org.apache.tomcat.util.modeler.AttributeInfo type=boolean)
2019-05-11 11:06:12.524 DEBUG 8956 --- [kground-preinit] o.apache.tomcat.util.digester.Digester   :   Fire begin() for SetNextRule[methodName=addAttribute, paramType=org.apache.tomcat.util.modeler.AttributeInfo]
2019-05-11 11:06:12.524 DEBUG 8956 --- [kground-preinit] o.a.tomcat.util.digester.Digester.sax    : endElement(,,attribute)
2019-05-11 11:06:12.524 DEBUG 8956 --- [kground-preinit] o.apache.tomcat.util.digester.Digester   :   match='mbeans-descriptors/mbean/attribute'
2019-05-11 11:06:12.525 DEBUG 8956 --- [kground-preinit] o.apache.tomcat.util.digester.Digester   :   bodyText=''
2019-05-11 11:06:12.525 DEBUG 8956 --- [kground-preinit] o.apache.tomcat.util.digester.Digester   :   Fire body() for ObjectCreateRule[className=org.apache.tomcat.util.modeler.AttributeInfo, attributeName=null]
2019-05-11 11:06:12.525 DEBUG 8956 --- [kground-preinit] o.apache.tomcat.util.digester.Digester   :   Fire body() for SetPropertiesRule[]
2019-05-11 11:06:12.525 DEBUG 8956 --- [kground-preinit] o.apache.tomcat.util.digester.Digester   :   Fire body() for SetNextRule[methodName=addAttribute, paramType=org.apache.tomcat.util.modeler.AttributeInfo]
2019-05-11 11:06:12.525 DEBUG 8956 --- [kground-preinit] o.apache.tomcat.util.digester.Digester   :   Fire end() for SetNextRule[methodName=addAttribute, paramType=org.apache.tomcat.util.modeler.AttributeInfo]
2019-05-11 11:06:12.526 DEBUG 8956 --- [kground-preinit] o.apache.tomcat.util.digester.Digester   : [SetNextRule]{mbeans-descriptors/mbean/attribute} Call org.apache.tomcat.util.modeler.ManagedBean.addAttribute(org.apache.tomcat.util.modeler.AttributeInfo@c33dedf)
2019-05-11 11:06:12.526 DEBUG 8956 --- [kground-preinit] o.apache.tomcat.util.IntrospectionUtils  : IntrospectionUtils: callMethod1 org.apache.tomcat.util.modeler.ManagedBean org.apache.tomcat.util.modeler.AttributeInfo org.apache.tomcat.util.modeler.AttributeInfo
2019-05-11 11:06:12.526 DEBUG 8956 --- [kground-preinit] o.apache.tomcat.util.digester.Digester   :   Fire end() for SetPropertiesRule[]
2019-05-11 11:06:12.526 DEBUG 8956 --- [kground-preinit] o.apache.tomcat.util.digester.Digester   :   Fire end() for ObjectCreateRule[className=org.apache.tomcat.util.modeler.AttributeInfo, attributeName=null]
2019-05-11 11:06:12.526 DEBUG 8956 --- [kground-preinit] o.apache.tomcat.util.digester.Digester   : [ObjectCreateRule]{mbeans-descriptors/mbean/attribute} Pop org.apache.tomcat.util.modeler.AttributeInfo
2019-05-11 11:06:12.526 DEBUG 8956 --- [kground-preinit] o.a.tomcat.util.digester.Digester.sax    : characters(

    )
2019-05-11 11:06:12.526 DEBUG 8956 --- [kground-preinit] o.a.tomcat.util.digester.Digester.sax    : startElement(,,attribute)
2019-05-11 11:06:12.526 DEBUG 8956 --- [kground-preinit] o.apache.tomcat.util.digester.Digester   :   New match='mbeans-descriptors/mbean/attribute'
2019-05-11 11:06:12.526 DEBUG 8956 --- [kground-preinit] o.apache.tomcat.util.digester.Digester   :   Fire begin() for ObjectCreateRule[className=org.apache.tomcat.util.modeler.AttributeInfo, attributeName=null]
2019-05-11 11:06:12.526 DEBUG 8956 --- [kground-preinit] o.apache.tomcat.util.digester.Digester   : [ObjectCreateRule]{mbeans-descriptors/mbean/attribute}New org.apache.tomcat.util.modeler.AttributeInfo
2019-05-11 11:06:12.526 DEBUG 8956 --- [kground-preinit] o.apache.tomcat.util.digester.Digester   :   Fire begin() for SetPropertiesRule[]
2019-05-11 11:06:12.526 DEBUG 8956 --- [kground-preinit] o.apache.tomcat.util.digester.Digester   : [SetPropertiesRule]{mbeans-descriptors/mbean/attribute} Set org.apache.tomcat.util.modeler.AttributeInfo properties
2019-05-11 11:06:12.527 DEBUG 8956 --- [kground-preinit] o.apache.tomcat.util.digester.Digester   : [SetPropertiesRule]{mbeans-descriptors/mbean/attribute} Setting property 'name' to 'crossContext'
2019-05-11 11:06:12.527 DEBUG 8956 --- [kground-preinit] o.apache.tomcat.util.IntrospectionUtils  : IntrospectionUtils: setProperty(class org.apache.tomcat.util.modeler.AttributeInfo name=crossContext)
2019-05-11 11:06:12.527 DEBUG 8956 --- [kground-preinit] o.apache.tomcat.util.digester.Digester   : [SetPropertiesRule]{mbeans-descriptors/mbean/attribute} Setting property 'description' to 'Should we allow the ServletContext.getContext() method to access the context of other web applications in this server?'
2019-05-11 11:06:12.527 DEBUG 8956 --- [kground-preinit] o.apache.tomcat.util.IntrospectionUtils  : IntrospectionUtils: setProperty(class org.apache.tomcat.util.modeler.AttributeInfo description=Should we allow the ServletContext.getContext() method to access the context of other web applications in this server?)
2019-05-11 11:06:12.527 DEBUG 8956 --- [           main] o.s.b.f.s.DefaultListableBeanFactory     : Returning cached instance of singleton bean 'autoConfigurationReport'
2019-05-11 11:06:12.527 DEBUG 8956 --- [kground-preinit] o.apache.tomcat.util.digester.Digester   : [SetPropertiesRule]{mbeans-descriptors/mbean/attribute} Setting property 'type' to 'boolean'
2019-05-11 11:06:12.527 DEBUG 8956 --- [kground-preinit] o.apache.tomcat.util.IntrospectionUtils  : IntrospectionUtils: setProperty(class org.apache.tomcat.util.modeler.AttributeInfo type=boolean)
2019-05-11 11:06:12.527 DEBUG 8956 --- [kground-preinit] o.apache.tomcat.util.digester.Digester   :   Fire begin() for SetNextRule[methodName=addAttribute, paramType=org.apache.tomcat.util.modeler.AttributeInfo]
2019-05-11 11:06:12.528 DEBUG 8956 --- [kground-preinit] o.a.tomcat.util.digester.Digester.sax    : endElement(,,attribute)
2019-05-11 11:06:12.528 DEBUG 8956 --- [kground-preinit] o.apache.tomcat.util.digester.Digester   :   match='mbeans-descriptors/mbean/attribute'
2019-05-11 11:06:12.528 DEBUG 8956 --- [kground-preinit] o.apache.tomcat.util.digester.Digester   :   bodyText=''
2019-05-11 11:06:12.528 DEBUG 8956 --- [kground-preinit] o.apache.tomcat.util.digester.Digester   :   Fire body() for ObjectCreateRule[className=org.apache.tomcat.util.modeler.AttributeInfo, attributeName=null]
2019-05-11 11:06:12.529 DEBUG 8956 --- [kground-preinit] o.apache.tomcat.util.digester.Digester   :   Fire body() for SetPropertiesRule[]
2019-05-11 11:06:12.529 DEBUG 8956 --- [kground-preinit] o.apache.tomcat.util.digester.Digester   :   Fire body() for SetNextRule[methodName=addAttribute, paramType=org.apache.tomcat.util.modeler.AttributeInfo]
2019-05-11 11:06:12.529 DEBUG 8956 --- [kground-preinit] o.apache.tomcat.util.digester.Digester   :   Fire end() for SetNextRule[methodName=addAttribute, paramType=org.apache.tomcat.util.modeler.AttributeInfo]
2019-05-11 11:06:12.529 DEBUG 8956 --- [kground-preinit] o.apache.tomcat.util.digester.Digester   : [SetNextRule]{mbeans-descriptors/mbean/attribute} Call org.apache.tomcat.util.modeler.ManagedBean.addAttribute(org.apache.tomcat.util.modeler.AttributeInfo@66dd0d87)
2019-05-11 11:06:12.529 DEBUG 8956 --- [kground-preinit] o.apache.tomcat.util.IntrospectionUtils  : IntrospectionUtils: callMethod1 org.apache.tomcat.util.modeler.ManagedBean org.apache.tomcat.util.modeler.AttributeInfo org.apache.tomcat.util.modeler.AttributeInfo
2019-05-11 11:06:12.530 DEBUG 8956 --- [kground-preinit] o.apache.tomcat.util.digester.Digester   :   Fire end() for SetPropertiesRule[]
2019-05-11 11:06:12.530 DEBUG 8956 --- [kground-preinit] o.apache.tomcat.util.digester.Digester   :   Fire end() for ObjectCreateRule[className=org.apache.tomcat.util.modeler.AttributeInfo, attributeName=null]
2019-05-11 11:06:12.530 DEBUG 8956 --- [kground-preinit] o.apache.tomcat.util.digester.Digester   : [ObjectCreateRule]{mbeans-descriptors/mbean/attribute} Pop org.apache.tomcat.util.modeler.AttributeInfo
2019-05-11 11:06:12.530 DEBUG 8956 --- [kground-preinit] o.a.tomcat.util.digester.Digester.sax    : characters(

    )
2019-05-11 11:06:12.530 DEBUG 8956 --- [kground-preinit] o.a.tomcat.util.digester.Digester.sax    : startElement(,,attribute)
2019-05-11 11:06:12.530 DEBUG 8956 --- [kground-preinit] o.apache.tomcat.util.digester.Digester   :   New match='mbeans-descriptors/mbean/attribute'
2019-05-11 11:06:12.530 DEBUG 8956 --- [kground-preinit] o.apache.tomcat.util.digester.Digester   :   Fire begin() for ObjectCreateRule[className=org.apache.tomcat.util.modeler.AttributeInfo, attributeName=null]
2019-05-11 11:06:12.530 DEBUG 8956 --- [kground-preinit] o.apache.tomcat.util.digester.Digester   : [ObjectCreateRule]{mbeans-descriptors/mbean/attribute}New org.apache.tomcat.util.modeler.AttributeInfo
2019-05-11 11:06:12.530 DEBUG 8956 --- [kground-preinit] o.apache.tomcat.util.digester.Digester   :   Fire begin() for SetPropertiesRule[]
2019-05-11 11:06:12.531 DEBUG 8956 --- [kground-preinit] o.apache.tomcat.util.digester.Digester   : [SetPropertiesRule]{mbeans-descriptors/mbean/attribute} Set org.apache.tomcat.util.modeler.AttributeInfo properties
2019-05-11 11:06:12.531 DEBUG 8956 --- [kground-preinit] o.apache.tomcat.util.digester.Digester   : [SetPropertiesRule]{mbeans-descriptors/mbean/attribute} Setting property 'name' to 'defaultContextXml'
2019-05-11 11:06:12.531 DEBUG 8956 --- [kground-preinit] o.apache.tomcat.util.IntrospectionUtils  : IntrospectionUtils: setProperty(class org.apache.tomcat.util.modeler.AttributeInfo name=defaultContextXml)
2019-05-11 11:06:12.531 DEBUG 8956 --- [kground-preinit] o.apache.tomcat.util.digester.Digester   : [SetPropertiesRule]{mbeans-descriptors/mbean/attribute} Setting property 'description' to 'Location of the default context.xml resource or file'
2019-05-11 11:06:12.531 DEBUG 8956 --- [kground-preinit] o.apache.tomcat.util.IntrospectionUtils  : IntrospectionUtils: setProperty(class org.apache.tomcat.util.modeler.AttributeInfo description=Location of the default context.xml resource or file)
2019-05-11 11:06:12.531 DEBUG 8956 --- [kground-preinit] o.apache.tomcat.util.digester.Digester   : [SetPropertiesRule]{mbeans-descriptors/mbean/attribute} Setting property 'type' to 'java.lang.String'
2019-05-11 11:06:12.531 DEBUG 8956 --- [kground-preinit] o.apache.tomcat.util.IntrospectionUtils  : IntrospectionUtils: setProperty(class org.apache.tomcat.util.modeler.AttributeInfo type=java.lang.String)
2019-05-11 11:06:12.531 DEBUG 8956 --- [kground-preinit] o.apache.tomcat.util.digester.Digester   :   Fire begin() for SetNextRule[methodName=addAttribute, paramType=org.apache.tomcat.util.modeler.AttributeInfo]
2019-05-11 11:06:12.531 DEBUG 8956 --- [kground-preinit] o.a.tomcat.util.digester.Digester.sax    : endElement(,,attribute)
2019-05-11 11:06:12.531 DEBUG 8956 --- [kground-preinit] o.apache.tomcat.util.digester.Digester   :   match='mbeans-descriptors/mbean/attribute'
2019-05-11 11:06:12.531 DEBUG 8956 --- [kground-preinit] o.apache.tomcat.util.digester.Digester   :   bodyText=''
2019-05-11 11:06:12.531 DEBUG 8956 --- [           main] o.s.b.f.s.DefaultListableBeanFactory     : Returning cached instance of singleton bean 'autoConfigurationReport'
2019-05-11 11:06:12.531 DEBUG 8956 --- [kground-preinit] o.apache.tomcat.util.digester.Digester   :   Fire body() for ObjectCreateRule[className=org.apache.tomcat.util.modeler.AttributeInfo, attributeName=null]
2019-05-11 11:06:12.531 DEBUG 8956 --- [kground-preinit] o.apache.tomcat.util.digester.Digester   :   Fire body() for SetPropertiesRule[]
2019-05-11 11:06:12.532 DEBUG 8956 --- [kground-preinit] o.apache.tomcat.util.digester.Digester   :   Fire body() for SetNextRule[methodName=addAttribute, paramType=org.apache.tomcat.util.modeler.AttributeInfo]
2019-05-11 11:06:12.532 DEBUG 8956 --- [kground-preinit] o.apache.tomcat.util.digester.Digester   :   Fire end() for SetNextRule[methodName=addAttribute, paramType=org.apache.tomcat.util.modeler.AttributeInfo]
2019-05-11 11:06:12.532 DEBUG 8956 --- [kground-preinit] o.apache.tomcat.util.digester.Digester   : [SetNextRule]{mbeans-descriptors/mbean/attribute} Call org.apache.tomcat.util.modeler.ManagedBean.addAttribute(org.apache.tomcat.util.modeler.AttributeInfo@d827749)
2019-05-11 11:06:12.532 DEBUG 8956 --- [kground-preinit] o.apache.tomcat.util.IntrospectionUtils  : IntrospectionUtils: callMethod1 org.apache.tomcat.util.modeler.ManagedBean org.apache.tomcat.util.modeler.AttributeInfo org.apache.tomcat.util.modeler.AttributeInfo
2019-05-11 11:06:12.532 DEBUG 8956 --- [kground-preinit] o.apache.tomcat.util.digester.Digester   :   Fire end() for SetPropertiesRule[]
2019-05-11 11:06:12.532 DEBUG 8956 --- [kground-preinit] o.apache.tomcat.util.digester.Digester   :   Fire end() for ObjectCreateRule[className=org.apache.tomcat.util.modeler.AttributeInfo, attributeName=null]
2019-05-11 11:06:12.532 DEBUG 8956 --- [kground-preinit] o.apache.tomcat.util.digester.Digester   : [ObjectCreateRule]{mbeans-descriptors/mbean/attribute} Pop org.apache.tomcat.util.modeler.AttributeInfo
2019-05-11 11:06:12.532 DEBUG 8956 --- [kground-preinit] o.a.tomcat.util.digester.Digester.sax    : characters(

    )
2019-05-11 11:06:12.532 DEBUG 8956 --- [kground-preinit] o.a.tomcat.util.digester.Digester.sax    : startElement(,,attribute)
2019-05-11 11:06:12.532 DEBUG 8956 --- [kground-preinit] o.apache.tomcat.util.digester.Digester   :   New match='mbeans-descriptors/mbean/attribute'
2019-05-11 11:06:12.532 DEBUG 8956 --- [kground-preinit] o.apache.tomcat.util.digester.Digester   :   Fire begin() for ObjectCreateRule[className=org.apache.tomcat.util.modeler.AttributeInfo, attributeName=null]
2019-05-11 11:06:12.532 DEBUG 8956 --- [kground-preinit] o.apache.tomcat.util.digester.Digester   : [ObjectCreateRule]{mbeans-descriptors/mbean/attribute}New org.apache.tomcat.util.modeler.AttributeInfo
2019-05-11 11:06:12.533 DEBUG 8956 --- [kground-preinit] o.apache.tomcat.util.digester.Digester   :   Fire begin() for SetPropertiesRule[]
2019-05-11 11:06:12.533 DEBUG 8956 --- [kground-preinit] o.apache.tomcat.util.digester.Digester   : [SetPropertiesRule]{mbeans-descriptors/mbean/attribute} Set org.apache.tomcat.util.modeler.AttributeInfo properties
2019-05-11 11:06:12.533 DEBUG 8956 --- [kground-preinit] o.apache.tomcat.util.digester.Digester   : [SetPropertiesRule]{mbeans-descriptors/mbean/attribute} Setting property 'name' to 'defaultWebXml'
2019-05-11 11:06:12.533 DEBUG 8956 --- [kground-preinit] o.apache.tomcat.util.IntrospectionUtils  : IntrospectionUtils: setProperty(class org.apache.tomcat.util.modeler.AttributeInfo name=defaultWebXml)
2019-05-11 11:06:12.533 DEBUG 8956 --- [kground-preinit] o.apache.tomcat.util.digester.Digester   : [SetPropertiesRule]{mbeans-descriptors/mbean/attribute} Setting property 'description' to 'Location of the default web.xml resource or file'
2019-05-11 11:06:12.533 DEBUG 8956 --- [kground-preinit] o.apache.tomcat.util.IntrospectionUtils  : IntrospectionUtils: setProperty(class org.apache.tomcat.util.modeler.AttributeInfo description=Location of the default web.xml resource or file)
2019-05-11 11:06:12.533 DEBUG 8956 --- [kground-preinit] o.apache.tomcat.util.digester.Digester   : [SetPropertiesRule]{mbeans-descriptors/mbean/attribute} Setting property 'type' to 'java.lang.String'
2019-05-11 11:06:12.533 DEBUG 8956 --- [kground-preinit] o.apache.tomcat.util.IntrospectionUtils  : IntrospectionUtils: setProperty(class org.apache.tomcat.util.modeler.AttributeInfo type=java.lang.String)
2019-05-11 11:06:12.533 DEBUG 8956 --- [kground-preinit] o.apache.tomcat.util.digester.Digester   :   Fire begin() for SetNextRule[methodName=addAttribute, paramType=org.apache.tomcat.util.modeler.AttributeInfo]
2019-05-11 11:06:12.533 DEBUG 8956 --- [kground-preinit] o.a.tomcat.util.digester.Digester.sax    : endElement(,,attribute)
2019-05-11 11:06:12.533 DEBUG 8956 --- [kground-preinit] o.apache.tomcat.util.digester.Digester   :   match='mbeans-descriptors/mbean/attribute'
2019-05-11 11:06:12.533 DEBUG 8956 --- [kground-preinit] o.apache.tomcat.util.digester.Digester   :   bodyText=''
2019-05-11 11:06:12.533 DEBUG 8956 --- [kground-preinit] o.apache.tomcat.util.digester.Digester   :   Fire body() for ObjectCreateRule[className=org.apache.tomcat.util.modeler.AttributeInfo, attributeName=null]
2019-05-11 11:06:12.533 DEBUG 8956 --- [kground-preinit] o.apache.tomcat.util.digester.Digester   :   Fire body() for SetPropertiesRule[]
2019-05-11 11:06:12.533 DEBUG 8956 --- [kground-preinit] o.apache.tomcat.util.digester.Digester   :   Fire body() for SetNextRule[methodName=addAttribute, paramType=org.apache.tomcat.util.modeler.AttributeInfo]
2019-05-11 11:06:12.534 DEBUG 8956 --- [kground-preinit] o.apache.tomcat.util.digester.Digester   :   Fire end() for SetNextRule[methodName=addAttribute, paramType=org.apache.tomcat.util.modeler.AttributeInfo]
2019-05-11 11:06:12.534 DEBUG 8956 --- [kground-preinit] o.apache.tomcat.util.digester.Digester   : [SetNextRule]{mbeans-descriptors/mbean/attribute} Call org.apache.tomcat.util.modeler.ManagedBean.addAttribute(org.apache.tomcat.util.modeler.AttributeInfo@1611a929)
2019-05-11 11:06:12.534 DEBUG 8956 --- [kground-preinit] o.apache.tomcat.util.IntrospectionUtils  : IntrospectionUtils: callMethod1 org.apache.tomcat.util.modeler.ManagedBean org.apache.tomcat.util.modeler.AttributeInfo org.apache.tomcat.util.modeler.AttributeInfo
2019-05-11 11:06:12.534 DEBUG 8956 --- [kground-preinit] o.apache.tomcat.util.digester.Digester   :   Fire end() for SetPropertiesRule[]
2019-05-11 11:06:12.534 DEBUG 8956 --- [kground-preinit] o.apache.tomcat.util.digester.Digester   :   Fire end() for ObjectCreateRule[className=org.apache.tomcat.util.modeler.AttributeInfo, attributeName=null]
2019-05-11 11:06:12.534 DEBUG 8956 --- [kground-preinit] o.apache.tomcat.util.digester.Digester   : [ObjectCreateRule]{mbeans-descriptors/mbean/attribute} Pop org.apache.tomcat.util.modeler.AttributeInfo
2019-05-11 11:06:12.534 DEBUG 8956 --- [kground-preinit] o.a.tomcat.util.digester.Digester.sax    : characters(

    )
2019-05-11 11:06:12.534 DEBUG 8956 --- [kground-preinit] o.a.tomcat.util.digester.Digester.sax    : startElement(,,attribute)
2019-05-11 11:06:12.534 DEBUG 8956 --- [kground-preinit] o.apache.tomcat.util.digester.Digester   :   New match='mbeans-descriptors/mbean/attribute'
2019-05-11 11:06:12.534 DEBUG 8956 --- [kground-preinit] o.apache.tomcat.util.digester.Digester   :   Fire begin() for ObjectCreateRule[className=org.apache.tomcat.util.modeler.AttributeInfo, attributeName=null]
2019-05-11 11:06:12.534 DEBUG 8956 --- [kground-preinit] o.apache.tomcat.util.digester.Digester   : [ObjectCreateRule]{mbeans-descriptors/mbean/attribute}New org.apache.tomcat.util.modeler.AttributeInfo
2019-05-11 11:06:12.534 DEBUG 8956 --- [kground-preinit] o.apache.tomcat.util.digester.Digester   :   Fire begin() for SetPropertiesRule[]
2019-05-11 11:06:12.535 DEBUG 8956 --- [kground-preinit] o.apache.tomcat.util.digester.Digester   : [SetPropertiesRule]{mbeans-descriptors/mbean/attribute} Set org.apache.tomcat.util.modeler.AttributeInfo properties
2019-05-11 11:06:12.535 DEBUG 8956 --- [kground-preinit] o.apache.tomcat.util.digester.Digester   : [SetPropertiesRule]{mbeans-descriptors/mbean/attribute} Setting property 'name' to 'delegate'
2019-05-11 11:06:12.535 DEBUG 8956 --- [kground-preinit] o.apache.tomcat.util.IntrospectionUtils  : IntrospectionUtils: setProperty(class org.apache.tomcat.util.modeler.AttributeInfo name=delegate)
2019-05-11 11:06:12.535 DEBUG 8956 --- [kground-preinit] o.apache.tomcat.util.digester.Digester   : [SetPropertiesRule]{mbeans-descriptors/mbean/attribute} Setting property 'description' to ''
2019-05-11 11:06:12.535 DEBUG 8956 --- [kground-preinit] o.apache.tomcat.util.IntrospectionUtils  : IntrospectionUtils: setProperty(class org.apache.tomcat.util.modeler.AttributeInfo description=)
2019-05-11 11:06:12.535 DEBUG 8956 --- [kground-preinit] o.apache.tomcat.util.digester.Digester   : [SetPropertiesRule]{mbeans-descriptors/mbean/attribute} Setting property 'type' to 'boolean'
2019-05-11 11:06:12.535 DEBUG 8956 --- [kground-preinit] o.apache.tomcat.util.IntrospectionUtils  : IntrospectionUtils: setProperty(class org.apache.tomcat.util.modeler.AttributeInfo type=boolean)
2019-05-11 11:06:12.535 DEBUG 8956 --- [kground-preinit] o.apache.tomcat.util.digester.Digester   :   Fire begin() for SetNextRule[methodName=addAttribute, paramType=org.apache.tomcat.util.modeler.AttributeInfo]
2019-05-11 11:06:12.535 DEBUG 8956 --- [kground-preinit] o.a.tomcat.util.digester.Digester.sax    : endElement(,,attribute)
2019-05-11 11:06:12.535 DEBUG 8956 --- [kground-preinit] o.apache.tomcat.util.digester.Digester   :   match='mbeans-descriptors/mbean/attribute'
2019-05-11 11:06:12.535 DEBUG 8956 --- [kground-preinit] o.apache.tomcat.util.digester.Digester   :   bodyText=''
2019-05-11 11:06:12.535 DEBUG 8956 --- [kground-preinit] o.apache.tomcat.util.digester.Digester   :   Fire body() for ObjectCreateRule[className=org.apache.tomcat.util.modeler.AttributeInfo, attributeName=null]
2019-05-11 11:06:12.535 DEBUG 8956 --- [kground-preinit] o.apache.tomcat.util.digester.Digester   :   Fire body() for SetPropertiesRule[]
2019-05-11 11:06:12.536 DEBUG 8956 --- [kground-preinit] o.apache.tomcat.util.digester.Digester   :   Fire body() for SetNextRule[methodName=addAttribute, paramType=org.apache.tomcat.util.modeler.AttributeInfo]
2019-05-11 11:06:12.536 DEBUG 8956 --- [kground-preinit] o.apache.tomcat.util.digester.Digester   :   Fire end() for SetNextRule[methodName=addAttribute, paramType=org.apache.tomcat.util.modeler.AttributeInfo]
2019-05-11 11:06:12.536 DEBUG 8956 --- [kground-preinit] o.apache.tomcat.util.digester.Digester   : [SetNextRule]{mbeans-descriptors/mbean/attribute} Call org.apache.tomcat.util.modeler.ManagedBean.addAttribute(org.apache.tomcat.util.modeler.AttributeInfo@4464812)
2019-05-11 11:06:12.536 DEBUG 8956 --- [kground-preinit] o.apache.tomcat.util.IntrospectionUtils  : IntrospectionUtils: callMethod1 org.apache.tomcat.util.modeler.ManagedBean org.apache.tomcat.util.modeler.AttributeInfo org.apache.tomcat.util.modeler.AttributeInfo
2019-05-11 11:06:12.536 DEBUG 8956 --- [kground-preinit] o.apache.tomcat.util.digester.Digester   :   Fire end() for SetPropertiesRule[]
2019-05-11 11:06:12.536 DEBUG 8956 --- [kground-preinit] o.apache.tomcat.util.digester.Digester   :   Fire end() for ObjectCreateRule[className=org.apache.tomcat.util.modeler.AttributeInfo, attributeName=null]
2019-05-11 11:06:12.536 DEBUG 8956 --- [kground-preinit] o.apache.tomcat.util.digester.Digester   : [ObjectCreateRule]{mbeans-descriptors/mbean/attribute} Pop org.apache.tomcat.util.modeler.AttributeInfo
2019-05-11 11:06:12.537 DEBUG 8956 --- [kground-preinit] o.a.tomcat.util.digester.Digester.sax    : characters(

    )
2019-05-11 11:06:12.537 DEBUG 8956 --- [kground-preinit] o.a.tomcat.util.digester.Digester.sax    : startElement(,,attribute)
2019-05-11 11:06:12.537 DEBUG 8956 --- [kground-preinit] o.apache.tomcat.util.digester.Digester   :   New match='mbeans-descriptors/mbean/attribute'
2019-05-11 11:06:12.537 DEBUG 8956 --- [kground-preinit] o.apache.tomcat.util.digester.Digester   :   Fire begin() for ObjectCreateRule[className=org.apache.tomcat.util.modeler.AttributeInfo, attributeName=null]
2019-05-11 11:06:12.537 DEBUG 8956 --- [kground-preinit] o.apache.tomcat.util.digester.Digester   : [ObjectCreateRule]{mbeans-descriptors/mbean/attribute}New org.apache.tomcat.util.modeler.AttributeInfo
2019-05-11 11:06:12.537 DEBUG 8956 --- [kground-preinit] o.apache.tomcat.util.digester.Digester   :   Fire begin() for SetPropertiesRule[]
2019-05-11 11:06:12.537 DEBUG 8956 --- [kground-preinit] o.apache.tomcat.util.digester.Digester   : [SetPropertiesRule]{mbeans-descriptors/mbean/attribute} Set org.apache.tomcat.util.modeler.AttributeInfo properties
2019-05-11 11:06:12.537 DEBUG 8956 --- [kground-preinit] o.apache.tomcat.util.digester.Digester   : [SetPropertiesRule]{mbeans-descriptors/mbean/attribute} Setting property 'name' to 'displayName'
2019-05-11 11:06:12.537 DEBUG 8956 --- [kground-preinit] o.apache.tomcat.util.IntrospectionUtils  : IntrospectionUtils: setProperty(class org.apache.tomcat.util.modeler.AttributeInfo name=displayName)
2019-05-11 11:06:12.538 DEBUG 8956 --- [kground-preinit] o.apache.tomcat.util.digester.Digester   : [SetPropertiesRule]{mbeans-descriptors/mbean/attribute} Setting property 'description' to 'The display name of this web application'
2019-05-11 11:06:12.538 DEBUG 8956 --- [kground-preinit] o.apache.tomcat.util.IntrospectionUtils  : IntrospectionUtils: setProperty(class org.apache.tomcat.util.modeler.AttributeInfo description=The display name of this web application)
2019-05-11 11:06:12.538 DEBUG 8956 --- [kground-preinit] o.apache.tomcat.util.digester.Digester   : [SetPropertiesRule]{mbeans-descriptors/mbean/attribute} Setting property 'type' to 'java.lang.String'
2019-05-11 11:06:12.538 DEBUG 8956 --- [kground-preinit] o.apache.tomcat.util.IntrospectionUtils  : IntrospectionUtils: setProperty(class org.apache.tomcat.util.modeler.AttributeInfo type=java.lang.String)
2019-05-11 11:06:12.538 DEBUG 8956 --- [kground-preinit] o.apache.tomcat.util.digester.Digester   :   Fire begin() for SetNextRule[methodName=addAttribute, paramType=org.apache.tomcat.util.modeler.AttributeInfo]
2019-05-11 11:06:12.538 DEBUG 8956 --- [kground-preinit] o.a.tomcat.util.digester.Digester.sax    : endElement(,,attribute)
2019-05-11 11:06:12.538 DEBUG 8956 --- [kground-preinit] o.apache.tomcat.util.digester.Digester   :   match='mbeans-descriptors/mbean/attribute'
2019-05-11 11:06:12.538 DEBUG 8956 --- [kground-preinit] o.apache.tomcat.util.digester.Digester   :   bodyText=''
2019-05-11 11:06:12.538 DEBUG 8956 --- [kground-preinit] o.apache.tomcat.util.digester.Digester   :   Fire body() for ObjectCreateRule[className=org.apache.tomcat.util.modeler.AttributeInfo, attributeName=null]
2019-05-11 11:06:12.538 DEBUG 8956 --- [kground-preinit] o.apache.tomcat.util.digester.Digester   :   Fire body() for SetPropertiesRule[]
2019-05-11 11:06:12.538 DEBUG 8956 --- [kground-preinit] o.apache.tomcat.util.digester.Digester   :   Fire body() for SetNextRule[methodName=addAttribute, paramType=org.apache.tomcat.util.modeler.AttributeInfo]
2019-05-11 11:06:12.538 DEBUG 8956 --- [kground-preinit] o.apache.tomcat.util.digester.Digester   :   Fire end() for SetNextRule[methodName=addAttribute, paramType=org.apache.tomcat.util.modeler.AttributeInfo]
2019-05-11 11:06:12.538 DEBUG 8956 --- [kground-preinit] o.apache.tomcat.util.digester.Digester   : [SetNextRule]{mbeans-descriptors/mbean/attribute} Call org.apache.tomcat.util.modeler.ManagedBean.addAttribute(org.apache.tomcat.util.modeler.AttributeInfo@af9dc28)
2019-05-11 11:06:12.539 DEBUG 8956 --- [kground-preinit] o.apache.tomcat.util.IntrospectionUtils  : IntrospectionUtils: callMethod1 org.apache.tomcat.util.modeler.ManagedBean org.apache.tomcat.util.modeler.AttributeInfo org.apache.tomcat.util.modeler.AttributeInfo
2019-05-11 11:06:12.539 DEBUG 8956 --- [kground-preinit] o.apache.tomcat.util.digester.Digester   :   Fire end() for SetPropertiesRule[]
2019-05-11 11:06:12.539 DEBUG 8956 --- [kground-preinit] o.apache.tomcat.util.digester.Digester   :   Fire end() for ObjectCreateRule[className=org.apache.tomcat.util.modeler.AttributeInfo, attributeName=null]
2019-05-11 11:06:12.539 DEBUG 8956 --- [kground-preinit] o.apache.tomcat.util.digester.Digester   : [ObjectCreateRule]{mbeans-descriptors/mbean/attribute} Pop org.apache.tomcat.util.modeler.AttributeInfo
2019-05-11 11:06:12.539 DEBUG 8956 --- [kground-preinit] o.a.tomcat.util.digester.Digester.sax    : characters(

    )
2019-05-11 11:06:12.539 DEBUG 8956 --- [kground-preinit] o.a.tomcat.util.digester.Digester.sax    : startElement(,,attribute)
2019-05-11 11:06:12.539 DEBUG 8956 --- [kground-preinit] o.apache.tomcat.util.digester.Digester   :   New match='mbeans-descriptors/mbean/attribute'
2019-05-11 11:06:12.539 DEBUG 8956 --- [kground-preinit] o.apache.tomcat.util.digester.Digester   :   Fire begin() for ObjectCreateRule[className=org.apache.tomcat.util.modeler.AttributeInfo, attributeName=null]
2019-05-11 11:06:12.539 DEBUG 8956 --- [kground-preinit] o.apache.tomcat.util.digester.Digester   : [ObjectCreateRule]{mbeans-descriptors/mbean/attribute}New org.apache.tomcat.util.modeler.AttributeInfo
2019-05-11 11:06:12.539 DEBUG 8956 --- [kground-preinit] o.apache.tomcat.util.digester.Digester   :   Fire begin() for SetPropertiesRule[]
2019-05-11 11:06:12.539 DEBUG 8956 --- [kground-preinit] o.apache.tomcat.util.digester.Digester   : [SetPropertiesRule]{mbeans-descriptors/mbean/attribute} Set org.apache.tomcat.util.modeler.AttributeInfo properties
2019-05-11 11:06:12.539 DEBUG 8956 --- [kground-preinit] o.apache.tomcat.util.digester.Digester   : [SetPropertiesRule]{mbeans-descriptors/mbean/attribute} Setting property 'name' to 'distributable'
2019-05-11 11:06:12.539 DEBUG 8956 --- [kground-preinit] o.apache.tomcat.util.IntrospectionUtils  : IntrospectionUtils: setProperty(class org.apache.tomcat.util.modeler.AttributeInfo name=distributable)
2019-05-11 11:06:12.539 DEBUG 8956 --- [kground-preinit] o.apache.tomcat.util.digester.Digester   : [SetPropertiesRule]{mbeans-descriptors/mbean/attribute} Setting property 'description' to 'The distributable flag for this web application.'
2019-05-11 11:06:12.540 DEBUG 8956 --- [kground-preinit] o.apache.tomcat.util.IntrospectionUtils  : IntrospectionUtils: setProperty(class org.apache.tomcat.util.modeler.AttributeInfo description=The distributable flag for this web application.)
2019-05-11 11:06:12.540 DEBUG 8956 --- [kground-preinit] o.apache.tomcat.util.digester.Digester   : [SetPropertiesRule]{mbeans-descriptors/mbean/attribute} Setting property 'type' to 'boolean'
2019-05-11 11:06:12.540 DEBUG 8956 --- [kground-preinit] o.apache.tomcat.util.IntrospectionUtils  : IntrospectionUtils: setProperty(class org.apache.tomcat.util.modeler.AttributeInfo type=boolean)
2019-05-11 11:06:12.540 DEBUG 8956 --- [kground-preinit] o.apache.tomcat.util.digester.Digester   :   Fire begin() for SetNextRule[methodName=addAttribute, paramType=org.apache.tomcat.util.modeler.AttributeInfo]
2019-05-11 11:06:12.540 DEBUG 8956 --- [kground-preinit] o.a.tomcat.util.digester.Digester.sax    : endElement(,,attribute)
2019-05-11 11:06:12.540 DEBUG 8956 --- [kground-preinit] o.apache.tomcat.util.digester.Digester   :   match='mbeans-descriptors/mbean/attribute'
2019-05-11 11:06:12.540 DEBUG 8956 --- [kground-preinit] o.apache.tomcat.util.digester.Digester   :   bodyText=''
2019-05-11 11:06:12.540 DEBUG 8956 --- [kground-preinit] o.apache.tomcat.util.digester.Digester   :   Fire body() for ObjectCreateRule[className=org.apache.tomcat.util.modeler.AttributeInfo, attributeName=null]
2019-05-11 11:06:12.540 DEBUG 8956 --- [kground-preinit] o.apache.tomcat.util.digester.Digester   :   Fire body() for SetPropertiesRule[]
2019-05-11 11:06:12.540 DEBUG 8956 --- [kground-preinit] o.apache.tomcat.util.digester.Digester   :   Fire body() for SetNextRule[methodName=addAttribute, paramType=org.apache.tomcat.util.modeler.AttributeInfo]
2019-05-11 11:06:12.540 DEBUG 8956 --- [kground-preinit] o.apache.tomcat.util.digester.Digester   :   Fire end() for SetNextRule[methodName=addAttribute, paramType=org.apache.tomcat.util.modeler.AttributeInfo]
2019-05-11 11:06:12.540 DEBUG 8956 --- [kground-preinit] o.apache.tomcat.util.digester.Digester   : [SetNextRule]{mbeans-descriptors/mbean/attribute} Call org.apache.tomcat.util.modeler.ManagedBean.addAttribute(org.apache.tomcat.util.modeler.AttributeInfo@145fca01)
2019-05-11 11:06:12.540 DEBUG 8956 --- [kground-preinit] o.apache.tomcat.util.IntrospectionUtils  : IntrospectionUtils: callMethod1 org.apache.tomcat.util.modeler.ManagedBean org.apache.tomcat.util.modeler.AttributeInfo org.apache.tomcat.util.modeler.AttributeInfo
2019-05-11 11:06:12.541 DEBUG 8956 --- [kground-preinit] o.apache.tomcat.util.digester.Digester   :   Fire end() for SetPropertiesRule[]
2019-05-11 11:06:12.541 DEBUG 8956 --- [kground-preinit] o.apache.tomcat.util.digester.Digester   :   Fire end() for ObjectCreateRule[className=org.apache.tomcat.util.modeler.AttributeInfo, attributeName=null]
2019-05-11 11:06:12.541 DEBUG 8956 --- [kground-preinit] o.apache.tomcat.util.digester.Digester   : [ObjectCreateRule]{mbeans-descriptors/mbean/attribute} Pop org.apache.tomcat.util.modeler.AttributeInfo
2019-05-11 11:06:12.541 DEBUG 8956 --- [kground-preinit] o.a.tomcat.util.digester.Digester.sax    : characters(

    )
2019-05-11 11:06:12.541 DEBUG 8956 --- [kground-preinit] o.a.tomcat.util.digester.Digester.sax    : startElement(,,attribute)
2019-05-11 11:06:12.541 DEBUG 8956 --- [kground-preinit] o.apache.tomcat.util.digester.Digester   :   New match='mbeans-descriptors/mbean/attribute'
2019-05-11 11:06:12.541 DEBUG 8956 --- [kground-preinit] o.apache.tomcat.util.digester.Digester   :   Fire begin() for ObjectCreateRule[className=org.apache.tomcat.util.modeler.AttributeInfo, attributeName=null]
2019-05-11 11:06:12.541 DEBUG 8956 --- [kground-preinit] o.apache.tomcat.util.digester.Digester   : [ObjectCreateRule]{mbeans-descriptors/mbean/attribute}New org.apache.tomcat.util.modeler.AttributeInfo
2019-05-11 11:06:12.542 DEBUG 8956 --- [kground-preinit] o.apache.tomcat.util.digester.Digester   :   Fire begin() for SetPropertiesRule[]
2019-05-11 11:06:12.542 DEBUG 8956 --- [kground-preinit] o.apache.tomcat.util.digester.Digester   : [SetPropertiesRule]{mbeans-descriptors/mbean/attribute} Set org.apache.tomcat.util.modeler.AttributeInfo properties
2019-05-11 11:06:12.542 DEBUG 8956 --- [kground-preinit] o.apache.tomcat.util.digester.Digester   : [SetPropertiesRule]{mbeans-descriptors/mbean/attribute} Setting property 'name' to 'docBase'
2019-05-11 11:06:12.542 DEBUG 8956 --- [kground-preinit] o.apache.tomcat.util.IntrospectionUtils  : IntrospectionUtils: setProperty(class org.apache.tomcat.util.modeler.AttributeInfo name=docBase)
2019-05-11 11:06:12.542 DEBUG 8956 --- [kground-preinit] o.apache.tomcat.util.digester.Digester   : [SetPropertiesRule]{mbeans-descriptors/mbean/attribute} Setting property 'description' to 'The document root for this web application'
2019-05-11 11:06:12.542 DEBUG 8956 --- [kground-preinit] o.apache.tomcat.util.IntrospectionUtils  : IntrospectionUtils: setProperty(class org.apache.tomcat.util.modeler.AttributeInfo description=The document root for this web application)
2019-05-11 11:06:12.542 DEBUG 8956 --- [kground-preinit] o.apache.tomcat.util.digester.Digester   : [SetPropertiesRule]{mbeans-descriptors/mbean/attribute} Setting property 'type' to 'java.lang.String'
2019-05-11 11:06:12.542 DEBUG 8956 --- [kground-preinit] o.apache.tomcat.util.IntrospectionUtils  : IntrospectionUtils: setProperty(class org.apache.tomcat.util.modeler.AttributeInfo type=java.lang.String)
2019-05-11 11:06:12.542 DEBUG 8956 --- [kground-preinit] o.apache.tomcat.util.digester.Digester   :   Fire begin() for SetNextRule[methodName=addAttribute, paramType=org.apache.tomcat.util.modeler.AttributeInfo]
2019-05-11 11:06:12.543 DEBUG 8956 --- [kground-preinit] o.a.tomcat.util.digester.Digester.sax    : endElement(,,attribute)
2019-05-11 11:06:12.543 DEBUG 8956 --- [kground-preinit] o.apache.tomcat.util.digester.Digester   :   match='mbeans-descriptors/mbean/attribute'
2019-05-11 11:06:12.543 DEBUG 8956 --- [kground-preinit] o.apache.tomcat.util.digester.Digester   :   bodyText=''
2019-05-11 11:06:12.543 DEBUG 8956 --- [kground-preinit] o.apache.tomcat.util.digester.Digester   :   Fire body() for ObjectCreateRule[className=org.apache.tomcat.util.modeler.AttributeInfo, attributeName=null]
2019-05-11 11:06:12.543 DEBUG 8956 --- [kground-preinit] o.apache.tomcat.util.digester.Digester   :   Fire body() for SetPropertiesRule[]
2019-05-11 11:06:12.543 DEBUG 8956 --- [kground-preinit] o.apache.tomcat.util.digester.Digester   :   Fire body() for SetNextRule[methodName=addAttribute, paramType=org.apache.tomcat.util.modeler.AttributeInfo]
2019-05-11 11:06:12.543 DEBUG 8956 --- [kground-preinit] o.apache.tomcat.util.digester.Digester   :   Fire end() for SetNextRule[methodName=addAttribute, paramType=org.apache.tomcat.util.modeler.AttributeInfo]
2019-05-11 11:06:12.543 DEBUG 8956 --- [kground-preinit] o.apache.tomcat.util.digester.Digester   : [SetNextRule]{mbeans-descriptors/mbean/attribute} Call org.apache.tomcat.util.modeler.ManagedBean.addAttribute(org.apache.tomcat.util.modeler.AttributeInfo@f9c7142)
2019-05-11 11:06:12.543 DEBUG 8956 --- [kground-preinit] o.apache.tomcat.util.IntrospectionUtils  : IntrospectionUtils: callMethod1 org.apache.tomcat.util.modeler.ManagedBean org.apache.tomcat.util.modeler.AttributeInfo org.apache.tomcat.util.modeler.AttributeInfo
2019-05-11 11:06:12.543 DEBUG 8956 --- [kground-preinit] o.apache.tomcat.util.digester.Digester   :   Fire end() for SetPropertiesRule[]
2019-05-11 11:06:12.544 DEBUG 8956 --- [kground-preinit] o.apache.tomcat.util.digester.Digester   :   Fire end() for ObjectCreateRule[className=org.apache.tomcat.util.modeler.AttributeInfo, attributeName=null]
2019-05-11 11:06:12.544 DEBUG 8956 --- [kground-preinit] o.apache.tomcat.util.digester.Digester   : [ObjectCreateRule]{mbeans-descriptors/mbean/attribute} Pop org.apache.tomcat.util.modeler.AttributeInfo
2019-05-11 11:06:12.544 DEBUG 8956 --- [kground-preinit] o.a.tomcat.util.digester.Digester.sax    : characters(

    )
2019-05-11 11:06:12.544 DEBUG 8956 --- [kground-preinit] o.a.tomcat.util.digester.Digester.sax    : startElement(,,attribute)
2019-05-11 11:06:12.545 DEBUG 8956 --- [kground-preinit] o.apache.tomcat.util.digester.Digester   :   New match='mbeans-descriptors/mbean/attribute'
2019-05-11 11:06:12.545 DEBUG 8956 --- [kground-preinit] o.apache.tomcat.util.digester.Digester   :   Fire begin() for ObjectCreateRule[className=org.apache.tomcat.util.modeler.AttributeInfo, attributeName=null]
2019-05-11 11:06:12.545 DEBUG 8956 --- [kground-preinit] o.apache.tomcat.util.digester.Digester   : [ObjectCreateRule]{mbeans-descriptors/mbean/attribute}New org.apache.tomcat.util.modeler.AttributeInfo
2019-05-11 11:06:12.545 DEBUG 8956 --- [kground-preinit] o.apache.tomcat.util.digester.Digester   :   Fire begin() for SetPropertiesRule[]
2019-05-11 11:06:12.545 DEBUG 8956 --- [kground-preinit] o.apache.tomcat.util.digester.Digester   : [SetPropertiesRule]{mbeans-descriptors/mbean/attribute} Set org.apache.tomcat.util.modeler.AttributeInfo properties
2019-05-11 11:06:12.545 DEBUG 8956 --- [kground-preinit] o.apache.tomcat.util.digester.Digester   : [SetPropertiesRule]{mbeans-descriptors/mbean/attribute} Setting property 'name' to 'encodedPath'
2019-05-11 11:06:12.546 DEBUG 8956 --- [kground-preinit] o.apache.tomcat.util.IntrospectionUtils  : IntrospectionUtils: setProperty(class org.apache.tomcat.util.modeler.AttributeInfo name=encodedPath)
2019-05-11 11:06:12.546 DEBUG 8956 --- [kground-preinit] o.apache.tomcat.util.digester.Digester   : [SetPropertiesRule]{mbeans-descriptors/mbean/attribute} Setting property 'description' to 'The encoded path'
2019-05-11 11:06:12.546 DEBUG 8956 --- [kground-preinit] o.apache.tomcat.util.IntrospectionUtils  : IntrospectionUtils: setProperty(class org.apache.tomcat.util.modeler.AttributeInfo description=The encoded path)
2019-05-11 11:06:12.546 DEBUG 8956 --- [kground-preinit] o.apache.tomcat.util.digester.Digester   : [SetPropertiesRule]{mbeans-descriptors/mbean/attribute} Setting property 'type' to 'java.lang.String'
2019-05-11 11:06:12.546 DEBUG 8956 --- [kground-preinit] o.apache.tomcat.util.IntrospectionUtils  : IntrospectionUtils: setProperty(class org.apache.tomcat.util.modeler.AttributeInfo type=java.lang.String)
2019-05-11 11:06:12.546 DEBUG 8956 --- [kground-preinit] o.apache.tomcat.util.digester.Digester   : [SetPropertiesRule]{mbeans-descriptors/mbean/attribute} Setting property 'writeable' to 'false'
2019-05-11 11:06:12.546 DEBUG 8956 --- [kground-preinit] o.apache.tomcat.util.IntrospectionUtils  : IntrospectionUtils: setProperty(class org.apache.tomcat.util.modeler.AttributeInfo writeable=false)
2019-05-11 11:06:12.546 DEBUG 8956 --- [kground-preinit] o.apache.tomcat.util.digester.Digester   :   Fire begin() for SetNextRule[methodName=addAttribute, paramType=org.apache.tomcat.util.modeler.AttributeInfo]
2019-05-11 11:06:12.546 DEBUG 8956 --- [kground-preinit] o.a.tomcat.util.digester.Digester.sax    : endElement(,,attribute)
2019-05-11 11:06:12.546 DEBUG 8956 --- [kground-preinit] o.apache.tomcat.util.digester.Digester   :   match='mbeans-descriptors/mbean/attribute'
2019-05-11 11:06:12.546 DEBUG 8956 --- [kground-preinit] o.apache.tomcat.util.digester.Digester   :   bodyText=''
2019-05-11 11:06:12.547 DEBUG 8956 --- [kground-preinit] o.apache.tomcat.util.digester.Digester   :   Fire body() for ObjectCreateRule[className=org.apache.tomcat.util.modeler.AttributeInfo, attributeName=null]
2019-05-11 11:06:12.547 DEBUG 8956 --- [kground-preinit] o.apache.tomcat.util.digester.Digester   :   Fire body() for SetPropertiesRule[]
2019-05-11 11:06:12.547 DEBUG 8956 --- [kground-preinit] o.apache.tomcat.util.digester.Digester   :   Fire body() for SetNextRule[methodName=addAttribute, paramType=org.apache.tomcat.util.modeler.AttributeInfo]
2019-05-11 11:06:12.547 DEBUG 8956 --- [kground-preinit] o.apache.tomcat.util.digester.Digester   :   Fire end() for SetNextRule[methodName=addAttribute, paramType=org.apache.tomcat.util.modeler.AttributeInfo]
2019-05-11 11:06:12.547 DEBUG 8956 --- [kground-preinit] o.apache.tomcat.util.digester.Digester   : [SetNextRule]{mbeans-descriptors/mbean/attribute} Call org.apache.tomcat.util.modeler.ManagedBean.addAttribute(org.apache.tomcat.util.modeler.AttributeInfo@392cbe7b)
2019-05-11 11:06:12.547 DEBUG 8956 --- [kground-preinit] o.apache.tomcat.util.IntrospectionUtils  : IntrospectionUtils: callMethod1 org.apache.tomcat.util.modeler.ManagedBean org.apache.tomcat.util.modeler.AttributeInfo org.apache.tomcat.util.modeler.AttributeInfo
2019-05-11 11:06:12.547 DEBUG 8956 --- [kground-preinit] o.apache.tomcat.util.digester.Digester   :   Fire end() for SetPropertiesRule[]
2019-05-11 11:06:12.547 DEBUG 8956 --- [kground-preinit] o.apache.tomcat.util.digester.Digester   :   Fire end() for ObjectCreateRule[className=org.apache.tomcat.util.modeler.AttributeInfo, attributeName=null]
2019-05-11 11:06:12.547 DEBUG 8956 --- [kground-preinit] o.apache.tomcat.util.digester.Digester   : [ObjectCreateRule]{mbeans-descriptors/mbean/attribute} Pop org.apache.tomcat.util.modeler.AttributeInfo
2019-05-11 11:06:12.548 DEBUG 8956 --- [kground-preinit] o.a.tomcat.util.digester.Digester.sax    : characters(

    )
2019-05-11 11:06:12.548 DEBUG 8956 --- [kground-preinit] o.a.tomcat.util.digester.Digester.sax    : startElement(,,attribute)
2019-05-11 11:06:12.548 DEBUG 8956 --- [kground-preinit] o.apache.tomcat.util.digester.Digester   :   New match='mbeans-descriptors/mbean/attribute'
2019-05-11 11:06:12.548 DEBUG 8956 --- [kground-preinit] o.apache.tomcat.util.digester.Digester   :   Fire begin() for ObjectCreateRule[className=org.apache.tomcat.util.modeler.AttributeInfo, attributeName=null]
2019-05-11 11:06:12.548 DEBUG 8956 --- [kground-preinit] o.apache.tomcat.util.digester.Digester   : [ObjectCreateRule]{mbeans-descriptors/mbean/attribute}New org.apache.tomcat.util.modeler.AttributeInfo
2019-05-11 11:06:12.548 DEBUG 8956 --- [kground-preinit] o.apache.tomcat.util.digester.Digester   :   Fire begin() for SetPropertiesRule[]
2019-05-11 11:06:12.548 DEBUG 8956 --- [kground-preinit] o.apache.tomcat.util.digester.Digester   : [SetPropertiesRule]{mbeans-descriptors/mbean/attribute} Set org.apache.tomcat.util.modeler.AttributeInfo properties
2019-05-11 11:06:12.548 DEBUG 8956 --- [kground-preinit] o.apache.tomcat.util.digester.Digester   : [SetPropertiesRule]{mbeans-descriptors/mbean/attribute} Setting property 'name' to 'ignoreAnnotations'
2019-05-11 11:06:12.548 DEBUG 8956 --- [kground-preinit] o.apache.tomcat.util.IntrospectionUtils  : IntrospectionUtils: setProperty(class org.apache.tomcat.util.modeler.AttributeInfo name=ignoreAnnotations)
2019-05-11 11:06:12.549 DEBUG 8956 --- [kground-preinit] o.apache.tomcat.util.digester.Digester   : [SetPropertiesRule]{mbeans-descriptors/mbean/attribute} Setting property 'description' to 'Ignore annotations flag.'
2019-05-11 11:06:12.549 DEBUG 8956 --- [kground-preinit] o.apache.tomcat.util.IntrospectionUtils  : IntrospectionUtils: setProperty(class org.apache.tomcat.util.modeler.AttributeInfo description=Ignore annotations flag.)
2019-05-11 11:06:12.549 DEBUG 8956 --- [kground-preinit] o.apache.tomcat.util.digester.Digester   : [SetPropertiesRule]{mbeans-descriptors/mbean/attribute} Setting property 'type' to 'boolean'
2019-05-11 11:06:12.549 DEBUG 8956 --- [kground-preinit] o.apache.tomcat.util.IntrospectionUtils  : IntrospectionUtils: setProperty(class org.apache.tomcat.util.modeler.AttributeInfo type=boolean)
2019-05-11 11:06:12.549 DEBUG 8956 --- [kground-preinit] o.apache.tomcat.util.digester.Digester   :   Fire begin() for SetNextRule[methodName=addAttribute, paramType=org.apache.tomcat.util.modeler.AttributeInfo]
2019-05-11 11:06:12.549 DEBUG 8956 --- [kground-preinit] o.a.tomcat.util.digester.Digester.sax    : endElement(,,attribute)
2019-05-11 11:06:12.549 DEBUG 8956 --- [kground-preinit] o.apache.tomcat.util.digester.Digester   :   match='mbeans-descriptors/mbean/attribute'
2019-05-11 11:06:12.549 DEBUG 8956 --- [kground-preinit] o.apache.tomcat.util.digester.Digester   :   bodyText=''
2019-05-11 11:06:12.549 DEBUG 8956 --- [kground-preinit] o.apache.tomcat.util.digester.Digester   :   Fire body() for ObjectCreateRule[className=org.apache.tomcat.util.modeler.AttributeInfo, attributeName=null]
2019-05-11 11:06:12.549 DEBUG 8956 --- [kground-preinit] o.apache.tomcat.util.digester.Digester   :   Fire body() for SetPropertiesRule[]
2019-05-11 11:06:12.549 DEBUG 8956 --- [kground-preinit] o.apache.tomcat.util.digester.Digester   :   Fire body() for SetNextRule[methodName=addAttribute, paramType=org.apache.tomcat.util.modeler.AttributeInfo]
2019-05-11 11:06:12.550 DEBUG 8956 --- [kground-preinit] o.apache.tomcat.util.digester.Digester   :   Fire end() for SetNextRule[methodName=addAttribute, paramType=org.apache.tomcat.util.modeler.AttributeInfo]
2019-05-11 11:06:12.550 DEBUG 8956 --- [kground-preinit] o.apache.tomcat.util.digester.Digester   : [SetNextRule]{mbeans-descriptors/mbean/attribute} Call org.apache.tomcat.util.modeler.ManagedBean.addAttribute(org.apache.tomcat.util.modeler.AttributeInfo@7d703dea)
2019-05-11 11:06:12.550 DEBUG 8956 --- [kground-preinit] o.apache.tomcat.util.IntrospectionUtils  : IntrospectionUtils: callMethod1 org.apache.tomcat.util.modeler.ManagedBean org.apache.tomcat.util.modeler.AttributeInfo org.apache.tomcat.util.modeler.AttributeInfo
2019-05-11 11:06:12.550 DEBUG 8956 --- [kground-preinit] o.apache.tomcat.util.digester.Digester   :   Fire end() for SetPropertiesRule[]
2019-05-11 11:06:12.550 DEBUG 8956 --- [kground-preinit] o.apache.tomcat.util.digester.Digester   :   Fire end() for ObjectCreateRule[className=org.apache.tomcat.util.modeler.AttributeInfo, attributeName=null]
2019-05-11 11:06:12.550 DEBUG 8956 --- [kground-preinit] o.apache.tomcat.util.digester.Digester   : [ObjectCreateRule]{mbeans-descriptors/mbean/attribute} Pop org.apache.tomcat.util.modeler.AttributeInfo
2019-05-11 11:06:12.550 DEBUG 8956 --- [kground-preinit] o.a.tomcat.util.digester.Digester.sax    : characters(

    )
2019-05-11 11:06:12.550 DEBUG 8956 --- [kground-preinit] o.a.tomcat.util.digester.Digester.sax    : startElement(,,attribute)
2019-05-11 11:06:12.550 DEBUG 8956 --- [kground-preinit] o.apache.tomcat.util.digester.Digester   :   New match='mbeans-descriptors/mbean/attribute'
2019-05-11 11:06:12.550 DEBUG 8956 --- [kground-preinit] o.apache.tomcat.util.digester.Digester   :   Fire begin() for ObjectCreateRule[className=org.apache.tomcat.util.modeler.AttributeInfo, attributeName=null]
2019-05-11 11:06:12.551 DEBUG 8956 --- [kground-preinit] o.apache.tomcat.util.digester.Digester   : [ObjectCreateRule]{mbeans-descriptors/mbean/attribute}New org.apache.tomcat.util.modeler.AttributeInfo
2019-05-11 11:06:12.551 DEBUG 8956 --- [kground-preinit] o.apache.tomcat.util.digester.Digester   :   Fire begin() for SetPropertiesRule[]
2019-05-11 11:06:12.551 DEBUG 8956 --- [kground-preinit] o.apache.tomcat.util.digester.Digester   : [SetPropertiesRule]{mbeans-descriptors/mbean/attribute} Set org.apache.tomcat.util.modeler.AttributeInfo properties
2019-05-11 11:06:12.551 DEBUG 8956 --- [kground-preinit] o.apache.tomcat.util.digester.Digester   : [SetPropertiesRule]{mbeans-descriptors/mbean/attribute} Setting property 'name' to 'instanceManager'
2019-05-11 11:06:12.551 DEBUG 8956 --- [kground-preinit] o.apache.tomcat.util.IntrospectionUtils  : IntrospectionUtils: setProperty(class org.apache.tomcat.util.modeler.AttributeInfo name=instanceManager)
2019-05-11 11:06:12.551 DEBUG 8956 --- [kground-preinit] o.apache.tomcat.util.digester.Digester   : [SetPropertiesRule]{mbeans-descriptors/mbean/attribute} Setting property 'description' to 'Object that creates and destroys servlets, filters, and listeners. Include dependency injection and postConstruct/preDestroy handling'
2019-05-11 11:06:12.551 DEBUG 8956 --- [kground-preinit] o.apache.tomcat.util.IntrospectionUtils  : IntrospectionUtils: setProperty(class org.apache.tomcat.util.modeler.AttributeInfo description=Object that creates and destroys servlets, filters, and listeners. Include dependency injection and postConstruct/preDestroy handling)
2019-05-11 11:06:12.551 DEBUG 8956 --- [kground-preinit] o.apache.tomcat.util.digester.Digester   : [SetPropertiesRule]{mbeans-descriptors/mbean/attribute} Setting property 'type' to 'org.apache.tomcat.InstanceManager'
2019-05-11 11:06:12.551 DEBUG 8956 --- [kground-preinit] o.apache.tomcat.util.IntrospectionUtils  : IntrospectionUtils: setProperty(class org.apache.tomcat.util.modeler.AttributeInfo type=org.apache.tomcat.InstanceManager)
2019-05-11 11:06:12.551 DEBUG 8956 --- [kground-preinit] o.apache.tomcat.util.digester.Digester   :   Fire begin() for SetNextRule[methodName=addAttribute, paramType=org.apache.tomcat.util.modeler.AttributeInfo]
2019-05-11 11:06:12.551 DEBUG 8956 --- [kground-preinit] o.a.tomcat.util.digester.Digester.sax    : endElement(,,attribute)
2019-05-11 11:06:12.551 DEBUG 8956 --- [kground-preinit] o.apache.tomcat.util.digester.Digester   :   match='mbeans-descriptors/mbean/attribute'
2019-05-11 11:06:12.551 DEBUG 8956 --- [kground-preinit] o.apache.tomcat.util.digester.Digester   :   bodyText=''
2019-05-11 11:06:12.554 DEBUG 8956 --- [           main] o.s.b.f.s.DefaultListableBeanFactory     : Returning cached instance of singleton bean 'autoConfigurationReport'
2019-05-11 11:06:12.559 DEBUG 8956 --- [           main] o.s.b.f.s.DefaultListableBeanFactory     : Returning cached instance of singleton bean 'autoConfigurationReport'
2019-05-11 11:06:12.559 DEBUG 8956 --- [kground-preinit] o.apache.tomcat.util.digester.Digester   :   Fire body() for ObjectCreateRule[className=org.apache.tomcat.util.modeler.AttributeInfo, attributeName=null]
2019-05-11 11:06:12.559 DEBUG 8956 --- [kground-preinit] o.apache.tomcat.util.digester.Digester   :   Fire body() for SetPropertiesRule[]
2019-05-11 11:06:12.560 DEBUG 8956 --- [kground-preinit] o.apache.tomcat.util.digester.Digester   :   Fire body() for SetNextRule[methodName=addAttribute, paramType=org.apache.tomcat.util.modeler.AttributeInfo]
2019-05-11 11:06:12.560 DEBUG 8956 --- [kground-preinit] o.apache.tomcat.util.digester.Digester   :   Fire end() for SetNextRule[methodName=addAttribute, paramType=org.apache.tomcat.util.modeler.AttributeInfo]
2019-05-11 11:06:12.560 DEBUG 8956 --- [kground-preinit] o.apache.tomcat.util.digester.Digester   : [SetNextRule]{mbeans-descriptors/mbean/attribute} Call org.apache.tomcat.util.modeler.ManagedBean.addAttribute(org.apache.tomcat.util.modeler.AttributeInfo@1795ff87)
2019-05-11 11:06:12.561 DEBUG 8956 --- [kground-preinit] o.apache.tomcat.util.IntrospectionUtils  : IntrospectionUtils: callMethod1 org.apache.tomcat.util.modeler.ManagedBean org.apache.tomcat.util.modeler.AttributeInfo org.apache.tomcat.util.modeler.AttributeInfo
2019-05-11 11:06:12.561 DEBUG 8956 --- [kground-preinit] o.apache.tomcat.util.digester.Digester   :   Fire end() for SetPropertiesRule[]
2019-05-11 11:06:12.561 DEBUG 8956 --- [kground-preinit] o.apache.tomcat.util.digester.Digester   :   Fire end() for ObjectCreateRule[className=org.apache.tomcat.util.modeler.AttributeInfo, attributeName=null]
2019-05-11 11:06:12.561 DEBUG 8956 --- [kground-preinit] o.apache.tomcat.util.digester.Digester   : [ObjectCreateRule]{mbeans-descriptors/mbean/attribute} Pop org.apache.tomcat.util.modeler.AttributeInfo
2019-05-11 11:06:12.562 DEBUG 8956 --- [           main] o.s.b.f.s.DefaultListableBeanFactory     : Returning cached instance of singleton bean 'autoConfigurationReport'
2019-05-11 11:06:12.562 DEBUG 8956 --- [kground-preinit] o.a.tomcat.util.digester.Digester.sax    : characters(

    )
2019-05-11 11:06:12.562 DEBUG 8956 --- [kground-preinit] o.a.tomcat.util.digester.Digester.sax    : startElement(,,attribute)
2019-05-11 11:06:12.562 DEBUG 8956 --- [kground-preinit] o.apache.tomcat.util.digester.Digester   :   New match='mbeans-descriptors/mbean/attribute'
2019-05-11 11:06:12.563 DEBUG 8956 --- [kground-preinit] o.apache.tomcat.util.digester.Digester   :   Fire begin() for ObjectCreateRule[className=org.apache.tomcat.util.modeler.AttributeInfo, attributeName=null]
2019-05-11 11:06:12.563 DEBUG 8956 --- [kground-preinit] o.apache.tomcat.util.digester.Digester   : [ObjectCreateRule]{mbeans-descriptors/mbean/attribute}New org.apache.tomcat.util.modeler.AttributeInfo
2019-05-11 11:06:12.563 DEBUG 8956 --- [kground-preinit] o.apache.tomcat.util.digester.Digester   :   Fire begin() for SetPropertiesRule[]
2019-05-11 11:06:12.563 DEBUG 8956 --- [kground-preinit] o.apache.tomcat.util.digester.Digester   : [SetPropertiesRule]{mbeans-descriptors/mbean/attribute} Set org.apache.tomcat.util.modeler.AttributeInfo properties
2019-05-11 11:06:12.563 DEBUG 8956 --- [kground-preinit] o.apache.tomcat.util.digester.Digester   : [SetPropertiesRule]{mbeans-descriptors/mbean/attribute} Setting property 'name' to 'javaVMs'
2019-05-11 11:06:12.564 DEBUG 8956 --- [kground-preinit] o.apache.tomcat.util.IntrospectionUtils  : IntrospectionUtils: setProperty(class org.apache.tomcat.util.modeler.AttributeInfo name=javaVMs)
2019-05-11 11:06:12.565 DEBUG 8956 --- [           main] o.s.b.f.s.DefaultListableBeanFactory     : Returning cached instance of singleton bean 'autoConfigurationReport'
2019-05-11 11:06:12.571 DEBUG 8956 --- [kground-preinit] o.apache.tomcat.util.digester.Digester   : [SetPropertiesRule]{mbeans-descriptors/mbean/attribute} Setting property 'description' to 'The Java virtual machines on which this module is running'
2019-05-11 11:06:12.571 DEBUG 8956 --- [kground-preinit] o.apache.tomcat.util.IntrospectionUtils  : IntrospectionUtils: setProperty(class org.apache.tomcat.util.modeler.AttributeInfo description=The Java virtual machines on which this module is running)
2019-05-11 11:06:12.571 DEBUG 8956 --- [kground-preinit] o.apache.tomcat.util.digester.Digester   : [SetPropertiesRule]{mbeans-descriptors/mbean/attribute} Setting property 'type' to '[Ljava.lang.String;'
2019-05-11 11:06:12.572 DEBUG 8956 --- [kground-preinit] o.apache.tomcat.util.IntrospectionUtils  : IntrospectionUtils: setProperty(class org.apache.tomcat.util.modeler.AttributeInfo type=[Ljava.lang.String;)
2019-05-11 11:06:12.572 DEBUG 8956 --- [kground-preinit] o.apache.tomcat.util.digester.Digester   :   Fire begin() for SetNextRule[methodName=addAttribute, paramType=org.apache.tomcat.util.modeler.AttributeInfo]
2019-05-11 11:06:12.572 DEBUG 8956 --- [kground-preinit] o.a.tomcat.util.digester.Digester.sax    : endElement(,,attribute)
2019-05-11 11:06:12.572 DEBUG 8956 --- [kground-preinit] o.apache.tomcat.util.digester.Digester   :   match='mbeans-descriptors/mbean/attribute'
2019-05-11 11:06:12.573 DEBUG 8956 --- [kground-preinit] o.apache.tomcat.util.digester.Digester   :   bodyText=''
2019-05-11 11:06:12.573 DEBUG 8956 --- [kground-preinit] o.apache.tomcat.util.digester.Digester   :   Fire body() for ObjectCreateRule[className=org.apache.tomcat.util.modeler.AttributeInfo, attributeName=null]
2019-05-11 11:06:12.573 DEBUG 8956 --- [kground-preinit] o.apache.tomcat.util.digester.Digester   :   Fire body() for SetPropertiesRule[]
2019-05-11 11:06:12.573 DEBUG 8956 --- [kground-preinit] o.apache.tomcat.util.digester.Digester   :   Fire body() for SetNextRule[methodName=addAttribute, paramType=org.apache.tomcat.util.modeler.AttributeInfo]
2019-05-11 11:06:12.574 DEBUG 8956 --- [kground-preinit] o.apache.tomcat.util.digester.Digester   :   Fire end() for SetNextRule[methodName=addAttribute, paramType=org.apache.tomcat.util.modeler.AttributeInfo]
2019-05-11 11:06:12.574 DEBUG 8956 --- [kground-preinit] o.apache.tomcat.util.digester.Digester   : [SetNextRule]{mbeans-descriptors/mbean/attribute} Call org.apache.tomcat.util.modeler.ManagedBean.addAttribute(org.apache.tomcat.util.modeler.AttributeInfo@7bef9a56)
2019-05-11 11:06:12.574 DEBUG 8956 --- [kground-preinit] o.apache.tomcat.util.IntrospectionUtils  : IntrospectionUtils: callMethod1 org.apache.tomcat.util.modeler.ManagedBean org.apache.tomcat.util.modeler.AttributeInfo org.apache.tomcat.util.modeler.AttributeInfo
2019-05-11 11:06:12.574 DEBUG 8956 --- [kground-preinit] o.apache.tomcat.util.digester.Digester   :   Fire end() for SetPropertiesRule[]
2019-05-11 11:06:12.574 DEBUG 8956 --- [kground-preinit] o.apache.tomcat.util.digester.Digester   :   Fire end() for ObjectCreateRule[className=org.apache.tomcat.util.modeler.AttributeInfo, attributeName=null]
2019-05-11 11:06:12.574 DEBUG 8956 --- [kground-preinit] o.apache.tomcat.util.digester.Digester   : [ObjectCreateRule]{mbeans-descriptors/mbean/attribute} Pop org.apache.tomcat.util.modeler.AttributeInfo
2019-05-11 11:06:12.574 DEBUG 8956 --- [           main] o.s.b.f.s.DefaultListableBeanFactory     : Returning cached instance of singleton bean 'autoConfigurationReport'
2019-05-11 11:06:12.581 DEBUG 8956 --- [kground-preinit] o.a.tomcat.util.digester.Digester.sax    : characters(

    )
2019-05-11 11:06:12.581 DEBUG 8956 --- [kground-preinit] o.a.tomcat.util.digester.Digester.sax    : startElement(,,attribute)
2019-05-11 11:06:12.581 DEBUG 8956 --- [kground-preinit] o.apache.tomcat.util.digester.Digester   :   New match='mbeans-descriptors/mbean/attribute'
2019-05-11 11:06:12.582 DEBUG 8956 --- [kground-preinit] o.apache.tomcat.util.digester.Digester   :   Fire begin() for ObjectCreateRule[className=org.apache.tomcat.util.modeler.AttributeInfo, attributeName=null]
2019-05-11 11:06:12.582 DEBUG 8956 --- [kground-preinit] o.apache.tomcat.util.digester.Digester   : [ObjectCreateRule]{mbeans-descriptors/mbean/attribute}New org.apache.tomcat.util.modeler.AttributeInfo
2019-05-11 11:06:12.582 DEBUG 8956 --- [kground-preinit] o.apache.tomcat.util.digester.Digester   :   Fire begin() for SetPropertiesRule[]
2019-05-11 11:06:12.582 DEBUG 8956 --- [kground-preinit] o.apache.tomcat.util.digester.Digester   : [SetPropertiesRule]{mbeans-descriptors/mbean/attribute} Set org.apache.tomcat.util.modeler.AttributeInfo properties
2019-05-11 11:06:12.583 DEBUG 8956 --- [kground-preinit] o.apache.tomcat.util.digester.Digester   : [SetPropertiesRule]{mbeans-descriptors/mbean/attribute} Setting property 'name' to 'loader'
2019-05-11 11:06:12.583 DEBUG 8956 --- [kground-preinit] o.apache.tomcat.util.IntrospectionUtils  : IntrospectionUtils: setProperty(class org.apache.tomcat.util.modeler.AttributeInfo name=loader)
2019-05-11 11:06:12.583 DEBUG 8956 --- [kground-preinit] o.apache.tomcat.util.digester.Digester   : [SetPropertiesRule]{mbeans-descriptors/mbean/attribute} Setting property 'description' to 'Associated loader.'
2019-05-11 11:06:12.583 DEBUG 8956 --- [kground-preinit] o.apache.tomcat.util.IntrospectionUtils  : IntrospectionUtils: setProperty(class org.apache.tomcat.util.modeler.AttributeInfo description=Associated loader.)
2019-05-11 11:06:12.583 DEBUG 8956 --- [kground-preinit] o.apache.tomcat.util.digester.Digester   : [SetPropertiesRule]{mbeans-descriptors/mbean/attribute} Setting property 'type' to 'org.apache.catalina.Loader'
2019-05-11 11:06:12.584 DEBUG 8956 --- [kground-preinit] o.apache.tomcat.util.IntrospectionUtils  : IntrospectionUtils: setProperty(class org.apache.tomcat.util.modeler.AttributeInfo type=org.apache.catalina.Loader)
2019-05-11 11:06:12.584 DEBUG 8956 --- [kground-preinit] o.apache.tomcat.util.digester.Digester   :   Fire begin() for SetNextRule[methodName=addAttribute, paramType=org.apache.tomcat.util.modeler.AttributeInfo]
2019-05-11 11:06:12.585 DEBUG 8956 --- [kground-preinit] o.a.tomcat.util.digester.Digester.sax    : endElement(,,attribute)
2019-05-11 11:06:12.585 DEBUG 8956 --- [kground-preinit] o.apache.tomcat.util.digester.Digester   :   match='mbeans-descriptors/mbean/attribute'
2019-05-11 11:06:12.585 DEBUG 8956 --- [kground-preinit] o.apache.tomcat.util.digester.Digester   :   bodyText=''
2019-05-11 11:06:12.585 DEBUG 8956 --- [kground-preinit] o.apache.tomcat.util.digester.Digester   :   Fire body() for ObjectCreateRule[className=org.apache.tomcat.util.modeler.AttributeInfo, attributeName=null]
2019-05-11 11:06:12.586 DEBUG 8956 --- [kground-preinit] o.apache.tomcat.util.digester.Digester   :   Fire body() for SetPropertiesRule[]
2019-05-11 11:06:12.586 DEBUG 8956 --- [kground-preinit] o.apache.tomcat.util.digester.Digester   :   Fire body() for SetNextRule[methodName=addAttribute, paramType=org.apache.tomcat.util.modeler.AttributeInfo]
2019-05-11 11:06:12.586 DEBUG 8956 --- [kground-preinit] o.apache.tomcat.util.digester.Digester   :   Fire end() for SetNextRule[methodName=addAttribute, paramType=org.apache.tomcat.util.modeler.AttributeInfo]
2019-05-11 11:06:12.586 DEBUG 8956 --- [kground-preinit] o.apache.tomcat.util.digester.Digester   : [SetNextRule]{mbeans-descriptors/mbean/attribute} Call org.apache.tomcat.util.modeler.ManagedBean.addAttribute(org.apache.tomcat.util.modeler.AttributeInfo@276c3c36)
2019-05-11 11:06:12.586 DEBUG 8956 --- [kground-preinit] o.apache.tomcat.util.IntrospectionUtils  : IntrospectionUtils: callMethod1 org.apache.tomcat.util.modeler.ManagedBean org.apache.tomcat.util.modeler.AttributeInfo org.apache.tomcat.util.modeler.AttributeInfo
2019-05-11 11:06:12.587 DEBUG 8956 --- [kground-preinit] o.apache.tomcat.util.digester.Digester   :   Fire end() for SetPropertiesRule[]
2019-05-11 11:06:12.587 DEBUG 8956 --- [kground-preinit] o.apache.tomcat.util.digester.Digester   :   Fire end() for ObjectCreateRule[className=org.apache.tomcat.util.modeler.AttributeInfo, attributeName=null]
2019-05-11 11:06:12.587 DEBUG 8956 --- [kground-preinit] o.apache.tomcat.util.digester.Digester   : [ObjectCreateRule]{mbeans-descriptors/mbean/attribute} Pop org.apache.tomcat.util.modeler.AttributeInfo
2019-05-11 11:06:12.587 DEBUG 8956 --- [kground-preinit] o.a.tomcat.util.digester.Digester.sax    : characters(

    )
2019-05-11 11:06:12.587 DEBUG 8956 --- [kground-preinit] o.a.tomcat.util.digester.Digester.sax    : startElement(,,attribute)
2019-05-11 11:06:12.587 DEBUG 8956 --- [kground-preinit] o.apache.tomcat.util.digester.Digester   :   New match='mbeans-descriptors/mbean/attribute'
2019-05-11 11:06:12.588 DEBUG 8956 --- [kground-preinit] o.apache.tomcat.util.digester.Digester   :   Fire begin() for ObjectCreateRule[className=org.apache.tomcat.util.modeler.AttributeInfo, attributeName=null]
2019-05-11 11:06:12.588 DEBUG 8956 --- [kground-preinit] o.apache.tomcat.util.digester.Digester   : [ObjectCreateRule]{mbeans-descriptors/mbean/attribute}New org.apache.tomcat.util.modeler.AttributeInfo
2019-05-11 11:06:12.588 DEBUG 8956 --- [kground-preinit] o.apache.tomcat.util.digester.Digester   :   Fire begin() for SetPropertiesRule[]
2019-05-11 11:06:12.588 DEBUG 8956 --- [kground-preinit] o.apache.tomcat.util.digester.Digester   : [SetPropertiesRule]{mbeans-descriptors/mbean/attribute} Set org.apache.tomcat.util.modeler.AttributeInfo properties
2019-05-11 11:06:12.589 DEBUG 8956 --- [kground-preinit] o.apache.tomcat.util.digester.Digester   : [SetPropertiesRule]{mbeans-descriptors/mbean/attribute} Setting property 'name' to 'logEffectiveWebXml'
2019-05-11 11:06:12.589 DEBUG 8956 --- [kground-preinit] o.apache.tomcat.util.IntrospectionUtils  : IntrospectionUtils: setProperty(class org.apache.tomcat.util.modeler.AttributeInfo name=logEffectiveWebXml)
2019-05-11 11:06:12.589 DEBUG 8956 --- [kground-preinit] o.apache.tomcat.util.digester.Digester   : [SetPropertiesRule]{mbeans-descriptors/mbean/attribute} Setting property 'description' to 'Should the effective web.xml be logged when the context starts?'
2019-05-11 11:06:12.589 DEBUG 8956 --- [kground-preinit] o.apache.tomcat.util.IntrospectionUtils  : IntrospectionUtils: setProperty(class org.apache.tomcat.util.modeler.AttributeInfo description=Should the effective web.xml be logged when the context starts?)
2019-05-11 11:06:12.589 DEBUG 8956 --- [kground-preinit] o.apache.tomcat.util.digester.Digester   : [SetPropertiesRule]{mbeans-descriptors/mbean/attribute} Setting property 'type' to 'boolean'
2019-05-11 11:06:12.590 DEBUG 8956 --- [kground-preinit] o.apache.tomcat.util.IntrospectionUtils  : IntrospectionUtils: setProperty(class org.apache.tomcat.util.modeler.AttributeInfo type=boolean)
2019-05-11 11:06:12.590 DEBUG 8956 --- [kground-preinit] o.apache.tomcat.util.digester.Digester   :   Fire begin() for SetNextRule[methodName=addAttribute, paramType=org.apache.tomcat.util.modeler.AttributeInfo]
2019-05-11 11:06:12.590 DEBUG 8956 --- [kground-preinit] o.a.tomcat.util.digester.Digester.sax    : endElement(,,attribute)
2019-05-11 11:06:12.590 DEBUG 8956 --- [kground-preinit] o.apache.tomcat.util.digester.Digester   :   match='mbeans-descriptors/mbean/attribute'
2019-05-11 11:06:12.590 DEBUG 8956 --- [kground-preinit] o.apache.tomcat.util.digester.Digester   :   bodyText=''
2019-05-11 11:06:12.590 DEBUG 8956 --- [kground-preinit] o.apache.tomcat.util.digester.Digester   :   Fire body() for ObjectCreateRule[className=org.apache.tomcat.util.modeler.AttributeInfo, attributeName=null]
2019-05-11 11:06:12.590 DEBUG 8956 --- [kground-preinit] o.apache.tomcat.util.digester.Digester   :   Fire body() for SetPropertiesRule[]
2019-05-11 11:06:12.591 DEBUG 8956 --- [kground-preinit] o.apache.tomcat.util.digester.Digester   :   Fire body() for SetNextRule[methodName=addAttribute, paramType=org.apache.tomcat.util.modeler.AttributeInfo]
2019-05-11 11:06:12.591 DEBUG 8956 --- [kground-preinit] o.apache.tomcat.util.digester.Digester   :   Fire end() for SetNextRule[methodName=addAttribute, paramType=org.apache.tomcat.util.modeler.AttributeInfo]
2019-05-11 11:06:12.591 DEBUG 8956 --- [kground-preinit] o.apache.tomcat.util.digester.Digester   : [SetNextRule]{mbeans-descriptors/mbean/attribute} Call org.apache.tomcat.util.modeler.ManagedBean.addAttribute(org.apache.tomcat.util.modeler.AttributeInfo@5b0fda5c)
2019-05-11 11:06:12.591 DEBUG 8956 --- [kground-preinit] o.apache.tomcat.util.IntrospectionUtils  : IntrospectionUtils: callMethod1 org.apache.tomcat.util.modeler.ManagedBean org.apache.tomcat.util.modeler.AttributeInfo org.apache.tomcat.util.modeler.AttributeInfo
2019-05-11 11:06:12.591 DEBUG 8956 --- [kground-preinit] o.apache.tomcat.util.digester.Digester   :   Fire end() for SetPropertiesRule[]
2019-05-11 11:06:12.591 DEBUG 8956 --- [kground-preinit] o.apache.tomcat.util.digester.Digester   :   Fire end() for ObjectCreateRule[className=org.apache.tomcat.util.modeler.AttributeInfo, attributeName=null]
2019-05-11 11:06:12.592 DEBUG 8956 --- [kground-preinit] o.apache.tomcat.util.digester.Digester   : [ObjectCreateRule]{mbeans-descriptors/mbean/attribute} Pop org.apache.tomcat.util.modeler.AttributeInfo
2019-05-11 11:06:12.592 DEBUG 8956 --- [kground-preinit] o.a.tomcat.util.digester.Digester.sax    : characters(

    )
2019-05-11 11:06:12.592 DEBUG 8956 --- [kground-preinit] o.a.tomcat.util.digester.Digester.sax    : startElement(,,attribute)
2019-05-11 11:06:12.592 DEBUG 8956 --- [kground-preinit] o.apache.tomcat.util.digester.Digester   :   New match='mbeans-descriptors/mbean/attribute'
2019-05-11 11:06:12.592 DEBUG 8956 --- [kground-preinit] o.apache.tomcat.util.digester.Digester   :   Fire begin() for ObjectCreateRule[className=org.apache.tomcat.util.modeler.AttributeInfo, attributeName=null]
2019-05-11 11:06:12.593 DEBUG 8956 --- [kground-preinit] o.apache.tomcat.util.digester.Digester   : [ObjectCreateRule]{mbeans-descriptors/mbean/attribute}New org.apache.tomcat.util.modeler.AttributeInfo
2019-05-11 11:06:12.593 DEBUG 8956 --- [kground-preinit] o.apache.tomcat.util.digester.Digester   :   Fire begin() for SetPropertiesRule[]
2019-05-11 11:06:12.593 DEBUG 8956 --- [kground-preinit] o.apache.tomcat.util.digester.Digester   : [SetPropertiesRule]{mbeans-descriptors/mbean/attribute} Set org.apache.tomcat.util.modeler.AttributeInfo properties
2019-05-11 11:06:12.593 DEBUG 8956 --- [kground-preinit] o.apache.tomcat.util.digester.Digester   : [SetPropertiesRule]{mbeans-descriptors/mbean/attribute} Setting property 'name' to 'logger'
2019-05-11 11:06:12.593 DEBUG 8956 --- [kground-preinit] o.apache.tomcat.util.IntrospectionUtils  : IntrospectionUtils: setProperty(class org.apache.tomcat.util.modeler.AttributeInfo name=logger)
2019-05-11 11:06:12.593 DEBUG 8956 --- [kground-preinit] o.apache.tomcat.util.digester.Digester   : [SetPropertiesRule]{mbeans-descriptors/mbean/attribute} Setting property 'description' to 'Associated logger.'
2019-05-11 11:06:12.594 DEBUG 8956 --- [kground-preinit] o.apache.tomcat.util.IntrospectionUtils  : IntrospectionUtils: setProperty(class org.apache.tomcat.util.modeler.AttributeInfo description=Associated logger.)
2019-05-11 11:06:12.594 DEBUG 8956 --- [kground-preinit] o.apache.tomcat.util.digester.Digester   : [SetPropertiesRule]{mbeans-descriptors/mbean/attribute} Setting property 'type' to 'org.apache.juli.logging.Log'
2019-05-11 11:06:12.594 DEBUG 8956 --- [kground-preinit] o.apache.tomcat.util.IntrospectionUtils  : IntrospectionUtils: setProperty(class org.apache.tomcat.util.modeler.AttributeInfo type=org.apache.juli.logging.Log)
2019-05-11 11:06:12.594 DEBUG 8956 --- [kground-preinit] o.apache.tomcat.util.digester.Digester   :   Fire begin() for SetNextRule[methodName=addAttribute, paramType=org.apache.tomcat.util.modeler.AttributeInfo]
2019-05-11 11:06:12.594 DEBUG 8956 --- [kground-preinit] o.a.tomcat.util.digester.Digester.sax    : endElement(,,attribute)
2019-05-11 11:06:12.594 DEBUG 8956 --- [kground-preinit] o.apache.tomcat.util.digester.Digester   :   match='mbeans-descriptors/mbean/attribute'
2019-05-11 11:06:12.594 DEBUG 8956 --- [kground-preinit] o.apache.tomcat.util.digester.Digester   :   bodyText=''
2019-05-11 11:06:12.594 DEBUG 8956 --- [kground-preinit] o.apache.tomcat.util.digester.Digester   :   Fire body() for ObjectCreateRule[className=org.apache.tomcat.util.modeler.AttributeInfo, attributeName=null]
2019-05-11 11:06:12.594 DEBUG 8956 --- [kground-preinit] o.apache.tomcat.util.digester.Digester   :   Fire body() for SetPropertiesRule[]
2019-05-11 11:06:12.594 DEBUG 8956 --- [kground-preinit] o.apache.tomcat.util.digester.Digester   :   Fire body() for SetNextRule[methodName=addAttribute, paramType=org.apache.tomcat.util.modeler.AttributeInfo]
2019-05-11 11:06:12.595 DEBUG 8956 --- [kground-preinit] o.apache.tomcat.util.digester.Digester   :   Fire end() for SetNextRule[methodName=addAttribute, paramType=org.apache.tomcat.util.modeler.AttributeInfo]
2019-05-11 11:06:12.595 DEBUG 8956 --- [kground-preinit] o.apache.tomcat.util.digester.Digester   : [SetNextRule]{mbeans-descriptors/mbean/attribute} Call org.apache.tomcat.util.modeler.ManagedBean.addAttribute(org.apache.tomcat.util.modeler.AttributeInfo@635e7f7d)
2019-05-11 11:06:12.595 DEBUG 8956 --- [           main] o.s.b.f.s.DefaultListableBeanFactory     : Returning cached instance of singleton bean 'autoConfigurationReport'
2019-05-11 11:06:12.595 DEBUG 8956 --- [kground-preinit] o.apache.tomcat.util.IntrospectionUtils  : IntrospectionUtils: callMethod1 org.apache.tomcat.util.modeler.ManagedBean org.apache.tomcat.util.modeler.AttributeInfo org.apache.tomcat.util.modeler.AttributeInfo
2019-05-11 11:06:12.596 DEBUG 8956 --- [kground-preinit] o.apache.tomcat.util.digester.Digester   :   Fire end() for SetPropertiesRule[]
2019-05-11 11:06:12.596 DEBUG 8956 --- [kground-preinit] o.apache.tomcat.util.digester.Digester   :   Fire end() for ObjectCreateRule[className=org.apache.tomcat.util.modeler.AttributeInfo, attributeName=null]
2019-05-11 11:06:12.597 DEBUG 8956 --- [kground-preinit] o.apache.tomcat.util.digester.Digester   : [ObjectCreateRule]{mbeans-descriptors/mbean/attribute} Pop org.apache.tomcat.util.modeler.AttributeInfo
2019-05-11 11:06:12.597 DEBUG 8956 --- [kground-preinit] o.a.tomcat.util.digester.Digester.sax    : characters(

    )
2019-05-11 11:06:12.598 DEBUG 8956 --- [           main] o.s.b.f.s.DefaultListableBeanFactory     : Returning cached instance of singleton bean 'autoConfigurationReport'
2019-05-11 11:06:12.598 DEBUG 8956 --- [kground-preinit] o.a.tomcat.util.digester.Digester.sax    : startElement(,,attribute)
2019-05-11 11:06:12.598 DEBUG 8956 --- [           main] o.s.b.f.s.DefaultListableBeanFactory     : Returning cached instance of singleton bean 'autoConfigurationReport'
2019-05-11 11:06:12.598 DEBUG 8956 --- [kground-preinit] o.apache.tomcat.util.digester.Digester   :   New match='mbeans-descriptors/mbean/attribute'
2019-05-11 11:06:12.605 DEBUG 8956 --- [kground-preinit] o.apache.tomcat.util.digester.Digester   :   Fire begin() for ObjectCreateRule[className=org.apache.tomcat.util.modeler.AttributeInfo, attributeName=null]
2019-05-11 11:06:12.605 DEBUG 8956 --- [kground-preinit] o.apache.tomcat.util.digester.Digester   : [ObjectCreateRule]{mbeans-descriptors/mbean/attribute}New org.apache.tomcat.util.modeler.AttributeInfo
2019-05-11 11:06:12.605 DEBUG 8956 --- [kground-preinit] o.apache.tomcat.util.digester.Digester   :   Fire begin() for SetPropertiesRule[]
2019-05-11 11:06:12.605 DEBUG 8956 --- [kground-preinit] o.apache.tomcat.util.digester.Digester   : [SetPropertiesRule]{mbeans-descriptors/mbean/attribute} Set org.apache.tomcat.util.modeler.AttributeInfo properties
2019-05-11 11:06:12.605 DEBUG 8956 --- [kground-preinit] o.apache.tomcat.util.digester.Digester   : [SetPropertiesRule]{mbeans-descriptors/mbean/attribute} Setting property 'name' to 'managedResource'
2019-05-11 11:06:12.605 DEBUG 8956 --- [kground-preinit] o.apache.tomcat.util.IntrospectionUtils  : IntrospectionUtils: setProperty(class org.apache.tomcat.util.modeler.AttributeInfo name=managedResource)
2019-05-11 11:06:12.605 DEBUG 8956 --- [kground-preinit] o.apache.tomcat.util.digester.Digester   : [SetPropertiesRule]{mbeans-descriptors/mbean/attribute} Setting property 'description' to 'The managed resource this MBean is associated with'
2019-05-11 11:06:12.606 DEBUG 8956 --- [kground-preinit] o.apache.tomcat.util.IntrospectionUtils  : IntrospectionUtils: setProperty(class org.apache.tomcat.util.modeler.AttributeInfo description=The managed resource this MBean is associated with)
2019-05-11 11:06:12.606 DEBUG 8956 --- [kground-preinit] o.apache.tomcat.util.digester.Digester   : [SetPropertiesRule]{mbeans-descriptors/mbean/attribute} Setting property 'type' to 'java.lang.Object'
2019-05-11 11:06:12.606 DEBUG 8956 --- [kground-preinit] o.apache.tomcat.util.IntrospectionUtils  : IntrospectionUtils: setProperty(class org.apache.tomcat.util.modeler.AttributeInfo type=java.lang.Object)
2019-05-11 11:06:12.606 DEBUG 8956 --- [kground-preinit] o.apache.tomcat.util.digester.Digester   :   Fire begin() for SetNextRule[methodName=addAttribute, paramType=org.apache.tomcat.util.modeler.AttributeInfo]
2019-05-11 11:06:12.606 DEBUG 8956 --- [kground-preinit] o.a.tomcat.util.digester.Digester.sax    : endElement(,,attribute)
2019-05-11 11:06:12.606 DEBUG 8956 --- [kground-preinit] o.apache.tomcat.util.digester.Digester   :   match='mbeans-descriptors/mbean/attribute'
2019-05-11 11:06:12.606 DEBUG 8956 --- [kground-preinit] o.apache.tomcat.util.digester.Digester   :   bodyText=''
2019-05-11 11:06:12.606 DEBUG 8956 --- [kground-preinit] o.apache.tomcat.util.digester.Digester   :   Fire body() for ObjectCreateRule[className=org.apache.tomcat.util.modeler.AttributeInfo, attributeName=null]
2019-05-11 11:06:12.606 DEBUG 8956 --- [kground-preinit] o.apache.tomcat.util.digester.Digester   :   Fire body() for SetPropertiesRule[]
2019-05-11 11:06:12.607 DEBUG 8956 --- [kground-preinit] o.apache.tomcat.util.digester.Digester   :   Fire body() for SetNextRule[methodName=addAttribute, paramType=org.apache.tomcat.util.modeler.AttributeInfo]
2019-05-11 11:06:12.607 DEBUG 8956 --- [kground-preinit] o.apache.tomcat.util.digester.Digester   :   Fire end() for SetNextRule[methodName=addAttribute, paramType=org.apache.tomcat.util.modeler.AttributeInfo]
2019-05-11 11:06:12.607 DEBUG 8956 --- [kground-preinit] o.apache.tomcat.util.digester.Digester   : [SetNextRule]{mbeans-descriptors/mbean/attribute} Call org.apache.tomcat.util.modeler.ManagedBean.addAttribute(org.apache.tomcat.util.modeler.AttributeInfo@64e4646a)
2019-05-11 11:06:12.607 DEBUG 8956 --- [kground-preinit] o.apache.tomcat.util.IntrospectionUtils  : IntrospectionUtils: callMethod1 org.apache.tomcat.util.modeler.ManagedBean org.apache.tomcat.util.modeler.AttributeInfo org.apache.tomcat.util.modeler.AttributeInfo
2019-05-11 11:06:12.607 DEBUG 8956 --- [kground-preinit] o.apache.tomcat.util.digester.Digester   :   Fire end() for SetPropertiesRule[]
2019-05-11 11:06:12.607 DEBUG 8956 --- [kground-preinit] o.apache.tomcat.util.digester.Digester   :   Fire end() for ObjectCreateRule[className=org.apache.tomcat.util.modeler.AttributeInfo, attributeName=null]
2019-05-11 11:06:12.607 DEBUG 8956 --- [kground-preinit] o.apache.tomcat.util.digester.Digester   : [ObjectCreateRule]{mbeans-descriptors/mbean/attribute} Pop org.apache.tomcat.util.modeler.AttributeInfo
2019-05-11 11:06:12.607 DEBUG 8956 --- [kground-preinit] o.a.tomcat.util.digester.Digester.sax    : characters(

    )
2019-05-11 11:06:12.607 DEBUG 8956 --- [kground-preinit] o.a.tomcat.util.digester.Digester.sax    : startElement(,,attribute)
2019-05-11 11:06:12.607 DEBUG 8956 --- [kground-preinit] o.apache.tomcat.util.digester.Digester   :   New match='mbeans-descriptors/mbean/attribute'
2019-05-11 11:06:12.607 DEBUG 8956 --- [kground-preinit] o.apache.tomcat.util.digester.Digester   :   Fire begin() for ObjectCreateRule[className=org.apache.tomcat.util.modeler.AttributeInfo, attributeName=null]
2019-05-11 11:06:12.607 DEBUG 8956 --- [kground-preinit] o.apache.tomcat.util.digester.Digester   : [ObjectCreateRule]{mbeans-descriptors/mbean/attribute}New org.apache.tomcat.util.modeler.AttributeInfo
2019-05-11 11:06:12.608 DEBUG 8956 --- [kground-preinit] o.apache.tomcat.util.digester.Digester   :   Fire begin() for SetPropertiesRule[]
2019-05-11 11:06:12.608 DEBUG 8956 --- [kground-preinit] o.apache.tomcat.util.digester.Digester   : [SetPropertiesRule]{mbeans-descriptors/mbean/attribute} Set org.apache.tomcat.util.modeler.AttributeInfo properties
2019-05-11 11:06:12.608 DEBUG 8956 --- [kground-preinit] o.apache.tomcat.util.digester.Digester   : [SetPropertiesRule]{mbeans-descriptors/mbean/attribute} Setting property 'name' to 'manager'
2019-05-11 11:06:12.609 DEBUG 8956 --- [kground-preinit] o.apache.tomcat.util.IntrospectionUtils  : IntrospectionUtils: setProperty(class org.apache.tomcat.util.modeler.AttributeInfo name=manager)
2019-05-11 11:06:12.609 DEBUG 8956 --- [kground-preinit] o.apache.tomcat.util.digester.Digester   : [SetPropertiesRule]{mbeans-descriptors/mbean/attribute} Setting property 'description' to 'Associated manager.'
2019-05-11 11:06:12.609 DEBUG 8956 --- [kground-preinit] o.apache.tomcat.util.IntrospectionUtils  : IntrospectionUtils: setProperty(class org.apache.tomcat.util.modeler.AttributeInfo description=Associated manager.)
2019-05-11 11:06:12.609 DEBUG 8956 --- [kground-preinit] o.apache.tomcat.util.digester.Digester   : [SetPropertiesRule]{mbeans-descriptors/mbean/attribute} Setting property 'type' to 'org.apache.catalina.Manager'
2019-05-11 11:06:12.609 DEBUG 8956 --- [kground-preinit] o.apache.tomcat.util.IntrospectionUtils  : IntrospectionUtils: setProperty(class org.apache.tomcat.util.modeler.AttributeInfo type=org.apache.catalina.Manager)
2019-05-11 11:06:12.609 DEBUG 8956 --- [kground-preinit] o.apache.tomcat.util.digester.Digester   :   Fire begin() for SetNextRule[methodName=addAttribute, paramType=org.apache.tomcat.util.modeler.AttributeInfo]
2019-05-11 11:06:12.609 DEBUG 8956 --- [kground-preinit] o.a.tomcat.util.digester.Digester.sax    : endElement(,,attribute)
2019-05-11 11:06:12.610 DEBUG 8956 --- [kground-preinit] o.apache.tomcat.util.digester.Digester   :   match='mbeans-descriptors/mbean/attribute'
2019-05-11 11:06:12.610 DEBUG 8956 --- [kground-preinit] o.apache.tomcat.util.digester.Digester   :   bodyText=''
2019-05-11 11:06:12.610 DEBUG 8956 --- [kground-preinit] o.apache.tomcat.util.digester.Digester   :   Fire body() for ObjectCreateRule[className=org.apache.tomcat.util.modeler.AttributeInfo, attributeName=null]
2019-05-11 11:06:12.610 DEBUG 8956 --- [kground-preinit] o.apache.tomcat.util.digester.Digester   :   Fire body() for SetPropertiesRule[]
2019-05-11 11:06:12.610 DEBUG 8956 --- [kground-preinit] o.apache.tomcat.util.digester.Digester   :   Fire body() for SetNextRule[methodName=addAttribute, paramType=org.apache.tomcat.util.modeler.AttributeInfo]
2019-05-11 11:06:12.610 DEBUG 8956 --- [kground-preinit] o.apache.tomcat.util.digester.Digester   :   Fire end() for SetNextRule[methodName=addAttribute, paramType=org.apache.tomcat.util.modeler.AttributeInfo]
2019-05-11 11:06:12.610 DEBUG 8956 --- [kground-preinit] o.apache.tomcat.util.digester.Digester   : [SetNextRule]{mbeans-descriptors/mbean/attribute} Call org.apache.tomcat.util.modeler.ManagedBean.addAttribute(org.apache.tomcat.util.modeler.AttributeInfo@22af794c)
2019-05-11 11:06:12.610 DEBUG 8956 --- [kground-preinit] o.apache.tomcat.util.IntrospectionUtils  : IntrospectionUtils: callMethod1 org.apache.tomcat.util.modeler.ManagedBean org.apache.tomcat.util.modeler.AttributeInfo org.apache.tomcat.util.modeler.AttributeInfo
2019-05-11 11:06:12.610 DEBUG 8956 --- [kground-preinit] o.apache.tomcat.util.digester.Digester   :   Fire end() for SetPropertiesRule[]
2019-05-11 11:06:12.610 DEBUG 8956 --- [kground-preinit] o.apache.tomcat.util.digester.Digester   :   Fire end() for ObjectCreateRule[className=org.apache.tomcat.util.modeler.AttributeInfo, attributeName=null]
2019-05-11 11:06:12.610 DEBUG 8956 --- [kground-preinit] o.apache.tomcat.util.digester.Digester   : [ObjectCreateRule]{mbeans-descriptors/mbean/attribute} Pop org.apache.tomcat.util.modeler.AttributeInfo
2019-05-11 11:06:12.610 DEBUG 8956 --- [kground-preinit] o.a.tomcat.util.digester.Digester.sax    : characters(

    )
2019-05-11 11:06:12.610 DEBUG 8956 --- [kground-preinit] o.a.tomcat.util.digester.Digester.sax    : startElement(,,attribute)
2019-05-11 11:06:12.610 DEBUG 8956 --- [kground-preinit] o.apache.tomcat.util.digester.Digester   :   New match='mbeans-descriptors/mbean/attribute'
2019-05-11 11:06:12.611 DEBUG 8956 --- [kground-preinit] o.apache.tomcat.util.digester.Digester   :   Fire begin() for ObjectCreateRule[className=org.apache.tomcat.util.modeler.AttributeInfo, attributeName=null]
2019-05-11 11:06:12.611 DEBUG 8956 --- [kground-preinit] o.apache.tomcat.util.digester.Digester   : [ObjectCreateRule]{mbeans-descriptors/mbean/attribute}New org.apache.tomcat.util.modeler.AttributeInfo
2019-05-11 11:06:12.611 DEBUG 8956 --- [kground-preinit] o.apache.tomcat.util.digester.Digester   :   Fire begin() for SetPropertiesRule[]
2019-05-11 11:06:12.611 DEBUG 8956 --- [kground-preinit] o.apache.tomcat.util.digester.Digester   : [SetPropertiesRule]{mbeans-descriptors/mbean/attribute} Set org.apache.tomcat.util.modeler.AttributeInfo properties
2019-05-11 11:06:12.611 DEBUG 8956 --- [kground-preinit] o.apache.tomcat.util.digester.Digester   : [SetPropertiesRule]{mbeans-descriptors/mbean/attribute} Setting property 'name' to 'mapperContextRootRedirectEnabled'
2019-05-11 11:06:12.611 DEBUG 8956 --- [kground-preinit] o.apache.tomcat.util.IntrospectionUtils  : IntrospectionUtils: setProperty(class org.apache.tomcat.util.modeler.AttributeInfo name=mapperContextRootRedirectEnabled)
2019-05-11 11:06:12.611 DEBUG 8956 --- [kground-preinit] o.apache.tomcat.util.digester.Digester   : [SetPropertiesRule]{mbeans-descriptors/mbean/attribute} Setting property 'description' to 'Should the Mapper be used for context root redirects'
2019-05-11 11:06:12.611 DEBUG 8956 --- [kground-preinit] o.apache.tomcat.util.IntrospectionUtils  : IntrospectionUtils: setProperty(class org.apache.tomcat.util.modeler.AttributeInfo description=Should the Mapper be used for context root redirects)
2019-05-11 11:06:12.611 DEBUG 8956 --- [kground-preinit] o.apache.tomcat.util.digester.Digester   : [SetPropertiesRule]{mbeans-descriptors/mbean/attribute} Setting property 'type' to 'boolean'
2019-05-11 11:06:12.611 DEBUG 8956 --- [kground-preinit] o.apache.tomcat.util.IntrospectionUtils  : IntrospectionUtils: setProperty(class org.apache.tomcat.util.modeler.AttributeInfo type=boolean)
2019-05-11 11:06:12.611 DEBUG 8956 --- [kground-preinit] o.apache.tomcat.util.digester.Digester   :   Fire begin() for SetNextRule[methodName=addAttribute, paramType=org.apache.tomcat.util.modeler.AttributeInfo]
2019-05-11 11:06:12.611 DEBUG 8956 --- [kground-preinit] o.a.tomcat.util.digester.Digester.sax    : endElement(,,attribute)
2019-05-11 11:06:12.611 DEBUG 8956 --- [kground-preinit] o.apache.tomcat.util.digester.Digester   :   match='mbeans-descriptors/mbean/attribute'
2019-05-11 11:06:12.611 DEBUG 8956 --- [kground-preinit] o.apache.tomcat.util.digester.Digester   :   bodyText=''
2019-05-11 11:06:12.612 DEBUG 8956 --- [kground-preinit] o.apache.tomcat.util.digester.Digester   :   Fire body() for ObjectCreateRule[className=org.apache.tomcat.util.modeler.AttributeInfo, attributeName=null]
2019-05-11 11:06:12.612 DEBUG 8956 --- [kground-preinit] o.apache.tomcat.util.digester.Digester   :   Fire body() for SetPropertiesRule[]
2019-05-11 11:06:12.612 DEBUG 8956 --- [kground-preinit] o.apache.tomcat.util.digester.Digester   :   Fire body() for SetNextRule[methodName=addAttribute, paramType=org.apache.tomcat.util.modeler.AttributeInfo]
2019-05-11 11:06:12.612 DEBUG 8956 --- [kground-preinit] o.apache.tomcat.util.digester.Digester   :   Fire end() for SetNextRule[methodName=addAttribute, paramType=org.apache.tomcat.util.modeler.AttributeInfo]
2019-05-11 11:06:12.612 DEBUG 8956 --- [kground-preinit] o.apache.tomcat.util.digester.Digester   : [SetNextRule]{mbeans-descriptors/mbean/attribute} Call org.apache.tomcat.util.modeler.ManagedBean.addAttribute(org.apache.tomcat.util.modeler.AttributeInfo@7579a7f)
2019-05-11 11:06:12.612 DEBUG 8956 --- [kground-preinit] o.apache.tomcat.util.IntrospectionUtils  : IntrospectionUtils: callMethod1 org.apache.tomcat.util.modeler.ManagedBean org.apache.tomcat.util.modeler.AttributeInfo org.apache.tomcat.util.modeler.AttributeInfo
2019-05-11 11:06:12.612 DEBUG 8956 --- [kground-preinit] o.apache.tomcat.util.digester.Digester   :   Fire end() for SetPropertiesRule[]
2019-05-11 11:06:12.612 DEBUG 8956 --- [kground-preinit] o.apache.tomcat.util.digester.Digester   :   Fire end() for ObjectCreateRule[className=org.apache.tomcat.util.modeler.AttributeInfo, attributeName=null]
2019-05-11 11:06:12.612 DEBUG 8956 --- [kground-preinit] o.apache.tomcat.util.digester.Digester   : [ObjectCreateRule]{mbeans-descriptors/mbean/attribute} Pop org.apache.tomcat.util.modeler.AttributeInfo
2019-05-11 11:06:12.612 DEBUG 8956 --- [kground-preinit] o.a.tomcat.util.digester.Digester.sax    : characters(

    )
2019-05-11 11:06:12.612 DEBUG 8956 --- [kground-preinit] o.a.tomcat.util.digester.Digester.sax    : startElement(,,attribute)
2019-05-11 11:06:12.612 DEBUG 8956 --- [kground-preinit] o.apache.tomcat.util.digester.Digester   :   New match='mbeans-descriptors/mbean/attribute'
2019-05-11 11:06:12.612 DEBUG 8956 --- [kground-preinit] o.apache.tomcat.util.digester.Digester   :   Fire begin() for ObjectCreateRule[className=org.apache.tomcat.util.modeler.AttributeInfo, attributeName=null]
2019-05-11 11:06:12.612 DEBUG 8956 --- [kground-preinit] o.apache.tomcat.util.digester.Digester   : [ObjectCreateRule]{mbeans-descriptors/mbean/attribute}New org.apache.tomcat.util.modeler.AttributeInfo
2019-05-11 11:06:12.613 DEBUG 8956 --- [kground-preinit] o.apache.tomcat.util.digester.Digester   :   Fire begin() for SetPropertiesRule[]
2019-05-11 11:06:12.613 DEBUG 8956 --- [kground-preinit] o.apache.tomcat.util.digester.Digester   : [SetPropertiesRule]{mbeans-descriptors/mbean/attribute} Set org.apache.tomcat.util.modeler.AttributeInfo properties
2019-05-11 11:06:12.613 DEBUG 8956 --- [kground-preinit] o.apache.tomcat.util.digester.Digester   : [SetPropertiesRule]{mbeans-descriptors/mbean/attribute} Setting property 'name' to 'mapperDirectoryRedirectEnabled'
2019-05-11 11:06:12.613 DEBUG 8956 --- [kground-preinit] o.apache.tomcat.util.IntrospectionUtils  : IntrospectionUtils: setProperty(class org.apache.tomcat.util.modeler.AttributeInfo name=mapperDirectoryRedirectEnabled)
2019-05-11 11:06:12.613 DEBUG 8956 --- [kground-preinit] o.apache.tomcat.util.digester.Digester   : [SetPropertiesRule]{mbeans-descriptors/mbean/attribute} Setting property 'description' to 'Should the Mapper be used for directory redirects'
2019-05-11 11:06:12.613 DEBUG 8956 --- [kground-preinit] o.apache.tomcat.util.IntrospectionUtils  : IntrospectionUtils: setProperty(class org.apache.tomcat.util.modeler.AttributeInfo description=Should the Mapper be used for directory redirects)
2019-05-11 11:06:12.613 DEBUG 8956 --- [kground-preinit] o.apache.tomcat.util.digester.Digester   : [SetPropertiesRule]{mbeans-descriptors/mbean/attribute} Setting property 'type' to 'boolean'
2019-05-11 11:06:12.613 DEBUG 8956 --- [kground-preinit] o.apache.tomcat.util.IntrospectionUtils  : IntrospectionUtils: setProperty(class org.apache.tomcat.util.modeler.AttributeInfo type=boolean)
2019-05-11 11:06:12.613 DEBUG 8956 --- [kground-preinit] o.apache.tomcat.util.digester.Digester   :   Fire begin() for SetNextRule[methodName=addAttribute, paramType=org.apache.tomcat.util.modeler.AttributeInfo]
2019-05-11 11:06:12.613 DEBUG 8956 --- [kground-preinit] o.a.tomcat.util.digester.Digester.sax    : endElement(,,attribute)
2019-05-11 11:06:12.613 DEBUG 8956 --- [kground-preinit] o.apache.tomcat.util.digester.Digester   :   match='mbeans-descriptors/mbean/attribute'
2019-05-11 11:06:12.613 DEBUG 8956 --- [kground-preinit] o.apache.tomcat.util.digester.Digester   :   bodyText=''
2019-05-11 11:06:12.613 DEBUG 8956 --- [kground-preinit] o.apache.tomcat.util.digester.Digester   :   Fire body() for ObjectCreateRule[className=org.apache.tomcat.util.modeler.AttributeInfo, attributeName=null]
2019-05-11 11:06:12.613 DEBUG 8956 --- [kground-preinit] o.apache.tomcat.util.digester.Digester   :   Fire body() for SetPropertiesRule[]
2019-05-11 11:06:12.614 DEBUG 8956 --- [kground-preinit] o.apache.tomcat.util.digester.Digester   :   Fire body() for SetNextRule[methodName=addAttribute, paramType=org.apache.tomcat.util.modeler.AttributeInfo]
2019-05-11 11:06:12.614 DEBUG 8956 --- [kground-preinit] o.apache.tomcat.util.digester.Digester   :   Fire end() for SetNextRule[methodName=addAttribute, paramType=org.apache.tomcat.util.modeler.AttributeInfo]
2019-05-11 11:06:12.614 DEBUG 8956 --- [kground-preinit] o.apache.tomcat.util.digester.Digester   : [SetNextRule]{mbeans-descriptors/mbean/attribute} Call org.apache.tomcat.util.modeler.ManagedBean.addAttribute(org.apache.tomcat.util.modeler.AttributeInfo@1762a87f)
2019-05-11 11:06:12.614 DEBUG 8956 --- [kground-preinit] o.apache.tomcat.util.IntrospectionUtils  : IntrospectionUtils: callMethod1 org.apache.tomcat.util.modeler.ManagedBean org.apache.tomcat.util.modeler.AttributeInfo org.apache.tomcat.util.modeler.AttributeInfo
2019-05-11 11:06:12.614 DEBUG 8956 --- [kground-preinit] o.apache.tomcat.util.digester.Digester   :   Fire end() for SetPropertiesRule[]
2019-05-11 11:06:12.614 DEBUG 8956 --- [kground-preinit] o.apache.tomcat.util.digester.Digester   :   Fire end() for ObjectCreateRule[className=org.apache.tomcat.util.modeler.AttributeInfo, attributeName=null]
2019-05-11 11:06:12.614 DEBUG 8956 --- [kground-preinit] o.apache.tomcat.util.digester.Digester   : [ObjectCreateRule]{mbeans-descriptors/mbean/attribute} Pop org.apache.tomcat.util.modeler.AttributeInfo
2019-05-11 11:06:12.614 DEBUG 8956 --- [kground-preinit] o.a.tomcat.util.digester.Digester.sax    : characters(

    )
2019-05-11 11:06:12.614 DEBUG 8956 --- [kground-preinit] o.a.tomcat.util.digester.Digester.sax    : startElement(,,attribute)
2019-05-11 11:06:12.614 DEBUG 8956 --- [kground-preinit] o.apache.tomcat.util.digester.Digester   :   New match='mbeans-descriptors/mbean/attribute'
2019-05-11 11:06:12.614 DEBUG 8956 --- [kground-preinit] o.apache.tomcat.util.digester.Digester   :   Fire begin() for ObjectCreateRule[className=org.apache.tomcat.util.modeler.AttributeInfo, attributeName=null]
2019-05-11 11:06:12.614 DEBUG 8956 --- [kground-preinit] o.apache.tomcat.util.digester.Digester   : [ObjectCreateRule]{mbeans-descriptors/mbean/attribute}New org.apache.tomcat.util.modeler.AttributeInfo
2019-05-11 11:06:12.614 DEBUG 8956 --- [kground-preinit] o.apache.tomcat.util.digester.Digester   :   Fire begin() for SetPropertiesRule[]
2019-05-11 11:06:12.614 DEBUG 8956 --- [kground-preinit] o.apache.tomcat.util.digester.Digester   : [SetPropertiesRule]{mbeans-descriptors/mbean/attribute} Set org.apache.tomcat.util.modeler.AttributeInfo properties
2019-05-11 11:06:12.614 DEBUG 8956 --- [kground-preinit] o.apache.tomcat.util.digester.Digester   : [SetPropertiesRule]{mbeans-descriptors/mbean/attribute} Setting property 'name' to 'namingContextListener'
2019-05-11 11:06:12.615 DEBUG 8956 --- [kground-preinit] o.apache.tomcat.util.IntrospectionUtils  : IntrospectionUtils: setProperty(class org.apache.tomcat.util.modeler.AttributeInfo name=namingContextListener)
2019-05-11 11:06:12.615 DEBUG 8956 --- [kground-preinit] o.apache.tomcat.util.digester.Digester   : [SetPropertiesRule]{mbeans-descriptors/mbean/attribute} Setting property 'description' to 'Associated naming context listener.'
2019-05-11 11:06:12.615 DEBUG 8956 --- [kground-preinit] o.apache.tomcat.util.IntrospectionUtils  : IntrospectionUtils: setProperty(class org.apache.tomcat.util.modeler.AttributeInfo description=Associated naming context listener.)
2019-05-11 11:06:12.615 DEBUG 8956 --- [kground-preinit] o.apache.tomcat.util.digester.Digester   : [SetPropertiesRule]{mbeans-descriptors/mbean/attribute} Setting property 'type' to 'org.apache.catalina.core.NamingContextListener'
2019-05-11 11:06:12.615 DEBUG 8956 --- [kground-preinit] o.apache.tomcat.util.IntrospectionUtils  : IntrospectionUtils: setProperty(class org.apache.tomcat.util.modeler.AttributeInfo type=org.apache.catalina.core.NamingContextListener)
2019-05-11 11:06:12.615 DEBUG 8956 --- [kground-preinit] o.apache.tomcat.util.digester.Digester   :   Fire begin() for SetNextRule[methodName=addAttribute, paramType=org.apache.tomcat.util.modeler.AttributeInfo]
2019-05-11 11:06:12.615 DEBUG 8956 --- [kground-preinit] o.a.tomcat.util.digester.Digester.sax    : endElement(,,attribute)
2019-05-11 11:06:12.615 DEBUG 8956 --- [kground-preinit] o.apache.tomcat.util.digester.Digester   :   match='mbeans-descriptors/mbean/attribute'
2019-05-11 11:06:12.615 DEBUG 8956 --- [kground-preinit] o.apache.tomcat.util.digester.Digester   :   bodyText=''
2019-05-11 11:06:12.615 DEBUG 8956 --- [kground-preinit] o.apache.tomcat.util.digester.Digester   :   Fire body() for ObjectCreateRule[className=org.apache.tomcat.util.modeler.AttributeInfo, attributeName=null]
2019-05-11 11:06:12.615 DEBUG 8956 --- [kground-preinit] o.apache.tomcat.util.digester.Digester   :   Fire body() for SetPropertiesRule[]
2019-05-11 11:06:12.615 DEBUG 8956 --- [kground-preinit] o.apache.tomcat.util.digester.Digester   :   Fire body() for SetNextRule[methodName=addAttribute, paramType=org.apache.tomcat.util.modeler.AttributeInfo]
2019-05-11 11:06:12.615 DEBUG 8956 --- [kground-preinit] o.apache.tomcat.util.digester.Digester   :   Fire end() for SetNextRule[methodName=addAttribute, paramType=org.apache.tomcat.util.modeler.AttributeInfo]
2019-05-11 11:06:12.615 DEBUG 8956 --- [kground-preinit] o.apache.tomcat.util.digester.Digester   : [SetNextRule]{mbeans-descriptors/mbean/attribute} Call org.apache.tomcat.util.modeler.ManagedBean.addAttribute(org.apache.tomcat.util.modeler.AttributeInfo@506249cd)
2019-05-11 11:06:12.616 DEBUG 8956 --- [kground-preinit] o.apache.tomcat.util.IntrospectionUtils  : IntrospectionUtils: callMethod1 org.apache.tomcat.util.modeler.ManagedBean org.apache.tomcat.util.modeler.AttributeInfo org.apache.tomcat.util.modeler.AttributeInfo
2019-05-11 11:06:12.616 DEBUG 8956 --- [kground-preinit] o.apache.tomcat.util.digester.Digester   :   Fire end() for SetPropertiesRule[]
2019-05-11 11:06:12.616 DEBUG 8956 --- [kground-preinit] o.apache.tomcat.util.digester.Digester   :   Fire end() for ObjectCreateRule[className=org.apache.tomcat.util.modeler.AttributeInfo, attributeName=null]
2019-05-11 11:06:12.616 DEBUG 8956 --- [kground-preinit] o.apache.tomcat.util.digester.Digester   : [ObjectCreateRule]{mbeans-descriptors/mbean/attribute} Pop org.apache.tomcat.util.modeler.AttributeInfo
2019-05-11 11:06:12.616 DEBUG 8956 --- [kground-preinit] o.a.tomcat.util.digester.Digester.sax    : characters(

    )
2019-05-11 11:06:12.616 DEBUG 8956 --- [kground-preinit] o.a.tomcat.util.digester.Digester.sax    : startElement(,,attribute)
2019-05-11 11:06:12.616 DEBUG 8956 --- [kground-preinit] o.apache.tomcat.util.digester.Digester   :   New match='mbeans-descriptors/mbean/attribute'
2019-05-11 11:06:12.616 DEBUG 8956 --- [kground-preinit] o.apache.tomcat.util.digester.Digester   :   Fire begin() for ObjectCreateRule[className=org.apache.tomcat.util.modeler.AttributeInfo, attributeName=null]
2019-05-11 11:06:12.617 DEBUG 8956 --- [kground-preinit] o.apache.tomcat.util.digester.Digester   : [ObjectCreateRule]{mbeans-descriptors/mbean/attribute}New org.apache.tomcat.util.modeler.AttributeInfo
2019-05-11 11:06:12.617 DEBUG 8956 --- [kground-preinit] o.apache.tomcat.util.digester.Digester   :   Fire begin() for SetPropertiesRule[]
2019-05-11 11:06:12.617 DEBUG 8956 --- [kground-preinit] o.apache.tomcat.util.digester.Digester   : [SetPropertiesRule]{mbeans-descriptors/mbean/attribute} Set org.apache.tomcat.util.modeler.AttributeInfo properties
2019-05-11 11:06:12.617 DEBUG 8956 --- [kground-preinit] o.apache.tomcat.util.digester.Digester   : [SetPropertiesRule]{mbeans-descriptors/mbean/attribute} Setting property 'name' to 'objectName'
2019-05-11 11:06:12.617 DEBUG 8956 --- [kground-preinit] o.apache.tomcat.util.IntrospectionUtils  : IntrospectionUtils: setProperty(class org.apache.tomcat.util.modeler.AttributeInfo name=objectName)
2019-05-11 11:06:12.617 DEBUG 8956 --- [kground-preinit] o.apache.tomcat.util.digester.Digester   : [SetPropertiesRule]{mbeans-descriptors/mbean/attribute} Setting property 'description' to 'Name of the object'
2019-05-11 11:06:12.617 DEBUG 8956 --- [kground-preinit] o.apache.tomcat.util.IntrospectionUtils  : IntrospectionUtils: setProperty(class org.apache.tomcat.util.modeler.AttributeInfo description=Name of the object)
2019-05-11 11:06:12.617 DEBUG 8956 --- [kground-preinit] o.apache.tomcat.util.digester.Digester   : [SetPropertiesRule]{mbeans-descriptors/mbean/attribute} Setting property 'type' to 'java.lang.String'
2019-05-11 11:06:12.617 DEBUG 8956 --- [kground-preinit] o.apache.tomcat.util.IntrospectionUtils  : IntrospectionUtils: setProperty(class org.apache.tomcat.util.modeler.AttributeInfo type=java.lang.String)
2019-05-11 11:06:12.617 DEBUG 8956 --- [kground-preinit] o.apache.tomcat.util.digester.Digester   : [SetPropertiesRule]{mbeans-descriptors/mbean/attribute} Setting property 'writeable' to 'false'
2019-05-11 11:06:12.617 DEBUG 8956 --- [kground-preinit] o.apache.tomcat.util.IntrospectionUtils  : IntrospectionUtils: setProperty(class org.apache.tomcat.util.modeler.AttributeInfo writeable=false)
2019-05-11 11:06:12.618 DEBUG 8956 --- [kground-preinit] o.apache.tomcat.util.digester.Digester   :   Fire begin() for SetNextRule[methodName=addAttribute, paramType=org.apache.tomcat.util.modeler.AttributeInfo]
2019-05-11 11:06:12.618 DEBUG 8956 --- [kground-preinit] o.a.tomcat.util.digester.Digester.sax    : endElement(,,attribute)
2019-05-11 11:06:12.618 DEBUG 8956 --- [kground-preinit] o.apache.tomcat.util.digester.Digester   :   match='mbeans-descriptors/mbean/attribute'
2019-05-11 11:06:12.618 DEBUG 8956 --- [kground-preinit] o.apache.tomcat.util.digester.Digester   :   bodyText=''
2019-05-11 11:06:12.618 DEBUG 8956 --- [kground-preinit] o.apache.tomcat.util.digester.Digester   :   Fire body() for ObjectCreateRule[className=org.apache.tomcat.util.modeler.AttributeInfo, attributeName=null]
2019-05-11 11:06:12.619 DEBUG 8956 --- [kground-preinit] o.apache.tomcat.util.digester.Digester   :   Fire body() for SetPropertiesRule[]
2019-05-11 11:06:12.619 DEBUG 8956 --- [kground-preinit] o.apache.tomcat.util.digester.Digester   :   Fire body() for SetNextRule[methodName=addAttribute, paramType=org.apache.tomcat.util.modeler.AttributeInfo]
2019-05-11 11:06:12.619 DEBUG 8956 --- [kground-preinit] o.apache.tomcat.util.digester.Digester   :   Fire end() for SetNextRule[methodName=addAttribute, paramType=org.apache.tomcat.util.modeler.AttributeInfo]
2019-05-11 11:06:12.619 DEBUG 8956 --- [kground-preinit] o.apache.tomcat.util.digester.Digester   : [SetNextRule]{mbeans-descriptors/mbean/attribute} Call org.apache.tomcat.util.modeler.ManagedBean.addAttribute(org.apache.tomcat.util.modeler.AttributeInfo@95e3f94)
2019-05-11 11:06:12.619 DEBUG 8956 --- [kground-preinit] o.apache.tomcat.util.IntrospectionUtils  : IntrospectionUtils: callMethod1 org.apache.tomcat.util.modeler.ManagedBean org.apache.tomcat.util.modeler.AttributeInfo org.apache.tomcat.util.modeler.AttributeInfo
2019-05-11 11:06:12.619 DEBUG 8956 --- [kground-preinit] o.apache.tomcat.util.digester.Digester   :   Fire end() for SetPropertiesRule[]
2019-05-11 11:06:12.620 DEBUG 8956 --- [kground-preinit] o.apache.tomcat.util.digester.Digester   :   Fire end() for ObjectCreateRule[className=org.apache.tomcat.util.modeler.AttributeInfo, attributeName=null]
2019-05-11 11:06:12.620 DEBUG 8956 --- [kground-preinit] o.apache.tomcat.util.digester.Digester   : [ObjectCreateRule]{mbeans-descriptors/mbean/attribute} Pop org.apache.tomcat.util.modeler.AttributeInfo
2019-05-11 11:06:12.620 DEBUG 8956 --- [kground-preinit] o.a.tomcat.util.digester.Digester.sax    : characters(

    )
2019-05-11 11:06:12.620 DEBUG 8956 --- [kground-preinit] o.a.tomcat.util.digester.Digester.sax    : startElement(,,attribute)
2019-05-11 11:06:12.620 DEBUG 8956 --- [kground-preinit] o.apache.tomcat.util.digester.Digester   :   New match='mbeans-descriptors/mbean/attribute'
2019-05-11 11:06:12.620 DEBUG 8956 --- [kground-preinit] o.apache.tomcat.util.digester.Digester   :   Fire begin() for ObjectCreateRule[className=org.apache.tomcat.util.modeler.AttributeInfo, attributeName=null]
2019-05-11 11:06:12.620 DEBUG 8956 --- [kground-preinit] o.apache.tomcat.util.digester.Digester   : [ObjectCreateRule]{mbeans-descriptors/mbean/attribute}New org.apache.tomcat.util.modeler.AttributeInfo
2019-05-11 11:06:12.621 DEBUG 8956 --- [kground-preinit] o.apache.tomcat.util.digester.Digester   :   Fire begin() for SetPropertiesRule[]
2019-05-11 11:06:12.621 DEBUG 8956 --- [kground-preinit] o.apache.tomcat.util.digester.Digester   : [SetPropertiesRule]{mbeans-descriptors/mbean/attribute} Set org.apache.tomcat.util.modeler.AttributeInfo properties
2019-05-11 11:06:12.621 DEBUG 8956 --- [kground-preinit] o.apache.tomcat.util.digester.Digester   : [SetPropertiesRule]{mbeans-descriptors/mbean/attribute} Setting property 'name' to 'originalDocBase'
2019-05-11 11:06:12.621 DEBUG 8956 --- [kground-preinit] o.apache.tomcat.util.IntrospectionUtils  : IntrospectionUtils: setProperty(class org.apache.tomcat.util.modeler.AttributeInfo name=originalDocBase)
2019-05-11 11:06:12.621 DEBUG 8956 --- [kground-preinit] o.apache.tomcat.util.digester.Digester   : [SetPropertiesRule]{mbeans-descriptors/mbean/attribute} Setting property 'description' to 'The original document root for this web application'
2019-05-11 11:06:12.622 DEBUG 8956 --- [kground-preinit] o.apache.tomcat.util.IntrospectionUtils  : IntrospectionUtils: setProperty(class org.apache.tomcat.util.modeler.AttributeInfo description=The original document root for this web application)
2019-05-11 11:06:12.623 DEBUG 8956 --- [kground-preinit] o.apache.tomcat.util.digester.Digester   : [SetPropertiesRule]{mbeans-descriptors/mbean/attribute} Setting property 'type' to 'java.lang.String'
2019-05-11 11:06:12.623 DEBUG 8956 --- [kground-preinit] o.apache.tomcat.util.IntrospectionUtils  : IntrospectionUtils: setProperty(class org.apache.tomcat.util.modeler.AttributeInfo type=java.lang.String)
2019-05-11 11:06:12.623 DEBUG 8956 --- [kground-preinit] o.apache.tomcat.util.digester.Digester   :   Fire begin() for SetNextRule[methodName=addAttribute, paramType=org.apache.tomcat.util.modeler.AttributeInfo]
2019-05-11 11:06:12.623 DEBUG 8956 --- [kground-preinit] o.a.tomcat.util.digester.Digester.sax    : endElement(,,attribute)
2019-05-11 11:06:12.623 DEBUG 8956 --- [kground-preinit] o.apache.tomcat.util.digester.Digester   :   match='mbeans-descriptors/mbean/attribute'
2019-05-11 11:06:12.623 DEBUG 8956 --- [kground-preinit] o.apache.tomcat.util.digester.Digester   :   bodyText=''
2019-05-11 11:06:12.623 DEBUG 8956 --- [kground-preinit] o.apache.tomcat.util.digester.Digester   :   Fire body() for ObjectCreateRule[className=org.apache.tomcat.util.modeler.AttributeInfo, attributeName=null]
2019-05-11 11:06:12.623 DEBUG 8956 --- [kground-preinit] o.apache.tomcat.util.digester.Digester   :   Fire body() for SetPropertiesRule[]
2019-05-11 11:06:12.623 DEBUG 8956 --- [kground-preinit] o.apache.tomcat.util.digester.Digester   :   Fire body() for SetNextRule[methodName=addAttribute, paramType=org.apache.tomcat.util.modeler.AttributeInfo]
2019-05-11 11:06:12.624 DEBUG 8956 --- [kground-preinit] o.apache.tomcat.util.digester.Digester   :   Fire end() for SetNextRule[methodName=addAttribute, paramType=org.apache.tomcat.util.modeler.AttributeInfo]
2019-05-11 11:06:12.625 DEBUG 8956 --- [kground-preinit] o.apache.tomcat.util.digester.Digester   : [SetNextRule]{mbeans-descriptors/mbean/attribute} Call org.apache.tomcat.util.modeler.ManagedBean.addAttribute(org.apache.tomcat.util.modeler.AttributeInfo@3261d8a2)
2019-05-11 11:06:12.625 DEBUG 8956 --- [kground-preinit] o.apache.tomcat.util.IntrospectionUtils  : IntrospectionUtils: callMethod1 org.apache.tomcat.util.modeler.ManagedBean org.apache.tomcat.util.modeler.AttributeInfo org.apache.tomcat.util.modeler.AttributeInfo
2019-05-11 11:06:12.625 DEBUG 8956 --- [kground-preinit] o.apache.tomcat.util.digester.Digester   :   Fire end() for SetPropertiesRule[]
2019-05-11 11:06:12.625 DEBUG 8956 --- [kground-preinit] o.apache.tomcat.util.digester.Digester   :   Fire end() for ObjectCreateRule[className=org.apache.tomcat.util.modeler.AttributeInfo, attributeName=null]
2019-05-11 11:06:12.626 DEBUG 8956 --- [kground-preinit] o.apache.tomcat.util.digester.Digester   : [ObjectCreateRule]{mbeans-descriptors/mbean/attribute} Pop org.apache.tomcat.util.modeler.AttributeInfo
2019-05-11 11:06:12.626 DEBUG 8956 --- [kground-preinit] o.a.tomcat.util.digester.Digester.sax    : characters(

    )
2019-05-11 11:06:12.627 DEBUG 8956 --- [kground-preinit] o.a.tomcat.util.digester.Digester.sax    : startElement(,,attribute)
2019-05-11 11:06:12.627 DEBUG 8956 --- [kground-preinit] o.apache.tomcat.util.digester.Digester   :   New match='mbeans-descriptors/mbean/attribute'
2019-05-11 11:06:12.627 DEBUG 8956 --- [kground-preinit] o.apache.tomcat.util.digester.Digester   :   Fire begin() for ObjectCreateRule[className=org.apache.tomcat.util.modeler.AttributeInfo, attributeName=null]
2019-05-11 11:06:12.627 DEBUG 8956 --- [kground-preinit] o.apache.tomcat.util.digester.Digester   : [ObjectCreateRule]{mbeans-descriptors/mbean/attribute}New org.apache.tomcat.util.modeler.AttributeInfo
2019-05-11 11:06:12.627 DEBUG 8956 --- [kground-preinit] o.apache.tomcat.util.digester.Digester   :   Fire begin() for SetPropertiesRule[]
2019-05-11 11:06:12.627 DEBUG 8956 --- [kground-preinit] o.apache.tomcat.util.digester.Digester   : [SetPropertiesRule]{mbeans-descriptors/mbean/attribute} Set org.apache.tomcat.util.modeler.AttributeInfo properties
2019-05-11 11:06:12.627 DEBUG 8956 --- [kground-preinit] o.apache.tomcat.util.digester.Digester   : [SetPropertiesRule]{mbeans-descriptors/mbean/attribute} Setting property 'name' to 'override'
2019-05-11 11:06:12.627 DEBUG 8956 --- [kground-preinit] o.apache.tomcat.util.IntrospectionUtils  : IntrospectionUtils: setProperty(class org.apache.tomcat.util.modeler.AttributeInfo name=override)
2019-05-11 11:06:12.627 DEBUG 8956 --- [kground-preinit] o.apache.tomcat.util.digester.Digester   : [SetPropertiesRule]{mbeans-descriptors/mbean/attribute} Setting property 'description' to 'The default context.xml override flag for this web application'
2019-05-11 11:06:12.628 DEBUG 8956 --- [kground-preinit] o.apache.tomcat.util.IntrospectionUtils  : IntrospectionUtils: setProperty(class org.apache.tomcat.util.modeler.AttributeInfo description=The default context.xml override flag for this web application)
2019-05-11 11:06:12.628 DEBUG 8956 --- [kground-preinit] o.apache.tomcat.util.digester.Digester   : [SetPropertiesRule]{mbeans-descriptors/mbean/attribute} Setting property 'type' to 'boolean'
2019-05-11 11:06:12.628 DEBUG 8956 --- [kground-preinit] o.apache.tomcat.util.IntrospectionUtils  : IntrospectionUtils: setProperty(class org.apache.tomcat.util.modeler.AttributeInfo type=boolean)
2019-05-11 11:06:12.628 DEBUG 8956 --- [kground-preinit] o.apache.tomcat.util.digester.Digester   :   Fire begin() for SetNextRule[methodName=addAttribute, paramType=org.apache.tomcat.util.modeler.AttributeInfo]
2019-05-11 11:06:12.628 DEBUG 8956 --- [kground-preinit] o.a.tomcat.util.digester.Digester.sax    : endElement(,,attribute)
2019-05-11 11:06:12.628 DEBUG 8956 --- [kground-preinit] o.apache.tomcat.util.digester.Digester   :   match='mbeans-descriptors/mbean/attribute'
2019-05-11 11:06:12.628 DEBUG 8956 --- [kground-preinit] o.apache.tomcat.util.digester.Digester   :   bodyText=''
2019-05-11 11:06:12.628 DEBUG 8956 --- [kground-preinit] o.apache.tomcat.util.digester.Digester   :   Fire body() for ObjectCreateRule[className=org.apache.tomcat.util.modeler.AttributeInfo, attributeName=null]
2019-05-11 11:06:12.628 DEBUG 8956 --- [kground-preinit] o.apache.tomcat.util.digester.Digester   :   Fire body() for SetPropertiesRule[]
2019-05-11 11:06:12.628 DEBUG 8956 --- [kground-preinit] o.apache.tomcat.util.digester.Digester   :   Fire body() for SetNextRule[methodName=addAttribute, paramType=org.apache.tomcat.util.modeler.AttributeInfo]
2019-05-11 11:06:12.628 DEBUG 8956 --- [kground-preinit] o.apache.tomcat.util.digester.Digester   :   Fire end() for SetNextRule[methodName=addAttribute, paramType=org.apache.tomcat.util.modeler.AttributeInfo]
2019-05-11 11:06:12.629 DEBUG 8956 --- [kground-preinit] o.apache.tomcat.util.digester.Digester   : [SetNextRule]{mbeans-descriptors/mbean/attribute} Call org.apache.tomcat.util.modeler.ManagedBean.addAttribute(org.apache.tomcat.util.modeler.AttributeInfo@30c2bfc1)
2019-05-11 11:06:12.629 DEBUG 8956 --- [kground-preinit] o.apache.tomcat.util.IntrospectionUtils  : IntrospectionUtils: callMethod1 org.apache.tomcat.util.modeler.ManagedBean org.apache.tomcat.util.modeler.AttributeInfo org.apache.tomcat.util.modeler.AttributeInfo
2019-05-11 11:06:12.629 DEBUG 8956 --- [kground-preinit] o.apache.tomcat.util.digester.Digester   :   Fire end() for SetPropertiesRule[]
2019-05-11 11:06:12.629 DEBUG 8956 --- [kground-preinit] o.apache.tomcat.util.digester.Digester   :   Fire end() for ObjectCreateRule[className=org.apache.tomcat.util.modeler.AttributeInfo, attributeName=null]
2019-05-11 11:06:12.629 DEBUG 8956 --- [kground-preinit] o.apache.tomcat.util.digester.Digester   : [ObjectCreateRule]{mbeans-descriptors/mbean/attribute} Pop org.apache.tomcat.util.modeler.AttributeInfo
2019-05-11 11:06:12.629 DEBUG 8956 --- [kground-preinit] o.a.tomcat.util.digester.Digester.sax    : characters(

    )
2019-05-11 11:06:12.629 DEBUG 8956 --- [kground-preinit] o.a.tomcat.util.digester.Digester.sax    : startElement(,,attribute)
2019-05-11 11:06:12.629 DEBUG 8956 --- [kground-preinit] o.apache.tomcat.util.digester.Digester   :   New match='mbeans-descriptors/mbean/attribute'
2019-05-11 11:06:12.629 DEBUG 8956 --- [kground-preinit] o.apache.tomcat.util.digester.Digester   :   Fire begin() for ObjectCreateRule[className=org.apache.tomcat.util.modeler.AttributeInfo, attributeName=null]
2019-05-11 11:06:12.630 DEBUG 8956 --- [kground-preinit] o.apache.tomcat.util.digester.Digester   : [ObjectCreateRule]{mbeans-descriptors/mbean/attribute}New org.apache.tomcat.util.modeler.AttributeInfo
2019-05-11 11:06:12.630 DEBUG 8956 --- [kground-preinit] o.apache.tomcat.util.digester.Digester   :   Fire begin() for SetPropertiesRule[]
2019-05-11 11:06:12.630 DEBUG 8956 --- [kground-preinit] o.apache.tomcat.util.digester.Digester   : [SetPropertiesRule]{mbeans-descriptors/mbean/attribute} Set org.apache.tomcat.util.modeler.AttributeInfo properties
2019-05-11 11:06:12.630 DEBUG 8956 --- [kground-preinit] o.apache.tomcat.util.digester.Digester   : [SetPropertiesRule]{mbeans-descriptors/mbean/attribute} Setting property 'name' to 'name'
2019-05-11 11:06:12.630 DEBUG 8956 --- [kground-preinit] o.apache.tomcat.util.IntrospectionUtils  : IntrospectionUtils: setProperty(class org.apache.tomcat.util.modeler.AttributeInfo name=name)
2019-05-11 11:06:12.630 DEBUG 8956 --- [kground-preinit] o.apache.tomcat.util.digester.Digester   : [SetPropertiesRule]{mbeans-descriptors/mbean/attribute} Setting property 'description' to 'The name of this Context'
2019-05-11 11:06:12.630 DEBUG 8956 --- [kground-preinit] o.apache.tomcat.util.IntrospectionUtils  : IntrospectionUtils: setProperty(class org.apache.tomcat.util.modeler.AttributeInfo description=The name of this Context)
2019-05-11 11:06:12.630 DEBUG 8956 --- [kground-preinit] o.apache.tomcat.util.digester.Digester   : [SetPropertiesRule]{mbeans-descriptors/mbean/attribute} Setting property 'type' to 'java.lang.String'
2019-05-11 11:06:12.631 DEBUG 8956 --- [kground-preinit] o.apache.tomcat.util.IntrospectionUtils  : IntrospectionUtils: setProperty(class org.apache.tomcat.util.modeler.AttributeInfo type=java.lang.String)
2019-05-11 11:06:12.631 DEBUG 8956 --- [kground-preinit] o.apache.tomcat.util.digester.Digester   :   Fire begin() for SetNextRule[methodName=addAttribute, paramType=org.apache.tomcat.util.modeler.AttributeInfo]
2019-05-11 11:06:12.631 DEBUG 8956 --- [kground-preinit] o.a.tomcat.util.digester.Digester.sax    : endElement(,,attribute)
2019-05-11 11:06:12.631 DEBUG 8956 --- [kground-preinit] o.apache.tomcat.util.digester.Digester   :   match='mbeans-descriptors/mbean/attribute'
2019-05-11 11:06:12.631 DEBUG 8956 --- [kground-preinit] o.apache.tomcat.util.digester.Digester   :   bodyText=''
2019-05-11 11:06:12.631 DEBUG 8956 --- [kground-preinit] o.apache.tomcat.util.digester.Digester   :   Fire body() for ObjectCreateRule[className=org.apache.tomcat.util.modeler.AttributeInfo, attributeName=null]
2019-05-11 11:06:12.631 DEBUG 8956 --- [kground-preinit] o.apache.tomcat.util.digester.Digester   :   Fire body() for SetPropertiesRule[]
2019-05-11 11:06:12.631 DEBUG 8956 --- [kground-preinit] o.apache.tomcat.util.digester.Digester   :   Fire body() for SetNextRule[methodName=addAttribute, paramType=org.apache.tomcat.util.modeler.AttributeInfo]
2019-05-11 11:06:12.631 DEBUG 8956 --- [kground-preinit] o.apache.tomcat.util.digester.Digester   :   Fire end() for SetNextRule[methodName=addAttribute, paramType=org.apache.tomcat.util.modeler.AttributeInfo]
2019-05-11 11:06:12.631 DEBUG 8956 --- [kground-preinit] o.apache.tomcat.util.digester.Digester   : [SetNextRule]{mbeans-descriptors/mbean/attribute} Call org.apache.tomcat.util.modeler.ManagedBean.addAttribute(org.apache.tomcat.util.modeler.AttributeInfo@72acb435)
2019-05-11 11:06:12.631 DEBUG 8956 --- [kground-preinit] o.apache.tomcat.util.IntrospectionUtils  : IntrospectionUtils: callMethod1 org.apache.tomcat.util.modeler.ManagedBean org.apache.tomcat.util.modeler.AttributeInfo org.apache.tomcat.util.modeler.AttributeInfo
2019-05-11 11:06:12.631 DEBUG 8956 --- [kground-preinit] o.apache.tomcat.util.digester.Digester   :   Fire end() for SetPropertiesRule[]
2019-05-11 11:06:12.631 DEBUG 8956 --- [kground-preinit] o.apache.tomcat.util.digester.Digester   :   Fire end() for ObjectCreateRule[className=org.apache.tomcat.util.modeler.AttributeInfo, attributeName=null]
2019-05-11 11:06:12.631 DEBUG 8956 --- [kground-preinit] o.apache.tomcat.util.digester.Digester   : [ObjectCreateRule]{mbeans-descriptors/mbean/attribute} Pop org.apache.tomcat.util.modeler.AttributeInfo
2019-05-11 11:06:12.632 DEBUG 8956 --- [kground-preinit] o.a.tomcat.util.digester.Digester.sax    : characters(

    )
2019-05-11 11:06:12.632 DEBUG 8956 --- [kground-preinit] o.a.tomcat.util.digester.Digester.sax    : startElement(,,attribute)
2019-05-11 11:06:12.632 DEBUG 8956 --- [kground-preinit] o.apache.tomcat.util.digester.Digester   :   New match='mbeans-descriptors/mbean/attribute'
2019-05-11 11:06:12.632 DEBUG 8956 --- [kground-preinit] o.apache.tomcat.util.digester.Digester   :   Fire begin() for ObjectCreateRule[className=org.apache.tomcat.util.modeler.AttributeInfo, attributeName=null]
2019-05-11 11:06:12.632 DEBUG 8956 --- [kground-preinit] o.apache.tomcat.util.digester.Digester   : [ObjectCreateRule]{mbeans-descriptors/mbean/attribute}New org.apache.tomcat.util.modeler.AttributeInfo
2019-05-11 11:06:12.632 DEBUG 8956 --- [kground-preinit] o.apache.tomcat.util.digester.Digester   :   Fire begin() for SetPropertiesRule[]
2019-05-11 11:06:12.633 DEBUG 8956 --- [kground-preinit] o.apache.tomcat.util.digester.Digester   : [SetPropertiesRule]{mbeans-descriptors/mbean/attribute} Set org.apache.tomcat.util.modeler.AttributeInfo properties
2019-05-11 11:06:12.633 DEBUG 8956 --- [kground-preinit] o.apache.tomcat.util.digester.Digester   : [SetPropertiesRule]{mbeans-descriptors/mbean/attribute} Setting property 'name' to 'parentClassLoader'
2019-05-11 11:06:12.633 DEBUG 8956 --- [kground-preinit] o.apache.tomcat.util.IntrospectionUtils  : IntrospectionUtils: setProperty(class org.apache.tomcat.util.modeler.AttributeInfo name=parentClassLoader)
2019-05-11 11:06:12.633 DEBUG 8956 --- [kground-preinit] o.apache.tomcat.util.digester.Digester   : [SetPropertiesRule]{mbeans-descriptors/mbean/attribute} Setting property 'description' to 'Parent class loader.'
2019-05-11 11:06:12.633 DEBUG 8956 --- [kground-preinit] o.apache.tomcat.util.IntrospectionUtils  : IntrospectionUtils: setProperty(class org.apache.tomcat.util.modeler.AttributeInfo description=Parent class loader.)
2019-05-11 11:06:12.633 DEBUG 8956 --- [kground-preinit] o.apache.tomcat.util.digester.Digester   : [SetPropertiesRule]{mbeans-descriptors/mbean/attribute} Setting property 'type' to 'java.lang.ClassLoader'
2019-05-11 11:06:12.633 DEBUG 8956 --- [kground-preinit] o.apache.tomcat.util.IntrospectionUtils  : IntrospectionUtils: setProperty(class org.apache.tomcat.util.modeler.AttributeInfo type=java.lang.ClassLoader)
2019-05-11 11:06:12.633 DEBUG 8956 --- [kground-preinit] o.apache.tomcat.util.digester.Digester   :   Fire begin() for SetNextRule[methodName=addAttribute, paramType=org.apache.tomcat.util.modeler.AttributeInfo]
2019-05-11 11:06:12.634 DEBUG 8956 --- [kground-preinit] o.a.tomcat.util.digester.Digester.sax    : endElement(,,attribute)
2019-05-11 11:06:12.634 DEBUG 8956 --- [kground-preinit] o.apache.tomcat.util.digester.Digester   :   match='mbeans-descriptors/mbean/attribute'
2019-05-11 11:06:12.634 DEBUG 8956 --- [kground-preinit] o.apache.tomcat.util.digester.Digester   :   bodyText=''
2019-05-11 11:06:12.634 DEBUG 8956 --- [kground-preinit] o.apache.tomcat.util.digester.Digester   :   Fire body() for ObjectCreateRule[className=org.apache.tomcat.util.modeler.AttributeInfo, attributeName=null]
2019-05-11 11:06:12.634 DEBUG 8956 --- [kground-preinit] o.apache.tomcat.util.digester.Digester   :   Fire body() for SetPropertiesRule[]
2019-05-11 11:06:12.634 DEBUG 8956 --- [kground-preinit] o.apache.tomcat.util.digester.Digester   :   Fire body() for SetNextRule[methodName=addAttribute, paramType=org.apache.tomcat.util.modeler.AttributeInfo]
2019-05-11 11:06:12.634 DEBUG 8956 --- [kground-preinit] o.apache.tomcat.util.digester.Digester   :   Fire end() for SetNextRule[methodName=addAttribute, paramType=org.apache.tomcat.util.modeler.AttributeInfo]
2019-05-11 11:06:12.634 DEBUG 8956 --- [kground-preinit] o.apache.tomcat.util.digester.Digester   : [SetNextRule]{mbeans-descriptors/mbean/attribute} Call org.apache.tomcat.util.modeler.ManagedBean.addAttribute(org.apache.tomcat.util.modeler.AttributeInfo@af6876b)
2019-05-11 11:06:12.634 DEBUG 8956 --- [kground-preinit] o.apache.tomcat.util.IntrospectionUtils  : IntrospectionUtils: callMethod1 org.apache.tomcat.util.modeler.ManagedBean org.apache.tomcat.util.modeler.AttributeInfo org.apache.tomcat.util.modeler.AttributeInfo
2019-05-11 11:06:12.634 DEBUG 8956 --- [kground-preinit] o.apache.tomcat.util.digester.Digester   :   Fire end() for SetPropertiesRule[]
2019-05-11 11:06:12.634 DEBUG 8956 --- [kground-preinit] o.apache.tomcat.util.digester.Digester   :   Fire end() for ObjectCreateRule[className=org.apache.tomcat.util.modeler.AttributeInfo, attributeName=null]
2019-05-11 11:06:12.634 DEBUG 8956 --- [kground-preinit] o.apache.tomcat.util.digester.Digester   : [ObjectCreateRule]{mbeans-descriptors/mbean/attribute} Pop org.apache.tomcat.util.modeler.AttributeInfo
2019-05-11 11:06:12.634 DEBUG 8956 --- [kground-preinit] o.a.tomcat.util.digester.Digester.sax    : characters(

    )
2019-05-11 11:06:12.639 DEBUG 8956 --- [           main] o.s.b.f.s.DefaultListableBeanFactory     : Returning cached instance of singleton bean 'autoConfigurationReport'
2019-05-11 11:06:12.639 DEBUG 8956 --- [kground-preinit] o.a.tomcat.util.digester.Digester.sax    : startElement(,,attribute)
2019-05-11 11:06:12.640 DEBUG 8956 --- [kground-preinit] o.apache.tomcat.util.digester.Digester   :   New match='mbeans-descriptors/mbean/attribute'
2019-05-11 11:06:12.640 DEBUG 8956 --- [kground-preinit] o.apache.tomcat.util.digester.Digester   :   Fire begin() for ObjectCreateRule[className=org.apache.tomcat.util.modeler.AttributeInfo, attributeName=null]
2019-05-11 11:06:12.641 DEBUG 8956 --- [kground-preinit] o.apache.tomcat.util.digester.Digester   : [ObjectCreateRule]{mbeans-descriptors/mbean/attribute}New org.apache.tomcat.util.modeler.AttributeInfo
2019-05-11 11:06:12.641 DEBUG 8956 --- [kground-preinit] o.apache.tomcat.util.digester.Digester   :   Fire begin() for SetPropertiesRule[]
2019-05-11 11:06:12.641 DEBUG 8956 --- [           main] o.s.b.f.s.DefaultListableBeanFactory     : Returning cached instance of singleton bean 'autoConfigurationReport'
2019-05-11 11:06:12.642 DEBUG 8956 --- [kground-preinit] o.apache.tomcat.util.digester.Digester   : [SetPropertiesRule]{mbeans-descriptors/mbean/attribute} Set org.apache.tomcat.util.modeler.AttributeInfo properties
2019-05-11 11:06:12.642 DEBUG 8956 --- [kground-preinit] o.apache.tomcat.util.digester.Digester   : [SetPropertiesRule]{mbeans-descriptors/mbean/attribute} Setting property 'name' to 'path'
2019-05-11 11:06:12.642 DEBUG 8956 --- [kground-preinit] o.apache.tomcat.util.IntrospectionUtils  : IntrospectionUtils: setProperty(class org.apache.tomcat.util.modeler.AttributeInfo name=path)
2019-05-11 11:06:12.642 DEBUG 8956 --- [kground-preinit] o.apache.tomcat.util.digester.Digester   : [SetPropertiesRule]{mbeans-descriptors/mbean/attribute} Setting property 'description' to 'The context path for this Context'
2019-05-11 11:06:12.642 DEBUG 8956 --- [           main] o.s.b.f.s.DefaultListableBeanFactory     : Returning cached instance of singleton bean 'autoConfigurationReport'
2019-05-11 11:06:12.642 DEBUG 8956 --- [kground-preinit] o.apache.tomcat.util.IntrospectionUtils  : IntrospectionUtils: setProperty(class org.apache.tomcat.util.modeler.AttributeInfo description=The context path for this Context)
2019-05-11 11:06:12.643 DEBUG 8956 --- [kground-preinit] o.apache.tomcat.util.digester.Digester   : [SetPropertiesRule]{mbeans-descriptors/mbean/attribute} Setting property 'type' to 'java.lang.String'
2019-05-11 11:06:12.643 DEBUG 8956 --- [kground-preinit] o.apache.tomcat.util.IntrospectionUtils  : IntrospectionUtils: setProperty(class org.apache.tomcat.util.modeler.AttributeInfo type=java.lang.String)
2019-05-11 11:06:12.643 DEBUG 8956 --- [kground-preinit] o.apache.tomcat.util.digester.Digester   :   Fire begin() for SetNextRule[methodName=addAttribute, paramType=org.apache.tomcat.util.modeler.AttributeInfo]
2019-05-11 11:06:12.643 DEBUG 8956 --- [kground-preinit] o.a.tomcat.util.digester.Digester.sax    : endElement(,,attribute)
2019-05-11 11:06:12.643 DEBUG 8956 --- [kground-preinit] o.apache.tomcat.util.digester.Digester   :   match='mbeans-descriptors/mbean/attribute'
2019-05-11 11:06:12.643 DEBUG 8956 --- [kground-preinit] o.apache.tomcat.util.digester.Digester   :   bodyText=''
2019-05-11 11:06:12.643 DEBUG 8956 --- [kground-preinit] o.apache.tomcat.util.digester.Digester   :   Fire body() for ObjectCreateRule[className=org.apache.tomcat.util.modeler.AttributeInfo, attributeName=null]
2019-05-11 11:06:12.643 DEBUG 8956 --- [kground-preinit] o.apache.tomcat.util.digester.Digester   :   Fire body() for SetPropertiesRule[]
2019-05-11 11:06:12.643 DEBUG 8956 --- [kground-preinit] o.apache.tomcat.util.digester.Digester   :   Fire body() for SetNextRule[methodName=addAttribute, paramType=org.apache.tomcat.util.modeler.AttributeInfo]
2019-05-11 11:06:12.644 DEBUG 8956 --- [kground-preinit] o.apache.tomcat.util.digester.Digester   :   Fire end() for SetNextRule[methodName=addAttribute, paramType=org.apache.tomcat.util.modeler.AttributeInfo]
2019-05-11 11:06:12.644 DEBUG 8956 --- [kground-preinit] o.apache.tomcat.util.digester.Digester   : [SetNextRule]{mbeans-descriptors/mbean/attribute} Call org.apache.tomcat.util.modeler.ManagedBean.addAttribute(org.apache.tomcat.util.modeler.AttributeInfo@36eefa5f)
2019-05-11 11:06:12.644 DEBUG 8956 --- [kground-preinit] o.apache.tomcat.util.IntrospectionUtils  : IntrospectionUtils: callMethod1 org.apache.tomcat.util.modeler.ManagedBean org.apache.tomcat.util.modeler.AttributeInfo org.apache.tomcat.util.modeler.AttributeInfo
2019-05-11 11:06:12.644 DEBUG 8956 --- [kground-preinit] o.apache.tomcat.util.digester.Digester   :   Fire end() for SetPropertiesRule[]
2019-05-11 11:06:12.644 DEBUG 8956 --- [kground-preinit] o.apache.tomcat.util.digester.Digester   :   Fire end() for ObjectCreateRule[className=org.apache.tomcat.util.modeler.AttributeInfo, attributeName=null]
2019-05-11 11:06:12.644 DEBUG 8956 --- [kground-preinit] o.apache.tomcat.util.digester.Digester   : [ObjectCreateRule]{mbeans-descriptors/mbean/attribute} Pop org.apache.tomcat.util.modeler.AttributeInfo
2019-05-11 11:06:12.644 DEBUG 8956 --- [kground-preinit] o.a.tomcat.util.digester.Digester.sax    : characters(

    )
2019-05-11 11:06:12.644 DEBUG 8956 --- [kground-preinit] o.a.tomcat.util.digester.Digester.sax    : startElement(,,attribute)
2019-05-11 11:06:12.644 DEBUG 8956 --- [kground-preinit] o.apache.tomcat.util.digester.Digester   :   New match='mbeans-descriptors/mbean/attribute'
2019-05-11 11:06:12.645 DEBUG 8956 --- [kground-preinit] o.apache.tomcat.util.digester.Digester   :   Fire begin() for ObjectCreateRule[className=org.apache.tomcat.util.modeler.AttributeInfo, attributeName=null]
2019-05-11 11:06:12.645 DEBUG 8956 --- [kground-preinit] o.apache.tomcat.util.digester.Digester   : [ObjectCreateRule]{mbeans-descriptors/mbean/attribute}New org.apache.tomcat.util.modeler.AttributeInfo
2019-05-11 11:06:12.645 DEBUG 8956 --- [kground-preinit] o.apache.tomcat.util.digester.Digester   :   Fire begin() for SetPropertiesRule[]
2019-05-11 11:06:12.645 DEBUG 8956 --- [kground-preinit] o.apache.tomcat.util.digester.Digester   : [SetPropertiesRule]{mbeans-descriptors/mbean/attribute} Set org.apache.tomcat.util.modeler.AttributeInfo properties
2019-05-11 11:06:12.645 DEBUG 8956 --- [kground-preinit] o.apache.tomcat.util.digester.Digester   : [SetPropertiesRule]{mbeans-descriptors/mbean/attribute} Setting property 'name' to 'paused'
2019-05-11 11:06:12.645 DEBUG 8956 --- [kground-preinit] o.apache.tomcat.util.IntrospectionUtils  : IntrospectionUtils: setProperty(class org.apache.tomcat.util.modeler.AttributeInfo name=paused)
2019-05-11 11:06:12.645 DEBUG 8956 --- [kground-preinit] o.apache.tomcat.util.digester.Digester   : [SetPropertiesRule]{mbeans-descriptors/mbean/attribute} Setting property 'description' to 'The request processing pause flag (while reloading occurs)'
2019-05-11 11:06:12.645 DEBUG 8956 --- [kground-preinit] o.apache.tomcat.util.IntrospectionUtils  : IntrospectionUtils: setProperty(class org.apache.tomcat.util.modeler.AttributeInfo description=The request processing pause flag (while reloading occurs))
2019-05-11 11:06:12.645 DEBUG 8956 --- [kground-preinit] o.apache.tomcat.util.digester.Digester   : [SetPropertiesRule]{mbeans-descriptors/mbean/attribute} Setting property 'type' to 'boolean'
2019-05-11 11:06:12.645 DEBUG 8956 --- [kground-preinit] o.apache.tomcat.util.IntrospectionUtils  : IntrospectionUtils: setProperty(class org.apache.tomcat.util.modeler.AttributeInfo type=boolean)
2019-05-11 11:06:12.646 DEBUG 8956 --- [kground-preinit] o.apache.tomcat.util.digester.Digester   : [SetPropertiesRule]{mbeans-descriptors/mbean/attribute} Setting property 'writeable' to 'false'
2019-05-11 11:06:12.646 DEBUG 8956 --- [kground-preinit] o.apache.tomcat.util.IntrospectionUtils  : IntrospectionUtils: setProperty(class org.apache.tomcat.util.modeler.AttributeInfo writeable=false)
2019-05-11 11:06:12.646 DEBUG 8956 --- [kground-preinit] o.apache.tomcat.util.digester.Digester   :   Fire begin() for SetNextRule[methodName=addAttribute, paramType=org.apache.tomcat.util.modeler.AttributeInfo]
2019-05-11 11:06:12.646 DEBUG 8956 --- [kground-preinit] o.a.tomcat.util.digester.Digester.sax    : endElement(,,attribute)
2019-05-11 11:06:12.646 DEBUG 8956 --- [kground-preinit] o.apache.tomcat.util.digester.Digester   :   match='mbeans-descriptors/mbean/attribute'
2019-05-11 11:06:12.646 DEBUG 8956 --- [kground-preinit] o.apache.tomcat.util.digester.Digester   :   bodyText=''
2019-05-11 11:06:12.646 DEBUG 8956 --- [kground-preinit] o.apache.tomcat.util.digester.Digester   :   Fire body() for ObjectCreateRule[className=org.apache.tomcat.util.modeler.AttributeInfo, attributeName=null]
2019-05-11 11:06:12.646 DEBUG 8956 --- [kground-preinit] o.apache.tomcat.util.digester.Digester   :   Fire body() for SetPropertiesRule[]
2019-05-11 11:06:12.646 DEBUG 8956 --- [kground-preinit] o.apache.tomcat.util.digester.Digester   :   Fire body() for SetNextRule[methodName=addAttribute, paramType=org.apache.tomcat.util.modeler.AttributeInfo]
2019-05-11 11:06:12.646 DEBUG 8956 --- [kground-preinit] o.apache.tomcat.util.digester.Digester   :   Fire end() for SetNextRule[methodName=addAttribute, paramType=org.apache.tomcat.util.modeler.AttributeInfo]
2019-05-11 11:06:12.646 DEBUG 8956 --- [kground-preinit] o.apache.tomcat.util.digester.Digester   : [SetNextRule]{mbeans-descriptors/mbean/attribute} Call org.apache.tomcat.util.modeler.ManagedBean.addAttribute(org.apache.tomcat.util.modeler.AttributeInfo@13f777f4)
2019-05-11 11:06:12.646 DEBUG 8956 --- [kground-preinit] o.apache.tomcat.util.IntrospectionUtils  : IntrospectionUtils: callMethod1 org.apache.tomcat.util.modeler.ManagedBean org.apache.tomcat.util.modeler.AttributeInfo org.apache.tomcat.util.modeler.AttributeInfo
2019-05-11 11:06:12.647 DEBUG 8956 --- [kground-preinit] o.apache.tomcat.util.digester.Digester   :   Fire end() for SetPropertiesRule[]
2019-05-11 11:06:12.647 DEBUG 8956 --- [kground-preinit] o.apache.tomcat.util.digester.Digester   :   Fire end() for ObjectCreateRule[className=org.apache.tomcat.util.modeler.AttributeInfo, attributeName=null]
2019-05-11 11:06:12.647 DEBUG 8956 --- [kground-preinit] o.apache.tomcat.util.digester.Digester   : [ObjectCreateRule]{mbeans-descriptors/mbean/attribute} Pop org.apache.tomcat.util.modeler.AttributeInfo
2019-05-11 11:06:12.647 DEBUG 8956 --- [kground-preinit] o.a.tomcat.util.digester.Digester.sax    : characters(

    )
2019-05-11 11:06:12.647 DEBUG 8956 --- [kground-preinit] o.a.tomcat.util.digester.Digester.sax    : startElement(,,attribute)
2019-05-11 11:06:12.648 DEBUG 8956 --- [kground-preinit] o.apache.tomcat.util.digester.Digester   :   New match='mbeans-descriptors/mbean/attribute'
2019-05-11 11:06:12.648 DEBUG 8956 --- [kground-preinit] o.apache.tomcat.util.digester.Digester   :   Fire begin() for ObjectCreateRule[className=org.apache.tomcat.util.modeler.AttributeInfo, attributeName=null]
2019-05-11 11:06:12.648 DEBUG 8956 --- [kground-preinit] o.apache.tomcat.util.digester.Digester   : [ObjectCreateRule]{mbeans-descriptors/mbean/attribute}New org.apache.tomcat.util.modeler.AttributeInfo
2019-05-11 11:06:12.648 DEBUG 8956 --- [kground-preinit] o.apache.tomcat.util.digester.Digester   :   Fire begin() for SetPropertiesRule[]
2019-05-11 11:06:12.649 DEBUG 8956 --- [kground-preinit] o.apache.tomcat.util.digester.Digester   : [SetPropertiesRule]{mbeans-descriptors/mbean/attribute} Set org.apache.tomcat.util.modeler.AttributeInfo properties
2019-05-11 11:06:12.649 DEBUG 8956 --- [kground-preinit] o.apache.tomcat.util.digester.Digester   : [SetPropertiesRule]{mbeans-descriptors/mbean/attribute} Setting property 'name' to 'privileged'
2019-05-11 11:06:12.649 DEBUG 8956 --- [kground-preinit] o.apache.tomcat.util.IntrospectionUtils  : IntrospectionUtils: setProperty(class org.apache.tomcat.util.modeler.AttributeInfo name=privileged)
2019-05-11 11:06:12.649 DEBUG 8956 --- [kground-preinit] o.apache.tomcat.util.digester.Digester   : [SetPropertiesRule]{mbeans-descriptors/mbean/attribute} Setting property 'description' to 'Access to tomcat internals'
2019-05-11 11:06:12.649 DEBUG 8956 --- [kground-preinit] o.apache.tomcat.util.IntrospectionUtils  : IntrospectionUtils: setProperty(class org.apache.tomcat.util.modeler.AttributeInfo description=Access to tomcat internals)
2019-05-11 11:06:12.649 DEBUG 8956 --- [kground-preinit] o.apache.tomcat.util.digester.Digester   : [SetPropertiesRule]{mbeans-descriptors/mbean/attribute} Setting property 'type' to 'boolean'
2019-05-11 11:06:12.650 DEBUG 8956 --- [kground-preinit] o.apache.tomcat.util.IntrospectionUtils  : IntrospectionUtils: setProperty(class org.apache.tomcat.util.modeler.AttributeInfo type=boolean)
2019-05-11 11:06:12.650 DEBUG 8956 --- [kground-preinit] o.apache.tomcat.util.digester.Digester   :   Fire begin() for SetNextRule[methodName=addAttribute, paramType=org.apache.tomcat.util.modeler.AttributeInfo]
2019-05-11 11:06:12.650 DEBUG 8956 --- [kground-preinit] o.a.tomcat.util.digester.Digester.sax    : endElement(,,attribute)
2019-05-11 11:06:12.650 DEBUG 8956 --- [kground-preinit] o.apache.tomcat.util.digester.Digester   :   match='mbeans-descriptors/mbean/attribute'
2019-05-11 11:06:12.650 DEBUG 8956 --- [kground-preinit] o.apache.tomcat.util.digester.Digester   :   bodyText=''
2019-05-11 11:06:12.650 DEBUG 8956 --- [kground-preinit] o.apache.tomcat.util.digester.Digester   :   Fire body() for ObjectCreateRule[className=org.apache.tomcat.util.modeler.AttributeInfo, attributeName=null]
2019-05-11 11:06:12.650 DEBUG 8956 --- [kground-preinit] o.apache.tomcat.util.digester.Digester   :   Fire body() for SetPropertiesRule[]
2019-05-11 11:06:12.650 DEBUG 8956 --- [kground-preinit] o.apache.tomcat.util.digester.Digester   :   Fire body() for SetNextRule[methodName=addAttribute, paramType=org.apache.tomcat.util.modeler.AttributeInfo]
2019-05-11 11:06:12.650 DEBUG 8956 --- [kground-preinit] o.apache.tomcat.util.digester.Digester   :   Fire end() for SetNextRule[methodName=addAttribute, paramType=org.apache.tomcat.util.modeler.AttributeInfo]
2019-05-11 11:06:12.650 DEBUG 8956 --- [kground-preinit] o.apache.tomcat.util.digester.Digester   : [SetNextRule]{mbeans-descriptors/mbean/attribute} Call org.apache.tomcat.util.modeler.ManagedBean.addAttribute(org.apache.tomcat.util.modeler.AttributeInfo@4ed64a3)
2019-05-11 11:06:12.650 DEBUG 8956 --- [kground-preinit] o.apache.tomcat.util.IntrospectionUtils  : IntrospectionUtils: callMethod1 org.apache.tomcat.util.modeler.ManagedBean org.apache.tomcat.util.modeler.AttributeInfo org.apache.tomcat.util.modeler.AttributeInfo
2019-05-11 11:06:12.650 DEBUG 8956 --- [kground-preinit] o.apache.tomcat.util.digester.Digester   :   Fire end() for SetPropertiesRule[]
2019-05-11 11:06:12.651 DEBUG 8956 --- [kground-preinit] o.apache.tomcat.util.digester.Digester   :   Fire end() for ObjectCreateRule[className=org.apache.tomcat.util.modeler.AttributeInfo, attributeName=null]
2019-05-11 11:06:12.651 DEBUG 8956 --- [kground-preinit] o.apache.tomcat.util.digester.Digester   : [ObjectCreateRule]{mbeans-descriptors/mbean/attribute} Pop org.apache.tomcat.util.modeler.AttributeInfo
2019-05-11 11:06:12.651 DEBUG 8956 --- [kground-preinit] o.a.tomcat.util.digester.Digester.sax    : characters(

    )
2019-05-11 11:06:12.652 DEBUG 8956 --- [kground-preinit] o.a.tomcat.util.digester.Digester.sax    : startElement(,,attribute)
2019-05-11 11:06:12.652 DEBUG 8956 --- [kground-preinit] o.apache.tomcat.util.digester.Digester   :   New match='mbeans-descriptors/mbean/attribute'
2019-05-11 11:06:12.652 DEBUG 8956 --- [kground-preinit] o.apache.tomcat.util.digester.Digester   :   Fire begin() for ObjectCreateRule[className=org.apache.tomcat.util.modeler.AttributeInfo, attributeName=null]
2019-05-11 11:06:12.652 DEBUG 8956 --- [kground-preinit] o.apache.tomcat.util.digester.Digester   : [ObjectCreateRule]{mbeans-descriptors/mbean/attribute}New org.apache.tomcat.util.modeler.AttributeInfo
2019-05-11 11:06:12.653 DEBUG 8956 --- [kground-preinit] o.apache.tomcat.util.digester.Digester   :   Fire begin() for SetPropertiesRule[]
2019-05-11 11:06:12.653 DEBUG 8956 --- [kground-preinit] o.apache.tomcat.util.digester.Digester   : [SetPropertiesRule]{mbeans-descriptors/mbean/attribute} Set org.apache.tomcat.util.modeler.AttributeInfo properties
2019-05-11 11:06:12.653 DEBUG 8956 --- [kground-preinit] o.apache.tomcat.util.digester.Digester   : [SetPropertiesRule]{mbeans-descriptors/mbean/attribute} Setting property 'name' to 'processingTime'
2019-05-11 11:06:12.653 DEBUG 8956 --- [kground-preinit] o.apache.tomcat.util.IntrospectionUtils  : IntrospectionUtils: setProperty(class org.apache.tomcat.util.modeler.AttributeInfo name=processingTime)
2019-05-11 11:06:12.654 DEBUG 8956 --- [kground-preinit] o.apache.tomcat.util.digester.Digester   : [SetPropertiesRule]{mbeans-descriptors/mbean/attribute} Setting property 'description' to 'Cumulative execution times of all servlets in this context'
2019-05-11 11:06:12.654 DEBUG 8956 --- [kground-preinit] o.apache.tomcat.util.IntrospectionUtils  : IntrospectionUtils: setProperty(class org.apache.tomcat.util.modeler.AttributeInfo description=Cumulative execution times of all servlets in this context)
2019-05-11 11:06:12.654 DEBUG 8956 --- [kground-preinit] o.apache.tomcat.util.digester.Digester   : [SetPropertiesRule]{mbeans-descriptors/mbean/attribute} Setting property 'type' to 'long'
2019-05-11 11:06:12.655 DEBUG 8956 --- [kground-preinit] o.apache.tomcat.util.IntrospectionUtils  : IntrospectionUtils: setProperty(class org.apache.tomcat.util.modeler.AttributeInfo type=long)
2019-05-11 11:06:12.655 DEBUG 8956 --- [kground-preinit] o.apache.tomcat.util.digester.Digester   : [SetPropertiesRule]{mbeans-descriptors/mbean/attribute} Setting property 'writeable' to 'false'
2019-05-11 11:06:12.655 DEBUG 8956 --- [kground-preinit] o.apache.tomcat.util.IntrospectionUtils  : IntrospectionUtils: setProperty(class org.apache.tomcat.util.modeler.AttributeInfo writeable=false)
2019-05-11 11:06:12.655 DEBUG 8956 --- [kground-preinit] o.apache.tomcat.util.digester.Digester   :   Fire begin() for SetNextRule[methodName=addAttribute, paramType=org.apache.tomcat.util.modeler.AttributeInfo]
2019-05-11 11:06:12.655 DEBUG 8956 --- [kground-preinit] o.a.tomcat.util.digester.Digester.sax    : endElement(,,attribute)
2019-05-11 11:06:12.655 DEBUG 8956 --- [kground-preinit] o.apache.tomcat.util.digester.Digester   :   match='mbeans-descriptors/mbean/attribute'
2019-05-11 11:06:12.655 DEBUG 8956 --- [kground-preinit] o.apache.tomcat.util.digester.Digester   :   bodyText=''
2019-05-11 11:06:12.655 DEBUG 8956 --- [kground-preinit] o.apache.tomcat.util.digester.Digester   :   Fire body() for ObjectCreateRule[className=org.apache.tomcat.util.modeler.AttributeInfo, attributeName=null]
2019-05-11 11:06:12.655 DEBUG 8956 --- [kground-preinit] o.apache.tomcat.util.digester.Digester   :   Fire body() for SetPropertiesRule[]
2019-05-11 11:06:12.655 DEBUG 8956 --- [kground-preinit] o.apache.tomcat.util.digester.Digester   :   Fire body() for SetNextRule[methodName=addAttribute, paramType=org.apache.tomcat.util.modeler.AttributeInfo]
2019-05-11 11:06:12.656 DEBUG 8956 --- [kground-preinit] o.apache.tomcat.util.digester.Digester   :   Fire end() for SetNextRule[methodName=addAttribute, paramType=org.apache.tomcat.util.modeler.AttributeInfo]
2019-05-11 11:06:12.656 DEBUG 8956 --- [kground-preinit] o.apache.tomcat.util.digester.Digester   : [SetNextRule]{mbeans-descriptors/mbean/attribute} Call org.apache.tomcat.util.modeler.ManagedBean.addAttribute(org.apache.tomcat.util.modeler.AttributeInfo@3a1e768a)
2019-05-11 11:06:12.656 DEBUG 8956 --- [kground-preinit] o.apache.tomcat.util.IntrospectionUtils  : IntrospectionUtils: callMethod1 org.apache.tomcat.util.modeler.ManagedBean org.apache.tomcat.util.modeler.AttributeInfo org.apache.tomcat.util.modeler.AttributeInfo
2019-05-11 11:06:12.657 DEBUG 8956 --- [kground-preinit] o.apache.tomcat.util.digester.Digester   :   Fire end() for SetPropertiesRule[]
2019-05-11 11:06:12.657 DEBUG 8956 --- [kground-preinit] o.apache.tomcat.util.digester.Digester   :   Fire end() for ObjectCreateRule[className=org.apache.tomcat.util.modeler.AttributeInfo, attributeName=null]
2019-05-11 11:06:12.657 DEBUG 8956 --- [kground-preinit] o.apache.tomcat.util.digester.Digester   : [ObjectCreateRule]{mbeans-descriptors/mbean/attribute} Pop org.apache.tomcat.util.modeler.AttributeInfo
2019-05-11 11:06:12.657 DEBUG 8956 --- [kground-preinit] o.a.tomcat.util.digester.Digester.sax    : characters(

    )
2019-05-11 11:06:12.657 DEBUG 8956 --- [kground-preinit] o.a.tomcat.util.digester.Digester.sax    : startElement(,,attribute)
2019-05-11 11:06:12.658 DEBUG 8956 --- [kground-preinit] o.apache.tomcat.util.digester.Digester   :   New match='mbeans-descriptors/mbean/attribute'
2019-05-11 11:06:12.658 DEBUG 8956 --- [kground-preinit] o.apache.tomcat.util.digester.Digester   :   Fire begin() for ObjectCreateRule[className=org.apache.tomcat.util.modeler.AttributeInfo, attributeName=null]
2019-05-11 11:06:12.658 DEBUG 8956 --- [kground-preinit] o.apache.tomcat.util.digester.Digester   : [ObjectCreateRule]{mbeans-descriptors/mbean/attribute}New org.apache.tomcat.util.modeler.AttributeInfo
2019-05-11 11:06:12.658 DEBUG 8956 --- [kground-preinit] o.apache.tomcat.util.digester.Digester   :   Fire begin() for SetPropertiesRule[]
2019-05-11 11:06:12.658 DEBUG 8956 --- [kground-preinit] o.apache.tomcat.util.digester.Digester   : [SetPropertiesRule]{mbeans-descriptors/mbean/attribute} Set org.apache.tomcat.util.modeler.AttributeInfo properties
2019-05-11 11:06:12.658 DEBUG 8956 --- [           main] o.s.b.f.s.DefaultListableBeanFactory     : Returning cached instance of singleton bean 'autoConfigurationReport'
2019-05-11 11:06:12.658 DEBUG 8956 --- [kground-preinit] o.apache.tomcat.util.digester.Digester   : [SetPropertiesRule]{mbeans-descriptors/mbean/attribute} Setting property 'name' to 'maxTime'
2019-05-11 11:06:12.658 DEBUG 8956 --- [kground-preinit] o.apache.tomcat.util.IntrospectionUtils  : IntrospectionUtils: setProperty(class org.apache.tomcat.util.modeler.AttributeInfo name=maxTime)
2019-05-11 11:06:12.658 DEBUG 8956 --- [kground-preinit] o.apache.tomcat.util.digester.Digester   : [SetPropertiesRule]{mbeans-descriptors/mbean/attribute} Setting property 'description' to 'Maximum execution time of all servlets in this context'
2019-05-11 11:06:12.658 DEBUG 8956 --- [kground-preinit] o.apache.tomcat.util.IntrospectionUtils  : IntrospectionUtils: setProperty(class org.apache.tomcat.util.modeler.AttributeInfo description=Maximum execution time of all servlets in this context)
2019-05-11 11:06:12.658 DEBUG 8956 --- [kground-preinit] o.apache.tomcat.util.digester.Digester   : [SetPropertiesRule]{mbeans-descriptors/mbean/attribute} Setting property 'type' to 'long'
2019-05-11 11:06:12.658 DEBUG 8956 --- [kground-preinit] o.apache.tomcat.util.IntrospectionUtils  : IntrospectionUtils: setProperty(class org.apache.tomcat.util.modeler.AttributeInfo type=long)
2019-05-11 11:06:12.658 DEBUG 8956 --- [kground-preinit] o.apache.tomcat.util.digester.Digester   : [SetPropertiesRule]{mbeans-descriptors/mbean/attribute} Setting property 'writeable' to 'false'
2019-05-11 11:06:12.660 DEBUG 8956 --- [kground-preinit] o.apache.tomcat.util.IntrospectionUtils  : IntrospectionUtils: setProperty(class org.apache.tomcat.util.modeler.AttributeInfo writeable=false)
2019-05-11 11:06:12.660 DEBUG 8956 --- [kground-preinit] o.apache.tomcat.util.digester.Digester   :   Fire begin() for SetNextRule[methodName=addAttribute, paramType=org.apache.tomcat.util.modeler.AttributeInfo]
2019-05-11 11:06:12.660 DEBUG 8956 --- [kground-preinit] o.a.tomcat.util.digester.Digester.sax    : endElement(,,attribute)
2019-05-11 11:06:12.660 DEBUG 8956 --- [kground-preinit] o.apache.tomcat.util.digester.Digester   :   match='mbeans-descriptors/mbean/attribute'
2019-05-11 11:06:12.661 DEBUG 8956 --- [kground-preinit] o.apache.tomcat.util.digester.Digester   :   bodyText=''
2019-05-11 11:06:12.661 DEBUG 8956 --- [kground-preinit] o.apache.tomcat.util.digester.Digester   :   Fire body() for ObjectCreateRule[className=org.apache.tomcat.util.modeler.AttributeInfo, attributeName=null]
2019-05-11 11:06:12.661 DEBUG 8956 --- [kground-preinit] o.apache.tomcat.util.digester.Digester   :   Fire body() for SetPropertiesRule[]
2019-05-11 11:06:12.661 DEBUG 8956 --- [kground-preinit] o.apache.tomcat.util.digester.Digester   :   Fire body() for SetNextRule[methodName=addAttribute, paramType=org.apache.tomcat.util.modeler.AttributeInfo]
2019-05-11 11:06:12.663 DEBUG 8956 --- [kground-preinit] o.apache.tomcat.util.digester.Digester   :   Fire end() for SetNextRule[methodName=addAttribute, paramType=org.apache.tomcat.util.modeler.AttributeInfo]
2019-05-11 11:06:12.663 DEBUG 8956 --- [kground-preinit] o.apache.tomcat.util.digester.Digester   : [SetNextRule]{mbeans-descriptors/mbean/attribute} Call org.apache.tomcat.util.modeler.ManagedBean.addAttribute(org.apache.tomcat.util.modeler.AttributeInfo@7b634f94)
2019-05-11 11:06:12.664 DEBUG 8956 --- [kground-preinit] o.apache.tomcat.util.IntrospectionUtils  : IntrospectionUtils: callMethod1 org.apache.tomcat.util.modeler.ManagedBean org.apache.tomcat.util.modeler.AttributeInfo org.apache.tomcat.util.modeler.AttributeInfo
2019-05-11 11:06:12.665 DEBUG 8956 --- [kground-preinit] o.apache.tomcat.util.digester.Digester   :   Fire end() for SetPropertiesRule[]
2019-05-11 11:06:12.665 DEBUG 8956 --- [kground-preinit] o.apache.tomcat.util.digester.Digester   :   Fire end() for ObjectCreateRule[className=org.apache.tomcat.util.modeler.AttributeInfo, attributeName=null]
2019-05-11 11:06:12.665 DEBUG 8956 --- [kground-preinit] o.apache.tomcat.util.digester.Digester   : [ObjectCreateRule]{mbeans-descriptors/mbean/attribute} Pop org.apache.tomcat.util.modeler.AttributeInfo
2019-05-11 11:06:12.665 DEBUG 8956 --- [kground-preinit] o.a.tomcat.util.digester.Digester.sax    : characters(

    )
2019-05-11 11:06:12.665 DEBUG 8956 --- [kground-preinit] o.a.tomcat.util.digester.Digester.sax    : startElement(,,attribute)
2019-05-11 11:06:12.666 DEBUG 8956 --- [           main] o.s.b.f.s.DefaultListableBeanFactory     : Returning cached instance of singleton bean 'autoConfigurationReport'
2019-05-11 11:06:12.667 DEBUG 8956 --- [kground-preinit] o.apache.tomcat.util.digester.Digester   :   New match='mbeans-descriptors/mbean/attribute'
2019-05-11 11:06:12.668 DEBUG 8956 --- [kground-preinit] o.apache.tomcat.util.digester.Digester   :   Fire begin() for ObjectCreateRule[className=org.apache.tomcat.util.modeler.AttributeInfo, attributeName=null]
2019-05-11 11:06:12.668 DEBUG 8956 --- [kground-preinit] o.apache.tomcat.util.digester.Digester   : [ObjectCreateRule]{mbeans-descriptors/mbean/attribute}New org.apache.tomcat.util.modeler.AttributeInfo
2019-05-11 11:06:12.670 DEBUG 8956 --- [kground-preinit] o.apache.tomcat.util.digester.Digester   :   Fire begin() for SetPropertiesRule[]
2019-05-11 11:06:12.670 DEBUG 8956 --- [kground-preinit] o.apache.tomcat.util.digester.Digester   : [SetPropertiesRule]{mbeans-descriptors/mbean/attribute} Set org.apache.tomcat.util.modeler.AttributeInfo properties
2019-05-11 11:06:12.670 DEBUG 8956 --- [kground-preinit] o.apache.tomcat.util.digester.Digester   : [SetPropertiesRule]{mbeans-descriptors/mbean/attribute} Setting property 'name' to 'minTime'
2019-05-11 11:06:12.670 DEBUG 8956 --- [           main] o.s.b.f.s.DefaultListableBeanFactory     : Returning cached instance of singleton bean 'autoConfigurationReport'
2019-05-11 11:06:12.671 DEBUG 8956 --- [           main] o.s.b.f.s.DefaultListableBeanFactory     : Returning cached instance of singleton bean 'autoConfigurationReport'
2019-05-11 11:06:12.670 DEBUG 8956 --- [kground-preinit] o.apache.tomcat.util.IntrospectionUtils  : IntrospectionUtils: setProperty(class org.apache.tomcat.util.modeler.AttributeInfo name=minTime)
2019-05-11 11:06:12.673 DEBUG 8956 --- [kground-preinit] o.apache.tomcat.util.digester.Digester   : [SetPropertiesRule]{mbeans-descriptors/mbean/attribute} Setting property 'description' to 'Minimum execution time of all servlets in this context'
2019-05-11 11:06:12.673 DEBUG 8956 --- [kground-preinit] o.apache.tomcat.util.IntrospectionUtils  : IntrospectionUtils: setProperty(class org.apache.tomcat.util.modeler.AttributeInfo description=Minimum execution time of all servlets in this context)
2019-05-11 11:06:12.673 DEBUG 8956 --- [kground-preinit] o.apache.tomcat.util.digester.Digester   : [SetPropertiesRule]{mbeans-descriptors/mbean/attribute} Setting property 'type' to 'long'
2019-05-11 11:06:12.674 DEBUG 8956 --- [kground-preinit] o.apache.tomcat.util.IntrospectionUtils  : IntrospectionUtils: setProperty(class org.apache.tomcat.util.modeler.AttributeInfo type=long)
2019-05-11 11:06:12.674 DEBUG 8956 --- [kground-preinit] o.apache.tomcat.util.digester.Digester   : [SetPropertiesRule]{mbeans-descriptors/mbean/attribute} Setting property 'writeable' to 'false'
2019-05-11 11:06:12.674 DEBUG 8956 --- [kground-preinit] o.apache.tomcat.util.IntrospectionUtils  : IntrospectionUtils: setProperty(class org.apache.tomcat.util.modeler.AttributeInfo writeable=false)
2019-05-11 11:06:12.674 DEBUG 8956 --- [kground-preinit] o.apache.tomcat.util.digester.Digester   :   Fire begin() for SetNextRule[methodName=addAttribute, paramType=org.apache.tomcat.util.modeler.AttributeInfo]
2019-05-11 11:06:12.674 DEBUG 8956 --- [kground-preinit] o.a.tomcat.util.digester.Digester.sax    : endElement(,,attribute)
2019-05-11 11:06:12.674 DEBUG 8956 --- [kground-preinit] o.apache.tomcat.util.digester.Digester   :   match='mbeans-descriptors/mbean/attribute'
2019-05-11 11:06:12.674 DEBUG 8956 --- [kground-preinit] o.apache.tomcat.util.digester.Digester   :   bodyText=''
2019-05-11 11:06:12.674 DEBUG 8956 --- [kground-preinit] o.apache.tomcat.util.digester.Digester   :   Fire body() for ObjectCreateRule[className=org.apache.tomcat.util.modeler.AttributeInfo, attributeName=null]
2019-05-11 11:06:12.676 DEBUG 8956 --- [kground-preinit] o.apache.tomcat.util.digester.Digester   :   Fire body() for SetPropertiesRule[]
2019-05-11 11:06:12.677 DEBUG 8956 --- [kground-preinit] o.apache.tomcat.util.digester.Digester   :   Fire body() for SetNextRule[methodName=addAttribute, paramType=org.apache.tomcat.util.modeler.AttributeInfo]
2019-05-11 11:06:12.677 DEBUG 8956 --- [kground-preinit] o.apache.tomcat.util.digester.Digester   :   Fire end() for SetNextRule[methodName=addAttribute, paramType=org.apache.tomcat.util.modeler.AttributeInfo]
2019-05-11 11:06:12.677 DEBUG 8956 --- [kground-preinit] o.apache.tomcat.util.digester.Digester   : [SetNextRule]{mbeans-descriptors/mbean/attribute} Call org.apache.tomcat.util.modeler.ManagedBean.addAttribute(org.apache.tomcat.util.modeler.AttributeInfo@7547ea5c)
2019-05-11 11:06:12.678 DEBUG 8956 --- [kground-preinit] o.apache.tomcat.util.IntrospectionUtils  : IntrospectionUtils: callMethod1 org.apache.tomcat.util.modeler.ManagedBean org.apache.tomcat.util.modeler.AttributeInfo org.apache.tomcat.util.modeler.AttributeInfo
2019-05-11 11:06:12.678 DEBUG 8956 --- [kground-preinit] o.apache.tomcat.util.digester.Digester   :   Fire end() for SetPropertiesRule[]
2019-05-11 11:06:12.678 DEBUG 8956 --- [kground-preinit] o.apache.tomcat.util.digester.Digester   :   Fire end() for ObjectCreateRule[className=org.apache.tomcat.util.modeler.AttributeInfo, attributeName=null]
2019-05-11 11:06:12.678 DEBUG 8956 --- [kground-preinit] o.apache.tomcat.util.digester.Digester   : [ObjectCreateRule]{mbeans-descriptors/mbean/attribute} Pop org.apache.tomcat.util.modeler.AttributeInfo
2019-05-11 11:06:12.678 DEBUG 8956 --- [kground-preinit] o.a.tomcat.util.digester.Digester.sax    : characters(

    )
2019-05-11 11:06:12.679 DEBUG 8956 --- [kground-preinit] o.a.tomcat.util.digester.Digester.sax    : startElement(,,attribute)
2019-05-11 11:06:12.679 DEBUG 8956 --- [kground-preinit] o.apache.tomcat.util.digester.Digester   :   New match='mbeans-descriptors/mbean/attribute'
2019-05-11 11:06:12.680 DEBUG 8956 --- [kground-preinit] o.apache.tomcat.util.digester.Digester   :   Fire begin() for ObjectCreateRule[className=org.apache.tomcat.util.modeler.AttributeInfo, attributeName=null]
2019-05-11 11:06:12.680 DEBUG 8956 --- [kground-preinit] o.apache.tomcat.util.digester.Digester   : [ObjectCreateRule]{mbeans-descriptors/mbean/attribute}New org.apache.tomcat.util.modeler.AttributeInfo
2019-05-11 11:06:12.680 DEBUG 8956 --- [kground-preinit] o.apache.tomcat.util.digester.Digester   :   Fire begin() for SetPropertiesRule[]
2019-05-11 11:06:12.681 DEBUG 8956 --- [kground-preinit] o.apache.tomcat.util.digester.Digester   : [SetPropertiesRule]{mbeans-descriptors/mbean/attribute} Set org.apache.tomcat.util.modeler.AttributeInfo properties
2019-05-11 11:06:12.681 DEBUG 8956 --- [kground-preinit] o.apache.tomcat.util.digester.Digester   : [SetPropertiesRule]{mbeans-descriptors/mbean/attribute} Setting property 'name' to 'requestCount'
2019-05-11 11:06:12.681 DEBUG 8956 --- [kground-preinit] o.apache.tomcat.util.IntrospectionUtils  : IntrospectionUtils: setProperty(class org.apache.tomcat.util.modeler.AttributeInfo name=requestCount)
2019-05-11 11:06:12.681 DEBUG 8956 --- [kground-preinit] o.apache.tomcat.util.digester.Digester   : [SetPropertiesRule]{mbeans-descriptors/mbean/attribute} Setting property 'description' to 'Cumulative request count of all servlets in this context'
2019-05-11 11:06:12.681 DEBUG 8956 --- [kground-preinit] o.apache.tomcat.util.IntrospectionUtils  : IntrospectionUtils: setProperty(class org.apache.tomcat.util.modeler.AttributeInfo description=Cumulative request count of all servlets in this context)
2019-05-11 11:06:12.682 DEBUG 8956 --- [kground-preinit] o.apache.tomcat.util.digester.Digester   : [SetPropertiesRule]{mbeans-descriptors/mbean/attribute} Setting property 'type' to 'int'
2019-05-11 11:06:12.682 DEBUG 8956 --- [kground-preinit] o.apache.tomcat.util.IntrospectionUtils  : IntrospectionUtils: setProperty(class org.apache.tomcat.util.modeler.AttributeInfo type=int)
2019-05-11 11:06:12.682 DEBUG 8956 --- [kground-preinit] o.apache.tomcat.util.digester.Digester   : [SetPropertiesRule]{mbeans-descriptors/mbean/attribute} Setting property 'writeable' to 'false'
2019-05-11 11:06:12.682 DEBUG 8956 --- [kground-preinit] o.apache.tomcat.util.IntrospectionUtils  : IntrospectionUtils: setProperty(class org.apache.tomcat.util.modeler.AttributeInfo writeable=false)
2019-05-11 11:06:12.682 DEBUG 8956 --- [kground-preinit] o.apache.tomcat.util.digester.Digester   :   Fire begin() for SetNextRule[methodName=addAttribute, paramType=org.apache.tomcat.util.modeler.AttributeInfo]
2019-05-11 11:06:12.682 DEBUG 8956 --- [kground-preinit] o.a.tomcat.util.digester.Digester.sax    : endElement(,,attribute)
2019-05-11 11:06:12.683 DEBUG 8956 --- [kground-preinit] o.apache.tomcat.util.digester.Digester   :   match='mbeans-descriptors/mbean/attribute'
2019-05-11 11:06:12.683 DEBUG 8956 --- [kground-preinit] o.apache.tomcat.util.digester.Digester   :   bodyText=''
2019-05-11 11:06:12.683 DEBUG 8956 --- [kground-preinit] o.apache.tomcat.util.digester.Digester   :   Fire body() for ObjectCreateRule[className=org.apache.tomcat.util.modeler.AttributeInfo, attributeName=null]
2019-05-11 11:06:12.683 DEBUG 8956 --- [kground-preinit] o.apache.tomcat.util.digester.Digester   :   Fire body() for SetPropertiesRule[]
2019-05-11 11:06:12.683 DEBUG 8956 --- [kground-preinit] o.apache.tomcat.util.digester.Digester   :   Fire body() for SetNextRule[methodName=addAttribute, paramType=org.apache.tomcat.util.modeler.AttributeInfo]
2019-05-11 11:06:12.683 DEBUG 8956 --- [kground-preinit] o.apache.tomcat.util.digester.Digester   :   Fire end() for SetNextRule[methodName=addAttribute, paramType=org.apache.tomcat.util.modeler.AttributeInfo]
2019-05-11 11:06:12.683 DEBUG 8956 --- [kground-preinit] o.apache.tomcat.util.digester.Digester   : [SetNextRule]{mbeans-descriptors/mbean/attribute} Call org.apache.tomcat.util.modeler.ManagedBean.addAttribute(org.apache.tomcat.util.modeler.AttributeInfo@1439148f)
2019-05-11 11:06:12.683 DEBUG 8956 --- [kground-preinit] o.apache.tomcat.util.IntrospectionUtils  : IntrospectionUtils: callMethod1 org.apache.tomcat.util.modeler.ManagedBean org.apache.tomcat.util.modeler.AttributeInfo org.apache.tomcat.util.modeler.AttributeInfo
2019-05-11 11:06:12.684 DEBUG 8956 --- [kground-preinit] o.apache.tomcat.util.digester.Digester   :   Fire end() for SetPropertiesRule[]
2019-05-11 11:06:12.684 DEBUG 8956 --- [kground-preinit] o.apache.tomcat.util.digester.Digester   :   Fire end() for ObjectCreateRule[className=org.apache.tomcat.util.modeler.AttributeInfo, attributeName=null]
2019-05-11 11:06:12.684 DEBUG 8956 --- [kground-preinit] o.apache.tomcat.util.digester.Digester   : [ObjectCreateRule]{mbeans-descriptors/mbean/attribute} Pop org.apache.tomcat.util.modeler.AttributeInfo
2019-05-11 11:06:12.684 DEBUG 8956 --- [kground-preinit] o.a.tomcat.util.digester.Digester.sax    : characters(

    )
2019-05-11 11:06:12.684 DEBUG 8956 --- [kground-preinit] o.a.tomcat.util.digester.Digester.sax    : startElement(,,attribute)
2019-05-11 11:06:12.684 DEBUG 8956 --- [kground-preinit] o.apache.tomcat.util.digester.Digester   :   New match='mbeans-descriptors/mbean/attribute'
2019-05-11 11:06:12.685 DEBUG 8956 --- [kground-preinit] o.apache.tomcat.util.digester.Digester   :   Fire begin() for ObjectCreateRule[className=org.apache.tomcat.util.modeler.AttributeInfo, attributeName=null]
2019-05-11 11:06:12.685 DEBUG 8956 --- [kground-preinit] o.apache.tomcat.util.digester.Digester   : [ObjectCreateRule]{mbeans-descriptors/mbean/attribute}New org.apache.tomcat.util.modeler.AttributeInfo
2019-05-11 11:06:12.685 DEBUG 8956 --- [kground-preinit] o.apache.tomcat.util.digester.Digester   :   Fire begin() for SetPropertiesRule[]
2019-05-11 11:06:12.685 DEBUG 8956 --- [kground-preinit] o.apache.tomcat.util.digester.Digester   : [SetPropertiesRule]{mbeans-descriptors/mbean/attribute} Set org.apache.tomcat.util.modeler.AttributeInfo properties
2019-05-11 11:06:12.685 DEBUG 8956 --- [kground-preinit] o.apache.tomcat.util.digester.Digester   : [SetPropertiesRule]{mbeans-descriptors/mbean/attribute} Setting property 'name' to 'errorCount'
2019-05-11 11:06:12.685 DEBUG 8956 --- [kground-preinit] o.apache.tomcat.util.IntrospectionUtils  : IntrospectionUtils: setProperty(class org.apache.tomcat.util.modeler.AttributeInfo name=errorCount)
2019-05-11 11:06:12.685 DEBUG 8956 --- [kground-preinit] o.apache.tomcat.util.digester.Digester   : [SetPropertiesRule]{mbeans-descriptors/mbean/attribute} Setting property 'description' to 'Cumulative error count of all servlets in this context'
2019-05-11 11:06:12.686 DEBUG 8956 --- [kground-preinit] o.apache.tomcat.util.IntrospectionUtils  : IntrospectionUtils: setProperty(class org.apache.tomcat.util.modeler.AttributeInfo description=Cumulative error count of all servlets in this context)
2019-05-11 11:06:12.686 DEBUG 8956 --- [kground-preinit] o.apache.tomcat.util.digester.Digester   : [SetPropertiesRule]{mbeans-descriptors/mbean/attribute} Setting property 'type' to 'int'
2019-05-11 11:06:12.686 DEBUG 8956 --- [kground-preinit] o.apache.tomcat.util.IntrospectionUtils  : IntrospectionUtils: setProperty(class org.apache.tomcat.util.modeler.AttributeInfo type=int)
2019-05-11 11:06:12.686 DEBUG 8956 --- [kground-preinit] o.apache.tomcat.util.digester.Digester   : [SetPropertiesRule]{mbeans-descriptors/mbean/attribute} Setting property 'writeable' to 'false'
2019-05-11 11:06:12.687 DEBUG 8956 --- [kground-preinit] o.apache.tomcat.util.IntrospectionUtils  : IntrospectionUtils: setProperty(class org.apache.tomcat.util.modeler.AttributeInfo writeable=false)
2019-05-11 11:06:12.687 DEBUG 8956 --- [kground-preinit] o.apache.tomcat.util.digester.Digester   :   Fire begin() for SetNextRule[methodName=addAttribute, paramType=org.apache.tomcat.util.modeler.AttributeInfo]
2019-05-11 11:06:12.687 DEBUG 8956 --- [kground-preinit] o.a.tomcat.util.digester.Digester.sax    : endElement(,,attribute)
2019-05-11 11:06:12.687 DEBUG 8956 --- [kground-preinit] o.apache.tomcat.util.digester.Digester   :   match='mbeans-descriptors/mbean/attribute'
2019-05-11 11:06:12.687 DEBUG 8956 --- [kground-preinit] o.apache.tomcat.util.digester.Digester   :   bodyText=''
2019-05-11 11:06:12.687 DEBUG 8956 --- [kground-preinit] o.apache.tomcat.util.digester.Digester   :   Fire body() for ObjectCreateRule[className=org.apache.tomcat.util.modeler.AttributeInfo, attributeName=null]
2019-05-11 11:06:12.687 DEBUG 8956 --- [kground-preinit] o.apache.tomcat.util.digester.Digester   :   Fire body() for SetPropertiesRule[]
2019-05-11 11:06:12.687 DEBUG 8956 --- [kground-preinit] o.apache.tomcat.util.digester.Digester   :   Fire body() for SetNextRule[methodName=addAttribute, paramType=org.apache.tomcat.util.modeler.AttributeInfo]
2019-05-11 11:06:12.687 DEBUG 8956 --- [kground-preinit] o.apache.tomcat.util.digester.Digester   :   Fire end() for SetNextRule[methodName=addAttribute, paramType=org.apache.tomcat.util.modeler.AttributeInfo]
2019-05-11 11:06:12.687 DEBUG 8956 --- [kground-preinit] o.apache.tomcat.util.digester.Digester   : [SetNextRule]{mbeans-descriptors/mbean/attribute} Call org.apache.tomcat.util.modeler.ManagedBean.addAttribute(org.apache.tomcat.util.modeler.AttributeInfo@59896cd4)
2019-05-11 11:06:12.688 DEBUG 8956 --- [kground-preinit] o.apache.tomcat.util.IntrospectionUtils  : IntrospectionUtils: callMethod1 org.apache.tomcat.util.modeler.ManagedBean org.apache.tomcat.util.modeler.AttributeInfo org.apache.tomcat.util.modeler.AttributeInfo
2019-05-11 11:06:12.688 DEBUG 8956 --- [kground-preinit] o.apache.tomcat.util.digester.Digester   :   Fire end() for SetPropertiesRule[]
2019-05-11 11:06:12.688 DEBUG 8956 --- [kground-preinit] o.apache.tomcat.util.digester.Digester   :   Fire end() for ObjectCreateRule[className=org.apache.tomcat.util.modeler.AttributeInfo, attributeName=null]
2019-05-11 11:06:12.688 DEBUG 8956 --- [kground-preinit] o.apache.tomcat.util.digester.Digester   : [ObjectCreateRule]{mbeans-descriptors/mbean/attribute} Pop org.apache.tomcat.util.modeler.AttributeInfo
2019-05-11 11:06:12.688 DEBUG 8956 --- [kground-preinit] o.a.tomcat.util.digester.Digester.sax    : characters(

    )
2019-05-11 11:06:12.688 DEBUG 8956 --- [kground-preinit] o.a.tomcat.util.digester.Digester.sax    : startElement(,,attribute)
2019-05-11 11:06:12.688 DEBUG 8956 --- [kground-preinit] o.apache.tomcat.util.digester.Digester   :   New match='mbeans-descriptors/mbean/attribute'
2019-05-11 11:06:12.688 DEBUG 8956 --- [kground-preinit] o.apache.tomcat.util.digester.Digester   :   Fire begin() for ObjectCreateRule[className=org.apache.tomcat.util.modeler.AttributeInfo, attributeName=null]
2019-05-11 11:06:12.689 DEBUG 8956 --- [kground-preinit] o.apache.tomcat.util.digester.Digester   : [ObjectCreateRule]{mbeans-descriptors/mbean/attribute}New org.apache.tomcat.util.modeler.AttributeInfo
2019-05-11 11:06:12.687 DEBUG 8956 --- [           main] o.s.b.f.s.DefaultListableBeanFactory     : Returning cached instance of singleton bean 'autoConfigurationReport'
2019-05-11 11:06:12.689 DEBUG 8956 --- [kground-preinit] o.apache.tomcat.util.digester.Digester   :   Fire begin() for SetPropertiesRule[]
2019-05-11 11:06:12.689 DEBUG 8956 --- [kground-preinit] o.apache.tomcat.util.digester.Digester   : [SetPropertiesRule]{mbeans-descriptors/mbean/attribute} Set org.apache.tomcat.util.modeler.AttributeInfo properties
2019-05-11 11:06:12.689 DEBUG 8956 --- [kground-preinit] o.apache.tomcat.util.digester.Digester   : [SetPropertiesRule]{mbeans-descriptors/mbean/attribute} Setting property 'name' to 'publicId'
2019-05-11 11:06:12.689 DEBUG 8956 --- [kground-preinit] o.apache.tomcat.util.IntrospectionUtils  : IntrospectionUtils: setProperty(class org.apache.tomcat.util.modeler.AttributeInfo name=publicId)
2019-05-11 11:06:12.689 DEBUG 8956 --- [           main] o.s.b.f.s.DefaultListableBeanFactory     : Returning cached instance of singleton bean 'autoConfigurationReport'
2019-05-11 11:06:12.689 DEBUG 8956 --- [kground-preinit] o.apache.tomcat.util.digester.Digester   : [SetPropertiesRule]{mbeans-descriptors/mbean/attribute} Setting property 'description' to 'The public identifier of the DTD for the web application deployment descriptor version that is being parsed'
2019-05-11 11:06:12.689 DEBUG 8956 --- [kground-preinit] o.apache.tomcat.util.IntrospectionUtils  : IntrospectionUtils: setProperty(class org.apache.tomcat.util.modeler.AttributeInfo description=The public identifier of the DTD for the web application deployment descriptor version that is being parsed)
2019-05-11 11:06:12.689 DEBUG 8956 --- [kground-preinit] o.apache.tomcat.util.digester.Digester   : [SetPropertiesRule]{mbeans-descriptors/mbean/attribute} Setting property 'type' to 'java.lang.String'
2019-05-11 11:06:12.689 DEBUG 8956 --- [           main] o.s.b.f.s.DefaultListableBeanFactory     : Returning cached instance of singleton bean 'autoConfigurationReport'
2019-05-11 11:06:12.689 DEBUG 8956 --- [kground-preinit] o.apache.tomcat.util.IntrospectionUtils  : IntrospectionUtils: setProperty(class org.apache.tomcat.util.modeler.AttributeInfo type=java.lang.String)
2019-05-11 11:06:12.689 DEBUG 8956 --- [kground-preinit] o.apache.tomcat.util.digester.Digester   : [SetPropertiesRule]{mbeans-descriptors/mbean/attribute} Setting property 'writeable' to 'false'
2019-05-11 11:06:12.690 DEBUG 8956 --- [kground-preinit] o.apache.tomcat.util.IntrospectionUtils  : IntrospectionUtils: setProperty(class org.apache.tomcat.util.modeler.AttributeInfo writeable=false)
2019-05-11 11:06:12.690 DEBUG 8956 --- [kground-preinit] o.apache.tomcat.util.digester.Digester   :   Fire begin() for SetNextRule[methodName=addAttribute, paramType=org.apache.tomcat.util.modeler.AttributeInfo]
2019-05-11 11:06:12.690 DEBUG 8956 --- [kground-preinit] o.a.tomcat.util.digester.Digester.sax    : endElement(,,attribute)
2019-05-11 11:06:12.690 DEBUG 8956 --- [kground-preinit] o.apache.tomcat.util.digester.Digester   :   match='mbeans-descriptors/mbean/attribute'
2019-05-11 11:06:12.690 DEBUG 8956 --- [kground-preinit] o.apache.tomcat.util.digester.Digester   :   bodyText=''
2019-05-11 11:06:12.690 DEBUG 8956 --- [kground-preinit] o.apache.tomcat.util.digester.Digester   :   Fire body() for ObjectCreateRule[className=org.apache.tomcat.util.modeler.AttributeInfo, attributeName=null]
2019-05-11 11:06:12.691 DEBUG 8956 --- [kground-preinit] o.apache.tomcat.util.digester.Digester   :   Fire body() for SetPropertiesRule[]
2019-05-11 11:06:12.691 DEBUG 8956 --- [kground-preinit] o.apache.tomcat.util.digester.Digester   :   Fire body() for SetNextRule[methodName=addAttribute, paramType=org.apache.tomcat.util.modeler.AttributeInfo]
2019-05-11 11:06:12.691 DEBUG 8956 --- [kground-preinit] o.apache.tomcat.util.digester.Digester   :   Fire end() for SetNextRule[methodName=addAttribute, paramType=org.apache.tomcat.util.modeler.AttributeInfo]
2019-05-11 11:06:12.691 DEBUG 8956 --- [kground-preinit] o.apache.tomcat.util.digester.Digester   : [SetNextRule]{mbeans-descriptors/mbean/attribute} Call org.apache.tomcat.util.modeler.ManagedBean.addAttribute(org.apache.tomcat.util.modeler.AttributeInfo@46b90940)
2019-05-11 11:06:12.691 DEBUG 8956 --- [kground-preinit] o.apache.tomcat.util.IntrospectionUtils  : IntrospectionUtils: callMethod1 org.apache.tomcat.util.modeler.ManagedBean org.apache.tomcat.util.modeler.AttributeInfo org.apache.tomcat.util.modeler.AttributeInfo
2019-05-11 11:06:12.691 DEBUG 8956 --- [kground-preinit] o.apache.tomcat.util.digester.Digester   :   Fire end() for SetPropertiesRule[]
2019-05-11 11:06:12.691 DEBUG 8956 --- [kground-preinit] o.apache.tomcat.util.digester.Digester   :   Fire end() for ObjectCreateRule[className=org.apache.tomcat.util.modeler.AttributeInfo, attributeName=null]
2019-05-11 11:06:12.691 DEBUG 8956 --- [kground-preinit] o.apache.tomcat.util.digester.Digester   : [ObjectCreateRule]{mbeans-descriptors/mbean/attribute} Pop org.apache.tomcat.util.modeler.AttributeInfo
2019-05-11 11:06:12.691 DEBUG 8956 --- [kground-preinit] o.a.tomcat.util.digester.Digester.sax    : characters(

    )
2019-05-11 11:06:12.691 DEBUG 8956 --- [kground-preinit] o.a.tomcat.util.digester.Digester.sax    : startElement(,,attribute)
2019-05-11 11:06:12.692 DEBUG 8956 --- [kground-preinit] o.apache.tomcat.util.digester.Digester   :   New match='mbeans-descriptors/mbean/attribute'
2019-05-11 11:06:12.692 DEBUG 8956 --- [kground-preinit] o.apache.tomcat.util.digester.Digester   :   Fire begin() for ObjectCreateRule[className=org.apache.tomcat.util.modeler.AttributeInfo, attributeName=null]
2019-05-11 11:06:12.692 DEBUG 8956 --- [kground-preinit] o.apache.tomcat.util.digester.Digester   : [ObjectCreateRule]{mbeans-descriptors/mbean/attribute}New org.apache.tomcat.util.modeler.AttributeInfo
2019-05-11 11:06:12.692 DEBUG 8956 --- [kground-preinit] o.apache.tomcat.util.digester.Digester   :   Fire begin() for SetPropertiesRule[]
2019-05-11 11:06:12.692 DEBUG 8956 --- [kground-preinit] o.apache.tomcat.util.digester.Digester   : [SetPropertiesRule]{mbeans-descriptors/mbean/attribute} Set org.apache.tomcat.util.modeler.AttributeInfo properties
2019-05-11 11:06:12.692 DEBUG 8956 --- [kground-preinit] o.apache.tomcat.util.digester.Digester   : [SetPropertiesRule]{mbeans-descriptors/mbean/attribute} Setting property 'name' to 'realm'
2019-05-11 11:06:12.692 DEBUG 8956 --- [kground-preinit] o.apache.tomcat.util.IntrospectionUtils  : IntrospectionUtils: setProperty(class org.apache.tomcat.util.modeler.AttributeInfo name=realm)
2019-05-11 11:06:12.693 DEBUG 8956 --- [kground-preinit] o.apache.tomcat.util.digester.Digester   : [SetPropertiesRule]{mbeans-descriptors/mbean/attribute} Setting property 'description' to 'Associated realm.'
2019-05-11 11:06:12.694 DEBUG 8956 --- [kground-preinit] o.apache.tomcat.util.IntrospectionUtils  : IntrospectionUtils: setProperty(class org.apache.tomcat.util.modeler.AttributeInfo description=Associated realm.)
2019-05-11 11:06:12.695 DEBUG 8956 --- [kground-preinit] o.apache.tomcat.util.digester.Digester   : [SetPropertiesRule]{mbeans-descriptors/mbean/attribute} Setting property 'type' to 'org.apache.catalina.Realm'
2019-05-11 11:06:12.695 DEBUG 8956 --- [kground-preinit] o.apache.tomcat.util.IntrospectionUtils  : IntrospectionUtils: setProperty(class org.apache.tomcat.util.modeler.AttributeInfo type=org.apache.catalina.Realm)
2019-05-11 11:06:12.695 DEBUG 8956 --- [kground-preinit] o.apache.tomcat.util.digester.Digester   :   Fire begin() for SetNextRule[methodName=addAttribute, paramType=org.apache.tomcat.util.modeler.AttributeInfo]
2019-05-11 11:06:12.695 DEBUG 8956 --- [kground-preinit] o.a.tomcat.util.digester.Digester.sax    : endElement(,,attribute)
2019-05-11 11:06:12.695 DEBUG 8956 --- [kground-preinit] o.apache.tomcat.util.digester.Digester   :   match='mbeans-descriptors/mbean/attribute'
2019-05-11 11:06:12.696 DEBUG 8956 --- [kground-preinit] o.apache.tomcat.util.digester.Digester   :   bodyText=''
2019-05-11 11:06:12.696 DEBUG 8956 --- [kground-preinit] o.apache.tomcat.util.digester.Digester   :   Fire body() for ObjectCreateRule[className=org.apache.tomcat.util.modeler.AttributeInfo, attributeName=null]
2019-05-11 11:06:12.696 DEBUG 8956 --- [kground-preinit] o.apache.tomcat.util.digester.Digester   :   Fire body() for SetPropertiesRule[]
2019-05-11 11:06:12.696 DEBUG 8956 --- [kground-preinit] o.apache.tomcat.util.digester.Digester   :   Fire body() for SetNextRule[methodName=addAttribute, paramType=org.apache.tomcat.util.modeler.AttributeInfo]
2019-05-11 11:06:12.697 DEBUG 8956 --- [kground-preinit] o.apache.tomcat.util.digester.Digester   :   Fire end() for SetNextRule[methodName=addAttribute, paramType=org.apache.tomcat.util.modeler.AttributeInfo]
2019-05-11 11:06:12.697 DEBUG 8956 --- [kground-preinit] o.apache.tomcat.util.digester.Digester   : [SetNextRule]{mbeans-descriptors/mbean/attribute} Call org.apache.tomcat.util.modeler.ManagedBean.addAttribute(org.apache.tomcat.util.modeler.AttributeInfo@ce61ec1)
2019-05-11 11:06:12.694 DEBUG 8956 --- [           main] o.s.b.f.s.DefaultListableBeanFactory     : Returning cached instance of singleton bean 'autoConfigurationReport'
2019-05-11 11:06:12.697 DEBUG 8956 --- [kground-preinit] o.apache.tomcat.util.IntrospectionUtils  : IntrospectionUtils: callMethod1 org.apache.tomcat.util.modeler.ManagedBean org.apache.tomcat.util.modeler.AttributeInfo org.apache.tomcat.util.modeler.AttributeInfo
2019-05-11 11:06:12.697 DEBUG 8956 --- [kground-preinit] o.apache.tomcat.util.digester.Digester   :   Fire end() for SetPropertiesRule[]
2019-05-11 11:06:12.697 DEBUG 8956 --- [           main] o.s.b.f.s.DefaultListableBeanFactory     : Returning cached instance of singleton bean 'autoConfigurationReport'
2019-05-11 11:06:12.697 DEBUG 8956 --- [kground-preinit] o.apache.tomcat.util.digester.Digester   :   Fire end() for ObjectCreateRule[className=org.apache.tomcat.util.modeler.AttributeInfo, attributeName=null]
2019-05-11 11:06:12.698 DEBUG 8956 --- [kground-preinit] o.apache.tomcat.util.digester.Digester   : [ObjectCreateRule]{mbeans-descriptors/mbean/attribute} Pop org.apache.tomcat.util.modeler.AttributeInfo
2019-05-11 11:06:12.698 DEBUG 8956 --- [kground-preinit] o.a.tomcat.util.digester.Digester.sax    : characters(

    )
2019-05-11 11:06:12.698 DEBUG 8956 --- [kground-preinit] o.a.tomcat.util.digester.Digester.sax    : startElement(,,attribute)
2019-05-11 11:06:12.698 DEBUG 8956 --- [           main] o.s.b.f.s.DefaultListableBeanFactory     : Returning cached instance of singleton bean 'autoConfigurationReport'
2019-05-11 11:06:12.698 DEBUG 8956 --- [kground-preinit] o.apache.tomcat.util.digester.Digester   :   New match='mbeans-descriptors/mbean/attribute'
2019-05-11 11:06:12.698 DEBUG 8956 --- [kground-preinit] o.apache.tomcat.util.digester.Digester   :   Fire begin() for ObjectCreateRule[className=org.apache.tomcat.util.modeler.AttributeInfo, attributeName=null]
2019-05-11 11:06:12.698 DEBUG 8956 --- [kground-preinit] o.apache.tomcat.util.digester.Digester   : [ObjectCreateRule]{mbeans-descriptors/mbean/attribute}New org.apache.tomcat.util.modeler.AttributeInfo
2019-05-11 11:06:12.699 DEBUG 8956 --- [kground-preinit] o.apache.tomcat.util.digester.Digester   :   Fire begin() for SetPropertiesRule[]
2019-05-11 11:06:12.700 DEBUG 8956 --- [           main] o.s.b.f.s.DefaultListableBeanFactory     : Returning cached instance of singleton bean 'autoConfigurationReport'
2019-05-11 11:06:12.700 DEBUG 8956 --- [           main] o.s.b.f.s.DefaultListableBeanFactory     : Returning cached instance of singleton bean 'autoConfigurationReport'
2019-05-11 11:06:12.701 DEBUG 8956 --- [           main] o.s.b.f.s.DefaultListableBeanFactory     : Returning cached instance of singleton bean 'autoConfigurationReport'
2019-05-11 11:06:12.702 DEBUG 8956 --- [kground-preinit] o.apache.tomcat.util.digester.Digester   : [SetPropertiesRule]{mbeans-descriptors/mbean/attribute} Set org.apache.tomcat.util.modeler.AttributeInfo properties
2019-05-11 11:06:12.702 DEBUG 8956 --- [kground-preinit] o.apache.tomcat.util.digester.Digester   : [SetPropertiesRule]{mbeans-descriptors/mbean/attribute} Setting property 'name' to 'reloadable'
2019-05-11 11:06:12.702 DEBUG 8956 --- [kground-preinit] o.apache.tomcat.util.IntrospectionUtils  : IntrospectionUtils: setProperty(class org.apache.tomcat.util.modeler.AttributeInfo name=reloadable)
2019-05-11 11:06:12.702 DEBUG 8956 --- [kground-preinit] o.apache.tomcat.util.digester.Digester   : [SetPropertiesRule]{mbeans-descriptors/mbean/attribute} Setting property 'description' to 'The reloadable flag for this web application'
2019-05-11 11:06:12.703 DEBUG 8956 --- [kground-preinit] o.apache.tomcat.util.IntrospectionUtils  : IntrospectionUtils: setProperty(class org.apache.tomcat.util.modeler.AttributeInfo description=The reloadable flag for this web application)
2019-05-11 11:06:12.703 DEBUG 8956 --- [kground-preinit] o.apache.tomcat.util.digester.Digester   : [SetPropertiesRule]{mbeans-descriptors/mbean/attribute} Setting property 'type' to 'boolean'
2019-05-11 11:06:12.703 DEBUG 8956 --- [kground-preinit] o.apache.tomcat.util.IntrospectionUtils  : IntrospectionUtils: setProperty(class org.apache.tomcat.util.modeler.AttributeInfo type=boolean)
2019-05-11 11:06:12.704 DEBUG 8956 --- [kground-preinit] o.apache.tomcat.util.digester.Digester   :   Fire begin() for SetNextRule[methodName=addAttribute, paramType=org.apache.tomcat.util.modeler.AttributeInfo]
2019-05-11 11:06:12.705 DEBUG 8956 --- [kground-preinit] o.a.tomcat.util.digester.Digester.sax    : endElement(,,attribute)
2019-05-11 11:06:12.705 DEBUG 8956 --- [kground-preinit] o.apache.tomcat.util.digester.Digester   :   match='mbeans-descriptors/mbean/attribute'
2019-05-11 11:06:12.705 DEBUG 8956 --- [kground-preinit] o.apache.tomcat.util.digester.Digester   :   bodyText=''
2019-05-11 11:06:12.719 DEBUG 8956 --- [kground-preinit] o.apache.tomcat.util.digester.Digester   :   Fire body() for ObjectCreateRule[className=org.apache.tomcat.util.modeler.AttributeInfo, attributeName=null]
2019-05-11 11:06:12.719 DEBUG 8956 --- [kground-preinit] o.apache.tomcat.util.digester.Digester   :   Fire body() for SetPropertiesRule[]
2019-05-11 11:06:12.722 DEBUG 8956 --- [kground-preinit] o.apache.tomcat.util.digester.Digester   :   Fire body() for SetNextRule[methodName=addAttribute, paramType=org.apache.tomcat.util.modeler.AttributeInfo]
2019-05-11 11:06:12.723 DEBUG 8956 --- [kground-preinit] o.apache.tomcat.util.digester.Digester   :   Fire end() for SetNextRule[methodName=addAttribute, paramType=org.apache.tomcat.util.modeler.AttributeInfo]
2019-05-11 11:06:12.730 DEBUG 8956 --- [kground-preinit] o.apache.tomcat.util.digester.Digester   : [SetNextRule]{mbeans-descriptors/mbean/attribute} Call org.apache.tomcat.util.modeler.ManagedBean.addAttribute(org.apache.tomcat.util.modeler.AttributeInfo@50a7eebe)
2019-05-11 11:06:12.731 DEBUG 8956 --- [kground-preinit] o.apache.tomcat.util.IntrospectionUtils  : IntrospectionUtils: callMethod1 org.apache.tomcat.util.modeler.ManagedBean org.apache.tomcat.util.modeler.AttributeInfo org.apache.tomcat.util.modeler.AttributeInfo
2019-05-11 11:06:12.731 DEBUG 8956 --- [kground-preinit] o.apache.tomcat.util.digester.Digester   :   Fire end() for SetPropertiesRule[]
2019-05-11 11:06:12.731 DEBUG 8956 --- [kground-preinit] o.apache.tomcat.util.digester.Digester   :   Fire end() for ObjectCreateRule[className=org.apache.tomcat.util.modeler.AttributeInfo, attributeName=null]
2019-05-11 11:06:12.731 DEBUG 8956 --- [kground-preinit] o.apache.tomcat.util.digester.Digester   : [ObjectCreateRule]{mbeans-descriptors/mbean/attribute} Pop org.apache.tomcat.util.modeler.AttributeInfo
2019-05-11 11:06:12.731 DEBUG 8956 --- [kground-preinit] o.a.tomcat.util.digester.Digester.sax    : characters(

    )
2019-05-11 11:06:12.731 DEBUG 8956 --- [kground-preinit] o.a.tomcat.util.digester.Digester.sax    : startElement(,,attribute)
2019-05-11 11:06:12.731 DEBUG 8956 --- [kground-preinit] o.apache.tomcat.util.digester.Digester   :   New match='mbeans-descriptors/mbean/attribute'
2019-05-11 11:06:12.731 DEBUG 8956 --- [kground-preinit] o.apache.tomcat.util.digester.Digester   :   Fire begin() for ObjectCreateRule[className=org.apache.tomcat.util.modeler.AttributeInfo, attributeName=null]
2019-05-11 11:06:12.731 DEBUG 8956 --- [kground-preinit] o.apache.tomcat.util.digester.Digester   : [ObjectCreateRule]{mbeans-descriptors/mbean/attribute}New org.apache.tomcat.util.modeler.AttributeInfo
2019-05-11 11:06:12.731 DEBUG 8956 --- [kground-preinit] o.apache.tomcat.util.digester.Digester   :   Fire begin() for SetPropertiesRule[]
2019-05-11 11:06:12.731 DEBUG 8956 --- [kground-preinit] o.apache.tomcat.util.digester.Digester   : [SetPropertiesRule]{mbeans-descriptors/mbean/attribute} Set org.apache.tomcat.util.modeler.AttributeInfo properties
2019-05-11 11:06:12.731 DEBUG 8956 --- [kground-preinit] o.apache.tomcat.util.digester.Digester   : [SetPropertiesRule]{mbeans-descriptors/mbean/attribute} Setting property 'name' to 'renewThreadsWhenStoppingContext'
2019-05-11 11:06:12.731 DEBUG 8956 --- [kground-preinit] o.apache.tomcat.util.IntrospectionUtils  : IntrospectionUtils: setProperty(class org.apache.tomcat.util.modeler.AttributeInfo name=renewThreadsWhenStoppingContext)
2019-05-11 11:06:12.745 DEBUG 8956 --- [           main] o.s.b.f.s.DefaultListableBeanFactory     : Returning cached instance of singleton bean 'autoConfigurationReport'
2019-05-11 11:06:12.754 DEBUG 8956 --- [kground-preinit] o.apache.tomcat.util.digester.Digester   : [SetPropertiesRule]{mbeans-descriptors/mbean/attribute} Setting property 'description' to 'Should Tomcat renew the threads of the thread pool when the application is stopped to avoid memory leaks because of uncleaned ThreadLocal variables.'
2019-05-11 11:06:12.755 DEBUG 8956 --- [kground-preinit] o.apache.tomcat.util.IntrospectionUtils  : IntrospectionUtils: setProperty(class org.apache.tomcat.util.modeler.AttributeInfo description=Should Tomcat renew the threads of the thread pool when the application is stopped to avoid memory leaks because of uncleaned ThreadLocal variables.)
2019-05-11 11:06:12.755 DEBUG 8956 --- [kground-preinit] o.apache.tomcat.util.digester.Digester   : [SetPropertiesRule]{mbeans-descriptors/mbean/attribute} Setting property 'type' to 'boolean'
2019-05-11 11:06:12.755 DEBUG 8956 --- [kground-preinit] o.apache.tomcat.util.IntrospectionUtils  : IntrospectionUtils: setProperty(class org.apache.tomcat.util.modeler.AttributeInfo type=boolean)
2019-05-11 11:06:12.755 DEBUG 8956 --- [           main] a.ConfigurationClassBeanDefinitionReader : Registering bean definition for @Bean method com.atguigu.gware.config.ActiveMQConfig.getActiveMQUtil()
2019-05-11 11:06:12.755 DEBUG 8956 --- [kground-preinit] o.apache.tomcat.util.digester.Digester   :   Fire begin() for SetNextRule[methodName=addAttribute, paramType=org.apache.tomcat.util.modeler.AttributeInfo]
2019-05-11 11:06:12.755 DEBUG 8956 --- [           main] a.ConfigurationClassBeanDefinitionReader : Registering bean definition for @Bean method com.atguigu.gware.config.ActiveMQConfig.jmsQueueListener()
2019-05-11 11:06:12.756 DEBUG 8956 --- [           main] a.ConfigurationClassBeanDefinitionReader : Registering bean definition for @Bean method com.atguigu.gware.config.ActiveMQConfig.redeliveryPolicy()
2019-05-11 11:06:12.756 DEBUG 8956 --- [           main] a.ConfigurationClassBeanDefinitionReader : Registering bean definition for @Bean method com.atguigu.gware.config.ActiveMQConfig.activeMQConnectionFactory()
2019-05-11 11:06:12.757 DEBUG 8956 --- [kground-preinit] o.a.tomcat.util.digester.Digester.sax    : endElement(,,attribute)
2019-05-11 11:06:12.758 DEBUG 8956 --- [kground-preinit] o.apache.tomcat.util.digester.Digester   :   match='mbeans-descriptors/mbean/attribute'
2019-05-11 11:06:12.758 DEBUG 8956 --- [kground-preinit] o.apache.tomcat.util.digester.Digester   :   bodyText=''
2019-05-11 11:06:12.758 DEBUG 8956 --- [kground-preinit] o.apache.tomcat.util.digester.Digester   :   Fire body() for ObjectCreateRule[className=org.apache.tomcat.util.modeler.AttributeInfo, attributeName=null]
2019-05-11 11:06:12.758 DEBUG 8956 --- [kground-preinit] o.apache.tomcat.util.digester.Digester   :   Fire body() for SetPropertiesRule[]
2019-05-11 11:06:12.759 DEBUG 8956 --- [kground-preinit] o.apache.tomcat.util.digester.Digester   :   Fire body() for SetNextRule[methodName=addAttribute, paramType=org.apache.tomcat.util.modeler.AttributeInfo]
2019-05-11 11:06:12.759 DEBUG 8956 --- [kground-preinit] o.apache.tomcat.util.digester.Digester   :   Fire end() for SetNextRule[methodName=addAttribute, paramType=org.apache.tomcat.util.modeler.AttributeInfo]
2019-05-11 11:06:12.759 DEBUG 8956 --- [kground-preinit] o.apache.tomcat.util.digester.Digester   : [SetNextRule]{mbeans-descriptors/mbean/attribute} Call org.apache.tomcat.util.modeler.ManagedBean.addAttribute(org.apache.tomcat.util.modeler.AttributeInfo@42dad7b2)
2019-05-11 11:06:12.759 DEBUG 8956 --- [kground-preinit] o.apache.tomcat.util.IntrospectionUtils  : IntrospectionUtils: callMethod1 org.apache.tomcat.util.modeler.ManagedBean org.apache.tomcat.util.modeler.AttributeInfo org.apache.tomcat.util.modeler.AttributeInfo
2019-05-11 11:06:12.759 DEBUG 8956 --- [kground-preinit] o.apache.tomcat.util.digester.Digester   :   Fire end() for SetPropertiesRule[]
2019-05-11 11:06:12.761 DEBUG 8956 --- [kground-preinit] o.apache.tomcat.util.digester.Digester   :   Fire end() for ObjectCreateRule[className=org.apache.tomcat.util.modeler.AttributeInfo, attributeName=null]
2019-05-11 11:06:12.762 DEBUG 8956 --- [kground-preinit] o.apache.tomcat.util.digester.Digester   : [ObjectCreateRule]{mbeans-descriptors/mbean/attribute} Pop org.apache.tomcat.util.modeler.AttributeInfo
2019-05-11 11:06:12.762 DEBUG 8956 --- [kground-preinit] o.a.tomcat.util.digester.Digester.sax    : characters(

    )
2019-05-11 11:06:12.762 DEBUG 8956 --- [kground-preinit] o.a.tomcat.util.digester.Digester.sax    : startElement(,,attribute)
2019-05-11 11:06:12.762 DEBUG 8956 --- [kground-preinit] o.apache.tomcat.util.digester.Digester   :   New match='mbeans-descriptors/mbean/attribute'
2019-05-11 11:06:12.763 DEBUG 8956 --- [           main] o.s.core.env.StandardEnvironment         : Adding PropertySource 'systemProperties' with lowest search precedence
2019-05-11 11:06:12.763 DEBUG 8956 --- [           main] o.s.core.env.StandardEnvironment         : Adding PropertySource 'systemEnvironment' with lowest search precedence
2019-05-11 11:06:12.763 DEBUG 8956 --- [kground-preinit] o.apache.tomcat.util.digester.Digester   :   Fire begin() for ObjectCreateRule[className=org.apache.tomcat.util.modeler.AttributeInfo, attributeName=null]
2019-05-11 11:06:12.763 DEBUG 8956 --- [kground-preinit] o.apache.tomcat.util.digester.Digester   : [ObjectCreateRule]{mbeans-descriptors/mbean/attribute}New org.apache.tomcat.util.modeler.AttributeInfo
2019-05-11 11:06:12.763 DEBUG 8956 --- [           main] o.s.core.env.StandardEnvironment         : Initialized StandardEnvironment with PropertySources [MapPropertySource@820878444 {name='systemProperties', properties={idea.version=2018.1.6, java.runtime.name=Java(TM) SE Runtime Environment, sun.boot.library.path=C:\Program Files\Java\jdk1.8.0_121\jre\bin, java.vm.version=25.121-b13, java.vm.vendor=Oracle Corporation, java.vendor.url=http://java.oracle.com/, path.separator=;, java.vm.name=Java HotSpot(TM) 64-Bit Server VM, file.encoding.pkg=sun.io, user.country=CN, user.script=, sun.java.launcher=SUN_STANDARD, sun.os.patch.level=, PID=8956, java.vm.specification.name=Java Virtual Machine Specification, user.dir=E:\gmall0508\gware-manage, java.runtime.version=1.8.0_121-b13, basedir=E:\gmall0508\gware-manage, java.awt.graphicsenv=sun.awt.Win32GraphicsEnvironment, org.jboss.logging.provider=slf4j, java.endorsed.dirs=C:\Program Files\Java\jdk1.8.0_121\jre\lib\endorsed, os.arch=amd64, surefire.real.class.path=E:\gmall0508\gware-manage\target\surefire\surefirebooter458343370226113936.jar, java.io.tmpdir=C:\Users\Lenovo\AppData\Local\Temp\, line.separator=
, java.vm.specification.vendor=Oracle Corporation, user.variant=, os.name=Windows 8.1, sun.jnu.encoding=GBK, spring.beaninfo.ignore=true, java.library.path=C:\Program Files\Java\jdk1.8.0_121\jre\bin;C:\windows\Sun\Java\bin;C:\windows\system32;C:\windows;C:\Program Files (x86)\Common Files\Oracle\Java\javapath;C:\ProgramData\Oracle\Java\javapath;C:\Program Files (x86)\Lenovo\FusionEngine;C:\Program Files (x86)\Intel\iCLS Client\;C:\Program Files\Intel\iCLS Client\;C:\windows\system32;C:\windows;C:\windows\System32\Wbem;C:\windows\System32\WindowsPowerShell\v1.0\;C:\Program Files\Intel\Intel(R) Management Engine Components\DAL;C:\Program Files (x86)\Intel\Intel(R) Management Engine Components\DAL;C:\Program Files\Intel\Intel(R) Management Engine Components\IPT;C:\Program Files (x86)\Intel\Intel(R) Management Engine Components\IPT;C:\Program Files\Intel\WiFi\bin\;C:\Program Files\Common Files\Intel\WirelessCommon\;C:\Program Files (x86)\Lenovo\Motion Control\;F:\maven-3.5\apache-maven-3.5.3\bin;C:\Program Files (x86)\Lenovo\Lenovo Home\;F:\redis\;F:\MongoDB\bin;F:\github\Git\cmd;., surefire.test.class.path=E:\gmall0508\gware-manage\target\test-classes;E:\gmall0508\gware-manage\target\classes;F:\Repositories\Maven\com\gitee\reger\spring-boot-starter-dubbo\1.0.10\spring-boot-starter-dubbo-1.0.10.jar;F:\Repositories\Maven\org\springframework\boot\spring-boot-starter\1.5.10.RELEASE\spring-boot-starter-1.5.10.RELEASE.jar;F:\Repositories\Maven\org\springframework\boot\spring-boot\1.5.10.RELEASE\spring-boot-1.5.10.RELEASE.jar;F:\Repositories\Maven\org\springframework\boot\spring-boot-autoconfigure\1.5.10.RELEASE\spring-boot-autoconfigure-1.5.10.RELEASE.jar;F:\Repositories\Maven\org\springframework\boot\spring-boot-starter-logging\1.5.10.RELEASE\spring-boot-starter-logging-1.5.10.RELEASE.jar;F:\Repositories\Maven\ch\qos\logback\logback-classic\1.1.11\logback-classic-1.1.11.jar;F:\Repositories\Maven\ch\qos\logback\logback-core\1.1.11\logback-core-1.1.11.jar;F:\Repositories\Maven\org\slf4j\jcl-over-slf4j\1.7.25\jcl-over-slf4j-1.7.25.jar;F:\Repositories\Maven\org\slf4j\jul-to-slf4j\1.7.25\jul-to-slf4j-1.7.25.jar;F:\Repositories\Maven\org\slf4j\log4j-over-slf4j\1.7.25\log4j-over-slf4j-1.7.25.jar;F:\Repositories\Maven\org\yaml\snakeyaml\1.17\snakeyaml-1.17.jar;F:\Repositories\Maven\org\springframework\boot\spring-boot-starter-validation\1.5.10.RELEASE\spring-boot-starter-validation-1.5.10.RELEASE.jar;F:\Repositories\Maven\org\apache\tomcat\embed\tomcat-embed-el\8.5.27\tomcat-embed-el-8.5.27.jar;F:\Repositories\Maven\com\101tec\zkclient\0.10\zkclient-0.10.jar;F:\Repositories\Maven\org\apache\zookeeper\zookeeper\3.4.8\zookeeper-3.4.8.jar;F:\Repositories\Maven\jline\jline\0.9.94\jline-0.9.94.jar;F:\Repositories\Maven\io\netty\netty\3.7.0.Final\netty-3.7.0.Final.jar;F:\Repositories\Maven\com\alibaba\dubbo\2.6.0\dubbo-2.6.0.jar;F:\Repositories\Maven\org\springframework\spring-context\4.3.14.RELEASE\spring-context-4.3.14.RELEASE.jar;F:\Repositories\Maven\org\springframework\spring-aop\4.3.14.RELEASE\spring-aop-4.3.14.RELEASE.jar;F:\Repositories\Maven\org\springframework\spring-expression\4.3.14.RELEASE\spring-expression-4.3.14.RELEASE.jar;F:\Repositories\Maven\org\springframework\spring-beans\4.3.14.RELEASE\spring-beans-4.3.14.RELEASE.jar;F:\Repositories\Maven\org\springframework\spring-web\4.3.14.RELEASE\spring-web-4.3.14.RELEASE.jar;F:\Repositories\Maven\org\javassist\javassist\3.21.0-GA\javassist-3.21.0-GA.jar;F:\Repositories\Maven\org\jboss\netty\netty\3.2.5.Final\netty-3.2.5.Final.jar;F:\Repositories\Maven\org\springframework\boot\spring-boot-starter-activemq\1.5.10.RELEASE\spring-boot-starter-activemq-1.5.10.RELEASE.jar;F:\Repositories\Maven\org\springframework\spring-jms\4.3.14.RELEASE\spring-jms-4.3.14.RELEASE.jar;F:\Repositories\Maven\org\springframework\spring-messaging\4.3.14.RELEASE\spring-messaging-4.3.14.RELEASE.jar;F:\Repositories\Maven\org\springframework\spring-tx\4.3.14.RELEASE\spring-tx-4.3.14.RELEASE.jar;F:\Repositories\Maven\org\apache\activemq\activemq-broker\5.14.5\activemq-broker-5.14.5.jar;F:\Repositories\Maven\org\apache\activemq\activemq-openwire-legacy\5.14.5\activemq-openwire-legacy-5.14.5.jar;F:\Repositories\Maven\org\apache\activemq\activemq-pool\5.15.2\activemq-pool-5.15.2.jar;F:\Repositories\Maven\org\slf4j\slf4j-api\1.7.25\slf4j-api-1.7.25.jar;F:\Repositories\Maven\org\apache\activemq\activemq-jms-pool\5.14.5\activemq-jms-pool-5.14.5.jar;F:\Repositories\Maven\org\apache\geronimo\specs\geronimo-jms_1.1_spec\1.1.1\geronimo-jms_1.1_spec-1.1.1.jar;F:\Repositories\Maven\org\apache\activemq\activemq-client\5.14.5\activemq-client-5.14.5.jar;F:\Repositories\Maven\org\fusesource\hawtbuf\hawtbuf\1.11\hawtbuf-1.11.jar;F:\Repositories\Maven\org\apache\geronimo\specs\geronimo-j2ee-management_1.1_spec\1.0.1\geronimo-j2ee-management_1.1_spec-1.0.1.jar;F:\Repositories\Maven\org\apache\geronimo\specs\geronimo-jta_1.0.1B_spec\1.0.1\geronimo-jta_1.0.1B_spec-1.0.1.jar;F:\Repositories\Maven\org\apache\commons\commons-pool2\2.4.3\commons-pool2-2.4.3.jar;F:\Repositories\Maven\org\springframework\boot\spring-boot-starter-jdbc\1.5.10.RELEASE\spring-boot-starter-jdbc-1.5.10.RELEASE.jar;F:\Repositories\Maven\org\apache\tomcat\tomcat-jdbc\8.5.27\tomcat-jdbc-8.5.27.jar;F:\Repositories\Maven\org\apache\tomcat\tomcat-juli\8.5.27\tomcat-juli-8.5.27.jar;F:\Repositories\Maven\org\springframework\spring-jdbc\4.3.14.RELEASE\spring-jdbc-4.3.14.RELEASE.jar;F:\Repositories\Maven\org\mybatis\spring\boot\mybatis-spring-boot-starter\1.3.1\mybatis-spring-boot-starter-1.3.1.jar;F:\Repositories\Maven\org\mybatis\spring\boot\mybatis-spring-boot-autoconfigure\1.3.1\mybatis-spring-boot-autoconfigure-1.3.1.jar;F:\Repositories\Maven\org\mybatis\mybatis\3.4.5\mybatis-3.4.5.jar;F:\Repositories\Maven\org\mybatis\mybatis-spring\1.3.1\mybatis-spring-1.3.1.jar;F:\Repositories\Maven\mysql\mysql-connector-java\5.1.45\mysql-connector-java-5.1.45.jar;F:\Repositories\Maven\redis\clients\jedis\2.9.0\jedis-2.9.0.jar;F:\Repositories\Maven\tk\mybatis\mapper-spring-boot-starter\1.2.3\mapper-spring-boot-starter-1.2.3.jar;F:\Repositories\Maven\tk\mybatis\mapper-spring-boot-autoconfigure\1.2.3\mapper-spring-boot-autoconfigure-1.2.3.jar;F:\Repositories\Maven\tk\mybatis\mapper\3.5.2\mapper-3.5.2.jar;F:\Repositories\Maven\javax\persistence\persistence-api\1.0\persistence-api-1.0.jar;F:\Repositories\Maven\org\springframework\boot\spring-boot-starter-test\1.5.10.RELEASE\spring-boot-starter-test-1.5.10.RELEASE.jar;F:\Repositories\Maven\org\springframework\boot\spring-boot-test\1.5.10.RELEASE\spring-boot-test-1.5.10.RELEASE.jar;F:\Repositories\Maven\org\springframework\boot\spring-boot-test-autoconfigure\1.5.10.RELEASE\spring-boot-test-autoconfigure-1.5.10.RELEASE.jar;F:\Repositories\Maven\com\jayway\jsonpath\json-path\2.2.0\json-path-2.2.0.jar;F:\Repositories\Maven\net\minidev\json-smart\2.2.1\json-smart-2.2.1.jar;F:\Repositories\Maven\net\minidev\accessors-smart\1.1\accessors-smart-1.1.jar;F:\Repositories\Maven\org\ow2\asm\asm\5.0.3\asm-5.0.3.jar;F:\Repositories\Maven\junit\junit\4.12\junit-4.12.jar;F:\Repositories\Maven\org\assertj\assertj-core\2.6.0\assertj-core-2.6.0.jar;F:\Repositories\Maven\org\mockito\mockito-core\1.10.19\mockito-core-1.10.19.jar;F:\Repositories\Maven\org\objenesis\objenesis\2.1\objenesis-2.1.jar;F:\Repositories\Maven\org\hamcrest\hamcrest-core\1.3\hamcrest-core-1.3.jar;F:\Repositories\Maven\org\hamcrest\hamcrest-library\1.3\hamcrest-library-1.3.jar;F:\Repositories\Maven\org\skyscreamer\jsonassert\1.4.0\jsonassert-1.4.0.jar;F:\Repositories\Maven\com\vaadin\external\google\android-json\0.0.20131108.vaadin1\android-json-0.0.20131108.vaadin1.jar;F:\Repositories\Maven\org\springframework\spring-core\4.3.14.RELEASE\spring-core-4.3.14.RELEASE.jar;F:\Repositories\Maven\org\springframework\spring-test\4.3.14.RELEASE\spring-test-4.3.14.RELEASE.jar;F:\Repositories\Maven\org\springframework\boot\spring-boot-starter-web\1.5.10.RELEASE\spring-boot-starter-web-1.5.10.RELEASE.jar;F:\Repositories\Maven\org\springframework\boot\spring-boot-starter-tomcat\1.5.10.RELEASE\spring-boot-starter-tomcat-1.5.10.RELEASE.jar;F:\Repositories\Maven\org\apache\tomcat\embed\tomcat-embed-core\8.5.27\tomcat-embed-core-8.5.27.jar;F:\Repositories\Maven\org\apache\tomcat\tomcat-annotations-api\8.5.27\tomcat-annotations-api-8.5.27.jar;F:\Repositories\Maven\org\apache\tomcat\embed\tomcat-embed-websocket\8.5.27\tomcat-embed-websocket-8.5.27.jar;F:\Repositories\Maven\org\hibernate\hibernate-validator\5.3.6.Final\hibernate-validator-5.3.6.Final.jar;F:\Repositories\Maven\javax\validation\validation-api\1.1.0.Final\validation-api-1.1.0.Final.jar;F:\Repositories\Maven\org\jboss\logging\jboss-logging\3.3.1.Final\jboss-logging-3.3.1.Final.jar;F:\Repositories\Maven\com\fasterxml\classmate\1.3.4\classmate-1.3.4.jar;F:\Repositories\Maven\com\fasterxml\jackson\core\jackson-databind\2.8.10\jackson-databind-2.8.10.jar;F:\Repositories\Maven\com\fasterxml\jackson\core\jackson-annotations\2.8.0\jackson-annotations-2.8.0.jar;F:\Repositories\Maven\com\fasterxml\jackson\core\jackson-core\2.8.10\jackson-core-2.8.10.jar;F:\Repositories\Maven\org\springframework\spring-webmvc\4.3.14.RELEASE\spring-webmvc-4.3.14.RELEASE.jar;F:\Repositories\Maven\com\alibaba\fastjson\1.2.46\fastjson-1.2.46.jar;F:\Repositories\Maven\org\springframework\boot\spring-boot-starter-thymeleaf\1.5.10.RELEASE\spring-boot-starter-thymeleaf-1.5.10.RELEASE.jar;F:\Repositories\Maven\org\thymeleaf\thymeleaf-spring4\2.1.6.RELEASE\thymeleaf-spring4-2.1.6.RELEASE.jar;F:\Repositories\Maven\org\thymeleaf\thymeleaf\2.1.6.RELEASE\thymeleaf-2.1.6.RELEASE.jar;F:\Repositories\Maven\ognl\ognl\3.0.8\ognl-3.0.8.jar;F:\Repositories\Maven\org\unbescape\unbescape\1.1.0.RELEASE\unbescape-1.1.0.RELEASE.jar;F:\Repositories\Maven\nz\net\ultraq\thymeleaf\thymeleaf-layout-dialect\1.4.0\thymeleaf-layout-dialect-1.4.0.jar;F:\Repositories\Maven\org\codehaus\groovy\groovy\2.4.13\groovy-2.4.13.jar;F:\Repositories\Maven\net\sourceforge\nekohtml\nekohtml\1.9.20\nekohtml-1.9.20.jar;F:\Repositories\Maven\xerces\xercesImpl\2.10.0\xercesImpl-2.10.0.jar;F:\Repositories\Maven\xml-apis\xml-apis\1.4.01\xml-apis-1.4.01.jar;F:\Repositories\Maven\org\apache\xmlgraphics\batik-ext\1.9.1\batik-ext-1.9.1.jar;F:\Repositories\Maven\org\apache\httpcomponents\httpclient\4.5.5\httpclient-4.5.5.jar;F:\Repositories\Maven\org\apache\httpcomponents\httpcore\4.4.9\httpcore-4.4.9.jar;F:\Repositories\Maven\commons-logging\commons-logging\1.2\commons-logging-1.2.jar;F:\Repositories\Maven\org\apache\commons\commons-lang3\3.7\commons-lang3-3.7.jar;F:\Repositories\Maven\commons-beanutils\commons-beanutils\1.9.3\commons-beanutils-1.9.3.jar;F:\Repositories\Maven\commons-collections\commons-collections\3.2.2\commons-collections-3.2.2.jar;F:\Repositories\Maven\commons-codec\commons-codec\1.11\commons-codec-1.11.jar;, java.specification.name=Java Platform API Specification, java.class.version=52.0, sun.management.compiler=HotSpot 64-Bit Tiered Compilers, os.version=6.3, user.home=C:\Users\Lenovo, user.timezone=Asia/Shanghai, java.awt.printerjob=sun.awt.windows.WPrinterJob, file.encoding=GBK, java.specification.version=1.8, java.class.path=E:\gmall0508\gware-manage\target\test-classes;E:\gmall0508\gware-manage\target\classes;F:\Repositories\Maven\com\gitee\reger\spring-boot-starter-dubbo\1.0.10\spring-boot-starter-dubbo-1.0.10.jar;F:\Repositories\Maven\org\springframework\boot\spring-boot-starter\1.5.10.RELEASE\spring-boot-starter-1.5.10.RELEASE.jar;F:\Repositories\Maven\org\springframework\boot\spring-boot\1.5.10.RELEASE\spring-boot-1.5.10.RELEASE.jar;F:\Repositories\Maven\org\springframework\boot\spring-boot-autoconfigure\1.5.10.RELEASE\spring-boot-autoconfigure-1.5.10.RELEASE.jar;F:\Repositories\Maven\org\springframework\boot\spring-boot-starter-logging\1.5.10.RELEASE\spring-boot-starter-logging-1.5.10.RELEASE.jar;F:\Repositories\Maven\ch\qos\logback\logback-classic\1.1.11\logback-classic-1.1.11.jar;F:\Repositories\Maven\ch\qos\logback\logback-core\1.1.11\logback-core-1.1.11.jar;F:\Repositories\Maven\org\slf4j\jcl-over-slf4j\1.7.25\jcl-over-slf4j-1.7.25.jar;F:\Repositories\Maven\org\slf4j\jul-to-slf4j\1.7.25\jul-to-slf4j-1.7.25.jar;F:\Repositories\Maven\org\slf4j\log4j-over-slf4j\1.7.25\log4j-over-slf4j-1.7.25.jar;F:\Repositories\Maven\org\yaml\snakeyaml\1.17\snakeyaml-1.17.jar;F:\Repositories\Maven\org\springframework\boot\spring-boot-starter-validation\1.5.10.RELEASE\spring-boot-starter-validation-1.5.10.RELEASE.jar;F:\Repositories\Maven\org\apache\tomcat\embed\tomcat-embed-el\8.5.27\tomcat-embed-el-8.5.27.jar;F:\Repositories\Maven\com\101tec\zkclient\0.10\zkclient-0.10.jar;F:\Repositories\Maven\org\apache\zookeeper\zookeeper\3.4.8\zookeeper-3.4.8.jar;F:\Repositories\Maven\jline\jline\0.9.94\jline-0.9.94.jar;F:\Repositories\Maven\io\netty\netty\3.7.0.Final\netty-3.7.0.Final.jar;F:\Repositories\Maven\com\alibaba\dubbo\2.6.0\dubbo-2.6.0.jar;F:\Repositories\Maven\org\springframework\spring-context\4.3.14.RELEASE\spring-context-4.3.14.RELEASE.jar;F:\Repositories\Maven\org\springframework\spring-aop\4.3.14.RELEASE\spring-aop-4.3.14.RELEASE.jar;F:\Repositories\Maven\org\springframework\spring-expression\4.3.14.RELEASE\spring-expression-4.3.14.RELEASE.jar;F:\Repositories\Maven\org\springframework\spring-beans\4.3.14.RELEASE\spring-beans-4.3.14.RELEASE.jar;F:\Repositories\Maven\org\springframework\spring-web\4.3.14.RELEASE\spring-web-4.3.14.RELEASE.jar;F:\Repositories\Maven\org\javassist\javassist\3.21.0-GA\javassist-3.21.0-GA.jar;F:\Repositories\Maven\org\jboss\netty\netty\3.2.5.Final\netty-3.2.5.Final.jar;F:\Repositories\Maven\org\springframework\boot\spring-boot-starter-activemq\1.5.10.RELEASE\spring-boot-starter-activemq-1.5.10.RELEASE.jar;F:\Repositories\Maven\org\springframework\spring-jms\4.3.14.RELEASE\spring-jms-4.3.14.RELEASE.jar;F:\Repositories\Maven\org\springframework\spring-messaging\4.3.14.RELEASE\spring-messaging-4.3.14.RELEASE.jar;F:\Repositories\Maven\org\springframework\spring-tx\4.3.14.RELEASE\spring-tx-4.3.14.RELEASE.jar;F:\Repositories\Maven\org\apache\activemq\activemq-broker\5.14.5\activemq-broker-5.14.5.jar;F:\Repositories\Maven\org\apache\activemq\activemq-openwire-legacy\5.14.5\activemq-openwire-legacy-5.14.5.jar;F:\Repositories\Maven\org\apache\activemq\activemq-pool\5.15.2\activemq-pool-5.15.2.jar;F:\Repositories\Maven\org\slf4j\slf4j-api\1.7.25\slf4j-api-1.7.25.jar;F:\Repositories\Maven\org\apache\activemq\activemq-jms-pool\5.14.5\activemq-jms-pool-5.14.5.jar;F:\Repositories\Maven\org\apache\geronimo\specs\geronimo-jms_1.1_spec\1.1.1\geronimo-jms_1.1_spec-1.1.1.jar;F:\Repositories\Maven\org\apache\activemq\activemq-client\5.14.5\activemq-client-5.14.5.jar;F:\Repositories\Maven\org\fusesource\hawtbuf\hawtbuf\1.11\hawtbuf-1.11.jar;F:\Repositories\Maven\org\apache\geronimo\specs\geronimo-j2ee-management_1.1_spec\1.0.1\geronimo-j2ee-management_1.1_spec-1.0.1.jar;F:\Repositories\Maven\org\apache\geronimo\specs\geronimo-jta_1.0.1B_spec\1.0.1\geronimo-jta_1.0.1B_spec-1.0.1.jar;F:\Repositories\Maven\org\apache\commons\commons-pool2\2.4.3\commons-pool2-2.4.3.jar;F:\Repositories\Maven\org\springframework\boot\spring-boot-starter-jdbc\1.5.10.RELEASE\spring-boot-starter-jdbc-1.5.10.RELEASE.jar;F:\Repositories\Maven\org\apache\tomcat\tomcat-jdbc\8.5.27\tomcat-jdbc-8.5.27.jar;F:\Repositories\Maven\org\apache\tomcat\tomcat-juli\8.5.27\tomcat-juli-8.5.27.jar;F:\Repositories\Maven\org\springframework\spring-jdbc\4.3.14.RELEASE\spring-jdbc-4.3.14.RELEASE.jar;F:\Repositories\Maven\org\mybatis\spring\boot\mybatis-spring-boot-starter\1.3.1\mybatis-spring-boot-starter-1.3.1.jar;F:\Repositories\Maven\org\mybatis\spring\boot\mybatis-spring-boot-autoconfigure\1.3.1\mybatis-spring-boot-autoconfigure-1.3.1.jar;F:\Repositories\Maven\org\mybatis\mybatis\3.4.5\mybatis-3.4.5.jar;F:\Repositories\Maven\org\mybatis\mybatis-spring\1.3.1\mybatis-spring-1.3.1.jar;F:\Repositories\Maven\mysql\mysql-connector-java\5.1.45\mysql-connector-java-5.1.45.jar;F:\Repositories\Maven\redis\clients\jedis\2.9.0\jedis-2.9.0.jar;F:\Repositories\Maven\tk\mybatis\mapper-spring-boot-starter\1.2.3\mapper-spring-boot-starter-1.2.3.jar;F:\Repositories\Maven\tk\mybatis\mapper-spring-boot-autoconfigure\1.2.3\mapper-spring-boot-autoconfigure-1.2.3.jar;F:\Repositories\Maven\tk\mybatis\mapper\3.5.2\mapper-3.5.2.jar;F:\Repositories\Maven\javax\persistence\persistence-api\1.0\persistence-api-1.0.jar;F:\Repositories\Maven\org\springframework\boot\spring-boot-starter-test\1.5.10.RELEASE\spring-boot-starter-test-1.5.10.RELEASE.jar;F:\Repositories\Maven\org\springframework\boot\spring-boot-test\1.5.10.RELEASE\spring-boot-test-1.5.10.RELEASE.jar;F:\Repositories\Maven\org\springframework\boot\spring-boot-test-autoconfigure\1.5.10.RELEASE\spring-boot-test-autoconfigure-1.5.10.RELEASE.jar;F:\Repositories\Maven\com\jayway\jsonpath\json-path\2.2.0\json-path-2.2.0.jar;F:\Repositories\Maven\net\minidev\json-smart\2.2.1\json-smart-2.2.1.jar;F:\Repositories\Maven\net\minidev\accessors-smart\1.1\accessors-smart-1.1.jar;F:\Repositories\Maven\org\ow2\asm\asm\5.0.3\asm-5.0.3.jar;F:\Repositories\Maven\junit\junit\4.12\junit-4.12.jar;F:\Repositories\Maven\org\assertj\assertj-core\2.6.0\assertj-core-2.6.0.jar;F:\Repositories\Maven\org\mockito\mockito-core\1.10.19\mockito-core-1.10.19.jar;F:\Repositories\Maven\org\objenesis\objenesis\2.1\objenesis-2.1.jar;F:\Repositories\Maven\org\hamcrest\hamcrest-core\1.3\hamcrest-core-1.3.jar;F:\Repositories\Maven\org\hamcrest\hamcrest-library\1.3\hamcrest-library-1.3.jar;F:\Repositories\Maven\org\skyscreamer\jsonassert\1.4.0\jsonassert-1.4.0.jar;F:\Repositories\Maven\com\vaadin\external\google\android-json\0.0.20131108.vaadin1\android-json-0.0.20131108.vaadin1.jar;F:\Repositories\Maven\org\springframework\spring-core\4.3.14.RELEASE\spring-core-4.3.14.RELEASE.jar;F:\Repositories\Maven\org\springframework\spring-test\4.3.14.RELEASE\spring-test-4.3.14.RELEASE.jar;F:\Repositories\Maven\org\springframework\boot\spring-boot-starter-web\1.5.10.RELEASE\spring-boot-starter-web-1.5.10.RELEASE.jar;F:\Repositories\Maven\org\springframework\boot\spring-boot-starter-tomcat\1.5.10.RELEASE\spring-boot-starter-tomcat-1.5.10.RELEASE.jar;F:\Repositories\Maven\org\apache\tomcat\embed\tomcat-embed-core\8.5.27\tomcat-embed-core-8.5.27.jar;F:\Repositories\Maven\org\apache\tomcat\tomcat-annotations-api\8.5.27\tomcat-annotations-api-8.5.27.jar;F:\Repositories\Maven\org\apache\tomcat\embed\tomcat-embed-websocket\8.5.27\tomcat-embed-websocket-8.5.27.jar;F:\Repositories\Maven\org\hibernate\hibernate-validator\5.3.6.Final\hibernate-validator-5.3.6.Final.jar;F:\Repositories\Maven\javax\validation\validation-api\1.1.0.Final\validation-api-1.1.0.Final.jar;F:\Repositories\Maven\org\jboss\logging\jboss-logging\3.3.1.Final\jboss-logging-3.3.1.Final.jar;F:\Repositories\Maven\com\fasterxml\classmate\1.3.4\classmate-1.3.4.jar;F:\Repositories\Maven\com\fasterxml\jackson\core\jackson-databind\2.8.10\jackson-databind-2.8.10.jar;F:\Repositories\Maven\com\fasterxml\jackson\core\jackson-annotations\2.8.0\jackson-annotations-2.8.0.jar;F:\Repositories\Maven\com\fasterxml\jackson\core\jackson-core\2.8.10\jackson-core-2.8.10.jar;F:\Repositories\Maven\org\springframework\spring-webmvc\4.3.14.RELEASE\spring-webmvc-4.3.14.RELEASE.jar;F:\Repositories\Maven\com\alibaba\fastjson\1.2.46\fastjson-1.2.46.jar;F:\Repositories\Maven\org\springframework\boot\spring-boot-starter-thymeleaf\1.5.10.RELEASE\spring-boot-starter-thymeleaf-1.5.10.RELEASE.jar;F:\Repositories\Maven\org\thymeleaf\thymeleaf-spring4\2.1.6.RELEASE\thymeleaf-spring4-2.1.6.RELEASE.jar;F:\Repositories\Maven\org\thymeleaf\thymeleaf\2.1.6.RELEASE\thymeleaf-2.1.6.RELEASE.jar;F:\Repositories\Maven\ognl\ognl\3.0.8\ognl-3.0.8.jar;F:\Repositories\Maven\org\unbescape\unbescape\1.1.0.RELEASE\unbescape-1.1.0.RELEASE.jar;F:\Repositories\Maven\nz\net\ultraq\thymeleaf\thymeleaf-layout-dialect\1.4.0\thymeleaf-layout-dialect-1.4.0.jar;F:\Repositories\Maven\org\codehaus\groovy\groovy\2.4.13\groovy-2.4.13.jar;F:\Repositories\Maven\net\sourceforge\nekohtml\nekohtml\1.9.20\nekohtml-1.9.20.jar;F:\Repositories\Maven\xerces\xercesImpl\2.10.0\xercesImpl-2.10.0.jar;F:\Repositories\Maven\xml-apis\xml-apis\1.4.01\xml-apis-1.4.01.jar;F:\Repositories\Maven\org\apache\xmlgraphics\batik-ext\1.9.1\batik-ext-1.9.1.jar;F:\Repositories\Maven\org\apache\httpcomponents\httpclient\4.5.5\httpclient-4.5.5.jar;F:\Repositories\Maven\org\apache\httpcomponents\httpcore\4.4.9\httpcore-4.4.9.jar;F:\Repositories\Maven\commons-logging\commons-logging\1.2\commons-logging-1.2.jar;F:\Repositories\Maven\org\apache\commons\commons-lang3\3.7\commons-lang3-3.7.jar;F:\Repositories\Maven\commons-beanutils\commons-beanutils\1.9.3\commons-beanutils-1.9.3.jar;F:\Repositories\Maven\commons-collections\commons-collections\3.2.2\commons-collections-3.2.2.jar;F:\Repositories\Maven\commons-codec\commons-codec\1.11\commons-codec-1.11.jar;, user.name=Lenovo, java.vm.specification.version=1.8, sun.java.command=E:\gmall0508\gware-manage\target\surefire\surefirebooter458343370226113936.jar E:\gmall0508\gware-manage\target\surefire\surefire3161109468515084790tmp E:\gmall0508\gware-manage\target\surefire\surefire_03524719950964905350tmp, java.home=C:\Program Files\Java\jdk1.8.0_121\jre, sun.arch.data.model=64, user.language=zh, java.specification.vendor=Oracle Corporation, awt.toolkit=sun.awt.windows.WToolkit, java.vm.info=mixed mode, java.version=1.8.0_121, java.ext.dirs=C:\Program Files\Java\jdk1.8.0_121\jre\lib\ext;C:\windows\Sun\Java\lib\ext, sun.boot.class.path=C:\Program Files\Java\jdk1.8.0_121\jre\lib\resources.jar;C:\Program Files\Java\jdk1.8.0_121\jre\lib\rt.jar;C:\Program Files\Java\jdk1.8.0_121\jre\lib\sunrsasign.jar;C:\Program Files\Java\jdk1.8.0_121\jre\lib\jsse.jar;C:\Program Files\Java\jdk1.8.0_121\jre\lib\jce.jar;C:\Program Files\Java\jdk1.8.0_121\jre\lib\charsets.jar;C:\Program Files\Java\jdk1.8.0_121\jre\lib\jfr.jar;C:\Program Files\Java\jdk1.8.0_121\jre\classes, java.awt.headless=true, java.vendor=Oracle Corporation, localRepository=F:\Repositories\Maven, file.separator=\, java.vendor.url.bug=http://bugreport.sun.com/bugreport/, sun.io.unicode.encoding=UnicodeLittle, sun.cpu.endian=little, sun.desktop=windows, sun.cpu.isalist=amd64}}, SystemEnvironmentPropertySource@2016038911 {name='systemEnvironment', properties={PATH=C:\Program Files (x86)\Common Files\Oracle\Java\javapath;C:\ProgramData\Oracle\Java\javapath;C:\Program Files (x86)\Lenovo\FusionEngine;C:\Program Files (x86)\Intel\iCLS Client\;C:\Program Files\Intel\iCLS Client\;C:\windows\system32;C:\windows;C:\windows\System32\Wbem;C:\windows\System32\WindowsPowerShell\v1.0\;C:\Program Files\Intel\Intel(R) Management Engine Components\DAL;C:\Program Files (x86)\Intel\Intel(R) Management Engine Components\DAL;C:\Program Files\Intel\Intel(R) Management Engine Components\IPT;C:\Program Files (x86)\Intel\Intel(R) Management Engine Components\IPT;C:\Program Files\Intel\WiFi\bin\;C:\Program Files\Common Files\Intel\WirelessCommon\;C:\Program Files (x86)\Lenovo\Motion Control\;F:\maven-3.5\apache-maven-3.5.3\bin;C:\Program Files (x86)\Lenovo\Lenovo Home\;F:\redis\;F:\MongoDB\bin;F:\github\Git\cmd, USERDOMAIN_ROAMINGPROFILE=Lenovo-PC, LOCALAPPDATA=C:\Users\Lenovo\AppData\Local, PROCESSOR_LEVEL=6, SYSTEMDRIVE=C:, COMMONPROGRAMFILES(X86)=C:\Program Files (x86)\Common Files, FP_NO_HOST_CHECK=NO, USERDOMAIN=Lenovo-PC, LOGONSERVER=\\LENOVO-PC, PROMPT=$P$G, SESSIONNAME=Console, ALLUSERSPROFILE=C:\ProgramData, PROGRAMFILES(X86)=C:\Program Files (x86), PROCESSOR_ARCHITECTURE=AMD64, =E:=E:\gmall0508\gware-manage, MAVEN_HOME=F:\maven-3.5\apache-maven-3.5.3, PROGRAMFILES=C:\Program Files, APPDATA=C:\Users\Lenovo\AppData\Roaming, PSMODULEPATH=C:\windows\system32\WindowsPowerShell\v1.0\Modules\, PROGRAMW6432=C:\Program Files, PROGRAMDATA=C:\ProgramData, SYSTEMROOT=C:\windows, USERNAME=Lenovo, VBOX_MSI_INSTALL_PATH=F:\VirtualBox-5.1.26\, CONFIGSETROOT=C:\windows\ConfigSetRoot, PATHEXT=.COM;.EXE;.BAT;.CMD;.VBS;.VBE;.JS;.JSE;.WSF;.WSH;.MSC, OS=Windows_NT, COMMONPROGRAMW6432=C:\Program Files\Common Files, COMPUTERNAME=LENOVO-PC, COMMONPROGRAMFILES=C:\Program Files\Common Files, COMSPEC=C:\windows\system32\cmd.exe, PROCESSOR_REVISION=3d04, WINDIR=C:\windows, HOMEPATH=\Users\Lenovo, TEMP=C:\Users\Lenovo\AppData\Local\Temp, HOMEDRIVE=C:, PROCESSOR_IDENTIFIER=Intel64 Family 6 Model 61 Stepping 4, GenuineIntel, USERPROFILE=C:\Users\Lenovo, TMP=C:\Users\Lenovo\AppData\Local\Temp, PUBLIC=C:\Users\Public, NUMBER_OF_PROCESSORS=4, =::=::\}}]
2019-05-11 11:06:12.763 DEBUG 8956 --- [kground-preinit] o.apache.tomcat.util.digester.Digester   :   Fire begin() for SetPropertiesRule[]
2019-05-11 11:06:12.771 DEBUG 8956 --- [kground-preinit] o.apache.tomcat.util.digester.Digester   : [SetPropertiesRule]{mbeans-descriptors/mbean/attribute} Set org.apache.tomcat.util.modeler.AttributeInfo properties
2019-05-11 11:06:12.771 DEBUG 8956 --- [kground-preinit] o.apache.tomcat.util.digester.Digester   : [SetPropertiesRule]{mbeans-descriptors/mbean/attribute} Setting property 'name' to 'server'
2019-05-11 11:06:12.771 DEBUG 8956 --- [kground-preinit] o.apache.tomcat.util.IntrospectionUtils  : IntrospectionUtils: setProperty(class org.apache.tomcat.util.modeler.AttributeInfo name=server)
2019-05-11 11:06:12.771 DEBUG 8956 --- [kground-preinit] o.apache.tomcat.util.digester.Digester   : [SetPropertiesRule]{mbeans-descriptors/mbean/attribute} Setting property 'description' to 'The J2EE Server this module is deployed on'
2019-05-11 11:06:12.771 DEBUG 8956 --- [kground-preinit] o.apache.tomcat.util.IntrospectionUtils  : IntrospectionUtils: setProperty(class org.apache.tomcat.util.modeler.AttributeInfo description=The J2EE Server this module is deployed on)
2019-05-11 11:06:12.771 DEBUG 8956 --- [kground-preinit] o.apache.tomcat.util.digester.Digester   : [SetPropertiesRule]{mbeans-descriptors/mbean/attribute} Setting property 'type' to 'java.lang.String'
2019-05-11 11:06:12.772 DEBUG 8956 --- [kground-preinit] o.apache.tomcat.util.IntrospectionUtils  : IntrospectionUtils: setProperty(class org.apache.tomcat.util.modeler.AttributeInfo type=java.lang.String)
2019-05-11 11:06:12.772 DEBUG 8956 --- [kground-preinit] o.apache.tomcat.util.digester.Digester   :   Fire begin() for SetNextRule[methodName=addAttribute, paramType=org.apache.tomcat.util.modeler.AttributeInfo]
2019-05-11 11:06:12.772 DEBUG 8956 --- [kground-preinit] o.a.tomcat.util.digester.Digester.sax    : endElement(,,attribute)
2019-05-11 11:06:12.772 DEBUG 8956 --- [kground-preinit] o.apache.tomcat.util.digester.Digester   :   match='mbeans-descriptors/mbean/attribute'
2019-05-11 11:06:12.772 DEBUG 8956 --- [kground-preinit] o.apache.tomcat.util.digester.Digester   :   bodyText=''
2019-05-11 11:06:12.772 DEBUG 8956 --- [kground-preinit] o.apache.tomcat.util.digester.Digester   :   Fire body() for ObjectCreateRule[className=org.apache.tomcat.util.modeler.AttributeInfo, attributeName=null]
2019-05-11 11:06:12.772 DEBUG 8956 --- [kground-preinit] o.apache.tomcat.util.digester.Digester   :   Fire body() for SetPropertiesRule[]
2019-05-11 11:06:12.772 DEBUG 8956 --- [kground-preinit] o.apache.tomcat.util.digester.Digester   :   Fire body() for SetNextRule[methodName=addAttribute, paramType=org.apache.tomcat.util.modeler.AttributeInfo]
2019-05-11 11:06:12.772 DEBUG 8956 --- [kground-preinit] o.apache.tomcat.util.digester.Digester   :   Fire end() for SetNextRule[methodName=addAttribute, paramType=org.apache.tomcat.util.modeler.AttributeInfo]
2019-05-11 11:06:12.772 DEBUG 8956 --- [kground-preinit] o.apache.tomcat.util.digester.Digester   : [SetNextRule]{mbeans-descriptors/mbean/attribute} Call org.apache.tomcat.util.modeler.ManagedBean.addAttribute(org.apache.tomcat.util.modeler.AttributeInfo@4ca725a0)
2019-05-11 11:06:12.773 DEBUG 8956 --- [kground-preinit] o.apache.tomcat.util.IntrospectionUtils  : IntrospectionUtils: callMethod1 org.apache.tomcat.util.modeler.ManagedBean org.apache.tomcat.util.modeler.AttributeInfo org.apache.tomcat.util.modeler.AttributeInfo
2019-05-11 11:06:12.773 DEBUG 8956 --- [kground-preinit] o.apache.tomcat.util.digester.Digester   :   Fire end() for SetPropertiesRule[]
2019-05-11 11:06:12.773 DEBUG 8956 --- [kground-preinit] o.apache.tomcat.util.digester.Digester   :   Fire end() for ObjectCreateRule[className=org.apache.tomcat.util.modeler.AttributeInfo, attributeName=null]
2019-05-11 11:06:12.773 DEBUG 8956 --- [kground-preinit] o.apache.tomcat.util.digester.Digester   : [ObjectCreateRule]{mbeans-descriptors/mbean/attribute} Pop org.apache.tomcat.util.modeler.AttributeInfo
2019-05-11 11:06:12.773 DEBUG 8956 --- [kground-preinit] o.a.tomcat.util.digester.Digester.sax    : characters(

    )
2019-05-11 11:06:12.773 DEBUG 8956 --- [kground-preinit] o.a.tomcat.util.digester.Digester.sax    : startElement(,,attribute)
2019-05-11 11:06:12.774 DEBUG 8956 --- [kground-preinit] o.apache.tomcat.util.digester.Digester   :   New match='mbeans-descriptors/mbean/attribute'
2019-05-11 11:06:12.774 DEBUG 8956 --- [kground-preinit] o.apache.tomcat.util.digester.Digester   :   Fire begin() for ObjectCreateRule[className=org.apache.tomcat.util.modeler.AttributeInfo, attributeName=null]
2019-05-11 11:06:12.774 DEBUG 8956 --- [kground-preinit] o.apache.tomcat.util.digester.Digester   : [ObjectCreateRule]{mbeans-descriptors/mbean/attribute}New org.apache.tomcat.util.modeler.AttributeInfo
2019-05-11 11:06:12.774 DEBUG 8956 --- [kground-preinit] o.apache.tomcat.util.digester.Digester   :   Fire begin() for SetPropertiesRule[]
2019-05-11 11:06:12.774 DEBUG 8956 --- [kground-preinit] o.apache.tomcat.util.digester.Digester   : [SetPropertiesRule]{mbeans-descriptors/mbean/attribute} Set org.apache.tomcat.util.modeler.AttributeInfo properties
2019-05-11 11:06:12.774 DEBUG 8956 --- [kground-preinit] o.apache.tomcat.util.digester.Digester   : [SetPropertiesRule]{mbeans-descriptors/mbean/attribute} Setting property 'name' to 'sessionCookieName'
2019-05-11 11:06:12.774 DEBUG 8956 --- [kground-preinit] o.apache.tomcat.util.IntrospectionUtils  : IntrospectionUtils: setProperty(class org.apache.tomcat.util.modeler.AttributeInfo name=sessionCookieName)
2019-05-11 11:06:12.830 DEBUG 8956 --- [kground-preinit] o.apache.tomcat.util.digester.Digester   : [SetPropertiesRule]{mbeans-descriptors/mbean/attribute} Setting property 'description' to 'The name to use for session cookies.'null' indicates that the name is controlled by the application.'
2019-05-11 11:06:12.831 DEBUG 8956 --- [kground-preinit] o.apache.tomcat.util.IntrospectionUtils  : IntrospectionUtils: setProperty(class org.apache.tomcat.util.modeler.AttributeInfo description=The name to use for session cookies.'null' indicates that the name is controlled by the application.)
2019-05-11 11:06:12.831 DEBUG 8956 --- [kground-preinit] o.apache.tomcat.util.digester.Digester   : [SetPropertiesRule]{mbeans-descriptors/mbean/attribute} Setting property 'type' to 'java.lang.String'
2019-05-11 11:06:12.831 DEBUG 8956 --- [kground-preinit] o.apache.tomcat.util.IntrospectionUtils  : IntrospectionUtils: setProperty(class org.apache.tomcat.util.modeler.AttributeInfo type=java.lang.String)
2019-05-11 11:06:12.832 DEBUG 8956 --- [kground-preinit] o.apache.tomcat.util.digester.Digester   :   Fire begin() for SetNextRule[methodName=addAttribute, paramType=org.apache.tomcat.util.modeler.AttributeInfo]
2019-05-11 11:06:12.832 DEBUG 8956 --- [kground-preinit] o.a.tomcat.util.digester.Digester.sax    : endElement(,,attribute)
2019-05-11 11:06:12.832 DEBUG 8956 --- [kground-preinit] o.apache.tomcat.util.digester.Digester   :   match='mbeans-descriptors/mbean/attribute'
2019-05-11 11:06:12.832 DEBUG 8956 --- [kground-preinit] o.apache.tomcat.util.digester.Digester   :   bodyText=''
2019-05-11 11:06:12.832 DEBUG 8956 --- [kground-preinit] o.apache.tomcat.util.digester.Digester   :   Fire body() for ObjectCreateRule[className=org.apache.tomcat.util.modeler.AttributeInfo, attributeName=null]
2019-05-11 11:06:12.833 DEBUG 8956 --- [kground-preinit] o.apache.tomcat.util.digester.Digester   :   Fire body() for SetPropertiesRule[]
2019-05-11 11:06:12.833 DEBUG 8956 --- [kground-preinit] o.apache.tomcat.util.digester.Digester   :   Fire body() for SetNextRule[methodName=addAttribute, paramType=org.apache.tomcat.util.modeler.AttributeInfo]
2019-05-11 11:06:12.833 DEBUG 8956 --- [kground-preinit] o.apache.tomcat.util.digester.Digester   :   Fire end() for SetNextRule[methodName=addAttribute, paramType=org.apache.tomcat.util.modeler.AttributeInfo]
2019-05-11 11:06:12.833 DEBUG 8956 --- [kground-preinit] o.apache.tomcat.util.digester.Digester   : [SetNextRule]{mbeans-descriptors/mbean/attribute} Call org.apache.tomcat.util.modeler.ManagedBean.addAttribute(org.apache.tomcat.util.modeler.AttributeInfo@708b3ae3)
2019-05-11 11:06:12.833 DEBUG 8956 --- [kground-preinit] o.apache.tomcat.util.IntrospectionUtils  : IntrospectionUtils: callMethod1 org.apache.tomcat.util.modeler.ManagedBean org.apache.tomcat.util.modeler.AttributeInfo org.apache.tomcat.util.modeler.AttributeInfo
2019-05-11 11:06:12.834 DEBUG 8956 --- [kground-preinit] o.apache.tomcat.util.digester.Digester   :   Fire end() for SetPropertiesRule[]
2019-05-11 11:06:12.834 DEBUG 8956 --- [kground-preinit] o.apache.tomcat.util.digester.Digester   :   Fire end() for ObjectCreateRule[className=org.apache.tomcat.util.modeler.AttributeInfo, attributeName=null]
2019-05-11 11:06:12.834 DEBUG 8956 --- [kground-preinit] o.apache.tomcat.util.digester.Digester   : [ObjectCreateRule]{mbeans-descriptors/mbean/attribute} Pop org.apache.tomcat.util.modeler.AttributeInfo
2019-05-11 11:06:12.834 DEBUG 8956 --- [kground-preinit] o.a.tomcat.util.digester.Digester.sax    : characters(

    )
2019-05-11 11:06:12.834 DEBUG 8956 --- [kground-preinit] o.a.tomcat.util.digester.Digester.sax    : startElement(,,attribute)
2019-05-11 11:06:12.834 DEBUG 8956 --- [kground-preinit] o.apache.tomcat.util.digester.Digester   :   New match='mbeans-descriptors/mbean/attribute'
2019-05-11 11:06:12.835 DEBUG 8956 --- [kground-preinit] o.apache.tomcat.util.digester.Digester   :   Fire begin() for ObjectCreateRule[className=org.apache.tomcat.util.modeler.AttributeInfo, attributeName=null]
2019-05-11 11:06:12.835 DEBUG 8956 --- [kground-preinit] o.apache.tomcat.util.digester.Digester   : [ObjectCreateRule]{mbeans-descriptors/mbean/attribute}New org.apache.tomcat.util.modeler.AttributeInfo
2019-05-11 11:06:12.835 DEBUG 8956 --- [kground-preinit] o.apache.tomcat.util.digester.Digester   :   Fire begin() for SetPropertiesRule[]
2019-05-11 11:06:12.835 DEBUG 8956 --- [kground-preinit] o.apache.tomcat.util.digester.Digester   : [SetPropertiesRule]{mbeans-descriptors/mbean/attribute} Set org.apache.tomcat.util.modeler.AttributeInfo properties
2019-05-11 11:06:12.835 DEBUG 8956 --- [kground-preinit] o.apache.tomcat.util.digester.Digester   : [SetPropertiesRule]{mbeans-descriptors/mbean/attribute} Setting property 'name' to 'sessionCookieDomain'
2019-05-11 11:06:12.835 DEBUG 8956 --- [kground-preinit] o.apache.tomcat.util.IntrospectionUtils  : IntrospectionUtils: setProperty(class org.apache.tomcat.util.modeler.AttributeInfo name=sessionCookieDomain)
2019-05-11 11:06:12.836 DEBUG 8956 --- [kground-preinit] o.apache.tomcat.util.digester.Digester   : [SetPropertiesRule]{mbeans-descriptors/mbean/attribute} Setting property 'description' to 'The domain to use for session cookies.'null' indicates that the domain is controlled by the application.'
2019-05-11 11:06:12.836 DEBUG 8956 --- [kground-preinit] o.apache.tomcat.util.IntrospectionUtils  : IntrospectionUtils: setProperty(class org.apache.tomcat.util.modeler.AttributeInfo description=The domain to use for session cookies.'null' indicates that the domain is controlled by the application.)
2019-05-11 11:06:12.837 DEBUG 8956 --- [kground-preinit] o.apache.tomcat.util.digester.Digester   : [SetPropertiesRule]{mbeans-descriptors/mbean/attribute} Setting property 'type' to 'java.lang.String'
2019-05-11 11:06:12.837 DEBUG 8956 --- [kground-preinit] o.apache.tomcat.util.IntrospectionUtils  : IntrospectionUtils: setProperty(class org.apache.tomcat.util.modeler.AttributeInfo type=java.lang.String)
2019-05-11 11:06:12.837 DEBUG 8956 --- [kground-preinit] o.apache.tomcat.util.digester.Digester   :   Fire begin() for SetNextRule[methodName=addAttribute, paramType=org.apache.tomcat.util.modeler.AttributeInfo]
2019-05-11 11:06:12.837 DEBUG 8956 --- [kground-preinit] o.a.tomcat.util.digester.Digester.sax    : endElement(,,attribute)
2019-05-11 11:06:12.837 DEBUG 8956 --- [kground-preinit] o.apache.tomcat.util.digester.Digester   :   match='mbeans-descriptors/mbean/attribute'
2019-05-11 11:06:12.838 DEBUG 8956 --- [kground-preinit] o.apache.tomcat.util.digester.Digester   :   bodyText=''
2019-05-11 11:06:12.838 DEBUG 8956 --- [kground-preinit] o.apache.tomcat.util.digester.Digester   :   Fire body() for ObjectCreateRule[className=org.apache.tomcat.util.modeler.AttributeInfo, attributeName=null]
2019-05-11 11:06:12.838 DEBUG 8956 --- [kground-preinit] o.apache.tomcat.util.digester.Digester   :   Fire body() for SetPropertiesRule[]
2019-05-11 11:06:12.838 DEBUG 8956 --- [kground-preinit] o.apache.tomcat.util.digester.Digester   :   Fire body() for SetNextRule[methodName=addAttribute, paramType=org.apache.tomcat.util.modeler.AttributeInfo]
2019-05-11 11:06:12.838 DEBUG 8956 --- [kground-preinit] o.apache.tomcat.util.digester.Digester   :   Fire end() for SetNextRule[methodName=addAttribute, paramType=org.apache.tomcat.util.modeler.AttributeInfo]
2019-05-11 11:06:12.838 DEBUG 8956 --- [kground-preinit] o.apache.tomcat.util.digester.Digester   : [SetNextRule]{mbeans-descriptors/mbean/attribute} Call org.apache.tomcat.util.modeler.ManagedBean.addAttribute(org.apache.tomcat.util.modeler.AttributeInfo@1fb6e852)
2019-05-11 11:06:12.838 DEBUG 8956 --- [kground-preinit] o.apache.tomcat.util.IntrospectionUtils  : IntrospectionUtils: callMethod1 org.apache.tomcat.util.modeler.ManagedBean org.apache.tomcat.util.modeler.AttributeInfo org.apache.tomcat.util.modeler.AttributeInfo
2019-05-11 11:06:12.839 DEBUG 8956 --- [kground-preinit] o.apache.tomcat.util.digester.Digester   :   Fire end() for SetPropertiesRule[]
2019-05-11 11:06:12.839 DEBUG 8956 --- [kground-preinit] o.apache.tomcat.util.digester.Digester   :   Fire end() for ObjectCreateRule[className=org.apache.tomcat.util.modeler.AttributeInfo, attributeName=null]
2019-05-11 11:06:12.839 DEBUG 8956 --- [kground-preinit] o.apache.tomcat.util.digester.Digester   : [ObjectCreateRule]{mbeans-descriptors/mbean/attribute} Pop org.apache.tomcat.util.modeler.AttributeInfo
2019-05-11 11:06:12.839 DEBUG 8956 --- [kground-preinit] o.a.tomcat.util.digester.Digester.sax    : characters(

    )
2019-05-11 11:06:12.839 DEBUG 8956 --- [kground-preinit] o.a.tomcat.util.digester.Digester.sax    : startElement(,,attribute)
2019-05-11 11:06:12.839 DEBUG 8956 --- [kground-preinit] o.apache.tomcat.util.digester.Digester   :   New match='mbeans-descriptors/mbean/attribute'
2019-05-11 11:06:12.839 DEBUG 8956 --- [kground-preinit] o.apache.tomcat.util.digester.Digester   :   Fire begin() for ObjectCreateRule[className=org.apache.tomcat.util.modeler.AttributeInfo, attributeName=null]
2019-05-11 11:06:12.839 DEBUG 8956 --- [kground-preinit] o.apache.tomcat.util.digester.Digester   : [ObjectCreateRule]{mbeans-descriptors/mbean/attribute}New org.apache.tomcat.util.modeler.AttributeInfo
2019-05-11 11:06:12.839 DEBUG 8956 --- [kground-preinit] o.apache.tomcat.util.digester.Digester   :   Fire begin() for SetPropertiesRule[]
2019-05-11 11:06:12.839 DEBUG 8956 --- [kground-preinit] o.apache.tomcat.util.digester.Digester   : [SetPropertiesRule]{mbeans-descriptors/mbean/attribute} Set org.apache.tomcat.util.modeler.AttributeInfo properties
2019-05-11 11:06:12.840 DEBUG 8956 --- [kground-preinit] o.apache.tomcat.util.digester.Digester   : [SetPropertiesRule]{mbeans-descriptors/mbean/attribute} Setting property 'name' to 'sessionCookiePath'
2019-05-11 11:06:12.841 DEBUG 8956 --- [kground-preinit] o.apache.tomcat.util.IntrospectionUtils  : IntrospectionUtils: setProperty(class org.apache.tomcat.util.modeler.AttributeInfo name=sessionCookiePath)
2019-05-11 11:06:12.841 DEBUG 8956 --- [kground-preinit] o.apache.tomcat.util.digester.Digester   : [SetPropertiesRule]{mbeans-descriptors/mbean/attribute} Setting property 'description' to 'The path to use for session cookies.'null' indicates that the path is controlled by the application.'
2019-05-11 11:06:12.841 DEBUG 8956 --- [kground-preinit] o.apache.tomcat.util.IntrospectionUtils  : IntrospectionUtils: setProperty(class org.apache.tomcat.util.modeler.AttributeInfo description=The path to use for session cookies.'null' indicates that the path is controlled by the application.)
2019-05-11 11:06:12.842 DEBUG 8956 --- [kground-preinit] o.apache.tomcat.util.digester.Digester   : [SetPropertiesRule]{mbeans-descriptors/mbean/attribute} Setting property 'type' to 'java.lang.String'
2019-05-11 11:06:12.842 DEBUG 8956 --- [kground-preinit] o.apache.tomcat.util.IntrospectionUtils  : IntrospectionUtils: setProperty(class org.apache.tomcat.util.modeler.AttributeInfo type=java.lang.String)
2019-05-11 11:06:12.842 DEBUG 8956 --- [kground-preinit] o.apache.tomcat.util.digester.Digester   :   Fire begin() for SetNextRule[methodName=addAttribute, paramType=org.apache.tomcat.util.modeler.AttributeInfo]
2019-05-11 11:06:12.842 DEBUG 8956 --- [kground-preinit] o.a.tomcat.util.digester.Digester.sax    : endElement(,,attribute)
2019-05-11 11:06:12.842 DEBUG 8956 --- [kground-preinit] o.apache.tomcat.util.digester.Digester   :   match='mbeans-descriptors/mbean/attribute'
2019-05-11 11:06:12.843 DEBUG 8956 --- [kground-preinit] o.apache.tomcat.util.digester.Digester   :   bodyText=''
2019-05-11 11:06:12.843 DEBUG 8956 --- [kground-preinit] o.apache.tomcat.util.digester.Digester   :   Fire body() for ObjectCreateRule[className=org.apache.tomcat.util.modeler.AttributeInfo, attributeName=null]
2019-05-11 11:06:12.843 DEBUG 8956 --- [kground-preinit] o.apache.tomcat.util.digester.Digester   :   Fire body() for SetPropertiesRule[]
2019-05-11 11:06:12.843 DEBUG 8956 --- [kground-preinit] o.apache.tomcat.util.digester.Digester   :   Fire body() for SetNextRule[methodName=addAttribute, paramType=org.apache.tomcat.util.modeler.AttributeInfo]
2019-05-11 11:06:12.843 DEBUG 8956 --- [kground-preinit] o.apache.tomcat.util.digester.Digester   :   Fire end() for SetNextRule[methodName=addAttribute, paramType=org.apache.tomcat.util.modeler.AttributeInfo]
2019-05-11 11:06:12.843 DEBUG 8956 --- [kground-preinit] o.apache.tomcat.util.digester.Digester   : [SetNextRule]{mbeans-descriptors/mbean/attribute} Call org.apache.tomcat.util.modeler.ManagedBean.addAttribute(org.apache.tomcat.util.modeler.AttributeInfo@b45cb51)
2019-05-11 11:06:12.843 DEBUG 8956 --- [kground-preinit] o.apache.tomcat.util.IntrospectionUtils  : IntrospectionUtils: callMethod1 org.apache.tomcat.util.modeler.ManagedBean org.apache.tomcat.util.modeler.AttributeInfo org.apache.tomcat.util.modeler.AttributeInfo
2019-05-11 11:06:12.844 DEBUG 8956 --- [kground-preinit] o.apache.tomcat.util.digester.Digester   :   Fire end() for SetPropertiesRule[]
2019-05-11 11:06:12.844 DEBUG 8956 --- [kground-preinit] o.apache.tomcat.util.digester.Digester   :   Fire end() for ObjectCreateRule[className=org.apache.tomcat.util.modeler.AttributeInfo, attributeName=null]
2019-05-11 11:06:12.844 DEBUG 8956 --- [kground-preinit] o.apache.tomcat.util.digester.Digester   : [ObjectCreateRule]{mbeans-descriptors/mbean/attribute} Pop org.apache.tomcat.util.modeler.AttributeInfo
2019-05-11 11:06:12.844 DEBUG 8956 --- [kground-preinit] o.a.tomcat.util.digester.Digester.sax    : characters(

    )
2019-05-11 11:06:12.845 DEBUG 8956 --- [kground-preinit] o.a.tomcat.util.digester.Digester.sax    : startElement(,,attribute)
2019-05-11 11:06:12.845 DEBUG 8956 --- [kground-preinit] o.apache.tomcat.util.digester.Digester   :   New match='mbeans-descriptors/mbean/attribute'
2019-05-11 11:06:12.845 DEBUG 8956 --- [kground-preinit] o.apache.tomcat.util.digester.Digester   :   Fire begin() for ObjectCreateRule[className=org.apache.tomcat.util.modeler.AttributeInfo, attributeName=null]
2019-05-11 11:06:12.845 DEBUG 8956 --- [kground-preinit] o.apache.tomcat.util.digester.Digester   : [ObjectCreateRule]{mbeans-descriptors/mbean/attribute}New org.apache.tomcat.util.modeler.AttributeInfo
2019-05-11 11:06:12.845 DEBUG 8956 --- [kground-preinit] o.apache.tomcat.util.digester.Digester   :   Fire begin() for SetPropertiesRule[]
2019-05-11 11:06:12.845 DEBUG 8956 --- [kground-preinit] o.apache.tomcat.util.digester.Digester   : [SetPropertiesRule]{mbeans-descriptors/mbean/attribute} Set org.apache.tomcat.util.modeler.AttributeInfo properties
2019-05-11 11:06:12.845 DEBUG 8956 --- [kground-preinit] o.apache.tomcat.util.digester.Digester   : [SetPropertiesRule]{mbeans-descriptors/mbean/attribute} Setting property 'name' to 'sessionTimeout'
2019-05-11 11:06:12.845 DEBUG 8956 --- [kground-preinit] o.apache.tomcat.util.IntrospectionUtils  : IntrospectionUtils: setProperty(class org.apache.tomcat.util.modeler.AttributeInfo name=sessionTimeout)
2019-05-11 11:06:12.845 DEBUG 8956 --- [kground-preinit] o.apache.tomcat.util.digester.Digester   : [SetPropertiesRule]{mbeans-descriptors/mbean/attribute} Setting property 'description' to 'The session timeout (in minutes) for this web application'
2019-05-11 11:06:12.846 DEBUG 8956 --- [kground-preinit] o.apache.tomcat.util.IntrospectionUtils  : IntrospectionUtils: setProperty(class org.apache.tomcat.util.modeler.AttributeInfo description=The session timeout (in minutes) for this web application)
2019-05-11 11:06:12.846 DEBUG 8956 --- [kground-preinit] o.apache.tomcat.util.digester.Digester   : [SetPropertiesRule]{mbeans-descriptors/mbean/attribute} Setting property 'type' to 'int'
2019-05-11 11:06:12.846 DEBUG 8956 --- [kground-preinit] o.apache.tomcat.util.IntrospectionUtils  : IntrospectionUtils: setProperty(class org.apache.tomcat.util.modeler.AttributeInfo type=int)
2019-05-11 11:06:12.846 DEBUG 8956 --- [kground-preinit] o.apache.tomcat.util.digester.Digester   :   Fire begin() for SetNextRule[methodName=addAttribute, paramType=org.apache.tomcat.util.modeler.AttributeInfo]
2019-05-11 11:06:12.846 DEBUG 8956 --- [kground-preinit] o.a.tomcat.util.digester.Digester.sax    : endElement(,,attribute)
2019-05-11 11:06:12.846 DEBUG 8956 --- [kground-preinit] o.apache.tomcat.util.digester.Digester   :   match='mbeans-descriptors/mbean/attribute'
2019-05-11 11:06:12.847 DEBUG 8956 --- [kground-preinit] o.apache.tomcat.util.digester.Digester   :   bodyText=''
2019-05-11 11:06:12.847 DEBUG 8956 --- [kground-preinit] o.apache.tomcat.util.digester.Digester   :   Fire body() for ObjectCreateRule[className=org.apache.tomcat.util.modeler.AttributeInfo, attributeName=null]
2019-05-11 11:06:12.847 DEBUG 8956 --- [kground-preinit] o.apache.tomcat.util.digester.Digester   :   Fire body() for SetPropertiesRule[]
2019-05-11 11:06:12.847 DEBUG 8956 --- [kground-preinit] o.apache.tomcat.util.digester.Digester   :   Fire body() for SetNextRule[methodName=addAttribute, paramType=org.apache.tomcat.util.modeler.AttributeInfo]
2019-05-11 11:06:12.847 DEBUG 8956 --- [kground-preinit] o.apache.tomcat.util.digester.Digester   :   Fire end() for SetNextRule[methodName=addAttribute, paramType=org.apache.tomcat.util.modeler.AttributeInfo]
2019-05-11 11:06:12.847 DEBUG 8956 --- [kground-preinit] o.apache.tomcat.util.digester.Digester   : [SetNextRule]{mbeans-descriptors/mbean/attribute} Call org.apache.tomcat.util.modeler.ManagedBean.addAttribute(org.apache.tomcat.util.modeler.AttributeInfo@7e3a75bc)
2019-05-11 11:06:12.848 DEBUG 8956 --- [kground-preinit] o.apache.tomcat.util.IntrospectionUtils  : IntrospectionUtils: callMethod1 org.apache.tomcat.util.modeler.ManagedBean org.apache.tomcat.util.modeler.AttributeInfo org.apache.tomcat.util.modeler.AttributeInfo
2019-05-11 11:06:12.848 DEBUG 8956 --- [kground-preinit] o.apache.tomcat.util.digester.Digester   :   Fire end() for SetPropertiesRule[]
2019-05-11 11:06:12.848 DEBUG 8956 --- [kground-preinit] o.apache.tomcat.util.digester.Digester   :   Fire end() for ObjectCreateRule[className=org.apache.tomcat.util.modeler.AttributeInfo, attributeName=null]
2019-05-11 11:06:12.848 DEBUG 8956 --- [kground-preinit] o.apache.tomcat.util.digester.Digester   : [ObjectCreateRule]{mbeans-descriptors/mbean/attribute} Pop org.apache.tomcat.util.modeler.AttributeInfo
2019-05-11 11:06:12.848 DEBUG 8956 --- [kground-preinit] o.a.tomcat.util.digester.Digester.sax    : characters(

    )
2019-05-11 11:06:12.849 DEBUG 8956 --- [kground-preinit] o.a.tomcat.util.digester.Digester.sax    : startElement(,,attribute)
2019-05-11 11:06:12.849 DEBUG 8956 --- [kground-preinit] o.apache.tomcat.util.digester.Digester   :   New match='mbeans-descriptors/mbean/attribute'
2019-05-11 11:06:12.849 DEBUG 8956 --- [kground-preinit] o.apache.tomcat.util.digester.Digester   :   Fire begin() for ObjectCreateRule[className=org.apache.tomcat.util.modeler.AttributeInfo, attributeName=null]
2019-05-11 11:06:12.849 DEBUG 8956 --- [kground-preinit] o.apache.tomcat.util.digester.Digester   : [ObjectCreateRule]{mbeans-descriptors/mbean/attribute}New org.apache.tomcat.util.modeler.AttributeInfo
2019-05-11 11:06:12.849 DEBUG 8956 --- [kground-preinit] o.apache.tomcat.util.digester.Digester   :   Fire begin() for SetPropertiesRule[]
2019-05-11 11:06:12.849 DEBUG 8956 --- [kground-preinit] o.apache.tomcat.util.digester.Digester   : [SetPropertiesRule]{mbeans-descriptors/mbean/attribute} Set org.apache.tomcat.util.modeler.AttributeInfo properties
2019-05-11 11:06:12.849 DEBUG 8956 --- [kground-preinit] o.apache.tomcat.util.digester.Digester   : [SetPropertiesRule]{mbeans-descriptors/mbean/attribute} Setting property 'name' to 'startTime'
2019-05-11 11:06:12.850 DEBUG 8956 --- [kground-preinit] o.apache.tomcat.util.IntrospectionUtils  : IntrospectionUtils: setProperty(class org.apache.tomcat.util.modeler.AttributeInfo name=startTime)
2019-05-11 11:06:12.850 DEBUG 8956 --- [kground-preinit] o.apache.tomcat.util.digester.Digester   : [SetPropertiesRule]{mbeans-descriptors/mbean/attribute} Setting property 'description' to 'Time (in milliseconds since January 1, 1970, 00:00:00) when this context was started'
2019-05-11 11:06:12.850 DEBUG 8956 --- [kground-preinit] o.apache.tomcat.util.IntrospectionUtils  : IntrospectionUtils: setProperty(class org.apache.tomcat.util.modeler.AttributeInfo description=Time (in milliseconds since January 1, 1970, 00:00:00) when this context was started)
2019-05-11 11:06:12.851 DEBUG 8956 --- [kground-preinit] o.apache.tomcat.util.digester.Digester   : [SetPropertiesRule]{mbeans-descriptors/mbean/attribute} Setting property 'type' to 'long'
2019-05-11 11:06:12.851 DEBUG 8956 --- [kground-preinit] o.apache.tomcat.util.IntrospectionUtils  : IntrospectionUtils: setProperty(class org.apache.tomcat.util.modeler.AttributeInfo type=long)
2019-05-11 11:06:12.851 DEBUG 8956 --- [kground-preinit] o.apache.tomcat.util.digester.Digester   : [SetPropertiesRule]{mbeans-descriptors/mbean/attribute} Setting property 'writeable' to 'false'
2019-05-11 11:06:12.851 DEBUG 8956 --- [kground-preinit] o.apache.tomcat.util.IntrospectionUtils  : IntrospectionUtils: setProperty(class org.apache.tomcat.util.modeler.AttributeInfo writeable=false)
2019-05-11 11:06:12.851 DEBUG 8956 --- [kground-preinit] o.apache.tomcat.util.digester.Digester   :   Fire begin() for SetNextRule[methodName=addAttribute, paramType=org.apache.tomcat.util.modeler.AttributeInfo]
2019-05-11 11:06:12.851 DEBUG 8956 --- [kground-preinit] o.a.tomcat.util.digester.Digester.sax    : endElement(,,attribute)
2019-05-11 11:06:12.851 DEBUG 8956 --- [kground-preinit] o.apache.tomcat.util.digester.Digester   :   match='mbeans-descriptors/mbean/attribute'
2019-05-11 11:06:12.851 DEBUG 8956 --- [kground-preinit] o.apache.tomcat.util.digester.Digester   :   bodyText=''
2019-05-11 11:06:12.852 DEBUG 8956 --- [kground-preinit] o.apache.tomcat.util.digester.Digester   :   Fire body() for ObjectCreateRule[className=org.apache.tomcat.util.modeler.AttributeInfo, attributeName=null]
2019-05-11 11:06:12.852 DEBUG 8956 --- [kground-preinit] o.apache.tomcat.util.digester.Digester   :   Fire body() for SetPropertiesRule[]
2019-05-11 11:06:12.852 DEBUG 8956 --- [kground-preinit] o.apache.tomcat.util.digester.Digester   :   Fire body() for SetNextRule[methodName=addAttribute, paramType=org.apache.tomcat.util.modeler.AttributeInfo]
2019-05-11 11:06:12.852 DEBUG 8956 --- [kground-preinit] o.apache.tomcat.util.digester.Digester   :   Fire end() for SetNextRule[methodName=addAttribute, paramType=org.apache.tomcat.util.modeler.AttributeInfo]
2019-05-11 11:06:12.852 DEBUG 8956 --- [kground-preinit] o.apache.tomcat.util.digester.Digester   : [SetNextRule]{mbeans-descriptors/mbean/attribute} Call org.apache.tomcat.util.modeler.ManagedBean.addAttribute(org.apache.tomcat.util.modeler.AttributeInfo@57cf04ba)
2019-05-11 11:06:12.852 DEBUG 8956 --- [kground-preinit] o.apache.tomcat.util.IntrospectionUtils  : IntrospectionUtils: callMethod1 org.apache.tomcat.util.modeler.ManagedBean org.apache.tomcat.util.modeler.AttributeInfo org.apache.tomcat.util.modeler.AttributeInfo
2019-05-11 11:06:12.853 DEBUG 8956 --- [kground-preinit] o.apache.tomcat.util.digester.Digester   :   Fire end() for SetPropertiesRule[]
2019-05-11 11:06:12.853 DEBUG 8956 --- [kground-preinit] o.apache.tomcat.util.digester.Digester   :   Fire end() for ObjectCreateRule[className=org.apache.tomcat.util.modeler.AttributeInfo, attributeName=null]
2019-05-11 11:06:12.853 DEBUG 8956 --- [kground-preinit] o.apache.tomcat.util.digester.Digester   : [ObjectCreateRule]{mbeans-descriptors/mbean/attribute} Pop org.apache.tomcat.util.modeler.AttributeInfo
2019-05-11 11:06:12.853 DEBUG 8956 --- [kground-preinit] o.a.tomcat.util.digester.Digester.sax    : characters(

    )
2019-05-11 11:06:12.853 DEBUG 8956 --- [kground-preinit] o.a.tomcat.util.digester.Digester.sax    : startElement(,,attribute)
2019-05-11 11:06:12.853 DEBUG 8956 --- [kground-preinit] o.apache.tomcat.util.digester.Digester   :   New match='mbeans-descriptors/mbean/attribute'
2019-05-11 11:06:12.854 DEBUG 8956 --- [kground-preinit] o.apache.tomcat.util.digester.Digester   :   Fire begin() for ObjectCreateRule[className=org.apache.tomcat.util.modeler.AttributeInfo, attributeName=null]
2019-05-11 11:06:12.854 DEBUG 8956 --- [kground-preinit] o.apache.tomcat.util.digester.Digester   : [ObjectCreateRule]{mbeans-descriptors/mbean/attribute}New org.apache.tomcat.util.modeler.AttributeInfo
2019-05-11 11:06:12.854 DEBUG 8956 --- [kground-preinit] o.apache.tomcat.util.digester.Digester   :   Fire begin() for SetPropertiesRule[]
2019-05-11 11:06:12.854 DEBUG 8956 --- [kground-preinit] o.apache.tomcat.util.digester.Digester   : [SetPropertiesRule]{mbeans-descriptors/mbean/attribute} Set org.apache.tomcat.util.modeler.AttributeInfo properties
2019-05-11 11:06:12.854 DEBUG 8956 --- [kground-preinit] o.apache.tomcat.util.digester.Digester   : [SetPropertiesRule]{mbeans-descriptors/mbean/attribute} Setting property 'name' to 'startupTime'
2019-05-11 11:06:12.854 DEBUG 8956 --- [kground-preinit] o.apache.tomcat.util.IntrospectionUtils  : IntrospectionUtils: setProperty(class org.apache.tomcat.util.modeler.AttributeInfo name=startupTime)
2019-05-11 11:06:12.854 DEBUG 8956 --- [kground-preinit] o.apache.tomcat.util.digester.Digester   : [SetPropertiesRule]{mbeans-descriptors/mbean/attribute} Setting property 'description' to 'Time (in milliseconds) it took to start this context'
2019-05-11 11:06:12.855 DEBUG 8956 --- [kground-preinit] o.apache.tomcat.util.IntrospectionUtils  : IntrospectionUtils: setProperty(class org.apache.tomcat.util.modeler.AttributeInfo description=Time (in milliseconds) it took to start this context)
2019-05-11 11:06:12.855 DEBUG 8956 --- [kground-preinit] o.apache.tomcat.util.digester.Digester   : [SetPropertiesRule]{mbeans-descriptors/mbean/attribute} Setting property 'type' to 'long'
2019-05-11 11:06:12.855 DEBUG 8956 --- [kground-preinit] o.apache.tomcat.util.IntrospectionUtils  : IntrospectionUtils: setProperty(class org.apache.tomcat.util.modeler.AttributeInfo type=long)
2019-05-11 11:06:12.855 DEBUG 8956 --- [kground-preinit] o.apache.tomcat.util.digester.Digester   :   Fire begin() for SetNextRule[methodName=addAttribute, paramType=org.apache.tomcat.util.modeler.AttributeInfo]
2019-05-11 11:06:12.855 DEBUG 8956 --- [kground-preinit] o.a.tomcat.util.digester.Digester.sax    : endElement(,,attribute)
2019-05-11 11:06:12.856 DEBUG 8956 --- [kground-preinit] o.apache.tomcat.util.digester.Digester   :   match='mbeans-descriptors/mbean/attribute'
2019-05-11 11:06:12.856 DEBUG 8956 --- [kground-preinit] o.apache.tomcat.util.digester.Digester   :   bodyText=''
2019-05-11 11:06:12.856 DEBUG 8956 --- [kground-preinit] o.apache.tomcat.util.digester.Digester   :   Fire body() for ObjectCreateRule[className=org.apache.tomcat.util.modeler.AttributeInfo, attributeName=null]
2019-05-11 11:06:12.856 DEBUG 8956 --- [kground-preinit] o.apache.tomcat.util.digester.Digester   :   Fire body() for SetPropertiesRule[]
2019-05-11 11:06:12.856 DEBUG 8956 --- [kground-preinit] o.apache.tomcat.util.digester.Digester   :   Fire body() for SetNextRule[methodName=addAttribute, paramType=org.apache.tomcat.util.modeler.AttributeInfo]
2019-05-11 11:06:12.856 DEBUG 8956 --- [kground-preinit] o.apache.tomcat.util.digester.Digester   :   Fire end() for SetNextRule[methodName=addAttribute, paramType=org.apache.tomcat.util.modeler.AttributeInfo]
2019-05-11 11:06:12.857 DEBUG 8956 --- [kground-preinit] o.apache.tomcat.util.digester.Digester   : [SetNextRule]{mbeans-descriptors/mbean/attribute} Call org.apache.tomcat.util.modeler.ManagedBean.addAttribute(org.apache.tomcat.util.modeler.AttributeInfo@7f939269)
2019-05-11 11:06:12.857 DEBUG 8956 --- [kground-preinit] o.apache.tomcat.util.IntrospectionUtils  : IntrospectionUtils: callMethod1 org.apache.tomcat.util.modeler.ManagedBean org.apache.tomcat.util.modeler.AttributeInfo org.apache.tomcat.util.modeler.AttributeInfo
2019-05-11 11:06:12.857 DEBUG 8956 --- [kground-preinit] o.apache.tomcat.util.digester.Digester   :   Fire end() for SetPropertiesRule[]
2019-05-11 11:06:12.857 DEBUG 8956 --- [kground-preinit] o.apache.tomcat.util.digester.Digester   :   Fire end() for ObjectCreateRule[className=org.apache.tomcat.util.modeler.AttributeInfo, attributeName=null]
2019-05-11 11:06:12.857 DEBUG 8956 --- [kground-preinit] o.apache.tomcat.util.digester.Digester   : [ObjectCreateRule]{mbeans-descriptors/mbean/attribute} Pop org.apache.tomcat.util.modeler.AttributeInfo
2019-05-11 11:06:12.857 DEBUG 8956 --- [kground-preinit] o.a.tomcat.util.digester.Digester.sax    : characters(

    )
2019-05-11 11:06:12.858 DEBUG 8956 --- [kground-preinit] o.a.tomcat.util.digester.Digester.sax    : startElement(,,attribute)
2019-05-11 11:06:12.858 DEBUG 8956 --- [kground-preinit] o.apache.tomcat.util.digester.Digester   :   New match='mbeans-descriptors/mbean/attribute'
2019-05-11 11:06:12.858 DEBUG 8956 --- [kground-preinit] o.apache.tomcat.util.digester.Digester   :   Fire begin() for ObjectCreateRule[className=org.apache.tomcat.util.modeler.AttributeInfo, attributeName=null]
2019-05-11 11:06:12.858 DEBUG 8956 --- [kground-preinit] o.apache.tomcat.util.digester.Digester   : [ObjectCreateRule]{mbeans-descriptors/mbean/attribute}New org.apache.tomcat.util.modeler.AttributeInfo
2019-05-11 11:06:12.861 DEBUG 8956 --- [           main] .i.s.PathMatchingResourcePatternResolver : Resolved classpath location [com/atguigu/gware/mapper/] to resources [URL [file:/E:/gmall0508/gware-manage/target/classes/com/atguigu/gware/mapper/]]
2019-05-11 11:06:12.861 DEBUG 8956 --- [kground-preinit] o.apache.tomcat.util.digester.Digester   :   Fire begin() for SetPropertiesRule[]
2019-05-11 11:06:12.861 DEBUG 8956 --- [kground-preinit] o.apache.tomcat.util.digester.Digester   : [SetPropertiesRule]{mbeans-descriptors/mbean/attribute} Set org.apache.tomcat.util.modeler.AttributeInfo properties
2019-05-11 11:06:12.861 DEBUG 8956 --- [kground-preinit] o.apache.tomcat.util.digester.Digester   : [SetPropertiesRule]{mbeans-descriptors/mbean/attribute} Setting property 'name' to 'stateName'
2019-05-11 11:06:12.861 DEBUG 8956 --- [kground-preinit] o.apache.tomcat.util.IntrospectionUtils  : IntrospectionUtils: setProperty(class org.apache.tomcat.util.modeler.AttributeInfo name=stateName)
2019-05-11 11:06:12.861 DEBUG 8956 --- [kground-preinit] o.apache.tomcat.util.digester.Digester   : [SetPropertiesRule]{mbeans-descriptors/mbean/attribute} Setting property 'description' to 'The name of the LifecycleState that this component is currently in'
2019-05-11 11:06:12.861 DEBUG 8956 --- [kground-preinit] o.apache.tomcat.util.IntrospectionUtils  : IntrospectionUtils: setProperty(class org.apache.tomcat.util.modeler.AttributeInfo description=The name of the LifecycleState that this component is currently in)
2019-05-11 11:06:12.861 DEBUG 8956 --- [kground-preinit] o.apache.tomcat.util.digester.Digester   : [SetPropertiesRule]{mbeans-descriptors/mbean/attribute} Setting property 'type' to 'java.lang.String'
2019-05-11 11:06:12.862 DEBUG 8956 --- [kground-preinit] o.apache.tomcat.util.IntrospectionUtils  : IntrospectionUtils: setProperty(class org.apache.tomcat.util.modeler.AttributeInfo type=java.lang.String)
2019-05-11 11:06:12.862 DEBUG 8956 --- [           main] .i.s.PathMatchingResourcePatternResolver : Looking for matching resources in directory tree [E:\gmall0508\gware-manage\target\classes\com\atguigu\gware\mapper]
2019-05-11 11:06:12.862 DEBUG 8956 --- [kground-preinit] o.apache.tomcat.util.digester.Digester   : [SetPropertiesRule]{mbeans-descriptors/mbean/attribute} Setting property 'writeable' to 'false'
2019-05-11 11:06:12.862 DEBUG 8956 --- [kground-preinit] o.apache.tomcat.util.IntrospectionUtils  : IntrospectionUtils: setProperty(class org.apache.tomcat.util.modeler.AttributeInfo writeable=false)
2019-05-11 11:06:12.862 DEBUG 8956 --- [kground-preinit] o.apache.tomcat.util.digester.Digester   :   Fire begin() for SetNextRule[methodName=addAttribute, paramType=org.apache.tomcat.util.modeler.AttributeInfo]
2019-05-11 11:06:12.862 DEBUG 8956 --- [kground-preinit] o.a.tomcat.util.digester.Digester.sax    : endElement(,,attribute)
2019-05-11 11:06:12.862 DEBUG 8956 --- [           main] .i.s.PathMatchingResourcePatternResolver : Searching directory [E:\gmall0508\gware-manage\target\classes\com\atguigu\gware\mapper] for files matching pattern [E:/gmall0508/gware-manage/target/classes/com/atguigu/gware/mapper/**/*.class]
2019-05-11 11:06:12.862 DEBUG 8956 --- [kground-preinit] o.apache.tomcat.util.digester.Digester   :   match='mbeans-descriptors/mbean/attribute'
2019-05-11 11:06:12.862 DEBUG 8956 --- [kground-preinit] o.apache.tomcat.util.digester.Digester   :   bodyText=''
2019-05-11 11:06:12.862 DEBUG 8956 --- [kground-preinit] o.apache.tomcat.util.digester.Digester   :   Fire body() for ObjectCreateRule[className=org.apache.tomcat.util.modeler.AttributeInfo, attributeName=null]
2019-05-11 11:06:12.862 DEBUG 8956 --- [kground-preinit] o.apache.tomcat.util.digester.Digester   :   Fire body() for SetPropertiesRule[]
2019-05-11 11:06:12.862 DEBUG 8956 --- [kground-preinit] o.apache.tomcat.util.digester.Digester   :   Fire body() for SetNextRule[methodName=addAttribute, paramType=org.apache.tomcat.util.modeler.AttributeInfo]
2019-05-11 11:06:12.862 DEBUG 8956 --- [kground-preinit] o.apache.tomcat.util.digester.Digester   :   Fire end() for SetNextRule[methodName=addAttribute, paramType=org.apache.tomcat.util.modeler.AttributeInfo]
2019-05-11 11:06:12.862 DEBUG 8956 --- [kground-preinit] o.apache.tomcat.util.digester.Digester   : [SetNextRule]{mbeans-descriptors/mbean/attribute} Call org.apache.tomcat.util.modeler.ManagedBean.addAttribute(org.apache.tomcat.util.modeler.AttributeInfo@5a29c189)
2019-05-11 11:06:12.862 DEBUG 8956 --- [kground-preinit] o.apache.tomcat.util.IntrospectionUtils  : IntrospectionUtils: callMethod1 org.apache.tomcat.util.modeler.ManagedBean org.apache.tomcat.util.modeler.AttributeInfo org.apache.tomcat.util.modeler.AttributeInfo
2019-05-11 11:06:12.863 DEBUG 8956 --- [kground-preinit] o.apache.tomcat.util.digester.Digester   :   Fire end() for SetPropertiesRule[]
2019-05-11 11:06:12.863 DEBUG 8956 --- [kground-preinit] o.apache.tomcat.util.digester.Digester   :   Fire end() for ObjectCreateRule[className=org.apache.tomcat.util.modeler.AttributeInfo, attributeName=null]
2019-05-11 11:06:12.863 DEBUG 8956 --- [kground-preinit] o.apache.tomcat.util.digester.Digester   : [ObjectCreateRule]{mbeans-descriptors/mbean/attribute} Pop org.apache.tomcat.util.modeler.AttributeInfo
2019-05-11 11:06:12.863 DEBUG 8956 --- [kground-preinit] o.a.tomcat.util.digester.Digester.sax    : characters(

    )
2019-05-11 11:06:12.863 DEBUG 8956 --- [kground-preinit] o.a.tomcat.util.digester.Digester.sax    : startElement(,,attribute)
2019-05-11 11:06:12.863 DEBUG 8956 --- [kground-preinit] o.apache.tomcat.util.digester.Digester   :   New match='mbeans-descriptors/mbean/attribute'
2019-05-11 11:06:12.863 DEBUG 8956 --- [kground-preinit] o.apache.tomcat.util.digester.Digester   :   Fire begin() for ObjectCreateRule[className=org.apache.tomcat.util.modeler.AttributeInfo, attributeName=null]
2019-05-11 11:06:12.865 DEBUG 8956 --- [kground-preinit] o.apache.tomcat.util.digester.Digester   : [ObjectCreateRule]{mbeans-descriptors/mbean/attribute}New org.apache.tomcat.util.modeler.AttributeInfo
2019-05-11 11:06:12.865 DEBUG 8956 --- [kground-preinit] o.apache.tomcat.util.digester.Digester   :   Fire begin() for SetPropertiesRule[]
2019-05-11 11:06:12.866 DEBUG 8956 --- [kground-preinit] o.apache.tomcat.util.digester.Digester   : [SetPropertiesRule]{mbeans-descriptors/mbean/attribute} Set org.apache.tomcat.util.modeler.AttributeInfo properties
2019-05-11 11:06:12.866 DEBUG 8956 --- [kground-preinit] o.apache.tomcat.util.digester.Digester   : [SetPropertiesRule]{mbeans-descriptors/mbean/attribute} Setting property 'name' to 'swallowOutput'
2019-05-11 11:06:12.866 DEBUG 8956 --- [kground-preinit] o.apache.tomcat.util.IntrospectionUtils  : IntrospectionUtils: setProperty(class org.apache.tomcat.util.modeler.AttributeInfo name=swallowOutput)
2019-05-11 11:06:12.866 DEBUG 8956 --- [kground-preinit] o.apache.tomcat.util.digester.Digester   : [SetPropertiesRule]{mbeans-descriptors/mbean/attribute} Setting property 'description' to 'Flag to set to cause the system.out and system.err to be redirected to the logger when executing a servlet'
2019-05-11 11:06:12.866 DEBUG 8956 --- [kground-preinit] o.apache.tomcat.util.IntrospectionUtils  : IntrospectionUtils: setProperty(class org.apache.tomcat.util.modeler.AttributeInfo description=Flag to set to cause the system.out and system.err to be redirected to the logger when executing a servlet)
2019-05-11 11:06:12.866 DEBUG 8956 --- [kground-preinit] o.apache.tomcat.util.digester.Digester   : [SetPropertiesRule]{mbeans-descriptors/mbean/attribute} Setting property 'type' to 'boolean'
2019-05-11 11:06:12.866 DEBUG 8956 --- [kground-preinit] o.apache.tomcat.util.IntrospectionUtils  : IntrospectionUtils: setProperty(class org.apache.tomcat.util.modeler.AttributeInfo type=boolean)
2019-05-11 11:06:12.867 DEBUG 8956 --- [kground-preinit] o.apache.tomcat.util.digester.Digester   :   Fire begin() for SetNextRule[methodName=addAttribute, paramType=org.apache.tomcat.util.modeler.AttributeInfo]
2019-05-11 11:06:12.867 DEBUG 8956 --- [kground-preinit] o.a.tomcat.util.digester.Digester.sax    : endElement(,,attribute)
2019-05-11 11:06:12.867 DEBUG 8956 --- [kground-preinit] o.apache.tomcat.util.digester.Digester   :   match='mbeans-descriptors/mbean/attribute'
2019-05-11 11:06:12.867 DEBUG 8956 --- [kground-preinit] o.apache.tomcat.util.digester.Digester   :   bodyText=''
2019-05-11 11:06:12.868 DEBUG 8956 --- [kground-preinit] o.apache.tomcat.util.digester.Digester   :   Fire body() for ObjectCreateRule[className=org.apache.tomcat.util.modeler.AttributeInfo, attributeName=null]
2019-05-11 11:06:12.868 DEBUG 8956 --- [kground-preinit] o.apache.tomcat.util.digester.Digester   :   Fire body() for SetPropertiesRule[]
2019-05-11 11:06:12.868 DEBUG 8956 --- [kground-preinit] o.apache.tomcat.util.digester.Digester   :   Fire body() for SetNextRule[methodName=addAttribute, paramType=org.apache.tomcat.util.modeler.AttributeInfo]
2019-05-11 11:06:12.868 DEBUG 8956 --- [kground-preinit] o.apache.tomcat.util.digester.Digester   :   Fire end() for SetNextRule[methodName=addAttribute, paramType=org.apache.tomcat.util.modeler.AttributeInfo]
2019-05-11 11:06:12.868 DEBUG 8956 --- [kground-preinit] o.apache.tomcat.util.digester.Digester   : [SetNextRule]{mbeans-descriptors/mbean/attribute} Call org.apache.tomcat.util.modeler.ManagedBean.addAttribute(org.apache.tomcat.util.modeler.AttributeInfo@7713d8e5)
2019-05-11 11:06:12.868 DEBUG 8956 --- [kground-preinit] o.apache.tomcat.util.IntrospectionUtils  : IntrospectionUtils: callMethod1 org.apache.tomcat.util.modeler.ManagedBean org.apache.tomcat.util.modeler.AttributeInfo org.apache.tomcat.util.modeler.AttributeInfo
2019-05-11 11:06:12.869 DEBUG 8956 --- [kground-preinit] o.apache.tomcat.util.digester.Digester   :   Fire end() for SetPropertiesRule[]
2019-05-11 11:06:12.869 DEBUG 8956 --- [kground-preinit] o.apache.tomcat.util.digester.Digester   :   Fire end() for ObjectCreateRule[className=org.apache.tomcat.util.modeler.AttributeInfo, attributeName=null]
2019-05-11 11:06:12.869 DEBUG 8956 --- [kground-preinit] o.apache.tomcat.util.digester.Digester   : [ObjectCreateRule]{mbeans-descriptors/mbean/attribute} Pop org.apache.tomcat.util.modeler.AttributeInfo
2019-05-11 11:06:12.869 DEBUG 8956 --- [kground-preinit] o.a.tomcat.util.digester.Digester.sax    : characters(

    )
2019-05-11 11:06:12.869 DEBUG 8956 --- [kground-preinit] o.a.tomcat.util.digester.Digester.sax    : startElement(,,attribute)
2019-05-11 11:06:12.870 DEBUG 8956 --- [kground-preinit] o.apache.tomcat.util.digester.Digester   :   New match='mbeans-descriptors/mbean/attribute'
2019-05-11 11:06:12.870 DEBUG 8956 --- [kground-preinit] o.apache.tomcat.util.digester.Digester   :   Fire begin() for ObjectCreateRule[className=org.apache.tomcat.util.modeler.AttributeInfo, attributeName=null]
2019-05-11 11:06:12.870 DEBUG 8956 --- [kground-preinit] o.apache.tomcat.util.digester.Digester   : [ObjectCreateRule]{mbeans-descriptors/mbean/attribute}New org.apache.tomcat.util.modeler.AttributeInfo
2019-05-11 11:06:12.870 DEBUG 8956 --- [kground-preinit] o.apache.tomcat.util.digester.Digester   :   Fire begin() for SetPropertiesRule[]
2019-05-11 11:06:12.871 DEBUG 8956 --- [kground-preinit] o.apache.tomcat.util.digester.Digester   : [SetPropertiesRule]{mbeans-descriptors/mbean/attribute} Set org.apache.tomcat.util.modeler.AttributeInfo properties
2019-05-11 11:06:12.871 DEBUG 8956 --- [kground-preinit] o.apache.tomcat.util.digester.Digester   : [SetPropertiesRule]{mbeans-descriptors/mbean/attribute} Setting property 'name' to 'tldScanTime'
2019-05-11 11:06:12.871 DEBUG 8956 --- [kground-preinit] o.apache.tomcat.util.IntrospectionUtils  : IntrospectionUtils: setProperty(class org.apache.tomcat.util.modeler.AttributeInfo name=tldScanTime)
2019-05-11 11:06:12.871 DEBUG 8956 --- [kground-preinit] o.apache.tomcat.util.digester.Digester   : [SetPropertiesRule]{mbeans-descriptors/mbean/attribute} Setting property 'description' to 'Time spend scanning jars for TLDs for this context'
2019-05-11 11:06:12.871 DEBUG 8956 --- [kground-preinit] o.apache.tomcat.util.IntrospectionUtils  : IntrospectionUtils: setProperty(class org.apache.tomcat.util.modeler.AttributeInfo description=Time spend scanning jars for TLDs for this context)
2019-05-11 11:06:12.928 DEBUG 8956 --- [kground-preinit] o.apache.tomcat.util.digester.Digester   : [SetPropertiesRule]{mbeans-descriptors/mbean/attribute} Setting property 'type' to 'long'
2019-05-11 11:06:12.928 DEBUG 8956 --- [kground-preinit] o.apache.tomcat.util.IntrospectionUtils  : IntrospectionUtils: setProperty(class org.apache.tomcat.util.modeler.AttributeInfo type=long)
2019-05-11 11:06:12.928 DEBUG 8956 --- [kground-preinit] o.apache.tomcat.util.digester.Digester   :   Fire begin() for SetNextRule[methodName=addAttribute, paramType=org.apache.tomcat.util.modeler.AttributeInfo]
2019-05-11 11:06:12.928 DEBUG 8956 --- [kground-preinit] o.a.tomcat.util.digester.Digester.sax    : endElement(,,attribute)
2019-05-11 11:06:12.929 DEBUG 8956 --- [kground-preinit] o.apache.tomcat.util.digester.Digester   :   match='mbeans-descriptors/mbean/attribute'
2019-05-11 11:06:12.929 DEBUG 8956 --- [kground-preinit] o.apache.tomcat.util.digester.Digester   :   bodyText=''
2019-05-11 11:06:12.929 DEBUG 8956 --- [kground-preinit] o.apache.tomcat.util.digester.Digester   :   Fire body() for ObjectCreateRule[className=org.apache.tomcat.util.modeler.AttributeInfo, attributeName=null]
2019-05-11 11:06:12.929 DEBUG 8956 --- [kground-preinit] o.apache.tomcat.util.digester.Digester   :   Fire body() for SetPropertiesRule[]
2019-05-11 11:06:12.929 DEBUG 8956 --- [kground-preinit] o.apache.tomcat.util.digester.Digester   :   Fire body() for SetNextRule[methodName=addAttribute, paramType=org.apache.tomcat.util.modeler.AttributeInfo]
2019-05-11 11:06:12.929 DEBUG 8956 --- [kground-preinit] o.apache.tomcat.util.digester.Digester   :   Fire end() for SetNextRule[methodName=addAttribute, paramType=org.apache.tomcat.util.modeler.AttributeInfo]
2019-05-11 11:06:12.929 DEBUG 8956 --- [kground-preinit] o.apache.tomcat.util.digester.Digester   : [SetNextRule]{mbeans-descriptors/mbean/attribute} Call org.apache.tomcat.util.modeler.ManagedBean.addAttribute(org.apache.tomcat.util.modeler.AttributeInfo@5856e869)
2019-05-11 11:06:12.933 DEBUG 8956 --- [kground-preinit] o.apache.tomcat.util.IntrospectionUtils  : IntrospectionUtils: callMethod1 org.apache.tomcat.util.modeler.ManagedBean org.apache.tomcat.util.modeler.AttributeInfo org.apache.tomcat.util.modeler.AttributeInfo
2019-05-11 11:06:12.866 DEBUG 8956 --- [           main] .i.s.PathMatchingResourcePatternResolver : Resolved location pattern [classpath*:com/atguigu/gware/mapper/**/*.class] to resources [file [E:\gmall0508\gware-manage\target\classes\com\atguigu\gware\mapper\WareInfoMapper.class], file [E:\gmall0508\gware-manage\target\classes\com\atguigu\gware\mapper\WareOrderTaskDetailMapper.class], file [E:\gmall0508\gware-manage\target\classes\com\atguigu\gware\mapper\WareOrderTaskMapper.class], file [E:\gmall0508\gware-manage\target\classes\com\atguigu\gware\mapper\WareSkuMapper.class]]
2019-05-11 11:06:12.940 DEBUG 8956 --- [           main] t.m.s.mapper.ClassPathMapperScanner      : Identified candidate component class: file [E:\gmall0508\gware-manage\target\classes\com\atguigu\gware\mapper\WareInfoMapper.class]
2019-05-11 11:06:12.941 DEBUG 8956 --- [           main] t.m.s.mapper.ClassPathMapperScanner      : Identified candidate component class: file [E:\gmall0508\gware-manage\target\classes\com\atguigu\gware\mapper\WareOrderTaskDetailMapper.class]
2019-05-11 11:06:12.941 DEBUG 8956 --- [           main] t.m.s.mapper.ClassPathMapperScanner      : Identified candidate component class: file [E:\gmall0508\gware-manage\target\classes\com\atguigu\gware\mapper\WareOrderTaskMapper.class]
2019-05-11 11:06:12.942 DEBUG 8956 --- [           main] t.m.s.mapper.ClassPathMapperScanner      : Identified candidate component class: file [E:\gmall0508\gware-manage\target\classes\com\atguigu\gware\mapper\WareSkuMapper.class]
2019-05-11 11:06:12.942 DEBUG 8956 --- [           main] t.m.s.mapper.ClassPathMapperScanner      : Creating MapperFactoryBean with name 'wareInfoMapper' and 'com.atguigu.gware.mapper.WareInfoMapper' mapperInterface
2019-05-11 11:06:12.942 DEBUG 8956 --- [           main] t.m.s.mapper.ClassPathMapperScanner      : Enabling autowire by type for MapperFactoryBean with name 'wareInfoMapper'.
2019-05-11 11:06:12.943 DEBUG 8956 --- [           main] t.m.s.mapper.ClassPathMapperScanner      : Creating MapperFactoryBean with name 'wareOrderTaskDetailMapper' and 'com.atguigu.gware.mapper.WareOrderTaskDetailMapper' mapperInterface
2019-05-11 11:06:12.943 DEBUG 8956 --- [           main] t.m.s.mapper.ClassPathMapperScanner      : Enabling autowire by type for MapperFactoryBean with name 'wareOrderTaskDetailMapper'.
2019-05-11 11:06:12.943 DEBUG 8956 --- [           main] t.m.s.mapper.ClassPathMapperScanner      : Creating MapperFactoryBean with name 'wareOrderTaskMapper' and 'com.atguigu.gware.mapper.WareOrderTaskMapper' mapperInterface
2019-05-11 11:06:12.943 DEBUG 8956 --- [           main] t.m.s.mapper.ClassPathMapperScanner      : Enabling autowire by type for MapperFactoryBean with name 'wareOrderTaskMapper'.
2019-05-11 11:06:12.939 DEBUG 8956 --- [kground-preinit] o.apache.tomcat.util.digester.Digester   :   Fire end() for SetPropertiesRule[]
2019-05-11 11:06:12.945 DEBUG 8956 --- [kground-preinit] o.apache.tomcat.util.digester.Digester   :   Fire end() for ObjectCreateRule[className=org.apache.tomcat.util.modeler.AttributeInfo, attributeName=null]
2019-05-11 11:06:12.945 DEBUG 8956 --- [kground-preinit] o.apache.tomcat.util.digester.Digester   : [ObjectCreateRule]{mbeans-descriptors/mbean/attribute} Pop org.apache.tomcat.util.modeler.AttributeInfo
2019-05-11 11:06:12.946 DEBUG 8956 --- [kground-preinit] o.a.tomcat.util.digester.Digester.sax    : characters(

    )
2019-05-11 11:06:12.946 DEBUG 8956 --- [kground-preinit] o.a.tomcat.util.digester.Digester.sax    : startElement(,,attribute)
2019-05-11 11:06:12.946 DEBUG 8956 --- [kground-preinit] o.apache.tomcat.util.digester.Digester   :   New match='mbeans-descriptors/mbean/attribute'
2019-05-11 11:06:12.946 DEBUG 8956 --- [kground-preinit] o.apache.tomcat.util.digester.Digester   :   Fire begin() for ObjectCreateRule[className=org.apache.tomcat.util.modeler.AttributeInfo, attributeName=null]
2019-05-11 11:06:12.946 DEBUG 8956 --- [kground-preinit] o.apache.tomcat.util.digester.Digester   : [ObjectCreateRule]{mbeans-descriptors/mbean/attribute}New org.apache.tomcat.util.modeler.AttributeInfo
2019-05-11 11:06:12.946 DEBUG 8956 --- [           main] t.m.s.mapper.ClassPathMapperScanner      : Creating MapperFactoryBean with name 'wareSkuMapper' and 'com.atguigu.gware.mapper.WareSkuMapper' mapperInterface
2019-05-11 11:06:12.947 DEBUG 8956 --- [kground-preinit] o.apache.tomcat.util.digester.Digester   :   Fire begin() for SetPropertiesRule[]
2019-05-11 11:06:12.947 DEBUG 8956 --- [           main] t.m.s.mapper.ClassPathMapperScanner      : Enabling autowire by type for MapperFactoryBean with name 'wareSkuMapper'.
2019-05-11 11:06:12.947 DEBUG 8956 --- [kground-preinit] o.apache.tomcat.util.digester.Digester   : [SetPropertiesRule]{mbeans-descriptors/mbean/attribute} Set org.apache.tomcat.util.modeler.AttributeInfo properties
2019-05-11 11:06:12.947 DEBUG 8956 --- [kground-preinit] o.apache.tomcat.util.digester.Digester   : [SetPropertiesRule]{mbeans-descriptors/mbean/attribute} Setting property 'name' to 'tldValidation'
2019-05-11 11:06:12.947 DEBUG 8956 --- [kground-preinit] o.apache.tomcat.util.IntrospectionUtils  : IntrospectionUtils: setProperty(class org.apache.tomcat.util.modeler.AttributeInfo name=tldValidation)
2019-05-11 11:06:12.947 DEBUG 8956 --- [kground-preinit] o.apache.tomcat.util.digester.Digester   : [SetPropertiesRule]{mbeans-descriptors/mbean/attribute} Setting property 'description' to 'Should the parsing of *.tld files be performed by a validating parser?'
2019-05-11 11:06:12.947 DEBUG 8956 --- [kground-preinit] o.apache.tomcat.util.IntrospectionUtils  : IntrospectionUtils: setProperty(class org.apache.tomcat.util.modeler.AttributeInfo description=Should the parsing of *.tld files be performed by a validating parser?)
2019-05-11 11:06:12.949 DEBUG 8956 --- [kground-preinit] o.apache.tomcat.util.digester.Digester   : [SetPropertiesRule]{mbeans-descriptors/mbean/attribute} Setting property 'type' to 'boolean'
2019-05-11 11:06:12.949 DEBUG 8956 --- [kground-preinit] o.apache.tomcat.util.IntrospectionUtils  : IntrospectionUtils: setProperty(class org.apache.tomcat.util.modeler.AttributeInfo type=boolean)
2019-05-11 11:06:12.949 DEBUG 8956 --- [kground-preinit] o.apache.tomcat.util.digester.Digester   :   Fire begin() for SetNextRule[methodName=addAttribute, paramType=org.apache.tomcat.util.modeler.AttributeInfo]
2019-05-11 11:06:12.950 DEBUG 8956 --- [kground-preinit] o.a.tomcat.util.digester.Digester.sax    : endElement(,,attribute)
2019-05-11 11:06:12.950 DEBUG 8956 --- [kground-preinit] o.apache.tomcat.util.digester.Digester   :   match='mbeans-descriptors/mbean/attribute'
2019-05-11 11:06:12.950 DEBUG 8956 --- [kground-preinit] o.apache.tomcat.util.digester.Digester   :   bodyText=''
2019-05-11 11:06:12.950 DEBUG 8956 --- [kground-preinit] o.apache.tomcat.util.digester.Digester   :   Fire body() for ObjectCreateRule[className=org.apache.tomcat.util.modeler.AttributeInfo, attributeName=null]
2019-05-11 11:06:12.950 DEBUG 8956 --- [kground-preinit] o.apache.tomcat.util.digester.Digester   :   Fire body() for SetPropertiesRule[]
2019-05-11 11:06:12.950 DEBUG 8956 --- [kground-preinit] o.apache.tomcat.util.digester.Digester   :   Fire body() for SetNextRule[methodName=addAttribute, paramType=org.apache.tomcat.util.modeler.AttributeInfo]
2019-05-11 11:06:12.950 DEBUG 8956 --- [kground-preinit] o.apache.tomcat.util.digester.Digester   :   Fire end() for SetNextRule[methodName=addAttribute, paramType=org.apache.tomcat.util.modeler.AttributeInfo]
2019-05-11 11:06:12.950 DEBUG 8956 --- [kground-preinit] o.apache.tomcat.util.digester.Digester   : [SetNextRule]{mbeans-descriptors/mbean/attribute} Call org.apache.tomcat.util.modeler.ManagedBean.addAttribute(org.apache.tomcat.util.modeler.AttributeInfo@3bb529d0)
2019-05-11 11:06:12.951 DEBUG 8956 --- [kground-preinit] o.apache.tomcat.util.IntrospectionUtils  : IntrospectionUtils: callMethod1 org.apache.tomcat.util.modeler.ManagedBean org.apache.tomcat.util.modeler.AttributeInfo org.apache.tomcat.util.modeler.AttributeInfo
2019-05-11 11:06:12.951 DEBUG 8956 --- [kground-preinit] o.apache.tomcat.util.digester.Digester   :   Fire end() for SetPropertiesRule[]
2019-05-11 11:06:12.951 DEBUG 8956 --- [kground-preinit] o.apache.tomcat.util.digester.Digester   :   Fire end() for ObjectCreateRule[className=org.apache.tomcat.util.modeler.AttributeInfo, attributeName=null]
2019-05-11 11:06:12.951 DEBUG 8956 --- [kground-preinit] o.apache.tomcat.util.digester.Digester   : [ObjectCreateRule]{mbeans-descriptors/mbean/attribute} Pop org.apache.tomcat.util.modeler.AttributeInfo
2019-05-11 11:06:12.951 DEBUG 8956 --- [kground-preinit] o.a.tomcat.util.digester.Digester.sax    : characters(

    )
2019-05-11 11:06:12.951 DEBUG 8956 --- [kground-preinit] o.a.tomcat.util.digester.Digester.sax    : startElement(,,attribute)
2019-05-11 11:06:12.953 DEBUG 8956 --- [kground-preinit] o.apache.tomcat.util.digester.Digester   :   New match='mbeans-descriptors/mbean/attribute'
2019-05-11 11:06:12.953 DEBUG 8956 --- [kground-preinit] o.apache.tomcat.util.digester.Digester   :   Fire begin() for ObjectCreateRule[className=org.apache.tomcat.util.modeler.AttributeInfo, attributeName=null]
2019-05-11 11:06:12.953 DEBUG 8956 --- [kground-preinit] o.apache.tomcat.util.digester.Digester   : [ObjectCreateRule]{mbeans-descriptors/mbean/attribute}New org.apache.tomcat.util.modeler.AttributeInfo
2019-05-11 11:06:12.953 DEBUG 8956 --- [kground-preinit] o.apache.tomcat.util.digester.Digester   :   Fire begin() for SetPropertiesRule[]
2019-05-11 11:06:12.953 DEBUG 8956 --- [kground-preinit] o.apache.tomcat.util.digester.Digester   : [SetPropertiesRule]{mbeans-descriptors/mbean/attribute} Set org.apache.tomcat.util.modeler.AttributeInfo properties
2019-05-11 11:06:12.954 DEBUG 8956 --- [kground-preinit] o.apache.tomcat.util.digester.Digester   : [SetPropertiesRule]{mbeans-descriptors/mbean/attribute} Setting property 'name' to 'unloadDelay'
2019-05-11 11:06:12.954 DEBUG 8956 --- [kground-preinit] o.apache.tomcat.util.IntrospectionUtils  : IntrospectionUtils: setProperty(class org.apache.tomcat.util.modeler.AttributeInfo name=unloadDelay)
2019-05-11 11:06:12.954 DEBUG 8956 --- [kground-preinit] o.apache.tomcat.util.digester.Digester   : [SetPropertiesRule]{mbeans-descriptors/mbean/attribute} Setting property 'description' to 'Amount of ms that the container will wait for servlets to unload'
2019-05-11 11:06:12.954 DEBUG 8956 --- [kground-preinit] o.apache.tomcat.util.IntrospectionUtils  : IntrospectionUtils: setProperty(class org.apache.tomcat.util.modeler.AttributeInfo description=Amount of ms that the container will wait for servlets to unload)
2019-05-11 11:06:12.954 DEBUG 8956 --- [kground-preinit] o.apache.tomcat.util.digester.Digester   : [SetPropertiesRule]{mbeans-descriptors/mbean/attribute} Setting property 'type' to 'long'
2019-05-11 11:06:12.954 DEBUG 8956 --- [kground-preinit] o.apache.tomcat.util.IntrospectionUtils  : IntrospectionUtils: setProperty(class org.apache.tomcat.util.modeler.AttributeInfo type=long)
2019-05-11 11:06:12.954 DEBUG 8956 --- [kground-preinit] o.apache.tomcat.util.digester.Digester   :   Fire begin() for SetNextRule[methodName=addAttribute, paramType=org.apache.tomcat.util.modeler.AttributeInfo]
2019-05-11 11:06:12.954 DEBUG 8956 --- [kground-preinit] o.a.tomcat.util.digester.Digester.sax    : endElement(,,attribute)
2019-05-11 11:06:12.954 DEBUG 8956 --- [kground-preinit] o.apache.tomcat.util.digester.Digester   :   match='mbeans-descriptors/mbean/attribute'
2019-05-11 11:06:12.954 DEBUG 8956 --- [kground-preinit] o.apache.tomcat.util.digester.Digester   :   bodyText=''
2019-05-11 11:06:12.954 DEBUG 8956 --- [kground-preinit] o.apache.tomcat.util.digester.Digester   :   Fire body() for ObjectCreateRule[className=org.apache.tomcat.util.modeler.AttributeInfo, attributeName=null]
2019-05-11 11:06:12.954 DEBUG 8956 --- [kground-preinit] o.apache.tomcat.util.digester.Digester   :   Fire body() for SetPropertiesRule[]
2019-05-11 11:06:12.955 DEBUG 8956 --- [kground-preinit] o.apache.tomcat.util.digester.Digester   :   Fire body() for SetNextRule[methodName=addAttribute, paramType=org.apache.tomcat.util.modeler.AttributeInfo]
2019-05-11 11:06:12.955 DEBUG 8956 --- [kground-preinit] o.apache.tomcat.util.digester.Digester   :   Fire end() for SetNextRule[methodName=addAttribute, paramType=org.apache.tomcat.util.modeler.AttributeInfo]
2019-05-11 11:06:12.955 DEBUG 8956 --- [kground-preinit] o.apache.tomcat.util.digester.Digester   : [SetNextRule]{mbeans-descriptors/mbean/attribute} Call org.apache.tomcat.util.modeler.ManagedBean.addAttribute(org.apache.tomcat.util.modeler.AttributeInfo@2f0482a6)
2019-05-11 11:06:12.955 DEBUG 8956 --- [kground-preinit] o.apache.tomcat.util.IntrospectionUtils  : IntrospectionUtils: callMethod1 org.apache.tomcat.util.modeler.ManagedBean org.apache.tomcat.util.modeler.AttributeInfo org.apache.tomcat.util.modeler.AttributeInfo
2019-05-11 11:06:12.955 DEBUG 8956 --- [kground-preinit] o.apache.tomcat.util.digester.Digester   :   Fire end() for SetPropertiesRule[]
2019-05-11 11:06:12.955 DEBUG 8956 --- [kground-preinit] o.apache.tomcat.util.digester.Digester   :   Fire end() for ObjectCreateRule[className=org.apache.tomcat.util.modeler.AttributeInfo, attributeName=null]
2019-05-11 11:06:12.955 DEBUG 8956 --- [kground-preinit] o.apache.tomcat.util.digester.Digester   : [ObjectCreateRule]{mbeans-descriptors/mbean/attribute} Pop org.apache.tomcat.util.modeler.AttributeInfo
2019-05-11 11:06:12.955 DEBUG 8956 --- [kground-preinit] o.a.tomcat.util.digester.Digester.sax    : characters(

    )
2019-05-11 11:06:12.955 DEBUG 8956 --- [kground-preinit] o.a.tomcat.util.digester.Digester.sax    : startElement(,,attribute)
2019-05-11 11:06:12.955 DEBUG 8956 --- [kground-preinit] o.apache.tomcat.util.digester.Digester   :   New match='mbeans-descriptors/mbean/attribute'
2019-05-11 11:06:12.955 DEBUG 8956 --- [kground-preinit] o.apache.tomcat.util.digester.Digester   :   Fire begin() for ObjectCreateRule[className=org.apache.tomcat.util.modeler.AttributeInfo, attributeName=null]
2019-05-11 11:06:12.955 DEBUG 8956 --- [kground-preinit] o.apache.tomcat.util.digester.Digester   : [ObjectCreateRule]{mbeans-descriptors/mbean/attribute}New org.apache.tomcat.util.modeler.AttributeInfo
2019-05-11 11:06:12.955 DEBUG 8956 --- [kground-preinit] o.apache.tomcat.util.digester.Digester   :   Fire begin() for SetPropertiesRule[]
2019-05-11 11:06:12.955 DEBUG 8956 --- [kground-preinit] o.apache.tomcat.util.digester.Digester   : [SetPropertiesRule]{mbeans-descriptors/mbean/attribute} Set org.apache.tomcat.util.modeler.AttributeInfo properties
2019-05-11 11:06:12.956 DEBUG 8956 --- [kground-preinit] o.apache.tomcat.util.digester.Digester   : [SetPropertiesRule]{mbeans-descriptors/mbean/attribute} Setting property 'name' to 'unpackWAR'
2019-05-11 11:06:12.956 DEBUG 8956 --- [kground-preinit] o.apache.tomcat.util.IntrospectionUtils  : IntrospectionUtils: setProperty(class org.apache.tomcat.util.modeler.AttributeInfo name=unpackWAR)
2019-05-11 11:06:12.956 DEBUG 8956 --- [kground-preinit] o.apache.tomcat.util.digester.Digester   : [SetPropertiesRule]{mbeans-descriptors/mbean/attribute} Setting property 'description' to 'Unpack WAR property'
2019-05-11 11:06:12.956 DEBUG 8956 --- [kground-preinit] o.apache.tomcat.util.IntrospectionUtils  : IntrospectionUtils: setProperty(class org.apache.tomcat.util.modeler.AttributeInfo description=Unpack WAR property)
2019-05-11 11:06:12.956 DEBUG 8956 --- [kground-preinit] o.apache.tomcat.util.digester.Digester   : [SetPropertiesRule]{mbeans-descriptors/mbean/attribute} Setting property 'type' to 'boolean'
2019-05-11 11:06:12.956 DEBUG 8956 --- [kground-preinit] o.apache.tomcat.util.IntrospectionUtils  : IntrospectionUtils: setProperty(class org.apache.tomcat.util.modeler.AttributeInfo type=boolean)
2019-05-11 11:06:12.956 DEBUG 8956 --- [kground-preinit] o.apache.tomcat.util.digester.Digester   :   Fire begin() for SetNextRule[methodName=addAttribute, paramType=org.apache.tomcat.util.modeler.AttributeInfo]
2019-05-11 11:06:12.956 DEBUG 8956 --- [kground-preinit] o.a.tomcat.util.digester.Digester.sax    : endElement(,,attribute)
2019-05-11 11:06:12.956 DEBUG 8956 --- [kground-preinit] o.apache.tomcat.util.digester.Digester   :   match='mbeans-descriptors/mbean/attribute'
2019-05-11 11:06:12.956 DEBUG 8956 --- [kground-preinit] o.apache.tomcat.util.digester.Digester   :   bodyText=''
2019-05-11 11:06:12.956 DEBUG 8956 --- [kground-preinit] o.apache.tomcat.util.digester.Digester   :   Fire body() for ObjectCreateRule[className=org.apache.tomcat.util.modeler.AttributeInfo, attributeName=null]
2019-05-11 11:06:12.956 DEBUG 8956 --- [kground-preinit] o.apache.tomcat.util.digester.Digester   :   Fire body() for SetPropertiesRule[]
2019-05-11 11:06:12.957 DEBUG 8956 --- [kground-preinit] o.apache.tomcat.util.digester.Digester   :   Fire body() for SetNextRule[methodName=addAttribute, paramType=org.apache.tomcat.util.modeler.AttributeInfo]
2019-05-11 11:06:12.957 DEBUG 8956 --- [kground-preinit] o.apache.tomcat.util.digester.Digester   :   Fire end() for SetNextRule[methodName=addAttribute, paramType=org.apache.tomcat.util.modeler.AttributeInfo]
2019-05-11 11:06:12.957 DEBUG 8956 --- [kground-preinit] o.apache.tomcat.util.digester.Digester   : [SetNextRule]{mbeans-descriptors/mbean/attribute} Call org.apache.tomcat.util.modeler.ManagedBean.addAttribute(org.apache.tomcat.util.modeler.AttributeInfo@4639b353)
2019-05-11 11:06:12.957 DEBUG 8956 --- [kground-preinit] o.apache.tomcat.util.IntrospectionUtils  : IntrospectionUtils: callMethod1 org.apache.tomcat.util.modeler.ManagedBean org.apache.tomcat.util.modeler.AttributeInfo org.apache.tomcat.util.modeler.AttributeInfo
2019-05-11 11:06:12.957 DEBUG 8956 --- [kground-preinit] o.apache.tomcat.util.digester.Digester   :   Fire end() for SetPropertiesRule[]
2019-05-11 11:06:12.957 DEBUG 8956 --- [kground-preinit] o.apache.tomcat.util.digester.Digester   :   Fire end() for ObjectCreateRule[className=org.apache.tomcat.util.modeler.AttributeInfo, attributeName=null]
2019-05-11 11:06:12.957 DEBUG 8956 --- [kground-preinit] o.apache.tomcat.util.digester.Digester   : [ObjectCreateRule]{mbeans-descriptors/mbean/attribute} Pop org.apache.tomcat.util.modeler.AttributeInfo
2019-05-11 11:06:12.959 DEBUG 8956 --- [kground-preinit] o.a.tomcat.util.digester.Digester.sax    : characters(

    )
2019-05-11 11:06:12.959 DEBUG 8956 --- [kground-preinit] o.a.tomcat.util.digester.Digester.sax    : startElement(,,attribute)
2019-05-11 11:06:12.959 DEBUG 8956 --- [kground-preinit] o.apache.tomcat.util.digester.Digester   :   New match='mbeans-descriptors/mbean/attribute'
2019-05-11 11:06:12.971 DEBUG 8956 --- [kground-preinit] o.apache.tomcat.util.digester.Digester   :   Fire begin() for ObjectCreateRule[className=org.apache.tomcat.util.modeler.AttributeInfo, attributeName=null]
2019-05-11 11:06:12.971 DEBUG 8956 --- [kground-preinit] o.apache.tomcat.util.digester.Digester   : [ObjectCreateRule]{mbeans-descriptors/mbean/attribute}New org.apache.tomcat.util.modeler.AttributeInfo
2019-05-11 11:06:12.971 DEBUG 8956 --- [kground-preinit] o.apache.tomcat.util.digester.Digester   :   Fire begin() for SetPropertiesRule[]
2019-05-11 11:06:12.971 DEBUG 8956 --- [kground-preinit] o.apache.tomcat.util.digester.Digester   : [SetPropertiesRule]{mbeans-descriptors/mbean/attribute} Set org.apache.tomcat.util.modeler.AttributeInfo properties
2019-05-11 11:06:12.972 DEBUG 8956 --- [kground-preinit] o.apache.tomcat.util.digester.Digester   : [SetPropertiesRule]{mbeans-descriptors/mbean/attribute} Setting property 'name' to 'useHttpOnly'
2019-05-11 11:06:12.972 DEBUG 8956 --- [kground-preinit] o.apache.tomcat.util.IntrospectionUtils  : IntrospectionUtils: setProperty(class org.apache.tomcat.util.modeler.AttributeInfo name=useHttpOnly)
2019-05-11 11:06:12.972 DEBUG 8956 --- [kground-preinit] o.apache.tomcat.util.digester.Digester   : [SetPropertiesRule]{mbeans-descriptors/mbean/attribute} Setting property 'description' to 'Indicates that session cookies should use HttpOnly'
2019-05-11 11:06:12.972 DEBUG 8956 --- [kground-preinit] o.apache.tomcat.util.IntrospectionUtils  : IntrospectionUtils: setProperty(class org.apache.tomcat.util.modeler.AttributeInfo description=Indicates that session cookies should use HttpOnly)
2019-05-11 11:06:12.972 DEBUG 8956 --- [kground-preinit] o.apache.tomcat.util.digester.Digester   : [SetPropertiesRule]{mbeans-descriptors/mbean/attribute} Setting property 'type' to 'boolean'
2019-05-11 11:06:12.972 DEBUG 8956 --- [kground-preinit] o.apache.tomcat.util.IntrospectionUtils  : IntrospectionUtils: setProperty(class org.apache.tomcat.util.modeler.AttributeInfo type=boolean)
2019-05-11 11:06:12.972 DEBUG 8956 --- [kground-preinit] o.apache.tomcat.util.digester.Digester   :   Fire begin() for SetNextRule[methodName=addAttribute, paramType=org.apache.tomcat.util.modeler.AttributeInfo]
2019-05-11 11:06:12.973 DEBUG 8956 --- [kground-preinit] o.a.tomcat.util.digester.Digester.sax    : endElement(,,attribute)
2019-05-11 11:06:12.973 DEBUG 8956 --- [kground-preinit] o.apache.tomcat.util.digester.Digester   :   match='mbeans-descriptors/mbean/attribute'
2019-05-11 11:06:12.973 DEBUG 8956 --- [kground-preinit] o.apache.tomcat.util.digester.Digester   :   bodyText=''
2019-05-11 11:06:12.973 DEBUG 8956 --- [kground-preinit] o.apache.tomcat.util.digester.Digester   :   Fire body() for ObjectCreateRule[className=org.apache.tomcat.util.modeler.AttributeInfo, attributeName=null]
2019-05-11 11:06:12.973 DEBUG 8956 --- [kground-preinit] o.apache.tomcat.util.digester.Digester   :   Fire body() for SetPropertiesRule[]
2019-05-11 11:06:12.973 DEBUG 8956 --- [kground-preinit] o.apache.tomcat.util.digester.Digester   :   Fire body() for SetNextRule[methodName=addAttribute, paramType=org.apache.tomcat.util.modeler.AttributeInfo]
2019-05-11 11:06:12.973 DEBUG 8956 --- [kground-preinit] o.apache.tomcat.util.digester.Digester   :   Fire end() for SetNextRule[methodName=addAttribute, paramType=org.apache.tomcat.util.modeler.AttributeInfo]
2019-05-11 11:06:12.974 DEBUG 8956 --- [kground-preinit] o.apache.tomcat.util.digester.Digester   : [SetNextRule]{mbeans-descriptors/mbean/attribute} Call org.apache.tomcat.util.modeler.ManagedBean.addAttribute(org.apache.tomcat.util.modeler.AttributeInfo@29430e5d)
2019-05-11 11:06:12.974 DEBUG 8956 --- [kground-preinit] o.apache.tomcat.util.IntrospectionUtils  : IntrospectionUtils: callMethod1 org.apache.tomcat.util.modeler.ManagedBean org.apache.tomcat.util.modeler.AttributeInfo org.apache.tomcat.util.modeler.AttributeInfo
2019-05-11 11:06:12.974 DEBUG 8956 --- [kground-preinit] o.apache.tomcat.util.digester.Digester   :   Fire end() for SetPropertiesRule[]
2019-05-11 11:06:12.974 DEBUG 8956 --- [kground-preinit] o.apache.tomcat.util.digester.Digester   :   Fire end() for ObjectCreateRule[className=org.apache.tomcat.util.modeler.AttributeInfo, attributeName=null]
2019-05-11 11:06:12.974 DEBUG 8956 --- [kground-preinit] o.apache.tomcat.util.digester.Digester   : [ObjectCreateRule]{mbeans-descriptors/mbean/attribute} Pop org.apache.tomcat.util.modeler.AttributeInfo
2019-05-11 11:06:12.974 DEBUG 8956 --- [kground-preinit] o.a.tomcat.util.digester.Digester.sax    : characters(

    )
2019-05-11 11:06:12.974 DEBUG 8956 --- [kground-preinit] o.a.tomcat.util.digester.Digester.sax    : startElement(,,attribute)
2019-05-11 11:06:12.975 DEBUG 8956 --- [kground-preinit] o.apache.tomcat.util.digester.Digester   :   New match='mbeans-descriptors/mbean/attribute'
2019-05-11 11:06:12.975 DEBUG 8956 --- [kground-preinit] o.apache.tomcat.util.digester.Digester   :   Fire begin() for ObjectCreateRule[className=org.apache.tomcat.util.modeler.AttributeInfo, attributeName=null]
2019-05-11 11:06:12.975 DEBUG 8956 --- [kground-preinit] o.apache.tomcat.util.digester.Digester   : [ObjectCreateRule]{mbeans-descriptors/mbean/attribute}New org.apache.tomcat.util.modeler.AttributeInfo
2019-05-11 11:06:12.975 DEBUG 8956 --- [kground-preinit] o.apache.tomcat.util.digester.Digester   :   Fire begin() for SetPropertiesRule[]
2019-05-11 11:06:12.975 DEBUG 8956 --- [kground-preinit] o.apache.tomcat.util.digester.Digester   : [SetPropertiesRule]{mbeans-descriptors/mbean/attribute} Set org.apache.tomcat.util.modeler.AttributeInfo properties
2019-05-11 11:06:12.975 DEBUG 8956 --- [kground-preinit] o.apache.tomcat.util.digester.Digester   : [SetPropertiesRule]{mbeans-descriptors/mbean/attribute} Setting property 'name' to 'useNaming'
2019-05-11 11:06:12.976 DEBUG 8956 --- [kground-preinit] o.apache.tomcat.util.IntrospectionUtils  : IntrospectionUtils: setProperty(class org.apache.tomcat.util.modeler.AttributeInfo name=useNaming)
2019-05-11 11:06:12.976 DEBUG 8956 --- [kground-preinit] o.apache.tomcat.util.digester.Digester   : [SetPropertiesRule]{mbeans-descriptors/mbean/attribute} Setting property 'description' to 'Create a JNDI naming context for this application?'
2019-05-11 11:06:12.976 DEBUG 8956 --- [kground-preinit] o.apache.tomcat.util.IntrospectionUtils  : IntrospectionUtils: setProperty(class org.apache.tomcat.util.modeler.AttributeInfo description=Create a JNDI naming context for this application?)
2019-05-11 11:06:12.976 DEBUG 8956 --- [kground-preinit] o.apache.tomcat.util.digester.Digester   : [SetPropertiesRule]{mbeans-descriptors/mbean/attribute} Setting property 'is' to 'true'
2019-05-11 11:06:12.977 DEBUG 8956 --- [kground-preinit] o.apache.tomcat.util.IntrospectionUtils  : IntrospectionUtils: setProperty(class org.apache.tomcat.util.modeler.AttributeInfo is=true)
2019-05-11 11:06:12.977 DEBUG 8956 --- [kground-preinit] o.apache.tomcat.util.digester.Digester   : [SetPropertiesRule]{mbeans-descriptors/mbean/attribute} Setting property 'type' to 'boolean'
2019-05-11 11:06:12.977 DEBUG 8956 --- [kground-preinit] o.apache.tomcat.util.IntrospectionUtils  : IntrospectionUtils: setProperty(class org.apache.tomcat.util.modeler.AttributeInfo type=boolean)
2019-05-11 11:06:12.977 DEBUG 8956 --- [kground-preinit] o.apache.tomcat.util.digester.Digester   :   Fire begin() for SetNextRule[methodName=addAttribute, paramType=org.apache.tomcat.util.modeler.AttributeInfo]
2019-05-11 11:06:12.978 DEBUG 8956 --- [kground-preinit] o.a.tomcat.util.digester.Digester.sax    : endElement(,,attribute)
2019-05-11 11:06:12.978 DEBUG 8956 --- [kground-preinit] o.apache.tomcat.util.digester.Digester   :   match='mbeans-descriptors/mbean/attribute'
2019-05-11 11:06:12.978 DEBUG 8956 --- [kground-preinit] o.apache.tomcat.util.digester.Digester   :   bodyText=''
2019-05-11 11:06:12.978 DEBUG 8956 --- [kground-preinit] o.apache.tomcat.util.digester.Digester   :   Fire body() for ObjectCreateRule[className=org.apache.tomcat.util.modeler.AttributeInfo, attributeName=null]
2019-05-11 11:06:12.978 DEBUG 8956 --- [kground-preinit] o.apache.tomcat.util.digester.Digester   :   Fire body() for SetPropertiesRule[]
2019-05-11 11:06:12.978 DEBUG 8956 --- [kground-preinit] o.apache.tomcat.util.digester.Digester   :   Fire body() for SetNextRule[methodName=addAttribute, paramType=org.apache.tomcat.util.modeler.AttributeInfo]
2019-05-11 11:06:12.979 DEBUG 8956 --- [kground-preinit] o.apache.tomcat.util.digester.Digester   :   Fire end() for SetNextRule[methodName=addAttribute, paramType=org.apache.tomcat.util.modeler.AttributeInfo]
2019-05-11 11:06:12.979 DEBUG 8956 --- [kground-preinit] o.apache.tomcat.util.digester.Digester   : [SetNextRule]{mbeans-descriptors/mbean/attribute} Call org.apache.tomcat.util.modeler.ManagedBean.addAttribute(org.apache.tomcat.util.modeler.AttributeInfo@3b2a590c)
2019-05-11 11:06:12.979 DEBUG 8956 --- [kground-preinit] o.apache.tomcat.util.IntrospectionUtils  : IntrospectionUtils: callMethod1 org.apache.tomcat.util.modeler.ManagedBean org.apache.tomcat.util.modeler.AttributeInfo org.apache.tomcat.util.modeler.AttributeInfo
2019-05-11 11:06:12.979 DEBUG 8956 --- [kground-preinit] o.apache.tomcat.util.digester.Digester   :   Fire end() for SetPropertiesRule[]
2019-05-11 11:06:12.979 DEBUG 8956 --- [kground-preinit] o.apache.tomcat.util.digester.Digester   :   Fire end() for ObjectCreateRule[className=org.apache.tomcat.util.modeler.AttributeInfo, attributeName=null]
2019-05-11 11:06:12.979 DEBUG 8956 --- [kground-preinit] o.apache.tomcat.util.digester.Digester   : [ObjectCreateRule]{mbeans-descriptors/mbean/attribute} Pop org.apache.tomcat.util.modeler.AttributeInfo
2019-05-11 11:06:12.979 DEBUG 8956 --- [kground-preinit] o.a.tomcat.util.digester.Digester.sax    : characters(

    )
2019-05-11 11:06:12.980 DEBUG 8956 --- [kground-preinit] o.a.tomcat.util.digester.Digester.sax    : startElement(,,attribute)
2019-05-11 11:06:12.980 DEBUG 8956 --- [kground-preinit] o.apache.tomcat.util.digester.Digester   :   New match='mbeans-descriptors/mbean/attribute'
2019-05-11 11:06:12.980 DEBUG 8956 --- [kground-preinit] o.apache.tomcat.util.digester.Digester   :   Fire begin() for ObjectCreateRule[className=org.apache.tomcat.util.modeler.AttributeInfo, attributeName=null]
2019-05-11 11:06:12.980 DEBUG 8956 --- [kground-preinit] o.apache.tomcat.util.digester.Digester   : [ObjectCreateRule]{mbeans-descriptors/mbean/attribute}New org.apache.tomcat.util.modeler.AttributeInfo
2019-05-11 11:06:12.980 DEBUG 8956 --- [kground-preinit] o.apache.tomcat.util.digester.Digester   :   Fire begin() for SetPropertiesRule[]
2019-05-11 11:06:12.981 DEBUG 8956 --- [kground-preinit] o.apache.tomcat.util.digester.Digester   : [SetPropertiesRule]{mbeans-descriptors/mbean/attribute} Set org.apache.tomcat.util.modeler.AttributeInfo properties
2019-05-11 11:06:12.981 DEBUG 8956 --- [kground-preinit] o.apache.tomcat.util.digester.Digester   : [SetPropertiesRule]{mbeans-descriptors/mbean/attribute} Setting property 'name' to 'useRelativeRedirects'
2019-05-11 11:06:12.981 DEBUG 8956 --- [kground-preinit] o.apache.tomcat.util.IntrospectionUtils  : IntrospectionUtils: setProperty(class org.apache.tomcat.util.modeler.AttributeInfo name=useRelativeRedirects)
2019-05-11 11:06:12.981 DEBUG 8956 --- [kground-preinit] o.apache.tomcat.util.digester.Digester   : [SetPropertiesRule]{mbeans-descriptors/mbean/attribute} Setting property 'description' to 'When generating location headers for 302 responses, should a relative URI be used?'
2019-05-11 11:06:12.981 DEBUG 8956 --- [kground-preinit] o.apache.tomcat.util.IntrospectionUtils  : IntrospectionUtils: setProperty(class org.apache.tomcat.util.modeler.AttributeInfo description=When generating location headers for 302 responses, should a relative URI be used?)
2019-05-11 11:06:12.981 DEBUG 8956 --- [kground-preinit] o.apache.tomcat.util.digester.Digester   : [SetPropertiesRule]{mbeans-descriptors/mbean/attribute} Setting property 'type' to 'boolean'
2019-05-11 11:06:12.982 DEBUG 8956 --- [kground-preinit] o.apache.tomcat.util.IntrospectionUtils  : IntrospectionUtils: setProperty(class org.apache.tomcat.util.modeler.AttributeInfo type=boolean)
2019-05-11 11:06:12.982 DEBUG 8956 --- [kground-preinit] o.apache.tomcat.util.digester.Digester   :   Fire begin() for SetNextRule[methodName=addAttribute, paramType=org.apache.tomcat.util.modeler.AttributeInfo]
2019-05-11 11:06:12.982 DEBUG 8956 --- [kground-preinit] o.a.tomcat.util.digester.Digester.sax    : endElement(,,attribute)
2019-05-11 11:06:12.982 DEBUG 8956 --- [kground-preinit] o.apache.tomcat.util.digester.Digester   :   match='mbeans-descriptors/mbean/attribute'
2019-05-11 11:06:12.982 DEBUG 8956 --- [kground-preinit] o.apache.tomcat.util.digester.Digester   :   bodyText=''
2019-05-11 11:06:12.983 DEBUG 8956 --- [kground-preinit] o.apache.tomcat.util.digester.Digester   :   Fire body() for ObjectCreateRule[className=org.apache.tomcat.util.modeler.AttributeInfo, attributeName=null]
2019-05-11 11:06:12.983 DEBUG 8956 --- [kground-preinit] o.apache.tomcat.util.digester.Digester   :   Fire body() for SetPropertiesRule[]
2019-05-11 11:06:12.983 DEBUG 8956 --- [kground-preinit] o.apache.tomcat.util.digester.Digester   :   Fire body() for SetNextRule[methodName=addAttribute, paramType=org.apache.tomcat.util.modeler.AttributeInfo]
2019-05-11 11:06:12.983 DEBUG 8956 --- [kground-preinit] o.apache.tomcat.util.digester.Digester   :   Fire end() for SetNextRule[methodName=addAttribute, paramType=org.apache.tomcat.util.modeler.AttributeInfo]
2019-05-11 11:06:12.983 DEBUG 8956 --- [kground-preinit] o.apache.tomcat.util.digester.Digester   : [SetNextRule]{mbeans-descriptors/mbean/attribute} Call org.apache.tomcat.util.modeler.ManagedBean.addAttribute(org.apache.tomcat.util.modeler.AttributeInfo@30b0ed7d)
2019-05-11 11:06:12.983 DEBUG 8956 --- [kground-preinit] o.apache.tomcat.util.IntrospectionUtils  : IntrospectionUtils: callMethod1 org.apache.tomcat.util.modeler.ManagedBean org.apache.tomcat.util.modeler.AttributeInfo org.apache.tomcat.util.modeler.AttributeInfo
2019-05-11 11:06:12.986 DEBUG 8956 --- [kground-preinit] o.apache.tomcat.util.digester.Digester   :   Fire end() for SetPropertiesRule[]
2019-05-11 11:06:12.986 DEBUG 8956 --- [kground-preinit] o.apache.tomcat.util.digester.Digester   :   Fire end() for ObjectCreateRule[className=org.apache.tomcat.util.modeler.AttributeInfo, attributeName=null]
2019-05-11 11:06:12.986 DEBUG 8956 --- [kground-preinit] o.apache.tomcat.util.digester.Digester   : [ObjectCreateRule]{mbeans-descriptors/mbean/attribute} Pop org.apache.tomcat.util.modeler.AttributeInfo
2019-05-11 11:06:12.986 DEBUG 8956 --- [kground-preinit] o.a.tomcat.util.digester.Digester.sax    : characters(

    )
2019-05-11 11:06:12.987 DEBUG 8956 --- [kground-preinit] o.a.tomcat.util.digester.Digester.sax    : startElement(,,attribute)
2019-05-11 11:06:12.987 DEBUG 8956 --- [kground-preinit] o.apache.tomcat.util.digester.Digester   :   New match='mbeans-descriptors/mbean/attribute'
2019-05-11 11:06:12.987 DEBUG 8956 --- [kground-preinit] o.apache.tomcat.util.digester.Digester   :   Fire begin() for ObjectCreateRule[className=org.apache.tomcat.util.modeler.AttributeInfo, attributeName=null]
2019-05-11 11:06:12.987 DEBUG 8956 --- [kground-preinit] o.apache.tomcat.util.digester.Digester   : [ObjectCreateRule]{mbeans-descriptors/mbean/attribute}New org.apache.tomcat.util.modeler.AttributeInfo
2019-05-11 11:06:12.987 DEBUG 8956 --- [kground-preinit] o.apache.tomcat.util.digester.Digester   :   Fire begin() for SetPropertiesRule[]
2019-05-11 11:06:12.988 DEBUG 8956 --- [kground-preinit] o.apache.tomcat.util.digester.Digester   : [SetPropertiesRule]{mbeans-descriptors/mbean/attribute} Set org.apache.tomcat.util.modeler.AttributeInfo properties
2019-05-11 11:06:12.988 DEBUG 8956 --- [kground-preinit] o.apache.tomcat.util.digester.Digester   : [SetPropertiesRule]{mbeans-descriptors/mbean/attribute} Setting property 'name' to 'webappVersion'
2019-05-11 11:06:12.988 DEBUG 8956 --- [kground-preinit] o.apache.tomcat.util.IntrospectionUtils  : IntrospectionUtils: setProperty(class org.apache.tomcat.util.modeler.AttributeInfo name=webappVersion)
2019-05-11 11:06:12.988 DEBUG 8956 --- [kground-preinit] o.apache.tomcat.util.digester.Digester   : [SetPropertiesRule]{mbeans-descriptors/mbean/attribute} Setting property 'description' to 'The version of this web application - used in parallel deployment to differentiate different versions of the same web application'
2019-05-11 11:06:12.988 DEBUG 8956 --- [kground-preinit] o.apache.tomcat.util.IntrospectionUtils  : IntrospectionUtils: setProperty(class org.apache.tomcat.util.modeler.AttributeInfo description=The version of this web application - used in parallel deployment to differentiate different versions of the same web application)
2019-05-11 11:06:12.988 DEBUG 8956 --- [kground-preinit] o.apache.tomcat.util.digester.Digester   : [SetPropertiesRule]{mbeans-descriptors/mbean/attribute} Setting property 'type' to 'java.lang.String'
2019-05-11 11:06:12.988 DEBUG 8956 --- [kground-preinit] o.apache.tomcat.util.IntrospectionUtils  : IntrospectionUtils: setProperty(class org.apache.tomcat.util.modeler.AttributeInfo type=java.lang.String)
2019-05-11 11:06:12.989 DEBUG 8956 --- [kground-preinit] o.apache.tomcat.util.digester.Digester   : [SetPropertiesRule]{mbeans-descriptors/mbean/attribute} Setting property 'writeable' to 'false'
2019-05-11 11:06:12.989 DEBUG 8956 --- [kground-preinit] o.apache.tomcat.util.IntrospectionUtils  : IntrospectionUtils: setProperty(class org.apache.tomcat.util.modeler.AttributeInfo writeable=false)
2019-05-11 11:06:12.989 DEBUG 8956 --- [kground-preinit] o.apache.tomcat.util.digester.Digester   :   Fire begin() for SetNextRule[methodName=addAttribute, paramType=org.apache.tomcat.util.modeler.AttributeInfo]
2019-05-11 11:06:12.989 DEBUG 8956 --- [kground-preinit] o.a.tomcat.util.digester.Digester.sax    : endElement(,,attribute)
2019-05-11 11:06:12.989 DEBUG 8956 --- [kground-preinit] o.apache.tomcat.util.digester.Digester   :   match='mbeans-descriptors/mbean/attribute'
2019-05-11 11:06:12.989 DEBUG 8956 --- [kground-preinit] o.apache.tomcat.util.digester.Digester   :   bodyText=''
2019-05-11 11:06:12.989 DEBUG 8956 --- [kground-preinit] o.apache.tomcat.util.digester.Digester   :   Fire body() for ObjectCreateRule[className=org.apache.tomcat.util.modeler.AttributeInfo, attributeName=null]
2019-05-11 11:06:12.989 DEBUG 8956 --- [kground-preinit] o.apache.tomcat.util.digester.Digester   :   Fire body() for SetPropertiesRule[]
2019-05-11 11:06:12.990 DEBUG 8956 --- [kground-preinit] o.apache.tomcat.util.digester.Digester   :   Fire body() for SetNextRule[methodName=addAttribute, paramType=org.apache.tomcat.util.modeler.AttributeInfo]
2019-05-11 11:06:12.990 DEBUG 8956 --- [kground-preinit] o.apache.tomcat.util.digester.Digester   :   Fire end() for SetNextRule[methodName=addAttribute, paramType=org.apache.tomcat.util.modeler.AttributeInfo]
2019-05-11 11:06:12.990 DEBUG 8956 --- [kground-preinit] o.apache.tomcat.util.digester.Digester   : [SetNextRule]{mbeans-descriptors/mbean/attribute} Call org.apache.tomcat.util.modeler.ManagedBean.addAttribute(org.apache.tomcat.util.modeler.AttributeInfo@3b986313)
2019-05-11 11:06:12.990 DEBUG 8956 --- [kground-preinit] o.apache.tomcat.util.IntrospectionUtils  : IntrospectionUtils: callMethod1 org.apache.tomcat.util.modeler.ManagedBean org.apache.tomcat.util.modeler.AttributeInfo org.apache.tomcat.util.modeler.AttributeInfo
2019-05-11 11:06:12.990 DEBUG 8956 --- [kground-preinit] o.apache.tomcat.util.digester.Digester   :   Fire end() for SetPropertiesRule[]
2019-05-11 11:06:12.991 DEBUG 8956 --- [kground-preinit] o.apache.tomcat.util.digester.Digester   :   Fire end() for ObjectCreateRule[className=org.apache.tomcat.util.modeler.AttributeInfo, attributeName=null]
2019-05-11 11:06:12.991 DEBUG 8956 --- [kground-preinit] o.apache.tomcat.util.digester.Digester   : [ObjectCreateRule]{mbeans-descriptors/mbean/attribute} Pop org.apache.tomcat.util.modeler.AttributeInfo
2019-05-11 11:06:12.991 DEBUG 8956 --- [kground-preinit] o.a.tomcat.util.digester.Digester.sax    : characters(

    )
2019-05-11 11:06:12.991 DEBUG 8956 --- [kground-preinit] o.a.tomcat.util.digester.Digester.sax    : startElement(,,attribute)
2019-05-11 11:06:12.991 DEBUG 8956 --- [kground-preinit] o.apache.tomcat.util.digester.Digester   :   New match='mbeans-descriptors/mbean/attribute'
2019-05-11 11:06:12.992 DEBUG 8956 --- [kground-preinit] o.apache.tomcat.util.digester.Digester   :   Fire begin() for ObjectCreateRule[className=org.apache.tomcat.util.modeler.AttributeInfo, attributeName=null]
2019-05-11 11:06:12.993 DEBUG 8956 --- [kground-preinit] o.apache.tomcat.util.digester.Digester   : [ObjectCreateRule]{mbeans-descriptors/mbean/attribute}New org.apache.tomcat.util.modeler.AttributeInfo
2019-05-11 11:06:12.993 DEBUG 8956 --- [kground-preinit] o.apache.tomcat.util.digester.Digester   :   Fire begin() for SetPropertiesRule[]
2019-05-11 11:06:12.993 DEBUG 8956 --- [kground-preinit] o.apache.tomcat.util.digester.Digester   : [SetPropertiesRule]{mbeans-descriptors/mbean/attribute} Set org.apache.tomcat.util.modeler.AttributeInfo properties
2019-05-11 11:06:12.993 DEBUG 8956 --- [kground-preinit] o.apache.tomcat.util.digester.Digester   : [SetPropertiesRule]{mbeans-descriptors/mbean/attribute} Setting property 'name' to 'welcomeFiles'
2019-05-11 11:06:12.993 DEBUG 8956 --- [kground-preinit] o.apache.tomcat.util.IntrospectionUtils  : IntrospectionUtils: setProperty(class org.apache.tomcat.util.modeler.AttributeInfo name=welcomeFiles)
2019-05-11 11:06:12.993 DEBUG 8956 --- [kground-preinit] o.apache.tomcat.util.digester.Digester   : [SetPropertiesRule]{mbeans-descriptors/mbean/attribute} Setting property 'description' to 'The welcome files for this context'
2019-05-11 11:06:12.993 DEBUG 8956 --- [kground-preinit] o.apache.tomcat.util.IntrospectionUtils  : IntrospectionUtils: setProperty(class org.apache.tomcat.util.modeler.AttributeInfo description=The welcome files for this context)
2019-05-11 11:06:12.994 DEBUG 8956 --- [kground-preinit] o.apache.tomcat.util.digester.Digester   : [SetPropertiesRule]{mbeans-descriptors/mbean/attribute} Setting property 'type' to '[Ljava.lang.String;'
2019-05-11 11:06:12.994 DEBUG 8956 --- [kground-preinit] o.apache.tomcat.util.IntrospectionUtils  : IntrospectionUtils: setProperty(class org.apache.tomcat.util.modeler.AttributeInfo type=[Ljava.lang.String;)
2019-05-11 11:06:12.994 DEBUG 8956 --- [kground-preinit] o.apache.tomcat.util.digester.Digester   : [SetPropertiesRule]{mbeans-descriptors/mbean/attribute} Setting property 'writeable' to 'false'
2019-05-11 11:06:12.994 DEBUG 8956 --- [kground-preinit] o.apache.tomcat.util.IntrospectionUtils  : IntrospectionUtils: setProperty(class org.apache.tomcat.util.modeler.AttributeInfo writeable=false)
2019-05-11 11:06:12.995 DEBUG 8956 --- [kground-preinit] o.apache.tomcat.util.digester.Digester   :   Fire begin() for SetNextRule[methodName=addAttribute, paramType=org.apache.tomcat.util.modeler.AttributeInfo]
2019-05-11 11:06:12.996 DEBUG 8956 --- [kground-preinit] o.a.tomcat.util.digester.Digester.sax    : endElement(,,attribute)
2019-05-11 11:06:12.996 DEBUG 8956 --- [kground-preinit] o.apache.tomcat.util.digester.Digester   :   match='mbeans-descriptors/mbean/attribute'
2019-05-11 11:06:12.996 DEBUG 8956 --- [kground-preinit] o.apache.tomcat.util.digester.Digester   :   bodyText=''
2019-05-11 11:06:12.997 DEBUG 8956 --- [kground-preinit] o.apache.tomcat.util.digester.Digester   :   Fire body() for ObjectCreateRule[className=org.apache.tomcat.util.modeler.AttributeInfo, attributeName=null]
2019-05-11 11:06:12.997 DEBUG 8956 --- [kground-preinit] o.apache.tomcat.util.digester.Digester   :   Fire body() for SetPropertiesRule[]
2019-05-11 11:06:12.997 DEBUG 8956 --- [kground-preinit] o.apache.tomcat.util.digester.Digester   :   Fire body() for SetNextRule[methodName=addAttribute, paramType=org.apache.tomcat.util.modeler.AttributeInfo]
2019-05-11 11:06:12.997 DEBUG 8956 --- [kground-preinit] o.apache.tomcat.util.digester.Digester   :   Fire end() for SetNextRule[methodName=addAttribute, paramType=org.apache.tomcat.util.modeler.AttributeInfo]
2019-05-11 11:06:12.997 DEBUG 8956 --- [kground-preinit] o.apache.tomcat.util.digester.Digester   : [SetNextRule]{mbeans-descriptors/mbean/attribute} Call org.apache.tomcat.util.modeler.ManagedBean.addAttribute(org.apache.tomcat.util.modeler.AttributeInfo@a98a3db)
2019-05-11 11:06:13.014 DEBUG 8956 --- [kground-preinit] o.apache.tomcat.util.IntrospectionUtils  : IntrospectionUtils: callMethod1 org.apache.tomcat.util.modeler.ManagedBean org.apache.tomcat.util.modeler.AttributeInfo org.apache.tomcat.util.modeler.AttributeInfo
2019-05-11 11:06:13.014 DEBUG 8956 --- [kground-preinit] o.apache.tomcat.util.digester.Digester   :   Fire end() for SetPropertiesRule[]
2019-05-11 11:06:13.014 DEBUG 8956 --- [kground-preinit] o.apache.tomcat.util.digester.Digester   :   Fire end() for ObjectCreateRule[className=org.apache.tomcat.util.modeler.AttributeInfo, attributeName=null]
2019-05-11 11:06:13.015 DEBUG 8956 --- [kground-preinit] o.apache.tomcat.util.digester.Digester   : [ObjectCreateRule]{mbeans-descriptors/mbean/attribute} Pop org.apache.tomcat.util.modeler.AttributeInfo
2019-05-11 11:06:13.015 DEBUG 8956 --- [kground-preinit] o.a.tomcat.util.digester.Digester.sax    : characters(

    )
2019-05-11 11:06:13.015 DEBUG 8956 --- [kground-preinit] o.a.tomcat.util.digester.Digester.sax    : startElement(,,attribute)
2019-05-11 11:06:13.016 DEBUG 8956 --- [kground-preinit] o.apache.tomcat.util.digester.Digester   :   New match='mbeans-descriptors/mbean/attribute'
2019-05-11 11:06:13.016 DEBUG 8956 --- [kground-preinit] o.apache.tomcat.util.digester.Digester   :   Fire begin() for ObjectCreateRule[className=org.apache.tomcat.util.modeler.AttributeInfo, attributeName=null]
2019-05-11 11:06:13.016 DEBUG 8956 --- [kground-preinit] o.apache.tomcat.util.digester.Digester   : [ObjectCreateRule]{mbeans-descriptors/mbean/attribute}New org.apache.tomcat.util.modeler.AttributeInfo
2019-05-11 11:06:13.016 DEBUG 8956 --- [kground-preinit] o.apache.tomcat.util.digester.Digester   :   Fire begin() for SetPropertiesRule[]
2019-05-11 11:06:13.016 DEBUG 8956 --- [kground-preinit] o.apache.tomcat.util.digester.Digester   : [SetPropertiesRule]{mbeans-descriptors/mbean/attribute} Set org.apache.tomcat.util.modeler.AttributeInfo properties
2019-05-11 11:06:13.016 DEBUG 8956 --- [kground-preinit] o.apache.tomcat.util.digester.Digester   : [SetPropertiesRule]{mbeans-descriptors/mbean/attribute} Setting property 'name' to 'workDir'
2019-05-11 11:06:13.017 DEBUG 8956 --- [kground-preinit] o.apache.tomcat.util.IntrospectionUtils  : IntrospectionUtils: setProperty(class org.apache.tomcat.util.modeler.AttributeInfo name=workDir)
2019-05-11 11:06:13.017 DEBUG 8956 --- [kground-preinit] o.apache.tomcat.util.digester.Digester   : [SetPropertiesRule]{mbeans-descriptors/mbean/attribute} Setting property 'description' to 'The pathname to the work directory for this context'
2019-05-11 11:06:13.017 DEBUG 8956 --- [kground-preinit] o.apache.tomcat.util.IntrospectionUtils  : IntrospectionUtils: setProperty(class org.apache.tomcat.util.modeler.AttributeInfo description=The pathname to the work directory for this context)
2019-05-11 11:06:13.017 DEBUG 8956 --- [kground-preinit] o.apache.tomcat.util.digester.Digester   : [SetPropertiesRule]{mbeans-descriptors/mbean/attribute} Setting property 'type' to 'java.lang.String'
2019-05-11 11:06:13.018 DEBUG 8956 --- [kground-preinit] o.apache.tomcat.util.IntrospectionUtils  : IntrospectionUtils: setProperty(class org.apache.tomcat.util.modeler.AttributeInfo type=java.lang.String)
2019-05-11 11:06:13.018 DEBUG 8956 --- [kground-preinit] o.apache.tomcat.util.digester.Digester   :   Fire begin() for SetNextRule[methodName=addAttribute, paramType=org.apache.tomcat.util.modeler.AttributeInfo]
2019-05-11 11:06:13.018 DEBUG 8956 --- [kground-preinit] o.a.tomcat.util.digester.Digester.sax    : endElement(,,attribute)
2019-05-11 11:06:13.019 DEBUG 8956 --- [kground-preinit] o.apache.tomcat.util.digester.Digester   :   match='mbeans-descriptors/mbean/attribute'
2019-05-11 11:06:13.019 DEBUG 8956 --- [kground-preinit] o.apache.tomcat.util.digester.Digester   :   bodyText=''
2019-05-11 11:06:13.019 DEBUG 8956 --- [kground-preinit] o.apache.tomcat.util.digester.Digester   :   Fire body() for ObjectCreateRule[className=org.apache.tomcat.util.modeler.AttributeInfo, attributeName=null]
2019-05-11 11:06:13.019 DEBUG 8956 --- [kground-preinit] o.apache.tomcat.util.digester.Digester   :   Fire body() for SetPropertiesRule[]
2019-05-11 11:06:13.019 DEBUG 8956 --- [kground-preinit] o.apache.tomcat.util.digester.Digester   :   Fire body() for SetNextRule[methodName=addAttribute, paramType=org.apache.tomcat.util.modeler.AttributeInfo]
2019-05-11 11:06:13.019 DEBUG 8956 --- [kground-preinit] o.apache.tomcat.util.digester.Digester   :   Fire end() for SetNextRule[methodName=addAttribute, paramType=org.apache.tomcat.util.modeler.AttributeInfo]
2019-05-11 11:06:13.020 DEBUG 8956 --- [kground-preinit] o.apache.tomcat.util.digester.Digester   : [SetNextRule]{mbeans-descriptors/mbean/attribute} Call org.apache.tomcat.util.modeler.ManagedBean.addAttribute(org.apache.tomcat.util.modeler.AttributeInfo@639369bd)
2019-05-11 11:06:13.020 DEBUG 8956 --- [kground-preinit] o.apache.tomcat.util.IntrospectionUtils  : IntrospectionUtils: callMethod1 org.apache.tomcat.util.modeler.ManagedBean org.apache.tomcat.util.modeler.AttributeInfo org.apache.tomcat.util.modeler.AttributeInfo
2019-05-11 11:06:13.020 DEBUG 8956 --- [kground-preinit] o.apache.tomcat.util.digester.Digester   :   Fire end() for SetPropertiesRule[]
2019-05-11 11:06:13.021 DEBUG 8956 --- [kground-preinit] o.apache.tomcat.util.digester.Digester   :   Fire end() for ObjectCreateRule[className=org.apache.tomcat.util.modeler.AttributeInfo, attributeName=null]
2019-05-11 11:06:13.021 DEBUG 8956 --- [kground-preinit] o.apache.tomcat.util.digester.Digester   : [ObjectCreateRule]{mbeans-descriptors/mbean/attribute} Pop org.apache.tomcat.util.modeler.AttributeInfo
2019-05-11 11:06:13.021 DEBUG 8956 --- [kground-preinit] o.a.tomcat.util.digester.Digester.sax    : characters(

    )
2019-05-11 11:06:13.021 DEBUG 8956 --- [kground-preinit] o.a.tomcat.util.digester.Digester.sax    : startElement(,,attribute)
2019-05-11 11:06:13.021 DEBUG 8956 --- [kground-preinit] o.apache.tomcat.util.digester.Digester   :   New match='mbeans-descriptors/mbean/attribute'
2019-05-11 11:06:13.021 DEBUG 8956 --- [kground-preinit] o.apache.tomcat.util.digester.Digester   :   Fire begin() for ObjectCreateRule[className=org.apache.tomcat.util.modeler.AttributeInfo, attributeName=null]
2019-05-11 11:06:13.021 DEBUG 8956 --- [kground-preinit] o.apache.tomcat.util.digester.Digester   : [ObjectCreateRule]{mbeans-descriptors/mbean/attribute}New org.apache.tomcat.util.modeler.AttributeInfo
2019-05-11 11:06:13.023 DEBUG 8956 --- [kground-preinit] o.apache.tomcat.util.digester.Digester   :   Fire begin() for SetPropertiesRule[]
2019-05-11 11:06:13.024 DEBUG 8956 --- [kground-preinit] o.apache.tomcat.util.digester.Digester   : [SetPropertiesRule]{mbeans-descriptors/mbean/attribute} Set org.apache.tomcat.util.modeler.AttributeInfo properties
2019-05-11 11:06:13.024 DEBUG 8956 --- [kground-preinit] o.apache.tomcat.util.digester.Digester   : [SetPropertiesRule]{mbeans-descriptors/mbean/attribute} Setting property 'name' to 'xmlValidation'
2019-05-11 11:06:13.024 DEBUG 8956 --- [kground-preinit] o.apache.tomcat.util.IntrospectionUtils  : IntrospectionUtils: setProperty(class org.apache.tomcat.util.modeler.AttributeInfo name=xmlValidation)
2019-05-11 11:06:13.024 DEBUG 8956 --- [kground-preinit] o.apache.tomcat.util.digester.Digester   : [SetPropertiesRule]{mbeans-descriptors/mbean/attribute} Setting property 'description' to 'Should the parsing of web.xml and web-fragment.xml files be performed by a validating parser?'
2019-05-11 11:06:13.024 DEBUG 8956 --- [kground-preinit] o.apache.tomcat.util.IntrospectionUtils  : IntrospectionUtils: setProperty(class org.apache.tomcat.util.modeler.AttributeInfo description=Should the parsing of web.xml and web-fragment.xml files be performed by a validating parser?)
2019-05-11 11:06:13.026 DEBUG 8956 --- [kground-preinit] o.apache.tomcat.util.digester.Digester   : [SetPropertiesRule]{mbeans-descriptors/mbean/attribute} Setting property 'type' to 'boolean'
2019-05-11 11:06:13.026 DEBUG 8956 --- [kground-preinit] o.apache.tomcat.util.IntrospectionUtils  : IntrospectionUtils: setProperty(class org.apache.tomcat.util.modeler.AttributeInfo type=boolean)
2019-05-11 11:06:13.026 DEBUG 8956 --- [kground-preinit] o.apache.tomcat.util.digester.Digester   :   Fire begin() for SetNextRule[methodName=addAttribute, paramType=org.apache.tomcat.util.modeler.AttributeInfo]
2019-05-11 11:06:13.026 DEBUG 8956 --- [kground-preinit] o.a.tomcat.util.digester.Digester.sax    : endElement(,,attribute)
2019-05-11 11:06:13.026 DEBUG 8956 --- [kground-preinit] o.apache.tomcat.util.digester.Digester   :   match='mbeans-descriptors/mbean/attribute'
2019-05-11 11:06:13.026 DEBUG 8956 --- [kground-preinit] o.apache.tomcat.util.digester.Digester   :   bodyText=''
2019-05-11 11:06:13.027 DEBUG 8956 --- [kground-preinit] o.apache.tomcat.util.digester.Digester   :   Fire body() for ObjectCreateRule[className=org.apache.tomcat.util.modeler.AttributeInfo, attributeName=null]
2019-05-11 11:06:13.027 DEBUG 8956 --- [kground-preinit] o.apache.tomcat.util.digester.Digester   :   Fire body() for SetPropertiesRule[]
2019-05-11 11:06:13.027 DEBUG 8956 --- [kground-preinit] o.apache.tomcat.util.digester.Digester   :   Fire body() for SetNextRule[methodName=addAttribute, paramType=org.apache.tomcat.util.modeler.AttributeInfo]
2019-05-11 11:06:13.027 DEBUG 8956 --- [kground-preinit] o.apache.tomcat.util.digester.Digester   :   Fire end() for SetNextRule[methodName=addAttribute, paramType=org.apache.tomcat.util.modeler.AttributeInfo]
2019-05-11 11:06:13.027 DEBUG 8956 --- [kground-preinit] o.apache.tomcat.util.digester.Digester   : [SetNextRule]{mbeans-descriptors/mbean/attribute} Call org.apache.tomcat.util.modeler.ManagedBean.addAttribute(org.apache.tomcat.util.modeler.AttributeInfo@54ffbbb7)
2019-05-11 11:06:13.027 DEBUG 8956 --- [kground-preinit] o.apache.tomcat.util.IntrospectionUtils  : IntrospectionUtils: callMethod1 org.apache.tomcat.util.modeler.ManagedBean org.apache.tomcat.util.modeler.AttributeInfo org.apache.tomcat.util.modeler.AttributeInfo
2019-05-11 11:06:13.027 DEBUG 8956 --- [kground-preinit] o.apache.tomcat.util.digester.Digester   :   Fire end() for SetPropertiesRule[]
2019-05-11 11:06:13.028 DEBUG 8956 --- [kground-preinit] o.apache.tomcat.util.digester.Digester   :   Fire end() for ObjectCreateRule[className=org.apache.tomcat.util.modeler.AttributeInfo, attributeName=null]
2019-05-11 11:06:13.028 DEBUG 8956 --- [kground-preinit] o.apache.tomcat.util.digester.Digester   : [ObjectCreateRule]{mbeans-descriptors/mbean/attribute} Pop org.apache.tomcat.util.modeler.AttributeInfo
2019-05-11 11:06:13.028 DEBUG 8956 --- [kground-preinit] o.a.tomcat.util.digester.Digester.sax    : characters(

    )
2019-05-11 11:06:13.028 DEBUG 8956 --- [kground-preinit] o.a.tomcat.util.digester.Digester.sax    : startElement(,,attribute)
2019-05-11 11:06:13.028 DEBUG 8956 --- [kground-preinit] o.apache.tomcat.util.digester.Digester   :   New match='mbeans-descriptors/mbean/attribute'
2019-05-11 11:06:13.028 DEBUG 8956 --- [kground-preinit] o.apache.tomcat.util.digester.Digester   :   Fire begin() for ObjectCreateRule[className=org.apache.tomcat.util.modeler.AttributeInfo, attributeName=null]
2019-05-11 11:06:13.028 DEBUG 8956 --- [kground-preinit] o.apache.tomcat.util.digester.Digester   : [ObjectCreateRule]{mbeans-descriptors/mbean/attribute}New org.apache.tomcat.util.modeler.AttributeInfo
2019-05-11 11:06:13.029 DEBUG 8956 --- [kground-preinit] o.apache.tomcat.util.digester.Digester   :   Fire begin() for SetPropertiesRule[]
2019-05-11 11:06:13.029 DEBUG 8956 --- [kground-preinit] o.apache.tomcat.util.digester.Digester   : [SetPropertiesRule]{mbeans-descriptors/mbean/attribute} Set org.apache.tomcat.util.modeler.AttributeInfo properties
2019-05-11 11:06:13.029 DEBUG 8956 --- [kground-preinit] o.apache.tomcat.util.digester.Digester   : [SetPropertiesRule]{mbeans-descriptors/mbean/attribute} Setting property 'name' to 'xmlNamespaceAware'
2019-05-11 11:06:13.029 DEBUG 8956 --- [kground-preinit] o.apache.tomcat.util.IntrospectionUtils  : IntrospectionUtils: setProperty(class org.apache.tomcat.util.modeler.AttributeInfo name=xmlNamespaceAware)
2019-05-11 11:06:13.029 DEBUG 8956 --- [kground-preinit] o.apache.tomcat.util.digester.Digester   : [SetPropertiesRule]{mbeans-descriptors/mbean/attribute} Setting property 'description' to 'Should the parsing of web.xml and web-fragment.xml files be performed by a namespace aware parser?'
2019-05-11 11:06:13.029 DEBUG 8956 --- [kground-preinit] o.apache.tomcat.util.IntrospectionUtils  : IntrospectionUtils: setProperty(class org.apache.tomcat.util.modeler.AttributeInfo description=Should the parsing of web.xml and web-fragment.xml files be performed by a namespace aware parser?)
2019-05-11 11:06:13.029 DEBUG 8956 --- [kground-preinit] o.apache.tomcat.util.digester.Digester   : [SetPropertiesRule]{mbeans-descriptors/mbean/attribute} Setting property 'type' to 'boolean'
2019-05-11 11:06:13.030 DEBUG 8956 --- [kground-preinit] o.apache.tomcat.util.IntrospectionUtils  : IntrospectionUtils: setProperty(class org.apache.tomcat.util.modeler.AttributeInfo type=boolean)
2019-05-11 11:06:13.030 DEBUG 8956 --- [kground-preinit] o.apache.tomcat.util.digester.Digester   :   Fire begin() for SetNextRule[methodName=addAttribute, paramType=org.apache.tomcat.util.modeler.AttributeInfo]
2019-05-11 11:06:13.030 DEBUG 8956 --- [kground-preinit] o.a.tomcat.util.digester.Digester.sax    : endElement(,,attribute)
2019-05-11 11:06:13.030 DEBUG 8956 --- [kground-preinit] o.apache.tomcat.util.digester.Digester   :   match='mbeans-descriptors/mbean/attribute'
2019-05-11 11:06:13.030 DEBUG 8956 --- [kground-preinit] o.apache.tomcat.util.digester.Digester   :   bodyText=''
2019-05-11 11:06:13.030 DEBUG 8956 --- [kground-preinit] o.apache.tomcat.util.digester.Digester   :   Fire body() for ObjectCreateRule[className=org.apache.tomcat.util.modeler.AttributeInfo, attributeName=null]
2019-05-11 11:06:13.030 DEBUG 8956 --- [kground-preinit] o.apache.tomcat.util.digester.Digester   :   Fire body() for SetPropertiesRule[]
2019-05-11 11:06:13.030 DEBUG 8956 --- [kground-preinit] o.apache.tomcat.util.digester.Digester   :   Fire body() for SetNextRule[methodName=addAttribute, paramType=org.apache.tomcat.util.modeler.AttributeInfo]
2019-05-11 11:06:13.031 DEBUG 8956 --- [kground-preinit] o.apache.tomcat.util.digester.Digester   :   Fire end() for SetNextRule[methodName=addAttribute, paramType=org.apache.tomcat.util.modeler.AttributeInfo]
2019-05-11 11:06:13.031 DEBUG 8956 --- [kground-preinit] o.apache.tomcat.util.digester.Digester   : [SetNextRule]{mbeans-descriptors/mbean/attribute} Call org.apache.tomcat.util.modeler.ManagedBean.addAttribute(org.apache.tomcat.util.modeler.AttributeInfo@2c07dac0)
2019-05-11 11:06:13.031 DEBUG 8956 --- [kground-preinit] o.apache.tomcat.util.IntrospectionUtils  : IntrospectionUtils: callMethod1 org.apache.tomcat.util.modeler.ManagedBean org.apache.tomcat.util.modeler.AttributeInfo org.apache.tomcat.util.modeler.AttributeInfo
2019-05-11 11:06:13.031 DEBUG 8956 --- [kground-preinit] o.apache.tomcat.util.digester.Digester   :   Fire end() for SetPropertiesRule[]
2019-05-11 11:06:13.031 DEBUG 8956 --- [kground-preinit] o.apache.tomcat.util.digester.Digester   :   Fire end() for ObjectCreateRule[className=org.apache.tomcat.util.modeler.AttributeInfo, attributeName=null]
2019-05-11 11:06:13.031 DEBUG 8956 --- [kground-preinit] o.apache.tomcat.util.digester.Digester   : [ObjectCreateRule]{mbeans-descriptors/mbean/attribute} Pop org.apache.tomcat.util.modeler.AttributeInfo
2019-05-11 11:06:13.031 DEBUG 8956 --- [kground-preinit] o.a.tomcat.util.digester.Digester.sax    : characters(

    )
2019-05-11 11:06:13.031 DEBUG 8956 --- [kground-preinit] o.a.tomcat.util.digester.Digester.sax    : startElement(,,operation)
2019-05-11 11:06:13.031 DEBUG 8956 --- [kground-preinit] o.apache.tomcat.util.digester.Digester   :   New match='mbeans-descriptors/mbean/operation'
2019-05-11 11:06:13.031 DEBUG 8956 --- [kground-preinit] o.apache.tomcat.util.digester.Digester   :   Fire begin() for ObjectCreateRule[className=org.apache.tomcat.util.modeler.OperationInfo, attributeName=null]
2019-05-11 11:06:13.032 DEBUG 8956 --- [kground-preinit] o.apache.tomcat.util.digester.Digester   : [ObjectCreateRule]{mbeans-descriptors/mbean/operation}New org.apache.tomcat.util.modeler.OperationInfo
2019-05-11 11:06:13.032 DEBUG 8956 --- [kground-preinit] o.apache.tomcat.util.digester.Digester   :   Fire begin() for SetPropertiesRule[]
2019-05-11 11:06:13.032 DEBUG 8956 --- [kground-preinit] o.apache.tomcat.util.digester.Digester   : [SetPropertiesRule]{mbeans-descriptors/mbean/operation} Set org.apache.tomcat.util.modeler.OperationInfo properties
2019-05-11 11:06:13.032 DEBUG 8956 --- [kground-preinit] o.apache.tomcat.util.digester.Digester   : [SetPropertiesRule]{mbeans-descriptors/mbean/operation} Setting property 'name' to 'addApplicationListener'
2019-05-11 11:06:13.032 DEBUG 8956 --- [kground-preinit] o.apache.tomcat.util.IntrospectionUtils  : IntrospectionUtils: setProperty(class org.apache.tomcat.util.modeler.OperationInfo name=addApplicationListener)
2019-05-11 11:06:13.032 DEBUG 8956 --- [kground-preinit] o.apache.tomcat.util.digester.Digester   : [SetPropertiesRule]{mbeans-descriptors/mbean/operation} Setting property 'description' to 'Add a new Listener class name to the set of Listeners configured for this application.'
2019-05-11 11:06:13.032 DEBUG 8956 --- [kground-preinit] o.apache.tomcat.util.IntrospectionUtils  : IntrospectionUtils: setProperty(class org.apache.tomcat.util.modeler.OperationInfo description=Add a new Listener class name to the set of Listeners configured for this application.)
2019-05-11 11:06:13.033 DEBUG 8956 --- [kground-preinit] o.apache.tomcat.util.digester.Digester   : [SetPropertiesRule]{mbeans-descriptors/mbean/operation} Setting property 'impact' to 'ACTION'
2019-05-11 11:06:13.033 DEBUG 8956 --- [kground-preinit] o.apache.tomcat.util.IntrospectionUtils  : IntrospectionUtils: setProperty(class org.apache.tomcat.util.modeler.OperationInfo impact=ACTION)
2019-05-11 11:06:13.033 DEBUG 8956 --- [kground-preinit] o.apache.tomcat.util.digester.Digester   : [SetPropertiesRule]{mbeans-descriptors/mbean/operation} Setting property 'returnType' to 'void'
2019-05-11 11:06:13.033 DEBUG 8956 --- [kground-preinit] o.apache.tomcat.util.IntrospectionUtils  : IntrospectionUtils: setProperty(class org.apache.tomcat.util.modeler.OperationInfo returnType=void)
2019-05-11 11:06:13.033 DEBUG 8956 --- [kground-preinit] o.apache.tomcat.util.digester.Digester   :   Fire begin() for SetNextRule[methodName=addOperation, paramType=org.apache.tomcat.util.modeler.OperationInfo]
2019-05-11 11:06:13.033 DEBUG 8956 --- [kground-preinit] o.a.tomcat.util.digester.Digester.sax    : characters(
      )
2019-05-11 11:06:13.033 DEBUG 8956 --- [kground-preinit] o.a.tomcat.util.digester.Digester.sax    : startElement(,,parameter)
2019-05-11 11:06:13.034 DEBUG 8956 --- [kground-preinit] o.apache.tomcat.util.digester.Digester   :   New match='mbeans-descriptors/mbean/operation/parameter'
2019-05-11 11:06:13.034 DEBUG 8956 --- [kground-preinit] o.apache.tomcat.util.digester.Digester   :   Fire begin() for ObjectCreateRule[className=org.apache.tomcat.util.modeler.ParameterInfo, attributeName=null]
2019-05-11 11:06:13.034 DEBUG 8956 --- [kground-preinit] o.apache.tomcat.util.digester.Digester   : [ObjectCreateRule]{mbeans-descriptors/mbean/operation/parameter}New org.apache.tomcat.util.modeler.ParameterInfo
2019-05-11 11:06:13.034 DEBUG 8956 --- [kground-preinit] o.apache.tomcat.util.digester.Digester   :   Fire begin() for SetPropertiesRule[]
2019-05-11 11:06:13.034 DEBUG 8956 --- [kground-preinit] o.apache.tomcat.util.digester.Digester   : [SetPropertiesRule]{mbeans-descriptors/mbean/operation/parameter} Set org.apache.tomcat.util.modeler.ParameterInfo properties
2019-05-11 11:06:13.035 DEBUG 8956 --- [kground-preinit] o.apache.tomcat.util.digester.Digester   : [SetPropertiesRule]{mbeans-descriptors/mbean/operation/parameter} Setting property 'name' to 'listener'
2019-05-11 11:06:13.036 DEBUG 8956 --- [kground-preinit] o.apache.tomcat.util.IntrospectionUtils  : IntrospectionUtils: setProperty(class org.apache.tomcat.util.modeler.ParameterInfo name=listener)
2019-05-11 11:06:13.037 DEBUG 8956 --- [kground-preinit] o.apache.tomcat.util.digester.Digester   : [SetPropertiesRule]{mbeans-descriptors/mbean/operation/parameter} Setting property 'description' to 'Java class name of a listener class'
2019-05-11 11:06:13.037 DEBUG 8956 --- [kground-preinit] o.apache.tomcat.util.IntrospectionUtils  : IntrospectionUtils: setProperty(class org.apache.tomcat.util.modeler.ParameterInfo description=Java class name of a listener class)
2019-05-11 11:06:13.037 DEBUG 8956 --- [kground-preinit] o.apache.tomcat.util.digester.Digester   : [SetPropertiesRule]{mbeans-descriptors/mbean/operation/parameter} Setting property 'type' to 'java.lang.String'
2019-05-11 11:06:13.037 DEBUG 8956 --- [kground-preinit] o.apache.tomcat.util.IntrospectionUtils  : IntrospectionUtils: setProperty(class org.apache.tomcat.util.modeler.ParameterInfo type=java.lang.String)
2019-05-11 11:06:13.038 DEBUG 8956 --- [kground-preinit] o.apache.tomcat.util.digester.Digester   :   Fire begin() for SetNextRule[methodName=addParameter, paramType=org.apache.tomcat.util.modeler.ParameterInfo]
2019-05-11 11:06:13.038 DEBUG 8956 --- [kground-preinit] o.a.tomcat.util.digester.Digester.sax    : endElement(,,parameter)
2019-05-11 11:06:13.038 DEBUG 8956 --- [kground-preinit] o.apache.tomcat.util.digester.Digester   :   match='mbeans-descriptors/mbean/operation/parameter'
2019-05-11 11:06:13.038 DEBUG 8956 --- [kground-preinit] o.apache.tomcat.util.digester.Digester   :   bodyText=''
2019-05-11 11:06:13.038 DEBUG 8956 --- [kground-preinit] o.apache.tomcat.util.digester.Digester   :   Fire body() for ObjectCreateRule[className=org.apache.tomcat.util.modeler.ParameterInfo, attributeName=null]
2019-05-11 11:06:13.039 DEBUG 8956 --- [kground-preinit] o.apache.tomcat.util.digester.Digester   :   Fire body() for SetPropertiesRule[]
2019-05-11 11:06:13.039 DEBUG 8956 --- [kground-preinit] o.apache.tomcat.util.digester.Digester   :   Fire body() for SetNextRule[methodName=addParameter, paramType=org.apache.tomcat.util.modeler.ParameterInfo]
2019-05-11 11:06:13.039 DEBUG 8956 --- [kground-preinit] o.apache.tomcat.util.digester.Digester   :   Fire end() for SetNextRule[methodName=addParameter, paramType=org.apache.tomcat.util.modeler.ParameterInfo]
2019-05-11 11:06:13.040 DEBUG 8956 --- [kground-preinit] o.apache.tomcat.util.digester.Digester   : [SetNextRule]{mbeans-descriptors/mbean/operation/parameter} Call org.apache.tomcat.util.modeler.OperationInfo.addParameter(org.apache.tomcat.util.modeler.ParameterInfo@63ce32e0)
2019-05-11 11:06:13.041 DEBUG 8956 --- [kground-preinit] o.apache.tomcat.util.IntrospectionUtils  : IntrospectionUtils: callMethod1 org.apache.tomcat.util.modeler.OperationInfo org.apache.tomcat.util.modeler.ParameterInfo org.apache.tomcat.util.modeler.ParameterInfo
2019-05-11 11:06:13.041 DEBUG 8956 --- [kground-preinit] o.apache.tomcat.util.digester.Digester   :   Fire end() for SetPropertiesRule[]
2019-05-11 11:06:13.041 DEBUG 8956 --- [kground-preinit] o.apache.tomcat.util.digester.Digester   :   Fire end() for ObjectCreateRule[className=org.apache.tomcat.util.modeler.ParameterInfo, attributeName=null]
2019-05-11 11:06:13.041 DEBUG 8956 --- [kground-preinit] o.apache.tomcat.util.digester.Digester   : [ObjectCreateRule]{mbeans-descriptors/mbean/operation/parameter} Pop org.apache.tomcat.util.modeler.ParameterInfo
2019-05-11 11:06:13.041 DEBUG 8956 --- [kground-preinit] o.a.tomcat.util.digester.Digester.sax    : characters(
    )
2019-05-11 11:06:13.042 DEBUG 8956 --- [kground-preinit] o.a.tomcat.util.digester.Digester.sax    : endElement(,,operation)
2019-05-11 11:06:13.042 DEBUG 8956 --- [kground-preinit] o.apache.tomcat.util.digester.Digester   :   match='mbeans-descriptors/mbean/operation'
2019-05-11 11:06:13.042 DEBUG 8956 --- [kground-preinit] o.apache.tomcat.util.digester.Digester   :   bodyText='
      
    '
2019-05-11 11:06:13.042 DEBUG 8956 --- [kground-preinit] o.apache.tomcat.util.digester.Digester   :   Fire body() for ObjectCreateRule[className=org.apache.tomcat.util.modeler.OperationInfo, attributeName=null]
2019-05-11 11:06:13.042 DEBUG 8956 --- [kground-preinit] o.apache.tomcat.util.digester.Digester   :   Fire body() for SetPropertiesRule[]
2019-05-11 11:06:13.042 DEBUG 8956 --- [kground-preinit] o.apache.tomcat.util.digester.Digester   :   Fire body() for SetNextRule[methodName=addOperation, paramType=org.apache.tomcat.util.modeler.OperationInfo]
2019-05-11 11:06:13.042 DEBUG 8956 --- [kground-preinit] o.apache.tomcat.util.digester.Digester   :   Fire end() for SetNextRule[methodName=addOperation, paramType=org.apache.tomcat.util.modeler.OperationInfo]
2019-05-11 11:06:13.042 DEBUG 8956 --- [kground-preinit] o.apache.tomcat.util.digester.Digester   : [SetNextRule]{mbeans-descriptors/mbean/operation} Call org.apache.tomcat.util.modeler.ManagedBean.addOperation(org.apache.tomcat.util.modeler.OperationInfo@1be871a5)
2019-05-11 11:06:13.043 DEBUG 8956 --- [kground-preinit] o.apache.tomcat.util.IntrospectionUtils  : IntrospectionUtils: callMethod1 org.apache.tomcat.util.modeler.ManagedBean org.apache.tomcat.util.modeler.OperationInfo org.apache.tomcat.util.modeler.OperationInfo
2019-05-11 11:06:13.043 DEBUG 8956 --- [kground-preinit] o.apache.tomcat.util.digester.Digester   :   Fire end() for SetPropertiesRule[]
2019-05-11 11:06:13.043 DEBUG 8956 --- [kground-preinit] o.apache.tomcat.util.digester.Digester   :   Fire end() for ObjectCreateRule[className=org.apache.tomcat.util.modeler.OperationInfo, attributeName=null]
2019-05-11 11:06:13.043 DEBUG 8956 --- [kground-preinit] o.apache.tomcat.util.digester.Digester   : [ObjectCreateRule]{mbeans-descriptors/mbean/operation} Pop org.apache.tomcat.util.modeler.OperationInfo
2019-05-11 11:06:13.043 DEBUG 8956 --- [kground-preinit] o.a.tomcat.util.digester.Digester.sax    : characters(

    )
2019-05-11 11:06:13.044 DEBUG 8956 --- [kground-preinit] o.a.tomcat.util.digester.Digester.sax    : startElement(,,operation)
2019-05-11 11:06:13.044 DEBUG 8956 --- [kground-preinit] o.apache.tomcat.util.digester.Digester   :   New match='mbeans-descriptors/mbean/operation'
2019-05-11 11:06:13.044 DEBUG 8956 --- [kground-preinit] o.apache.tomcat.util.digester.Digester   :   Fire begin() for ObjectCreateRule[className=org.apache.tomcat.util.modeler.OperationInfo, attributeName=null]
2019-05-11 11:06:13.044 DEBUG 8956 --- [kground-preinit] o.apache.tomcat.util.digester.Digester   : [ObjectCreateRule]{mbeans-descriptors/mbean/operation}New org.apache.tomcat.util.modeler.OperationInfo
2019-05-11 11:06:13.044 DEBUG 8956 --- [kground-preinit] o.apache.tomcat.util.digester.Digester   :   Fire begin() for SetPropertiesRule[]
2019-05-11 11:06:13.045 DEBUG 8956 --- [kground-preinit] o.apache.tomcat.util.digester.Digester   : [SetPropertiesRule]{mbeans-descriptors/mbean/operation} Set org.apache.tomcat.util.modeler.OperationInfo properties
2019-05-11 11:06:13.045 DEBUG 8956 --- [kground-preinit] o.apache.tomcat.util.digester.Digester   : [SetPropertiesRule]{mbeans-descriptors/mbean/operation} Setting property 'name' to 'addApplicationParameter'
2019-05-11 11:06:13.045 DEBUG 8956 --- [kground-preinit] o.apache.tomcat.util.IntrospectionUtils  : IntrospectionUtils: setProperty(class org.apache.tomcat.util.modeler.OperationInfo name=addApplicationParameter)
2019-05-11 11:06:13.045 DEBUG 8956 --- [kground-preinit] o.apache.tomcat.util.digester.Digester   : [SetPropertiesRule]{mbeans-descriptors/mbean/operation} Setting property 'description' to 'Add a new application parameter for this application.'
2019-05-11 11:06:13.045 DEBUG 8956 --- [kground-preinit] o.apache.tomcat.util.IntrospectionUtils  : IntrospectionUtils: setProperty(class org.apache.tomcat.util.modeler.OperationInfo description=Add a new application parameter for this application.)
2019-05-11 11:06:13.045 DEBUG 8956 --- [kground-preinit] o.apache.tomcat.util.digester.Digester   : [SetPropertiesRule]{mbeans-descriptors/mbean/operation} Setting property 'impact' to 'ACTION'
2019-05-11 11:06:13.045 DEBUG 8956 --- [kground-preinit] o.apache.tomcat.util.IntrospectionUtils  : IntrospectionUtils: setProperty(class org.apache.tomcat.util.modeler.OperationInfo impact=ACTION)
2019-05-11 11:06:13.045 DEBUG 8956 --- [kground-preinit] o.apache.tomcat.util.digester.Digester   : [SetPropertiesRule]{mbeans-descriptors/mbean/operation} Setting property 'returnType' to 'void'
2019-05-11 11:06:13.046 DEBUG 8956 --- [kground-preinit] o.apache.tomcat.util.IntrospectionUtils  : IntrospectionUtils: setProperty(class org.apache.tomcat.util.modeler.OperationInfo returnType=void)
2019-05-11 11:06:13.046 DEBUG 8956 --- [kground-preinit] o.apache.tomcat.util.digester.Digester   :   Fire begin() for SetNextRule[methodName=addOperation, paramType=org.apache.tomcat.util.modeler.OperationInfo]
2019-05-11 11:06:13.046 DEBUG 8956 --- [kground-preinit] o.a.tomcat.util.digester.Digester.sax    : characters(
      )
2019-05-11 11:06:13.046 DEBUG 8956 --- [kground-preinit] o.a.tomcat.util.digester.Digester.sax    : startElement(,,parameter)
2019-05-11 11:06:13.046 DEBUG 8956 --- [kground-preinit] o.apache.tomcat.util.digester.Digester   :   New match='mbeans-descriptors/mbean/operation/parameter'
2019-05-11 11:06:13.047 DEBUG 8956 --- [kground-preinit] o.apache.tomcat.util.digester.Digester   :   Fire begin() for ObjectCreateRule[className=org.apache.tomcat.util.modeler.ParameterInfo, attributeName=null]
2019-05-11 11:06:13.047 DEBUG 8956 --- [kground-preinit] o.apache.tomcat.util.digester.Digester   : [ObjectCreateRule]{mbeans-descriptors/mbean/operation/parameter}New org.apache.tomcat.util.modeler.ParameterInfo
2019-05-11 11:06:13.047 DEBUG 8956 --- [kground-preinit] o.apache.tomcat.util.digester.Digester   :   Fire begin() for SetPropertiesRule[]
2019-05-11 11:06:13.047 DEBUG 8956 --- [kground-preinit] o.apache.tomcat.util.digester.Digester   : [SetPropertiesRule]{mbeans-descriptors/mbean/operation/parameter} Set org.apache.tomcat.util.modeler.ParameterInfo properties
2019-05-11 11:06:13.047 DEBUG 8956 --- [kground-preinit] o.apache.tomcat.util.digester.Digester   : [SetPropertiesRule]{mbeans-descriptors/mbean/operation/parameter} Setting property 'name' to 'listener'
2019-05-11 11:06:13.047 DEBUG 8956 --- [kground-preinit] o.apache.tomcat.util.IntrospectionUtils  : IntrospectionUtils: setProperty(class org.apache.tomcat.util.modeler.ParameterInfo name=listener)
2019-05-11 11:06:13.047 DEBUG 8956 --- [kground-preinit] o.apache.tomcat.util.digester.Digester   : [SetPropertiesRule]{mbeans-descriptors/mbean/operation/parameter} Setting property 'description' to 'Java class name of a listener class'
2019-05-11 11:06:13.047 DEBUG 8956 --- [kground-preinit] o.apache.tomcat.util.IntrospectionUtils  : IntrospectionUtils: setProperty(class org.apache.tomcat.util.modeler.ParameterInfo description=Java class name of a listener class)
2019-05-11 11:06:13.048 DEBUG 8956 --- [kground-preinit] o.apache.tomcat.util.digester.Digester   : [SetPropertiesRule]{mbeans-descriptors/mbean/operation/parameter} Setting property 'type' to 'java.lang.String'
2019-05-11 11:06:13.048 DEBUG 8956 --- [kground-preinit] o.apache.tomcat.util.IntrospectionUtils  : IntrospectionUtils: setProperty(class org.apache.tomcat.util.modeler.ParameterInfo type=java.lang.String)
2019-05-11 11:06:13.048 DEBUG 8956 --- [kground-preinit] o.apache.tomcat.util.digester.Digester   :   Fire begin() for SetNextRule[methodName=addParameter, paramType=org.apache.tomcat.util.modeler.ParameterInfo]
2019-05-11 11:06:13.048 DEBUG 8956 --- [kground-preinit] o.a.tomcat.util.digester.Digester.sax    : endElement(,,parameter)
2019-05-11 11:06:13.048 DEBUG 8956 --- [kground-preinit] o.apache.tomcat.util.digester.Digester   :   match='mbeans-descriptors/mbean/operation/parameter'
2019-05-11 11:06:13.049 DEBUG 8956 --- [kground-preinit] o.apache.tomcat.util.digester.Digester   :   bodyText=''
2019-05-11 11:06:13.049 DEBUG 8956 --- [kground-preinit] o.apache.tomcat.util.digester.Digester   :   Fire body() for ObjectCreateRule[className=org.apache.tomcat.util.modeler.ParameterInfo, attributeName=null]
2019-05-11 11:06:13.049 DEBUG 8956 --- [kground-preinit] o.apache.tomcat.util.digester.Digester   :   Fire body() for SetPropertiesRule[]
2019-05-11 11:06:13.049 DEBUG 8956 --- [kground-preinit] o.apache.tomcat.util.digester.Digester   :   Fire body() for SetNextRule[methodName=addParameter, paramType=org.apache.tomcat.util.modeler.ParameterInfo]
2019-05-11 11:06:13.049 DEBUG 8956 --- [kground-preinit] o.apache.tomcat.util.digester.Digester   :   Fire end() for SetNextRule[methodName=addParameter, paramType=org.apache.tomcat.util.modeler.ParameterInfo]
2019-05-11 11:06:13.049 DEBUG 8956 --- [kground-preinit] o.apache.tomcat.util.digester.Digester   : [SetNextRule]{mbeans-descriptors/mbean/operation/parameter} Call org.apache.tomcat.util.modeler.OperationInfo.addParameter(org.apache.tomcat.util.modeler.ParameterInfo@32e3536c)
2019-05-11 11:06:13.049 DEBUG 8956 --- [kground-preinit] o.apache.tomcat.util.IntrospectionUtils  : IntrospectionUtils: callMethod1 org.apache.tomcat.util.modeler.OperationInfo org.apache.tomcat.util.modeler.ParameterInfo org.apache.tomcat.util.modeler.ParameterInfo
2019-05-11 11:06:13.049 DEBUG 8956 --- [kground-preinit] o.apache.tomcat.util.digester.Digester   :   Fire end() for SetPropertiesRule[]
2019-05-11 11:06:13.050 DEBUG 8956 --- [kground-preinit] o.apache.tomcat.util.digester.Digester   :   Fire end() for ObjectCreateRule[className=org.apache.tomcat.util.modeler.ParameterInfo, attributeName=null]
2019-05-11 11:06:13.050 DEBUG 8956 --- [kground-preinit] o.apache.tomcat.util.digester.Digester   : [ObjectCreateRule]{mbeans-descriptors/mbean/operation/parameter} Pop org.apache.tomcat.util.modeler.ParameterInfo
2019-05-11 11:06:13.050 DEBUG 8956 --- [kground-preinit] o.a.tomcat.util.digester.Digester.sax    : characters(
    )
2019-05-11 11:06:13.050 DEBUG 8956 --- [kground-preinit] o.a.tomcat.util.digester.Digester.sax    : endElement(,,operation)
2019-05-11 11:06:13.051 DEBUG 8956 --- [kground-preinit] o.apache.tomcat.util.digester.Digester   :   match='mbeans-descriptors/mbean/operation'
2019-05-11 11:06:13.051 DEBUG 8956 --- [kground-preinit] o.apache.tomcat.util.digester.Digester   :   bodyText='
      
    '
2019-05-11 11:06:13.051 DEBUG 8956 --- [kground-preinit] o.apache.tomcat.util.digester.Digester   :   Fire body() for ObjectCreateRule[className=org.apache.tomcat.util.modeler.OperationInfo, attributeName=null]
2019-05-11 11:06:13.051 DEBUG 8956 --- [kground-preinit] o.apache.tomcat.util.digester.Digester   :   Fire body() for SetPropertiesRule[]
2019-05-11 11:06:13.052 DEBUG 8956 --- [kground-preinit] o.apache.tomcat.util.digester.Digester   :   Fire body() for SetNextRule[methodName=addOperation, paramType=org.apache.tomcat.util.modeler.OperationInfo]
2019-05-11 11:06:13.052 DEBUG 8956 --- [kground-preinit] o.apache.tomcat.util.digester.Digester   :   Fire end() for SetNextRule[methodName=addOperation, paramType=org.apache.tomcat.util.modeler.OperationInfo]
2019-05-11 11:06:13.052 DEBUG 8956 --- [kground-preinit] o.apache.tomcat.util.digester.Digester   : [SetNextRule]{mbeans-descriptors/mbean/operation} Call org.apache.tomcat.util.modeler.ManagedBean.addOperation(org.apache.tomcat.util.modeler.OperationInfo@20a05e2a)
2019-05-11 11:06:13.052 DEBUG 8956 --- [           main] a.ConfigurationClassBeanDefinitionReader : Registered bean definition for imported class 'org.springframework.boot.autoconfigure.context.PropertyPlaceholderAutoConfiguration'
2019-05-11 11:06:13.052 DEBUG 8956 --- [kground-preinit] o.apache.tomcat.util.IntrospectionUtils  : IntrospectionUtils: callMethod1 org.apache.tomcat.util.modeler.ManagedBean org.apache.tomcat.util.modeler.OperationInfo org.apache.tomcat.util.modeler.OperationInfo
2019-05-11 11:06:13.054 DEBUG 8956 --- [kground-preinit] o.apache.tomcat.util.digester.Digester   :   Fire end() for SetPropertiesRule[]
2019-05-11 11:06:13.054 DEBUG 8956 --- [kground-preinit] o.apache.tomcat.util.digester.Digester   :   Fire end() for ObjectCreateRule[className=org.apache.tomcat.util.modeler.OperationInfo, attributeName=null]
2019-05-11 11:06:13.055 DEBUG 8956 --- [kground-preinit] o.apache.tomcat.util.digester.Digester   : [ObjectCreateRule]{mbeans-descriptors/mbean/operation} Pop org.apache.tomcat.util.modeler.OperationInfo
2019-05-11 11:06:13.055 DEBUG 8956 --- [kground-preinit] o.a.tomcat.util.digester.Digester.sax    : characters(

    )
2019-05-11 11:06:13.055 DEBUG 8956 --- [kground-preinit] o.a.tomcat.util.digester.Digester.sax    : startElement(,,operation)
2019-05-11 11:06:13.055 DEBUG 8956 --- [kground-preinit] o.apache.tomcat.util.digester.Digester   :   New match='mbeans-descriptors/mbean/operation'
2019-05-11 11:06:13.055 DEBUG 8956 --- [kground-preinit] o.apache.tomcat.util.digester.Digester   :   Fire begin() for ObjectCreateRule[className=org.apache.tomcat.util.modeler.OperationInfo, attributeName=null]
2019-05-11 11:06:13.055 DEBUG 8956 --- [kground-preinit] o.apache.tomcat.util.digester.Digester   : [ObjectCreateRule]{mbeans-descriptors/mbean/operation}New org.apache.tomcat.util.modeler.OperationInfo
2019-05-11 11:06:13.056 DEBUG 8956 --- [kground-preinit] o.apache.tomcat.util.digester.Digester   :   Fire begin() for SetPropertiesRule[]
2019-05-11 11:06:13.056 DEBUG 8956 --- [kground-preinit] o.apache.tomcat.util.digester.Digester   : [SetPropertiesRule]{mbeans-descriptors/mbean/operation} Set org.apache.tomcat.util.modeler.OperationInfo properties
2019-05-11 11:06:13.056 DEBUG 8956 --- [kground-preinit] o.apache.tomcat.util.digester.Digester   : [SetPropertiesRule]{mbeans-descriptors/mbean/operation} Setting property 'name' to 'addChild'
2019-05-11 11:06:13.056 DEBUG 8956 --- [kground-preinit] o.apache.tomcat.util.IntrospectionUtils  : IntrospectionUtils: setProperty(class org.apache.tomcat.util.modeler.OperationInfo name=addChild)
2019-05-11 11:06:13.056 DEBUG 8956 --- [kground-preinit] o.apache.tomcat.util.digester.Digester   : [SetPropertiesRule]{mbeans-descriptors/mbean/operation} Setting property 'description' to 'Add a child to this Context'
2019-05-11 11:06:13.056 DEBUG 8956 --- [kground-preinit] o.apache.tomcat.util.IntrospectionUtils  : IntrospectionUtils: setProperty(class org.apache.tomcat.util.modeler.OperationInfo description=Add a child to this Context)
2019-05-11 11:06:13.056 DEBUG 8956 --- [kground-preinit] o.apache.tomcat.util.digester.Digester   : [SetPropertiesRule]{mbeans-descriptors/mbean/operation} Setting property 'impact' to 'ACTION'
2019-05-11 11:06:13.056 DEBUG 8956 --- [kground-preinit] o.apache.tomcat.util.IntrospectionUtils  : IntrospectionUtils: setProperty(class org.apache.tomcat.util.modeler.OperationInfo impact=ACTION)
2019-05-11 11:06:13.056 DEBUG 8956 --- [kground-preinit] o.apache.tomcat.util.digester.Digester   : [SetPropertiesRule]{mbeans-descriptors/mbean/operation} Setting property 'returnType' to 'void'
2019-05-11 11:06:13.057 DEBUG 8956 --- [kground-preinit] o.apache.tomcat.util.IntrospectionUtils  : IntrospectionUtils: setProperty(class org.apache.tomcat.util.modeler.OperationInfo returnType=void)
2019-05-11 11:06:13.057 DEBUG 8956 --- [kground-preinit] o.apache.tomcat.util.digester.Digester   :   Fire begin() for SetNextRule[methodName=addOperation, paramType=org.apache.tomcat.util.modeler.OperationInfo]
2019-05-11 11:06:13.057 DEBUG 8956 --- [kground-preinit] o.a.tomcat.util.digester.Digester.sax    : characters(
      )
2019-05-11 11:06:13.057 DEBUG 8956 --- [kground-preinit] o.a.tomcat.util.digester.Digester.sax    : startElement(,,parameter)
2019-05-11 11:06:13.057 DEBUG 8956 --- [kground-preinit] o.apache.tomcat.util.digester.Digester   :   New match='mbeans-descriptors/mbean/operation/parameter'
2019-05-11 11:06:13.057 DEBUG 8956 --- [kground-preinit] o.apache.tomcat.util.digester.Digester   :   Fire begin() for ObjectCreateRule[className=org.apache.tomcat.util.modeler.ParameterInfo, attributeName=null]
2019-05-11 11:06:13.057 DEBUG 8956 --- [kground-preinit] o.apache.tomcat.util.digester.Digester   : [ObjectCreateRule]{mbeans-descriptors/mbean/operation/parameter}New org.apache.tomcat.util.modeler.ParameterInfo
2019-05-11 11:06:13.058 DEBUG 8956 --- [kground-preinit] o.apache.tomcat.util.digester.Digester   :   Fire begin() for SetPropertiesRule[]
2019-05-11 11:06:13.058 DEBUG 8956 --- [kground-preinit] o.apache.tomcat.util.digester.Digester   : [SetPropertiesRule]{mbeans-descriptors/mbean/operation/parameter} Set org.apache.tomcat.util.modeler.ParameterInfo properties
2019-05-11 11:06:13.058 DEBUG 8956 --- [kground-preinit] o.apache.tomcat.util.digester.Digester   : [SetPropertiesRule]{mbeans-descriptors/mbean/operation/parameter} Setting property 'name' to 'type'
2019-05-11 11:06:13.058 DEBUG 8956 --- [kground-preinit] o.apache.tomcat.util.IntrospectionUtils  : IntrospectionUtils: setProperty(class org.apache.tomcat.util.modeler.ParameterInfo name=type)
2019-05-11 11:06:13.058 DEBUG 8956 --- [kground-preinit] o.apache.tomcat.util.digester.Digester   : [SetPropertiesRule]{mbeans-descriptors/mbean/operation/parameter} Setting property 'description' to 'Type(classname) of the new child to be added'
2019-05-11 11:06:13.058 DEBUG 8956 --- [kground-preinit] o.apache.tomcat.util.IntrospectionUtils  : IntrospectionUtils: setProperty(class org.apache.tomcat.util.modeler.ParameterInfo description=Type(classname) of the new child to be added)
2019-05-11 11:06:13.058 DEBUG 8956 --- [kground-preinit] o.apache.tomcat.util.digester.Digester   : [SetPropertiesRule]{mbeans-descriptors/mbean/operation/parameter} Setting property 'type' to 'java.lang.String'
2019-05-11 11:06:13.058 DEBUG 8956 --- [kground-preinit] o.apache.tomcat.util.IntrospectionUtils  : IntrospectionUtils: setProperty(class org.apache.tomcat.util.modeler.ParameterInfo type=java.lang.String)
2019-05-11 11:06:13.058 DEBUG 8956 --- [kground-preinit] o.apache.tomcat.util.digester.Digester   :   Fire begin() for SetNextRule[methodName=addParameter, paramType=org.apache.tomcat.util.modeler.ParameterInfo]
2019-05-11 11:06:13.058 DEBUG 8956 --- [kground-preinit] o.a.tomcat.util.digester.Digester.sax    : endElement(,,parameter)
2019-05-11 11:06:13.058 DEBUG 8956 --- [kground-preinit] o.apache.tomcat.util.digester.Digester   :   match='mbeans-descriptors/mbean/operation/parameter'
2019-05-11 11:06:13.059 DEBUG 8956 --- [kground-preinit] o.apache.tomcat.util.digester.Digester   :   bodyText=''
2019-05-11 11:06:13.059 DEBUG 8956 --- [kground-preinit] o.apache.tomcat.util.digester.Digester   :   Fire body() for ObjectCreateRule[className=org.apache.tomcat.util.modeler.ParameterInfo, attributeName=null]
2019-05-11 11:06:13.059 DEBUG 8956 --- [kground-preinit] o.apache.tomcat.util.digester.Digester   :   Fire body() for SetPropertiesRule[]
2019-05-11 11:06:13.059 DEBUG 8956 --- [kground-preinit] o.apache.tomcat.util.digester.Digester   :   Fire body() for SetNextRule[methodName=addParameter, paramType=org.apache.tomcat.util.modeler.ParameterInfo]
2019-05-11 11:06:13.059 DEBUG 8956 --- [kground-preinit] o.apache.tomcat.util.digester.Digester   :   Fire end() for SetNextRule[methodName=addParameter, paramType=org.apache.tomcat.util.modeler.ParameterInfo]
2019-05-11 11:06:13.060 DEBUG 8956 --- [kground-preinit] o.apache.tomcat.util.digester.Digester   : [SetNextRule]{mbeans-descriptors/mbean/operation/parameter} Call org.apache.tomcat.util.modeler.OperationInfo.addParameter(org.apache.tomcat.util.modeler.ParameterInfo@326b21ec)
2019-05-11 11:06:13.060 DEBUG 8956 --- [kground-preinit] o.apache.tomcat.util.IntrospectionUtils  : IntrospectionUtils: callMethod1 org.apache.tomcat.util.modeler.OperationInfo org.apache.tomcat.util.modeler.ParameterInfo org.apache.tomcat.util.modeler.ParameterInfo
2019-05-11 11:06:13.060 DEBUG 8956 --- [kground-preinit] o.apache.tomcat.util.digester.Digester   :   Fire end() for SetPropertiesRule[]
2019-05-11 11:06:13.060 DEBUG 8956 --- [kground-preinit] o.apache.tomcat.util.digester.Digester   :   Fire end() for ObjectCreateRule[className=org.apache.tomcat.util.modeler.ParameterInfo, attributeName=null]
2019-05-11 11:06:13.060 DEBUG 8956 --- [kground-preinit] o.apache.tomcat.util.digester.Digester   : [ObjectCreateRule]{mbeans-descriptors/mbean/operation/parameter} Pop org.apache.tomcat.util.modeler.ParameterInfo
2019-05-11 11:06:13.060 DEBUG 8956 --- [kground-preinit] o.a.tomcat.util.digester.Digester.sax    : characters(
      )
2019-05-11 11:06:13.060 DEBUG 8956 --- [kground-preinit] o.a.tomcat.util.digester.Digester.sax    : startElement(,,parameter)
2019-05-11 11:06:13.061 DEBUG 8956 --- [kground-preinit] o.apache.tomcat.util.digester.Digester   :   New match='mbeans-descriptors/mbean/operation/parameter'
2019-05-11 11:06:13.061 DEBUG 8956 --- [kground-preinit] o.apache.tomcat.util.digester.Digester   :   Fire begin() for ObjectCreateRule[className=org.apache.tomcat.util.modeler.ParameterInfo, attributeName=null]
2019-05-11 11:06:13.061 DEBUG 8956 --- [kground-preinit] o.apache.tomcat.util.digester.Digester   : [ObjectCreateRule]{mbeans-descriptors/mbean/operation/parameter}New org.apache.tomcat.util.modeler.ParameterInfo
2019-05-11 11:06:13.061 DEBUG 8956 --- [kground-preinit] o.apache.tomcat.util.digester.Digester   :   Fire begin() for SetPropertiesRule[]
2019-05-11 11:06:13.061 DEBUG 8956 --- [kground-preinit] o.apache.tomcat.util.digester.Digester   : [SetPropertiesRule]{mbeans-descriptors/mbean/operation/parameter} Set org.apache.tomcat.util.modeler.ParameterInfo properties
2019-05-11 11:06:13.061 DEBUG 8956 --- [kground-preinit] o.apache.tomcat.util.digester.Digester   : [SetPropertiesRule]{mbeans-descriptors/mbean/operation/parameter} Setting property 'name' to 'name'
2019-05-11 11:06:13.061 DEBUG 8956 --- [kground-preinit] o.apache.tomcat.util.IntrospectionUtils  : IntrospectionUtils: setProperty(class org.apache.tomcat.util.modeler.ParameterInfo name=name)
2019-05-11 11:06:13.062 DEBUG 8956 --- [kground-preinit] o.apache.tomcat.util.digester.Digester   : [SetPropertiesRule]{mbeans-descriptors/mbean/operation/parameter} Setting property 'description' to 'Name of the child to be added'
2019-05-11 11:06:13.062 DEBUG 8956 --- [kground-preinit] o.apache.tomcat.util.IntrospectionUtils  : IntrospectionUtils: setProperty(class org.apache.tomcat.util.modeler.ParameterInfo description=Name of the child to be added)
2019-05-11 11:06:13.062 DEBUG 8956 --- [kground-preinit] o.apache.tomcat.util.digester.Digester   : [SetPropertiesRule]{mbeans-descriptors/mbean/operation/parameter} Setting property 'type' to 'java.lang.String'
2019-05-11 11:06:13.062 DEBUG 8956 --- [kground-preinit] o.apache.tomcat.util.IntrospectionUtils  : IntrospectionUtils: setProperty(class org.apache.tomcat.util.modeler.ParameterInfo type=java.lang.String)
2019-05-11 11:06:13.062 DEBUG 8956 --- [kground-preinit] o.apache.tomcat.util.digester.Digester   :   Fire begin() for SetNextRule[methodName=addParameter, paramType=org.apache.tomcat.util.modeler.ParameterInfo]
2019-05-11 11:06:13.062 DEBUG 8956 --- [kground-preinit] o.a.tomcat.util.digester.Digester.sax    : endElement(,,parameter)
2019-05-11 11:06:13.062 DEBUG 8956 --- [kground-preinit] o.apache.tomcat.util.digester.Digester   :   match='mbeans-descriptors/mbean/operation/parameter'
2019-05-11 11:06:13.062 DEBUG 8956 --- [kground-preinit] o.apache.tomcat.util.digester.Digester   :   bodyText=''
2019-05-11 11:06:13.062 DEBUG 8956 --- [kground-preinit] o.apache.tomcat.util.digester.Digester   :   Fire body() for ObjectCreateRule[className=org.apache.tomcat.util.modeler.ParameterInfo, attributeName=null]
2019-05-11 11:06:13.062 DEBUG 8956 --- [kground-preinit] o.apache.tomcat.util.digester.Digester   :   Fire body() for SetPropertiesRule[]
2019-05-11 11:06:13.063 DEBUG 8956 --- [kground-preinit] o.apache.tomcat.util.digester.Digester   :   Fire body() for SetNextRule[methodName=addParameter, paramType=org.apache.tomcat.util.modeler.ParameterInfo]
2019-05-11 11:06:13.063 DEBUG 8956 --- [           main] o.s.b.f.s.DefaultListableBeanFactory     : Creating shared instance of singleton bean 'org.springframework.boot.autoconfigure.condition.BeanTypeRegistry'
2019-05-11 11:06:13.063 DEBUG 8956 --- [           main] o.s.b.f.s.DefaultListableBeanFactory     : Creating instance of bean 'org.springframework.boot.autoconfigure.condition.BeanTypeRegistry'
2019-05-11 11:06:13.063 DEBUG 8956 --- [kground-preinit] o.apache.tomcat.util.digester.Digester   :   Fire end() for SetNextRule[methodName=addParameter, paramType=org.apache.tomcat.util.modeler.ParameterInfo]
2019-05-11 11:06:13.063 DEBUG 8956 --- [kground-preinit] o.apache.tomcat.util.digester.Digester   : [SetNextRule]{mbeans-descriptors/mbean/operation/parameter} Call org.apache.tomcat.util.modeler.OperationInfo.addParameter(org.apache.tomcat.util.modeler.ParameterInfo@6a561b5d)
2019-05-11 11:06:13.063 DEBUG 8956 --- [kground-preinit] o.apache.tomcat.util.IntrospectionUtils  : IntrospectionUtils: callMethod1 org.apache.tomcat.util.modeler.OperationInfo org.apache.tomcat.util.modeler.ParameterInfo org.apache.tomcat.util.modeler.ParameterInfo
2019-05-11 11:06:13.063 DEBUG 8956 --- [kground-preinit] o.apache.tomcat.util.digester.Digester   :   Fire end() for SetPropertiesRule[]
2019-05-11 11:06:13.063 DEBUG 8956 --- [kground-preinit] o.apache.tomcat.util.digester.Digester   :   Fire end() for ObjectCreateRule[className=org.apache.tomcat.util.modeler.ParameterInfo, attributeName=null]
2019-05-11 11:06:13.063 DEBUG 8956 --- [kground-preinit] o.apache.tomcat.util.digester.Digester   : [ObjectCreateRule]{mbeans-descriptors/mbean/operation/parameter} Pop org.apache.tomcat.util.modeler.ParameterInfo
2019-05-11 11:06:13.064 DEBUG 8956 --- [kground-preinit] o.a.tomcat.util.digester.Digester.sax    : characters(
    )
2019-05-11 11:06:13.064 DEBUG 8956 --- [kground-preinit] o.a.tomcat.util.digester.Digester.sax    : endElement(,,operation)
2019-05-11 11:06:13.064 DEBUG 8956 --- [kground-preinit] o.apache.tomcat.util.digester.Digester   :   match='mbeans-descriptors/mbean/operation'
2019-05-11 11:06:13.064 DEBUG 8956 --- [kground-preinit] o.apache.tomcat.util.digester.Digester   :   bodyText='
      
      
    '
2019-05-11 11:06:13.064 DEBUG 8956 --- [kground-preinit] o.apache.tomcat.util.digester.Digester   :   Fire body() for ObjectCreateRule[className=org.apache.tomcat.util.modeler.OperationInfo, attributeName=null]
2019-05-11 11:06:13.064 DEBUG 8956 --- [kground-preinit] o.apache.tomcat.util.digester.Digester   :   Fire body() for SetPropertiesRule[]
2019-05-11 11:06:13.064 DEBUG 8956 --- [kground-preinit] o.apache.tomcat.util.digester.Digester   :   Fire body() for SetNextRule[methodName=addOperation, paramType=org.apache.tomcat.util.modeler.OperationInfo]
2019-05-11 11:06:13.065 DEBUG 8956 --- [kground-preinit] o.apache.tomcat.util.digester.Digester   :   Fire end() for SetNextRule[methodName=addOperation, paramType=org.apache.tomcat.util.modeler.OperationInfo]
2019-05-11 11:06:13.065 DEBUG 8956 --- [kground-preinit] o.apache.tomcat.util.digester.Digester   : [SetNextRule]{mbeans-descriptors/mbean/operation} Call org.apache.tomcat.util.modeler.ManagedBean.addOperation(org.apache.tomcat.util.modeler.OperationInfo@42065d48)
2019-05-11 11:06:13.065 DEBUG 8956 --- [kground-preinit] o.apache.tomcat.util.IntrospectionUtils  : IntrospectionUtils: callMethod1 org.apache.tomcat.util.modeler.ManagedBean org.apache.tomcat.util.modeler.OperationInfo org.apache.tomcat.util.modeler.OperationInfo
2019-05-11 11:06:13.065 DEBUG 8956 --- [kground-preinit] o.apache.tomcat.util.digester.Digester   :   Fire end() for SetPropertiesRule[]
2019-05-11 11:06:13.065 DEBUG 8956 --- [kground-preinit] o.apache.tomcat.util.digester.Digester   :   Fire end() for ObjectCreateRule[className=org.apache.tomcat.util.modeler.OperationInfo, attributeName=null]
2019-05-11 11:06:13.065 DEBUG 8956 --- [kground-preinit] o.apache.tomcat.util.digester.Digester   : [ObjectCreateRule]{mbeans-descriptors/mbean/operation} Pop org.apache.tomcat.util.modeler.OperationInfo
2019-05-11 11:06:13.065 DEBUG 8956 --- [kground-preinit] o.a.tomcat.util.digester.Digester.sax    : characters(

    )
2019-05-11 11:06:13.071 DEBUG 8956 --- [kground-preinit] o.a.tomcat.util.digester.Digester.sax    : startElement(,,operation)
2019-05-11 11:06:13.071 DEBUG 8956 --- [kground-preinit] o.apache.tomcat.util.digester.Digester   :   New match='mbeans-descriptors/mbean/operation'
2019-05-11 11:06:13.071 DEBUG 8956 --- [kground-preinit] o.apache.tomcat.util.digester.Digester   :   Fire begin() for ObjectCreateRule[className=org.apache.tomcat.util.modeler.OperationInfo, attributeName=null]
2019-05-11 11:06:13.071 DEBUG 8956 --- [kground-preinit] o.apache.tomcat.util.digester.Digester   : [ObjectCreateRule]{mbeans-descriptors/mbean/operation}New org.apache.tomcat.util.modeler.OperationInfo
2019-05-11 11:06:13.071 DEBUG 8956 --- [kground-preinit] o.apache.tomcat.util.digester.Digester   :   Fire begin() for SetPropertiesRule[]
2019-05-11 11:06:13.071 DEBUG 8956 --- [kground-preinit] o.apache.tomcat.util.digester.Digester   : [SetPropertiesRule]{mbeans-descriptors/mbean/operation} Set org.apache.tomcat.util.modeler.OperationInfo properties
2019-05-11 11:06:13.072 DEBUG 8956 --- [kground-preinit] o.apache.tomcat.util.digester.Digester   : [SetPropertiesRule]{mbeans-descriptors/mbean/operation} Setting property 'name' to 'addLifecycleListener'
2019-05-11 11:06:13.072 DEBUG 8956 --- [kground-preinit] o.apache.tomcat.util.IntrospectionUtils  : IntrospectionUtils: setProperty(class org.apache.tomcat.util.modeler.OperationInfo name=addLifecycleListener)
2019-05-11 11:06:13.072 DEBUG 8956 --- [kground-preinit] o.apache.tomcat.util.digester.Digester   : [SetPropertiesRule]{mbeans-descriptors/mbean/operation} Setting property 'description' to 'Add a lifecycle listener to this Context'
2019-05-11 11:06:13.073 DEBUG 8956 --- [kground-preinit] o.apache.tomcat.util.IntrospectionUtils  : IntrospectionUtils: setProperty(class org.apache.tomcat.util.modeler.OperationInfo description=Add a lifecycle listener to this Context)
2019-05-11 11:06:13.073 DEBUG 8956 --- [kground-preinit] o.apache.tomcat.util.digester.Digester   : [SetPropertiesRule]{mbeans-descriptors/mbean/operation} Setting property 'impact' to 'ACTION'
2019-05-11 11:06:13.073 DEBUG 8956 --- [kground-preinit] o.apache.tomcat.util.IntrospectionUtils  : IntrospectionUtils: setProperty(class org.apache.tomcat.util.modeler.OperationInfo impact=ACTION)
2019-05-11 11:06:13.073 DEBUG 8956 --- [kground-preinit] o.apache.tomcat.util.digester.Digester   : [SetPropertiesRule]{mbeans-descriptors/mbean/operation} Setting property 'returnType' to 'void'
2019-05-11 11:06:13.073 DEBUG 8956 --- [kground-preinit] o.apache.tomcat.util.IntrospectionUtils  : IntrospectionUtils: setProperty(class org.apache.tomcat.util.modeler.OperationInfo returnType=void)
2019-05-11 11:06:13.073 DEBUG 8956 --- [kground-preinit] o.apache.tomcat.util.digester.Digester   :   Fire begin() for SetNextRule[methodName=addOperation, paramType=org.apache.tomcat.util.modeler.OperationInfo]
2019-05-11 11:06:13.073 DEBUG 8956 --- [kground-preinit] o.a.tomcat.util.digester.Digester.sax    : characters(
      )
2019-05-11 11:06:13.074 DEBUG 8956 --- [kground-preinit] o.a.tomcat.util.digester.Digester.sax    : startElement(,,parameter)
2019-05-11 11:06:13.074 DEBUG 8956 --- [kground-preinit] o.apache.tomcat.util.digester.Digester   :   New match='mbeans-descriptors/mbean/operation/parameter'
2019-05-11 11:06:13.074 DEBUG 8956 --- [kground-preinit] o.apache.tomcat.util.digester.Digester   :   Fire begin() for ObjectCreateRule[className=org.apache.tomcat.util.modeler.ParameterInfo, attributeName=null]
2019-05-11 11:06:13.074 DEBUG 8956 --- [kground-preinit] o.apache.tomcat.util.digester.Digester   : [ObjectCreateRule]{mbeans-descriptors/mbean/operation/parameter}New org.apache.tomcat.util.modeler.ParameterInfo
2019-05-11 11:06:13.074 DEBUG 8956 --- [kground-preinit] o.apache.tomcat.util.digester.Digester   :   Fire begin() for SetPropertiesRule[]
2019-05-11 11:06:13.074 DEBUG 8956 --- [kground-preinit] o.apache.tomcat.util.digester.Digester   : [SetPropertiesRule]{mbeans-descriptors/mbean/operation/parameter} Set org.apache.tomcat.util.modeler.ParameterInfo properties
2019-05-11 11:06:13.074 DEBUG 8956 --- [kground-preinit] o.apache.tomcat.util.digester.Digester   : [SetPropertiesRule]{mbeans-descriptors/mbean/operation/parameter} Setting property 'name' to 'type'
2019-05-11 11:06:13.074 DEBUG 8956 --- [kground-preinit] o.apache.tomcat.util.IntrospectionUtils  : IntrospectionUtils: setProperty(class org.apache.tomcat.util.modeler.ParameterInfo name=type)
2019-05-11 11:06:13.074 DEBUG 8956 --- [kground-preinit] o.apache.tomcat.util.digester.Digester   : [SetPropertiesRule]{mbeans-descriptors/mbean/operation/parameter} Setting property 'description' to 'Type(classname) of the new lifecycle listener to be added'
2019-05-11 11:06:13.074 DEBUG 8956 --- [kground-preinit] o.apache.tomcat.util.IntrospectionUtils  : IntrospectionUtils: setProperty(class org.apache.tomcat.util.modeler.ParameterInfo description=Type(classname) of the new lifecycle listener to be added)
2019-05-11 11:06:13.074 DEBUG 8956 --- [kground-preinit] o.apache.tomcat.util.digester.Digester   : [SetPropertiesRule]{mbeans-descriptors/mbean/operation/parameter} Setting property 'type' to 'java.lang.String'
2019-05-11 11:06:13.074 DEBUG 8956 --- [kground-preinit] o.apache.tomcat.util.IntrospectionUtils  : IntrospectionUtils: setProperty(class org.apache.tomcat.util.modeler.ParameterInfo type=java.lang.String)
2019-05-11 11:06:13.074 DEBUG 8956 --- [kground-preinit] o.apache.tomcat.util.digester.Digester   :   Fire begin() for SetNextRule[methodName=addParameter, paramType=org.apache.tomcat.util.modeler.ParameterInfo]
2019-05-11 11:06:13.074 DEBUG 8956 --- [kground-preinit] o.a.tomcat.util.digester.Digester.sax    : endElement(,,parameter)
2019-05-11 11:06:13.075 DEBUG 8956 --- [kground-preinit] o.apache.tomcat.util.digester.Digester   :   match='mbeans-descriptors/mbean/operation/parameter'
2019-05-11 11:06:13.075 DEBUG 8956 --- [kground-preinit] o.apache.tomcat.util.digester.Digester   :   bodyText=''
2019-05-11 11:06:13.075 DEBUG 8956 --- [kground-preinit] o.apache.tomcat.util.digester.Digester   :   Fire body() for ObjectCreateRule[className=org.apache.tomcat.util.modeler.ParameterInfo, attributeName=null]
2019-05-11 11:06:13.075 DEBUG 8956 --- [kground-preinit] o.apache.tomcat.util.digester.Digester   :   Fire body() for SetPropertiesRule[]
2019-05-11 11:06:13.075 DEBUG 8956 --- [kground-preinit] o.apache.tomcat.util.digester.Digester   :   Fire body() for SetNextRule[methodName=addParameter, paramType=org.apache.tomcat.util.modeler.ParameterInfo]
2019-05-11 11:06:13.075 DEBUG 8956 --- [kground-preinit] o.apache.tomcat.util.digester.Digester   :   Fire end() for SetNextRule[methodName=addParameter, paramType=org.apache.tomcat.util.modeler.ParameterInfo]
2019-05-11 11:06:13.075 DEBUG 8956 --- [kground-preinit] o.apache.tomcat.util.digester.Digester   : [SetNextRule]{mbeans-descriptors/mbean/operation/parameter} Call org.apache.tomcat.util.modeler.OperationInfo.addParameter(org.apache.tomcat.util.modeler.ParameterInfo@60f50a2c)
2019-05-11 11:06:13.075 DEBUG 8956 --- [kground-preinit] o.apache.tomcat.util.IntrospectionUtils  : IntrospectionUtils: callMethod1 org.apache.tomcat.util.modeler.OperationInfo org.apache.tomcat.util.modeler.ParameterInfo org.apache.tomcat.util.modeler.ParameterInfo
2019-05-11 11:06:13.075 DEBUG 8956 --- [kground-preinit] o.apache.tomcat.util.digester.Digester   :   Fire end() for SetPropertiesRule[]
2019-05-11 11:06:13.075 DEBUG 8956 --- [kground-preinit] o.apache.tomcat.util.digester.Digester   :   Fire end() for ObjectCreateRule[className=org.apache.tomcat.util.modeler.ParameterInfo, attributeName=null]
2019-05-11 11:06:13.075 DEBUG 8956 --- [kground-preinit] o.apache.tomcat.util.digester.Digester   : [ObjectCreateRule]{mbeans-descriptors/mbean/operation/parameter} Pop org.apache.tomcat.util.modeler.ParameterInfo
2019-05-11 11:06:13.075 DEBUG 8956 --- [kground-preinit] o.a.tomcat.util.digester.Digester.sax    : characters(
    )
2019-05-11 11:06:13.075 DEBUG 8956 --- [kground-preinit] o.a.tomcat.util.digester.Digester.sax    : endElement(,,operation)
2019-05-11 11:06:13.075 DEBUG 8956 --- [kground-preinit] o.apache.tomcat.util.digester.Digester   :   match='mbeans-descriptors/mbean/operation'
2019-05-11 11:06:13.076 DEBUG 8956 --- [kground-preinit] o.apache.tomcat.util.digester.Digester   :   bodyText='
      
    '
2019-05-11 11:06:13.076 DEBUG 8956 --- [kground-preinit] o.apache.tomcat.util.digester.Digester   :   Fire body() for ObjectCreateRule[className=org.apache.tomcat.util.modeler.OperationInfo, attributeName=null]
2019-05-11 11:06:13.076 DEBUG 8956 --- [kground-preinit] o.apache.tomcat.util.digester.Digester   :   Fire body() for SetPropertiesRule[]
2019-05-11 11:06:13.076 DEBUG 8956 --- [kground-preinit] o.apache.tomcat.util.digester.Digester   :   Fire body() for SetNextRule[methodName=addOperation, paramType=org.apache.tomcat.util.modeler.OperationInfo]
2019-05-11 11:06:13.076 DEBUG 8956 --- [kground-preinit] o.apache.tomcat.util.digester.Digester   :   Fire end() for SetNextRule[methodName=addOperation, paramType=org.apache.tomcat.util.modeler.OperationInfo]
2019-05-11 11:06:13.076 DEBUG 8956 --- [kground-preinit] o.apache.tomcat.util.digester.Digester   : [SetNextRule]{mbeans-descriptors/mbean/operation} Call org.apache.tomcat.util.modeler.ManagedBean.addOperation(org.apache.tomcat.util.modeler.OperationInfo@bfa339f)
2019-05-11 11:06:13.076 DEBUG 8956 --- [kground-preinit] o.apache.tomcat.util.IntrospectionUtils  : IntrospectionUtils: callMethod1 org.apache.tomcat.util.modeler.ManagedBean org.apache.tomcat.util.modeler.OperationInfo org.apache.tomcat.util.modeler.OperationInfo
2019-05-11 11:06:13.077 DEBUG 8956 --- [kground-preinit] o.apache.tomcat.util.digester.Digester   :   Fire end() for SetPropertiesRule[]
2019-05-11 11:06:13.077 DEBUG 8956 --- [kground-preinit] o.apache.tomcat.util.digester.Digester   :   Fire end() for ObjectCreateRule[className=org.apache.tomcat.util.modeler.OperationInfo, attributeName=null]
2019-05-11 11:06:13.077 DEBUG 8956 --- [kground-preinit] o.apache.tomcat.util.digester.Digester   : [ObjectCreateRule]{mbeans-descriptors/mbean/operation} Pop org.apache.tomcat.util.modeler.OperationInfo
2019-05-11 11:06:13.077 DEBUG 8956 --- [kground-preinit] o.a.tomcat.util.digester.Digester.sax    : characters(

    )
2019-05-11 11:06:13.077 DEBUG 8956 --- [kground-preinit] o.a.tomcat.util.digester.Digester.sax    : startElement(,,operation)
2019-05-11 11:06:13.077 DEBUG 8956 --- [kground-preinit] o.apache.tomcat.util.digester.Digester   :   New match='mbeans-descriptors/mbean/operation'
2019-05-11 11:06:13.077 DEBUG 8956 --- [kground-preinit] o.apache.tomcat.util.digester.Digester   :   Fire begin() for ObjectCreateRule[className=org.apache.tomcat.util.modeler.OperationInfo, attributeName=null]
2019-05-11 11:06:13.078 DEBUG 8956 --- [kground-preinit] o.apache.tomcat.util.digester.Digester   : [ObjectCreateRule]{mbeans-descriptors/mbean/operation}New org.apache.tomcat.util.modeler.OperationInfo
2019-05-11 11:06:13.078 DEBUG 8956 --- [kground-preinit] o.apache.tomcat.util.digester.Digester   :   Fire begin() for SetPropertiesRule[]
2019-05-11 11:06:13.078 DEBUG 8956 --- [kground-preinit] o.apache.tomcat.util.digester.Digester   : [SetPropertiesRule]{mbeans-descriptors/mbean/operation} Set org.apache.tomcat.util.modeler.OperationInfo properties
2019-05-11 11:06:13.078 DEBUG 8956 --- [kground-preinit] o.apache.tomcat.util.digester.Digester   : [SetPropertiesRule]{mbeans-descriptors/mbean/operation} Setting property 'name' to 'addLocaleEncodingMappingParameter'
2019-05-11 11:06:13.078 DEBUG 8956 --- [kground-preinit] o.apache.tomcat.util.IntrospectionUtils  : IntrospectionUtils: setProperty(class org.apache.tomcat.util.modeler.OperationInfo name=addLocaleEncodingMappingParameter)
2019-05-11 11:06:13.078 DEBUG 8956 --- [kground-preinit] o.apache.tomcat.util.digester.Digester   : [SetPropertiesRule]{mbeans-descriptors/mbean/operation} Setting property 'description' to 'Add a Locale Encoding Mapping'
2019-05-11 11:06:13.079 DEBUG 8956 --- [kground-preinit] o.apache.tomcat.util.IntrospectionUtils  : IntrospectionUtils: setProperty(class org.apache.tomcat.util.modeler.OperationInfo description=Add a Locale Encoding Mapping)
2019-05-11 11:06:13.079 DEBUG 8956 --- [kground-preinit] o.apache.tomcat.util.digester.Digester   : [SetPropertiesRule]{mbeans-descriptors/mbean/operation} Setting property 'impact' to 'ACTION'
2019-05-11 11:06:13.079 DEBUG 8956 --- [kground-preinit] o.apache.tomcat.util.IntrospectionUtils  : IntrospectionUtils: setProperty(class org.apache.tomcat.util.modeler.OperationInfo impact=ACTION)
2019-05-11 11:06:13.079 DEBUG 8956 --- [kground-preinit] o.apache.tomcat.util.digester.Digester   : [SetPropertiesRule]{mbeans-descriptors/mbean/operation} Setting property 'returnType' to 'void'
2019-05-11 11:06:13.079 DEBUG 8956 --- [kground-preinit] o.apache.tomcat.util.IntrospectionUtils  : IntrospectionUtils: setProperty(class org.apache.tomcat.util.modeler.OperationInfo returnType=void)
2019-05-11 11:06:13.079 DEBUG 8956 --- [kground-preinit] o.apache.tomcat.util.digester.Digester   :   Fire begin() for SetNextRule[methodName=addOperation, paramType=org.apache.tomcat.util.modeler.OperationInfo]
2019-05-11 11:06:13.079 DEBUG 8956 --- [kground-preinit] o.a.tomcat.util.digester.Digester.sax    : characters(
      )
2019-05-11 11:06:13.079 DEBUG 8956 --- [kground-preinit] o.a.tomcat.util.digester.Digester.sax    : startElement(,,parameter)
2019-05-11 11:06:13.079 DEBUG 8956 --- [kground-preinit] o.apache.tomcat.util.digester.Digester   :   New match='mbeans-descriptors/mbean/operation/parameter'
2019-05-11 11:06:13.080 DEBUG 8956 --- [kground-preinit] o.apache.tomcat.util.digester.Digester   :   Fire begin() for ObjectCreateRule[className=org.apache.tomcat.util.modeler.ParameterInfo, attributeName=null]
2019-05-11 11:06:13.080 DEBUG 8956 --- [kground-preinit] o.apache.tomcat.util.digester.Digester   : [ObjectCreateRule]{mbeans-descriptors/mbean/operation/parameter}New org.apache.tomcat.util.modeler.ParameterInfo
2019-05-11 11:06:13.080 DEBUG 8956 --- [kground-preinit] o.apache.tomcat.util.digester.Digester   :   Fire begin() for SetPropertiesRule[]
2019-05-11 11:06:13.080 DEBUG 8956 --- [kground-preinit] o.apache.tomcat.util.digester.Digester   : [SetPropertiesRule]{mbeans-descriptors/mbean/operation/parameter} Set org.apache.tomcat.util.modeler.ParameterInfo properties
2019-05-11 11:06:13.080 DEBUG 8956 --- [kground-preinit] o.apache.tomcat.util.digester.Digester   : [SetPropertiesRule]{mbeans-descriptors/mbean/operation/parameter} Setting property 'name' to 'locale'
2019-05-11 11:06:13.080 DEBUG 8956 --- [kground-preinit] o.apache.tomcat.util.IntrospectionUtils  : IntrospectionUtils: setProperty(class org.apache.tomcat.util.modeler.ParameterInfo name=locale)
2019-05-11 11:06:13.081 DEBUG 8956 --- [kground-preinit] o.apache.tomcat.util.digester.Digester   : [SetPropertiesRule]{mbeans-descriptors/mbean/operation/parameter} Setting property 'description' to 'Locale to map an encoding for'
2019-05-11 11:06:13.081 DEBUG 8956 --- [kground-preinit] o.apache.tomcat.util.IntrospectionUtils  : IntrospectionUtils: setProperty(class org.apache.tomcat.util.modeler.ParameterInfo description=Locale to map an encoding for)
2019-05-11 11:06:13.081 DEBUG 8956 --- [kground-preinit] o.apache.tomcat.util.digester.Digester   : [SetPropertiesRule]{mbeans-descriptors/mbean/operation/parameter} Setting property 'type' to 'java.lang.String'
2019-05-11 11:06:13.081 DEBUG 8956 --- [kground-preinit] o.apache.tomcat.util.IntrospectionUtils  : IntrospectionUtils: setProperty(class org.apache.tomcat.util.modeler.ParameterInfo type=java.lang.String)
2019-05-11 11:06:13.081 DEBUG 8956 --- [kground-preinit] o.apache.tomcat.util.digester.Digester   :   Fire begin() for SetNextRule[methodName=addParameter, paramType=org.apache.tomcat.util.modeler.ParameterInfo]
2019-05-11 11:06:13.081 DEBUG 8956 --- [kground-preinit] o.a.tomcat.util.digester.Digester.sax    : endElement(,,parameter)
2019-05-11 11:06:13.081 DEBUG 8956 --- [kground-preinit] o.apache.tomcat.util.digester.Digester   :   match='mbeans-descriptors/mbean/operation/parameter'
2019-05-11 11:06:13.081 DEBUG 8956 --- [kground-preinit] o.apache.tomcat.util.digester.Digester   :   bodyText=''
2019-05-11 11:06:13.081 DEBUG 8956 --- [kground-preinit] o.apache.tomcat.util.digester.Digester   :   Fire body() for ObjectCreateRule[className=org.apache.tomcat.util.modeler.ParameterInfo, attributeName=null]
2019-05-11 11:06:13.081 DEBUG 8956 --- [kground-preinit] o.apache.tomcat.util.digester.Digester   :   Fire body() for SetPropertiesRule[]
2019-05-11 11:06:13.081 DEBUG 8956 --- [kground-preinit] o.apache.tomcat.util.digester.Digester   :   Fire body() for SetNextRule[methodName=addParameter, paramType=org.apache.tomcat.util.modeler.ParameterInfo]
2019-05-11 11:06:13.081 DEBUG 8956 --- [kground-preinit] o.apache.tomcat.util.digester.Digester   :   Fire end() for SetNextRule[methodName=addParameter, paramType=org.apache.tomcat.util.modeler.ParameterInfo]
2019-05-11 11:06:13.081 DEBUG 8956 --- [kground-preinit] o.apache.tomcat.util.digester.Digester   : [SetNextRule]{mbeans-descriptors/mbean/operation/parameter} Call org.apache.tomcat.util.modeler.OperationInfo.addParameter(org.apache.tomcat.util.modeler.ParameterInfo@51ac5d4e)
2019-05-11 11:06:13.082 DEBUG 8956 --- [kground-preinit] o.apache.tomcat.util.IntrospectionUtils  : IntrospectionUtils: callMethod1 org.apache.tomcat.util.modeler.OperationInfo org.apache.tomcat.util.modeler.ParameterInfo org.apache.tomcat.util.modeler.ParameterInfo
2019-05-11 11:06:13.082 DEBUG 8956 --- [kground-preinit] o.apache.tomcat.util.digester.Digester   :   Fire end() for SetPropertiesRule[]
2019-05-11 11:06:13.082 DEBUG 8956 --- [kground-preinit] o.apache.tomcat.util.digester.Digester   :   Fire end() for ObjectCreateRule[className=org.apache.tomcat.util.modeler.ParameterInfo, attributeName=null]
2019-05-11 11:06:13.083 DEBUG 8956 --- [kground-preinit] o.apache.tomcat.util.digester.Digester   : [ObjectCreateRule]{mbeans-descriptors/mbean/operation/parameter} Pop org.apache.tomcat.util.modeler.ParameterInfo
2019-05-11 11:06:13.083 DEBUG 8956 --- [kground-preinit] o.a.tomcat.util.digester.Digester.sax    : characters(
      )
2019-05-11 11:06:13.083 DEBUG 8956 --- [kground-preinit] o.a.tomcat.util.digester.Digester.sax    : startElement(,,parameter)
2019-05-11 11:06:13.083 DEBUG 8956 --- [kground-preinit] o.apache.tomcat.util.digester.Digester   :   New match='mbeans-descriptors/mbean/operation/parameter'
2019-05-11 11:06:13.087 DEBUG 8956 --- [kground-preinit] o.apache.tomcat.util.digester.Digester   :   Fire begin() for ObjectCreateRule[className=org.apache.tomcat.util.modeler.ParameterInfo, attributeName=null]
2019-05-11 11:06:13.087 DEBUG 8956 --- [kground-preinit] o.apache.tomcat.util.digester.Digester   : [ObjectCreateRule]{mbeans-descriptors/mbean/operation/parameter}New org.apache.tomcat.util.modeler.ParameterInfo
2019-05-11 11:06:13.088 DEBUG 8956 --- [           main] o.s.b.f.s.DefaultListableBeanFactory     : Eagerly caching bean 'org.springframework.boot.autoconfigure.condition.BeanTypeRegistry' to allow for resolving potential circular references
2019-05-11 11:06:13.088 DEBUG 8956 --- [           main] o.s.b.f.s.DefaultListableBeanFactory     : Finished creating instance of bean 'org.springframework.boot.autoconfigure.condition.BeanTypeRegistry'
2019-05-11 11:06:13.090 DEBUG 8956 --- [kground-preinit] o.apache.tomcat.util.digester.Digester   :   Fire begin() for SetPropertiesRule[]
2019-05-11 11:06:13.090 DEBUG 8956 --- [kground-preinit] o.apache.tomcat.util.digester.Digester   : [SetPropertiesRule]{mbeans-descriptors/mbean/operation/parameter} Set org.apache.tomcat.util.modeler.ParameterInfo properties
2019-05-11 11:06:13.090 DEBUG 8956 --- [kground-preinit] o.apache.tomcat.util.digester.Digester   : [SetPropertiesRule]{mbeans-descriptors/mbean/operation/parameter} Setting property 'name' to 'encoding'
2019-05-11 11:06:13.090 DEBUG 8956 --- [kground-preinit] o.apache.tomcat.util.IntrospectionUtils  : IntrospectionUtils: setProperty(class org.apache.tomcat.util.modeler.ParameterInfo name=encoding)
2019-05-11 11:06:13.091 DEBUG 8956 --- [kground-preinit] o.apache.tomcat.util.digester.Digester   : [SetPropertiesRule]{mbeans-descriptors/mbean/operation/parameter} Setting property 'description' to 'Encoding to be used for a give locale'
2019-05-11 11:06:13.091 DEBUG 8956 --- [kground-preinit] o.apache.tomcat.util.IntrospectionUtils  : IntrospectionUtils: setProperty(class org.apache.tomcat.util.modeler.ParameterInfo description=Encoding to be used for a give locale)
2019-05-11 11:06:13.091 DEBUG 8956 --- [kground-preinit] o.apache.tomcat.util.digester.Digester   : [SetPropertiesRule]{mbeans-descriptors/mbean/operation/parameter} Setting property 'type' to 'java.lang.String'
2019-05-11 11:06:13.091 DEBUG 8956 --- [kground-preinit] o.apache.tomcat.util.IntrospectionUtils  : IntrospectionUtils: setProperty(class org.apache.tomcat.util.modeler.ParameterInfo type=java.lang.String)
2019-05-11 11:06:13.091 DEBUG 8956 --- [kground-preinit] o.apache.tomcat.util.digester.Digester   :   Fire begin() for SetNextRule[methodName=addParameter, paramType=org.apache.tomcat.util.modeler.ParameterInfo]
2019-05-11 11:06:13.091 DEBUG 8956 --- [kground-preinit] o.a.tomcat.util.digester.Digester.sax    : endElement(,,parameter)
2019-05-11 11:06:13.092 DEBUG 8956 --- [kground-preinit] o.apache.tomcat.util.digester.Digester   :   match='mbeans-descriptors/mbean/operation/parameter'
2019-05-11 11:06:13.092 DEBUG 8956 --- [kground-preinit] o.apache.tomcat.util.digester.Digester   :   bodyText=''
2019-05-11 11:06:13.092 DEBUG 8956 --- [kground-preinit] o.apache.tomcat.util.digester.Digester   :   Fire body() for ObjectCreateRule[className=org.apache.tomcat.util.modeler.ParameterInfo, attributeName=null]
2019-05-11 11:06:13.092 DEBUG 8956 --- [kground-preinit] o.apache.tomcat.util.digester.Digester   :   Fire body() for SetPropertiesRule[]
2019-05-11 11:06:13.092 DEBUG 8956 --- [kground-preinit] o.apache.tomcat.util.digester.Digester   :   Fire body() for SetNextRule[methodName=addParameter, paramType=org.apache.tomcat.util.modeler.ParameterInfo]
2019-05-11 11:06:13.093 DEBUG 8956 --- [kground-preinit] o.apache.tomcat.util.digester.Digester   :   Fire end() for SetNextRule[methodName=addParameter, paramType=org.apache.tomcat.util.modeler.ParameterInfo]
2019-05-11 11:06:13.093 DEBUG 8956 --- [kground-preinit] o.apache.tomcat.util.digester.Digester   : [SetNextRule]{mbeans-descriptors/mbean/operation/parameter} Call org.apache.tomcat.util.modeler.OperationInfo.addParameter(org.apache.tomcat.util.modeler.ParameterInfo@2130a62e)
2019-05-11 11:06:13.093 DEBUG 8956 --- [kground-preinit] o.apache.tomcat.util.IntrospectionUtils  : IntrospectionUtils: callMethod1 org.apache.tomcat.util.modeler.OperationInfo org.apache.tomcat.util.modeler.ParameterInfo org.apache.tomcat.util.modeler.ParameterInfo
2019-05-11 11:06:13.093 DEBUG 8956 --- [kground-preinit] o.apache.tomcat.util.digester.Digester   :   Fire end() for SetPropertiesRule[]
2019-05-11 11:06:13.093 DEBUG 8956 --- [kground-preinit] o.apache.tomcat.util.digester.Digester   :   Fire end() for ObjectCreateRule[className=org.apache.tomcat.util.modeler.ParameterInfo, attributeName=null]
2019-05-11 11:06:13.122 DEBUG 8956 --- [           main] o.s.b.f.s.DefaultListableBeanFactory     : Returning cached instance of singleton bean 'autoConfigurationReport'
2019-05-11 11:06:13.123 DEBUG 8956 --- [kground-preinit] o.apache.tomcat.util.digester.Digester   : [ObjectCreateRule]{mbeans-descriptors/mbean/operation/parameter} Pop org.apache.tomcat.util.modeler.ParameterInfo
2019-05-11 11:06:13.328 DEBUG 8956 --- [kground-preinit] o.a.tomcat.util.digester.Digester.sax    : characters(
    )
2019-05-11 11:06:13.328 DEBUG 8956 --- [kground-preinit] o.a.tomcat.util.digester.Digester.sax    : endElement(,,operation)
2019-05-11 11:06:13.328 DEBUG 8956 --- [kground-preinit] o.apache.tomcat.util.digester.Digester   :   match='mbeans-descriptors/mbean/operation'
2019-05-11 11:06:13.328 DEBUG 8956 --- [kground-preinit] o.apache.tomcat.util.digester.Digester   :   bodyText='
      
      
    '
2019-05-11 11:06:13.328 DEBUG 8956 --- [kground-preinit] o.apache.tomcat.util.digester.Digester   :   Fire body() for ObjectCreateRule[className=org.apache.tomcat.util.modeler.OperationInfo, attributeName=null]
2019-05-11 11:06:13.328 DEBUG 8956 --- [kground-preinit] o.apache.tomcat.util.digester.Digester   :   Fire body() for SetPropertiesRule[]
2019-05-11 11:06:13.328 DEBUG 8956 --- [kground-preinit] o.apache.tomcat.util.digester.Digester   :   Fire body() for SetNextRule[methodName=addOperation, paramType=org.apache.tomcat.util.modeler.OperationInfo]
2019-05-11 11:06:13.328 DEBUG 8956 --- [kground-preinit] o.apache.tomcat.util.digester.Digester   :   Fire end() for SetNextRule[methodName=addOperation, paramType=org.apache.tomcat.util.modeler.OperationInfo]
2019-05-11 11:06:13.329 DEBUG 8956 --- [kground-preinit] o.apache.tomcat.util.digester.Digester   : [SetNextRule]{mbeans-descriptors/mbean/operation} Call org.apache.tomcat.util.modeler.ManagedBean.addOperation(org.apache.tomcat.util.modeler.OperationInfo@69dc6c4e)
2019-05-11 11:06:13.329 DEBUG 8956 --- [kground-preinit] o.apache.tomcat.util.IntrospectionUtils  : IntrospectionUtils: callMethod1 org.apache.tomcat.util.modeler.ManagedBean org.apache.tomcat.util.modeler.OperationInfo org.apache.tomcat.util.modeler.OperationInfo
2019-05-11 11:06:13.329 DEBUG 8956 --- [kground-preinit] o.apache.tomcat.util.digester.Digester   :   Fire end() for SetPropertiesRule[]
2019-05-11 11:06:13.329 DEBUG 8956 --- [kground-preinit] o.apache.tomcat.util.digester.Digester   :   Fire end() for ObjectCreateRule[className=org.apache.tomcat.util.modeler.OperationInfo, attributeName=null]
2019-05-11 11:06:13.329 DEBUG 8956 --- [kground-preinit] o.apache.tomcat.util.digester.Digester   : [ObjectCreateRule]{mbeans-descriptors/mbean/operation} Pop org.apache.tomcat.util.modeler.OperationInfo
2019-05-11 11:06:13.329 DEBUG 8956 --- [kground-preinit] o.a.tomcat.util.digester.Digester.sax    : characters(

    )
2019-05-11 11:06:13.329 DEBUG 8956 --- [kground-preinit] o.a.tomcat.util.digester.Digester.sax    : startElement(,,operation)
2019-05-11 11:06:13.329 DEBUG 8956 --- [kground-preinit] o.apache.tomcat.util.digester.Digester   :   New match='mbeans-descriptors/mbean/operation'
2019-05-11 11:06:13.330 DEBUG 8956 --- [kground-preinit] o.apache.tomcat.util.digester.Digester   :   Fire begin() for ObjectCreateRule[className=org.apache.tomcat.util.modeler.OperationInfo, attributeName=null]
2019-05-11 11:06:13.330 DEBUG 8956 --- [kground-preinit] o.apache.tomcat.util.digester.Digester   : [ObjectCreateRule]{mbeans-descriptors/mbean/operation}New org.apache.tomcat.util.modeler.OperationInfo
2019-05-11 11:06:13.330 DEBUG 8956 --- [kground-preinit] o.apache.tomcat.util.digester.Digester   :   Fire begin() for SetPropertiesRule[]
2019-05-11 11:06:13.330 DEBUG 8956 --- [kground-preinit] o.apache.tomcat.util.digester.Digester   : [SetPropertiesRule]{mbeans-descriptors/mbean/operation} Set org.apache.tomcat.util.modeler.OperationInfo properties
2019-05-11 11:06:13.330 DEBUG 8956 --- [kground-preinit] o.apache.tomcat.util.digester.Digester   : [SetPropertiesRule]{mbeans-descriptors/mbean/operation} Setting property 'name' to 'addMimeMapping'
2019-05-11 11:06:13.330 DEBUG 8956 --- [kground-preinit] o.apache.tomcat.util.IntrospectionUtils  : IntrospectionUtils: setProperty(class org.apache.tomcat.util.modeler.OperationInfo name=addMimeMapping)
2019-05-11 11:06:13.330 DEBUG 8956 --- [kground-preinit] o.apache.tomcat.util.digester.Digester   : [SetPropertiesRule]{mbeans-descriptors/mbean/operation} Setting property 'description' to 'Add a new MIME mapping, replacing any existing mapping for the specified extension.'
2019-05-11 11:06:13.331 DEBUG 8956 --- [kground-preinit] o.apache.tomcat.util.IntrospectionUtils  : IntrospectionUtils: setProperty(class org.apache.tomcat.util.modeler.OperationInfo description=Add a new MIME mapping, replacing any existing mapping for the specified extension.)
2019-05-11 11:06:13.331 DEBUG 8956 --- [kground-preinit] o.apache.tomcat.util.digester.Digester   : [SetPropertiesRule]{mbeans-descriptors/mbean/operation} Setting property 'impact' to 'ACTION'
2019-05-11 11:06:13.331 DEBUG 8956 --- [kground-preinit] o.apache.tomcat.util.IntrospectionUtils  : IntrospectionUtils: setProperty(class org.apache.tomcat.util.modeler.OperationInfo impact=ACTION)
2019-05-11 11:06:13.331 DEBUG 8956 --- [kground-preinit] o.apache.tomcat.util.digester.Digester   : [SetPropertiesRule]{mbeans-descriptors/mbean/operation} Setting property 'returnType' to 'void'
2019-05-11 11:06:13.331 DEBUG 8956 --- [kground-preinit] o.apache.tomcat.util.IntrospectionUtils  : IntrospectionUtils: setProperty(class org.apache.tomcat.util.modeler.OperationInfo returnType=void)
2019-05-11 11:06:13.331 DEBUG 8956 --- [kground-preinit] o.apache.tomcat.util.digester.Digester   :   Fire begin() for SetNextRule[methodName=addOperation, paramType=org.apache.tomcat.util.modeler.OperationInfo]
2019-05-11 11:06:13.332 DEBUG 8956 --- [kground-preinit] o.a.tomcat.util.digester.Digester.sax    : characters(
      )
2019-05-11 11:06:13.332 DEBUG 8956 --- [kground-preinit] o.a.tomcat.util.digester.Digester.sax    : startElement(,,parameter)
2019-05-11 11:06:13.332 DEBUG 8956 --- [kground-preinit] o.apache.tomcat.util.digester.Digester   :   New match='mbeans-descriptors/mbean/operation/parameter'
2019-05-11 11:06:13.332 DEBUG 8956 --- [kground-preinit] o.apache.tomcat.util.digester.Digester   :   Fire begin() for ObjectCreateRule[className=org.apache.tomcat.util.modeler.ParameterInfo, attributeName=null]
2019-05-11 11:06:13.332 DEBUG 8956 --- [kground-preinit] o.apache.tomcat.util.digester.Digester   : [ObjectCreateRule]{mbeans-descriptors/mbean/operation/parameter}New org.apache.tomcat.util.modeler.ParameterInfo
2019-05-11 11:06:13.332 DEBUG 8956 --- [kground-preinit] o.apache.tomcat.util.digester.Digester   :   Fire begin() for SetPropertiesRule[]
2019-05-11 11:06:13.332 DEBUG 8956 --- [kground-preinit] o.apache.tomcat.util.digester.Digester   : [SetPropertiesRule]{mbeans-descriptors/mbean/operation/parameter} Set org.apache.tomcat.util.modeler.ParameterInfo properties
2019-05-11 11:06:13.333 DEBUG 8956 --- [kground-preinit] o.apache.tomcat.util.digester.Digester   : [SetPropertiesRule]{mbeans-descriptors/mbean/operation/parameter} Setting property 'name' to 'extension'
2019-05-11 11:06:13.333 DEBUG 8956 --- [kground-preinit] o.apache.tomcat.util.IntrospectionUtils  : IntrospectionUtils: setProperty(class org.apache.tomcat.util.modeler.ParameterInfo name=extension)
2019-05-11 11:06:13.333 DEBUG 8956 --- [kground-preinit] o.apache.tomcat.util.digester.Digester   : [SetPropertiesRule]{mbeans-descriptors/mbean/operation/parameter} Setting property 'description' to 'Filename extension being mapped'
2019-05-11 11:06:13.333 DEBUG 8956 --- [kground-preinit] o.apache.tomcat.util.IntrospectionUtils  : IntrospectionUtils: setProperty(class org.apache.tomcat.util.modeler.ParameterInfo description=Filename extension being mapped)
2019-05-11 11:06:13.333 DEBUG 8956 --- [kground-preinit] o.apache.tomcat.util.digester.Digester   : [SetPropertiesRule]{mbeans-descriptors/mbean/operation/parameter} Setting property 'type' to 'java.lang.String'
2019-05-11 11:06:13.333 DEBUG 8956 --- [kground-preinit] o.apache.tomcat.util.IntrospectionUtils  : IntrospectionUtils: setProperty(class org.apache.tomcat.util.modeler.ParameterInfo type=java.lang.String)
2019-05-11 11:06:13.333 DEBUG 8956 --- [kground-preinit] o.apache.tomcat.util.digester.Digester   :   Fire begin() for SetNextRule[methodName=addParameter, paramType=org.apache.tomcat.util.modeler.ParameterInfo]
2019-05-11 11:06:13.334 DEBUG 8956 --- [kground-preinit] o.a.tomcat.util.digester.Digester.sax    : endElement(,,parameter)
2019-05-11 11:06:13.334 DEBUG 8956 --- [kground-preinit] o.apache.tomcat.util.digester.Digester   :   match='mbeans-descriptors/mbean/operation/parameter'
2019-05-11 11:06:13.334 DEBUG 8956 --- [kground-preinit] o.apache.tomcat.util.digester.Digester   :   bodyText=''
2019-05-11 11:06:13.334 DEBUG 8956 --- [kground-preinit] o.apache.tomcat.util.digester.Digester   :   Fire body() for ObjectCreateRule[className=org.apache.tomcat.util.modeler.ParameterInfo, attributeName=null]
2019-05-11 11:06:13.334 DEBUG 8956 --- [kground-preinit] o.apache.tomcat.util.digester.Digester   :   Fire body() for SetPropertiesRule[]
2019-05-11 11:06:13.334 DEBUG 8956 --- [kground-preinit] o.apache.tomcat.util.digester.Digester   :   Fire body() for SetNextRule[methodName=addParameter, paramType=org.apache.tomcat.util.modeler.ParameterInfo]
2019-05-11 11:06:13.334 DEBUG 8956 --- [kground-preinit] o.apache.tomcat.util.digester.Digester   :   Fire end() for SetNextRule[methodName=addParameter, paramType=org.apache.tomcat.util.modeler.ParameterInfo]
2019-05-11 11:06:13.334 DEBUG 8956 --- [kground-preinit] o.apache.tomcat.util.digester.Digester   : [SetNextRule]{mbeans-descriptors/mbean/operation/parameter} Call org.apache.tomcat.util.modeler.OperationInfo.addParameter(org.apache.tomcat.util.modeler.ParameterInfo@33e0cc21)
2019-05-11 11:06:13.335 DEBUG 8956 --- [kground-preinit] o.apache.tomcat.util.IntrospectionUtils  : IntrospectionUtils: callMethod1 org.apache.tomcat.util.modeler.OperationInfo org.apache.tomcat.util.modeler.ParameterInfo org.apache.tomcat.util.modeler.ParameterInfo
2019-05-11 11:06:13.335 DEBUG 8956 --- [kground-preinit] o.apache.tomcat.util.digester.Digester   :   Fire end() for SetPropertiesRule[]
2019-05-11 11:06:13.335 DEBUG 8956 --- [kground-preinit] o.apache.tomcat.util.digester.Digester   :   Fire end() for ObjectCreateRule[className=org.apache.tomcat.util.modeler.ParameterInfo, attributeName=null]
2019-05-11 11:06:13.335 DEBUG 8956 --- [kground-preinit] o.apache.tomcat.util.digester.Digester   : [ObjectCreateRule]{mbeans-descriptors/mbean/operation/parameter} Pop org.apache.tomcat.util.modeler.ParameterInfo
2019-05-11 11:06:13.335 DEBUG 8956 --- [kground-preinit] o.a.tomcat.util.digester.Digester.sax    : characters(
      )
2019-05-11 11:06:13.338 DEBUG 8956 --- [kground-preinit] o.a.tomcat.util.digester.Digester.sax    : startElement(,,parameter)
2019-05-11 11:06:13.338 DEBUG 8956 --- [kground-preinit] o.apache.tomcat.util.digester.Digester   :   New match='mbeans-descriptors/mbean/operation/parameter'
2019-05-11 11:06:13.338 DEBUG 8956 --- [kground-preinit] o.apache.tomcat.util.digester.Digester   :   Fire begin() for ObjectCreateRule[className=org.apache.tomcat.util.modeler.ParameterInfo, attributeName=null]
2019-05-11 11:06:13.338 DEBUG 8956 --- [kground-preinit] o.apache.tomcat.util.digester.Digester   : [ObjectCreateRule]{mbeans-descriptors/mbean/operation/parameter}New org.apache.tomcat.util.modeler.ParameterInfo
2019-05-11 11:06:13.339 DEBUG 8956 --- [kground-preinit] o.apache.tomcat.util.digester.Digester   :   Fire begin() for SetPropertiesRule[]
2019-05-11 11:06:13.339 DEBUG 8956 --- [kground-preinit] o.apache.tomcat.util.digester.Digester   : [SetPropertiesRule]{mbeans-descriptors/mbean/operation/parameter} Set org.apache.tomcat.util.modeler.ParameterInfo properties
2019-05-11 11:06:13.339 DEBUG 8956 --- [kground-preinit] o.apache.tomcat.util.digester.Digester   : [SetPropertiesRule]{mbeans-descriptors/mbean/operation/parameter} Setting property 'name' to 'mimeType'
2019-05-11 11:06:13.339 DEBUG 8956 --- [kground-preinit] o.apache.tomcat.util.IntrospectionUtils  : IntrospectionUtils: setProperty(class org.apache.tomcat.util.modeler.ParameterInfo name=mimeType)
2019-05-11 11:06:13.339 DEBUG 8956 --- [kground-preinit] o.apache.tomcat.util.digester.Digester   : [SetPropertiesRule]{mbeans-descriptors/mbean/operation/parameter} Setting property 'description' to 'Corresponding MIME type'
2019-05-11 11:06:13.339 DEBUG 8956 --- [kground-preinit] o.apache.tomcat.util.IntrospectionUtils  : IntrospectionUtils: setProperty(class org.apache.tomcat.util.modeler.ParameterInfo description=Corresponding MIME type)
2019-05-11 11:06:13.339 DEBUG 8956 --- [kground-preinit] o.apache.tomcat.util.digester.Digester   : [SetPropertiesRule]{mbeans-descriptors/mbean/operation/parameter} Setting property 'type' to 'java.lang.String'
2019-05-11 11:06:13.339 DEBUG 8956 --- [kground-preinit] o.apache.tomcat.util.IntrospectionUtils  : IntrospectionUtils: setProperty(class org.apache.tomcat.util.modeler.ParameterInfo type=java.lang.String)
2019-05-11 11:06:13.340 DEBUG 8956 --- [kground-preinit] o.apache.tomcat.util.digester.Digester   :   Fire begin() for SetNextRule[methodName=addParameter, paramType=org.apache.tomcat.util.modeler.ParameterInfo]
2019-05-11 11:06:13.340 DEBUG 8956 --- [kground-preinit] o.a.tomcat.util.digester.Digester.sax    : endElement(,,parameter)
2019-05-11 11:06:13.340 DEBUG 8956 --- [kground-preinit] o.apache.tomcat.util.digester.Digester   :   match='mbeans-descriptors/mbean/operation/parameter'
2019-05-11 11:06:13.340 DEBUG 8956 --- [kground-preinit] o.apache.tomcat.util.digester.Digester   :   bodyText=''
2019-05-11 11:06:13.340 DEBUG 8956 --- [kground-preinit] o.apache.tomcat.util.digester.Digester   :   Fire body() for ObjectCreateRule[className=org.apache.tomcat.util.modeler.ParameterInfo, attributeName=null]
2019-05-11 11:06:13.340 DEBUG 8956 --- [kground-preinit] o.apache.tomcat.util.digester.Digester   :   Fire body() for SetPropertiesRule[]
2019-05-11 11:06:13.340 DEBUG 8956 --- [kground-preinit] o.apache.tomcat.util.digester.Digester   :   Fire body() for SetNextRule[methodName=addParameter, paramType=org.apache.tomcat.util.modeler.ParameterInfo]
2019-05-11 11:06:13.341 DEBUG 8956 --- [kground-preinit] o.apache.tomcat.util.digester.Digester   :   Fire end() for SetNextRule[methodName=addParameter, paramType=org.apache.tomcat.util.modeler.ParameterInfo]
2019-05-11 11:06:13.342 DEBUG 8956 --- [kground-preinit] o.apache.tomcat.util.digester.Digester   : [SetNextRule]{mbeans-descriptors/mbean/operation/parameter} Call org.apache.tomcat.util.modeler.OperationInfo.addParameter(org.apache.tomcat.util.modeler.ParameterInfo@95a13e)
2019-05-11 11:06:13.342 DEBUG 8956 --- [kground-preinit] o.apache.tomcat.util.IntrospectionUtils  : IntrospectionUtils: callMethod1 org.apache.tomcat.util.modeler.OperationInfo org.apache.tomcat.util.modeler.ParameterInfo org.apache.tomcat.util.modeler.ParameterInfo
2019-05-11 11:06:13.342 DEBUG 8956 --- [kground-preinit] o.apache.tomcat.util.digester.Digester   :   Fire end() for SetPropertiesRule[]
2019-05-11 11:06:13.342 DEBUG 8956 --- [kground-preinit] o.apache.tomcat.util.digester.Digester   :   Fire end() for ObjectCreateRule[className=org.apache.tomcat.util.modeler.ParameterInfo, attributeName=null]
2019-05-11 11:06:13.342 DEBUG 8956 --- [kground-preinit] o.apache.tomcat.util.digester.Digester   : [ObjectCreateRule]{mbeans-descriptors/mbean/operation/parameter} Pop org.apache.tomcat.util.modeler.ParameterInfo
2019-05-11 11:06:13.342 DEBUG 8956 --- [kground-preinit] o.a.tomcat.util.digester.Digester.sax    : characters(
    )
2019-05-11 11:06:13.342 DEBUG 8956 --- [kground-preinit] o.a.tomcat.util.digester.Digester.sax    : endElement(,,operation)
2019-05-11 11:06:13.343 DEBUG 8956 --- [kground-preinit] o.apache.tomcat.util.digester.Digester   :   match='mbeans-descriptors/mbean/operation'
2019-05-11 11:06:13.343 DEBUG 8956 --- [kground-preinit] o.apache.tomcat.util.digester.Digester   :   bodyText='
      
      
    '
2019-05-11 11:06:13.343 DEBUG 8956 --- [kground-preinit] o.apache.tomcat.util.digester.Digester   :   Fire body() for ObjectCreateRule[className=org.apache.tomcat.util.modeler.OperationInfo, attributeName=null]
2019-05-11 11:06:13.343 DEBUG 8956 --- [kground-preinit] o.apache.tomcat.util.digester.Digester   :   Fire body() for SetPropertiesRule[]
2019-05-11 11:06:13.343 DEBUG 8956 --- [kground-preinit] o.apache.tomcat.util.digester.Digester   :   Fire body() for SetNextRule[methodName=addOperation, paramType=org.apache.tomcat.util.modeler.OperationInfo]
2019-05-11 11:06:13.344 DEBUG 8956 --- [kground-preinit] o.apache.tomcat.util.digester.Digester   :   Fire end() for SetNextRule[methodName=addOperation, paramType=org.apache.tomcat.util.modeler.OperationInfo]
2019-05-11 11:06:13.344 DEBUG 8956 --- [kground-preinit] o.apache.tomcat.util.digester.Digester   : [SetNextRule]{mbeans-descriptors/mbean/operation} Call org.apache.tomcat.util.modeler.ManagedBean.addOperation(org.apache.tomcat.util.modeler.OperationInfo@243076d4)
2019-05-11 11:06:13.344 DEBUG 8956 --- [kground-preinit] o.apache.tomcat.util.IntrospectionUtils  : IntrospectionUtils: callMethod1 org.apache.tomcat.util.modeler.ManagedBean org.apache.tomcat.util.modeler.OperationInfo org.apache.tomcat.util.modeler.OperationInfo
2019-05-11 11:06:13.344 DEBUG 8956 --- [kground-preinit] o.apache.tomcat.util.digester.Digester   :   Fire end() for SetPropertiesRule[]
2019-05-11 11:06:13.344 DEBUG 8956 --- [kground-preinit] o.apache.tomcat.util.digester.Digester   :   Fire end() for ObjectCreateRule[className=org.apache.tomcat.util.modeler.OperationInfo, attributeName=null]
2019-05-11 11:06:13.344 DEBUG 8956 --- [kground-preinit] o.apache.tomcat.util.digester.Digester   : [ObjectCreateRule]{mbeans-descriptors/mbean/operation} Pop org.apache.tomcat.util.modeler.OperationInfo
2019-05-11 11:06:13.345 DEBUG 8956 --- [kground-preinit] o.a.tomcat.util.digester.Digester.sax    : characters(

    )
2019-05-11 11:06:13.345 DEBUG 8956 --- [kground-preinit] o.a.tomcat.util.digester.Digester.sax    : startElement(,,operation)
2019-05-11 11:06:13.345 DEBUG 8956 --- [kground-preinit] o.apache.tomcat.util.digester.Digester   :   New match='mbeans-descriptors/mbean/operation'
2019-05-11 11:06:13.347 DEBUG 8956 --- [kground-preinit] o.apache.tomcat.util.digester.Digester   :   Fire begin() for ObjectCreateRule[className=org.apache.tomcat.util.modeler.OperationInfo, attributeName=null]
2019-05-11 11:06:13.347 DEBUG 8956 --- [kground-preinit] o.apache.tomcat.util.digester.Digester   : [ObjectCreateRule]{mbeans-descriptors/mbean/operation}New org.apache.tomcat.util.modeler.OperationInfo
2019-05-11 11:06:13.347 DEBUG 8956 --- [kground-preinit] o.apache.tomcat.util.digester.Digester   :   Fire begin() for SetPropertiesRule[]
2019-05-11 11:06:13.347 DEBUG 8956 --- [kground-preinit] o.apache.tomcat.util.digester.Digester   : [SetPropertiesRule]{mbeans-descriptors/mbean/operation} Set org.apache.tomcat.util.modeler.OperationInfo properties
2019-05-11 11:06:13.347 DEBUG 8956 --- [kground-preinit] o.apache.tomcat.util.digester.Digester   : [SetPropertiesRule]{mbeans-descriptors/mbean/operation} Setting property 'name' to 'addParameter'
2019-05-11 11:06:13.347 DEBUG 8956 --- [kground-preinit] o.apache.tomcat.util.IntrospectionUtils  : IntrospectionUtils: setProperty(class org.apache.tomcat.util.modeler.OperationInfo name=addParameter)
2019-05-11 11:06:13.348 DEBUG 8956 --- [kground-preinit] o.apache.tomcat.util.digester.Digester   : [SetPropertiesRule]{mbeans-descriptors/mbean/operation} Setting property 'description' to 'Add a new context initialization parameter, replacing any existing value for the specified name.'
2019-05-11 11:06:13.348 DEBUG 8956 --- [kground-preinit] o.apache.tomcat.util.IntrospectionUtils  : IntrospectionUtils: setProperty(class org.apache.tomcat.util.modeler.OperationInfo description=Add a new context initialization parameter, replacing any existing value for the specified name.)
2019-05-11 11:06:13.348 DEBUG 8956 --- [kground-preinit] o.apache.tomcat.util.digester.Digester   : [SetPropertiesRule]{mbeans-descriptors/mbean/operation} Setting property 'impact' to 'ACTION'
2019-05-11 11:06:13.348 DEBUG 8956 --- [kground-preinit] o.apache.tomcat.util.IntrospectionUtils  : IntrospectionUtils: setProperty(class org.apache.tomcat.util.modeler.OperationInfo impact=ACTION)
2019-05-11 11:06:13.348 DEBUG 8956 --- [kground-preinit] o.apache.tomcat.util.digester.Digester   : [SetPropertiesRule]{mbeans-descriptors/mbean/operation} Setting property 'returnType' to 'void'
2019-05-11 11:06:13.348 DEBUG 8956 --- [kground-preinit] o.apache.tomcat.util.IntrospectionUtils  : IntrospectionUtils: setProperty(class org.apache.tomcat.util.modeler.OperationInfo returnType=void)
2019-05-11 11:06:13.348 DEBUG 8956 --- [kground-preinit] o.apache.tomcat.util.digester.Digester   :   Fire begin() for SetNextRule[methodName=addOperation, paramType=org.apache.tomcat.util.modeler.OperationInfo]
2019-05-11 11:06:13.348 DEBUG 8956 --- [kground-preinit] o.a.tomcat.util.digester.Digester.sax    : characters(
      )
2019-05-11 11:06:13.349 DEBUG 8956 --- [kground-preinit] o.a.tomcat.util.digester.Digester.sax    : startElement(,,parameter)
2019-05-11 11:06:13.349 DEBUG 8956 --- [kground-preinit] o.apache.tomcat.util.digester.Digester   :   New match='mbeans-descriptors/mbean/operation/parameter'
2019-05-11 11:06:13.349 DEBUG 8956 --- [kground-preinit] o.apache.tomcat.util.digester.Digester   :   Fire begin() for ObjectCreateRule[className=org.apache.tomcat.util.modeler.ParameterInfo, attributeName=null]
2019-05-11 11:06:13.349 DEBUG 8956 --- [kground-preinit] o.apache.tomcat.util.digester.Digester   : [ObjectCreateRule]{mbeans-descriptors/mbean/operation/parameter}New org.apache.tomcat.util.modeler.ParameterInfo
2019-05-11 11:06:13.350 DEBUG 8956 --- [kground-preinit] o.apache.tomcat.util.digester.Digester   :   Fire begin() for SetPropertiesRule[]
2019-05-11 11:06:13.350 DEBUG 8956 --- [kground-preinit] o.apache.tomcat.util.digester.Digester   : [SetPropertiesRule]{mbeans-descriptors/mbean/operation/parameter} Set org.apache.tomcat.util.modeler.ParameterInfo properties
2019-05-11 11:06:13.350 DEBUG 8956 --- [kground-preinit] o.apache.tomcat.util.digester.Digester   : [SetPropertiesRule]{mbeans-descriptors/mbean/operation/parameter} Setting property 'name' to 'name'
2019-05-11 11:06:13.350 DEBUG 8956 --- [kground-preinit] o.apache.tomcat.util.IntrospectionUtils  : IntrospectionUtils: setProperty(class org.apache.tomcat.util.modeler.ParameterInfo name=name)
2019-05-11 11:06:13.350 DEBUG 8956 --- [kground-preinit] o.apache.tomcat.util.digester.Digester   : [SetPropertiesRule]{mbeans-descriptors/mbean/operation/parameter} Setting property 'description' to 'Name of the new parameter'
2019-05-11 11:06:13.350 DEBUG 8956 --- [kground-preinit] o.apache.tomcat.util.IntrospectionUtils  : IntrospectionUtils: setProperty(class org.apache.tomcat.util.modeler.ParameterInfo description=Name of the new parameter)
2019-05-11 11:06:13.350 DEBUG 8956 --- [kground-preinit] o.apache.tomcat.util.digester.Digester   : [SetPropertiesRule]{mbeans-descriptors/mbean/operation/parameter} Setting property 'type' to 'java.lang.String'
2019-05-11 11:06:13.350 DEBUG 8956 --- [kground-preinit] o.apache.tomcat.util.IntrospectionUtils  : IntrospectionUtils: setProperty(class org.apache.tomcat.util.modeler.ParameterInfo type=java.lang.String)
2019-05-11 11:06:13.350 DEBUG 8956 --- [kground-preinit] o.apache.tomcat.util.digester.Digester   :   Fire begin() for SetNextRule[methodName=addParameter, paramType=org.apache.tomcat.util.modeler.ParameterInfo]
2019-05-11 11:06:13.351 DEBUG 8956 --- [kground-preinit] o.a.tomcat.util.digester.Digester.sax    : endElement(,,parameter)
2019-05-11 11:06:13.351 DEBUG 8956 --- [kground-preinit] o.apache.tomcat.util.digester.Digester   :   match='mbeans-descriptors/mbean/operation/parameter'
2019-05-11 11:06:13.351 DEBUG 8956 --- [kground-preinit] o.apache.tomcat.util.digester.Digester   :   bodyText=''
2019-05-11 11:06:13.351 DEBUG 8956 --- [kground-preinit] o.apache.tomcat.util.digester.Digester   :   Fire body() for ObjectCreateRule[className=org.apache.tomcat.util.modeler.ParameterInfo, attributeName=null]
2019-05-11 11:06:13.351 DEBUG 8956 --- [kground-preinit] o.apache.tomcat.util.digester.Digester   :   Fire body() for SetPropertiesRule[]
2019-05-11 11:06:13.351 DEBUG 8956 --- [kground-preinit] o.apache.tomcat.util.digester.Digester   :   Fire body() for SetNextRule[methodName=addParameter, paramType=org.apache.tomcat.util.modeler.ParameterInfo]
2019-05-11 11:06:13.351 DEBUG 8956 --- [kground-preinit] o.apache.tomcat.util.digester.Digester   :   Fire end() for SetNextRule[methodName=addParameter, paramType=org.apache.tomcat.util.modeler.ParameterInfo]
2019-05-11 11:06:13.351 DEBUG 8956 --- [kground-preinit] o.apache.tomcat.util.digester.Digester   : [SetNextRule]{mbeans-descriptors/mbean/operation/parameter} Call org.apache.tomcat.util.modeler.OperationInfo.addParameter(org.apache.tomcat.util.modeler.ParameterInfo@2e04c000)
2019-05-11 11:06:13.351 DEBUG 8956 --- [kground-preinit] o.apache.tomcat.util.IntrospectionUtils  : IntrospectionUtils: callMethod1 org.apache.tomcat.util.modeler.OperationInfo org.apache.tomcat.util.modeler.ParameterInfo org.apache.tomcat.util.modeler.ParameterInfo
2019-05-11 11:06:13.351 DEBUG 8956 --- [kground-preinit] o.apache.tomcat.util.digester.Digester   :   Fire end() for SetPropertiesRule[]
2019-05-11 11:06:13.351 DEBUG 8956 --- [kground-preinit] o.apache.tomcat.util.digester.Digester   :   Fire end() for ObjectCreateRule[className=org.apache.tomcat.util.modeler.ParameterInfo, attributeName=null]
2019-05-11 11:06:13.352 DEBUG 8956 --- [kground-preinit] o.apache.tomcat.util.digester.Digester   : [ObjectCreateRule]{mbeans-descriptors/mbean/operation/parameter} Pop org.apache.tomcat.util.modeler.ParameterInfo
2019-05-11 11:06:13.352 DEBUG 8956 --- [kground-preinit] o.a.tomcat.util.digester.Digester.sax    : characters(
      )
2019-05-11 11:06:13.352 DEBUG 8956 --- [kground-preinit] o.a.tomcat.util.digester.Digester.sax    : startElement(,,parameter)
2019-05-11 11:06:13.352 DEBUG 8956 --- [kground-preinit] o.apache.tomcat.util.digester.Digester   :   New match='mbeans-descriptors/mbean/operation/parameter'
2019-05-11 11:06:13.352 DEBUG 8956 --- [kground-preinit] o.apache.tomcat.util.digester.Digester   :   Fire begin() for ObjectCreateRule[className=org.apache.tomcat.util.modeler.ParameterInfo, attributeName=null]
2019-05-11 11:06:13.352 DEBUG 8956 --- [kground-preinit] o.apache.tomcat.util.digester.Digester   : [ObjectCreateRule]{mbeans-descriptors/mbean/operation/parameter}New org.apache.tomcat.util.modeler.ParameterInfo
2019-05-11 11:06:13.352 DEBUG 8956 --- [           main] a.ConfigurationClassBeanDefinitionReader : Registering bean definition for @Bean method org.springframework.boot.autoconfigure.context.PropertyPlaceholderAutoConfiguration.propertySourcesPlaceholderConfigurer()
2019-05-11 11:06:13.352 DEBUG 8956 --- [kground-preinit] o.apache.tomcat.util.digester.Digester   :   Fire begin() for SetPropertiesRule[]
2019-05-11 11:06:13.352 DEBUG 8956 --- [kground-preinit] o.apache.tomcat.util.digester.Digester   : [SetPropertiesRule]{mbeans-descriptors/mbean/operation/parameter} Set org.apache.tomcat.util.modeler.ParameterInfo properties
2019-05-11 11:06:13.353 DEBUG 8956 --- [kground-preinit] o.apache.tomcat.util.digester.Digester   : [SetPropertiesRule]{mbeans-descriptors/mbean/operation/parameter} Setting property 'name' to 'value'
2019-05-11 11:06:13.353 DEBUG 8956 --- [kground-preinit] o.apache.tomcat.util.IntrospectionUtils  : IntrospectionUtils: setProperty(class org.apache.tomcat.util.modeler.ParameterInfo name=value)
2019-05-11 11:06:13.353 DEBUG 8956 --- [           main] o.s.b.f.s.DefaultListableBeanFactory     : Returning cached instance of singleton bean 'autoConfigurationReport'
2019-05-11 11:06:13.353 DEBUG 8956 --- [kground-preinit] o.apache.tomcat.util.digester.Digester   : [SetPropertiesRule]{mbeans-descriptors/mbean/operation/parameter} Setting property 'description' to 'Value of the new  parameter'
2019-05-11 11:06:13.353 DEBUG 8956 --- [kground-preinit] o.apache.tomcat.util.IntrospectionUtils  : IntrospectionUtils: setProperty(class org.apache.tomcat.util.modeler.ParameterInfo description=Value of the new  parameter)
2019-05-11 11:06:13.353 DEBUG 8956 --- [           main] o.s.b.f.s.DefaultListableBeanFactory     : Returning cached instance of singleton bean 'autoConfigurationReport'
2019-05-11 11:06:13.354 DEBUG 8956 --- [kground-preinit] o.apache.tomcat.util.digester.Digester   : [SetPropertiesRule]{mbeans-descriptors/mbean/operation/parameter} Setting property 'type' to 'java.lang.String'
2019-05-11 11:06:13.354 DEBUG 8956 --- [kground-preinit] o.apache.tomcat.util.IntrospectionUtils  : IntrospectionUtils: setProperty(class org.apache.tomcat.util.modeler.ParameterInfo type=java.lang.String)
2019-05-11 11:06:13.354 DEBUG 8956 --- [kground-preinit] o.apache.tomcat.util.digester.Digester   :   Fire begin() for SetNextRule[methodName=addParameter, paramType=org.apache.tomcat.util.modeler.ParameterInfo]
2019-05-11 11:06:13.354 DEBUG 8956 --- [kground-preinit] o.a.tomcat.util.digester.Digester.sax    : endElement(,,parameter)
2019-05-11 11:06:13.354 DEBUG 8956 --- [kground-preinit] o.apache.tomcat.util.digester.Digester   :   match='mbeans-descriptors/mbean/operation/parameter'
2019-05-11 11:06:13.354 DEBUG 8956 --- [kground-preinit] o.apache.tomcat.util.digester.Digester   :   bodyText=''
2019-05-11 11:06:13.354 DEBUG 8956 --- [           main] a.ConfigurationClassBeanDefinitionReader : Registered bean definition for imported class 'org.springframework.boot.autoconfigure.jackson.JacksonAutoConfiguration$Jackson2ObjectMapperBuilderCustomizerConfiguration'
2019-05-11 11:06:13.354 DEBUG 8956 --- [kground-preinit] o.apache.tomcat.util.digester.Digester   :   Fire body() for ObjectCreateRule[className=org.apache.tomcat.util.modeler.ParameterInfo, attributeName=null]
2019-05-11 11:06:13.354 DEBUG 8956 --- [           main] a.ConfigurationClassBeanDefinitionReader : Registering bean definition for @Bean method org.springframework.boot.autoconfigure.jackson.JacksonAutoConfiguration$Jackson2ObjectMapperBuilderCustomizerConfiguration.standardJacksonObjectMapperBuilderCustomizer()
2019-05-11 11:06:13.354 DEBUG 8956 --- [kground-preinit] o.apache.tomcat.util.digester.Digester   :   Fire body() for SetPropertiesRule[]
2019-05-11 11:06:13.355 DEBUG 8956 --- [kground-preinit] o.apache.tomcat.util.digester.Digester   :   Fire body() for SetNextRule[methodName=addParameter, paramType=org.apache.tomcat.util.modeler.ParameterInfo]
2019-05-11 11:06:13.355 DEBUG 8956 --- [kground-preinit] o.apache.tomcat.util.digester.Digester   :   Fire end() for SetNextRule[methodName=addParameter, paramType=org.apache.tomcat.util.modeler.ParameterInfo]
2019-05-11 11:06:13.355 DEBUG 8956 --- [kground-preinit] o.apache.tomcat.util.digester.Digester   : [SetNextRule]{mbeans-descriptors/mbean/operation/parameter} Call org.apache.tomcat.util.modeler.OperationInfo.addParameter(org.apache.tomcat.util.modeler.ParameterInfo@1bb08025)
2019-05-11 11:06:13.355 DEBUG 8956 --- [kground-preinit] o.apache.tomcat.util.IntrospectionUtils  : IntrospectionUtils: callMethod1 org.apache.tomcat.util.modeler.OperationInfo org.apache.tomcat.util.modeler.ParameterInfo org.apache.tomcat.util.modeler.ParameterInfo
2019-05-11 11:06:13.356 DEBUG 8956 --- [kground-preinit] o.apache.tomcat.util.digester.Digester   :   Fire end() for SetPropertiesRule[]
2019-05-11 11:06:13.356 DEBUG 8956 --- [kground-preinit] o.apache.tomcat.util.digester.Digester   :   Fire end() for ObjectCreateRule[className=org.apache.tomcat.util.modeler.ParameterInfo, attributeName=null]
2019-05-11 11:06:13.356 DEBUG 8956 --- [kground-preinit] o.apache.tomcat.util.digester.Digester   : [ObjectCreateRule]{mbeans-descriptors/mbean/operation/parameter} Pop org.apache.tomcat.util.modeler.ParameterInfo
2019-05-11 11:06:13.356 DEBUG 8956 --- [kground-preinit] o.a.tomcat.util.digester.Digester.sax    : characters(
    )
2019-05-11 11:06:13.356 DEBUG 8956 --- [kground-preinit] o.a.tomcat.util.digester.Digester.sax    : endElement(,,operation)
2019-05-11 11:06:13.356 DEBUG 8956 --- [kground-preinit] o.apache.tomcat.util.digester.Digester   :   match='mbeans-descriptors/mbean/operation'
2019-05-11 11:06:13.357 DEBUG 8956 --- [kground-preinit] o.apache.tomcat.util.digester.Digester   :   bodyText='
      
      
    '
2019-05-11 11:06:13.357 DEBUG 8956 --- [kground-preinit] o.apache.tomcat.util.digester.Digester   :   Fire body() for ObjectCreateRule[className=org.apache.tomcat.util.modeler.OperationInfo, attributeName=null]
2019-05-11 11:06:13.357 DEBUG 8956 --- [kground-preinit] o.apache.tomcat.util.digester.Digester   :   Fire body() for SetPropertiesRule[]
2019-05-11 11:06:13.357 DEBUG 8956 --- [kground-preinit] o.apache.tomcat.util.digester.Digester   :   Fire body() for SetNextRule[methodName=addOperation, paramType=org.apache.tomcat.util.modeler.OperationInfo]
2019-05-11 11:06:13.357 DEBUG 8956 --- [kground-preinit] o.apache.tomcat.util.digester.Digester   :   Fire end() for SetNextRule[methodName=addOperation, paramType=org.apache.tomcat.util.modeler.OperationInfo]
2019-05-11 11:06:13.357 DEBUG 8956 --- [kground-preinit] o.apache.tomcat.util.digester.Digester   : [SetNextRule]{mbeans-descriptors/mbean/operation} Call org.apache.tomcat.util.modeler.ManagedBean.addOperation(org.apache.tomcat.util.modeler.OperationInfo@36814e3c)
2019-05-11 11:06:13.357 DEBUG 8956 --- [kground-preinit] o.apache.tomcat.util.IntrospectionUtils  : IntrospectionUtils: callMethod1 org.apache.tomcat.util.modeler.ManagedBean org.apache.tomcat.util.modeler.OperationInfo org.apache.tomcat.util.modeler.OperationInfo
2019-05-11 11:06:13.358 DEBUG 8956 --- [kground-preinit] o.apache.tomcat.util.digester.Digester   :   Fire end() for SetPropertiesRule[]
2019-05-11 11:06:13.358 DEBUG 8956 --- [kground-preinit] o.apache.tomcat.util.digester.Digester   :   Fire end() for ObjectCreateRule[className=org.apache.tomcat.util.modeler.OperationInfo, attributeName=null]
2019-05-11 11:06:13.358 DEBUG 8956 --- [kground-preinit] o.apache.tomcat.util.digester.Digester   : [ObjectCreateRule]{mbeans-descriptors/mbean/operation} Pop org.apache.tomcat.util.modeler.OperationInfo
2019-05-11 11:06:13.358 DEBUG 8956 --- [kground-preinit] o.a.tomcat.util.digester.Digester.sax    : characters(

    )
2019-05-11 11:06:13.358 DEBUG 8956 --- [kground-preinit] o.a.tomcat.util.digester.Digester.sax    : startElement(,,operation)
2019-05-11 11:06:13.358 DEBUG 8956 --- [kground-preinit] o.apache.tomcat.util.digester.Digester   :   New match='mbeans-descriptors/mbean/operation'
2019-05-11 11:06:13.358 DEBUG 8956 --- [kground-preinit] o.apache.tomcat.util.digester.Digester   :   Fire begin() for ObjectCreateRule[className=org.apache.tomcat.util.modeler.OperationInfo, attributeName=null]
2019-05-11 11:06:13.358 DEBUG 8956 --- [kground-preinit] o.apache.tomcat.util.digester.Digester   : [ObjectCreateRule]{mbeans-descriptors/mbean/operation}New org.apache.tomcat.util.modeler.OperationInfo
2019-05-11 11:06:13.358 DEBUG 8956 --- [kground-preinit] o.apache.tomcat.util.digester.Digester   :   Fire begin() for SetPropertiesRule[]
2019-05-11 11:06:13.358 DEBUG 8956 --- [kground-preinit] o.apache.tomcat.util.digester.Digester   : [SetPropertiesRule]{mbeans-descriptors/mbean/operation} Set org.apache.tomcat.util.modeler.OperationInfo properties
2019-05-11 11:06:13.358 DEBUG 8956 --- [kground-preinit] o.apache.tomcat.util.digester.Digester   : [SetPropertiesRule]{mbeans-descriptors/mbean/operation} Setting property 'name' to 'addRoleMapping'
2019-05-11 11:06:13.359 DEBUG 8956 --- [kground-preinit] o.apache.tomcat.util.IntrospectionUtils  : IntrospectionUtils: setProperty(class org.apache.tomcat.util.modeler.OperationInfo name=addRoleMapping)
2019-05-11 11:06:13.359 DEBUG 8956 --- [kground-preinit] o.apache.tomcat.util.digester.Digester   : [SetPropertiesRule]{mbeans-descriptors/mbean/operation} Setting property 'description' to 'Add a security role reference for this web application.'
2019-05-11 11:06:13.359 DEBUG 8956 --- [kground-preinit] o.apache.tomcat.util.IntrospectionUtils  : IntrospectionUtils: setProperty(class org.apache.tomcat.util.modeler.OperationInfo description=Add a security role reference for this web application.)
2019-05-11 11:06:13.359 DEBUG 8956 --- [kground-preinit] o.apache.tomcat.util.digester.Digester   : [SetPropertiesRule]{mbeans-descriptors/mbean/operation} Setting property 'impact' to 'ACTION'
2019-05-11 11:06:13.359 DEBUG 8956 --- [kground-preinit] o.apache.tomcat.util.IntrospectionUtils  : IntrospectionUtils: setProperty(class org.apache.tomcat.util.modeler.OperationInfo impact=ACTION)
2019-05-11 11:06:13.359 DEBUG 8956 --- [kground-preinit] o.apache.tomcat.util.digester.Digester   : [SetPropertiesRule]{mbeans-descriptors/mbean/operation} Setting property 'returnType' to 'void'
2019-05-11 11:06:13.359 DEBUG 8956 --- [kground-preinit] o.apache.tomcat.util.IntrospectionUtils  : IntrospectionUtils: setProperty(class org.apache.tomcat.util.modeler.OperationInfo returnType=void)
2019-05-11 11:06:13.359 DEBUG 8956 --- [kground-preinit] o.apache.tomcat.util.digester.Digester   :   Fire begin() for SetNextRule[methodName=addOperation, paramType=org.apache.tomcat.util.modeler.OperationInfo]
2019-05-11 11:06:13.359 DEBUG 8956 --- [kground-preinit] o.a.tomcat.util.digester.Digester.sax    : characters(
      )
2019-05-11 11:06:13.359 DEBUG 8956 --- [kground-preinit] o.a.tomcat.util.digester.Digester.sax    : startElement(,,parameter)
2019-05-11 11:06:13.360 DEBUG 8956 --- [kground-preinit] o.apache.tomcat.util.digester.Digester   :   New match='mbeans-descriptors/mbean/operation/parameter'
2019-05-11 11:06:13.360 DEBUG 8956 --- [kground-preinit] o.apache.tomcat.util.digester.Digester   :   Fire begin() for ObjectCreateRule[className=org.apache.tomcat.util.modeler.ParameterInfo, attributeName=null]
2019-05-11 11:06:13.360 DEBUG 8956 --- [kground-preinit] o.apache.tomcat.util.digester.Digester   : [ObjectCreateRule]{mbeans-descriptors/mbean/operation/parameter}New org.apache.tomcat.util.modeler.ParameterInfo
2019-05-11 11:06:13.360 DEBUG 8956 --- [kground-preinit] o.apache.tomcat.util.digester.Digester   :   Fire begin() for SetPropertiesRule[]
2019-05-11 11:06:13.360 DEBUG 8956 --- [kground-preinit] o.apache.tomcat.util.digester.Digester   : [SetPropertiesRule]{mbeans-descriptors/mbean/operation/parameter} Set org.apache.tomcat.util.modeler.ParameterInfo properties
2019-05-11 11:06:13.360 DEBUG 8956 --- [kground-preinit] o.apache.tomcat.util.digester.Digester   : [SetPropertiesRule]{mbeans-descriptors/mbean/operation/parameter} Setting property 'name' to 'role'
2019-05-11 11:06:13.361 DEBUG 8956 --- [kground-preinit] o.apache.tomcat.util.IntrospectionUtils  : IntrospectionUtils: setProperty(class org.apache.tomcat.util.modeler.ParameterInfo name=role)
2019-05-11 11:06:13.361 DEBUG 8956 --- [kground-preinit] o.apache.tomcat.util.digester.Digester   : [SetPropertiesRule]{mbeans-descriptors/mbean/operation/parameter} Setting property 'description' to 'Security role used in the application'
2019-05-11 11:06:13.361 DEBUG 8956 --- [kground-preinit] o.apache.tomcat.util.IntrospectionUtils  : IntrospectionUtils: setProperty(class org.apache.tomcat.util.modeler.ParameterInfo description=Security role used in the application)
2019-05-11 11:06:13.361 DEBUG 8956 --- [kground-preinit] o.apache.tomcat.util.digester.Digester   : [SetPropertiesRule]{mbeans-descriptors/mbean/operation/parameter} Setting property 'type' to 'java.lang.String'
2019-05-11 11:06:13.361 DEBUG 8956 --- [kground-preinit] o.apache.tomcat.util.IntrospectionUtils  : IntrospectionUtils: setProperty(class org.apache.tomcat.util.modeler.ParameterInfo type=java.lang.String)
2019-05-11 11:06:13.361 DEBUG 8956 --- [kground-preinit] o.apache.tomcat.util.digester.Digester   :   Fire begin() for SetNextRule[methodName=addParameter, paramType=org.apache.tomcat.util.modeler.ParameterInfo]
2019-05-11 11:06:13.362 DEBUG 8956 --- [kground-preinit] o.a.tomcat.util.digester.Digester.sax    : endElement(,,parameter)
2019-05-11 11:06:13.362 DEBUG 8956 --- [kground-preinit] o.apache.tomcat.util.digester.Digester   :   match='mbeans-descriptors/mbean/operation/parameter'
2019-05-11 11:06:13.362 DEBUG 8956 --- [kground-preinit] o.apache.tomcat.util.digester.Digester   :   bodyText=''
2019-05-11 11:06:13.362 DEBUG 8956 --- [kground-preinit] o.apache.tomcat.util.digester.Digester   :   Fire body() for ObjectCreateRule[className=org.apache.tomcat.util.modeler.ParameterInfo, attributeName=null]
2019-05-11 11:06:13.362 DEBUG 8956 --- [kground-preinit] o.apache.tomcat.util.digester.Digester   :   Fire body() for SetPropertiesRule[]
2019-05-11 11:06:13.362 DEBUG 8956 --- [kground-preinit] o.apache.tomcat.util.digester.Digester   :   Fire body() for SetNextRule[methodName=addParameter, paramType=org.apache.tomcat.util.modeler.ParameterInfo]
2019-05-11 11:06:13.362 DEBUG 8956 --- [kground-preinit] o.apache.tomcat.util.digester.Digester   :   Fire end() for SetNextRule[methodName=addParameter, paramType=org.apache.tomcat.util.modeler.ParameterInfo]
2019-05-11 11:06:13.363 DEBUG 8956 --- [kground-preinit] o.apache.tomcat.util.digester.Digester   : [SetNextRule]{mbeans-descriptors/mbean/operation/parameter} Call org.apache.tomcat.util.modeler.OperationInfo.addParameter(org.apache.tomcat.util.modeler.ParameterInfo@112008ee)
2019-05-11 11:06:13.363 DEBUG 8956 --- [kground-preinit] o.apache.tomcat.util.IntrospectionUtils  : IntrospectionUtils: callMethod1 org.apache.tomcat.util.modeler.OperationInfo org.apache.tomcat.util.modeler.ParameterInfo org.apache.tomcat.util.modeler.ParameterInfo
2019-05-11 11:06:13.363 DEBUG 8956 --- [kground-preinit] o.apache.tomcat.util.digester.Digester   :   Fire end() for SetPropertiesRule[]
2019-05-11 11:06:13.364 DEBUG 8956 --- [kground-preinit] o.apache.tomcat.util.digester.Digester   :   Fire end() for ObjectCreateRule[className=org.apache.tomcat.util.modeler.ParameterInfo, attributeName=null]
2019-05-11 11:06:13.364 DEBUG 8956 --- [kground-preinit] o.apache.tomcat.util.digester.Digester   : [ObjectCreateRule]{mbeans-descriptors/mbean/operation/parameter} Pop org.apache.tomcat.util.modeler.ParameterInfo
2019-05-11 11:06:13.364 DEBUG 8956 --- [kground-preinit] o.a.tomcat.util.digester.Digester.sax    : characters(
      )
2019-05-11 11:06:13.364 DEBUG 8956 --- [kground-preinit] o.a.tomcat.util.digester.Digester.sax    : startElement(,,parameter)
2019-05-11 11:06:13.364 DEBUG 8956 --- [kground-preinit] o.apache.tomcat.util.digester.Digester   :   New match='mbeans-descriptors/mbean/operation/parameter'
2019-05-11 11:06:13.364 DEBUG 8956 --- [kground-preinit] o.apache.tomcat.util.digester.Digester   :   Fire begin() for ObjectCreateRule[className=org.apache.tomcat.util.modeler.ParameterInfo, attributeName=null]
2019-05-11 11:06:13.364 DEBUG 8956 --- [kground-preinit] o.apache.tomcat.util.digester.Digester   : [ObjectCreateRule]{mbeans-descriptors/mbean/operation/parameter}New org.apache.tomcat.util.modeler.ParameterInfo
2019-05-11 11:06:13.365 DEBUG 8956 --- [kground-preinit] o.apache.tomcat.util.digester.Digester   :   Fire begin() for SetPropertiesRule[]
2019-05-11 11:06:13.365 DEBUG 8956 --- [kground-preinit] o.apache.tomcat.util.digester.Digester   : [SetPropertiesRule]{mbeans-descriptors/mbean/operation/parameter} Set org.apache.tomcat.util.modeler.ParameterInfo properties
2019-05-11 11:06:13.365 DEBUG 8956 --- [kground-preinit] o.apache.tomcat.util.digester.Digester   : [SetPropertiesRule]{mbeans-descriptors/mbean/operation/parameter} Setting property 'name' to 'link'
2019-05-11 11:06:13.365 DEBUG 8956 --- [kground-preinit] o.apache.tomcat.util.IntrospectionUtils  : IntrospectionUtils: setProperty(class org.apache.tomcat.util.modeler.ParameterInfo name=link)
2019-05-11 11:06:13.365 DEBUG 8956 --- [kground-preinit] o.apache.tomcat.util.digester.Digester   : [SetPropertiesRule]{mbeans-descriptors/mbean/operation/parameter} Setting property 'description' to 'Actual security role to check for'
2019-05-11 11:06:13.365 DEBUG 8956 --- [kground-preinit] o.apache.tomcat.util.IntrospectionUtils  : IntrospectionUtils: setProperty(class org.apache.tomcat.util.modeler.ParameterInfo description=Actual security role to check for)
2019-05-11 11:06:13.365 DEBUG 8956 --- [kground-preinit] o.apache.tomcat.util.digester.Digester   : [SetPropertiesRule]{mbeans-descriptors/mbean/operation/parameter} Setting property 'type' to 'java.lang.String'
2019-05-11 11:06:13.365 DEBUG 8956 --- [kground-preinit] o.apache.tomcat.util.IntrospectionUtils  : IntrospectionUtils: setProperty(class org.apache.tomcat.util.modeler.ParameterInfo type=java.lang.String)
2019-05-11 11:06:13.365 DEBUG 8956 --- [kground-preinit] o.apache.tomcat.util.digester.Digester   :   Fire begin() for SetNextRule[methodName=addParameter, paramType=org.apache.tomcat.util.modeler.ParameterInfo]
2019-05-11 11:06:13.365 DEBUG 8956 --- [kground-preinit] o.a.tomcat.util.digester.Digester.sax    : endElement(,,parameter)
2019-05-11 11:06:13.365 DEBUG 8956 --- [kground-preinit] o.apache.tomcat.util.digester.Digester   :   match='mbeans-descriptors/mbean/operation/parameter'
2019-05-11 11:06:13.366 DEBUG 8956 --- [kground-preinit] o.apache.tomcat.util.digester.Digester   :   bodyText=''
2019-05-11 11:06:13.366 DEBUG 8956 --- [kground-preinit] o.apache.tomcat.util.digester.Digester   :   Fire body() for ObjectCreateRule[className=org.apache.tomcat.util.modeler.ParameterInfo, attributeName=null]
2019-05-11 11:06:13.366 DEBUG 8956 --- [kground-preinit] o.apache.tomcat.util.digester.Digester   :   Fire body() for SetPropertiesRule[]
2019-05-11 11:06:13.366 DEBUG 8956 --- [kground-preinit] o.apache.tomcat.util.digester.Digester   :   Fire body() for SetNextRule[methodName=addParameter, paramType=org.apache.tomcat.util.modeler.ParameterInfo]
2019-05-11 11:06:13.366 DEBUG 8956 --- [kground-preinit] o.apache.tomcat.util.digester.Digester   :   Fire end() for SetNextRule[methodName=addParameter, paramType=org.apache.tomcat.util.modeler.ParameterInfo]
2019-05-11 11:06:13.366 DEBUG 8956 --- [kground-preinit] o.apache.tomcat.util.digester.Digester   : [SetNextRule]{mbeans-descriptors/mbean/operation/parameter} Call org.apache.tomcat.util.modeler.OperationInfo.addParameter(org.apache.tomcat.util.modeler.ParameterInfo@192cde0a)
2019-05-11 11:06:13.366 DEBUG 8956 --- [kground-preinit] o.apache.tomcat.util.IntrospectionUtils  : IntrospectionUtils: callMethod1 org.apache.tomcat.util.modeler.OperationInfo org.apache.tomcat.util.modeler.ParameterInfo org.apache.tomcat.util.modeler.ParameterInfo
2019-05-11 11:06:13.366 DEBUG 8956 --- [kground-preinit] o.apache.tomcat.util.digester.Digester   :   Fire end() for SetPropertiesRule[]
2019-05-11 11:06:13.366 DEBUG 8956 --- [kground-preinit] o.apache.tomcat.util.digester.Digester   :   Fire end() for ObjectCreateRule[className=org.apache.tomcat.util.modeler.ParameterInfo, attributeName=null]
2019-05-11 11:06:13.366 DEBUG 8956 --- [kground-preinit] o.apache.tomcat.util.digester.Digester   : [ObjectCreateRule]{mbeans-descriptors/mbean/operation/parameter} Pop org.apache.tomcat.util.modeler.ParameterInfo
2019-05-11 11:06:13.366 DEBUG 8956 --- [kground-preinit] o.a.tomcat.util.digester.Digester.sax    : characters(
    )
2019-05-11 11:06:13.366 DEBUG 8956 --- [kground-preinit] o.a.tomcat.util.digester.Digester.sax    : endElement(,,operation)
2019-05-11 11:06:13.366 DEBUG 8956 --- [kground-preinit] o.apache.tomcat.util.digester.Digester   :   match='mbeans-descriptors/mbean/operation'
2019-05-11 11:06:13.367 DEBUG 8956 --- [kground-preinit] o.apache.tomcat.util.digester.Digester   :   bodyText='
      
      
    '
2019-05-11 11:06:13.367 DEBUG 8956 --- [kground-preinit] o.apache.tomcat.util.digester.Digester   :   Fire body() for ObjectCreateRule[className=org.apache.tomcat.util.modeler.OperationInfo, attributeName=null]
2019-05-11 11:06:13.367 DEBUG 8956 --- [kground-preinit] o.apache.tomcat.util.digester.Digester   :   Fire body() for SetPropertiesRule[]
2019-05-11 11:06:13.367 DEBUG 8956 --- [kground-preinit] o.apache.tomcat.util.digester.Digester   :   Fire body() for SetNextRule[methodName=addOperation, paramType=org.apache.tomcat.util.modeler.OperationInfo]
2019-05-11 11:06:13.367 DEBUG 8956 --- [kground-preinit] o.apache.tomcat.util.digester.Digester   :   Fire end() for SetNextRule[methodName=addOperation, paramType=org.apache.tomcat.util.modeler.OperationInfo]
2019-05-11 11:06:13.367 DEBUG 8956 --- [kground-preinit] o.apache.tomcat.util.digester.Digester   : [SetNextRule]{mbeans-descriptors/mbean/operation} Call org.apache.tomcat.util.modeler.ManagedBean.addOperation(org.apache.tomcat.util.modeler.OperationInfo@602d4a2)
2019-05-11 11:06:13.367 DEBUG 8956 --- [kground-preinit] o.apache.tomcat.util.IntrospectionUtils  : IntrospectionUtils: callMethod1 org.apache.tomcat.util.modeler.ManagedBean org.apache.tomcat.util.modeler.OperationInfo org.apache.tomcat.util.modeler.OperationInfo
2019-05-11 11:06:13.367 DEBUG 8956 --- [kground-preinit] o.apache.tomcat.util.digester.Digester   :   Fire end() for SetPropertiesRule[]
2019-05-11 11:06:13.367 DEBUG 8956 --- [kground-preinit] o.apache.tomcat.util.digester.Digester   :   Fire end() for ObjectCreateRule[className=org.apache.tomcat.util.modeler.OperationInfo, attributeName=null]
2019-05-11 11:06:13.367 DEBUG 8956 --- [kground-preinit] o.apache.tomcat.util.digester.Digester   : [ObjectCreateRule]{mbeans-descriptors/mbean/operation} Pop org.apache.tomcat.util.modeler.OperationInfo
2019-05-11 11:06:13.367 DEBUG 8956 --- [           main] o.s.b.f.s.DefaultListableBeanFactory     : Returning cached instance of singleton bean 'autoConfigurationReport'
2019-05-11 11:06:13.367 DEBUG 8956 --- [kground-preinit] o.a.tomcat.util.digester.Digester.sax    : characters(

    )
2019-05-11 11:06:13.367 DEBUG 8956 --- [           main] a.ConfigurationClassBeanDefinitionReader : Registered bean definition for imported class 'org.springframework.boot.autoconfigure.jackson.JacksonAutoConfiguration$JacksonObjectMapperBuilderConfiguration'
2019-05-11 11:06:13.368 DEBUG 8956 --- [           main] o.s.b.f.s.DefaultListableBeanFactory     : Returning cached instance of singleton bean 'org.springframework.boot.autoconfigure.condition.BeanTypeRegistry'
2019-05-11 11:06:13.368 DEBUG 8956 --- [kground-preinit] o.a.tomcat.util.digester.Digester.sax    : startElement(,,operation)
2019-05-11 11:06:13.368 DEBUG 8956 --- [kground-preinit] o.apache.tomcat.util.digester.Digester   :   New match='mbeans-descriptors/mbean/operation'
2019-05-11 11:06:13.369 DEBUG 8956 --- [kground-preinit] o.apache.tomcat.util.digester.Digester   :   Fire begin() for ObjectCreateRule[className=org.apache.tomcat.util.modeler.OperationInfo, attributeName=null]
2019-05-11 11:06:13.369 DEBUG 8956 --- [kground-preinit] o.apache.tomcat.util.digester.Digester   : [ObjectCreateRule]{mbeans-descriptors/mbean/operation}New org.apache.tomcat.util.modeler.OperationInfo
2019-05-11 11:06:13.369 DEBUG 8956 --- [kground-preinit] o.apache.tomcat.util.digester.Digester   :   Fire begin() for SetPropertiesRule[]
2019-05-11 11:06:13.369 DEBUG 8956 --- [kground-preinit] o.apache.tomcat.util.digester.Digester   : [SetPropertiesRule]{mbeans-descriptors/mbean/operation} Set org.apache.tomcat.util.modeler.OperationInfo properties
2019-05-11 11:06:13.369 DEBUG 8956 --- [kground-preinit] o.apache.tomcat.util.digester.Digester   : [SetPropertiesRule]{mbeans-descriptors/mbean/operation} Setting property 'name' to 'addSecurityRole'
2019-05-11 11:06:13.370 DEBUG 8956 --- [kground-preinit] o.apache.tomcat.util.IntrospectionUtils  : IntrospectionUtils: setProperty(class org.apache.tomcat.util.modeler.OperationInfo name=addSecurityRole)
2019-05-11 11:06:13.370 DEBUG 8956 --- [kground-preinit] o.apache.tomcat.util.digester.Digester   : [SetPropertiesRule]{mbeans-descriptors/mbean/operation} Setting property 'description' to 'Add a new security role for this web application.'
2019-05-11 11:06:13.370 DEBUG 8956 --- [kground-preinit] o.apache.tomcat.util.IntrospectionUtils  : IntrospectionUtils: setProperty(class org.apache.tomcat.util.modeler.OperationInfo description=Add a new security role for this web application.)
2019-05-11 11:06:13.370 DEBUG 8956 --- [kground-preinit] o.apache.tomcat.util.digester.Digester   : [SetPropertiesRule]{mbeans-descriptors/mbean/operation} Setting property 'impact' to 'ACTION'
2019-05-11 11:06:13.370 DEBUG 8956 --- [kground-preinit] o.apache.tomcat.util.IntrospectionUtils  : IntrospectionUtils: setProperty(class org.apache.tomcat.util.modeler.OperationInfo impact=ACTION)
2019-05-11 11:06:13.370 DEBUG 8956 --- [kground-preinit] o.apache.tomcat.util.digester.Digester   : [SetPropertiesRule]{mbeans-descriptors/mbean/operation} Setting property 'returnType' to 'void'
2019-05-11 11:06:13.370 DEBUG 8956 --- [kground-preinit] o.apache.tomcat.util.IntrospectionUtils  : IntrospectionUtils: setProperty(class org.apache.tomcat.util.modeler.OperationInfo returnType=void)
2019-05-11 11:06:13.371 DEBUG 8956 --- [kground-preinit] o.apache.tomcat.util.digester.Digester   :   Fire begin() for SetNextRule[methodName=addOperation, paramType=org.apache.tomcat.util.modeler.OperationInfo]
2019-05-11 11:06:13.371 DEBUG 8956 --- [kground-preinit] o.a.tomcat.util.digester.Digester.sax    : characters(
      )
2019-05-11 11:06:13.371 DEBUG 8956 --- [kground-preinit] o.a.tomcat.util.digester.Digester.sax    : startElement(,,parameter)
2019-05-11 11:06:13.371 DEBUG 8956 --- [kground-preinit] o.apache.tomcat.util.digester.Digester   :   New match='mbeans-descriptors/mbean/operation/parameter'
2019-05-11 11:06:13.371 DEBUG 8956 --- [kground-preinit] o.apache.tomcat.util.digester.Digester   :   Fire begin() for ObjectCreateRule[className=org.apache.tomcat.util.modeler.ParameterInfo, attributeName=null]
2019-05-11 11:06:13.371 DEBUG 8956 --- [kground-preinit] o.apache.tomcat.util.digester.Digester   : [ObjectCreateRule]{mbeans-descriptors/mbean/operation/parameter}New org.apache.tomcat.util.modeler.ParameterInfo
2019-05-11 11:06:13.372 DEBUG 8956 --- [kground-preinit] o.apache.tomcat.util.digester.Digester   :   Fire begin() for SetPropertiesRule[]
2019-05-11 11:06:13.375 DEBUG 8956 --- [kground-preinit] o.apache.tomcat.util.digester.Digester   : [SetPropertiesRule]{mbeans-descriptors/mbean/operation/parameter} Set org.apache.tomcat.util.modeler.ParameterInfo properties
2019-05-11 11:06:13.371 DEBUG 8956 --- [           main] o.s.b.f.s.DefaultListableBeanFactory     : Returning cached instance of singleton bean 'autoConfigurationReport'
2019-05-11 11:06:13.376 DEBUG 8956 --- [           main] a.ConfigurationClassBeanDefinitionReader : Registering bean definition for @Bean method org.springframework.boot.autoconfigure.jackson.JacksonAutoConfiguration$JacksonObjectMapperBuilderConfiguration.jacksonObjectMapperBuilder()
2019-05-11 11:06:13.377 DEBUG 8956 --- [           main] o.s.b.f.s.DefaultListableBeanFactory     : Returning cached instance of singleton bean 'autoConfigurationReport'
2019-05-11 11:06:13.377 DEBUG 8956 --- [           main] a.ConfigurationClassBeanDefinitionReader : Registered bean definition for imported class 'org.springframework.boot.autoconfigure.jackson.JacksonAutoConfiguration$JacksonObjectMapperConfiguration'
2019-05-11 11:06:13.377 DEBUG 8956 --- [           main] o.s.b.f.s.DefaultListableBeanFactory     : Returning cached instance of singleton bean 'org.springframework.boot.autoconfigure.condition.BeanTypeRegistry'
2019-05-11 11:06:13.378 DEBUG 8956 --- [           main] o.s.b.f.s.DefaultListableBeanFactory     : Returning cached instance of singleton bean 'autoConfigurationReport'
2019-05-11 11:06:13.379 DEBUG 8956 --- [           main] a.ConfigurationClassBeanDefinitionReader : Registering bean definition for @Bean method org.springframework.boot.autoconfigure.jackson.JacksonAutoConfiguration$JacksonObjectMapperConfiguration.jacksonObjectMapper()
2019-05-11 11:06:13.379 DEBUG 8956 --- [           main] a.ConfigurationClassBeanDefinitionReader : Registered bean definition for imported class 'org.springframework.boot.autoconfigure.jackson.JacksonAutoConfiguration'
2019-05-11 11:06:13.379 DEBUG 8956 --- [           main] a.ConfigurationClassBeanDefinitionReader : Registering bean definition for @Bean method org.springframework.boot.autoconfigure.jackson.JacksonAutoConfiguration.jsonComponentModule()
2019-05-11 11:06:13.375 DEBUG 8956 --- [kground-preinit] o.apache.tomcat.util.digester.Digester   : [SetPropertiesRule]{mbeans-descriptors/mbean/operation/parameter} Setting property 'name' to 'role'
2019-05-11 11:06:13.380 DEBUG 8956 --- [           main] o.s.b.f.s.DefaultListableBeanFactory     : Returning cached instance of singleton bean 'autoConfigurationReport'
2019-05-11 11:06:13.380 DEBUG 8956 --- [kground-preinit] o.apache.tomcat.util.IntrospectionUtils  : IntrospectionUtils: setProperty(class org.apache.tomcat.util.modeler.ParameterInfo name=role)
2019-05-11 11:06:13.380 DEBUG 8956 --- [           main] o.s.b.f.s.DefaultListableBeanFactory     : Returning cached instance of singleton bean 'autoConfigurationReport'
2019-05-11 11:06:13.380 DEBUG 8956 --- [kground-preinit] o.apache.tomcat.util.digester.Digester   : [SetPropertiesRule]{mbeans-descriptors/mbean/operation/parameter} Setting property 'description' to 'New security role'
2019-05-11 11:06:13.380 DEBUG 8956 --- [kground-preinit] o.apache.tomcat.util.IntrospectionUtils  : IntrospectionUtils: setProperty(class org.apache.tomcat.util.modeler.ParameterInfo description=New security role)
2019-05-11 11:06:13.380 DEBUG 8956 --- [           main] o.s.b.f.s.DefaultListableBeanFactory     : Returning cached instance of singleton bean 'autoConfigurationReport'
2019-05-11 11:06:13.380 DEBUG 8956 --- [kground-preinit] o.apache.tomcat.util.digester.Digester   : [SetPropertiesRule]{mbeans-descriptors/mbean/operation/parameter} Setting property 'type' to 'java.lang.String'
2019-05-11 11:06:13.381 DEBUG 8956 --- [           main] a.ConfigurationClassBeanDefinitionReader : Registered bean definition for imported class 'org.springframework.boot.autoconfigure.websocket.WebSocketAutoConfiguration$TomcatWebSocketConfiguration'
2019-05-11 11:06:13.381 DEBUG 8956 --- [kground-preinit] o.apache.tomcat.util.IntrospectionUtils  : IntrospectionUtils: setProperty(class org.apache.tomcat.util.modeler.ParameterInfo type=java.lang.String)
2019-05-11 11:06:13.381 DEBUG 8956 --- [kground-preinit] o.apache.tomcat.util.digester.Digester   :   Fire begin() for SetNextRule[methodName=addParameter, paramType=org.apache.tomcat.util.modeler.ParameterInfo]
2019-05-11 11:06:13.381 DEBUG 8956 --- [kground-preinit] o.a.tomcat.util.digester.Digester.sax    : endElement(,,parameter)
2019-05-11 11:06:13.381 DEBUG 8956 --- [kground-preinit] o.apache.tomcat.util.digester.Digester   :   match='mbeans-descriptors/mbean/operation/parameter'
2019-05-11 11:06:13.381 DEBUG 8956 --- [kground-preinit] o.apache.tomcat.util.digester.Digester   :   bodyText=''
2019-05-11 11:06:13.381 DEBUG 8956 --- [kground-preinit] o.apache.tomcat.util.digester.Digester   :   Fire body() for ObjectCreateRule[className=org.apache.tomcat.util.modeler.ParameterInfo, attributeName=null]
2019-05-11 11:06:13.382 DEBUG 8956 --- [kground-preinit] o.apache.tomcat.util.digester.Digester   :   Fire body() for SetPropertiesRule[]
2019-05-11 11:06:13.382 DEBUG 8956 --- [kground-preinit] o.apache.tomcat.util.digester.Digester   :   Fire body() for SetNextRule[methodName=addParameter, paramType=org.apache.tomcat.util.modeler.ParameterInfo]
2019-05-11 11:06:13.382 DEBUG 8956 --- [           main] o.s.b.f.s.DefaultListableBeanFactory     : Returning cached instance of singleton bean 'autoConfigurationReport'
2019-05-11 11:06:13.382 DEBUG 8956 --- [           main] o.s.b.f.s.DefaultListableBeanFactory     : Returning cached instance of singleton bean 'autoConfigurationReport'
2019-05-11 11:06:13.382 DEBUG 8956 --- [kground-preinit] o.apache.tomcat.util.digester.Digester   :   Fire end() for SetNextRule[methodName=addParameter, paramType=org.apache.tomcat.util.modeler.ParameterInfo]
2019-05-11 11:06:13.382 DEBUG 8956 --- [kground-preinit] o.apache.tomcat.util.digester.Digester   : [SetNextRule]{mbeans-descriptors/mbean/operation/parameter} Call org.apache.tomcat.util.modeler.OperationInfo.addParameter(org.apache.tomcat.util.modeler.ParameterInfo@3a4e8af0)
2019-05-11 11:06:13.382 DEBUG 8956 --- [           main] a.ConfigurationClassBeanDefinitionReader : Registering bean definition for @Bean method org.springframework.boot.autoconfigure.websocket.WebSocketAutoConfiguration$TomcatWebSocketConfiguration.websocketContainerCustomizer()
2019-05-11 11:06:13.383 DEBUG 8956 --- [kground-preinit] o.apache.tomcat.util.IntrospectionUtils  : IntrospectionUtils: callMethod1 org.apache.tomcat.util.modeler.OperationInfo org.apache.tomcat.util.modeler.ParameterInfo org.apache.tomcat.util.modeler.ParameterInfo
2019-05-11 11:06:13.383 DEBUG 8956 --- [kground-preinit] o.apache.tomcat.util.digester.Digester   :   Fire end() for SetPropertiesRule[]
2019-05-11 11:06:13.383 DEBUG 8956 --- [kground-preinit] o.apache.tomcat.util.digester.Digester   :   Fire end() for ObjectCreateRule[className=org.apache.tomcat.util.modeler.ParameterInfo, attributeName=null]
2019-05-11 11:06:13.383 DEBUG 8956 --- [kground-preinit] o.apache.tomcat.util.digester.Digester   : [ObjectCreateRule]{mbeans-descriptors/mbean/operation/parameter} Pop org.apache.tomcat.util.modeler.ParameterInfo
2019-05-11 11:06:13.383 DEBUG 8956 --- [kground-preinit] o.a.tomcat.util.digester.Digester.sax    : characters(
    )
2019-05-11 11:06:13.383 DEBUG 8956 --- [kground-preinit] o.a.tomcat.util.digester.Digester.sax    : endElement(,,operation)
2019-05-11 11:06:13.383 DEBUG 8956 --- [           main] a.ConfigurationClassBeanDefinitionReader : Registered bean definition for imported class 'org.springframework.boot.autoconfigure.websocket.WebSocketAutoConfiguration'
2019-05-11 11:06:13.383 DEBUG 8956 --- [           main] o.s.b.f.s.DefaultListableBeanFactory     : Returning cached instance of singleton bean 'autoConfigurationReport'
2019-05-11 11:06:13.383 DEBUG 8956 --- [kground-preinit] o.apache.tomcat.util.digester.Digester   :   match='mbeans-descriptors/mbean/operation'
2019-05-11 11:06:13.384 DEBUG 8956 --- [kground-preinit] o.apache.tomcat.util.digester.Digester   :   bodyText='
      
    '
2019-05-11 11:06:13.384 DEBUG 8956 --- [           main] o.s.b.f.s.DefaultListableBeanFactory     : Returning cached instance of singleton bean 'autoConfigurationReport'
2019-05-11 11:06:13.384 DEBUG 8956 --- [kground-preinit] o.apache.tomcat.util.digester.Digester   :   Fire body() for ObjectCreateRule[className=org.apache.tomcat.util.modeler.OperationInfo, attributeName=null]
2019-05-11 11:06:13.384 DEBUG 8956 --- [kground-preinit] o.apache.tomcat.util.digester.Digester   :   Fire body() for SetPropertiesRule[]
2019-05-11 11:06:13.384 DEBUG 8956 --- [kground-preinit] o.apache.tomcat.util.digester.Digester   :   Fire body() for SetNextRule[methodName=addOperation, paramType=org.apache.tomcat.util.modeler.OperationInfo]
2019-05-11 11:06:13.384 DEBUG 8956 --- [kground-preinit] o.apache.tomcat.util.digester.Digester   :   Fire end() for SetNextRule[methodName=addOperation, paramType=org.apache.tomcat.util.modeler.OperationInfo]
2019-05-11 11:06:13.384 DEBUG 8956 --- [kground-preinit] o.apache.tomcat.util.digester.Digester   : [SetNextRule]{mbeans-descriptors/mbean/operation} Call org.apache.tomcat.util.modeler.ManagedBean.addOperation(org.apache.tomcat.util.modeler.OperationInfo@2bb8822f)
2019-05-11 11:06:13.384 DEBUG 8956 --- [kground-preinit] o.apache.tomcat.util.IntrospectionUtils  : IntrospectionUtils: callMethod1 org.apache.tomcat.util.modeler.ManagedBean org.apache.tomcat.util.modeler.OperationInfo org.apache.tomcat.util.modeler.OperationInfo
2019-05-11 11:06:13.385 DEBUG 8956 --- [kground-preinit] o.apache.tomcat.util.digester.Digester   :   Fire end() for SetPropertiesRule[]
2019-05-11 11:06:13.385 DEBUG 8956 --- [kground-preinit] o.apache.tomcat.util.digester.Digester   :   Fire end() for ObjectCreateRule[className=org.apache.tomcat.util.modeler.OperationInfo, attributeName=null]
2019-05-11 11:06:13.385 DEBUG 8956 --- [kground-preinit] o.apache.tomcat.util.digester.Digester   : [ObjectCreateRule]{mbeans-descriptors/mbean/operation} Pop org.apache.tomcat.util.modeler.OperationInfo
2019-05-11 11:06:13.385 DEBUG 8956 --- [kground-preinit] o.a.tomcat.util.digester.Digester.sax    : characters(

)
2019-05-11 11:06:13.386 DEBUG 8956 --- [kground-preinit] o.a.tomcat.util.digester.Digester.sax    : characters(    )
2019-05-11 11:06:13.385 DEBUG 8956 --- [           main] o.s.b.f.s.DefaultListableBeanFactory     : Returning cached instance of singleton bean 'org.springframework.boot.autoconfigure.condition.BeanTypeRegistry'
2019-05-11 11:06:13.386 DEBUG 8956 --- [kground-preinit] o.a.tomcat.util.digester.Digester.sax    : startElement(,,operation)
2019-05-11 11:06:13.386 DEBUG 8956 --- [kground-preinit] o.apache.tomcat.util.digester.Digester   :   New match='mbeans-descriptors/mbean/operation'
2019-05-11 11:06:13.386 DEBUG 8956 --- [kground-preinit] o.apache.tomcat.util.digester.Digester   :   Fire begin() for ObjectCreateRule[className=org.apache.tomcat.util.modeler.OperationInfo, attributeName=null]
2019-05-11 11:06:13.386 DEBUG 8956 --- [kground-preinit] o.apache.tomcat.util.digester.Digester   : [ObjectCreateRule]{mbeans-descriptors/mbean/operation}New org.apache.tomcat.util.modeler.OperationInfo
2019-05-11 11:06:13.386 DEBUG 8956 --- [kground-preinit] o.apache.tomcat.util.digester.Digester   :   Fire begin() for SetPropertiesRule[]
2019-05-11 11:06:13.387 DEBUG 8956 --- [kground-preinit] o.apache.tomcat.util.digester.Digester   : [SetPropertiesRule]{mbeans-descriptors/mbean/operation} Set org.apache.tomcat.util.modeler.OperationInfo properties
2019-05-11 11:06:13.387 DEBUG 8956 --- [kground-preinit] o.apache.tomcat.util.digester.Digester   : [SetPropertiesRule]{mbeans-descriptors/mbean/operation} Setting property 'name' to 'addServletMapping'
2019-05-11 11:06:13.387 DEBUG 8956 --- [kground-preinit] o.apache.tomcat.util.IntrospectionUtils  : IntrospectionUtils: setProperty(class org.apache.tomcat.util.modeler.OperationInfo name=addServletMapping)
2019-05-11 11:06:13.387 DEBUG 8956 --- [kground-preinit] o.apache.tomcat.util.digester.Digester   : [SetPropertiesRule]{mbeans-descriptors/mbean/operation} Setting property 'description' to 'Add a new servlet mapping, replacing any existing mapping for the specified pattern.'
2019-05-11 11:06:13.387 DEBUG 8956 --- [kground-preinit] o.apache.tomcat.util.IntrospectionUtils  : IntrospectionUtils: setProperty(class org.apache.tomcat.util.modeler.OperationInfo description=Add a new servlet mapping, replacing any existing mapping for the specified pattern.)
2019-05-11 11:06:13.387 DEBUG 8956 --- [kground-preinit] o.apache.tomcat.util.digester.Digester   : [SetPropertiesRule]{mbeans-descriptors/mbean/operation} Setting property 'impact' to 'ACTION'
2019-05-11 11:06:13.387 DEBUG 8956 --- [kground-preinit] o.apache.tomcat.util.IntrospectionUtils  : IntrospectionUtils: setProperty(class org.apache.tomcat.util.modeler.OperationInfo impact=ACTION)
2019-05-11 11:06:13.387 DEBUG 8956 --- [kground-preinit] o.apache.tomcat.util.digester.Digester   : [SetPropertiesRule]{mbeans-descriptors/mbean/operation} Setting property 'returnType' to 'void'
2019-05-11 11:06:13.388 DEBUG 8956 --- [kground-preinit] o.apache.tomcat.util.IntrospectionUtils  : IntrospectionUtils: setProperty(class org.apache.tomcat.util.modeler.OperationInfo returnType=void)
2019-05-11 11:06:13.388 DEBUG 8956 --- [kground-preinit] o.apache.tomcat.util.digester.Digester   :   Fire begin() for SetNextRule[methodName=addOperation, paramType=org.apache.tomcat.util.modeler.OperationInfo]
2019-05-11 11:06:13.388 DEBUG 8956 --- [kground-preinit] o.a.tomcat.util.digester.Digester.sax    : characters(
      )
2019-05-11 11:06:13.388 DEBUG 8956 --- [kground-preinit] o.a.tomcat.util.digester.Digester.sax    : startElement(,,parameter)
2019-05-11 11:06:13.388 DEBUG 8956 --- [kground-preinit] o.apache.tomcat.util.digester.Digester   :   New match='mbeans-descriptors/mbean/operation/parameter'
2019-05-11 11:06:13.388 DEBUG 8956 --- [kground-preinit] o.apache.tomcat.util.digester.Digester   :   Fire begin() for ObjectCreateRule[className=org.apache.tomcat.util.modeler.ParameterInfo, attributeName=null]
2019-05-11 11:06:13.389 DEBUG 8956 --- [kground-preinit] o.apache.tomcat.util.digester.Digester   : [ObjectCreateRule]{mbeans-descriptors/mbean/operation/parameter}New org.apache.tomcat.util.modeler.ParameterInfo
2019-05-11 11:06:13.389 DEBUG 8956 --- [kground-preinit] o.apache.tomcat.util.digester.Digester   :   Fire begin() for SetPropertiesRule[]
2019-05-11 11:06:13.389 DEBUG 8956 --- [kground-preinit] o.apache.tomcat.util.digester.Digester   : [SetPropertiesRule]{mbeans-descriptors/mbean/operation/parameter} Set org.apache.tomcat.util.modeler.ParameterInfo properties
2019-05-11 11:06:13.389 DEBUG 8956 --- [kground-preinit] o.apache.tomcat.util.digester.Digester   : [SetPropertiesRule]{mbeans-descriptors/mbean/operation/parameter} Setting property 'name' to 'pattern'
2019-05-11 11:06:13.389 DEBUG 8956 --- [kground-preinit] o.apache.tomcat.util.IntrospectionUtils  : IntrospectionUtils: setProperty(class org.apache.tomcat.util.modeler.ParameterInfo name=pattern)
2019-05-11 11:06:13.389 DEBUG 8956 --- [kground-preinit] o.apache.tomcat.util.digester.Digester   : [SetPropertiesRule]{mbeans-descriptors/mbean/operation/parameter} Setting property 'description' to 'URL pattern to be mapped'
2019-05-11 11:06:13.389 DEBUG 8956 --- [kground-preinit] o.apache.tomcat.util.IntrospectionUtils  : IntrospectionUtils: setProperty(class org.apache.tomcat.util.modeler.ParameterInfo description=URL pattern to be mapped)
2019-05-11 11:06:13.390 DEBUG 8956 --- [kground-preinit] o.apache.tomcat.util.digester.Digester   : [SetPropertiesRule]{mbeans-descriptors/mbean/operation/parameter} Setting property 'type' to 'java.lang.String'
2019-05-11 11:06:13.395 DEBUG 8956 --- [           main] o.s.b.f.s.DefaultListableBeanFactory     : Returning cached instance of singleton bean 'autoConfigurationReport'
2019-05-11 11:06:13.408 DEBUG 8956 --- [kground-preinit] o.apache.tomcat.util.IntrospectionUtils  : IntrospectionUtils: setProperty(class org.apache.tomcat.util.modeler.ParameterInfo type=java.lang.String)
2019-05-11 11:06:13.408 DEBUG 8956 --- [           main] a.ConfigurationClassBeanDefinitionReader : Registered bean definition for imported class 'org.springframework.boot.autoconfigure.web.EmbeddedServletContainerAutoConfiguration$EmbeddedTomcat'
2019-05-11 11:06:13.409 DEBUG 8956 --- [kground-preinit] o.apache.tomcat.util.digester.Digester   :   Fire begin() for SetNextRule[methodName=addParameter, paramType=org.apache.tomcat.util.modeler.ParameterInfo]
2019-05-11 11:06:13.409 DEBUG 8956 --- [           main] a.ConfigurationClassBeanDefinitionReader : Registering bean definition for @Bean method org.springframework.boot.autoconfigure.web.EmbeddedServletContainerAutoConfiguration$EmbeddedTomcat.tomcatEmbeddedServletContainerFactory()
2019-05-11 11:06:13.409 DEBUG 8956 --- [           main] a.ConfigurationClassBeanDefinitionReader : Registered bean definition for imported class 'org.springframework.boot.autoconfigure.web.EmbeddedServletContainerAutoConfiguration'
2019-05-11 11:06:13.409 DEBUG 8956 --- [kground-preinit] o.a.tomcat.util.digester.Digester.sax    : endElement(,,parameter)
2019-05-11 11:06:13.411 DEBUG 8956 --- [kground-preinit] o.apache.tomcat.util.digester.Digester   :   match='mbeans-descriptors/mbean/operation/parameter'
2019-05-11 11:06:13.411 DEBUG 8956 --- [kground-preinit] o.apache.tomcat.util.digester.Digester   :   bodyText=''
2019-05-11 11:06:13.411 DEBUG 8956 --- [kground-preinit] o.apache.tomcat.util.digester.Digester   :   Fire body() for ObjectCreateRule[className=org.apache.tomcat.util.modeler.ParameterInfo, attributeName=null]
2019-05-11 11:06:13.411 DEBUG 8956 --- [kground-preinit] o.apache.tomcat.util.digester.Digester   :   Fire body() for SetPropertiesRule[]
2019-05-11 11:06:13.535 DEBUG 8956 --- [kground-preinit] o.apache.tomcat.util.digester.Digester   :   Fire body() for SetNextRule[methodName=addParameter, paramType=org.apache.tomcat.util.modeler.ParameterInfo]
2019-05-11 11:06:13.535 DEBUG 8956 --- [kground-preinit] o.apache.tomcat.util.digester.Digester   :   Fire end() for SetNextRule[methodName=addParameter, paramType=org.apache.tomcat.util.modeler.ParameterInfo]
2019-05-11 11:06:13.535 DEBUG 8956 --- [kground-preinit] o.apache.tomcat.util.digester.Digester   : [SetNextRule]{mbeans-descriptors/mbean/operation/parameter} Call org.apache.tomcat.util.modeler.OperationInfo.addParameter(org.apache.tomcat.util.modeler.ParameterInfo@549bd5dc)
2019-05-11 11:06:13.536 DEBUG 8956 --- [kground-preinit] o.apache.tomcat.util.IntrospectionUtils  : IntrospectionUtils: callMethod1 org.apache.tomcat.util.modeler.OperationInfo org.apache.tomcat.util.modeler.ParameterInfo org.apache.tomcat.util.modeler.ParameterInfo
2019-05-11 11:06:13.536 DEBUG 8956 --- [kground-preinit] o.apache.tomcat.util.digester.Digester   :   Fire end() for SetPropertiesRule[]
2019-05-11 11:06:13.536 DEBUG 8956 --- [kground-preinit] o.apache.tomcat.util.digester.Digester   :   Fire end() for ObjectCreateRule[className=org.apache.tomcat.util.modeler.ParameterInfo, attributeName=null]
2019-05-11 11:06:13.536 DEBUG 8956 --- [kground-preinit] o.apache.tomcat.util.digester.Digester   : [ObjectCreateRule]{mbeans-descriptors/mbean/operation/parameter} Pop org.apache.tomcat.util.modeler.ParameterInfo
2019-05-11 11:06:13.536 DEBUG 8956 --- [kground-preinit] o.a.tomcat.util.digester.Digester.sax    : characters(
      )
2019-05-11 11:06:13.536 DEBUG 8956 --- [kground-preinit] o.a.tomcat.util.digester.Digester.sax    : startElement(,,parameter)
2019-05-11 11:06:13.536 DEBUG 8956 --- [kground-preinit] o.apache.tomcat.util.digester.Digester   :   New match='mbeans-descriptors/mbean/operation/parameter'
2019-05-11 11:06:13.536 DEBUG 8956 --- [kground-preinit] o.apache.tomcat.util.digester.Digester   :   Fire begin() for ObjectCreateRule[className=org.apache.tomcat.util.modeler.ParameterInfo, attributeName=null]
2019-05-11 11:06:13.537 DEBUG 8956 --- [kground-preinit] o.apache.tomcat.util.digester.Digester   : [ObjectCreateRule]{mbeans-descriptors/mbean/operation/parameter}New org.apache.tomcat.util.modeler.ParameterInfo
2019-05-11 11:06:13.537 DEBUG 8956 --- [kground-preinit] o.apache.tomcat.util.digester.Digester   :   Fire begin() for SetPropertiesRule[]
2019-05-11 11:06:13.537 DEBUG 8956 --- [kground-preinit] o.apache.tomcat.util.digester.Digester   : [SetPropertiesRule]{mbeans-descriptors/mbean/operation/parameter} Set org.apache.tomcat.util.modeler.ParameterInfo properties
2019-05-11 11:06:13.537 DEBUG 8956 --- [kground-preinit] o.apache.tomcat.util.digester.Digester   : [SetPropertiesRule]{mbeans-descriptors/mbean/operation/parameter} Setting property 'name' to 'name'
2019-05-11 11:06:13.537 DEBUG 8956 --- [kground-preinit] o.apache.tomcat.util.IntrospectionUtils  : IntrospectionUtils: setProperty(class org.apache.tomcat.util.modeler.ParameterInfo name=name)
2019-05-11 11:06:13.537 DEBUG 8956 --- [kground-preinit] o.apache.tomcat.util.digester.Digester   : [SetPropertiesRule]{mbeans-descriptors/mbean/operation/parameter} Setting property 'description' to 'Name of the corresponding servlet to execute'
2019-05-11 11:06:13.537 DEBUG 8956 --- [kground-preinit] o.apache.tomcat.util.IntrospectionUtils  : IntrospectionUtils: setProperty(class org.apache.tomcat.util.modeler.ParameterInfo description=Name of the corresponding servlet to execute)
2019-05-11 11:06:13.537 DEBUG 8956 --- [kground-preinit] o.apache.tomcat.util.digester.Digester   : [SetPropertiesRule]{mbeans-descriptors/mbean/operation/parameter} Setting property 'type' to 'java.lang.String'
2019-05-11 11:06:13.537 DEBUG 8956 --- [kground-preinit] o.apache.tomcat.util.IntrospectionUtils  : IntrospectionUtils: setProperty(class org.apache.tomcat.util.modeler.ParameterInfo type=java.lang.String)
2019-05-11 11:06:13.537 DEBUG 8956 --- [kground-preinit] o.apache.tomcat.util.digester.Digester   :   Fire begin() for SetNextRule[methodName=addParameter, paramType=org.apache.tomcat.util.modeler.ParameterInfo]
2019-05-11 11:06:13.537 DEBUG 8956 --- [kground-preinit] o.a.tomcat.util.digester.Digester.sax    : endElement(,,parameter)
2019-05-11 11:06:13.537 DEBUG 8956 --- [kground-preinit] o.apache.tomcat.util.digester.Digester   :   match='mbeans-descriptors/mbean/operation/parameter'
2019-05-11 11:06:13.537 DEBUG 8956 --- [kground-preinit] o.apache.tomcat.util.digester.Digester   :   bodyText=''
2019-05-11 11:06:13.537 DEBUG 8956 --- [kground-preinit] o.apache.tomcat.util.digester.Digester   :   Fire body() for ObjectCreateRule[className=org.apache.tomcat.util.modeler.ParameterInfo, attributeName=null]
2019-05-11 11:06:13.538 DEBUG 8956 --- [kground-preinit] o.apache.tomcat.util.digester.Digester   :   Fire body() for SetPropertiesRule[]
2019-05-11 11:06:13.538 DEBUG 8956 --- [kground-preinit] o.apache.tomcat.util.digester.Digester   :   Fire body() for SetNextRule[methodName=addParameter, paramType=org.apache.tomcat.util.modeler.ParameterInfo]
2019-05-11 11:06:13.538 DEBUG 8956 --- [kground-preinit] o.apache.tomcat.util.digester.Digester   :   Fire end() for SetNextRule[methodName=addParameter, paramType=org.apache.tomcat.util.modeler.ParameterInfo]
2019-05-11 11:06:13.538 DEBUG 8956 --- [kground-preinit] o.apache.tomcat.util.digester.Digester   : [SetNextRule]{mbeans-descriptors/mbean/operation/parameter} Call org.apache.tomcat.util.modeler.OperationInfo.addParameter(org.apache.tomcat.util.modeler.ParameterInfo@442cac29)
2019-05-11 11:06:13.538 DEBUG 8956 --- [kground-preinit] o.apache.tomcat.util.IntrospectionUtils  : IntrospectionUtils: callMethod1 org.apache.tomcat.util.modeler.OperationInfo org.apache.tomcat.util.modeler.ParameterInfo org.apache.tomcat.util.modeler.ParameterInfo
2019-05-11 11:06:13.538 DEBUG 8956 --- [kground-preinit] o.apache.tomcat.util.digester.Digester   :   Fire end() for SetPropertiesRule[]
2019-05-11 11:06:13.538 DEBUG 8956 --- [kground-preinit] o.apache.tomcat.util.digester.Digester   :   Fire end() for ObjectCreateRule[className=org.apache.tomcat.util.modeler.ParameterInfo, attributeName=null]
2019-05-11 11:06:13.538 DEBUG 8956 --- [kground-preinit] o.apache.tomcat.util.digester.Digester   : [ObjectCreateRule]{mbeans-descriptors/mbean/operation/parameter} Pop org.apache.tomcat.util.modeler.ParameterInfo
2019-05-11 11:06:13.538 DEBUG 8956 --- [kground-preinit] o.a.tomcat.util.digester.Digester.sax    : characters(
    )
2019-05-11 11:06:13.538 DEBUG 8956 --- [kground-preinit] o.a.tomcat.util.digester.Digester.sax    : endElement(,,operation)
2019-05-11 11:06:13.538 DEBUG 8956 --- [kground-preinit] o.apache.tomcat.util.digester.Digester   :   match='mbeans-descriptors/mbean/operation'
2019-05-11 11:06:13.538 DEBUG 8956 --- [kground-preinit] o.apache.tomcat.util.digester.Digester   :   bodyText='
      
      
    '
2019-05-11 11:06:13.538 DEBUG 8956 --- [kground-preinit] o.apache.tomcat.util.digester.Digester   :   Fire body() for ObjectCreateRule[className=org.apache.tomcat.util.modeler.OperationInfo, attributeName=null]
2019-05-11 11:06:13.538 DEBUG 8956 --- [kground-preinit] o.apache.tomcat.util.digester.Digester   :   Fire body() for SetPropertiesRule[]
2019-05-11 11:06:13.538 DEBUG 8956 --- [kground-preinit] o.apache.tomcat.util.digester.Digester   :   Fire body() for SetNextRule[methodName=addOperation, paramType=org.apache.tomcat.util.modeler.OperationInfo]
2019-05-11 11:06:13.538 DEBUG 8956 --- [kground-preinit] o.apache.tomcat.util.digester.Digester   :   Fire end() for SetNextRule[methodName=addOperation, paramType=org.apache.tomcat.util.modeler.OperationInfo]
2019-05-11 11:06:13.539 DEBUG 8956 --- [kground-preinit] o.apache.tomcat.util.digester.Digester   : [SetNextRule]{mbeans-descriptors/mbean/operation} Call org.apache.tomcat.util.modeler.ManagedBean.addOperation(org.apache.tomcat.util.modeler.OperationInfo@afba756)
2019-05-11 11:06:13.539 DEBUG 8956 --- [kground-preinit] o.apache.tomcat.util.IntrospectionUtils  : IntrospectionUtils: callMethod1 org.apache.tomcat.util.modeler.ManagedBean org.apache.tomcat.util.modeler.OperationInfo org.apache.tomcat.util.modeler.OperationInfo
2019-05-11 11:06:13.539 DEBUG 8956 --- [kground-preinit] o.apache.tomcat.util.digester.Digester   :   Fire end() for SetPropertiesRule[]
2019-05-11 11:06:13.539 DEBUG 8956 --- [kground-preinit] o.apache.tomcat.util.digester.Digester   :   Fire end() for ObjectCreateRule[className=org.apache.tomcat.util.modeler.OperationInfo, attributeName=null]
2019-05-11 11:06:13.539 DEBUG 8956 --- [kground-preinit] o.apache.tomcat.util.digester.Digester   : [ObjectCreateRule]{mbeans-descriptors/mbean/operation} Pop org.apache.tomcat.util.modeler.OperationInfo
2019-05-11 11:06:13.539 DEBUG 8956 --- [kground-preinit] o.a.tomcat.util.digester.Digester.sax    : characters(

    )
2019-05-11 11:06:13.539 DEBUG 8956 --- [kground-preinit] o.a.tomcat.util.digester.Digester.sax    : startElement(,,operation)
2019-05-11 11:06:13.539 DEBUG 8956 --- [kground-preinit] o.apache.tomcat.util.digester.Digester   :   New match='mbeans-descriptors/mbean/operation'
2019-05-11 11:06:13.539 DEBUG 8956 --- [kground-preinit] o.apache.tomcat.util.digester.Digester   :   Fire begin() for ObjectCreateRule[className=org.apache.tomcat.util.modeler.OperationInfo, attributeName=null]
2019-05-11 11:06:13.539 DEBUG 8956 --- [kground-preinit] o.apache.tomcat.util.digester.Digester   : [ObjectCreateRule]{mbeans-descriptors/mbean/operation}New org.apache.tomcat.util.modeler.OperationInfo
2019-05-11 11:06:13.539 DEBUG 8956 --- [kground-preinit] o.apache.tomcat.util.digester.Digester   :   Fire begin() for SetPropertiesRule[]
2019-05-11 11:06:13.539 DEBUG 8956 --- [kground-preinit] o.apache.tomcat.util.digester.Digester   : [SetPropertiesRule]{mbeans-descriptors/mbean/operation} Set org.apache.tomcat.util.modeler.OperationInfo properties
2019-05-11 11:06:13.539 DEBUG 8956 --- [kground-preinit] o.apache.tomcat.util.digester.Digester   : [SetPropertiesRule]{mbeans-descriptors/mbean/operation} Setting property 'name' to 'addServletMapping'
2019-05-11 11:06:13.539 DEBUG 8956 --- [kground-preinit] o.apache.tomcat.util.IntrospectionUtils  : IntrospectionUtils: setProperty(class org.apache.tomcat.util.modeler.OperationInfo name=addServletMapping)
2019-05-11 11:06:13.539 DEBUG 8956 --- [kground-preinit] o.apache.tomcat.util.digester.Digester   : [SetPropertiesRule]{mbeans-descriptors/mbean/operation} Setting property 'description' to 'Add a new servlet mapping, replacing any existing mapping for the specified pattern.'
2019-05-11 11:06:13.540 DEBUG 8956 --- [kground-preinit] o.apache.tomcat.util.IntrospectionUtils  : IntrospectionUtils: setProperty(class org.apache.tomcat.util.modeler.OperationInfo description=Add a new servlet mapping, replacing any existing mapping for the specified pattern.)
2019-05-11 11:06:13.540 DEBUG 8956 --- [kground-preinit] o.apache.tomcat.util.digester.Digester   : [SetPropertiesRule]{mbeans-descriptors/mbean/operation} Setting property 'impact' to 'ACTION'
2019-05-11 11:06:13.540 DEBUG 8956 --- [kground-preinit] o.apache.tomcat.util.IntrospectionUtils  : IntrospectionUtils: setProperty(class org.apache.tomcat.util.modeler.OperationInfo impact=ACTION)
2019-05-11 11:06:13.540 DEBUG 8956 --- [kground-preinit] o.apache.tomcat.util.digester.Digester   : [SetPropertiesRule]{mbeans-descriptors/mbean/operation} Setting property 'returnType' to 'void'
2019-05-11 11:06:13.540 DEBUG 8956 --- [kground-preinit] o.apache.tomcat.util.IntrospectionUtils  : IntrospectionUtils: setProperty(class org.apache.tomcat.util.modeler.OperationInfo returnType=void)
2019-05-11 11:06:13.540 DEBUG 8956 --- [kground-preinit] o.apache.tomcat.util.digester.Digester   :   Fire begin() for SetNextRule[methodName=addOperation, paramType=org.apache.tomcat.util.modeler.OperationInfo]
2019-05-11 11:06:13.541 DEBUG 8956 --- [kground-preinit] o.a.tomcat.util.digester.Digester.sax    : characters(
      )
2019-05-11 11:06:13.541 DEBUG 8956 --- [kground-preinit] o.a.tomcat.util.digester.Digester.sax    : startElement(,,parameter)
2019-05-11 11:06:13.541 DEBUG 8956 --- [kground-preinit] o.apache.tomcat.util.digester.Digester   :   New match='mbeans-descriptors/mbean/operation/parameter'
2019-05-11 11:06:13.541 DEBUG 8956 --- [kground-preinit] o.apache.tomcat.util.digester.Digester   :   Fire begin() for ObjectCreateRule[className=org.apache.tomcat.util.modeler.ParameterInfo, attributeName=null]
2019-05-11 11:06:13.541 DEBUG 8956 --- [kground-preinit] o.apache.tomcat.util.digester.Digester   : [ObjectCreateRule]{mbeans-descriptors/mbean/operation/parameter}New org.apache.tomcat.util.modeler.ParameterInfo
2019-05-11 11:06:13.541 DEBUG 8956 --- [kground-preinit] o.apache.tomcat.util.digester.Digester   :   Fire begin() for SetPropertiesRule[]
2019-05-11 11:06:13.542 DEBUG 8956 --- [kground-preinit] o.apache.tomcat.util.digester.Digester   : [SetPropertiesRule]{mbeans-descriptors/mbean/operation/parameter} Set org.apache.tomcat.util.modeler.ParameterInfo properties
2019-05-11 11:06:13.542 DEBUG 8956 --- [kground-preinit] o.apache.tomcat.util.digester.Digester   : [SetPropertiesRule]{mbeans-descriptors/mbean/operation/parameter} Setting property 'name' to 'pattern'
2019-05-11 11:06:13.542 DEBUG 8956 --- [kground-preinit] o.apache.tomcat.util.IntrospectionUtils  : IntrospectionUtils: setProperty(class org.apache.tomcat.util.modeler.ParameterInfo name=pattern)
2019-05-11 11:06:13.542 DEBUG 8956 --- [kground-preinit] o.apache.tomcat.util.digester.Digester   : [SetPropertiesRule]{mbeans-descriptors/mbean/operation/parameter} Setting property 'description' to 'URL pattern to be mapped'
2019-05-11 11:06:13.542 DEBUG 8956 --- [kground-preinit] o.apache.tomcat.util.IntrospectionUtils  : IntrospectionUtils: setProperty(class org.apache.tomcat.util.modeler.ParameterInfo description=URL pattern to be mapped)
2019-05-11 11:06:13.542 DEBUG 8956 --- [kground-preinit] o.apache.tomcat.util.digester.Digester   : [SetPropertiesRule]{mbeans-descriptors/mbean/operation/parameter} Setting property 'type' to 'java.lang.String'
2019-05-11 11:06:13.542 DEBUG 8956 --- [kground-preinit] o.apache.tomcat.util.IntrospectionUtils  : IntrospectionUtils: setProperty(class org.apache.tomcat.util.modeler.ParameterInfo type=java.lang.String)
2019-05-11 11:06:13.542 DEBUG 8956 --- [kground-preinit] o.apache.tomcat.util.digester.Digester   :   Fire begin() for SetNextRule[methodName=addParameter, paramType=org.apache.tomcat.util.modeler.ParameterInfo]
2019-05-11 11:06:13.542 DEBUG 8956 --- [kground-preinit] o.a.tomcat.util.digester.Digester.sax    : endElement(,,parameter)
2019-05-11 11:06:13.543 DEBUG 8956 --- [kground-preinit] o.apache.tomcat.util.digester.Digester   :   match='mbeans-descriptors/mbean/operation/parameter'
2019-05-11 11:06:13.543 DEBUG 8956 --- [kground-preinit] o.apache.tomcat.util.digester.Digester   :   bodyText=''
2019-05-11 11:06:13.543 DEBUG 8956 --- [kground-preinit] o.apache.tomcat.util.digester.Digester   :   Fire body() for ObjectCreateRule[className=org.apache.tomcat.util.modeler.ParameterInfo, attributeName=null]
2019-05-11 11:06:13.543 DEBUG 8956 --- [kground-preinit] o.apache.tomcat.util.digester.Digester   :   Fire body() for SetPropertiesRule[]
2019-05-11 11:06:13.543 DEBUG 8956 --- [kground-preinit] o.apache.tomcat.util.digester.Digester   :   Fire body() for SetNextRule[methodName=addParameter, paramType=org.apache.tomcat.util.modeler.ParameterInfo]
2019-05-11 11:06:13.543 DEBUG 8956 --- [kground-preinit] o.apache.tomcat.util.digester.Digester   :   Fire end() for SetNextRule[methodName=addParameter, paramType=org.apache.tomcat.util.modeler.ParameterInfo]
2019-05-11 11:06:13.543 DEBUG 8956 --- [kground-preinit] o.apache.tomcat.util.digester.Digester   : [SetNextRule]{mbeans-descriptors/mbean/operation/parameter} Call org.apache.tomcat.util.modeler.OperationInfo.addParameter(org.apache.tomcat.util.modeler.ParameterInfo@65bdf5dc)
2019-05-11 11:06:13.543 DEBUG 8956 --- [kground-preinit] o.apache.tomcat.util.IntrospectionUtils  : IntrospectionUtils: callMethod1 org.apache.tomcat.util.modeler.OperationInfo org.apache.tomcat.util.modeler.ParameterInfo org.apache.tomcat.util.modeler.ParameterInfo
2019-05-11 11:06:13.543 DEBUG 8956 --- [kground-preinit] o.apache.tomcat.util.digester.Digester   :   Fire end() for SetPropertiesRule[]
2019-05-11 11:06:13.543 DEBUG 8956 --- [kground-preinit] o.apache.tomcat.util.digester.Digester   :   Fire end() for ObjectCreateRule[className=org.apache.tomcat.util.modeler.ParameterInfo, attributeName=null]
2019-05-11 11:06:13.543 DEBUG 8956 --- [kground-preinit] o.apache.tomcat.util.digester.Digester   : [ObjectCreateRule]{mbeans-descriptors/mbean/operation/parameter} Pop org.apache.tomcat.util.modeler.ParameterInfo
2019-05-11 11:06:13.543 DEBUG 8956 --- [kground-preinit] o.a.tomcat.util.digester.Digester.sax    : characters(
      )
2019-05-11 11:06:13.544 DEBUG 8956 --- [kground-preinit] o.a.tomcat.util.digester.Digester.sax    : startElement(,,parameter)
2019-05-11 11:06:13.545 DEBUG 8956 --- [kground-preinit] o.apache.tomcat.util.digester.Digester   :   New match='mbeans-descriptors/mbean/operation/parameter'
2019-05-11 11:06:13.545 DEBUG 8956 --- [kground-preinit] o.apache.tomcat.util.digester.Digester   :   Fire begin() for ObjectCreateRule[className=org.apache.tomcat.util.modeler.ParameterInfo, attributeName=null]
2019-05-11 11:06:13.545 DEBUG 8956 --- [kground-preinit] o.apache.tomcat.util.digester.Digester   : [ObjectCreateRule]{mbeans-descriptors/mbean/operation/parameter}New org.apache.tomcat.util.modeler.ParameterInfo
2019-05-11 11:06:13.545 DEBUG 8956 --- [kground-preinit] o.apache.tomcat.util.digester.Digester   :   Fire begin() for SetPropertiesRule[]
2019-05-11 11:06:13.545 DEBUG 8956 --- [kground-preinit] o.apache.tomcat.util.digester.Digester   : [SetPropertiesRule]{mbeans-descriptors/mbean/operation/parameter} Set org.apache.tomcat.util.modeler.ParameterInfo properties
2019-05-11 11:06:13.551 DEBUG 8956 --- [kground-preinit] o.apache.tomcat.util.digester.Digester   : [SetPropertiesRule]{mbeans-descriptors/mbean/operation/parameter} Setting property 'name' to 'name'
2019-05-11 11:06:13.552 DEBUG 8956 --- [kground-preinit] o.apache.tomcat.util.IntrospectionUtils  : IntrospectionUtils: setProperty(class org.apache.tomcat.util.modeler.ParameterInfo name=name)
2019-05-11 11:06:13.552 DEBUG 8956 --- [kground-preinit] o.apache.tomcat.util.digester.Digester   : [SetPropertiesRule]{mbeans-descriptors/mbean/operation/parameter} Setting property 'description' to 'Name of the corresponding servlet to execute'
2019-05-11 11:06:13.552 DEBUG 8956 --- [kground-preinit] o.apache.tomcat.util.IntrospectionUtils  : IntrospectionUtils: setProperty(class org.apache.tomcat.util.modeler.ParameterInfo description=Name of the corresponding servlet to execute)
2019-05-11 11:06:13.552 DEBUG 8956 --- [kground-preinit] o.apache.tomcat.util.digester.Digester   : [SetPropertiesRule]{mbeans-descriptors/mbean/operation/parameter} Setting property 'type' to 'java.lang.String'
2019-05-11 11:06:13.553 DEBUG 8956 --- [kground-preinit] o.apache.tomcat.util.IntrospectionUtils  : IntrospectionUtils: setProperty(class org.apache.tomcat.util.modeler.ParameterInfo type=java.lang.String)
2019-05-11 11:06:13.553 DEBUG 8956 --- [kground-preinit] o.apache.tomcat.util.digester.Digester   :   Fire begin() for SetNextRule[methodName=addParameter, paramType=org.apache.tomcat.util.modeler.ParameterInfo]
2019-05-11 11:06:13.553 DEBUG 8956 --- [kground-preinit] o.a.tomcat.util.digester.Digester.sax    : endElement(,,parameter)
2019-05-11 11:06:13.553 DEBUG 8956 --- [kground-preinit] o.apache.tomcat.util.digester.Digester   :   match='mbeans-descriptors/mbean/operation/parameter'
2019-05-11 11:06:13.553 DEBUG 8956 --- [kground-preinit] o.apache.tomcat.util.digester.Digester   :   bodyText=''
2019-05-11 11:06:13.554 DEBUG 8956 --- [kground-preinit] o.apache.tomcat.util.digester.Digester   :   Fire body() for ObjectCreateRule[className=org.apache.tomcat.util.modeler.ParameterInfo, attributeName=null]
2019-05-11 11:06:13.554 DEBUG 8956 --- [kground-preinit] o.apache.tomcat.util.digester.Digester   :   Fire body() for SetPropertiesRule[]
2019-05-11 11:06:13.554 DEBUG 8956 --- [kground-preinit] o.apache.tomcat.util.digester.Digester   :   Fire body() for SetNextRule[methodName=addParameter, paramType=org.apache.tomcat.util.modeler.ParameterInfo]
2019-05-11 11:06:13.554 DEBUG 8956 --- [kground-preinit] o.apache.tomcat.util.digester.Digester   :   Fire end() for SetNextRule[methodName=addParameter, paramType=org.apache.tomcat.util.modeler.ParameterInfo]
2019-05-11 11:06:13.554 DEBUG 8956 --- [kground-preinit] o.apache.tomcat.util.digester.Digester   : [SetNextRule]{mbeans-descriptors/mbean/operation/parameter} Call org.apache.tomcat.util.modeler.OperationInfo.addParameter(org.apache.tomcat.util.modeler.ParameterInfo@6f82e982)
2019-05-11 11:06:13.554 DEBUG 8956 --- [kground-preinit] o.apache.tomcat.util.IntrospectionUtils  : IntrospectionUtils: callMethod1 org.apache.tomcat.util.modeler.OperationInfo org.apache.tomcat.util.modeler.ParameterInfo org.apache.tomcat.util.modeler.ParameterInfo
2019-05-11 11:06:13.555 DEBUG 8956 --- [kground-preinit] o.apache.tomcat.util.digester.Digester   :   Fire end() for SetPropertiesRule[]
2019-05-11 11:06:13.555 DEBUG 8956 --- [kground-preinit] o.apache.tomcat.util.digester.Digester   :   Fire end() for ObjectCreateRule[className=org.apache.tomcat.util.modeler.ParameterInfo, attributeName=null]
2019-05-11 11:06:13.555 DEBUG 8956 --- [kground-preinit] o.apache.tomcat.util.digester.Digester   : [ObjectCreateRule]{mbeans-descriptors/mbean/operation/parameter} Pop org.apache.tomcat.util.modeler.ParameterInfo
2019-05-11 11:06:13.555 DEBUG 8956 --- [kground-preinit] o.a.tomcat.util.digester.Digester.sax    : characters(
      )
2019-05-11 11:06:13.556 DEBUG 8956 --- [kground-preinit] o.a.tomcat.util.digester.Digester.sax    : startElement(,,parameter)
2019-05-11 11:06:13.556 DEBUG 8956 --- [kground-preinit] o.apache.tomcat.util.digester.Digester   :   New match='mbeans-descriptors/mbean/operation/parameter'
2019-05-11 11:06:13.556 DEBUG 8956 --- [kground-preinit] o.apache.tomcat.util.digester.Digester   :   Fire begin() for ObjectCreateRule[className=org.apache.tomcat.util.modeler.ParameterInfo, attributeName=null]
2019-05-11 11:06:13.557 DEBUG 8956 --- [kground-preinit] o.apache.tomcat.util.digester.Digester   : [ObjectCreateRule]{mbeans-descriptors/mbean/operation/parameter}New org.apache.tomcat.util.modeler.ParameterInfo
2019-05-11 11:06:13.557 DEBUG 8956 --- [kground-preinit] o.apache.tomcat.util.digester.Digester   :   Fire begin() for SetPropertiesRule[]
2019-05-11 11:06:13.557 DEBUG 8956 --- [kground-preinit] o.apache.tomcat.util.digester.Digester   : [SetPropertiesRule]{mbeans-descriptors/mbean/operation/parameter} Set org.apache.tomcat.util.modeler.ParameterInfo properties
2019-05-11 11:06:13.557 DEBUG 8956 --- [kground-preinit] o.apache.tomcat.util.digester.Digester   : [SetPropertiesRule]{mbeans-descriptors/mbean/operation/parameter} Setting property 'name' to 'jspWildcard'
2019-05-11 11:06:13.557 DEBUG 8956 --- [kground-preinit] o.apache.tomcat.util.IntrospectionUtils  : IntrospectionUtils: setProperty(class org.apache.tomcat.util.modeler.ParameterInfo name=jspWildcard)
2019-05-11 11:06:13.557 DEBUG 8956 --- [kground-preinit] o.apache.tomcat.util.digester.Digester   : [SetPropertiesRule]{mbeans-descriptors/mbean/operation/parameter} Setting property 'description' to ''true' if name identifies the JspServlet and pattern contains a wildcard; 'false' otherwise'
2019-05-11 11:06:13.558 DEBUG 8956 --- [kground-preinit] o.apache.tomcat.util.IntrospectionUtils  : IntrospectionUtils: setProperty(class org.apache.tomcat.util.modeler.ParameterInfo description='true' if name identifies the JspServlet and pattern contains a wildcard; 'false' otherwise)
2019-05-11 11:06:13.558 DEBUG 8956 --- [kground-preinit] o.apache.tomcat.util.digester.Digester   : [SetPropertiesRule]{mbeans-descriptors/mbean/operation/parameter} Setting property 'type' to 'boolean'
2019-05-11 11:06:13.558 DEBUG 8956 --- [kground-preinit] o.apache.tomcat.util.IntrospectionUtils  : IntrospectionUtils: setProperty(class org.apache.tomcat.util.modeler.ParameterInfo type=boolean)
2019-05-11 11:06:13.558 DEBUG 8956 --- [kground-preinit] o.apache.tomcat.util.digester.Digester   :   Fire begin() for SetNextRule[methodName=addParameter, paramType=org.apache.tomcat.util.modeler.ParameterInfo]
2019-05-11 11:06:13.558 DEBUG 8956 --- [kground-preinit] o.a.tomcat.util.digester.Digester.sax    : endElement(,,parameter)
2019-05-11 11:06:13.558 DEBUG 8956 --- [kground-preinit] o.apache.tomcat.util.digester.Digester   :   match='mbeans-descriptors/mbean/operation/parameter'
2019-05-11 11:06:13.559 DEBUG 8956 --- [kground-preinit] o.apache.tomcat.util.digester.Digester   :   bodyText=''
2019-05-11 11:06:13.559 DEBUG 8956 --- [kground-preinit] o.apache.tomcat.util.digester.Digester   :   Fire body() for ObjectCreateRule[className=org.apache.tomcat.util.modeler.ParameterInfo, attributeName=null]
2019-05-11 11:06:13.559 DEBUG 8956 --- [kground-preinit] o.apache.tomcat.util.digester.Digester   :   Fire body() for SetPropertiesRule[]
2019-05-11 11:06:13.559 DEBUG 8956 --- [kground-preinit] o.apache.tomcat.util.digester.Digester   :   Fire body() for SetNextRule[methodName=addParameter, paramType=org.apache.tomcat.util.modeler.ParameterInfo]
2019-05-11 11:06:13.559 DEBUG 8956 --- [kground-preinit] o.apache.tomcat.util.digester.Digester   :   Fire end() for SetNextRule[methodName=addParameter, paramType=org.apache.tomcat.util.modeler.ParameterInfo]
2019-05-11 11:06:13.559 DEBUG 8956 --- [kground-preinit] o.apache.tomcat.util.digester.Digester   : [SetNextRule]{mbeans-descriptors/mbean/operation/parameter} Call org.apache.tomcat.util.modeler.OperationInfo.addParameter(org.apache.tomcat.util.modeler.ParameterInfo@4e6e5dbf)
2019-05-11 11:06:13.559 DEBUG 8956 --- [kground-preinit] o.apache.tomcat.util.IntrospectionUtils  : IntrospectionUtils: callMethod1 org.apache.tomcat.util.modeler.OperationInfo org.apache.tomcat.util.modeler.ParameterInfo org.apache.tomcat.util.modeler.ParameterInfo
2019-05-11 11:06:13.559 DEBUG 8956 --- [kground-preinit] o.apache.tomcat.util.digester.Digester   :   Fire end() for SetPropertiesRule[]
2019-05-11 11:06:13.560 DEBUG 8956 --- [kground-preinit] o.apache.tomcat.util.digester.Digester   :   Fire end() for ObjectCreateRule[className=org.apache.tomcat.util.modeler.ParameterInfo, attributeName=null]
2019-05-11 11:06:13.560 DEBUG 8956 --- [kground-preinit] o.apache.tomcat.util.digester.Digester   : [ObjectCreateRule]{mbeans-descriptors/mbean/operation/parameter} Pop org.apache.tomcat.util.modeler.ParameterInfo
2019-05-11 11:06:13.560 DEBUG 8956 --- [kground-preinit] o.a.tomcat.util.digester.Digester.sax    : characters(
    )
2019-05-11 11:06:13.560 DEBUG 8956 --- [kground-preinit] o.a.tomcat.util.digester.Digester.sax    : endElement(,,operation)
2019-05-11 11:06:13.560 DEBUG 8956 --- [kground-preinit] o.apache.tomcat.util.digester.Digester   :   match='mbeans-descriptors/mbean/operation'
2019-05-11 11:06:13.560 DEBUG 8956 --- [kground-preinit] o.apache.tomcat.util.digester.Digester   :   bodyText='
      
      
      
    '
2019-05-11 11:06:13.560 DEBUG 8956 --- [kground-preinit] o.apache.tomcat.util.digester.Digester   :   Fire body() for ObjectCreateRule[className=org.apache.tomcat.util.modeler.OperationInfo, attributeName=null]
2019-05-11 11:06:13.560 DEBUG 8956 --- [kground-preinit] o.apache.tomcat.util.digester.Digester   :   Fire body() for SetPropertiesRule[]
2019-05-11 11:06:13.561 DEBUG 8956 --- [kground-preinit] o.apache.tomcat.util.digester.Digester   :   Fire body() for SetNextRule[methodName=addOperation, paramType=org.apache.tomcat.util.modeler.OperationInfo]
2019-05-11 11:06:13.561 DEBUG 8956 --- [kground-preinit] o.apache.tomcat.util.digester.Digester   :   Fire end() for SetNextRule[methodName=addOperation, paramType=org.apache.tomcat.util.modeler.OperationInfo]
2019-05-11 11:06:13.561 DEBUG 8956 --- [kground-preinit] o.apache.tomcat.util.digester.Digester   : [SetNextRule]{mbeans-descriptors/mbean/operation} Call org.apache.tomcat.util.modeler.ManagedBean.addOperation(org.apache.tomcat.util.modeler.OperationInfo@19788233)
2019-05-11 11:06:13.561 DEBUG 8956 --- [kground-preinit] o.apache.tomcat.util.IntrospectionUtils  : IntrospectionUtils: callMethod1 org.apache.tomcat.util.modeler.ManagedBean org.apache.tomcat.util.modeler.OperationInfo org.apache.tomcat.util.modeler.OperationInfo
2019-05-11 11:06:13.561 DEBUG 8956 --- [kground-preinit] o.apache.tomcat.util.digester.Digester   :   Fire end() for SetPropertiesRule[]
2019-05-11 11:06:13.561 DEBUG 8956 --- [kground-preinit] o.apache.tomcat.util.digester.Digester   :   Fire end() for ObjectCreateRule[className=org.apache.tomcat.util.modeler.OperationInfo, attributeName=null]
2019-05-11 11:06:13.561 DEBUG 8956 --- [kground-preinit] o.apache.tomcat.util.digester.Digester   : [ObjectCreateRule]{mbeans-descriptors/mbean/operation} Pop org.apache.tomcat.util.modeler.OperationInfo
2019-05-11 11:06:13.561 DEBUG 8956 --- [kground-preinit] o.a.tomcat.util.digester.Digester.sax    : characters(

    )
2019-05-11 11:06:13.562 DEBUG 8956 --- [kground-preinit] o.a.tomcat.util.digester.Digester.sax    : startElement(,,operation)
2019-05-11 11:06:13.562 DEBUG 8956 --- [kground-preinit] o.apache.tomcat.util.digester.Digester   :   New match='mbeans-descriptors/mbean/operation'
2019-05-11 11:06:13.562 DEBUG 8956 --- [kground-preinit] o.apache.tomcat.util.digester.Digester   :   Fire begin() for ObjectCreateRule[className=org.apache.tomcat.util.modeler.OperationInfo, attributeName=null]
2019-05-11 11:06:13.562 DEBUG 8956 --- [kground-preinit] o.apache.tomcat.util.digester.Digester   : [ObjectCreateRule]{mbeans-descriptors/mbean/operation}New org.apache.tomcat.util.modeler.OperationInfo
2019-05-11 11:06:13.562 DEBUG 8956 --- [kground-preinit] o.apache.tomcat.util.digester.Digester   :   Fire begin() for SetPropertiesRule[]
2019-05-11 11:06:13.562 DEBUG 8956 --- [kground-preinit] o.apache.tomcat.util.digester.Digester   : [SetPropertiesRule]{mbeans-descriptors/mbean/operation} Set org.apache.tomcat.util.modeler.OperationInfo properties
2019-05-11 11:06:13.563 DEBUG 8956 --- [kground-preinit] o.apache.tomcat.util.digester.Digester   : [SetPropertiesRule]{mbeans-descriptors/mbean/operation} Setting property 'name' to 'addValve'
2019-05-11 11:06:13.563 DEBUG 8956 --- [kground-preinit] o.apache.tomcat.util.IntrospectionUtils  : IntrospectionUtils: setProperty(class org.apache.tomcat.util.modeler.OperationInfo name=addValve)
2019-05-11 11:06:13.563 DEBUG 8956 --- [kground-preinit] o.apache.tomcat.util.digester.Digester   : [SetPropertiesRule]{mbeans-descriptors/mbean/operation} Setting property 'description' to 'Add a valve to this Context'
2019-05-11 11:06:13.563 DEBUG 8956 --- [kground-preinit] o.apache.tomcat.util.IntrospectionUtils  : IntrospectionUtils: setProperty(class org.apache.tomcat.util.modeler.OperationInfo description=Add a valve to this Context)
2019-05-11 11:06:13.563 DEBUG 8956 --- [kground-preinit] o.apache.tomcat.util.digester.Digester   : [SetPropertiesRule]{mbeans-descriptors/mbean/operation} Setting property 'impact' to 'ACTION'
2019-05-11 11:06:13.563 DEBUG 8956 --- [kground-preinit] o.apache.tomcat.util.IntrospectionUtils  : IntrospectionUtils: setProperty(class org.apache.tomcat.util.modeler.OperationInfo impact=ACTION)
2019-05-11 11:06:13.563 DEBUG 8956 --- [kground-preinit] o.apache.tomcat.util.digester.Digester   : [SetPropertiesRule]{mbeans-descriptors/mbean/operation} Setting property 'returnType' to 'java.lang.String'
2019-05-11 11:06:13.563 DEBUG 8956 --- [kground-preinit] o.apache.tomcat.util.IntrospectionUtils  : IntrospectionUtils: setProperty(class org.apache.tomcat.util.modeler.OperationInfo returnType=java.lang.String)
2019-05-11 11:06:13.564 DEBUG 8956 --- [kground-preinit] o.apache.tomcat.util.digester.Digester   :   Fire begin() for SetNextRule[methodName=addOperation, paramType=org.apache.tomcat.util.modeler.OperationInfo]
2019-05-11 11:06:13.564 DEBUG 8956 --- [kground-preinit] o.a.tomcat.util.digester.Digester.sax    : characters(
      )
2019-05-11 11:06:13.564 DEBUG 8956 --- [kground-preinit] o.a.tomcat.util.digester.Digester.sax    : startElement(,,parameter)
2019-05-11 11:06:13.564 DEBUG 8956 --- [kground-preinit] o.apache.tomcat.util.digester.Digester   :   New match='mbeans-descriptors/mbean/operation/parameter'
2019-05-11 11:06:13.564 DEBUG 8956 --- [kground-preinit] o.apache.tomcat.util.digester.Digester   :   Fire begin() for ObjectCreateRule[className=org.apache.tomcat.util.modeler.ParameterInfo, attributeName=null]
2019-05-11 11:06:13.564 DEBUG 8956 --- [kground-preinit] o.apache.tomcat.util.digester.Digester   : [ObjectCreateRule]{mbeans-descriptors/mbean/operation/parameter}New org.apache.tomcat.util.modeler.ParameterInfo
2019-05-11 11:06:13.564 DEBUG 8956 --- [kground-preinit] o.apache.tomcat.util.digester.Digester   :   Fire begin() for SetPropertiesRule[]
2019-05-11 11:06:13.565 DEBUG 8956 --- [kground-preinit] o.apache.tomcat.util.digester.Digester   : [SetPropertiesRule]{mbeans-descriptors/mbean/operation/parameter} Set org.apache.tomcat.util.modeler.ParameterInfo properties
2019-05-11 11:06:13.565 DEBUG 8956 --- [kground-preinit] o.apache.tomcat.util.digester.Digester   : [SetPropertiesRule]{mbeans-descriptors/mbean/operation/parameter} Setting property 'name' to 'valveType'
2019-05-11 11:06:13.565 DEBUG 8956 --- [kground-preinit] o.apache.tomcat.util.IntrospectionUtils  : IntrospectionUtils: setProperty(class org.apache.tomcat.util.modeler.ParameterInfo name=valveType)
2019-05-11 11:06:13.565 DEBUG 8956 --- [kground-preinit] o.apache.tomcat.util.digester.Digester   : [SetPropertiesRule]{mbeans-descriptors/mbean/operation/parameter} Setting property 'description' to 'Type(classname) of the new valve to be added'
2019-05-11 11:06:13.565 DEBUG 8956 --- [kground-preinit] o.apache.tomcat.util.IntrospectionUtils  : IntrospectionUtils: setProperty(class org.apache.tomcat.util.modeler.ParameterInfo description=Type(classname) of the new valve to be added)
2019-05-11 11:06:13.565 DEBUG 8956 --- [kground-preinit] o.apache.tomcat.util.digester.Digester   : [SetPropertiesRule]{mbeans-descriptors/mbean/operation/parameter} Setting property 'type' to 'java.lang.String'
2019-05-11 11:06:13.565 DEBUG 8956 --- [kground-preinit] o.apache.tomcat.util.IntrospectionUtils  : IntrospectionUtils: setProperty(class org.apache.tomcat.util.modeler.ParameterInfo type=java.lang.String)
2019-05-11 11:06:13.565 DEBUG 8956 --- [kground-preinit] o.apache.tomcat.util.digester.Digester   :   Fire begin() for SetNextRule[methodName=addParameter, paramType=org.apache.tomcat.util.modeler.ParameterInfo]
2019-05-11 11:06:13.566 DEBUG 8956 --- [kground-preinit] o.a.tomcat.util.digester.Digester.sax    : endElement(,,parameter)
2019-05-11 11:06:13.566 DEBUG 8956 --- [kground-preinit] o.apache.tomcat.util.digester.Digester   :   match='mbeans-descriptors/mbean/operation/parameter'
2019-05-11 11:06:13.566 DEBUG 8956 --- [kground-preinit] o.apache.tomcat.util.digester.Digester   :   bodyText=''
2019-05-11 11:06:13.566 DEBUG 8956 --- [kground-preinit] o.apache.tomcat.util.digester.Digester   :   Fire body() for ObjectCreateRule[className=org.apache.tomcat.util.modeler.ParameterInfo, attributeName=null]
2019-05-11 11:06:13.566 DEBUG 8956 --- [kground-preinit] o.apache.tomcat.util.digester.Digester   :   Fire body() for SetPropertiesRule[]
2019-05-11 11:06:13.566 DEBUG 8956 --- [kground-preinit] o.apache.tomcat.util.digester.Digester   :   Fire body() for SetNextRule[methodName=addParameter, paramType=org.apache.tomcat.util.modeler.ParameterInfo]
2019-05-11 11:06:13.566 DEBUG 8956 --- [kground-preinit] o.apache.tomcat.util.digester.Digester   :   Fire end() for SetNextRule[methodName=addParameter, paramType=org.apache.tomcat.util.modeler.ParameterInfo]
2019-05-11 11:06:13.566 DEBUG 8956 --- [kground-preinit] o.apache.tomcat.util.digester.Digester   : [SetNextRule]{mbeans-descriptors/mbean/operation/parameter} Call org.apache.tomcat.util.modeler.OperationInfo.addParameter(org.apache.tomcat.util.modeler.ParameterInfo@136197d5)
2019-05-11 11:06:13.567 DEBUG 8956 --- [kground-preinit] o.apache.tomcat.util.IntrospectionUtils  : IntrospectionUtils: callMethod1 org.apache.tomcat.util.modeler.OperationInfo org.apache.tomcat.util.modeler.ParameterInfo org.apache.tomcat.util.modeler.ParameterInfo
2019-05-11 11:06:13.567 DEBUG 8956 --- [kground-preinit] o.apache.tomcat.util.digester.Digester   :   Fire end() for SetPropertiesRule[]
2019-05-11 11:06:13.567 DEBUG 8956 --- [kground-preinit] o.apache.tomcat.util.digester.Digester   :   Fire end() for ObjectCreateRule[className=org.apache.tomcat.util.modeler.ParameterInfo, attributeName=null]
2019-05-11 11:06:13.567 DEBUG 8956 --- [kground-preinit] o.apache.tomcat.util.digester.Digester   : [ObjectCreateRule]{mbeans-descriptors/mbean/operation/parameter} Pop org.apache.tomcat.util.modeler.ParameterInfo
2019-05-11 11:06:13.567 DEBUG 8956 --- [kground-preinit] o.a.tomcat.util.digester.Digester.sax    : characters(
    )
2019-05-11 11:06:13.567 DEBUG 8956 --- [kground-preinit] o.a.tomcat.util.digester.Digester.sax    : endElement(,,operation)
2019-05-11 11:06:13.567 DEBUG 8956 --- [kground-preinit] o.apache.tomcat.util.digester.Digester   :   match='mbeans-descriptors/mbean/operation'
2019-05-11 11:06:13.568 DEBUG 8956 --- [kground-preinit] o.apache.tomcat.util.digester.Digester   :   bodyText='
      
    '
2019-05-11 11:06:13.572 DEBUG 8956 --- [kground-preinit] o.apache.tomcat.util.digester.Digester   :   Fire body() for ObjectCreateRule[className=org.apache.tomcat.util.modeler.OperationInfo, attributeName=null]
2019-05-11 11:06:13.572 DEBUG 8956 --- [kground-preinit] o.apache.tomcat.util.digester.Digester   :   Fire body() for SetPropertiesRule[]
2019-05-11 11:06:13.573 DEBUG 8956 --- [kground-preinit] o.apache.tomcat.util.digester.Digester   :   Fire body() for SetNextRule[methodName=addOperation, paramType=org.apache.tomcat.util.modeler.OperationInfo]
2019-05-11 11:06:13.573 DEBUG 8956 --- [kground-preinit] o.apache.tomcat.util.digester.Digester   :   Fire end() for SetNextRule[methodName=addOperation, paramType=org.apache.tomcat.util.modeler.OperationInfo]
2019-05-11 11:06:13.573 DEBUG 8956 --- [kground-preinit] o.apache.tomcat.util.digester.Digester   : [SetNextRule]{mbeans-descriptors/mbean/operation} Call org.apache.tomcat.util.modeler.ManagedBean.addOperation(org.apache.tomcat.util.modeler.OperationInfo@6b57b2c2)
2019-05-11 11:06:13.573 DEBUG 8956 --- [kground-preinit] o.apache.tomcat.util.IntrospectionUtils  : IntrospectionUtils: callMethod1 org.apache.tomcat.util.modeler.ManagedBean org.apache.tomcat.util.modeler.OperationInfo org.apache.tomcat.util.modeler.OperationInfo
2019-05-11 11:06:13.573 DEBUG 8956 --- [kground-preinit] o.apache.tomcat.util.digester.Digester   :   Fire end() for SetPropertiesRule[]
2019-05-11 11:06:13.573 DEBUG 8956 --- [kground-preinit] o.apache.tomcat.util.digester.Digester   :   Fire end() for ObjectCreateRule[className=org.apache.tomcat.util.modeler.OperationInfo, attributeName=null]
2019-05-11 11:06:13.573 DEBUG 8956 --- [kground-preinit] o.apache.tomcat.util.digester.Digester   : [ObjectCreateRule]{mbeans-descriptors/mbean/operation} Pop org.apache.tomcat.util.modeler.OperationInfo
2019-05-11 11:06:13.574 DEBUG 8956 --- [kground-preinit] o.a.tomcat.util.digester.Digester.sax    : characters(

    )
2019-05-11 11:06:13.574 DEBUG 8956 --- [kground-preinit] o.a.tomcat.util.digester.Digester.sax    : startElement(,,operation)
2019-05-11 11:06:13.574 DEBUG 8956 --- [kground-preinit] o.apache.tomcat.util.digester.Digester   :   New match='mbeans-descriptors/mbean/operation'
2019-05-11 11:06:13.574 DEBUG 8956 --- [kground-preinit] o.apache.tomcat.util.digester.Digester   :   Fire begin() for ObjectCreateRule[className=org.apache.tomcat.util.modeler.OperationInfo, attributeName=null]
2019-05-11 11:06:13.574 DEBUG 8956 --- [kground-preinit] o.apache.tomcat.util.digester.Digester   : [ObjectCreateRule]{mbeans-descriptors/mbean/operation}New org.apache.tomcat.util.modeler.OperationInfo
2019-05-11 11:06:13.574 DEBUG 8956 --- [kground-preinit] o.apache.tomcat.util.digester.Digester   :   Fire begin() for SetPropertiesRule[]
2019-05-11 11:06:13.574 DEBUG 8956 --- [kground-preinit] o.apache.tomcat.util.digester.Digester   : [SetPropertiesRule]{mbeans-descriptors/mbean/operation} Set org.apache.tomcat.util.modeler.OperationInfo properties
2019-05-11 11:06:13.575 DEBUG 8956 --- [kground-preinit] o.apache.tomcat.util.digester.Digester   : [SetPropertiesRule]{mbeans-descriptors/mbean/operation} Setting property 'name' to 'addWatchedResource'
2019-05-11 11:06:13.575 DEBUG 8956 --- [kground-preinit] o.apache.tomcat.util.IntrospectionUtils  : IntrospectionUtils: setProperty(class org.apache.tomcat.util.modeler.OperationInfo name=addWatchedResource)
2019-05-11 11:06:13.575 DEBUG 8956 --- [kground-preinit] o.apache.tomcat.util.digester.Digester   : [SetPropertiesRule]{mbeans-descriptors/mbean/operation} Setting property 'description' to ' Add a resource which will be watched for reloading by the host auto deployer.'
2019-05-11 11:06:13.575 DEBUG 8956 --- [kground-preinit] o.apache.tomcat.util.IntrospectionUtils  : IntrospectionUtils: setProperty(class org.apache.tomcat.util.modeler.OperationInfo description= Add a resource which will be watched for reloading by the host auto deployer.)
2019-05-11 11:06:13.575 DEBUG 8956 --- [kground-preinit] o.apache.tomcat.util.digester.Digester   : [SetPropertiesRule]{mbeans-descriptors/mbean/operation} Setting property 'impact' to 'ACTION'
2019-05-11 11:06:13.576 DEBUG 8956 --- [kground-preinit] o.apache.tomcat.util.IntrospectionUtils  : IntrospectionUtils: setProperty(class org.apache.tomcat.util.modeler.OperationInfo impact=ACTION)
2019-05-11 11:06:13.576 DEBUG 8956 --- [kground-preinit] o.apache.tomcat.util.digester.Digester   : [SetPropertiesRule]{mbeans-descriptors/mbean/operation} Setting property 'returnType' to 'void'
2019-05-11 11:06:13.576 DEBUG 8956 --- [kground-preinit] o.apache.tomcat.util.IntrospectionUtils  : IntrospectionUtils: setProperty(class org.apache.tomcat.util.modeler.OperationInfo returnType=void)
2019-05-11 11:06:13.576 DEBUG 8956 --- [kground-preinit] o.apache.tomcat.util.digester.Digester   :   Fire begin() for SetNextRule[methodName=addOperation, paramType=org.apache.tomcat.util.modeler.OperationInfo]
2019-05-11 11:06:13.576 DEBUG 8956 --- [kground-preinit] o.a.tomcat.util.digester.Digester.sax    : characters(
      )
2019-05-11 11:06:13.576 DEBUG 8956 --- [kground-preinit] o.a.tomcat.util.digester.Digester.sax    : startElement(,,parameter)
2019-05-11 11:06:13.576 DEBUG 8956 --- [kground-preinit] o.apache.tomcat.util.digester.Digester   :   New match='mbeans-descriptors/mbean/operation/parameter'
2019-05-11 11:06:13.577 DEBUG 8956 --- [kground-preinit] o.apache.tomcat.util.digester.Digester   :   Fire begin() for ObjectCreateRule[className=org.apache.tomcat.util.modeler.ParameterInfo, attributeName=null]
2019-05-11 11:06:13.577 DEBUG 8956 --- [kground-preinit] o.apache.tomcat.util.digester.Digester   : [ObjectCreateRule]{mbeans-descriptors/mbean/operation/parameter}New org.apache.tomcat.util.modeler.ParameterInfo
2019-05-11 11:06:13.577 DEBUG 8956 --- [kground-preinit] o.apache.tomcat.util.digester.Digester   :   Fire begin() for SetPropertiesRule[]
2019-05-11 11:06:13.577 DEBUG 8956 --- [kground-preinit] o.apache.tomcat.util.digester.Digester   : [SetPropertiesRule]{mbeans-descriptors/mbean/operation/parameter} Set org.apache.tomcat.util.modeler.ParameterInfo properties
2019-05-11 11:06:13.577 DEBUG 8956 --- [kground-preinit] o.apache.tomcat.util.digester.Digester   : [SetPropertiesRule]{mbeans-descriptors/mbean/operation/parameter} Setting property 'name' to 'name'
2019-05-11 11:06:13.577 DEBUG 8956 --- [kground-preinit] o.apache.tomcat.util.IntrospectionUtils  : IntrospectionUtils: setProperty(class org.apache.tomcat.util.modeler.ParameterInfo name=name)
2019-05-11 11:06:13.577 DEBUG 8956 --- [kground-preinit] o.apache.tomcat.util.digester.Digester   : [SetPropertiesRule]{mbeans-descriptors/mbean/operation/parameter} Setting property 'description' to 'Path to the resource, either absolute or relative to docBase'
2019-05-11 11:06:13.578 DEBUG 8956 --- [kground-preinit] o.apache.tomcat.util.IntrospectionUtils  : IntrospectionUtils: setProperty(class org.apache.tomcat.util.modeler.ParameterInfo description=Path to the resource, either absolute or relative to docBase)
2019-05-11 11:06:13.578 DEBUG 8956 --- [kground-preinit] o.apache.tomcat.util.digester.Digester   : [SetPropertiesRule]{mbeans-descriptors/mbean/operation/parameter} Setting property 'type' to 'java.lang.String'
2019-05-11 11:06:13.578 DEBUG 8956 --- [kground-preinit] o.apache.tomcat.util.IntrospectionUtils  : IntrospectionUtils: setProperty(class org.apache.tomcat.util.modeler.ParameterInfo type=java.lang.String)
2019-05-11 11:06:13.578 DEBUG 8956 --- [kground-preinit] o.apache.tomcat.util.digester.Digester   :   Fire begin() for SetNextRule[methodName=addParameter, paramType=org.apache.tomcat.util.modeler.ParameterInfo]
2019-05-11 11:06:13.578 DEBUG 8956 --- [kground-preinit] o.a.tomcat.util.digester.Digester.sax    : endElement(,,parameter)
2019-05-11 11:06:13.578 DEBUG 8956 --- [kground-preinit] o.apache.tomcat.util.digester.Digester   :   match='mbeans-descriptors/mbean/operation/parameter'
2019-05-11 11:06:13.578 DEBUG 8956 --- [kground-preinit] o.apache.tomcat.util.digester.Digester   :   bodyText=''
2019-05-11 11:06:13.579 DEBUG 8956 --- [kground-preinit] o.apache.tomcat.util.digester.Digester   :   Fire body() for ObjectCreateRule[className=org.apache.tomcat.util.modeler.ParameterInfo, attributeName=null]
2019-05-11 11:06:13.579 DEBUG 8956 --- [kground-preinit] o.apache.tomcat.util.digester.Digester   :   Fire body() for SetPropertiesRule[]
2019-05-11 11:06:13.579 DEBUG 8956 --- [kground-preinit] o.apache.tomcat.util.digester.Digester   :   Fire body() for SetNextRule[methodName=addParameter, paramType=org.apache.tomcat.util.modeler.ParameterInfo]
2019-05-11 11:06:13.579 DEBUG 8956 --- [kground-preinit] o.apache.tomcat.util.digester.Digester   :   Fire end() for SetNextRule[methodName=addParameter, paramType=org.apache.tomcat.util.modeler.ParameterInfo]
2019-05-11 11:06:13.579 DEBUG 8956 --- [kground-preinit] o.apache.tomcat.util.digester.Digester   : [SetNextRule]{mbeans-descriptors/mbean/operation/parameter} Call org.apache.tomcat.util.modeler.OperationInfo.addParameter(org.apache.tomcat.util.modeler.ParameterInfo@57e899b2)
2019-05-11 11:06:13.579 DEBUG 8956 --- [kground-preinit] o.apache.tomcat.util.IntrospectionUtils  : IntrospectionUtils: callMethod1 org.apache.tomcat.util.modeler.OperationInfo org.apache.tomcat.util.modeler.ParameterInfo org.apache.tomcat.util.modeler.ParameterInfo
2019-05-11 11:06:13.579 DEBUG 8956 --- [kground-preinit] o.apache.tomcat.util.digester.Digester   :   Fire end() for SetPropertiesRule[]
2019-05-11 11:06:13.580 DEBUG 8956 --- [kground-preinit] o.apache.tomcat.util.digester.Digester   :   Fire end() for ObjectCreateRule[className=org.apache.tomcat.util.modeler.ParameterInfo, attributeName=null]
2019-05-11 11:06:13.580 DEBUG 8956 --- [kground-preinit] o.apache.tomcat.util.digester.Digester   : [ObjectCreateRule]{mbeans-descriptors/mbean/operation/parameter} Pop org.apache.tomcat.util.modeler.ParameterInfo
2019-05-11 11:06:13.580 DEBUG 8956 --- [kground-preinit] o.a.tomcat.util.digester.Digester.sax    : characters(
    )
2019-05-11 11:06:13.580 DEBUG 8956 --- [kground-preinit] o.a.tomcat.util.digester.Digester.sax    : endElement(,,operation)
2019-05-11 11:06:13.580 DEBUG 8956 --- [kground-preinit] o.apache.tomcat.util.digester.Digester   :   match='mbeans-descriptors/mbean/operation'
2019-05-11 11:06:13.580 DEBUG 8956 --- [kground-preinit] o.apache.tomcat.util.digester.Digester   :   bodyText='
      
    '
2019-05-11 11:06:13.580 DEBUG 8956 --- [kground-preinit] o.apache.tomcat.util.digester.Digester   :   Fire body() for ObjectCreateRule[className=org.apache.tomcat.util.modeler.OperationInfo, attributeName=null]
2019-05-11 11:06:13.580 DEBUG 8956 --- [kground-preinit] o.apache.tomcat.util.digester.Digester   :   Fire body() for SetPropertiesRule[]
2019-05-11 11:06:13.581 DEBUG 8956 --- [kground-preinit] o.apache.tomcat.util.digester.Digester   :   Fire body() for SetNextRule[methodName=addOperation, paramType=org.apache.tomcat.util.modeler.OperationInfo]
2019-05-11 11:06:13.581 DEBUG 8956 --- [kground-preinit] o.apache.tomcat.util.digester.Digester   :   Fire end() for SetNextRule[methodName=addOperation, paramType=org.apache.tomcat.util.modeler.OperationInfo]
2019-05-11 11:06:13.581 DEBUG 8956 --- [kground-preinit] o.apache.tomcat.util.digester.Digester   : [SetNextRule]{mbeans-descriptors/mbean/operation} Call org.apache.tomcat.util.modeler.ManagedBean.addOperation(org.apache.tomcat.util.modeler.OperationInfo@adce066)
2019-05-11 11:06:13.581 DEBUG 8956 --- [kground-preinit] o.apache.tomcat.util.IntrospectionUtils  : IntrospectionUtils: callMethod1 org.apache.tomcat.util.modeler.ManagedBean org.apache.tomcat.util.modeler.OperationInfo org.apache.tomcat.util.modeler.OperationInfo
2019-05-11 11:06:13.601 DEBUG 8956 --- [kground-preinit] o.apache.tomcat.util.digester.Digester   :   Fire end() for SetPropertiesRule[]
2019-05-11 11:06:13.602 DEBUG 8956 --- [kground-preinit] o.apache.tomcat.util.digester.Digester   :   Fire end() for ObjectCreateRule[className=org.apache.tomcat.util.modeler.OperationInfo, attributeName=null]
2019-05-11 11:06:13.602 DEBUG 8956 --- [kground-preinit] o.apache.tomcat.util.digester.Digester   : [ObjectCreateRule]{mbeans-descriptors/mbean/operation} Pop org.apache.tomcat.util.modeler.OperationInfo
2019-05-11 11:06:13.602 DEBUG 8956 --- [kground-preinit] o.a.tomcat.util.digester.Digester.sax    : characters(

    )
2019-05-11 11:06:13.602 DEBUG 8956 --- [kground-preinit] o.a.tomcat.util.digester.Digester.sax    : startElement(,,operation)
2019-05-11 11:06:13.602 DEBUG 8956 --- [kground-preinit] o.apache.tomcat.util.digester.Digester   :   New match='mbeans-descriptors/mbean/operation'
2019-05-11 11:06:13.602 DEBUG 8956 --- [kground-preinit] o.apache.tomcat.util.digester.Digester   :   Fire begin() for ObjectCreateRule[className=org.apache.tomcat.util.modeler.OperationInfo, attributeName=null]
2019-05-11 11:06:13.602 DEBUG 8956 --- [kground-preinit] o.apache.tomcat.util.digester.Digester   : [ObjectCreateRule]{mbeans-descriptors/mbean/operation}New org.apache.tomcat.util.modeler.OperationInfo
2019-05-11 11:06:13.603 DEBUG 8956 --- [kground-preinit] o.apache.tomcat.util.digester.Digester   :   Fire begin() for SetPropertiesRule[]
2019-05-11 11:06:13.603 DEBUG 8956 --- [kground-preinit] o.apache.tomcat.util.digester.Digester   : [SetPropertiesRule]{mbeans-descriptors/mbean/operation} Set org.apache.tomcat.util.modeler.OperationInfo properties
2019-05-11 11:06:13.603 DEBUG 8956 --- [kground-preinit] o.apache.tomcat.util.digester.Digester   : [SetPropertiesRule]{mbeans-descriptors/mbean/operation} Setting property 'name' to 'addWelcomeFile'
2019-05-11 11:06:13.603 DEBUG 8956 --- [kground-preinit] o.apache.tomcat.util.IntrospectionUtils  : IntrospectionUtils: setProperty(class org.apache.tomcat.util.modeler.OperationInfo name=addWelcomeFile)
2019-05-11 11:06:13.603 DEBUG 8956 --- [kground-preinit] o.apache.tomcat.util.digester.Digester   : [SetPropertiesRule]{mbeans-descriptors/mbean/operation} Setting property 'description' to 'Add a new welcome file to the set recognized by this Context.'
2019-05-11 11:06:13.603 DEBUG 8956 --- [kground-preinit] o.apache.tomcat.util.IntrospectionUtils  : IntrospectionUtils: setProperty(class org.apache.tomcat.util.modeler.OperationInfo description=Add a new welcome file to the set recognized by this Context.)
2019-05-11 11:06:13.603 DEBUG 8956 --- [kground-preinit] o.apache.tomcat.util.digester.Digester   : [SetPropertiesRule]{mbeans-descriptors/mbean/operation} Setting property 'impact' to 'ACTION'
2019-05-11 11:06:13.604 DEBUG 8956 --- [kground-preinit] o.apache.tomcat.util.IntrospectionUtils  : IntrospectionUtils: setProperty(class org.apache.tomcat.util.modeler.OperationInfo impact=ACTION)
2019-05-11 11:06:13.604 DEBUG 8956 --- [kground-preinit] o.apache.tomcat.util.digester.Digester   : [SetPropertiesRule]{mbeans-descriptors/mbean/operation} Setting property 'returnType' to 'void'
2019-05-11 11:06:13.604 DEBUG 8956 --- [kground-preinit] o.apache.tomcat.util.IntrospectionUtils  : IntrospectionUtils: setProperty(class org.apache.tomcat.util.modeler.OperationInfo returnType=void)
2019-05-11 11:06:13.604 DEBUG 8956 --- [kground-preinit] o.apache.tomcat.util.digester.Digester   :   Fire begin() for SetNextRule[methodName=addOperation, paramType=org.apache.tomcat.util.modeler.OperationInfo]
2019-05-11 11:06:13.604 DEBUG 8956 --- [kground-preinit] o.a.tomcat.util.digester.Digester.sax    : characters(
      )
2019-05-11 11:06:13.604 DEBUG 8956 --- [kground-preinit] o.a.tomcat.util.digester.Digester.sax    : startElement(,,parameter)
2019-05-11 11:06:13.604 DEBUG 8956 --- [kground-preinit] o.apache.tomcat.util.digester.Digester   :   New match='mbeans-descriptors/mbean/operation/parameter'
2019-05-11 11:06:13.605 DEBUG 8956 --- [kground-preinit] o.apache.tomcat.util.digester.Digester   :   Fire begin() for ObjectCreateRule[className=org.apache.tomcat.util.modeler.ParameterInfo, attributeName=null]
2019-05-11 11:06:13.605 DEBUG 8956 --- [kground-preinit] o.apache.tomcat.util.digester.Digester   : [ObjectCreateRule]{mbeans-descriptors/mbean/operation/parameter}New org.apache.tomcat.util.modeler.ParameterInfo
2019-05-11 11:06:13.605 DEBUG 8956 --- [kground-preinit] o.apache.tomcat.util.digester.Digester   :   Fire begin() for SetPropertiesRule[]
2019-05-11 11:06:13.605 DEBUG 8956 --- [kground-preinit] o.apache.tomcat.util.digester.Digester   : [SetPropertiesRule]{mbeans-descriptors/mbean/operation/parameter} Set org.apache.tomcat.util.modeler.ParameterInfo properties
2019-05-11 11:06:13.605 DEBUG 8956 --- [kground-preinit] o.apache.tomcat.util.digester.Digester   : [SetPropertiesRule]{mbeans-descriptors/mbean/operation/parameter} Setting property 'name' to 'name'
2019-05-11 11:06:13.605 DEBUG 8956 --- [kground-preinit] o.apache.tomcat.util.IntrospectionUtils  : IntrospectionUtils: setProperty(class org.apache.tomcat.util.modeler.ParameterInfo name=name)
2019-05-11 11:06:13.606 DEBUG 8956 --- [kground-preinit] o.apache.tomcat.util.digester.Digester   : [SetPropertiesRule]{mbeans-descriptors/mbean/operation/parameter} Setting property 'description' to 'New welcome file name'
2019-05-11 11:06:13.606 DEBUG 8956 --- [kground-preinit] o.apache.tomcat.util.IntrospectionUtils  : IntrospectionUtils: setProperty(class org.apache.tomcat.util.modeler.ParameterInfo description=New welcome file name)
2019-05-11 11:06:13.606 DEBUG 8956 --- [kground-preinit] o.apache.tomcat.util.digester.Digester   : [SetPropertiesRule]{mbeans-descriptors/mbean/operation/parameter} Setting property 'type' to 'java.lang.String'
2019-05-11 11:06:13.607 DEBUG 8956 --- [kground-preinit] o.apache.tomcat.util.IntrospectionUtils  : IntrospectionUtils: setProperty(class org.apache.tomcat.util.modeler.ParameterInfo type=java.lang.String)
2019-05-11 11:06:13.607 DEBUG 8956 --- [kground-preinit] o.apache.tomcat.util.digester.Digester   :   Fire begin() for SetNextRule[methodName=addParameter, paramType=org.apache.tomcat.util.modeler.ParameterInfo]
2019-05-11 11:06:13.607 DEBUG 8956 --- [kground-preinit] o.a.tomcat.util.digester.Digester.sax    : endElement(,,parameter)
2019-05-11 11:06:13.607 DEBUG 8956 --- [kground-preinit] o.apache.tomcat.util.digester.Digester   :   match='mbeans-descriptors/mbean/operation/parameter'
2019-05-11 11:06:13.607 DEBUG 8956 --- [kground-preinit] o.apache.tomcat.util.digester.Digester   :   bodyText=''
2019-05-11 11:06:13.608 DEBUG 8956 --- [kground-preinit] o.apache.tomcat.util.digester.Digester   :   Fire body() for ObjectCreateRule[className=org.apache.tomcat.util.modeler.ParameterInfo, attributeName=null]
2019-05-11 11:06:13.608 DEBUG 8956 --- [kground-preinit] o.apache.tomcat.util.digester.Digester   :   Fire body() for SetPropertiesRule[]
2019-05-11 11:06:13.608 DEBUG 8956 --- [kground-preinit] o.apache.tomcat.util.digester.Digester   :   Fire body() for SetNextRule[methodName=addParameter, paramType=org.apache.tomcat.util.modeler.ParameterInfo]
2019-05-11 11:06:13.608 DEBUG 8956 --- [kground-preinit] o.apache.tomcat.util.digester.Digester   :   Fire end() for SetNextRule[methodName=addParameter, paramType=org.apache.tomcat.util.modeler.ParameterInfo]
2019-05-11 11:06:13.608 DEBUG 8956 --- [kground-preinit] o.apache.tomcat.util.digester.Digester   : [SetNextRule]{mbeans-descriptors/mbean/operation/parameter} Call org.apache.tomcat.util.modeler.OperationInfo.addParameter(org.apache.tomcat.util.modeler.ParameterInfo@159c01d7)
2019-05-11 11:06:13.608 DEBUG 8956 --- [kground-preinit] o.apache.tomcat.util.IntrospectionUtils  : IntrospectionUtils: callMethod1 org.apache.tomcat.util.modeler.OperationInfo org.apache.tomcat.util.modeler.ParameterInfo org.apache.tomcat.util.modeler.ParameterInfo
2019-05-11 11:06:13.608 DEBUG 8956 --- [kground-preinit] o.apache.tomcat.util.digester.Digester   :   Fire end() for SetPropertiesRule[]
2019-05-11 11:06:13.609 DEBUG 8956 --- [kground-preinit] o.apache.tomcat.util.digester.Digester   :   Fire end() for ObjectCreateRule[className=org.apache.tomcat.util.modeler.ParameterInfo, attributeName=null]
2019-05-11 11:06:13.609 DEBUG 8956 --- [kground-preinit] o.apache.tomcat.util.digester.Digester   : [ObjectCreateRule]{mbeans-descriptors/mbean/operation/parameter} Pop org.apache.tomcat.util.modeler.ParameterInfo
2019-05-11 11:06:13.609 DEBUG 8956 --- [kground-preinit] o.a.tomcat.util.digester.Digester.sax    : characters(
    )
2019-05-11 11:06:13.609 DEBUG 8956 --- [kground-preinit] o.a.tomcat.util.digester.Digester.sax    : endElement(,,operation)
2019-05-11 11:06:13.609 DEBUG 8956 --- [kground-preinit] o.apache.tomcat.util.digester.Digester   :   match='mbeans-descriptors/mbean/operation'
2019-05-11 11:06:13.609 DEBUG 8956 --- [kground-preinit] o.apache.tomcat.util.digester.Digester   :   bodyText='
      
    '
2019-05-11 11:06:13.609 DEBUG 8956 --- [kground-preinit] o.apache.tomcat.util.digester.Digester   :   Fire body() for ObjectCreateRule[className=org.apache.tomcat.util.modeler.OperationInfo, attributeName=null]
2019-05-11 11:06:13.609 DEBUG 8956 --- [kground-preinit] o.apache.tomcat.util.digester.Digester   :   Fire body() for SetPropertiesRule[]
2019-05-11 11:06:13.609 DEBUG 8956 --- [kground-preinit] o.apache.tomcat.util.digester.Digester   :   Fire body() for SetNextRule[methodName=addOperation, paramType=org.apache.tomcat.util.modeler.OperationInfo]
2019-05-11 11:06:13.609 DEBUG 8956 --- [kground-preinit] o.apache.tomcat.util.digester.Digester   :   Fire end() for SetNextRule[methodName=addOperation, paramType=org.apache.tomcat.util.modeler.OperationInfo]
2019-05-11 11:06:13.610 DEBUG 8956 --- [kground-preinit] o.apache.tomcat.util.digester.Digester   : [SetNextRule]{mbeans-descriptors/mbean/operation} Call org.apache.tomcat.util.modeler.ManagedBean.addOperation(org.apache.tomcat.util.modeler.OperationInfo@438b7004)
2019-05-11 11:06:13.610 DEBUG 8956 --- [kground-preinit] o.apache.tomcat.util.IntrospectionUtils  : IntrospectionUtils: callMethod1 org.apache.tomcat.util.modeler.ManagedBean org.apache.tomcat.util.modeler.OperationInfo org.apache.tomcat.util.modeler.OperationInfo
2019-05-11 11:06:13.610 DEBUG 8956 --- [kground-preinit] o.apache.tomcat.util.digester.Digester   :   Fire end() for SetPropertiesRule[]
2019-05-11 11:06:13.610 DEBUG 8956 --- [kground-preinit] o.apache.tomcat.util.digester.Digester   :   Fire end() for ObjectCreateRule[className=org.apache.tomcat.util.modeler.OperationInfo, attributeName=null]
2019-05-11 11:06:13.610 DEBUG 8956 --- [kground-preinit] o.apache.tomcat.util.digester.Digester   : [ObjectCreateRule]{mbeans-descriptors/mbean/operation} Pop org.apache.tomcat.util.modeler.OperationInfo
2019-05-11 11:06:13.610 DEBUG 8956 --- [kground-preinit] o.a.tomcat.util.digester.Digester.sax    : characters(

    )
2019-05-11 11:06:13.610 DEBUG 8956 --- [kground-preinit] o.a.tomcat.util.digester.Digester.sax    : startElement(,,operation)
2019-05-11 11:06:13.611 DEBUG 8956 --- [kground-preinit] o.apache.tomcat.util.digester.Digester   :   New match='mbeans-descriptors/mbean/operation'
2019-05-11 11:06:13.611 DEBUG 8956 --- [kground-preinit] o.apache.tomcat.util.digester.Digester   :   Fire begin() for ObjectCreateRule[className=org.apache.tomcat.util.modeler.OperationInfo, attributeName=null]
2019-05-11 11:06:13.611 DEBUG 8956 --- [kground-preinit] o.apache.tomcat.util.digester.Digester   : [ObjectCreateRule]{mbeans-descriptors/mbean/operation}New org.apache.tomcat.util.modeler.OperationInfo
2019-05-11 11:06:13.612 DEBUG 8956 --- [kground-preinit] o.apache.tomcat.util.digester.Digester   :   Fire begin() for SetPropertiesRule[]
2019-05-11 11:06:13.612 DEBUG 8956 --- [kground-preinit] o.apache.tomcat.util.digester.Digester   : [SetPropertiesRule]{mbeans-descriptors/mbean/operation} Set org.apache.tomcat.util.modeler.OperationInfo properties
2019-05-11 11:06:13.612 DEBUG 8956 --- [kground-preinit] o.apache.tomcat.util.digester.Digester   : [SetPropertiesRule]{mbeans-descriptors/mbean/operation} Setting property 'name' to 'addWrapperLifecycle'
2019-05-11 11:06:13.612 DEBUG 8956 --- [kground-preinit] o.apache.tomcat.util.IntrospectionUtils  : IntrospectionUtils: setProperty(class org.apache.tomcat.util.modeler.OperationInfo name=addWrapperLifecycle)
2019-05-11 11:06:13.612 DEBUG 8956 --- [kground-preinit] o.apache.tomcat.util.digester.Digester   : [SetPropertiesRule]{mbeans-descriptors/mbean/operation} Setting property 'description' to 'Add the classname of a LifecycleListener to be added to each Wrapper appended to this Context.'
2019-05-11 11:06:13.612 DEBUG 8956 --- [kground-preinit] o.apache.tomcat.util.IntrospectionUtils  : IntrospectionUtils: setProperty(class org.apache.tomcat.util.modeler.OperationInfo description=Add the classname of a LifecycleListener to be added to each Wrapper appended to this Context.)
2019-05-11 11:06:13.612 DEBUG 8956 --- [kground-preinit] o.apache.tomcat.util.digester.Digester   : [SetPropertiesRule]{mbeans-descriptors/mbean/operation} Setting property 'impact' to 'ACTION'
2019-05-11 11:06:13.612 DEBUG 8956 --- [kground-preinit] o.apache.tomcat.util.IntrospectionUtils  : IntrospectionUtils: setProperty(class org.apache.tomcat.util.modeler.OperationInfo impact=ACTION)
2019-05-11 11:06:13.612 DEBUG 8956 --- [kground-preinit] o.apache.tomcat.util.digester.Digester   : [SetPropertiesRule]{mbeans-descriptors/mbean/operation} Setting property 'returnType' to 'void'
2019-05-11 11:06:13.613 DEBUG 8956 --- [kground-preinit] o.apache.tomcat.util.IntrospectionUtils  : IntrospectionUtils: setProperty(class org.apache.tomcat.util.modeler.OperationInfo returnType=void)
2019-05-11 11:06:13.613 DEBUG 8956 --- [kground-preinit] o.apache.tomcat.util.digester.Digester   :   Fire begin() for SetNextRule[methodName=addOperation, paramType=org.apache.tomcat.util.modeler.OperationInfo]
2019-05-11 11:06:13.613 DEBUG 8956 --- [kground-preinit] o.a.tomcat.util.digester.Digester.sax    : characters(
      )
2019-05-11 11:06:13.613 DEBUG 8956 --- [kground-preinit] o.a.tomcat.util.digester.Digester.sax    : startElement(,,parameter)
2019-05-11 11:06:13.615 DEBUG 8956 --- [kground-preinit] o.apache.tomcat.util.digester.Digester   :   New match='mbeans-descriptors/mbean/operation/parameter'
2019-05-11 11:06:13.616 DEBUG 8956 --- [kground-preinit] o.apache.tomcat.util.digester.Digester   :   Fire begin() for ObjectCreateRule[className=org.apache.tomcat.util.modeler.ParameterInfo, attributeName=null]
2019-05-11 11:06:13.551 DEBUG 8956 --- [           main] o.s.b.f.s.DefaultListableBeanFactory     : Returning cached instance of singleton bean 'autoConfigurationReport'
2019-05-11 11:06:13.616 DEBUG 8956 --- [kground-preinit] o.apache.tomcat.util.digester.Digester   : [ObjectCreateRule]{mbeans-descriptors/mbean/operation/parameter}New org.apache.tomcat.util.modeler.ParameterInfo
2019-05-11 11:06:13.616 DEBUG 8956 --- [           main] o.s.b.f.s.DefaultListableBeanFactory     : Returning cached instance of singleton bean 'autoConfigurationReport'
2019-05-11 11:06:13.621 DEBUG 8956 --- [kground-preinit] o.apache.tomcat.util.digester.Digester   :   Fire begin() for SetPropertiesRule[]
2019-05-11 11:06:13.621 DEBUG 8956 --- [           main] o.s.b.f.s.DefaultListableBeanFactory     : Returning cached instance of singleton bean 'autoConfigurationReport'
2019-05-11 11:06:13.622 DEBUG 8956 --- [           main] o.s.b.f.s.DefaultListableBeanFactory     : Returning cached instance of singleton bean 'autoConfigurationReport'
2019-05-11 11:06:13.623 DEBUG 8956 --- [           main] o.s.b.f.s.DefaultListableBeanFactory     : Returning cached instance of singleton bean 'autoConfigurationReport'
2019-05-11 11:06:13.623 DEBUG 8956 --- [           main] o.s.b.f.s.DefaultListableBeanFactory     : Returning cached instance of singleton bean 'autoConfigurationReport'
2019-05-11 11:06:13.623 DEBUG 8956 --- [           main] a.ConfigurationClassBeanDefinitionReader : Registered bean definition for imported class 'org.springframework.boot.autoconfigure.web.DispatcherServletAutoConfiguration$DispatcherServletConfiguration'
2019-05-11 11:06:13.624 DEBUG 8956 --- [           main] a.ConfigurationClassBeanDefinitionReader : Registering bean definition for @Bean method org.springframework.boot.autoconfigure.web.DispatcherServletAutoConfiguration$DispatcherServletConfiguration.dispatcherServlet()
2019-05-11 11:06:13.624 DEBUG 8956 --- [           main] o.s.b.f.s.DefaultListableBeanFactory     : Returning cached instance of singleton bean 'org.springframework.boot.autoconfigure.condition.BeanTypeRegistry'
2019-05-11 11:06:13.625 DEBUG 8956 --- [           main] o.s.b.f.s.DefaultListableBeanFactory     : Returning cached instance of singleton bean 'autoConfigurationReport'
2019-05-11 11:06:13.626 DEBUG 8956 --- [           main] a.ConfigurationClassBeanDefinitionReader : Registered bean definition for imported class 'org.springframework.boot.autoconfigure.web.DispatcherServletAutoConfiguration$DispatcherServletRegistrationConfiguration'
2019-05-11 11:06:13.627 DEBUG 8956 --- [           main] o.s.b.f.s.DefaultListableBeanFactory     : Returning cached instance of singleton bean 'org.springframework.boot.autoconfigure.condition.BeanTypeRegistry'
2019-05-11 11:06:13.628 DEBUG 8956 --- [           main] o.s.b.f.s.DefaultListableBeanFactory     : Returning cached instance of singleton bean 'autoConfigurationReport'
2019-05-11 11:06:13.628 DEBUG 8956 --- [kground-preinit] o.apache.tomcat.util.digester.Digester   : [SetPropertiesRule]{mbeans-descriptors/mbean/operation/parameter} Set org.apache.tomcat.util.modeler.ParameterInfo properties
2019-05-11 11:06:13.628 DEBUG 8956 --- [           main] a.ConfigurationClassBeanDefinitionReader : Registering bean definition for @Bean method org.springframework.boot.autoconfigure.web.DispatcherServletAutoConfiguration$DispatcherServletRegistrationConfiguration.dispatcherServletRegistration()
2019-05-11 11:06:13.629 DEBUG 8956 --- [           main] a.ConfigurationClassBeanDefinitionReader : Registered bean definition for imported class 'org.springframework.boot.autoconfigure.web.DispatcherServletAutoConfiguration'
2019-05-11 11:06:13.629 DEBUG 8956 --- [kground-preinit] o.apache.tomcat.util.digester.Digester   : [SetPropertiesRule]{mbeans-descriptors/mbean/operation/parameter} Setting property 'name' to 'listener'
2019-05-11 11:06:13.629 DEBUG 8956 --- [           main] o.s.b.f.s.DefaultListableBeanFactory     : Returning cached instance of singleton bean 'autoConfigurationReport'
2019-05-11 11:06:13.629 DEBUG 8956 --- [           main] o.s.b.f.s.DefaultListableBeanFactory     : Returning cached instance of singleton bean 'autoConfigurationReport'
2019-05-11 11:06:13.630 DEBUG 8956 --- [           main] a.ConfigurationClassBeanDefinitionReader : Registered bean definition for imported class 'org.springframework.boot.autoconfigure.validation.ValidationAutoConfiguration'
2019-05-11 11:06:13.631 DEBUG 8956 --- [           main] o.s.b.f.s.DefaultListableBeanFactory     : Returning cached instance of singleton bean 'org.springframework.boot.autoconfigure.condition.BeanTypeRegistry'
2019-05-11 11:06:13.631 DEBUG 8956 --- [kground-preinit] o.apache.tomcat.util.IntrospectionUtils  : IntrospectionUtils: setProperty(class org.apache.tomcat.util.modeler.ParameterInfo name=listener)
2019-05-11 11:06:13.631 DEBUG 8956 --- [kground-preinit] o.apache.tomcat.util.digester.Digester   : [SetPropertiesRule]{mbeans-descriptors/mbean/operation/parameter} Setting property 'description' to 'Java class name of a LifecycleListener class'
2019-05-11 11:06:13.631 DEBUG 8956 --- [kground-preinit] o.apache.tomcat.util.IntrospectionUtils  : IntrospectionUtils: setProperty(class org.apache.tomcat.util.modeler.ParameterInfo description=Java class name of a LifecycleListener class)
2019-05-11 11:06:13.632 DEBUG 8956 --- [kground-preinit] o.apache.tomcat.util.digester.Digester   : [SetPropertiesRule]{mbeans-descriptors/mbean/operation/parameter} Setting property 'type' to 'java.lang.String'
2019-05-11 11:06:13.632 DEBUG 8956 --- [kground-preinit] o.apache.tomcat.util.IntrospectionUtils  : IntrospectionUtils: setProperty(class org.apache.tomcat.util.modeler.ParameterInfo type=java.lang.String)
2019-05-11 11:06:13.632 DEBUG 8956 --- [kground-preinit] o.apache.tomcat.util.digester.Digester   :   Fire begin() for SetNextRule[methodName=addParameter, paramType=org.apache.tomcat.util.modeler.ParameterInfo]
2019-05-11 11:06:13.632 DEBUG 8956 --- [           main] o.s.b.f.s.DefaultListableBeanFactory     : Returning cached instance of singleton bean 'autoConfigurationReport'
2019-05-11 11:06:13.633 DEBUG 8956 --- [kground-preinit] o.a.tomcat.util.digester.Digester.sax    : endElement(,,parameter)
2019-05-11 11:06:13.633 DEBUG 8956 --- [kground-preinit] o.apache.tomcat.util.digester.Digester   :   match='mbeans-descriptors/mbean/operation/parameter'
2019-05-11 11:06:13.633 DEBUG 8956 --- [           main] a.ConfigurationClassBeanDefinitionReader : Registering bean definition for @Bean method org.springframework.boot.autoconfigure.validation.ValidationAutoConfiguration.defaultValidator()
2019-05-11 11:06:13.633 DEBUG 8956 --- [kground-preinit] o.apache.tomcat.util.digester.Digester   :   bodyText=''
2019-05-11 11:06:13.633 DEBUG 8956 --- [kground-preinit] o.apache.tomcat.util.digester.Digester   :   Fire body() for ObjectCreateRule[className=org.apache.tomcat.util.modeler.ParameterInfo, attributeName=null]
2019-05-11 11:06:13.634 DEBUG 8956 --- [kground-preinit] o.apache.tomcat.util.digester.Digester   :   Fire body() for SetPropertiesRule[]
2019-05-11 11:06:13.634 DEBUG 8956 --- [           main] o.s.b.f.s.DefaultListableBeanFactory     : Returning cached instance of singleton bean 'org.springframework.boot.autoconfigure.condition.BeanTypeRegistry'
2019-05-11 11:06:13.635 DEBUG 8956 --- [kground-preinit] o.apache.tomcat.util.digester.Digester   :   Fire body() for SetNextRule[methodName=addParameter, paramType=org.apache.tomcat.util.modeler.ParameterInfo]
2019-05-11 11:06:13.635 DEBUG 8956 --- [kground-preinit] o.apache.tomcat.util.digester.Digester   :   Fire end() for SetNextRule[methodName=addParameter, paramType=org.apache.tomcat.util.modeler.ParameterInfo]
2019-05-11 11:06:13.635 DEBUG 8956 --- [kground-preinit] o.apache.tomcat.util.digester.Digester   : [SetNextRule]{mbeans-descriptors/mbean/operation/parameter} Call org.apache.tomcat.util.modeler.OperationInfo.addParameter(org.apache.tomcat.util.modeler.ParameterInfo@50bd54ce)
2019-05-11 11:06:13.635 DEBUG 8956 --- [kground-preinit] o.apache.tomcat.util.IntrospectionUtils  : IntrospectionUtils: callMethod1 org.apache.tomcat.util.modeler.OperationInfo org.apache.tomcat.util.modeler.ParameterInfo org.apache.tomcat.util.modeler.ParameterInfo
2019-05-11 11:06:13.636 DEBUG 8956 --- [kground-preinit] o.apache.tomcat.util.digester.Digester   :   Fire end() for SetPropertiesRule[]
2019-05-11 11:06:13.636 DEBUG 8956 --- [kground-preinit] o.apache.tomcat.util.digester.Digester   :   Fire end() for ObjectCreateRule[className=org.apache.tomcat.util.modeler.ParameterInfo, attributeName=null]
2019-05-11 11:06:13.636 DEBUG 8956 --- [kground-preinit] o.apache.tomcat.util.digester.Digester   : [ObjectCreateRule]{mbeans-descriptors/mbean/operation/parameter} Pop org.apache.tomcat.util.modeler.ParameterInfo
2019-05-11 11:06:13.637 DEBUG 8956 --- [kground-preinit] o.a.tomcat.util.digester.Digester.sax    : characters(
    )
2019-05-11 11:06:13.637 DEBUG 8956 --- [kground-preinit] o.a.tomcat.util.digester.Digester.sax    : endElement(,,operation)
2019-05-11 11:06:13.637 DEBUG 8956 --- [           main] o.s.b.f.s.DefaultListableBeanFactory     : Returning cached instance of singleton bean 'autoConfigurationReport'
2019-05-11 11:06:13.637 DEBUG 8956 --- [kground-preinit] o.apache.tomcat.util.digester.Digester   :   match='mbeans-descriptors/mbean/operation'
2019-05-11 11:06:13.637 DEBUG 8956 --- [           main] a.ConfigurationClassBeanDefinitionReader : Registering bean definition for @Bean method org.springframework.boot.autoconfigure.validation.ValidationAutoConfiguration.methodValidationPostProcessor()
2019-05-11 11:06:13.637 DEBUG 8956 --- [kground-preinit] o.apache.tomcat.util.digester.Digester   :   bodyText='
      
    '
2019-05-11 11:06:13.638 DEBUG 8956 --- [kground-preinit] o.apache.tomcat.util.digester.Digester   :   Fire body() for ObjectCreateRule[className=org.apache.tomcat.util.modeler.OperationInfo, attributeName=null]
2019-05-11 11:06:13.638 DEBUG 8956 --- [           main] o.s.b.f.s.DefaultListableBeanFactory     : Returning cached instance of singleton bean 'autoConfigurationReport'
2019-05-11 11:06:13.640 DEBUG 8956 --- [           main] o.s.b.f.s.DefaultListableBeanFactory     : Returning cached instance of singleton bean 'autoConfigurationReport'
2019-05-11 11:06:13.640 DEBUG 8956 --- [kground-preinit] o.apache.tomcat.util.digester.Digester   :   Fire body() for SetPropertiesRule[]
2019-05-11 11:06:13.640 DEBUG 8956 --- [           main] o.s.b.f.s.DefaultListableBeanFactory     : Returning cached instance of singleton bean 'autoConfigurationReport'
2019-05-11 11:06:13.640 DEBUG 8956 --- [kground-preinit] o.apache.tomcat.util.digester.Digester   :   Fire body() for SetNextRule[methodName=addOperation, paramType=org.apache.tomcat.util.modeler.OperationInfo]
2019-05-11 11:06:13.640 DEBUG 8956 --- [kground-preinit] o.apache.tomcat.util.digester.Digester   :   Fire end() for SetNextRule[methodName=addOperation, paramType=org.apache.tomcat.util.modeler.OperationInfo]
2019-05-11 11:06:13.641 DEBUG 8956 --- [kground-preinit] o.apache.tomcat.util.digester.Digester   : [SetNextRule]{mbeans-descriptors/mbean/operation} Call org.apache.tomcat.util.modeler.ManagedBean.addOperation(org.apache.tomcat.util.modeler.OperationInfo@3d8f516f)
2019-05-11 11:06:13.641 DEBUG 8956 --- [kground-preinit] o.apache.tomcat.util.IntrospectionUtils  : IntrospectionUtils: callMethod1 org.apache.tomcat.util.modeler.ManagedBean org.apache.tomcat.util.modeler.OperationInfo org.apache.tomcat.util.modeler.OperationInfo
2019-05-11 11:06:13.641 DEBUG 8956 --- [kground-preinit] o.apache.tomcat.util.digester.Digester   :   Fire end() for SetPropertiesRule[]
2019-05-11 11:06:13.641 DEBUG 8956 --- [kground-preinit] o.apache.tomcat.util.digester.Digester   :   Fire end() for ObjectCreateRule[className=org.apache.tomcat.util.modeler.OperationInfo, attributeName=null]
2019-05-11 11:06:13.641 DEBUG 8956 --- [kground-preinit] o.apache.tomcat.util.digester.Digester   : [ObjectCreateRule]{mbeans-descriptors/mbean/operation} Pop org.apache.tomcat.util.modeler.OperationInfo
2019-05-11 11:06:13.642 DEBUG 8956 --- [kground-preinit] o.a.tomcat.util.digester.Digester.sax    : characters(

    )
2019-05-11 11:06:13.642 DEBUG 8956 --- [kground-preinit] o.a.tomcat.util.digester.Digester.sax    : startElement(,,operation)
2019-05-11 11:06:13.642 DEBUG 8956 --- [kground-preinit] o.apache.tomcat.util.digester.Digester   :   New match='mbeans-descriptors/mbean/operation'
2019-05-11 11:06:13.642 DEBUG 8956 --- [kground-preinit] o.apache.tomcat.util.digester.Digester   :   Fire begin() for ObjectCreateRule[className=org.apache.tomcat.util.modeler.OperationInfo, attributeName=null]
2019-05-11 11:06:13.642 DEBUG 8956 --- [kground-preinit] o.apache.tomcat.util.digester.Digester   : [ObjectCreateRule]{mbeans-descriptors/mbean/operation}New org.apache.tomcat.util.modeler.OperationInfo
2019-05-11 11:06:13.642 DEBUG 8956 --- [kground-preinit] o.apache.tomcat.util.digester.Digester   :   Fire begin() for SetPropertiesRule[]
2019-05-11 11:06:13.642 DEBUG 8956 --- [kground-preinit] o.apache.tomcat.util.digester.Digester   : [SetPropertiesRule]{mbeans-descriptors/mbean/operation} Set org.apache.tomcat.util.modeler.OperationInfo properties
2019-05-11 11:06:13.642 DEBUG 8956 --- [kground-preinit] o.apache.tomcat.util.digester.Digester   : [SetPropertiesRule]{mbeans-descriptors/mbean/operation} Setting property 'name' to 'addWrapperListener'
2019-05-11 11:06:13.642 DEBUG 8956 --- [kground-preinit] o.apache.tomcat.util.IntrospectionUtils  : IntrospectionUtils: setProperty(class org.apache.tomcat.util.modeler.OperationInfo name=addWrapperListener)
2019-05-11 11:06:13.642 DEBUG 8956 --- [kground-preinit] o.apache.tomcat.util.digester.Digester   : [SetPropertiesRule]{mbeans-descriptors/mbean/operation} Setting property 'description' to 'Add the classname of a ContainerListener to be added to each Wrapper appended to this Context.'
2019-05-11 11:06:13.642 DEBUG 8956 --- [kground-preinit] o.apache.tomcat.util.IntrospectionUtils  : IntrospectionUtils: setProperty(class org.apache.tomcat.util.modeler.OperationInfo description=Add the classname of a ContainerListener to be added to each Wrapper appended to this Context.)
2019-05-11 11:06:13.643 DEBUG 8956 --- [kground-preinit] o.apache.tomcat.util.digester.Digester   : [SetPropertiesRule]{mbeans-descriptors/mbean/operation} Setting property 'impact' to 'ACTION'
2019-05-11 11:06:13.643 DEBUG 8956 --- [kground-preinit] o.apache.tomcat.util.IntrospectionUtils  : IntrospectionUtils: setProperty(class org.apache.tomcat.util.modeler.OperationInfo impact=ACTION)
2019-05-11 11:06:13.643 DEBUG 8956 --- [kground-preinit] o.apache.tomcat.util.digester.Digester   : [SetPropertiesRule]{mbeans-descriptors/mbean/operation} Setting property 'returnType' to 'void'
2019-05-11 11:06:13.643 DEBUG 8956 --- [kground-preinit] o.apache.tomcat.util.IntrospectionUtils  : IntrospectionUtils: setProperty(class org.apache.tomcat.util.modeler.OperationInfo returnType=void)
2019-05-11 11:06:13.643 DEBUG 8956 --- [kground-preinit] o.apache.tomcat.util.digester.Digester   :   Fire begin() for SetNextRule[methodName=addOperation, paramType=org.apache.tomcat.util.modeler.OperationInfo]
2019-05-11 11:06:13.643 DEBUG 8956 --- [kground-preinit] o.a.tomcat.util.digester.Digester.sax    : characters(
      )
2019-05-11 11:06:13.643 DEBUG 8956 --- [kground-preinit] o.a.tomcat.util.digester.Digester.sax    : startElement(,,parameter)
2019-05-11 11:06:13.643 DEBUG 8956 --- [kground-preinit] o.apache.tomcat.util.digester.Digester   :   New match='mbeans-descriptors/mbean/operation/parameter'
2019-05-11 11:06:13.643 DEBUG 8956 --- [kground-preinit] o.apache.tomcat.util.digester.Digester   :   Fire begin() for ObjectCreateRule[className=org.apache.tomcat.util.modeler.ParameterInfo, attributeName=null]
2019-05-11 11:06:13.643 DEBUG 8956 --- [kground-preinit] o.apache.tomcat.util.digester.Digester   : [ObjectCreateRule]{mbeans-descriptors/mbean/operation/parameter}New org.apache.tomcat.util.modeler.ParameterInfo
2019-05-11 11:06:13.643 DEBUG 8956 --- [kground-preinit] o.apache.tomcat.util.digester.Digester   :   Fire begin() for SetPropertiesRule[]
2019-05-11 11:06:13.643 DEBUG 8956 --- [kground-preinit] o.apache.tomcat.util.digester.Digester   : [SetPropertiesRule]{mbeans-descriptors/mbean/operation/parameter} Set org.apache.tomcat.util.modeler.ParameterInfo properties
2019-05-11 11:06:13.643 DEBUG 8956 --- [kground-preinit] o.apache.tomcat.util.digester.Digester   : [SetPropertiesRule]{mbeans-descriptors/mbean/operation/parameter} Setting property 'name' to 'listener'
2019-05-11 11:06:13.644 DEBUG 8956 --- [kground-preinit] o.apache.tomcat.util.IntrospectionUtils  : IntrospectionUtils: setProperty(class org.apache.tomcat.util.modeler.ParameterInfo name=listener)
2019-05-11 11:06:13.644 DEBUG 8956 --- [kground-preinit] o.apache.tomcat.util.digester.Digester   : [SetPropertiesRule]{mbeans-descriptors/mbean/operation/parameter} Setting property 'description' to 'Java class name of a ContainerListener class'
2019-05-11 11:06:13.644 DEBUG 8956 --- [kground-preinit] o.apache.tomcat.util.IntrospectionUtils  : IntrospectionUtils: setProperty(class org.apache.tomcat.util.modeler.ParameterInfo description=Java class name of a ContainerListener class)
2019-05-11 11:06:13.644 DEBUG 8956 --- [kground-preinit] o.apache.tomcat.util.digester.Digester   : [SetPropertiesRule]{mbeans-descriptors/mbean/operation/parameter} Setting property 'type' to 'java.lang.String'
2019-05-11 11:06:13.644 DEBUG 8956 --- [kground-preinit] o.apache.tomcat.util.IntrospectionUtils  : IntrospectionUtils: setProperty(class org.apache.tomcat.util.modeler.ParameterInfo type=java.lang.String)
2019-05-11 11:06:13.644 DEBUG 8956 --- [kground-preinit] o.apache.tomcat.util.digester.Digester   :   Fire begin() for SetNextRule[methodName=addParameter, paramType=org.apache.tomcat.util.modeler.ParameterInfo]
2019-05-11 11:06:13.644 DEBUG 8956 --- [kground-preinit] o.a.tomcat.util.digester.Digester.sax    : endElement(,,parameter)
2019-05-11 11:06:13.644 DEBUG 8956 --- [kground-preinit] o.apache.tomcat.util.digester.Digester   :   match='mbeans-descriptors/mbean/operation/parameter'
2019-05-11 11:06:13.645 DEBUG 8956 --- [kground-preinit] o.apache.tomcat.util.digester.Digester   :   bodyText=''
2019-05-11 11:06:13.645 DEBUG 8956 --- [kground-preinit] o.apache.tomcat.util.digester.Digester   :   Fire body() for ObjectCreateRule[className=org.apache.tomcat.util.modeler.ParameterInfo, attributeName=null]
2019-05-11 11:06:13.645 DEBUG 8956 --- [kground-preinit] o.apache.tomcat.util.digester.Digester   :   Fire body() for SetPropertiesRule[]
2019-05-11 11:06:13.645 DEBUG 8956 --- [kground-preinit] o.apache.tomcat.util.digester.Digester   :   Fire body() for SetNextRule[methodName=addParameter, paramType=org.apache.tomcat.util.modeler.ParameterInfo]
2019-05-11 11:06:13.645 DEBUG 8956 --- [kground-preinit] o.apache.tomcat.util.digester.Digester   :   Fire end() for SetNextRule[methodName=addParameter, paramType=org.apache.tomcat.util.modeler.ParameterInfo]
2019-05-11 11:06:13.645 DEBUG 8956 --- [kground-preinit] o.apache.tomcat.util.digester.Digester   : [SetNextRule]{mbeans-descriptors/mbean/operation/parameter} Call org.apache.tomcat.util.modeler.OperationInfo.addParameter(org.apache.tomcat.util.modeler.ParameterInfo@48686db0)
2019-05-11 11:06:13.645 DEBUG 8956 --- [kground-preinit] o.apache.tomcat.util.IntrospectionUtils  : IntrospectionUtils: callMethod1 org.apache.tomcat.util.modeler.OperationInfo org.apache.tomcat.util.modeler.ParameterInfo org.apache.tomcat.util.modeler.ParameterInfo
2019-05-11 11:06:13.645 DEBUG 8956 --- [kground-preinit] o.apache.tomcat.util.digester.Digester   :   Fire end() for SetPropertiesRule[]
2019-05-11 11:06:13.645 DEBUG 8956 --- [kground-preinit] o.apache.tomcat.util.digester.Digester   :   Fire end() for ObjectCreateRule[className=org.apache.tomcat.util.modeler.ParameterInfo, attributeName=null]
2019-05-11 11:06:13.646 DEBUG 8956 --- [kground-preinit] o.apache.tomcat.util.digester.Digester   : [ObjectCreateRule]{mbeans-descriptors/mbean/operation/parameter} Pop org.apache.tomcat.util.modeler.ParameterInfo
2019-05-11 11:06:13.646 DEBUG 8956 --- [kground-preinit] o.a.tomcat.util.digester.Digester.sax    : characters(
    )
2019-05-11 11:06:13.646 DEBUG 8956 --- [kground-preinit] o.a.tomcat.util.digester.Digester.sax    : endElement(,,operation)
2019-05-11 11:06:13.646 DEBUG 8956 --- [kground-preinit] o.apache.tomcat.util.digester.Digester   :   match='mbeans-descriptors/mbean/operation'
2019-05-11 11:06:13.646 DEBUG 8956 --- [kground-preinit] o.apache.tomcat.util.digester.Digester   :   bodyText='
      
    '
2019-05-11 11:06:13.646 DEBUG 8956 --- [kground-preinit] o.apache.tomcat.util.digester.Digester   :   Fire body() for ObjectCreateRule[className=org.apache.tomcat.util.modeler.OperationInfo, attributeName=null]
2019-05-11 11:06:13.646 DEBUG 8956 --- [kground-preinit] o.apache.tomcat.util.digester.Digester   :   Fire body() for SetPropertiesRule[]
2019-05-11 11:06:13.646 DEBUG 8956 --- [kground-preinit] o.apache.tomcat.util.digester.Digester   :   Fire body() for SetNextRule[methodName=addOperation, paramType=org.apache.tomcat.util.modeler.OperationInfo]
2019-05-11 11:06:13.646 DEBUG 8956 --- [kground-preinit] o.apache.tomcat.util.digester.Digester   :   Fire end() for SetNextRule[methodName=addOperation, paramType=org.apache.tomcat.util.modeler.OperationInfo]
2019-05-11 11:06:13.646 DEBUG 8956 --- [kground-preinit] o.apache.tomcat.util.digester.Digester   : [SetNextRule]{mbeans-descriptors/mbean/operation} Call org.apache.tomcat.util.modeler.ManagedBean.addOperation(org.apache.tomcat.util.modeler.OperationInfo@507b2fe9)
2019-05-11 11:06:13.646 DEBUG 8956 --- [kground-preinit] o.apache.tomcat.util.IntrospectionUtils  : IntrospectionUtils: callMethod1 org.apache.tomcat.util.modeler.ManagedBean org.apache.tomcat.util.modeler.OperationInfo org.apache.tomcat.util.modeler.OperationInfo
2019-05-11 11:06:13.647 DEBUG 8956 --- [kground-preinit] o.apache.tomcat.util.digester.Digester   :   Fire end() for SetPropertiesRule[]
2019-05-11 11:06:13.647 DEBUG 8956 --- [kground-preinit] o.apache.tomcat.util.digester.Digester   :   Fire end() for ObjectCreateRule[className=org.apache.tomcat.util.modeler.OperationInfo, attributeName=null]
2019-05-11 11:06:13.647 DEBUG 8956 --- [kground-preinit] o.apache.tomcat.util.digester.Digester   : [ObjectCreateRule]{mbeans-descriptors/mbean/operation} Pop org.apache.tomcat.util.modeler.OperationInfo
2019-05-11 11:06:13.647 DEBUG 8956 --- [kground-preinit] o.a.tomcat.util.digester.Digester.sax    : characters(

    )
2019-05-11 11:06:13.647 DEBUG 8956 --- [kground-preinit] o.a.tomcat.util.digester.Digester.sax    : startElement(,,operation)
2019-05-11 11:06:13.647 DEBUG 8956 --- [kground-preinit] o.apache.tomcat.util.digester.Digester   :   New match='mbeans-descriptors/mbean/operation'
2019-05-11 11:06:13.647 DEBUG 8956 --- [kground-preinit] o.apache.tomcat.util.digester.Digester   :   Fire begin() for ObjectCreateRule[className=org.apache.tomcat.util.modeler.OperationInfo, attributeName=null]
2019-05-11 11:06:13.647 DEBUG 8956 --- [kground-preinit] o.apache.tomcat.util.digester.Digester   : [ObjectCreateRule]{mbeans-descriptors/mbean/operation}New org.apache.tomcat.util.modeler.OperationInfo
2019-05-11 11:06:13.647 DEBUG 8956 --- [kground-preinit] o.apache.tomcat.util.digester.Digester   :   Fire begin() for SetPropertiesRule[]
2019-05-11 11:06:13.648 DEBUG 8956 --- [kground-preinit] o.apache.tomcat.util.digester.Digester   : [SetPropertiesRule]{mbeans-descriptors/mbean/operation} Set org.apache.tomcat.util.modeler.OperationInfo properties
2019-05-11 11:06:13.648 DEBUG 8956 --- [kground-preinit] o.apache.tomcat.util.digester.Digester   : [SetPropertiesRule]{mbeans-descriptors/mbean/operation} Setting property 'name' to 'destroy'
2019-05-11 11:06:13.648 DEBUG 8956 --- [kground-preinit] o.apache.tomcat.util.IntrospectionUtils  : IntrospectionUtils: setProperty(class org.apache.tomcat.util.modeler.OperationInfo name=destroy)
2019-05-11 11:06:13.648 DEBUG 8956 --- [kground-preinit] o.apache.tomcat.util.digester.Digester   : [SetPropertiesRule]{mbeans-descriptors/mbean/operation} Setting property 'description' to 'Destroy the context'
2019-05-11 11:06:13.648 DEBUG 8956 --- [kground-preinit] o.apache.tomcat.util.IntrospectionUtils  : IntrospectionUtils: setProperty(class org.apache.tomcat.util.modeler.OperationInfo description=Destroy the context)
2019-05-11 11:06:13.648 DEBUG 8956 --- [kground-preinit] o.apache.tomcat.util.digester.Digester   : [SetPropertiesRule]{mbeans-descriptors/mbean/operation} Setting property 'impact' to 'ACTION'
2019-05-11 11:06:13.648 DEBUG 8956 --- [kground-preinit] o.apache.tomcat.util.IntrospectionUtils  : IntrospectionUtils: setProperty(class org.apache.tomcat.util.modeler.OperationInfo impact=ACTION)
2019-05-11 11:06:13.648 DEBUG 8956 --- [kground-preinit] o.apache.tomcat.util.digester.Digester   : [SetPropertiesRule]{mbeans-descriptors/mbean/operation} Setting property 'returnType' to 'void'
2019-05-11 11:06:13.648 DEBUG 8956 --- [kground-preinit] o.apache.tomcat.util.IntrospectionUtils  : IntrospectionUtils: setProperty(class org.apache.tomcat.util.modeler.OperationInfo returnType=void)
2019-05-11 11:06:13.648 DEBUG 8956 --- [kground-preinit] o.apache.tomcat.util.digester.Digester   :   Fire begin() for SetNextRule[methodName=addOperation, paramType=org.apache.tomcat.util.modeler.OperationInfo]
2019-05-11 11:06:13.648 DEBUG 8956 --- [kground-preinit] o.a.tomcat.util.digester.Digester.sax    : characters(
    )
2019-05-11 11:06:13.649 DEBUG 8956 --- [kground-preinit] o.a.tomcat.util.digester.Digester.sax    : endElement(,,operation)
2019-05-11 11:06:13.649 DEBUG 8956 --- [kground-preinit] o.apache.tomcat.util.digester.Digester   :   match='mbeans-descriptors/mbean/operation'
2019-05-11 11:06:13.649 DEBUG 8956 --- [kground-preinit] o.apache.tomcat.util.digester.Digester   :   bodyText='
    '
2019-05-11 11:06:13.649 DEBUG 8956 --- [kground-preinit] o.apache.tomcat.util.digester.Digester   :   Fire body() for ObjectCreateRule[className=org.apache.tomcat.util.modeler.OperationInfo, attributeName=null]
2019-05-11 11:06:13.649 DEBUG 8956 --- [kground-preinit] o.apache.tomcat.util.digester.Digester   :   Fire body() for SetPropertiesRule[]
2019-05-11 11:06:13.649 DEBUG 8956 --- [kground-preinit] o.apache.tomcat.util.digester.Digester   :   Fire body() for SetNextRule[methodName=addOperation, paramType=org.apache.tomcat.util.modeler.OperationInfo]
2019-05-11 11:06:13.649 DEBUG 8956 --- [kground-preinit] o.apache.tomcat.util.digester.Digester   :   Fire end() for SetNextRule[methodName=addOperation, paramType=org.apache.tomcat.util.modeler.OperationInfo]
2019-05-11 11:06:13.649 DEBUG 8956 --- [kground-preinit] o.apache.tomcat.util.digester.Digester   : [SetNextRule]{mbeans-descriptors/mbean/operation} Call org.apache.tomcat.util.modeler.ManagedBean.addOperation(org.apache.tomcat.util.modeler.OperationInfo@6ada0a0c)
2019-05-11 11:06:13.649 DEBUG 8956 --- [kground-preinit] o.apache.tomcat.util.IntrospectionUtils  : IntrospectionUtils: callMethod1 org.apache.tomcat.util.modeler.ManagedBean org.apache.tomcat.util.modeler.OperationInfo org.apache.tomcat.util.modeler.OperationInfo
2019-05-11 11:06:13.649 DEBUG 8956 --- [kground-preinit] o.apache.tomcat.util.digester.Digester   :   Fire end() for SetPropertiesRule[]
2019-05-11 11:06:13.650 DEBUG 8956 --- [kground-preinit] o.apache.tomcat.util.digester.Digester   :   Fire end() for ObjectCreateRule[className=org.apache.tomcat.util.modeler.OperationInfo, attributeName=null]
2019-05-11 11:06:13.650 DEBUG 8956 --- [kground-preinit] o.apache.tomcat.util.digester.Digester   : [ObjectCreateRule]{mbeans-descriptors/mbean/operation} Pop org.apache.tomcat.util.modeler.OperationInfo
2019-05-11 11:06:13.650 DEBUG 8956 --- [kground-preinit] o.a.tomcat.util.digester.Digester.sax    : characters(

    )
2019-05-11 11:06:13.650 DEBUG 8956 --- [kground-preinit] o.a.tomcat.util.digester.Digester.sax    : startElement(,,operation)
2019-05-11 11:06:13.650 DEBUG 8956 --- [kground-preinit] o.apache.tomcat.util.digester.Digester   :   New match='mbeans-descriptors/mbean/operation'
2019-05-11 11:06:13.650 DEBUG 8956 --- [kground-preinit] o.apache.tomcat.util.digester.Digester   :   Fire begin() for ObjectCreateRule[className=org.apache.tomcat.util.modeler.OperationInfo, attributeName=null]
2019-05-11 11:06:13.650 DEBUG 8956 --- [kground-preinit] o.apache.tomcat.util.digester.Digester   : [ObjectCreateRule]{mbeans-descriptors/mbean/operation}New org.apache.tomcat.util.modeler.OperationInfo
2019-05-11 11:06:13.650 DEBUG 8956 --- [kground-preinit] o.apache.tomcat.util.digester.Digester   :   Fire begin() for SetPropertiesRule[]
2019-05-11 11:06:13.650 DEBUG 8956 --- [kground-preinit] o.apache.tomcat.util.digester.Digester   : [SetPropertiesRule]{mbeans-descriptors/mbean/operation} Set org.apache.tomcat.util.modeler.OperationInfo properties
2019-05-11 11:06:13.650 DEBUG 8956 --- [kground-preinit] o.apache.tomcat.util.digester.Digester   : [SetPropertiesRule]{mbeans-descriptors/mbean/operation} Setting property 'name' to 'findApplicationListeners'
2019-05-11 11:06:13.651 DEBUG 8956 --- [kground-preinit] o.apache.tomcat.util.IntrospectionUtils  : IntrospectionUtils: setProperty(class org.apache.tomcat.util.modeler.OperationInfo name=findApplicationListeners)
2019-05-11 11:06:13.651 DEBUG 8956 --- [kground-preinit] o.apache.tomcat.util.digester.Digester   : [SetPropertiesRule]{mbeans-descriptors/mbean/operation} Setting property 'description' to 'Return the set of application listener class names configured for this application.'
2019-05-11 11:06:13.651 DEBUG 8956 --- [kground-preinit] o.apache.tomcat.util.IntrospectionUtils  : IntrospectionUtils: setProperty(class org.apache.tomcat.util.modeler.OperationInfo description=Return the set of application listener class names configured for this application.)
2019-05-11 11:06:13.651 DEBUG 8956 --- [kground-preinit] o.apache.tomcat.util.digester.Digester   : [SetPropertiesRule]{mbeans-descriptors/mbean/operation} Setting property 'impact' to 'INFO'
2019-05-11 11:06:13.651 DEBUG 8956 --- [kground-preinit] o.apache.tomcat.util.IntrospectionUtils  : IntrospectionUtils: setProperty(class org.apache.tomcat.util.modeler.OperationInfo impact=INFO)
2019-05-11 11:06:13.651 DEBUG 8956 --- [kground-preinit] o.apache.tomcat.util.digester.Digester   : [SetPropertiesRule]{mbeans-descriptors/mbean/operation} Setting property 'returnType' to '[Ljava.lang.String;'
2019-05-11 11:06:13.651 DEBUG 8956 --- [kground-preinit] o.apache.tomcat.util.IntrospectionUtils  : IntrospectionUtils: setProperty(class org.apache.tomcat.util.modeler.OperationInfo returnType=[Ljava.lang.String;)
2019-05-11 11:06:13.651 DEBUG 8956 --- [kground-preinit] o.apache.tomcat.util.digester.Digester   :   Fire begin() for SetNextRule[methodName=addOperation, paramType=org.apache.tomcat.util.modeler.OperationInfo]
2019-05-11 11:06:13.651 DEBUG 8956 --- [kground-preinit] o.a.tomcat.util.digester.Digester.sax    : characters(
    )
2019-05-11 11:06:13.651 DEBUG 8956 --- [kground-preinit] o.a.tomcat.util.digester.Digester.sax    : endElement(,,operation)
2019-05-11 11:06:13.652 DEBUG 8956 --- [kground-preinit] o.apache.tomcat.util.digester.Digester   :   match='mbeans-descriptors/mbean/operation'
2019-05-11 11:06:13.652 DEBUG 8956 --- [kground-preinit] o.apache.tomcat.util.digester.Digester   :   bodyText='
    '
2019-05-11 11:06:13.652 DEBUG 8956 --- [kground-preinit] o.apache.tomcat.util.digester.Digester   :   Fire body() for ObjectCreateRule[className=org.apache.tomcat.util.modeler.OperationInfo, attributeName=null]
2019-05-11 11:06:13.652 DEBUG 8956 --- [kground-preinit] o.apache.tomcat.util.digester.Digester   :   Fire body() for SetPropertiesRule[]
2019-05-11 11:06:13.652 DEBUG 8956 --- [kground-preinit] o.apache.tomcat.util.digester.Digester   :   Fire body() for SetNextRule[methodName=addOperation, paramType=org.apache.tomcat.util.modeler.OperationInfo]
2019-05-11 11:06:13.652 DEBUG 8956 --- [kground-preinit] o.apache.tomcat.util.digester.Digester   :   Fire end() for SetNextRule[methodName=addOperation, paramType=org.apache.tomcat.util.modeler.OperationInfo]
2019-05-11 11:06:13.652 DEBUG 8956 --- [kground-preinit] o.apache.tomcat.util.digester.Digester   : [SetNextRule]{mbeans-descriptors/mbean/operation} Call org.apache.tomcat.util.modeler.ManagedBean.addOperation(org.apache.tomcat.util.modeler.OperationInfo@2d192a11)
2019-05-11 11:06:13.652 DEBUG 8956 --- [kground-preinit] o.apache.tomcat.util.IntrospectionUtils  : IntrospectionUtils: callMethod1 org.apache.tomcat.util.modeler.ManagedBean org.apache.tomcat.util.modeler.OperationInfo org.apache.tomcat.util.modeler.OperationInfo
2019-05-11 11:06:13.652 DEBUG 8956 --- [kground-preinit] o.apache.tomcat.util.digester.Digester   :   Fire end() for SetPropertiesRule[]
2019-05-11 11:06:13.652 DEBUG 8956 --- [kground-preinit] o.apache.tomcat.util.digester.Digester   :   Fire end() for ObjectCreateRule[className=org.apache.tomcat.util.modeler.OperationInfo, attributeName=null]
2019-05-11 11:06:13.652 DEBUG 8956 --- [kground-preinit] o.apache.tomcat.util.digester.Digester   : [ObjectCreateRule]{mbeans-descriptors/mbean/operation} Pop org.apache.tomcat.util.modeler.OperationInfo
2019-05-11 11:06:13.653 DEBUG 8956 --- [kground-preinit] o.a.tomcat.util.digester.Digester.sax    : characters(

    )
2019-05-11 11:06:13.653 DEBUG 8956 --- [kground-preinit] o.a.tomcat.util.digester.Digester.sax    : startElement(,,operation)
2019-05-11 11:06:13.653 DEBUG 8956 --- [kground-preinit] o.apache.tomcat.util.digester.Digester   :   New match='mbeans-descriptors/mbean/operation'
2019-05-11 11:06:13.653 DEBUG 8956 --- [kground-preinit] o.apache.tomcat.util.digester.Digester   :   Fire begin() for ObjectCreateRule[className=org.apache.tomcat.util.modeler.OperationInfo, attributeName=null]
2019-05-11 11:06:13.653 DEBUG 8956 --- [kground-preinit] o.apache.tomcat.util.digester.Digester   : [ObjectCreateRule]{mbeans-descriptors/mbean/operation}New org.apache.tomcat.util.modeler.OperationInfo
2019-05-11 11:06:13.653 DEBUG 8956 --- [kground-preinit] o.apache.tomcat.util.digester.Digester   :   Fire begin() for SetPropertiesRule[]
2019-05-11 11:06:13.653 DEBUG 8956 --- [kground-preinit] o.apache.tomcat.util.digester.Digester   : [SetPropertiesRule]{mbeans-descriptors/mbean/operation} Set org.apache.tomcat.util.modeler.OperationInfo properties
2019-05-11 11:06:13.653 DEBUG 8956 --- [kground-preinit] o.apache.tomcat.util.digester.Digester   : [SetPropertiesRule]{mbeans-descriptors/mbean/operation} Setting property 'name' to 'findApplicationParameters'
2019-05-11 11:06:13.653 DEBUG 8956 --- [kground-preinit] o.apache.tomcat.util.IntrospectionUtils  : IntrospectionUtils: setProperty(class org.apache.tomcat.util.modeler.OperationInfo name=findApplicationParameters)
2019-05-11 11:06:13.653 DEBUG 8956 --- [kground-preinit] o.apache.tomcat.util.digester.Digester   : [SetPropertiesRule]{mbeans-descriptors/mbean/operation} Setting property 'description' to 'Return the set of application parameters for this application.'
2019-05-11 11:06:13.654 DEBUG 8956 --- [kground-preinit] o.apache.tomcat.util.IntrospectionUtils  : IntrospectionUtils: setProperty(class org.apache.tomcat.util.modeler.OperationInfo description=Return the set of application parameters for this application.)
2019-05-11 11:06:13.654 DEBUG 8956 --- [kground-preinit] o.apache.tomcat.util.digester.Digester   : [SetPropertiesRule]{mbeans-descriptors/mbean/operation} Setting property 'impact' to 'INFO'
2019-05-11 11:06:13.654 DEBUG 8956 --- [kground-preinit] o.apache.tomcat.util.IntrospectionUtils  : IntrospectionUtils: setProperty(class org.apache.tomcat.util.modeler.OperationInfo impact=INFO)
2019-05-11 11:06:13.654 DEBUG 8956 --- [kground-preinit] o.apache.tomcat.util.digester.Digester   : [SetPropertiesRule]{mbeans-descriptors/mbean/operation} Setting property 'returnType' to 'java.lang.String'
2019-05-11 11:06:13.654 DEBUG 8956 --- [kground-preinit] o.apache.tomcat.util.IntrospectionUtils  : IntrospectionUtils: setProperty(class org.apache.tomcat.util.modeler.OperationInfo returnType=java.lang.String)
2019-05-11 11:06:13.654 DEBUG 8956 --- [kground-preinit] o.apache.tomcat.util.digester.Digester   :   Fire begin() for SetNextRule[methodName=addOperation, paramType=org.apache.tomcat.util.modeler.OperationInfo]
2019-05-11 11:06:13.654 DEBUG 8956 --- [kground-preinit] o.a.tomcat.util.digester.Digester.sax    : characters(
    )
2019-05-11 11:06:13.654 DEBUG 8956 --- [kground-preinit] o.a.tomcat.util.digester.Digester.sax    : endElement(,,operation)
2019-05-11 11:06:13.654 DEBUG 8956 --- [kground-preinit] o.apache.tomcat.util.digester.Digester   :   match='mbeans-descriptors/mbean/operation'
2019-05-11 11:06:13.654 DEBUG 8956 --- [kground-preinit] o.apache.tomcat.util.digester.Digester   :   bodyText='
    '
2019-05-11 11:06:13.654 DEBUG 8956 --- [kground-preinit] o.apache.tomcat.util.digester.Digester   :   Fire body() for ObjectCreateRule[className=org.apache.tomcat.util.modeler.OperationInfo, attributeName=null]
2019-05-11 11:06:13.655 DEBUG 8956 --- [kground-preinit] o.apache.tomcat.util.digester.Digester   :   Fire body() for SetPropertiesRule[]
2019-05-11 11:06:13.655 DEBUG 8956 --- [kground-preinit] o.apache.tomcat.util.digester.Digester   :   Fire body() for SetNextRule[methodName=addOperation, paramType=org.apache.tomcat.util.modeler.OperationInfo]
2019-05-11 11:06:13.655 DEBUG 8956 --- [kground-preinit] o.apache.tomcat.util.digester.Digester   :   Fire end() for SetNextRule[methodName=addOperation, paramType=org.apache.tomcat.util.modeler.OperationInfo]
2019-05-11 11:06:13.655 DEBUG 8956 --- [kground-preinit] o.apache.tomcat.util.digester.Digester   : [SetNextRule]{mbeans-descriptors/mbean/operation} Call org.apache.tomcat.util.modeler.ManagedBean.addOperation(org.apache.tomcat.util.modeler.OperationInfo@2697d7ef)
2019-05-11 11:06:13.655 DEBUG 8956 --- [kground-preinit] o.apache.tomcat.util.IntrospectionUtils  : IntrospectionUtils: callMethod1 org.apache.tomcat.util.modeler.ManagedBean org.apache.tomcat.util.modeler.OperationInfo org.apache.tomcat.util.modeler.OperationInfo
2019-05-11 11:06:13.656 DEBUG 8956 --- [kground-preinit] o.apache.tomcat.util.digester.Digester   :   Fire end() for SetPropertiesRule[]
2019-05-11 11:06:13.656 DEBUG 8956 --- [kground-preinit] o.apache.tomcat.util.digester.Digester   :   Fire end() for ObjectCreateRule[className=org.apache.tomcat.util.modeler.OperationInfo, attributeName=null]
2019-05-11 11:06:13.657 DEBUG 8956 --- [kground-preinit] o.apache.tomcat.util.digester.Digester   : [ObjectCreateRule]{mbeans-descriptors/mbean/operation} Pop org.apache.tomcat.util.modeler.OperationInfo
2019-05-11 11:06:13.657 DEBUG 8956 --- [kground-preinit] o.a.tomcat.util.digester.Digester.sax    : characters(

    )
2019-05-11 11:06:13.657 DEBUG 8956 --- [kground-preinit] o.a.tomcat.util.digester.Digester.sax    : startElement(,,operation)
2019-05-11 11:06:13.657 DEBUG 8956 --- [kground-preinit] o.apache.tomcat.util.digester.Digester   :   New match='mbeans-descriptors/mbean/operation'
2019-05-11 11:06:13.657 DEBUG 8956 --- [kground-preinit] o.apache.tomcat.util.digester.Digester   :   Fire begin() for ObjectCreateRule[className=org.apache.tomcat.util.modeler.OperationInfo, attributeName=null]
2019-05-11 11:06:13.657 DEBUG 8956 --- [kground-preinit] o.apache.tomcat.util.digester.Digester   : [ObjectCreateRule]{mbeans-descriptors/mbean/operation}New org.apache.tomcat.util.modeler.OperationInfo
2019-05-11 11:06:13.657 DEBUG 8956 --- [kground-preinit] o.apache.tomcat.util.digester.Digester   :   Fire begin() for SetPropertiesRule[]
2019-05-11 11:06:13.657 DEBUG 8956 --- [kground-preinit] o.apache.tomcat.util.digester.Digester   : [SetPropertiesRule]{mbeans-descriptors/mbean/operation} Set org.apache.tomcat.util.modeler.OperationInfo properties
2019-05-11 11:06:13.658 DEBUG 8956 --- [kground-preinit] o.apache.tomcat.util.digester.Digester   : [SetPropertiesRule]{mbeans-descriptors/mbean/operation} Setting property 'name' to 'findConstraints'
2019-05-11 11:06:13.658 DEBUG 8956 --- [kground-preinit] o.apache.tomcat.util.IntrospectionUtils  : IntrospectionUtils: setProperty(class org.apache.tomcat.util.modeler.OperationInfo name=findConstraints)
2019-05-11 11:06:13.658 DEBUG 8956 --- [kground-preinit] o.apache.tomcat.util.digester.Digester   : [SetPropertiesRule]{mbeans-descriptors/mbean/operation} Setting property 'description' to 'Return the set of security constraints for this web application. If there are none, a zero-length array is returned.'
2019-05-11 11:06:13.658 DEBUG 8956 --- [kground-preinit] o.apache.tomcat.util.IntrospectionUtils  : IntrospectionUtils: setProperty(class org.apache.tomcat.util.modeler.OperationInfo description=Return the set of security constraints for this web application. If there are none, a zero-length array is returned.)
2019-05-11 11:06:13.658 DEBUG 8956 --- [kground-preinit] o.apache.tomcat.util.digester.Digester   : [SetPropertiesRule]{mbeans-descriptors/mbean/operation} Setting property 'impact' to 'INFO'
2019-05-11 11:06:13.658 DEBUG 8956 --- [kground-preinit] o.apache.tomcat.util.IntrospectionUtils  : IntrospectionUtils: setProperty(class org.apache.tomcat.util.modeler.OperationInfo impact=INFO)
2019-05-11 11:06:13.658 DEBUG 8956 --- [kground-preinit] o.apache.tomcat.util.digester.Digester   : [SetPropertiesRule]{mbeans-descriptors/mbean/operation} Setting property 'returnType' to 'java.lang.String'
2019-05-11 11:06:13.658 DEBUG 8956 --- [kground-preinit] o.apache.tomcat.util.IntrospectionUtils  : IntrospectionUtils: setProperty(class org.apache.tomcat.util.modeler.OperationInfo returnType=java.lang.String)
2019-05-11 11:06:13.658 DEBUG 8956 --- [kground-preinit] o.apache.tomcat.util.digester.Digester   :   Fire begin() for SetNextRule[methodName=addOperation, paramType=org.apache.tomcat.util.modeler.OperationInfo]
2019-05-11 11:06:13.659 DEBUG 8956 --- [kground-preinit] o.a.tomcat.util.digester.Digester.sax    : characters(
    )
2019-05-11 11:06:13.659 DEBUG 8956 --- [kground-preinit] o.a.tomcat.util.digester.Digester.sax    : endElement(,,operation)
2019-05-11 11:06:13.659 DEBUG 8956 --- [kground-preinit] o.apache.tomcat.util.digester.Digester   :   match='mbeans-descriptors/mbean/operation'
2019-05-11 11:06:13.659 DEBUG 8956 --- [kground-preinit] o.apache.tomcat.util.digester.Digester   :   bodyText='
    '
2019-05-11 11:06:13.659 DEBUG 8956 --- [kground-preinit] o.apache.tomcat.util.digester.Digester   :   Fire body() for ObjectCreateRule[className=org.apache.tomcat.util.modeler.OperationInfo, attributeName=null]
2019-05-11 11:06:13.659 DEBUG 8956 --- [kground-preinit] o.apache.tomcat.util.digester.Digester   :   Fire body() for SetPropertiesRule[]
2019-05-11 11:06:13.659 DEBUG 8956 --- [kground-preinit] o.apache.tomcat.util.digester.Digester   :   Fire body() for SetNextRule[methodName=addOperation, paramType=org.apache.tomcat.util.modeler.OperationInfo]
2019-05-11 11:06:13.659 DEBUG 8956 --- [kground-preinit] o.apache.tomcat.util.digester.Digester   :   Fire end() for SetNextRule[methodName=addOperation, paramType=org.apache.tomcat.util.modeler.OperationInfo]
2019-05-11 11:06:13.659 DEBUG 8956 --- [kground-preinit] o.apache.tomcat.util.digester.Digester   : [SetNextRule]{mbeans-descriptors/mbean/operation} Call org.apache.tomcat.util.modeler.ManagedBean.addOperation(org.apache.tomcat.util.modeler.OperationInfo@2f9ab0b3)
2019-05-11 11:06:13.659 DEBUG 8956 --- [kground-preinit] o.apache.tomcat.util.IntrospectionUtils  : IntrospectionUtils: callMethod1 org.apache.tomcat.util.modeler.ManagedBean org.apache.tomcat.util.modeler.OperationInfo org.apache.tomcat.util.modeler.OperationInfo
2019-05-11 11:06:13.659 DEBUG 8956 --- [kground-preinit] o.apache.tomcat.util.digester.Digester   :   Fire end() for SetPropertiesRule[]
2019-05-11 11:06:13.660 DEBUG 8956 --- [kground-preinit] o.apache.tomcat.util.digester.Digester   :   Fire end() for ObjectCreateRule[className=org.apache.tomcat.util.modeler.OperationInfo, attributeName=null]
2019-05-11 11:06:13.660 DEBUG 8956 --- [kground-preinit] o.apache.tomcat.util.digester.Digester   : [ObjectCreateRule]{mbeans-descriptors/mbean/operation} Pop org.apache.tomcat.util.modeler.OperationInfo
2019-05-11 11:06:13.660 DEBUG 8956 --- [kground-preinit] o.a.tomcat.util.digester.Digester.sax    : characters(

    )
2019-05-11 11:06:13.660 DEBUG 8956 --- [kground-preinit] o.a.tomcat.util.digester.Digester.sax    : startElement(,,operation)
2019-05-11 11:06:13.660 DEBUG 8956 --- [kground-preinit] o.apache.tomcat.util.digester.Digester   :   New match='mbeans-descriptors/mbean/operation'
2019-05-11 11:06:13.660 DEBUG 8956 --- [kground-preinit] o.apache.tomcat.util.digester.Digester   :   Fire begin() for ObjectCreateRule[className=org.apache.tomcat.util.modeler.OperationInfo, attributeName=null]
2019-05-11 11:06:13.660 DEBUG 8956 --- [kground-preinit] o.apache.tomcat.util.digester.Digester   : [ObjectCreateRule]{mbeans-descriptors/mbean/operation}New org.apache.tomcat.util.modeler.OperationInfo
2019-05-11 11:06:13.660 DEBUG 8956 --- [kground-preinit] o.apache.tomcat.util.digester.Digester   :   Fire begin() for SetPropertiesRule[]
2019-05-11 11:06:13.660 DEBUG 8956 --- [kground-preinit] o.apache.tomcat.util.digester.Digester   : [SetPropertiesRule]{mbeans-descriptors/mbean/operation} Set org.apache.tomcat.util.modeler.OperationInfo properties
2019-05-11 11:06:13.660 DEBUG 8956 --- [kground-preinit] o.apache.tomcat.util.digester.Digester   : [SetPropertiesRule]{mbeans-descriptors/mbean/operation} Setting property 'name' to 'findContainerListenerNames'
2019-05-11 11:06:13.661 DEBUG 8956 --- [kground-preinit] o.apache.tomcat.util.IntrospectionUtils  : IntrospectionUtils: setProperty(class org.apache.tomcat.util.modeler.OperationInfo name=findContainerListenerNames)
2019-05-11 11:06:13.661 DEBUG 8956 --- [kground-preinit] o.apache.tomcat.util.digester.Digester   : [SetPropertiesRule]{mbeans-descriptors/mbean/operation} Setting property 'description' to 'Return the set of container listener class names configured for this application.'
2019-05-11 11:06:13.661 DEBUG 8956 --- [kground-preinit] o.apache.tomcat.util.IntrospectionUtils  : IntrospectionUtils: setProperty(class org.apache.tomcat.util.modeler.OperationInfo description=Return the set of container listener class names configured for this application.)
2019-05-11 11:06:13.661 DEBUG 8956 --- [kground-preinit] o.apache.tomcat.util.digester.Digester   : [SetPropertiesRule]{mbeans-descriptors/mbean/operation} Setting property 'impact' to 'INFO'
2019-05-11 11:06:13.661 DEBUG 8956 --- [kground-preinit] o.apache.tomcat.util.IntrospectionUtils  : IntrospectionUtils: setProperty(class org.apache.tomcat.util.modeler.OperationInfo impact=INFO)
2019-05-11 11:06:13.661 DEBUG 8956 --- [kground-preinit] o.apache.tomcat.util.digester.Digester   : [SetPropertiesRule]{mbeans-descriptors/mbean/operation} Setting property 'returnType' to '[Ljava.lang.String;'
2019-05-11 11:06:13.661 DEBUG 8956 --- [kground-preinit] o.apache.tomcat.util.IntrospectionUtils  : IntrospectionUtils: setProperty(class org.apache.tomcat.util.modeler.OperationInfo returnType=[Ljava.lang.String;)
2019-05-11 11:06:13.661 DEBUG 8956 --- [kground-preinit] o.apache.tomcat.util.digester.Digester   :   Fire begin() for SetNextRule[methodName=addOperation, paramType=org.apache.tomcat.util.modeler.OperationInfo]
2019-05-11 11:06:13.661 DEBUG 8956 --- [kground-preinit] o.a.tomcat.util.digester.Digester.sax    : characters(
    )
2019-05-11 11:06:13.662 DEBUG 8956 --- [kground-preinit] o.a.tomcat.util.digester.Digester.sax    : endElement(,,operation)
2019-05-11 11:06:13.662 DEBUG 8956 --- [kground-preinit] o.apache.tomcat.util.digester.Digester   :   match='mbeans-descriptors/mbean/operation'
2019-05-11 11:06:13.662 DEBUG 8956 --- [kground-preinit] o.apache.tomcat.util.digester.Digester   :   bodyText='
    '
2019-05-11 11:06:13.662 DEBUG 8956 --- [kground-preinit] o.apache.tomcat.util.digester.Digester   :   Fire body() for ObjectCreateRule[className=org.apache.tomcat.util.modeler.OperationInfo, attributeName=null]
2019-05-11 11:06:13.662 DEBUG 8956 --- [kground-preinit] o.apache.tomcat.util.digester.Digester   :   Fire body() for SetPropertiesRule[]
2019-05-11 11:06:13.662 DEBUG 8956 --- [kground-preinit] o.apache.tomcat.util.digester.Digester   :   Fire body() for SetNextRule[methodName=addOperation, paramType=org.apache.tomcat.util.modeler.OperationInfo]
2019-05-11 11:06:13.662 DEBUG 8956 --- [kground-preinit] o.apache.tomcat.util.digester.Digester   :   Fire end() for SetNextRule[methodName=addOperation, paramType=org.apache.tomcat.util.modeler.OperationInfo]
2019-05-11 11:06:13.662 DEBUG 8956 --- [kground-preinit] o.apache.tomcat.util.digester.Digester   : [SetNextRule]{mbeans-descriptors/mbean/operation} Call org.apache.tomcat.util.modeler.ManagedBean.addOperation(org.apache.tomcat.util.modeler.OperationInfo@15aa5526)
2019-05-11 11:06:13.662 DEBUG 8956 --- [kground-preinit] o.apache.tomcat.util.IntrospectionUtils  : IntrospectionUtils: callMethod1 org.apache.tomcat.util.modeler.ManagedBean org.apache.tomcat.util.modeler.OperationInfo org.apache.tomcat.util.modeler.OperationInfo
2019-05-11 11:06:13.662 DEBUG 8956 --- [kground-preinit] o.apache.tomcat.util.digester.Digester   :   Fire end() for SetPropertiesRule[]
2019-05-11 11:06:13.662 DEBUG 8956 --- [kground-preinit] o.apache.tomcat.util.digester.Digester   :   Fire end() for ObjectCreateRule[className=org.apache.tomcat.util.modeler.OperationInfo, attributeName=null]
2019-05-11 11:06:13.663 DEBUG 8956 --- [kground-preinit] o.apache.tomcat.util.digester.Digester   : [ObjectCreateRule]{mbeans-descriptors/mbean/operation} Pop org.apache.tomcat.util.modeler.OperationInfo
2019-05-11 11:06:13.663 DEBUG 8956 --- [kground-preinit] o.a.tomcat.util.digester.Digester.sax    : characters(

    )
2019-05-11 11:06:13.663 DEBUG 8956 --- [kground-preinit] o.a.tomcat.util.digester.Digester.sax    : startElement(,,operation)
2019-05-11 11:06:13.663 DEBUG 8956 --- [kground-preinit] o.apache.tomcat.util.digester.Digester   :   New match='mbeans-descriptors/mbean/operation'
2019-05-11 11:06:13.663 DEBUG 8956 --- [kground-preinit] o.apache.tomcat.util.digester.Digester   :   Fire begin() for ObjectCreateRule[className=org.apache.tomcat.util.modeler.OperationInfo, attributeName=null]
2019-05-11 11:06:13.664 DEBUG 8956 --- [kground-preinit] o.apache.tomcat.util.digester.Digester   : [ObjectCreateRule]{mbeans-descriptors/mbean/operation}New org.apache.tomcat.util.modeler.OperationInfo
2019-05-11 11:06:13.664 DEBUG 8956 --- [kground-preinit] o.apache.tomcat.util.digester.Digester   :   Fire begin() for SetPropertiesRule[]
2019-05-11 11:06:13.664 DEBUG 8956 --- [kground-preinit] o.apache.tomcat.util.digester.Digester   : [SetPropertiesRule]{mbeans-descriptors/mbean/operation} Set org.apache.tomcat.util.modeler.OperationInfo properties
2019-05-11 11:06:13.664 DEBUG 8956 --- [kground-preinit] o.apache.tomcat.util.digester.Digester   : [SetPropertiesRule]{mbeans-descriptors/mbean/operation} Setting property 'name' to 'findErrorPage'
2019-05-11 11:06:13.664 DEBUG 8956 --- [kground-preinit] o.apache.tomcat.util.IntrospectionUtils  : IntrospectionUtils: setProperty(class org.apache.tomcat.util.modeler.OperationInfo name=findErrorPage)
2019-05-11 11:06:13.664 DEBUG 8956 --- [kground-preinit] o.apache.tomcat.util.digester.Digester   : [SetPropertiesRule]{mbeans-descriptors/mbean/operation} Setting property 'description' to 'Return the error page entry for the specified HTTP error code, if any; otherwise return null'
2019-05-11 11:06:13.665 DEBUG 8956 --- [kground-preinit] o.apache.tomcat.util.IntrospectionUtils  : IntrospectionUtils: setProperty(class org.apache.tomcat.util.modeler.OperationInfo description=Return the error page entry for the specified HTTP error code, if any; otherwise return null)
2019-05-11 11:06:13.665 DEBUG 8956 --- [kground-preinit] o.apache.tomcat.util.digester.Digester   : [SetPropertiesRule]{mbeans-descriptors/mbean/operation} Setting property 'impact' to 'ACTION'
2019-05-11 11:06:13.665 DEBUG 8956 --- [kground-preinit] o.apache.tomcat.util.IntrospectionUtils  : IntrospectionUtils: setProperty(class org.apache.tomcat.util.modeler.OperationInfo impact=ACTION)
2019-05-11 11:06:13.665 DEBUG 8956 --- [kground-preinit] o.apache.tomcat.util.digester.Digester   : [SetPropertiesRule]{mbeans-descriptors/mbean/operation} Setting property 'returnType' to 'java.lang.String'
2019-05-11 11:06:13.665 DEBUG 8956 --- [kground-preinit] o.apache.tomcat.util.IntrospectionUtils  : IntrospectionUtils: setProperty(class org.apache.tomcat.util.modeler.OperationInfo returnType=java.lang.String)
2019-05-11 11:06:13.665 DEBUG 8956 --- [kground-preinit] o.apache.tomcat.util.digester.Digester   :   Fire begin() for SetNextRule[methodName=addOperation, paramType=org.apache.tomcat.util.modeler.OperationInfo]
2019-05-11 11:06:13.666 DEBUG 8956 --- [kground-preinit] o.a.tomcat.util.digester.Digester.sax    : characters(
      )
2019-05-11 11:06:13.666 DEBUG 8956 --- [kground-preinit] o.a.tomcat.util.digester.Digester.sax    : startElement(,,parameter)
2019-05-11 11:06:13.666 DEBUG 8956 --- [kground-preinit] o.apache.tomcat.util.digester.Digester   :   New match='mbeans-descriptors/mbean/operation/parameter'
2019-05-11 11:06:13.666 DEBUG 8956 --- [kground-preinit] o.apache.tomcat.util.digester.Digester   :   Fire begin() for ObjectCreateRule[className=org.apache.tomcat.util.modeler.ParameterInfo, attributeName=null]
2019-05-11 11:06:13.666 DEBUG 8956 --- [kground-preinit] o.apache.tomcat.util.digester.Digester   : [ObjectCreateRule]{mbeans-descriptors/mbean/operation/parameter}New org.apache.tomcat.util.modeler.ParameterInfo
2019-05-11 11:06:13.666 DEBUG 8956 --- [kground-preinit] o.apache.tomcat.util.digester.Digester   :   Fire begin() for SetPropertiesRule[]
2019-05-11 11:06:13.667 DEBUG 8956 --- [kground-preinit] o.apache.tomcat.util.digester.Digester   : [SetPropertiesRule]{mbeans-descriptors/mbean/operation/parameter} Set org.apache.tomcat.util.modeler.ParameterInfo properties
2019-05-11 11:06:13.667 DEBUG 8956 --- [kground-preinit] o.apache.tomcat.util.digester.Digester   : [SetPropertiesRule]{mbeans-descriptors/mbean/operation/parameter} Setting property 'name' to 'errorCode'
2019-05-11 11:06:13.667 DEBUG 8956 --- [kground-preinit] o.apache.tomcat.util.IntrospectionUtils  : IntrospectionUtils: setProperty(class org.apache.tomcat.util.modeler.ParameterInfo name=errorCode)
2019-05-11 11:06:13.667 DEBUG 8956 --- [kground-preinit] o.apache.tomcat.util.digester.Digester   : [SetPropertiesRule]{mbeans-descriptors/mbean/operation/parameter} Setting property 'description' to 'Error code to look up'
2019-05-11 11:06:13.667 DEBUG 8956 --- [kground-preinit] o.apache.tomcat.util.IntrospectionUtils  : IntrospectionUtils: setProperty(class org.apache.tomcat.util.modeler.ParameterInfo description=Error code to look up)
2019-05-11 11:06:13.667 DEBUG 8956 --- [kground-preinit] o.apache.tomcat.util.digester.Digester   : [SetPropertiesRule]{mbeans-descriptors/mbean/operation/parameter} Setting property 'type' to 'int'
2019-05-11 11:06:13.667 DEBUG 8956 --- [kground-preinit] o.apache.tomcat.util.IntrospectionUtils  : IntrospectionUtils: setProperty(class org.apache.tomcat.util.modeler.ParameterInfo type=int)
2019-05-11 11:06:13.667 DEBUG 8956 --- [kground-preinit] o.apache.tomcat.util.digester.Digester   :   Fire begin() for SetNextRule[methodName=addParameter, paramType=org.apache.tomcat.util.modeler.ParameterInfo]
2019-05-11 11:06:13.667 DEBUG 8956 --- [kground-preinit] o.a.tomcat.util.digester.Digester.sax    : endElement(,,parameter)
2019-05-11 11:06:13.667 DEBUG 8956 --- [kground-preinit] o.apache.tomcat.util.digester.Digester   :   match='mbeans-descriptors/mbean/operation/parameter'
2019-05-11 11:06:13.667 DEBUG 8956 --- [kground-preinit] o.apache.tomcat.util.digester.Digester   :   bodyText=''
2019-05-11 11:06:13.668 DEBUG 8956 --- [kground-preinit] o.apache.tomcat.util.digester.Digester   :   Fire body() for ObjectCreateRule[className=org.apache.tomcat.util.modeler.ParameterInfo, attributeName=null]
2019-05-11 11:06:13.668 DEBUG 8956 --- [kground-preinit] o.apache.tomcat.util.digester.Digester   :   Fire body() for SetPropertiesRule[]
2019-05-11 11:06:13.668 DEBUG 8956 --- [kground-preinit] o.apache.tomcat.util.digester.Digester   :   Fire body() for SetNextRule[methodName=addParameter, paramType=org.apache.tomcat.util.modeler.ParameterInfo]
2019-05-11 11:06:13.668 DEBUG 8956 --- [kground-preinit] o.apache.tomcat.util.digester.Digester   :   Fire end() for SetNextRule[methodName=addParameter, paramType=org.apache.tomcat.util.modeler.ParameterInfo]
2019-05-11 11:06:13.668 DEBUG 8956 --- [kground-preinit] o.apache.tomcat.util.digester.Digester   : [SetNextRule]{mbeans-descriptors/mbean/operation/parameter} Call org.apache.tomcat.util.modeler.OperationInfo.addParameter(org.apache.tomcat.util.modeler.ParameterInfo@7187ac20)
2019-05-11 11:06:13.668 DEBUG 8956 --- [kground-preinit] o.apache.tomcat.util.IntrospectionUtils  : IntrospectionUtils: callMethod1 org.apache.tomcat.util.modeler.OperationInfo org.apache.tomcat.util.modeler.ParameterInfo org.apache.tomcat.util.modeler.ParameterInfo
2019-05-11 11:06:13.668 DEBUG 8956 --- [kground-preinit] o.apache.tomcat.util.digester.Digester   :   Fire end() for SetPropertiesRule[]
2019-05-11 11:06:13.668 DEBUG 8956 --- [kground-preinit] o.apache.tomcat.util.digester.Digester   :   Fire end() for ObjectCreateRule[className=org.apache.tomcat.util.modeler.ParameterInfo, attributeName=null]
2019-05-11 11:06:13.668 DEBUG 8956 --- [kground-preinit] o.apache.tomcat.util.digester.Digester   : [ObjectCreateRule]{mbeans-descriptors/mbean/operation/parameter} Pop org.apache.tomcat.util.modeler.ParameterInfo
2019-05-11 11:06:13.668 DEBUG 8956 --- [kground-preinit] o.a.tomcat.util.digester.Digester.sax    : characters(
    )
2019-05-11 11:06:13.669 DEBUG 8956 --- [kground-preinit] o.a.tomcat.util.digester.Digester.sax    : endElement(,,operation)
2019-05-11 11:06:13.669 DEBUG 8956 --- [kground-preinit] o.apache.tomcat.util.digester.Digester   :   match='mbeans-descriptors/mbean/operation'
2019-05-11 11:06:13.669 DEBUG 8956 --- [kground-preinit] o.apache.tomcat.util.digester.Digester   :   bodyText='
      
    '
2019-05-11 11:06:13.669 DEBUG 8956 --- [kground-preinit] o.apache.tomcat.util.digester.Digester   :   Fire body() for ObjectCreateRule[className=org.apache.tomcat.util.modeler.OperationInfo, attributeName=null]
2019-05-11 11:06:13.669 DEBUG 8956 --- [kground-preinit] o.apache.tomcat.util.digester.Digester   :   Fire body() for SetPropertiesRule[]
2019-05-11 11:06:13.669 DEBUG 8956 --- [kground-preinit] o.apache.tomcat.util.digester.Digester   :   Fire body() for SetNextRule[methodName=addOperation, paramType=org.apache.tomcat.util.modeler.OperationInfo]
2019-05-11 11:06:13.669 DEBUG 8956 --- [kground-preinit] o.apache.tomcat.util.digester.Digester   :   Fire end() for SetNextRule[methodName=addOperation, paramType=org.apache.tomcat.util.modeler.OperationInfo]
2019-05-11 11:06:13.669 DEBUG 8956 --- [kground-preinit] o.apache.tomcat.util.digester.Digester   : [SetNextRule]{mbeans-descriptors/mbean/operation} Call org.apache.tomcat.util.modeler.ManagedBean.addOperation(org.apache.tomcat.util.modeler.OperationInfo@69373550)
2019-05-11 11:06:13.669 DEBUG 8956 --- [kground-preinit] o.apache.tomcat.util.IntrospectionUtils  : IntrospectionUtils: callMethod1 org.apache.tomcat.util.modeler.ManagedBean org.apache.tomcat.util.modeler.OperationInfo org.apache.tomcat.util.modeler.OperationInfo
2019-05-11 11:06:13.669 DEBUG 8956 --- [kground-preinit] o.apache.tomcat.util.digester.Digester   :   Fire end() for SetPropertiesRule[]
2019-05-11 11:06:13.669 DEBUG 8956 --- [kground-preinit] o.apache.tomcat.util.digester.Digester   :   Fire end() for ObjectCreateRule[className=org.apache.tomcat.util.modeler.OperationInfo, attributeName=null]
2019-05-11 11:06:13.670 DEBUG 8956 --- [kground-preinit] o.apache.tomcat.util.digester.Digester   : [ObjectCreateRule]{mbeans-descriptors/mbean/operation} Pop org.apache.tomcat.util.modeler.OperationInfo
2019-05-11 11:06:13.670 DEBUG 8956 --- [kground-preinit] o.a.tomcat.util.digester.Digester.sax    : characters(

    )
2019-05-11 11:06:13.670 DEBUG 8956 --- [kground-preinit] o.a.tomcat.util.digester.Digester.sax    : startElement(,,operation)
2019-05-11 11:06:13.670 DEBUG 8956 --- [kground-preinit] o.apache.tomcat.util.digester.Digester   :   New match='mbeans-descriptors/mbean/operation'
2019-05-11 11:06:13.670 DEBUG 8956 --- [kground-preinit] o.apache.tomcat.util.digester.Digester   :   Fire begin() for ObjectCreateRule[className=org.apache.tomcat.util.modeler.OperationInfo, attributeName=null]
2019-05-11 11:06:13.670 DEBUG 8956 --- [kground-preinit] o.apache.tomcat.util.digester.Digester   : [ObjectCreateRule]{mbeans-descriptors/mbean/operation}New org.apache.tomcat.util.modeler.OperationInfo
2019-05-11 11:06:13.670 DEBUG 8956 --- [kground-preinit] o.apache.tomcat.util.digester.Digester   :   Fire begin() for SetPropertiesRule[]
2019-05-11 11:06:13.670 DEBUG 8956 --- [kground-preinit] o.apache.tomcat.util.digester.Digester   : [SetPropertiesRule]{mbeans-descriptors/mbean/operation} Set org.apache.tomcat.util.modeler.OperationInfo properties
2019-05-11 11:06:13.670 DEBUG 8956 --- [kground-preinit] o.apache.tomcat.util.digester.Digester   : [SetPropertiesRule]{mbeans-descriptors/mbean/operation} Setting property 'name' to 'findErrorPage'
2019-05-11 11:06:13.670 DEBUG 8956 --- [kground-preinit] o.apache.tomcat.util.IntrospectionUtils  : IntrospectionUtils: setProperty(class org.apache.tomcat.util.modeler.OperationInfo name=findErrorPage)
2019-05-11 11:06:13.671 DEBUG 8956 --- [kground-preinit] o.apache.tomcat.util.digester.Digester   : [SetPropertiesRule]{mbeans-descriptors/mbean/operation} Setting property 'description' to 'Return the error page entry for the specified Java exception type, if any; otherwise return null.'
2019-05-11 11:06:13.671 DEBUG 8956 --- [kground-preinit] o.apache.tomcat.util.IntrospectionUtils  : IntrospectionUtils: setProperty(class org.apache.tomcat.util.modeler.OperationInfo description=Return the error page entry for the specified Java exception type, if any; otherwise return null.)
2019-05-11 11:06:13.671 DEBUG 8956 --- [kground-preinit] o.apache.tomcat.util.digester.Digester   : [SetPropertiesRule]{mbeans-descriptors/mbean/operation} Setting property 'impact' to 'ACTION'
2019-05-11 11:06:13.671 DEBUG 8956 --- [kground-preinit] o.apache.tomcat.util.IntrospectionUtils  : IntrospectionUtils: setProperty(class org.apache.tomcat.util.modeler.OperationInfo impact=ACTION)
2019-05-11 11:06:13.671 DEBUG 8956 --- [kground-preinit] o.apache.tomcat.util.digester.Digester   : [SetPropertiesRule]{mbeans-descriptors/mbean/operation} Setting property 'returnType' to 'java.lang.String'
2019-05-11 11:06:13.671 DEBUG 8956 --- [kground-preinit] o.apache.tomcat.util.IntrospectionUtils  : IntrospectionUtils: setProperty(class org.apache.tomcat.util.modeler.OperationInfo returnType=java.lang.String)
2019-05-11 11:06:13.671 DEBUG 8956 --- [kground-preinit] o.apache.tomcat.util.digester.Digester   :   Fire begin() for SetNextRule[methodName=addOperation, paramType=org.apache.tomcat.util.modeler.OperationInfo]
2019-05-11 11:06:13.671 DEBUG 8956 --- [kground-preinit] o.a.tomcat.util.digester.Digester.sax    : characters(
      )
2019-05-11 11:06:13.671 DEBUG 8956 --- [kground-preinit] o.a.tomcat.util.digester.Digester.sax    : startElement(,,parameter)
2019-05-11 11:06:13.672 DEBUG 8956 --- [kground-preinit] o.apache.tomcat.util.digester.Digester   :   New match='mbeans-descriptors/mbean/operation/parameter'
2019-05-11 11:06:13.672 DEBUG 8956 --- [kground-preinit] o.apache.tomcat.util.digester.Digester   :   Fire begin() for ObjectCreateRule[className=org.apache.tomcat.util.modeler.ParameterInfo, attributeName=null]
2019-05-11 11:06:13.672 DEBUG 8956 --- [kground-preinit] o.apache.tomcat.util.digester.Digester   : [ObjectCreateRule]{mbeans-descriptors/mbean/operation/parameter}New org.apache.tomcat.util.modeler.ParameterInfo
2019-05-11 11:06:13.672 DEBUG 8956 --- [kground-preinit] o.apache.tomcat.util.digester.Digester   :   Fire begin() for SetPropertiesRule[]
2019-05-11 11:06:13.672 DEBUG 8956 --- [kground-preinit] o.apache.tomcat.util.digester.Digester   : [SetPropertiesRule]{mbeans-descriptors/mbean/operation/parameter} Set org.apache.tomcat.util.modeler.ParameterInfo properties
2019-05-11 11:06:13.673 DEBUG 8956 --- [kground-preinit] o.apache.tomcat.util.digester.Digester   : [SetPropertiesRule]{mbeans-descriptors/mbean/operation/parameter} Setting property 'name' to 'exceptionType'
2019-05-11 11:06:13.673 DEBUG 8956 --- [kground-preinit] o.apache.tomcat.util.IntrospectionUtils  : IntrospectionUtils: setProperty(class org.apache.tomcat.util.modeler.ParameterInfo name=exceptionType)
2019-05-11 11:06:13.673 DEBUG 8956 --- [kground-preinit] o.apache.tomcat.util.digester.Digester   : [SetPropertiesRule]{mbeans-descriptors/mbean/operation/parameter} Setting property 'description' to 'Exception type to look up'
2019-05-11 11:06:13.674 DEBUG 8956 --- [kground-preinit] o.apache.tomcat.util.IntrospectionUtils  : IntrospectionUtils: setProperty(class org.apache.tomcat.util.modeler.ParameterInfo description=Exception type to look up)
2019-05-11 11:06:13.674 DEBUG 8956 --- [kground-preinit] o.apache.tomcat.util.digester.Digester   : [SetPropertiesRule]{mbeans-descriptors/mbean/operation/parameter} Setting property 'type' to 'java.lang.String'
2019-05-11 11:06:13.674 DEBUG 8956 --- [kground-preinit] o.apache.tomcat.util.IntrospectionUtils  : IntrospectionUtils: setProperty(class org.apache.tomcat.util.modeler.ParameterInfo type=java.lang.String)
2019-05-11 11:06:13.674 DEBUG 8956 --- [kground-preinit] o.apache.tomcat.util.digester.Digester   :   Fire begin() for SetNextRule[methodName=addParameter, paramType=org.apache.tomcat.util.modeler.ParameterInfo]
2019-05-11 11:06:13.674 DEBUG 8956 --- [kground-preinit] o.a.tomcat.util.digester.Digester.sax    : endElement(,,parameter)
2019-05-11 11:06:13.675 DEBUG 8956 --- [kground-preinit] o.apache.tomcat.util.digester.Digester   :   match='mbeans-descriptors/mbean/operation/parameter'
2019-05-11 11:06:13.675 DEBUG 8956 --- [kground-preinit] o.apache.tomcat.util.digester.Digester   :   bodyText=''
2019-05-11 11:06:13.675 DEBUG 8956 --- [kground-preinit] o.apache.tomcat.util.digester.Digester   :   Fire body() for ObjectCreateRule[className=org.apache.tomcat.util.modeler.ParameterInfo, attributeName=null]
2019-05-11 11:06:13.675 DEBUG 8956 --- [kground-preinit] o.apache.tomcat.util.digester.Digester   :   Fire body() for SetPropertiesRule[]
2019-05-11 11:06:13.675 DEBUG 8956 --- [kground-preinit] o.apache.tomcat.util.digester.Digester   :   Fire body() for SetNextRule[methodName=addParameter, paramType=org.apache.tomcat.util.modeler.ParameterInfo]
2019-05-11 11:06:13.675 DEBUG 8956 --- [kground-preinit] o.apache.tomcat.util.digester.Digester   :   Fire end() for SetNextRule[methodName=addParameter, paramType=org.apache.tomcat.util.modeler.ParameterInfo]
2019-05-11 11:06:13.675 DEBUG 8956 --- [kground-preinit] o.apache.tomcat.util.digester.Digester   : [SetNextRule]{mbeans-descriptors/mbean/operation/parameter} Call org.apache.tomcat.util.modeler.OperationInfo.addParameter(org.apache.tomcat.util.modeler.ParameterInfo@13d20fed)
2019-05-11 11:06:13.675 DEBUG 8956 --- [kground-preinit] o.apache.tomcat.util.IntrospectionUtils  : IntrospectionUtils: callMethod1 org.apache.tomcat.util.modeler.OperationInfo org.apache.tomcat.util.modeler.ParameterInfo org.apache.tomcat.util.modeler.ParameterInfo
2019-05-11 11:06:13.676 DEBUG 8956 --- [kground-preinit] o.apache.tomcat.util.digester.Digester   :   Fire end() for SetPropertiesRule[]
2019-05-11 11:06:13.676 DEBUG 8956 --- [kground-preinit] o.apache.tomcat.util.digester.Digester   :   Fire end() for ObjectCreateRule[className=org.apache.tomcat.util.modeler.ParameterInfo, attributeName=null]
2019-05-11 11:06:13.676 DEBUG 8956 --- [kground-preinit] o.apache.tomcat.util.digester.Digester   : [ObjectCreateRule]{mbeans-descriptors/mbean/operation/parameter} Pop org.apache.tomcat.util.modeler.ParameterInfo
2019-05-11 11:06:13.676 DEBUG 8956 --- [kground-preinit] o.a.tomcat.util.digester.Digester.sax    : characters(
    )
2019-05-11 11:06:13.676 DEBUG 8956 --- [kground-preinit] o.a.tomcat.util.digester.Digester.sax    : endElement(,,operation)
2019-05-11 11:06:13.676 DEBUG 8956 --- [kground-preinit] o.apache.tomcat.util.digester.Digester   :   match='mbeans-descriptors/mbean/operation'
2019-05-11 11:06:13.676 DEBUG 8956 --- [kground-preinit] o.apache.tomcat.util.digester.Digester   :   bodyText='
      
    '
2019-05-11 11:06:13.676 DEBUG 8956 --- [kground-preinit] o.apache.tomcat.util.digester.Digester   :   Fire body() for ObjectCreateRule[className=org.apache.tomcat.util.modeler.OperationInfo, attributeName=null]
2019-05-11 11:06:13.677 DEBUG 8956 --- [kground-preinit] o.apache.tomcat.util.digester.Digester   :   Fire body() for SetPropertiesRule[]
2019-05-11 11:06:13.688 DEBUG 8956 --- [kground-preinit] o.apache.tomcat.util.digester.Digester   :   Fire body() for SetNextRule[methodName=addOperation, paramType=org.apache.tomcat.util.modeler.OperationInfo]
2019-05-11 11:06:13.688 DEBUG 8956 --- [kground-preinit] o.apache.tomcat.util.digester.Digester   :   Fire end() for SetNextRule[methodName=addOperation, paramType=org.apache.tomcat.util.modeler.OperationInfo]
2019-05-11 11:06:13.692 DEBUG 8956 --- [kground-preinit] o.apache.tomcat.util.digester.Digester   : [SetNextRule]{mbeans-descriptors/mbean/operation} Call org.apache.tomcat.util.modeler.ManagedBean.addOperation(org.apache.tomcat.util.modeler.OperationInfo@54167bd4)
2019-05-11 11:06:13.692 DEBUG 8956 --- [kground-preinit] o.apache.tomcat.util.IntrospectionUtils  : IntrospectionUtils: callMethod1 org.apache.tomcat.util.modeler.ManagedBean org.apache.tomcat.util.modeler.OperationInfo org.apache.tomcat.util.modeler.OperationInfo
2019-05-11 11:06:13.692 DEBUG 8956 --- [kground-preinit] o.apache.tomcat.util.digester.Digester   :   Fire end() for SetPropertiesRule[]
2019-05-11 11:06:13.692 DEBUG 8956 --- [kground-preinit] o.apache.tomcat.util.digester.Digester   :   Fire end() for ObjectCreateRule[className=org.apache.tomcat.util.modeler.OperationInfo, attributeName=null]
2019-05-11 11:06:13.693 DEBUG 8956 --- [kground-preinit] o.apache.tomcat.util.digester.Digester   : [ObjectCreateRule]{mbeans-descriptors/mbean/operation} Pop org.apache.tomcat.util.modeler.OperationInfo
2019-05-11 11:06:13.693 DEBUG 8956 --- [kground-preinit] o.a.tomcat.util.digester.Digester.sax    : characters(

    )
2019-05-11 11:06:13.693 DEBUG 8956 --- [kground-preinit] o.a.tomcat.util.digester.Digester.sax    : startElement(,,operation)
2019-05-11 11:06:13.693 DEBUG 8956 --- [kground-preinit] o.apache.tomcat.util.digester.Digester   :   New match='mbeans-descriptors/mbean/operation'
2019-05-11 11:06:13.693 DEBUG 8956 --- [kground-preinit] o.apache.tomcat.util.digester.Digester   :   Fire begin() for ObjectCreateRule[className=org.apache.tomcat.util.modeler.OperationInfo, attributeName=null]
2019-05-11 11:06:13.693 DEBUG 8956 --- [kground-preinit] o.apache.tomcat.util.digester.Digester   : [ObjectCreateRule]{mbeans-descriptors/mbean/operation}New org.apache.tomcat.util.modeler.OperationInfo
2019-05-11 11:06:13.694 DEBUG 8956 --- [kground-preinit] o.apache.tomcat.util.digester.Digester   :   Fire begin() for SetPropertiesRule[]
2019-05-11 11:06:13.694 DEBUG 8956 --- [kground-preinit] o.apache.tomcat.util.digester.Digester   : [SetPropertiesRule]{mbeans-descriptors/mbean/operation} Set org.apache.tomcat.util.modeler.OperationInfo properties
2019-05-11 11:06:13.694 DEBUG 8956 --- [kground-preinit] o.apache.tomcat.util.digester.Digester   : [SetPropertiesRule]{mbeans-descriptors/mbean/operation} Setting property 'name' to 'findErrorPages'
2019-05-11 11:06:13.694 DEBUG 8956 --- [kground-preinit] o.apache.tomcat.util.IntrospectionUtils  : IntrospectionUtils: setProperty(class org.apache.tomcat.util.modeler.OperationInfo name=findErrorPages)
2019-05-11 11:06:13.694 DEBUG 8956 --- [kground-preinit] o.apache.tomcat.util.digester.Digester   : [SetPropertiesRule]{mbeans-descriptors/mbean/operation} Setting property 'description' to 'Return the set of defined error pages for all specified error codes and exception types.'
2019-05-11 11:06:13.694 DEBUG 8956 --- [kground-preinit] o.apache.tomcat.util.IntrospectionUtils  : IntrospectionUtils: setProperty(class org.apache.tomcat.util.modeler.OperationInfo description=Return the set of defined error pages for all specified error codes and exception types.)
2019-05-11 11:06:13.694 DEBUG 8956 --- [kground-preinit] o.apache.tomcat.util.digester.Digester   : [SetPropertiesRule]{mbeans-descriptors/mbean/operation} Setting property 'impact' to 'INFO'
2019-05-11 11:06:13.695 DEBUG 8956 --- [kground-preinit] o.apache.tomcat.util.IntrospectionUtils  : IntrospectionUtils: setProperty(class org.apache.tomcat.util.modeler.OperationInfo impact=INFO)
2019-05-11 11:06:13.695 DEBUG 8956 --- [kground-preinit] o.apache.tomcat.util.digester.Digester   : [SetPropertiesRule]{mbeans-descriptors/mbean/operation} Setting property 'returnType' to '[Ljava.lang.String;'
2019-05-11 11:06:13.695 DEBUG 8956 --- [kground-preinit] o.apache.tomcat.util.IntrospectionUtils  : IntrospectionUtils: setProperty(class org.apache.tomcat.util.modeler.OperationInfo returnType=[Ljava.lang.String;)
2019-05-11 11:06:13.695 DEBUG 8956 --- [kground-preinit] o.apache.tomcat.util.digester.Digester   :   Fire begin() for SetNextRule[methodName=addOperation, paramType=org.apache.tomcat.util.modeler.OperationInfo]
2019-05-11 11:06:13.695 DEBUG 8956 --- [kground-preinit] o.a.tomcat.util.digester.Digester.sax    : characters(
    )
2019-05-11 11:06:13.695 DEBUG 8956 --- [kground-preinit] o.a.tomcat.util.digester.Digester.sax    : endElement(,,operation)
2019-05-11 11:06:13.695 DEBUG 8956 --- [kground-preinit] o.apache.tomcat.util.digester.Digester   :   match='mbeans-descriptors/mbean/operation'
2019-05-11 11:06:13.695 DEBUG 8956 --- [kground-preinit] o.apache.tomcat.util.digester.Digester   :   bodyText='
    '
2019-05-11 11:06:13.696 DEBUG 8956 --- [kground-preinit] o.apache.tomcat.util.digester.Digester   :   Fire body() for ObjectCreateRule[className=org.apache.tomcat.util.modeler.OperationInfo, attributeName=null]
2019-05-11 11:06:13.696 DEBUG 8956 --- [kground-preinit] o.apache.tomcat.util.digester.Digester   :   Fire body() for SetPropertiesRule[]
2019-05-11 11:06:13.696 DEBUG 8956 --- [kground-preinit] o.apache.tomcat.util.digester.Digester   :   Fire body() for SetNextRule[methodName=addOperation, paramType=org.apache.tomcat.util.modeler.OperationInfo]
2019-05-11 11:06:13.696 DEBUG 8956 --- [kground-preinit] o.apache.tomcat.util.digester.Digester   :   Fire end() for SetNextRule[methodName=addOperation, paramType=org.apache.tomcat.util.modeler.OperationInfo]
2019-05-11 11:06:13.696 DEBUG 8956 --- [kground-preinit] o.apache.tomcat.util.digester.Digester   : [SetNextRule]{mbeans-descriptors/mbean/operation} Call org.apache.tomcat.util.modeler.ManagedBean.addOperation(org.apache.tomcat.util.modeler.OperationInfo@183c3bda)
2019-05-11 11:06:13.696 DEBUG 8956 --- [kground-preinit] o.apache.tomcat.util.IntrospectionUtils  : IntrospectionUtils: callMethod1 org.apache.tomcat.util.modeler.ManagedBean org.apache.tomcat.util.modeler.OperationInfo org.apache.tomcat.util.modeler.OperationInfo
2019-05-11 11:06:13.697 DEBUG 8956 --- [kground-preinit] o.apache.tomcat.util.digester.Digester   :   Fire end() for SetPropertiesRule[]
2019-05-11 11:06:13.697 DEBUG 8956 --- [kground-preinit] o.apache.tomcat.util.digester.Digester   :   Fire end() for ObjectCreateRule[className=org.apache.tomcat.util.modeler.OperationInfo, attributeName=null]
2019-05-11 11:06:13.697 DEBUG 8956 --- [kground-preinit] o.apache.tomcat.util.digester.Digester   : [ObjectCreateRule]{mbeans-descriptors/mbean/operation} Pop org.apache.tomcat.util.modeler.OperationInfo
2019-05-11 11:06:13.697 DEBUG 8956 --- [kground-preinit] o.a.tomcat.util.digester.Digester.sax    : characters(

    )
2019-05-11 11:06:13.698 DEBUG 8956 --- [kground-preinit] o.a.tomcat.util.digester.Digester.sax    : startElement(,,operation)
2019-05-11 11:06:13.698 DEBUG 8956 --- [kground-preinit] o.apache.tomcat.util.digester.Digester   :   New match='mbeans-descriptors/mbean/operation'
2019-05-11 11:06:13.698 DEBUG 8956 --- [kground-preinit] o.apache.tomcat.util.digester.Digester   :   Fire begin() for ObjectCreateRule[className=org.apache.tomcat.util.modeler.OperationInfo, attributeName=null]
2019-05-11 11:06:13.698 DEBUG 8956 --- [kground-preinit] o.apache.tomcat.util.digester.Digester   : [ObjectCreateRule]{mbeans-descriptors/mbean/operation}New org.apache.tomcat.util.modeler.OperationInfo
2019-05-11 11:06:13.698 DEBUG 8956 --- [kground-preinit] o.apache.tomcat.util.digester.Digester   :   Fire begin() for SetPropertiesRule[]
2019-05-11 11:06:13.699 DEBUG 8956 --- [kground-preinit] o.apache.tomcat.util.digester.Digester   : [SetPropertiesRule]{mbeans-descriptors/mbean/operation} Set org.apache.tomcat.util.modeler.OperationInfo properties
2019-05-11 11:06:13.699 DEBUG 8956 --- [kground-preinit] o.apache.tomcat.util.digester.Digester   : [SetPropertiesRule]{mbeans-descriptors/mbean/operation} Setting property 'name' to 'findFilterDef'
2019-05-11 11:06:13.699 DEBUG 8956 --- [kground-preinit] o.apache.tomcat.util.IntrospectionUtils  : IntrospectionUtils: setProperty(class org.apache.tomcat.util.modeler.OperationInfo name=findFilterDef)
2019-05-11 11:06:13.699 DEBUG 8956 --- [kground-preinit] o.apache.tomcat.util.digester.Digester   : [SetPropertiesRule]{mbeans-descriptors/mbean/operation} Setting property 'description' to 'Return the filter definition for the specified filter name, if any; otherwise return null.'
2019-05-11 11:06:13.699 DEBUG 8956 --- [kground-preinit] o.apache.tomcat.util.IntrospectionUtils  : IntrospectionUtils: setProperty(class org.apache.tomcat.util.modeler.OperationInfo description=Return the filter definition for the specified filter name, if any; otherwise return null.)
2019-05-11 11:06:13.700 DEBUG 8956 --- [kground-preinit] o.apache.tomcat.util.digester.Digester   : [SetPropertiesRule]{mbeans-descriptors/mbean/operation} Setting property 'impact' to 'ACTION'
2019-05-11 11:06:13.700 DEBUG 8956 --- [kground-preinit] o.apache.tomcat.util.IntrospectionUtils  : IntrospectionUtils: setProperty(class org.apache.tomcat.util.modeler.OperationInfo impact=ACTION)
2019-05-11 11:06:13.700 DEBUG 8956 --- [kground-preinit] o.apache.tomcat.util.digester.Digester   : [SetPropertiesRule]{mbeans-descriptors/mbean/operation} Setting property 'returnType' to 'java.lang.String'
2019-05-11 11:06:13.700 DEBUG 8956 --- [kground-preinit] o.apache.tomcat.util.IntrospectionUtils  : IntrospectionUtils: setProperty(class org.apache.tomcat.util.modeler.OperationInfo returnType=java.lang.String)
2019-05-11 11:06:13.700 DEBUG 8956 --- [kground-preinit] o.apache.tomcat.util.digester.Digester   :   Fire begin() for SetNextRule[methodName=addOperation, paramType=org.apache.tomcat.util.modeler.OperationInfo]
2019-05-11 11:06:13.701 DEBUG 8956 --- [kground-preinit] o.a.tomcat.util.digester.Digester.sax    : characters(
      )
2019-05-11 11:06:13.701 DEBUG 8956 --- [kground-preinit] o.a.tomcat.util.digester.Digester.sax    : startElement(,,parameter)
2019-05-11 11:06:13.701 DEBUG 8956 --- [kground-preinit] o.apache.tomcat.util.digester.Digester   :   New match='mbeans-descriptors/mbean/operation/parameter'
2019-05-11 11:06:13.701 DEBUG 8956 --- [kground-preinit] o.apache.tomcat.util.digester.Digester   :   Fire begin() for ObjectCreateRule[className=org.apache.tomcat.util.modeler.ParameterInfo, attributeName=null]
2019-05-11 11:06:13.701 DEBUG 8956 --- [kground-preinit] o.apache.tomcat.util.digester.Digester   : [ObjectCreateRule]{mbeans-descriptors/mbean/operation/parameter}New org.apache.tomcat.util.modeler.ParameterInfo
2019-05-11 11:06:13.702 DEBUG 8956 --- [kground-preinit] o.apache.tomcat.util.digester.Digester   :   Fire begin() for SetPropertiesRule[]
2019-05-11 11:06:13.702 DEBUG 8956 --- [kground-preinit] o.apache.tomcat.util.digester.Digester   : [SetPropertiesRule]{mbeans-descriptors/mbean/operation/parameter} Set org.apache.tomcat.util.modeler.ParameterInfo properties
2019-05-11 11:06:13.702 DEBUG 8956 --- [kground-preinit] o.apache.tomcat.util.digester.Digester   : [SetPropertiesRule]{mbeans-descriptors/mbean/operation/parameter} Setting property 'name' to 'exceptionType'
2019-05-11 11:06:13.702 DEBUG 8956 --- [kground-preinit] o.apache.tomcat.util.IntrospectionUtils  : IntrospectionUtils: setProperty(class org.apache.tomcat.util.modeler.ParameterInfo name=exceptionType)
2019-05-11 11:06:13.703 DEBUG 8956 --- [kground-preinit] o.apache.tomcat.util.digester.Digester   : [SetPropertiesRule]{mbeans-descriptors/mbean/operation/parameter} Setting property 'description' to 'Exception type to look up'
2019-05-11 11:06:13.703 DEBUG 8956 --- [kground-preinit] o.apache.tomcat.util.IntrospectionUtils  : IntrospectionUtils: setProperty(class org.apache.tomcat.util.modeler.ParameterInfo description=Exception type to look up)
2019-05-11 11:06:13.703 DEBUG 8956 --- [kground-preinit] o.apache.tomcat.util.digester.Digester   : [SetPropertiesRule]{mbeans-descriptors/mbean/operation/parameter} Setting property 'type' to 'java.lang.String'
2019-05-11 11:06:13.703 DEBUG 8956 --- [kground-preinit] o.apache.tomcat.util.IntrospectionUtils  : IntrospectionUtils: setProperty(class org.apache.tomcat.util.modeler.ParameterInfo type=java.lang.String)
2019-05-11 11:06:13.703 DEBUG 8956 --- [kground-preinit] o.apache.tomcat.util.digester.Digester   :   Fire begin() for SetNextRule[methodName=addParameter, paramType=org.apache.tomcat.util.modeler.ParameterInfo]
2019-05-11 11:06:13.703 DEBUG 8956 --- [kground-preinit] o.a.tomcat.util.digester.Digester.sax    : endElement(,,parameter)
2019-05-11 11:06:13.704 DEBUG 8956 --- [kground-preinit] o.apache.tomcat.util.digester.Digester   :   match='mbeans-descriptors/mbean/operation/parameter'
2019-05-11 11:06:13.704 DEBUG 8956 --- [kground-preinit] o.apache.tomcat.util.digester.Digester   :   bodyText=''
2019-05-11 11:06:13.704 DEBUG 8956 --- [kground-preinit] o.apache.tomcat.util.digester.Digester   :   Fire body() for ObjectCreateRule[className=org.apache.tomcat.util.modeler.ParameterInfo, attributeName=null]
2019-05-11 11:06:13.704 DEBUG 8956 --- [kground-preinit] o.apache.tomcat.util.digester.Digester   :   Fire body() for SetPropertiesRule[]
2019-05-11 11:06:13.704 DEBUG 8956 --- [kground-preinit] o.apache.tomcat.util.digester.Digester   :   Fire body() for SetNextRule[methodName=addParameter, paramType=org.apache.tomcat.util.modeler.ParameterInfo]
2019-05-11 11:06:13.704 DEBUG 8956 --- [kground-preinit] o.apache.tomcat.util.digester.Digester   :   Fire end() for SetNextRule[methodName=addParameter, paramType=org.apache.tomcat.util.modeler.ParameterInfo]
2019-05-11 11:06:13.704 DEBUG 8956 --- [kground-preinit] o.apache.tomcat.util.digester.Digester   : [SetNextRule]{mbeans-descriptors/mbean/operation/parameter} Call org.apache.tomcat.util.modeler.OperationInfo.addParameter(org.apache.tomcat.util.modeler.ParameterInfo@48710038)
2019-05-11 11:06:13.705 DEBUG 8956 --- [kground-preinit] o.apache.tomcat.util.IntrospectionUtils  : IntrospectionUtils: callMethod1 org.apache.tomcat.util.modeler.OperationInfo org.apache.tomcat.util.modeler.ParameterInfo org.apache.tomcat.util.modeler.ParameterInfo
2019-05-11 11:06:13.705 DEBUG 8956 --- [kground-preinit] o.apache.tomcat.util.digester.Digester   :   Fire end() for SetPropertiesRule[]
2019-05-11 11:06:13.705 DEBUG 8956 --- [kground-preinit] o.apache.tomcat.util.digester.Digester   :   Fire end() for ObjectCreateRule[className=org.apache.tomcat.util.modeler.ParameterInfo, attributeName=null]
2019-05-11 11:06:13.705 DEBUG 8956 --- [kground-preinit] o.apache.tomcat.util.digester.Digester   : [ObjectCreateRule]{mbeans-descriptors/mbean/operation/parameter} Pop org.apache.tomcat.util.modeler.ParameterInfo
2019-05-11 11:06:13.705 DEBUG 8956 --- [kground-preinit] o.a.tomcat.util.digester.Digester.sax    : characters(
    )
2019-05-11 11:06:13.705 DEBUG 8956 --- [kground-preinit] o.a.tomcat.util.digester.Digester.sax    : endElement(,,operation)
2019-05-11 11:06:13.705 DEBUG 8956 --- [kground-preinit] o.apache.tomcat.util.digester.Digester   :   match='mbeans-descriptors/mbean/operation'
2019-05-11 11:06:13.706 DEBUG 8956 --- [kground-preinit] o.apache.tomcat.util.digester.Digester   :   bodyText='
      
    '
2019-05-11 11:06:13.706 DEBUG 8956 --- [kground-preinit] o.apache.tomcat.util.digester.Digester   :   Fire body() for ObjectCreateRule[className=org.apache.tomcat.util.modeler.OperationInfo, attributeName=null]
2019-05-11 11:06:13.706 DEBUG 8956 --- [kground-preinit] o.apache.tomcat.util.digester.Digester   :   Fire body() for SetPropertiesRule[]
2019-05-11 11:06:13.706 DEBUG 8956 --- [kground-preinit] o.apache.tomcat.util.digester.Digester   :   Fire body() for SetNextRule[methodName=addOperation, paramType=org.apache.tomcat.util.modeler.OperationInfo]
2019-05-11 11:06:13.707 DEBUG 8956 --- [kground-preinit] o.apache.tomcat.util.digester.Digester   :   Fire end() for SetNextRule[methodName=addOperation, paramType=org.apache.tomcat.util.modeler.OperationInfo]
2019-05-11 11:06:13.707 DEBUG 8956 --- [kground-preinit] o.apache.tomcat.util.digester.Digester   : [SetNextRule]{mbeans-descriptors/mbean/operation} Call org.apache.tomcat.util.modeler.ManagedBean.addOperation(org.apache.tomcat.util.modeler.OperationInfo@4bdfc3bc)
2019-05-11 11:06:13.707 DEBUG 8956 --- [kground-preinit] o.apache.tomcat.util.IntrospectionUtils  : IntrospectionUtils: callMethod1 org.apache.tomcat.util.modeler.ManagedBean org.apache.tomcat.util.modeler.OperationInfo org.apache.tomcat.util.modeler.OperationInfo
2019-05-11 11:06:13.707 DEBUG 8956 --- [kground-preinit] o.apache.tomcat.util.digester.Digester   :   Fire end() for SetPropertiesRule[]
2019-05-11 11:06:13.708 DEBUG 8956 --- [kground-preinit] o.apache.tomcat.util.digester.Digester   :   Fire end() for ObjectCreateRule[className=org.apache.tomcat.util.modeler.OperationInfo, attributeName=null]
2019-05-11 11:06:13.708 DEBUG 8956 --- [kground-preinit] o.apache.tomcat.util.digester.Digester   : [ObjectCreateRule]{mbeans-descriptors/mbean/operation} Pop org.apache.tomcat.util.modeler.OperationInfo
2019-05-11 11:06:13.708 DEBUG 8956 --- [kground-preinit] o.a.tomcat.util.digester.Digester.sax    : characters(

    )
2019-05-11 11:06:13.708 DEBUG 8956 --- [kground-preinit] o.a.tomcat.util.digester.Digester.sax    : startElement(,,operation)
2019-05-11 11:06:13.709 DEBUG 8956 --- [kground-preinit] o.apache.tomcat.util.digester.Digester   :   New match='mbeans-descriptors/mbean/operation'
2019-05-11 11:06:13.709 DEBUG 8956 --- [kground-preinit] o.apache.tomcat.util.digester.Digester   :   Fire begin() for ObjectCreateRule[className=org.apache.tomcat.util.modeler.OperationInfo, attributeName=null]
2019-05-11 11:06:13.709 DEBUG 8956 --- [kground-preinit] o.apache.tomcat.util.digester.Digester   : [ObjectCreateRule]{mbeans-descriptors/mbean/operation}New org.apache.tomcat.util.modeler.OperationInfo
2019-05-11 11:06:13.709 DEBUG 8956 --- [kground-preinit] o.apache.tomcat.util.digester.Digester   :   Fire begin() for SetPropertiesRule[]
2019-05-11 11:06:13.709 DEBUG 8956 --- [kground-preinit] o.apache.tomcat.util.digester.Digester   : [SetPropertiesRule]{mbeans-descriptors/mbean/operation} Set org.apache.tomcat.util.modeler.OperationInfo properties
2019-05-11 11:06:13.710 DEBUG 8956 --- [kground-preinit] o.apache.tomcat.util.digester.Digester   : [SetPropertiesRule]{mbeans-descriptors/mbean/operation} Setting property 'name' to 'findFilterDefs'
2019-05-11 11:06:13.710 DEBUG 8956 --- [kground-preinit] o.apache.tomcat.util.IntrospectionUtils  : IntrospectionUtils: setProperty(class org.apache.tomcat.util.modeler.OperationInfo name=findFilterDefs)
2019-05-11 11:06:13.710 DEBUG 8956 --- [kground-preinit] o.apache.tomcat.util.digester.Digester   : [SetPropertiesRule]{mbeans-descriptors/mbean/operation} Setting property 'description' to 'Return the set of defined filters for this Context.'
2019-05-11 11:06:13.710 DEBUG 8956 --- [kground-preinit] o.apache.tomcat.util.IntrospectionUtils  : IntrospectionUtils: setProperty(class org.apache.tomcat.util.modeler.OperationInfo description=Return the set of defined filters for this Context.)
2019-05-11 11:06:13.710 DEBUG 8956 --- [kground-preinit] o.apache.tomcat.util.digester.Digester   : [SetPropertiesRule]{mbeans-descriptors/mbean/operation} Setting property 'impact' to 'INFO'
2019-05-11 11:06:13.711 DEBUG 8956 --- [kground-preinit] o.apache.tomcat.util.IntrospectionUtils  : IntrospectionUtils: setProperty(class org.apache.tomcat.util.modeler.OperationInfo impact=INFO)
2019-05-11 11:06:13.711 DEBUG 8956 --- [kground-preinit] o.apache.tomcat.util.digester.Digester   : [SetPropertiesRule]{mbeans-descriptors/mbean/operation} Setting property 'returnType' to '[Ljava.lang.String;'
2019-05-11 11:06:13.711 DEBUG 8956 --- [kground-preinit] o.apache.tomcat.util.IntrospectionUtils  : IntrospectionUtils: setProperty(class org.apache.tomcat.util.modeler.OperationInfo returnType=[Ljava.lang.String;)
2019-05-11 11:06:13.711 DEBUG 8956 --- [kground-preinit] o.apache.tomcat.util.digester.Digester   :   Fire begin() for SetNextRule[methodName=addOperation, paramType=org.apache.tomcat.util.modeler.OperationInfo]
2019-05-11 11:06:13.711 DEBUG 8956 --- [kground-preinit] o.a.tomcat.util.digester.Digester.sax    : characters(
    )
2019-05-11 11:06:13.712 DEBUG 8956 --- [kground-preinit] o.a.tomcat.util.digester.Digester.sax    : endElement(,,operation)
2019-05-11 11:06:13.712 DEBUG 8956 --- [kground-preinit] o.apache.tomcat.util.digester.Digester   :   match='mbeans-descriptors/mbean/operation'
2019-05-11 11:06:13.712 DEBUG 8956 --- [kground-preinit] o.apache.tomcat.util.digester.Digester   :   bodyText='
    '
2019-05-11 11:06:13.712 DEBUG 8956 --- [kground-preinit] o.apache.tomcat.util.digester.Digester   :   Fire body() for ObjectCreateRule[className=org.apache.tomcat.util.modeler.OperationInfo, attributeName=null]
2019-05-11 11:06:13.712 DEBUG 8956 --- [kground-preinit] o.apache.tomcat.util.digester.Digester   :   Fire body() for SetPropertiesRule[]
2019-05-11 11:06:13.712 DEBUG 8956 --- [kground-preinit] o.apache.tomcat.util.digester.Digester   :   Fire body() for SetNextRule[methodName=addOperation, paramType=org.apache.tomcat.util.modeler.OperationInfo]
2019-05-11 11:06:13.713 DEBUG 8956 --- [kground-preinit] o.apache.tomcat.util.digester.Digester   :   Fire end() for SetNextRule[methodName=addOperation, paramType=org.apache.tomcat.util.modeler.OperationInfo]
2019-05-11 11:06:13.713 DEBUG 8956 --- [kground-preinit] o.apache.tomcat.util.digester.Digester   : [SetNextRule]{mbeans-descriptors/mbean/operation} Call org.apache.tomcat.util.modeler.ManagedBean.addOperation(org.apache.tomcat.util.modeler.OperationInfo@2cf0d9c8)
2019-05-11 11:06:13.717 DEBUG 8956 --- [kground-preinit] o.apache.tomcat.util.IntrospectionUtils  : IntrospectionUtils: callMethod1 org.apache.tomcat.util.modeler.ManagedBean org.apache.tomcat.util.modeler.OperationInfo org.apache.tomcat.util.modeler.OperationInfo
2019-05-11 11:06:13.718 DEBUG 8956 --- [kground-preinit] o.apache.tomcat.util.digester.Digester   :   Fire end() for SetPropertiesRule[]
2019-05-11 11:06:13.718 DEBUG 8956 --- [kground-preinit] o.apache.tomcat.util.digester.Digester   :   Fire end() for ObjectCreateRule[className=org.apache.tomcat.util.modeler.OperationInfo, attributeName=null]
2019-05-11 11:06:13.718 DEBUG 8956 --- [kground-preinit] o.apache.tomcat.util.digester.Digester   : [ObjectCreateRule]{mbeans-descriptors/mbean/operation} Pop org.apache.tomcat.util.modeler.OperationInfo
2019-05-11 11:06:13.718 DEBUG 8956 --- [kground-preinit] o.a.tomcat.util.digester.Digester.sax    : characters(

    )
2019-05-11 11:06:13.719 DEBUG 8956 --- [kground-preinit] o.a.tomcat.util.digester.Digester.sax    : startElement(,,operation)
2019-05-11 11:06:13.719 DEBUG 8956 --- [kground-preinit] o.apache.tomcat.util.digester.Digester   :   New match='mbeans-descriptors/mbean/operation'
2019-05-11 11:06:13.719 DEBUG 8956 --- [kground-preinit] o.apache.tomcat.util.digester.Digester   :   Fire begin() for ObjectCreateRule[className=org.apache.tomcat.util.modeler.OperationInfo, attributeName=null]
2019-05-11 11:06:13.719 DEBUG 8956 --- [kground-preinit] o.apache.tomcat.util.digester.Digester   : [ObjectCreateRule]{mbeans-descriptors/mbean/operation}New org.apache.tomcat.util.modeler.OperationInfo
2019-05-11 11:06:13.719 DEBUG 8956 --- [kground-preinit] o.apache.tomcat.util.digester.Digester   :   Fire begin() for SetPropertiesRule[]
2019-05-11 11:06:13.719 DEBUG 8956 --- [kground-preinit] o.apache.tomcat.util.digester.Digester   : [SetPropertiesRule]{mbeans-descriptors/mbean/operation} Set org.apache.tomcat.util.modeler.OperationInfo properties
2019-05-11 11:06:13.720 DEBUG 8956 --- [kground-preinit] o.apache.tomcat.util.digester.Digester   : [SetPropertiesRule]{mbeans-descriptors/mbean/operation} Setting property 'name' to 'findFilterMaps'
2019-05-11 11:06:13.720 DEBUG 8956 --- [kground-preinit] o.apache.tomcat.util.IntrospectionUtils  : IntrospectionUtils: setProperty(class org.apache.tomcat.util.modeler.OperationInfo name=findFilterMaps)
2019-05-11 11:06:13.720 DEBUG 8956 --- [kground-preinit] o.apache.tomcat.util.digester.Digester   : [SetPropertiesRule]{mbeans-descriptors/mbean/operation} Setting property 'description' to 'Return the set of filter mappings for this Context.'
2019-05-11 11:06:13.720 DEBUG 8956 --- [kground-preinit] o.apache.tomcat.util.IntrospectionUtils  : IntrospectionUtils: setProperty(class org.apache.tomcat.util.modeler.OperationInfo description=Return the set of filter mappings for this Context.)
2019-05-11 11:06:13.720 DEBUG 8956 --- [kground-preinit] o.apache.tomcat.util.digester.Digester   : [SetPropertiesRule]{mbeans-descriptors/mbean/operation} Setting property 'impact' to 'INFO'
2019-05-11 11:06:13.721 DEBUG 8956 --- [kground-preinit] o.apache.tomcat.util.IntrospectionUtils  : IntrospectionUtils: setProperty(class org.apache.tomcat.util.modeler.OperationInfo impact=INFO)
2019-05-11 11:06:13.721 DEBUG 8956 --- [kground-preinit] o.apache.tomcat.util.digester.Digester   : [SetPropertiesRule]{mbeans-descriptors/mbean/operation} Setting property 'returnType' to '[Ljava.lang.String;'
2019-05-11 11:06:13.721 DEBUG 8956 --- [kground-preinit] o.apache.tomcat.util.IntrospectionUtils  : IntrospectionUtils: setProperty(class org.apache.tomcat.util.modeler.OperationInfo returnType=[Ljava.lang.String;)
2019-05-11 11:06:13.721 DEBUG 8956 --- [kground-preinit] o.apache.tomcat.util.digester.Digester   :   Fire begin() for SetNextRule[methodName=addOperation, paramType=org.apache.tomcat.util.modeler.OperationInfo]
2019-05-11 11:06:13.721 DEBUG 8956 --- [kground-preinit] o.a.tomcat.util.digester.Digester.sax    : characters(
    )
2019-05-11 11:06:13.721 DEBUG 8956 --- [kground-preinit] o.a.tomcat.util.digester.Digester.sax    : endElement(,,operation)
2019-05-11 11:06:13.722 DEBUG 8956 --- [kground-preinit] o.apache.tomcat.util.digester.Digester   :   match='mbeans-descriptors/mbean/operation'
2019-05-11 11:06:13.722 DEBUG 8956 --- [kground-preinit] o.apache.tomcat.util.digester.Digester   :   bodyText='
    '
2019-05-11 11:06:13.722 DEBUG 8956 --- [kground-preinit] o.apache.tomcat.util.digester.Digester   :   Fire body() for ObjectCreateRule[className=org.apache.tomcat.util.modeler.OperationInfo, attributeName=null]
2019-05-11 11:06:13.722 DEBUG 8956 --- [kground-preinit] o.apache.tomcat.util.digester.Digester   :   Fire body() for SetPropertiesRule[]
2019-05-11 11:06:13.723 DEBUG 8956 --- [kground-preinit] o.apache.tomcat.util.digester.Digester   :   Fire body() for SetNextRule[methodName=addOperation, paramType=org.apache.tomcat.util.modeler.OperationInfo]
2019-05-11 11:06:13.723 DEBUG 8956 --- [kground-preinit] o.apache.tomcat.util.digester.Digester   :   Fire end() for SetNextRule[methodName=addOperation, paramType=org.apache.tomcat.util.modeler.OperationInfo]
2019-05-11 11:06:13.723 DEBUG 8956 --- [kground-preinit] o.apache.tomcat.util.digester.Digester   : [SetNextRule]{mbeans-descriptors/mbean/operation} Call org.apache.tomcat.util.modeler.ManagedBean.addOperation(org.apache.tomcat.util.modeler.OperationInfo@556bc567)
2019-05-11 11:06:13.724 DEBUG 8956 --- [kground-preinit] o.apache.tomcat.util.IntrospectionUtils  : IntrospectionUtils: callMethod1 org.apache.tomcat.util.modeler.ManagedBean org.apache.tomcat.util.modeler.OperationInfo org.apache.tomcat.util.modeler.OperationInfo
2019-05-11 11:06:13.725 DEBUG 8956 --- [kground-preinit] o.apache.tomcat.util.digester.Digester   :   Fire end() for SetPropertiesRule[]
2019-05-11 11:06:13.725 DEBUG 8956 --- [kground-preinit] o.apache.tomcat.util.digester.Digester   :   Fire end() for ObjectCreateRule[className=org.apache.tomcat.util.modeler.OperationInfo, attributeName=null]
2019-05-11 11:06:13.725 DEBUG 8956 --- [kground-preinit] o.apache.tomcat.util.digester.Digester   : [ObjectCreateRule]{mbeans-descriptors/mbean/operation} Pop org.apache.tomcat.util.modeler.OperationInfo
2019-05-11 11:06:13.726 DEBUG 8956 --- [kground-preinit] o.a.tomcat.util.digester.Digester.sax    : characters(

    )
2019-05-11 11:06:13.726 DEBUG 8956 --- [kground-preinit] o.a.tomcat.util.digester.Digester.sax    : startElement(,,operation)
2019-05-11 11:06:13.726 DEBUG 8956 --- [kground-preinit] o.apache.tomcat.util.digester.Digester   :   New match='mbeans-descriptors/mbean/operation'
2019-05-11 11:06:13.726 DEBUG 8956 --- [kground-preinit] o.apache.tomcat.util.digester.Digester   :   Fire begin() for ObjectCreateRule[className=org.apache.tomcat.util.modeler.OperationInfo, attributeName=null]
2019-05-11 11:06:13.726 DEBUG 8956 --- [kground-preinit] o.apache.tomcat.util.digester.Digester   : [ObjectCreateRule]{mbeans-descriptors/mbean/operation}New org.apache.tomcat.util.modeler.OperationInfo
2019-05-11 11:06:13.727 DEBUG 8956 --- [kground-preinit] o.apache.tomcat.util.digester.Digester   :   Fire begin() for SetPropertiesRule[]
2019-05-11 11:06:13.727 DEBUG 8956 --- [           main] o.s.b.f.s.DefaultListableBeanFactory     : Returning cached instance of singleton bean 'autoConfigurationReport'
2019-05-11 11:06:13.727 DEBUG 8956 --- [kground-preinit] o.apache.tomcat.util.digester.Digester   : [SetPropertiesRule]{mbeans-descriptors/mbean/operation} Set org.apache.tomcat.util.modeler.OperationInfo properties
2019-05-11 11:06:13.727 DEBUG 8956 --- [           main] a.ConfigurationClassBeanDefinitionReader : Registered bean definition for imported class 'org.springframework.boot.autoconfigure.web.ErrorMvcAutoConfiguration$WhitelabelErrorViewConfiguration'
2019-05-11 11:06:13.727 DEBUG 8956 --- [           main] o.s.b.f.s.DefaultListableBeanFactory     : Returning cached instance of singleton bean 'autoConfigurationReport'
2019-05-11 11:06:13.728 DEBUG 8956 --- [           main] a.ConfigurationClassBeanDefinitionReader : Registering bean definition for @Bean method org.springframework.boot.autoconfigure.web.ErrorMvcAutoConfiguration$WhitelabelErrorViewConfiguration.error()
2019-05-11 11:06:13.728 DEBUG 8956 --- [kground-preinit] o.apache.tomcat.util.digester.Digester   : [SetPropertiesRule]{mbeans-descriptors/mbean/operation} Setting property 'name' to 'findLifecycleListenerNames'
2019-05-11 11:06:13.728 DEBUG 8956 --- [kground-preinit] o.apache.tomcat.util.IntrospectionUtils  : IntrospectionUtils: setProperty(class org.apache.tomcat.util.modeler.OperationInfo name=findLifecycleListenerNames)
2019-05-11 11:06:13.729 DEBUG 8956 --- [kground-preinit] o.apache.tomcat.util.digester.Digester   : [SetPropertiesRule]{mbeans-descriptors/mbean/operation} Setting property 'description' to 'Return the set of lifecycle listener class names configured for this application.'
2019-05-11 11:06:13.729 DEBUG 8956 --- [kground-preinit] o.apache.tomcat.util.IntrospectionUtils  : IntrospectionUtils: setProperty(class org.apache.tomcat.util.modeler.OperationInfo description=Return the set of lifecycle listener class names configured for this application.)
2019-05-11 11:06:13.729 DEBUG 8956 --- [kground-preinit] o.apache.tomcat.util.digester.Digester   : [SetPropertiesRule]{mbeans-descriptors/mbean/operation} Setting property 'impact' to 'INFO'
2019-05-11 11:06:13.729 DEBUG 8956 --- [kground-preinit] o.apache.tomcat.util.IntrospectionUtils  : IntrospectionUtils: setProperty(class org.apache.tomcat.util.modeler.OperationInfo impact=INFO)
2019-05-11 11:06:13.730 DEBUG 8956 --- [           main] o.s.b.f.s.DefaultListableBeanFactory     : Returning cached instance of singleton bean 'org.springframework.boot.autoconfigure.condition.BeanTypeRegistry'
2019-05-11 11:06:13.731 DEBUG 8956 --- [kground-preinit] o.apache.tomcat.util.digester.Digester   : [SetPropertiesRule]{mbeans-descriptors/mbean/operation} Setting property 'returnType' to '[Ljava.lang.String;'
2019-05-11 11:06:13.731 DEBUG 8956 --- [kground-preinit] o.apache.tomcat.util.IntrospectionUtils  : IntrospectionUtils: setProperty(class org.apache.tomcat.util.modeler.OperationInfo returnType=[Ljava.lang.String;)
2019-05-11 11:06:13.732 DEBUG 8956 --- [           main] o.s.b.f.s.DefaultListableBeanFactory     : Returning cached instance of singleton bean 'autoConfigurationReport'
2019-05-11 11:06:13.732 DEBUG 8956 --- [kground-preinit] o.apache.tomcat.util.digester.Digester   :   Fire begin() for SetNextRule[methodName=addOperation, paramType=org.apache.tomcat.util.modeler.OperationInfo]
2019-05-11 11:06:13.732 DEBUG 8956 --- [kground-preinit] o.a.tomcat.util.digester.Digester.sax    : characters(
    )
2019-05-11 11:06:13.733 DEBUG 8956 --- [           main] a.ConfigurationClassBeanDefinitionReader : Registering bean definition for @Bean method org.springframework.boot.autoconfigure.web.ErrorMvcAutoConfiguration$WhitelabelErrorViewConfiguration.beanNameViewResolver()
2019-05-11 11:06:13.733 DEBUG 8956 --- [           main] a.ConfigurationClassBeanDefinitionReader : Registered bean definition for imported class 'org.springframework.boot.autoconfigure.web.ErrorMvcAutoConfiguration$DefaultErrorViewResolverConfiguration'
2019-05-11 11:06:13.733 DEBUG 8956 --- [kground-preinit] o.a.tomcat.util.digester.Digester.sax    : endElement(,,operation)
2019-05-11 11:06:13.733 DEBUG 8956 --- [kground-preinit] o.apache.tomcat.util.digester.Digester   :   match='mbeans-descriptors/mbean/operation'
2019-05-11 11:06:13.733 DEBUG 8956 --- [kground-preinit] o.apache.tomcat.util.digester.Digester   :   bodyText='
    '
2019-05-11 11:06:13.734 DEBUG 8956 --- [kground-preinit] o.apache.tomcat.util.digester.Digester   :   Fire body() for ObjectCreateRule[className=org.apache.tomcat.util.modeler.OperationInfo, attributeName=null]
2019-05-11 11:06:13.734 DEBUG 8956 --- [kground-preinit] o.apache.tomcat.util.digester.Digester   :   Fire body() for SetPropertiesRule[]
2019-05-11 11:06:13.734 DEBUG 8956 --- [kground-preinit] o.apache.tomcat.util.digester.Digester   :   Fire body() for SetNextRule[methodName=addOperation, paramType=org.apache.tomcat.util.modeler.OperationInfo]
2019-05-11 11:06:13.734 DEBUG 8956 --- [kground-preinit] o.apache.tomcat.util.digester.Digester   :   Fire end() for SetNextRule[methodName=addOperation, paramType=org.apache.tomcat.util.modeler.OperationInfo]
2019-05-11 11:06:13.734 DEBUG 8956 --- [kground-preinit] o.apache.tomcat.util.digester.Digester   : [SetNextRule]{mbeans-descriptors/mbean/operation} Call org.apache.tomcat.util.modeler.ManagedBean.addOperation(org.apache.tomcat.util.modeler.OperationInfo@15db6f32)
2019-05-11 11:06:13.734 DEBUG 8956 --- [kground-preinit] o.apache.tomcat.util.IntrospectionUtils  : IntrospectionUtils: callMethod1 org.apache.tomcat.util.modeler.ManagedBean org.apache.tomcat.util.modeler.OperationInfo org.apache.tomcat.util.modeler.OperationInfo
2019-05-11 11:06:13.734 DEBUG 8956 --- [kground-preinit] o.apache.tomcat.util.digester.Digester   :   Fire end() for SetPropertiesRule[]
2019-05-11 11:06:13.733 DEBUG 8956 --- [           main] o.s.b.f.s.DefaultListableBeanFactory     : Returning cached instance of singleton bean 'org.springframework.boot.autoconfigure.condition.BeanTypeRegistry'
2019-05-11 11:06:13.734 DEBUG 8956 --- [kground-preinit] o.apache.tomcat.util.digester.Digester   :   Fire end() for ObjectCreateRule[className=org.apache.tomcat.util.modeler.OperationInfo, attributeName=null]
2019-05-11 11:06:13.735 DEBUG 8956 --- [kground-preinit] o.apache.tomcat.util.digester.Digester   : [ObjectCreateRule]{mbeans-descriptors/mbean/operation} Pop org.apache.tomcat.util.modeler.OperationInfo
2019-05-11 11:06:13.735 DEBUG 8956 --- [kground-preinit] o.a.tomcat.util.digester.Digester.sax    : characters(

    )
2019-05-11 11:06:13.735 DEBUG 8956 --- [kground-preinit] o.a.tomcat.util.digester.Digester.sax    : startElement(,,operation)
2019-05-11 11:06:13.736 DEBUG 8956 --- [kground-preinit] o.apache.tomcat.util.digester.Digester   :   New match='mbeans-descriptors/mbean/operation'
2019-05-11 11:06:13.736 DEBUG 8956 --- [kground-preinit] o.apache.tomcat.util.digester.Digester   :   Fire begin() for ObjectCreateRule[className=org.apache.tomcat.util.modeler.OperationInfo, attributeName=null]
2019-05-11 11:06:13.736 DEBUG 8956 --- [kground-preinit] o.apache.tomcat.util.digester.Digester   : [ObjectCreateRule]{mbeans-descriptors/mbean/operation}New org.apache.tomcat.util.modeler.OperationInfo
2019-05-11 11:06:13.736 DEBUG 8956 --- [kground-preinit] o.apache.tomcat.util.digester.Digester   :   Fire begin() for SetPropertiesRule[]
2019-05-11 11:06:13.736 DEBUG 8956 --- [kground-preinit] o.apache.tomcat.util.digester.Digester   : [SetPropertiesRule]{mbeans-descriptors/mbean/operation} Set org.apache.tomcat.util.modeler.OperationInfo properties
2019-05-11 11:06:13.736 DEBUG 8956 --- [kground-preinit] o.apache.tomcat.util.digester.Digester   : [SetPropertiesRule]{mbeans-descriptors/mbean/operation} Setting property 'name' to 'findMimeMapping'
2019-05-11 11:06:13.736 DEBUG 8956 --- [kground-preinit] o.apache.tomcat.util.IntrospectionUtils  : IntrospectionUtils: setProperty(class org.apache.tomcat.util.modeler.OperationInfo name=findMimeMapping)
2019-05-11 11:06:13.737 DEBUG 8956 --- [kground-preinit] o.apache.tomcat.util.digester.Digester   : [SetPropertiesRule]{mbeans-descriptors/mbean/operation} Setting property 'description' to 'Return the MIME type to which the specified extension is mapped, if any; otherwise return null.'
2019-05-11 11:06:13.737 DEBUG 8956 --- [kground-preinit] o.apache.tomcat.util.IntrospectionUtils  : IntrospectionUtils: setProperty(class org.apache.tomcat.util.modeler.OperationInfo description=Return the MIME type to which the specified extension is mapped, if any; otherwise return null.)
2019-05-11 11:06:13.737 DEBUG 8956 --- [kground-preinit] o.apache.tomcat.util.digester.Digester   : [SetPropertiesRule]{mbeans-descriptors/mbean/operation} Setting property 'impact' to 'ACTION'
2019-05-11 11:06:13.737 DEBUG 8956 --- [kground-preinit] o.apache.tomcat.util.IntrospectionUtils  : IntrospectionUtils: setProperty(class org.apache.tomcat.util.modeler.OperationInfo impact=ACTION)
2019-05-11 11:06:13.737 DEBUG 8956 --- [kground-preinit] o.apache.tomcat.util.digester.Digester   : [SetPropertiesRule]{mbeans-descriptors/mbean/operation} Setting property 'returnType' to 'java.lang.String'
2019-05-11 11:06:13.737 DEBUG 8956 --- [kground-preinit] o.apache.tomcat.util.IntrospectionUtils  : IntrospectionUtils: setProperty(class org.apache.tomcat.util.modeler.OperationInfo returnType=java.lang.String)
2019-05-11 11:06:13.737 DEBUG 8956 --- [           main] o.s.b.f.s.DefaultListableBeanFactory     : Returning cached instance of singleton bean 'org.springframework.boot.autoconfigure.condition.BeanTypeRegistry'
2019-05-11 11:06:13.738 DEBUG 8956 --- [           main] o.s.b.f.s.DefaultListableBeanFactory     : Returning cached instance of singleton bean 'autoConfigurationReport'
2019-05-11 11:06:13.738 DEBUG 8956 --- [           main] o.s.b.f.s.DefaultListableBeanFactory     : Returning cached instance of singleton bean 'org.springframework.boot.autoconfigure.condition.BeanTypeRegistry'
2019-05-11 11:06:13.738 DEBUG 8956 --- [           main] o.s.b.f.s.DefaultListableBeanFactory     : Returning cached instance of singleton bean 'org.springframework.boot.autoconfigure.condition.BeanTypeRegistry'
2019-05-11 11:06:13.737 DEBUG 8956 --- [kground-preinit] o.apache.tomcat.util.digester.Digester   :   Fire begin() for SetNextRule[methodName=addOperation, paramType=org.apache.tomcat.util.modeler.OperationInfo]
2019-05-11 11:06:13.738 DEBUG 8956 --- [           main] o.s.b.f.s.DefaultListableBeanFactory     : Returning cached instance of singleton bean 'autoConfigurationReport'
2019-05-11 11:06:13.738 DEBUG 8956 --- [kground-preinit] o.a.tomcat.util.digester.Digester.sax    : characters(
      )
2019-05-11 11:06:13.739 DEBUG 8956 --- [kground-preinit] o.a.tomcat.util.digester.Digester.sax    : startElement(,,parameter)
2019-05-11 11:06:13.739 DEBUG 8956 --- [kground-preinit] o.apache.tomcat.util.digester.Digester   :   New match='mbeans-descriptors/mbean/operation/parameter'
2019-05-11 11:06:13.739 DEBUG 8956 --- [kground-preinit] o.apache.tomcat.util.digester.Digester   :   Fire begin() for ObjectCreateRule[className=org.apache.tomcat.util.modeler.ParameterInfo, attributeName=null]
2019-05-11 11:06:13.739 DEBUG 8956 --- [kground-preinit] o.apache.tomcat.util.digester.Digester   : [ObjectCreateRule]{mbeans-descriptors/mbean/operation/parameter}New org.apache.tomcat.util.modeler.ParameterInfo
2019-05-11 11:06:13.739 DEBUG 8956 --- [kground-preinit] o.apache.tomcat.util.digester.Digester   :   Fire begin() for SetPropertiesRule[]
2019-05-11 11:06:13.739 DEBUG 8956 --- [kground-preinit] o.apache.tomcat.util.digester.Digester   : [SetPropertiesRule]{mbeans-descriptors/mbean/operation/parameter} Set org.apache.tomcat.util.modeler.ParameterInfo properties
2019-05-11 11:06:13.739 DEBUG 8956 --- [kground-preinit] o.apache.tomcat.util.digester.Digester   : [SetPropertiesRule]{mbeans-descriptors/mbean/operation/parameter} Setting property 'name' to 'extension'
2019-05-11 11:06:13.740 DEBUG 8956 --- [kground-preinit] o.apache.tomcat.util.IntrospectionUtils  : IntrospectionUtils: setProperty(class org.apache.tomcat.util.modeler.ParameterInfo name=extension)
2019-05-11 11:06:13.740 DEBUG 8956 --- [kground-preinit] o.apache.tomcat.util.digester.Digester   : [SetPropertiesRule]{mbeans-descriptors/mbean/operation/parameter} Setting property 'description' to 'Extension to map to a MIME type'
2019-05-11 11:06:13.739 DEBUG 8956 --- [           main] a.ConfigurationClassBeanDefinitionReader : Registering bean definition for @Bean method org.springframework.boot.autoconfigure.web.ErrorMvcAutoConfiguration$DefaultErrorViewResolverConfiguration.conventionErrorViewResolver()
2019-05-11 11:06:13.740 DEBUG 8956 --- [kground-preinit] o.apache.tomcat.util.IntrospectionUtils  : IntrospectionUtils: setProperty(class org.apache.tomcat.util.modeler.ParameterInfo description=Extension to map to a MIME type)
2019-05-11 11:06:13.741 DEBUG 8956 --- [kground-preinit] o.apache.tomcat.util.digester.Digester   : [SetPropertiesRule]{mbeans-descriptors/mbean/operation/parameter} Setting property 'type' to 'java.lang.String'
2019-05-11 11:06:13.741 DEBUG 8956 --- [kground-preinit] o.apache.tomcat.util.IntrospectionUtils  : IntrospectionUtils: setProperty(class org.apache.tomcat.util.modeler.ParameterInfo type=java.lang.String)
2019-05-11 11:06:13.741 DEBUG 8956 --- [kground-preinit] o.apache.tomcat.util.digester.Digester   :   Fire begin() for SetNextRule[methodName=addParameter, paramType=org.apache.tomcat.util.modeler.ParameterInfo]
2019-05-11 11:06:13.741 DEBUG 8956 --- [kground-preinit] o.a.tomcat.util.digester.Digester.sax    : endElement(,,parameter)
2019-05-11 11:06:13.741 DEBUG 8956 --- [kground-preinit] o.apache.tomcat.util.digester.Digester   :   match='mbeans-descriptors/mbean/operation/parameter'
2019-05-11 11:06:13.741 DEBUG 8956 --- [           main] a.ConfigurationClassBeanDefinitionReader : Registered bean definition for imported class 'org.springframework.boot.autoconfigure.web.ErrorMvcAutoConfiguration'
2019-05-11 11:06:13.741 DEBUG 8956 --- [kground-preinit] o.apache.tomcat.util.digester.Digester   :   bodyText=''
2019-05-11 11:06:13.742 DEBUG 8956 --- [kground-preinit] o.apache.tomcat.util.digester.Digester   :   Fire body() for ObjectCreateRule[className=org.apache.tomcat.util.modeler.ParameterInfo, attributeName=null]
2019-05-11 11:06:13.742 DEBUG 8956 --- [           main] o.s.b.f.s.DefaultListableBeanFactory     : Returning cached instance of singleton bean 'org.springframework.boot.autoconfigure.condition.BeanTypeRegistry'
2019-05-11 11:06:13.742 DEBUG 8956 --- [kground-preinit] o.apache.tomcat.util.digester.Digester   :   Fire body() for SetPropertiesRule[]
2019-05-11 11:06:13.742 DEBUG 8956 --- [kground-preinit] o.apache.tomcat.util.digester.Digester   :   Fire body() for SetNextRule[methodName=addParameter, paramType=org.apache.tomcat.util.modeler.ParameterInfo]
2019-05-11 11:06:13.743 DEBUG 8956 --- [kground-preinit] o.apache.tomcat.util.digester.Digester   :   Fire end() for SetNextRule[methodName=addParameter, paramType=org.apache.tomcat.util.modeler.ParameterInfo]
2019-05-11 11:06:13.743 DEBUG 8956 --- [kground-preinit] o.apache.tomcat.util.digester.Digester   : [SetNextRule]{mbeans-descriptors/mbean/operation/parameter} Call org.apache.tomcat.util.modeler.OperationInfo.addParameter(org.apache.tomcat.util.modeler.ParameterInfo@20ac8c16)
2019-05-11 11:06:13.743 DEBUG 8956 --- [kground-preinit] o.apache.tomcat.util.IntrospectionUtils  : IntrospectionUtils: callMethod1 org.apache.tomcat.util.modeler.OperationInfo org.apache.tomcat.util.modeler.ParameterInfo org.apache.tomcat.util.modeler.ParameterInfo
2019-05-11 11:06:13.743 DEBUG 8956 --- [kground-preinit] o.apache.tomcat.util.digester.Digester   :   Fire end() for SetPropertiesRule[]
2019-05-11 11:06:13.743 DEBUG 8956 --- [kground-preinit] o.apache.tomcat.util.digester.Digester   :   Fire end() for ObjectCreateRule[className=org.apache.tomcat.util.modeler.ParameterInfo, attributeName=null]
2019-05-11 11:06:13.744 DEBUG 8956 --- [kground-preinit] o.apache.tomcat.util.digester.Digester   : [ObjectCreateRule]{mbeans-descriptors/mbean/operation/parameter} Pop org.apache.tomcat.util.modeler.ParameterInfo
2019-05-11 11:06:13.744 DEBUG 8956 --- [kground-preinit] o.a.tomcat.util.digester.Digester.sax    : characters(
    )
2019-05-11 11:06:13.744 DEBUG 8956 --- [kground-preinit] o.a.tomcat.util.digester.Digester.sax    : endElement(,,operation)
2019-05-11 11:06:13.744 DEBUG 8956 --- [kground-preinit] o.apache.tomcat.util.digester.Digester   :   match='mbeans-descriptors/mbean/operation'
2019-05-11 11:06:13.744 DEBUG 8956 --- [kground-preinit] o.apache.tomcat.util.digester.Digester   :   bodyText='
      
    '
2019-05-11 11:06:13.744 DEBUG 8956 --- [kground-preinit] o.apache.tomcat.util.digester.Digester   :   Fire body() for ObjectCreateRule[className=org.apache.tomcat.util.modeler.OperationInfo, attributeName=null]
2019-05-11 11:06:13.744 DEBUG 8956 --- [kground-preinit] o.apache.tomcat.util.digester.Digester   :   Fire body() for SetPropertiesRule[]
2019-05-11 11:06:13.744 DEBUG 8956 --- [kground-preinit] o.apache.tomcat.util.digester.Digester   :   Fire body() for SetNextRule[methodName=addOperation, paramType=org.apache.tomcat.util.modeler.OperationInfo]
2019-05-11 11:06:13.744 DEBUG 8956 --- [kground-preinit] o.apache.tomcat.util.digester.Digester   :   Fire end() for SetNextRule[methodName=addOperation, paramType=org.apache.tomcat.util.modeler.OperationInfo]
2019-05-11 11:06:13.745 DEBUG 8956 --- [kground-preinit] o.apache.tomcat.util.digester.Digester   : [SetNextRule]{mbeans-descriptors/mbean/operation} Call org.apache.tomcat.util.modeler.ManagedBean.addOperation(org.apache.tomcat.util.modeler.OperationInfo@ab83f52)
2019-05-11 11:06:13.745 DEBUG 8956 --- [kground-preinit] o.apache.tomcat.util.IntrospectionUtils  : IntrospectionUtils: callMethod1 org.apache.tomcat.util.modeler.ManagedBean org.apache.tomcat.util.modeler.OperationInfo org.apache.tomcat.util.modeler.OperationInfo
2019-05-11 11:06:13.745 DEBUG 8956 --- [kground-preinit] o.apache.tomcat.util.digester.Digester   :   Fire end() for SetPropertiesRule[]
2019-05-11 11:06:13.745 DEBUG 8956 --- [kground-preinit] o.apache.tomcat.util.digester.Digester   :   Fire end() for ObjectCreateRule[className=org.apache.tomcat.util.modeler.OperationInfo, attributeName=null]
2019-05-11 11:06:13.745 DEBUG 8956 --- [kground-preinit] o.apache.tomcat.util.digester.Digester   : [ObjectCreateRule]{mbeans-descriptors/mbean/operation} Pop org.apache.tomcat.util.modeler.OperationInfo
2019-05-11 11:06:13.745 DEBUG 8956 --- [kground-preinit] o.a.tomcat.util.digester.Digester.sax    : characters(

    )
2019-05-11 11:06:13.745 DEBUG 8956 --- [kground-preinit] o.a.tomcat.util.digester.Digester.sax    : startElement(,,operation)
2019-05-11 11:06:13.746 DEBUG 8956 --- [kground-preinit] o.apache.tomcat.util.digester.Digester   :   New match='mbeans-descriptors/mbean/operation'
2019-05-11 11:06:13.746 DEBUG 8956 --- [kground-preinit] o.apache.tomcat.util.digester.Digester   :   Fire begin() for ObjectCreateRule[className=org.apache.tomcat.util.modeler.OperationInfo, attributeName=null]
2019-05-11 11:06:13.746 DEBUG 8956 --- [kground-preinit] o.apache.tomcat.util.digester.Digester   : [ObjectCreateRule]{mbeans-descriptors/mbean/operation}New org.apache.tomcat.util.modeler.OperationInfo
2019-05-11 11:06:13.746 DEBUG 8956 --- [kground-preinit] o.apache.tomcat.util.digester.Digester   :   Fire begin() for SetPropertiesRule[]
2019-05-11 11:06:13.745 DEBUG 8956 --- [           main] o.s.b.f.s.DefaultListableBeanFactory     : Returning cached instance of singleton bean 'autoConfigurationReport'
2019-05-11 11:06:13.747 DEBUG 8956 --- [           main] a.ConfigurationClassBeanDefinitionReader : Registering bean definition for @Bean method org.springframework.boot.autoconfigure.web.ErrorMvcAutoConfiguration.errorAttributes()
2019-05-11 11:06:13.746 DEBUG 8956 --- [kground-preinit] o.apache.tomcat.util.digester.Digester   : [SetPropertiesRule]{mbeans-descriptors/mbean/operation} Set org.apache.tomcat.util.modeler.OperationInfo properties
2019-05-11 11:06:13.748 DEBUG 8956 --- [           main] o.s.b.f.s.DefaultListableBeanFactory     : Returning cached instance of singleton bean 'org.springframework.boot.autoconfigure.condition.BeanTypeRegistry'
2019-05-11 11:06:13.748 DEBUG 8956 --- [kground-preinit] o.apache.tomcat.util.digester.Digester   : [SetPropertiesRule]{mbeans-descriptors/mbean/operation} Setting property 'name' to 'findMimeMappings'
2019-05-11 11:06:13.748 DEBUG 8956 --- [kground-preinit] o.apache.tomcat.util.IntrospectionUtils  : IntrospectionUtils: setProperty(class org.apache.tomcat.util.modeler.OperationInfo name=findMimeMappings)
2019-05-11 11:06:13.749 DEBUG 8956 --- [kground-preinit] o.apache.tomcat.util.digester.Digester   : [SetPropertiesRule]{mbeans-descriptors/mbean/operation} Setting property 'description' to 'Return the extensions for which MIME mappings are defined.'
2019-05-11 11:06:13.749 DEBUG 8956 --- [kground-preinit] o.apache.tomcat.util.IntrospectionUtils  : IntrospectionUtils: setProperty(class org.apache.tomcat.util.modeler.OperationInfo description=Return the extensions for which MIME mappings are defined.)
2019-05-11 11:06:13.749 DEBUG 8956 --- [kground-preinit] o.apache.tomcat.util.digester.Digester   : [SetPropertiesRule]{mbeans-descriptors/mbean/operation} Setting property 'impact' to 'ACTION'
2019-05-11 11:06:13.749 DEBUG 8956 --- [kground-preinit] o.apache.tomcat.util.IntrospectionUtils  : IntrospectionUtils: setProperty(class org.apache.tomcat.util.modeler.OperationInfo impact=ACTION)
2019-05-11 11:06:13.749 DEBUG 8956 --- [kground-preinit] o.apache.tomcat.util.digester.Digester   : [SetPropertiesRule]{mbeans-descriptors/mbean/operation} Setting property 'returnType' to '[Ljava.lang.String;'
2019-05-11 11:06:13.750 DEBUG 8956 --- [kground-preinit] o.apache.tomcat.util.IntrospectionUtils  : IntrospectionUtils: setProperty(class org.apache.tomcat.util.modeler.OperationInfo returnType=[Ljava.lang.String;)
2019-05-11 11:06:13.750 DEBUG 8956 --- [kground-preinit] o.apache.tomcat.util.digester.Digester   :   Fire begin() for SetNextRule[methodName=addOperation, paramType=org.apache.tomcat.util.modeler.OperationInfo]
2019-05-11 11:06:13.750 DEBUG 8956 --- [kground-preinit] o.a.tomcat.util.digester.Digester.sax    : characters(
    )
2019-05-11 11:06:13.750 DEBUG 8956 --- [kground-preinit] o.a.tomcat.util.digester.Digester.sax    : endElement(,,operation)
2019-05-11 11:06:13.750 DEBUG 8956 --- [kground-preinit] o.apache.tomcat.util.digester.Digester   :   match='mbeans-descriptors/mbean/operation'
2019-05-11 11:06:13.750 DEBUG 8956 --- [kground-preinit] o.apache.tomcat.util.digester.Digester   :   bodyText='
    '
2019-05-11 11:06:13.750 DEBUG 8956 --- [kground-preinit] o.apache.tomcat.util.digester.Digester   :   Fire body() for ObjectCreateRule[className=org.apache.tomcat.util.modeler.OperationInfo, attributeName=null]
2019-05-11 11:06:13.750 DEBUG 8956 --- [kground-preinit] o.apache.tomcat.util.digester.Digester   :   Fire body() for SetPropertiesRule[]
2019-05-11 11:06:13.751 DEBUG 8956 --- [kground-preinit] o.apache.tomcat.util.digester.Digester   :   Fire body() for SetNextRule[methodName=addOperation, paramType=org.apache.tomcat.util.modeler.OperationInfo]
2019-05-11 11:06:13.751 DEBUG 8956 --- [kground-preinit] o.apache.tomcat.util.digester.Digester   :   Fire end() for SetNextRule[methodName=addOperation, paramType=org.apache.tomcat.util.modeler.OperationInfo]
2019-05-11 11:06:13.751 DEBUG 8956 --- [kground-preinit] o.apache.tomcat.util.digester.Digester   : [SetNextRule]{mbeans-descriptors/mbean/operation} Call org.apache.tomcat.util.modeler.ManagedBean.addOperation(org.apache.tomcat.util.modeler.OperationInfo@173939f)
2019-05-11 11:06:13.751 DEBUG 8956 --- [kground-preinit] o.apache.tomcat.util.IntrospectionUtils  : IntrospectionUtils: callMethod1 org.apache.tomcat.util.modeler.ManagedBean org.apache.tomcat.util.modeler.OperationInfo org.apache.tomcat.util.modeler.OperationInfo
2019-05-11 11:06:13.751 DEBUG 8956 --- [kground-preinit] o.apache.tomcat.util.digester.Digester   :   Fire end() for SetPropertiesRule[]
2019-05-11 11:06:13.751 DEBUG 8956 --- [kground-preinit] o.apache.tomcat.util.digester.Digester   :   Fire end() for ObjectCreateRule[className=org.apache.tomcat.util.modeler.OperationInfo, attributeName=null]
2019-05-11 11:06:13.751 DEBUG 8956 --- [kground-preinit] o.apache.tomcat.util.digester.Digester   : [ObjectCreateRule]{mbeans-descriptors/mbean/operation} Pop org.apache.tomcat.util.modeler.OperationInfo
2019-05-11 11:06:13.752 DEBUG 8956 --- [kground-preinit] o.a.tomcat.util.digester.Digester.sax    : characters(

    )
2019-05-11 11:06:13.752 DEBUG 8956 --- [kground-preinit] o.a.tomcat.util.digester.Digester.sax    : startElement(,,operation)
2019-05-11 11:06:13.752 DEBUG 8956 --- [kground-preinit] o.apache.tomcat.util.digester.Digester   :   New match='mbeans-descriptors/mbean/operation'
2019-05-11 11:06:13.752 DEBUG 8956 --- [kground-preinit] o.apache.tomcat.util.digester.Digester   :   Fire begin() for ObjectCreateRule[className=org.apache.tomcat.util.modeler.OperationInfo, attributeName=null]
2019-05-11 11:06:13.752 DEBUG 8956 --- [kground-preinit] o.apache.tomcat.util.digester.Digester   : [ObjectCreateRule]{mbeans-descriptors/mbean/operation}New org.apache.tomcat.util.modeler.OperationInfo
2019-05-11 11:06:13.752 DEBUG 8956 --- [kground-preinit] o.apache.tomcat.util.digester.Digester   :   Fire begin() for SetPropertiesRule[]
2019-05-11 11:06:13.752 DEBUG 8956 --- [kground-preinit] o.apache.tomcat.util.digester.Digester   : [SetPropertiesRule]{mbeans-descriptors/mbean/operation} Set org.apache.tomcat.util.modeler.OperationInfo properties
2019-05-11 11:06:13.753 DEBUG 8956 --- [kground-preinit] o.apache.tomcat.util.digester.Digester   : [SetPropertiesRule]{mbeans-descriptors/mbean/operation} Setting property 'name' to 'findParameter'
2019-05-11 11:06:13.753 DEBUG 8956 --- [kground-preinit] o.apache.tomcat.util.IntrospectionUtils  : IntrospectionUtils: setProperty(class org.apache.tomcat.util.modeler.OperationInfo name=findParameter)
2019-05-11 11:06:13.753 DEBUG 8956 --- [kground-preinit] o.apache.tomcat.util.digester.Digester   : [SetPropertiesRule]{mbeans-descriptors/mbean/operation} Setting property 'description' to 'Return the value for the specified context initialization parameter name, if any; otherwise return null.'
2019-05-11 11:06:13.753 DEBUG 8956 --- [kground-preinit] o.apache.tomcat.util.IntrospectionUtils  : IntrospectionUtils: setProperty(class org.apache.tomcat.util.modeler.OperationInfo description=Return the value for the specified context initialization parameter name, if any; otherwise return null.)
2019-05-11 11:06:13.753 DEBUG 8956 --- [kground-preinit] o.apache.tomcat.util.digester.Digester   : [SetPropertiesRule]{mbeans-descriptors/mbean/operation} Setting property 'impact' to 'ACTION'
2019-05-11 11:06:13.753 DEBUG 8956 --- [kground-preinit] o.apache.tomcat.util.IntrospectionUtils  : IntrospectionUtils: setProperty(class org.apache.tomcat.util.modeler.OperationInfo impact=ACTION)
2019-05-11 11:06:13.753 DEBUG 8956 --- [kground-preinit] o.apache.tomcat.util.digester.Digester   : [SetPropertiesRule]{mbeans-descriptors/mbean/operation} Setting property 'returnType' to 'java.lang.String'
2019-05-11 11:06:13.753 DEBUG 8956 --- [kground-preinit] o.apache.tomcat.util.IntrospectionUtils  : IntrospectionUtils: setProperty(class org.apache.tomcat.util.modeler.OperationInfo returnType=java.lang.String)
2019-05-11 11:06:13.753 DEBUG 8956 --- [kground-preinit] o.apache.tomcat.util.digester.Digester   :   Fire begin() for SetNextRule[methodName=addOperation, paramType=org.apache.tomcat.util.modeler.OperationInfo]
2019-05-11 11:06:13.753 DEBUG 8956 --- [kground-preinit] o.a.tomcat.util.digester.Digester.sax    : characters(
      )
2019-05-11 11:06:13.753 DEBUG 8956 --- [kground-preinit] o.a.tomcat.util.digester.Digester.sax    : startElement(,,parameter)
2019-05-11 11:06:13.753 DEBUG 8956 --- [kground-preinit] o.apache.tomcat.util.digester.Digester   :   New match='mbeans-descriptors/mbean/operation/parameter'
2019-05-11 11:06:13.754 DEBUG 8956 --- [kground-preinit] o.apache.tomcat.util.digester.Digester   :   Fire begin() for ObjectCreateRule[className=org.apache.tomcat.util.modeler.ParameterInfo, attributeName=null]
2019-05-11 11:06:13.754 DEBUG 8956 --- [kground-preinit] o.apache.tomcat.util.digester.Digester   : [ObjectCreateRule]{mbeans-descriptors/mbean/operation/parameter}New org.apache.tomcat.util.modeler.ParameterInfo
2019-05-11 11:06:13.754 DEBUG 8956 --- [kground-preinit] o.apache.tomcat.util.digester.Digester   :   Fire begin() for SetPropertiesRule[]
2019-05-11 11:06:13.754 DEBUG 8956 --- [           main] o.s.b.f.s.DefaultListableBeanFactory     : Returning cached instance of singleton bean 'autoConfigurationReport'
2019-05-11 11:06:13.763 DEBUG 8956 --- [           main] a.ConfigurationClassBeanDefinitionReader : Registering bean definition for @Bean method org.springframework.boot.autoconfigure.web.ErrorMvcAutoConfiguration.basicErrorController()
2019-05-11 11:06:13.764 DEBUG 8956 --- [           main] a.ConfigurationClassBeanDefinitionReader : Registering bean definition for @Bean method org.springframework.boot.autoconfigure.web.ErrorMvcAutoConfiguration.errorPageCustomizer()
2019-05-11 11:06:13.764 DEBUG 8956 --- [           main] a.ConfigurationClassBeanDefinitionReader : Registering bean definition for @Bean method org.springframework.boot.autoconfigure.web.ErrorMvcAutoConfiguration.preserveErrorControllerTargetClassPostProcessor()
2019-05-11 11:06:13.765 DEBUG 8956 --- [           main] o.s.b.f.s.DefaultListableBeanFactory     : Returning cached instance of singleton bean 'autoConfigurationReport'
2019-05-11 11:06:13.765 DEBUG 8956 --- [           main] o.s.b.f.s.DefaultListableBeanFactory     : Returning cached instance of singleton bean 'autoConfigurationReport'
2019-05-11 11:06:13.767 DEBUG 8956 --- [           main] o.s.b.f.s.DefaultListableBeanFactory     : Returning cached instance of singleton bean 'org.springframework.boot.autoconfigure.condition.BeanTypeRegistry'
2019-05-11 11:06:13.768 DEBUG 8956 --- [           main] o.s.b.f.s.DefaultListableBeanFactory     : Returning cached instance of singleton bean 'autoConfigurationReport'
2019-05-11 11:06:13.768 DEBUG 8956 --- [           main] a.ConfigurationClassBeanDefinitionReader : Registered bean definition for imported class 'org.springframework.boot.autoconfigure.web.WebMvcAutoConfiguration$EnableWebMvcConfiguration'
2019-05-11 11:06:13.769 DEBUG 8956 --- [           main] a.ConfigurationClassBeanDefinitionReader : Registering bean definition for @Bean method org.springframework.boot.autoconfigure.web.WebMvcAutoConfiguration$EnableWebMvcConfiguration.requestMappingHandlerAdapter()
2019-05-11 11:06:13.769 DEBUG 8956 --- [           main] a.ConfigurationClassBeanDefinitionReader : Registering bean definition for @Bean method org.springframework.boot.autoconfigure.web.WebMvcAutoConfiguration$EnableWebMvcConfiguration.requestMappingHandlerMapping()
2019-05-11 11:06:13.769 DEBUG 8956 --- [           main] a.ConfigurationClassBeanDefinitionReader : Registering bean definition for @Bean method org.springframework.boot.autoconfigure.web.WebMvcAutoConfiguration$EnableWebMvcConfiguration.mvcValidator()
2019-05-11 11:06:13.769 DEBUG 8956 --- [           main] a.ConfigurationClassBeanDefinitionReader : Registering bean definition for @Bean method org.springframework.boot.autoconfigure.web.WebMvcAutoConfiguration$EnableWebMvcConfiguration.mvcContentNegotiationManager()
2019-05-11 11:06:13.769 DEBUG 8956 --- [           main] a.ConfigurationClassBeanDefinitionReader : Registering bean definition for @Bean method org.springframework.boot.autoconfigure.web.WebMvcAutoConfiguration$EnableWebMvcConfiguration.mvcPathMatcher()
2019-05-11 11:06:13.770 DEBUG 8956 --- [           main] a.ConfigurationClassBeanDefinitionReader : Registering bean definition for @Bean method org.springframework.boot.autoconfigure.web.WebMvcAutoConfiguration$EnableWebMvcConfiguration.mvcUrlPathHelper()
2019-05-11 11:06:13.770 DEBUG 8956 --- [           main] a.ConfigurationClassBeanDefinitionReader : Registering bean definition for @Bean method org.springframework.boot.autoconfigure.web.WebMvcAutoConfiguration$EnableWebMvcConfiguration.viewControllerHandlerMapping()
2019-05-11 11:06:13.770 DEBUG 8956 --- [           main] a.ConfigurationClassBeanDefinitionReader : Registering bean definition for @Bean method org.springframework.boot.autoconfigure.web.WebMvcAutoConfiguration$EnableWebMvcConfiguration.beanNameHandlerMapping()
2019-05-11 11:06:13.770 DEBUG 8956 --- [           main] a.ConfigurationClassBeanDefinitionReader : Registering bean definition for @Bean method org.springframework.boot.autoconfigure.web.WebMvcAutoConfiguration$EnableWebMvcConfiguration.resourceHandlerMapping()
2019-05-11 11:06:13.770 DEBUG 8956 --- [           main] a.ConfigurationClassBeanDefinitionReader : Registering bean definition for @Bean method org.springframework.boot.autoconfigure.web.WebMvcAutoConfiguration$EnableWebMvcConfiguration.mvcResourceUrlProvider()
2019-05-11 11:06:13.771 DEBUG 8956 --- [           main] a.ConfigurationClassBeanDefinitionReader : Registering bean definition for @Bean method org.springframework.boot.autoconfigure.web.WebMvcAutoConfiguration$EnableWebMvcConfiguration.defaultServletHandlerMapping()
2019-05-11 11:06:13.771 DEBUG 8956 --- [           main] a.ConfigurationClassBeanDefinitionReader : Registering bean definition for @Bean method org.springframework.boot.autoconfigure.web.WebMvcAutoConfiguration$EnableWebMvcConfiguration.mvcConversionService()
2019-05-11 11:06:13.771 DEBUG 8956 --- [           main] a.ConfigurationClassBeanDefinitionReader : Registering bean definition for @Bean method org.springframework.boot.autoconfigure.web.WebMvcAutoConfiguration$EnableWebMvcConfiguration.mvcUriComponentsContributor()
2019-05-11 11:06:13.772 DEBUG 8956 --- [           main] a.ConfigurationClassBeanDefinitionReader : Registering bean definition for @Bean method org.springframework.boot.autoconfigure.web.WebMvcAutoConfiguration$EnableWebMvcConfiguration.httpRequestHandlerAdapter()
2019-05-11 11:06:13.772 DEBUG 8956 --- [           main] a.ConfigurationClassBeanDefinitionReader : Registering bean definition for @Bean method org.springframework.boot.autoconfigure.web.WebMvcAutoConfiguration$EnableWebMvcConfiguration.simpleControllerHandlerAdapter()
2019-05-11 11:06:13.772 DEBUG 8956 --- [           main] a.ConfigurationClassBeanDefinitionReader : Registering bean definition for @Bean method org.springframework.boot.autoconfigure.web.WebMvcAutoConfiguration$EnableWebMvcConfiguration.handlerExceptionResolver()
2019-05-11 11:06:13.772 DEBUG 8956 --- [           main] a.ConfigurationClassBeanDefinitionReader : Registering bean definition for @Bean method org.springframework.boot.autoconfigure.web.WebMvcAutoConfiguration$EnableWebMvcConfiguration.mvcViewResolver()
2019-05-11 11:06:13.773 DEBUG 8956 --- [           main] a.ConfigurationClassBeanDefinitionReader : Registering bean definition for @Bean method org.springframework.boot.autoconfigure.web.WebMvcAutoConfiguration$EnableWebMvcConfiguration.mvcHandlerMappingIntrospector()
2019-05-11 11:06:13.773 DEBUG 8956 --- [           main] o.s.b.f.s.DefaultListableBeanFactory     : Returning cached instance of singleton bean 'autoConfigurationReport'
2019-05-11 11:06:13.774 DEBUG 8956 --- [           main] a.ConfigurationClassBeanDefinitionReader : Registered bean definition for imported class 'org.springframework.boot.autoconfigure.web.WebMvcAutoConfiguration$WebMvcAutoConfigurationAdapter$FaviconConfiguration'
2019-05-11 11:06:13.774 DEBUG 8956 --- [           main] a.ConfigurationClassBeanDefinitionReader : Registering bean definition for @Bean method org.springframework.boot.autoconfigure.web.WebMvcAutoConfiguration$WebMvcAutoConfigurationAdapter$FaviconConfiguration.faviconHandlerMapping()
2019-05-11 11:06:13.775 DEBUG 8956 --- [           main] a.ConfigurationClassBeanDefinitionReader : Registering bean definition for @Bean method org.springframework.boot.autoconfigure.web.WebMvcAutoConfiguration$WebMvcAutoConfigurationAdapter$FaviconConfiguration.faviconRequestHandler()
2019-05-11 11:06:13.777 DEBUG 8956 --- [           main] a.ConfigurationClassBeanDefinitionReader : Registered bean definition for imported class 'org.springframework.boot.autoconfigure.web.WebMvcAutoConfiguration$WebMvcAutoConfigurationAdapter'
2019-05-11 11:06:13.779 DEBUG 8956 --- [kground-preinit] o.apache.tomcat.util.digester.Digester   : [SetPropertiesRule]{mbeans-descriptors/mbean/operation/parameter} Set org.apache.tomcat.util.modeler.ParameterInfo properties
2019-05-11 11:06:13.779 DEBUG 8956 --- [kground-preinit] o.apache.tomcat.util.digester.Digester   : [SetPropertiesRule]{mbeans-descriptors/mbean/operation/parameter} Setting property 'name' to 'name'
2019-05-11 11:06:13.779 DEBUG 8956 --- [kground-preinit] o.apache.tomcat.util.IntrospectionUtils  : IntrospectionUtils: setProperty(class org.apache.tomcat.util.modeler.ParameterInfo name=name)
2019-05-11 11:06:13.779 DEBUG 8956 --- [kground-preinit] o.apache.tomcat.util.digester.Digester   : [SetPropertiesRule]{mbeans-descriptors/mbean/operation/parameter} Setting property 'description' to 'Name of the parameter to return'
2019-05-11 11:06:13.780 DEBUG 8956 --- [kground-preinit] o.apache.tomcat.util.IntrospectionUtils  : IntrospectionUtils: setProperty(class org.apache.tomcat.util.modeler.ParameterInfo description=Name of the parameter to return)
2019-05-11 11:06:13.780 DEBUG 8956 --- [kground-preinit] o.apache.tomcat.util.digester.Digester   : [SetPropertiesRule]{mbeans-descriptors/mbean/operation/parameter} Setting property 'type' to 'java.lang.String'
2019-05-11 11:06:13.780 DEBUG 8956 --- [kground-preinit] o.apache.tomcat.util.IntrospectionUtils  : IntrospectionUtils: setProperty(class org.apache.tomcat.util.modeler.ParameterInfo type=java.lang.String)
2019-05-11 11:06:13.780 DEBUG 8956 --- [kground-preinit] o.apache.tomcat.util.digester.Digester   :   Fire begin() for SetNextRule[methodName=addParameter, paramType=org.apache.tomcat.util.modeler.ParameterInfo]
2019-05-11 11:06:13.780 DEBUG 8956 --- [kground-preinit] o.a.tomcat.util.digester.Digester.sax    : endElement(,,parameter)
2019-05-11 11:06:13.781 DEBUG 8956 --- [kground-preinit] o.apache.tomcat.util.digester.Digester   :   match='mbeans-descriptors/mbean/operation/parameter'
2019-05-11 11:06:13.781 DEBUG 8956 --- [kground-preinit] o.apache.tomcat.util.digester.Digester   :   bodyText=''
2019-05-11 11:06:13.781 DEBUG 8956 --- [kground-preinit] o.apache.tomcat.util.digester.Digester   :   Fire body() for ObjectCreateRule[className=org.apache.tomcat.util.modeler.ParameterInfo, attributeName=null]
2019-05-11 11:06:13.781 DEBUG 8956 --- [kground-preinit] o.apache.tomcat.util.digester.Digester   :   Fire body() for SetPropertiesRule[]
2019-05-11 11:06:13.781 DEBUG 8956 --- [kground-preinit] o.apache.tomcat.util.digester.Digester   :   Fire body() for SetNextRule[methodName=addParameter, paramType=org.apache.tomcat.util.modeler.ParameterInfo]
2019-05-11 11:06:13.781 DEBUG 8956 --- [kground-preinit] o.apache.tomcat.util.digester.Digester   :   Fire end() for SetNextRule[methodName=addParameter, paramType=org.apache.tomcat.util.modeler.ParameterInfo]
2019-05-11 11:06:13.781 DEBUG 8956 --- [kground-preinit] o.apache.tomcat.util.digester.Digester   : [SetNextRule]{mbeans-descriptors/mbean/operation/parameter} Call org.apache.tomcat.util.modeler.OperationInfo.addParameter(org.apache.tomcat.util.modeler.ParameterInfo@4f1fce7c)
2019-05-11 11:06:13.793 DEBUG 8956 --- [           main] o.s.b.f.s.DefaultListableBeanFactory     : Returning cached instance of singleton bean 'org.springframework.boot.autoconfigure.condition.BeanTypeRegistry'
2019-05-11 11:06:13.810 DEBUG 8956 --- [kground-preinit] o.apache.tomcat.util.IntrospectionUtils  : IntrospectionUtils: callMethod1 org.apache.tomcat.util.modeler.OperationInfo org.apache.tomcat.util.modeler.ParameterInfo org.apache.tomcat.util.modeler.ParameterInfo
2019-05-11 11:06:13.810 DEBUG 8956 --- [kground-preinit] o.apache.tomcat.util.digester.Digester   :   Fire end() for SetPropertiesRule[]
2019-05-11 11:06:13.810 DEBUG 8956 --- [kground-preinit] o.apache.tomcat.util.digester.Digester   :   Fire end() for ObjectCreateRule[className=org.apache.tomcat.util.modeler.ParameterInfo, attributeName=null]
2019-05-11 11:06:13.830 DEBUG 8956 --- [kground-preinit] o.apache.tomcat.util.digester.Digester   : [ObjectCreateRule]{mbeans-descriptors/mbean/operation/parameter} Pop org.apache.tomcat.util.modeler.ParameterInfo
2019-05-11 11:06:13.831 DEBUG 8956 --- [kground-preinit] o.a.tomcat.util.digester.Digester.sax    : characters(
    )
2019-05-11 11:06:13.831 DEBUG 8956 --- [kground-preinit] o.a.tomcat.util.digester.Digester.sax    : endElement(,,operation)
2019-05-11 11:06:13.831 DEBUG 8956 --- [kground-preinit] o.apache.tomcat.util.digester.Digester   :   match='mbeans-descriptors/mbean/operation'
2019-05-11 11:06:13.831 DEBUG 8956 --- [kground-preinit] o.apache.tomcat.util.digester.Digester   :   bodyText='
      
    '
2019-05-11 11:06:13.831 DEBUG 8956 --- [kground-preinit] o.apache.tomcat.util.digester.Digester   :   Fire body() for ObjectCreateRule[className=org.apache.tomcat.util.modeler.OperationInfo, attributeName=null]
2019-05-11 11:06:13.832 DEBUG 8956 --- [kground-preinit] o.apache.tomcat.util.digester.Digester   :   Fire body() for SetPropertiesRule[]
2019-05-11 11:06:13.832 DEBUG 8956 --- [kground-preinit] o.apache.tomcat.util.digester.Digester   :   Fire body() for SetNextRule[methodName=addOperation, paramType=org.apache.tomcat.util.modeler.OperationInfo]
2019-05-11 11:06:13.832 DEBUG 8956 --- [kground-preinit] o.apache.tomcat.util.digester.Digester   :   Fire end() for SetNextRule[methodName=addOperation, paramType=org.apache.tomcat.util.modeler.OperationInfo]
2019-05-11 11:06:13.832 DEBUG 8956 --- [kground-preinit] o.apache.tomcat.util.digester.Digester   : [SetNextRule]{mbeans-descriptors/mbean/operation} Call org.apache.tomcat.util.modeler.ManagedBean.addOperation(org.apache.tomcat.util.modeler.OperationInfo@b1727b5)
2019-05-11 11:06:13.832 DEBUG 8956 --- [kground-preinit] o.apache.tomcat.util.IntrospectionUtils  : IntrospectionUtils: callMethod1 org.apache.tomcat.util.modeler.ManagedBean org.apache.tomcat.util.modeler.OperationInfo org.apache.tomcat.util.modeler.OperationInfo
2019-05-11 11:06:13.837 DEBUG 8956 --- [kground-preinit] o.apache.tomcat.util.digester.Digester   :   Fire end() for SetPropertiesRule[]
2019-05-11 11:06:13.837 DEBUG 8956 --- [kground-preinit] o.apache.tomcat.util.digester.Digester   :   Fire end() for ObjectCreateRule[className=org.apache.tomcat.util.modeler.OperationInfo, attributeName=null]
2019-05-11 11:06:13.837 DEBUG 8956 --- [kground-preinit] o.apache.tomcat.util.digester.Digester   : [ObjectCreateRule]{mbeans-descriptors/mbean/operation} Pop org.apache.tomcat.util.modeler.OperationInfo
2019-05-11 11:06:13.837 DEBUG 8956 --- [kground-preinit] o.a.tomcat.util.digester.Digester.sax    : characters(

    )
2019-05-11 11:06:13.838 DEBUG 8956 --- [kground-preinit] o.a.tomcat.util.digester.Digester.sax    : startElement(,,operation)
2019-05-11 11:06:13.838 DEBUG 8956 --- [kground-preinit] o.apache.tomcat.util.digester.Digester   :   New match='mbeans-descriptors/mbean/operation'
2019-05-11 11:06:13.838 DEBUG 8956 --- [kground-preinit] o.apache.tomcat.util.digester.Digester   :   Fire begin() for ObjectCreateRule[className=org.apache.tomcat.util.modeler.OperationInfo, attributeName=null]
2019-05-11 11:06:13.838 DEBUG 8956 --- [kground-preinit] o.apache.tomcat.util.digester.Digester   : [ObjectCreateRule]{mbeans-descriptors/mbean/operation}New org.apache.tomcat.util.modeler.OperationInfo
2019-05-11 11:06:13.838 DEBUG 8956 --- [kground-preinit] o.apache.tomcat.util.digester.Digester   :   Fire begin() for SetPropertiesRule[]
2019-05-11 11:06:13.839 DEBUG 8956 --- [kground-preinit] o.apache.tomcat.util.digester.Digester   : [SetPropertiesRule]{mbeans-descriptors/mbean/operation} Set org.apache.tomcat.util.modeler.OperationInfo properties
2019-05-11 11:06:13.839 DEBUG 8956 --- [kground-preinit] o.apache.tomcat.util.digester.Digester   : [SetPropertiesRule]{mbeans-descriptors/mbean/operation} Setting property 'name' to 'findParameters'
2019-05-11 11:06:13.839 DEBUG 8956 --- [kground-preinit] o.apache.tomcat.util.IntrospectionUtils  : IntrospectionUtils: setProperty(class org.apache.tomcat.util.modeler.OperationInfo name=findParameters)
2019-05-11 11:06:13.839 DEBUG 8956 --- [kground-preinit] o.apache.tomcat.util.digester.Digester   : [SetPropertiesRule]{mbeans-descriptors/mbean/operation} Setting property 'description' to 'Return the names of all defined context initialization parameters for this Context.'
2019-05-11 11:06:13.839 DEBUG 8956 --- [kground-preinit] o.apache.tomcat.util.IntrospectionUtils  : IntrospectionUtils: setProperty(class org.apache.tomcat.util.modeler.OperationInfo description=Return the names of all defined context initialization parameters for this Context.)
2019-05-11 11:06:13.840 DEBUG 8956 --- [kground-preinit] o.apache.tomcat.util.digester.Digester   : [SetPropertiesRule]{mbeans-descriptors/mbean/operation} Setting property 'impact' to 'ACTION'
2019-05-11 11:06:13.840 DEBUG 8956 --- [kground-preinit] o.apache.tomcat.util.IntrospectionUtils  : IntrospectionUtils: setProperty(class org.apache.tomcat.util.modeler.OperationInfo impact=ACTION)
2019-05-11 11:06:13.841 DEBUG 8956 --- [kground-preinit] o.apache.tomcat.util.digester.Digester   : [SetPropertiesRule]{mbeans-descriptors/mbean/operation} Setting property 'returnType' to '[Ljava.lang.String;'
2019-05-11 11:06:13.841 DEBUG 8956 --- [kground-preinit] o.apache.tomcat.util.IntrospectionUtils  : IntrospectionUtils: setProperty(class org.apache.tomcat.util.modeler.OperationInfo returnType=[Ljava.lang.String;)
2019-05-11 11:06:13.841 DEBUG 8956 --- [kground-preinit] o.apache.tomcat.util.digester.Digester   :   Fire begin() for SetNextRule[methodName=addOperation, paramType=org.apache.tomcat.util.modeler.OperationInfo]
2019-05-11 11:06:13.841 DEBUG 8956 --- [kground-preinit] o.a.tomcat.util.digester.Digester.sax    : characters(
    )
2019-05-11 11:06:13.842 DEBUG 8956 --- [kground-preinit] o.a.tomcat.util.digester.Digester.sax    : endElement(,,operation)
2019-05-11 11:06:13.842 DEBUG 8956 --- [kground-preinit] o.apache.tomcat.util.digester.Digester   :   match='mbeans-descriptors/mbean/operation'
2019-05-11 11:06:13.842 DEBUG 8956 --- [kground-preinit] o.apache.tomcat.util.digester.Digester   :   bodyText='
    '
2019-05-11 11:06:13.842 DEBUG 8956 --- [kground-preinit] o.apache.tomcat.util.digester.Digester   :   Fire body() for ObjectCreateRule[className=org.apache.tomcat.util.modeler.OperationInfo, attributeName=null]
2019-05-11 11:06:13.843 DEBUG 8956 --- [kground-preinit] o.apache.tomcat.util.digester.Digester   :   Fire body() for SetPropertiesRule[]
2019-05-11 11:06:13.843 DEBUG 8956 --- [kground-preinit] o.apache.tomcat.util.digester.Digester   :   Fire body() for SetNextRule[methodName=addOperation, paramType=org.apache.tomcat.util.modeler.OperationInfo]
2019-05-11 11:06:13.843 DEBUG 8956 --- [kground-preinit] o.apache.tomcat.util.digester.Digester   :   Fire end() for SetNextRule[methodName=addOperation, paramType=org.apache.tomcat.util.modeler.OperationInfo]
2019-05-11 11:06:13.843 DEBUG 8956 --- [kground-preinit] o.apache.tomcat.util.digester.Digester   : [SetNextRule]{mbeans-descriptors/mbean/operation} Call org.apache.tomcat.util.modeler.ManagedBean.addOperation(org.apache.tomcat.util.modeler.OperationInfo@401ecb2a)
2019-05-11 11:06:13.843 DEBUG 8956 --- [kground-preinit] o.apache.tomcat.util.IntrospectionUtils  : IntrospectionUtils: callMethod1 org.apache.tomcat.util.modeler.ManagedBean org.apache.tomcat.util.modeler.OperationInfo org.apache.tomcat.util.modeler.OperationInfo
2019-05-11 11:06:13.843 DEBUG 8956 --- [kground-preinit] o.apache.tomcat.util.digester.Digester   :   Fire end() for SetPropertiesRule[]
2019-05-11 11:06:13.844 DEBUG 8956 --- [kground-preinit] o.apache.tomcat.util.digester.Digester   :   Fire end() for ObjectCreateRule[className=org.apache.tomcat.util.modeler.OperationInfo, attributeName=null]
2019-05-11 11:06:13.844 DEBUG 8956 --- [kground-preinit] o.apache.tomcat.util.digester.Digester   : [ObjectCreateRule]{mbeans-descriptors/mbean/operation} Pop org.apache.tomcat.util.modeler.OperationInfo
2019-05-11 11:06:13.844 DEBUG 8956 --- [kground-preinit] o.a.tomcat.util.digester.Digester.sax    : characters(

    )
2019-05-11 11:06:13.844 DEBUG 8956 --- [kground-preinit] o.a.tomcat.util.digester.Digester.sax    : startElement(,,operation)
2019-05-11 11:06:13.844 DEBUG 8956 --- [kground-preinit] o.apache.tomcat.util.digester.Digester   :   New match='mbeans-descriptors/mbean/operation'
2019-05-11 11:06:13.845 DEBUG 8956 --- [kground-preinit] o.apache.tomcat.util.digester.Digester   :   Fire begin() for ObjectCreateRule[className=org.apache.tomcat.util.modeler.OperationInfo, attributeName=null]
2019-05-11 11:06:13.845 DEBUG 8956 --- [kground-preinit] o.apache.tomcat.util.digester.Digester   : [ObjectCreateRule]{mbeans-descriptors/mbean/operation}New org.apache.tomcat.util.modeler.OperationInfo
2019-05-11 11:06:13.845 DEBUG 8956 --- [kground-preinit] o.apache.tomcat.util.digester.Digester   :   Fire begin() for SetPropertiesRule[]
2019-05-11 11:06:13.845 DEBUG 8956 --- [kground-preinit] o.apache.tomcat.util.digester.Digester   : [SetPropertiesRule]{mbeans-descriptors/mbean/operation} Set org.apache.tomcat.util.modeler.OperationInfo properties
2019-05-11 11:06:13.845 DEBUG 8956 --- [kground-preinit] o.apache.tomcat.util.digester.Digester   : [SetPropertiesRule]{mbeans-descriptors/mbean/operation} Setting property 'name' to 'findRoleMapping'
2019-05-11 11:06:13.846 DEBUG 8956 --- [kground-preinit] o.apache.tomcat.util.IntrospectionUtils  : IntrospectionUtils: setProperty(class org.apache.tomcat.util.modeler.OperationInfo name=findRoleMapping)
2019-05-11 11:06:13.846 DEBUG 8956 --- [kground-preinit] o.apache.tomcat.util.digester.Digester   : [SetPropertiesRule]{mbeans-descriptors/mbean/operation} Setting property 'description' to 'For the given security role (as used by an application), return the corresponding role name (as defined by the underlying Realm) if there is one.  Otherwise, return the specified role unchanged.'
2019-05-11 11:06:13.846 DEBUG 8956 --- [kground-preinit] o.apache.tomcat.util.IntrospectionUtils  : IntrospectionUtils: setProperty(class org.apache.tomcat.util.modeler.OperationInfo description=For the given security role (as used by an application), return the corresponding role name (as defined by the underlying Realm) if there is one.  Otherwise, return the specified role unchanged.)
2019-05-11 11:06:13.846 DEBUG 8956 --- [kground-preinit] o.apache.tomcat.util.digester.Digester   : [SetPropertiesRule]{mbeans-descriptors/mbean/operation} Setting property 'impact' to 'ACTION'
2019-05-11 11:06:13.850 DEBUG 8956 --- [kground-preinit] o.apache.tomcat.util.IntrospectionUtils  : IntrospectionUtils: setProperty(class org.apache.tomcat.util.modeler.OperationInfo impact=ACTION)
2019-05-11 11:06:13.851 DEBUG 8956 --- [kground-preinit] o.apache.tomcat.util.digester.Digester   : [SetPropertiesRule]{mbeans-descriptors/mbean/operation} Setting property 'returnType' to 'java.lang.String'
2019-05-11 11:06:13.851 DEBUG 8956 --- [kground-preinit] o.apache.tomcat.util.IntrospectionUtils  : IntrospectionUtils: setProperty(class org.apache.tomcat.util.modeler.OperationInfo returnType=java.lang.String)
2019-05-11 11:06:13.851 DEBUG 8956 --- [kground-preinit] o.apache.tomcat.util.digester.Digester   :   Fire begin() for SetNextRule[methodName=addOperation, paramType=org.apache.tomcat.util.modeler.OperationInfo]
2019-05-11 11:06:13.852 DEBUG 8956 --- [kground-preinit] o.a.tomcat.util.digester.Digester.sax    : characters(
      )
2019-05-11 11:06:13.852 DEBUG 8956 --- [kground-preinit] o.a.tomcat.util.digester.Digester.sax    : startElement(,,parameter)
2019-05-11 11:06:13.852 DEBUG 8956 --- [kground-preinit] o.apache.tomcat.util.digester.Digester   :   New match='mbeans-descriptors/mbean/operation/parameter'
2019-05-11 11:06:13.852 DEBUG 8956 --- [kground-preinit] o.apache.tomcat.util.digester.Digester   :   Fire begin() for ObjectCreateRule[className=org.apache.tomcat.util.modeler.ParameterInfo, attributeName=null]
2019-05-11 11:06:13.852 DEBUG 8956 --- [kground-preinit] o.apache.tomcat.util.digester.Digester   : [ObjectCreateRule]{mbeans-descriptors/mbean/operation/parameter}New org.apache.tomcat.util.modeler.ParameterInfo
2019-05-11 11:06:13.853 DEBUG 8956 --- [kground-preinit] o.apache.tomcat.util.digester.Digester   :   Fire begin() for SetPropertiesRule[]
2019-05-11 11:06:13.853 DEBUG 8956 --- [kground-preinit] o.apache.tomcat.util.digester.Digester   : [SetPropertiesRule]{mbeans-descriptors/mbean/operation/parameter} Set org.apache.tomcat.util.modeler.ParameterInfo properties
2019-05-11 11:06:13.853 DEBUG 8956 --- [kground-preinit] o.apache.tomcat.util.digester.Digester   : [SetPropertiesRule]{mbeans-descriptors/mbean/operation/parameter} Setting property 'name' to 'role'
2019-05-11 11:06:13.854 DEBUG 8956 --- [kground-preinit] o.apache.tomcat.util.IntrospectionUtils  : IntrospectionUtils: setProperty(class org.apache.tomcat.util.modeler.ParameterInfo name=role)
2019-05-11 11:06:13.854 DEBUG 8956 --- [kground-preinit] o.apache.tomcat.util.digester.Digester   : [SetPropertiesRule]{mbeans-descriptors/mbean/operation/parameter} Setting property 'description' to 'Security role to map'
2019-05-11 11:06:13.854 DEBUG 8956 --- [kground-preinit] o.apache.tomcat.util.IntrospectionUtils  : IntrospectionUtils: setProperty(class org.apache.tomcat.util.modeler.ParameterInfo description=Security role to map)
2019-05-11 11:06:13.854 DEBUG 8956 --- [kground-preinit] o.apache.tomcat.util.digester.Digester   : [SetPropertiesRule]{mbeans-descriptors/mbean/operation/parameter} Setting property 'type' to 'java.lang.String'
2019-05-11 11:06:13.854 DEBUG 8956 --- [kground-preinit] o.apache.tomcat.util.IntrospectionUtils  : IntrospectionUtils: setProperty(class org.apache.tomcat.util.modeler.ParameterInfo type=java.lang.String)
2019-05-11 11:06:13.854 DEBUG 8956 --- [kground-preinit] o.apache.tomcat.util.digester.Digester   :   Fire begin() for SetNextRule[methodName=addParameter, paramType=org.apache.tomcat.util.modeler.ParameterInfo]
2019-05-11 11:06:13.855 DEBUG 8956 --- [kground-preinit] o.a.tomcat.util.digester.Digester.sax    : endElement(,,parameter)
2019-05-11 11:06:13.855 DEBUG 8956 --- [kground-preinit] o.apache.tomcat.util.digester.Digester   :   match='mbeans-descriptors/mbean/operation/parameter'
2019-05-11 11:06:13.855 DEBUG 8956 --- [kground-preinit] o.apache.tomcat.util.digester.Digester   :   bodyText=''
2019-05-11 11:06:13.855 DEBUG 8956 --- [kground-preinit] o.apache.tomcat.util.digester.Digester   :   Fire body() for ObjectCreateRule[className=org.apache.tomcat.util.modeler.ParameterInfo, attributeName=null]
2019-05-11 11:06:13.855 DEBUG 8956 --- [kground-preinit] o.apache.tomcat.util.digester.Digester   :   Fire body() for SetPropertiesRule[]
2019-05-11 11:06:13.855 DEBUG 8956 --- [kground-preinit] o.apache.tomcat.util.digester.Digester   :   Fire body() for SetNextRule[methodName=addParameter, paramType=org.apache.tomcat.util.modeler.ParameterInfo]
2019-05-11 11:06:13.855 DEBUG 8956 --- [kground-preinit] o.apache.tomcat.util.digester.Digester   :   Fire end() for SetNextRule[methodName=addParameter, paramType=org.apache.tomcat.util.modeler.ParameterInfo]
2019-05-11 11:06:13.856 DEBUG 8956 --- [kground-preinit] o.apache.tomcat.util.digester.Digester   : [SetNextRule]{mbeans-descriptors/mbean/operation/parameter} Call org.apache.tomcat.util.modeler.OperationInfo.addParameter(org.apache.tomcat.util.modeler.ParameterInfo@5d6c47dd)
2019-05-11 11:06:13.856 DEBUG 8956 --- [kground-preinit] o.apache.tomcat.util.IntrospectionUtils  : IntrospectionUtils: callMethod1 org.apache.tomcat.util.modeler.OperationInfo org.apache.tomcat.util.modeler.ParameterInfo org.apache.tomcat.util.modeler.ParameterInfo
2019-05-11 11:06:13.858 DEBUG 8956 --- [kground-preinit] o.apache.tomcat.util.digester.Digester   :   Fire end() for SetPropertiesRule[]
2019-05-11 11:06:13.858 DEBUG 8956 --- [kground-preinit] o.apache.tomcat.util.digester.Digester   :   Fire end() for ObjectCreateRule[className=org.apache.tomcat.util.modeler.ParameterInfo, attributeName=null]
2019-05-11 11:06:13.858 DEBUG 8956 --- [kground-preinit] o.apache.tomcat.util.digester.Digester   : [ObjectCreateRule]{mbeans-descriptors/mbean/operation/parameter} Pop org.apache.tomcat.util.modeler.ParameterInfo
2019-05-11 11:06:13.858 DEBUG 8956 --- [kground-preinit] o.a.tomcat.util.digester.Digester.sax    : characters(
    )
2019-05-11 11:06:13.859 DEBUG 8956 --- [kground-preinit] o.a.tomcat.util.digester.Digester.sax    : endElement(,,operation)
2019-05-11 11:06:13.859 DEBUG 8956 --- [kground-preinit] o.apache.tomcat.util.digester.Digester   :   match='mbeans-descriptors/mbean/operation'
2019-05-11 11:06:13.859 DEBUG 8956 --- [kground-preinit] o.apache.tomcat.util.digester.Digester   :   bodyText='
      
    '
2019-05-11 11:06:13.859 DEBUG 8956 --- [kground-preinit] o.apache.tomcat.util.digester.Digester   :   Fire body() for ObjectCreateRule[className=org.apache.tomcat.util.modeler.OperationInfo, attributeName=null]
2019-05-11 11:06:13.859 DEBUG 8956 --- [kground-preinit] o.apache.tomcat.util.digester.Digester   :   Fire body() for SetPropertiesRule[]
2019-05-11 11:06:13.860 DEBUG 8956 --- [kground-preinit] o.apache.tomcat.util.digester.Digester   :   Fire body() for SetNextRule[methodName=addOperation, paramType=org.apache.tomcat.util.modeler.OperationInfo]
2019-05-11 11:06:13.860 DEBUG 8956 --- [kground-preinit] o.apache.tomcat.util.digester.Digester   :   Fire end() for SetNextRule[methodName=addOperation, paramType=org.apache.tomcat.util.modeler.OperationInfo]
2019-05-11 11:06:13.860 DEBUG 8956 --- [kground-preinit] o.apache.tomcat.util.digester.Digester   : [SetNextRule]{mbeans-descriptors/mbean/operation} Call org.apache.tomcat.util.modeler.ManagedBean.addOperation(org.apache.tomcat.util.modeler.OperationInfo@6c311e22)
2019-05-11 11:06:13.860 DEBUG 8956 --- [kground-preinit] o.apache.tomcat.util.IntrospectionUtils  : IntrospectionUtils: callMethod1 org.apache.tomcat.util.modeler.ManagedBean org.apache.tomcat.util.modeler.OperationInfo org.apache.tomcat.util.modeler.OperationInfo
2019-05-11 11:06:13.860 DEBUG 8956 --- [kground-preinit] o.apache.tomcat.util.digester.Digester   :   Fire end() for SetPropertiesRule[]
2019-05-11 11:06:13.860 DEBUG 8956 --- [kground-preinit] o.apache.tomcat.util.digester.Digester   :   Fire end() for ObjectCreateRule[className=org.apache.tomcat.util.modeler.OperationInfo, attributeName=null]
2019-05-11 11:06:13.861 DEBUG 8956 --- [kground-preinit] o.apache.tomcat.util.digester.Digester   : [ObjectCreateRule]{mbeans-descriptors/mbean/operation} Pop org.apache.tomcat.util.modeler.OperationInfo
2019-05-11 11:06:13.861 DEBUG 8956 --- [kground-preinit] o.a.tomcat.util.digester.Digester.sax    : characters(

    )
2019-05-11 11:06:13.861 DEBUG 8956 --- [kground-preinit] o.a.tomcat.util.digester.Digester.sax    : startElement(,,operation)
2019-05-11 11:06:13.861 DEBUG 8956 --- [kground-preinit] o.apache.tomcat.util.digester.Digester   :   New match='mbeans-descriptors/mbean/operation'
2019-05-11 11:06:13.861 DEBUG 8956 --- [kground-preinit] o.apache.tomcat.util.digester.Digester   :   Fire begin() for ObjectCreateRule[className=org.apache.tomcat.util.modeler.OperationInfo, attributeName=null]
2019-05-11 11:06:13.862 DEBUG 8956 --- [kground-preinit] o.apache.tomcat.util.digester.Digester   : [ObjectCreateRule]{mbeans-descriptors/mbean/operation}New org.apache.tomcat.util.modeler.OperationInfo
2019-05-11 11:06:13.862 DEBUG 8956 --- [kground-preinit] o.apache.tomcat.util.digester.Digester   :   Fire begin() for SetPropertiesRule[]
2019-05-11 11:06:13.862 DEBUG 8956 --- [kground-preinit] o.apache.tomcat.util.digester.Digester   : [SetPropertiesRule]{mbeans-descriptors/mbean/operation} Set org.apache.tomcat.util.modeler.OperationInfo properties
2019-05-11 11:06:13.862 DEBUG 8956 --- [kground-preinit] o.apache.tomcat.util.digester.Digester   : [SetPropertiesRule]{mbeans-descriptors/mbean/operation} Setting property 'name' to 'findSecurityRole'
2019-05-11 11:06:13.862 DEBUG 8956 --- [kground-preinit] o.apache.tomcat.util.IntrospectionUtils  : IntrospectionUtils: setProperty(class org.apache.tomcat.util.modeler.OperationInfo name=findSecurityRole)
2019-05-11 11:06:13.863 DEBUG 8956 --- [kground-preinit] o.apache.tomcat.util.digester.Digester   : [SetPropertiesRule]{mbeans-descriptors/mbean/operation} Setting property 'description' to 'Return 'true' if the specified security role is defined for this application; otherwise return 'false'.'
2019-05-11 11:06:13.863 DEBUG 8956 --- [kground-preinit] o.apache.tomcat.util.IntrospectionUtils  : IntrospectionUtils: setProperty(class org.apache.tomcat.util.modeler.OperationInfo description=Return 'true' if the specified security role is defined for this application; otherwise return 'false'.)
2019-05-11 11:06:13.863 DEBUG 8956 --- [kground-preinit] o.apache.tomcat.util.digester.Digester   : [SetPropertiesRule]{mbeans-descriptors/mbean/operation} Setting property 'impact' to 'ACTION'
2019-05-11 11:06:13.863 DEBUG 8956 --- [kground-preinit] o.apache.tomcat.util.IntrospectionUtils  : IntrospectionUtils: setProperty(class org.apache.tomcat.util.modeler.OperationInfo impact=ACTION)
2019-05-11 11:06:13.864 DEBUG 8956 --- [kground-preinit] o.apache.tomcat.util.digester.Digester   : [SetPropertiesRule]{mbeans-descriptors/mbean/operation} Setting property 'returnType' to 'boolean'
2019-05-11 11:06:13.864 DEBUG 8956 --- [kground-preinit] o.apache.tomcat.util.IntrospectionUtils  : IntrospectionUtils: setProperty(class org.apache.tomcat.util.modeler.OperationInfo returnType=boolean)
2019-05-11 11:06:13.864 DEBUG 8956 --- [kground-preinit] o.apache.tomcat.util.digester.Digester   :   Fire begin() for SetNextRule[methodName=addOperation, paramType=org.apache.tomcat.util.modeler.OperationInfo]
2019-05-11 11:06:13.864 DEBUG 8956 --- [kground-preinit] o.a.tomcat.util.digester.Digester.sax    : characters(
      )
2019-05-11 11:06:13.864 DEBUG 8956 --- [kground-preinit] o.a.tomcat.util.digester.Digester.sax    : startElement(,,parameter)
2019-05-11 11:06:13.865 DEBUG 8956 --- [kground-preinit] o.apache.tomcat.util.digester.Digester   :   New match='mbeans-descriptors/mbean/operation/parameter'
2019-05-11 11:06:13.865 DEBUG 8956 --- [kground-preinit] o.apache.tomcat.util.digester.Digester   :   Fire begin() for ObjectCreateRule[className=org.apache.tomcat.util.modeler.ParameterInfo, attributeName=null]
2019-05-11 11:06:13.865 DEBUG 8956 --- [kground-preinit] o.apache.tomcat.util.digester.Digester   : [ObjectCreateRule]{mbeans-descriptors/mbean/operation/parameter}New org.apache.tomcat.util.modeler.ParameterInfo
2019-05-11 11:06:13.865 DEBUG 8956 --- [kground-preinit] o.apache.tomcat.util.digester.Digester   :   Fire begin() for SetPropertiesRule[]
2019-05-11 11:06:13.865 DEBUG 8956 --- [kground-preinit] o.apache.tomcat.util.digester.Digester   : [SetPropertiesRule]{mbeans-descriptors/mbean/operation/parameter} Set org.apache.tomcat.util.modeler.ParameterInfo properties
2019-05-11 11:06:13.865 DEBUG 8956 --- [kground-preinit] o.apache.tomcat.util.digester.Digester   : [SetPropertiesRule]{mbeans-descriptors/mbean/operation/parameter} Setting property 'name' to 'role'
2019-05-11 11:06:13.866 DEBUG 8956 --- [kground-preinit] o.apache.tomcat.util.IntrospectionUtils  : IntrospectionUtils: setProperty(class org.apache.tomcat.util.modeler.ParameterInfo name=role)
2019-05-11 11:06:13.866 DEBUG 8956 --- [kground-preinit] o.apache.tomcat.util.digester.Digester   : [SetPropertiesRule]{mbeans-descriptors/mbean/operation/parameter} Setting property 'description' to 'Security role to verify'
2019-05-11 11:06:13.866 DEBUG 8956 --- [kground-preinit] o.apache.tomcat.util.IntrospectionUtils  : IntrospectionUtils: setProperty(class org.apache.tomcat.util.modeler.ParameterInfo description=Security role to verify)
2019-05-11 11:06:13.866 DEBUG 8956 --- [kground-preinit] o.apache.tomcat.util.digester.Digester   : [SetPropertiesRule]{mbeans-descriptors/mbean/operation/parameter} Setting property 'type' to 'java.lang.String'
2019-05-11 11:06:13.866 DEBUG 8956 --- [kground-preinit] o.apache.tomcat.util.IntrospectionUtils  : IntrospectionUtils: setProperty(class org.apache.tomcat.util.modeler.ParameterInfo type=java.lang.String)
2019-05-11 11:06:13.867 DEBUG 8956 --- [kground-preinit] o.apache.tomcat.util.digester.Digester   :   Fire begin() for SetNextRule[methodName=addParameter, paramType=org.apache.tomcat.util.modeler.ParameterInfo]
2019-05-11 11:06:13.867 DEBUG 8956 --- [kground-preinit] o.a.tomcat.util.digester.Digester.sax    : endElement(,,parameter)
2019-05-11 11:06:13.867 DEBUG 8956 --- [kground-preinit] o.apache.tomcat.util.digester.Digester   :   match='mbeans-descriptors/mbean/operation/parameter'
2019-05-11 11:06:13.867 DEBUG 8956 --- [kground-preinit] o.apache.tomcat.util.digester.Digester   :   bodyText=''
2019-05-11 11:06:13.867 DEBUG 8956 --- [kground-preinit] o.apache.tomcat.util.digester.Digester   :   Fire body() for ObjectCreateRule[className=org.apache.tomcat.util.modeler.ParameterInfo, attributeName=null]
2019-05-11 11:06:13.868 DEBUG 8956 --- [kground-preinit] o.apache.tomcat.util.digester.Digester   :   Fire body() for SetPropertiesRule[]
2019-05-11 11:06:13.868 DEBUG 8956 --- [kground-preinit] o.apache.tomcat.util.digester.Digester   :   Fire body() for SetNextRule[methodName=addParameter, paramType=org.apache.tomcat.util.modeler.ParameterInfo]
2019-05-11 11:06:13.868 DEBUG 8956 --- [kground-preinit] o.apache.tomcat.util.digester.Digester   :   Fire end() for SetNextRule[methodName=addParameter, paramType=org.apache.tomcat.util.modeler.ParameterInfo]
2019-05-11 11:06:13.868 DEBUG 8956 --- [kground-preinit] o.apache.tomcat.util.digester.Digester   : [SetNextRule]{mbeans-descriptors/mbean/operation/parameter} Call org.apache.tomcat.util.modeler.OperationInfo.addParameter(org.apache.tomcat.util.modeler.ParameterInfo@5ea9a69e)
2019-05-11 11:06:13.868 DEBUG 8956 --- [kground-preinit] o.apache.tomcat.util.IntrospectionUtils  : IntrospectionUtils: callMethod1 org.apache.tomcat.util.modeler.OperationInfo org.apache.tomcat.util.modeler.ParameterInfo org.apache.tomcat.util.modeler.ParameterInfo
2019-05-11 11:06:13.869 DEBUG 8956 --- [kground-preinit] o.apache.tomcat.util.digester.Digester   :   Fire end() for SetPropertiesRule[]
2019-05-11 11:06:13.869 DEBUG 8956 --- [kground-preinit] o.apache.tomcat.util.digester.Digester   :   Fire end() for ObjectCreateRule[className=org.apache.tomcat.util.modeler.ParameterInfo, attributeName=null]
2019-05-11 11:06:13.869 DEBUG 8956 --- [kground-preinit] o.apache.tomcat.util.digester.Digester   : [ObjectCreateRule]{mbeans-descriptors/mbean/operation/parameter} Pop org.apache.tomcat.util.modeler.ParameterInfo
2019-05-11 11:06:13.869 DEBUG 8956 --- [kground-preinit] o.a.tomcat.util.digester.Digester.sax    : characters(
    )
2019-05-11 11:06:13.869 DEBUG 8956 --- [kground-preinit] o.a.tomcat.util.digester.Digester.sax    : endElement(,,operation)
2019-05-11 11:06:13.869 DEBUG 8956 --- [kground-preinit] o.apache.tomcat.util.digester.Digester   :   match='mbeans-descriptors/mbean/operation'
2019-05-11 11:06:13.870 DEBUG 8956 --- [kground-preinit] o.apache.tomcat.util.digester.Digester   :   bodyText='
      
    '
2019-05-11 11:06:13.870 DEBUG 8956 --- [kground-preinit] o.apache.tomcat.util.digester.Digester   :   Fire body() for ObjectCreateRule[className=org.apache.tomcat.util.modeler.OperationInfo, attributeName=null]
2019-05-11 11:06:13.870 DEBUG 8956 --- [kground-preinit] o.apache.tomcat.util.digester.Digester   :   Fire body() for SetPropertiesRule[]
2019-05-11 11:06:13.870 DEBUG 8956 --- [kground-preinit] o.apache.tomcat.util.digester.Digester   :   Fire body() for SetNextRule[methodName=addOperation, paramType=org.apache.tomcat.util.modeler.OperationInfo]
2019-05-11 11:06:13.870 DEBUG 8956 --- [kground-preinit] o.apache.tomcat.util.digester.Digester   :   Fire end() for SetNextRule[methodName=addOperation, paramType=org.apache.tomcat.util.modeler.OperationInfo]
2019-05-11 11:06:13.871 DEBUG 8956 --- [kground-preinit] o.apache.tomcat.util.digester.Digester   : [SetNextRule]{mbeans-descriptors/mbean/operation} Call org.apache.tomcat.util.modeler.ManagedBean.addOperation(org.apache.tomcat.util.modeler.OperationInfo@685871fa)
2019-05-11 11:06:13.871 DEBUG 8956 --- [kground-preinit] o.apache.tomcat.util.IntrospectionUtils  : IntrospectionUtils: callMethod1 org.apache.tomcat.util.modeler.ManagedBean org.apache.tomcat.util.modeler.OperationInfo org.apache.tomcat.util.modeler.OperationInfo
2019-05-11 11:06:13.871 DEBUG 8956 --- [kground-preinit] o.apache.tomcat.util.digester.Digester   :   Fire end() for SetPropertiesRule[]
2019-05-11 11:06:13.871 DEBUG 8956 --- [kground-preinit] o.apache.tomcat.util.digester.Digester   :   Fire end() for ObjectCreateRule[className=org.apache.tomcat.util.modeler.OperationInfo, attributeName=null]
2019-05-11 11:06:13.871 DEBUG 8956 --- [kground-preinit] o.apache.tomcat.util.digester.Digester   : [ObjectCreateRule]{mbeans-descriptors/mbean/operation} Pop org.apache.tomcat.util.modeler.OperationInfo
2019-05-11 11:06:13.872 DEBUG 8956 --- [kground-preinit] o.a.tomcat.util.digester.Digester.sax    : characters(

    )
2019-05-11 11:06:13.872 DEBUG 8956 --- [kground-preinit] o.a.tomcat.util.digester.Digester.sax    : startElement(,,operation)
2019-05-11 11:06:13.872 DEBUG 8956 --- [kground-preinit] o.apache.tomcat.util.digester.Digester   :   New match='mbeans-descriptors/mbean/operation'
2019-05-11 11:06:13.872 DEBUG 8956 --- [kground-preinit] o.apache.tomcat.util.digester.Digester   :   Fire begin() for ObjectCreateRule[className=org.apache.tomcat.util.modeler.OperationInfo, attributeName=null]
2019-05-11 11:06:13.872 DEBUG 8956 --- [kground-preinit] o.apache.tomcat.util.digester.Digester   : [ObjectCreateRule]{mbeans-descriptors/mbean/operation}New org.apache.tomcat.util.modeler.OperationInfo
2019-05-11 11:06:13.873 DEBUG 8956 --- [kground-preinit] o.apache.tomcat.util.digester.Digester   :   Fire begin() for SetPropertiesRule[]
2019-05-11 11:06:13.875 DEBUG 8956 --- [kground-preinit] o.apache.tomcat.util.digester.Digester   : [SetPropertiesRule]{mbeans-descriptors/mbean/operation} Set org.apache.tomcat.util.modeler.OperationInfo properties
2019-05-11 11:06:13.875 DEBUG 8956 --- [kground-preinit] o.apache.tomcat.util.digester.Digester   : [SetPropertiesRule]{mbeans-descriptors/mbean/operation} Setting property 'name' to 'findSecurityRoles'
2019-05-11 11:06:13.875 DEBUG 8956 --- [kground-preinit] o.apache.tomcat.util.IntrospectionUtils  : IntrospectionUtils: setProperty(class org.apache.tomcat.util.modeler.OperationInfo name=findSecurityRoles)
2019-05-11 11:06:13.875 DEBUG 8956 --- [kground-preinit] o.apache.tomcat.util.digester.Digester   : [SetPropertiesRule]{mbeans-descriptors/mbean/operation} Setting property 'description' to 'Return the security roles defined for this application.'
2019-05-11 11:06:13.876 DEBUG 8956 --- [kground-preinit] o.apache.tomcat.util.IntrospectionUtils  : IntrospectionUtils: setProperty(class org.apache.tomcat.util.modeler.OperationInfo description=Return the security roles defined for this application.)
2019-05-11 11:06:13.876 DEBUG 8956 --- [kground-preinit] o.apache.tomcat.util.digester.Digester   : [SetPropertiesRule]{mbeans-descriptors/mbean/operation} Setting property 'impact' to 'ACTION'
2019-05-11 11:06:13.876 DEBUG 8956 --- [kground-preinit] o.apache.tomcat.util.IntrospectionUtils  : IntrospectionUtils: setProperty(class org.apache.tomcat.util.modeler.OperationInfo impact=ACTION)
2019-05-11 11:06:13.876 DEBUG 8956 --- [kground-preinit] o.apache.tomcat.util.digester.Digester   : [SetPropertiesRule]{mbeans-descriptors/mbean/operation} Setting property 'returnType' to '[Ljava.lang.String;'
2019-05-11 11:06:13.878 DEBUG 8956 --- [kground-preinit] o.apache.tomcat.util.IntrospectionUtils  : IntrospectionUtils: setProperty(class org.apache.tomcat.util.modeler.OperationInfo returnType=[Ljava.lang.String;)
2019-05-11 11:06:13.878 DEBUG 8956 --- [kground-preinit] o.apache.tomcat.util.digester.Digester   :   Fire begin() for SetNextRule[methodName=addOperation, paramType=org.apache.tomcat.util.modeler.OperationInfo]
2019-05-11 11:06:13.878 DEBUG 8956 --- [kground-preinit] o.a.tomcat.util.digester.Digester.sax    : characters(
    )
2019-05-11 11:06:13.878 DEBUG 8956 --- [kground-preinit] o.a.tomcat.util.digester.Digester.sax    : endElement(,,operation)
2019-05-11 11:06:13.878 DEBUG 8956 --- [kground-preinit] o.apache.tomcat.util.digester.Digester   :   match='mbeans-descriptors/mbean/operation'
2019-05-11 11:06:13.878 DEBUG 8956 --- [kground-preinit] o.apache.tomcat.util.digester.Digester   :   bodyText='
    '
2019-05-11 11:06:13.879 DEBUG 8956 --- [kground-preinit] o.apache.tomcat.util.digester.Digester   :   Fire body() for ObjectCreateRule[className=org.apache.tomcat.util.modeler.OperationInfo, attributeName=null]
2019-05-11 11:06:13.879 DEBUG 8956 --- [kground-preinit] o.apache.tomcat.util.digester.Digester   :   Fire body() for SetPropertiesRule[]
2019-05-11 11:06:13.879 DEBUG 8956 --- [kground-preinit] o.apache.tomcat.util.digester.Digester   :   Fire body() for SetNextRule[methodName=addOperation, paramType=org.apache.tomcat.util.modeler.OperationInfo]
2019-05-11 11:06:13.879 DEBUG 8956 --- [kground-preinit] o.apache.tomcat.util.digester.Digester   :   Fire end() for SetNextRule[methodName=addOperation, paramType=org.apache.tomcat.util.modeler.OperationInfo]
2019-05-11 11:06:13.879 DEBUG 8956 --- [kground-preinit] o.apache.tomcat.util.digester.Digester   : [SetNextRule]{mbeans-descriptors/mbean/operation} Call org.apache.tomcat.util.modeler.ManagedBean.addOperation(org.apache.tomcat.util.modeler.OperationInfo@57b59183)
2019-05-11 11:06:13.879 DEBUG 8956 --- [kground-preinit] o.apache.tomcat.util.IntrospectionUtils  : IntrospectionUtils: callMethod1 org.apache.tomcat.util.modeler.ManagedBean org.apache.tomcat.util.modeler.OperationInfo org.apache.tomcat.util.modeler.OperationInfo
2019-05-11 11:06:13.880 DEBUG 8956 --- [kground-preinit] o.apache.tomcat.util.digester.Digester   :   Fire end() for SetPropertiesRule[]
2019-05-11 11:06:13.880 DEBUG 8956 --- [kground-preinit] o.apache.tomcat.util.digester.Digester   :   Fire end() for ObjectCreateRule[className=org.apache.tomcat.util.modeler.OperationInfo, attributeName=null]
2019-05-11 11:06:13.880 DEBUG 8956 --- [kground-preinit] o.apache.tomcat.util.digester.Digester   : [ObjectCreateRule]{mbeans-descriptors/mbean/operation} Pop org.apache.tomcat.util.modeler.OperationInfo
2019-05-11 11:06:13.880 DEBUG 8956 --- [kground-preinit] o.a.tomcat.util.digester.Digester.sax    : characters(

    )
2019-05-11 11:06:13.881 DEBUG 8956 --- [kground-preinit] o.a.tomcat.util.digester.Digester.sax    : startElement(,,operation)
2019-05-11 11:06:13.881 DEBUG 8956 --- [kground-preinit] o.apache.tomcat.util.digester.Digester   :   New match='mbeans-descriptors/mbean/operation'
2019-05-11 11:06:13.881 DEBUG 8956 --- [kground-preinit] o.apache.tomcat.util.digester.Digester   :   Fire begin() for ObjectCreateRule[className=org.apache.tomcat.util.modeler.OperationInfo, attributeName=null]
2019-05-11 11:06:13.881 DEBUG 8956 --- [kground-preinit] o.apache.tomcat.util.digester.Digester   : [ObjectCreateRule]{mbeans-descriptors/mbean/operation}New org.apache.tomcat.util.modeler.OperationInfo
2019-05-11 11:06:13.881 DEBUG 8956 --- [kground-preinit] o.apache.tomcat.util.digester.Digester   :   Fire begin() for SetPropertiesRule[]
2019-05-11 11:06:13.881 DEBUG 8956 --- [kground-preinit] o.apache.tomcat.util.digester.Digester   : [SetPropertiesRule]{mbeans-descriptors/mbean/operation} Set org.apache.tomcat.util.modeler.OperationInfo properties
2019-05-11 11:06:13.882 DEBUG 8956 --- [kground-preinit] o.apache.tomcat.util.digester.Digester   : [SetPropertiesRule]{mbeans-descriptors/mbean/operation} Setting property 'name' to 'findServletMapping'
2019-05-11 11:06:13.882 DEBUG 8956 --- [kground-preinit] o.apache.tomcat.util.IntrospectionUtils  : IntrospectionUtils: setProperty(class org.apache.tomcat.util.modeler.OperationInfo name=findServletMapping)
2019-05-11 11:06:13.882 DEBUG 8956 --- [kground-preinit] o.apache.tomcat.util.digester.Digester   : [SetPropertiesRule]{mbeans-descriptors/mbean/operation} Setting property 'description' to 'Return the servlet name mapped by the specified pattern..'
2019-05-11 11:06:13.882 DEBUG 8956 --- [kground-preinit] o.apache.tomcat.util.IntrospectionUtils  : IntrospectionUtils: setProperty(class org.apache.tomcat.util.modeler.OperationInfo description=Return the servlet name mapped by the specified pattern..)
2019-05-11 11:06:13.883 DEBUG 8956 --- [kground-preinit] o.apache.tomcat.util.digester.Digester   : [SetPropertiesRule]{mbeans-descriptors/mbean/operation} Setting property 'impact' to 'ACTION'
2019-05-11 11:06:13.883 DEBUG 8956 --- [kground-preinit] o.apache.tomcat.util.IntrospectionUtils  : IntrospectionUtils: setProperty(class org.apache.tomcat.util.modeler.OperationInfo impact=ACTION)
2019-05-11 11:06:13.883 DEBUG 8956 --- [kground-preinit] o.apache.tomcat.util.digester.Digester   : [SetPropertiesRule]{mbeans-descriptors/mbean/operation} Setting property 'returnType' to 'java.lang.String'
2019-05-11 11:06:13.883 DEBUG 8956 --- [kground-preinit] o.apache.tomcat.util.IntrospectionUtils  : IntrospectionUtils: setProperty(class org.apache.tomcat.util.modeler.OperationInfo returnType=java.lang.String)
2019-05-11 11:06:13.883 DEBUG 8956 --- [kground-preinit] o.apache.tomcat.util.digester.Digester   :   Fire begin() for SetNextRule[methodName=addOperation, paramType=org.apache.tomcat.util.modeler.OperationInfo]
2019-05-11 11:06:13.884 DEBUG 8956 --- [kground-preinit] o.a.tomcat.util.digester.Digester.sax    : characters(
      )
2019-05-11 11:06:13.884 DEBUG 8956 --- [kground-preinit] o.a.tomcat.util.digester.Digester.sax    : startElement(,,parameter)
2019-05-11 11:06:13.884 DEBUG 8956 --- [kground-preinit] o.apache.tomcat.util.digester.Digester   :   New match='mbeans-descriptors/mbean/operation/parameter'
2019-05-11 11:06:13.884 DEBUG 8956 --- [kground-preinit] o.apache.tomcat.util.digester.Digester   :   Fire begin() for ObjectCreateRule[className=org.apache.tomcat.util.modeler.ParameterInfo, attributeName=null]
2019-05-11 11:06:13.884 DEBUG 8956 --- [kground-preinit] o.apache.tomcat.util.digester.Digester   : [ObjectCreateRule]{mbeans-descriptors/mbean/operation/parameter}New org.apache.tomcat.util.modeler.ParameterInfo
2019-05-11 11:06:13.884 DEBUG 8956 --- [kground-preinit] o.apache.tomcat.util.digester.Digester   :   Fire begin() for SetPropertiesRule[]
2019-05-11 11:06:13.885 DEBUG 8956 --- [kground-preinit] o.apache.tomcat.util.digester.Digester   : [SetPropertiesRule]{mbeans-descriptors/mbean/operation/parameter} Set org.apache.tomcat.util.modeler.ParameterInfo properties
2019-05-11 11:06:13.885 DEBUG 8956 --- [kground-preinit] o.apache.tomcat.util.digester.Digester   : [SetPropertiesRule]{mbeans-descriptors/mbean/operation/parameter} Setting property 'name' to 'pattern'
2019-05-11 11:06:13.885 DEBUG 8956 --- [kground-preinit] o.apache.tomcat.util.IntrospectionUtils  : IntrospectionUtils: setProperty(class org.apache.tomcat.util.modeler.ParameterInfo name=pattern)
2019-05-11 11:06:13.885 DEBUG 8956 --- [kground-preinit] o.apache.tomcat.util.digester.Digester   : [SetPropertiesRule]{mbeans-descriptors/mbean/operation/parameter} Setting property 'description' to 'Pattern for which a mapping is requested'
2019-05-11 11:06:13.885 DEBUG 8956 --- [kground-preinit] o.apache.tomcat.util.IntrospectionUtils  : IntrospectionUtils: setProperty(class org.apache.tomcat.util.modeler.ParameterInfo description=Pattern for which a mapping is requested)
2019-05-11 11:06:13.886 DEBUG 8956 --- [kground-preinit] o.apache.tomcat.util.digester.Digester   : [SetPropertiesRule]{mbeans-descriptors/mbean/operation/parameter} Setting property 'type' to 'java.lang.String'
2019-05-11 11:06:13.886 DEBUG 8956 --- [kground-preinit] o.apache.tomcat.util.IntrospectionUtils  : IntrospectionUtils: setProperty(class org.apache.tomcat.util.modeler.ParameterInfo type=java.lang.String)
2019-05-11 11:06:13.886 DEBUG 8956 --- [kground-preinit] o.apache.tomcat.util.digester.Digester   :   Fire begin() for SetNextRule[methodName=addParameter, paramType=org.apache.tomcat.util.modeler.ParameterInfo]
2019-05-11 11:06:13.886 DEBUG 8956 --- [kground-preinit] o.a.tomcat.util.digester.Digester.sax    : endElement(,,parameter)
2019-05-11 11:06:13.886 DEBUG 8956 --- [kground-preinit] o.apache.tomcat.util.digester.Digester   :   match='mbeans-descriptors/mbean/operation/parameter'
2019-05-11 11:06:13.887 DEBUG 8956 --- [kground-preinit] o.apache.tomcat.util.digester.Digester   :   bodyText=''
2019-05-11 11:06:13.887 DEBUG 8956 --- [kground-preinit] o.apache.tomcat.util.digester.Digester   :   Fire body() for ObjectCreateRule[className=org.apache.tomcat.util.modeler.ParameterInfo, attributeName=null]
2019-05-11 11:06:13.887 DEBUG 8956 --- [kground-preinit] o.apache.tomcat.util.digester.Digester   :   Fire body() for SetPropertiesRule[]
2019-05-11 11:06:13.887 DEBUG 8956 --- [kground-preinit] o.apache.tomcat.util.digester.Digester   :   Fire body() for SetNextRule[methodName=addParameter, paramType=org.apache.tomcat.util.modeler.ParameterInfo]
2019-05-11 11:06:13.887 DEBUG 8956 --- [kground-preinit] o.apache.tomcat.util.digester.Digester   :   Fire end() for SetNextRule[methodName=addParameter, paramType=org.apache.tomcat.util.modeler.ParameterInfo]
2019-05-11 11:06:13.888 DEBUG 8956 --- [kground-preinit] o.apache.tomcat.util.digester.Digester   : [SetNextRule]{mbeans-descriptors/mbean/operation/parameter} Call org.apache.tomcat.util.modeler.OperationInfo.addParameter(org.apache.tomcat.util.modeler.ParameterInfo@33115559)
2019-05-11 11:06:13.888 DEBUG 8956 --- [kground-preinit] o.apache.tomcat.util.IntrospectionUtils  : IntrospectionUtils: callMethod1 org.apache.tomcat.util.modeler.OperationInfo org.apache.tomcat.util.modeler.ParameterInfo org.apache.tomcat.util.modeler.ParameterInfo
2019-05-11 11:06:13.888 DEBUG 8956 --- [kground-preinit] o.apache.tomcat.util.digester.Digester   :   Fire end() for SetPropertiesRule[]
2019-05-11 11:06:13.888 DEBUG 8956 --- [kground-preinit] o.apache.tomcat.util.digester.Digester   :   Fire end() for ObjectCreateRule[className=org.apache.tomcat.util.modeler.ParameterInfo, attributeName=null]
2019-05-11 11:06:13.888 DEBUG 8956 --- [kground-preinit] o.apache.tomcat.util.digester.Digester   : [ObjectCreateRule]{mbeans-descriptors/mbean/operation/parameter} Pop org.apache.tomcat.util.modeler.ParameterInfo
2019-05-11 11:06:13.888 DEBUG 8956 --- [kground-preinit] o.a.tomcat.util.digester.Digester.sax    : characters(
    )
2019-05-11 11:06:13.889 DEBUG 8956 --- [kground-preinit] o.a.tomcat.util.digester.Digester.sax    : endElement(,,operation)
2019-05-11 11:06:13.889 DEBUG 8956 --- [kground-preinit] o.apache.tomcat.util.digester.Digester   :   match='mbeans-descriptors/mbean/operation'
2019-05-11 11:06:13.889 DEBUG 8956 --- [kground-preinit] o.apache.tomcat.util.digester.Digester   :   bodyText='
      
    '
2019-05-11 11:06:13.889 DEBUG 8956 --- [kground-preinit] o.apache.tomcat.util.digester.Digester   :   Fire body() for ObjectCreateRule[className=org.apache.tomcat.util.modeler.OperationInfo, attributeName=null]
2019-05-11 11:06:13.889 DEBUG 8956 --- [kground-preinit] o.apache.tomcat.util.digester.Digester   :   Fire body() for SetPropertiesRule[]
2019-05-11 11:06:13.890 DEBUG 8956 --- [kground-preinit] o.apache.tomcat.util.digester.Digester   :   Fire body() for SetNextRule[methodName=addOperation, paramType=org.apache.tomcat.util.modeler.OperationInfo]
2019-05-11 11:06:13.890 DEBUG 8956 --- [kground-preinit] o.apache.tomcat.util.digester.Digester   :   Fire end() for SetNextRule[methodName=addOperation, paramType=org.apache.tomcat.util.modeler.OperationInfo]
2019-05-11 11:06:13.890 DEBUG 8956 --- [kground-preinit] o.apache.tomcat.util.digester.Digester   : [SetNextRule]{mbeans-descriptors/mbean/operation} Call org.apache.tomcat.util.modeler.ManagedBean.addOperation(org.apache.tomcat.util.modeler.OperationInfo@209f98f3)
2019-05-11 11:06:13.890 DEBUG 8956 --- [kground-preinit] o.apache.tomcat.util.IntrospectionUtils  : IntrospectionUtils: callMethod1 org.apache.tomcat.util.modeler.ManagedBean org.apache.tomcat.util.modeler.OperationInfo org.apache.tomcat.util.modeler.OperationInfo
2019-05-11 11:06:13.890 DEBUG 8956 --- [kground-preinit] o.apache.tomcat.util.digester.Digester   :   Fire end() for SetPropertiesRule[]
2019-05-11 11:06:13.891 DEBUG 8956 --- [kground-preinit] o.apache.tomcat.util.digester.Digester   :   Fire end() for ObjectCreateRule[className=org.apache.tomcat.util.modeler.OperationInfo, attributeName=null]
2019-05-11 11:06:13.892 DEBUG 8956 --- [kground-preinit] o.apache.tomcat.util.digester.Digester   : [ObjectCreateRule]{mbeans-descriptors/mbean/operation} Pop org.apache.tomcat.util.modeler.OperationInfo
2019-05-11 11:06:13.892 DEBUG 8956 --- [kground-preinit] o.a.tomcat.util.digester.Digester.sax    : characters(

    )
2019-05-11 11:06:13.893 DEBUG 8956 --- [kground-preinit] o.a.tomcat.util.digester.Digester.sax    : startElement(,,operation)
2019-05-11 11:06:13.893 DEBUG 8956 --- [kground-preinit] o.apache.tomcat.util.digester.Digester   :   New match='mbeans-descriptors/mbean/operation'
2019-05-11 11:06:13.893 DEBUG 8956 --- [kground-preinit] o.apache.tomcat.util.digester.Digester   :   Fire begin() for ObjectCreateRule[className=org.apache.tomcat.util.modeler.OperationInfo, attributeName=null]
2019-05-11 11:06:13.893 DEBUG 8956 --- [kground-preinit] o.apache.tomcat.util.digester.Digester   : [ObjectCreateRule]{mbeans-descriptors/mbean/operation}New org.apache.tomcat.util.modeler.OperationInfo
2019-05-11 11:06:13.894 DEBUG 8956 --- [kground-preinit] o.apache.tomcat.util.digester.Digester   :   Fire begin() for SetPropertiesRule[]
2019-05-11 11:06:13.894 DEBUG 8956 --- [kground-preinit] o.apache.tomcat.util.digester.Digester   : [SetPropertiesRule]{mbeans-descriptors/mbean/operation} Set org.apache.tomcat.util.modeler.OperationInfo properties
2019-05-11 11:06:13.894 DEBUG 8956 --- [kground-preinit] o.apache.tomcat.util.digester.Digester   : [SetPropertiesRule]{mbeans-descriptors/mbean/operation} Setting property 'name' to 'findServletMappings'
2019-05-11 11:06:13.894 DEBUG 8956 --- [kground-preinit] o.apache.tomcat.util.IntrospectionUtils  : IntrospectionUtils: setProperty(class org.apache.tomcat.util.modeler.OperationInfo name=findServletMappings)
2019-05-11 11:06:13.894 DEBUG 8956 --- [kground-preinit] o.apache.tomcat.util.digester.Digester   : [SetPropertiesRule]{mbeans-descriptors/mbean/operation} Setting property 'description' to 'Return the patterns of all defined servlet mappings for this Context.'
2019-05-11 11:06:13.894 DEBUG 8956 --- [kground-preinit] o.apache.tomcat.util.IntrospectionUtils  : IntrospectionUtils: setProperty(class org.apache.tomcat.util.modeler.OperationInfo description=Return the patterns of all defined servlet mappings for this Context.)
2019-05-11 11:06:13.895 DEBUG 8956 --- [kground-preinit] o.apache.tomcat.util.digester.Digester   : [SetPropertiesRule]{mbeans-descriptors/mbean/operation} Setting property 'impact' to 'ACTION'
2019-05-11 11:06:13.895 DEBUG 8956 --- [kground-preinit] o.apache.tomcat.util.IntrospectionUtils  : IntrospectionUtils: setProperty(class org.apache.tomcat.util.modeler.OperationInfo impact=ACTION)
2019-05-11 11:06:13.895 DEBUG 8956 --- [kground-preinit] o.apache.tomcat.util.digester.Digester   : [SetPropertiesRule]{mbeans-descriptors/mbean/operation} Setting property 'returnType' to '[Ljava.lang.String;'
2019-05-11 11:06:13.895 DEBUG 8956 --- [kground-preinit] o.apache.tomcat.util.IntrospectionUtils  : IntrospectionUtils: setProperty(class org.apache.tomcat.util.modeler.OperationInfo returnType=[Ljava.lang.String;)
2019-05-11 11:06:13.895 DEBUG 8956 --- [kground-preinit] o.apache.tomcat.util.digester.Digester   :   Fire begin() for SetNextRule[methodName=addOperation, paramType=org.apache.tomcat.util.modeler.OperationInfo]
2019-05-11 11:06:13.895 DEBUG 8956 --- [kground-preinit] o.a.tomcat.util.digester.Digester.sax    : characters(
    )
2019-05-11 11:06:13.896 DEBUG 8956 --- [kground-preinit] o.a.tomcat.util.digester.Digester.sax    : endElement(,,operation)
2019-05-11 11:06:13.896 DEBUG 8956 --- [kground-preinit] o.apache.tomcat.util.digester.Digester   :   match='mbeans-descriptors/mbean/operation'
2019-05-11 11:06:13.896 DEBUG 8956 --- [kground-preinit] o.apache.tomcat.util.digester.Digester   :   bodyText='
    '
2019-05-11 11:06:13.896 DEBUG 8956 --- [kground-preinit] o.apache.tomcat.util.digester.Digester   :   Fire body() for ObjectCreateRule[className=org.apache.tomcat.util.modeler.OperationInfo, attributeName=null]
2019-05-11 11:06:13.896 DEBUG 8956 --- [kground-preinit] o.apache.tomcat.util.digester.Digester   :   Fire body() for SetPropertiesRule[]
2019-05-11 11:06:13.896 DEBUG 8956 --- [kground-preinit] o.apache.tomcat.util.digester.Digester   :   Fire body() for SetNextRule[methodName=addOperation, paramType=org.apache.tomcat.util.modeler.OperationInfo]
2019-05-11 11:06:13.896 DEBUG 8956 --- [kground-preinit] o.apache.tomcat.util.digester.Digester   :   Fire end() for SetNextRule[methodName=addOperation, paramType=org.apache.tomcat.util.modeler.OperationInfo]
2019-05-11 11:06:13.897 DEBUG 8956 --- [kground-preinit] o.apache.tomcat.util.digester.Digester   : [SetNextRule]{mbeans-descriptors/mbean/operation} Call org.apache.tomcat.util.modeler.ManagedBean.addOperation(org.apache.tomcat.util.modeler.OperationInfo@b63eabb)
2019-05-11 11:06:13.897 DEBUG 8956 --- [kground-preinit] o.apache.tomcat.util.IntrospectionUtils  : IntrospectionUtils: callMethod1 org.apache.tomcat.util.modeler.ManagedBean org.apache.tomcat.util.modeler.OperationInfo org.apache.tomcat.util.modeler.OperationInfo
2019-05-11 11:06:13.897 DEBUG 8956 --- [kground-preinit] o.apache.tomcat.util.digester.Digester   :   Fire end() for SetPropertiesRule[]
2019-05-11 11:06:13.897 DEBUG 8956 --- [kground-preinit] o.apache.tomcat.util.digester.Digester   :   Fire end() for ObjectCreateRule[className=org.apache.tomcat.util.modeler.OperationInfo, attributeName=null]
2019-05-11 11:06:13.897 DEBUG 8956 --- [kground-preinit] o.apache.tomcat.util.digester.Digester   : [ObjectCreateRule]{mbeans-descriptors/mbean/operation} Pop org.apache.tomcat.util.modeler.OperationInfo
2019-05-11 11:06:13.898 DEBUG 8956 --- [kground-preinit] o.a.tomcat.util.digester.Digester.sax    : characters(

    )
2019-05-11 11:06:13.898 DEBUG 8956 --- [kground-preinit] o.a.tomcat.util.digester.Digester.sax    : startElement(,,operation)
2019-05-11 11:06:13.898 DEBUG 8956 --- [kground-preinit] o.apache.tomcat.util.digester.Digester   :   New match='mbeans-descriptors/mbean/operation'
2019-05-11 11:06:13.898 DEBUG 8956 --- [kground-preinit] o.apache.tomcat.util.digester.Digester   :   Fire begin() for ObjectCreateRule[className=org.apache.tomcat.util.modeler.OperationInfo, attributeName=null]
2019-05-11 11:06:13.898 DEBUG 8956 --- [kground-preinit] o.apache.tomcat.util.digester.Digester   : [ObjectCreateRule]{mbeans-descriptors/mbean/operation}New org.apache.tomcat.util.modeler.OperationInfo
2019-05-11 11:06:13.898 DEBUG 8956 --- [kground-preinit] o.apache.tomcat.util.digester.Digester   :   Fire begin() for SetPropertiesRule[]
2019-05-11 11:06:13.899 DEBUG 8956 --- [kground-preinit] o.apache.tomcat.util.digester.Digester   : [SetPropertiesRule]{mbeans-descriptors/mbean/operation} Set org.apache.tomcat.util.modeler.OperationInfo properties
2019-05-11 11:06:13.899 DEBUG 8956 --- [kground-preinit] o.apache.tomcat.util.digester.Digester   : [SetPropertiesRule]{mbeans-descriptors/mbean/operation} Setting property 'name' to 'findStatusPage'
2019-05-11 11:06:13.899 DEBUG 8956 --- [kground-preinit] o.apache.tomcat.util.IntrospectionUtils  : IntrospectionUtils: setProperty(class org.apache.tomcat.util.modeler.OperationInfo name=findStatusPage)
2019-05-11 11:06:13.900 DEBUG 8956 --- [kground-preinit] o.apache.tomcat.util.digester.Digester   : [SetPropertiesRule]{mbeans-descriptors/mbean/operation} Setting property 'description' to 'Return the context-relative URI of the error page for the specified HTTP status code.'
2019-05-11 11:06:13.900 DEBUG 8956 --- [kground-preinit] o.apache.tomcat.util.IntrospectionUtils  : IntrospectionUtils: setProperty(class org.apache.tomcat.util.modeler.OperationInfo description=Return the context-relative URI of the error page for the specified HTTP status code.)
2019-05-11 11:06:13.900 DEBUG 8956 --- [kground-preinit] o.apache.tomcat.util.digester.Digester   : [SetPropertiesRule]{mbeans-descriptors/mbean/operation} Setting property 'impact' to 'ACTION'
2019-05-11 11:06:13.900 DEBUG 8956 --- [kground-preinit] o.apache.tomcat.util.IntrospectionUtils  : IntrospectionUtils: setProperty(class org.apache.tomcat.util.modeler.OperationInfo impact=ACTION)
2019-05-11 11:06:13.900 DEBUG 8956 --- [kground-preinit] o.apache.tomcat.util.digester.Digester   : [SetPropertiesRule]{mbeans-descriptors/mbean/operation} Setting property 'returnType' to 'java.lang.String'
2019-05-11 11:06:13.901 DEBUG 8956 --- [kground-preinit] o.apache.tomcat.util.IntrospectionUtils  : IntrospectionUtils: setProperty(class org.apache.tomcat.util.modeler.OperationInfo returnType=java.lang.String)
2019-05-11 11:06:13.901 DEBUG 8956 --- [kground-preinit] o.apache.tomcat.util.digester.Digester   :   Fire begin() for SetNextRule[methodName=addOperation, paramType=org.apache.tomcat.util.modeler.OperationInfo]
2019-05-11 11:06:13.901 DEBUG 8956 --- [kground-preinit] o.a.tomcat.util.digester.Digester.sax    : characters(
      )
2019-05-11 11:06:13.901 DEBUG 8956 --- [kground-preinit] o.a.tomcat.util.digester.Digester.sax    : startElement(,,parameter)
2019-05-11 11:06:13.901 DEBUG 8956 --- [kground-preinit] o.apache.tomcat.util.digester.Digester   :   New match='mbeans-descriptors/mbean/operation/parameter'
2019-05-11 11:06:13.901 DEBUG 8956 --- [kground-preinit] o.apache.tomcat.util.digester.Digester   :   Fire begin() for ObjectCreateRule[className=org.apache.tomcat.util.modeler.ParameterInfo, attributeName=null]
2019-05-11 11:06:13.902 DEBUG 8956 --- [kground-preinit] o.apache.tomcat.util.digester.Digester   : [ObjectCreateRule]{mbeans-descriptors/mbean/operation/parameter}New org.apache.tomcat.util.modeler.ParameterInfo
2019-05-11 11:06:13.902 DEBUG 8956 --- [kground-preinit] o.apache.tomcat.util.digester.Digester   :   Fire begin() for SetPropertiesRule[]
2019-05-11 11:06:13.902 DEBUG 8956 --- [kground-preinit] o.apache.tomcat.util.digester.Digester   : [SetPropertiesRule]{mbeans-descriptors/mbean/operation/parameter} Set org.apache.tomcat.util.modeler.ParameterInfo properties
2019-05-11 11:06:13.902 DEBUG 8956 --- [kground-preinit] o.apache.tomcat.util.digester.Digester   : [SetPropertiesRule]{mbeans-descriptors/mbean/operation/parameter} Setting property 'name' to 'status'
2019-05-11 11:06:13.902 DEBUG 8956 --- [kground-preinit] o.apache.tomcat.util.IntrospectionUtils  : IntrospectionUtils: setProperty(class org.apache.tomcat.util.modeler.ParameterInfo name=status)
2019-05-11 11:06:13.902 DEBUG 8956 --- [kground-preinit] o.apache.tomcat.util.digester.Digester   : [SetPropertiesRule]{mbeans-descriptors/mbean/operation/parameter} Setting property 'description' to 'HTTP status code to look up'
2019-05-11 11:06:13.903 DEBUG 8956 --- [kground-preinit] o.apache.tomcat.util.IntrospectionUtils  : IntrospectionUtils: setProperty(class org.apache.tomcat.util.modeler.ParameterInfo description=HTTP status code to look up)
2019-05-11 11:06:13.903 DEBUG 8956 --- [kground-preinit] o.apache.tomcat.util.digester.Digester   : [SetPropertiesRule]{mbeans-descriptors/mbean/operation/parameter} Setting property 'type' to 'int'
2019-05-11 11:06:13.903 DEBUG 8956 --- [kground-preinit] o.apache.tomcat.util.IntrospectionUtils  : IntrospectionUtils: setProperty(class org.apache.tomcat.util.modeler.ParameterInfo type=int)
2019-05-11 11:06:13.903 DEBUG 8956 --- [kground-preinit] o.apache.tomcat.util.digester.Digester   :   Fire begin() for SetNextRule[methodName=addParameter, paramType=org.apache.tomcat.util.modeler.ParameterInfo]
2019-05-11 11:06:13.917 DEBUG 8956 --- [           main] o.s.b.f.s.DefaultListableBeanFactory     : Returning cached instance of singleton bean 'autoConfigurationReport'
2019-05-11 11:06:13.923 DEBUG 8956 --- [           main] a.ConfigurationClassBeanDefinitionReader : Registering bean definition for @Bean method org.springframework.boot.autoconfigure.web.WebMvcAutoConfiguration$WebMvcAutoConfigurationAdapter.defaultViewResolver()
2019-05-11 11:06:13.923 DEBUG 8956 --- [           main] o.s.b.f.s.DefaultListableBeanFactory     : Returning cached instance of singleton bean 'org.springframework.boot.autoconfigure.condition.BeanTypeRegistry'
2019-05-11 11:06:13.926 DEBUG 8956 --- [kground-preinit] o.a.tomcat.util.digester.Digester.sax    : endElement(,,parameter)
2019-05-11 11:06:13.926 DEBUG 8956 --- [kground-preinit] o.apache.tomcat.util.digester.Digester   :   match='mbeans-descriptors/mbean/operation/parameter'
2019-05-11 11:06:13.927 DEBUG 8956 --- [kground-preinit] o.apache.tomcat.util.digester.Digester   :   bodyText=''
2019-05-11 11:06:13.927 DEBUG 8956 --- [kground-preinit] o.apache.tomcat.util.digester.Digester   :   Fire body() for ObjectCreateRule[className=org.apache.tomcat.util.modeler.ParameterInfo, attributeName=null]
2019-05-11 11:06:13.927 DEBUG 8956 --- [kground-preinit] o.apache.tomcat.util.digester.Digester   :   Fire body() for SetPropertiesRule[]
2019-05-11 11:06:13.928 DEBUG 8956 --- [kground-preinit] o.apache.tomcat.util.digester.Digester   :   Fire body() for SetNextRule[methodName=addParameter, paramType=org.apache.tomcat.util.modeler.ParameterInfo]
2019-05-11 11:06:13.928 DEBUG 8956 --- [kground-preinit] o.apache.tomcat.util.digester.Digester   :   Fire end() for SetNextRule[methodName=addParameter, paramType=org.apache.tomcat.util.modeler.ParameterInfo]
2019-05-11 11:06:13.928 DEBUG 8956 --- [kground-preinit] o.apache.tomcat.util.digester.Digester   : [SetNextRule]{mbeans-descriptors/mbean/operation/parameter} Call org.apache.tomcat.util.modeler.OperationInfo.addParameter(org.apache.tomcat.util.modeler.ParameterInfo@70a15bdd)
2019-05-11 11:06:13.929 DEBUG 8956 --- [kground-preinit] o.apache.tomcat.util.IntrospectionUtils  : IntrospectionUtils: callMethod1 org.apache.tomcat.util.modeler.OperationInfo org.apache.tomcat.util.modeler.ParameterInfo org.apache.tomcat.util.modeler.ParameterInfo
2019-05-11 11:06:13.929 DEBUG 8956 --- [kground-preinit] o.apache.tomcat.util.digester.Digester   :   Fire end() for SetPropertiesRule[]
2019-05-11 11:06:13.929 DEBUG 8956 --- [kground-preinit] o.apache.tomcat.util.digester.Digester   :   Fire end() for ObjectCreateRule[className=org.apache.tomcat.util.modeler.ParameterInfo, attributeName=null]
2019-05-11 11:06:13.930 DEBUG 8956 --- [kground-preinit] o.apache.tomcat.util.digester.Digester   : [ObjectCreateRule]{mbeans-descriptors/mbean/operation/parameter} Pop org.apache.tomcat.util.modeler.ParameterInfo
2019-05-11 11:06:13.930 DEBUG 8956 --- [kground-preinit] o.a.tomcat.util.digester.Digester.sax    : characters(
    )
2019-05-11 11:06:13.930 DEBUG 8956 --- [kground-preinit] o.a.tomcat.util.digester.Digester.sax    : endElement(,,operation)
2019-05-11 11:06:13.931 DEBUG 8956 --- [kground-preinit] o.apache.tomcat.util.digester.Digester   :   match='mbeans-descriptors/mbean/operation'
2019-05-11 11:06:13.931 DEBUG 8956 --- [kground-preinit] o.apache.tomcat.util.digester.Digester   :   bodyText='
      
    '
2019-05-11 11:06:13.931 DEBUG 8956 --- [           main] o.s.b.f.s.DefaultListableBeanFactory     : Returning cached instance of singleton bean 'org.springframework.boot.autoconfigure.condition.BeanTypeRegistry'
2019-05-11 11:06:13.932 DEBUG 8956 --- [           main] o.s.b.f.s.DefaultListableBeanFactory     : Returning cached instance of singleton bean 'autoConfigurationReport'
2019-05-11 11:06:13.932 DEBUG 8956 --- [           main] o.s.b.f.s.DefaultListableBeanFactory     : Returning cached instance of singleton bean 'org.springframework.boot.autoconfigure.condition.BeanTypeRegistry'
2019-05-11 11:06:13.933 DEBUG 8956 --- [           main] o.s.b.f.s.DefaultListableBeanFactory     : Returning cached instance of singleton bean 'org.springframework.boot.autoconfigure.condition.BeanTypeRegistry'
2019-05-11 11:06:13.933 DEBUG 8956 --- [           main] o.s.b.f.s.DefaultListableBeanFactory     : Returning cached instance of singleton bean 'autoConfigurationReport'
2019-05-11 11:06:13.933 DEBUG 8956 --- [kground-preinit] o.apache.tomcat.util.digester.Digester   :   Fire body() for ObjectCreateRule[className=org.apache.tomcat.util.modeler.OperationInfo, attributeName=null]
2019-05-11 11:06:13.933 DEBUG 8956 --- [           main] o.s.b.f.s.DefaultListableBeanFactory     : Returning cached instance of singleton bean 'org.springframework.boot.autoconfigure.condition.BeanTypeRegistry'
2019-05-11 11:06:13.934 DEBUG 8956 --- [kground-preinit] o.apache.tomcat.util.digester.Digester   :   Fire body() for SetPropertiesRule[]
2019-05-11 11:06:13.934 DEBUG 8956 --- [           main] o.s.b.f.s.DefaultListableBeanFactory     : Returning cached instance of singleton bean 'org.springframework.boot.autoconfigure.condition.BeanTypeRegistry'
2019-05-11 11:06:13.934 DEBUG 8956 --- [           main] o.s.b.f.s.DefaultListableBeanFactory     : Returning cached instance of singleton bean 'autoConfigurationReport'
2019-05-11 11:06:13.934 DEBUG 8956 --- [kground-preinit] o.apache.tomcat.util.digester.Digester   :   Fire body() for SetNextRule[methodName=addOperation, paramType=org.apache.tomcat.util.modeler.OperationInfo]
2019-05-11 11:06:13.934 DEBUG 8956 --- [           main] a.ConfigurationClassBeanDefinitionReader : Registering bean definition for @Bean method org.springframework.boot.autoconfigure.web.WebMvcAutoConfiguration$WebMvcAutoConfigurationAdapter.viewResolver()
2019-05-11 11:06:13.934 DEBUG 8956 --- [kground-preinit] o.apache.tomcat.util.digester.Digester   :   Fire end() for SetNextRule[methodName=addOperation, paramType=org.apache.tomcat.util.modeler.OperationInfo]
2019-05-11 11:06:13.935 DEBUG 8956 --- [           main] o.s.b.f.s.DefaultListableBeanFactory     : Returning cached instance of singleton bean 'autoConfigurationReport'
2019-05-11 11:06:13.935 DEBUG 8956 --- [kground-preinit] o.apache.tomcat.util.digester.Digester   : [SetNextRule]{mbeans-descriptors/mbean/operation} Call org.apache.tomcat.util.modeler.ManagedBean.addOperation(org.apache.tomcat.util.modeler.OperationInfo@49a3630d)
2019-05-11 11:06:13.935 DEBUG 8956 --- [kground-preinit] o.apache.tomcat.util.IntrospectionUtils  : IntrospectionUtils: callMethod1 org.apache.tomcat.util.modeler.ManagedBean org.apache.tomcat.util.modeler.OperationInfo org.apache.tomcat.util.modeler.OperationInfo
2019-05-11 11:06:13.935 DEBUG 8956 --- [           main] o.s.b.f.s.DefaultListableBeanFactory     : Returning cached instance of singleton bean 'autoConfigurationReport'
2019-05-11 11:06:13.936 DEBUG 8956 --- [           main] a.ConfigurationClassBeanDefinitionReader : Registering bean definition for @Bean method org.springframework.boot.autoconfigure.web.WebMvcAutoConfiguration$WebMvcAutoConfigurationAdapter.welcomePageHandlerMapping()
2019-05-11 11:06:13.936 DEBUG 8956 --- [kground-preinit] o.apache.tomcat.util.digester.Digester   :   Fire end() for SetPropertiesRule[]
2019-05-11 11:06:13.936 DEBUG 8956 --- [kground-preinit] o.apache.tomcat.util.digester.Digester   :   Fire end() for ObjectCreateRule[className=org.apache.tomcat.util.modeler.OperationInfo, attributeName=null]
2019-05-11 11:06:13.936 DEBUG 8956 --- [kground-preinit] o.apache.tomcat.util.digester.Digester   : [ObjectCreateRule]{mbeans-descriptors/mbean/operation} Pop org.apache.tomcat.util.modeler.OperationInfo
2019-05-11 11:06:13.936 DEBUG 8956 --- [kground-preinit] o.a.tomcat.util.digester.Digester.sax    : characters(

    )
2019-05-11 11:06:13.937 DEBUG 8956 --- [kground-preinit] o.a.tomcat.util.digester.Digester.sax    : startElement(,,operation)
2019-05-11 11:06:13.937 DEBUG 8956 --- [kground-preinit] o.apache.tomcat.util.digester.Digester   :   New match='mbeans-descriptors/mbean/operation'
2019-05-11 11:06:13.937 DEBUG 8956 --- [           main] o.s.b.f.s.DefaultListableBeanFactory     : Returning cached instance of singleton bean 'org.springframework.boot.autoconfigure.condition.BeanTypeRegistry'
2019-05-11 11:06:13.937 DEBUG 8956 --- [kground-preinit] o.apache.tomcat.util.digester.Digester   :   Fire begin() for ObjectCreateRule[className=org.apache.tomcat.util.modeler.OperationInfo, attributeName=null]
2019-05-11 11:06:13.937 DEBUG 8956 --- [kground-preinit] o.apache.tomcat.util.digester.Digester   : [ObjectCreateRule]{mbeans-descriptors/mbean/operation}New org.apache.tomcat.util.modeler.OperationInfo
2019-05-11 11:06:13.938 DEBUG 8956 --- [           main] o.s.b.f.s.DefaultListableBeanFactory     : Returning cached instance of singleton bean 'org.springframework.boot.autoconfigure.condition.BeanTypeRegistry'
2019-05-11 11:06:13.938 DEBUG 8956 --- [kground-preinit] o.apache.tomcat.util.digester.Digester   :   Fire begin() for SetPropertiesRule[]
2019-05-11 11:06:13.938 DEBUG 8956 --- [           main] o.s.b.f.s.DefaultListableBeanFactory     : Returning cached instance of singleton bean 'autoConfigurationReport'
2019-05-11 11:06:13.938 DEBUG 8956 --- [kground-preinit] o.apache.tomcat.util.digester.Digester   : [SetPropertiesRule]{mbeans-descriptors/mbean/operation} Set org.apache.tomcat.util.modeler.OperationInfo properties
2019-05-11 11:06:13.938 DEBUG 8956 --- [kground-preinit] o.apache.tomcat.util.digester.Digester   : [SetPropertiesRule]{mbeans-descriptors/mbean/operation} Setting property 'name' to 'findStatusPages'
2019-05-11 11:06:13.939 DEBUG 8956 --- [kground-preinit] o.apache.tomcat.util.IntrospectionUtils  : IntrospectionUtils: setProperty(class org.apache.tomcat.util.modeler.OperationInfo name=findStatusPages)
2019-05-11 11:06:13.939 DEBUG 8956 --- [           main] a.ConfigurationClassBeanDefinitionReader : Registering bean definition for @Bean method org.springframework.boot.autoconfigure.web.WebMvcAutoConfiguration$WebMvcAutoConfigurationAdapter.requestContextFilter()
2019-05-11 11:06:13.939 DEBUG 8956 --- [kground-preinit] o.apache.tomcat.util.digester.Digester   : [SetPropertiesRule]{mbeans-descriptors/mbean/operation} Setting property 'description' to 'Return the set of HTTP status codes for which error pages have been specified.'
2019-05-11 11:06:13.939 DEBUG 8956 --- [kground-preinit] o.apache.tomcat.util.IntrospectionUtils  : IntrospectionUtils: setProperty(class org.apache.tomcat.util.modeler.OperationInfo description=Return the set of HTTP status codes for which error pages have been specified.)
2019-05-11 11:06:13.939 DEBUG 8956 --- [kground-preinit] o.apache.tomcat.util.digester.Digester   : [SetPropertiesRule]{mbeans-descriptors/mbean/operation} Setting property 'impact' to 'ACTION'
2019-05-11 11:06:13.939 DEBUG 8956 --- [           main] a.ConfigurationClassBeanDefinitionReader : Registered bean definition for imported class 'org.springframework.boot.autoconfigure.web.WebMvcAutoConfiguration'
2019-05-11 11:06:13.939 DEBUG 8956 --- [kground-preinit] o.apache.tomcat.util.IntrospectionUtils  : IntrospectionUtils: setProperty(class org.apache.tomcat.util.modeler.OperationInfo impact=ACTION)
2019-05-11 11:06:13.939 DEBUG 8956 --- [kground-preinit] o.apache.tomcat.util.digester.Digester   : [SetPropertiesRule]{mbeans-descriptors/mbean/operation} Setting property 'returnType' to '[Lint'
2019-05-11 11:06:13.940 DEBUG 8956 --- [kground-preinit] o.apache.tomcat.util.IntrospectionUtils  : IntrospectionUtils: setProperty(class org.apache.tomcat.util.modeler.OperationInfo returnType=[Lint)
2019-05-11 11:06:13.940 DEBUG 8956 --- [kground-preinit] o.apache.tomcat.util.digester.Digester   :   Fire begin() for SetNextRule[methodName=addOperation, paramType=org.apache.tomcat.util.modeler.OperationInfo]
2019-05-11 11:06:13.940 DEBUG 8956 --- [kground-preinit] o.a.tomcat.util.digester.Digester.sax    : characters(
    )
2019-05-11 11:06:13.940 DEBUG 8956 --- [           main] o.s.b.f.s.DefaultListableBeanFactory     : Returning cached instance of singleton bean 'org.springframework.boot.autoconfigure.condition.BeanTypeRegistry'
2019-05-11 11:06:13.941 DEBUG 8956 --- [           main] o.s.b.f.s.DefaultListableBeanFactory     : Returning cached instance of singleton bean 'autoConfigurationReport'
2019-05-11 11:06:13.941 DEBUG 8956 --- [kground-preinit] o.a.tomcat.util.digester.Digester.sax    : endElement(,,operation)
2019-05-11 11:06:13.942 DEBUG 8956 --- [kground-preinit] o.apache.tomcat.util.digester.Digester   :   match='mbeans-descriptors/mbean/operation'
2019-05-11 11:06:13.942 DEBUG 8956 --- [           main] a.ConfigurationClassBeanDefinitionReader : Registering bean definition for @Bean method org.springframework.boot.autoconfigure.web.WebMvcAutoConfiguration.hiddenHttpMethodFilter()
2019-05-11 11:06:13.942 DEBUG 8956 --- [kground-preinit] o.apache.tomcat.util.digester.Digester   :   bodyText='
    '
2019-05-11 11:06:13.942 DEBUG 8956 --- [kground-preinit] o.apache.tomcat.util.digester.Digester   :   Fire body() for ObjectCreateRule[className=org.apache.tomcat.util.modeler.OperationInfo, attributeName=null]
2019-05-11 11:06:13.942 DEBUG 8956 --- [kground-preinit] o.apache.tomcat.util.digester.Digester   :   Fire body() for SetPropertiesRule[]
2019-05-11 11:06:13.943 DEBUG 8956 --- [kground-preinit] o.apache.tomcat.util.digester.Digester   :   Fire body() for SetNextRule[methodName=addOperation, paramType=org.apache.tomcat.util.modeler.OperationInfo]
2019-05-11 11:06:13.943 DEBUG 8956 --- [kground-preinit] o.apache.tomcat.util.digester.Digester   :   Fire end() for SetNextRule[methodName=addOperation, paramType=org.apache.tomcat.util.modeler.OperationInfo]
2019-05-11 11:06:13.943 DEBUG 8956 --- [kground-preinit] o.apache.tomcat.util.digester.Digester   : [SetNextRule]{mbeans-descriptors/mbean/operation} Call org.apache.tomcat.util.modeler.ManagedBean.addOperation(org.apache.tomcat.util.modeler.OperationInfo@152732ca)
2019-05-11 11:06:13.943 DEBUG 8956 --- [           main] o.s.b.f.s.DefaultListableBeanFactory     : Returning cached instance of singleton bean 'autoConfigurationReport'
2019-05-11 11:06:13.943 DEBUG 8956 --- [kground-preinit] o.apache.tomcat.util.IntrospectionUtils  : IntrospectionUtils: callMethod1 org.apache.tomcat.util.modeler.ManagedBean org.apache.tomcat.util.modeler.OperationInfo org.apache.tomcat.util.modeler.OperationInfo
2019-05-11 11:06:13.943 DEBUG 8956 --- [kground-preinit] o.apache.tomcat.util.digester.Digester   :   Fire end() for SetPropertiesRule[]
2019-05-11 11:06:13.943 DEBUG 8956 --- [kground-preinit] o.apache.tomcat.util.digester.Digester   :   Fire end() for ObjectCreateRule[className=org.apache.tomcat.util.modeler.OperationInfo, attributeName=null]
2019-05-11 11:06:13.944 DEBUG 8956 --- [kground-preinit] o.apache.tomcat.util.digester.Digester   : [ObjectCreateRule]{mbeans-descriptors/mbean/operation} Pop org.apache.tomcat.util.modeler.OperationInfo
2019-05-11 11:06:13.944 DEBUG 8956 --- [kground-preinit] o.a.tomcat.util.digester.Digester.sax    : characters(

    )
2019-05-11 11:06:13.944 DEBUG 8956 --- [kground-preinit] o.a.tomcat.util.digester.Digester.sax    : startElement(,,operation)
2019-05-11 11:06:13.944 DEBUG 8956 --- [kground-preinit] o.apache.tomcat.util.digester.Digester   :   New match='mbeans-descriptors/mbean/operation'
2019-05-11 11:06:13.944 DEBUG 8956 --- [kground-preinit] o.apache.tomcat.util.digester.Digester   :   Fire begin() for ObjectCreateRule[className=org.apache.tomcat.util.modeler.OperationInfo, attributeName=null]
2019-05-11 11:06:13.944 DEBUG 8956 --- [kground-preinit] o.apache.tomcat.util.digester.Digester   : [ObjectCreateRule]{mbeans-descriptors/mbean/operation}New org.apache.tomcat.util.modeler.OperationInfo
2019-05-11 11:06:13.944 DEBUG 8956 --- [kground-preinit] o.apache.tomcat.util.digester.Digester   :   Fire begin() for SetPropertiesRule[]
2019-05-11 11:06:13.945 DEBUG 8956 --- [kground-preinit] o.apache.tomcat.util.digester.Digester   : [SetPropertiesRule]{mbeans-descriptors/mbean/operation} Set org.apache.tomcat.util.modeler.OperationInfo properties
2019-05-11 11:06:13.945 DEBUG 8956 --- [kground-preinit] o.apache.tomcat.util.digester.Digester   : [SetPropertiesRule]{mbeans-descriptors/mbean/operation} Setting property 'name' to 'findWatchedResources'
2019-05-11 11:06:13.945 DEBUG 8956 --- [kground-preinit] o.apache.tomcat.util.IntrospectionUtils  : IntrospectionUtils: setProperty(class org.apache.tomcat.util.modeler.OperationInfo name=findWatchedResources)
2019-05-11 11:06:13.945 DEBUG 8956 --- [kground-preinit] o.apache.tomcat.util.digester.Digester   : [SetPropertiesRule]{mbeans-descriptors/mbean/operation} Setting property 'description' to 'Return the set of watched resources for this Context.'
2019-05-11 11:06:13.945 DEBUG 8956 --- [kground-preinit] o.apache.tomcat.util.IntrospectionUtils  : IntrospectionUtils: setProperty(class org.apache.tomcat.util.modeler.OperationInfo description=Return the set of watched resources for this Context.)
2019-05-11 11:06:13.945 DEBUG 8956 --- [kground-preinit] o.apache.tomcat.util.digester.Digester   : [SetPropertiesRule]{mbeans-descriptors/mbean/operation} Setting property 'impact' to 'ACTION'
2019-05-11 11:06:13.945 DEBUG 8956 --- [           main] o.s.b.f.s.DefaultListableBeanFactory     : Returning cached instance of singleton bean 'org.springframework.boot.autoconfigure.condition.BeanTypeRegistry'
2019-05-11 11:06:13.945 DEBUG 8956 --- [kground-preinit] o.apache.tomcat.util.IntrospectionUtils  : IntrospectionUtils: setProperty(class org.apache.tomcat.util.modeler.OperationInfo impact=ACTION)
2019-05-11 11:06:13.946 DEBUG 8956 --- [kground-preinit] o.apache.tomcat.util.digester.Digester   : [SetPropertiesRule]{mbeans-descriptors/mbean/operation} Setting property 'returnType' to '[Ljava.lang.String;'
2019-05-11 11:06:13.946 DEBUG 8956 --- [kground-preinit] o.apache.tomcat.util.IntrospectionUtils  : IntrospectionUtils: setProperty(class org.apache.tomcat.util.modeler.OperationInfo returnType=[Ljava.lang.String;)
2019-05-11 11:06:13.946 DEBUG 8956 --- [kground-preinit] o.apache.tomcat.util.digester.Digester   :   Fire begin() for SetNextRule[methodName=addOperation, paramType=org.apache.tomcat.util.modeler.OperationInfo]
2019-05-11 11:06:13.946 DEBUG 8956 --- [kground-preinit] o.a.tomcat.util.digester.Digester.sax    : characters(
    )
2019-05-11 11:06:13.946 DEBUG 8956 --- [kground-preinit] o.a.tomcat.util.digester.Digester.sax    : endElement(,,operation)
2019-05-11 11:06:13.946 DEBUG 8956 --- [kground-preinit] o.apache.tomcat.util.digester.Digester   :   match='mbeans-descriptors/mbean/operation'
2019-05-11 11:06:13.946 DEBUG 8956 --- [kground-preinit] o.apache.tomcat.util.digester.Digester   :   bodyText='
    '
2019-05-11 11:06:13.946 DEBUG 8956 --- [kground-preinit] o.apache.tomcat.util.digester.Digester   :   Fire body() for ObjectCreateRule[className=org.apache.tomcat.util.modeler.OperationInfo, attributeName=null]
2019-05-11 11:06:13.947 DEBUG 8956 --- [kground-preinit] o.apache.tomcat.util.digester.Digester   :   Fire body() for SetPropertiesRule[]
2019-05-11 11:06:13.947 DEBUG 8956 --- [kground-preinit] o.apache.tomcat.util.digester.Digester   :   Fire body() for SetNextRule[methodName=addOperation, paramType=org.apache.tomcat.util.modeler.OperationInfo]
2019-05-11 11:06:13.947 DEBUG 8956 --- [kground-preinit] o.apache.tomcat.util.digester.Digester   :   Fire end() for SetNextRule[methodName=addOperation, paramType=org.apache.tomcat.util.modeler.OperationInfo]
2019-05-11 11:06:13.947 DEBUG 8956 --- [kground-preinit] o.apache.tomcat.util.digester.Digester   : [SetNextRule]{mbeans-descriptors/mbean/operation} Call org.apache.tomcat.util.modeler.ManagedBean.addOperation(org.apache.tomcat.util.modeler.OperationInfo@10524e7)
2019-05-11 11:06:13.947 DEBUG 8956 --- [kground-preinit] o.apache.tomcat.util.IntrospectionUtils  : IntrospectionUtils: callMethod1 org.apache.tomcat.util.modeler.ManagedBean org.apache.tomcat.util.modeler.OperationInfo org.apache.tomcat.util.modeler.OperationInfo
2019-05-11 11:06:13.947 DEBUG 8956 --- [kground-preinit] o.apache.tomcat.util.digester.Digester   :   Fire end() for SetPropertiesRule[]
2019-05-11 11:06:13.948 DEBUG 8956 --- [kground-preinit] o.apache.tomcat.util.digester.Digester   :   Fire end() for ObjectCreateRule[className=org.apache.tomcat.util.modeler.OperationInfo, attributeName=null]
2019-05-11 11:06:13.948 DEBUG 8956 --- [kground-preinit] o.apache.tomcat.util.digester.Digester   : [ObjectCreateRule]{mbeans-descriptors/mbean/operation} Pop org.apache.tomcat.util.modeler.OperationInfo
2019-05-11 11:06:13.948 DEBUG 8956 --- [kground-preinit] o.a.tomcat.util.digester.Digester.sax    : characters(

    )
2019-05-11 11:06:13.948 DEBUG 8956 --- [kground-preinit] o.a.tomcat.util.digester.Digester.sax    : startElement(,,operation)
2019-05-11 11:06:13.948 DEBUG 8956 --- [kground-preinit] o.apache.tomcat.util.digester.Digester   :   New match='mbeans-descriptors/mbean/operation'
2019-05-11 11:06:13.948 DEBUG 8956 --- [kground-preinit] o.apache.tomcat.util.digester.Digester   :   Fire begin() for ObjectCreateRule[className=org.apache.tomcat.util.modeler.OperationInfo, attributeName=null]
2019-05-11 11:06:13.949 DEBUG 8956 --- [kground-preinit] o.apache.tomcat.util.digester.Digester   : [ObjectCreateRule]{mbeans-descriptors/mbean/operation}New org.apache.tomcat.util.modeler.OperationInfo
2019-05-11 11:06:13.949 DEBUG 8956 --- [kground-preinit] o.apache.tomcat.util.digester.Digester   :   Fire begin() for SetPropertiesRule[]
2019-05-11 11:06:13.948 DEBUG 8956 --- [           main] o.s.b.f.s.DefaultListableBeanFactory     : Returning cached instance of singleton bean 'autoConfigurationReport'
2019-05-11 11:06:13.949 DEBUG 8956 --- [kground-preinit] o.apache.tomcat.util.digester.Digester   : [SetPropertiesRule]{mbeans-descriptors/mbean/operation} Set org.apache.tomcat.util.modeler.OperationInfo properties
2019-05-11 11:06:13.949 DEBUG 8956 --- [kground-preinit] o.apache.tomcat.util.digester.Digester   : [SetPropertiesRule]{mbeans-descriptors/mbean/operation} Setting property 'name' to 'findWelcomeFile'
2019-05-11 11:06:13.949 DEBUG 8956 --- [           main] a.ConfigurationClassBeanDefinitionReader : Registering bean definition for @Bean method org.springframework.boot.autoconfigure.web.WebMvcAutoConfiguration.httpPutFormContentFilter()
2019-05-11 11:06:13.949 DEBUG 8956 --- [kground-preinit] o.apache.tomcat.util.IntrospectionUtils  : IntrospectionUtils: setProperty(class org.apache.tomcat.util.modeler.OperationInfo name=findWelcomeFile)
2019-05-11 11:06:13.949 DEBUG 8956 --- [kground-preinit] o.apache.tomcat.util.digester.Digester   : [SetPropertiesRule]{mbeans-descriptors/mbean/operation} Setting property 'description' to 'Return 'true' if the specified welcome file is defined for this Context; otherwise return 'false'.'
2019-05-11 11:06:13.950 DEBUG 8956 --- [kground-preinit] o.apache.tomcat.util.IntrospectionUtils  : IntrospectionUtils: setProperty(class org.apache.tomcat.util.modeler.OperationInfo description=Return 'true' if the specified welcome file is defined for this Context; otherwise return 'false'.)
2019-05-11 11:06:13.950 DEBUG 8956 --- [kground-preinit] o.apache.tomcat.util.digester.Digester   : [SetPropertiesRule]{mbeans-descriptors/mbean/operation} Setting property 'impact' to 'ACTION'
2019-05-11 11:06:13.949 DEBUG 8956 --- [           main] a.ConfigurationClassBeanDefinitionReader : Registered bean definition for imported class 'com.reger.dubbo.config.DubboAutoConfiguration'
2019-05-11 11:06:13.950 DEBUG 8956 --- [           main] o.s.b.f.s.DefaultListableBeanFactory     : Returning cached instance of singleton bean 'autoConfigurationReport'
2019-05-11 11:06:13.950 DEBUG 8956 --- [           main] o.s.b.f.s.DefaultListableBeanFactory     : Returning cached instance of singleton bean 'autoConfigurationReport'
2019-05-11 11:06:13.952 DEBUG 8956 --- [kground-preinit] o.apache.tomcat.util.IntrospectionUtils  : IntrospectionUtils: setProperty(class org.apache.tomcat.util.modeler.OperationInfo impact=ACTION)
2019-05-11 11:06:13.952 DEBUG 8956 --- [kground-preinit] o.apache.tomcat.util.digester.Digester   : [SetPropertiesRule]{mbeans-descriptors/mbean/operation} Setting property 'returnType' to 'boolean'
2019-05-11 11:06:13.952 DEBUG 8956 --- [kground-preinit] o.apache.tomcat.util.IntrospectionUtils  : IntrospectionUtils: setProperty(class org.apache.tomcat.util.modeler.OperationInfo returnType=boolean)
2019-05-11 11:06:13.952 DEBUG 8956 --- [kground-preinit] o.apache.tomcat.util.digester.Digester   :   Fire begin() for SetNextRule[methodName=addOperation, paramType=org.apache.tomcat.util.modeler.OperationInfo]
2019-05-11 11:06:13.953 DEBUG 8956 --- [kground-preinit] o.a.tomcat.util.digester.Digester.sax    : characters(
      )
2019-05-11 11:06:13.953 DEBUG 8956 --- [kground-preinit] o.a.tomcat.util.digester.Digester.sax    : startElement(,,parameter)
2019-05-11 11:06:13.953 DEBUG 8956 --- [kground-preinit] o.apache.tomcat.util.digester.Digester   :   New match='mbeans-descriptors/mbean/operation/parameter'
2019-05-11 11:06:13.953 DEBUG 8956 --- [kground-preinit] o.apache.tomcat.util.digester.Digester   :   Fire begin() for ObjectCreateRule[className=org.apache.tomcat.util.modeler.ParameterInfo, attributeName=null]
2019-05-11 11:06:13.953 DEBUG 8956 --- [kground-preinit] o.apache.tomcat.util.digester.Digester   : [ObjectCreateRule]{mbeans-descriptors/mbean/operation/parameter}New org.apache.tomcat.util.modeler.ParameterInfo
2019-05-11 11:06:13.953 DEBUG 8956 --- [kground-preinit] o.apache.tomcat.util.digester.Digester   :   Fire begin() for SetPropertiesRule[]
2019-05-11 11:06:13.953 DEBUG 8956 --- [kground-preinit] o.apache.tomcat.util.digester.Digester   : [SetPropertiesRule]{mbeans-descriptors/mbean/operation/parameter} Set org.apache.tomcat.util.modeler.ParameterInfo properties
2019-05-11 11:06:13.953 DEBUG 8956 --- [kground-preinit] o.apache.tomcat.util.digester.Digester   : [SetPropertiesRule]{mbeans-descriptors/mbean/operation/parameter} Setting property 'name' to 'name'
2019-05-11 11:06:13.954 DEBUG 8956 --- [kground-preinit] o.apache.tomcat.util.IntrospectionUtils  : IntrospectionUtils: setProperty(class org.apache.tomcat.util.modeler.ParameterInfo name=name)
2019-05-11 11:06:13.954 DEBUG 8956 --- [kground-preinit] o.apache.tomcat.util.digester.Digester   : [SetPropertiesRule]{mbeans-descriptors/mbean/operation/parameter} Setting property 'description' to 'Welcome file to verify'
2019-05-11 11:06:13.954 DEBUG 8956 --- [kground-preinit] o.apache.tomcat.util.IntrospectionUtils  : IntrospectionUtils: setProperty(class org.apache.tomcat.util.modeler.ParameterInfo description=Welcome file to verify)
2019-05-11 11:06:13.954 DEBUG 8956 --- [kground-preinit] o.apache.tomcat.util.digester.Digester   : [SetPropertiesRule]{mbeans-descriptors/mbean/operation/parameter} Setting property 'type' to 'java.lang.String'
2019-05-11 11:06:13.954 DEBUG 8956 --- [kground-preinit] o.apache.tomcat.util.IntrospectionUtils  : IntrospectionUtils: setProperty(class org.apache.tomcat.util.modeler.ParameterInfo type=java.lang.String)
2019-05-11 11:06:13.954 DEBUG 8956 --- [kground-preinit] o.apache.tomcat.util.digester.Digester   :   Fire begin() for SetNextRule[methodName=addParameter, paramType=org.apache.tomcat.util.modeler.ParameterInfo]
2019-05-11 11:06:13.955 DEBUG 8956 --- [kground-preinit] o.a.tomcat.util.digester.Digester.sax    : endElement(,,parameter)
2019-05-11 11:06:13.955 DEBUG 8956 --- [kground-preinit] o.apache.tomcat.util.digester.Digester   :   match='mbeans-descriptors/mbean/operation/parameter'
2019-05-11 11:06:13.955 DEBUG 8956 --- [kground-preinit] o.apache.tomcat.util.digester.Digester   :   bodyText=''
2019-05-11 11:06:13.955 DEBUG 8956 --- [kground-preinit] o.apache.tomcat.util.digester.Digester   :   Fire body() for ObjectCreateRule[className=org.apache.tomcat.util.modeler.ParameterInfo, attributeName=null]
2019-05-11 11:06:13.955 DEBUG 8956 --- [kground-preinit] o.apache.tomcat.util.digester.Digester   :   Fire body() for SetPropertiesRule[]
2019-05-11 11:06:13.955 DEBUG 8956 --- [kground-preinit] o.apache.tomcat.util.digester.Digester   :   Fire body() for SetNextRule[methodName=addParameter, paramType=org.apache.tomcat.util.modeler.ParameterInfo]
2019-05-11 11:06:13.955 DEBUG 8956 --- [kground-preinit] o.apache.tomcat.util.digester.Digester   :   Fire end() for SetNextRule[methodName=addParameter, paramType=org.apache.tomcat.util.modeler.ParameterInfo]
2019-05-11 11:06:13.955 DEBUG 8956 --- [kground-preinit] o.apache.tomcat.util.digester.Digester   : [SetNextRule]{mbeans-descriptors/mbean/operation/parameter} Call org.apache.tomcat.util.modeler.OperationInfo.addParameter(org.apache.tomcat.util.modeler.ParameterInfo@7b80f8a9)
2019-05-11 11:06:13.956 DEBUG 8956 --- [kground-preinit] o.apache.tomcat.util.IntrospectionUtils  : IntrospectionUtils: callMethod1 org.apache.tomcat.util.modeler.OperationInfo org.apache.tomcat.util.modeler.ParameterInfo org.apache.tomcat.util.modeler.ParameterInfo
2019-05-11 11:06:13.956 DEBUG 8956 --- [kground-preinit] o.apache.tomcat.util.digester.Digester   :   Fire end() for SetPropertiesRule[]
2019-05-11 11:06:13.956 DEBUG 8956 --- [kground-preinit] o.apache.tomcat.util.digester.Digester   :   Fire end() for ObjectCreateRule[className=org.apache.tomcat.util.modeler.ParameterInfo, attributeName=null]
2019-05-11 11:06:13.956 DEBUG 8956 --- [kground-preinit] o.apache.tomcat.util.digester.Digester   : [ObjectCreateRule]{mbeans-descriptors/mbean/operation/parameter} Pop org.apache.tomcat.util.modeler.ParameterInfo
2019-05-11 11:06:13.956 DEBUG 8956 --- [kground-preinit] o.a.tomcat.util.digester.Digester.sax    : characters(
    )
2019-05-11 11:06:13.956 DEBUG 8956 --- [kground-preinit] o.a.tomcat.util.digester.Digester.sax    : endElement(,,operation)
2019-05-11 11:06:13.956 DEBUG 8956 --- [kground-preinit] o.apache.tomcat.util.digester.Digester   :   match='mbeans-descriptors/mbean/operation'
2019-05-11 11:06:13.956 DEBUG 8956 --- [kground-preinit] o.apache.tomcat.util.digester.Digester   :   bodyText='
      
    '
2019-05-11 11:06:13.956 DEBUG 8956 --- [kground-preinit] o.apache.tomcat.util.digester.Digester   :   Fire body() for ObjectCreateRule[className=org.apache.tomcat.util.modeler.OperationInfo, attributeName=null]
2019-05-11 11:06:13.956 DEBUG 8956 --- [kground-preinit] o.apache.tomcat.util.digester.Digester   :   Fire body() for SetPropertiesRule[]
2019-05-11 11:06:13.956 DEBUG 8956 --- [kground-preinit] o.apache.tomcat.util.digester.Digester   :   Fire body() for SetNextRule[methodName=addOperation, paramType=org.apache.tomcat.util.modeler.OperationInfo]
2019-05-11 11:06:13.957 DEBUG 8956 --- [kground-preinit] o.apache.tomcat.util.digester.Digester   :   Fire end() for SetNextRule[methodName=addOperation, paramType=org.apache.tomcat.util.modeler.OperationInfo]
2019-05-11 11:06:13.957 DEBUG 8956 --- [kground-preinit] o.apache.tomcat.util.digester.Digester   : [SetNextRule]{mbeans-descriptors/mbean/operation} Call org.apache.tomcat.util.modeler.ManagedBean.addOperation(org.apache.tomcat.util.modeler.OperationInfo@296947df)
2019-05-11 11:06:13.957 DEBUG 8956 --- [kground-preinit] o.apache.tomcat.util.IntrospectionUtils  : IntrospectionUtils: callMethod1 org.apache.tomcat.util.modeler.ManagedBean org.apache.tomcat.util.modeler.OperationInfo org.apache.tomcat.util.modeler.OperationInfo
2019-05-11 11:06:13.957 DEBUG 8956 --- [kground-preinit] o.apache.tomcat.util.digester.Digester   :   Fire end() for SetPropertiesRule[]
2019-05-11 11:06:13.957 DEBUG 8956 --- [kground-preinit] o.apache.tomcat.util.digester.Digester   :   Fire end() for ObjectCreateRule[className=org.apache.tomcat.util.modeler.OperationInfo, attributeName=null]
2019-05-11 11:06:13.957 DEBUG 8956 --- [kground-preinit] o.apache.tomcat.util.digester.Digester   : [ObjectCreateRule]{mbeans-descriptors/mbean/operation} Pop org.apache.tomcat.util.modeler.OperationInfo
2019-05-11 11:06:13.957 DEBUG 8956 --- [kground-preinit] o.a.tomcat.util.digester.Digester.sax    : characters(

    )
2019-05-11 11:06:13.957 DEBUG 8956 --- [kground-preinit] o.a.tomcat.util.digester.Digester.sax    : startElement(,,operation)
2019-05-11 11:06:13.957 DEBUG 8956 --- [kground-preinit] o.apache.tomcat.util.digester.Digester   :   New match='mbeans-descriptors/mbean/operation'
2019-05-11 11:06:13.957 DEBUG 8956 --- [kground-preinit] o.apache.tomcat.util.digester.Digester   :   Fire begin() for ObjectCreateRule[className=org.apache.tomcat.util.modeler.OperationInfo, attributeName=null]
2019-05-11 11:06:13.958 DEBUG 8956 --- [kground-preinit] o.apache.tomcat.util.digester.Digester   : [ObjectCreateRule]{mbeans-descriptors/mbean/operation}New org.apache.tomcat.util.modeler.OperationInfo
2019-05-11 11:06:13.958 DEBUG 8956 --- [kground-preinit] o.apache.tomcat.util.digester.Digester   :   Fire begin() for SetPropertiesRule[]
2019-05-11 11:06:13.958 DEBUG 8956 --- [kground-preinit] o.apache.tomcat.util.digester.Digester   : [SetPropertiesRule]{mbeans-descriptors/mbean/operation} Set org.apache.tomcat.util.modeler.OperationInfo properties
2019-05-11 11:06:13.958 DEBUG 8956 --- [kground-preinit] o.apache.tomcat.util.digester.Digester   : [SetPropertiesRule]{mbeans-descriptors/mbean/operation} Setting property 'name' to 'findWelcomeFiles'
2019-05-11 11:06:13.958 DEBUG 8956 --- [kground-preinit] o.apache.tomcat.util.IntrospectionUtils  : IntrospectionUtils: setProperty(class org.apache.tomcat.util.modeler.OperationInfo name=findWelcomeFiles)
2019-05-11 11:06:13.958 DEBUG 8956 --- [kground-preinit] o.apache.tomcat.util.digester.Digester   : [SetPropertiesRule]{mbeans-descriptors/mbean/operation} Setting property 'description' to 'Return the set of welcome files defined for this Context.'
2019-05-11 11:06:13.958 DEBUG 8956 --- [kground-preinit] o.apache.tomcat.util.IntrospectionUtils  : IntrospectionUtils: setProperty(class org.apache.tomcat.util.modeler.OperationInfo description=Return the set of welcome files defined for this Context.)
2019-05-11 11:06:13.959 DEBUG 8956 --- [kground-preinit] o.apache.tomcat.util.digester.Digester   : [SetPropertiesRule]{mbeans-descriptors/mbean/operation} Setting property 'impact' to 'ACTION'
2019-05-11 11:06:13.959 DEBUG 8956 --- [kground-preinit] o.apache.tomcat.util.IntrospectionUtils  : IntrospectionUtils: setProperty(class org.apache.tomcat.util.modeler.OperationInfo impact=ACTION)
2019-05-11 11:06:13.959 DEBUG 8956 --- [kground-preinit] o.apache.tomcat.util.digester.Digester   : [SetPropertiesRule]{mbeans-descriptors/mbean/operation} Setting property 'returnType' to '[Ljava.lang.String;'
2019-05-11 11:06:13.959 DEBUG 8956 --- [kground-preinit] o.apache.tomcat.util.IntrospectionUtils  : IntrospectionUtils: setProperty(class org.apache.tomcat.util.modeler.OperationInfo returnType=[Ljava.lang.String;)
2019-05-11 11:06:13.959 DEBUG 8956 --- [kground-preinit] o.apache.tomcat.util.digester.Digester   :   Fire begin() for SetNextRule[methodName=addOperation, paramType=org.apache.tomcat.util.modeler.OperationInfo]
2019-05-11 11:06:13.959 DEBUG 8956 --- [kground-preinit] o.a.tomcat.util.digester.Digester.sax    : characters(
    )
2019-05-11 11:06:13.959 DEBUG 8956 --- [kground-preinit] o.a.tomcat.util.digester.Digester.sax    : endElement(,,operation)
2019-05-11 11:06:13.959 DEBUG 8956 --- [kground-preinit] o.apache.tomcat.util.digester.Digester   :   match='mbeans-descriptors/mbean/operation'
2019-05-11 11:06:13.959 DEBUG 8956 --- [kground-preinit] o.apache.tomcat.util.digester.Digester   :   bodyText='
    '
2019-05-11 11:06:13.959 DEBUG 8956 --- [kground-preinit] o.apache.tomcat.util.digester.Digester   :   Fire body() for ObjectCreateRule[className=org.apache.tomcat.util.modeler.OperationInfo, attributeName=null]
2019-05-11 11:06:13.959 DEBUG 8956 --- [kground-preinit] o.apache.tomcat.util.digester.Digester   :   Fire body() for SetPropertiesRule[]
2019-05-11 11:06:13.960 DEBUG 8956 --- [kground-preinit] o.apache.tomcat.util.digester.Digester   :   Fire body() for SetNextRule[methodName=addOperation, paramType=org.apache.tomcat.util.modeler.OperationInfo]
2019-05-11 11:06:13.960 DEBUG 8956 --- [kground-preinit] o.apache.tomcat.util.digester.Digester   :   Fire end() for SetNextRule[methodName=addOperation, paramType=org.apache.tomcat.util.modeler.OperationInfo]
2019-05-11 11:06:13.960 DEBUG 8956 --- [kground-preinit] o.apache.tomcat.util.digester.Digester   : [SetNextRule]{mbeans-descriptors/mbean/operation} Call org.apache.tomcat.util.modeler.ManagedBean.addOperation(org.apache.tomcat.util.modeler.OperationInfo@574915a)
2019-05-11 11:06:13.960 DEBUG 8956 --- [kground-preinit] o.apache.tomcat.util.IntrospectionUtils  : IntrospectionUtils: callMethod1 org.apache.tomcat.util.modeler.ManagedBean org.apache.tomcat.util.modeler.OperationInfo org.apache.tomcat.util.modeler.OperationInfo
2019-05-11 11:06:13.960 DEBUG 8956 --- [kground-preinit] o.apache.tomcat.util.digester.Digester   :   Fire end() for SetPropertiesRule[]
2019-05-11 11:06:13.960 DEBUG 8956 --- [kground-preinit] o.apache.tomcat.util.digester.Digester   :   Fire end() for ObjectCreateRule[className=org.apache.tomcat.util.modeler.OperationInfo, attributeName=null]
2019-05-11 11:06:13.960 DEBUG 8956 --- [kground-preinit] o.apache.tomcat.util.digester.Digester   : [ObjectCreateRule]{mbeans-descriptors/mbean/operation} Pop org.apache.tomcat.util.modeler.OperationInfo
2019-05-11 11:06:13.960 DEBUG 8956 --- [kground-preinit] o.a.tomcat.util.digester.Digester.sax    : characters(

    )
2019-05-11 11:06:13.960 DEBUG 8956 --- [kground-preinit] o.a.tomcat.util.digester.Digester.sax    : startElement(,,operation)
2019-05-11 11:06:13.961 DEBUG 8956 --- [kground-preinit] o.apache.tomcat.util.digester.Digester   :   New match='mbeans-descriptors/mbean/operation'
2019-05-11 11:06:13.961 DEBUG 8956 --- [kground-preinit] o.apache.tomcat.util.digester.Digester   :   Fire begin() for ObjectCreateRule[className=org.apache.tomcat.util.modeler.OperationInfo, attributeName=null]
2019-05-11 11:06:13.961 DEBUG 8956 --- [kground-preinit] o.apache.tomcat.util.digester.Digester   : [ObjectCreateRule]{mbeans-descriptors/mbean/operation}New org.apache.tomcat.util.modeler.OperationInfo
2019-05-11 11:06:13.961 DEBUG 8956 --- [kground-preinit] o.apache.tomcat.util.digester.Digester   :   Fire begin() for SetPropertiesRule[]
2019-05-11 11:06:13.961 DEBUG 8956 --- [kground-preinit] o.apache.tomcat.util.digester.Digester   : [SetPropertiesRule]{mbeans-descriptors/mbean/operation} Set org.apache.tomcat.util.modeler.OperationInfo properties
2019-05-11 11:06:13.961 DEBUG 8956 --- [kground-preinit] o.apache.tomcat.util.digester.Digester   : [SetPropertiesRule]{mbeans-descriptors/mbean/operation} Setting property 'name' to 'findWrapperLifecycles'
2019-05-11 11:06:13.961 DEBUG 8956 --- [kground-preinit] o.apache.tomcat.util.IntrospectionUtils  : IntrospectionUtils: setProperty(class org.apache.tomcat.util.modeler.OperationInfo name=findWrapperLifecycles)
2019-05-11 11:06:13.961 DEBUG 8956 --- [kground-preinit] o.apache.tomcat.util.digester.Digester   : [SetPropertiesRule]{mbeans-descriptors/mbean/operation} Setting property 'description' to 'Return the set of LifecycleListener classes that will be added to newly created Wrappers automatically.'
2019-05-11 11:06:13.961 DEBUG 8956 --- [kground-preinit] o.apache.tomcat.util.IntrospectionUtils  : IntrospectionUtils: setProperty(class org.apache.tomcat.util.modeler.OperationInfo description=Return the set of LifecycleListener classes that will be added to newly created Wrappers automatically.)
2019-05-11 11:06:13.961 DEBUG 8956 --- [kground-preinit] o.apache.tomcat.util.digester.Digester   : [SetPropertiesRule]{mbeans-descriptors/mbean/operation} Setting property 'impact' to 'ACTION'
2019-05-11 11:06:13.962 DEBUG 8956 --- [kground-preinit] o.apache.tomcat.util.IntrospectionUtils  : IntrospectionUtils: setProperty(class org.apache.tomcat.util.modeler.OperationInfo impact=ACTION)
2019-05-11 11:06:13.962 DEBUG 8956 --- [kground-preinit] o.apache.tomcat.util.digester.Digester   : [SetPropertiesRule]{mbeans-descriptors/mbean/operation} Setting property 'returnType' to '[Ljava.lang.String;'
2019-05-11 11:06:13.962 DEBUG 8956 --- [kground-preinit] o.apache.tomcat.util.IntrospectionUtils  : IntrospectionUtils: setProperty(class org.apache.tomcat.util.modeler.OperationInfo returnType=[Ljava.lang.String;)
2019-05-11 11:06:13.962 DEBUG 8956 --- [kground-preinit] o.apache.tomcat.util.digester.Digester   :   Fire begin() for SetNextRule[methodName=addOperation, paramType=org.apache.tomcat.util.modeler.OperationInfo]
2019-05-11 11:06:13.962 DEBUG 8956 --- [kground-preinit] o.a.tomcat.util.digester.Digester.sax    : characters(
    )
2019-05-11 11:06:13.962 DEBUG 8956 --- [kground-preinit] o.a.tomcat.util.digester.Digester.sax    : endElement(,,operation)
2019-05-11 11:06:13.962 DEBUG 8956 --- [kground-preinit] o.apache.tomcat.util.digester.Digester   :   match='mbeans-descriptors/mbean/operation'
2019-05-11 11:06:13.962 DEBUG 8956 --- [kground-preinit] o.apache.tomcat.util.digester.Digester   :   bodyText='
    '
2019-05-11 11:06:13.962 DEBUG 8956 --- [kground-preinit] o.apache.tomcat.util.digester.Digester   :   Fire body() for ObjectCreateRule[className=org.apache.tomcat.util.modeler.OperationInfo, attributeName=null]
2019-05-11 11:06:13.962 DEBUG 8956 --- [kground-preinit] o.apache.tomcat.util.digester.Digester   :   Fire body() for SetPropertiesRule[]
2019-05-11 11:06:13.962 DEBUG 8956 --- [kground-preinit] o.apache.tomcat.util.digester.Digester   :   Fire body() for SetNextRule[methodName=addOperation, paramType=org.apache.tomcat.util.modeler.OperationInfo]
2019-05-11 11:06:13.963 DEBUG 8956 --- [kground-preinit] o.apache.tomcat.util.digester.Digester   :   Fire end() for SetNextRule[methodName=addOperation, paramType=org.apache.tomcat.util.modeler.OperationInfo]
2019-05-11 11:06:13.963 DEBUG 8956 --- [kground-preinit] o.apache.tomcat.util.digester.Digester   : [SetNextRule]{mbeans-descriptors/mbean/operation} Call org.apache.tomcat.util.modeler.ManagedBean.addOperation(org.apache.tomcat.util.modeler.OperationInfo@2dfebf0f)
2019-05-11 11:06:13.963 DEBUG 8956 --- [kground-preinit] o.apache.tomcat.util.IntrospectionUtils  : IntrospectionUtils: callMethod1 org.apache.tomcat.util.modeler.ManagedBean org.apache.tomcat.util.modeler.OperationInfo org.apache.tomcat.util.modeler.OperationInfo
2019-05-11 11:06:13.963 DEBUG 8956 --- [kground-preinit] o.apache.tomcat.util.digester.Digester   :   Fire end() for SetPropertiesRule[]
2019-05-11 11:06:13.963 DEBUG 8956 --- [kground-preinit] o.apache.tomcat.util.digester.Digester   :   Fire end() for ObjectCreateRule[className=org.apache.tomcat.util.modeler.OperationInfo, attributeName=null]
2019-05-11 11:06:13.963 DEBUG 8956 --- [kground-preinit] o.apache.tomcat.util.digester.Digester   : [ObjectCreateRule]{mbeans-descriptors/mbean/operation} Pop org.apache.tomcat.util.modeler.OperationInfo
2019-05-11 11:06:13.963 DEBUG 8956 --- [kground-preinit] o.a.tomcat.util.digester.Digester.sax    : characters(

    )
2019-05-11 11:06:13.963 DEBUG 8956 --- [kground-preinit] o.a.tomcat.util.digester.Digester.sax    : startElement(,,operation)
2019-05-11 11:06:13.963 DEBUG 8956 --- [kground-preinit] o.apache.tomcat.util.digester.Digester   :   New match='mbeans-descriptors/mbean/operation'
2019-05-11 11:06:13.963 DEBUG 8956 --- [kground-preinit] o.apache.tomcat.util.digester.Digester   :   Fire begin() for ObjectCreateRule[className=org.apache.tomcat.util.modeler.OperationInfo, attributeName=null]
2019-05-11 11:06:13.964 DEBUG 8956 --- [kground-preinit] o.apache.tomcat.util.digester.Digester   : [ObjectCreateRule]{mbeans-descriptors/mbean/operation}New org.apache.tomcat.util.modeler.OperationInfo
2019-05-11 11:06:13.964 DEBUG 8956 --- [kground-preinit] o.apache.tomcat.util.digester.Digester   :   Fire begin() for SetPropertiesRule[]
2019-05-11 11:06:13.964 DEBUG 8956 --- [kground-preinit] o.apache.tomcat.util.digester.Digester   : [SetPropertiesRule]{mbeans-descriptors/mbean/operation} Set org.apache.tomcat.util.modeler.OperationInfo properties
2019-05-11 11:06:13.964 DEBUG 8956 --- [kground-preinit] o.apache.tomcat.util.digester.Digester   : [SetPropertiesRule]{mbeans-descriptors/mbean/operation} Setting property 'name' to 'findWrapperListeners'
2019-05-11 11:06:13.964 DEBUG 8956 --- [kground-preinit] o.apache.tomcat.util.IntrospectionUtils  : IntrospectionUtils: setProperty(class org.apache.tomcat.util.modeler.OperationInfo name=findWrapperListeners)
2019-05-11 11:06:13.964 DEBUG 8956 --- [kground-preinit] o.apache.tomcat.util.digester.Digester   : [SetPropertiesRule]{mbeans-descriptors/mbean/operation} Setting property 'description' to 'Return the set of ContainerListener classes that will be added to newly created Wrappers automatically.'
2019-05-11 11:06:13.964 DEBUG 8956 --- [kground-preinit] o.apache.tomcat.util.IntrospectionUtils  : IntrospectionUtils: setProperty(class org.apache.tomcat.util.modeler.OperationInfo description=Return the set of ContainerListener classes that will be added to newly created Wrappers automatically.)
2019-05-11 11:06:13.964 DEBUG 8956 --- [kground-preinit] o.apache.tomcat.util.digester.Digester   : [SetPropertiesRule]{mbeans-descriptors/mbean/operation} Setting property 'impact' to 'ACTION'
2019-05-11 11:06:13.964 DEBUG 8956 --- [kground-preinit] o.apache.tomcat.util.IntrospectionUtils  : IntrospectionUtils: setProperty(class org.apache.tomcat.util.modeler.OperationInfo impact=ACTION)
2019-05-11 11:06:13.965 DEBUG 8956 --- [kground-preinit] o.apache.tomcat.util.digester.Digester   : [SetPropertiesRule]{mbeans-descriptors/mbean/operation} Setting property 'returnType' to '[Ljava.lang.String;'
2019-05-11 11:06:13.965 DEBUG 8956 --- [kground-preinit] o.apache.tomcat.util.IntrospectionUtils  : IntrospectionUtils: setProperty(class org.apache.tomcat.util.modeler.OperationInfo returnType=[Ljava.lang.String;)
2019-05-11 11:06:13.965 DEBUG 8956 --- [kground-preinit] o.apache.tomcat.util.digester.Digester   :   Fire begin() for SetNextRule[methodName=addOperation, paramType=org.apache.tomcat.util.modeler.OperationInfo]
2019-05-11 11:06:13.965 DEBUG 8956 --- [kground-preinit] o.a.tomcat.util.digester.Digester.sax    : characters(
    )
2019-05-11 11:06:13.965 DEBUG 8956 --- [kground-preinit] o.a.tomcat.util.digester.Digester.sax    : endElement(,,operation)
2019-05-11 11:06:13.965 DEBUG 8956 --- [kground-preinit] o.apache.tomcat.util.digester.Digester   :   match='mbeans-descriptors/mbean/operation'
2019-05-11 11:06:13.965 DEBUG 8956 --- [kground-preinit] o.apache.tomcat.util.digester.Digester   :   bodyText='
    '
2019-05-11 11:06:13.965 DEBUG 8956 --- [kground-preinit] o.apache.tomcat.util.digester.Digester   :   Fire body() for ObjectCreateRule[className=org.apache.tomcat.util.modeler.OperationInfo, attributeName=null]
2019-05-11 11:06:13.965 DEBUG 8956 --- [kground-preinit] o.apache.tomcat.util.digester.Digester   :   Fire body() for SetPropertiesRule[]
2019-05-11 11:06:13.965 DEBUG 8956 --- [kground-preinit] o.apache.tomcat.util.digester.Digester   :   Fire body() for SetNextRule[methodName=addOperation, paramType=org.apache.tomcat.util.modeler.OperationInfo]
2019-05-11 11:06:13.965 DEBUG 8956 --- [kground-preinit] o.apache.tomcat.util.digester.Digester   :   Fire end() for SetNextRule[methodName=addOperation, paramType=org.apache.tomcat.util.modeler.OperationInfo]
2019-05-11 11:06:13.966 DEBUG 8956 --- [kground-preinit] o.apache.tomcat.util.digester.Digester   : [SetNextRule]{mbeans-descriptors/mbean/operation} Call org.apache.tomcat.util.modeler.ManagedBean.addOperation(org.apache.tomcat.util.modeler.OperationInfo@51c74fa9)
2019-05-11 11:06:13.966 DEBUG 8956 --- [kground-preinit] o.apache.tomcat.util.IntrospectionUtils  : IntrospectionUtils: callMethod1 org.apache.tomcat.util.modeler.ManagedBean org.apache.tomcat.util.modeler.OperationInfo org.apache.tomcat.util.modeler.OperationInfo
2019-05-11 11:06:13.966 DEBUG 8956 --- [kground-preinit] o.apache.tomcat.util.digester.Digester   :   Fire end() for SetPropertiesRule[]
2019-05-11 11:06:13.966 DEBUG 8956 --- [kground-preinit] o.apache.tomcat.util.digester.Digester   :   Fire end() for ObjectCreateRule[className=org.apache.tomcat.util.modeler.OperationInfo, attributeName=null]
2019-05-11 11:06:13.966 DEBUG 8956 --- [kground-preinit] o.apache.tomcat.util.digester.Digester   : [ObjectCreateRule]{mbeans-descriptors/mbean/operation} Pop org.apache.tomcat.util.modeler.OperationInfo
2019-05-11 11:06:13.966 DEBUG 8956 --- [kground-preinit] o.a.tomcat.util.digester.Digester.sax    : characters(

    )
2019-05-11 11:06:13.966 DEBUG 8956 --- [kground-preinit] o.a.tomcat.util.digester.Digester.sax    : startElement(,,operation)
2019-05-11 11:06:13.966 DEBUG 8956 --- [kground-preinit] o.apache.tomcat.util.digester.Digester   :   New match='mbeans-descriptors/mbean/operation'
2019-05-11 11:06:13.966 DEBUG 8956 --- [kground-preinit] o.apache.tomcat.util.digester.Digester   :   Fire begin() for ObjectCreateRule[className=org.apache.tomcat.util.modeler.OperationInfo, attributeName=null]
2019-05-11 11:06:13.966 DEBUG 8956 --- [kground-preinit] o.apache.tomcat.util.digester.Digester   : [ObjectCreateRule]{mbeans-descriptors/mbean/operation}New org.apache.tomcat.util.modeler.OperationInfo
2019-05-11 11:06:13.967 DEBUG 8956 --- [kground-preinit] o.apache.tomcat.util.digester.Digester   :   Fire begin() for SetPropertiesRule[]
2019-05-11 11:06:13.967 DEBUG 8956 --- [kground-preinit] o.apache.tomcat.util.digester.Digester   : [SetPropertiesRule]{mbeans-descriptors/mbean/operation} Set org.apache.tomcat.util.modeler.OperationInfo properties
2019-05-11 11:06:13.967 DEBUG 8956 --- [kground-preinit] o.apache.tomcat.util.digester.Digester   : [SetPropertiesRule]{mbeans-descriptors/mbean/operation} Setting property 'name' to 'init'
2019-05-11 11:06:13.967 DEBUG 8956 --- [kground-preinit] o.apache.tomcat.util.IntrospectionUtils  : IntrospectionUtils: setProperty(class org.apache.tomcat.util.modeler.OperationInfo name=init)
2019-05-11 11:06:13.967 DEBUG 8956 --- [kground-preinit] o.apache.tomcat.util.digester.Digester   : [SetPropertiesRule]{mbeans-descriptors/mbean/operation} Setting property 'description' to 'Register the context into the running server'
2019-05-11 11:06:13.967 DEBUG 8956 --- [kground-preinit] o.apache.tomcat.util.IntrospectionUtils  : IntrospectionUtils: setProperty(class org.apache.tomcat.util.modeler.OperationInfo description=Register the context into the running server)
2019-05-11 11:06:13.967 DEBUG 8956 --- [kground-preinit] o.apache.tomcat.util.digester.Digester   : [SetPropertiesRule]{mbeans-descriptors/mbean/operation} Setting property 'impact' to 'ACTION'
2019-05-11 11:06:13.967 DEBUG 8956 --- [kground-preinit] o.apache.tomcat.util.IntrospectionUtils  : IntrospectionUtils: setProperty(class org.apache.tomcat.util.modeler.OperationInfo impact=ACTION)
2019-05-11 11:06:13.967 DEBUG 8956 --- [kground-preinit] o.apache.tomcat.util.digester.Digester   : [SetPropertiesRule]{mbeans-descriptors/mbean/operation} Setting property 'returnType' to 'void'
2019-05-11 11:06:13.968 DEBUG 8956 --- [kground-preinit] o.apache.tomcat.util.IntrospectionUtils  : IntrospectionUtils: setProperty(class org.apache.tomcat.util.modeler.OperationInfo returnType=void)
2019-05-11 11:06:13.968 DEBUG 8956 --- [kground-preinit] o.apache.tomcat.util.digester.Digester   :   Fire begin() for SetNextRule[methodName=addOperation, paramType=org.apache.tomcat.util.modeler.OperationInfo]
2019-05-11 11:06:13.968 DEBUG 8956 --- [kground-preinit] o.a.tomcat.util.digester.Digester.sax    : characters(
    )
2019-05-11 11:06:13.968 DEBUG 8956 --- [kground-preinit] o.a.tomcat.util.digester.Digester.sax    : endElement(,,operation)
2019-05-11 11:06:13.968 DEBUG 8956 --- [kground-preinit] o.apache.tomcat.util.digester.Digester   :   match='mbeans-descriptors/mbean/operation'
2019-05-11 11:06:13.968 DEBUG 8956 --- [kground-preinit] o.apache.tomcat.util.digester.Digester   :   bodyText='
    '
2019-05-11 11:06:13.968 DEBUG 8956 --- [kground-preinit] o.apache.tomcat.util.digester.Digester   :   Fire body() for ObjectCreateRule[className=org.apache.tomcat.util.modeler.OperationInfo, attributeName=null]
2019-05-11 11:06:13.968 DEBUG 8956 --- [kground-preinit] o.apache.tomcat.util.digester.Digester   :   Fire body() for SetPropertiesRule[]
2019-05-11 11:06:13.968 DEBUG 8956 --- [kground-preinit] o.apache.tomcat.util.digester.Digester   :   Fire body() for SetNextRule[methodName=addOperation, paramType=org.apache.tomcat.util.modeler.OperationInfo]
2019-05-11 11:06:13.969 DEBUG 8956 --- [kground-preinit] o.apache.tomcat.util.digester.Digester   :   Fire end() for SetNextRule[methodName=addOperation, paramType=org.apache.tomcat.util.modeler.OperationInfo]
2019-05-11 11:06:13.969 DEBUG 8956 --- [kground-preinit] o.apache.tomcat.util.digester.Digester   : [SetNextRule]{mbeans-descriptors/mbean/operation} Call org.apache.tomcat.util.modeler.ManagedBean.addOperation(org.apache.tomcat.util.modeler.OperationInfo@32f3adf1)
2019-05-11 11:06:13.969 DEBUG 8956 --- [kground-preinit] o.apache.tomcat.util.IntrospectionUtils  : IntrospectionUtils: callMethod1 org.apache.tomcat.util.modeler.ManagedBean org.apache.tomcat.util.modeler.OperationInfo org.apache.tomcat.util.modeler.OperationInfo
2019-05-11 11:06:13.969 DEBUG 8956 --- [kground-preinit] o.apache.tomcat.util.digester.Digester   :   Fire end() for SetPropertiesRule[]
2019-05-11 11:06:13.969 DEBUG 8956 --- [kground-preinit] o.apache.tomcat.util.digester.Digester   :   Fire end() for ObjectCreateRule[className=org.apache.tomcat.util.modeler.OperationInfo, attributeName=null]
2019-05-11 11:06:13.969 DEBUG 8956 --- [kground-preinit] o.apache.tomcat.util.digester.Digester   : [ObjectCreateRule]{mbeans-descriptors/mbean/operation} Pop org.apache.tomcat.util.modeler.OperationInfo
2019-05-11 11:06:13.969 DEBUG 8956 --- [kground-preinit] o.a.tomcat.util.digester.Digester.sax    : characters(

    )
2019-05-11 11:06:13.969 DEBUG 8956 --- [kground-preinit] o.a.tomcat.util.digester.Digester.sax    : startElement(,,operation)
2019-05-11 11:06:13.969 DEBUG 8956 --- [kground-preinit] o.apache.tomcat.util.digester.Digester   :   New match='mbeans-descriptors/mbean/operation'
2019-05-11 11:06:13.969 DEBUG 8956 --- [kground-preinit] o.apache.tomcat.util.digester.Digester   :   Fire begin() for ObjectCreateRule[className=org.apache.tomcat.util.modeler.OperationInfo, attributeName=null]
2019-05-11 11:06:13.970 DEBUG 8956 --- [kground-preinit] o.apache.tomcat.util.digester.Digester   : [ObjectCreateRule]{mbeans-descriptors/mbean/operation}New org.apache.tomcat.util.modeler.OperationInfo
2019-05-11 11:06:13.970 DEBUG 8956 --- [kground-preinit] o.apache.tomcat.util.digester.Digester   :   Fire begin() for SetPropertiesRule[]
2019-05-11 11:06:13.970 DEBUG 8956 --- [kground-preinit] o.apache.tomcat.util.digester.Digester   : [SetPropertiesRule]{mbeans-descriptors/mbean/operation} Set org.apache.tomcat.util.modeler.OperationInfo properties
2019-05-11 11:06:13.970 DEBUG 8956 --- [kground-preinit] o.apache.tomcat.util.digester.Digester   : [SetPropertiesRule]{mbeans-descriptors/mbean/operation} Setting property 'name' to 'start'
2019-05-11 11:06:13.970 DEBUG 8956 --- [kground-preinit] o.apache.tomcat.util.IntrospectionUtils  : IntrospectionUtils: setProperty(class org.apache.tomcat.util.modeler.OperationInfo name=start)
2019-05-11 11:06:13.970 DEBUG 8956 --- [kground-preinit] o.apache.tomcat.util.digester.Digester   : [SetPropertiesRule]{mbeans-descriptors/mbean/operation} Setting property 'description' to 'Start the context'
2019-05-11 11:06:13.970 DEBUG 8956 --- [kground-preinit] o.apache.tomcat.util.IntrospectionUtils  : IntrospectionUtils: setProperty(class org.apache.tomcat.util.modeler.OperationInfo description=Start the context)
2019-05-11 11:06:13.970 DEBUG 8956 --- [kground-preinit] o.apache.tomcat.util.digester.Digester   : [SetPropertiesRule]{mbeans-descriptors/mbean/operation} Setting property 'impact' to 'ACTION'
2019-05-11 11:06:13.970 DEBUG 8956 --- [kground-preinit] o.apache.tomcat.util.IntrospectionUtils  : IntrospectionUtils: setProperty(class org.apache.tomcat.util.modeler.OperationInfo impact=ACTION)
2019-05-11 11:06:13.971 DEBUG 8956 --- [kground-preinit] o.apache.tomcat.util.digester.Digester   : [SetPropertiesRule]{mbeans-descriptors/mbean/operation} Setting property 'returnType' to 'void'
2019-05-11 11:06:13.971 DEBUG 8956 --- [kground-preinit] o.apache.tomcat.util.IntrospectionUtils  : IntrospectionUtils: setProperty(class org.apache.tomcat.util.modeler.OperationInfo returnType=void)
2019-05-11 11:06:13.971 DEBUG 8956 --- [kground-preinit] o.apache.tomcat.util.digester.Digester   :   Fire begin() for SetNextRule[methodName=addOperation, paramType=org.apache.tomcat.util.modeler.OperationInfo]
2019-05-11 11:06:13.971 DEBUG 8956 --- [kground-preinit] o.a.tomcat.util.digester.Digester.sax    : characters(
    )
2019-05-11 11:06:13.971 DEBUG 8956 --- [kground-preinit] o.a.tomcat.util.digester.Digester.sax    : endElement(,,operation)
2019-05-11 11:06:13.971 DEBUG 8956 --- [kground-preinit] o.apache.tomcat.util.digester.Digester   :   match='mbeans-descriptors/mbean/operation'
2019-05-11 11:06:13.971 DEBUG 8956 --- [kground-preinit] o.apache.tomcat.util.digester.Digester   :   bodyText='
    '
2019-05-11 11:06:13.971 DEBUG 8956 --- [kground-preinit] o.apache.tomcat.util.digester.Digester   :   Fire body() for ObjectCreateRule[className=org.apache.tomcat.util.modeler.OperationInfo, attributeName=null]
2019-05-11 11:06:13.971 DEBUG 8956 --- [kground-preinit] o.apache.tomcat.util.digester.Digester   :   Fire body() for SetPropertiesRule[]
2019-05-11 11:06:13.971 DEBUG 8956 --- [kground-preinit] o.apache.tomcat.util.digester.Digester   :   Fire body() for SetNextRule[methodName=addOperation, paramType=org.apache.tomcat.util.modeler.OperationInfo]
2019-05-11 11:06:13.972 DEBUG 8956 --- [kground-preinit] o.apache.tomcat.util.digester.Digester   :   Fire end() for SetNextRule[methodName=addOperation, paramType=org.apache.tomcat.util.modeler.OperationInfo]
2019-05-11 11:06:13.972 DEBUG 8956 --- [kground-preinit] o.apache.tomcat.util.digester.Digester   : [SetNextRule]{mbeans-descriptors/mbean/operation} Call org.apache.tomcat.util.modeler.ManagedBean.addOperation(org.apache.tomcat.util.modeler.OperationInfo@132c14b4)
2019-05-11 11:06:13.972 DEBUG 8956 --- [kground-preinit] o.apache.tomcat.util.IntrospectionUtils  : IntrospectionUtils: callMethod1 org.apache.tomcat.util.modeler.ManagedBean org.apache.tomcat.util.modeler.OperationInfo org.apache.tomcat.util.modeler.OperationInfo
2019-05-11 11:06:13.972 DEBUG 8956 --- [kground-preinit] o.apache.tomcat.util.digester.Digester   :   Fire end() for SetPropertiesRule[]
2019-05-11 11:06:13.972 DEBUG 8956 --- [kground-preinit] o.apache.tomcat.util.digester.Digester   :   Fire end() for ObjectCreateRule[className=org.apache.tomcat.util.modeler.OperationInfo, attributeName=null]
2019-05-11 11:06:13.991 DEBUG 8956 --- [kground-preinit] o.apache.tomcat.util.digester.Digester   : [ObjectCreateRule]{mbeans-descriptors/mbean/operation} Pop org.apache.tomcat.util.modeler.OperationInfo
2019-05-11 11:06:13.992 DEBUG 8956 --- [kground-preinit] o.a.tomcat.util.digester.Digester.sax    : characters(

    )
2019-05-11 11:06:13.992 DEBUG 8956 --- [kground-preinit] o.a.tomcat.util.digester.Digester.sax    : startElement(,,operation)
2019-05-11 11:06:13.992 DEBUG 8956 --- [kground-preinit] o.apache.tomcat.util.digester.Digester   :   New match='mbeans-descriptors/mbean/operation'
2019-05-11 11:06:13.992 DEBUG 8956 --- [kground-preinit] o.apache.tomcat.util.digester.Digester   :   Fire begin() for ObjectCreateRule[className=org.apache.tomcat.util.modeler.OperationInfo, attributeName=null]
2019-05-11 11:06:13.992 DEBUG 8956 --- [kground-preinit] o.apache.tomcat.util.digester.Digester   : [ObjectCreateRule]{mbeans-descriptors/mbean/operation}New org.apache.tomcat.util.modeler.OperationInfo
2019-05-11 11:06:13.992 DEBUG 8956 --- [kground-preinit] o.apache.tomcat.util.digester.Digester   :   Fire begin() for SetPropertiesRule[]
2019-05-11 11:06:13.993 DEBUG 8956 --- [kground-preinit] o.apache.tomcat.util.digester.Digester   : [SetPropertiesRule]{mbeans-descriptors/mbean/operation} Set org.apache.tomcat.util.modeler.OperationInfo properties
2019-05-11 11:06:13.993 DEBUG 8956 --- [kground-preinit] o.apache.tomcat.util.digester.Digester   : [SetPropertiesRule]{mbeans-descriptors/mbean/operation} Setting property 'name' to 'stop'
2019-05-11 11:06:13.993 DEBUG 8956 --- [kground-preinit] o.apache.tomcat.util.IntrospectionUtils  : IntrospectionUtils: setProperty(class org.apache.tomcat.util.modeler.OperationInfo name=stop)
2019-05-11 11:06:13.993 DEBUG 8956 --- [kground-preinit] o.apache.tomcat.util.digester.Digester   : [SetPropertiesRule]{mbeans-descriptors/mbean/operation} Setting property 'description' to 'Stop the context'
2019-05-11 11:06:13.993 DEBUG 8956 --- [kground-preinit] o.apache.tomcat.util.IntrospectionUtils  : IntrospectionUtils: setProperty(class org.apache.tomcat.util.modeler.OperationInfo description=Stop the context)
2019-05-11 11:06:13.993 DEBUG 8956 --- [kground-preinit] o.apache.tomcat.util.digester.Digester   : [SetPropertiesRule]{mbeans-descriptors/mbean/operation} Setting property 'impact' to 'ACTION'
2019-05-11 11:06:13.993 DEBUG 8956 --- [kground-preinit] o.apache.tomcat.util.IntrospectionUtils  : IntrospectionUtils: setProperty(class org.apache.tomcat.util.modeler.OperationInfo impact=ACTION)
2019-05-11 11:06:13.994 DEBUG 8956 --- [kground-preinit] o.apache.tomcat.util.digester.Digester   : [SetPropertiesRule]{mbeans-descriptors/mbean/operation} Setting property 'returnType' to 'void'
2019-05-11 11:06:13.994 DEBUG 8956 --- [kground-preinit] o.apache.tomcat.util.IntrospectionUtils  : IntrospectionUtils: setProperty(class org.apache.tomcat.util.modeler.OperationInfo returnType=void)
2019-05-11 11:06:13.994 DEBUG 8956 --- [kground-preinit] o.apache.tomcat.util.digester.Digester   :   Fire begin() for SetNextRule[methodName=addOperation, paramType=org.apache.tomcat.util.modeler.OperationInfo]
2019-05-11 11:06:13.994 DEBUG 8956 --- [kground-preinit] o.a.tomcat.util.digester.Digester.sax    : characters(
    )
2019-05-11 11:06:13.994 DEBUG 8956 --- [kground-preinit] o.a.tomcat.util.digester.Digester.sax    : endElement(,,operation)
2019-05-11 11:06:13.994 DEBUG 8956 --- [kground-preinit] o.apache.tomcat.util.digester.Digester   :   match='mbeans-descriptors/mbean/operation'
2019-05-11 11:06:13.994 DEBUG 8956 --- [kground-preinit] o.apache.tomcat.util.digester.Digester   :   bodyText='
    '
2019-05-11 11:06:13.994 DEBUG 8956 --- [kground-preinit] o.apache.tomcat.util.digester.Digester   :   Fire body() for ObjectCreateRule[className=org.apache.tomcat.util.modeler.OperationInfo, attributeName=null]
2019-05-11 11:06:13.995 DEBUG 8956 --- [kground-preinit] o.apache.tomcat.util.digester.Digester   :   Fire body() for SetPropertiesRule[]
2019-05-11 11:06:13.995 DEBUG 8956 --- [kground-preinit] o.apache.tomcat.util.digester.Digester   :   Fire body() for SetNextRule[methodName=addOperation, paramType=org.apache.tomcat.util.modeler.OperationInfo]
2019-05-11 11:06:13.995 DEBUG 8956 --- [kground-preinit] o.apache.tomcat.util.digester.Digester   :   Fire end() for SetNextRule[methodName=addOperation, paramType=org.apache.tomcat.util.modeler.OperationInfo]
2019-05-11 11:06:13.995 DEBUG 8956 --- [kground-preinit] o.apache.tomcat.util.digester.Digester   : [SetNextRule]{mbeans-descriptors/mbean/operation} Call org.apache.tomcat.util.modeler.ManagedBean.addOperation(org.apache.tomcat.util.modeler.OperationInfo@4bf2d719)
2019-05-11 11:06:13.995 DEBUG 8956 --- [kground-preinit] o.apache.tomcat.util.IntrospectionUtils  : IntrospectionUtils: callMethod1 org.apache.tomcat.util.modeler.ManagedBean org.apache.tomcat.util.modeler.OperationInfo org.apache.tomcat.util.modeler.OperationInfo
2019-05-11 11:06:13.995 DEBUG 8956 --- [kground-preinit] o.apache.tomcat.util.digester.Digester   :   Fire end() for SetPropertiesRule[]
2019-05-11 11:06:13.995 DEBUG 8956 --- [           main] a.ConfigurationClassBeanDefinitionReader : Registered bean definition for imported class 'org.springframework.boot.autoconfigure.transaction.jta.JtaAutoConfiguration'
2019-05-11 11:06:13.996 DEBUG 8956 --- [kground-preinit] o.apache.tomcat.util.digester.Digester   :   Fire end() for ObjectCreateRule[className=org.apache.tomcat.util.modeler.OperationInfo, attributeName=null]
2019-05-11 11:06:13.996 DEBUG 8956 --- [kground-preinit] o.apache.tomcat.util.digester.Digester   : [ObjectCreateRule]{mbeans-descriptors/mbean/operation} Pop org.apache.tomcat.util.modeler.OperationInfo
2019-05-11 11:06:13.996 DEBUG 8956 --- [           main] o.s.b.f.s.DefaultListableBeanFactory     : Returning cached instance of singleton bean 'autoConfigurationReport'
2019-05-11 11:06:13.997 DEBUG 8956 --- [kground-preinit] o.a.tomcat.util.digester.Digester.sax    : characters(

    )
2019-05-11 11:06:13.997 DEBUG 8956 --- [           main] o.s.b.f.s.DefaultListableBeanFactory     : Returning cached instance of singleton bean 'org.springframework.boot.autoconfigure.condition.BeanTypeRegistry'
2019-05-11 11:06:13.998 DEBUG 8956 --- [kground-preinit] o.a.tomcat.util.digester.Digester.sax    : startElement(,,operation)
2019-05-11 11:06:13.998 DEBUG 8956 --- [kground-preinit] o.apache.tomcat.util.digester.Digester   :   New match='mbeans-descriptors/mbean/operation'
2019-05-11 11:06:13.999 DEBUG 8956 --- [kground-preinit] o.apache.tomcat.util.digester.Digester   :   Fire begin() for ObjectCreateRule[className=org.apache.tomcat.util.modeler.OperationInfo, attributeName=null]
2019-05-11 11:06:13.999 DEBUG 8956 --- [kground-preinit] o.apache.tomcat.util.digester.Digester   : [ObjectCreateRule]{mbeans-descriptors/mbean/operation}New org.apache.tomcat.util.modeler.OperationInfo
2019-05-11 11:06:13.999 DEBUG 8956 --- [kground-preinit] o.apache.tomcat.util.digester.Digester   :   Fire begin() for SetPropertiesRule[]
2019-05-11 11:06:13.999 DEBUG 8956 --- [kground-preinit] o.apache.tomcat.util.digester.Digester   : [SetPropertiesRule]{mbeans-descriptors/mbean/operation} Set org.apache.tomcat.util.modeler.OperationInfo properties
2019-05-11 11:06:14.002 DEBUG 8956 --- [           main] o.s.b.f.s.DefaultListableBeanFactory     : Returning cached instance of singleton bean 'autoConfigurationReport'
2019-05-11 11:06:14.036 DEBUG 8956 --- [           main] o.s.b.f.s.DefaultListableBeanFactory     : Returning cached instance of singleton bean 'autoConfigurationReport'
2019-05-11 11:06:14.037 DEBUG 8956 --- [           main] o.s.b.f.s.DefaultListableBeanFactory     : Returning cached instance of singleton bean 'org.springframework.boot.autoconfigure.condition.BeanTypeRegistry'
2019-05-11 11:06:14.037 DEBUG 8956 --- [           main] o.s.b.f.s.DefaultListableBeanFactory     : Returning cached instance of singleton bean 'org.springframework.boot.autoconfigure.condition.BeanTypeRegistry'
2019-05-11 11:06:14.037 DEBUG 8956 --- [           main] o.s.b.f.s.DefaultListableBeanFactory     : Returning cached instance of singleton bean 'autoConfigurationReport'
2019-05-11 11:06:14.038 DEBUG 8956 --- [           main] o.s.b.f.s.DefaultListableBeanFactory     : Returning cached instance of singleton bean 'autoConfigurationReport'
2019-05-11 11:06:14.038 DEBUG 8956 --- [           main] o.s.b.f.s.DefaultListableBeanFactory     : Returning cached instance of singleton bean 'autoConfigurationReport'
2019-05-11 11:06:14.039 DEBUG 8956 --- [           main] a.ConfigurationClassBeanDefinitionReader : Registered bean definition for imported class 'org.springframework.boot.autoconfigure.jdbc.DataSourceConfiguration$Tomcat'
2019-05-11 11:06:14.039 DEBUG 8956 --- [           main] a.ConfigurationClassBeanDefinitionReader : Registering bean definition for @Bean method org.springframework.boot.autoconfigure.jdbc.DataSourceConfiguration$Tomcat.dataSource()
2019-05-11 11:06:14.042 DEBUG 8956 --- [           main] a.ConfigurationClassBeanDefinitionReader : Registered bean definition for imported class 'org.springframework.boot.autoconfigure.jdbc.DataSourceAutoConfiguration$PooledDataSourceConfiguration'
2019-05-11 11:06:14.043 DEBUG 8956 --- [           main] o.s.b.f.s.DefaultListableBeanFactory     : Returning cached instance of singleton bean 'autoConfigurationReport'
2019-05-11 11:06:14.044 DEBUG 8956 --- [           main] a.ConfigurationClassBeanDefinitionReader : Registered bean definition for imported class 'org.springframework.boot.autoconfigure.jdbc.metadata.DataSourcePoolMetadataProvidersConfiguration$TomcatDataSourcePoolMetadataProviderConfiguration'
2019-05-11 11:06:14.044 DEBUG 8956 --- [           main] a.ConfigurationClassBeanDefinitionReader : Registering bean definition for @Bean method org.springframework.boot.autoconfigure.jdbc.metadata.DataSourcePoolMetadataProvidersConfiguration$TomcatDataSourcePoolMetadataProviderConfiguration.tomcatPoolDataSourceMetadataProvider()
2019-05-11 11:06:14.044 DEBUG 8956 --- [           main] a.ConfigurationClassBeanDefinitionReader : Registered bean definition for imported class 'org.springframework.boot.autoconfigure.jdbc.metadata.DataSourcePoolMetadataProvidersConfiguration'
2019-05-11 11:06:14.045 DEBUG 8956 --- [           main] a.ConfigurationClassBeanDefinitionReader : Registered bean definition for imported class 'org.springframework.boot.autoconfigure.jdbc.DataSourceAutoConfiguration'
2019-05-11 11:06:14.046 DEBUG 8956 --- [           main] o.s.b.f.s.DefaultListableBeanFactory     : Returning cached instance of singleton bean 'org.springframework.boot.autoconfigure.condition.BeanTypeRegistry'
2019-05-11 11:06:14.049 DEBUG 8956 --- [           main] o.s.b.f.s.DefaultListableBeanFactory     : Returning cached instance of singleton bean 'autoConfigurationReport'
2019-05-11 11:06:14.049 DEBUG 8956 --- [           main] a.ConfigurationClassBeanDefinitionReader : Registering bean definition for @Bean method org.springframework.boot.autoconfigure.jdbc.DataSourceAutoConfiguration.dataSourceInitializer()
2019-05-11 11:06:14.050 DEBUG 8956 --- [           main] o.s.b.f.s.DefaultListableBeanFactory     : Returning cached instance of singleton bean 'autoConfigurationReport'
2019-05-11 11:06:14.050 DEBUG 8956 --- [           main] o.s.b.f.s.DefaultListableBeanFactory     : Returning cached instance of singleton bean 'org.springframework.boot.autoconfigure.condition.BeanTypeRegistry'
2019-05-11 11:06:14.051 DEBUG 8956 --- [           main] o.s.b.f.s.DefaultListableBeanFactory     : Returning cached instance of singleton bean 'autoConfigurationReport'
2019-05-11 11:06:14.051 DEBUG 8956 --- [           main] o.s.b.f.s.DefaultListableBeanFactory     : Returning cached instance of singleton bean 'org.springframework.boot.autoconfigure.condition.BeanTypeRegistry'
2019-05-11 11:06:14.051 DEBUG 8956 --- [           main] o.s.b.f.s.DefaultListableBeanFactory     : Returning cached instance of singleton bean 'autoConfigurationReport'
2019-05-11 11:06:14.051 DEBUG 8956 --- [           main] a.ConfigurationClassBeanDefinitionReader : Registered bean definition for imported class 'tk.mybatis.mapper.autoconfigure.MapperAutoConfiguration'
2019-05-11 11:06:14.052 DEBUG 8956 --- [           main] o.s.b.f.s.DefaultListableBeanFactory     : Returning cached instance of singleton bean 'org.springframework.boot.autoconfigure.condition.BeanTypeRegistry'
2019-05-11 11:06:14.052 DEBUG 8956 --- [kground-preinit] o.apache.tomcat.util.digester.Digester   : [SetPropertiesRule]{mbeans-descriptors/mbean/operation} Setting property 'name' to 'reload'
2019-05-11 11:06:14.052 DEBUG 8956 --- [kground-preinit] o.apache.tomcat.util.IntrospectionUtils  : IntrospectionUtils: setProperty(class org.apache.tomcat.util.modeler.OperationInfo name=reload)
2019-05-11 11:06:14.052 DEBUG 8956 --- [kground-preinit] o.apache.tomcat.util.digester.Digester   : [SetPropertiesRule]{mbeans-descriptors/mbean/operation} Setting property 'description' to 'Reload the web application'
2019-05-11 11:06:14.052 DEBUG 8956 --- [kground-preinit] o.apache.tomcat.util.IntrospectionUtils  : IntrospectionUtils: setProperty(class org.apache.tomcat.util.modeler.OperationInfo description=Reload the web application)
2019-05-11 11:06:14.053 DEBUG 8956 --- [           main] o.s.b.f.s.DefaultListableBeanFactory     : Returning cached instance of singleton bean 'autoConfigurationReport'
2019-05-11 11:06:14.053 DEBUG 8956 --- [           main] a.ConfigurationClassBeanDefinitionReader : Registering bean definition for @Bean method tk.mybatis.mapper.autoconfigure.MapperAutoConfiguration.sqlSessionFactory()
2019-05-11 11:06:14.054 DEBUG 8956 --- [           main] o.s.b.f.s.DefaultListableBeanFactory     : Returning cached instance of singleton bean 'org.springframework.boot.autoconfigure.condition.BeanTypeRegistry'
2019-05-11 11:06:14.056 DEBUG 8956 --- [           main] o.s.b.f.s.DefaultListableBeanFactory     : Returning cached instance of singleton bean 'autoConfigurationReport'
2019-05-11 11:06:14.056 DEBUG 8956 --- [           main] a.ConfigurationClassBeanDefinitionReader : Registering bean definition for @Bean method tk.mybatis.mapper.autoconfigure.MapperAutoConfiguration.sqlSessionTemplate()
2019-05-11 11:06:14.057 DEBUG 8956 --- [kground-preinit] o.apache.tomcat.util.digester.Digester   : [SetPropertiesRule]{mbeans-descriptors/mbean/operation} Setting property 'impact' to 'ACTION'
2019-05-11 11:06:14.057 DEBUG 8956 --- [           main] o.s.b.f.s.DefaultListableBeanFactory     : Returning cached instance of singleton bean 'autoConfigurationReport'
2019-05-11 11:06:14.057 DEBUG 8956 --- [           main] o.s.b.f.s.DefaultListableBeanFactory     : Returning cached instance of singleton bean 'org.springframework.boot.autoconfigure.condition.BeanTypeRegistry'
2019-05-11 11:06:14.058 DEBUG 8956 --- [           main] o.s.b.f.s.DefaultListableBeanFactory     : Returning cached instance of singleton bean 'autoConfigurationReport'
2019-05-11 11:06:14.058 DEBUG 8956 --- [           main] o.s.b.f.s.DefaultListableBeanFactory     : Returning cached instance of singleton bean 'org.springframework.boot.autoconfigure.condition.BeanTypeRegistry'
2019-05-11 11:06:14.059 DEBUG 8956 --- [           main] o.s.b.f.s.DefaultListableBeanFactory     : Returning cached instance of singleton bean 'autoConfigurationReport'
2019-05-11 11:06:14.059 DEBUG 8956 --- [kground-preinit] o.apache.tomcat.util.IntrospectionUtils  : IntrospectionUtils: setProperty(class org.apache.tomcat.util.modeler.OperationInfo impact=ACTION)
2019-05-11 11:06:14.059 DEBUG 8956 --- [           main] a.ConfigurationClassBeanDefinitionReader : Registered bean definition for imported class 'org.mybatis.spring.boot.autoconfigure.MybatisAutoConfiguration'
2019-05-11 11:06:14.059 DEBUG 8956 --- [kground-preinit] o.apache.tomcat.util.digester.Digester   : [SetPropertiesRule]{mbeans-descriptors/mbean/operation} Setting property 'returnType' to 'void'
2019-05-11 11:06:14.059 DEBUG 8956 --- [           main] o.s.b.f.s.DefaultListableBeanFactory     : Returning cached instance of singleton bean 'org.springframework.boot.autoconfigure.condition.BeanTypeRegistry'
2019-05-11 11:06:14.059 DEBUG 8956 --- [kground-preinit] o.apache.tomcat.util.IntrospectionUtils  : IntrospectionUtils: setProperty(class org.apache.tomcat.util.modeler.OperationInfo returnType=void)
2019-05-11 11:06:14.059 DEBUG 8956 --- [kground-preinit] o.apache.tomcat.util.digester.Digester   :   Fire begin() for SetNextRule[methodName=addOperation, paramType=org.apache.tomcat.util.modeler.OperationInfo]
2019-05-11 11:06:14.059 DEBUG 8956 --- [kground-preinit] o.a.tomcat.util.digester.Digester.sax    : characters(
    )
2019-05-11 11:06:14.059 DEBUG 8956 --- [kground-preinit] o.a.tomcat.util.digester.Digester.sax    : endElement(,,operation)
2019-05-11 11:06:14.059 DEBUG 8956 --- [kground-preinit] o.apache.tomcat.util.digester.Digester   :   match='mbeans-descriptors/mbean/operation'
2019-05-11 11:06:14.060 DEBUG 8956 --- [           main] o.s.b.f.s.DefaultListableBeanFactory     : Returning cached instance of singleton bean 'autoConfigurationReport'
2019-05-11 11:06:14.060 DEBUG 8956 --- [           main] o.s.b.f.s.DefaultListableBeanFactory     : Returning cached instance of singleton bean 'org.springframework.boot.autoconfigure.condition.BeanTypeRegistry'
2019-05-11 11:06:14.061 DEBUG 8956 --- [           main] o.s.b.f.s.DefaultListableBeanFactory     : Returning cached instance of singleton bean 'autoConfigurationReport'
2019-05-11 11:06:14.061 DEBUG 8956 --- [           main] o.s.b.f.s.DefaultListableBeanFactory     : Returning cached instance of singleton bean 'autoConfigurationReport'
2019-05-11 11:06:14.063 DEBUG 8956 --- [           main] o.s.b.f.s.DefaultListableBeanFactory     : Returning cached instance of singleton bean 'org.springframework.boot.autoconfigure.condition.BeanTypeRegistry'
2019-05-11 11:06:14.064 DEBUG 8956 --- [           main] o.s.b.f.s.DefaultListableBeanFactory     : Returning cached instance of singleton bean 'autoConfigurationReport'
2019-05-11 11:06:14.064 DEBUG 8956 --- [           main] a.ConfigurationClassBeanDefinitionReader : Registered bean definition for imported class 'org.springframework.boot.autoconfigure.context.ConfigurationPropertiesAutoConfiguration'
2019-05-11 11:06:14.065 DEBUG 8956 --- [           main] o.s.b.f.s.DefaultListableBeanFactory     : Returning cached instance of singleton bean 'autoConfigurationReport'
2019-05-11 11:06:14.065 DEBUG 8956 --- [           main] a.ConfigurationClassBeanDefinitionReader : Registered bean definition for imported class 'org.springframework.boot.autoconfigure.dao.PersistenceExceptionTranslationAutoConfiguration'
2019-05-11 11:06:14.065 DEBUG 8956 --- [           main] o.s.b.f.s.DefaultListableBeanFactory     : Returning cached instance of singleton bean 'autoConfigurationReport'
2019-05-11 11:06:14.066 DEBUG 8956 --- [           main] o.s.b.f.s.DefaultListableBeanFactory     : Returning cached instance of singleton bean 'org.springframework.boot.autoconfigure.condition.BeanTypeRegistry'
2019-05-11 11:06:14.070 DEBUG 8956 --- [           main] o.s.b.f.s.DefaultListableBeanFactory     : Returning cached instance of singleton bean 'autoConfigurationReport'
2019-05-11 11:06:14.071 DEBUG 8956 --- [           main] a.ConfigurationClassBeanDefinitionReader : Registering bean definition for @Bean method org.springframework.boot.autoconfigure.dao.PersistenceExceptionTranslationAutoConfiguration.persistenceExceptionTranslationPostProcessor()
2019-05-11 11:06:14.071 DEBUG 8956 --- [           main] o.s.b.f.s.DefaultListableBeanFactory     : Returning cached instance of singleton bean 'autoConfigurationReport'
2019-05-11 11:06:14.071 DEBUG 8956 --- [           main] o.s.b.f.s.DefaultListableBeanFactory     : Returning cached instance of singleton bean 'autoConfigurationReport'
2019-05-11 11:06:14.071 DEBUG 8956 --- [           main] a.ConfigurationClassBeanDefinitionReader : Registered bean definition for imported class 'org.springframework.boot.autoconfigure.web.HttpMessageConvertersAutoConfiguration$StringHttpMessageConverterConfiguration'
2019-05-11 11:06:14.072 DEBUG 8956 --- [           main] o.s.b.f.s.DefaultListableBeanFactory     : Returning cached instance of singleton bean 'org.springframework.boot.autoconfigure.condition.BeanTypeRegistry'
2019-05-11 11:06:14.073 DEBUG 8956 --- [           main] o.s.b.f.s.DefaultListableBeanFactory     : Returning cached instance of singleton bean 'autoConfigurationReport'
2019-05-11 11:06:14.073 DEBUG 8956 --- [           main] a.ConfigurationClassBeanDefinitionReader : Registering bean definition for @Bean method org.springframework.boot.autoconfigure.web.HttpMessageConvertersAutoConfiguration$StringHttpMessageConverterConfiguration.stringHttpMessageConverter()
2019-05-11 11:06:14.074 DEBUG 8956 --- [           main] o.s.b.f.s.DefaultListableBeanFactory     : Returning cached instance of singleton bean 'autoConfigurationReport'
2019-05-11 11:06:14.075 DEBUG 8956 --- [           main] o.s.b.f.s.DefaultListableBeanFactory     : Returning cached instance of singleton bean 'autoConfigurationReport'
2019-05-11 11:06:14.077 DEBUG 8956 --- [           main] o.s.b.f.s.DefaultListableBeanFactory     : Returning cached instance of singleton bean 'org.springframework.boot.autoconfigure.condition.BeanTypeRegistry'
2019-05-11 11:06:14.077 DEBUG 8956 --- [           main] o.s.b.f.s.DefaultListableBeanFactory     : Returning cached instance of singleton bean 'autoConfigurationReport'
2019-05-11 11:06:14.078 DEBUG 8956 --- [           main] a.ConfigurationClassBeanDefinitionReader : Registered bean definition for imported class 'org.springframework.boot.autoconfigure.web.JacksonHttpMessageConvertersConfiguration$MappingJackson2HttpMessageConverterConfiguration'
2019-05-11 11:06:14.078 DEBUG 8956 --- [           main] o.s.b.f.s.DefaultListableBeanFactory     : Returning cached instance of singleton bean 'org.springframework.boot.autoconfigure.condition.BeanTypeRegistry'
2019-05-11 11:06:14.081 DEBUG 8956 --- [kground-preinit] o.apache.tomcat.util.digester.Digester   :   bodyText='
    '
2019-05-11 11:06:14.082 DEBUG 8956 --- [kground-preinit] o.apache.tomcat.util.digester.Digester   :   Fire body() for ObjectCreateRule[className=org.apache.tomcat.util.modeler.OperationInfo, attributeName=null]
2019-05-11 11:06:14.082 DEBUG 8956 --- [kground-preinit] o.apache.tomcat.util.digester.Digester   :   Fire body() for SetPropertiesRule[]
2019-05-11 11:06:14.082 DEBUG 8956 --- [kground-preinit] o.apache.tomcat.util.digester.Digester   :   Fire body() for SetNextRule[methodName=addOperation, paramType=org.apache.tomcat.util.modeler.OperationInfo]
2019-05-11 11:06:14.082 DEBUG 8956 --- [kground-preinit] o.apache.tomcat.util.digester.Digester   :   Fire end() for SetNextRule[methodName=addOperation, paramType=org.apache.tomcat.util.modeler.OperationInfo]
2019-05-11 11:06:14.082 DEBUG 8956 --- [kground-preinit] o.apache.tomcat.util.digester.Digester   : [SetNextRule]{mbeans-descriptors/mbean/operation} Call org.apache.tomcat.util.modeler.ManagedBean.addOperation(org.apache.tomcat.util.modeler.OperationInfo@202373c9)
2019-05-11 11:06:14.082 DEBUG 8956 --- [kground-preinit] o.apache.tomcat.util.IntrospectionUtils  : IntrospectionUtils: callMethod1 org.apache.tomcat.util.modeler.ManagedBean org.apache.tomcat.util.modeler.OperationInfo org.apache.tomcat.util.modeler.OperationInfo
2019-05-11 11:06:14.082 DEBUG 8956 --- [kground-preinit] o.apache.tomcat.util.digester.Digester   :   Fire end() for SetPropertiesRule[]
2019-05-11 11:06:14.082 DEBUG 8956 --- [kground-preinit] o.apache.tomcat.util.digester.Digester   :   Fire end() for ObjectCreateRule[className=org.apache.tomcat.util.modeler.OperationInfo, attributeName=null]
2019-05-11 11:06:14.083 DEBUG 8956 --- [kground-preinit] o.apache.tomcat.util.digester.Digester   : [ObjectCreateRule]{mbeans-descriptors/mbean/operation} Pop org.apache.tomcat.util.modeler.OperationInfo
2019-05-11 11:06:14.083 DEBUG 8956 --- [kground-preinit] o.a.tomcat.util.digester.Digester.sax    : characters(

    )
2019-05-11 11:06:14.083 DEBUG 8956 --- [kground-preinit] o.a.tomcat.util.digester.Digester.sax    : startElement(,,operation)
2019-05-11 11:06:14.083 DEBUG 8956 --- [kground-preinit] o.apache.tomcat.util.digester.Digester   :   New match='mbeans-descriptors/mbean/operation'
2019-05-11 11:06:14.083 DEBUG 8956 --- [kground-preinit] o.apache.tomcat.util.digester.Digester   :   Fire begin() for ObjectCreateRule[className=org.apache.tomcat.util.modeler.OperationInfo, attributeName=null]
2019-05-11 11:06:14.083 DEBUG 8956 --- [kground-preinit] o.apache.tomcat.util.digester.Digester   : [ObjectCreateRule]{mbeans-descriptors/mbean/operation}New org.apache.tomcat.util.modeler.OperationInfo
2019-05-11 11:06:14.084 DEBUG 8956 --- [kground-preinit] o.apache.tomcat.util.digester.Digester   :   Fire begin() for SetPropertiesRule[]
2019-05-11 11:06:14.084 DEBUG 8956 --- [kground-preinit] o.apache.tomcat.util.digester.Digester   : [SetPropertiesRule]{mbeans-descriptors/mbean/operation} Set org.apache.tomcat.util.modeler.OperationInfo properties
2019-05-11 11:06:14.084 DEBUG 8956 --- [kground-preinit] o.apache.tomcat.util.digester.Digester   : [SetPropertiesRule]{mbeans-descriptors/mbean/operation} Setting property 'name' to 'removeApplicationListener'
2019-05-11 11:06:14.084 DEBUG 8956 --- [kground-preinit] o.apache.tomcat.util.IntrospectionUtils  : IntrospectionUtils: setProperty(class org.apache.tomcat.util.modeler.OperationInfo name=removeApplicationListener)
2019-05-11 11:06:14.084 DEBUG 8956 --- [kground-preinit] o.apache.tomcat.util.digester.Digester   : [SetPropertiesRule]{mbeans-descriptors/mbean/operation} Setting property 'description' to 'Remove the specified application listener class from the set of listeners for this application.'
2019-05-11 11:06:14.084 DEBUG 8956 --- [kground-preinit] o.apache.tomcat.util.IntrospectionUtils  : IntrospectionUtils: setProperty(class org.apache.tomcat.util.modeler.OperationInfo description=Remove the specified application listener class from the set of listeners for this application.)
2019-05-11 11:06:14.084 DEBUG 8956 --- [kground-preinit] o.apache.tomcat.util.digester.Digester   : [SetPropertiesRule]{mbeans-descriptors/mbean/operation} Setting property 'impact' to 'ACTION'
2019-05-11 11:06:14.084 DEBUG 8956 --- [kground-preinit] o.apache.tomcat.util.IntrospectionUtils  : IntrospectionUtils: setProperty(class org.apache.tomcat.util.modeler.OperationInfo impact=ACTION)
2019-05-11 11:06:14.084 DEBUG 8956 --- [kground-preinit] o.apache.tomcat.util.digester.Digester   : [SetPropertiesRule]{mbeans-descriptors/mbean/operation} Setting property 'returnType' to 'void'
2019-05-11 11:06:14.084 DEBUG 8956 --- [kground-preinit] o.apache.tomcat.util.IntrospectionUtils  : IntrospectionUtils: setProperty(class org.apache.tomcat.util.modeler.OperationInfo returnType=void)
2019-05-11 11:06:14.085 DEBUG 8956 --- [kground-preinit] o.apache.tomcat.util.digester.Digester   :   Fire begin() for SetNextRule[methodName=addOperation, paramType=org.apache.tomcat.util.modeler.OperationInfo]
2019-05-11 11:06:14.085 DEBUG 8956 --- [kground-preinit] o.a.tomcat.util.digester.Digester.sax    : characters(
      )
2019-05-11 11:06:14.085 DEBUG 8956 --- [kground-preinit] o.a.tomcat.util.digester.Digester.sax    : startElement(,,parameter)
2019-05-11 11:06:14.085 DEBUG 8956 --- [kground-preinit] o.apache.tomcat.util.digester.Digester   :   New match='mbeans-descriptors/mbean/operation/parameter'
2019-05-11 11:06:14.085 DEBUG 8956 --- [kground-preinit] o.apache.tomcat.util.digester.Digester   :   Fire begin() for ObjectCreateRule[className=org.apache.tomcat.util.modeler.ParameterInfo, attributeName=null]
2019-05-11 11:06:14.085 DEBUG 8956 --- [kground-preinit] o.apache.tomcat.util.digester.Digester   : [ObjectCreateRule]{mbeans-descriptors/mbean/operation/parameter}New org.apache.tomcat.util.modeler.ParameterInfo
2019-05-11 11:06:14.085 DEBUG 8956 --- [kground-preinit] o.apache.tomcat.util.digester.Digester   :   Fire begin() for SetPropertiesRule[]
2019-05-11 11:06:14.085 DEBUG 8956 --- [kground-preinit] o.apache.tomcat.util.digester.Digester   : [SetPropertiesRule]{mbeans-descriptors/mbean/operation/parameter} Set org.apache.tomcat.util.modeler.ParameterInfo properties
2019-05-11 11:06:14.085 DEBUG 8956 --- [kground-preinit] o.apache.tomcat.util.digester.Digester   : [SetPropertiesRule]{mbeans-descriptors/mbean/operation/parameter} Setting property 'name' to 'listener'
2019-05-11 11:06:14.085 DEBUG 8956 --- [kground-preinit] o.apache.tomcat.util.IntrospectionUtils  : IntrospectionUtils: setProperty(class org.apache.tomcat.util.modeler.ParameterInfo name=listener)
2019-05-11 11:06:14.085 DEBUG 8956 --- [kground-preinit] o.apache.tomcat.util.digester.Digester   : [SetPropertiesRule]{mbeans-descriptors/mbean/operation/parameter} Setting property 'description' to 'Java class name of the listener to be removed'
2019-05-11 11:06:14.085 DEBUG 8956 --- [kground-preinit] o.apache.tomcat.util.IntrospectionUtils  : IntrospectionUtils: setProperty(class org.apache.tomcat.util.modeler.ParameterInfo description=Java class name of the listener to be removed)
2019-05-11 11:06:14.085 DEBUG 8956 --- [kground-preinit] o.apache.tomcat.util.digester.Digester   : [SetPropertiesRule]{mbeans-descriptors/mbean/operation/parameter} Setting property 'type' to 'java.lang.String'
2019-05-11 11:06:14.086 DEBUG 8956 --- [kground-preinit] o.apache.tomcat.util.IntrospectionUtils  : IntrospectionUtils: setProperty(class org.apache.tomcat.util.modeler.ParameterInfo type=java.lang.String)
2019-05-11 11:06:14.086 DEBUG 8956 --- [kground-preinit] o.apache.tomcat.util.digester.Digester   :   Fire begin() for SetNextRule[methodName=addParameter, paramType=org.apache.tomcat.util.modeler.ParameterInfo]
2019-05-11 11:06:14.086 DEBUG 8956 --- [kground-preinit] o.a.tomcat.util.digester.Digester.sax    : endElement(,,parameter)
2019-05-11 11:06:14.086 DEBUG 8956 --- [kground-preinit] o.apache.tomcat.util.digester.Digester   :   match='mbeans-descriptors/mbean/operation/parameter'
2019-05-11 11:06:14.086 DEBUG 8956 --- [kground-preinit] o.apache.tomcat.util.digester.Digester   :   bodyText=''
2019-05-11 11:06:14.086 DEBUG 8956 --- [kground-preinit] o.apache.tomcat.util.digester.Digester   :   Fire body() for ObjectCreateRule[className=org.apache.tomcat.util.modeler.ParameterInfo, attributeName=null]
2019-05-11 11:06:14.086 DEBUG 8956 --- [kground-preinit] o.apache.tomcat.util.digester.Digester   :   Fire body() for SetPropertiesRule[]
2019-05-11 11:06:14.087 DEBUG 8956 --- [kground-preinit] o.apache.tomcat.util.digester.Digester   :   Fire body() for SetNextRule[methodName=addParameter, paramType=org.apache.tomcat.util.modeler.ParameterInfo]
2019-05-11 11:06:14.087 DEBUG 8956 --- [kground-preinit] o.apache.tomcat.util.digester.Digester   :   Fire end() for SetNextRule[methodName=addParameter, paramType=org.apache.tomcat.util.modeler.ParameterInfo]
2019-05-11 11:06:14.087 DEBUG 8956 --- [kground-preinit] o.apache.tomcat.util.digester.Digester   : [SetNextRule]{mbeans-descriptors/mbean/operation/parameter} Call org.apache.tomcat.util.modeler.OperationInfo.addParameter(org.apache.tomcat.util.modeler.ParameterInfo@f10de19)
2019-05-11 11:06:14.087 DEBUG 8956 --- [kground-preinit] o.apache.tomcat.util.IntrospectionUtils  : IntrospectionUtils: callMethod1 org.apache.tomcat.util.modeler.OperationInfo org.apache.tomcat.util.modeler.ParameterInfo org.apache.tomcat.util.modeler.ParameterInfo
2019-05-11 11:06:14.087 DEBUG 8956 --- [kground-preinit] o.apache.tomcat.util.digester.Digester   :   Fire end() for SetPropertiesRule[]
2019-05-11 11:06:14.087 DEBUG 8956 --- [kground-preinit] o.apache.tomcat.util.digester.Digester   :   Fire end() for ObjectCreateRule[className=org.apache.tomcat.util.modeler.ParameterInfo, attributeName=null]
2019-05-11 11:06:14.087 DEBUG 8956 --- [kground-preinit] o.apache.tomcat.util.digester.Digester   : [ObjectCreateRule]{mbeans-descriptors/mbean/operation/parameter} Pop org.apache.tomcat.util.modeler.ParameterInfo
2019-05-11 11:06:14.087 DEBUG 8956 --- [kground-preinit] o.a.tomcat.util.digester.Digester.sax    : characters(
    )
2019-05-11 11:06:14.087 DEBUG 8956 --- [kground-preinit] o.a.tomcat.util.digester.Digester.sax    : endElement(,,operation)
2019-05-11 11:06:14.088 DEBUG 8956 --- [kground-preinit] o.apache.tomcat.util.digester.Digester   :   match='mbeans-descriptors/mbean/operation'
2019-05-11 11:06:14.088 DEBUG 8956 --- [kground-preinit] o.apache.tomcat.util.digester.Digester   :   bodyText='
      
    '
2019-05-11 11:06:14.088 DEBUG 8956 --- [kground-preinit] o.apache.tomcat.util.digester.Digester   :   Fire body() for ObjectCreateRule[className=org.apache.tomcat.util.modeler.OperationInfo, attributeName=null]
2019-05-11 11:06:14.089 DEBUG 8956 --- [kground-preinit] o.apache.tomcat.util.digester.Digester   :   Fire body() for SetPropertiesRule[]
2019-05-11 11:06:14.089 DEBUG 8956 --- [kground-preinit] o.apache.tomcat.util.digester.Digester   :   Fire body() for SetNextRule[methodName=addOperation, paramType=org.apache.tomcat.util.modeler.OperationInfo]
2019-05-11 11:06:14.089 DEBUG 8956 --- [kground-preinit] o.apache.tomcat.util.digester.Digester   :   Fire end() for SetNextRule[methodName=addOperation, paramType=org.apache.tomcat.util.modeler.OperationInfo]
2019-05-11 11:06:14.089 DEBUG 8956 --- [kground-preinit] o.apache.tomcat.util.digester.Digester   : [SetNextRule]{mbeans-descriptors/mbean/operation} Call org.apache.tomcat.util.modeler.ManagedBean.addOperation(org.apache.tomcat.util.modeler.OperationInfo@7ceae2fb)
2019-05-11 11:06:14.089 DEBUG 8956 --- [kground-preinit] o.apache.tomcat.util.IntrospectionUtils  : IntrospectionUtils: callMethod1 org.apache.tomcat.util.modeler.ManagedBean org.apache.tomcat.util.modeler.OperationInfo org.apache.tomcat.util.modeler.OperationInfo
2019-05-11 11:06:14.089 DEBUG 8956 --- [kground-preinit] o.apache.tomcat.util.digester.Digester   :   Fire end() for SetPropertiesRule[]
2019-05-11 11:06:14.089 DEBUG 8956 --- [kground-preinit] o.apache.tomcat.util.digester.Digester   :   Fire end() for ObjectCreateRule[className=org.apache.tomcat.util.modeler.OperationInfo, attributeName=null]
2019-05-11 11:06:14.089 DEBUG 8956 --- [kground-preinit] o.apache.tomcat.util.digester.Digester   : [ObjectCreateRule]{mbeans-descriptors/mbean/operation} Pop org.apache.tomcat.util.modeler.OperationInfo
2019-05-11 11:06:14.090 DEBUG 8956 --- [kground-preinit] o.a.tomcat.util.digester.Digester.sax    : characters(

    )
2019-05-11 11:06:14.090 DEBUG 8956 --- [kground-preinit] o.a.tomcat.util.digester.Digester.sax    : startElement(,,operation)
2019-05-11 11:06:14.090 DEBUG 8956 --- [kground-preinit] o.apache.tomcat.util.digester.Digester   :   New match='mbeans-descriptors/mbean/operation'
2019-05-11 11:06:14.090 DEBUG 8956 --- [kground-preinit] o.apache.tomcat.util.digester.Digester   :   Fire begin() for ObjectCreateRule[className=org.apache.tomcat.util.modeler.OperationInfo, attributeName=null]
2019-05-11 11:06:14.090 DEBUG 8956 --- [kground-preinit] o.apache.tomcat.util.digester.Digester   : [ObjectCreateRule]{mbeans-descriptors/mbean/operation}New org.apache.tomcat.util.modeler.OperationInfo
2019-05-11 11:06:14.091 DEBUG 8956 --- [kground-preinit] o.apache.tomcat.util.digester.Digester   :   Fire begin() for SetPropertiesRule[]
2019-05-11 11:06:14.091 DEBUG 8956 --- [kground-preinit] o.apache.tomcat.util.digester.Digester   : [SetPropertiesRule]{mbeans-descriptors/mbean/operation} Set org.apache.tomcat.util.modeler.OperationInfo properties
2019-05-11 11:06:14.091 DEBUG 8956 --- [kground-preinit] o.apache.tomcat.util.digester.Digester   : [SetPropertiesRule]{mbeans-descriptors/mbean/operation} Setting property 'name' to 'removeApplicationParameter'
2019-05-11 11:06:14.093 DEBUG 8956 --- [kground-preinit] o.apache.tomcat.util.IntrospectionUtils  : IntrospectionUtils: setProperty(class org.apache.tomcat.util.modeler.OperationInfo name=removeApplicationParameter)
2019-05-11 11:06:14.093 DEBUG 8956 --- [kground-preinit] o.apache.tomcat.util.digester.Digester   : [SetPropertiesRule]{mbeans-descriptors/mbean/operation} Setting property 'description' to 'Remove the application parameter with the specified name from the set for this application.'
2019-05-11 11:06:14.093 DEBUG 8956 --- [kground-preinit] o.apache.tomcat.util.IntrospectionUtils  : IntrospectionUtils: setProperty(class org.apache.tomcat.util.modeler.OperationInfo description=Remove the application parameter with the specified name from the set for this application.)
2019-05-11 11:06:14.093 DEBUG 8956 --- [kground-preinit] o.apache.tomcat.util.digester.Digester   : [SetPropertiesRule]{mbeans-descriptors/mbean/operation} Setting property 'impact' to 'ACTION'
2019-05-11 11:06:14.093 DEBUG 8956 --- [kground-preinit] o.apache.tomcat.util.IntrospectionUtils  : IntrospectionUtils: setProperty(class org.apache.tomcat.util.modeler.OperationInfo impact=ACTION)
2019-05-11 11:06:14.093 DEBUG 8956 --- [kground-preinit] o.apache.tomcat.util.digester.Digester   : [SetPropertiesRule]{mbeans-descriptors/mbean/operation} Setting property 'returnType' to 'void'
2019-05-11 11:06:14.093 DEBUG 8956 --- [kground-preinit] o.apache.tomcat.util.IntrospectionUtils  : IntrospectionUtils: setProperty(class org.apache.tomcat.util.modeler.OperationInfo returnType=void)
2019-05-11 11:06:14.094 DEBUG 8956 --- [kground-preinit] o.apache.tomcat.util.digester.Digester   :   Fire begin() for SetNextRule[methodName=addOperation, paramType=org.apache.tomcat.util.modeler.OperationInfo]
2019-05-11 11:06:14.094 DEBUG 8956 --- [kground-preinit] o.a.tomcat.util.digester.Digester.sax    : characters(
      )
2019-05-11 11:06:14.094 DEBUG 8956 --- [kground-preinit] o.a.tomcat.util.digester.Digester.sax    : startElement(,,parameter)
2019-05-11 11:06:14.094 DEBUG 8956 --- [kground-preinit] o.apache.tomcat.util.digester.Digester   :   New match='mbeans-descriptors/mbean/operation/parameter'
2019-05-11 11:06:14.094 DEBUG 8956 --- [kground-preinit] o.apache.tomcat.util.digester.Digester   :   Fire begin() for ObjectCreateRule[className=org.apache.tomcat.util.modeler.ParameterInfo, attributeName=null]
2019-05-11 11:06:14.094 DEBUG 8956 --- [kground-preinit] o.apache.tomcat.util.digester.Digester   : [ObjectCreateRule]{mbeans-descriptors/mbean/operation/parameter}New org.apache.tomcat.util.modeler.ParameterInfo
2019-05-11 11:06:14.094 DEBUG 8956 --- [kground-preinit] o.apache.tomcat.util.digester.Digester   :   Fire begin() for SetPropertiesRule[]
2019-05-11 11:06:14.094 DEBUG 8956 --- [kground-preinit] o.apache.tomcat.util.digester.Digester   : [SetPropertiesRule]{mbeans-descriptors/mbean/operation/parameter} Set org.apache.tomcat.util.modeler.ParameterInfo properties
2019-05-11 11:06:14.094 DEBUG 8956 --- [kground-preinit] o.apache.tomcat.util.digester.Digester   : [SetPropertiesRule]{mbeans-descriptors/mbean/operation/parameter} Setting property 'name' to 'name'
2019-05-11 11:06:14.095 DEBUG 8956 --- [kground-preinit] o.apache.tomcat.util.IntrospectionUtils  : IntrospectionUtils: setProperty(class org.apache.tomcat.util.modeler.ParameterInfo name=name)
2019-05-11 11:06:14.095 DEBUG 8956 --- [kground-preinit] o.apache.tomcat.util.digester.Digester   : [SetPropertiesRule]{mbeans-descriptors/mbean/operation/parameter} Setting property 'description' to 'Name of the application parameter to remove'
2019-05-11 11:06:14.095 DEBUG 8956 --- [kground-preinit] o.apache.tomcat.util.IntrospectionUtils  : IntrospectionUtils: setProperty(class org.apache.tomcat.util.modeler.ParameterInfo description=Name of the application parameter to remove)
2019-05-11 11:06:14.095 DEBUG 8956 --- [kground-preinit] o.apache.tomcat.util.digester.Digester   : [SetPropertiesRule]{mbeans-descriptors/mbean/operation/parameter} Setting property 'type' to 'java.lang.String'
2019-05-11 11:06:14.095 DEBUG 8956 --- [kground-preinit] o.apache.tomcat.util.IntrospectionUtils  : IntrospectionUtils: setProperty(class org.apache.tomcat.util.modeler.ParameterInfo type=java.lang.String)
2019-05-11 11:06:14.095 DEBUG 8956 --- [kground-preinit] o.apache.tomcat.util.digester.Digester   :   Fire begin() for SetNextRule[methodName=addParameter, paramType=org.apache.tomcat.util.modeler.ParameterInfo]
2019-05-11 11:06:14.096 DEBUG 8956 --- [kground-preinit] o.a.tomcat.util.digester.Digester.sax    : endElement(,,parameter)
2019-05-11 11:06:14.096 DEBUG 8956 --- [kground-preinit] o.apache.tomcat.util.digester.Digester   :   match='mbeans-descriptors/mbean/operation/parameter'
2019-05-11 11:06:14.096 DEBUG 8956 --- [kground-preinit] o.apache.tomcat.util.digester.Digester   :   bodyText=''
2019-05-11 11:06:14.096 DEBUG 8956 --- [kground-preinit] o.apache.tomcat.util.digester.Digester   :   Fire body() for ObjectCreateRule[className=org.apache.tomcat.util.modeler.ParameterInfo, attributeName=null]
2019-05-11 11:06:14.096 DEBUG 8956 --- [kground-preinit] o.apache.tomcat.util.digester.Digester   :   Fire body() for SetPropertiesRule[]
2019-05-11 11:06:14.096 DEBUG 8956 --- [kground-preinit] o.apache.tomcat.util.digester.Digester   :   Fire body() for SetNextRule[methodName=addParameter, paramType=org.apache.tomcat.util.modeler.ParameterInfo]
2019-05-11 11:06:14.096 DEBUG 8956 --- [kground-preinit] o.apache.tomcat.util.digester.Digester   :   Fire end() for SetNextRule[methodName=addParameter, paramType=org.apache.tomcat.util.modeler.ParameterInfo]
2019-05-11 11:06:14.096 DEBUG 8956 --- [kground-preinit] o.apache.tomcat.util.digester.Digester   : [SetNextRule]{mbeans-descriptors/mbean/operation/parameter} Call org.apache.tomcat.util.modeler.OperationInfo.addParameter(org.apache.tomcat.util.modeler.ParameterInfo@21fdb860)
2019-05-11 11:06:14.096 DEBUG 8956 --- [kground-preinit] o.apache.tomcat.util.IntrospectionUtils  : IntrospectionUtils: callMethod1 org.apache.tomcat.util.modeler.OperationInfo org.apache.tomcat.util.modeler.ParameterInfo org.apache.tomcat.util.modeler.ParameterInfo
2019-05-11 11:06:14.097 DEBUG 8956 --- [kground-preinit] o.apache.tomcat.util.digester.Digester   :   Fire end() for SetPropertiesRule[]
2019-05-11 11:06:14.097 DEBUG 8956 --- [kground-preinit] o.apache.tomcat.util.digester.Digester   :   Fire end() for ObjectCreateRule[className=org.apache.tomcat.util.modeler.ParameterInfo, attributeName=null]
2019-05-11 11:06:14.097 DEBUG 8956 --- [kground-preinit] o.apache.tomcat.util.digester.Digester   : [ObjectCreateRule]{mbeans-descriptors/mbean/operation/parameter} Pop org.apache.tomcat.util.modeler.ParameterInfo
2019-05-11 11:06:14.097 DEBUG 8956 --- [kground-preinit] o.a.tomcat.util.digester.Digester.sax    : characters(
    )
2019-05-11 11:06:14.097 DEBUG 8956 --- [kground-preinit] o.a.tomcat.util.digester.Digester.sax    : endElement(,,operation)
2019-05-11 11:06:14.097 DEBUG 8956 --- [kground-preinit] o.apache.tomcat.util.digester.Digester   :   match='mbeans-descriptors/mbean/operation'
2019-05-11 11:06:14.097 DEBUG 8956 --- [kground-preinit] o.apache.tomcat.util.digester.Digester   :   bodyText='
      
    '
2019-05-11 11:06:14.097 DEBUG 8956 --- [kground-preinit] o.apache.tomcat.util.digester.Digester   :   Fire body() for ObjectCreateRule[className=org.apache.tomcat.util.modeler.OperationInfo, attributeName=null]
2019-05-11 11:06:14.097 DEBUG 8956 --- [kground-preinit] o.apache.tomcat.util.digester.Digester   :   Fire body() for SetPropertiesRule[]
2019-05-11 11:06:14.097 DEBUG 8956 --- [kground-preinit] o.apache.tomcat.util.digester.Digester   :   Fire body() for SetNextRule[methodName=addOperation, paramType=org.apache.tomcat.util.modeler.OperationInfo]
2019-05-11 11:06:14.097 DEBUG 8956 --- [kground-preinit] o.apache.tomcat.util.digester.Digester   :   Fire end() for SetNextRule[methodName=addOperation, paramType=org.apache.tomcat.util.modeler.OperationInfo]
2019-05-11 11:06:14.097 DEBUG 8956 --- [kground-preinit] o.apache.tomcat.util.digester.Digester   : [SetNextRule]{mbeans-descriptors/mbean/operation} Call org.apache.tomcat.util.modeler.ManagedBean.addOperation(org.apache.tomcat.util.modeler.OperationInfo@1afb3aad)
2019-05-11 11:06:14.097 DEBUG 8956 --- [kground-preinit] o.apache.tomcat.util.IntrospectionUtils  : IntrospectionUtils: callMethod1 org.apache.tomcat.util.modeler.ManagedBean org.apache.tomcat.util.modeler.OperationInfo org.apache.tomcat.util.modeler.OperationInfo
2019-05-11 11:06:14.098 DEBUG 8956 --- [kground-preinit] o.apache.tomcat.util.digester.Digester   :   Fire end() for SetPropertiesRule[]
2019-05-11 11:06:14.098 DEBUG 8956 --- [kground-preinit] o.apache.tomcat.util.digester.Digester   :   Fire end() for ObjectCreateRule[className=org.apache.tomcat.util.modeler.OperationInfo, attributeName=null]
2019-05-11 11:06:14.098 DEBUG 8956 --- [kground-preinit] o.apache.tomcat.util.digester.Digester   : [ObjectCreateRule]{mbeans-descriptors/mbean/operation} Pop org.apache.tomcat.util.modeler.OperationInfo
2019-05-11 11:06:14.098 DEBUG 8956 --- [kground-preinit] o.a.tomcat.util.digester.Digester.sax    : characters(

    )
2019-05-11 11:06:14.098 DEBUG 8956 --- [kground-preinit] o.a.tomcat.util.digester.Digester.sax    : startElement(,,operation)
2019-05-11 11:06:14.098 DEBUG 8956 --- [kground-preinit] o.apache.tomcat.util.digester.Digester   :   New match='mbeans-descriptors/mbean/operation'
2019-05-11 11:06:14.098 DEBUG 8956 --- [kground-preinit] o.apache.tomcat.util.digester.Digester   :   Fire begin() for ObjectCreateRule[className=org.apache.tomcat.util.modeler.OperationInfo, attributeName=null]
2019-05-11 11:06:14.098 DEBUG 8956 --- [kground-preinit] o.apache.tomcat.util.digester.Digester   : [ObjectCreateRule]{mbeans-descriptors/mbean/operation}New org.apache.tomcat.util.modeler.OperationInfo
2019-05-11 11:06:14.098 DEBUG 8956 --- [kground-preinit] o.apache.tomcat.util.digester.Digester   :   Fire begin() for SetPropertiesRule[]
2019-05-11 11:06:14.098 DEBUG 8956 --- [kground-preinit] o.apache.tomcat.util.digester.Digester   : [SetPropertiesRule]{mbeans-descriptors/mbean/operation} Set org.apache.tomcat.util.modeler.OperationInfo properties
2019-05-11 11:06:14.098 DEBUG 8956 --- [kground-preinit] o.apache.tomcat.util.digester.Digester   : [SetPropertiesRule]{mbeans-descriptors/mbean/operation} Setting property 'name' to 'removeChild'
2019-05-11 11:06:14.098 DEBUG 8956 --- [kground-preinit] o.apache.tomcat.util.IntrospectionUtils  : IntrospectionUtils: setProperty(class org.apache.tomcat.util.modeler.OperationInfo name=removeChild)
2019-05-11 11:06:14.098 DEBUG 8956 --- [kground-preinit] o.apache.tomcat.util.digester.Digester   : [SetPropertiesRule]{mbeans-descriptors/mbean/operation} Setting property 'description' to 'Remove a child from this Context'
2019-05-11 11:06:14.098 DEBUG 8956 --- [kground-preinit] o.apache.tomcat.util.IntrospectionUtils  : IntrospectionUtils: setProperty(class org.apache.tomcat.util.modeler.OperationInfo description=Remove a child from this Context)
2019-05-11 11:06:14.099 DEBUG 8956 --- [kground-preinit] o.apache.tomcat.util.digester.Digester   : [SetPropertiesRule]{mbeans-descriptors/mbean/operation} Setting property 'impact' to 'ACTION'
2019-05-11 11:06:14.099 DEBUG 8956 --- [kground-preinit] o.apache.tomcat.util.IntrospectionUtils  : IntrospectionUtils: setProperty(class org.apache.tomcat.util.modeler.OperationInfo impact=ACTION)
2019-05-11 11:06:14.099 DEBUG 8956 --- [kground-preinit] o.apache.tomcat.util.digester.Digester   : [SetPropertiesRule]{mbeans-descriptors/mbean/operation} Setting property 'returnType' to 'void'
2019-05-11 11:06:14.099 DEBUG 8956 --- [kground-preinit] o.apache.tomcat.util.IntrospectionUtils  : IntrospectionUtils: setProperty(class org.apache.tomcat.util.modeler.OperationInfo returnType=void)
2019-05-11 11:06:14.099 DEBUG 8956 --- [kground-preinit] o.apache.tomcat.util.digester.Digester   :   Fire begin() for SetNextRule[methodName=addOperation, paramType=org.apache.tomcat.util.modeler.OperationInfo]
2019-05-11 11:06:14.099 DEBUG 8956 --- [kground-preinit] o.a.tomcat.util.digester.Digester.sax    : characters(
      )
2019-05-11 11:06:14.099 DEBUG 8956 --- [kground-preinit] o.a.tomcat.util.digester.Digester.sax    : startElement(,,parameter)
2019-05-11 11:06:14.099 DEBUG 8956 --- [kground-preinit] o.apache.tomcat.util.digester.Digester   :   New match='mbeans-descriptors/mbean/operation/parameter'
2019-05-11 11:06:14.099 DEBUG 8956 --- [kground-preinit] o.apache.tomcat.util.digester.Digester   :   Fire begin() for ObjectCreateRule[className=org.apache.tomcat.util.modeler.ParameterInfo, attributeName=null]
2019-05-11 11:06:14.099 DEBUG 8956 --- [kground-preinit] o.apache.tomcat.util.digester.Digester   : [ObjectCreateRule]{mbeans-descriptors/mbean/operation/parameter}New org.apache.tomcat.util.modeler.ParameterInfo
2019-05-11 11:06:14.099 DEBUG 8956 --- [kground-preinit] o.apache.tomcat.util.digester.Digester   :   Fire begin() for SetPropertiesRule[]
2019-05-11 11:06:14.099 DEBUG 8956 --- [kground-preinit] o.apache.tomcat.util.digester.Digester   : [SetPropertiesRule]{mbeans-descriptors/mbean/operation/parameter} Set org.apache.tomcat.util.modeler.ParameterInfo properties
2019-05-11 11:06:14.099 DEBUG 8956 --- [kground-preinit] o.apache.tomcat.util.digester.Digester   : [SetPropertiesRule]{mbeans-descriptors/mbean/operation/parameter} Setting property 'name' to 'name'
2019-05-11 11:06:14.099 DEBUG 8956 --- [kground-preinit] o.apache.tomcat.util.IntrospectionUtils  : IntrospectionUtils: setProperty(class org.apache.tomcat.util.modeler.ParameterInfo name=name)
2019-05-11 11:06:14.100 DEBUG 8956 --- [kground-preinit] o.apache.tomcat.util.digester.Digester   : [SetPropertiesRule]{mbeans-descriptors/mbean/operation/parameter} Setting property 'description' to 'Name of the existing child Container to be removed'
2019-05-11 11:06:14.100 DEBUG 8956 --- [kground-preinit] o.apache.tomcat.util.IntrospectionUtils  : IntrospectionUtils: setProperty(class org.apache.tomcat.util.modeler.ParameterInfo description=Name of the existing child Container to be removed)
2019-05-11 11:06:14.100 DEBUG 8956 --- [kground-preinit] o.apache.tomcat.util.digester.Digester   : [SetPropertiesRule]{mbeans-descriptors/mbean/operation/parameter} Setting property 'type' to 'java.lang.String'
2019-05-11 11:06:14.100 DEBUG 8956 --- [kground-preinit] o.apache.tomcat.util.IntrospectionUtils  : IntrospectionUtils: setProperty(class org.apache.tomcat.util.modeler.ParameterInfo type=java.lang.String)
2019-05-11 11:06:14.100 DEBUG 8956 --- [kground-preinit] o.apache.tomcat.util.digester.Digester   :   Fire begin() for SetNextRule[methodName=addParameter, paramType=org.apache.tomcat.util.modeler.ParameterInfo]
2019-05-11 11:06:14.100 DEBUG 8956 --- [kground-preinit] o.a.tomcat.util.digester.Digester.sax    : endElement(,,parameter)
2019-05-11 11:06:14.100 DEBUG 8956 --- [kground-preinit] o.apache.tomcat.util.digester.Digester   :   match='mbeans-descriptors/mbean/operation/parameter'
2019-05-11 11:06:14.100 DEBUG 8956 --- [kground-preinit] o.apache.tomcat.util.digester.Digester   :   bodyText=''
2019-05-11 11:06:14.101 DEBUG 8956 --- [kground-preinit] o.apache.tomcat.util.digester.Digester   :   Fire body() for ObjectCreateRule[className=org.apache.tomcat.util.modeler.ParameterInfo, attributeName=null]
2019-05-11 11:06:14.101 DEBUG 8956 --- [kground-preinit] o.apache.tomcat.util.digester.Digester   :   Fire body() for SetPropertiesRule[]
2019-05-11 11:06:14.101 DEBUG 8956 --- [kground-preinit] o.apache.tomcat.util.digester.Digester   :   Fire body() for SetNextRule[methodName=addParameter, paramType=org.apache.tomcat.util.modeler.ParameterInfo]
2019-05-11 11:06:14.101 DEBUG 8956 --- [kground-preinit] o.apache.tomcat.util.digester.Digester   :   Fire end() for SetNextRule[methodName=addParameter, paramType=org.apache.tomcat.util.modeler.ParameterInfo]
2019-05-11 11:06:14.101 DEBUG 8956 --- [kground-preinit] o.apache.tomcat.util.digester.Digester   : [SetNextRule]{mbeans-descriptors/mbean/operation/parameter} Call org.apache.tomcat.util.modeler.OperationInfo.addParameter(org.apache.tomcat.util.modeler.ParameterInfo@1392dffd)
2019-05-11 11:06:14.101 DEBUG 8956 --- [kground-preinit] o.apache.tomcat.util.IntrospectionUtils  : IntrospectionUtils: callMethod1 org.apache.tomcat.util.modeler.OperationInfo org.apache.tomcat.util.modeler.ParameterInfo org.apache.tomcat.util.modeler.ParameterInfo
2019-05-11 11:06:14.101 DEBUG 8956 --- [kground-preinit] o.apache.tomcat.util.digester.Digester   :   Fire end() for SetPropertiesRule[]
2019-05-11 11:06:14.102 DEBUG 8956 --- [kground-preinit] o.apache.tomcat.util.digester.Digester   :   Fire end() for ObjectCreateRule[className=org.apache.tomcat.util.modeler.ParameterInfo, attributeName=null]
2019-05-11 11:06:14.102 DEBUG 8956 --- [kground-preinit] o.apache.tomcat.util.digester.Digester   : [ObjectCreateRule]{mbeans-descriptors/mbean/operation/parameter} Pop org.apache.tomcat.util.modeler.ParameterInfo
2019-05-11 11:06:14.102 DEBUG 8956 --- [kground-preinit] o.a.tomcat.util.digester.Digester.sax    : characters(
    )
2019-05-11 11:06:14.102 DEBUG 8956 --- [kground-preinit] o.a.tomcat.util.digester.Digester.sax    : endElement(,,operation)
2019-05-11 11:06:14.102 DEBUG 8956 --- [kground-preinit] o.apache.tomcat.util.digester.Digester   :   match='mbeans-descriptors/mbean/operation'
2019-05-11 11:06:14.102 DEBUG 8956 --- [kground-preinit] o.apache.tomcat.util.digester.Digester   :   bodyText='
      
    '
2019-05-11 11:06:14.102 DEBUG 8956 --- [kground-preinit] o.apache.tomcat.util.digester.Digester   :   Fire body() for ObjectCreateRule[className=org.apache.tomcat.util.modeler.OperationInfo, attributeName=null]
2019-05-11 11:06:14.102 DEBUG 8956 --- [kground-preinit] o.apache.tomcat.util.digester.Digester   :   Fire body() for SetPropertiesRule[]
2019-05-11 11:06:14.102 DEBUG 8956 --- [kground-preinit] o.apache.tomcat.util.digester.Digester   :   Fire body() for SetNextRule[methodName=addOperation, paramType=org.apache.tomcat.util.modeler.OperationInfo]
2019-05-11 11:06:14.102 DEBUG 8956 --- [kground-preinit] o.apache.tomcat.util.digester.Digester   :   Fire end() for SetNextRule[methodName=addOperation, paramType=org.apache.tomcat.util.modeler.OperationInfo]
2019-05-11 11:06:14.102 DEBUG 8956 --- [kground-preinit] o.apache.tomcat.util.digester.Digester   : [SetNextRule]{mbeans-descriptors/mbean/operation} Call org.apache.tomcat.util.modeler.ManagedBean.addOperation(org.apache.tomcat.util.modeler.OperationInfo@38441a4e)
2019-05-11 11:06:14.102 DEBUG 8956 --- [           main] o.s.b.f.s.DefaultListableBeanFactory     : Returning cached instance of singleton bean 'autoConfigurationReport'
2019-05-11 11:06:14.102 DEBUG 8956 --- [kground-preinit] o.apache.tomcat.util.IntrospectionUtils  : IntrospectionUtils: callMethod1 org.apache.tomcat.util.modeler.ManagedBean org.apache.tomcat.util.modeler.OperationInfo org.apache.tomcat.util.modeler.OperationInfo
2019-05-11 11:06:14.102 DEBUG 8956 --- [kground-preinit] o.apache.tomcat.util.digester.Digester   :   Fire end() for SetPropertiesRule[]
2019-05-11 11:06:14.102 DEBUG 8956 --- [kground-preinit] o.apache.tomcat.util.digester.Digester   :   Fire end() for ObjectCreateRule[className=org.apache.tomcat.util.modeler.OperationInfo, attributeName=null]
2019-05-11 11:06:14.103 DEBUG 8956 --- [kground-preinit] o.apache.tomcat.util.digester.Digester   : [ObjectCreateRule]{mbeans-descriptors/mbean/operation} Pop org.apache.tomcat.util.modeler.OperationInfo
2019-05-11 11:06:14.103 DEBUG 8956 --- [kground-preinit] o.a.tomcat.util.digester.Digester.sax    : characters(

    )
2019-05-11 11:06:14.103 DEBUG 8956 --- [kground-preinit] o.a.tomcat.util.digester.Digester.sax    : startElement(,,operation)
2019-05-11 11:06:14.103 DEBUG 8956 --- [kground-preinit] o.apache.tomcat.util.digester.Digester   :   New match='mbeans-descriptors/mbean/operation'
2019-05-11 11:06:14.103 DEBUG 8956 --- [kground-preinit] o.apache.tomcat.util.digester.Digester   :   Fire begin() for ObjectCreateRule[className=org.apache.tomcat.util.modeler.OperationInfo, attributeName=null]
2019-05-11 11:06:14.103 DEBUG 8956 --- [kground-preinit] o.apache.tomcat.util.digester.Digester   : [ObjectCreateRule]{mbeans-descriptors/mbean/operation}New org.apache.tomcat.util.modeler.OperationInfo
2019-05-11 11:06:14.103 DEBUG 8956 --- [kground-preinit] o.apache.tomcat.util.digester.Digester   :   Fire begin() for SetPropertiesRule[]
2019-05-11 11:06:14.103 DEBUG 8956 --- [kground-preinit] o.apache.tomcat.util.digester.Digester   : [SetPropertiesRule]{mbeans-descriptors/mbean/operation} Set org.apache.tomcat.util.modeler.OperationInfo properties
2019-05-11 11:06:14.103 DEBUG 8956 --- [kground-preinit] o.apache.tomcat.util.digester.Digester   : [SetPropertiesRule]{mbeans-descriptors/mbean/operation} Setting property 'name' to 'removeLifecycleListeners'
2019-05-11 11:06:14.103 DEBUG 8956 --- [kground-preinit] o.apache.tomcat.util.IntrospectionUtils  : IntrospectionUtils: setProperty(class org.apache.tomcat.util.modeler.OperationInfo name=removeLifecycleListeners)
2019-05-11 11:06:14.103 DEBUG 8956 --- [kground-preinit] o.apache.tomcat.util.digester.Digester   : [SetPropertiesRule]{mbeans-descriptors/mbean/operation} Setting property 'description' to 'Removes lifecycle listeners of given class type from this Context'
2019-05-11 11:06:14.103 DEBUG 8956 --- [kground-preinit] o.apache.tomcat.util.IntrospectionUtils  : IntrospectionUtils: setProperty(class org.apache.tomcat.util.modeler.OperationInfo description=Removes lifecycle listeners of given class type from this Context)
2019-05-11 11:06:14.103 DEBUG 8956 --- [kground-preinit] o.apache.tomcat.util.digester.Digester   : [SetPropertiesRule]{mbeans-descriptors/mbean/operation} Setting property 'impact' to 'ACTION'
2019-05-11 11:06:14.104 DEBUG 8956 --- [kground-preinit] o.apache.tomcat.util.IntrospectionUtils  : IntrospectionUtils: setProperty(class org.apache.tomcat.util.modeler.OperationInfo impact=ACTION)
2019-05-11 11:06:14.105 DEBUG 8956 --- [kground-preinit] o.apache.tomcat.util.digester.Digester   : [SetPropertiesRule]{mbeans-descriptors/mbean/operation} Setting property 'returnType' to 'void'
2019-05-11 11:06:14.105 DEBUG 8956 --- [kground-preinit] o.apache.tomcat.util.IntrospectionUtils  : IntrospectionUtils: setProperty(class org.apache.tomcat.util.modeler.OperationInfo returnType=void)
2019-05-11 11:06:14.105 DEBUG 8956 --- [kground-preinit] o.apache.tomcat.util.digester.Digester   :   Fire begin() for SetNextRule[methodName=addOperation, paramType=org.apache.tomcat.util.modeler.OperationInfo]
2019-05-11 11:06:14.105 DEBUG 8956 --- [kground-preinit] o.a.tomcat.util.digester.Digester.sax    : characters(
      )
2019-05-11 11:06:14.105 DEBUG 8956 --- [kground-preinit] o.a.tomcat.util.digester.Digester.sax    : startElement(,,parameter)
2019-05-11 11:06:14.105 DEBUG 8956 --- [kground-preinit] o.apache.tomcat.util.digester.Digester   :   New match='mbeans-descriptors/mbean/operation/parameter'
2019-05-11 11:06:14.105 DEBUG 8956 --- [kground-preinit] o.apache.tomcat.util.digester.Digester   :   Fire begin() for ObjectCreateRule[className=org.apache.tomcat.util.modeler.ParameterInfo, attributeName=null]
2019-05-11 11:06:14.105 DEBUG 8956 --- [kground-preinit] o.apache.tomcat.util.digester.Digester   : [ObjectCreateRule]{mbeans-descriptors/mbean/operation/parameter}New org.apache.tomcat.util.modeler.ParameterInfo
2019-05-11 11:06:14.105 DEBUG 8956 --- [kground-preinit] o.apache.tomcat.util.digester.Digester   :   Fire begin() for SetPropertiesRule[]
2019-05-11 11:06:14.106 DEBUG 8956 --- [kground-preinit] o.apache.tomcat.util.digester.Digester   : [SetPropertiesRule]{mbeans-descriptors/mbean/operation/parameter} Set org.apache.tomcat.util.modeler.ParameterInfo properties
2019-05-11 11:06:14.106 DEBUG 8956 --- [kground-preinit] o.apache.tomcat.util.digester.Digester   : [SetPropertiesRule]{mbeans-descriptors/mbean/operation/parameter} Setting property 'name' to 'listener'
2019-05-11 11:06:14.106 DEBUG 8956 --- [kground-preinit] o.apache.tomcat.util.IntrospectionUtils  : IntrospectionUtils: setProperty(class org.apache.tomcat.util.modeler.ParameterInfo name=listener)
2019-05-11 11:06:14.106 DEBUG 8956 --- [kground-preinit] o.apache.tomcat.util.digester.Digester   : [SetPropertiesRule]{mbeans-descriptors/mbean/operation/parameter} Setting property 'description' to 'Type(classname) of the lifecycle listeners to be removed'
2019-05-11 11:06:14.109 DEBUG 8956 --- [kground-preinit] o.apache.tomcat.util.IntrospectionUtils  : IntrospectionUtils: setProperty(class org.apache.tomcat.util.modeler.ParameterInfo description=Type(classname) of the lifecycle listeners to be removed)
2019-05-11 11:06:14.110 DEBUG 8956 --- [kground-preinit] o.apache.tomcat.util.digester.Digester   : [SetPropertiesRule]{mbeans-descriptors/mbean/operation/parameter} Setting property 'type' to 'java.lang.String'
2019-05-11 11:06:14.110 DEBUG 8956 --- [kground-preinit] o.apache.tomcat.util.IntrospectionUtils  : IntrospectionUtils: setProperty(class org.apache.tomcat.util.modeler.ParameterInfo type=java.lang.String)
2019-05-11 11:06:14.110 DEBUG 8956 --- [kground-preinit] o.apache.tomcat.util.digester.Digester   :   Fire begin() for SetNextRule[methodName=addParameter, paramType=org.apache.tomcat.util.modeler.ParameterInfo]
2019-05-11 11:06:14.112 DEBUG 8956 --- [kground-preinit] o.a.tomcat.util.digester.Digester.sax    : endElement(,,parameter)
2019-05-11 11:06:14.112 DEBUG 8956 --- [kground-preinit] o.apache.tomcat.util.digester.Digester   :   match='mbeans-descriptors/mbean/operation/parameter'
2019-05-11 11:06:14.112 DEBUG 8956 --- [kground-preinit] o.apache.tomcat.util.digester.Digester   :   bodyText=''
2019-05-11 11:06:14.113 DEBUG 8956 --- [kground-preinit] o.apache.tomcat.util.digester.Digester   :   Fire body() for ObjectCreateRule[className=org.apache.tomcat.util.modeler.ParameterInfo, attributeName=null]
2019-05-11 11:06:14.113 DEBUG 8956 --- [kground-preinit] o.apache.tomcat.util.digester.Digester   :   Fire body() for SetPropertiesRule[]
2019-05-11 11:06:14.113 DEBUG 8956 --- [kground-preinit] o.apache.tomcat.util.digester.Digester   :   Fire body() for SetNextRule[methodName=addParameter, paramType=org.apache.tomcat.util.modeler.ParameterInfo]
2019-05-11 11:06:14.113 DEBUG 8956 --- [kground-preinit] o.apache.tomcat.util.digester.Digester   :   Fire end() for SetNextRule[methodName=addParameter, paramType=org.apache.tomcat.util.modeler.ParameterInfo]
2019-05-11 11:06:14.113 DEBUG 8956 --- [kground-preinit] o.apache.tomcat.util.digester.Digester   : [SetNextRule]{mbeans-descriptors/mbean/operation/parameter} Call org.apache.tomcat.util.modeler.OperationInfo.addParameter(org.apache.tomcat.util.modeler.ParameterInfo@74b69b9e)
2019-05-11 11:06:14.113 DEBUG 8956 --- [kground-preinit] o.apache.tomcat.util.IntrospectionUtils  : IntrospectionUtils: callMethod1 org.apache.tomcat.util.modeler.OperationInfo org.apache.tomcat.util.modeler.ParameterInfo org.apache.tomcat.util.modeler.ParameterInfo
2019-05-11 11:06:14.113 DEBUG 8956 --- [kground-preinit] o.apache.tomcat.util.digester.Digester   :   Fire end() for SetPropertiesRule[]
2019-05-11 11:06:14.114 DEBUG 8956 --- [kground-preinit] o.apache.tomcat.util.digester.Digester   :   Fire end() for ObjectCreateRule[className=org.apache.tomcat.util.modeler.ParameterInfo, attributeName=null]
2019-05-11 11:06:14.114 DEBUG 8956 --- [kground-preinit] o.apache.tomcat.util.digester.Digester   : [ObjectCreateRule]{mbeans-descriptors/mbean/operation/parameter} Pop org.apache.tomcat.util.modeler.ParameterInfo
2019-05-11 11:06:14.114 DEBUG 8956 --- [kground-preinit] o.a.tomcat.util.digester.Digester.sax    : characters(
    )
2019-05-11 11:06:14.114 DEBUG 8956 --- [kground-preinit] o.a.tomcat.util.digester.Digester.sax    : endElement(,,operation)
2019-05-11 11:06:14.114 DEBUG 8956 --- [kground-preinit] o.apache.tomcat.util.digester.Digester   :   match='mbeans-descriptors/mbean/operation'
2019-05-11 11:06:14.114 DEBUG 8956 --- [kground-preinit] o.apache.tomcat.util.digester.Digester   :   bodyText='
      
    '
2019-05-11 11:06:14.114 DEBUG 8956 --- [kground-preinit] o.apache.tomcat.util.digester.Digester   :   Fire body() for ObjectCreateRule[className=org.apache.tomcat.util.modeler.OperationInfo, attributeName=null]
2019-05-11 11:06:14.114 DEBUG 8956 --- [kground-preinit] o.apache.tomcat.util.digester.Digester   :   Fire body() for SetPropertiesRule[]
2019-05-11 11:06:14.115 DEBUG 8956 --- [kground-preinit] o.apache.tomcat.util.digester.Digester   :   Fire body() for SetNextRule[methodName=addOperation, paramType=org.apache.tomcat.util.modeler.OperationInfo]
2019-05-11 11:06:14.115 DEBUG 8956 --- [kground-preinit] o.apache.tomcat.util.digester.Digester   :   Fire end() for SetNextRule[methodName=addOperation, paramType=org.apache.tomcat.util.modeler.OperationInfo]
2019-05-11 11:06:14.115 DEBUG 8956 --- [kground-preinit] o.apache.tomcat.util.digester.Digester   : [SetNextRule]{mbeans-descriptors/mbean/operation} Call org.apache.tomcat.util.modeler.ManagedBean.addOperation(org.apache.tomcat.util.modeler.OperationInfo@37dbf9f7)
2019-05-11 11:06:14.115 DEBUG 8956 --- [kground-preinit] o.apache.tomcat.util.IntrospectionUtils  : IntrospectionUtils: callMethod1 org.apache.tomcat.util.modeler.ManagedBean org.apache.tomcat.util.modeler.OperationInfo org.apache.tomcat.util.modeler.OperationInfo
2019-05-11 11:06:14.115 DEBUG 8956 --- [kground-preinit] o.apache.tomcat.util.digester.Digester   :   Fire end() for SetPropertiesRule[]
2019-05-11 11:06:14.115 DEBUG 8956 --- [kground-preinit] o.apache.tomcat.util.digester.Digester   :   Fire end() for ObjectCreateRule[className=org.apache.tomcat.util.modeler.OperationInfo, attributeName=null]
2019-05-11 11:06:14.116 DEBUG 8956 --- [kground-preinit] o.apache.tomcat.util.digester.Digester   : [ObjectCreateRule]{mbeans-descriptors/mbean/operation} Pop org.apache.tomcat.util.modeler.OperationInfo
2019-05-11 11:06:14.116 DEBUG 8956 --- [kground-preinit] o.a.tomcat.util.digester.Digester.sax    : characters(

    )
2019-05-11 11:06:14.116 DEBUG 8956 --- [kground-preinit] o.a.tomcat.util.digester.Digester.sax    : startElement(,,operation)
2019-05-11 11:06:14.116 DEBUG 8956 --- [kground-preinit] o.apache.tomcat.util.digester.Digester   :   New match='mbeans-descriptors/mbean/operation'
2019-05-11 11:06:14.116 DEBUG 8956 --- [kground-preinit] o.apache.tomcat.util.digester.Digester   :   Fire begin() for ObjectCreateRule[className=org.apache.tomcat.util.modeler.OperationInfo, attributeName=null]
2019-05-11 11:06:14.116 DEBUG 8956 --- [kground-preinit] o.apache.tomcat.util.digester.Digester   : [ObjectCreateRule]{mbeans-descriptors/mbean/operation}New org.apache.tomcat.util.modeler.OperationInfo
2019-05-11 11:06:14.117 DEBUG 8956 --- [kground-preinit] o.apache.tomcat.util.digester.Digester   :   Fire begin() for SetPropertiesRule[]
2019-05-11 11:06:14.117 DEBUG 8956 --- [kground-preinit] o.apache.tomcat.util.digester.Digester   : [SetPropertiesRule]{mbeans-descriptors/mbean/operation} Set org.apache.tomcat.util.modeler.OperationInfo properties
2019-05-11 11:06:14.117 DEBUG 8956 --- [kground-preinit] o.apache.tomcat.util.digester.Digester   : [SetPropertiesRule]{mbeans-descriptors/mbean/operation} Setting property 'name' to 'removeMimeMapping'
2019-05-11 11:06:14.117 DEBUG 8956 --- [kground-preinit] o.apache.tomcat.util.IntrospectionUtils  : IntrospectionUtils: setProperty(class org.apache.tomcat.util.modeler.OperationInfo name=removeMimeMapping)
2019-05-11 11:06:14.117 DEBUG 8956 --- [kground-preinit] o.apache.tomcat.util.digester.Digester   : [SetPropertiesRule]{mbeans-descriptors/mbean/operation} Setting property 'description' to 'Remove the MIME mapping for the specified extension, if it exists; otherwise, no action is taken..'
2019-05-11 11:06:14.117 DEBUG 8956 --- [kground-preinit] o.apache.tomcat.util.IntrospectionUtils  : IntrospectionUtils: setProperty(class org.apache.tomcat.util.modeler.OperationInfo description=Remove the MIME mapping for the specified extension, if it exists; otherwise, no action is taken..)
2019-05-11 11:06:14.117 DEBUG 8956 --- [kground-preinit] o.apache.tomcat.util.digester.Digester   : [SetPropertiesRule]{mbeans-descriptors/mbean/operation} Setting property 'impact' to 'ACTION'
2019-05-11 11:06:14.117 DEBUG 8956 --- [kground-preinit] o.apache.tomcat.util.IntrospectionUtils  : IntrospectionUtils: setProperty(class org.apache.tomcat.util.modeler.OperationInfo impact=ACTION)
2019-05-11 11:06:14.118 DEBUG 8956 --- [kground-preinit] o.apache.tomcat.util.digester.Digester   : [SetPropertiesRule]{mbeans-descriptors/mbean/operation} Setting property 'returnType' to 'void'
2019-05-11 11:06:14.118 DEBUG 8956 --- [kground-preinit] o.apache.tomcat.util.IntrospectionUtils  : IntrospectionUtils: setProperty(class org.apache.tomcat.util.modeler.OperationInfo returnType=void)
2019-05-11 11:06:14.118 DEBUG 8956 --- [kground-preinit] o.apache.tomcat.util.digester.Digester   :   Fire begin() for SetNextRule[methodName=addOperation, paramType=org.apache.tomcat.util.modeler.OperationInfo]
2019-05-11 11:06:14.118 DEBUG 8956 --- [kground-preinit] o.a.tomcat.util.digester.Digester.sax    : characters(
      )
2019-05-11 11:06:14.118 DEBUG 8956 --- [kground-preinit] o.a.tomcat.util.digester.Digester.sax    : startElement(,,parameter)
2019-05-11 11:06:14.118 DEBUG 8956 --- [kground-preinit] o.apache.tomcat.util.digester.Digester   :   New match='mbeans-descriptors/mbean/operation/parameter'
2019-05-11 11:06:14.118 DEBUG 8956 --- [kground-preinit] o.apache.tomcat.util.digester.Digester   :   Fire begin() for ObjectCreateRule[className=org.apache.tomcat.util.modeler.ParameterInfo, attributeName=null]
2019-05-11 11:06:14.118 DEBUG 8956 --- [kground-preinit] o.apache.tomcat.util.digester.Digester   : [ObjectCreateRule]{mbeans-descriptors/mbean/operation/parameter}New org.apache.tomcat.util.modeler.ParameterInfo
2019-05-11 11:06:14.118 DEBUG 8956 --- [kground-preinit] o.apache.tomcat.util.digester.Digester   :   Fire begin() for SetPropertiesRule[]
2019-05-11 11:06:14.119 DEBUG 8956 --- [kground-preinit] o.apache.tomcat.util.digester.Digester   : [SetPropertiesRule]{mbeans-descriptors/mbean/operation/parameter} Set org.apache.tomcat.util.modeler.ParameterInfo properties
2019-05-11 11:06:14.119 DEBUG 8956 --- [kground-preinit] o.apache.tomcat.util.digester.Digester   : [SetPropertiesRule]{mbeans-descriptors/mbean/operation/parameter} Setting property 'name' to 'extension'
2019-05-11 11:06:14.119 DEBUG 8956 --- [kground-preinit] o.apache.tomcat.util.IntrospectionUtils  : IntrospectionUtils: setProperty(class org.apache.tomcat.util.modeler.ParameterInfo name=extension)
2019-05-11 11:06:14.119 DEBUG 8956 --- [kground-preinit] o.apache.tomcat.util.digester.Digester   : [SetPropertiesRule]{mbeans-descriptors/mbean/operation/parameter} Setting property 'description' to 'Extension to remove the mapping for'
2019-05-11 11:06:14.119 DEBUG 8956 --- [kground-preinit] o.apache.tomcat.util.IntrospectionUtils  : IntrospectionUtils: setProperty(class org.apache.tomcat.util.modeler.ParameterInfo description=Extension to remove the mapping for)
2019-05-11 11:06:14.119 DEBUG 8956 --- [kground-preinit] o.apache.tomcat.util.digester.Digester   : [SetPropertiesRule]{mbeans-descriptors/mbean/operation/parameter} Setting property 'type' to 'java.lang.String'
2019-05-11 11:06:14.120 DEBUG 8956 --- [kground-preinit] o.apache.tomcat.util.IntrospectionUtils  : IntrospectionUtils: setProperty(class org.apache.tomcat.util.modeler.ParameterInfo type=java.lang.String)
2019-05-11 11:06:14.120 DEBUG 8956 --- [kground-preinit] o.apache.tomcat.util.digester.Digester   :   Fire begin() for SetNextRule[methodName=addParameter, paramType=org.apache.tomcat.util.modeler.ParameterInfo]
2019-05-11 11:06:14.120 DEBUG 8956 --- [kground-preinit] o.a.tomcat.util.digester.Digester.sax    : endElement(,,parameter)
2019-05-11 11:06:14.120 DEBUG 8956 --- [kground-preinit] o.apache.tomcat.util.digester.Digester   :   match='mbeans-descriptors/mbean/operation/parameter'
2019-05-11 11:06:14.121 DEBUG 8956 --- [kground-preinit] o.apache.tomcat.util.digester.Digester   :   bodyText=''
2019-05-11 11:06:14.121 DEBUG 8956 --- [kground-preinit] o.apache.tomcat.util.digester.Digester   :   Fire body() for ObjectCreateRule[className=org.apache.tomcat.util.modeler.ParameterInfo, attributeName=null]
2019-05-11 11:06:14.121 DEBUG 8956 --- [kground-preinit] o.apache.tomcat.util.digester.Digester   :   Fire body() for SetPropertiesRule[]
2019-05-11 11:06:14.121 DEBUG 8956 --- [kground-preinit] o.apache.tomcat.util.digester.Digester   :   Fire body() for SetNextRule[methodName=addParameter, paramType=org.apache.tomcat.util.modeler.ParameterInfo]
2019-05-11 11:06:14.121 DEBUG 8956 --- [kground-preinit] o.apache.tomcat.util.digester.Digester   :   Fire end() for SetNextRule[methodName=addParameter, paramType=org.apache.tomcat.util.modeler.ParameterInfo]
2019-05-11 11:06:14.122 DEBUG 8956 --- [kground-preinit] o.apache.tomcat.util.digester.Digester   : [SetNextRule]{mbeans-descriptors/mbean/operation/parameter} Call org.apache.tomcat.util.modeler.OperationInfo.addParameter(org.apache.tomcat.util.modeler.ParameterInfo@3233b5c6)
2019-05-11 11:06:14.122 DEBUG 8956 --- [kground-preinit] o.apache.tomcat.util.IntrospectionUtils  : IntrospectionUtils: callMethod1 org.apache.tomcat.util.modeler.OperationInfo org.apache.tomcat.util.modeler.ParameterInfo org.apache.tomcat.util.modeler.ParameterInfo
2019-05-11 11:06:14.122 DEBUG 8956 --- [kground-preinit] o.apache.tomcat.util.digester.Digester   :   Fire end() for SetPropertiesRule[]
2019-05-11 11:06:14.122 DEBUG 8956 --- [kground-preinit] o.apache.tomcat.util.digester.Digester   :   Fire end() for ObjectCreateRule[className=org.apache.tomcat.util.modeler.ParameterInfo, attributeName=null]
2019-05-11 11:06:14.123 DEBUG 8956 --- [kground-preinit] o.apache.tomcat.util.digester.Digester   : [ObjectCreateRule]{mbeans-descriptors/mbean/operation/parameter} Pop org.apache.tomcat.util.modeler.ParameterInfo
2019-05-11 11:06:14.123 DEBUG 8956 --- [kground-preinit] o.a.tomcat.util.digester.Digester.sax    : characters(
    )
2019-05-11 11:06:14.123 DEBUG 8956 --- [kground-preinit] o.a.tomcat.util.digester.Digester.sax    : endElement(,,operation)
2019-05-11 11:06:14.123 DEBUG 8956 --- [kground-preinit] o.apache.tomcat.util.digester.Digester   :   match='mbeans-descriptors/mbean/operation'
2019-05-11 11:06:14.123 DEBUG 8956 --- [kground-preinit] o.apache.tomcat.util.digester.Digester   :   bodyText='
      
    '
2019-05-11 11:06:14.125 DEBUG 8956 --- [kground-preinit] o.apache.tomcat.util.digester.Digester   :   Fire body() for ObjectCreateRule[className=org.apache.tomcat.util.modeler.OperationInfo, attributeName=null]
2019-05-11 11:06:14.125 DEBUG 8956 --- [kground-preinit] o.apache.tomcat.util.digester.Digester   :   Fire body() for SetPropertiesRule[]
2019-05-11 11:06:14.126 DEBUG 8956 --- [kground-preinit] o.apache.tomcat.util.digester.Digester   :   Fire body() for SetNextRule[methodName=addOperation, paramType=org.apache.tomcat.util.modeler.OperationInfo]
2019-05-11 11:06:14.126 DEBUG 8956 --- [kground-preinit] o.apache.tomcat.util.digester.Digester   :   Fire end() for SetNextRule[methodName=addOperation, paramType=org.apache.tomcat.util.modeler.OperationInfo]
2019-05-11 11:06:14.126 DEBUG 8956 --- [           main] a.ConfigurationClassBeanDefinitionReader : Registering bean definition for @Bean method org.springframework.boot.autoconfigure.web.JacksonHttpMessageConvertersConfiguration$MappingJackson2HttpMessageConverterConfiguration.mappingJackson2HttpMessageConverter()
2019-05-11 11:06:14.165 DEBUG 8956 --- [           main] a.ConfigurationClassBeanDefinitionReader : Registered bean definition for imported class 'org.springframework.boot.autoconfigure.web.JacksonHttpMessageConvertersConfiguration'
2019-05-11 11:06:14.165 DEBUG 8956 --- [kground-preinit] o.apache.tomcat.util.digester.Digester   : [SetNextRule]{mbeans-descriptors/mbean/operation} Call org.apache.tomcat.util.modeler.ManagedBean.addOperation(org.apache.tomcat.util.modeler.OperationInfo@2abd4fa4)
2019-05-11 11:06:14.166 DEBUG 8956 --- [kground-preinit] o.apache.tomcat.util.IntrospectionUtils  : IntrospectionUtils: callMethod1 org.apache.tomcat.util.modeler.ManagedBean org.apache.tomcat.util.modeler.OperationInfo org.apache.tomcat.util.modeler.OperationInfo
2019-05-11 11:06:14.166 DEBUG 8956 --- [kground-preinit] o.apache.tomcat.util.digester.Digester   :   Fire end() for SetPropertiesRule[]
2019-05-11 11:06:14.166 DEBUG 8956 --- [kground-preinit] o.apache.tomcat.util.digester.Digester   :   Fire end() for ObjectCreateRule[className=org.apache.tomcat.util.modeler.OperationInfo, attributeName=null]
2019-05-11 11:06:14.166 DEBUG 8956 --- [kground-preinit] o.apache.tomcat.util.digester.Digester   : [ObjectCreateRule]{mbeans-descriptors/mbean/operation} Pop org.apache.tomcat.util.modeler.OperationInfo
2019-05-11 11:06:14.166 DEBUG 8956 --- [kground-preinit] o.a.tomcat.util.digester.Digester.sax    : characters(

    )
2019-05-11 11:06:14.166 DEBUG 8956 --- [kground-preinit] o.a.tomcat.util.digester.Digester.sax    : startElement(,,operation)
2019-05-11 11:06:14.167 DEBUG 8956 --- [kground-preinit] o.apache.tomcat.util.digester.Digester   :   New match='mbeans-descriptors/mbean/operation'
2019-05-11 11:06:14.167 DEBUG 8956 --- [kground-preinit] o.apache.tomcat.util.digester.Digester   :   Fire begin() for ObjectCreateRule[className=org.apache.tomcat.util.modeler.OperationInfo, attributeName=null]
2019-05-11 11:06:14.167 DEBUG 8956 --- [kground-preinit] o.apache.tomcat.util.digester.Digester   : [ObjectCreateRule]{mbeans-descriptors/mbean/operation}New org.apache.tomcat.util.modeler.OperationInfo
2019-05-11 11:06:14.167 DEBUG 8956 --- [kground-preinit] o.apache.tomcat.util.digester.Digester   :   Fire begin() for SetPropertiesRule[]
2019-05-11 11:06:14.167 DEBUG 8956 --- [kground-preinit] o.apache.tomcat.util.digester.Digester   : [SetPropertiesRule]{mbeans-descriptors/mbean/operation} Set org.apache.tomcat.util.modeler.OperationInfo properties
2019-05-11 11:06:14.167 DEBUG 8956 --- [kground-preinit] o.apache.tomcat.util.digester.Digester   : [SetPropertiesRule]{mbeans-descriptors/mbean/operation} Setting property 'name' to 'removeParameter'
2019-05-11 11:06:14.167 DEBUG 8956 --- [kground-preinit] o.apache.tomcat.util.IntrospectionUtils  : IntrospectionUtils: setProperty(class org.apache.tomcat.util.modeler.OperationInfo name=removeParameter)
2019-05-11 11:06:14.167 DEBUG 8956 --- [kground-preinit] o.apache.tomcat.util.digester.Digester   : [SetPropertiesRule]{mbeans-descriptors/mbean/operation} Setting property 'description' to 'Remove the context initialization parameter with the specified name, if it exists; otherwise, no action is taken.'
2019-05-11 11:06:14.167 DEBUG 8956 --- [kground-preinit] o.apache.tomcat.util.IntrospectionUtils  : IntrospectionUtils: setProperty(class org.apache.tomcat.util.modeler.OperationInfo description=Remove the context initialization parameter with the specified name, if it exists; otherwise, no action is taken.)
2019-05-11 11:06:14.168 DEBUG 8956 --- [kground-preinit] o.apache.tomcat.util.digester.Digester   : [SetPropertiesRule]{mbeans-descriptors/mbean/operation} Setting property 'impact' to 'ACTION'
2019-05-11 11:06:14.169 DEBUG 8956 --- [kground-preinit] o.apache.tomcat.util.IntrospectionUtils  : IntrospectionUtils: setProperty(class org.apache.tomcat.util.modeler.OperationInfo impact=ACTION)
2019-05-11 11:06:14.169 DEBUG 8956 --- [kground-preinit] o.apache.tomcat.util.digester.Digester   : [SetPropertiesRule]{mbeans-descriptors/mbean/operation} Setting property 'returnType' to 'void'
2019-05-11 11:06:14.169 DEBUG 8956 --- [kground-preinit] o.apache.tomcat.util.IntrospectionUtils  : IntrospectionUtils: setProperty(class org.apache.tomcat.util.modeler.OperationInfo returnType=void)
2019-05-11 11:06:14.169 DEBUG 8956 --- [kground-preinit] o.apache.tomcat.util.digester.Digester   :   Fire begin() for SetNextRule[methodName=addOperation, paramType=org.apache.tomcat.util.modeler.OperationInfo]
2019-05-11 11:06:14.169 DEBUG 8956 --- [kground-preinit] o.a.tomcat.util.digester.Digester.sax    : characters(
      )
2019-05-11 11:06:14.170 DEBUG 8956 --- [kground-preinit] o.a.tomcat.util.digester.Digester.sax    : startElement(,,parameter)
2019-05-11 11:06:14.170 DEBUG 8956 --- [kground-preinit] o.apache.tomcat.util.digester.Digester   :   New match='mbeans-descriptors/mbean/operation/parameter'
2019-05-11 11:06:14.170 DEBUG 8956 --- [kground-preinit] o.apache.tomcat.util.digester.Digester   :   Fire begin() for ObjectCreateRule[className=org.apache.tomcat.util.modeler.ParameterInfo, attributeName=null]
2019-05-11 11:06:14.170 DEBUG 8956 --- [kground-preinit] o.apache.tomcat.util.digester.Digester   : [ObjectCreateRule]{mbeans-descriptors/mbean/operation/parameter}New org.apache.tomcat.util.modeler.ParameterInfo
2019-05-11 11:06:14.170 DEBUG 8956 --- [kground-preinit] o.apache.tomcat.util.digester.Digester   :   Fire begin() for SetPropertiesRule[]
2019-05-11 11:06:14.170 DEBUG 8956 --- [kground-preinit] o.apache.tomcat.util.digester.Digester   : [SetPropertiesRule]{mbeans-descriptors/mbean/operation/parameter} Set org.apache.tomcat.util.modeler.ParameterInfo properties
2019-05-11 11:06:14.171 DEBUG 8956 --- [kground-preinit] o.apache.tomcat.util.digester.Digester   : [SetPropertiesRule]{mbeans-descriptors/mbean/operation/parameter} Setting property 'name' to 'name'
2019-05-11 11:06:14.171 DEBUG 8956 --- [kground-preinit] o.apache.tomcat.util.IntrospectionUtils  : IntrospectionUtils: setProperty(class org.apache.tomcat.util.modeler.ParameterInfo name=name)
2019-05-11 11:06:14.171 DEBUG 8956 --- [kground-preinit] o.apache.tomcat.util.digester.Digester   : [SetPropertiesRule]{mbeans-descriptors/mbean/operation/parameter} Setting property 'description' to 'Name of the parameter to remove'
2019-05-11 11:06:14.171 DEBUG 8956 --- [kground-preinit] o.apache.tomcat.util.IntrospectionUtils  : IntrospectionUtils: setProperty(class org.apache.tomcat.util.modeler.ParameterInfo description=Name of the parameter to remove)
2019-05-11 11:06:14.171 DEBUG 8956 --- [kground-preinit] o.apache.tomcat.util.digester.Digester   : [SetPropertiesRule]{mbeans-descriptors/mbean/operation/parameter} Setting property 'type' to 'java.lang.String'
2019-05-11 11:06:14.171 DEBUG 8956 --- [kground-preinit] o.apache.tomcat.util.IntrospectionUtils  : IntrospectionUtils: setProperty(class org.apache.tomcat.util.modeler.ParameterInfo type=java.lang.String)
2019-05-11 11:06:14.171 DEBUG 8956 --- [kground-preinit] o.apache.tomcat.util.digester.Digester   :   Fire begin() for SetNextRule[methodName=addParameter, paramType=org.apache.tomcat.util.modeler.ParameterInfo]
2019-05-11 11:06:14.172 DEBUG 8956 --- [kground-preinit] o.a.tomcat.util.digester.Digester.sax    : endElement(,,parameter)
2019-05-11 11:06:14.172 DEBUG 8956 --- [kground-preinit] o.apache.tomcat.util.digester.Digester   :   match='mbeans-descriptors/mbean/operation/parameter'
2019-05-11 11:06:14.172 DEBUG 8956 --- [kground-preinit] o.apache.tomcat.util.digester.Digester   :   bodyText=''
2019-05-11 11:06:14.172 DEBUG 8956 --- [kground-preinit] o.apache.tomcat.util.digester.Digester   :   Fire body() for ObjectCreateRule[className=org.apache.tomcat.util.modeler.ParameterInfo, attributeName=null]
2019-05-11 11:06:14.172 DEBUG 8956 --- [kground-preinit] o.apache.tomcat.util.digester.Digester   :   Fire body() for SetPropertiesRule[]
2019-05-11 11:06:14.172 DEBUG 8956 --- [kground-preinit] o.apache.tomcat.util.digester.Digester   :   Fire body() for SetNextRule[methodName=addParameter, paramType=org.apache.tomcat.util.modeler.ParameterInfo]
2019-05-11 11:06:14.172 DEBUG 8956 --- [kground-preinit] o.apache.tomcat.util.digester.Digester   :   Fire end() for SetNextRule[methodName=addParameter, paramType=org.apache.tomcat.util.modeler.ParameterInfo]
2019-05-11 11:06:14.172 DEBUG 8956 --- [kground-preinit] o.apache.tomcat.util.digester.Digester   : [SetNextRule]{mbeans-descriptors/mbean/operation/parameter} Call org.apache.tomcat.util.modeler.OperationInfo.addParameter(org.apache.tomcat.util.modeler.ParameterInfo@6a974b06)
2019-05-11 11:06:14.172 DEBUG 8956 --- [kground-preinit] o.apache.tomcat.util.IntrospectionUtils  : IntrospectionUtils: callMethod1 org.apache.tomcat.util.modeler.OperationInfo org.apache.tomcat.util.modeler.ParameterInfo org.apache.tomcat.util.modeler.ParameterInfo
2019-05-11 11:06:14.172 DEBUG 8956 --- [kground-preinit] o.apache.tomcat.util.digester.Digester   :   Fire end() for SetPropertiesRule[]
2019-05-11 11:06:14.173 DEBUG 8956 --- [kground-preinit] o.apache.tomcat.util.digester.Digester   :   Fire end() for ObjectCreateRule[className=org.apache.tomcat.util.modeler.ParameterInfo, attributeName=null]
2019-05-11 11:06:14.169 DEBUG 8956 --- [           main] a.ConfigurationClassBeanDefinitionReader : Registered bean definition for imported class 'org.springframework.boot.autoconfigure.web.HttpMessageConvertersAutoConfiguration'
2019-05-11 11:06:14.173 DEBUG 8956 --- [kground-preinit] o.apache.tomcat.util.digester.Digester   : [ObjectCreateRule]{mbeans-descriptors/mbean/operation/parameter} Pop org.apache.tomcat.util.modeler.ParameterInfo
2019-05-11 11:06:14.173 DEBUG 8956 --- [kground-preinit] o.a.tomcat.util.digester.Digester.sax    : characters(
    )
2019-05-11 11:06:14.173 DEBUG 8956 --- [kground-preinit] o.a.tomcat.util.digester.Digester.sax    : endElement(,,operation)
2019-05-11 11:06:14.173 DEBUG 8956 --- [kground-preinit] o.apache.tomcat.util.digester.Digester   :   match='mbeans-descriptors/mbean/operation'
2019-05-11 11:06:14.173 DEBUG 8956 --- [kground-preinit] o.apache.tomcat.util.digester.Digester   :   bodyText='
      
    '
2019-05-11 11:06:14.173 DEBUG 8956 --- [kground-preinit] o.apache.tomcat.util.digester.Digester   :   Fire body() for ObjectCreateRule[className=org.apache.tomcat.util.modeler.OperationInfo, attributeName=null]
2019-05-11 11:06:14.173 DEBUG 8956 --- [kground-preinit] o.apache.tomcat.util.digester.Digester   :   Fire body() for SetPropertiesRule[]
2019-05-11 11:06:14.173 DEBUG 8956 --- [kground-preinit] o.apache.tomcat.util.digester.Digester   :   Fire body() for SetNextRule[methodName=addOperation, paramType=org.apache.tomcat.util.modeler.OperationInfo]
2019-05-11 11:06:14.173 DEBUG 8956 --- [kground-preinit] o.apache.tomcat.util.digester.Digester   :   Fire end() for SetNextRule[methodName=addOperation, paramType=org.apache.tomcat.util.modeler.OperationInfo]
2019-05-11 11:06:14.173 DEBUG 8956 --- [kground-preinit] o.apache.tomcat.util.digester.Digester   : [SetNextRule]{mbeans-descriptors/mbean/operation} Call org.apache.tomcat.util.modeler.ManagedBean.addOperation(org.apache.tomcat.util.modeler.OperationInfo@2eb13e2)
2019-05-11 11:06:14.173 DEBUG 8956 --- [kground-preinit] o.apache.tomcat.util.IntrospectionUtils  : IntrospectionUtils: callMethod1 org.apache.tomcat.util.modeler.ManagedBean org.apache.tomcat.util.modeler.OperationInfo org.apache.tomcat.util.modeler.OperationInfo
2019-05-11 11:06:14.174 DEBUG 8956 --- [           main] o.s.b.f.s.DefaultListableBeanFactory     : Returning cached instance of singleton bean 'org.springframework.boot.autoconfigure.condition.BeanTypeRegistry'
2019-05-11 11:06:14.177 DEBUG 8956 --- [           main] o.s.b.f.s.DefaultListableBeanFactory     : Returning cached instance of singleton bean 'autoConfigurationReport'
2019-05-11 11:06:14.178 DEBUG 8956 --- [           main] a.ConfigurationClassBeanDefinitionReader : Registering bean definition for @Bean method org.springframework.boot.autoconfigure.web.HttpMessageConvertersAutoConfiguration.messageConverters()
2019-05-11 11:06:14.178 DEBUG 8956 --- [           main] a.ConfigurationClassBeanDefinitionReader : Registered bean definition for imported class 'org.springframework.boot.autoconfigure.info.ProjectInfoAutoConfiguration'
2019-05-11 11:06:14.181 DEBUG 8956 --- [           main] o.s.b.f.s.DefaultListableBeanFactory     : Returning cached instance of singleton bean 'autoConfigurationReport'
2019-05-11 11:06:14.182 DEBUG 8956 --- [           main] o.s.c.e.PropertySourcesPropertyResolver  : Could not find key 'spring.info.build.location:classpath:META-INF/build-info.properties' in any property source
2019-05-11 11:06:14.182 DEBUG 8956 --- [           main] o.s.c.e.PropertySourcesPropertyResolver  : Could not find key 'spring.info.build.location' in any property source
2019-05-11 11:06:14.183 DEBUG 8956 --- [           main] o.s.b.f.s.DefaultListableBeanFactory     : Returning cached instance of singleton bean 'autoConfigurationReport'
2019-05-11 11:06:14.183 DEBUG 8956 --- [           main] o.s.b.f.s.DefaultListableBeanFactory     : Returning cached instance of singleton bean 'autoConfigurationReport'
2019-05-11 11:06:14.184 DEBUG 8956 --- [           main] o.s.b.f.s.DefaultListableBeanFactory     : Returning cached instance of singleton bean 'org.springframework.boot.autoconfigure.condition.BeanTypeRegistry'
2019-05-11 11:06:14.186 DEBUG 8956 --- [           main] o.s.b.f.s.DefaultListableBeanFactory     : Returning cached instance of singleton bean 'autoConfigurationReport'
2019-05-11 11:06:14.186 DEBUG 8956 --- [           main] a.ConfigurationClassBeanDefinitionReader : Registered bean definition for imported class 'org.springframework.boot.autoconfigure.jdbc.DataSourceTransactionManagerAutoConfiguration$DataSourceTransactionManagerConfiguration'
2019-05-11 11:06:14.186 DEBUG 8956 --- [           main] o.s.b.f.s.DefaultListableBeanFactory     : Returning cached instance of singleton bean 'org.springframework.boot.autoconfigure.condition.BeanTypeRegistry'
2019-05-11 11:06:14.187 DEBUG 8956 --- [           main] o.s.b.f.s.DefaultListableBeanFactory     : Returning cached instance of singleton bean 'autoConfigurationReport'
2019-05-11 11:06:14.188 DEBUG 8956 --- [           main] a.ConfigurationClassBeanDefinitionReader : Registering bean definition for @Bean method org.springframework.boot.autoconfigure.jdbc.DataSourceTransactionManagerAutoConfiguration$DataSourceTransactionManagerConfiguration.transactionManager()
2019-05-11 11:06:14.188 DEBUG 8956 --- [           main] a.ConfigurationClassBeanDefinitionReader : Registered bean definition for imported class 'org.springframework.boot.autoconfigure.jdbc.DataSourceTransactionManagerAutoConfiguration'
2019-05-11 11:06:14.188 DEBUG 8956 --- [           main] o.s.b.f.s.DefaultListableBeanFactory     : Returning cached instance of singleton bean 'autoConfigurationReport'
2019-05-11 11:06:14.188 DEBUG 8956 --- [           main] o.s.b.f.s.DefaultListableBeanFactory     : Returning cached instance of singleton bean 'org.springframework.boot.autoconfigure.condition.BeanTypeRegistry'
2019-05-11 11:06:14.191 DEBUG 8956 --- [kground-preinit] o.apache.tomcat.util.digester.Digester   :   Fire end() for SetPropertiesRule[]
2019-05-11 11:06:14.191 DEBUG 8956 --- [           main] o.s.b.f.s.DefaultListableBeanFactory     : Returning cached instance of singleton bean 'autoConfigurationReport'
2019-05-11 11:06:14.191 DEBUG 8956 --- [kground-preinit] o.apache.tomcat.util.digester.Digester   :   Fire end() for ObjectCreateRule[className=org.apache.tomcat.util.modeler.OperationInfo, attributeName=null]
2019-05-11 11:06:14.191 DEBUG 8956 --- [           main] a.ConfigurationClassBeanDefinitionReader : Registered bean definition for imported class 'org.springframework.boot.autoconfigure.jdbc.JdbcTemplateAutoConfiguration'
2019-05-11 11:06:14.192 DEBUG 8956 --- [           main] o.s.b.f.s.DefaultListableBeanFactory     : Returning cached instance of singleton bean 'org.springframework.boot.autoconfigure.condition.BeanTypeRegistry'
2019-05-11 11:06:14.192 DEBUG 8956 --- [kground-preinit] o.apache.tomcat.util.digester.Digester   : [ObjectCreateRule]{mbeans-descriptors/mbean/operation} Pop org.apache.tomcat.util.modeler.OperationInfo
2019-05-11 11:06:14.193 DEBUG 8956 --- [kground-preinit] o.a.tomcat.util.digester.Digester.sax    : characters(

    )
2019-05-11 11:06:14.193 DEBUG 8956 --- [kground-preinit] o.a.tomcat.util.digester.Digester.sax    : startElement(,,operation)
2019-05-11 11:06:14.193 DEBUG 8956 --- [           main] o.s.b.f.s.DefaultListableBeanFactory     : Returning cached instance of singleton bean 'autoConfigurationReport'
2019-05-11 11:06:14.193 DEBUG 8956 --- [kground-preinit] o.apache.tomcat.util.digester.Digester   :   New match='mbeans-descriptors/mbean/operation'
2019-05-11 11:06:14.193 DEBUG 8956 --- [           main] a.ConfigurationClassBeanDefinitionReader : Registering bean definition for @Bean method org.springframework.boot.autoconfigure.jdbc.JdbcTemplateAutoConfiguration.jdbcTemplate()
2019-05-11 11:06:14.194 DEBUG 8956 --- [kground-preinit] o.apache.tomcat.util.digester.Digester   :   Fire begin() for ObjectCreateRule[className=org.apache.tomcat.util.modeler.OperationInfo, attributeName=null]
2019-05-11 11:06:14.194 DEBUG 8956 --- [kground-preinit] o.apache.tomcat.util.digester.Digester   : [ObjectCreateRule]{mbeans-descriptors/mbean/operation}New org.apache.tomcat.util.modeler.OperationInfo
2019-05-11 11:06:14.194 DEBUG 8956 --- [kground-preinit] o.apache.tomcat.util.digester.Digester   :   Fire begin() for SetPropertiesRule[]
2019-05-11 11:06:14.194 DEBUG 8956 --- [kground-preinit] o.apache.tomcat.util.digester.Digester   : [SetPropertiesRule]{mbeans-descriptors/mbean/operation} Set org.apache.tomcat.util.modeler.OperationInfo properties
2019-05-11 11:06:14.194 DEBUG 8956 --- [           main] o.s.b.f.s.DefaultListableBeanFactory     : Returning cached instance of singleton bean 'org.springframework.boot.autoconfigure.condition.BeanTypeRegistry'
2019-05-11 11:06:14.195 DEBUG 8956 --- [kground-preinit] o.apache.tomcat.util.digester.Digester   : [SetPropertiesRule]{mbeans-descriptors/mbean/operation} Setting property 'name' to 'removeRoleMapping'
2019-05-11 11:06:14.195 DEBUG 8956 --- [kground-preinit] o.apache.tomcat.util.IntrospectionUtils  : IntrospectionUtils: setProperty(class org.apache.tomcat.util.modeler.OperationInfo name=removeRoleMapping)
2019-05-11 11:06:14.195 DEBUG 8956 --- [kground-preinit] o.apache.tomcat.util.digester.Digester   : [SetPropertiesRule]{mbeans-descriptors/mbean/operation} Setting property 'description' to 'Remove any security role reference for the specified name'
2019-05-11 11:06:14.195 DEBUG 8956 --- [kground-preinit] o.apache.tomcat.util.IntrospectionUtils  : IntrospectionUtils: setProperty(class org.apache.tomcat.util.modeler.OperationInfo description=Remove any security role reference for the specified name)
2019-05-11 11:06:14.196 DEBUG 8956 --- [kground-preinit] o.apache.tomcat.util.digester.Digester   : [SetPropertiesRule]{mbeans-descriptors/mbean/operation} Setting property 'impact' to 'ACTION'
2019-05-11 11:06:14.196 DEBUG 8956 --- [kground-preinit] o.apache.tomcat.util.IntrospectionUtils  : IntrospectionUtils: setProperty(class org.apache.tomcat.util.modeler.OperationInfo impact=ACTION)
2019-05-11 11:06:14.196 DEBUG 8956 --- [kground-preinit] o.apache.tomcat.util.digester.Digester   : [SetPropertiesRule]{mbeans-descriptors/mbean/operation} Setting property 'returnType' to 'void'
2019-05-11 11:06:14.196 DEBUG 8956 --- [kground-preinit] o.apache.tomcat.util.IntrospectionUtils  : IntrospectionUtils: setProperty(class org.apache.tomcat.util.modeler.OperationInfo returnType=void)
2019-05-11 11:06:14.196 DEBUG 8956 --- [           main] o.s.b.f.s.DefaultListableBeanFactory     : Returning cached instance of singleton bean 'autoConfigurationReport'
2019-05-11 11:06:14.197 DEBUG 8956 --- [           main] a.ConfigurationClassBeanDefinitionReader : Registering bean definition for @Bean method org.springframework.boot.autoconfigure.jdbc.JdbcTemplateAutoConfiguration.namedParameterJdbcTemplate()
2019-05-11 11:06:14.197 DEBUG 8956 --- [kground-preinit] o.apache.tomcat.util.digester.Digester   :   Fire begin() for SetNextRule[methodName=addOperation, paramType=org.apache.tomcat.util.modeler.OperationInfo]
2019-05-11 11:06:14.197 DEBUG 8956 --- [           main] o.s.b.f.s.DefaultListableBeanFactory     : Returning cached instance of singleton bean 'autoConfigurationReport'
2019-05-11 11:06:14.197 DEBUG 8956 --- [           main] o.s.b.f.s.DefaultListableBeanFactory     : Returning cached instance of singleton bean 'org.springframework.boot.autoconfigure.condition.BeanTypeRegistry'
2019-05-11 11:06:14.197 DEBUG 8956 --- [kground-preinit] o.a.tomcat.util.digester.Digester.sax    : characters(
      )
2019-05-11 11:06:14.198 DEBUG 8956 --- [           main] o.s.b.f.s.DefaultListableBeanFactory     : Returning cached instance of singleton bean 'autoConfigurationReport'
2019-05-11 11:06:14.198 DEBUG 8956 --- [kground-preinit] o.a.tomcat.util.digester.Digester.sax    : startElement(,,parameter)
2019-05-11 11:06:14.198 DEBUG 8956 --- [kground-preinit] o.apache.tomcat.util.digester.Digester   :   New match='mbeans-descriptors/mbean/operation/parameter'
2019-05-11 11:06:14.198 DEBUG 8956 --- [kground-preinit] o.apache.tomcat.util.digester.Digester   :   Fire begin() for ObjectCreateRule[className=org.apache.tomcat.util.modeler.ParameterInfo, attributeName=null]
2019-05-11 11:06:14.198 DEBUG 8956 --- [kground-preinit] o.apache.tomcat.util.digester.Digester   : [ObjectCreateRule]{mbeans-descriptors/mbean/operation/parameter}New org.apache.tomcat.util.modeler.ParameterInfo
2019-05-11 11:06:14.198 DEBUG 8956 --- [           main] o.s.b.f.s.DefaultListableBeanFactory     : Returning cached instance of singleton bean 'autoConfigurationReport'
2019-05-11 11:06:14.198 DEBUG 8956 --- [kground-preinit] o.apache.tomcat.util.digester.Digester   :   Fire begin() for SetPropertiesRule[]
2019-05-11 11:06:14.198 DEBUG 8956 --- [           main] o.s.b.f.s.DefaultListableBeanFactory     : Returning cached instance of singleton bean 'org.springframework.boot.autoconfigure.condition.BeanTypeRegistry'
2019-05-11 11:06:14.198 DEBUG 8956 --- [kground-preinit] o.apache.tomcat.util.digester.Digester   : [SetPropertiesRule]{mbeans-descriptors/mbean/operation/parameter} Set org.apache.tomcat.util.modeler.ParameterInfo properties
2019-05-11 11:06:14.198 DEBUG 8956 --- [kground-preinit] o.apache.tomcat.util.digester.Digester   : [SetPropertiesRule]{mbeans-descriptors/mbean/operation/parameter} Setting property 'name' to 'role'
2019-05-11 11:06:14.198 DEBUG 8956 --- [           main] o.s.b.f.s.DefaultListableBeanFactory     : Returning cached instance of singleton bean 'autoConfigurationReport'
2019-05-11 11:06:14.198 DEBUG 8956 --- [kground-preinit] o.apache.tomcat.util.IntrospectionUtils  : IntrospectionUtils: setProperty(class org.apache.tomcat.util.modeler.ParameterInfo name=role)
2019-05-11 11:06:14.198 DEBUG 8956 --- [kground-preinit] o.apache.tomcat.util.digester.Digester   : [SetPropertiesRule]{mbeans-descriptors/mbean/operation/parameter} Setting property 'description' to 'Security role (as used in the application) to remove'
2019-05-11 11:06:14.199 DEBUG 8956 --- [           main] o.s.b.f.s.DefaultListableBeanFactory     : Returning cached instance of singleton bean 'autoConfigurationReport'
2019-05-11 11:06:14.199 DEBUG 8956 --- [kground-preinit] o.apache.tomcat.util.IntrospectionUtils  : IntrospectionUtils: setProperty(class org.apache.tomcat.util.modeler.ParameterInfo description=Security role (as used in the application) to remove)
2019-05-11 11:06:14.199 DEBUG 8956 --- [kground-preinit] o.apache.tomcat.util.digester.Digester   : [SetPropertiesRule]{mbeans-descriptors/mbean/operation/parameter} Setting property 'type' to 'java.lang.String'
2019-05-11 11:06:14.199 DEBUG 8956 --- [           main] a.ConfigurationClassBeanDefinitionReader : Registered bean definition for imported class 'org.springframework.boot.autoconfigure.jms.JmsAutoConfiguration$JmsTemplateConfiguration'
2019-05-11 11:06:14.199 DEBUG 8956 --- [kground-preinit] o.apache.tomcat.util.IntrospectionUtils  : IntrospectionUtils: setProperty(class org.apache.tomcat.util.modeler.ParameterInfo type=java.lang.String)
2019-05-11 11:06:14.199 DEBUG 8956 --- [kground-preinit] o.apache.tomcat.util.digester.Digester   :   Fire begin() for SetNextRule[methodName=addParameter, paramType=org.apache.tomcat.util.modeler.ParameterInfo]
2019-05-11 11:06:14.199 DEBUG 8956 --- [kground-preinit] o.a.tomcat.util.digester.Digester.sax    : endElement(,,parameter)
2019-05-11 11:06:14.199 DEBUG 8956 --- [           main] o.s.b.f.s.DefaultListableBeanFactory     : Returning cached instance of singleton bean 'org.springframework.boot.autoconfigure.condition.BeanTypeRegistry'
2019-05-11 11:06:14.199 DEBUG 8956 --- [kground-preinit] o.apache.tomcat.util.digester.Digester   :   match='mbeans-descriptors/mbean/operation/parameter'
2019-05-11 11:06:14.199 DEBUG 8956 --- [kground-preinit] o.apache.tomcat.util.digester.Digester   :   bodyText=''
2019-05-11 11:06:14.199 DEBUG 8956 --- [kground-preinit] o.apache.tomcat.util.digester.Digester   :   Fire body() for ObjectCreateRule[className=org.apache.tomcat.util.modeler.ParameterInfo, attributeName=null]
2019-05-11 11:06:14.199 DEBUG 8956 --- [kground-preinit] o.apache.tomcat.util.digester.Digester   :   Fire body() for SetPropertiesRule[]
2019-05-11 11:06:14.199 DEBUG 8956 --- [kground-preinit] o.apache.tomcat.util.digester.Digester   :   Fire body() for SetNextRule[methodName=addParameter, paramType=org.apache.tomcat.util.modeler.ParameterInfo]
2019-05-11 11:06:14.199 DEBUG 8956 --- [kground-preinit] o.apache.tomcat.util.digester.Digester   :   Fire end() for SetNextRule[methodName=addParameter, paramType=org.apache.tomcat.util.modeler.ParameterInfo]
2019-05-11 11:06:14.199 DEBUG 8956 --- [kground-preinit] o.apache.tomcat.util.digester.Digester   : [SetNextRule]{mbeans-descriptors/mbean/operation/parameter} Call org.apache.tomcat.util.modeler.OperationInfo.addParameter(org.apache.tomcat.util.modeler.ParameterInfo@2dd90bfc)
2019-05-11 11:06:14.199 DEBUG 8956 --- [kground-preinit] o.apache.tomcat.util.IntrospectionUtils  : IntrospectionUtils: callMethod1 org.apache.tomcat.util.modeler.OperationInfo org.apache.tomcat.util.modeler.ParameterInfo org.apache.tomcat.util.modeler.ParameterInfo
2019-05-11 11:06:14.199 DEBUG 8956 --- [kground-preinit] o.apache.tomcat.util.digester.Digester   :   Fire end() for SetPropertiesRule[]
2019-05-11 11:06:14.200 DEBUG 8956 --- [kground-preinit] o.apache.tomcat.util.digester.Digester   :   Fire end() for ObjectCreateRule[className=org.apache.tomcat.util.modeler.ParameterInfo, attributeName=null]
2019-05-11 11:06:14.200 DEBUG 8956 --- [           main] o.s.b.f.s.DefaultListableBeanFactory     : Returning cached instance of singleton bean 'org.springframework.boot.autoconfigure.condition.BeanTypeRegistry'
2019-05-11 11:06:14.203 DEBUG 8956 --- [           main] o.s.b.f.s.DefaultListableBeanFactory     : Returning cached instance of singleton bean 'autoConfigurationReport'
2019-05-11 11:06:14.203 DEBUG 8956 --- [kground-preinit] o.apache.tomcat.util.digester.Digester   : [ObjectCreateRule]{mbeans-descriptors/mbean/operation/parameter} Pop org.apache.tomcat.util.modeler.ParameterInfo
2019-05-11 11:06:14.203 DEBUG 8956 --- [           main] o.s.b.f.s.DefaultListableBeanFactory     : Returning cached instance of singleton bean 'org.springframework.boot.autoconfigure.condition.BeanTypeRegistry'
2019-05-11 11:06:14.204 DEBUG 8956 --- [           main] o.s.b.f.s.DefaultListableBeanFactory     : Returning cached instance of singleton bean 'org.springframework.boot.autoconfigure.condition.BeanTypeRegistry'
2019-05-11 11:06:14.204 DEBUG 8956 --- [           main] o.s.b.f.s.DefaultListableBeanFactory     : Returning cached instance of singleton bean 'autoConfigurationReport'
2019-05-11 11:06:14.205 DEBUG 8956 --- [kground-preinit] o.a.tomcat.util.digester.Digester.sax    : characters(
    )
2019-05-11 11:06:14.205 DEBUG 8956 --- [           main] a.ConfigurationClassBeanDefinitionReader : Registering bean definition for @Bean method org.springframework.boot.autoconfigure.jms.JmsAutoConfiguration$JmsTemplateConfiguration.jmsTemplate()
2019-05-11 11:06:14.205 DEBUG 8956 --- [kground-preinit] o.a.tomcat.util.digester.Digester.sax    : endElement(,,operation)
2019-05-11 11:06:14.205 DEBUG 8956 --- [           main] a.ConfigurationClassBeanDefinitionReader : Registered bean definition for imported class 'org.springframework.boot.autoconfigure.jms.JmsAutoConfiguration$MessagingTemplateConfiguration'
2019-05-11 11:06:14.205 DEBUG 8956 --- [kground-preinit] o.apache.tomcat.util.digester.Digester   :   match='mbeans-descriptors/mbean/operation'
2019-05-11 11:06:14.205 DEBUG 8956 --- [           main] o.s.b.f.s.DefaultListableBeanFactory     : Returning cached instance of singleton bean 'org.springframework.boot.autoconfigure.condition.BeanTypeRegistry'
2019-05-11 11:06:14.205 DEBUG 8956 --- [kground-preinit] o.apache.tomcat.util.digester.Digester   :   bodyText='
      
    '
2019-05-11 11:06:14.206 DEBUG 8956 --- [kground-preinit] o.apache.tomcat.util.digester.Digester   :   Fire body() for ObjectCreateRule[className=org.apache.tomcat.util.modeler.OperationInfo, attributeName=null]
2019-05-11 11:06:14.206 DEBUG 8956 --- [kground-preinit] o.apache.tomcat.util.digester.Digester   :   Fire body() for SetPropertiesRule[]
2019-05-11 11:06:14.206 DEBUG 8956 --- [kground-preinit] o.apache.tomcat.util.digester.Digester   :   Fire body() for SetNextRule[methodName=addOperation, paramType=org.apache.tomcat.util.modeler.OperationInfo]
2019-05-11 11:06:14.207 DEBUG 8956 --- [kground-preinit] o.apache.tomcat.util.digester.Digester   :   Fire end() for SetNextRule[methodName=addOperation, paramType=org.apache.tomcat.util.modeler.OperationInfo]
2019-05-11 11:06:14.207 DEBUG 8956 --- [           main] o.s.b.f.s.DefaultListableBeanFactory     : Returning cached instance of singleton bean 'org.springframework.boot.autoconfigure.condition.BeanTypeRegistry'
2019-05-11 11:06:14.207 DEBUG 8956 --- [kground-preinit] o.apache.tomcat.util.digester.Digester   : [SetNextRule]{mbeans-descriptors/mbean/operation} Call org.apache.tomcat.util.modeler.ManagedBean.addOperation(org.apache.tomcat.util.modeler.OperationInfo@6dd9b18c)
2019-05-11 11:06:14.207 DEBUG 8956 --- [           main] o.s.b.f.s.DefaultListableBeanFactory     : Returning cached instance of singleton bean 'autoConfigurationReport'
2019-05-11 11:06:14.207 DEBUG 8956 --- [           main] o.s.b.f.s.DefaultListableBeanFactory     : Returning cached instance of singleton bean 'org.springframework.boot.autoconfigure.condition.BeanTypeRegistry'
2019-05-11 11:06:14.207 DEBUG 8956 --- [kground-preinit] o.apache.tomcat.util.IntrospectionUtils  : IntrospectionUtils: callMethod1 org.apache.tomcat.util.modeler.ManagedBean org.apache.tomcat.util.modeler.OperationInfo org.apache.tomcat.util.modeler.OperationInfo
2019-05-11 11:06:14.207 DEBUG 8956 --- [           main] o.s.b.f.s.DefaultListableBeanFactory     : Returning cached instance of singleton bean 'org.springframework.boot.autoconfigure.condition.BeanTypeRegistry'
2019-05-11 11:06:14.208 DEBUG 8956 --- [kground-preinit] o.apache.tomcat.util.digester.Digester   :   Fire end() for SetPropertiesRule[]
2019-05-11 11:06:14.209 DEBUG 8956 --- [           main] o.s.b.f.s.DefaultListableBeanFactory     : Returning cached instance of singleton bean 'autoConfigurationReport'
2019-05-11 11:06:14.210 DEBUG 8956 --- [kground-preinit] o.apache.tomcat.util.digester.Digester   :   Fire end() for ObjectCreateRule[className=org.apache.tomcat.util.modeler.OperationInfo, attributeName=null]
2019-05-11 11:06:14.210 DEBUG 8956 --- [           main] a.ConfigurationClassBeanDefinitionReader : Registering bean definition for @Bean method org.springframework.boot.autoconfigure.jms.JmsAutoConfiguration$MessagingTemplateConfiguration.jmsMessagingTemplate()
2019-05-11 11:06:14.210 DEBUG 8956 --- [kground-preinit] o.apache.tomcat.util.digester.Digester   : [ObjectCreateRule]{mbeans-descriptors/mbean/operation} Pop org.apache.tomcat.util.modeler.OperationInfo
2019-05-11 11:06:14.210 DEBUG 8956 --- [kground-preinit] o.a.tomcat.util.digester.Digester.sax    : characters(

    )
2019-05-11 11:06:14.210 DEBUG 8956 --- [           main] o.s.b.f.s.DefaultListableBeanFactory     : Returning cached instance of singleton bean 'autoConfigurationReport'
2019-05-11 11:06:14.211 DEBUG 8956 --- [kground-preinit] o.a.tomcat.util.digester.Digester.sax    : startElement(,,operation)
2019-05-11 11:06:14.211 DEBUG 8956 --- [           main] o.s.b.f.s.DefaultListableBeanFactory     : Returning cached instance of singleton bean 'autoConfigurationReport'
2019-05-11 11:06:14.211 DEBUG 8956 --- [kground-preinit] o.apache.tomcat.util.digester.Digester   :   New match='mbeans-descriptors/mbean/operation'
2019-05-11 11:06:14.211 DEBUG 8956 --- [kground-preinit] o.apache.tomcat.util.digester.Digester   :   Fire begin() for ObjectCreateRule[className=org.apache.tomcat.util.modeler.OperationInfo, attributeName=null]
2019-05-11 11:06:14.211 DEBUG 8956 --- [           main] a.ConfigurationClassBeanDefinitionReader : Registered bean definition for imported class 'org.springframework.jms.annotation.JmsBootstrapConfiguration'
2019-05-11 11:06:14.211 DEBUG 8956 --- [kground-preinit] o.apache.tomcat.util.digester.Digester   : [ObjectCreateRule]{mbeans-descriptors/mbean/operation}New org.apache.tomcat.util.modeler.OperationInfo
2019-05-11 11:06:14.212 DEBUG 8956 --- [kground-preinit] o.apache.tomcat.util.digester.Digester   :   Fire begin() for SetPropertiesRule[]
2019-05-11 11:06:14.212 DEBUG 8956 --- [kground-preinit] o.apache.tomcat.util.digester.Digester   : [SetPropertiesRule]{mbeans-descriptors/mbean/operation} Set org.apache.tomcat.util.modeler.OperationInfo properties
2019-05-11 11:06:14.212 DEBUG 8956 --- [           main] a.ConfigurationClassBeanDefinitionReader : Registering bean definition for @Bean method org.springframework.jms.annotation.JmsBootstrapConfiguration.org.springframework.jms.config.internalJmsListenerAnnotationProcessor()
2019-05-11 11:06:14.212 DEBUG 8956 --- [           main] a.ConfigurationClassBeanDefinitionReader : Registering bean definition for @Bean method org.springframework.jms.annotation.JmsBootstrapConfiguration.org.springframework.jms.config.internalJmsListenerEndpointRegistry()
2019-05-11 11:06:14.213 DEBUG 8956 --- [           main] a.ConfigurationClassBeanDefinitionReader : Registered bean definition for imported class 'org.springframework.boot.autoconfigure.jms.JmsAnnotationDrivenConfiguration$EnableJmsConfiguration'
2019-05-11 11:06:14.213 DEBUG 8956 --- [           main] a.ConfigurationClassBeanDefinitionReader : Registered bean definition for imported class 'org.springframework.boot.autoconfigure.jms.JmsAnnotationDrivenConfiguration'
2019-05-11 11:06:14.214 DEBUG 8956 --- [           main] o.s.b.f.s.DefaultListableBeanFactory     : Returning cached instance of singleton bean 'org.springframework.boot.autoconfigure.condition.BeanTypeRegistry'
2019-05-11 11:06:14.212 DEBUG 8956 --- [kground-preinit] o.apache.tomcat.util.digester.Digester   : [SetPropertiesRule]{mbeans-descriptors/mbean/operation} Setting property 'name' to 'removeSecurityRole'
2019-05-11 11:06:14.215 DEBUG 8956 --- [kground-preinit] o.apache.tomcat.util.IntrospectionUtils  : IntrospectionUtils: setProperty(class org.apache.tomcat.util.modeler.OperationInfo name=removeSecurityRole)
2019-05-11 11:06:14.215 DEBUG 8956 --- [kground-preinit] o.apache.tomcat.util.digester.Digester   : [SetPropertiesRule]{mbeans-descriptors/mbean/operation} Setting property 'description' to 'Remove any security role with the specified name.'
2019-05-11 11:06:14.215 DEBUG 8956 --- [kground-preinit] o.apache.tomcat.util.IntrospectionUtils  : IntrospectionUtils: setProperty(class org.apache.tomcat.util.modeler.OperationInfo description=Remove any security role with the specified name.)
2019-05-11 11:06:14.215 DEBUG 8956 --- [kground-preinit] o.apache.tomcat.util.digester.Digester   : [SetPropertiesRule]{mbeans-descriptors/mbean/operation} Setting property 'impact' to 'ACTION'
2019-05-11 11:06:14.215 DEBUG 8956 --- [kground-preinit] o.apache.tomcat.util.IntrospectionUtils  : IntrospectionUtils: setProperty(class org.apache.tomcat.util.modeler.OperationInfo impact=ACTION)
2019-05-11 11:06:14.215 DEBUG 8956 --- [kground-preinit] o.apache.tomcat.util.digester.Digester   : [SetPropertiesRule]{mbeans-descriptors/mbean/operation} Setting property 'returnType' to 'void'
2019-05-11 11:06:14.216 DEBUG 8956 --- [kground-preinit] o.apache.tomcat.util.IntrospectionUtils  : IntrospectionUtils: setProperty(class org.apache.tomcat.util.modeler.OperationInfo returnType=void)
2019-05-11 11:06:14.216 DEBUG 8956 --- [kground-preinit] o.apache.tomcat.util.digester.Digester   :   Fire begin() for SetNextRule[methodName=addOperation, paramType=org.apache.tomcat.util.modeler.OperationInfo]
2019-05-11 11:06:14.216 DEBUG 8956 --- [kground-preinit] o.a.tomcat.util.digester.Digester.sax    : characters(
      )
2019-05-11 11:06:14.216 DEBUG 8956 --- [kground-preinit] o.a.tomcat.util.digester.Digester.sax    : startElement(,,parameter)
2019-05-11 11:06:14.216 DEBUG 8956 --- [kground-preinit] o.apache.tomcat.util.digester.Digester   :   New match='mbeans-descriptors/mbean/operation/parameter'
2019-05-11 11:06:14.216 DEBUG 8956 --- [kground-preinit] o.apache.tomcat.util.digester.Digester   :   Fire begin() for ObjectCreateRule[className=org.apache.tomcat.util.modeler.ParameterInfo, attributeName=null]
2019-05-11 11:06:14.216 DEBUG 8956 --- [kground-preinit] o.apache.tomcat.util.digester.Digester   : [ObjectCreateRule]{mbeans-descriptors/mbean/operation/parameter}New org.apache.tomcat.util.modeler.ParameterInfo
2019-05-11 11:06:14.217 DEBUG 8956 --- [kground-preinit] o.apache.tomcat.util.digester.Digester   :   Fire begin() for SetPropertiesRule[]
2019-05-11 11:06:14.217 DEBUG 8956 --- [kground-preinit] o.apache.tomcat.util.digester.Digester   : [SetPropertiesRule]{mbeans-descriptors/mbean/operation/parameter} Set org.apache.tomcat.util.modeler.ParameterInfo properties
2019-05-11 11:06:14.217 DEBUG 8956 --- [kground-preinit] o.apache.tomcat.util.digester.Digester   : [SetPropertiesRule]{mbeans-descriptors/mbean/operation/parameter} Setting property 'name' to 'role'
2019-05-11 11:06:14.217 DEBUG 8956 --- [kground-preinit] o.apache.tomcat.util.IntrospectionUtils  : IntrospectionUtils: setProperty(class org.apache.tomcat.util.modeler.ParameterInfo name=role)
2019-05-11 11:06:14.217 DEBUG 8956 --- [kground-preinit] o.apache.tomcat.util.digester.Digester   : [SetPropertiesRule]{mbeans-descriptors/mbean/operation/parameter} Setting property 'description' to 'Security role to remove'
2019-05-11 11:06:14.217 DEBUG 8956 --- [kground-preinit] o.apache.tomcat.util.IntrospectionUtils  : IntrospectionUtils: setProperty(class org.apache.tomcat.util.modeler.ParameterInfo description=Security role to remove)
2019-05-11 11:06:14.217 DEBUG 8956 --- [kground-preinit] o.apache.tomcat.util.digester.Digester   : [SetPropertiesRule]{mbeans-descriptors/mbean/operation/parameter} Setting property 'type' to 'java.lang.String'
2019-05-11 11:06:14.217 DEBUG 8956 --- [kground-preinit] o.apache.tomcat.util.IntrospectionUtils  : IntrospectionUtils: setProperty(class org.apache.tomcat.util.modeler.ParameterInfo type=java.lang.String)
2019-05-11 11:06:14.218 DEBUG 8956 --- [kground-preinit] o.apache.tomcat.util.digester.Digester   :   Fire begin() for SetNextRule[methodName=addParameter, paramType=org.apache.tomcat.util.modeler.ParameterInfo]
2019-05-11 11:06:14.218 DEBUG 8956 --- [kground-preinit] o.a.tomcat.util.digester.Digester.sax    : endElement(,,parameter)
2019-05-11 11:06:14.218 DEBUG 8956 --- [kground-preinit] o.apache.tomcat.util.digester.Digester   :   match='mbeans-descriptors/mbean/operation/parameter'
2019-05-11 11:06:14.218 DEBUG 8956 --- [kground-preinit] o.apache.tomcat.util.digester.Digester   :   bodyText=''
2019-05-11 11:06:14.218 DEBUG 8956 --- [kground-preinit] o.apache.tomcat.util.digester.Digester   :   Fire body() for ObjectCreateRule[className=org.apache.tomcat.util.modeler.ParameterInfo, attributeName=null]
2019-05-11 11:06:14.218 DEBUG 8956 --- [kground-preinit] o.apache.tomcat.util.digester.Digester   :   Fire body() for SetPropertiesRule[]
2019-05-11 11:06:14.218 DEBUG 8956 --- [kground-preinit] o.apache.tomcat.util.digester.Digester   :   Fire body() for SetNextRule[methodName=addParameter, paramType=org.apache.tomcat.util.modeler.ParameterInfo]
2019-05-11 11:06:14.218 DEBUG 8956 --- [kground-preinit] o.apache.tomcat.util.digester.Digester   :   Fire end() for SetNextRule[methodName=addParameter, paramType=org.apache.tomcat.util.modeler.ParameterInfo]
2019-05-11 11:06:14.218 DEBUG 8956 --- [kground-preinit] o.apache.tomcat.util.digester.Digester   : [SetNextRule]{mbeans-descriptors/mbean/operation/parameter} Call org.apache.tomcat.util.modeler.OperationInfo.addParameter(org.apache.tomcat.util.modeler.ParameterInfo@3dc6084a)
2019-05-11 11:06:14.218 DEBUG 8956 --- [kground-preinit] o.apache.tomcat.util.IntrospectionUtils  : IntrospectionUtils: callMethod1 org.apache.tomcat.util.modeler.OperationInfo org.apache.tomcat.util.modeler.ParameterInfo org.apache.tomcat.util.modeler.ParameterInfo
2019-05-11 11:06:14.218 DEBUG 8956 --- [kground-preinit] o.apache.tomcat.util.digester.Digester   :   Fire end() for SetPropertiesRule[]
2019-05-11 11:06:14.218 DEBUG 8956 --- [kground-preinit] o.apache.tomcat.util.digester.Digester   :   Fire end() for ObjectCreateRule[className=org.apache.tomcat.util.modeler.ParameterInfo, attributeName=null]
2019-05-11 11:06:14.218 DEBUG 8956 --- [kground-preinit] o.apache.tomcat.util.digester.Digester   : [ObjectCreateRule]{mbeans-descriptors/mbean/operation/parameter} Pop org.apache.tomcat.util.modeler.ParameterInfo
2019-05-11 11:06:14.219 DEBUG 8956 --- [kground-preinit] o.a.tomcat.util.digester.Digester.sax    : characters(
    )
2019-05-11 11:06:14.219 DEBUG 8956 --- [kground-preinit] o.a.tomcat.util.digester.Digester.sax    : endElement(,,operation)
2019-05-11 11:06:14.219 DEBUG 8956 --- [kground-preinit] o.apache.tomcat.util.digester.Digester   :   match='mbeans-descriptors/mbean/operation'
2019-05-11 11:06:14.219 DEBUG 8956 --- [kground-preinit] o.apache.tomcat.util.digester.Digester   :   bodyText='
      
    '
2019-05-11 11:06:14.219 DEBUG 8956 --- [kground-preinit] o.apache.tomcat.util.digester.Digester   :   Fire body() for ObjectCreateRule[className=org.apache.tomcat.util.modeler.OperationInfo, attributeName=null]
2019-05-11 11:06:14.219 DEBUG 8956 --- [kground-preinit] o.apache.tomcat.util.digester.Digester   :   Fire body() for SetPropertiesRule[]
2019-05-11 11:06:14.219 DEBUG 8956 --- [kground-preinit] o.apache.tomcat.util.digester.Digester   :   Fire body() for SetNextRule[methodName=addOperation, paramType=org.apache.tomcat.util.modeler.OperationInfo]
2019-05-11 11:06:14.219 DEBUG 8956 --- [kground-preinit] o.apache.tomcat.util.digester.Digester   :   Fire end() for SetNextRule[methodName=addOperation, paramType=org.apache.tomcat.util.modeler.OperationInfo]
2019-05-11 11:06:14.219 DEBUG 8956 --- [kground-preinit] o.apache.tomcat.util.digester.Digester   : [SetNextRule]{mbeans-descriptors/mbean/operation} Call org.apache.tomcat.util.modeler.ManagedBean.addOperation(org.apache.tomcat.util.modeler.OperationInfo@67e86813)
2019-05-11 11:06:14.219 DEBUG 8956 --- [kground-preinit] o.apache.tomcat.util.IntrospectionUtils  : IntrospectionUtils: callMethod1 org.apache.tomcat.util.modeler.ManagedBean org.apache.tomcat.util.modeler.OperationInfo org.apache.tomcat.util.modeler.OperationInfo
2019-05-11 11:06:14.220 DEBUG 8956 --- [kground-preinit] o.apache.tomcat.util.digester.Digester   :   Fire end() for SetPropertiesRule[]
2019-05-11 11:06:14.220 DEBUG 8956 --- [kground-preinit] o.apache.tomcat.util.digester.Digester   :   Fire end() for ObjectCreateRule[className=org.apache.tomcat.util.modeler.OperationInfo, attributeName=null]
2019-05-11 11:06:14.220 DEBUG 8956 --- [kground-preinit] o.apache.tomcat.util.digester.Digester   : [ObjectCreateRule]{mbeans-descriptors/mbean/operation} Pop org.apache.tomcat.util.modeler.OperationInfo
2019-05-11 11:06:14.220 DEBUG 8956 --- [kground-preinit] o.a.tomcat.util.digester.Digester.sax    : characters(

    )
2019-05-11 11:06:14.220 DEBUG 8956 --- [kground-preinit] o.a.tomcat.util.digester.Digester.sax    : startElement(,,operation)
2019-05-11 11:06:14.220 DEBUG 8956 --- [kground-preinit] o.apache.tomcat.util.digester.Digester   :   New match='mbeans-descriptors/mbean/operation'
2019-05-11 11:06:14.220 DEBUG 8956 --- [kground-preinit] o.apache.tomcat.util.digester.Digester   :   Fire begin() for ObjectCreateRule[className=org.apache.tomcat.util.modeler.OperationInfo, attributeName=null]
2019-05-11 11:06:14.221 DEBUG 8956 --- [kground-preinit] o.apache.tomcat.util.digester.Digester   : [ObjectCreateRule]{mbeans-descriptors/mbean/operation}New org.apache.tomcat.util.modeler.OperationInfo
2019-05-11 11:06:14.221 DEBUG 8956 --- [kground-preinit] o.apache.tomcat.util.digester.Digester   :   Fire begin() for SetPropertiesRule[]
2019-05-11 11:06:14.221 DEBUG 8956 --- [kground-preinit] o.apache.tomcat.util.digester.Digester   : [SetPropertiesRule]{mbeans-descriptors/mbean/operation} Set org.apache.tomcat.util.modeler.OperationInfo properties
2019-05-11 11:06:14.221 DEBUG 8956 --- [kground-preinit] o.apache.tomcat.util.digester.Digester   : [SetPropertiesRule]{mbeans-descriptors/mbean/operation} Setting property 'name' to 'removeServletMapping'
2019-05-11 11:06:14.221 DEBUG 8956 --- [kground-preinit] o.apache.tomcat.util.IntrospectionUtils  : IntrospectionUtils: setProperty(class org.apache.tomcat.util.modeler.OperationInfo name=removeServletMapping)
2019-05-11 11:06:14.221 DEBUG 8956 --- [kground-preinit] o.apache.tomcat.util.digester.Digester   : [SetPropertiesRule]{mbeans-descriptors/mbean/operation} Setting property 'description' to 'Remove any servlet mapping for the specified pattern, if it exists; otherwise, no action is taken.'
2019-05-11 11:06:14.221 DEBUG 8956 --- [kground-preinit] o.apache.tomcat.util.IntrospectionUtils  : IntrospectionUtils: setProperty(class org.apache.tomcat.util.modeler.OperationInfo description=Remove any servlet mapping for the specified pattern, if it exists; otherwise, no action is taken.)
2019-05-11 11:06:14.221 DEBUG 8956 --- [kground-preinit] o.apache.tomcat.util.digester.Digester   : [SetPropertiesRule]{mbeans-descriptors/mbean/operation} Setting property 'impact' to 'ACTION'
2019-05-11 11:06:14.221 DEBUG 8956 --- [kground-preinit] o.apache.tomcat.util.IntrospectionUtils  : IntrospectionUtils: setProperty(class org.apache.tomcat.util.modeler.OperationInfo impact=ACTION)
2019-05-11 11:06:14.221 DEBUG 8956 --- [kground-preinit] o.apache.tomcat.util.digester.Digester   : [SetPropertiesRule]{mbeans-descriptors/mbean/operation} Setting property 'returnType' to 'void'
2019-05-11 11:06:14.222 DEBUG 8956 --- [kground-preinit] o.apache.tomcat.util.IntrospectionUtils  : IntrospectionUtils: setProperty(class org.apache.tomcat.util.modeler.OperationInfo returnType=void)
2019-05-11 11:06:14.222 DEBUG 8956 --- [kground-preinit] o.apache.tomcat.util.digester.Digester   :   Fire begin() for SetNextRule[methodName=addOperation, paramType=org.apache.tomcat.util.modeler.OperationInfo]
2019-05-11 11:06:14.222 DEBUG 8956 --- [kground-preinit] o.a.tomcat.util.digester.Digester.sax    : characters(
      )
2019-05-11 11:06:14.222 DEBUG 8956 --- [kground-preinit] o.a.tomcat.util.digester.Digester.sax    : startElement(,,parameter)
2019-05-11 11:06:14.222 DEBUG 8956 --- [kground-preinit] o.apache.tomcat.util.digester.Digester   :   New match='mbeans-descriptors/mbean/operation/parameter'
2019-05-11 11:06:14.222 DEBUG 8956 --- [kground-preinit] o.apache.tomcat.util.digester.Digester   :   Fire begin() for ObjectCreateRule[className=org.apache.tomcat.util.modeler.ParameterInfo, attributeName=null]
2019-05-11 11:06:14.222 DEBUG 8956 --- [kground-preinit] o.apache.tomcat.util.digester.Digester   : [ObjectCreateRule]{mbeans-descriptors/mbean/operation/parameter}New org.apache.tomcat.util.modeler.ParameterInfo
2019-05-11 11:06:14.222 DEBUG 8956 --- [kground-preinit] o.apache.tomcat.util.digester.Digester   :   Fire begin() for SetPropertiesRule[]
2019-05-11 11:06:14.222 DEBUG 8956 --- [kground-preinit] o.apache.tomcat.util.digester.Digester   : [SetPropertiesRule]{mbeans-descriptors/mbean/operation/parameter} Set org.apache.tomcat.util.modeler.ParameterInfo properties
2019-05-11 11:06:14.222 DEBUG 8956 --- [kground-preinit] o.apache.tomcat.util.digester.Digester   : [SetPropertiesRule]{mbeans-descriptors/mbean/operation/parameter} Setting property 'name' to 'pattern'
2019-05-11 11:06:14.222 DEBUG 8956 --- [kground-preinit] o.apache.tomcat.util.IntrospectionUtils  : IntrospectionUtils: setProperty(class org.apache.tomcat.util.modeler.ParameterInfo name=pattern)
2019-05-11 11:06:14.222 DEBUG 8956 --- [kground-preinit] o.apache.tomcat.util.digester.Digester   : [SetPropertiesRule]{mbeans-descriptors/mbean/operation/parameter} Setting property 'description' to 'URL pattern of the mapping to remove'
2019-05-11 11:06:14.222 DEBUG 8956 --- [kground-preinit] o.apache.tomcat.util.IntrospectionUtils  : IntrospectionUtils: setProperty(class org.apache.tomcat.util.modeler.ParameterInfo description=URL pattern of the mapping to remove)
2019-05-11 11:06:14.223 DEBUG 8956 --- [kground-preinit] o.apache.tomcat.util.digester.Digester   : [SetPropertiesRule]{mbeans-descriptors/mbean/operation/parameter} Setting property 'type' to 'java.lang.String'
2019-05-11 11:06:14.223 DEBUG 8956 --- [kground-preinit] o.apache.tomcat.util.IntrospectionUtils  : IntrospectionUtils: setProperty(class org.apache.tomcat.util.modeler.ParameterInfo type=java.lang.String)
2019-05-11 11:06:14.223 DEBUG 8956 --- [kground-preinit] o.apache.tomcat.util.digester.Digester   :   Fire begin() for SetNextRule[methodName=addParameter, paramType=org.apache.tomcat.util.modeler.ParameterInfo]
2019-05-11 11:06:14.223 DEBUG 8956 --- [kground-preinit] o.a.tomcat.util.digester.Digester.sax    : endElement(,,parameter)
2019-05-11 11:06:14.223 DEBUG 8956 --- [kground-preinit] o.apache.tomcat.util.digester.Digester   :   match='mbeans-descriptors/mbean/operation/parameter'
2019-05-11 11:06:14.223 DEBUG 8956 --- [kground-preinit] o.apache.tomcat.util.digester.Digester   :   bodyText=''
2019-05-11 11:06:14.223 DEBUG 8956 --- [kground-preinit] o.apache.tomcat.util.digester.Digester   :   Fire body() for ObjectCreateRule[className=org.apache.tomcat.util.modeler.ParameterInfo, attributeName=null]
2019-05-11 11:06:14.223 DEBUG 8956 --- [kground-preinit] o.apache.tomcat.util.digester.Digester   :   Fire body() for SetPropertiesRule[]
2019-05-11 11:06:14.223 DEBUG 8956 --- [kground-preinit] o.apache.tomcat.util.digester.Digester   :   Fire body() for SetNextRule[methodName=addParameter, paramType=org.apache.tomcat.util.modeler.ParameterInfo]
2019-05-11 11:06:14.223 DEBUG 8956 --- [kground-preinit] o.apache.tomcat.util.digester.Digester   :   Fire end() for SetNextRule[methodName=addParameter, paramType=org.apache.tomcat.util.modeler.ParameterInfo]
2019-05-11 11:06:14.223 DEBUG 8956 --- [kground-preinit] o.apache.tomcat.util.digester.Digester   : [SetNextRule]{mbeans-descriptors/mbean/operation/parameter} Call org.apache.tomcat.util.modeler.OperationInfo.addParameter(org.apache.tomcat.util.modeler.ParameterInfo@20b19f9)
2019-05-11 11:06:14.223 DEBUG 8956 --- [kground-preinit] o.apache.tomcat.util.IntrospectionUtils  : IntrospectionUtils: callMethod1 org.apache.tomcat.util.modeler.OperationInfo org.apache.tomcat.util.modeler.ParameterInfo org.apache.tomcat.util.modeler.ParameterInfo
2019-05-11 11:06:14.223 DEBUG 8956 --- [kground-preinit] o.apache.tomcat.util.digester.Digester   :   Fire end() for SetPropertiesRule[]
2019-05-11 11:06:14.223 DEBUG 8956 --- [kground-preinit] o.apache.tomcat.util.digester.Digester   :   Fire end() for ObjectCreateRule[className=org.apache.tomcat.util.modeler.ParameterInfo, attributeName=null]
2019-05-11 11:06:14.224 DEBUG 8956 --- [kground-preinit] o.apache.tomcat.util.digester.Digester   : [ObjectCreateRule]{mbeans-descriptors/mbean/operation/parameter} Pop org.apache.tomcat.util.modeler.ParameterInfo
2019-05-11 11:06:14.224 DEBUG 8956 --- [kground-preinit] o.a.tomcat.util.digester.Digester.sax    : characters(
    )
2019-05-11 11:06:14.224 DEBUG 8956 --- [kground-preinit] o.a.tomcat.util.digester.Digester.sax    : endElement(,,operation)
2019-05-11 11:06:14.224 DEBUG 8956 --- [kground-preinit] o.apache.tomcat.util.digester.Digester   :   match='mbeans-descriptors/mbean/operation'
2019-05-11 11:06:14.224 DEBUG 8956 --- [kground-preinit] o.apache.tomcat.util.digester.Digester   :   bodyText='
      
    '
2019-05-11 11:06:14.224 DEBUG 8956 --- [kground-preinit] o.apache.tomcat.util.digester.Digester   :   Fire body() for ObjectCreateRule[className=org.apache.tomcat.util.modeler.OperationInfo, attributeName=null]
2019-05-11 11:06:14.224 DEBUG 8956 --- [kground-preinit] o.apache.tomcat.util.digester.Digester   :   Fire body() for SetPropertiesRule[]
2019-05-11 11:06:14.224 DEBUG 8956 --- [kground-preinit] o.apache.tomcat.util.digester.Digester   :   Fire body() for SetNextRule[methodName=addOperation, paramType=org.apache.tomcat.util.modeler.OperationInfo]
2019-05-11 11:06:14.224 DEBUG 8956 --- [kground-preinit] o.apache.tomcat.util.digester.Digester   :   Fire end() for SetNextRule[methodName=addOperation, paramType=org.apache.tomcat.util.modeler.OperationInfo]
2019-05-11 11:06:14.225 DEBUG 8956 --- [kground-preinit] o.apache.tomcat.util.digester.Digester   : [SetNextRule]{mbeans-descriptors/mbean/operation} Call org.apache.tomcat.util.modeler.ManagedBean.addOperation(org.apache.tomcat.util.modeler.OperationInfo@22fe8de5)
2019-05-11 11:06:14.225 DEBUG 8956 --- [kground-preinit] o.apache.tomcat.util.IntrospectionUtils  : IntrospectionUtils: callMethod1 org.apache.tomcat.util.modeler.ManagedBean org.apache.tomcat.util.modeler.OperationInfo org.apache.tomcat.util.modeler.OperationInfo
2019-05-11 11:06:14.226 DEBUG 8956 --- [kground-preinit] o.apache.tomcat.util.digester.Digester   :   Fire end() for SetPropertiesRule[]
2019-05-11 11:06:14.226 DEBUG 8956 --- [kground-preinit] o.apache.tomcat.util.digester.Digester   :   Fire end() for ObjectCreateRule[className=org.apache.tomcat.util.modeler.OperationInfo, attributeName=null]
2019-05-11 11:06:14.226 DEBUG 8956 --- [kground-preinit] o.apache.tomcat.util.digester.Digester   : [ObjectCreateRule]{mbeans-descriptors/mbean/operation} Pop org.apache.tomcat.util.modeler.OperationInfo
2019-05-11 11:06:14.226 DEBUG 8956 --- [kground-preinit] o.a.tomcat.util.digester.Digester.sax    : characters(

    )
2019-05-11 11:06:14.226 DEBUG 8956 --- [kground-preinit] o.a.tomcat.util.digester.Digester.sax    : startElement(,,operation)
2019-05-11 11:06:14.226 DEBUG 8956 --- [kground-preinit] o.apache.tomcat.util.digester.Digester   :   New match='mbeans-descriptors/mbean/operation'
2019-05-11 11:06:14.226 DEBUG 8956 --- [kground-preinit] o.apache.tomcat.util.digester.Digester   :   Fire begin() for ObjectCreateRule[className=org.apache.tomcat.util.modeler.OperationInfo, attributeName=null]
2019-05-11 11:06:14.226 DEBUG 8956 --- [kground-preinit] o.apache.tomcat.util.digester.Digester   : [ObjectCreateRule]{mbeans-descriptors/mbean/operation}New org.apache.tomcat.util.modeler.OperationInfo
2019-05-11 11:06:14.227 DEBUG 8956 --- [kground-preinit] o.apache.tomcat.util.digester.Digester   :   Fire begin() for SetPropertiesRule[]
2019-05-11 11:06:14.227 DEBUG 8956 --- [kground-preinit] o.apache.tomcat.util.digester.Digester   : [SetPropertiesRule]{mbeans-descriptors/mbean/operation} Set org.apache.tomcat.util.modeler.OperationInfo properties
2019-05-11 11:06:14.227 DEBUG 8956 --- [kground-preinit] o.apache.tomcat.util.digester.Digester   : [SetPropertiesRule]{mbeans-descriptors/mbean/operation} Setting property 'name' to 'removeValve'
2019-05-11 11:06:14.227 DEBUG 8956 --- [kground-preinit] o.apache.tomcat.util.IntrospectionUtils  : IntrospectionUtils: setProperty(class org.apache.tomcat.util.modeler.OperationInfo name=removeValve)
2019-05-11 11:06:14.227 DEBUG 8956 --- [kground-preinit] o.apache.tomcat.util.digester.Digester   : [SetPropertiesRule]{mbeans-descriptors/mbean/operation} Setting property 'description' to 'Remove a valve from this Context'
2019-05-11 11:06:14.227 DEBUG 8956 --- [kground-preinit] o.apache.tomcat.util.IntrospectionUtils  : IntrospectionUtils: setProperty(class org.apache.tomcat.util.modeler.OperationInfo description=Remove a valve from this Context)
2019-05-11 11:06:14.227 DEBUG 8956 --- [kground-preinit] o.apache.tomcat.util.digester.Digester   : [SetPropertiesRule]{mbeans-descriptors/mbean/operation} Setting property 'impact' to 'ACTION'
2019-05-11 11:06:14.227 DEBUG 8956 --- [kground-preinit] o.apache.tomcat.util.IntrospectionUtils  : IntrospectionUtils: setProperty(class org.apache.tomcat.util.modeler.OperationInfo impact=ACTION)
2019-05-11 11:06:14.227 DEBUG 8956 --- [kground-preinit] o.apache.tomcat.util.digester.Digester   : [SetPropertiesRule]{mbeans-descriptors/mbean/operation} Setting property 'returnType' to 'void'
2019-05-11 11:06:14.228 DEBUG 8956 --- [kground-preinit] o.apache.tomcat.util.IntrospectionUtils  : IntrospectionUtils: setProperty(class org.apache.tomcat.util.modeler.OperationInfo returnType=void)
2019-05-11 11:06:14.228 DEBUG 8956 --- [kground-preinit] o.apache.tomcat.util.digester.Digester   :   Fire begin() for SetNextRule[methodName=addOperation, paramType=org.apache.tomcat.util.modeler.OperationInfo]
2019-05-11 11:06:14.228 DEBUG 8956 --- [kground-preinit] o.a.tomcat.util.digester.Digester.sax    : characters(
      )
2019-05-11 11:06:14.228 DEBUG 8956 --- [kground-preinit] o.a.tomcat.util.digester.Digester.sax    : startElement(,,parameter)
2019-05-11 11:06:14.228 DEBUG 8956 --- [kground-preinit] o.apache.tomcat.util.digester.Digester   :   New match='mbeans-descriptors/mbean/operation/parameter'
2019-05-11 11:06:14.228 DEBUG 8956 --- [kground-preinit] o.apache.tomcat.util.digester.Digester   :   Fire begin() for ObjectCreateRule[className=org.apache.tomcat.util.modeler.ParameterInfo, attributeName=null]
2019-05-11 11:06:14.228 DEBUG 8956 --- [kground-preinit] o.apache.tomcat.util.digester.Digester   : [ObjectCreateRule]{mbeans-descriptors/mbean/operation/parameter}New org.apache.tomcat.util.modeler.ParameterInfo
2019-05-11 11:06:14.228 DEBUG 8956 --- [kground-preinit] o.apache.tomcat.util.digester.Digester   :   Fire begin() for SetPropertiesRule[]
2019-05-11 11:06:14.228 DEBUG 8956 --- [kground-preinit] o.apache.tomcat.util.digester.Digester   : [SetPropertiesRule]{mbeans-descriptors/mbean/operation/parameter} Set org.apache.tomcat.util.modeler.ParameterInfo properties
2019-05-11 11:06:14.229 DEBUG 8956 --- [kground-preinit] o.apache.tomcat.util.digester.Digester   : [SetPropertiesRule]{mbeans-descriptors/mbean/operation/parameter} Setting property 'name' to 'valveName'
2019-05-11 11:06:14.229 DEBUG 8956 --- [kground-preinit] o.apache.tomcat.util.IntrospectionUtils  : IntrospectionUtils: setProperty(class org.apache.tomcat.util.modeler.ParameterInfo name=valveName)
2019-05-11 11:06:14.229 DEBUG 8956 --- [kground-preinit] o.apache.tomcat.util.digester.Digester   : [SetPropertiesRule]{mbeans-descriptors/mbean/operation/parameter} Setting property 'description' to 'Objectname of the valve to be removed'
2019-05-11 11:06:14.229 DEBUG 8956 --- [kground-preinit] o.apache.tomcat.util.IntrospectionUtils  : IntrospectionUtils: setProperty(class org.apache.tomcat.util.modeler.ParameterInfo description=Objectname of the valve to be removed)
2019-05-11 11:06:14.229 DEBUG 8956 --- [kground-preinit] o.apache.tomcat.util.digester.Digester   : [SetPropertiesRule]{mbeans-descriptors/mbean/operation/parameter} Setting property 'type' to 'java.lang.String'
2019-05-11 11:06:14.229 DEBUG 8956 --- [kground-preinit] o.apache.tomcat.util.IntrospectionUtils  : IntrospectionUtils: setProperty(class org.apache.tomcat.util.modeler.ParameterInfo type=java.lang.String)
2019-05-11 11:06:14.229 DEBUG 8956 --- [kground-preinit] o.apache.tomcat.util.digester.Digester   :   Fire begin() for SetNextRule[methodName=addParameter, paramType=org.apache.tomcat.util.modeler.ParameterInfo]
2019-05-11 11:06:14.229 DEBUG 8956 --- [kground-preinit] o.a.tomcat.util.digester.Digester.sax    : endElement(,,parameter)
2019-05-11 11:06:14.229 DEBUG 8956 --- [kground-preinit] o.apache.tomcat.util.digester.Digester   :   match='mbeans-descriptors/mbean/operation/parameter'
2019-05-11 11:06:14.229 DEBUG 8956 --- [kground-preinit] o.apache.tomcat.util.digester.Digester   :   bodyText=''
2019-05-11 11:06:14.230 DEBUG 8956 --- [kground-preinit] o.apache.tomcat.util.digester.Digester   :   Fire body() for ObjectCreateRule[className=org.apache.tomcat.util.modeler.ParameterInfo, attributeName=null]
2019-05-11 11:06:14.230 DEBUG 8956 --- [kground-preinit] o.apache.tomcat.util.digester.Digester   :   Fire body() for SetPropertiesRule[]
2019-05-11 11:06:14.230 DEBUG 8956 --- [kground-preinit] o.apache.tomcat.util.digester.Digester   :   Fire body() for SetNextRule[methodName=addParameter, paramType=org.apache.tomcat.util.modeler.ParameterInfo]
2019-05-11 11:06:14.230 DEBUG 8956 --- [kground-preinit] o.apache.tomcat.util.digester.Digester   :   Fire end() for SetNextRule[methodName=addParameter, paramType=org.apache.tomcat.util.modeler.ParameterInfo]
2019-05-11 11:06:14.230 DEBUG 8956 --- [kground-preinit] o.apache.tomcat.util.digester.Digester   : [SetNextRule]{mbeans-descriptors/mbean/operation/parameter} Call org.apache.tomcat.util.modeler.OperationInfo.addParameter(org.apache.tomcat.util.modeler.ParameterInfo@2ff755a8)
2019-05-11 11:06:14.230 DEBUG 8956 --- [kground-preinit] o.apache.tomcat.util.IntrospectionUtils  : IntrospectionUtils: callMethod1 org.apache.tomcat.util.modeler.OperationInfo org.apache.tomcat.util.modeler.ParameterInfo org.apache.tomcat.util.modeler.ParameterInfo
2019-05-11 11:06:14.230 DEBUG 8956 --- [kground-preinit] o.apache.tomcat.util.digester.Digester   :   Fire end() for SetPropertiesRule[]
2019-05-11 11:06:14.230 DEBUG 8956 --- [kground-preinit] o.apache.tomcat.util.digester.Digester   :   Fire end() for ObjectCreateRule[className=org.apache.tomcat.util.modeler.ParameterInfo, attributeName=null]
2019-05-11 11:06:14.230 DEBUG 8956 --- [kground-preinit] o.apache.tomcat.util.digester.Digester   : [ObjectCreateRule]{mbeans-descriptors/mbean/operation/parameter} Pop org.apache.tomcat.util.modeler.ParameterInfo
2019-05-11 11:06:14.230 DEBUG 8956 --- [kground-preinit] o.a.tomcat.util.digester.Digester.sax    : characters(
    )
2019-05-11 11:06:14.230 DEBUG 8956 --- [kground-preinit] o.a.tomcat.util.digester.Digester.sax    : endElement(,,operation)
2019-05-11 11:06:14.230 DEBUG 8956 --- [kground-preinit] o.apache.tomcat.util.digester.Digester   :   match='mbeans-descriptors/mbean/operation'
2019-05-11 11:06:14.230 DEBUG 8956 --- [kground-preinit] o.apache.tomcat.util.digester.Digester   :   bodyText='
      
    '
2019-05-11 11:06:14.230 DEBUG 8956 --- [kground-preinit] o.apache.tomcat.util.digester.Digester   :   Fire body() for ObjectCreateRule[className=org.apache.tomcat.util.modeler.OperationInfo, attributeName=null]
2019-05-11 11:06:14.231 DEBUG 8956 --- [kground-preinit] o.apache.tomcat.util.digester.Digester   :   Fire body() for SetPropertiesRule[]
2019-05-11 11:06:14.231 DEBUG 8956 --- [kground-preinit] o.apache.tomcat.util.digester.Digester   :   Fire body() for SetNextRule[methodName=addOperation, paramType=org.apache.tomcat.util.modeler.OperationInfo]
2019-05-11 11:06:14.231 DEBUG 8956 --- [kground-preinit] o.apache.tomcat.util.digester.Digester   :   Fire end() for SetNextRule[methodName=addOperation, paramType=org.apache.tomcat.util.modeler.OperationInfo]
2019-05-11 11:06:14.231 DEBUG 8956 --- [kground-preinit] o.apache.tomcat.util.digester.Digester   : [SetNextRule]{mbeans-descriptors/mbean/operation} Call org.apache.tomcat.util.modeler.ManagedBean.addOperation(org.apache.tomcat.util.modeler.OperationInfo@bfb18b5)
2019-05-11 11:06:14.231 DEBUG 8956 --- [kground-preinit] o.apache.tomcat.util.IntrospectionUtils  : IntrospectionUtils: callMethod1 org.apache.tomcat.util.modeler.ManagedBean org.apache.tomcat.util.modeler.OperationInfo org.apache.tomcat.util.modeler.OperationInfo
2019-05-11 11:06:14.231 DEBUG 8956 --- [kground-preinit] o.apache.tomcat.util.digester.Digester   :   Fire end() for SetPropertiesRule[]
2019-05-11 11:06:14.231 DEBUG 8956 --- [kground-preinit] o.apache.tomcat.util.digester.Digester   :   Fire end() for ObjectCreateRule[className=org.apache.tomcat.util.modeler.OperationInfo, attributeName=null]
2019-05-11 11:06:14.231 DEBUG 8956 --- [kground-preinit] o.apache.tomcat.util.digester.Digester   : [ObjectCreateRule]{mbeans-descriptors/mbean/operation} Pop org.apache.tomcat.util.modeler.OperationInfo
2019-05-11 11:06:14.231 DEBUG 8956 --- [kground-preinit] o.a.tomcat.util.digester.Digester.sax    : characters(

    )
2019-05-11 11:06:14.231 DEBUG 8956 --- [kground-preinit] o.a.tomcat.util.digester.Digester.sax    : startElement(,,operation)
2019-05-11 11:06:14.231 DEBUG 8956 --- [kground-preinit] o.apache.tomcat.util.digester.Digester   :   New match='mbeans-descriptors/mbean/operation'
2019-05-11 11:06:14.231 DEBUG 8956 --- [kground-preinit] o.apache.tomcat.util.digester.Digester   :   Fire begin() for ObjectCreateRule[className=org.apache.tomcat.util.modeler.OperationInfo, attributeName=null]
2019-05-11 11:06:14.231 DEBUG 8956 --- [kground-preinit] o.apache.tomcat.util.digester.Digester   : [ObjectCreateRule]{mbeans-descriptors/mbean/operation}New org.apache.tomcat.util.modeler.OperationInfo
2019-05-11 11:06:14.231 DEBUG 8956 --- [kground-preinit] o.apache.tomcat.util.digester.Digester   :   Fire begin() for SetPropertiesRule[]
2019-05-11 11:06:14.232 DEBUG 8956 --- [kground-preinit] o.apache.tomcat.util.digester.Digester   : [SetPropertiesRule]{mbeans-descriptors/mbean/operation} Set org.apache.tomcat.util.modeler.OperationInfo properties
2019-05-11 11:06:14.232 DEBUG 8956 --- [kground-preinit] o.apache.tomcat.util.digester.Digester   : [SetPropertiesRule]{mbeans-descriptors/mbean/operation} Setting property 'name' to 'removeWatchedResource'
2019-05-11 11:06:14.232 DEBUG 8956 --- [kground-preinit] o.apache.tomcat.util.IntrospectionUtils  : IntrospectionUtils: setProperty(class org.apache.tomcat.util.modeler.OperationInfo name=removeWatchedResource)
2019-05-11 11:06:14.232 DEBUG 8956 --- [kground-preinit] o.apache.tomcat.util.digester.Digester   : [SetPropertiesRule]{mbeans-descriptors/mbean/operation} Setting property 'description' to 'Remove the specified watched resource name from the list associated with this Context.'
2019-05-11 11:06:14.232 DEBUG 8956 --- [kground-preinit] o.apache.tomcat.util.IntrospectionUtils  : IntrospectionUtils: setProperty(class org.apache.tomcat.util.modeler.OperationInfo description=Remove the specified watched resource name from the list associated with this Context.)
2019-05-11 11:06:14.232 DEBUG 8956 --- [kground-preinit] o.apache.tomcat.util.digester.Digester   : [SetPropertiesRule]{mbeans-descriptors/mbean/operation} Setting property 'impact' to 'ACTION'
2019-05-11 11:06:14.233 DEBUG 8956 --- [kground-preinit] o.apache.tomcat.util.IntrospectionUtils  : IntrospectionUtils: setProperty(class org.apache.tomcat.util.modeler.OperationInfo impact=ACTION)
2019-05-11 11:06:14.233 DEBUG 8956 --- [kground-preinit] o.apache.tomcat.util.digester.Digester   : [SetPropertiesRule]{mbeans-descriptors/mbean/operation} Setting property 'returnType' to 'void'
2019-05-11 11:06:14.233 DEBUG 8956 --- [kground-preinit] o.apache.tomcat.util.IntrospectionUtils  : IntrospectionUtils: setProperty(class org.apache.tomcat.util.modeler.OperationInfo returnType=void)
2019-05-11 11:06:14.233 DEBUG 8956 --- [kground-preinit] o.apache.tomcat.util.digester.Digester   :   Fire begin() for SetNextRule[methodName=addOperation, paramType=org.apache.tomcat.util.modeler.OperationInfo]
2019-05-11 11:06:14.233 DEBUG 8956 --- [kground-preinit] o.a.tomcat.util.digester.Digester.sax    : characters(
      )
2019-05-11 11:06:14.233 DEBUG 8956 --- [kground-preinit] o.a.tomcat.util.digester.Digester.sax    : startElement(,,parameter)
2019-05-11 11:06:14.233 DEBUG 8956 --- [kground-preinit] o.apache.tomcat.util.digester.Digester   :   New match='mbeans-descriptors/mbean/operation/parameter'
2019-05-11 11:06:14.233 DEBUG 8956 --- [kground-preinit] o.apache.tomcat.util.digester.Digester   :   Fire begin() for ObjectCreateRule[className=org.apache.tomcat.util.modeler.ParameterInfo, attributeName=null]
2019-05-11 11:06:14.233 DEBUG 8956 --- [kground-preinit] o.apache.tomcat.util.digester.Digester   : [ObjectCreateRule]{mbeans-descriptors/mbean/operation/parameter}New org.apache.tomcat.util.modeler.ParameterInfo
2019-05-11 11:06:14.233 DEBUG 8956 --- [kground-preinit] o.apache.tomcat.util.digester.Digester   :   Fire begin() for SetPropertiesRule[]
2019-05-11 11:06:14.233 DEBUG 8956 --- [kground-preinit] o.apache.tomcat.util.digester.Digester   : [SetPropertiesRule]{mbeans-descriptors/mbean/operation/parameter} Set org.apache.tomcat.util.modeler.ParameterInfo properties
2019-05-11 11:06:14.233 DEBUG 8956 --- [kground-preinit] o.apache.tomcat.util.digester.Digester   : [SetPropertiesRule]{mbeans-descriptors/mbean/operation/parameter} Setting property 'name' to 'name'
2019-05-11 11:06:14.234 DEBUG 8956 --- [kground-preinit] o.apache.tomcat.util.IntrospectionUtils  : IntrospectionUtils: setProperty(class org.apache.tomcat.util.modeler.ParameterInfo name=name)
2019-05-11 11:06:14.234 DEBUG 8956 --- [kground-preinit] o.apache.tomcat.util.digester.Digester   : [SetPropertiesRule]{mbeans-descriptors/mbean/operation/parameter} Setting property 'description' to 'Name of the watched resource to be removed'
2019-05-11 11:06:14.234 DEBUG 8956 --- [kground-preinit] o.apache.tomcat.util.IntrospectionUtils  : IntrospectionUtils: setProperty(class org.apache.tomcat.util.modeler.ParameterInfo description=Name of the watched resource to be removed)
2019-05-11 11:06:14.234 DEBUG 8956 --- [kground-preinit] o.apache.tomcat.util.digester.Digester   : [SetPropertiesRule]{mbeans-descriptors/mbean/operation/parameter} Setting property 'type' to 'java.lang.String'
2019-05-11 11:06:14.234 DEBUG 8956 --- [kground-preinit] o.apache.tomcat.util.IntrospectionUtils  : IntrospectionUtils: setProperty(class org.apache.tomcat.util.modeler.ParameterInfo type=java.lang.String)
2019-05-11 11:06:14.234 DEBUG 8956 --- [kground-preinit] o.apache.tomcat.util.digester.Digester   :   Fire begin() for SetNextRule[methodName=addParameter, paramType=org.apache.tomcat.util.modeler.ParameterInfo]
2019-05-11 11:06:14.234 DEBUG 8956 --- [kground-preinit] o.a.tomcat.util.digester.Digester.sax    : endElement(,,parameter)
2019-05-11 11:06:14.234 DEBUG 8956 --- [kground-preinit] o.apache.tomcat.util.digester.Digester   :   match='mbeans-descriptors/mbean/operation/parameter'
2019-05-11 11:06:14.234 DEBUG 8956 --- [kground-preinit] o.apache.tomcat.util.digester.Digester   :   bodyText=''
2019-05-11 11:06:14.234 DEBUG 8956 --- [kground-preinit] o.apache.tomcat.util.digester.Digester   :   Fire body() for ObjectCreateRule[className=org.apache.tomcat.util.modeler.ParameterInfo, attributeName=null]
2019-05-11 11:06:14.234 DEBUG 8956 --- [kground-preinit] o.apache.tomcat.util.digester.Digester   :   Fire body() for SetPropertiesRule[]
2019-05-11 11:06:14.234 DEBUG 8956 --- [kground-preinit] o.apache.tomcat.util.digester.Digester   :   Fire body() for SetNextRule[methodName=addParameter, paramType=org.apache.tomcat.util.modeler.ParameterInfo]
2019-05-11 11:06:14.234 DEBUG 8956 --- [kground-preinit] o.apache.tomcat.util.digester.Digester   :   Fire end() for SetNextRule[methodName=addParameter, paramType=org.apache.tomcat.util.modeler.ParameterInfo]
2019-05-11 11:06:14.234 DEBUG 8956 --- [kground-preinit] o.apache.tomcat.util.digester.Digester   : [SetNextRule]{mbeans-descriptors/mbean/operation/parameter} Call org.apache.tomcat.util.modeler.OperationInfo.addParameter(org.apache.tomcat.util.modeler.ParameterInfo@51e50ce2)
2019-05-11 11:06:14.234 DEBUG 8956 --- [kground-preinit] o.apache.tomcat.util.IntrospectionUtils  : IntrospectionUtils: callMethod1 org.apache.tomcat.util.modeler.OperationInfo org.apache.tomcat.util.modeler.ParameterInfo org.apache.tomcat.util.modeler.ParameterInfo
2019-05-11 11:06:14.235 DEBUG 8956 --- [kground-preinit] o.apache.tomcat.util.digester.Digester   :   Fire end() for SetPropertiesRule[]
2019-05-11 11:06:14.235 DEBUG 8956 --- [kground-preinit] o.apache.tomcat.util.digester.Digester   :   Fire end() for ObjectCreateRule[className=org.apache.tomcat.util.modeler.ParameterInfo, attributeName=null]
2019-05-11 11:06:14.235 DEBUG 8956 --- [kground-preinit] o.apache.tomcat.util.digester.Digester   : [ObjectCreateRule]{mbeans-descriptors/mbean/operation/parameter} Pop org.apache.tomcat.util.modeler.ParameterInfo
2019-05-11 11:06:14.235 DEBUG 8956 --- [kground-preinit] o.a.tomcat.util.digester.Digester.sax    : characters(
    )
2019-05-11 11:06:14.235 DEBUG 8956 --- [kground-preinit] o.a.tomcat.util.digester.Digester.sax    : endElement(,,operation)
2019-05-11 11:06:14.235 DEBUG 8956 --- [kground-preinit] o.apache.tomcat.util.digester.Digester   :   match='mbeans-descriptors/mbean/operation'
2019-05-11 11:06:14.235 DEBUG 8956 --- [kground-preinit] o.apache.tomcat.util.digester.Digester   :   bodyText='
      
    '
2019-05-11 11:06:14.235 DEBUG 8956 --- [kground-preinit] o.apache.tomcat.util.digester.Digester   :   Fire body() for ObjectCreateRule[className=org.apache.tomcat.util.modeler.OperationInfo, attributeName=null]
2019-05-11 11:06:14.235 DEBUG 8956 --- [kground-preinit] o.apache.tomcat.util.digester.Digester   :   Fire body() for SetPropertiesRule[]
2019-05-11 11:06:14.235 DEBUG 8956 --- [kground-preinit] o.apache.tomcat.util.digester.Digester   :   Fire body() for SetNextRule[methodName=addOperation, paramType=org.apache.tomcat.util.modeler.OperationInfo]
2019-05-11 11:06:14.235 DEBUG 8956 --- [kground-preinit] o.apache.tomcat.util.digester.Digester   :   Fire end() for SetNextRule[methodName=addOperation, paramType=org.apache.tomcat.util.modeler.OperationInfo]
2019-05-11 11:06:14.235 DEBUG 8956 --- [kground-preinit] o.apache.tomcat.util.digester.Digester   : [SetNextRule]{mbeans-descriptors/mbean/operation} Call org.apache.tomcat.util.modeler.ManagedBean.addOperation(org.apache.tomcat.util.modeler.OperationInfo@7a2229e)
2019-05-11 11:06:14.235 DEBUG 8956 --- [kground-preinit] o.apache.tomcat.util.IntrospectionUtils  : IntrospectionUtils: callMethod1 org.apache.tomcat.util.modeler.ManagedBean org.apache.tomcat.util.modeler.OperationInfo org.apache.tomcat.util.modeler.OperationInfo
2019-05-11 11:06:14.236 DEBUG 8956 --- [kground-preinit] o.apache.tomcat.util.digester.Digester   :   Fire end() for SetPropertiesRule[]
2019-05-11 11:06:14.236 DEBUG 8956 --- [kground-preinit] o.apache.tomcat.util.digester.Digester   :   Fire end() for ObjectCreateRule[className=org.apache.tomcat.util.modeler.OperationInfo, attributeName=null]
2019-05-11 11:06:14.236 DEBUG 8956 --- [kground-preinit] o.apache.tomcat.util.digester.Digester   : [ObjectCreateRule]{mbeans-descriptors/mbean/operation} Pop org.apache.tomcat.util.modeler.OperationInfo
2019-05-11 11:06:14.236 DEBUG 8956 --- [kground-preinit] o.a.tomcat.util.digester.Digester.sax    : characters(

    )
2019-05-11 11:06:14.236 DEBUG 8956 --- [kground-preinit] o.a.tomcat.util.digester.Digester.sax    : startElement(,,operation)
2019-05-11 11:06:14.236 DEBUG 8956 --- [kground-preinit] o.apache.tomcat.util.digester.Digester   :   New match='mbeans-descriptors/mbean/operation'
2019-05-11 11:06:14.236 DEBUG 8956 --- [kground-preinit] o.apache.tomcat.util.digester.Digester   :   Fire begin() for ObjectCreateRule[className=org.apache.tomcat.util.modeler.OperationInfo, attributeName=null]
2019-05-11 11:06:14.236 DEBUG 8956 --- [kground-preinit] o.apache.tomcat.util.digester.Digester   : [ObjectCreateRule]{mbeans-descriptors/mbean/operation}New org.apache.tomcat.util.modeler.OperationInfo
2019-05-11 11:06:14.236 DEBUG 8956 --- [kground-preinit] o.apache.tomcat.util.digester.Digester   :   Fire begin() for SetPropertiesRule[]
2019-05-11 11:06:14.236 DEBUG 8956 --- [kground-preinit] o.apache.tomcat.util.digester.Digester   : [SetPropertiesRule]{mbeans-descriptors/mbean/operation} Set org.apache.tomcat.util.modeler.OperationInfo properties
2019-05-11 11:06:14.236 DEBUG 8956 --- [kground-preinit] o.apache.tomcat.util.digester.Digester   : [SetPropertiesRule]{mbeans-descriptors/mbean/operation} Setting property 'name' to 'removeWelcomeFile'
2019-05-11 11:06:14.236 DEBUG 8956 --- [kground-preinit] o.apache.tomcat.util.IntrospectionUtils  : IntrospectionUtils: setProperty(class org.apache.tomcat.util.modeler.OperationInfo name=removeWelcomeFile)
2019-05-11 11:06:14.236 DEBUG 8956 --- [kground-preinit] o.apache.tomcat.util.digester.Digester   : [SetPropertiesRule]{mbeans-descriptors/mbean/operation} Setting property 'description' to 'Remove the specified welcome file name from the list recognized by this Context.'
2019-05-11 11:06:14.236 DEBUG 8956 --- [kground-preinit] o.apache.tomcat.util.IntrospectionUtils  : IntrospectionUtils: setProperty(class org.apache.tomcat.util.modeler.OperationInfo description=Remove the specified welcome file name from the list recognized by this Context.)
2019-05-11 11:06:14.237 DEBUG 8956 --- [kground-preinit] o.apache.tomcat.util.digester.Digester   : [SetPropertiesRule]{mbeans-descriptors/mbean/operation} Setting property 'impact' to 'ACTION'
2019-05-11 11:06:14.237 DEBUG 8956 --- [kground-preinit] o.apache.tomcat.util.IntrospectionUtils  : IntrospectionUtils: setProperty(class org.apache.tomcat.util.modeler.OperationInfo impact=ACTION)
2019-05-11 11:06:14.237 DEBUG 8956 --- [kground-preinit] o.apache.tomcat.util.digester.Digester   : [SetPropertiesRule]{mbeans-descriptors/mbean/operation} Setting property 'returnType' to 'void'
2019-05-11 11:06:14.237 DEBUG 8956 --- [kground-preinit] o.apache.tomcat.util.IntrospectionUtils  : IntrospectionUtils: setProperty(class org.apache.tomcat.util.modeler.OperationInfo returnType=void)
2019-05-11 11:06:14.237 DEBUG 8956 --- [kground-preinit] o.apache.tomcat.util.digester.Digester   :   Fire begin() for SetNextRule[methodName=addOperation, paramType=org.apache.tomcat.util.modeler.OperationInfo]
2019-05-11 11:06:14.237 DEBUG 8956 --- [kground-preinit] o.a.tomcat.util.digester.Digester.sax    : characters(
      )
2019-05-11 11:06:14.237 DEBUG 8956 --- [kground-preinit] o.a.tomcat.util.digester.Digester.sax    : startElement(,,parameter)
2019-05-11 11:06:14.237 DEBUG 8956 --- [kground-preinit] o.apache.tomcat.util.digester.Digester   :   New match='mbeans-descriptors/mbean/operation/parameter'
2019-05-11 11:06:14.237 DEBUG 8956 --- [kground-preinit] o.apache.tomcat.util.digester.Digester   :   Fire begin() for ObjectCreateRule[className=org.apache.tomcat.util.modeler.ParameterInfo, attributeName=null]
2019-05-11 11:06:14.237 DEBUG 8956 --- [kground-preinit] o.apache.tomcat.util.digester.Digester   : [ObjectCreateRule]{mbeans-descriptors/mbean/operation/parameter}New org.apache.tomcat.util.modeler.ParameterInfo
2019-05-11 11:06:14.237 DEBUG 8956 --- [kground-preinit] o.apache.tomcat.util.digester.Digester   :   Fire begin() for SetPropertiesRule[]
2019-05-11 11:06:14.238 DEBUG 8956 --- [kground-preinit] o.apache.tomcat.util.digester.Digester   : [SetPropertiesRule]{mbeans-descriptors/mbean/operation/parameter} Set org.apache.tomcat.util.modeler.ParameterInfo properties
2019-05-11 11:06:14.238 DEBUG 8956 --- [kground-preinit] o.apache.tomcat.util.digester.Digester   : [SetPropertiesRule]{mbeans-descriptors/mbean/operation/parameter} Setting property 'name' to 'name'
2019-05-11 11:06:14.238 DEBUG 8956 --- [kground-preinit] o.apache.tomcat.util.IntrospectionUtils  : IntrospectionUtils: setProperty(class org.apache.tomcat.util.modeler.ParameterInfo name=name)
2019-05-11 11:06:14.238 DEBUG 8956 --- [kground-preinit] o.apache.tomcat.util.digester.Digester   : [SetPropertiesRule]{mbeans-descriptors/mbean/operation/parameter} Setting property 'description' to 'Name of the welcome file to be removed'
2019-05-11 11:06:14.238 DEBUG 8956 --- [kground-preinit] o.apache.tomcat.util.IntrospectionUtils  : IntrospectionUtils: setProperty(class org.apache.tomcat.util.modeler.ParameterInfo description=Name of the welcome file to be removed)
2019-05-11 11:06:14.238 DEBUG 8956 --- [kground-preinit] o.apache.tomcat.util.digester.Digester   : [SetPropertiesRule]{mbeans-descriptors/mbean/operation/parameter} Setting property 'type' to 'java.lang.String'
2019-05-11 11:06:14.238 DEBUG 8956 --- [kground-preinit] o.apache.tomcat.util.IntrospectionUtils  : IntrospectionUtils: setProperty(class org.apache.tomcat.util.modeler.ParameterInfo type=java.lang.String)
2019-05-11 11:06:14.238 DEBUG 8956 --- [kground-preinit] o.apache.tomcat.util.digester.Digester   :   Fire begin() for SetNextRule[methodName=addParameter, paramType=org.apache.tomcat.util.modeler.ParameterInfo]
2019-05-11 11:06:14.238 DEBUG 8956 --- [kground-preinit] o.a.tomcat.util.digester.Digester.sax    : endElement(,,parameter)
2019-05-11 11:06:14.238 DEBUG 8956 --- [kground-preinit] o.apache.tomcat.util.digester.Digester   :   match='mbeans-descriptors/mbean/operation/parameter'
2019-05-11 11:06:14.238 DEBUG 8956 --- [kground-preinit] o.apache.tomcat.util.digester.Digester   :   bodyText=''
2019-05-11 11:06:14.238 DEBUG 8956 --- [kground-preinit] o.apache.tomcat.util.digester.Digester   :   Fire body() for ObjectCreateRule[className=org.apache.tomcat.util.modeler.ParameterInfo, attributeName=null]
2019-05-11 11:06:14.238 DEBUG 8956 --- [kground-preinit] o.apache.tomcat.util.digester.Digester   :   Fire body() for SetPropertiesRule[]
2019-05-11 11:06:14.239 DEBUG 8956 --- [kground-preinit] o.apache.tomcat.util.digester.Digester   :   Fire body() for SetNextRule[methodName=addParameter, paramType=org.apache.tomcat.util.modeler.ParameterInfo]
2019-05-11 11:06:14.239 DEBUG 8956 --- [kground-preinit] o.apache.tomcat.util.digester.Digester   :   Fire end() for SetNextRule[methodName=addParameter, paramType=org.apache.tomcat.util.modeler.ParameterInfo]
2019-05-11 11:06:14.239 DEBUG 8956 --- [kground-preinit] o.apache.tomcat.util.digester.Digester   : [SetNextRule]{mbeans-descriptors/mbean/operation/parameter} Call org.apache.tomcat.util.modeler.OperationInfo.addParameter(org.apache.tomcat.util.modeler.ParameterInfo@12ed6dd7)
2019-05-11 11:06:14.239 DEBUG 8956 --- [kground-preinit] o.apache.tomcat.util.IntrospectionUtils  : IntrospectionUtils: callMethod1 org.apache.tomcat.util.modeler.OperationInfo org.apache.tomcat.util.modeler.ParameterInfo org.apache.tomcat.util.modeler.ParameterInfo
2019-05-11 11:06:14.239 DEBUG 8956 --- [kground-preinit] o.apache.tomcat.util.digester.Digester   :   Fire end() for SetPropertiesRule[]
2019-05-11 11:06:14.239 DEBUG 8956 --- [kground-preinit] o.apache.tomcat.util.digester.Digester   :   Fire end() for ObjectCreateRule[className=org.apache.tomcat.util.modeler.ParameterInfo, attributeName=null]
2019-05-11 11:06:14.239 DEBUG 8956 --- [kground-preinit] o.apache.tomcat.util.digester.Digester   : [ObjectCreateRule]{mbeans-descriptors/mbean/operation/parameter} Pop org.apache.tomcat.util.modeler.ParameterInfo
2019-05-11 11:06:14.239 DEBUG 8956 --- [kground-preinit] o.a.tomcat.util.digester.Digester.sax    : characters(
    )
2019-05-11 11:06:14.239 DEBUG 8956 --- [kground-preinit] o.a.tomcat.util.digester.Digester.sax    : endElement(,,operation)
2019-05-11 11:06:14.239 DEBUG 8956 --- [kground-preinit] o.apache.tomcat.util.digester.Digester   :   match='mbeans-descriptors/mbean/operation'
2019-05-11 11:06:14.239 DEBUG 8956 --- [kground-preinit] o.apache.tomcat.util.digester.Digester   :   bodyText='
      
    '
2019-05-11 11:06:14.239 DEBUG 8956 --- [kground-preinit] o.apache.tomcat.util.digester.Digester   :   Fire body() for ObjectCreateRule[className=org.apache.tomcat.util.modeler.OperationInfo, attributeName=null]
2019-05-11 11:06:14.239 DEBUG 8956 --- [kground-preinit] o.apache.tomcat.util.digester.Digester   :   Fire body() for SetPropertiesRule[]
2019-05-11 11:06:14.240 DEBUG 8956 --- [kground-preinit] o.apache.tomcat.util.digester.Digester   :   Fire body() for SetNextRule[methodName=addOperation, paramType=org.apache.tomcat.util.modeler.OperationInfo]
2019-05-11 11:06:14.240 DEBUG 8956 --- [kground-preinit] o.apache.tomcat.util.digester.Digester   :   Fire end() for SetNextRule[methodName=addOperation, paramType=org.apache.tomcat.util.modeler.OperationInfo]
2019-05-11 11:06:14.240 DEBUG 8956 --- [kground-preinit] o.apache.tomcat.util.digester.Digester   : [SetNextRule]{mbeans-descriptors/mbean/operation} Call org.apache.tomcat.util.modeler.ManagedBean.addOperation(org.apache.tomcat.util.modeler.OperationInfo@4100e18f)
2019-05-11 11:06:14.240 DEBUG 8956 --- [kground-preinit] o.apache.tomcat.util.IntrospectionUtils  : IntrospectionUtils: callMethod1 org.apache.tomcat.util.modeler.ManagedBean org.apache.tomcat.util.modeler.OperationInfo org.apache.tomcat.util.modeler.OperationInfo
2019-05-11 11:06:14.240 DEBUG 8956 --- [kground-preinit] o.apache.tomcat.util.digester.Digester   :   Fire end() for SetPropertiesRule[]
2019-05-11 11:06:14.240 DEBUG 8956 --- [kground-preinit] o.apache.tomcat.util.digester.Digester   :   Fire end() for ObjectCreateRule[className=org.apache.tomcat.util.modeler.OperationInfo, attributeName=null]
2019-05-11 11:06:14.240 DEBUG 8956 --- [kground-preinit] o.apache.tomcat.util.digester.Digester   : [ObjectCreateRule]{mbeans-descriptors/mbean/operation} Pop org.apache.tomcat.util.modeler.OperationInfo
2019-05-11 11:06:14.240 DEBUG 8956 --- [kground-preinit] o.a.tomcat.util.digester.Digester.sax    : characters(

    )
2019-05-11 11:06:14.241 DEBUG 8956 --- [kground-preinit] o.a.tomcat.util.digester.Digester.sax    : startElement(,,operation)
2019-05-11 11:06:14.242 DEBUG 8956 --- [kground-preinit] o.apache.tomcat.util.digester.Digester   :   New match='mbeans-descriptors/mbean/operation'
2019-05-11 11:06:14.243 DEBUG 8956 --- [kground-preinit] o.apache.tomcat.util.digester.Digester   :   Fire begin() for ObjectCreateRule[className=org.apache.tomcat.util.modeler.OperationInfo, attributeName=null]
2019-05-11 11:06:14.243 DEBUG 8956 --- [kground-preinit] o.apache.tomcat.util.digester.Digester   : [ObjectCreateRule]{mbeans-descriptors/mbean/operation}New org.apache.tomcat.util.modeler.OperationInfo
2019-05-11 11:06:14.243 DEBUG 8956 --- [kground-preinit] o.apache.tomcat.util.digester.Digester   :   Fire begin() for SetPropertiesRule[]
2019-05-11 11:06:14.243 DEBUG 8956 --- [kground-preinit] o.apache.tomcat.util.digester.Digester   : [SetPropertiesRule]{mbeans-descriptors/mbean/operation} Set org.apache.tomcat.util.modeler.OperationInfo properties
2019-05-11 11:06:14.243 DEBUG 8956 --- [kground-preinit] o.apache.tomcat.util.digester.Digester   : [SetPropertiesRule]{mbeans-descriptors/mbean/operation} Setting property 'name' to 'removeWrapperLifecycle'
2019-05-11 11:06:14.243 DEBUG 8956 --- [kground-preinit] o.apache.tomcat.util.IntrospectionUtils  : IntrospectionUtils: setProperty(class org.apache.tomcat.util.modeler.OperationInfo name=removeWrapperLifecycle)
2019-05-11 11:06:14.243 DEBUG 8956 --- [kground-preinit] o.apache.tomcat.util.digester.Digester   : [SetPropertiesRule]{mbeans-descriptors/mbean/operation} Setting property 'description' to 'Remove a class name from the set of LifecycleListener classes that will be added to newly created Wrappers.'
2019-05-11 11:06:14.244 DEBUG 8956 --- [kground-preinit] o.apache.tomcat.util.IntrospectionUtils  : IntrospectionUtils: setProperty(class org.apache.tomcat.util.modeler.OperationInfo description=Remove a class name from the set of LifecycleListener classes that will be added to newly created Wrappers.)
2019-05-11 11:06:14.245 DEBUG 8956 --- [           main] o.s.b.f.s.DefaultListableBeanFactory     : Returning cached instance of singleton bean 'autoConfigurationReport'
2019-05-11 11:06:14.246 DEBUG 8956 --- [           main] a.ConfigurationClassBeanDefinitionReader : Registering bean definition for @Bean method org.springframework.boot.autoconfigure.jms.JmsAnnotationDrivenConfiguration.jmsListenerContainerFactoryConfigurer()
2019-05-11 11:06:14.246 DEBUG 8956 --- [           main] o.s.b.f.s.DefaultListableBeanFactory     : Returning cached instance of singleton bean 'autoConfigurationReport'
2019-05-11 11:06:14.246 DEBUG 8956 --- [           main] a.ConfigurationClassBeanDefinitionReader : Registering bean definition for @Bean method org.springframework.boot.autoconfigure.jms.JmsAnnotationDrivenConfiguration.jmsListenerContainerFactory()
2019-05-11 11:06:14.247 DEBUG 8956 --- [           main] a.ConfigurationClassBeanDefinitionReader : Registered bean definition for imported class 'org.springframework.boot.autoconfigure.jms.JmsAutoConfiguration'
2019-05-11 11:06:14.247 DEBUG 8956 --- [           main] o.s.b.f.s.DefaultListableBeanFactory     : Returning cached instance of singleton bean 'autoConfigurationReport'
2019-05-11 11:06:14.249 DEBUG 8956 --- [           main] o.s.b.f.s.DefaultListableBeanFactory     : Returning cached instance of singleton bean 'org.springframework.boot.autoconfigure.condition.BeanTypeRegistry'
2019-05-11 11:06:14.250 DEBUG 8956 --- [           main] o.s.b.f.s.DefaultListableBeanFactory     : Returning cached instance of singleton bean 'org.springframework.boot.autoconfigure.condition.BeanTypeRegistry'
2019-05-11 11:06:14.250 DEBUG 8956 --- [           main] o.s.b.f.s.DefaultListableBeanFactory     : Returning cached instance of singleton bean 'autoConfigurationReport'
2019-05-11 11:06:14.251 DEBUG 8956 --- [           main] o.s.b.f.s.DefaultListableBeanFactory     : Returning cached instance of singleton bean 'org.springframework.boot.autoconfigure.condition.BeanTypeRegistry'
2019-05-11 11:06:14.251 DEBUG 8956 --- [           main] o.s.b.f.s.DefaultListableBeanFactory     : Returning cached instance of singleton bean 'org.springframework.boot.autoconfigure.condition.BeanTypeRegistry'
2019-05-11 11:06:14.251 DEBUG 8956 --- [           main] o.s.b.f.s.DefaultListableBeanFactory     : Returning cached instance of singleton bean 'autoConfigurationReport'
2019-05-11 11:06:14.252 DEBUG 8956 --- [           main] o.s.b.f.s.DefaultListableBeanFactory     : Returning cached instance of singleton bean 'autoConfigurationReport'
2019-05-11 11:06:14.253 DEBUG 8956 --- [           main] a.ConfigurationClassBeanDefinitionReader : Registered bean definition for imported class 'org.springframework.transaction.annotation.ProxyTransactionManagementConfiguration'
2019-05-11 11:06:14.253 DEBUG 8956 --- [           main] a.ConfigurationClassBeanDefinitionReader : Registering bean definition for @Bean method org.springframework.transaction.annotation.ProxyTransactionManagementConfiguration.org.springframework.transaction.config.internalTransactionAdvisor()
2019-05-11 11:06:14.254 DEBUG 8956 --- [           main] a.ConfigurationClassBeanDefinitionReader : Registering bean definition for @Bean method org.springframework.transaction.annotation.ProxyTransactionManagementConfiguration.transactionAttributeSource()
2019-05-11 11:06:14.254 DEBUG 8956 --- [           main] a.ConfigurationClassBeanDefinitionReader : Registering bean definition for @Bean method org.springframework.transaction.annotation.ProxyTransactionManagementConfiguration.transactionInterceptor()
2019-05-11 11:06:14.254 DEBUG 8956 --- [           main] a.ConfigurationClassBeanDefinitionReader : Registering bean definition for @Bean method org.springframework.transaction.annotation.ProxyTransactionManagementConfiguration.org.springframework.transaction.config.internalTransactionalEventListenerFactory()
2019-05-11 11:06:14.254 DEBUG 8956 --- [           main] a.ConfigurationClassBeanDefinitionReader : Registered bean definition for imported class 'org.springframework.boot.autoconfigure.transaction.TransactionAutoConfiguration$EnableTransactionManagementConfiguration$CglibAutoProxyConfiguration'
2019-05-11 11:06:14.259 DEBUG 8956 --- [kground-preinit] o.apache.tomcat.util.digester.Digester   : [SetPropertiesRule]{mbeans-descriptors/mbean/operation} Setting property 'impact' to 'ACTION'
2019-05-11 11:06:14.259 DEBUG 8956 --- [kground-preinit] o.apache.tomcat.util.IntrospectionUtils  : IntrospectionUtils: setProperty(class org.apache.tomcat.util.modeler.OperationInfo impact=ACTION)
2019-05-11 11:06:14.259 DEBUG 8956 --- [kground-preinit] o.apache.tomcat.util.digester.Digester   : [SetPropertiesRule]{mbeans-descriptors/mbean/operation} Setting property 'returnType' to 'void'
2019-05-11 11:06:14.260 DEBUG 8956 --- [kground-preinit] o.apache.tomcat.util.IntrospectionUtils  : IntrospectionUtils: setProperty(class org.apache.tomcat.util.modeler.OperationInfo returnType=void)
2019-05-11 11:06:14.260 DEBUG 8956 --- [kground-preinit] o.apache.tomcat.util.digester.Digester   :   Fire begin() for SetNextRule[methodName=addOperation, paramType=org.apache.tomcat.util.modeler.OperationInfo]
2019-05-11 11:06:14.260 DEBUG 8956 --- [kground-preinit] o.a.tomcat.util.digester.Digester.sax    : characters(
      )
2019-05-11 11:06:14.260 DEBUG 8956 --- [kground-preinit] o.a.tomcat.util.digester.Digester.sax    : startElement(,,parameter)
2019-05-11 11:06:14.260 DEBUG 8956 --- [kground-preinit] o.apache.tomcat.util.digester.Digester   :   New match='mbeans-descriptors/mbean/operation/parameter'
2019-05-11 11:06:14.260 DEBUG 8956 --- [kground-preinit] o.apache.tomcat.util.digester.Digester   :   Fire begin() for ObjectCreateRule[className=org.apache.tomcat.util.modeler.ParameterInfo, attributeName=null]
2019-05-11 11:06:14.260 DEBUG 8956 --- [kground-preinit] o.apache.tomcat.util.digester.Digester   : [ObjectCreateRule]{mbeans-descriptors/mbean/operation/parameter}New org.apache.tomcat.util.modeler.ParameterInfo
2019-05-11 11:06:14.261 DEBUG 8956 --- [kground-preinit] o.apache.tomcat.util.digester.Digester   :   Fire begin() for SetPropertiesRule[]
2019-05-11 11:06:14.261 DEBUG 8956 --- [kground-preinit] o.apache.tomcat.util.digester.Digester   : [SetPropertiesRule]{mbeans-descriptors/mbean/operation/parameter} Set org.apache.tomcat.util.modeler.ParameterInfo properties
2019-05-11 11:06:14.261 DEBUG 8956 --- [kground-preinit] o.apache.tomcat.util.digester.Digester   : [SetPropertiesRule]{mbeans-descriptors/mbean/operation/parameter} Setting property 'name' to 'listener'
2019-05-11 11:06:14.261 DEBUG 8956 --- [kground-preinit] o.apache.tomcat.util.IntrospectionUtils  : IntrospectionUtils: setProperty(class org.apache.tomcat.util.modeler.ParameterInfo name=listener)
2019-05-11 11:06:14.261 DEBUG 8956 --- [kground-preinit] o.apache.tomcat.util.digester.Digester   : [SetPropertiesRule]{mbeans-descriptors/mbean/operation/parameter} Setting property 'description' to 'Class name of a LifecycleListener class to be removed'
2019-05-11 11:06:14.261 DEBUG 8956 --- [kground-preinit] o.apache.tomcat.util.IntrospectionUtils  : IntrospectionUtils: setProperty(class org.apache.tomcat.util.modeler.ParameterInfo description=Class name of a LifecycleListener class to be removed)
2019-05-11 11:06:14.261 DEBUG 8956 --- [kground-preinit] o.apache.tomcat.util.digester.Digester   : [SetPropertiesRule]{mbeans-descriptors/mbean/operation/parameter} Setting property 'type' to 'java.lang.String'
2019-05-11 11:06:14.262 DEBUG 8956 --- [kground-preinit] o.apache.tomcat.util.IntrospectionUtils  : IntrospectionUtils: setProperty(class org.apache.tomcat.util.modeler.ParameterInfo type=java.lang.String)
2019-05-11 11:06:14.262 DEBUG 8956 --- [kground-preinit] o.apache.tomcat.util.digester.Digester   :   Fire begin() for SetNextRule[methodName=addParameter, paramType=org.apache.tomcat.util.modeler.ParameterInfo]
2019-05-11 11:06:14.262 DEBUG 8956 --- [kground-preinit] o.a.tomcat.util.digester.Digester.sax    : endElement(,,parameter)
2019-05-11 11:06:14.262 DEBUG 8956 --- [kground-preinit] o.apache.tomcat.util.digester.Digester   :   match='mbeans-descriptors/mbean/operation/parameter'
2019-05-11 11:06:14.262 DEBUG 8956 --- [           main] a.ConfigurationClassBeanDefinitionReader : Registered bean definition for imported class 'org.springframework.boot.autoconfigure.transaction.TransactionAutoConfiguration$EnableTransactionManagementConfiguration'
2019-05-11 11:06:14.262 DEBUG 8956 --- [kground-preinit] o.apache.tomcat.util.digester.Digester   :   bodyText=''
2019-05-11 11:06:14.262 DEBUG 8956 --- [kground-preinit] o.apache.tomcat.util.digester.Digester   :   Fire body() for ObjectCreateRule[className=org.apache.tomcat.util.modeler.ParameterInfo, attributeName=null]
2019-05-11 11:06:14.262 DEBUG 8956 --- [kground-preinit] o.apache.tomcat.util.digester.Digester   :   Fire body() for SetPropertiesRule[]
2019-05-11 11:06:14.262 DEBUG 8956 --- [kground-preinit] o.apache.tomcat.util.digester.Digester   :   Fire body() for SetNextRule[methodName=addParameter, paramType=org.apache.tomcat.util.modeler.ParameterInfo]
2019-05-11 11:06:14.262 DEBUG 8956 --- [kground-preinit] o.apache.tomcat.util.digester.Digester   :   Fire end() for SetNextRule[methodName=addParameter, paramType=org.apache.tomcat.util.modeler.ParameterInfo]
2019-05-11 11:06:14.262 DEBUG 8956 --- [           main] o.s.b.f.s.DefaultListableBeanFactory     : Returning cached instance of singleton bean 'org.springframework.boot.autoconfigure.condition.BeanTypeRegistry'
2019-05-11 11:06:14.262 DEBUG 8956 --- [kground-preinit] o.apache.tomcat.util.digester.Digester   : [SetNextRule]{mbeans-descriptors/mbean/operation/parameter} Call org.apache.tomcat.util.modeler.OperationInfo.addParameter(org.apache.tomcat.util.modeler.ParameterInfo@387b6751)
2019-05-11 11:06:14.263 DEBUG 8956 --- [kground-preinit] o.apache.tomcat.util.IntrospectionUtils  : IntrospectionUtils: callMethod1 org.apache.tomcat.util.modeler.OperationInfo org.apache.tomcat.util.modeler.ParameterInfo org.apache.tomcat.util.modeler.ParameterInfo
2019-05-11 11:06:14.263 DEBUG 8956 --- [kground-preinit] o.apache.tomcat.util.digester.Digester   :   Fire end() for SetPropertiesRule[]
2019-05-11 11:06:14.263 DEBUG 8956 --- [kground-preinit] o.apache.tomcat.util.digester.Digester   :   Fire end() for ObjectCreateRule[className=org.apache.tomcat.util.modeler.ParameterInfo, attributeName=null]
2019-05-11 11:06:14.263 DEBUG 8956 --- [kground-preinit] o.apache.tomcat.util.digester.Digester   : [ObjectCreateRule]{mbeans-descriptors/mbean/operation/parameter} Pop org.apache.tomcat.util.modeler.ParameterInfo
2019-05-11 11:06:14.263 DEBUG 8956 --- [kground-preinit] o.a.tomcat.util.digester.Digester.sax    : characters(
    )
2019-05-11 11:06:14.263 DEBUG 8956 --- [kground-preinit] o.a.tomcat.util.digester.Digester.sax    : endElement(,,operation)
2019-05-11 11:06:14.263 DEBUG 8956 --- [kground-preinit] o.apache.tomcat.util.digester.Digester   :   match='mbeans-descriptors/mbean/operation'
2019-05-11 11:06:14.264 DEBUG 8956 --- [kground-preinit] o.apache.tomcat.util.digester.Digester   :   bodyText='
      
    '
2019-05-11 11:06:14.264 DEBUG 8956 --- [kground-preinit] o.apache.tomcat.util.digester.Digester   :   Fire body() for ObjectCreateRule[className=org.apache.tomcat.util.modeler.OperationInfo, attributeName=null]
2019-05-11 11:06:14.264 DEBUG 8956 --- [kground-preinit] o.apache.tomcat.util.digester.Digester   :   Fire body() for SetPropertiesRule[]
2019-05-11 11:06:14.264 DEBUG 8956 --- [kground-preinit] o.apache.tomcat.util.digester.Digester   :   Fire body() for SetNextRule[methodName=addOperation, paramType=org.apache.tomcat.util.modeler.OperationInfo]
2019-05-11 11:06:14.264 DEBUG 8956 --- [kground-preinit] o.apache.tomcat.util.digester.Digester   :   Fire end() for SetNextRule[methodName=addOperation, paramType=org.apache.tomcat.util.modeler.OperationInfo]
2019-05-11 11:06:14.264 DEBUG 8956 --- [kground-preinit] o.apache.tomcat.util.digester.Digester   : [SetNextRule]{mbeans-descriptors/mbean/operation} Call org.apache.tomcat.util.modeler.ManagedBean.addOperation(org.apache.tomcat.util.modeler.OperationInfo@2edb0412)
2019-05-11 11:06:14.264 DEBUG 8956 --- [kground-preinit] o.apache.tomcat.util.IntrospectionUtils  : IntrospectionUtils: callMethod1 org.apache.tomcat.util.modeler.ManagedBean org.apache.tomcat.util.modeler.OperationInfo org.apache.tomcat.util.modeler.OperationInfo
2019-05-11 11:06:14.264 DEBUG 8956 --- [kground-preinit] o.apache.tomcat.util.digester.Digester   :   Fire end() for SetPropertiesRule[]
2019-05-11 11:06:14.264 DEBUG 8956 --- [kground-preinit] o.apache.tomcat.util.digester.Digester   :   Fire end() for ObjectCreateRule[className=org.apache.tomcat.util.modeler.OperationInfo, attributeName=null]
2019-05-11 11:06:14.265 DEBUG 8956 --- [kground-preinit] o.apache.tomcat.util.digester.Digester   : [ObjectCreateRule]{mbeans-descriptors/mbean/operation} Pop org.apache.tomcat.util.modeler.OperationInfo
2019-05-11 11:06:14.265 DEBUG 8956 --- [kground-preinit] o.a.tomcat.util.digester.Digester.sax    : characters(

    )
2019-05-11 11:06:14.265 DEBUG 8956 --- [kground-preinit] o.a.tomcat.util.digester.Digester.sax    : startElement(,,operation)
2019-05-11 11:06:14.265 DEBUG 8956 --- [kground-preinit] o.apache.tomcat.util.digester.Digester   :   New match='mbeans-descriptors/mbean/operation'
2019-05-11 11:06:14.265 DEBUG 8956 --- [kground-preinit] o.apache.tomcat.util.digester.Digester   :   Fire begin() for ObjectCreateRule[className=org.apache.tomcat.util.modeler.OperationInfo, attributeName=null]
2019-05-11 11:06:14.265 DEBUG 8956 --- [kground-preinit] o.apache.tomcat.util.digester.Digester   : [ObjectCreateRule]{mbeans-descriptors/mbean/operation}New org.apache.tomcat.util.modeler.OperationInfo
2019-05-11 11:06:14.265 DEBUG 8956 --- [kground-preinit] o.apache.tomcat.util.digester.Digester   :   Fire begin() for SetPropertiesRule[]
2019-05-11 11:06:14.265 DEBUG 8956 --- [kground-preinit] o.apache.tomcat.util.digester.Digester   : [SetPropertiesRule]{mbeans-descriptors/mbean/operation} Set org.apache.tomcat.util.modeler.OperationInfo properties
2019-05-11 11:06:14.265 DEBUG 8956 --- [kground-preinit] o.apache.tomcat.util.digester.Digester   : [SetPropertiesRule]{mbeans-descriptors/mbean/operation} Setting property 'name' to 'removeWrapperListener'
2019-05-11 11:06:14.266 DEBUG 8956 --- [kground-preinit] o.apache.tomcat.util.IntrospectionUtils  : IntrospectionUtils: setProperty(class org.apache.tomcat.util.modeler.OperationInfo name=removeWrapperListener)
2019-05-11 11:06:14.266 DEBUG 8956 --- [kground-preinit] o.apache.tomcat.util.digester.Digester   : [SetPropertiesRule]{mbeans-descriptors/mbean/operation} Setting property 'description' to 'Remove a class name from the set of ContainerListener classes that will be added to newly created Wrappers.'
2019-05-11 11:06:14.266 DEBUG 8956 --- [kground-preinit] o.apache.tomcat.util.IntrospectionUtils  : IntrospectionUtils: setProperty(class org.apache.tomcat.util.modeler.OperationInfo description=Remove a class name from the set of ContainerListener classes that will be added to newly created Wrappers.)
2019-05-11 11:06:14.266 DEBUG 8956 --- [kground-preinit] o.apache.tomcat.util.digester.Digester   : [SetPropertiesRule]{mbeans-descriptors/mbean/operation} Setting property 'impact' to 'ACTION'
2019-05-11 11:06:14.266 DEBUG 8956 --- [kground-preinit] o.apache.tomcat.util.IntrospectionUtils  : IntrospectionUtils: setProperty(class org.apache.tomcat.util.modeler.OperationInfo impact=ACTION)
2019-05-11 11:06:14.266 DEBUG 8956 --- [kground-preinit] o.apache.tomcat.util.digester.Digester   : [SetPropertiesRule]{mbeans-descriptors/mbean/operation} Setting property 'returnType' to 'void'
2019-05-11 11:06:14.266 DEBUG 8956 --- [kground-preinit] o.apache.tomcat.util.IntrospectionUtils  : IntrospectionUtils: setProperty(class org.apache.tomcat.util.modeler.OperationInfo returnType=void)
2019-05-11 11:06:14.266 DEBUG 8956 --- [kground-preinit] o.apache.tomcat.util.digester.Digester   :   Fire begin() for SetNextRule[methodName=addOperation, paramType=org.apache.tomcat.util.modeler.OperationInfo]
2019-05-11 11:06:14.266 DEBUG 8956 --- [kground-preinit] o.a.tomcat.util.digester.Digester.sax    : characters(
      )
2019-05-11 11:06:14.267 DEBUG 8956 --- [kground-preinit] o.a.tomcat.util.digester.Digester.sax    : startElement(,,parameter)
2019-05-11 11:06:14.267 DEBUG 8956 --- [kground-preinit] o.apache.tomcat.util.digester.Digester   :   New match='mbeans-descriptors/mbean/operation/parameter'
2019-05-11 11:06:14.267 DEBUG 8956 --- [kground-preinit] o.apache.tomcat.util.digester.Digester   :   Fire begin() for ObjectCreateRule[className=org.apache.tomcat.util.modeler.ParameterInfo, attributeName=null]
2019-05-11 11:06:14.267 DEBUG 8956 --- [kground-preinit] o.apache.tomcat.util.digester.Digester   : [ObjectCreateRule]{mbeans-descriptors/mbean/operation/parameter}New org.apache.tomcat.util.modeler.ParameterInfo
2019-05-11 11:06:14.267 DEBUG 8956 --- [kground-preinit] o.apache.tomcat.util.digester.Digester   :   Fire begin() for SetPropertiesRule[]
2019-05-11 11:06:14.267 DEBUG 8956 --- [kground-preinit] o.apache.tomcat.util.digester.Digester   : [SetPropertiesRule]{mbeans-descriptors/mbean/operation/parameter} Set org.apache.tomcat.util.modeler.ParameterInfo properties
2019-05-11 11:06:14.267 DEBUG 8956 --- [kground-preinit] o.apache.tomcat.util.digester.Digester   : [SetPropertiesRule]{mbeans-descriptors/mbean/operation/parameter} Setting property 'name' to 'listener'
2019-05-11 11:06:14.268 DEBUG 8956 --- [kground-preinit] o.apache.tomcat.util.IntrospectionUtils  : IntrospectionUtils: setProperty(class org.apache.tomcat.util.modeler.ParameterInfo name=listener)
2019-05-11 11:06:14.268 DEBUG 8956 --- [kground-preinit] o.apache.tomcat.util.digester.Digester   : [SetPropertiesRule]{mbeans-descriptors/mbean/operation/parameter} Setting property 'description' to 'Class name of a ContainerListener class to be removed'
2019-05-11 11:06:14.268 DEBUG 8956 --- [kground-preinit] o.apache.tomcat.util.IntrospectionUtils  : IntrospectionUtils: setProperty(class org.apache.tomcat.util.modeler.ParameterInfo description=Class name of a ContainerListener class to be removed)
2019-05-11 11:06:14.268 DEBUG 8956 --- [kground-preinit] o.apache.tomcat.util.digester.Digester   : [SetPropertiesRule]{mbeans-descriptors/mbean/operation/parameter} Setting property 'type' to 'java.lang.String'
2019-05-11 11:06:14.268 DEBUG 8956 --- [kground-preinit] o.apache.tomcat.util.IntrospectionUtils  : IntrospectionUtils: setProperty(class org.apache.tomcat.util.modeler.ParameterInfo type=java.lang.String)
2019-05-11 11:06:14.268 DEBUG 8956 --- [kground-preinit] o.apache.tomcat.util.digester.Digester   :   Fire begin() for SetNextRule[methodName=addParameter, paramType=org.apache.tomcat.util.modeler.ParameterInfo]
2019-05-11 11:06:14.268 DEBUG 8956 --- [kground-preinit] o.a.tomcat.util.digester.Digester.sax    : endElement(,,parameter)
2019-05-11 11:06:14.268 DEBUG 8956 --- [kground-preinit] o.apache.tomcat.util.digester.Digester   :   match='mbeans-descriptors/mbean/operation/parameter'
2019-05-11 11:06:14.268 DEBUG 8956 --- [kground-preinit] o.apache.tomcat.util.digester.Digester   :   bodyText=''
2019-05-11 11:06:14.268 DEBUG 8956 --- [kground-preinit] o.apache.tomcat.util.digester.Digester   :   Fire body() for ObjectCreateRule[className=org.apache.tomcat.util.modeler.ParameterInfo, attributeName=null]
2019-05-11 11:06:14.269 DEBUG 8956 --- [kground-preinit] o.apache.tomcat.util.digester.Digester   :   Fire body() for SetPropertiesRule[]
2019-05-11 11:06:14.269 DEBUG 8956 --- [kground-preinit] o.apache.tomcat.util.digester.Digester   :   Fire body() for SetNextRule[methodName=addParameter, paramType=org.apache.tomcat.util.modeler.ParameterInfo]
2019-05-11 11:06:14.269 DEBUG 8956 --- [kground-preinit] o.apache.tomcat.util.digester.Digester   :   Fire end() for SetNextRule[methodName=addParameter, paramType=org.apache.tomcat.util.modeler.ParameterInfo]
2019-05-11 11:06:14.269 DEBUG 8956 --- [kground-preinit] o.apache.tomcat.util.digester.Digester   : [SetNextRule]{mbeans-descriptors/mbean/operation/parameter} Call org.apache.tomcat.util.modeler.OperationInfo.addParameter(org.apache.tomcat.util.modeler.ParameterInfo@572157cb)
2019-05-11 11:06:14.269 DEBUG 8956 --- [kground-preinit] o.apache.tomcat.util.IntrospectionUtils  : IntrospectionUtils: callMethod1 org.apache.tomcat.util.modeler.OperationInfo org.apache.tomcat.util.modeler.ParameterInfo org.apache.tomcat.util.modeler.ParameterInfo
2019-05-11 11:06:14.269 DEBUG 8956 --- [kground-preinit] o.apache.tomcat.util.digester.Digester   :   Fire end() for SetPropertiesRule[]
2019-05-11 11:06:14.269 DEBUG 8956 --- [kground-preinit] o.apache.tomcat.util.digester.Digester   :   Fire end() for ObjectCreateRule[className=org.apache.tomcat.util.modeler.ParameterInfo, attributeName=null]
2019-05-11 11:06:14.269 DEBUG 8956 --- [kground-preinit] o.apache.tomcat.util.digester.Digester   : [ObjectCreateRule]{mbeans-descriptors/mbean/operation/parameter} Pop org.apache.tomcat.util.modeler.ParameterInfo
2019-05-11 11:06:14.269 DEBUG 8956 --- [kground-preinit] o.a.tomcat.util.digester.Digester.sax    : characters(
    )
2019-05-11 11:06:14.270 DEBUG 8956 --- [kground-preinit] o.a.tomcat.util.digester.Digester.sax    : endElement(,,operation)
2019-05-11 11:06:14.270 DEBUG 8956 --- [kground-preinit] o.apache.tomcat.util.digester.Digester   :   match='mbeans-descriptors/mbean/operation'
2019-05-11 11:06:14.270 DEBUG 8956 --- [kground-preinit] o.apache.tomcat.util.digester.Digester   :   bodyText='
      
    '
2019-05-11 11:06:14.270 DEBUG 8956 --- [kground-preinit] o.apache.tomcat.util.digester.Digester   :   Fire body() for ObjectCreateRule[className=org.apache.tomcat.util.modeler.OperationInfo, attributeName=null]
2019-05-11 11:06:14.270 DEBUG 8956 --- [kground-preinit] o.apache.tomcat.util.digester.Digester   :   Fire body() for SetPropertiesRule[]
2019-05-11 11:06:14.271 DEBUG 8956 --- [kground-preinit] o.apache.tomcat.util.digester.Digester   :   Fire body() for SetNextRule[methodName=addOperation, paramType=org.apache.tomcat.util.modeler.OperationInfo]
2019-05-11 11:06:14.271 DEBUG 8956 --- [kground-preinit] o.apache.tomcat.util.digester.Digester   :   Fire end() for SetNextRule[methodName=addOperation, paramType=org.apache.tomcat.util.modeler.OperationInfo]
2019-05-11 11:06:14.271 DEBUG 8956 --- [kground-preinit] o.apache.tomcat.util.digester.Digester   : [SetNextRule]{mbeans-descriptors/mbean/operation} Call org.apache.tomcat.util.modeler.ManagedBean.addOperation(org.apache.tomcat.util.modeler.OperationInfo@11ebc839)
2019-05-11 11:06:14.271 DEBUG 8956 --- [kground-preinit] o.apache.tomcat.util.IntrospectionUtils  : IntrospectionUtils: callMethod1 org.apache.tomcat.util.modeler.ManagedBean org.apache.tomcat.util.modeler.OperationInfo org.apache.tomcat.util.modeler.OperationInfo
2019-05-11 11:06:14.271 DEBUG 8956 --- [kground-preinit] o.apache.tomcat.util.digester.Digester   :   Fire end() for SetPropertiesRule[]
2019-05-11 11:06:14.271 DEBUG 8956 --- [kground-preinit] o.apache.tomcat.util.digester.Digester   :   Fire end() for ObjectCreateRule[className=org.apache.tomcat.util.modeler.OperationInfo, attributeName=null]
2019-05-11 11:06:14.271 DEBUG 8956 --- [kground-preinit] o.apache.tomcat.util.digester.Digester   : [ObjectCreateRule]{mbeans-descriptors/mbean/operation} Pop org.apache.tomcat.util.modeler.OperationInfo
2019-05-11 11:06:14.272 DEBUG 8956 --- [kground-preinit] o.a.tomcat.util.digester.Digester.sax    : characters(

    )
2019-05-11 11:06:14.272 DEBUG 8956 --- [           main] o.s.b.f.s.DefaultListableBeanFactory     : Returning cached instance of singleton bean 'autoConfigurationReport'
2019-05-11 11:06:14.272 DEBUG 8956 --- [kground-preinit] o.a.tomcat.util.digester.Digester.sax    : startElement(,,operation)
2019-05-11 11:06:14.272 DEBUG 8956 --- [kground-preinit] o.apache.tomcat.util.digester.Digester   :   New match='mbeans-descriptors/mbean/operation'
2019-05-11 11:06:14.272 DEBUG 8956 --- [           main] a.ConfigurationClassBeanDefinitionReader : Registered bean definition for imported class 'org.springframework.boot.autoconfigure.transaction.TransactionAutoConfiguration$TransactionTemplateConfiguration'
2019-05-11 11:06:14.272 DEBUG 8956 --- [kground-preinit] o.apache.tomcat.util.digester.Digester   :   Fire begin() for ObjectCreateRule[className=org.apache.tomcat.util.modeler.OperationInfo, attributeName=null]
2019-05-11 11:06:14.272 DEBUG 8956 --- [kground-preinit] o.apache.tomcat.util.digester.Digester   : [ObjectCreateRule]{mbeans-descriptors/mbean/operation}New org.apache.tomcat.util.modeler.OperationInfo
2019-05-11 11:06:14.273 DEBUG 8956 --- [kground-preinit] o.apache.tomcat.util.digester.Digester   :   Fire begin() for SetPropertiesRule[]
2019-05-11 11:06:14.273 DEBUG 8956 --- [kground-preinit] o.apache.tomcat.util.digester.Digester   : [SetPropertiesRule]{mbeans-descriptors/mbean/operation} Set org.apache.tomcat.util.modeler.OperationInfo properties
2019-05-11 11:06:14.273 DEBUG 8956 --- [kground-preinit] o.apache.tomcat.util.digester.Digester   : [SetPropertiesRule]{mbeans-descriptors/mbean/operation} Setting property 'name' to 'start'
2019-05-11 11:06:14.273 DEBUG 8956 --- [kground-preinit] o.apache.tomcat.util.IntrospectionUtils  : IntrospectionUtils: setProperty(class org.apache.tomcat.util.modeler.OperationInfo name=start)
2019-05-11 11:06:14.273 DEBUG 8956 --- [kground-preinit] o.apache.tomcat.util.digester.Digester   : [SetPropertiesRule]{mbeans-descriptors/mbean/operation} Setting property 'description' to 'Start'
2019-05-11 11:06:14.273 DEBUG 8956 --- [kground-preinit] o.apache.tomcat.util.IntrospectionUtils  : IntrospectionUtils: setProperty(class org.apache.tomcat.util.modeler.OperationInfo description=Start)
2019-05-11 11:06:14.273 DEBUG 8956 --- [kground-preinit] o.apache.tomcat.util.digester.Digester   : [SetPropertiesRule]{mbeans-descriptors/mbean/operation} Setting property 'impact' to 'ACTION'
2019-05-11 11:06:14.273 DEBUG 8956 --- [kground-preinit] o.apache.tomcat.util.IntrospectionUtils  : IntrospectionUtils: setProperty(class org.apache.tomcat.util.modeler.OperationInfo impact=ACTION)
2019-05-11 11:06:14.273 DEBUG 8956 --- [kground-preinit] o.apache.tomcat.util.digester.Digester   : [SetPropertiesRule]{mbeans-descriptors/mbean/operation} Setting property 'returnType' to 'void'
2019-05-11 11:06:14.273 DEBUG 8956 --- [kground-preinit] o.apache.tomcat.util.IntrospectionUtils  : IntrospectionUtils: setProperty(class org.apache.tomcat.util.modeler.OperationInfo returnType=void)
2019-05-11 11:06:14.273 DEBUG 8956 --- [           main] o.s.b.f.s.DefaultListableBeanFactory     : Returning cached instance of singleton bean 'org.springframework.boot.autoconfigure.condition.BeanTypeRegistry'
2019-05-11 11:06:14.274 DEBUG 8956 --- [kground-preinit] o.apache.tomcat.util.digester.Digester   :   Fire begin() for SetNextRule[methodName=addOperation, paramType=org.apache.tomcat.util.modeler.OperationInfo]
2019-05-11 11:06:14.274 DEBUG 8956 --- [kground-preinit] o.a.tomcat.util.digester.Digester.sax    : endElement(,,operation)
2019-05-11 11:06:14.274 DEBUG 8956 --- [kground-preinit] o.apache.tomcat.util.digester.Digester   :   match='mbeans-descriptors/mbean/operation'
2019-05-11 11:06:14.274 DEBUG 8956 --- [kground-preinit] o.apache.tomcat.util.digester.Digester   :   bodyText=''
2019-05-11 11:06:14.274 DEBUG 8956 --- [kground-preinit] o.apache.tomcat.util.digester.Digester   :   Fire body() for ObjectCreateRule[className=org.apache.tomcat.util.modeler.OperationInfo, attributeName=null]
2019-05-11 11:06:14.274 DEBUG 8956 --- [kground-preinit] o.apache.tomcat.util.digester.Digester   :   Fire body() for SetPropertiesRule[]
2019-05-11 11:06:14.274 DEBUG 8956 --- [kground-preinit] o.apache.tomcat.util.digester.Digester   :   Fire body() for SetNextRule[methodName=addOperation, paramType=org.apache.tomcat.util.modeler.OperationInfo]
2019-05-11 11:06:14.274 DEBUG 8956 --- [           main] o.s.b.f.s.DefaultListableBeanFactory     : Returning cached instance of singleton bean 'autoConfigurationReport'
2019-05-11 11:06:14.274 DEBUG 8956 --- [kground-preinit] o.apache.tomcat.util.digester.Digester   :   Fire end() for SetNextRule[methodName=addOperation, paramType=org.apache.tomcat.util.modeler.OperationInfo]
2019-05-11 11:06:14.275 DEBUG 8956 --- [kground-preinit] o.apache.tomcat.util.digester.Digester   : [SetNextRule]{mbeans-descriptors/mbean/operation} Call org.apache.tomcat.util.modeler.ManagedBean.addOperation(org.apache.tomcat.util.modeler.OperationInfo@724974ba)
2019-05-11 11:06:14.275 DEBUG 8956 --- [kground-preinit] o.apache.tomcat.util.IntrospectionUtils  : IntrospectionUtils: callMethod1 org.apache.tomcat.util.modeler.ManagedBean org.apache.tomcat.util.modeler.OperationInfo org.apache.tomcat.util.modeler.OperationInfo
2019-05-11 11:06:14.275 DEBUG 8956 --- [           main] a.ConfigurationClassBeanDefinitionReader : Registering bean definition for @Bean method org.springframework.boot.autoconfigure.transaction.TransactionAutoConfiguration$TransactionTemplateConfiguration.transactionTemplate()
2019-05-11 11:06:14.275 DEBUG 8956 --- [kground-preinit] o.apache.tomcat.util.digester.Digester   :   Fire end() for SetPropertiesRule[]
2019-05-11 11:06:14.275 DEBUG 8956 --- [kground-preinit] o.apache.tomcat.util.digester.Digester   :   Fire end() for ObjectCreateRule[className=org.apache.tomcat.util.modeler.OperationInfo, attributeName=null]
2019-05-11 11:06:14.275 DEBUG 8956 --- [kground-preinit] o.apache.tomcat.util.digester.Digester   : [ObjectCreateRule]{mbeans-descriptors/mbean/operation} Pop org.apache.tomcat.util.modeler.OperationInfo
2019-05-11 11:06:14.275 DEBUG 8956 --- [kground-preinit] o.a.tomcat.util.digester.Digester.sax    : characters(

    )
2019-05-11 11:06:14.275 DEBUG 8956 --- [kground-preinit] o.a.tomcat.util.digester.Digester.sax    : startElement(,,operation)
2019-05-11 11:06:14.275 DEBUG 8956 --- [kground-preinit] o.apache.tomcat.util.digester.Digester   :   New match='mbeans-descriptors/mbean/operation'
2019-05-11 11:06:14.276 DEBUG 8956 --- [kground-preinit] o.apache.tomcat.util.digester.Digester   :   Fire begin() for ObjectCreateRule[className=org.apache.tomcat.util.modeler.OperationInfo, attributeName=null]
2019-05-11 11:06:14.276 DEBUG 8956 --- [kground-preinit] o.apache.tomcat.util.digester.Digester   : [ObjectCreateRule]{mbeans-descriptors/mbean/operation}New org.apache.tomcat.util.modeler.OperationInfo
2019-05-11 11:06:14.276 DEBUG 8956 --- [kground-preinit] o.apache.tomcat.util.digester.Digester   :   Fire begin() for SetPropertiesRule[]
2019-05-11 11:06:14.276 DEBUG 8956 --- [kground-preinit] o.apache.tomcat.util.digester.Digester   : [SetPropertiesRule]{mbeans-descriptors/mbean/operation} Set org.apache.tomcat.util.modeler.OperationInfo properties
2019-05-11 11:06:14.276 DEBUG 8956 --- [kground-preinit] o.apache.tomcat.util.digester.Digester   : [SetPropertiesRule]{mbeans-descriptors/mbean/operation} Setting property 'name' to 'stop'
2019-05-11 11:06:14.276 DEBUG 8956 --- [kground-preinit] o.apache.tomcat.util.IntrospectionUtils  : IntrospectionUtils: setProperty(class org.apache.tomcat.util.modeler.OperationInfo name=stop)
2019-05-11 11:06:14.276 DEBUG 8956 --- [           main] a.ConfigurationClassBeanDefinitionReader : Registered bean definition for imported class 'org.springframework.boot.autoconfigure.transaction.TransactionAutoConfiguration'
2019-05-11 11:06:14.276 DEBUG 8956 --- [kground-preinit] o.apache.tomcat.util.digester.Digester   : [SetPropertiesRule]{mbeans-descriptors/mbean/operation} Setting property 'description' to 'Stop'
2019-05-11 11:06:14.276 DEBUG 8956 --- [kground-preinit] o.apache.tomcat.util.IntrospectionUtils  : IntrospectionUtils: setProperty(class org.apache.tomcat.util.modeler.OperationInfo description=Stop)
2019-05-11 11:06:14.277 DEBUG 8956 --- [kground-preinit] o.apache.tomcat.util.digester.Digester   : [SetPropertiesRule]{mbeans-descriptors/mbean/operation} Setting property 'impact' to 'ACTION'
2019-05-11 11:06:14.277 DEBUG 8956 --- [kground-preinit] o.apache.tomcat.util.IntrospectionUtils  : IntrospectionUtils: setProperty(class org.apache.tomcat.util.modeler.OperationInfo impact=ACTION)
2019-05-11 11:06:14.277 DEBUG 8956 --- [kground-preinit] o.apache.tomcat.util.digester.Digester   : [SetPropertiesRule]{mbeans-descriptors/mbean/operation} Setting property 'returnType' to 'void'
2019-05-11 11:06:14.277 DEBUG 8956 --- [kground-preinit] o.apache.tomcat.util.IntrospectionUtils  : IntrospectionUtils: setProperty(class org.apache.tomcat.util.modeler.OperationInfo returnType=void)
2019-05-11 11:06:14.277 DEBUG 8956 --- [kground-preinit] o.apache.tomcat.util.digester.Digester   :   Fire begin() for SetNextRule[methodName=addOperation, paramType=org.apache.tomcat.util.modeler.OperationInfo]
2019-05-11 11:06:14.277 DEBUG 8956 --- [kground-preinit] o.a.tomcat.util.digester.Digester.sax    : endElement(,,operation)
2019-05-11 11:06:14.277 DEBUG 8956 --- [kground-preinit] o.apache.tomcat.util.digester.Digester   :   match='mbeans-descriptors/mbean/operation'
2019-05-11 11:06:14.277 DEBUG 8956 --- [kground-preinit] o.apache.tomcat.util.digester.Digester   :   bodyText=''
2019-05-11 11:06:14.278 DEBUG 8956 --- [kground-preinit] o.apache.tomcat.util.digester.Digester   :   Fire body() for ObjectCreateRule[className=org.apache.tomcat.util.modeler.OperationInfo, attributeName=null]
2019-05-11 11:06:14.278 DEBUG 8956 --- [kground-preinit] o.apache.tomcat.util.digester.Digester   :   Fire body() for SetPropertiesRule[]
2019-05-11 11:06:14.278 DEBUG 8956 --- [kground-preinit] o.apache.tomcat.util.digester.Digester   :   Fire body() for SetNextRule[methodName=addOperation, paramType=org.apache.tomcat.util.modeler.OperationInfo]
2019-05-11 11:06:14.278 DEBUG 8956 --- [kground-preinit] o.apache.tomcat.util.digester.Digester   :   Fire end() for SetNextRule[methodName=addOperation, paramType=org.apache.tomcat.util.modeler.OperationInfo]
2019-05-11 11:06:14.278 DEBUG 8956 --- [kground-preinit] o.apache.tomcat.util.digester.Digester   : [SetNextRule]{mbeans-descriptors/mbean/operation} Call org.apache.tomcat.util.modeler.ManagedBean.addOperation(org.apache.tomcat.util.modeler.OperationInfo@4441575)
2019-05-11 11:06:14.279 DEBUG 8956 --- [kground-preinit] o.apache.tomcat.util.IntrospectionUtils  : IntrospectionUtils: callMethod1 org.apache.tomcat.util.modeler.ManagedBean org.apache.tomcat.util.modeler.OperationInfo org.apache.tomcat.util.modeler.OperationInfo
2019-05-11 11:06:14.279 DEBUG 8956 --- [kground-preinit] o.apache.tomcat.util.digester.Digester   :   Fire end() for SetPropertiesRule[]
2019-05-11 11:06:14.279 DEBUG 8956 --- [kground-preinit] o.apache.tomcat.util.digester.Digester   :   Fire end() for ObjectCreateRule[className=org.apache.tomcat.util.modeler.OperationInfo, attributeName=null]
2019-05-11 11:06:14.281 DEBUG 8956 --- [kground-preinit] o.apache.tomcat.util.digester.Digester   : [ObjectCreateRule]{mbeans-descriptors/mbean/operation} Pop org.apache.tomcat.util.modeler.OperationInfo
2019-05-11 11:06:14.282 DEBUG 8956 --- [kground-preinit] o.a.tomcat.util.digester.Digester.sax    : characters(

  )
2019-05-11 11:06:14.282 DEBUG 8956 --- [kground-preinit] o.a.tomcat.util.digester.Digester.sax    : endElement(,,mbean)
2019-05-11 11:06:14.282 DEBUG 8956 --- [kground-preinit] o.apache.tomcat.util.digester.Digester   :   match='mbeans-descriptors/mbean'
2019-05-11 11:06:14.282 DEBUG 8956 --- [kground-preinit] o.apache.tomcat.util.digester.Digester   :   bodyText='

    

    

    

    

    

    

    

    

    

    

    

    

    

    

    

    

    

    

    

    

    

    

    

    

    

    

    

    

    

    

    

    

    

    

    

    

    

    

    

    

    

    

    

    

    

    

    

    

    

    

    

    

    

    

    

    

    

    

    

    

    

    

    

    

    

    

    

    

    

    

    

    

    

    

    

    

    

    

    

    

    

    

    

    

    

    

    

    

    

    

    

    

    

    

    

    

    

    

    

    

    

    

    

    

    

    

    

    

    

    

    

    

    

    

    

    

    

    

    

    

    

    

    

    

    

    

    

    

    

    

    

  '
2019-05-11 11:06:14.283 DEBUG 8956 --- [kground-preinit] o.apache.tomcat.util.digester.Digester   :   Fire body() for ObjectCreateRule[className=org.apache.tomcat.util.modeler.ManagedBean, attributeName=null]
2019-05-11 11:06:14.283 DEBUG 8956 --- [kground-preinit] o.apache.tomcat.util.digester.Digester   :   Fire body() for SetPropertiesRule[]
2019-05-11 11:06:14.283 DEBUG 8956 --- [kground-preinit] o.apache.tomcat.util.digester.Digester   :   Fire body() for SetNextRule[methodName=add, paramType=java.lang.Object]
2019-05-11 11:06:14.284 DEBUG 8956 --- [kground-preinit] o.apache.tomcat.util.digester.Digester   :   Fire end() for SetNextRule[methodName=add, paramType=java.lang.Object]
2019-05-11 11:06:14.284 DEBUG 8956 --- [kground-preinit] o.apache.tomcat.util.digester.Digester   : [SetNextRule]{mbeans-descriptors/mbean} Call java.util.ArrayList.add(ManagedBean[name=StandardContext, className=org.apache.catalina.mbeans.ContextMBean, description=Standard Context Component, group=Context, type=org.apache.catalina.core.StandardContext])
2019-05-11 11:06:14.284 DEBUG 8956 --- [kground-preinit] o.apache.tomcat.util.IntrospectionUtils  : IntrospectionUtils: callMethod1 java.util.ArrayList org.apache.tomcat.util.modeler.ManagedBean java.lang.Object
2019-05-11 11:06:14.285 DEBUG 8956 --- [kground-preinit] o.apache.tomcat.util.digester.Digester   :   Fire end() for SetPropertiesRule[]
2019-05-11 11:06:14.285 DEBUG 8956 --- [kground-preinit] o.apache.tomcat.util.digester.Digester   :   Fire end() for ObjectCreateRule[className=org.apache.tomcat.util.modeler.ManagedBean, attributeName=null]
2019-05-11 11:06:14.285 DEBUG 8956 --- [kground-preinit] o.apache.tomcat.util.digester.Digester   : [ObjectCreateRule]{mbeans-descriptors/mbean} Pop org.apache.tomcat.util.modeler.ManagedBean
2019-05-11 11:06:14.285 DEBUG 8956 --- [kground-preinit] o.a.tomcat.util.digester.Digester.sax    : characters(

  )
2019-05-11 11:06:14.286 DEBUG 8956 --- [           main] o.s.b.f.s.DefaultListableBeanFactory     : Returning cached instance of singleton bean 'org.springframework.boot.autoconfigure.condition.BeanTypeRegistry'
2019-05-11 11:06:14.286 DEBUG 8956 --- [kground-preinit] o.a.tomcat.util.digester.Digester.sax    : startElement(,,mbean)
2019-05-11 11:06:14.286 DEBUG 8956 --- [kground-preinit] o.apache.tomcat.util.digester.Digester   :   New match='mbeans-descriptors/mbean'
2019-05-11 11:06:14.287 DEBUG 8956 --- [kground-preinit] o.apache.tomcat.util.digester.Digester   :   Fire begin() for ObjectCreateRule[className=org.apache.tomcat.util.modeler.ManagedBean, attributeName=null]
2019-05-11 11:06:14.287 DEBUG 8956 --- [kground-preinit] o.apache.tomcat.util.digester.Digester   : [ObjectCreateRule]{mbeans-descriptors/mbean}New org.apache.tomcat.util.modeler.ManagedBean
2019-05-11 11:06:14.287 DEBUG 8956 --- [kground-preinit] o.apache.tomcat.util.digester.Digester   :   Fire begin() for SetPropertiesRule[]
2019-05-11 11:06:14.290 DEBUG 8956 --- [kground-preinit] o.apache.tomcat.util.digester.Digester   : [SetPropertiesRule]{mbeans-descriptors/mbean} Set org.apache.tomcat.util.modeler.ManagedBean properties
2019-05-11 11:06:14.290 DEBUG 8956 --- [kground-preinit] o.apache.tomcat.util.digester.Digester   : [SetPropertiesRule]{mbeans-descriptors/mbean} Setting property 'name' to 'StandardContextValve'
2019-05-11 11:06:14.290 DEBUG 8956 --- [kground-preinit] o.apache.tomcat.util.IntrospectionUtils  : IntrospectionUtils: setProperty(class org.apache.tomcat.util.modeler.ManagedBean name=StandardContextValve)
2019-05-11 11:06:14.291 DEBUG 8956 --- [kground-preinit] o.apache.tomcat.util.digester.Digester   : [SetPropertiesRule]{mbeans-descriptors/mbean} Setting property 'description' to 'Valve that implements the default basic behavior for the          StandardContext container implementation'
2019-05-11 11:06:14.292 DEBUG 8956 --- [kground-preinit] o.apache.tomcat.util.IntrospectionUtils  : IntrospectionUtils: setProperty(class org.apache.tomcat.util.modeler.ManagedBean description=Valve that implements the default basic behavior for the          StandardContext container implementation)
2019-05-11 11:06:14.292 DEBUG 8956 --- [kground-preinit] o.apache.tomcat.util.digester.Digester   : [SetPropertiesRule]{mbeans-descriptors/mbean} Setting property 'domain' to 'Catalina'
2019-05-11 11:06:14.292 DEBUG 8956 --- [           main] o.s.b.f.s.DefaultListableBeanFactory     : Returning cached instance of singleton bean 'autoConfigurationReport'
2019-05-11 11:06:14.292 DEBUG 8956 --- [kground-preinit] o.apache.tomcat.util.IntrospectionUtils  : IntrospectionUtils: setProperty(class org.apache.tomcat.util.modeler.ManagedBean domain=Catalina)
2019-05-11 11:06:14.292 DEBUG 8956 --- [kground-preinit] o.apache.tomcat.util.digester.Digester   : [SetPropertiesRule]{mbeans-descriptors/mbean} Setting property 'group' to 'Valve'
2019-05-11 11:06:14.292 DEBUG 8956 --- [           main] a.ConfigurationClassBeanDefinitionReader : Registering bean definition for @Bean method org.springframework.boot.autoconfigure.transaction.TransactionAutoConfiguration.platformTransactionManagerCustomizers()
2019-05-11 11:06:14.292 DEBUG 8956 --- [kground-preinit] o.apache.tomcat.util.IntrospectionUtils  : IntrospectionUtils: setProperty(class org.apache.tomcat.util.modeler.ManagedBean group=Valve)
2019-05-11 11:06:14.293 DEBUG 8956 --- [kground-preinit] o.apache.tomcat.util.digester.Digester   : [SetPropertiesRule]{mbeans-descriptors/mbean} Setting property 'type' to 'org.apache.catalina.core.StandardContextValve'
2019-05-11 11:06:14.293 DEBUG 8956 --- [kground-preinit] o.apache.tomcat.util.IntrospectionUtils  : IntrospectionUtils: setProperty(class org.apache.tomcat.util.modeler.ManagedBean type=org.apache.catalina.core.StandardContextValve)
2019-05-11 11:06:14.293 DEBUG 8956 --- [kground-preinit] o.apache.tomcat.util.digester.Digester   :   Fire begin() for SetNextRule[methodName=add, paramType=java.lang.Object]
2019-05-11 11:06:14.293 DEBUG 8956 --- [kground-preinit] o.a.tomcat.util.digester.Digester.sax    : characters(

    )
2019-05-11 11:06:14.293 DEBUG 8956 --- [           main] o.s.b.f.s.DefaultListableBeanFactory     : Returning cached instance of singleton bean 'autoConfigurationReport'
2019-05-11 11:06:14.294 DEBUG 8956 --- [           main] o.s.b.f.s.DefaultListableBeanFactory     : Returning cached instance of singleton bean 'autoConfigurationReport'
2019-05-11 11:06:14.294 DEBUG 8956 --- [           main] a.ConfigurationClassBeanDefinitionReader : Registered bean definition for imported class 'org.springframework.boot.autoconfigure.thymeleaf.ThymeleafAutoConfiguration$ThymeleafResourceHandlingConfig'
2019-05-11 11:06:14.294 DEBUG 8956 --- [kground-preinit] o.a.tomcat.util.digester.Digester.sax    : startElement(,,attribute)
2019-05-11 11:06:14.294 DEBUG 8956 --- [kground-preinit] o.apache.tomcat.util.digester.Digester   :   New match='mbeans-descriptors/mbean/attribute'
2019-05-11 11:06:14.294 DEBUG 8956 --- [kground-preinit] o.apache.tomcat.util.digester.Digester   :   Fire begin() for ObjectCreateRule[className=org.apache.tomcat.util.modeler.AttributeInfo, attributeName=null]
2019-05-11 11:06:14.294 DEBUG 8956 --- [kground-preinit] o.apache.tomcat.util.digester.Digester   : [ObjectCreateRule]{mbeans-descriptors/mbean/attribute}New org.apache.tomcat.util.modeler.AttributeInfo
2019-05-11 11:06:14.295 DEBUG 8956 --- [           main] o.s.b.f.s.DefaultListableBeanFactory     : Returning cached instance of singleton bean 'org.springframework.boot.autoconfigure.condition.BeanTypeRegistry'
2019-05-11 11:06:14.295 DEBUG 8956 --- [kground-preinit] o.apache.tomcat.util.digester.Digester   :   Fire begin() for SetPropertiesRule[]
2019-05-11 11:06:14.295 DEBUG 8956 --- [kground-preinit] o.apache.tomcat.util.digester.Digester   : [SetPropertiesRule]{mbeans-descriptors/mbean/attribute} Set org.apache.tomcat.util.modeler.AttributeInfo properties
2019-05-11 11:06:14.295 DEBUG 8956 --- [kground-preinit] o.apache.tomcat.util.digester.Digester   : [SetPropertiesRule]{mbeans-descriptors/mbean/attribute} Setting property 'name' to 'asyncSupported'
2019-05-11 11:06:14.295 DEBUG 8956 --- [kground-preinit] o.apache.tomcat.util.IntrospectionUtils  : IntrospectionUtils: setProperty(class org.apache.tomcat.util.modeler.AttributeInfo name=asyncSupported)
2019-05-11 11:06:14.295 DEBUG 8956 --- [kground-preinit] o.apache.tomcat.util.digester.Digester   : [SetPropertiesRule]{mbeans-descriptors/mbean/attribute} Setting property 'description' to 'Does this valve support async reporting?'
2019-05-11 11:06:14.295 DEBUG 8956 --- [kground-preinit] o.apache.tomcat.util.IntrospectionUtils  : IntrospectionUtils: setProperty(class org.apache.tomcat.util.modeler.AttributeInfo description=Does this valve support async reporting?)
2019-05-11 11:06:14.296 DEBUG 8956 --- [kground-preinit] o.apache.tomcat.util.digester.Digester   : [SetPropertiesRule]{mbeans-descriptors/mbean/attribute} Setting property 'is' to 'true'
2019-05-11 11:06:14.296 DEBUG 8956 --- [kground-preinit] o.apache.tomcat.util.IntrospectionUtils  : IntrospectionUtils: setProperty(class org.apache.tomcat.util.modeler.AttributeInfo is=true)
2019-05-11 11:06:14.296 DEBUG 8956 --- [kground-preinit] o.apache.tomcat.util.digester.Digester   : [SetPropertiesRule]{mbeans-descriptors/mbean/attribute} Setting property 'type' to 'boolean'
2019-05-11 11:06:14.296 DEBUG 8956 --- [kground-preinit] o.apache.tomcat.util.IntrospectionUtils  : IntrospectionUtils: setProperty(class org.apache.tomcat.util.modeler.AttributeInfo type=boolean)
2019-05-11 11:06:14.296 DEBUG 8956 --- [kground-preinit] o.apache.tomcat.util.digester.Digester   :   Fire begin() for SetNextRule[methodName=addAttribute, paramType=org.apache.tomcat.util.modeler.AttributeInfo]
2019-05-11 11:06:14.296 DEBUG 8956 --- [kground-preinit] o.a.tomcat.util.digester.Digester.sax    : endElement(,,attribute)
2019-05-11 11:06:14.296 DEBUG 8956 --- [kground-preinit] o.apache.tomcat.util.digester.Digester   :   match='mbeans-descriptors/mbean/attribute'
2019-05-11 11:06:14.296 DEBUG 8956 --- [kground-preinit] o.apache.tomcat.util.digester.Digester   :   bodyText=''
2019-05-11 11:06:14.296 DEBUG 8956 --- [kground-preinit] o.apache.tomcat.util.digester.Digester   :   Fire body() for ObjectCreateRule[className=org.apache.tomcat.util.modeler.AttributeInfo, attributeName=null]
2019-05-11 11:06:14.297 DEBUG 8956 --- [kground-preinit] o.apache.tomcat.util.digester.Digester   :   Fire body() for SetPropertiesRule[]
2019-05-11 11:06:14.297 DEBUG 8956 --- [kground-preinit] o.apache.tomcat.util.digester.Digester   :   Fire body() for SetNextRule[methodName=addAttribute, paramType=org.apache.tomcat.util.modeler.AttributeInfo]
2019-05-11 11:06:14.297 DEBUG 8956 --- [kground-preinit] o.apache.tomcat.util.digester.Digester   :   Fire end() for SetNextRule[methodName=addAttribute, paramType=org.apache.tomcat.util.modeler.AttributeInfo]
2019-05-11 11:06:14.297 DEBUG 8956 --- [           main] o.s.b.f.s.DefaultListableBeanFactory     : Returning cached instance of singleton bean 'autoConfigurationReport'
2019-05-11 11:06:14.297 DEBUG 8956 --- [kground-preinit] o.apache.tomcat.util.digester.Digester   : [SetNextRule]{mbeans-descriptors/mbean/attribute} Call org.apache.tomcat.util.modeler.ManagedBean.addAttribute(org.apache.tomcat.util.modeler.AttributeInfo@59869539)
2019-05-11 11:06:14.297 DEBUG 8956 --- [kground-preinit] o.apache.tomcat.util.IntrospectionUtils  : IntrospectionUtils: callMethod1 org.apache.tomcat.util.modeler.ManagedBean org.apache.tomcat.util.modeler.AttributeInfo org.apache.tomcat.util.modeler.AttributeInfo
2019-05-11 11:06:14.297 DEBUG 8956 --- [kground-preinit] o.apache.tomcat.util.digester.Digester   :   Fire end() for SetPropertiesRule[]
2019-05-11 11:06:14.298 DEBUG 8956 --- [kground-preinit] o.apache.tomcat.util.digester.Digester   :   Fire end() for ObjectCreateRule[className=org.apache.tomcat.util.modeler.AttributeInfo, attributeName=null]
2019-05-11 11:06:14.298 DEBUG 8956 --- [kground-preinit] o.apache.tomcat.util.digester.Digester   : [ObjectCreateRule]{mbeans-descriptors/mbean/attribute} Pop org.apache.tomcat.util.modeler.AttributeInfo
2019-05-11 11:06:14.298 DEBUG 8956 --- [kground-preinit] o.a.tomcat.util.digester.Digester.sax    : characters(

    )
2019-05-11 11:06:14.298 DEBUG 8956 --- [kground-preinit] o.a.tomcat.util.digester.Digester.sax    : startElement(,,attribute)
2019-05-11 11:06:14.298 DEBUG 8956 --- [kground-preinit] o.apache.tomcat.util.digester.Digester   :   New match='mbeans-descriptors/mbean/attribute'
2019-05-11 11:06:14.298 DEBUG 8956 --- [kground-preinit] o.apache.tomcat.util.digester.Digester   :   Fire begin() for ObjectCreateRule[className=org.apache.tomcat.util.modeler.AttributeInfo, attributeName=null]
2019-05-11 11:06:14.298 DEBUG 8956 --- [kground-preinit] o.apache.tomcat.util.digester.Digester   : [ObjectCreateRule]{mbeans-descriptors/mbean/attribute}New org.apache.tomcat.util.modeler.AttributeInfo
2019-05-11 11:06:14.299 DEBUG 8956 --- [kground-preinit] o.apache.tomcat.util.digester.Digester   :   Fire begin() for SetPropertiesRule[]
2019-05-11 11:06:14.299 DEBUG 8956 --- [kground-preinit] o.apache.tomcat.util.digester.Digester   : [SetPropertiesRule]{mbeans-descriptors/mbean/attribute} Set org.apache.tomcat.util.modeler.AttributeInfo properties
2019-05-11 11:06:14.299 DEBUG 8956 --- [kground-preinit] o.apache.tomcat.util.digester.Digester   : [SetPropertiesRule]{mbeans-descriptors/mbean/attribute} Setting property 'name' to 'className'
2019-05-11 11:06:14.299 DEBUG 8956 --- [kground-preinit] o.apache.tomcat.util.IntrospectionUtils  : IntrospectionUtils: setProperty(class org.apache.tomcat.util.modeler.AttributeInfo name=className)
2019-05-11 11:06:14.299 DEBUG 8956 --- [kground-preinit] o.apache.tomcat.util.digester.Digester   : [SetPropertiesRule]{mbeans-descriptors/mbean/attribute} Setting property 'description' to 'Fully qualified class name of the managed object'
2019-05-11 11:06:14.299 DEBUG 8956 --- [kground-preinit] o.apache.tomcat.util.IntrospectionUtils  : IntrospectionUtils: setProperty(class org.apache.tomcat.util.modeler.AttributeInfo description=Fully qualified class name of the managed object)
2019-05-11 11:06:14.299 DEBUG 8956 --- [kground-preinit] o.apache.tomcat.util.digester.Digester   : [SetPropertiesRule]{mbeans-descriptors/mbean/attribute} Setting property 'type' to 'java.lang.String'
2019-05-11 11:06:14.299 DEBUG 8956 --- [kground-preinit] o.apache.tomcat.util.IntrospectionUtils  : IntrospectionUtils: setProperty(class org.apache.tomcat.util.modeler.AttributeInfo type=java.lang.String)
2019-05-11 11:06:14.300 DEBUG 8956 --- [kground-preinit] o.apache.tomcat.util.digester.Digester   : [SetPropertiesRule]{mbeans-descriptors/mbean/attribute} Setting property 'writeable' to 'false'
2019-05-11 11:06:14.300 DEBUG 8956 --- [kground-preinit] o.apache.tomcat.util.IntrospectionUtils  : IntrospectionUtils: setProperty(class org.apache.tomcat.util.modeler.AttributeInfo writeable=false)
2019-05-11 11:06:14.300 DEBUG 8956 --- [kground-preinit] o.apache.tomcat.util.digester.Digester   :   Fire begin() for SetNextRule[methodName=addAttribute, paramType=org.apache.tomcat.util.modeler.AttributeInfo]
2019-05-11 11:06:14.300 DEBUG 8956 --- [kground-preinit] o.a.tomcat.util.digester.Digester.sax    : endElement(,,attribute)
2019-05-11 11:06:14.300 DEBUG 8956 --- [kground-preinit] o.apache.tomcat.util.digester.Digester   :   match='mbeans-descriptors/mbean/attribute'
2019-05-11 11:06:14.300 DEBUG 8956 --- [kground-preinit] o.apache.tomcat.util.digester.Digester   :   bodyText=''
2019-05-11 11:06:14.300 DEBUG 8956 --- [kground-preinit] o.apache.tomcat.util.digester.Digester   :   Fire body() for ObjectCreateRule[className=org.apache.tomcat.util.modeler.AttributeInfo, attributeName=null]
2019-05-11 11:06:14.300 DEBUG 8956 --- [kground-preinit] o.apache.tomcat.util.digester.Digester   :   Fire body() for SetPropertiesRule[]
2019-05-11 11:06:14.300 DEBUG 8956 --- [kground-preinit] o.apache.tomcat.util.digester.Digester   :   Fire body() for SetNextRule[methodName=addAttribute, paramType=org.apache.tomcat.util.modeler.AttributeInfo]
2019-05-11 11:06:14.300 DEBUG 8956 --- [kground-preinit] o.apache.tomcat.util.digester.Digester   :   Fire end() for SetNextRule[methodName=addAttribute, paramType=org.apache.tomcat.util.modeler.AttributeInfo]
2019-05-11 11:06:14.300 DEBUG 8956 --- [kground-preinit] o.apache.tomcat.util.digester.Digester   : [SetNextRule]{mbeans-descriptors/mbean/attribute} Call org.apache.tomcat.util.modeler.ManagedBean.addAttribute(org.apache.tomcat.util.modeler.AttributeInfo@16e32430)
2019-05-11 11:06:14.300 DEBUG 8956 --- [kground-preinit] o.apache.tomcat.util.IntrospectionUtils  : IntrospectionUtils: callMethod1 org.apache.tomcat.util.modeler.ManagedBean org.apache.tomcat.util.modeler.AttributeInfo org.apache.tomcat.util.modeler.AttributeInfo
2019-05-11 11:06:14.300 DEBUG 8956 --- [kground-preinit] o.apache.tomcat.util.digester.Digester   :   Fire end() for SetPropertiesRule[]
2019-05-11 11:06:14.301 DEBUG 8956 --- [kground-preinit] o.apache.tomcat.util.digester.Digester   :   Fire end() for ObjectCreateRule[className=org.apache.tomcat.util.modeler.AttributeInfo, attributeName=null]
2019-05-11 11:06:14.301 DEBUG 8956 --- [kground-preinit] o.apache.tomcat.util.digester.Digester   : [ObjectCreateRule]{mbeans-descriptors/mbean/attribute} Pop org.apache.tomcat.util.modeler.AttributeInfo
2019-05-11 11:06:14.301 DEBUG 8956 --- [kground-preinit] o.a.tomcat.util.digester.Digester.sax    : characters(

    )
2019-05-11 11:06:14.301 DEBUG 8956 --- [kground-preinit] o.a.tomcat.util.digester.Digester.sax    : startElement(,,attribute)
2019-05-11 11:06:14.301 DEBUG 8956 --- [kground-preinit] o.apache.tomcat.util.digester.Digester   :   New match='mbeans-descriptors/mbean/attribute'
2019-05-11 11:06:14.301 DEBUG 8956 --- [kground-preinit] o.apache.tomcat.util.digester.Digester   :   Fire begin() for ObjectCreateRule[className=org.apache.tomcat.util.modeler.AttributeInfo, attributeName=null]
2019-05-11 11:06:14.301 DEBUG 8956 --- [kground-preinit] o.apache.tomcat.util.digester.Digester   : [ObjectCreateRule]{mbeans-descriptors/mbean/attribute}New org.apache.tomcat.util.modeler.AttributeInfo
2019-05-11 11:06:14.301 DEBUG 8956 --- [kground-preinit] o.apache.tomcat.util.digester.Digester   :   Fire begin() for SetPropertiesRule[]
2019-05-11 11:06:14.301 DEBUG 8956 --- [kground-preinit] o.apache.tomcat.util.digester.Digester   : [SetPropertiesRule]{mbeans-descriptors/mbean/attribute} Set org.apache.tomcat.util.modeler.AttributeInfo properties
2019-05-11 11:06:14.301 DEBUG 8956 --- [kground-preinit] o.apache.tomcat.util.digester.Digester   : [SetPropertiesRule]{mbeans-descriptors/mbean/attribute} Setting property 'name' to 'stateName'
2019-05-11 11:06:14.301 DEBUG 8956 --- [kground-preinit] o.apache.tomcat.util.IntrospectionUtils  : IntrospectionUtils: setProperty(class org.apache.tomcat.util.modeler.AttributeInfo name=stateName)
2019-05-11 11:06:14.301 DEBUG 8956 --- [kground-preinit] o.apache.tomcat.util.digester.Digester   : [SetPropertiesRule]{mbeans-descriptors/mbean/attribute} Setting property 'description' to 'The name of the LifecycleState that this component is currently in'
2019-05-11 11:06:14.302 DEBUG 8956 --- [kground-preinit] o.apache.tomcat.util.IntrospectionUtils  : IntrospectionUtils: setProperty(class org.apache.tomcat.util.modeler.AttributeInfo description=The name of the LifecycleState that this component is currently in)
2019-05-11 11:06:14.302 DEBUG 8956 --- [kground-preinit] o.apache.tomcat.util.digester.Digester   : [SetPropertiesRule]{mbeans-descriptors/mbean/attribute} Setting property 'type' to 'java.lang.String'
2019-05-11 11:06:14.302 DEBUG 8956 --- [kground-preinit] o.apache.tomcat.util.IntrospectionUtils  : IntrospectionUtils: setProperty(class org.apache.tomcat.util.modeler.AttributeInfo type=java.lang.String)
2019-05-11 11:06:14.302 DEBUG 8956 --- [kground-preinit] o.apache.tomcat.util.digester.Digester   : [SetPropertiesRule]{mbeans-descriptors/mbean/attribute} Setting property 'writeable' to 'false'
2019-05-11 11:06:14.302 DEBUG 8956 --- [kground-preinit] o.apache.tomcat.util.IntrospectionUtils  : IntrospectionUtils: setProperty(class org.apache.tomcat.util.modeler.AttributeInfo writeable=false)
2019-05-11 11:06:14.302 DEBUG 8956 --- [kground-preinit] o.apache.tomcat.util.digester.Digester   :   Fire begin() for SetNextRule[methodName=addAttribute, paramType=org.apache.tomcat.util.modeler.AttributeInfo]
2019-05-11 11:06:14.302 DEBUG 8956 --- [kground-preinit] o.a.tomcat.util.digester.Digester.sax    : endElement(,,attribute)
2019-05-11 11:06:14.302 DEBUG 8956 --- [kground-preinit] o.apache.tomcat.util.digester.Digester   :   match='mbeans-descriptors/mbean/attribute'
2019-05-11 11:06:14.302 DEBUG 8956 --- [kground-preinit] o.apache.tomcat.util.digester.Digester   :   bodyText=''
2019-05-11 11:06:14.302 DEBUG 8956 --- [kground-preinit] o.apache.tomcat.util.digester.Digester   :   Fire body() for ObjectCreateRule[className=org.apache.tomcat.util.modeler.AttributeInfo, attributeName=null]
2019-05-11 11:06:14.302 DEBUG 8956 --- [kground-preinit] o.apache.tomcat.util.digester.Digester   :   Fire body() for SetPropertiesRule[]
2019-05-11 11:06:14.302 DEBUG 8956 --- [kground-preinit] o.apache.tomcat.util.digester.Digester   :   Fire body() for SetNextRule[methodName=addAttribute, paramType=org.apache.tomcat.util.modeler.AttributeInfo]
2019-05-11 11:06:14.302 DEBUG 8956 --- [kground-preinit] o.apache.tomcat.util.digester.Digester   :   Fire end() for SetNextRule[methodName=addAttribute, paramType=org.apache.tomcat.util.modeler.AttributeInfo]
2019-05-11 11:06:14.302 DEBUG 8956 --- [kground-preinit] o.apache.tomcat.util.digester.Digester   : [SetNextRule]{mbeans-descriptors/mbean/attribute} Call org.apache.tomcat.util.modeler.ManagedBean.addAttribute(org.apache.tomcat.util.modeler.AttributeInfo@2f366ef2)
2019-05-11 11:06:14.302 DEBUG 8956 --- [kground-preinit] o.apache.tomcat.util.IntrospectionUtils  : IntrospectionUtils: callMethod1 org.apache.tomcat.util.modeler.ManagedBean org.apache.tomcat.util.modeler.AttributeInfo org.apache.tomcat.util.modeler.AttributeInfo
2019-05-11 11:06:14.303 DEBUG 8956 --- [kground-preinit] o.apache.tomcat.util.digester.Digester   :   Fire end() for SetPropertiesRule[]
2019-05-11 11:06:14.303 DEBUG 8956 --- [kground-preinit] o.apache.tomcat.util.digester.Digester   :   Fire end() for ObjectCreateRule[className=org.apache.tomcat.util.modeler.AttributeInfo, attributeName=null]
2019-05-11 11:06:14.303 DEBUG 8956 --- [kground-preinit] o.apache.tomcat.util.digester.Digester   : [ObjectCreateRule]{mbeans-descriptors/mbean/attribute} Pop org.apache.tomcat.util.modeler.AttributeInfo
2019-05-11 11:06:14.303 DEBUG 8956 --- [kground-preinit] o.a.tomcat.util.digester.Digester.sax    : characters(
  )
2019-05-11 11:06:14.303 DEBUG 8956 --- [kground-preinit] o.a.tomcat.util.digester.Digester.sax    : endElement(,,mbean)
2019-05-11 11:06:14.303 DEBUG 8956 --- [kground-preinit] o.apache.tomcat.util.digester.Digester   :   match='mbeans-descriptors/mbean'
2019-05-11 11:06:14.303 DEBUG 8956 --- [kground-preinit] o.apache.tomcat.util.digester.Digester   :   bodyText='

    

    

    
  '
2019-05-11 11:06:14.303 DEBUG 8956 --- [kground-preinit] o.apache.tomcat.util.digester.Digester   :   Fire body() for ObjectCreateRule[className=org.apache.tomcat.util.modeler.ManagedBean, attributeName=null]
2019-05-11 11:06:14.303 DEBUG 8956 --- [kground-preinit] o.apache.tomcat.util.digester.Digester   :   Fire body() for SetPropertiesRule[]
2019-05-11 11:06:14.303 DEBUG 8956 --- [kground-preinit] o.apache.tomcat.util.digester.Digester   :   Fire body() for SetNextRule[methodName=add, paramType=java.lang.Object]
2019-05-11 11:06:14.303 DEBUG 8956 --- [kground-preinit] o.apache.tomcat.util.digester.Digester   :   Fire end() for SetNextRule[methodName=add, paramType=java.lang.Object]
2019-05-11 11:06:14.303 DEBUG 8956 --- [kground-preinit] o.apache.tomcat.util.digester.Digester   : [SetNextRule]{mbeans-descriptors/mbean} Call java.util.ArrayList.add(ManagedBean[name=StandardContextValve, className=org.apache.tomcat.util.modeler.BaseModelMBean, description=Valve that implements the default basic behavior for the          StandardContext container implementation, group=Valve, type=org.apache.catalina.core.StandardContextValve])
2019-05-11 11:06:14.303 DEBUG 8956 --- [kground-preinit] o.apache.tomcat.util.IntrospectionUtils  : IntrospectionUtils: callMethod1 java.util.ArrayList org.apache.tomcat.util.modeler.ManagedBean java.lang.Object
2019-05-11 11:06:14.303 DEBUG 8956 --- [kground-preinit] o.apache.tomcat.util.digester.Digester   :   Fire end() for SetPropertiesRule[]
2019-05-11 11:06:14.303 DEBUG 8956 --- [kground-preinit] o.apache.tomcat.util.digester.Digester   :   Fire end() for ObjectCreateRule[className=org.apache.tomcat.util.modeler.ManagedBean, attributeName=null]
2019-05-11 11:06:14.303 DEBUG 8956 --- [kground-preinit] o.apache.tomcat.util.digester.Digester   : [ObjectCreateRule]{mbeans-descriptors/mbean} Pop org.apache.tomcat.util.modeler.ManagedBean
2019-05-11 11:06:14.303 DEBUG 8956 --- [kground-preinit] o.a.tomcat.util.digester.Digester.sax    : characters(

  )
2019-05-11 11:06:14.304 DEBUG 8956 --- [kground-preinit] o.a.tomcat.util.digester.Digester.sax    : startElement(,,mbean)
2019-05-11 11:06:14.304 DEBUG 8956 --- [kground-preinit] o.apache.tomcat.util.digester.Digester   :   New match='mbeans-descriptors/mbean'
2019-05-11 11:06:14.304 DEBUG 8956 --- [kground-preinit] o.apache.tomcat.util.digester.Digester   :   Fire begin() for ObjectCreateRule[className=org.apache.tomcat.util.modeler.ManagedBean, attributeName=null]
2019-05-11 11:06:14.304 DEBUG 8956 --- [kground-preinit] o.apache.tomcat.util.digester.Digester   : [ObjectCreateRule]{mbeans-descriptors/mbean}New org.apache.tomcat.util.modeler.ManagedBean
2019-05-11 11:06:14.304 DEBUG 8956 --- [kground-preinit] o.apache.tomcat.util.digester.Digester   :   Fire begin() for SetPropertiesRule[]
2019-05-11 11:06:14.304 DEBUG 8956 --- [kground-preinit] o.apache.tomcat.util.digester.Digester   : [SetPropertiesRule]{mbeans-descriptors/mbean} Set org.apache.tomcat.util.modeler.ManagedBean properties
2019-05-11 11:06:14.304 DEBUG 8956 --- [kground-preinit] o.apache.tomcat.util.digester.Digester   : [SetPropertiesRule]{mbeans-descriptors/mbean} Setting property 'name' to 'StandardEngine'
2019-05-11 11:06:14.304 DEBUG 8956 --- [kground-preinit] o.apache.tomcat.util.IntrospectionUtils  : IntrospectionUtils: setProperty(class org.apache.tomcat.util.modeler.ManagedBean name=StandardEngine)
2019-05-11 11:06:14.304 DEBUG 8956 --- [kground-preinit] o.apache.tomcat.util.digester.Digester   : [SetPropertiesRule]{mbeans-descriptors/mbean} Setting property 'type' to 'org.apache.catalina.core.StandardEngine'
2019-05-11 11:06:14.304 DEBUG 8956 --- [kground-preinit] o.apache.tomcat.util.IntrospectionUtils  : IntrospectionUtils: setProperty(class org.apache.tomcat.util.modeler.ManagedBean type=org.apache.catalina.core.StandardEngine)
2019-05-11 11:06:14.304 DEBUG 8956 --- [kground-preinit] o.apache.tomcat.util.digester.Digester   : [SetPropertiesRule]{mbeans-descriptors/mbean} Setting property 'description' to 'Standard Engine Component'
2019-05-11 11:06:14.304 DEBUG 8956 --- [kground-preinit] o.apache.tomcat.util.IntrospectionUtils  : IntrospectionUtils: setProperty(class org.apache.tomcat.util.modeler.ManagedBean description=Standard Engine Component)
2019-05-11 11:06:14.304 DEBUG 8956 --- [kground-preinit] o.apache.tomcat.util.digester.Digester   : [SetPropertiesRule]{mbeans-descriptors/mbean} Setting property 'domain' to 'Catalina'
2019-05-11 11:06:14.304 DEBUG 8956 --- [kground-preinit] o.apache.tomcat.util.IntrospectionUtils  : IntrospectionUtils: setProperty(class org.apache.tomcat.util.modeler.ManagedBean domain=Catalina)
2019-05-11 11:06:14.305 DEBUG 8956 --- [kground-preinit] o.apache.tomcat.util.digester.Digester   : [SetPropertiesRule]{mbeans-descriptors/mbean} Setting property 'group' to 'Engine'
2019-05-11 11:06:14.305 DEBUG 8956 --- [kground-preinit] o.apache.tomcat.util.IntrospectionUtils  : IntrospectionUtils: setProperty(class org.apache.tomcat.util.modeler.ManagedBean group=Engine)
2019-05-11 11:06:14.305 DEBUG 8956 --- [kground-preinit] o.apache.tomcat.util.digester.Digester   : [SetPropertiesRule]{mbeans-descriptors/mbean} Setting property 'className' to 'org.apache.catalina.mbeans.ContainerMBean'
2019-05-11 11:06:14.305 DEBUG 8956 --- [kground-preinit] o.apache.tomcat.util.IntrospectionUtils  : IntrospectionUtils: setProperty(class org.apache.tomcat.util.modeler.ManagedBean className=org.apache.catalina.mbeans.ContainerMBean)
2019-05-11 11:06:14.305 DEBUG 8956 --- [kground-preinit] o.apache.tomcat.util.digester.Digester   :   Fire begin() for SetNextRule[methodName=add, paramType=java.lang.Object]
2019-05-11 11:06:14.305 DEBUG 8956 --- [kground-preinit] o.a.tomcat.util.digester.Digester.sax    : characters(

    )
2019-05-11 11:06:14.305 DEBUG 8956 --- [kground-preinit] o.a.tomcat.util.digester.Digester.sax    : startElement(,,attribute)
2019-05-11 11:06:14.305 DEBUG 8956 --- [kground-preinit] o.apache.tomcat.util.digester.Digester   :   New match='mbeans-descriptors/mbean/attribute'
2019-05-11 11:06:14.305 DEBUG 8956 --- [kground-preinit] o.apache.tomcat.util.digester.Digester   :   Fire begin() for ObjectCreateRule[className=org.apache.tomcat.util.modeler.AttributeInfo, attributeName=null]
2019-05-11 11:06:14.305 DEBUG 8956 --- [kground-preinit] o.apache.tomcat.util.digester.Digester   : [ObjectCreateRule]{mbeans-descriptors/mbean/attribute}New org.apache.tomcat.util.modeler.AttributeInfo
2019-05-11 11:06:14.305 DEBUG 8956 --- [kground-preinit] o.apache.tomcat.util.digester.Digester   :   Fire begin() for SetPropertiesRule[]
2019-05-11 11:06:14.305 DEBUG 8956 --- [kground-preinit] o.apache.tomcat.util.digester.Digester   : [SetPropertiesRule]{mbeans-descriptors/mbean/attribute} Set org.apache.tomcat.util.modeler.AttributeInfo properties
2019-05-11 11:06:14.305 DEBUG 8956 --- [kground-preinit] o.apache.tomcat.util.digester.Digester   : [SetPropertiesRule]{mbeans-descriptors/mbean/attribute} Setting property 'name' to 'backgroundProcessorDelay'
2019-05-11 11:06:14.305 DEBUG 8956 --- [kground-preinit] o.apache.tomcat.util.IntrospectionUtils  : IntrospectionUtils: setProperty(class org.apache.tomcat.util.modeler.AttributeInfo name=backgroundProcessorDelay)
2019-05-11 11:06:14.306 DEBUG 8956 --- [kground-preinit] o.apache.tomcat.util.digester.Digester   : [SetPropertiesRule]{mbeans-descriptors/mbean/attribute} Setting property 'description' to 'The processor delay for this component.'
2019-05-11 11:06:14.306 DEBUG 8956 --- [kground-preinit] o.apache.tomcat.util.IntrospectionUtils  : IntrospectionUtils: setProperty(class org.apache.tomcat.util.modeler.AttributeInfo description=The processor delay for this component.)
2019-05-11 11:06:14.306 DEBUG 8956 --- [kground-preinit] o.apache.tomcat.util.digester.Digester   : [SetPropertiesRule]{mbeans-descriptors/mbean/attribute} Setting property 'type' to 'int'
2019-05-11 11:06:14.306 DEBUG 8956 --- [kground-preinit] o.apache.tomcat.util.IntrospectionUtils  : IntrospectionUtils: setProperty(class org.apache.tomcat.util.modeler.AttributeInfo type=int)
2019-05-11 11:06:14.306 DEBUG 8956 --- [kground-preinit] o.apache.tomcat.util.digester.Digester   :   Fire begin() for SetNextRule[methodName=addAttribute, paramType=org.apache.tomcat.util.modeler.AttributeInfo]
2019-05-11 11:06:14.306 DEBUG 8956 --- [kground-preinit] o.a.tomcat.util.digester.Digester.sax    : endElement(,,attribute)
2019-05-11 11:06:14.306 DEBUG 8956 --- [kground-preinit] o.apache.tomcat.util.digester.Digester   :   match='mbeans-descriptors/mbean/attribute'
2019-05-11 11:06:14.306 DEBUG 8956 --- [kground-preinit] o.apache.tomcat.util.digester.Digester   :   bodyText=''
2019-05-11 11:06:14.306 DEBUG 8956 --- [kground-preinit] o.apache.tomcat.util.digester.Digester   :   Fire body() for ObjectCreateRule[className=org.apache.tomcat.util.modeler.AttributeInfo, attributeName=null]
2019-05-11 11:06:14.306 DEBUG 8956 --- [kground-preinit] o.apache.tomcat.util.digester.Digester   :   Fire body() for SetPropertiesRule[]
2019-05-11 11:06:14.306 DEBUG 8956 --- [kground-preinit] o.apache.tomcat.util.digester.Digester   :   Fire body() for SetNextRule[methodName=addAttribute, paramType=org.apache.tomcat.util.modeler.AttributeInfo]
2019-05-11 11:06:14.306 DEBUG 8956 --- [kground-preinit] o.apache.tomcat.util.digester.Digester   :   Fire end() for SetNextRule[methodName=addAttribute, paramType=org.apache.tomcat.util.modeler.AttributeInfo]
2019-05-11 11:06:14.306 DEBUG 8956 --- [kground-preinit] o.apache.tomcat.util.digester.Digester   : [SetNextRule]{mbeans-descriptors/mbean/attribute} Call org.apache.tomcat.util.modeler.ManagedBean.addAttribute(org.apache.tomcat.util.modeler.AttributeInfo@b7d39dc)
2019-05-11 11:06:14.306 DEBUG 8956 --- [kground-preinit] o.apache.tomcat.util.IntrospectionUtils  : IntrospectionUtils: callMethod1 org.apache.tomcat.util.modeler.ManagedBean org.apache.tomcat.util.modeler.AttributeInfo org.apache.tomcat.util.modeler.AttributeInfo
2019-05-11 11:06:14.306 DEBUG 8956 --- [kground-preinit] o.apache.tomcat.util.digester.Digester   :   Fire end() for SetPropertiesRule[]
2019-05-11 11:06:14.306 DEBUG 8956 --- [kground-preinit] o.apache.tomcat.util.digester.Digester   :   Fire end() for ObjectCreateRule[className=org.apache.tomcat.util.modeler.AttributeInfo, attributeName=null]
2019-05-11 11:06:14.306 DEBUG 8956 --- [kground-preinit] o.apache.tomcat.util.digester.Digester   : [ObjectCreateRule]{mbeans-descriptors/mbean/attribute} Pop org.apache.tomcat.util.modeler.AttributeInfo
2019-05-11 11:06:14.307 DEBUG 8956 --- [kground-preinit] o.a.tomcat.util.digester.Digester.sax    : characters(

    )
2019-05-11 11:06:14.307 DEBUG 8956 --- [kground-preinit] o.a.tomcat.util.digester.Digester.sax    : startElement(,,attribute)
2019-05-11 11:06:14.307 DEBUG 8956 --- [kground-preinit] o.apache.tomcat.util.digester.Digester   :   New match='mbeans-descriptors/mbean/attribute'
2019-05-11 11:06:14.307 DEBUG 8956 --- [kground-preinit] o.apache.tomcat.util.digester.Digester   :   Fire begin() for ObjectCreateRule[className=org.apache.tomcat.util.modeler.AttributeInfo, attributeName=null]
2019-05-11 11:06:14.307 DEBUG 8956 --- [kground-preinit] o.apache.tomcat.util.digester.Digester   : [ObjectCreateRule]{mbeans-descriptors/mbean/attribute}New org.apache.tomcat.util.modeler.AttributeInfo
2019-05-11 11:06:14.307 DEBUG 8956 --- [kground-preinit] o.apache.tomcat.util.digester.Digester   :   Fire begin() for SetPropertiesRule[]
2019-05-11 11:06:14.307 DEBUG 8956 --- [kground-preinit] o.apache.tomcat.util.digester.Digester   : [SetPropertiesRule]{mbeans-descriptors/mbean/attribute} Set org.apache.tomcat.util.modeler.AttributeInfo properties
2019-05-11 11:06:14.307 DEBUG 8956 --- [kground-preinit] o.apache.tomcat.util.digester.Digester   : [SetPropertiesRule]{mbeans-descriptors/mbean/attribute} Setting property 'name' to 'catalinaBase'
2019-05-11 11:06:14.307 DEBUG 8956 --- [kground-preinit] o.apache.tomcat.util.IntrospectionUtils  : IntrospectionUtils: setProperty(class org.apache.tomcat.util.modeler.AttributeInfo name=catalinaBase)
2019-05-11 11:06:14.307 DEBUG 8956 --- [kground-preinit] o.apache.tomcat.util.digester.Digester   : [SetPropertiesRule]{mbeans-descriptors/mbean/attribute} Setting property 'description' to 'Base (instance) directory for this Engine, typically same as catalina.base system property'
2019-05-11 11:06:14.307 DEBUG 8956 --- [kground-preinit] o.apache.tomcat.util.IntrospectionUtils  : IntrospectionUtils: setProperty(class org.apache.tomcat.util.modeler.AttributeInfo description=Base (instance) directory for this Engine, typically same as catalina.base system property)
2019-05-11 11:06:14.307 DEBUG 8956 --- [kground-preinit] o.apache.tomcat.util.digester.Digester   : [SetPropertiesRule]{mbeans-descriptors/mbean/attribute} Setting property 'type' to 'java.lang.String'
2019-05-11 11:06:14.307 DEBUG 8956 --- [kground-preinit] o.apache.tomcat.util.IntrospectionUtils  : IntrospectionUtils: setProperty(class org.apache.tomcat.util.modeler.AttributeInfo type=java.lang.String)
2019-05-11 11:06:14.307 DEBUG 8956 --- [kground-preinit] o.apache.tomcat.util.digester.Digester   :   Fire begin() for SetNextRule[methodName=addAttribute, paramType=org.apache.tomcat.util.modeler.AttributeInfo]
2019-05-11 11:06:14.307 DEBUG 8956 --- [kground-preinit] o.a.tomcat.util.digester.Digester.sax    : endElement(,,attribute)
2019-05-11 11:06:14.308 DEBUG 8956 --- [kground-preinit] o.apache.tomcat.util.digester.Digester   :   match='mbeans-descriptors/mbean/attribute'
2019-05-11 11:06:14.308 DEBUG 8956 --- [kground-preinit] o.apache.tomcat.util.digester.Digester   :   bodyText=''
2019-05-11 11:06:14.308 DEBUG 8956 --- [kground-preinit] o.apache.tomcat.util.digester.Digester   :   Fire body() for ObjectCreateRule[className=org.apache.tomcat.util.modeler.AttributeInfo, attributeName=null]
2019-05-11 11:06:14.308 DEBUG 8956 --- [kground-preinit] o.apache.tomcat.util.digester.Digester   :   Fire body() for SetPropertiesRule[]
2019-05-11 11:06:14.308 DEBUG 8956 --- [kground-preinit] o.apache.tomcat.util.digester.Digester   :   Fire body() for SetNextRule[methodName=addAttribute, paramType=org.apache.tomcat.util.modeler.AttributeInfo]
2019-05-11 11:06:14.308 DEBUG 8956 --- [kground-preinit] o.apache.tomcat.util.digester.Digester   :   Fire end() for SetNextRule[methodName=addAttribute, paramType=org.apache.tomcat.util.modeler.AttributeInfo]
2019-05-11 11:06:14.308 DEBUG 8956 --- [kground-preinit] o.apache.tomcat.util.digester.Digester   : [SetNextRule]{mbeans-descriptors/mbean/attribute} Call org.apache.tomcat.util.modeler.ManagedBean.addAttribute(org.apache.tomcat.util.modeler.AttributeInfo@66bf5ad7)
2019-05-11 11:06:14.308 DEBUG 8956 --- [kground-preinit] o.apache.tomcat.util.IntrospectionUtils  : IntrospectionUtils: callMethod1 org.apache.tomcat.util.modeler.ManagedBean org.apache.tomcat.util.modeler.AttributeInfo org.apache.tomcat.util.modeler.AttributeInfo
2019-05-11 11:06:14.309 DEBUG 8956 --- [kground-preinit] o.apache.tomcat.util.digester.Digester   :   Fire end() for SetPropertiesRule[]
2019-05-11 11:06:14.309 DEBUG 8956 --- [kground-preinit] o.apache.tomcat.util.digester.Digester   :   Fire end() for ObjectCreateRule[className=org.apache.tomcat.util.modeler.AttributeInfo, attributeName=null]
2019-05-11 11:06:14.309 DEBUG 8956 --- [kground-preinit] o.apache.tomcat.util.digester.Digester   : [ObjectCreateRule]{mbeans-descriptors/mbean/attribute} Pop org.apache.tomcat.util.modeler.AttributeInfo
2019-05-11 11:06:14.309 DEBUG 8956 --- [kground-preinit] o.a.tomcat.util.digester.Digester.sax    : characters(

    )
2019-05-11 11:06:14.309 DEBUG 8956 --- [kground-preinit] o.a.tomcat.util.digester.Digester.sax    : startElement(,,attribute)
2019-05-11 11:06:14.309 DEBUG 8956 --- [kground-preinit] o.apache.tomcat.util.digester.Digester   :   New match='mbeans-descriptors/mbean/attribute'
2019-05-11 11:06:14.309 DEBUG 8956 --- [kground-preinit] o.apache.tomcat.util.digester.Digester   :   Fire begin() for ObjectCreateRule[className=org.apache.tomcat.util.modeler.AttributeInfo, attributeName=null]
2019-05-11 11:06:14.309 DEBUG 8956 --- [kground-preinit] o.apache.tomcat.util.digester.Digester   : [ObjectCreateRule]{mbeans-descriptors/mbean/attribute}New org.apache.tomcat.util.modeler.AttributeInfo
2019-05-11 11:06:14.309 DEBUG 8956 --- [kground-preinit] o.apache.tomcat.util.digester.Digester   :   Fire begin() for SetPropertiesRule[]
2019-05-11 11:06:14.309 DEBUG 8956 --- [kground-preinit] o.apache.tomcat.util.digester.Digester   : [SetPropertiesRule]{mbeans-descriptors/mbean/attribute} Set org.apache.tomcat.util.modeler.AttributeInfo properties
2019-05-11 11:06:14.309 DEBUG 8956 --- [kground-preinit] o.apache.tomcat.util.digester.Digester   : [SetPropertiesRule]{mbeans-descriptors/mbean/attribute} Setting property 'name' to 'defaultHost'
2019-05-11 11:06:14.309 DEBUG 8956 --- [kground-preinit] o.apache.tomcat.util.IntrospectionUtils  : IntrospectionUtils: setProperty(class org.apache.tomcat.util.modeler.AttributeInfo name=defaultHost)
2019-05-11 11:06:14.310 DEBUG 8956 --- [kground-preinit] o.apache.tomcat.util.digester.Digester   : [SetPropertiesRule]{mbeans-descriptors/mbean/attribute} Setting property 'description' to 'Name of the default Host for this Engine'
2019-05-11 11:06:14.310 DEBUG 8956 --- [kground-preinit] o.apache.tomcat.util.IntrospectionUtils  : IntrospectionUtils: setProperty(class org.apache.tomcat.util.modeler.AttributeInfo description=Name of the default Host for this Engine)
2019-05-11 11:06:14.311 DEBUG 8956 --- [kground-preinit] o.apache.tomcat.util.digester.Digester   : [SetPropertiesRule]{mbeans-descriptors/mbean/attribute} Setting property 'type' to 'java.lang.String'
2019-05-11 11:06:14.311 DEBUG 8956 --- [kground-preinit] o.apache.tomcat.util.IntrospectionUtils  : IntrospectionUtils: setProperty(class org.apache.tomcat.util.modeler.AttributeInfo type=java.lang.String)
2019-05-11 11:06:14.311 DEBUG 8956 --- [kground-preinit] o.apache.tomcat.util.digester.Digester   :   Fire begin() for SetNextRule[methodName=addAttribute, paramType=org.apache.tomcat.util.modeler.AttributeInfo]
2019-05-11 11:06:14.311 DEBUG 8956 --- [kground-preinit] o.a.tomcat.util.digester.Digester.sax    : endElement(,,attribute)
2019-05-11 11:06:14.311 DEBUG 8956 --- [kground-preinit] o.apache.tomcat.util.digester.Digester   :   match='mbeans-descriptors/mbean/attribute'
2019-05-11 11:06:14.313 DEBUG 8956 --- [kground-preinit] o.apache.tomcat.util.digester.Digester   :   bodyText=''
2019-05-11 11:06:14.313 DEBUG 8956 --- [kground-preinit] o.apache.tomcat.util.digester.Digester   :   Fire body() for ObjectCreateRule[className=org.apache.tomcat.util.modeler.AttributeInfo, attributeName=null]
2019-05-11 11:06:14.313 DEBUG 8956 --- [kground-preinit] o.apache.tomcat.util.digester.Digester   :   Fire body() for SetPropertiesRule[]
2019-05-11 11:06:14.313 DEBUG 8956 --- [kground-preinit] o.apache.tomcat.util.digester.Digester   :   Fire body() for SetNextRule[methodName=addAttribute, paramType=org.apache.tomcat.util.modeler.AttributeInfo]
2019-05-11 11:06:14.314 DEBUG 8956 --- [kground-preinit] o.apache.tomcat.util.digester.Digester   :   Fire end() for SetNextRule[methodName=addAttribute, paramType=org.apache.tomcat.util.modeler.AttributeInfo]
2019-05-11 11:06:14.314 DEBUG 8956 --- [kground-preinit] o.apache.tomcat.util.digester.Digester   : [SetNextRule]{mbeans-descriptors/mbean/attribute} Call org.apache.tomcat.util.modeler.ManagedBean.addAttribute(org.apache.tomcat.util.modeler.AttributeInfo@69723094)
2019-05-11 11:06:14.314 DEBUG 8956 --- [kground-preinit] o.apache.tomcat.util.IntrospectionUtils  : IntrospectionUtils: callMethod1 org.apache.tomcat.util.modeler.ManagedBean org.apache.tomcat.util.modeler.AttributeInfo org.apache.tomcat.util.modeler.AttributeInfo
2019-05-11 11:06:14.314 DEBUG 8956 --- [kground-preinit] o.apache.tomcat.util.digester.Digester   :   Fire end() for SetPropertiesRule[]
2019-05-11 11:06:14.314 DEBUG 8956 --- [kground-preinit] o.apache.tomcat.util.digester.Digester   :   Fire end() for ObjectCreateRule[className=org.apache.tomcat.util.modeler.AttributeInfo, attributeName=null]
2019-05-11 11:06:14.314 DEBUG 8956 --- [kground-preinit] o.apache.tomcat.util.digester.Digester   : [ObjectCreateRule]{mbeans-descriptors/mbean/attribute} Pop org.apache.tomcat.util.modeler.AttributeInfo
2019-05-11 11:06:14.314 DEBUG 8956 --- [kground-preinit] o.a.tomcat.util.digester.Digester.sax    : characters(

    )
2019-05-11 11:06:14.314 DEBUG 8956 --- [kground-preinit] o.a.tomcat.util.digester.Digester.sax    : startElement(,,attribute)
2019-05-11 11:06:14.315 DEBUG 8956 --- [kground-preinit] o.apache.tomcat.util.digester.Digester   :   New match='mbeans-descriptors/mbean/attribute'
2019-05-11 11:06:14.315 DEBUG 8956 --- [kground-preinit] o.apache.tomcat.util.digester.Digester   :   Fire begin() for ObjectCreateRule[className=org.apache.tomcat.util.modeler.AttributeInfo, attributeName=null]
2019-05-11 11:06:14.315 DEBUG 8956 --- [kground-preinit] o.apache.tomcat.util.digester.Digester   : [ObjectCreateRule]{mbeans-descriptors/mbean/attribute}New org.apache.tomcat.util.modeler.AttributeInfo
2019-05-11 11:06:14.315 DEBUG 8956 --- [kground-preinit] o.apache.tomcat.util.digester.Digester   :   Fire begin() for SetPropertiesRule[]
2019-05-11 11:06:14.315 DEBUG 8956 --- [kground-preinit] o.apache.tomcat.util.digester.Digester   : [SetPropertiesRule]{mbeans-descriptors/mbean/attribute} Set org.apache.tomcat.util.modeler.AttributeInfo properties
2019-05-11 11:06:14.315 DEBUG 8956 --- [kground-preinit] o.apache.tomcat.util.digester.Digester   : [SetPropertiesRule]{mbeans-descriptors/mbean/attribute} Setting property 'name' to 'jvmRoute'
2019-05-11 11:06:14.315 DEBUG 8956 --- [kground-preinit] o.apache.tomcat.util.IntrospectionUtils  : IntrospectionUtils: setProperty(class org.apache.tomcat.util.modeler.AttributeInfo name=jvmRoute)
2019-05-11 11:06:14.316 DEBUG 8956 --- [kground-preinit] o.apache.tomcat.util.digester.Digester   : [SetPropertiesRule]{mbeans-descriptors/mbean/attribute} Setting property 'description' to 'Route used for load balancing'
2019-05-11 11:06:14.316 DEBUG 8956 --- [kground-preinit] o.apache.tomcat.util.IntrospectionUtils  : IntrospectionUtils: setProperty(class org.apache.tomcat.util.modeler.AttributeInfo description=Route used for load balancing)
2019-05-11 11:06:14.316 DEBUG 8956 --- [kground-preinit] o.apache.tomcat.util.digester.Digester   : [SetPropertiesRule]{mbeans-descriptors/mbean/attribute} Setting property 'type' to 'java.lang.String'
2019-05-11 11:06:14.316 DEBUG 8956 --- [kground-preinit] o.apache.tomcat.util.IntrospectionUtils  : IntrospectionUtils: setProperty(class org.apache.tomcat.util.modeler.AttributeInfo type=java.lang.String)
2019-05-11 11:06:14.316 DEBUG 8956 --- [kground-preinit] o.apache.tomcat.util.digester.Digester   :   Fire begin() for SetNextRule[methodName=addAttribute, paramType=org.apache.tomcat.util.modeler.AttributeInfo]
2019-05-11 11:06:14.316 DEBUG 8956 --- [kground-preinit] o.a.tomcat.util.digester.Digester.sax    : endElement(,,attribute)
2019-05-11 11:06:14.316 DEBUG 8956 --- [kground-preinit] o.apache.tomcat.util.digester.Digester   :   match='mbeans-descriptors/mbean/attribute'
2019-05-11 11:06:14.316 DEBUG 8956 --- [kground-preinit] o.apache.tomcat.util.digester.Digester   :   bodyText=''
2019-05-11 11:06:14.316 DEBUG 8956 --- [kground-preinit] o.apache.tomcat.util.digester.Digester   :   Fire body() for ObjectCreateRule[className=org.apache.tomcat.util.modeler.AttributeInfo, attributeName=null]
2019-05-11 11:06:14.316 DEBUG 8956 --- [kground-preinit] o.apache.tomcat.util.digester.Digester   :   Fire body() for SetPropertiesRule[]
2019-05-11 11:06:14.316 DEBUG 8956 --- [kground-preinit] o.apache.tomcat.util.digester.Digester   :   Fire body() for SetNextRule[methodName=addAttribute, paramType=org.apache.tomcat.util.modeler.AttributeInfo]
2019-05-11 11:06:14.317 DEBUG 8956 --- [kground-preinit] o.apache.tomcat.util.digester.Digester   :   Fire end() for SetNextRule[methodName=addAttribute, paramType=org.apache.tomcat.util.modeler.AttributeInfo]
2019-05-11 11:06:14.317 DEBUG 8956 --- [kground-preinit] o.apache.tomcat.util.digester.Digester   : [SetNextRule]{mbeans-descriptors/mbean/attribute} Call org.apache.tomcat.util.modeler.ManagedBean.addAttribute(org.apache.tomcat.util.modeler.AttributeInfo@75af82b6)
2019-05-11 11:06:14.317 DEBUG 8956 --- [kground-preinit] o.apache.tomcat.util.IntrospectionUtils  : IntrospectionUtils: callMethod1 org.apache.tomcat.util.modeler.ManagedBean org.apache.tomcat.util.modeler.AttributeInfo org.apache.tomcat.util.modeler.AttributeInfo
2019-05-11 11:06:14.317 DEBUG 8956 --- [kground-preinit] o.apache.tomcat.util.digester.Digester   :   Fire end() for SetPropertiesRule[]
2019-05-11 11:06:14.317 DEBUG 8956 --- [kground-preinit] o.apache.tomcat.util.digester.Digester   :   Fire end() for ObjectCreateRule[className=org.apache.tomcat.util.modeler.AttributeInfo, attributeName=null]
2019-05-11 11:06:14.317 DEBUG 8956 --- [kground-preinit] o.apache.tomcat.util.digester.Digester   : [ObjectCreateRule]{mbeans-descriptors/mbean/attribute} Pop org.apache.tomcat.util.modeler.AttributeInfo
2019-05-11 11:06:14.317 DEBUG 8956 --- [kground-preinit] o.a.tomcat.util.digester.Digester.sax    : characters(

    )
2019-05-11 11:06:14.317 DEBUG 8956 --- [kground-preinit] o.a.tomcat.util.digester.Digester.sax    : startElement(,,attribute)
2019-05-11 11:06:14.317 DEBUG 8956 --- [kground-preinit] o.apache.tomcat.util.digester.Digester   :   New match='mbeans-descriptors/mbean/attribute'
2019-05-11 11:06:14.318 DEBUG 8956 --- [kground-preinit] o.apache.tomcat.util.digester.Digester   :   Fire begin() for ObjectCreateRule[className=org.apache.tomcat.util.modeler.AttributeInfo, attributeName=null]
2019-05-11 11:06:14.318 DEBUG 8956 --- [kground-preinit] o.apache.tomcat.util.digester.Digester   : [ObjectCreateRule]{mbeans-descriptors/mbean/attribute}New org.apache.tomcat.util.modeler.AttributeInfo
2019-05-11 11:06:14.318 DEBUG 8956 --- [kground-preinit] o.apache.tomcat.util.digester.Digester   :   Fire begin() for SetPropertiesRule[]
2019-05-11 11:06:14.318 DEBUG 8956 --- [kground-preinit] o.apache.tomcat.util.digester.Digester   : [SetPropertiesRule]{mbeans-descriptors/mbean/attribute} Set org.apache.tomcat.util.modeler.AttributeInfo properties
2019-05-11 11:06:14.318 DEBUG 8956 --- [kground-preinit] o.apache.tomcat.util.digester.Digester   : [SetPropertiesRule]{mbeans-descriptors/mbean/attribute} Setting property 'name' to 'managedResource'
2019-05-11 11:06:14.318 DEBUG 8956 --- [kground-preinit] o.apache.tomcat.util.IntrospectionUtils  : IntrospectionUtils: setProperty(class org.apache.tomcat.util.modeler.AttributeInfo name=managedResource)
2019-05-11 11:06:14.318 DEBUG 8956 --- [kground-preinit] o.apache.tomcat.util.digester.Digester   : [SetPropertiesRule]{mbeans-descriptors/mbean/attribute} Setting property 'description' to 'The managed resource this MBean is associated with'
2019-05-11 11:06:14.318 DEBUG 8956 --- [kground-preinit] o.apache.tomcat.util.IntrospectionUtils  : IntrospectionUtils: setProperty(class org.apache.tomcat.util.modeler.AttributeInfo description=The managed resource this MBean is associated with)
2019-05-11 11:06:14.318 DEBUG 8956 --- [kground-preinit] o.apache.tomcat.util.digester.Digester   : [SetPropertiesRule]{mbeans-descriptors/mbean/attribute} Setting property 'type' to 'java.lang.Object'
2019-05-11 11:06:14.318 DEBUG 8956 --- [kground-preinit] o.apache.tomcat.util.IntrospectionUtils  : IntrospectionUtils: setProperty(class org.apache.tomcat.util.modeler.AttributeInfo type=java.lang.Object)
2019-05-11 11:06:14.318 DEBUG 8956 --- [kground-preinit] o.apache.tomcat.util.digester.Digester   :   Fire begin() for SetNextRule[methodName=addAttribute, paramType=org.apache.tomcat.util.modeler.AttributeInfo]
2019-05-11 11:06:14.318 DEBUG 8956 --- [kground-preinit] o.a.tomcat.util.digester.Digester.sax    : endElement(,,attribute)
2019-05-11 11:06:14.319 DEBUG 8956 --- [kground-preinit] o.apache.tomcat.util.digester.Digester   :   match='mbeans-descriptors/mbean/attribute'
2019-05-11 11:06:14.319 DEBUG 8956 --- [kground-preinit] o.apache.tomcat.util.digester.Digester   :   bodyText=''
2019-05-11 11:06:14.319 DEBUG 8956 --- [kground-preinit] o.apache.tomcat.util.digester.Digester   :   Fire body() for ObjectCreateRule[className=org.apache.tomcat.util.modeler.AttributeInfo, attributeName=null]
2019-05-11 11:06:14.319 DEBUG 8956 --- [kground-preinit] o.apache.tomcat.util.digester.Digester   :   Fire body() for SetPropertiesRule[]
2019-05-11 11:06:14.319 DEBUG 8956 --- [kground-preinit] o.apache.tomcat.util.digester.Digester   :   Fire body() for SetNextRule[methodName=addAttribute, paramType=org.apache.tomcat.util.modeler.AttributeInfo]
2019-05-11 11:06:14.319 DEBUG 8956 --- [kground-preinit] o.apache.tomcat.util.digester.Digester   :   Fire end() for SetNextRule[methodName=addAttribute, paramType=org.apache.tomcat.util.modeler.AttributeInfo]
2019-05-11 11:06:14.319 DEBUG 8956 --- [kground-preinit] o.apache.tomcat.util.digester.Digester   : [SetNextRule]{mbeans-descriptors/mbean/attribute} Call org.apache.tomcat.util.modeler.ManagedBean.addAttribute(org.apache.tomcat.util.modeler.AttributeInfo@177ef606)
2019-05-11 11:06:14.319 DEBUG 8956 --- [kground-preinit] o.apache.tomcat.util.IntrospectionUtils  : IntrospectionUtils: callMethod1 org.apache.tomcat.util.modeler.ManagedBean org.apache.tomcat.util.modeler.AttributeInfo org.apache.tomcat.util.modeler.AttributeInfo
2019-05-11 11:06:14.319 DEBUG 8956 --- [kground-preinit] o.apache.tomcat.util.digester.Digester   :   Fire end() for SetPropertiesRule[]
2019-05-11 11:06:14.319 DEBUG 8956 --- [kground-preinit] o.apache.tomcat.util.digester.Digester   :   Fire end() for ObjectCreateRule[className=org.apache.tomcat.util.modeler.AttributeInfo, attributeName=null]
2019-05-11 11:06:14.319 DEBUG 8956 --- [kground-preinit] o.apache.tomcat.util.digester.Digester   : [ObjectCreateRule]{mbeans-descriptors/mbean/attribute} Pop org.apache.tomcat.util.modeler.AttributeInfo
2019-05-11 11:06:14.319 DEBUG 8956 --- [kground-preinit] o.a.tomcat.util.digester.Digester.sax    : characters(

    )
2019-05-11 11:06:14.319 DEBUG 8956 --- [kground-preinit] o.a.tomcat.util.digester.Digester.sax    : startElement(,,attribute)
2019-05-11 11:06:14.319 DEBUG 8956 --- [kground-preinit] o.apache.tomcat.util.digester.Digester   :   New match='mbeans-descriptors/mbean/attribute'
2019-05-11 11:06:14.319 DEBUG 8956 --- [kground-preinit] o.apache.tomcat.util.digester.Digester   :   Fire begin() for ObjectCreateRule[className=org.apache.tomcat.util.modeler.AttributeInfo, attributeName=null]
2019-05-11 11:06:14.320 DEBUG 8956 --- [kground-preinit] o.apache.tomcat.util.digester.Digester   : [ObjectCreateRule]{mbeans-descriptors/mbean/attribute}New org.apache.tomcat.util.modeler.AttributeInfo
2019-05-11 11:06:14.320 DEBUG 8956 --- [kground-preinit] o.apache.tomcat.util.digester.Digester   :   Fire begin() for SetPropertiesRule[]
2019-05-11 11:06:14.320 DEBUG 8956 --- [kground-preinit] o.apache.tomcat.util.digester.Digester   : [SetPropertiesRule]{mbeans-descriptors/mbean/attribute} Set org.apache.tomcat.util.modeler.AttributeInfo properties
2019-05-11 11:06:14.320 DEBUG 8956 --- [kground-preinit] o.apache.tomcat.util.digester.Digester   : [SetPropertiesRule]{mbeans-descriptors/mbean/attribute} Setting property 'name' to 'name'
2019-05-11 11:06:14.320 DEBUG 8956 --- [kground-preinit] o.apache.tomcat.util.IntrospectionUtils  : IntrospectionUtils: setProperty(class org.apache.tomcat.util.modeler.AttributeInfo name=name)
2019-05-11 11:06:14.320 DEBUG 8956 --- [kground-preinit] o.apache.tomcat.util.digester.Digester   : [SetPropertiesRule]{mbeans-descriptors/mbean/attribute} Setting property 'description' to 'Unique name of this Engine'
2019-05-11 11:06:14.320 DEBUG 8956 --- [kground-preinit] o.apache.tomcat.util.IntrospectionUtils  : IntrospectionUtils: setProperty(class org.apache.tomcat.util.modeler.AttributeInfo description=Unique name of this Engine)
2019-05-11 11:06:14.320 DEBUG 8956 --- [kground-preinit] o.apache.tomcat.util.digester.Digester   : [SetPropertiesRule]{mbeans-descriptors/mbean/attribute} Setting property 'type' to 'java.lang.String'
2019-05-11 11:06:14.320 DEBUG 8956 --- [kground-preinit] o.apache.tomcat.util.IntrospectionUtils  : IntrospectionUtils: setProperty(class org.apache.tomcat.util.modeler.AttributeInfo type=java.lang.String)
2019-05-11 11:06:14.320 DEBUG 8956 --- [kground-preinit] o.apache.tomcat.util.digester.Digester   :   Fire begin() for SetNextRule[methodName=addAttribute, paramType=org.apache.tomcat.util.modeler.AttributeInfo]
2019-05-11 11:06:14.320 DEBUG 8956 --- [kground-preinit] o.a.tomcat.util.digester.Digester.sax    : endElement(,,attribute)
2019-05-11 11:06:14.321 DEBUG 8956 --- [kground-preinit] o.apache.tomcat.util.digester.Digester   :   match='mbeans-descriptors/mbean/attribute'
2019-05-11 11:06:14.321 DEBUG 8956 --- [kground-preinit] o.apache.tomcat.util.digester.Digester   :   bodyText=''
2019-05-11 11:06:14.321 DEBUG 8956 --- [kground-preinit] o.apache.tomcat.util.digester.Digester   :   Fire body() for ObjectCreateRule[className=org.apache.tomcat.util.modeler.AttributeInfo, attributeName=null]
2019-05-11 11:06:14.321 DEBUG 8956 --- [kground-preinit] o.apache.tomcat.util.digester.Digester   :   Fire body() for SetPropertiesRule[]
2019-05-11 11:06:14.321 DEBUG 8956 --- [kground-preinit] o.apache.tomcat.util.digester.Digester   :   Fire body() for SetNextRule[methodName=addAttribute, paramType=org.apache.tomcat.util.modeler.AttributeInfo]
2019-05-11 11:06:14.321 DEBUG 8956 --- [kground-preinit] o.apache.tomcat.util.digester.Digester   :   Fire end() for SetNextRule[methodName=addAttribute, paramType=org.apache.tomcat.util.modeler.AttributeInfo]
2019-05-11 11:06:14.321 DEBUG 8956 --- [kground-preinit] o.apache.tomcat.util.digester.Digester   : [SetNextRule]{mbeans-descriptors/mbean/attribute} Call org.apache.tomcat.util.modeler.ManagedBean.addAttribute(org.apache.tomcat.util.modeler.AttributeInfo@b8b6fdc)
2019-05-11 11:06:14.321 DEBUG 8956 --- [kground-preinit] o.apache.tomcat.util.IntrospectionUtils  : IntrospectionUtils: callMethod1 org.apache.tomcat.util.modeler.ManagedBean org.apache.tomcat.util.modeler.AttributeInfo org.apache.tomcat.util.modeler.AttributeInfo
2019-05-11 11:06:14.321 DEBUG 8956 --- [kground-preinit] o.apache.tomcat.util.digester.Digester   :   Fire end() for SetPropertiesRule[]
2019-05-11 11:06:14.321 DEBUG 8956 --- [kground-preinit] o.apache.tomcat.util.digester.Digester   :   Fire end() for ObjectCreateRule[className=org.apache.tomcat.util.modeler.AttributeInfo, attributeName=null]
2019-05-11 11:06:14.321 DEBUG 8956 --- [kground-preinit] o.apache.tomcat.util.digester.Digester   : [ObjectCreateRule]{mbeans-descriptors/mbean/attribute} Pop org.apache.tomcat.util.modeler.AttributeInfo
2019-05-11 11:06:14.321 DEBUG 8956 --- [kground-preinit] o.a.tomcat.util.digester.Digester.sax    : characters(

    )
2019-05-11 11:06:14.321 DEBUG 8956 --- [kground-preinit] o.a.tomcat.util.digester.Digester.sax    : startElement(,,attribute)
2019-05-11 11:06:14.321 DEBUG 8956 --- [kground-preinit] o.apache.tomcat.util.digester.Digester   :   New match='mbeans-descriptors/mbean/attribute'
2019-05-11 11:06:14.322 DEBUG 8956 --- [kground-preinit] o.apache.tomcat.util.digester.Digester   :   Fire begin() for ObjectCreateRule[className=org.apache.tomcat.util.modeler.AttributeInfo, attributeName=null]
2019-05-11 11:06:14.322 DEBUG 8956 --- [kground-preinit] o.apache.tomcat.util.digester.Digester   : [ObjectCreateRule]{mbeans-descriptors/mbean/attribute}New org.apache.tomcat.util.modeler.AttributeInfo
2019-05-11 11:06:14.322 DEBUG 8956 --- [kground-preinit] o.apache.tomcat.util.digester.Digester   :   Fire begin() for SetPropertiesRule[]
2019-05-11 11:06:14.322 DEBUG 8956 --- [kground-preinit] o.apache.tomcat.util.digester.Digester   : [SetPropertiesRule]{mbeans-descriptors/mbean/attribute} Set org.apache.tomcat.util.modeler.AttributeInfo properties
2019-05-11 11:06:14.322 DEBUG 8956 --- [kground-preinit] o.apache.tomcat.util.digester.Digester   : [SetPropertiesRule]{mbeans-descriptors/mbean/attribute} Setting property 'name' to 'realm'
2019-05-11 11:06:14.322 DEBUG 8956 --- [kground-preinit] o.apache.tomcat.util.IntrospectionUtils  : IntrospectionUtils: setProperty(class org.apache.tomcat.util.modeler.AttributeInfo name=realm)
2019-05-11 11:06:14.322 DEBUG 8956 --- [kground-preinit] o.apache.tomcat.util.digester.Digester   : [SetPropertiesRule]{mbeans-descriptors/mbean/attribute} Setting property 'description' to 'Associated realm.'
2019-05-11 11:06:14.322 DEBUG 8956 --- [kground-preinit] o.apache.tomcat.util.IntrospectionUtils  : IntrospectionUtils: setProperty(class org.apache.tomcat.util.modeler.AttributeInfo description=Associated realm.)
2019-05-11 11:06:14.322 DEBUG 8956 --- [kground-preinit] o.apache.tomcat.util.digester.Digester   : [SetPropertiesRule]{mbeans-descriptors/mbean/attribute} Setting property 'type' to 'org.apache.catalina.Realm'
2019-05-11 11:06:14.322 DEBUG 8956 --- [kground-preinit] o.apache.tomcat.util.IntrospectionUtils  : IntrospectionUtils: setProperty(class org.apache.tomcat.util.modeler.AttributeInfo type=org.apache.catalina.Realm)
2019-05-11 11:06:14.322 DEBUG 8956 --- [kground-preinit] o.apache.tomcat.util.digester.Digester   :   Fire begin() for SetNextRule[methodName=addAttribute, paramType=org.apache.tomcat.util.modeler.AttributeInfo]
2019-05-11 11:06:14.322 DEBUG 8956 --- [kground-preinit] o.a.tomcat.util.digester.Digester.sax    : endElement(,,attribute)
2019-05-11 11:06:14.322 DEBUG 8956 --- [kground-preinit] o.apache.tomcat.util.digester.Digester   :   match='mbeans-descriptors/mbean/attribute'
2019-05-11 11:06:14.322 DEBUG 8956 --- [kground-preinit] o.apache.tomcat.util.digester.Digester   :   bodyText=''
2019-05-11 11:06:14.323 DEBUG 8956 --- [kground-preinit] o.apache.tomcat.util.digester.Digester   :   Fire body() for ObjectCreateRule[className=org.apache.tomcat.util.modeler.AttributeInfo, attributeName=null]
2019-05-11 11:06:14.323 DEBUG 8956 --- [kground-preinit] o.apache.tomcat.util.digester.Digester   :   Fire body() for SetPropertiesRule[]
2019-05-11 11:06:14.323 DEBUG 8956 --- [kground-preinit] o.apache.tomcat.util.digester.Digester   :   Fire body() for SetNextRule[methodName=addAttribute, paramType=org.apache.tomcat.util.modeler.AttributeInfo]
2019-05-11 11:06:14.323 DEBUG 8956 --- [kground-preinit] o.apache.tomcat.util.digester.Digester   :   Fire end() for SetNextRule[methodName=addAttribute, paramType=org.apache.tomcat.util.modeler.AttributeInfo]
2019-05-11 11:06:14.323 DEBUG 8956 --- [kground-preinit] o.apache.tomcat.util.digester.Digester   : [SetNextRule]{mbeans-descriptors/mbean/attribute} Call org.apache.tomcat.util.modeler.ManagedBean.addAttribute(org.apache.tomcat.util.modeler.AttributeInfo@738508a9)
2019-05-11 11:06:14.323 DEBUG 8956 --- [kground-preinit] o.apache.tomcat.util.IntrospectionUtils  : IntrospectionUtils: callMethod1 org.apache.tomcat.util.modeler.ManagedBean org.apache.tomcat.util.modeler.AttributeInfo org.apache.tomcat.util.modeler.AttributeInfo
2019-05-11 11:06:14.323 DEBUG 8956 --- [kground-preinit] o.apache.tomcat.util.digester.Digester   :   Fire end() for SetPropertiesRule[]
2019-05-11 11:06:14.323 DEBUG 8956 --- [kground-preinit] o.apache.tomcat.util.digester.Digester   :   Fire end() for ObjectCreateRule[className=org.apache.tomcat.util.modeler.AttributeInfo, attributeName=null]
2019-05-11 11:06:14.323 DEBUG 8956 --- [kground-preinit] o.apache.tomcat.util.digester.Digester   : [ObjectCreateRule]{mbeans-descriptors/mbean/attribute} Pop org.apache.tomcat.util.modeler.AttributeInfo
2019-05-11 11:06:14.323 DEBUG 8956 --- [kground-preinit] o.a.tomcat.util.digester.Digester.sax    : characters(

    )
2019-05-11 11:06:14.323 DEBUG 8956 --- [kground-preinit] o.a.tomcat.util.digester.Digester.sax    : startElement(,,attribute)
2019-05-11 11:06:14.323 DEBUG 8956 --- [kground-preinit] o.apache.tomcat.util.digester.Digester   :   New match='mbeans-descriptors/mbean/attribute'
2019-05-11 11:06:14.324 DEBUG 8956 --- [kground-preinit] o.apache.tomcat.util.digester.Digester   :   Fire begin() for ObjectCreateRule[className=org.apache.tomcat.util.modeler.AttributeInfo, attributeName=null]
2019-05-11 11:06:14.324 DEBUG 8956 --- [kground-preinit] o.apache.tomcat.util.digester.Digester   : [ObjectCreateRule]{mbeans-descriptors/mbean/attribute}New org.apache.tomcat.util.modeler.AttributeInfo
2019-05-11 11:06:14.324 DEBUG 8956 --- [kground-preinit] o.apache.tomcat.util.digester.Digester   :   Fire begin() for SetPropertiesRule[]
2019-05-11 11:06:14.324 DEBUG 8956 --- [kground-preinit] o.apache.tomcat.util.digester.Digester   : [SetPropertiesRule]{mbeans-descriptors/mbean/attribute} Set org.apache.tomcat.util.modeler.AttributeInfo properties
2019-05-11 11:06:14.324 DEBUG 8956 --- [kground-preinit] o.apache.tomcat.util.digester.Digester   : [SetPropertiesRule]{mbeans-descriptors/mbean/attribute} Setting property 'name' to 'startChildren'
2019-05-11 11:06:14.324 DEBUG 8956 --- [kground-preinit] o.apache.tomcat.util.IntrospectionUtils  : IntrospectionUtils: setProperty(class org.apache.tomcat.util.modeler.AttributeInfo name=startChildren)
2019-05-11 11:06:14.324 DEBUG 8956 --- [kground-preinit] o.apache.tomcat.util.digester.Digester   : [SetPropertiesRule]{mbeans-descriptors/mbean/attribute} Setting property 'description' to 'Will children be started automatically when they are added.'
2019-05-11 11:06:14.324 DEBUG 8956 --- [kground-preinit] o.apache.tomcat.util.IntrospectionUtils  : IntrospectionUtils: setProperty(class org.apache.tomcat.util.modeler.AttributeInfo description=Will children be started automatically when they are added.)
2019-05-11 11:06:14.324 DEBUG 8956 --- [kground-preinit] o.apache.tomcat.util.digester.Digester   : [SetPropertiesRule]{mbeans-descriptors/mbean/attribute} Setting property 'type' to 'boolean'
2019-05-11 11:06:14.325 DEBUG 8956 --- [kground-preinit] o.apache.tomcat.util.IntrospectionUtils  : IntrospectionUtils: setProperty(class org.apache.tomcat.util.modeler.AttributeInfo type=boolean)
2019-05-11 11:06:14.325 DEBUG 8956 --- [kground-preinit] o.apache.tomcat.util.digester.Digester   :   Fire begin() for SetNextRule[methodName=addAttribute, paramType=org.apache.tomcat.util.modeler.AttributeInfo]
2019-05-11 11:06:14.325 DEBUG 8956 --- [kground-preinit] o.a.tomcat.util.digester.Digester.sax    : endElement(,,attribute)
2019-05-11 11:06:14.325 DEBUG 8956 --- [kground-preinit] o.apache.tomcat.util.digester.Digester   :   match='mbeans-descriptors/mbean/attribute'
2019-05-11 11:06:14.325 DEBUG 8956 --- [kground-preinit] o.apache.tomcat.util.digester.Digester   :   bodyText=''
2019-05-11 11:06:14.325 DEBUG 8956 --- [kground-preinit] o.apache.tomcat.util.digester.Digester   :   Fire body() for ObjectCreateRule[className=org.apache.tomcat.util.modeler.AttributeInfo, attributeName=null]
2019-05-11 11:06:14.325 DEBUG 8956 --- [kground-preinit] o.apache.tomcat.util.digester.Digester   :   Fire body() for SetPropertiesRule[]
2019-05-11 11:06:14.325 DEBUG 8956 --- [kground-preinit] o.apache.tomcat.util.digester.Digester   :   Fire body() for SetNextRule[methodName=addAttribute, paramType=org.apache.tomcat.util.modeler.AttributeInfo]
2019-05-11 11:06:14.326 DEBUG 8956 --- [kground-preinit] o.apache.tomcat.util.digester.Digester   :   Fire end() for SetNextRule[methodName=addAttribute, paramType=org.apache.tomcat.util.modeler.AttributeInfo]
2019-05-11 11:06:14.326 DEBUG 8956 --- [kground-preinit] o.apache.tomcat.util.digester.Digester   : [SetNextRule]{mbeans-descriptors/mbean/attribute} Call org.apache.tomcat.util.modeler.ManagedBean.addAttribute(org.apache.tomcat.util.modeler.AttributeInfo@7ab69e5d)
2019-05-11 11:06:14.326 DEBUG 8956 --- [kground-preinit] o.apache.tomcat.util.IntrospectionUtils  : IntrospectionUtils: callMethod1 org.apache.tomcat.util.modeler.ManagedBean org.apache.tomcat.util.modeler.AttributeInfo org.apache.tomcat.util.modeler.AttributeInfo
2019-05-11 11:06:14.326 DEBUG 8956 --- [kground-preinit] o.apache.tomcat.util.digester.Digester   :   Fire end() for SetPropertiesRule[]
2019-05-11 11:06:14.326 DEBUG 8956 --- [kground-preinit] o.apache.tomcat.util.digester.Digester   :   Fire end() for ObjectCreateRule[className=org.apache.tomcat.util.modeler.AttributeInfo, attributeName=null]
2019-05-11 11:06:14.326 DEBUG 8956 --- [kground-preinit] o.apache.tomcat.util.digester.Digester   : [ObjectCreateRule]{mbeans-descriptors/mbean/attribute} Pop org.apache.tomcat.util.modeler.AttributeInfo
2019-05-11 11:06:14.326 DEBUG 8956 --- [kground-preinit] o.a.tomcat.util.digester.Digester.sax    : characters(

    )
2019-05-11 11:06:14.327 DEBUG 8956 --- [kground-preinit] o.a.tomcat.util.digester.Digester.sax    : startElement(,,attribute)
2019-05-11 11:06:14.327 DEBUG 8956 --- [kground-preinit] o.apache.tomcat.util.digester.Digester   :   New match='mbeans-descriptors/mbean/attribute'
2019-05-11 11:06:14.327 DEBUG 8956 --- [kground-preinit] o.apache.tomcat.util.digester.Digester   :   Fire begin() for ObjectCreateRule[className=org.apache.tomcat.util.modeler.AttributeInfo, attributeName=null]
2019-05-11 11:06:14.327 DEBUG 8956 --- [kground-preinit] o.apache.tomcat.util.digester.Digester   : [ObjectCreateRule]{mbeans-descriptors/mbean/attribute}New org.apache.tomcat.util.modeler.AttributeInfo
2019-05-11 11:06:14.327 DEBUG 8956 --- [kground-preinit] o.apache.tomcat.util.digester.Digester   :   Fire begin() for SetPropertiesRule[]
2019-05-11 11:06:14.327 DEBUG 8956 --- [kground-preinit] o.apache.tomcat.util.digester.Digester   : [SetPropertiesRule]{mbeans-descriptors/mbean/attribute} Set org.apache.tomcat.util.modeler.AttributeInfo properties
2019-05-11 11:06:14.327 DEBUG 8956 --- [kground-preinit] o.apache.tomcat.util.digester.Digester   : [SetPropertiesRule]{mbeans-descriptors/mbean/attribute} Setting property 'name' to 'startStopThreads'
2019-05-11 11:06:14.327 DEBUG 8956 --- [kground-preinit] o.apache.tomcat.util.IntrospectionUtils  : IntrospectionUtils: setProperty(class org.apache.tomcat.util.modeler.AttributeInfo name=startStopThreads)
2019-05-11 11:06:14.327 DEBUG 8956 --- [kground-preinit] o.apache.tomcat.util.digester.Digester   : [SetPropertiesRule]{mbeans-descriptors/mbean/attribute} Setting property 'description' to 'The number of threads to use when starting and stopping child Hosts'
2019-05-11 11:06:14.327 DEBUG 8956 --- [kground-preinit] o.apache.tomcat.util.IntrospectionUtils  : IntrospectionUtils: setProperty(class org.apache.tomcat.util.modeler.AttributeInfo description=The number of threads to use when starting and stopping child Hosts)
2019-05-11 11:06:14.327 DEBUG 8956 --- [kground-preinit] o.apache.tomcat.util.digester.Digester   : [SetPropertiesRule]{mbeans-descriptors/mbean/attribute} Setting property 'type' to 'int'
2019-05-11 11:06:14.328 DEBUG 8956 --- [kground-preinit] o.apache.tomcat.util.IntrospectionUtils  : IntrospectionUtils: setProperty(class org.apache.tomcat.util.modeler.AttributeInfo type=int)
2019-05-11 11:06:14.328 DEBUG 8956 --- [kground-preinit] o.apache.tomcat.util.digester.Digester   :   Fire begin() for SetNextRule[methodName=addAttribute, paramType=org.apache.tomcat.util.modeler.AttributeInfo]
2019-05-11 11:06:14.328 DEBUG 8956 --- [kground-preinit] o.a.tomcat.util.digester.Digester.sax    : endElement(,,attribute)
2019-05-11 11:06:14.328 DEBUG 8956 --- [kground-preinit] o.apache.tomcat.util.digester.Digester   :   match='mbeans-descriptors/mbean/attribute'
2019-05-11 11:06:14.328 DEBUG 8956 --- [kground-preinit] o.apache.tomcat.util.digester.Digester   :   bodyText=''
2019-05-11 11:06:14.328 DEBUG 8956 --- [           main] o.s.b.f.s.DefaultListableBeanFactory     : Returning cached instance of singleton bean 'autoConfigurationReport'
2019-05-11 11:06:14.328 DEBUG 8956 --- [kground-preinit] o.apache.tomcat.util.digester.Digester   :   Fire body() for ObjectCreateRule[className=org.apache.tomcat.util.modeler.AttributeInfo, attributeName=null]
2019-05-11 11:06:14.328 DEBUG 8956 --- [kground-preinit] o.apache.tomcat.util.digester.Digester   :   Fire body() for SetPropertiesRule[]
2019-05-11 11:06:14.328 DEBUG 8956 --- [kground-preinit] o.apache.tomcat.util.digester.Digester   :   Fire body() for SetNextRule[methodName=addAttribute, paramType=org.apache.tomcat.util.modeler.AttributeInfo]
2019-05-11 11:06:14.329 DEBUG 8956 --- [           main] o.s.b.f.s.DefaultListableBeanFactory     : Returning cached instance of singleton bean 'autoConfigurationReport'
2019-05-11 11:06:14.329 DEBUG 8956 --- [kground-preinit] o.apache.tomcat.util.digester.Digester   :   Fire end() for SetNextRule[methodName=addAttribute, paramType=org.apache.tomcat.util.modeler.AttributeInfo]
2019-05-11 11:06:14.329 DEBUG 8956 --- [           main] a.ConfigurationClassBeanDefinitionReader : Registered bean definition for imported class 'org.springframework.boot.autoconfigure.thymeleaf.ThymeleafAutoConfiguration$ThymeleafWebLayoutConfiguration'
2019-05-11 11:06:14.329 DEBUG 8956 --- [kground-preinit] o.apache.tomcat.util.digester.Digester   : [SetNextRule]{mbeans-descriptors/mbean/attribute} Call org.apache.tomcat.util.modeler.ManagedBean.addAttribute(org.apache.tomcat.util.modeler.AttributeInfo@1a1899cb)
2019-05-11 11:06:14.329 DEBUG 8956 --- [kground-preinit] o.apache.tomcat.util.IntrospectionUtils  : IntrospectionUtils: callMethod1 org.apache.tomcat.util.modeler.ManagedBean org.apache.tomcat.util.modeler.AttributeInfo org.apache.tomcat.util.modeler.AttributeInfo
2019-05-11 11:06:14.329 DEBUG 8956 --- [           main] o.s.b.f.s.DefaultListableBeanFactory     : Returning cached instance of singleton bean 'org.springframework.boot.autoconfigure.condition.BeanTypeRegistry'
2019-05-11 11:06:14.329 DEBUG 8956 --- [kground-preinit] o.apache.tomcat.util.digester.Digester   :   Fire end() for SetPropertiesRule[]
2019-05-11 11:06:14.329 DEBUG 8956 --- [kground-preinit] o.apache.tomcat.util.digester.Digester   :   Fire end() for ObjectCreateRule[className=org.apache.tomcat.util.modeler.AttributeInfo, attributeName=null]
2019-05-11 11:06:14.329 DEBUG 8956 --- [kground-preinit] o.apache.tomcat.util.digester.Digester   : [ObjectCreateRule]{mbeans-descriptors/mbean/attribute} Pop org.apache.tomcat.util.modeler.AttributeInfo
2019-05-11 11:06:14.329 DEBUG 8956 --- [kground-preinit] o.a.tomcat.util.digester.Digester.sax    : characters(

    )
2019-05-11 11:06:14.330 DEBUG 8956 --- [kground-preinit] o.a.tomcat.util.digester.Digester.sax    : startElement(,,attribute)
2019-05-11 11:06:14.330 DEBUG 8956 --- [kground-preinit] o.apache.tomcat.util.digester.Digester   :   New match='mbeans-descriptors/mbean/attribute'
2019-05-11 11:06:14.330 DEBUG 8956 --- [kground-preinit] o.apache.tomcat.util.digester.Digester   :   Fire begin() for ObjectCreateRule[className=org.apache.tomcat.util.modeler.AttributeInfo, attributeName=null]
2019-05-11 11:06:14.330 DEBUG 8956 --- [kground-preinit] o.apache.tomcat.util.digester.Digester   : [ObjectCreateRule]{mbeans-descriptors/mbean/attribute}New org.apache.tomcat.util.modeler.AttributeInfo
2019-05-11 11:06:14.330 DEBUG 8956 --- [kground-preinit] o.apache.tomcat.util.digester.Digester   :   Fire begin() for SetPropertiesRule[]
2019-05-11 11:06:14.330 DEBUG 8956 --- [kground-preinit] o.apache.tomcat.util.digester.Digester   : [SetPropertiesRule]{mbeans-descriptors/mbean/attribute} Set org.apache.tomcat.util.modeler.AttributeInfo properties
2019-05-11 11:06:14.330 DEBUG 8956 --- [           main] o.s.b.f.s.DefaultListableBeanFactory     : Returning cached instance of singleton bean 'autoConfigurationReport'
2019-05-11 11:06:14.330 DEBUG 8956 --- [kground-preinit] o.apache.tomcat.util.digester.Digester   : [SetPropertiesRule]{mbeans-descriptors/mbean/attribute} Setting property 'name' to 'stateName'
2019-05-11 11:06:14.330 DEBUG 8956 --- [kground-preinit] o.apache.tomcat.util.IntrospectionUtils  : IntrospectionUtils: setProperty(class org.apache.tomcat.util.modeler.AttributeInfo name=stateName)
2019-05-11 11:06:14.330 DEBUG 8956 --- [kground-preinit] o.apache.tomcat.util.digester.Digester   : [SetPropertiesRule]{mbeans-descriptors/mbean/attribute} Setting property 'description' to 'The name of the LifecycleState that this component is currently in'
2019-05-11 11:06:14.330 DEBUG 8956 --- [           main] a.ConfigurationClassBeanDefinitionReader : Registering bean definition for @Bean method org.springframework.boot.autoconfigure.thymeleaf.ThymeleafAutoConfiguration$ThymeleafWebLayoutConfiguration.layoutDialect()
2019-05-11 11:06:14.330 DEBUG 8956 --- [kground-preinit] o.apache.tomcat.util.IntrospectionUtils  : IntrospectionUtils: setProperty(class org.apache.tomcat.util.modeler.AttributeInfo description=The name of the LifecycleState that this component is currently in)
2019-05-11 11:06:14.330 DEBUG 8956 --- [kground-preinit] o.apache.tomcat.util.digester.Digester   : [SetPropertiesRule]{mbeans-descriptors/mbean/attribute} Setting property 'type' to 'java.lang.String'
2019-05-11 11:06:14.330 DEBUG 8956 --- [           main] o.s.b.f.s.DefaultListableBeanFactory     : Returning cached instance of singleton bean 'org.springframework.boot.autoconfigure.condition.BeanTypeRegistry'
2019-05-11 11:06:14.330 DEBUG 8956 --- [kground-preinit] o.apache.tomcat.util.IntrospectionUtils  : IntrospectionUtils: setProperty(class org.apache.tomcat.util.modeler.AttributeInfo type=java.lang.String)
2019-05-11 11:06:14.330 DEBUG 8956 --- [kground-preinit] o.apache.tomcat.util.digester.Digester   : [SetPropertiesRule]{mbeans-descriptors/mbean/attribute} Setting property 'writeable' to 'false'
2019-05-11 11:06:14.331 DEBUG 8956 --- [kground-preinit] o.apache.tomcat.util.IntrospectionUtils  : IntrospectionUtils: setProperty(class org.apache.tomcat.util.modeler.AttributeInfo writeable=false)
2019-05-11 11:06:14.331 DEBUG 8956 --- [kground-preinit] o.apache.tomcat.util.digester.Digester   :   Fire begin() for SetNextRule[methodName=addAttribute, paramType=org.apache.tomcat.util.modeler.AttributeInfo]
2019-05-11 11:06:14.331 DEBUG 8956 --- [kground-preinit] o.a.tomcat.util.digester.Digester.sax    : endElement(,,attribute)
2019-05-11 11:06:14.331 DEBUG 8956 --- [kground-preinit] o.apache.tomcat.util.digester.Digester   :   match='mbeans-descriptors/mbean/attribute'
2019-05-11 11:06:14.331 DEBUG 8956 --- [kground-preinit] o.apache.tomcat.util.digester.Digester   :   bodyText=''
2019-05-11 11:06:14.331 DEBUG 8956 --- [           main] o.s.b.f.s.DefaultListableBeanFactory     : Returning cached instance of singleton bean 'autoConfigurationReport'
2019-05-11 11:06:14.331 DEBUG 8956 --- [kground-preinit] o.apache.tomcat.util.digester.Digester   :   Fire body() for ObjectCreateRule[className=org.apache.tomcat.util.modeler.AttributeInfo, attributeName=null]
2019-05-11 11:06:14.331 DEBUG 8956 --- [kground-preinit] o.apache.tomcat.util.digester.Digester   :   Fire body() for SetPropertiesRule[]
2019-05-11 11:06:14.332 DEBUG 8956 --- [kground-preinit] o.apache.tomcat.util.digester.Digester   :   Fire body() for SetNextRule[methodName=addAttribute, paramType=org.apache.tomcat.util.modeler.AttributeInfo]
2019-05-11 11:06:14.332 DEBUG 8956 --- [           main] a.ConfigurationClassBeanDefinitionReader : Registered bean definition for imported class 'org.springframework.boot.autoconfigure.thymeleaf.ThymeleafAutoConfiguration$ThymeleafDefaultConfiguration'
2019-05-11 11:06:14.332 DEBUG 8956 --- [kground-preinit] o.apache.tomcat.util.digester.Digester   :   Fire end() for SetNextRule[methodName=addAttribute, paramType=org.apache.tomcat.util.modeler.AttributeInfo]
2019-05-11 11:06:14.332 DEBUG 8956 --- [           main] a.ConfigurationClassBeanDefinitionReader : Registering bean definition for @Bean method org.springframework.boot.autoconfigure.thymeleaf.ThymeleafAutoConfiguration$ThymeleafDefaultConfiguration.templateEngine()
2019-05-11 11:06:14.332 DEBUG 8956 --- [kground-preinit] o.apache.tomcat.util.digester.Digester   : [SetNextRule]{mbeans-descriptors/mbean/attribute} Call org.apache.tomcat.util.modeler.ManagedBean.addAttribute(org.apache.tomcat.util.modeler.AttributeInfo@4abde0db)
2019-05-11 11:06:14.332 DEBUG 8956 --- [kground-preinit] o.apache.tomcat.util.IntrospectionUtils  : IntrospectionUtils: callMethod1 org.apache.tomcat.util.modeler.ManagedBean org.apache.tomcat.util.modeler.AttributeInfo org.apache.tomcat.util.modeler.AttributeInfo
2019-05-11 11:06:14.332 DEBUG 8956 --- [kground-preinit] o.apache.tomcat.util.digester.Digester   :   Fire end() for SetPropertiesRule[]
2019-05-11 11:06:14.332 DEBUG 8956 --- [kground-preinit] o.apache.tomcat.util.digester.Digester   :   Fire end() for ObjectCreateRule[className=org.apache.tomcat.util.modeler.AttributeInfo, attributeName=null]
2019-05-11 11:06:14.332 DEBUG 8956 --- [kground-preinit] o.apache.tomcat.util.digester.Digester   : [ObjectCreateRule]{mbeans-descriptors/mbean/attribute} Pop org.apache.tomcat.util.modeler.AttributeInfo
2019-05-11 11:06:14.332 DEBUG 8956 --- [kground-preinit] o.a.tomcat.util.digester.Digester.sax    : characters(

    )
2019-05-11 11:06:14.332 DEBUG 8956 --- [kground-preinit] o.a.tomcat.util.digester.Digester.sax    : startElement(,,operation)
2019-05-11 11:06:14.332 DEBUG 8956 --- [           main] o.s.b.f.s.DefaultListableBeanFactory     : Returning cached instance of singleton bean 'autoConfigurationReport'
2019-05-11 11:06:14.333 DEBUG 8956 --- [kground-preinit] o.apache.tomcat.util.digester.Digester   :   New match='mbeans-descriptors/mbean/operation'
2019-05-11 11:06:14.333 DEBUG 8956 --- [kground-preinit] o.apache.tomcat.util.digester.Digester   :   Fire begin() for ObjectCreateRule[className=org.apache.tomcat.util.modeler.OperationInfo, attributeName=null]
2019-05-11 11:06:14.333 DEBUG 8956 --- [kground-preinit] o.apache.tomcat.util.digester.Digester   : [ObjectCreateRule]{mbeans-descriptors/mbean/operation}New org.apache.tomcat.util.modeler.OperationInfo
2019-05-11 11:06:14.333 DEBUG 8956 --- [kground-preinit] o.apache.tomcat.util.digester.Digester   :   Fire begin() for SetPropertiesRule[]
2019-05-11 11:06:14.333 DEBUG 8956 --- [kground-preinit] o.apache.tomcat.util.digester.Digester   : [SetPropertiesRule]{mbeans-descriptors/mbean/operation} Set org.apache.tomcat.util.modeler.OperationInfo properties
2019-05-11 11:06:14.333 DEBUG 8956 --- [kground-preinit] o.apache.tomcat.util.digester.Digester   : [SetPropertiesRule]{mbeans-descriptors/mbean/operation} Setting property 'name' to 'addChild'
2019-05-11 11:06:14.333 DEBUG 8956 --- [kground-preinit] o.apache.tomcat.util.IntrospectionUtils  : IntrospectionUtils: setProperty(class org.apache.tomcat.util.modeler.OperationInfo name=addChild)
2019-05-11 11:06:14.333 DEBUG 8956 --- [kground-preinit] o.apache.tomcat.util.digester.Digester   : [SetPropertiesRule]{mbeans-descriptors/mbean/operation} Setting property 'description' to 'Add a virtual host'
2019-05-11 11:06:14.333 DEBUG 8956 --- [           main] o.s.b.f.s.DefaultListableBeanFactory     : Returning cached instance of singleton bean 'autoConfigurationReport'
2019-05-11 11:06:14.333 DEBUG 8956 --- [kground-preinit] o.apache.tomcat.util.IntrospectionUtils  : IntrospectionUtils: setProperty(class org.apache.tomcat.util.modeler.OperationInfo description=Add a virtual host)
2019-05-11 11:06:14.333 DEBUG 8956 --- [           main] o.s.b.f.s.DefaultListableBeanFactory     : Returning cached instance of singleton bean 'autoConfigurationReport'
2019-05-11 11:06:14.333 DEBUG 8956 --- [kground-preinit] o.apache.tomcat.util.digester.Digester   : [SetPropertiesRule]{mbeans-descriptors/mbean/operation} Setting property 'impact' to 'ACTION'
2019-05-11 11:06:14.334 DEBUG 8956 --- [           main] a.ConfigurationClassBeanDefinitionReader : Registered bean definition for imported class 'org.springframework.boot.autoconfigure.thymeleaf.ThymeleafAutoConfiguration$Thymeleaf2Configuration$Thymeleaf2ViewResolverConfiguration'
2019-05-11 11:06:14.334 DEBUG 8956 --- [kground-preinit] o.apache.tomcat.util.IntrospectionUtils  : IntrospectionUtils: setProperty(class org.apache.tomcat.util.modeler.OperationInfo impact=ACTION)
2019-05-11 11:06:14.334 DEBUG 8956 --- [kground-preinit] o.apache.tomcat.util.digester.Digester   : [SetPropertiesRule]{mbeans-descriptors/mbean/operation} Setting property 'returnType' to 'void'
2019-05-11 11:06:14.334 DEBUG 8956 --- [kground-preinit] o.apache.tomcat.util.IntrospectionUtils  : IntrospectionUtils: setProperty(class org.apache.tomcat.util.modeler.OperationInfo returnType=void)
2019-05-11 11:06:14.334 DEBUG 8956 --- [kground-preinit] o.apache.tomcat.util.digester.Digester   :   Fire begin() for SetNextRule[methodName=addOperation, paramType=org.apache.tomcat.util.modeler.OperationInfo]
2019-05-11 11:06:14.334 DEBUG 8956 --- [kground-preinit] o.a.tomcat.util.digester.Digester.sax    : characters(
      )
2019-05-11 11:06:14.334 DEBUG 8956 --- [kground-preinit] o.a.tomcat.util.digester.Digester.sax    : startElement(,,parameter)
2019-05-11 11:06:14.334 DEBUG 8956 --- [           main] o.s.b.f.s.DefaultListableBeanFactory     : Returning cached instance of singleton bean 'autoConfigurationReport'
2019-05-11 11:06:14.334 DEBUG 8956 --- [kground-preinit] o.apache.tomcat.util.digester.Digester   :   New match='mbeans-descriptors/mbean/operation/parameter'
2019-05-11 11:06:14.334 DEBUG 8956 --- [kground-preinit] o.apache.tomcat.util.digester.Digester   :   Fire begin() for ObjectCreateRule[className=org.apache.tomcat.util.modeler.ParameterInfo, attributeName=null]
2019-05-11 11:06:14.334 DEBUG 8956 --- [kground-preinit] o.apache.tomcat.util.digester.Digester   : [ObjectCreateRule]{mbeans-descriptors/mbean/operation/parameter}New org.apache.tomcat.util.modeler.ParameterInfo
2019-05-11 11:06:14.334 DEBUG 8956 --- [           main] o.s.b.f.s.DefaultListableBeanFactory     : Returning cached instance of singleton bean 'autoConfigurationReport'
2019-05-11 11:06:14.337 DEBUG 8956 --- [           main] a.ConfigurationClassBeanDefinitionReader : Registering bean definition for @Bean method org.springframework.boot.autoconfigure.thymeleaf.ThymeleafAutoConfiguration$Thymeleaf2Configuration$Thymeleaf2ViewResolverConfiguration.thymeleafViewResolver()
2019-05-11 11:06:14.337 DEBUG 8956 --- [           main] o.s.b.f.s.DefaultListableBeanFactory     : Returning cached instance of singleton bean 'autoConfigurationReport'
2019-05-11 11:06:14.338 DEBUG 8956 --- [           main] a.ConfigurationClassBeanDefinitionReader : Registered bean definition for imported class 'org.springframework.boot.autoconfigure.thymeleaf.ThymeleafAutoConfiguration$Thymeleaf2Configuration$DefaultTemplateResolverConfiguration'
2019-05-11 11:06:14.338 DEBUG 8956 --- [           main] a.ConfigurationClassBeanDefinitionReader : Registering bean definition for @Bean method org.springframework.boot.autoconfigure.thymeleaf.ThymeleafAutoConfiguration$Thymeleaf2Configuration$DefaultTemplateResolverConfiguration.thymeleafResourceResolver()
2019-05-11 11:06:14.338 DEBUG 8956 --- [           main] a.ConfigurationClassBeanDefinitionReader : Registering bean definition for @Bean method org.springframework.boot.autoconfigure.thymeleaf.ThymeleafAutoConfiguration$Thymeleaf2Configuration$DefaultTemplateResolverConfiguration.defaultTemplateResolver()
2019-05-11 11:06:14.338 DEBUG 8956 --- [           main] a.ConfigurationClassBeanDefinitionReader : Registered bean definition for imported class 'org.springframework.boot.autoconfigure.thymeleaf.ThymeleafAutoConfiguration$Thymeleaf2Configuration'
2019-05-11 11:06:14.338 DEBUG 8956 --- [           main] a.ConfigurationClassBeanDefinitionReader : Registered bean definition for imported class 'org.springframework.boot.autoconfigure.thymeleaf.ThymeleafAutoConfiguration'
2019-05-11 11:06:14.338 DEBUG 8956 --- [kground-preinit] o.apache.tomcat.util.digester.Digester   :   Fire begin() for SetPropertiesRule[]
2019-05-11 11:06:14.339 DEBUG 8956 --- [kground-preinit] o.apache.tomcat.util.digester.Digester   : [SetPropertiesRule]{mbeans-descriptors/mbean/operation/parameter} Set org.apache.tomcat.util.modeler.ParameterInfo properties
2019-05-11 11:06:14.339 DEBUG 8956 --- [           main] o.s.b.f.s.DefaultListableBeanFactory     : Returning cached instance of singleton bean 'autoConfigurationReport'
2019-05-11 11:06:14.339 DEBUG 8956 --- [           main] o.s.b.f.s.DefaultListableBeanFactory     : Returning cached instance of singleton bean 'autoConfigurationReport'
2019-05-11 11:06:14.339 DEBUG 8956 --- [           main] o.s.b.f.s.DefaultListableBeanFactory     : Returning cached instance of singleton bean 'autoConfigurationReport'
2019-05-11 11:06:14.339 DEBUG 8956 --- [           main] a.ConfigurationClassBeanDefinitionReader : Registered bean definition for imported class 'org.springframework.boot.autoconfigure.web.HttpEncodingAutoConfiguration'
2019-05-11 11:06:14.340 DEBUG 8956 --- [           main] o.s.b.f.s.DefaultListableBeanFactory     : Returning cached instance of singleton bean 'org.springframework.boot.autoconfigure.condition.BeanTypeRegistry'
2019-05-11 11:06:14.340 DEBUG 8956 --- [kground-preinit] o.apache.tomcat.util.digester.Digester   : [SetPropertiesRule]{mbeans-descriptors/mbean/operation/parameter} Setting property 'name' to 'type'
2019-05-11 11:06:14.353 DEBUG 8956 --- [kground-preinit] o.apache.tomcat.util.IntrospectionUtils  : IntrospectionUtils: setProperty(class org.apache.tomcat.util.modeler.ParameterInfo name=type)
2019-05-11 11:06:14.354 DEBUG 8956 --- [kground-preinit] o.apache.tomcat.util.digester.Digester   : [SetPropertiesRule]{mbeans-descriptors/mbean/operation/parameter} Setting property 'description' to 'Type(classname) of the new child to be added'
2019-05-11 11:06:14.354 DEBUG 8956 --- [kground-preinit] o.apache.tomcat.util.IntrospectionUtils  : IntrospectionUtils: setProperty(class org.apache.tomcat.util.modeler.ParameterInfo description=Type(classname) of the new child to be added)
2019-05-11 11:06:14.354 DEBUG 8956 --- [kground-preinit] o.apache.tomcat.util.digester.Digester   : [SetPropertiesRule]{mbeans-descriptors/mbean/operation/parameter} Setting property 'type' to 'java.lang.String'
2019-05-11 11:06:14.355 DEBUG 8956 --- [           main] o.s.b.f.s.DefaultListableBeanFactory     : Returning cached instance of singleton bean 'autoConfigurationReport'
2019-05-11 11:06:14.356 DEBUG 8956 --- [           main] a.ConfigurationClassBeanDefinitionReader : Registering bean definition for @Bean method org.springframework.boot.autoconfigure.web.HttpEncodingAutoConfiguration.characterEncodingFilter()
2019-05-11 11:06:14.356 DEBUG 8956 --- [           main] a.ConfigurationClassBeanDefinitionReader : Registering bean definition for @Bean method org.springframework.boot.autoconfigure.web.HttpEncodingAutoConfiguration.localeCharsetMappingsCustomizer()
2019-05-11 11:06:14.357 DEBUG 8956 --- [           main] o.s.b.f.s.DefaultListableBeanFactory     : Returning cached instance of singleton bean 'autoConfigurationReport'
2019-05-11 11:06:14.357 DEBUG 8956 --- [           main] o.s.b.f.s.DefaultListableBeanFactory     : Returning cached instance of singleton bean 'autoConfigurationReport'
2019-05-11 11:06:14.358 DEBUG 8956 --- [           main] a.ConfigurationClassBeanDefinitionReader : Registered bean definition for imported class 'org.springframework.boot.autoconfigure.web.MultipartAutoConfiguration'
2019-05-11 11:06:14.358 DEBUG 8956 --- [           main] o.s.b.f.s.DefaultListableBeanFactory     : Returning cached instance of singleton bean 'org.springframework.boot.autoconfigure.condition.BeanTypeRegistry'
2019-05-11 11:06:14.359 DEBUG 8956 --- [kground-preinit] o.apache.tomcat.util.IntrospectionUtils  : IntrospectionUtils: setProperty(class org.apache.tomcat.util.modeler.ParameterInfo type=java.lang.String)
2019-05-11 11:06:14.359 DEBUG 8956 --- [kground-preinit] o.apache.tomcat.util.digester.Digester   :   Fire begin() for SetNextRule[methodName=addParameter, paramType=org.apache.tomcat.util.modeler.ParameterInfo]
2019-05-11 11:06:14.361 DEBUG 8956 --- [kground-preinit] o.a.tomcat.util.digester.Digester.sax    : endElement(,,parameter)
2019-05-11 11:06:14.361 DEBUG 8956 --- [kground-preinit] o.apache.tomcat.util.digester.Digester   :   match='mbeans-descriptors/mbean/operation/parameter'
2019-05-11 11:06:14.361 DEBUG 8956 --- [           main] o.s.b.f.s.DefaultListableBeanFactory     : Returning cached instance of singleton bean 'autoConfigurationReport'
2019-05-11 11:06:14.361 DEBUG 8956 --- [kground-preinit] o.apache.tomcat.util.digester.Digester   :   bodyText=''
2019-05-11 11:06:14.361 DEBUG 8956 --- [           main] a.ConfigurationClassBeanDefinitionReader : Registering bean definition for @Bean method org.springframework.boot.autoconfigure.web.MultipartAutoConfiguration.multipartConfigElement()
2019-05-11 11:06:14.361 DEBUG 8956 --- [kground-preinit] o.apache.tomcat.util.digester.Digester   :   Fire body() for ObjectCreateRule[className=org.apache.tomcat.util.modeler.ParameterInfo, attributeName=null]
2019-05-11 11:06:14.361 DEBUG 8956 --- [           main] o.s.b.f.s.DefaultListableBeanFactory     : Returning cached instance of singleton bean 'org.springframework.boot.autoconfigure.condition.BeanTypeRegistry'
2019-05-11 11:06:14.361 DEBUG 8956 --- [kground-preinit] o.apache.tomcat.util.digester.Digester   :   Fire body() for SetPropertiesRule[]
2019-05-11 11:06:14.362 DEBUG 8956 --- [kground-preinit] o.apache.tomcat.util.digester.Digester   :   Fire body() for SetNextRule[methodName=addParameter, paramType=org.apache.tomcat.util.modeler.ParameterInfo]
2019-05-11 11:06:14.362 DEBUG 8956 --- [kground-preinit] o.apache.tomcat.util.digester.Digester   :   Fire end() for SetNextRule[methodName=addParameter, paramType=org.apache.tomcat.util.modeler.ParameterInfo]
2019-05-11 11:06:14.362 DEBUG 8956 --- [           main] o.s.b.f.s.DefaultListableBeanFactory     : Returning cached instance of singleton bean 'autoConfigurationReport'
2019-05-11 11:06:14.362 DEBUG 8956 --- [kground-preinit] o.apache.tomcat.util.digester.Digester   : [SetNextRule]{mbeans-descriptors/mbean/operation/parameter} Call org.apache.tomcat.util.modeler.OperationInfo.addParameter(org.apache.tomcat.util.modeler.ParameterInfo@11a66965)
2019-05-11 11:06:14.362 DEBUG 8956 --- [           main] a.ConfigurationClassBeanDefinitionReader : Registering bean definition for @Bean method org.springframework.boot.autoconfigure.web.MultipartAutoConfiguration.multipartResolver()
2019-05-11 11:06:14.363 DEBUG 8956 --- [kground-preinit] o.apache.tomcat.util.IntrospectionUtils  : IntrospectionUtils: callMethod1 org.apache.tomcat.util.modeler.OperationInfo org.apache.tomcat.util.modeler.ParameterInfo org.apache.tomcat.util.modeler.ParameterInfo
2019-05-11 11:06:14.363 DEBUG 8956 --- [kground-preinit] o.apache.tomcat.util.digester.Digester   :   Fire end() for SetPropertiesRule[]
2019-05-11 11:06:14.363 DEBUG 8956 --- [           main] o.s.b.f.s.DefaultListableBeanFactory     : Returning cached instance of singleton bean 'autoConfigurationReport'
2019-05-11 11:06:14.363 DEBUG 8956 --- [kground-preinit] o.apache.tomcat.util.digester.Digester   :   Fire end() for ObjectCreateRule[className=org.apache.tomcat.util.modeler.ParameterInfo, attributeName=null]
2019-05-11 11:06:14.363 DEBUG 8956 --- [           main] a.ConfigurationClassBeanDefinitionReader : Registered bean definition for imported class 'org.springframework.boot.autoconfigure.web.ServerPropertiesAutoConfiguration'
2019-05-11 11:06:14.364 DEBUG 8956 --- [           main] o.s.b.f.s.DefaultListableBeanFactory     : Returning cached instance of singleton bean 'org.springframework.boot.autoconfigure.condition.BeanTypeRegistry'
2019-05-11 11:06:14.365 DEBUG 8956 --- [kground-preinit] o.apache.tomcat.util.digester.Digester   : [ObjectCreateRule]{mbeans-descriptors/mbean/operation/parameter} Pop org.apache.tomcat.util.modeler.ParameterInfo
2019-05-11 11:06:14.365 DEBUG 8956 --- [kground-preinit] o.a.tomcat.util.digester.Digester.sax    : characters(
      )
2019-05-11 11:06:14.365 DEBUG 8956 --- [kground-preinit] o.a.tomcat.util.digester.Digester.sax    : startElement(,,parameter)
2019-05-11 11:06:14.365 DEBUG 8956 --- [           main] o.s.b.f.s.DefaultListableBeanFactory     : Returning cached instance of singleton bean 'autoConfigurationReport'
2019-05-11 11:06:14.366 DEBUG 8956 --- [           main] a.ConfigurationClassBeanDefinitionReader : Registering bean definition for @Bean method org.springframework.boot.autoconfigure.web.ServerPropertiesAutoConfiguration.serverProperties()
2019-05-11 11:06:14.366 DEBUG 8956 --- [kground-preinit] o.apache.tomcat.util.digester.Digester   :   New match='mbeans-descriptors/mbean/operation/parameter'
2019-05-11 11:06:14.366 DEBUG 8956 --- [           main] a.ConfigurationClassBeanDefinitionReader : Registering bean definition for @Bean method org.springframework.boot.autoconfigure.web.ServerPropertiesAutoConfiguration.duplicateServerPropertiesDetector()
2019-05-11 11:06:14.366 DEBUG 8956 --- [kground-preinit] o.apache.tomcat.util.digester.Digester   :   Fire begin() for ObjectCreateRule[className=org.apache.tomcat.util.modeler.ParameterInfo, attributeName=null]
2019-05-11 11:06:14.366 DEBUG 8956 --- [kground-preinit] o.apache.tomcat.util.digester.Digester   : [ObjectCreateRule]{mbeans-descriptors/mbean/operation/parameter}New org.apache.tomcat.util.modeler.ParameterInfo
2019-05-11 11:06:14.366 DEBUG 8956 --- [           main] o.s.b.f.s.DefaultListableBeanFactory     : Returning cached instance of singleton bean 'autoConfigurationReport'
2019-05-11 11:06:14.366 DEBUG 8956 --- [kground-preinit] o.apache.tomcat.util.digester.Digester   :   Fire begin() for SetPropertiesRule[]
2019-05-11 11:06:14.366 DEBUG 8956 --- [kground-preinit] o.apache.tomcat.util.digester.Digester   : [SetPropertiesRule]{mbeans-descriptors/mbean/operation/parameter} Set org.apache.tomcat.util.modeler.ParameterInfo properties
2019-05-11 11:06:14.366 DEBUG 8956 --- [kground-preinit] o.apache.tomcat.util.digester.Digester   : [SetPropertiesRule]{mbeans-descriptors/mbean/operation/parameter} Setting property 'name' to 'name'
2019-05-11 11:06:14.366 DEBUG 8956 --- [           main] a.ConfigurationClassBeanDefinitionReader : Registered bean definition for imported class 'org.springframework.boot.autoconfigure.web.WebClientAutoConfiguration$RestTemplateConfiguration'
2019-05-11 11:06:14.367 DEBUG 8956 --- [kground-preinit] o.apache.tomcat.util.IntrospectionUtils  : IntrospectionUtils: setProperty(class org.apache.tomcat.util.modeler.ParameterInfo name=name)
2019-05-11 11:06:14.367 DEBUG 8956 --- [kground-preinit] o.apache.tomcat.util.digester.Digester   : [SetPropertiesRule]{mbeans-descriptors/mbean/operation/parameter} Setting property 'description' to 'Name of the child to be added'
2019-05-11 11:06:14.367 DEBUG 8956 --- [kground-preinit] o.apache.tomcat.util.IntrospectionUtils  : IntrospectionUtils: setProperty(class org.apache.tomcat.util.modeler.ParameterInfo description=Name of the child to be added)
2019-05-11 11:06:14.367 DEBUG 8956 --- [kground-preinit] o.apache.tomcat.util.digester.Digester   : [SetPropertiesRule]{mbeans-descriptors/mbean/operation/parameter} Setting property 'type' to 'java.lang.String'
2019-05-11 11:06:14.367 DEBUG 8956 --- [kground-preinit] o.apache.tomcat.util.IntrospectionUtils  : IntrospectionUtils: setProperty(class org.apache.tomcat.util.modeler.ParameterInfo type=java.lang.String)
2019-05-11 11:06:14.367 DEBUG 8956 --- [kground-preinit] o.apache.tomcat.util.digester.Digester   :   Fire begin() for SetNextRule[methodName=addParameter, paramType=org.apache.tomcat.util.modeler.ParameterInfo]
2019-05-11 11:06:14.367 DEBUG 8956 --- [kground-preinit] o.a.tomcat.util.digester.Digester.sax    : endElement(,,parameter)
2019-05-11 11:06:14.368 DEBUG 8956 --- [           main] o.s.b.f.s.DefaultListableBeanFactory     : Returning cached instance of singleton bean 'org.springframework.boot.autoconfigure.condition.BeanTypeRegistry'
2019-05-11 11:06:14.368 DEBUG 8956 --- [kground-preinit] o.apache.tomcat.util.digester.Digester   :   match='mbeans-descriptors/mbean/operation/parameter'
2019-05-11 11:06:14.369 DEBUG 8956 --- [kground-preinit] o.apache.tomcat.util.digester.Digester   :   bodyText=''
2019-05-11 11:06:14.369 DEBUG 8956 --- [kground-preinit] o.apache.tomcat.util.digester.Digester   :   Fire body() for ObjectCreateRule[className=org.apache.tomcat.util.modeler.ParameterInfo, attributeName=null]
2019-05-11 11:06:14.369 DEBUG 8956 --- [kground-preinit] o.apache.tomcat.util.digester.Digester   :   Fire body() for SetPropertiesRule[]
2019-05-11 11:06:14.369 DEBUG 8956 --- [kground-preinit] o.apache.tomcat.util.digester.Digester   :   Fire body() for SetNextRule[methodName=addParameter, paramType=org.apache.tomcat.util.modeler.ParameterInfo]
2019-05-11 11:06:14.369 DEBUG 8956 --- [kground-preinit] o.apache.tomcat.util.digester.Digester   :   Fire end() for SetNextRule[methodName=addParameter, paramType=org.apache.tomcat.util.modeler.ParameterInfo]
2019-05-11 11:06:14.369 DEBUG 8956 --- [kground-preinit] o.apache.tomcat.util.digester.Digester   : [SetNextRule]{mbeans-descriptors/mbean/operation/parameter} Call org.apache.tomcat.util.modeler.OperationInfo.addParameter(org.apache.tomcat.util.modeler.ParameterInfo@5f2c497a)
2019-05-11 11:06:14.370 DEBUG 8956 --- [kground-preinit] o.apache.tomcat.util.IntrospectionUtils  : IntrospectionUtils: callMethod1 org.apache.tomcat.util.modeler.OperationInfo org.apache.tomcat.util.modeler.ParameterInfo org.apache.tomcat.util.modeler.ParameterInfo
2019-05-11 11:06:14.370 DEBUG 8956 --- [kground-preinit] o.apache.tomcat.util.digester.Digester   :   Fire end() for SetPropertiesRule[]
2019-05-11 11:06:14.370 DEBUG 8956 --- [kground-preinit] o.apache.tomcat.util.digester.Digester   :   Fire end() for ObjectCreateRule[className=org.apache.tomcat.util.modeler.ParameterInfo, attributeName=null]
2019-05-11 11:06:14.370 DEBUG 8956 --- [kground-preinit] o.apache.tomcat.util.digester.Digester   : [ObjectCreateRule]{mbeans-descriptors/mbean/operation/parameter} Pop org.apache.tomcat.util.modeler.ParameterInfo
2019-05-11 11:06:14.370 DEBUG 8956 --- [kground-preinit] o.a.tomcat.util.digester.Digester.sax    : characters(
    )
2019-05-11 11:06:14.370 DEBUG 8956 --- [kground-preinit] o.a.tomcat.util.digester.Digester.sax    : endElement(,,operation)
2019-05-11 11:06:14.370 DEBUG 8956 --- [kground-preinit] o.apache.tomcat.util.digester.Digester   :   match='mbeans-descriptors/mbean/operation'
2019-05-11 11:06:14.371 DEBUG 8956 --- [kground-preinit] o.apache.tomcat.util.digester.Digester   :   bodyText='
      
      
    '
2019-05-11 11:06:14.371 DEBUG 8956 --- [kground-preinit] o.apache.tomcat.util.digester.Digester   :   Fire body() for ObjectCreateRule[className=org.apache.tomcat.util.modeler.OperationInfo, attributeName=null]
2019-05-11 11:06:14.371 DEBUG 8956 --- [kground-preinit] o.apache.tomcat.util.digester.Digester   :   Fire body() for SetPropertiesRule[]
2019-05-11 11:06:14.371 DEBUG 8956 --- [kground-preinit] o.apache.tomcat.util.digester.Digester   :   Fire body() for SetNextRule[methodName=addOperation, paramType=org.apache.tomcat.util.modeler.OperationInfo]
2019-05-11 11:06:14.371 DEBUG 8956 --- [kground-preinit] o.apache.tomcat.util.digester.Digester   :   Fire end() for SetNextRule[methodName=addOperation, paramType=org.apache.tomcat.util.modeler.OperationInfo]
2019-05-11 11:06:14.371 DEBUG 8956 --- [kground-preinit] o.apache.tomcat.util.digester.Digester   : [SetNextRule]{mbeans-descriptors/mbean/operation} Call org.apache.tomcat.util.modeler.ManagedBean.addOperation(org.apache.tomcat.util.modeler.OperationInfo@1245595)
2019-05-11 11:06:14.371 DEBUG 8956 --- [           main] o.s.b.f.s.DefaultListableBeanFactory     : Returning cached instance of singleton bean 'autoConfigurationReport'
2019-05-11 11:06:14.371 DEBUG 8956 --- [kground-preinit] o.apache.tomcat.util.IntrospectionUtils  : IntrospectionUtils: callMethod1 org.apache.tomcat.util.modeler.ManagedBean org.apache.tomcat.util.modeler.OperationInfo org.apache.tomcat.util.modeler.OperationInfo
2019-05-11 11:06:14.372 DEBUG 8956 --- [kground-preinit] o.apache.tomcat.util.digester.Digester   :   Fire end() for SetPropertiesRule[]
2019-05-11 11:06:14.372 DEBUG 8956 --- [kground-preinit] o.apache.tomcat.util.digester.Digester   :   Fire end() for ObjectCreateRule[className=org.apache.tomcat.util.modeler.OperationInfo, attributeName=null]
2019-05-11 11:06:14.372 DEBUG 8956 --- [kground-preinit] o.apache.tomcat.util.digester.Digester   : [ObjectCreateRule]{mbeans-descriptors/mbean/operation} Pop org.apache.tomcat.util.modeler.OperationInfo
2019-05-11 11:06:14.372 DEBUG 8956 --- [kground-preinit] o.a.tomcat.util.digester.Digester.sax    : characters(

    )
2019-05-11 11:06:14.372 DEBUG 8956 --- [kground-preinit] o.a.tomcat.util.digester.Digester.sax    : startElement(,,operation)
2019-05-11 11:06:14.372 DEBUG 8956 --- [kground-preinit] o.apache.tomcat.util.digester.Digester   :   New match='mbeans-descriptors/mbean/operation'
2019-05-11 11:06:14.372 DEBUG 8956 --- [kground-preinit] o.apache.tomcat.util.digester.Digester   :   Fire begin() for ObjectCreateRule[className=org.apache.tomcat.util.modeler.OperationInfo, attributeName=null]
2019-05-11 11:06:14.372 DEBUG 8956 --- [kground-preinit] o.apache.tomcat.util.digester.Digester   : [ObjectCreateRule]{mbeans-descriptors/mbean/operation}New org.apache.tomcat.util.modeler.OperationInfo
2019-05-11 11:06:14.372 DEBUG 8956 --- [kground-preinit] o.apache.tomcat.util.digester.Digester   :   Fire begin() for SetPropertiesRule[]
2019-05-11 11:06:14.372 DEBUG 8956 --- [kground-preinit] o.apache.tomcat.util.digester.Digester   : [SetPropertiesRule]{mbeans-descriptors/mbean/operation} Set org.apache.tomcat.util.modeler.OperationInfo properties
2019-05-11 11:06:14.372 DEBUG 8956 --- [kground-preinit] o.apache.tomcat.util.digester.Digester   : [SetPropertiesRule]{mbeans-descriptors/mbean/operation} Setting property 'name' to 'addLifecycleListener'
2019-05-11 11:06:14.372 DEBUG 8956 --- [kground-preinit] o.apache.tomcat.util.IntrospectionUtils  : IntrospectionUtils: setProperty(class org.apache.tomcat.util.modeler.OperationInfo name=addLifecycleListener)
2019-05-11 11:06:14.372 DEBUG 8956 --- [kground-preinit] o.apache.tomcat.util.digester.Digester   : [SetPropertiesRule]{mbeans-descriptors/mbean/operation} Setting property 'description' to 'Add a lifecycle listener to this Engine'
2019-05-11 11:06:14.372 DEBUG 8956 --- [kground-preinit] o.apache.tomcat.util.IntrospectionUtils  : IntrospectionUtils: setProperty(class org.apache.tomcat.util.modeler.OperationInfo description=Add a lifecycle listener to this Engine)
2019-05-11 11:06:14.373 DEBUG 8956 --- [kground-preinit] o.apache.tomcat.util.digester.Digester   : [SetPropertiesRule]{mbeans-descriptors/mbean/operation} Setting property 'impact' to 'ACTION'
2019-05-11 11:06:14.373 DEBUG 8956 --- [kground-preinit] o.apache.tomcat.util.IntrospectionUtils  : IntrospectionUtils: setProperty(class org.apache.tomcat.util.modeler.OperationInfo impact=ACTION)
2019-05-11 11:06:14.373 DEBUG 8956 --- [kground-preinit] o.apache.tomcat.util.digester.Digester   : [SetPropertiesRule]{mbeans-descriptors/mbean/operation} Setting property 'returnType' to 'void'
2019-05-11 11:06:14.373 DEBUG 8956 --- [kground-preinit] o.apache.tomcat.util.IntrospectionUtils  : IntrospectionUtils: setProperty(class org.apache.tomcat.util.modeler.OperationInfo returnType=void)
2019-05-11 11:06:14.373 DEBUG 8956 --- [kground-preinit] o.apache.tomcat.util.digester.Digester   :   Fire begin() for SetNextRule[methodName=addOperation, paramType=org.apache.tomcat.util.modeler.OperationInfo]
2019-05-11 11:06:14.373 DEBUG 8956 --- [kground-preinit] o.a.tomcat.util.digester.Digester.sax    : characters(
      )
2019-05-11 11:06:14.373 DEBUG 8956 --- [kground-preinit] o.a.tomcat.util.digester.Digester.sax    : startElement(,,parameter)
2019-05-11 11:06:14.374 DEBUG 8956 --- [kground-preinit] o.apache.tomcat.util.digester.Digester   :   New match='mbeans-descriptors/mbean/operation/parameter'
2019-05-11 11:06:14.374 DEBUG 8956 --- [kground-preinit] o.apache.tomcat.util.digester.Digester   :   Fire begin() for ObjectCreateRule[className=org.apache.tomcat.util.modeler.ParameterInfo, attributeName=null]
2019-05-11 11:06:14.375 DEBUG 8956 --- [kground-preinit] o.apache.tomcat.util.digester.Digester   : [ObjectCreateRule]{mbeans-descriptors/mbean/operation/parameter}New org.apache.tomcat.util.modeler.ParameterInfo
2019-05-11 11:06:14.375 DEBUG 8956 --- [kground-preinit] o.apache.tomcat.util.digester.Digester   :   Fire begin() for SetPropertiesRule[]
2019-05-11 11:06:14.375 DEBUG 8956 --- [kground-preinit] o.apache.tomcat.util.digester.Digester   : [SetPropertiesRule]{mbeans-descriptors/mbean/operation/parameter} Set org.apache.tomcat.util.modeler.ParameterInfo properties
2019-05-11 11:06:14.375 DEBUG 8956 --- [kground-preinit] o.apache.tomcat.util.digester.Digester   : [SetPropertiesRule]{mbeans-descriptors/mbean/operation/parameter} Setting property 'name' to 'type'
2019-05-11 11:06:14.375 DEBUG 8956 --- [kground-preinit] o.apache.tomcat.util.IntrospectionUtils  : IntrospectionUtils: setProperty(class org.apache.tomcat.util.modeler.ParameterInfo name=type)
2019-05-11 11:06:14.375 DEBUG 8956 --- [kground-preinit] o.apache.tomcat.util.digester.Digester   : [SetPropertiesRule]{mbeans-descriptors/mbean/operation/parameter} Setting property 'description' to 'Type(classname) of the new lifecycle listener to be added'
2019-05-11 11:06:14.375 DEBUG 8956 --- [kground-preinit] o.apache.tomcat.util.IntrospectionUtils  : IntrospectionUtils: setProperty(class org.apache.tomcat.util.modeler.ParameterInfo description=Type(classname) of the new lifecycle listener to be added)
2019-05-11 11:06:14.375 DEBUG 8956 --- [kground-preinit] o.apache.tomcat.util.digester.Digester   : [SetPropertiesRule]{mbeans-descriptors/mbean/operation/parameter} Setting property 'type' to 'java.lang.String'
2019-05-11 11:06:14.376 DEBUG 8956 --- [kground-preinit] o.apache.tomcat.util.IntrospectionUtils  : IntrospectionUtils: setProperty(class org.apache.tomcat.util.modeler.ParameterInfo type=java.lang.String)
2019-05-11 11:06:14.376 DEBUG 8956 --- [kground-preinit] o.apache.tomcat.util.digester.Digester   :   Fire begin() for SetNextRule[methodName=addParameter, paramType=org.apache.tomcat.util.modeler.ParameterInfo]
2019-05-11 11:06:14.376 DEBUG 8956 --- [kground-preinit] o.a.tomcat.util.digester.Digester.sax    : endElement(,,parameter)
2019-05-11 11:06:14.376 DEBUG 8956 --- [kground-preinit] o.apache.tomcat.util.digester.Digester   :   match='mbeans-descriptors/mbean/operation/parameter'
2019-05-11 11:06:14.377 DEBUG 8956 --- [kground-preinit] o.apache.tomcat.util.digester.Digester   :   bodyText=''
2019-05-11 11:06:14.377 DEBUG 8956 --- [kground-preinit] o.apache.tomcat.util.digester.Digester   :   Fire body() for ObjectCreateRule[className=org.apache.tomcat.util.modeler.ParameterInfo, attributeName=null]
2019-05-11 11:06:14.377 DEBUG 8956 --- [kground-preinit] o.apache.tomcat.util.digester.Digester   :   Fire body() for SetPropertiesRule[]
2019-05-11 11:06:14.377 DEBUG 8956 --- [kground-preinit] o.apache.tomcat.util.digester.Digester   :   Fire body() for SetNextRule[methodName=addParameter, paramType=org.apache.tomcat.util.modeler.ParameterInfo]
2019-05-11 11:06:14.377 DEBUG 8956 --- [kground-preinit] o.apache.tomcat.util.digester.Digester   :   Fire end() for SetNextRule[methodName=addParameter, paramType=org.apache.tomcat.util.modeler.ParameterInfo]
2019-05-11 11:06:14.377 DEBUG 8956 --- [kground-preinit] o.apache.tomcat.util.digester.Digester   : [SetNextRule]{mbeans-descriptors/mbean/operation/parameter} Call org.apache.tomcat.util.modeler.OperationInfo.addParameter(org.apache.tomcat.util.modeler.ParameterInfo@243ac652)
2019-05-11 11:06:14.378 DEBUG 8956 --- [kground-preinit] o.apache.tomcat.util.IntrospectionUtils  : IntrospectionUtils: callMethod1 org.apache.tomcat.util.modeler.OperationInfo org.apache.tomcat.util.modeler.ParameterInfo org.apache.tomcat.util.modeler.ParameterInfo
2019-05-11 11:06:14.378 DEBUG 8956 --- [kground-preinit] o.apache.tomcat.util.digester.Digester   :   Fire end() for SetPropertiesRule[]
2019-05-11 11:06:14.378 DEBUG 8956 --- [kground-preinit] o.apache.tomcat.util.digester.Digester   :   Fire end() for ObjectCreateRule[className=org.apache.tomcat.util.modeler.ParameterInfo, attributeName=null]
2019-05-11 11:06:14.378 DEBUG 8956 --- [kground-preinit] o.apache.tomcat.util.digester.Digester   : [ObjectCreateRule]{mbeans-descriptors/mbean/operation/parameter} Pop org.apache.tomcat.util.modeler.ParameterInfo
2019-05-11 11:06:14.378 DEBUG 8956 --- [kground-preinit] o.a.tomcat.util.digester.Digester.sax    : characters(
    )
2019-05-11 11:06:14.378 DEBUG 8956 --- [kground-preinit] o.a.tomcat.util.digester.Digester.sax    : endElement(,,operation)
2019-05-11 11:06:14.378 DEBUG 8956 --- [kground-preinit] o.apache.tomcat.util.digester.Digester   :   match='mbeans-descriptors/mbean/operation'
2019-05-11 11:06:14.378 DEBUG 8956 --- [kground-preinit] o.apache.tomcat.util.digester.Digester   :   bodyText='
      
    '
2019-05-11 11:06:14.378 DEBUG 8956 --- [kground-preinit] o.apache.tomcat.util.digester.Digester   :   Fire body() for ObjectCreateRule[className=org.apache.tomcat.util.modeler.OperationInfo, attributeName=null]
2019-05-11 11:06:14.378 DEBUG 8956 --- [kground-preinit] o.apache.tomcat.util.digester.Digester   :   Fire body() for SetPropertiesRule[]
2019-05-11 11:06:14.379 DEBUG 8956 --- [kground-preinit] o.apache.tomcat.util.digester.Digester   :   Fire body() for SetNextRule[methodName=addOperation, paramType=org.apache.tomcat.util.modeler.OperationInfo]
2019-05-11 11:06:14.379 DEBUG 8956 --- [kground-preinit] o.apache.tomcat.util.digester.Digester   :   Fire end() for SetNextRule[methodName=addOperation, paramType=org.apache.tomcat.util.modeler.OperationInfo]
2019-05-11 11:06:14.379 DEBUG 8956 --- [kground-preinit] o.apache.tomcat.util.digester.Digester   : [SetNextRule]{mbeans-descriptors/mbean/operation} Call org.apache.tomcat.util.modeler.ManagedBean.addOperation(org.apache.tomcat.util.modeler.OperationInfo@6756ef1)
2019-05-11 11:06:14.379 DEBUG 8956 --- [kground-preinit] o.apache.tomcat.util.IntrospectionUtils  : IntrospectionUtils: callMethod1 org.apache.tomcat.util.modeler.ManagedBean org.apache.tomcat.util.modeler.OperationInfo org.apache.tomcat.util.modeler.OperationInfo
2019-05-11 11:06:14.379 DEBUG 8956 --- [kground-preinit] o.apache.tomcat.util.digester.Digester   :   Fire end() for SetPropertiesRule[]
2019-05-11 11:06:14.379 DEBUG 8956 --- [kground-preinit] o.apache.tomcat.util.digester.Digester   :   Fire end() for ObjectCreateRule[className=org.apache.tomcat.util.modeler.OperationInfo, attributeName=null]
2019-05-11 11:06:14.379 DEBUG 8956 --- [kground-preinit] o.apache.tomcat.util.digester.Digester   : [ObjectCreateRule]{mbeans-descriptors/mbean/operation} Pop org.apache.tomcat.util.modeler.OperationInfo
2019-05-11 11:06:14.379 DEBUG 8956 --- [kground-preinit] o.a.tomcat.util.digester.Digester.sax    : characters(

    )
2019-05-11 11:06:14.379 DEBUG 8956 --- [kground-preinit] o.a.tomcat.util.digester.Digester.sax    : startElement(,,operation)
2019-05-11 11:06:14.379 DEBUG 8956 --- [kground-preinit] o.apache.tomcat.util.digester.Digester   :   New match='mbeans-descriptors/mbean/operation'
2019-05-11 11:06:14.380 DEBUG 8956 --- [kground-preinit] o.apache.tomcat.util.digester.Digester   :   Fire begin() for ObjectCreateRule[className=org.apache.tomcat.util.modeler.OperationInfo, attributeName=null]
2019-05-11 11:06:14.380 DEBUG 8956 --- [kground-preinit] o.apache.tomcat.util.digester.Digester   : [ObjectCreateRule]{mbeans-descriptors/mbean/operation}New org.apache.tomcat.util.modeler.OperationInfo
2019-05-11 11:06:14.380 DEBUG 8956 --- [kground-preinit] o.apache.tomcat.util.digester.Digester   :   Fire begin() for SetPropertiesRule[]
2019-05-11 11:06:14.381 DEBUG 8956 --- [kground-preinit] o.apache.tomcat.util.digester.Digester   : [SetPropertiesRule]{mbeans-descriptors/mbean/operation} Set org.apache.tomcat.util.modeler.OperationInfo properties
2019-05-11 11:06:14.381 DEBUG 8956 --- [kground-preinit] o.apache.tomcat.util.digester.Digester   : [SetPropertiesRule]{mbeans-descriptors/mbean/operation} Setting property 'name' to 'addValve'
2019-05-11 11:06:14.381 DEBUG 8956 --- [kground-preinit] o.apache.tomcat.util.IntrospectionUtils  : IntrospectionUtils: setProperty(class org.apache.tomcat.util.modeler.OperationInfo name=addValve)
2019-05-11 11:06:14.381 DEBUG 8956 --- [kground-preinit] o.apache.tomcat.util.digester.Digester   : [SetPropertiesRule]{mbeans-descriptors/mbean/operation} Setting property 'description' to 'Add a valve to this Engine'
2019-05-11 11:06:14.381 DEBUG 8956 --- [kground-preinit] o.apache.tomcat.util.IntrospectionUtils  : IntrospectionUtils: setProperty(class org.apache.tomcat.util.modeler.OperationInfo description=Add a valve to this Engine)
2019-05-11 11:06:14.381 DEBUG 8956 --- [kground-preinit] o.apache.tomcat.util.digester.Digester   : [SetPropertiesRule]{mbeans-descriptors/mbean/operation} Setting property 'impact' to 'ACTION'
2019-05-11 11:06:14.382 DEBUG 8956 --- [kground-preinit] o.apache.tomcat.util.IntrospectionUtils  : IntrospectionUtils: setProperty(class org.apache.tomcat.util.modeler.OperationInfo impact=ACTION)
2019-05-11 11:06:14.382 DEBUG 8956 --- [kground-preinit] o.apache.tomcat.util.digester.Digester   : [SetPropertiesRule]{mbeans-descriptors/mbean/operation} Setting property 'returnType' to 'java.lang.String'
2019-05-11 11:06:14.382 DEBUG 8956 --- [kground-preinit] o.apache.tomcat.util.IntrospectionUtils  : IntrospectionUtils: setProperty(class org.apache.tomcat.util.modeler.OperationInfo returnType=java.lang.String)
2019-05-11 11:06:14.382 DEBUG 8956 --- [kground-preinit] o.apache.tomcat.util.digester.Digester   :   Fire begin() for SetNextRule[methodName=addOperation, paramType=org.apache.tomcat.util.modeler.OperationInfo]
2019-05-11 11:06:14.383 DEBUG 8956 --- [kground-preinit] o.a.tomcat.util.digester.Digester.sax    : characters(
      )
2019-05-11 11:06:14.372 DEBUG 8956 --- [           main] a.ConfigurationClassBeanDefinitionReader : Registering bean definition for @Bean method org.springframework.boot.autoconfigure.web.WebClientAutoConfiguration$RestTemplateConfiguration.restTemplateBuilder()
2019-05-11 11:06:14.387 DEBUG 8956 --- [           main] a.ConfigurationClassBeanDefinitionReader : Registered bean definition for imported class 'org.springframework.boot.autoconfigure.web.WebClientAutoConfiguration'
2019-05-11 11:06:14.387 DEBUG 8956 --- [kground-preinit] o.a.tomcat.util.digester.Digester.sax    : startElement(,,parameter)
2019-05-11 11:06:14.388 DEBUG 8956 --- [kground-preinit] o.apache.tomcat.util.digester.Digester   :   New match='mbeans-descriptors/mbean/operation/parameter'
2019-05-11 11:06:14.388 DEBUG 8956 --- [kground-preinit] o.apache.tomcat.util.digester.Digester   :   Fire begin() for ObjectCreateRule[className=org.apache.tomcat.util.modeler.ParameterInfo, attributeName=null]
2019-05-11 11:06:14.389 DEBUG 8956 --- [kground-preinit] o.apache.tomcat.util.digester.Digester   : [ObjectCreateRule]{mbeans-descriptors/mbean/operation/parameter}New org.apache.tomcat.util.modeler.ParameterInfo
2019-05-11 11:06:14.389 DEBUG 8956 --- [kground-preinit] o.apache.tomcat.util.digester.Digester   :   Fire begin() for SetPropertiesRule[]
2019-05-11 11:06:14.389 DEBUG 8956 --- [kground-preinit] o.apache.tomcat.util.digester.Digester   : [SetPropertiesRule]{mbeans-descriptors/mbean/operation/parameter} Set org.apache.tomcat.util.modeler.ParameterInfo properties
2019-05-11 11:06:14.389 DEBUG 8956 --- [kground-preinit] o.apache.tomcat.util.digester.Digester   : [SetPropertiesRule]{mbeans-descriptors/mbean/operation/parameter} Setting property 'name' to 'valveType'
2019-05-11 11:06:14.390 DEBUG 8956 --- [kground-preinit] o.apache.tomcat.util.IntrospectionUtils  : IntrospectionUtils: setProperty(class org.apache.tomcat.util.modeler.ParameterInfo name=valveType)
2019-05-11 11:06:14.390 DEBUG 8956 --- [kground-preinit] o.apache.tomcat.util.digester.Digester   : [SetPropertiesRule]{mbeans-descriptors/mbean/operation/parameter} Setting property 'description' to 'Type(classname) of the new valve to be added'
2019-05-11 11:06:14.390 DEBUG 8956 --- [kground-preinit] o.apache.tomcat.util.IntrospectionUtils  : IntrospectionUtils: setProperty(class org.apache.tomcat.util.modeler.ParameterInfo description=Type(classname) of the new valve to be added)
2019-05-11 11:06:14.390 DEBUG 8956 --- [kground-preinit] o.apache.tomcat.util.digester.Digester   : [SetPropertiesRule]{mbeans-descriptors/mbean/operation/parameter} Setting property 'type' to 'java.lang.String'
2019-05-11 11:06:14.394 DEBUG 8956 --- [kground-preinit] o.apache.tomcat.util.IntrospectionUtils  : IntrospectionUtils: setProperty(class org.apache.tomcat.util.modeler.ParameterInfo type=java.lang.String)
2019-05-11 11:06:14.394 DEBUG 8956 --- [kground-preinit] o.apache.tomcat.util.digester.Digester   :   Fire begin() for SetNextRule[methodName=addParameter, paramType=org.apache.tomcat.util.modeler.ParameterInfo]
2019-05-11 11:06:14.394 DEBUG 8956 --- [kground-preinit] o.a.tomcat.util.digester.Digester.sax    : endElement(,,parameter)
2019-05-11 11:06:14.394 DEBUG 8956 --- [kground-preinit] o.apache.tomcat.util.digester.Digester   :   match='mbeans-descriptors/mbean/operation/parameter'
2019-05-11 11:06:14.396 DEBUG 8956 --- [kground-preinit] o.apache.tomcat.util.digester.Digester   :   bodyText=''
2019-05-11 11:06:14.396 DEBUG 8956 --- [kground-preinit] o.apache.tomcat.util.digester.Digester   :   Fire body() for ObjectCreateRule[className=org.apache.tomcat.util.modeler.ParameterInfo, attributeName=null]
2019-05-11 11:06:14.397 DEBUG 8956 --- [kground-preinit] o.apache.tomcat.util.digester.Digester   :   Fire body() for SetPropertiesRule[]
2019-05-11 11:06:14.397 DEBUG 8956 --- [kground-preinit] o.apache.tomcat.util.digester.Digester   :   Fire body() for SetNextRule[methodName=addParameter, paramType=org.apache.tomcat.util.modeler.ParameterInfo]
2019-05-11 11:06:14.398 DEBUG 8956 --- [kground-preinit] o.apache.tomcat.util.digester.Digester   :   Fire end() for SetNextRule[methodName=addParameter, paramType=org.apache.tomcat.util.modeler.ParameterInfo]
2019-05-11 11:06:14.399 DEBUG 8956 --- [kground-preinit] o.apache.tomcat.util.digester.Digester   : [SetNextRule]{mbeans-descriptors/mbean/operation/parameter} Call org.apache.tomcat.util.modeler.OperationInfo.addParameter(org.apache.tomcat.util.modeler.ParameterInfo@3b2f80dc)
2019-05-11 11:06:14.399 DEBUG 8956 --- [kground-preinit] o.apache.tomcat.util.IntrospectionUtils  : IntrospectionUtils: callMethod1 org.apache.tomcat.util.modeler.OperationInfo org.apache.tomcat.util.modeler.ParameterInfo org.apache.tomcat.util.modeler.ParameterInfo
2019-05-11 11:06:14.401 DEBUG 8956 --- [kground-preinit] o.apache.tomcat.util.digester.Digester   :   Fire end() for SetPropertiesRule[]
2019-05-11 11:06:14.401 DEBUG 8956 --- [kground-preinit] o.apache.tomcat.util.digester.Digester   :   Fire end() for ObjectCreateRule[className=org.apache.tomcat.util.modeler.ParameterInfo, attributeName=null]
2019-05-11 11:06:14.401 DEBUG 8956 --- [kground-preinit] o.apache.tomcat.util.digester.Digester   : [ObjectCreateRule]{mbeans-descriptors/mbean/operation/parameter} Pop org.apache.tomcat.util.modeler.ParameterInfo
2019-05-11 11:06:14.401 DEBUG 8956 --- [kground-preinit] o.a.tomcat.util.digester.Digester.sax    : characters(
    )
2019-05-11 11:06:14.402 DEBUG 8956 --- [kground-preinit] o.a.tomcat.util.digester.Digester.sax    : endElement(,,operation)
2019-05-11 11:06:14.402 DEBUG 8956 --- [kground-preinit] o.apache.tomcat.util.digester.Digester   :   match='mbeans-descriptors/mbean/operation'
2019-05-11 11:06:14.403 DEBUG 8956 --- [kground-preinit] o.apache.tomcat.util.digester.Digester   :   bodyText='
      
    '
2019-05-11 11:06:14.404 DEBUG 8956 --- [kground-preinit] o.apache.tomcat.util.digester.Digester   :   Fire body() for ObjectCreateRule[className=org.apache.tomcat.util.modeler.OperationInfo, attributeName=null]
2019-05-11 11:06:14.405 DEBUG 8956 --- [kground-preinit] o.apache.tomcat.util.digester.Digester   :   Fire body() for SetPropertiesRule[]
2019-05-11 11:06:14.406 DEBUG 8956 --- [kground-preinit] o.apache.tomcat.util.digester.Digester   :   Fire body() for SetNextRule[methodName=addOperation, paramType=org.apache.tomcat.util.modeler.OperationInfo]
2019-05-11 11:06:14.406 DEBUG 8956 --- [kground-preinit] o.apache.tomcat.util.digester.Digester   :   Fire end() for SetNextRule[methodName=addOperation, paramType=org.apache.tomcat.util.modeler.OperationInfo]
2019-05-11 11:06:14.407 DEBUG 8956 --- [kground-preinit] o.apache.tomcat.util.digester.Digester   : [SetNextRule]{mbeans-descriptors/mbean/operation} Call org.apache.tomcat.util.modeler.ManagedBean.addOperation(org.apache.tomcat.util.modeler.OperationInfo@1804e2d1)
2019-05-11 11:06:14.407 DEBUG 8956 --- [kground-preinit] o.apache.tomcat.util.IntrospectionUtils  : IntrospectionUtils: callMethod1 org.apache.tomcat.util.modeler.ManagedBean org.apache.tomcat.util.modeler.OperationInfo org.apache.tomcat.util.modeler.OperationInfo
2019-05-11 11:06:14.409 DEBUG 8956 --- [kground-preinit] o.apache.tomcat.util.digester.Digester   :   Fire end() for SetPropertiesRule[]
2019-05-11 11:06:14.409 DEBUG 8956 --- [kground-preinit] o.apache.tomcat.util.digester.Digester   :   Fire end() for ObjectCreateRule[className=org.apache.tomcat.util.modeler.OperationInfo, attributeName=null]
2019-05-11 11:06:14.409 DEBUG 8956 --- [kground-preinit] o.apache.tomcat.util.digester.Digester   : [ObjectCreateRule]{mbeans-descriptors/mbean/operation} Pop org.apache.tomcat.util.modeler.OperationInfo
2019-05-11 11:06:14.410 DEBUG 8956 --- [kground-preinit] o.a.tomcat.util.digester.Digester.sax    : characters(

    )
2019-05-11 11:06:14.410 DEBUG 8956 --- [kground-preinit] o.a.tomcat.util.digester.Digester.sax    : startElement(,,operation)
2019-05-11 11:06:14.411 DEBUG 8956 --- [kground-preinit] o.apache.tomcat.util.digester.Digester   :   New match='mbeans-descriptors/mbean/operation'
2019-05-11 11:06:14.411 DEBUG 8956 --- [kground-preinit] o.apache.tomcat.util.digester.Digester   :   Fire begin() for ObjectCreateRule[className=org.apache.tomcat.util.modeler.OperationInfo, attributeName=null]
2019-05-11 11:06:14.412 DEBUG 8956 --- [kground-preinit] o.apache.tomcat.util.digester.Digester   : [ObjectCreateRule]{mbeans-descriptors/mbean/operation}New org.apache.tomcat.util.modeler.OperationInfo
2019-05-11 11:06:14.413 DEBUG 8956 --- [kground-preinit] o.apache.tomcat.util.digester.Digester   :   Fire begin() for SetPropertiesRule[]
2019-05-11 11:06:14.413 DEBUG 8956 --- [kground-preinit] o.apache.tomcat.util.digester.Digester   : [SetPropertiesRule]{mbeans-descriptors/mbean/operation} Set org.apache.tomcat.util.modeler.OperationInfo properties
2019-05-11 11:06:14.413 DEBUG 8956 --- [kground-preinit] o.apache.tomcat.util.digester.Digester   : [SetPropertiesRule]{mbeans-descriptors/mbean/operation} Setting property 'name' to 'destroy'
2019-05-11 11:06:14.415 DEBUG 8956 --- [kground-preinit] o.apache.tomcat.util.IntrospectionUtils  : IntrospectionUtils: setProperty(class org.apache.tomcat.util.modeler.OperationInfo name=destroy)
2019-05-11 11:06:14.415 DEBUG 8956 --- [kground-preinit] o.apache.tomcat.util.digester.Digester   : [SetPropertiesRule]{mbeans-descriptors/mbean/operation} Setting property 'description' to 'Destroy'
2019-05-11 11:06:14.418 DEBUG 8956 --- [kground-preinit] o.apache.tomcat.util.IntrospectionUtils  : IntrospectionUtils: setProperty(class org.apache.tomcat.util.modeler.OperationInfo description=Destroy)
2019-05-11 11:06:14.421 DEBUG 8956 --- [kground-preinit] o.apache.tomcat.util.digester.Digester   : [SetPropertiesRule]{mbeans-descriptors/mbean/operation} Setting property 'impact' to 'ACTION'
2019-05-11 11:06:14.421 DEBUG 8956 --- [kground-preinit] o.apache.tomcat.util.IntrospectionUtils  : IntrospectionUtils: setProperty(class org.apache.tomcat.util.modeler.OperationInfo impact=ACTION)
2019-05-11 11:06:14.422 DEBUG 8956 --- [kground-preinit] o.apache.tomcat.util.digester.Digester   : [SetPropertiesRule]{mbeans-descriptors/mbean/operation} Setting property 'returnType' to 'void'
2019-05-11 11:06:14.422 DEBUG 8956 --- [kground-preinit] o.apache.tomcat.util.IntrospectionUtils  : IntrospectionUtils: setProperty(class org.apache.tomcat.util.modeler.OperationInfo returnType=void)
2019-05-11 11:06:14.422 DEBUG 8956 --- [kground-preinit] o.apache.tomcat.util.digester.Digester   :   Fire begin() for SetNextRule[methodName=addOperation, paramType=org.apache.tomcat.util.modeler.OperationInfo]
2019-05-11 11:06:14.422 DEBUG 8956 --- [kground-preinit] o.a.tomcat.util.digester.Digester.sax    : endElement(,,operation)
2019-05-11 11:06:14.422 DEBUG 8956 --- [kground-preinit] o.apache.tomcat.util.digester.Digester   :   match='mbeans-descriptors/mbean/operation'
2019-05-11 11:06:14.422 DEBUG 8956 --- [kground-preinit] o.apache.tomcat.util.digester.Digester   :   bodyText=''
2019-05-11 11:06:14.422 DEBUG 8956 --- [kground-preinit] o.apache.tomcat.util.digester.Digester   :   Fire body() for ObjectCreateRule[className=org.apache.tomcat.util.modeler.OperationInfo, attributeName=null]
2019-05-11 11:06:14.423 DEBUG 8956 --- [kground-preinit] o.apache.tomcat.util.digester.Digester   :   Fire body() for SetPropertiesRule[]
2019-05-11 11:06:14.423 DEBUG 8956 --- [kground-preinit] o.apache.tomcat.util.digester.Digester   :   Fire body() for SetNextRule[methodName=addOperation, paramType=org.apache.tomcat.util.modeler.OperationInfo]
2019-05-11 11:06:14.423 DEBUG 8956 --- [kground-preinit] o.apache.tomcat.util.digester.Digester   :   Fire end() for SetNextRule[methodName=addOperation, paramType=org.apache.tomcat.util.modeler.OperationInfo]
2019-05-11 11:06:14.423 DEBUG 8956 --- [kground-preinit] o.apache.tomcat.util.digester.Digester   : [SetNextRule]{mbeans-descriptors/mbean/operation} Call org.apache.tomcat.util.modeler.ManagedBean.addOperation(org.apache.tomcat.util.modeler.OperationInfo@6afebfd5)
2019-05-11 11:06:14.423 DEBUG 8956 --- [kground-preinit] o.apache.tomcat.util.IntrospectionUtils  : IntrospectionUtils: callMethod1 org.apache.tomcat.util.modeler.ManagedBean org.apache.tomcat.util.modeler.OperationInfo org.apache.tomcat.util.modeler.OperationInfo
2019-05-11 11:06:14.424 DEBUG 8956 --- [kground-preinit] o.apache.tomcat.util.digester.Digester   :   Fire end() for SetPropertiesRule[]
2019-05-11 11:06:14.424 DEBUG 8956 --- [kground-preinit] o.apache.tomcat.util.digester.Digester   :   Fire end() for ObjectCreateRule[className=org.apache.tomcat.util.modeler.OperationInfo, attributeName=null]
2019-05-11 11:06:14.424 DEBUG 8956 --- [kground-preinit] o.apache.tomcat.util.digester.Digester   : [ObjectCreateRule]{mbeans-descriptors/mbean/operation} Pop org.apache.tomcat.util.modeler.OperationInfo
2019-05-11 11:06:14.424 DEBUG 8956 --- [kground-preinit] o.a.tomcat.util.digester.Digester.sax    : characters(

    )
2019-05-11 11:06:14.425 DEBUG 8956 --- [kground-preinit] o.a.tomcat.util.digester.Digester.sax    : startElement(,,operation)
2019-05-11 11:06:14.425 DEBUG 8956 --- [kground-preinit] o.apache.tomcat.util.digester.Digester   :   New match='mbeans-descriptors/mbean/operation'
2019-05-11 11:06:14.425 DEBUG 8956 --- [kground-preinit] o.apache.tomcat.util.digester.Digester   :   Fire begin() for ObjectCreateRule[className=org.apache.tomcat.util.modeler.OperationInfo, attributeName=null]
2019-05-11 11:06:14.425 DEBUG 8956 --- [kground-preinit] o.apache.tomcat.util.digester.Digester   : [ObjectCreateRule]{mbeans-descriptors/mbean/operation}New org.apache.tomcat.util.modeler.OperationInfo
2019-05-11 11:06:14.425 DEBUG 8956 --- [kground-preinit] o.apache.tomcat.util.digester.Digester   :   Fire begin() for SetPropertiesRule[]
2019-05-11 11:06:14.426 DEBUG 8956 --- [kground-preinit] o.apache.tomcat.util.digester.Digester   : [SetPropertiesRule]{mbeans-descriptors/mbean/operation} Set org.apache.tomcat.util.modeler.OperationInfo properties
2019-05-11 11:06:14.426 DEBUG 8956 --- [kground-preinit] o.apache.tomcat.util.digester.Digester   : [SetPropertiesRule]{mbeans-descriptors/mbean/operation} Setting property 'name' to 'init'
2019-05-11 11:06:14.427 DEBUG 8956 --- [kground-preinit] o.apache.tomcat.util.IntrospectionUtils  : IntrospectionUtils: setProperty(class org.apache.tomcat.util.modeler.OperationInfo name=init)
2019-05-11 11:06:14.427 DEBUG 8956 --- [kground-preinit] o.apache.tomcat.util.digester.Digester   : [SetPropertiesRule]{mbeans-descriptors/mbean/operation} Setting property 'description' to 'Init'
2019-05-11 11:06:14.428 DEBUG 8956 --- [kground-preinit] o.apache.tomcat.util.IntrospectionUtils  : IntrospectionUtils: setProperty(class org.apache.tomcat.util.modeler.OperationInfo description=Init)
2019-05-11 11:06:14.428 DEBUG 8956 --- [kground-preinit] o.apache.tomcat.util.digester.Digester   : [SetPropertiesRule]{mbeans-descriptors/mbean/operation} Setting property 'impact' to 'ACTION'
2019-05-11 11:06:14.428 DEBUG 8956 --- [kground-preinit] o.apache.tomcat.util.IntrospectionUtils  : IntrospectionUtils: setProperty(class org.apache.tomcat.util.modeler.OperationInfo impact=ACTION)
2019-05-11 11:06:14.428 DEBUG 8956 --- [kground-preinit] o.apache.tomcat.util.digester.Digester   : [SetPropertiesRule]{mbeans-descriptors/mbean/operation} Setting property 'returnType' to 'void'
2019-05-11 11:06:14.428 DEBUG 8956 --- [kground-preinit] o.apache.tomcat.util.IntrospectionUtils  : IntrospectionUtils: setProperty(class org.apache.tomcat.util.modeler.OperationInfo returnType=void)
2019-05-11 11:06:14.429 DEBUG 8956 --- [kground-preinit] o.apache.tomcat.util.digester.Digester   :   Fire begin() for SetNextRule[methodName=addOperation, paramType=org.apache.tomcat.util.modeler.OperationInfo]
2019-05-11 11:06:14.429 DEBUG 8956 --- [kground-preinit] o.a.tomcat.util.digester.Digester.sax    : endElement(,,operation)
2019-05-11 11:06:14.429 DEBUG 8956 --- [kground-preinit] o.apache.tomcat.util.digester.Digester   :   match='mbeans-descriptors/mbean/operation'
2019-05-11 11:06:14.429 DEBUG 8956 --- [kground-preinit] o.apache.tomcat.util.digester.Digester   :   bodyText=''
2019-05-11 11:06:14.429 DEBUG 8956 --- [kground-preinit] o.apache.tomcat.util.digester.Digester   :   Fire body() for ObjectCreateRule[className=org.apache.tomcat.util.modeler.OperationInfo, attributeName=null]
2019-05-11 11:06:14.429 DEBUG 8956 --- [kground-preinit] o.apache.tomcat.util.digester.Digester   :   Fire body() for SetPropertiesRule[]
2019-05-11 11:06:14.429 DEBUG 8956 --- [kground-preinit] o.apache.tomcat.util.digester.Digester   :   Fire body() for SetNextRule[methodName=addOperation, paramType=org.apache.tomcat.util.modeler.OperationInfo]
2019-05-11 11:06:14.431 DEBUG 8956 --- [kground-preinit] o.apache.tomcat.util.digester.Digester   :   Fire end() for SetNextRule[methodName=addOperation, paramType=org.apache.tomcat.util.modeler.OperationInfo]
2019-05-11 11:06:14.431 DEBUG 8956 --- [kground-preinit] o.apache.tomcat.util.digester.Digester   : [SetNextRule]{mbeans-descriptors/mbean/operation} Call org.apache.tomcat.util.modeler.ManagedBean.addOperation(org.apache.tomcat.util.modeler.OperationInfo@47d1469d)
2019-05-11 11:06:14.431 DEBUG 8956 --- [kground-preinit] o.apache.tomcat.util.IntrospectionUtils  : IntrospectionUtils: callMethod1 org.apache.tomcat.util.modeler.ManagedBean org.apache.tomcat.util.modeler.OperationInfo org.apache.tomcat.util.modeler.OperationInfo
2019-05-11 11:06:14.433 DEBUG 8956 --- [kground-preinit] o.apache.tomcat.util.digester.Digester   :   Fire end() for SetPropertiesRule[]
2019-05-11 11:06:14.433 DEBUG 8956 --- [kground-preinit] o.apache.tomcat.util.digester.Digester   :   Fire end() for ObjectCreateRule[className=org.apache.tomcat.util.modeler.OperationInfo, attributeName=null]
2019-05-11 11:06:14.434 DEBUG 8956 --- [kground-preinit] o.apache.tomcat.util.digester.Digester   : [ObjectCreateRule]{mbeans-descriptors/mbean/operation} Pop org.apache.tomcat.util.modeler.OperationInfo
2019-05-11 11:06:14.434 DEBUG 8956 --- [kground-preinit] o.a.tomcat.util.digester.Digester.sax    : characters(

    )
2019-05-11 11:06:14.434 DEBUG 8956 --- [kground-preinit] o.a.tomcat.util.digester.Digester.sax    : startElement(,,operation)
2019-05-11 11:06:14.434 DEBUG 8956 --- [kground-preinit] o.apache.tomcat.util.digester.Digester   :   New match='mbeans-descriptors/mbean/operation'
2019-05-11 11:06:14.435 DEBUG 8956 --- [kground-preinit] o.apache.tomcat.util.digester.Digester   :   Fire begin() for ObjectCreateRule[className=org.apache.tomcat.util.modeler.OperationInfo, attributeName=null]
2019-05-11 11:06:14.435 DEBUG 8956 --- [kground-preinit] o.apache.tomcat.util.digester.Digester   : [ObjectCreateRule]{mbeans-descriptors/mbean/operation}New org.apache.tomcat.util.modeler.OperationInfo
2019-05-11 11:06:14.435 DEBUG 8956 --- [kground-preinit] o.apache.tomcat.util.digester.Digester   :   Fire begin() for SetPropertiesRule[]
2019-05-11 11:06:14.435 DEBUG 8956 --- [kground-preinit] o.apache.tomcat.util.digester.Digester   : [SetPropertiesRule]{mbeans-descriptors/mbean/operation} Set org.apache.tomcat.util.modeler.OperationInfo properties
2019-05-11 11:06:14.435 DEBUG 8956 --- [kground-preinit] o.apache.tomcat.util.digester.Digester   : [SetPropertiesRule]{mbeans-descriptors/mbean/operation} Setting property 'name' to 'removeChild'
2019-05-11 11:06:14.435 DEBUG 8956 --- [kground-preinit] o.apache.tomcat.util.IntrospectionUtils  : IntrospectionUtils: setProperty(class org.apache.tomcat.util.modeler.OperationInfo name=removeChild)
2019-05-11 11:06:14.436 DEBUG 8956 --- [kground-preinit] o.apache.tomcat.util.digester.Digester   : [SetPropertiesRule]{mbeans-descriptors/mbean/operation} Setting property 'description' to 'Remove a child(Host) from this Engine'
2019-05-11 11:06:14.436 DEBUG 8956 --- [kground-preinit] o.apache.tomcat.util.IntrospectionUtils  : IntrospectionUtils: setProperty(class org.apache.tomcat.util.modeler.OperationInfo description=Remove a child(Host) from this Engine)
2019-05-11 11:06:14.436 DEBUG 8956 --- [kground-preinit] o.apache.tomcat.util.digester.Digester   : [SetPropertiesRule]{mbeans-descriptors/mbean/operation} Setting property 'impact' to 'ACTION'
2019-05-11 11:06:14.436 DEBUG 8956 --- [kground-preinit] o.apache.tomcat.util.IntrospectionUtils  : IntrospectionUtils: setProperty(class org.apache.tomcat.util.modeler.OperationInfo impact=ACTION)
2019-05-11 11:06:14.437 DEBUG 8956 --- [kground-preinit] o.apache.tomcat.util.digester.Digester   : [SetPropertiesRule]{mbeans-descriptors/mbean/operation} Setting property 'returnType' to 'void'
2019-05-11 11:06:14.437 DEBUG 8956 --- [kground-preinit] o.apache.tomcat.util.IntrospectionUtils  : IntrospectionUtils: setProperty(class org.apache.tomcat.util.modeler.OperationInfo returnType=void)
2019-05-11 11:06:14.437 DEBUG 8956 --- [kground-preinit] o.apache.tomcat.util.digester.Digester   :   Fire begin() for SetNextRule[methodName=addOperation, paramType=org.apache.tomcat.util.modeler.OperationInfo]
2019-05-11 11:06:14.437 DEBUG 8956 --- [kground-preinit] o.a.tomcat.util.digester.Digester.sax    : characters(
      )
2019-05-11 11:06:14.438 DEBUG 8956 --- [kground-preinit] o.a.tomcat.util.digester.Digester.sax    : startElement(,,parameter)
2019-05-11 11:06:14.439 DEBUG 8956 --- [kground-preinit] o.apache.tomcat.util.digester.Digester   :   New match='mbeans-descriptors/mbean/operation/parameter'
2019-05-11 11:06:14.439 DEBUG 8956 --- [kground-preinit] o.apache.tomcat.util.digester.Digester   :   Fire begin() for ObjectCreateRule[className=org.apache.tomcat.util.modeler.ParameterInfo, attributeName=null]
2019-05-11 11:06:14.439 DEBUG 8956 --- [kground-preinit] o.apache.tomcat.util.digester.Digester   : [ObjectCreateRule]{mbeans-descriptors/mbean/operation/parameter}New org.apache.tomcat.util.modeler.ParameterInfo
2019-05-11 11:06:14.439 DEBUG 8956 --- [kground-preinit] o.apache.tomcat.util.digester.Digester   :   Fire begin() for SetPropertiesRule[]
2019-05-11 11:06:14.439 DEBUG 8956 --- [kground-preinit] o.apache.tomcat.util.digester.Digester   : [SetPropertiesRule]{mbeans-descriptors/mbean/operation/parameter} Set org.apache.tomcat.util.modeler.ParameterInfo properties
2019-05-11 11:06:14.440 DEBUG 8956 --- [kground-preinit] o.apache.tomcat.util.digester.Digester   : [SetPropertiesRule]{mbeans-descriptors/mbean/operation/parameter} Setting property 'name' to 'name'
2019-05-11 11:06:14.440 DEBUG 8956 --- [kground-preinit] o.apache.tomcat.util.IntrospectionUtils  : IntrospectionUtils: setProperty(class org.apache.tomcat.util.modeler.ParameterInfo name=name)
2019-05-11 11:06:14.440 DEBUG 8956 --- [kground-preinit] o.apache.tomcat.util.digester.Digester   : [SetPropertiesRule]{mbeans-descriptors/mbean/operation/parameter} Setting property 'description' to 'Name of the existing child Container to be removed'
2019-05-11 11:06:14.440 DEBUG 8956 --- [kground-preinit] o.apache.tomcat.util.IntrospectionUtils  : IntrospectionUtils: setProperty(class org.apache.tomcat.util.modeler.ParameterInfo description=Name of the existing child Container to be removed)
2019-05-11 11:06:14.440 DEBUG 8956 --- [kground-preinit] o.apache.tomcat.util.digester.Digester   : [SetPropertiesRule]{mbeans-descriptors/mbean/operation/parameter} Setting property 'type' to 'java.lang.String'
2019-05-11 11:06:14.441 DEBUG 8956 --- [kground-preinit] o.apache.tomcat.util.IntrospectionUtils  : IntrospectionUtils: setProperty(class org.apache.tomcat.util.modeler.ParameterInfo type=java.lang.String)
2019-05-11 11:06:14.441 DEBUG 8956 --- [kground-preinit] o.apache.tomcat.util.digester.Digester   :   Fire begin() for SetNextRule[methodName=addParameter, paramType=org.apache.tomcat.util.modeler.ParameterInfo]
2019-05-11 11:06:14.441 DEBUG 8956 --- [kground-preinit] o.a.tomcat.util.digester.Digester.sax    : endElement(,,parameter)
2019-05-11 11:06:14.441 DEBUG 8956 --- [kground-preinit] o.apache.tomcat.util.digester.Digester   :   match='mbeans-descriptors/mbean/operation/parameter'
2019-05-11 11:06:14.441 DEBUG 8956 --- [kground-preinit] o.apache.tomcat.util.digester.Digester   :   bodyText=''
2019-05-11 11:06:14.441 DEBUG 8956 --- [kground-preinit] o.apache.tomcat.util.digester.Digester   :   Fire body() for ObjectCreateRule[className=org.apache.tomcat.util.modeler.ParameterInfo, attributeName=null]
2019-05-11 11:06:14.442 DEBUG 8956 --- [kground-preinit] o.apache.tomcat.util.digester.Digester   :   Fire body() for SetPropertiesRule[]
2019-05-11 11:06:14.442 DEBUG 8956 --- [kground-preinit] o.apache.tomcat.util.digester.Digester   :   Fire body() for SetNextRule[methodName=addParameter, paramType=org.apache.tomcat.util.modeler.ParameterInfo]
2019-05-11 11:06:14.442 DEBUG 8956 --- [kground-preinit] o.apache.tomcat.util.digester.Digester   :   Fire end() for SetNextRule[methodName=addParameter, paramType=org.apache.tomcat.util.modeler.ParameterInfo]
2019-05-11 11:06:14.442 DEBUG 8956 --- [kground-preinit] o.apache.tomcat.util.digester.Digester   : [SetNextRule]{mbeans-descriptors/mbean/operation/parameter} Call org.apache.tomcat.util.modeler.OperationInfo.addParameter(org.apache.tomcat.util.modeler.ParameterInfo@3f17db)
2019-05-11 11:06:14.442 DEBUG 8956 --- [kground-preinit] o.apache.tomcat.util.IntrospectionUtils  : IntrospectionUtils: callMethod1 org.apache.tomcat.util.modeler.OperationInfo org.apache.tomcat.util.modeler.ParameterInfo org.apache.tomcat.util.modeler.ParameterInfo
2019-05-11 11:06:14.443 DEBUG 8956 --- [kground-preinit] o.apache.tomcat.util.digester.Digester   :   Fire end() for SetPropertiesRule[]
2019-05-11 11:06:14.443 DEBUG 8956 --- [kground-preinit] o.apache.tomcat.util.digester.Digester   :   Fire end() for ObjectCreateRule[className=org.apache.tomcat.util.modeler.ParameterInfo, attributeName=null]
2019-05-11 11:06:14.443 DEBUG 8956 --- [kground-preinit] o.apache.tomcat.util.digester.Digester   : [ObjectCreateRule]{mbeans-descriptors/mbean/operation/parameter} Pop org.apache.tomcat.util.modeler.ParameterInfo
2019-05-11 11:06:14.443 DEBUG 8956 --- [kground-preinit] o.a.tomcat.util.digester.Digester.sax    : characters(
    )
2019-05-11 11:06:14.444 DEBUG 8956 --- [kground-preinit] o.a.tomcat.util.digester.Digester.sax    : endElement(,,operation)
2019-05-11 11:06:14.444 DEBUG 8956 --- [kground-preinit] o.apache.tomcat.util.digester.Digester   :   match='mbeans-descriptors/mbean/operation'
2019-05-11 11:06:14.444 DEBUG 8956 --- [kground-preinit] o.apache.tomcat.util.digester.Digester   :   bodyText='
      
    '
2019-05-11 11:06:14.444 DEBUG 8956 --- [kground-preinit] o.apache.tomcat.util.digester.Digester   :   Fire body() for ObjectCreateRule[className=org.apache.tomcat.util.modeler.OperationInfo, attributeName=null]
2019-05-11 11:06:14.444 DEBUG 8956 --- [kground-preinit] o.apache.tomcat.util.digester.Digester   :   Fire body() for SetPropertiesRule[]
2019-05-11 11:06:14.445 DEBUG 8956 --- [kground-preinit] o.apache.tomcat.util.digester.Digester   :   Fire body() for SetNextRule[methodName=addOperation, paramType=org.apache.tomcat.util.modeler.OperationInfo]
2019-05-11 11:06:14.445 DEBUG 8956 --- [kground-preinit] o.apache.tomcat.util.digester.Digester   :   Fire end() for SetNextRule[methodName=addOperation, paramType=org.apache.tomcat.util.modeler.OperationInfo]
2019-05-11 11:06:14.445 DEBUG 8956 --- [kground-preinit] o.apache.tomcat.util.digester.Digester   : [SetNextRule]{mbeans-descriptors/mbean/operation} Call org.apache.tomcat.util.modeler.ManagedBean.addOperation(org.apache.tomcat.util.modeler.OperationInfo@3f126f67)
2019-05-11 11:06:14.445 DEBUG 8956 --- [kground-preinit] o.apache.tomcat.util.IntrospectionUtils  : IntrospectionUtils: callMethod1 org.apache.tomcat.util.modeler.ManagedBean org.apache.tomcat.util.modeler.OperationInfo org.apache.tomcat.util.modeler.OperationInfo
2019-05-11 11:06:14.445 DEBUG 8956 --- [kground-preinit] o.apache.tomcat.util.digester.Digester   :   Fire end() for SetPropertiesRule[]
2019-05-11 11:06:14.446 DEBUG 8956 --- [kground-preinit] o.apache.tomcat.util.digester.Digester   :   Fire end() for ObjectCreateRule[className=org.apache.tomcat.util.modeler.OperationInfo, attributeName=null]
2019-05-11 11:06:14.446 DEBUG 8956 --- [kground-preinit] o.apache.tomcat.util.digester.Digester   : [ObjectCreateRule]{mbeans-descriptors/mbean/operation} Pop org.apache.tomcat.util.modeler.OperationInfo
2019-05-11 11:06:14.446 DEBUG 8956 --- [kground-preinit] o.a.tomcat.util.digester.Digester.sax    : characters(

    )
2019-05-11 11:06:14.446 DEBUG 8956 --- [kground-preinit] o.a.tomcat.util.digester.Digester.sax    : startElement(,,operation)
2019-05-11 11:06:14.446 DEBUG 8956 --- [kground-preinit] o.apache.tomcat.util.digester.Digester   :   New match='mbeans-descriptors/mbean/operation'
2019-05-11 11:06:14.446 DEBUG 8956 --- [kground-preinit] o.apache.tomcat.util.digester.Digester   :   Fire begin() for ObjectCreateRule[className=org.apache.tomcat.util.modeler.OperationInfo, attributeName=null]
2019-05-11 11:06:14.446 DEBUG 8956 --- [kground-preinit] o.apache.tomcat.util.digester.Digester   : [ObjectCreateRule]{mbeans-descriptors/mbean/operation}New org.apache.tomcat.util.modeler.OperationInfo
2019-05-11 11:06:14.447 DEBUG 8956 --- [kground-preinit] o.apache.tomcat.util.digester.Digester   :   Fire begin() for SetPropertiesRule[]
2019-05-11 11:06:14.447 DEBUG 8956 --- [kground-preinit] o.apache.tomcat.util.digester.Digester   : [SetPropertiesRule]{mbeans-descriptors/mbean/operation} Set org.apache.tomcat.util.modeler.OperationInfo properties
2019-05-11 11:06:14.447 DEBUG 8956 --- [kground-preinit] o.apache.tomcat.util.digester.Digester   : [SetPropertiesRule]{mbeans-descriptors/mbean/operation} Setting property 'name' to 'removeLifecycleListeners'
2019-05-11 11:06:14.447 DEBUG 8956 --- [kground-preinit] o.apache.tomcat.util.IntrospectionUtils  : IntrospectionUtils: setProperty(class org.apache.tomcat.util.modeler.OperationInfo name=removeLifecycleListeners)
2019-05-11 11:06:14.447 DEBUG 8956 --- [kground-preinit] o.apache.tomcat.util.digester.Digester   : [SetPropertiesRule]{mbeans-descriptors/mbean/operation} Setting property 'description' to 'Removes lifecycle listeners of given class type from this Engine'
2019-05-11 11:06:14.447 DEBUG 8956 --- [kground-preinit] o.apache.tomcat.util.IntrospectionUtils  : IntrospectionUtils: setProperty(class org.apache.tomcat.util.modeler.OperationInfo description=Removes lifecycle listeners of given class type from this Engine)
2019-05-11 11:06:14.448 DEBUG 8956 --- [kground-preinit] o.apache.tomcat.util.digester.Digester   : [SetPropertiesRule]{mbeans-descriptors/mbean/operation} Setting property 'impact' to 'ACTION'
2019-05-11 11:06:14.448 DEBUG 8956 --- [kground-preinit] o.apache.tomcat.util.IntrospectionUtils  : IntrospectionUtils: setProperty(class org.apache.tomcat.util.modeler.OperationInfo impact=ACTION)
2019-05-11 11:06:14.448 DEBUG 8956 --- [kground-preinit] o.apache.tomcat.util.digester.Digester   : [SetPropertiesRule]{mbeans-descriptors/mbean/operation} Setting property 'returnType' to 'void'
2019-05-11 11:06:14.448 DEBUG 8956 --- [kground-preinit] o.apache.tomcat.util.IntrospectionUtils  : IntrospectionUtils: setProperty(class org.apache.tomcat.util.modeler.OperationInfo returnType=void)
2019-05-11 11:06:14.448 DEBUG 8956 --- [kground-preinit] o.apache.tomcat.util.digester.Digester   :   Fire begin() for SetNextRule[methodName=addOperation, paramType=org.apache.tomcat.util.modeler.OperationInfo]
2019-05-11 11:06:14.448 DEBUG 8956 --- [kground-preinit] o.a.tomcat.util.digester.Digester.sax    : characters(
      )
2019-05-11 11:06:14.450 DEBUG 8956 --- [kground-preinit] o.a.tomcat.util.digester.Digester.sax    : startElement(,,parameter)
2019-05-11 11:06:14.450 DEBUG 8956 --- [kground-preinit] o.apache.tomcat.util.digester.Digester   :   New match='mbeans-descriptors/mbean/operation/parameter'
2019-05-11 11:06:14.451 DEBUG 8956 --- [kground-preinit] o.apache.tomcat.util.digester.Digester   :   Fire begin() for ObjectCreateRule[className=org.apache.tomcat.util.modeler.ParameterInfo, attributeName=null]
2019-05-11 11:06:14.451 DEBUG 8956 --- [kground-preinit] o.apache.tomcat.util.digester.Digester   : [ObjectCreateRule]{mbeans-descriptors/mbean/operation/parameter}New org.apache.tomcat.util.modeler.ParameterInfo
2019-05-11 11:06:14.451 DEBUG 8956 --- [kground-preinit] o.apache.tomcat.util.digester.Digester   :   Fire begin() for SetPropertiesRule[]
2019-05-11 11:06:14.451 DEBUG 8956 --- [kground-preinit] o.apache.tomcat.util.digester.Digester   : [SetPropertiesRule]{mbeans-descriptors/mbean/operation/parameter} Set org.apache.tomcat.util.modeler.ParameterInfo properties
2019-05-11 11:06:14.452 DEBUG 8956 --- [kground-preinit] o.apache.tomcat.util.digester.Digester   : [SetPropertiesRule]{mbeans-descriptors/mbean/operation/parameter} Setting property 'name' to 'listener'
2019-05-11 11:06:14.452 DEBUG 8956 --- [kground-preinit] o.apache.tomcat.util.IntrospectionUtils  : IntrospectionUtils: setProperty(class org.apache.tomcat.util.modeler.ParameterInfo name=listener)
2019-05-11 11:06:14.452 DEBUG 8956 --- [kground-preinit] o.apache.tomcat.util.digester.Digester   : [SetPropertiesRule]{mbeans-descriptors/mbean/operation/parameter} Setting property 'description' to 'Type(classname) of the lifecycle listeners to be removed'
2019-05-11 11:06:14.453 DEBUG 8956 --- [kground-preinit] o.apache.tomcat.util.IntrospectionUtils  : IntrospectionUtils: setProperty(class org.apache.tomcat.util.modeler.ParameterInfo description=Type(classname) of the lifecycle listeners to be removed)
2019-05-11 11:06:14.453 DEBUG 8956 --- [kground-preinit] o.apache.tomcat.util.digester.Digester   : [SetPropertiesRule]{mbeans-descriptors/mbean/operation/parameter} Setting property 'type' to 'java.lang.String'
2019-05-11 11:06:14.453 DEBUG 8956 --- [kground-preinit] o.apache.tomcat.util.IntrospectionUtils  : IntrospectionUtils: setProperty(class org.apache.tomcat.util.modeler.ParameterInfo type=java.lang.String)
2019-05-11 11:06:14.453 DEBUG 8956 --- [kground-preinit] o.apache.tomcat.util.digester.Digester   :   Fire begin() for SetNextRule[methodName=addParameter, paramType=org.apache.tomcat.util.modeler.ParameterInfo]
2019-05-11 11:06:14.453 DEBUG 8956 --- [kground-preinit] o.a.tomcat.util.digester.Digester.sax    : endElement(,,parameter)
2019-05-11 11:06:14.453 DEBUG 8956 --- [kground-preinit] o.apache.tomcat.util.digester.Digester   :   match='mbeans-descriptors/mbean/operation/parameter'
2019-05-11 11:06:14.454 DEBUG 8956 --- [kground-preinit] o.apache.tomcat.util.digester.Digester   :   bodyText=''
2019-05-11 11:06:14.454 DEBUG 8956 --- [kground-preinit] o.apache.tomcat.util.digester.Digester   :   Fire body() for ObjectCreateRule[className=org.apache.tomcat.util.modeler.ParameterInfo, attributeName=null]
2019-05-11 11:06:14.454 DEBUG 8956 --- [kground-preinit] o.apache.tomcat.util.digester.Digester   :   Fire body() for SetPropertiesRule[]
2019-05-11 11:06:14.454 DEBUG 8956 --- [kground-preinit] o.apache.tomcat.util.digester.Digester   :   Fire body() for SetNextRule[methodName=addParameter, paramType=org.apache.tomcat.util.modeler.ParameterInfo]
2019-05-11 11:06:14.454 DEBUG 8956 --- [kground-preinit] o.apache.tomcat.util.digester.Digester   :   Fire end() for SetNextRule[methodName=addParameter, paramType=org.apache.tomcat.util.modeler.ParameterInfo]
2019-05-11 11:06:14.455 DEBUG 8956 --- [kground-preinit] o.apache.tomcat.util.digester.Digester   : [SetNextRule]{mbeans-descriptors/mbean/operation/parameter} Call org.apache.tomcat.util.modeler.OperationInfo.addParameter(org.apache.tomcat.util.modeler.ParameterInfo@200d7f47)
2019-05-11 11:06:14.456 DEBUG 8956 --- [kground-preinit] o.apache.tomcat.util.IntrospectionUtils  : IntrospectionUtils: callMethod1 org.apache.tomcat.util.modeler.OperationInfo org.apache.tomcat.util.modeler.ParameterInfo org.apache.tomcat.util.modeler.ParameterInfo
2019-05-11 11:06:14.456 DEBUG 8956 --- [kground-preinit] o.apache.tomcat.util.digester.Digester   :   Fire end() for SetPropertiesRule[]
2019-05-11 11:06:14.456 DEBUG 8956 --- [kground-preinit] o.apache.tomcat.util.digester.Digester   :   Fire end() for ObjectCreateRule[className=org.apache.tomcat.util.modeler.ParameterInfo, attributeName=null]
2019-05-11 11:06:14.457 DEBUG 8956 --- [kground-preinit] o.apache.tomcat.util.digester.Digester   : [ObjectCreateRule]{mbeans-descriptors/mbean/operation/parameter} Pop org.apache.tomcat.util.modeler.ParameterInfo
2019-05-11 11:06:14.457 DEBUG 8956 --- [kground-preinit] o.a.tomcat.util.digester.Digester.sax    : characters(
    )
2019-05-11 11:06:14.457 DEBUG 8956 --- [kground-preinit] o.a.tomcat.util.digester.Digester.sax    : endElement(,,operation)
2019-05-11 11:06:14.457 DEBUG 8956 --- [kground-preinit] o.apache.tomcat.util.digester.Digester   :   match='mbeans-descriptors/mbean/operation'
2019-05-11 11:06:14.457 DEBUG 8956 --- [kground-preinit] o.apache.tomcat.util.digester.Digester   :   bodyText='
      
    '
2019-05-11 11:06:14.457 DEBUG 8956 --- [kground-preinit] o.apache.tomcat.util.digester.Digester   :   Fire body() for ObjectCreateRule[className=org.apache.tomcat.util.modeler.OperationInfo, attributeName=null]
2019-05-11 11:06:14.458 DEBUG 8956 --- [kground-preinit] o.apache.tomcat.util.digester.Digester   :   Fire body() for SetPropertiesRule[]
2019-05-11 11:06:14.458 DEBUG 8956 --- [kground-preinit] o.apache.tomcat.util.digester.Digester   :   Fire body() for SetNextRule[methodName=addOperation, paramType=org.apache.tomcat.util.modeler.OperationInfo]
2019-05-11 11:06:14.458 DEBUG 8956 --- [kground-preinit] o.apache.tomcat.util.digester.Digester   :   Fire end() for SetNextRule[methodName=addOperation, paramType=org.apache.tomcat.util.modeler.OperationInfo]
2019-05-11 11:06:14.458 DEBUG 8956 --- [kground-preinit] o.apache.tomcat.util.digester.Digester   : [SetNextRule]{mbeans-descriptors/mbean/operation} Call org.apache.tomcat.util.modeler.ManagedBean.addOperation(org.apache.tomcat.util.modeler.OperationInfo@6da53075)
2019-05-11 11:06:14.458 DEBUG 8956 --- [kground-preinit] o.apache.tomcat.util.IntrospectionUtils  : IntrospectionUtils: callMethod1 org.apache.tomcat.util.modeler.ManagedBean org.apache.tomcat.util.modeler.OperationInfo org.apache.tomcat.util.modeler.OperationInfo
2019-05-11 11:06:14.458 DEBUG 8956 --- [kground-preinit] o.apache.tomcat.util.digester.Digester   :   Fire end() for SetPropertiesRule[]
2019-05-11 11:06:14.459 DEBUG 8956 --- [kground-preinit] o.apache.tomcat.util.digester.Digester   :   Fire end() for ObjectCreateRule[className=org.apache.tomcat.util.modeler.OperationInfo, attributeName=null]
2019-05-11 11:06:14.459 DEBUG 8956 --- [kground-preinit] o.apache.tomcat.util.digester.Digester   : [ObjectCreateRule]{mbeans-descriptors/mbean/operation} Pop org.apache.tomcat.util.modeler.OperationInfo
2019-05-11 11:06:14.459 DEBUG 8956 --- [kground-preinit] o.a.tomcat.util.digester.Digester.sax    : characters(

    )
2019-05-11 11:06:14.459 DEBUG 8956 --- [kground-preinit] o.a.tomcat.util.digester.Digester.sax    : startElement(,,operation)
2019-05-11 11:06:14.459 DEBUG 8956 --- [kground-preinit] o.apache.tomcat.util.digester.Digester   :   New match='mbeans-descriptors/mbean/operation'
2019-05-11 11:06:14.460 DEBUG 8956 --- [kground-preinit] o.apache.tomcat.util.digester.Digester   :   Fire begin() for ObjectCreateRule[className=org.apache.tomcat.util.modeler.OperationInfo, attributeName=null]
2019-05-11 11:06:14.460 DEBUG 8956 --- [kground-preinit] o.apache.tomcat.util.digester.Digester   : [ObjectCreateRule]{mbeans-descriptors/mbean/operation}New org.apache.tomcat.util.modeler.OperationInfo
2019-05-11 11:06:14.461 DEBUG 8956 --- [kground-preinit] o.apache.tomcat.util.digester.Digester   :   Fire begin() for SetPropertiesRule[]
2019-05-11 11:06:14.461 DEBUG 8956 --- [kground-preinit] o.apache.tomcat.util.digester.Digester   : [SetPropertiesRule]{mbeans-descriptors/mbean/operation} Set org.apache.tomcat.util.modeler.OperationInfo properties
2019-05-11 11:06:14.461 DEBUG 8956 --- [kground-preinit] o.apache.tomcat.util.digester.Digester   : [SetPropertiesRule]{mbeans-descriptors/mbean/operation} Setting property 'name' to 'removeValve'
2019-05-11 11:06:14.461 DEBUG 8956 --- [kground-preinit] o.apache.tomcat.util.IntrospectionUtils  : IntrospectionUtils: setProperty(class org.apache.tomcat.util.modeler.OperationInfo name=removeValve)
2019-05-11 11:06:14.461 DEBUG 8956 --- [kground-preinit] o.apache.tomcat.util.digester.Digester   : [SetPropertiesRule]{mbeans-descriptors/mbean/operation} Setting property 'description' to 'Remove a valve from this Engine'
2019-05-11 11:06:14.462 DEBUG 8956 --- [kground-preinit] o.apache.tomcat.util.IntrospectionUtils  : IntrospectionUtils: setProperty(class org.apache.tomcat.util.modeler.OperationInfo description=Remove a valve from this Engine)
2019-05-11 11:06:14.462 DEBUG 8956 --- [kground-preinit] o.apache.tomcat.util.digester.Digester   : [SetPropertiesRule]{mbeans-descriptors/mbean/operation} Setting property 'impact' to 'ACTION'
2019-05-11 11:06:14.462 DEBUG 8956 --- [kground-preinit] o.apache.tomcat.util.IntrospectionUtils  : IntrospectionUtils: setProperty(class org.apache.tomcat.util.modeler.OperationInfo impact=ACTION)
2019-05-11 11:06:14.462 DEBUG 8956 --- [kground-preinit] o.apache.tomcat.util.digester.Digester   : [SetPropertiesRule]{mbeans-descriptors/mbean/operation} Setting property 'returnType' to 'void'
2019-05-11 11:06:14.462 DEBUG 8956 --- [kground-preinit] o.apache.tomcat.util.IntrospectionUtils  : IntrospectionUtils: setProperty(class org.apache.tomcat.util.modeler.OperationInfo returnType=void)
2019-05-11 11:06:14.462 DEBUG 8956 --- [kground-preinit] o.apache.tomcat.util.digester.Digester   :   Fire begin() for SetNextRule[methodName=addOperation, paramType=org.apache.tomcat.util.modeler.OperationInfo]
2019-05-11 11:06:14.462 DEBUG 8956 --- [kground-preinit] o.a.tomcat.util.digester.Digester.sax    : characters(
      )
2019-05-11 11:06:14.462 DEBUG 8956 --- [kground-preinit] o.a.tomcat.util.digester.Digester.sax    : startElement(,,parameter)
2019-05-11 11:06:14.463 DEBUG 8956 --- [kground-preinit] o.apache.tomcat.util.digester.Digester   :   New match='mbeans-descriptors/mbean/operation/parameter'
2019-05-11 11:06:14.463 DEBUG 8956 --- [kground-preinit] o.apache.tomcat.util.digester.Digester   :   Fire begin() for ObjectCreateRule[className=org.apache.tomcat.util.modeler.ParameterInfo, attributeName=null]
2019-05-11 11:06:14.463 DEBUG 8956 --- [kground-preinit] o.apache.tomcat.util.digester.Digester   : [ObjectCreateRule]{mbeans-descriptors/mbean/operation/parameter}New org.apache.tomcat.util.modeler.ParameterInfo
2019-05-11 11:06:14.463 DEBUG 8956 --- [kground-preinit] o.apache.tomcat.util.digester.Digester   :   Fire begin() for SetPropertiesRule[]
2019-05-11 11:06:14.463 DEBUG 8956 --- [kground-preinit] o.apache.tomcat.util.digester.Digester   : [SetPropertiesRule]{mbeans-descriptors/mbean/operation/parameter} Set org.apache.tomcat.util.modeler.ParameterInfo properties
2019-05-11 11:06:14.463 DEBUG 8956 --- [kground-preinit] o.apache.tomcat.util.digester.Digester   : [SetPropertiesRule]{mbeans-descriptors/mbean/operation/parameter} Setting property 'name' to 'valveName'
2019-05-11 11:06:14.464 DEBUG 8956 --- [kground-preinit] o.apache.tomcat.util.IntrospectionUtils  : IntrospectionUtils: setProperty(class org.apache.tomcat.util.modeler.ParameterInfo name=valveName)
2019-05-11 11:06:14.464 DEBUG 8956 --- [kground-preinit] o.apache.tomcat.util.digester.Digester   : [SetPropertiesRule]{mbeans-descriptors/mbean/operation/parameter} Setting property 'description' to 'Objectname of the valve to be removed'
2019-05-11 11:06:14.464 DEBUG 8956 --- [kground-preinit] o.apache.tomcat.util.IntrospectionUtils  : IntrospectionUtils: setProperty(class org.apache.tomcat.util.modeler.ParameterInfo description=Objectname of the valve to be removed)
2019-05-11 11:06:14.464 DEBUG 8956 --- [kground-preinit] o.apache.tomcat.util.digester.Digester   : [SetPropertiesRule]{mbeans-descriptors/mbean/operation/parameter} Setting property 'type' to 'java.lang.String'
2019-05-11 11:06:14.464 DEBUG 8956 --- [kground-preinit] o.apache.tomcat.util.IntrospectionUtils  : IntrospectionUtils: setProperty(class org.apache.tomcat.util.modeler.ParameterInfo type=java.lang.String)
2019-05-11 11:06:14.464 DEBUG 8956 --- [kground-preinit] o.apache.tomcat.util.digester.Digester   :   Fire begin() for SetNextRule[methodName=addParameter, paramType=org.apache.tomcat.util.modeler.ParameterInfo]
2019-05-11 11:06:14.464 DEBUG 8956 --- [kground-preinit] o.a.tomcat.util.digester.Digester.sax    : endElement(,,parameter)
2019-05-11 11:06:14.465 DEBUG 8956 --- [kground-preinit] o.apache.tomcat.util.digester.Digester   :   match='mbeans-descriptors/mbean/operation/parameter'
2019-05-11 11:06:14.465 DEBUG 8956 --- [kground-preinit] o.apache.tomcat.util.digester.Digester   :   bodyText=''
2019-05-11 11:06:14.465 DEBUG 8956 --- [kground-preinit] o.apache.tomcat.util.digester.Digester   :   Fire body() for ObjectCreateRule[className=org.apache.tomcat.util.modeler.ParameterInfo, attributeName=null]
2019-05-11 11:06:14.465 DEBUG 8956 --- [kground-preinit] o.apache.tomcat.util.digester.Digester   :   Fire body() for SetPropertiesRule[]
2019-05-11 11:06:14.465 DEBUG 8956 --- [kground-preinit] o.apache.tomcat.util.digester.Digester   :   Fire body() for SetNextRule[methodName=addParameter, paramType=org.apache.tomcat.util.modeler.ParameterInfo]
2019-05-11 11:06:14.465 DEBUG 8956 --- [kground-preinit] o.apache.tomcat.util.digester.Digester   :   Fire end() for SetNextRule[methodName=addParameter, paramType=org.apache.tomcat.util.modeler.ParameterInfo]
2019-05-11 11:06:14.465 DEBUG 8956 --- [kground-preinit] o.apache.tomcat.util.digester.Digester   : [SetNextRule]{mbeans-descriptors/mbean/operation/parameter} Call org.apache.tomcat.util.modeler.OperationInfo.addParameter(org.apache.tomcat.util.modeler.ParameterInfo@15dc73d5)
2019-05-11 11:06:14.466 DEBUG 8956 --- [kground-preinit] o.apache.tomcat.util.IntrospectionUtils  : IntrospectionUtils: callMethod1 org.apache.tomcat.util.modeler.OperationInfo org.apache.tomcat.util.modeler.ParameterInfo org.apache.tomcat.util.modeler.ParameterInfo
2019-05-11 11:06:14.466 DEBUG 8956 --- [kground-preinit] o.apache.tomcat.util.digester.Digester   :   Fire end() for SetPropertiesRule[]
2019-05-11 11:06:14.466 DEBUG 8956 --- [kground-preinit] o.apache.tomcat.util.digester.Digester   :   Fire end() for ObjectCreateRule[className=org.apache.tomcat.util.modeler.ParameterInfo, attributeName=null]
2019-05-11 11:06:14.466 DEBUG 8956 --- [kground-preinit] o.apache.tomcat.util.digester.Digester   : [ObjectCreateRule]{mbeans-descriptors/mbean/operation/parameter} Pop org.apache.tomcat.util.modeler.ParameterInfo
2019-05-11 11:06:14.466 DEBUG 8956 --- [kground-preinit] o.a.tomcat.util.digester.Digester.sax    : characters(
    )
2019-05-11 11:06:14.466 DEBUG 8956 --- [kground-preinit] o.a.tomcat.util.digester.Digester.sax    : endElement(,,operation)
2019-05-11 11:06:14.466 DEBUG 8956 --- [kground-preinit] o.apache.tomcat.util.digester.Digester   :   match='mbeans-descriptors/mbean/operation'
2019-05-11 11:06:14.467 DEBUG 8956 --- [kground-preinit] o.apache.tomcat.util.digester.Digester   :   bodyText='
      
    '
2019-05-11 11:06:14.467 DEBUG 8956 --- [kground-preinit] o.apache.tomcat.util.digester.Digester   :   Fire body() for ObjectCreateRule[className=org.apache.tomcat.util.modeler.OperationInfo, attributeName=null]
2019-05-11 11:06:14.467 DEBUG 8956 --- [kground-preinit] o.apache.tomcat.util.digester.Digester   :   Fire body() for SetPropertiesRule[]
2019-05-11 11:06:14.467 DEBUG 8956 --- [kground-preinit] o.apache.tomcat.util.digester.Digester   :   Fire body() for SetNextRule[methodName=addOperation, paramType=org.apache.tomcat.util.modeler.OperationInfo]
2019-05-11 11:06:14.467 DEBUG 8956 --- [kground-preinit] o.apache.tomcat.util.digester.Digester   :   Fire end() for SetNextRule[methodName=addOperation, paramType=org.apache.tomcat.util.modeler.OperationInfo]
2019-05-11 11:06:14.467 DEBUG 8956 --- [kground-preinit] o.apache.tomcat.util.digester.Digester   : [SetNextRule]{mbeans-descriptors/mbean/operation} Call org.apache.tomcat.util.modeler.ManagedBean.addOperation(org.apache.tomcat.util.modeler.OperationInfo@39195f5e)
2019-05-11 11:06:14.467 DEBUG 8956 --- [kground-preinit] o.apache.tomcat.util.IntrospectionUtils  : IntrospectionUtils: callMethod1 org.apache.tomcat.util.modeler.ManagedBean org.apache.tomcat.util.modeler.OperationInfo org.apache.tomcat.util.modeler.OperationInfo
2019-05-11 11:06:14.468 DEBUG 8956 --- [kground-preinit] o.apache.tomcat.util.digester.Digester   :   Fire end() for SetPropertiesRule[]
2019-05-11 11:06:14.468 DEBUG 8956 --- [kground-preinit] o.apache.tomcat.util.digester.Digester   :   Fire end() for ObjectCreateRule[className=org.apache.tomcat.util.modeler.OperationInfo, attributeName=null]
2019-05-11 11:06:14.468 DEBUG 8956 --- [kground-preinit] o.apache.tomcat.util.digester.Digester   : [ObjectCreateRule]{mbeans-descriptors/mbean/operation} Pop org.apache.tomcat.util.modeler.OperationInfo
2019-05-11 11:06:14.468 DEBUG 8956 --- [kground-preinit] o.a.tomcat.util.digester.Digester.sax    : characters(

    )
2019-05-11 11:06:14.468 DEBUG 8956 --- [kground-preinit] o.a.tomcat.util.digester.Digester.sax    : startElement(,,operation)
2019-05-11 11:06:14.468 DEBUG 8956 --- [kground-preinit] o.apache.tomcat.util.digester.Digester   :   New match='mbeans-descriptors/mbean/operation'
2019-05-11 11:06:14.468 DEBUG 8956 --- [kground-preinit] o.apache.tomcat.util.digester.Digester   :   Fire begin() for ObjectCreateRule[className=org.apache.tomcat.util.modeler.OperationInfo, attributeName=null]
2019-05-11 11:06:14.468 DEBUG 8956 --- [kground-preinit] o.apache.tomcat.util.digester.Digester   : [ObjectCreateRule]{mbeans-descriptors/mbean/operation}New org.apache.tomcat.util.modeler.OperationInfo
2019-05-11 11:06:14.469 DEBUG 8956 --- [kground-preinit] o.apache.tomcat.util.digester.Digester   :   Fire begin() for SetPropertiesRule[]
2019-05-11 11:06:14.469 DEBUG 8956 --- [kground-preinit] o.apache.tomcat.util.digester.Digester   : [SetPropertiesRule]{mbeans-descriptors/mbean/operation} Set org.apache.tomcat.util.modeler.OperationInfo properties
2019-05-11 11:06:14.469 DEBUG 8956 --- [kground-preinit] o.apache.tomcat.util.digester.Digester   : [SetPropertiesRule]{mbeans-descriptors/mbean/operation} Setting property 'name' to 'start'
2019-05-11 11:06:14.469 DEBUG 8956 --- [kground-preinit] o.apache.tomcat.util.IntrospectionUtils  : IntrospectionUtils: setProperty(class org.apache.tomcat.util.modeler.OperationInfo name=start)
2019-05-11 11:06:14.469 DEBUG 8956 --- [kground-preinit] o.apache.tomcat.util.digester.Digester   : [SetPropertiesRule]{mbeans-descriptors/mbean/operation} Setting property 'description' to 'Start'
2019-05-11 11:06:14.469 DEBUG 8956 --- [kground-preinit] o.apache.tomcat.util.IntrospectionUtils  : IntrospectionUtils: setProperty(class org.apache.tomcat.util.modeler.OperationInfo description=Start)
2019-05-11 11:06:14.470 DEBUG 8956 --- [kground-preinit] o.apache.tomcat.util.digester.Digester   : [SetPropertiesRule]{mbeans-descriptors/mbean/operation} Setting property 'impact' to 'ACTION'
2019-05-11 11:06:14.470 DEBUG 8956 --- [kground-preinit] o.apache.tomcat.util.IntrospectionUtils  : IntrospectionUtils: setProperty(class org.apache.tomcat.util.modeler.OperationInfo impact=ACTION)
2019-05-11 11:06:14.470 DEBUG 8956 --- [kground-preinit] o.apache.tomcat.util.digester.Digester   : [SetPropertiesRule]{mbeans-descriptors/mbean/operation} Setting property 'returnType' to 'void'
2019-05-11 11:06:14.470 DEBUG 8956 --- [kground-preinit] o.apache.tomcat.util.IntrospectionUtils  : IntrospectionUtils: setProperty(class org.apache.tomcat.util.modeler.OperationInfo returnType=void)
2019-05-11 11:06:14.470 DEBUG 8956 --- [kground-preinit] o.apache.tomcat.util.digester.Digester   :   Fire begin() for SetNextRule[methodName=addOperation, paramType=org.apache.tomcat.util.modeler.OperationInfo]
2019-05-11 11:06:14.470 DEBUG 8956 --- [kground-preinit] o.a.tomcat.util.digester.Digester.sax    : endElement(,,operation)
2019-05-11 11:06:14.470 DEBUG 8956 --- [kground-preinit] o.apache.tomcat.util.digester.Digester   :   match='mbeans-descriptors/mbean/operation'
2019-05-11 11:06:14.470 DEBUG 8956 --- [kground-preinit] o.apache.tomcat.util.digester.Digester   :   bodyText=''
2019-05-11 11:06:14.470 DEBUG 8956 --- [kground-preinit] o.apache.tomcat.util.digester.Digester   :   Fire body() for ObjectCreateRule[className=org.apache.tomcat.util.modeler.OperationInfo, attributeName=null]
2019-05-11 11:06:14.470 DEBUG 8956 --- [kground-preinit] o.apache.tomcat.util.digester.Digester   :   Fire body() for SetPropertiesRule[]
2019-05-11 11:06:14.470 DEBUG 8956 --- [kground-preinit] o.apache.tomcat.util.digester.Digester   :   Fire body() for SetNextRule[methodName=addOperation, paramType=org.apache.tomcat.util.modeler.OperationInfo]
2019-05-11 11:06:14.470 DEBUG 8956 --- [kground-preinit] o.apache.tomcat.util.digester.Digester   :   Fire end() for SetNextRule[methodName=addOperation, paramType=org.apache.tomcat.util.modeler.OperationInfo]
2019-05-11 11:06:14.470 DEBUG 8956 --- [kground-preinit] o.apache.tomcat.util.digester.Digester   : [SetNextRule]{mbeans-descriptors/mbean/operation} Call org.apache.tomcat.util.modeler.ManagedBean.addOperation(org.apache.tomcat.util.modeler.OperationInfo@72a5e87d)
2019-05-11 11:06:14.470 DEBUG 8956 --- [kground-preinit] o.apache.tomcat.util.IntrospectionUtils  : IntrospectionUtils: callMethod1 org.apache.tomcat.util.modeler.ManagedBean org.apache.tomcat.util.modeler.OperationInfo org.apache.tomcat.util.modeler.OperationInfo
2019-05-11 11:06:14.475 DEBUG 8956 --- [kground-preinit] o.apache.tomcat.util.digester.Digester   :   Fire end() for SetPropertiesRule[]
2019-05-11 11:06:14.475 DEBUG 8956 --- [kground-preinit] o.apache.tomcat.util.digester.Digester   :   Fire end() for ObjectCreateRule[className=org.apache.tomcat.util.modeler.OperationInfo, attributeName=null]
2019-05-11 11:06:14.475 DEBUG 8956 --- [kground-preinit] o.apache.tomcat.util.digester.Digester   : [ObjectCreateRule]{mbeans-descriptors/mbean/operation} Pop org.apache.tomcat.util.modeler.OperationInfo
2019-05-11 11:06:14.475 DEBUG 8956 --- [kground-preinit] o.a.tomcat.util.digester.Digester.sax    : characters(

    )
2019-05-11 11:06:14.476 DEBUG 8956 --- [kground-preinit] o.a.tomcat.util.digester.Digester.sax    : startElement(,,operation)
2019-05-11 11:06:14.476 DEBUG 8956 --- [kground-preinit] o.apache.tomcat.util.digester.Digester   :   New match='mbeans-descriptors/mbean/operation'
2019-05-11 11:06:14.476 DEBUG 8956 --- [kground-preinit] o.apache.tomcat.util.digester.Digester   :   Fire begin() for ObjectCreateRule[className=org.apache.tomcat.util.modeler.OperationInfo, attributeName=null]
2019-05-11 11:06:14.476 DEBUG 8956 --- [kground-preinit] o.apache.tomcat.util.digester.Digester   : [ObjectCreateRule]{mbeans-descriptors/mbean/operation}New org.apache.tomcat.util.modeler.OperationInfo
2019-05-11 11:06:14.476 DEBUG 8956 --- [kground-preinit] o.apache.tomcat.util.digester.Digester   :   Fire begin() for SetPropertiesRule[]
2019-05-11 11:06:14.477 DEBUG 8956 --- [kground-preinit] o.apache.tomcat.util.digester.Digester   : [SetPropertiesRule]{mbeans-descriptors/mbean/operation} Set org.apache.tomcat.util.modeler.OperationInfo properties
2019-05-11 11:06:14.477 DEBUG 8956 --- [kground-preinit] o.apache.tomcat.util.digester.Digester   : [SetPropertiesRule]{mbeans-descriptors/mbean/operation} Setting property 'name' to 'stop'
2019-05-11 11:06:14.477 DEBUG 8956 --- [kground-preinit] o.apache.tomcat.util.IntrospectionUtils  : IntrospectionUtils: setProperty(class org.apache.tomcat.util.modeler.OperationInfo name=stop)
2019-05-11 11:06:14.477 DEBUG 8956 --- [kground-preinit] o.apache.tomcat.util.digester.Digester   : [SetPropertiesRule]{mbeans-descriptors/mbean/operation} Setting property 'description' to 'Stop'
2019-05-11 11:06:14.477 DEBUG 8956 --- [kground-preinit] o.apache.tomcat.util.IntrospectionUtils  : IntrospectionUtils: setProperty(class org.apache.tomcat.util.modeler.OperationInfo description=Stop)
2019-05-11 11:06:14.477 DEBUG 8956 --- [kground-preinit] o.apache.tomcat.util.digester.Digester   : [SetPropertiesRule]{mbeans-descriptors/mbean/operation} Setting property 'impact' to 'ACTION'
2019-05-11 11:06:14.478 DEBUG 8956 --- [kground-preinit] o.apache.tomcat.util.IntrospectionUtils  : IntrospectionUtils: setProperty(class org.apache.tomcat.util.modeler.OperationInfo impact=ACTION)
2019-05-11 11:06:14.478 DEBUG 8956 --- [kground-preinit] o.apache.tomcat.util.digester.Digester   : [SetPropertiesRule]{mbeans-descriptors/mbean/operation} Setting property 'returnType' to 'void'
2019-05-11 11:06:14.478 DEBUG 8956 --- [kground-preinit] o.apache.tomcat.util.IntrospectionUtils  : IntrospectionUtils: setProperty(class org.apache.tomcat.util.modeler.OperationInfo returnType=void)
2019-05-11 11:06:14.478 DEBUG 8956 --- [kground-preinit] o.apache.tomcat.util.digester.Digester   :   Fire begin() for SetNextRule[methodName=addOperation, paramType=org.apache.tomcat.util.modeler.OperationInfo]
2019-05-11 11:06:14.478 DEBUG 8956 --- [kground-preinit] o.a.tomcat.util.digester.Digester.sax    : endElement(,,operation)
2019-05-11 11:06:14.478 DEBUG 8956 --- [kground-preinit] o.apache.tomcat.util.digester.Digester   :   match='mbeans-descriptors/mbean/operation'
2019-05-11 11:06:14.478 DEBUG 8956 --- [kground-preinit] o.apache.tomcat.util.digester.Digester   :   bodyText=''
2019-05-11 11:06:14.478 DEBUG 8956 --- [kground-preinit] o.apache.tomcat.util.digester.Digester   :   Fire body() for ObjectCreateRule[className=org.apache.tomcat.util.modeler.OperationInfo, attributeName=null]
2019-05-11 11:06:14.479 DEBUG 8956 --- [kground-preinit] o.apache.tomcat.util.digester.Digester   :   Fire body() for SetPropertiesRule[]
2019-05-11 11:06:14.479 DEBUG 8956 --- [kground-preinit] o.apache.tomcat.util.digester.Digester   :   Fire body() for SetNextRule[methodName=addOperation, paramType=org.apache.tomcat.util.modeler.OperationInfo]
2019-05-11 11:06:14.479 DEBUG 8956 --- [kground-preinit] o.apache.tomcat.util.digester.Digester   :   Fire end() for SetNextRule[methodName=addOperation, paramType=org.apache.tomcat.util.modeler.OperationInfo]
2019-05-11 11:06:14.479 DEBUG 8956 --- [kground-preinit] o.apache.tomcat.util.digester.Digester   : [SetNextRule]{mbeans-descriptors/mbean/operation} Call org.apache.tomcat.util.modeler.ManagedBean.addOperation(org.apache.tomcat.util.modeler.OperationInfo@36c758c4)
2019-05-11 11:06:14.479 DEBUG 8956 --- [kground-preinit] o.apache.tomcat.util.IntrospectionUtils  : IntrospectionUtils: callMethod1 org.apache.tomcat.util.modeler.ManagedBean org.apache.tomcat.util.modeler.OperationInfo org.apache.tomcat.util.modeler.OperationInfo
2019-05-11 11:06:14.480 DEBUG 8956 --- [kground-preinit] o.apache.tomcat.util.digester.Digester   :   Fire end() for SetPropertiesRule[]
2019-05-11 11:06:14.480 DEBUG 8956 --- [kground-preinit] o.apache.tomcat.util.digester.Digester   :   Fire end() for ObjectCreateRule[className=org.apache.tomcat.util.modeler.OperationInfo, attributeName=null]
2019-05-11 11:06:14.480 DEBUG 8956 --- [kground-preinit] o.apache.tomcat.util.digester.Digester   : [ObjectCreateRule]{mbeans-descriptors/mbean/operation} Pop org.apache.tomcat.util.modeler.OperationInfo
2019-05-11 11:06:14.480 DEBUG 8956 --- [kground-preinit] o.a.tomcat.util.digester.Digester.sax    : characters(

  )
2019-05-11 11:06:14.481 DEBUG 8956 --- [kground-preinit] o.a.tomcat.util.digester.Digester.sax    : endElement(,,mbean)
2019-05-11 11:06:14.481 DEBUG 8956 --- [kground-preinit] o.apache.tomcat.util.digester.Digester   :   match='mbeans-descriptors/mbean'
2019-05-11 11:06:14.481 DEBUG 8956 --- [kground-preinit] o.apache.tomcat.util.digester.Digester   :   bodyText='

    

    

    

    

    

    

    

    

    

    

    

    

    

    

    

    

    

    

    

    

  '
2019-05-11 11:06:14.481 DEBUG 8956 --- [kground-preinit] o.apache.tomcat.util.digester.Digester   :   Fire body() for ObjectCreateRule[className=org.apache.tomcat.util.modeler.ManagedBean, attributeName=null]
2019-05-11 11:06:14.481 DEBUG 8956 --- [kground-preinit] o.apache.tomcat.util.digester.Digester   :   Fire body() for SetPropertiesRule[]
2019-05-11 11:06:14.481 DEBUG 8956 --- [kground-preinit] o.apache.tomcat.util.digester.Digester   :   Fire body() for SetNextRule[methodName=add, paramType=java.lang.Object]
2019-05-11 11:06:14.481 DEBUG 8956 --- [kground-preinit] o.apache.tomcat.util.digester.Digester   :   Fire end() for SetNextRule[methodName=add, paramType=java.lang.Object]
2019-05-11 11:06:14.481 DEBUG 8956 --- [kground-preinit] o.apache.tomcat.util.digester.Digester   : [SetNextRule]{mbeans-descriptors/mbean} Call java.util.ArrayList.add(ManagedBean[name=StandardEngine, className=org.apache.catalina.mbeans.ContainerMBean, description=Standard Engine Component, group=Engine, type=org.apache.catalina.core.StandardEngine])
2019-05-11 11:06:14.482 DEBUG 8956 --- [kground-preinit] o.apache.tomcat.util.IntrospectionUtils  : IntrospectionUtils: callMethod1 java.util.ArrayList org.apache.tomcat.util.modeler.ManagedBean java.lang.Object
2019-05-11 11:06:14.482 DEBUG 8956 --- [kground-preinit] o.apache.tomcat.util.digester.Digester   :   Fire end() for SetPropertiesRule[]
2019-05-11 11:06:14.482 DEBUG 8956 --- [kground-preinit] o.apache.tomcat.util.digester.Digester   :   Fire end() for ObjectCreateRule[className=org.apache.tomcat.util.modeler.ManagedBean, attributeName=null]
2019-05-11 11:06:14.482 DEBUG 8956 --- [kground-preinit] o.apache.tomcat.util.digester.Digester   : [ObjectCreateRule]{mbeans-descriptors/mbean} Pop org.apache.tomcat.util.modeler.ManagedBean
2019-05-11 11:06:14.484 DEBUG 8956 --- [kground-preinit] o.a.tomcat.util.digester.Digester.sax    : characters(


  )
2019-05-11 11:06:14.485 DEBUG 8956 --- [kground-preinit] o.a.tomcat.util.digester.Digester.sax    : startElement(,,mbean)
2019-05-11 11:06:14.485 DEBUG 8956 --- [kground-preinit] o.apache.tomcat.util.digester.Digester   :   New match='mbeans-descriptors/mbean'
2019-05-11 11:06:14.485 DEBUG 8956 --- [kground-preinit] o.apache.tomcat.util.digester.Digester   :   Fire begin() for ObjectCreateRule[className=org.apache.tomcat.util.modeler.ManagedBean, attributeName=null]
2019-05-11 11:06:14.485 DEBUG 8956 --- [kground-preinit] o.apache.tomcat.util.digester.Digester   : [ObjectCreateRule]{mbeans-descriptors/mbean}New org.apache.tomcat.util.modeler.ManagedBean
2019-05-11 11:06:14.486 DEBUG 8956 --- [kground-preinit] o.apache.tomcat.util.digester.Digester   :   Fire begin() for SetPropertiesRule[]
2019-05-11 11:06:14.495 DEBUG 8956 --- [kground-preinit] o.apache.tomcat.util.digester.Digester   : [SetPropertiesRule]{mbeans-descriptors/mbean} Set org.apache.tomcat.util.modeler.ManagedBean properties
2019-05-11 11:06:14.496 DEBUG 8956 --- [kground-preinit] o.apache.tomcat.util.digester.Digester   : [SetPropertiesRule]{mbeans-descriptors/mbean} Setting property 'name' to 'StandardEngineValve'
2019-05-11 11:06:14.496 DEBUG 8956 --- [kground-preinit] o.apache.tomcat.util.IntrospectionUtils  : IntrospectionUtils: setProperty(class org.apache.tomcat.util.modeler.ManagedBean name=StandardEngineValve)
2019-05-11 11:06:14.496 DEBUG 8956 --- [kground-preinit] o.apache.tomcat.util.digester.Digester   : [SetPropertiesRule]{mbeans-descriptors/mbean} Setting property 'description' to 'Valve that implements the default basic behavior for the          StandardEngine container implementation'
2019-05-11 11:06:14.496 DEBUG 8956 --- [kground-preinit] o.apache.tomcat.util.IntrospectionUtils  : IntrospectionUtils: setProperty(class org.apache.tomcat.util.modeler.ManagedBean description=Valve that implements the default basic behavior for the          StandardEngine container implementation)
2019-05-11 11:06:14.497 DEBUG 8956 --- [kground-preinit] o.apache.tomcat.util.digester.Digester   : [SetPropertiesRule]{mbeans-descriptors/mbean} Setting property 'domain' to 'Catalina'
2019-05-11 11:06:14.497 DEBUG 8956 --- [kground-preinit] o.apache.tomcat.util.IntrospectionUtils  : IntrospectionUtils: setProperty(class org.apache.tomcat.util.modeler.ManagedBean domain=Catalina)
2019-05-11 11:06:14.497 DEBUG 8956 --- [kground-preinit] o.apache.tomcat.util.digester.Digester   : [SetPropertiesRule]{mbeans-descriptors/mbean} Setting property 'group' to 'Valve'
2019-05-11 11:06:14.497 DEBUG 8956 --- [kground-preinit] o.apache.tomcat.util.IntrospectionUtils  : IntrospectionUtils: setProperty(class org.apache.tomcat.util.modeler.ManagedBean group=Valve)
2019-05-11 11:06:14.497 DEBUG 8956 --- [kground-preinit] o.apache.tomcat.util.digester.Digester   : [SetPropertiesRule]{mbeans-descriptors/mbean} Setting property 'type' to 'org.apache.catalina.core.StandardEngineValve'
2019-05-11 11:06:14.498 DEBUG 8956 --- [kground-preinit] o.apache.tomcat.util.IntrospectionUtils  : IntrospectionUtils: setProperty(class org.apache.tomcat.util.modeler.ManagedBean type=org.apache.catalina.core.StandardEngineValve)
2019-05-11 11:06:14.498 DEBUG 8956 --- [kground-preinit] o.apache.tomcat.util.digester.Digester   :   Fire begin() for SetNextRule[methodName=add, paramType=java.lang.Object]
2019-05-11 11:06:14.498 DEBUG 8956 --- [kground-preinit] o.a.tomcat.util.digester.Digester.sax    : characters(

    )
2019-05-11 11:06:14.498 DEBUG 8956 --- [kground-preinit] o.a.tomcat.util.digester.Digester.sax    : startElement(,,attribute)
2019-05-11 11:06:14.498 DEBUG 8956 --- [kground-preinit] o.apache.tomcat.util.digester.Digester   :   New match='mbeans-descriptors/mbean/attribute'
2019-05-11 11:06:14.498 DEBUG 8956 --- [kground-preinit] o.apache.tomcat.util.digester.Digester   :   Fire begin() for ObjectCreateRule[className=org.apache.tomcat.util.modeler.AttributeInfo, attributeName=null]
2019-05-11 11:06:14.499 DEBUG 8956 --- [kground-preinit] o.apache.tomcat.util.digester.Digester   : [ObjectCreateRule]{mbeans-descriptors/mbean/attribute}New org.apache.tomcat.util.modeler.AttributeInfo
2019-05-11 11:06:14.499 DEBUG 8956 --- [kground-preinit] o.apache.tomcat.util.digester.Digester   :   Fire begin() for SetPropertiesRule[]
2019-05-11 11:06:14.499 DEBUG 8956 --- [kground-preinit] o.apache.tomcat.util.digester.Digester   : [SetPropertiesRule]{mbeans-descriptors/mbean/attribute} Set org.apache.tomcat.util.modeler.AttributeInfo properties
2019-05-11 11:06:14.499 DEBUG 8956 --- [kground-preinit] o.apache.tomcat.util.digester.Digester   : [SetPropertiesRule]{mbeans-descriptors/mbean/attribute} Setting property 'name' to 'asyncSupported'
2019-05-11 11:06:14.499 DEBUG 8956 --- [kground-preinit] o.apache.tomcat.util.IntrospectionUtils  : IntrospectionUtils: setProperty(class org.apache.tomcat.util.modeler.AttributeInfo name=asyncSupported)
2019-05-11 11:06:14.499 DEBUG 8956 --- [kground-preinit] o.apache.tomcat.util.digester.Digester   : [SetPropertiesRule]{mbeans-descriptors/mbean/attribute} Setting property 'description' to 'Does this valve support async reporting?'
2019-05-11 11:06:14.502 DEBUG 8956 --- [kground-preinit] o.apache.tomcat.util.IntrospectionUtils  : IntrospectionUtils: setProperty(class org.apache.tomcat.util.modeler.AttributeInfo description=Does this valve support async reporting?)
2019-05-11 11:06:14.509 DEBUG 8956 --- [kground-preinit] o.apache.tomcat.util.digester.Digester   : [SetPropertiesRule]{mbeans-descriptors/mbean/attribute} Setting property 'is' to 'true'
2019-05-11 11:06:14.510 DEBUG 8956 --- [kground-preinit] o.apache.tomcat.util.IntrospectionUtils  : IntrospectionUtils: setProperty(class org.apache.tomcat.util.modeler.AttributeInfo is=true)
2019-05-11 11:06:14.510 DEBUG 8956 --- [kground-preinit] o.apache.tomcat.util.digester.Digester   : [SetPropertiesRule]{mbeans-descriptors/mbean/attribute} Setting property 'type' to 'boolean'
2019-05-11 11:06:14.510 DEBUG 8956 --- [kground-preinit] o.apache.tomcat.util.IntrospectionUtils  : IntrospectionUtils: setProperty(class org.apache.tomcat.util.modeler.AttributeInfo type=boolean)
2019-05-11 11:06:14.511 DEBUG 8956 --- [kground-preinit] o.apache.tomcat.util.digester.Digester   :   Fire begin() for SetNextRule[methodName=addAttribute, paramType=org.apache.tomcat.util.modeler.AttributeInfo]
2019-05-11 11:06:14.511 DEBUG 8956 --- [kground-preinit] o.a.tomcat.util.digester.Digester.sax    : endElement(,,attribute)
2019-05-11 11:06:14.511 DEBUG 8956 --- [kground-preinit] o.apache.tomcat.util.digester.Digester   :   match='mbeans-descriptors/mbean/attribute'
2019-05-11 11:06:14.518 DEBUG 8956 --- [kground-preinit] o.apache.tomcat.util.digester.Digester   :   bodyText=''
2019-05-11 11:06:14.518 DEBUG 8956 --- [kground-preinit] o.apache.tomcat.util.digester.Digester   :   Fire body() for ObjectCreateRule[className=org.apache.tomcat.util.modeler.AttributeInfo, attributeName=null]
2019-05-11 11:06:14.518 DEBUG 8956 --- [kground-preinit] o.apache.tomcat.util.digester.Digester   :   Fire body() for SetPropertiesRule[]
2019-05-11 11:06:14.518 DEBUG 8956 --- [kground-preinit] o.apache.tomcat.util.digester.Digester   :   Fire body() for SetNextRule[methodName=addAttribute, paramType=org.apache.tomcat.util.modeler.AttributeInfo]
2019-05-11 11:06:14.518 DEBUG 8956 --- [kground-preinit] o.apache.tomcat.util.digester.Digester   :   Fire end() for SetNextRule[methodName=addAttribute, paramType=org.apache.tomcat.util.modeler.AttributeInfo]
2019-05-11 11:06:14.519 DEBUG 8956 --- [kground-preinit] o.apache.tomcat.util.digester.Digester   : [SetNextRule]{mbeans-descriptors/mbean/attribute} Call org.apache.tomcat.util.modeler.ManagedBean.addAttribute(org.apache.tomcat.util.modeler.AttributeInfo@40f3c712)
2019-05-11 11:06:14.519 DEBUG 8956 --- [kground-preinit] o.apache.tomcat.util.IntrospectionUtils  : IntrospectionUtils: callMethod1 org.apache.tomcat.util.modeler.ManagedBean org.apache.tomcat.util.modeler.AttributeInfo org.apache.tomcat.util.modeler.AttributeInfo
2019-05-11 11:06:14.520 DEBUG 8956 --- [kground-preinit] o.apache.tomcat.util.digester.Digester   :   Fire end() for SetPropertiesRule[]
2019-05-11 11:06:14.520 DEBUG 8956 --- [kground-preinit] o.apache.tomcat.util.digester.Digester   :   Fire end() for ObjectCreateRule[className=org.apache.tomcat.util.modeler.AttributeInfo, attributeName=null]
2019-05-11 11:06:14.520 DEBUG 8956 --- [kground-preinit] o.apache.tomcat.util.digester.Digester   : [ObjectCreateRule]{mbeans-descriptors/mbean/attribute} Pop org.apache.tomcat.util.modeler.AttributeInfo
2019-05-11 11:06:14.521 DEBUG 8956 --- [kground-preinit] o.a.tomcat.util.digester.Digester.sax    : characters(

    )
2019-05-11 11:06:14.521 DEBUG 8956 --- [kground-preinit] o.a.tomcat.util.digester.Digester.sax    : startElement(,,attribute)
2019-05-11 11:06:14.521 DEBUG 8956 --- [kground-preinit] o.apache.tomcat.util.digester.Digester   :   New match='mbeans-descriptors/mbean/attribute'
2019-05-11 11:06:14.521 DEBUG 8956 --- [kground-preinit] o.apache.tomcat.util.digester.Digester   :   Fire begin() for ObjectCreateRule[className=org.apache.tomcat.util.modeler.AttributeInfo, attributeName=null]
2019-05-11 11:06:14.521 DEBUG 8956 --- [kground-preinit] o.apache.tomcat.util.digester.Digester   : [ObjectCreateRule]{mbeans-descriptors/mbean/attribute}New org.apache.tomcat.util.modeler.AttributeInfo
2019-05-11 11:06:14.522 DEBUG 8956 --- [kground-preinit] o.apache.tomcat.util.digester.Digester   :   Fire begin() for SetPropertiesRule[]
2019-05-11 11:06:14.522 DEBUG 8956 --- [kground-preinit] o.apache.tomcat.util.digester.Digester   : [SetPropertiesRule]{mbeans-descriptors/mbean/attribute} Set org.apache.tomcat.util.modeler.AttributeInfo properties
2019-05-11 11:06:14.522 DEBUG 8956 --- [kground-preinit] o.apache.tomcat.util.digester.Digester   : [SetPropertiesRule]{mbeans-descriptors/mbean/attribute} Setting property 'name' to 'className'
2019-05-11 11:06:14.522 DEBUG 8956 --- [kground-preinit] o.apache.tomcat.util.IntrospectionUtils  : IntrospectionUtils: setProperty(class org.apache.tomcat.util.modeler.AttributeInfo name=className)
2019-05-11 11:06:14.522 DEBUG 8956 --- [kground-preinit] o.apache.tomcat.util.digester.Digester   : [SetPropertiesRule]{mbeans-descriptors/mbean/attribute} Setting property 'description' to 'Fully qualified class name of the managed object'
2019-05-11 11:06:14.522 DEBUG 8956 --- [kground-preinit] o.apache.tomcat.util.IntrospectionUtils  : IntrospectionUtils: setProperty(class org.apache.tomcat.util.modeler.AttributeInfo description=Fully qualified class name of the managed object)
2019-05-11 11:06:14.523 DEBUG 8956 --- [kground-preinit] o.apache.tomcat.util.digester.Digester   : [SetPropertiesRule]{mbeans-descriptors/mbean/attribute} Setting property 'type' to 'java.lang.String'
2019-05-11 11:06:14.523 DEBUG 8956 --- [kground-preinit] o.apache.tomcat.util.IntrospectionUtils  : IntrospectionUtils: setProperty(class org.apache.tomcat.util.modeler.AttributeInfo type=java.lang.String)
2019-05-11 11:06:14.523 DEBUG 8956 --- [kground-preinit] o.apache.tomcat.util.digester.Digester   : [SetPropertiesRule]{mbeans-descriptors/mbean/attribute} Setting property 'writeable' to 'false'
2019-05-11 11:06:14.523 DEBUG 8956 --- [kground-preinit] o.apache.tomcat.util.IntrospectionUtils  : IntrospectionUtils: setProperty(class org.apache.tomcat.util.modeler.AttributeInfo writeable=false)
2019-05-11 11:06:14.523 DEBUG 8956 --- [kground-preinit] o.apache.tomcat.util.digester.Digester   :   Fire begin() for SetNextRule[methodName=addAttribute, paramType=org.apache.tomcat.util.modeler.AttributeInfo]
2019-05-11 11:06:14.525 DEBUG 8956 --- [kground-preinit] o.a.tomcat.util.digester.Digester.sax    : endElement(,,attribute)
2019-05-11 11:06:14.525 DEBUG 8956 --- [kground-preinit] o.apache.tomcat.util.digester.Digester   :   match='mbeans-descriptors/mbean/attribute'
2019-05-11 11:06:14.526 DEBUG 8956 --- [kground-preinit] o.apache.tomcat.util.digester.Digester   :   bodyText=''
2019-05-11 11:06:14.526 DEBUG 8956 --- [kground-preinit] o.apache.tomcat.util.digester.Digester   :   Fire body() for ObjectCreateRule[className=org.apache.tomcat.util.modeler.AttributeInfo, attributeName=null]
2019-05-11 11:06:14.526 DEBUG 8956 --- [kground-preinit] o.apache.tomcat.util.digester.Digester   :   Fire body() for SetPropertiesRule[]
2019-05-11 11:06:14.526 DEBUG 8956 --- [kground-preinit] o.apache.tomcat.util.digester.Digester   :   Fire body() for SetNextRule[methodName=addAttribute, paramType=org.apache.tomcat.util.modeler.AttributeInfo]
2019-05-11 11:06:14.526 DEBUG 8956 --- [kground-preinit] o.apache.tomcat.util.digester.Digester   :   Fire end() for SetNextRule[methodName=addAttribute, paramType=org.apache.tomcat.util.modeler.AttributeInfo]
2019-05-11 11:06:14.526 DEBUG 8956 --- [kground-preinit] o.apache.tomcat.util.digester.Digester   : [SetNextRule]{mbeans-descriptors/mbean/attribute} Call org.apache.tomcat.util.modeler.ManagedBean.addAttribute(org.apache.tomcat.util.modeler.AttributeInfo@33e383fd)
2019-05-11 11:06:14.526 DEBUG 8956 --- [kground-preinit] o.apache.tomcat.util.IntrospectionUtils  : IntrospectionUtils: callMethod1 org.apache.tomcat.util.modeler.ManagedBean org.apache.tomcat.util.modeler.AttributeInfo org.apache.tomcat.util.modeler.AttributeInfo
2019-05-11 11:06:14.526 DEBUG 8956 --- [kground-preinit] o.apache.tomcat.util.digester.Digester   :   Fire end() for SetPropertiesRule[]
2019-05-11 11:06:14.526 DEBUG 8956 --- [kground-preinit] o.apache.tomcat.util.digester.Digester   :   Fire end() for ObjectCreateRule[className=org.apache.tomcat.util.modeler.AttributeInfo, attributeName=null]
2019-05-11 11:06:14.526 DEBUG 8956 --- [kground-preinit] o.apache.tomcat.util.digester.Digester   : [ObjectCreateRule]{mbeans-descriptors/mbean/attribute} Pop org.apache.tomcat.util.modeler.AttributeInfo
2019-05-11 11:06:14.526 DEBUG 8956 --- [kground-preinit] o.a.tomcat.util.digester.Digester.sax    : characters(

    )
2019-05-11 11:06:14.527 DEBUG 8956 --- [kground-preinit] o.a.tomcat.util.digester.Digester.sax    : startElement(,,attribute)
2019-05-11 11:06:14.527 DEBUG 8956 --- [kground-preinit] o.apache.tomcat.util.digester.Digester   :   New match='mbeans-descriptors/mbean/attribute'
2019-05-11 11:06:14.527 DEBUG 8956 --- [kground-preinit] o.apache.tomcat.util.digester.Digester   :   Fire begin() for ObjectCreateRule[className=org.apache.tomcat.util.modeler.AttributeInfo, attributeName=null]
2019-05-11 11:06:14.527 DEBUG 8956 --- [kground-preinit] o.apache.tomcat.util.digester.Digester   : [ObjectCreateRule]{mbeans-descriptors/mbean/attribute}New org.apache.tomcat.util.modeler.AttributeInfo
2019-05-11 11:06:14.527 DEBUG 8956 --- [kground-preinit] o.apache.tomcat.util.digester.Digester   :   Fire begin() for SetPropertiesRule[]
2019-05-11 11:06:14.527 DEBUG 8956 --- [kground-preinit] o.apache.tomcat.util.digester.Digester   : [SetPropertiesRule]{mbeans-descriptors/mbean/attribute} Set org.apache.tomcat.util.modeler.AttributeInfo properties
2019-05-11 11:06:14.527 DEBUG 8956 --- [kground-preinit] o.apache.tomcat.util.digester.Digester   : [SetPropertiesRule]{mbeans-descriptors/mbean/attribute} Setting property 'name' to 'stateName'
2019-05-11 11:06:14.528 DEBUG 8956 --- [kground-preinit] o.apache.tomcat.util.IntrospectionUtils  : IntrospectionUtils: setProperty(class org.apache.tomcat.util.modeler.AttributeInfo name=stateName)
2019-05-11 11:06:14.528 DEBUG 8956 --- [kground-preinit] o.apache.tomcat.util.digester.Digester   : [SetPropertiesRule]{mbeans-descriptors/mbean/attribute} Setting property 'description' to 'The name of the LifecycleState that this component is currently in'
2019-05-11 11:06:14.528 DEBUG 8956 --- [kground-preinit] o.apache.tomcat.util.IntrospectionUtils  : IntrospectionUtils: setProperty(class org.apache.tomcat.util.modeler.AttributeInfo description=The name of the LifecycleState that this component is currently in)
2019-05-11 11:06:14.528 DEBUG 8956 --- [kground-preinit] o.apache.tomcat.util.digester.Digester   : [SetPropertiesRule]{mbeans-descriptors/mbean/attribute} Setting property 'type' to 'java.lang.String'
2019-05-11 11:06:14.528 DEBUG 8956 --- [kground-preinit] o.apache.tomcat.util.IntrospectionUtils  : IntrospectionUtils: setProperty(class org.apache.tomcat.util.modeler.AttributeInfo type=java.lang.String)
2019-05-11 11:06:14.528 DEBUG 8956 --- [kground-preinit] o.apache.tomcat.util.digester.Digester   : [SetPropertiesRule]{mbeans-descriptors/mbean/attribute} Setting property 'writeable' to 'false'
2019-05-11 11:06:14.529 DEBUG 8956 --- [kground-preinit] o.apache.tomcat.util.IntrospectionUtils  : IntrospectionUtils: setProperty(class org.apache.tomcat.util.modeler.AttributeInfo writeable=false)
2019-05-11 11:06:14.529 DEBUG 8956 --- [kground-preinit] o.apache.tomcat.util.digester.Digester   :   Fire begin() for SetNextRule[methodName=addAttribute, paramType=org.apache.tomcat.util.modeler.AttributeInfo]
2019-05-11 11:06:14.529 DEBUG 8956 --- [kground-preinit] o.a.tomcat.util.digester.Digester.sax    : endElement(,,attribute)
2019-05-11 11:06:14.529 DEBUG 8956 --- [kground-preinit] o.apache.tomcat.util.digester.Digester   :   match='mbeans-descriptors/mbean/attribute'
2019-05-11 11:06:14.529 DEBUG 8956 --- [kground-preinit] o.apache.tomcat.util.digester.Digester   :   bodyText=''
2019-05-11 11:06:14.529 DEBUG 8956 --- [kground-preinit] o.apache.tomcat.util.digester.Digester   :   Fire body() for ObjectCreateRule[className=org.apache.tomcat.util.modeler.AttributeInfo, attributeName=null]
2019-05-11 11:06:14.529 DEBUG 8956 --- [kground-preinit] o.apache.tomcat.util.digester.Digester   :   Fire body() for SetPropertiesRule[]
2019-05-11 11:06:14.529 DEBUG 8956 --- [kground-preinit] o.apache.tomcat.util.digester.Digester   :   Fire body() for SetNextRule[methodName=addAttribute, paramType=org.apache.tomcat.util.modeler.AttributeInfo]
2019-05-11 11:06:14.530 DEBUG 8956 --- [kground-preinit] o.apache.tomcat.util.digester.Digester   :   Fire end() for SetNextRule[methodName=addAttribute, paramType=org.apache.tomcat.util.modeler.AttributeInfo]
2019-05-11 11:06:14.530 DEBUG 8956 --- [kground-preinit] o.apache.tomcat.util.digester.Digester   : [SetNextRule]{mbeans-descriptors/mbean/attribute} Call org.apache.tomcat.util.modeler.ManagedBean.addAttribute(org.apache.tomcat.util.modeler.AttributeInfo@6e5873fc)
2019-05-11 11:06:14.530 DEBUG 8956 --- [kground-preinit] o.apache.tomcat.util.IntrospectionUtils  : IntrospectionUtils: callMethod1 org.apache.tomcat.util.modeler.ManagedBean org.apache.tomcat.util.modeler.AttributeInfo org.apache.tomcat.util.modeler.AttributeInfo
2019-05-11 11:06:14.530 DEBUG 8956 --- [kground-preinit] o.apache.tomcat.util.digester.Digester   :   Fire end() for SetPropertiesRule[]
2019-05-11 11:06:14.530 DEBUG 8956 --- [kground-preinit] o.apache.tomcat.util.digester.Digester   :   Fire end() for ObjectCreateRule[className=org.apache.tomcat.util.modeler.AttributeInfo, attributeName=null]
2019-05-11 11:06:14.530 DEBUG 8956 --- [kground-preinit] o.apache.tomcat.util.digester.Digester   : [ObjectCreateRule]{mbeans-descriptors/mbean/attribute} Pop org.apache.tomcat.util.modeler.AttributeInfo
2019-05-11 11:06:14.530 DEBUG 8956 --- [kground-preinit] o.a.tomcat.util.digester.Digester.sax    : characters(
  )
2019-05-11 11:06:14.531 DEBUG 8956 --- [kground-preinit] o.a.tomcat.util.digester.Digester.sax    : endElement(,,mbean)
2019-05-11 11:06:14.531 DEBUG 8956 --- [kground-preinit] o.apache.tomcat.util.digester.Digester   :   match='mbeans-descriptors/mbean'
2019-05-11 11:06:14.531 DEBUG 8956 --- [kground-preinit] o.apache.tomcat.util.digester.Digester   :   bodyText='

    

    

    
  '
2019-05-11 11:06:14.531 DEBUG 8956 --- [kground-preinit] o.apache.tomcat.util.digester.Digester   :   Fire body() for ObjectCreateRule[className=org.apache.tomcat.util.modeler.ManagedBean, attributeName=null]
2019-05-11 11:06:14.531 DEBUG 8956 --- [kground-preinit] o.apache.tomcat.util.digester.Digester   :   Fire body() for SetPropertiesRule[]
2019-05-11 11:06:14.531 DEBUG 8956 --- [kground-preinit] o.apache.tomcat.util.digester.Digester   :   Fire body() for SetNextRule[methodName=add, paramType=java.lang.Object]
2019-05-11 11:06:14.531 DEBUG 8956 --- [kground-preinit] o.apache.tomcat.util.digester.Digester   :   Fire end() for SetNextRule[methodName=add, paramType=java.lang.Object]
2019-05-11 11:06:14.531 DEBUG 8956 --- [kground-preinit] o.apache.tomcat.util.digester.Digester   : [SetNextRule]{mbeans-descriptors/mbean} Call java.util.ArrayList.add(ManagedBean[name=StandardEngineValve, className=org.apache.tomcat.util.modeler.BaseModelMBean, description=Valve that implements the default basic behavior for the          StandardEngine container implementation, group=Valve, type=org.apache.catalina.core.StandardEngineValve])
2019-05-11 11:06:14.531 DEBUG 8956 --- [kground-preinit] o.apache.tomcat.util.IntrospectionUtils  : IntrospectionUtils: callMethod1 java.util.ArrayList org.apache.tomcat.util.modeler.ManagedBean java.lang.Object
2019-05-11 11:06:14.532 DEBUG 8956 --- [kground-preinit] o.apache.tomcat.util.digester.Digester   :   Fire end() for SetPropertiesRule[]
2019-05-11 11:06:14.532 DEBUG 8956 --- [kground-preinit] o.apache.tomcat.util.digester.Digester   :   Fire end() for ObjectCreateRule[className=org.apache.tomcat.util.modeler.ManagedBean, attributeName=null]
2019-05-11 11:06:14.532 DEBUG 8956 --- [kground-preinit] o.apache.tomcat.util.digester.Digester   : [ObjectCreateRule]{mbeans-descriptors/mbean} Pop org.apache.tomcat.util.modeler.ManagedBean
2019-05-11 11:06:14.532 DEBUG 8956 --- [kground-preinit] o.a.tomcat.util.digester.Digester.sax    : characters(

  )
2019-05-11 11:06:14.532 DEBUG 8956 --- [kground-preinit] o.a.tomcat.util.digester.Digester.sax    : startElement(,,mbean)
2019-05-11 11:06:14.533 DEBUG 8956 --- [kground-preinit] o.apache.tomcat.util.digester.Digester   :   New match='mbeans-descriptors/mbean'
2019-05-11 11:06:14.534 DEBUG 8956 --- [kground-preinit] o.apache.tomcat.util.digester.Digester   :   Fire begin() for ObjectCreateRule[className=org.apache.tomcat.util.modeler.ManagedBean, attributeName=null]
2019-05-11 11:06:14.534 DEBUG 8956 --- [kground-preinit] o.apache.tomcat.util.digester.Digester   : [ObjectCreateRule]{mbeans-descriptors/mbean}New org.apache.tomcat.util.modeler.ManagedBean
2019-05-11 11:06:14.534 DEBUG 8956 --- [kground-preinit] o.apache.tomcat.util.digester.Digester   :   Fire begin() for SetPropertiesRule[]
2019-05-11 11:06:14.535 DEBUG 8956 --- [kground-preinit] o.apache.tomcat.util.digester.Digester   : [SetPropertiesRule]{mbeans-descriptors/mbean} Set org.apache.tomcat.util.modeler.ManagedBean properties
2019-05-11 11:06:14.535 DEBUG 8956 --- [kground-preinit] o.apache.tomcat.util.digester.Digester   : [SetPropertiesRule]{mbeans-descriptors/mbean} Setting property 'name' to 'StandardHost'
2019-05-11 11:06:14.535 DEBUG 8956 --- [kground-preinit] o.apache.tomcat.util.IntrospectionUtils  : IntrospectionUtils: setProperty(class org.apache.tomcat.util.modeler.ManagedBean name=StandardHost)
2019-05-11 11:06:14.535 DEBUG 8956 --- [kground-preinit] o.apache.tomcat.util.digester.Digester   : [SetPropertiesRule]{mbeans-descriptors/mbean} Setting property 'description' to 'Standard Host Component'
2019-05-11 11:06:14.535 DEBUG 8956 --- [kground-preinit] o.apache.tomcat.util.IntrospectionUtils  : IntrospectionUtils: setProperty(class org.apache.tomcat.util.modeler.ManagedBean description=Standard Host Component)
2019-05-11 11:06:14.536 DEBUG 8956 --- [kground-preinit] o.apache.tomcat.util.digester.Digester   : [SetPropertiesRule]{mbeans-descriptors/mbean} Setting property 'domain' to 'Catalina'
2019-05-11 11:06:14.536 DEBUG 8956 --- [kground-preinit] o.apache.tomcat.util.IntrospectionUtils  : IntrospectionUtils: setProperty(class org.apache.tomcat.util.modeler.ManagedBean domain=Catalina)
2019-05-11 11:06:14.536 DEBUG 8956 --- [kground-preinit] o.apache.tomcat.util.digester.Digester   : [SetPropertiesRule]{mbeans-descriptors/mbean} Setting property 'group' to 'Host'
2019-05-11 11:06:14.536 DEBUG 8956 --- [kground-preinit] o.apache.tomcat.util.IntrospectionUtils  : IntrospectionUtils: setProperty(class org.apache.tomcat.util.modeler.ManagedBean group=Host)
2019-05-11 11:06:14.536 DEBUG 8956 --- [kground-preinit] o.apache.tomcat.util.digester.Digester   : [SetPropertiesRule]{mbeans-descriptors/mbean} Setting property 'type' to 'org.apache.catalina.core.StandardHost'
2019-05-11 11:06:14.536 DEBUG 8956 --- [kground-preinit] o.apache.tomcat.util.IntrospectionUtils  : IntrospectionUtils: setProperty(class org.apache.tomcat.util.modeler.ManagedBean type=org.apache.catalina.core.StandardHost)
2019-05-11 11:06:14.537 DEBUG 8956 --- [kground-preinit] o.apache.tomcat.util.digester.Digester   : [SetPropertiesRule]{mbeans-descriptors/mbean} Setting property 'className' to 'org.apache.catalina.mbeans.ContainerMBean'
2019-05-11 11:06:14.537 DEBUG 8956 --- [kground-preinit] o.apache.tomcat.util.IntrospectionUtils  : IntrospectionUtils: setProperty(class org.apache.tomcat.util.modeler.ManagedBean className=org.apache.catalina.mbeans.ContainerMBean)
2019-05-11 11:06:14.537 DEBUG 8956 --- [kground-preinit] o.apache.tomcat.util.digester.Digester   :   Fire begin() for SetNextRule[methodName=add, paramType=java.lang.Object]
2019-05-11 11:06:14.538 DEBUG 8956 --- [kground-preinit] o.a.tomcat.util.digester.Digester.sax    : characters(

    )
2019-05-11 11:06:14.538 DEBUG 8956 --- [kground-preinit] o.a.tomcat.util.digester.Digester.sax    : startElement(,,attribute)
2019-05-11 11:06:14.538 DEBUG 8956 --- [kground-preinit] o.apache.tomcat.util.digester.Digester   :   New match='mbeans-descriptors/mbean/attribute'
2019-05-11 11:06:14.538 DEBUG 8956 --- [kground-preinit] o.apache.tomcat.util.digester.Digester   :   Fire begin() for ObjectCreateRule[className=org.apache.tomcat.util.modeler.AttributeInfo, attributeName=null]
2019-05-11 11:06:14.538 DEBUG 8956 --- [kground-preinit] o.apache.tomcat.util.digester.Digester   : [ObjectCreateRule]{mbeans-descriptors/mbean/attribute}New org.apache.tomcat.util.modeler.AttributeInfo
2019-05-11 11:06:14.538 DEBUG 8956 --- [kground-preinit] o.apache.tomcat.util.digester.Digester   :   Fire begin() for SetPropertiesRule[]
2019-05-11 11:06:14.538 DEBUG 8956 --- [kground-preinit] o.apache.tomcat.util.digester.Digester   : [SetPropertiesRule]{mbeans-descriptors/mbean/attribute} Set org.apache.tomcat.util.modeler.AttributeInfo properties
2019-05-11 11:06:14.539 DEBUG 8956 --- [kground-preinit] o.apache.tomcat.util.digester.Digester   : [SetPropertiesRule]{mbeans-descriptors/mbean/attribute} Setting property 'name' to 'aliases'
2019-05-11 11:06:14.539 DEBUG 8956 --- [kground-preinit] o.apache.tomcat.util.IntrospectionUtils  : IntrospectionUtils: setProperty(class org.apache.tomcat.util.modeler.AttributeInfo name=aliases)
2019-05-11 11:06:14.539 DEBUG 8956 --- [kground-preinit] o.apache.tomcat.util.digester.Digester   : [SetPropertiesRule]{mbeans-descriptors/mbean/attribute} Setting property 'description' to 'Host aliases'
2019-05-11 11:06:14.539 DEBUG 8956 --- [kground-preinit] o.apache.tomcat.util.IntrospectionUtils  : IntrospectionUtils: setProperty(class org.apache.tomcat.util.modeler.AttributeInfo description=Host aliases)
2019-05-11 11:06:14.539 DEBUG 8956 --- [kground-preinit] o.apache.tomcat.util.digester.Digester   : [SetPropertiesRule]{mbeans-descriptors/mbean/attribute} Setting property 'type' to '[Ljava.lang.String;'
2019-05-11 11:06:14.539 DEBUG 8956 --- [kground-preinit] o.apache.tomcat.util.IntrospectionUtils  : IntrospectionUtils: setProperty(class org.apache.tomcat.util.modeler.AttributeInfo type=[Ljava.lang.String;)
2019-05-11 11:06:14.540 DEBUG 8956 --- [kground-preinit] o.apache.tomcat.util.digester.Digester   :   Fire begin() for SetNextRule[methodName=addAttribute, paramType=org.apache.tomcat.util.modeler.AttributeInfo]
2019-05-11 11:06:14.540 DEBUG 8956 --- [kground-preinit] o.a.tomcat.util.digester.Digester.sax    : endElement(,,attribute)
2019-05-11 11:06:14.540 DEBUG 8956 --- [kground-preinit] o.apache.tomcat.util.digester.Digester   :   match='mbeans-descriptors/mbean/attribute'
2019-05-11 11:06:14.540 DEBUG 8956 --- [kground-preinit] o.apache.tomcat.util.digester.Digester   :   bodyText=''
2019-05-11 11:06:14.540 DEBUG 8956 --- [kground-preinit] o.apache.tomcat.util.digester.Digester   :   Fire body() for ObjectCreateRule[className=org.apache.tomcat.util.modeler.AttributeInfo, attributeName=null]
2019-05-11 11:06:14.540 DEBUG 8956 --- [kground-preinit] o.apache.tomcat.util.digester.Digester   :   Fire body() for SetPropertiesRule[]
2019-05-11 11:06:14.540 DEBUG 8956 --- [kground-preinit] o.apache.tomcat.util.digester.Digester   :   Fire body() for SetNextRule[methodName=addAttribute, paramType=org.apache.tomcat.util.modeler.AttributeInfo]
2019-05-11 11:06:14.540 DEBUG 8956 --- [kground-preinit] o.apache.tomcat.util.digester.Digester   :   Fire end() for SetNextRule[methodName=addAttribute, paramType=org.apache.tomcat.util.modeler.AttributeInfo]
2019-05-11 11:06:14.541 DEBUG 8956 --- [kground-preinit] o.apache.tomcat.util.digester.Digester   : [SetNextRule]{mbeans-descriptors/mbean/attribute} Call org.apache.tomcat.util.modeler.ManagedBean.addAttribute(org.apache.tomcat.util.modeler.AttributeInfo@6255178b)
2019-05-11 11:06:14.542 DEBUG 8956 --- [kground-preinit] o.apache.tomcat.util.IntrospectionUtils  : IntrospectionUtils: callMethod1 org.apache.tomcat.util.modeler.ManagedBean org.apache.tomcat.util.modeler.AttributeInfo org.apache.tomcat.util.modeler.AttributeInfo
2019-05-11 11:06:14.542 DEBUG 8956 --- [kground-preinit] o.apache.tomcat.util.digester.Digester   :   Fire end() for SetPropertiesRule[]
2019-05-11 11:06:14.542 DEBUG 8956 --- [kground-preinit] o.apache.tomcat.util.digester.Digester   :   Fire end() for ObjectCreateRule[className=org.apache.tomcat.util.modeler.AttributeInfo, attributeName=null]
2019-05-11 11:06:14.542 DEBUG 8956 --- [kground-preinit] o.apache.tomcat.util.digester.Digester   : [ObjectCreateRule]{mbeans-descriptors/mbean/attribute} Pop org.apache.tomcat.util.modeler.AttributeInfo
2019-05-11 11:06:14.542 DEBUG 8956 --- [kground-preinit] o.a.tomcat.util.digester.Digester.sax    : characters(

    )
2019-05-11 11:06:14.542 DEBUG 8956 --- [kground-preinit] o.a.tomcat.util.digester.Digester.sax    : startElement(,,attribute)
2019-05-11 11:06:14.543 DEBUG 8956 --- [kground-preinit] o.apache.tomcat.util.digester.Digester   :   New match='mbeans-descriptors/mbean/attribute'
2019-05-11 11:06:14.543 DEBUG 8956 --- [kground-preinit] o.apache.tomcat.util.digester.Digester   :   Fire begin() for ObjectCreateRule[className=org.apache.tomcat.util.modeler.AttributeInfo, attributeName=null]
2019-05-11 11:06:14.543 DEBUG 8956 --- [kground-preinit] o.apache.tomcat.util.digester.Digester   : [ObjectCreateRule]{mbeans-descriptors/mbean/attribute}New org.apache.tomcat.util.modeler.AttributeInfo
2019-05-11 11:06:14.543 DEBUG 8956 --- [kground-preinit] o.apache.tomcat.util.digester.Digester   :   Fire begin() for SetPropertiesRule[]
2019-05-11 11:06:14.543 DEBUG 8956 --- [kground-preinit] o.apache.tomcat.util.digester.Digester   : [SetPropertiesRule]{mbeans-descriptors/mbean/attribute} Set org.apache.tomcat.util.modeler.AttributeInfo properties
2019-05-11 11:06:14.544 DEBUG 8956 --- [kground-preinit] o.apache.tomcat.util.digester.Digester   : [SetPropertiesRule]{mbeans-descriptors/mbean/attribute} Setting property 'name' to 'appBase'
2019-05-11 11:06:14.544 DEBUG 8956 --- [kground-preinit] o.apache.tomcat.util.IntrospectionUtils  : IntrospectionUtils: setProperty(class org.apache.tomcat.util.modeler.AttributeInfo name=appBase)
2019-05-11 11:06:14.544 DEBUG 8956 --- [kground-preinit] o.apache.tomcat.util.digester.Digester   : [SetPropertiesRule]{mbeans-descriptors/mbean/attribute} Setting property 'description' to 'The application root for this Host'
2019-05-11 11:06:14.544 DEBUG 8956 --- [kground-preinit] o.apache.tomcat.util.IntrospectionUtils  : IntrospectionUtils: setProperty(class org.apache.tomcat.util.modeler.AttributeInfo description=The application root for this Host)
2019-05-11 11:06:14.544 DEBUG 8956 --- [kground-preinit] o.apache.tomcat.util.digester.Digester   : [SetPropertiesRule]{mbeans-descriptors/mbean/attribute} Setting property 'type' to 'java.lang.String'
2019-05-11 11:06:14.544 DEBUG 8956 --- [kground-preinit] o.apache.tomcat.util.IntrospectionUtils  : IntrospectionUtils: setProperty(class org.apache.tomcat.util.modeler.AttributeInfo type=java.lang.String)
2019-05-11 11:06:14.544 DEBUG 8956 --- [kground-preinit] o.apache.tomcat.util.digester.Digester   :   Fire begin() for SetNextRule[methodName=addAttribute, paramType=org.apache.tomcat.util.modeler.AttributeInfo]
2019-05-11 11:06:14.545 DEBUG 8956 --- [kground-preinit] o.a.tomcat.util.digester.Digester.sax    : endElement(,,attribute)
2019-05-11 11:06:14.545 DEBUG 8956 --- [kground-preinit] o.apache.tomcat.util.digester.Digester   :   match='mbeans-descriptors/mbean/attribute'
2019-05-11 11:06:14.545 DEBUG 8956 --- [kground-preinit] o.apache.tomcat.util.digester.Digester   :   bodyText=''
2019-05-11 11:06:14.545 DEBUG 8956 --- [kground-preinit] o.apache.tomcat.util.digester.Digester   :   Fire body() for ObjectCreateRule[className=org.apache.tomcat.util.modeler.AttributeInfo, attributeName=null]
2019-05-11 11:06:14.546 DEBUG 8956 --- [kground-preinit] o.apache.tomcat.util.digester.Digester   :   Fire body() for SetPropertiesRule[]
2019-05-11 11:06:14.546 DEBUG 8956 --- [kground-preinit] o.apache.tomcat.util.digester.Digester   :   Fire body() for SetNextRule[methodName=addAttribute, paramType=org.apache.tomcat.util.modeler.AttributeInfo]
2019-05-11 11:06:14.546 DEBUG 8956 --- [kground-preinit] o.apache.tomcat.util.digester.Digester   :   Fire end() for SetNextRule[methodName=addAttribute, paramType=org.apache.tomcat.util.modeler.AttributeInfo]
2019-05-11 11:06:14.546 DEBUG 8956 --- [kground-preinit] o.apache.tomcat.util.digester.Digester   : [SetNextRule]{mbeans-descriptors/mbean/attribute} Call org.apache.tomcat.util.modeler.ManagedBean.addAttribute(org.apache.tomcat.util.modeler.AttributeInfo@3c409784)
2019-05-11 11:06:14.546 DEBUG 8956 --- [kground-preinit] o.apache.tomcat.util.IntrospectionUtils  : IntrospectionUtils: callMethod1 org.apache.tomcat.util.modeler.ManagedBean org.apache.tomcat.util.modeler.AttributeInfo org.apache.tomcat.util.modeler.AttributeInfo
2019-05-11 11:06:14.546 DEBUG 8956 --- [kground-preinit] o.apache.tomcat.util.digester.Digester   :   Fire end() for SetPropertiesRule[]
2019-05-11 11:06:14.546 DEBUG 8956 --- [kground-preinit] o.apache.tomcat.util.digester.Digester   :   Fire end() for ObjectCreateRule[className=org.apache.tomcat.util.modeler.AttributeInfo, attributeName=null]
2019-05-11 11:06:14.547 DEBUG 8956 --- [kground-preinit] o.apache.tomcat.util.digester.Digester   : [ObjectCreateRule]{mbeans-descriptors/mbean/attribute} Pop org.apache.tomcat.util.modeler.AttributeInfo
2019-05-11 11:06:14.547 DEBUG 8956 --- [kground-preinit] o.a.tomcat.util.digester.Digester.sax    : characters(

    )
2019-05-11 11:06:14.547 DEBUG 8956 --- [kground-preinit] o.a.tomcat.util.digester.Digester.sax    : startElement(,,attribute)
2019-05-11 11:06:14.548 DEBUG 8956 --- [kground-preinit] o.apache.tomcat.util.digester.Digester   :   New match='mbeans-descriptors/mbean/attribute'
2019-05-11 11:06:14.548 DEBUG 8956 --- [kground-preinit] o.apache.tomcat.util.digester.Digester   :   Fire begin() for ObjectCreateRule[className=org.apache.tomcat.util.modeler.AttributeInfo, attributeName=null]
2019-05-11 11:06:14.548 DEBUG 8956 --- [kground-preinit] o.apache.tomcat.util.digester.Digester   : [ObjectCreateRule]{mbeans-descriptors/mbean/attribute}New org.apache.tomcat.util.modeler.AttributeInfo
2019-05-11 11:06:14.548 DEBUG 8956 --- [kground-preinit] o.apache.tomcat.util.digester.Digester   :   Fire begin() for SetPropertiesRule[]
2019-05-11 11:06:14.548 DEBUG 8956 --- [kground-preinit] o.apache.tomcat.util.digester.Digester   : [SetPropertiesRule]{mbeans-descriptors/mbean/attribute} Set org.apache.tomcat.util.modeler.AttributeInfo properties
2019-05-11 11:06:14.548 DEBUG 8956 --- [kground-preinit] o.apache.tomcat.util.digester.Digester   : [SetPropertiesRule]{mbeans-descriptors/mbean/attribute} Setting property 'name' to 'autoDeploy'
2019-05-11 11:06:14.549 DEBUG 8956 --- [kground-preinit] o.apache.tomcat.util.IntrospectionUtils  : IntrospectionUtils: setProperty(class org.apache.tomcat.util.modeler.AttributeInfo name=autoDeploy)
2019-05-11 11:06:14.549 DEBUG 8956 --- [kground-preinit] o.apache.tomcat.util.digester.Digester   : [SetPropertiesRule]{mbeans-descriptors/mbean/attribute} Setting property 'description' to 'The auto deploy flag for this Host'
2019-05-11 11:06:14.549 DEBUG 8956 --- [kground-preinit] o.apache.tomcat.util.IntrospectionUtils  : IntrospectionUtils: setProperty(class org.apache.tomcat.util.modeler.AttributeInfo description=The auto deploy flag for this Host)
2019-05-11 11:06:14.549 DEBUG 8956 --- [kground-preinit] o.apache.tomcat.util.digester.Digester   : [SetPropertiesRule]{mbeans-descriptors/mbean/attribute} Setting property 'type' to 'boolean'
2019-05-11 11:06:14.549 DEBUG 8956 --- [kground-preinit] o.apache.tomcat.util.IntrospectionUtils  : IntrospectionUtils: setProperty(class org.apache.tomcat.util.modeler.AttributeInfo type=boolean)
2019-05-11 11:06:14.550 DEBUG 8956 --- [kground-preinit] o.apache.tomcat.util.digester.Digester   :   Fire begin() for SetNextRule[methodName=addAttribute, paramType=org.apache.tomcat.util.modeler.AttributeInfo]
2019-05-11 11:06:14.550 DEBUG 8956 --- [kground-preinit] o.a.tomcat.util.digester.Digester.sax    : endElement(,,attribute)
2019-05-11 11:06:14.550 DEBUG 8956 --- [kground-preinit] o.apache.tomcat.util.digester.Digester   :   match='mbeans-descriptors/mbean/attribute'
2019-05-11 11:06:14.550 DEBUG 8956 --- [kground-preinit] o.apache.tomcat.util.digester.Digester   :   bodyText=''
2019-05-11 11:06:14.550 DEBUG 8956 --- [kground-preinit] o.apache.tomcat.util.digester.Digester   :   Fire body() for ObjectCreateRule[className=org.apache.tomcat.util.modeler.AttributeInfo, attributeName=null]
2019-05-11 11:06:14.550 DEBUG 8956 --- [kground-preinit] o.apache.tomcat.util.digester.Digester   :   Fire body() for SetPropertiesRule[]
2019-05-11 11:06:14.550 DEBUG 8956 --- [kground-preinit] o.apache.tomcat.util.digester.Digester   :   Fire body() for SetNextRule[methodName=addAttribute, paramType=org.apache.tomcat.util.modeler.AttributeInfo]
2019-05-11 11:06:14.550 DEBUG 8956 --- [kground-preinit] o.apache.tomcat.util.digester.Digester   :   Fire end() for SetNextRule[methodName=addAttribute, paramType=org.apache.tomcat.util.modeler.AttributeInfo]
2019-05-11 11:06:14.550 DEBUG 8956 --- [kground-preinit] o.apache.tomcat.util.digester.Digester   : [SetNextRule]{mbeans-descriptors/mbean/attribute} Call org.apache.tomcat.util.modeler.ManagedBean.addAttribute(org.apache.tomcat.util.modeler.AttributeInfo@1313079a)
2019-05-11 11:06:14.551 DEBUG 8956 --- [kground-preinit] o.apache.tomcat.util.IntrospectionUtils  : IntrospectionUtils: callMethod1 org.apache.tomcat.util.modeler.ManagedBean org.apache.tomcat.util.modeler.AttributeInfo org.apache.tomcat.util.modeler.AttributeInfo
2019-05-11 11:06:14.551 DEBUG 8956 --- [kground-preinit] o.apache.tomcat.util.digester.Digester   :   Fire end() for SetPropertiesRule[]
2019-05-11 11:06:14.551 DEBUG 8956 --- [kground-preinit] o.apache.tomcat.util.digester.Digester   :   Fire end() for ObjectCreateRule[className=org.apache.tomcat.util.modeler.AttributeInfo, attributeName=null]
2019-05-11 11:06:14.551 DEBUG 8956 --- [kground-preinit] o.apache.tomcat.util.digester.Digester   : [ObjectCreateRule]{mbeans-descriptors/mbean/attribute} Pop org.apache.tomcat.util.modeler.AttributeInfo
2019-05-11 11:06:14.551 DEBUG 8956 --- [kground-preinit] o.a.tomcat.util.digester.Digester.sax    : characters(

    )
2019-05-11 11:06:14.552 DEBUG 8956 --- [kground-preinit] o.a.tomcat.util.digester.Digester.sax    : startElement(,,attribute)
2019-05-11 11:06:14.552 DEBUG 8956 --- [kground-preinit] o.apache.tomcat.util.digester.Digester   :   New match='mbeans-descriptors/mbean/attribute'
2019-05-11 11:06:14.552 DEBUG 8956 --- [kground-preinit] o.apache.tomcat.util.digester.Digester   :   Fire begin() for ObjectCreateRule[className=org.apache.tomcat.util.modeler.AttributeInfo, attributeName=null]
2019-05-11 11:06:14.552 DEBUG 8956 --- [kground-preinit] o.apache.tomcat.util.digester.Digester   : [ObjectCreateRule]{mbeans-descriptors/mbean/attribute}New org.apache.tomcat.util.modeler.AttributeInfo
2019-05-11 11:06:14.552 DEBUG 8956 --- [kground-preinit] o.apache.tomcat.util.digester.Digester   :   Fire begin() for SetPropertiesRule[]
2019-05-11 11:06:14.552 DEBUG 8956 --- [kground-preinit] o.apache.tomcat.util.digester.Digester   : [SetPropertiesRule]{mbeans-descriptors/mbean/attribute} Set org.apache.tomcat.util.modeler.AttributeInfo properties
2019-05-11 11:06:14.552 DEBUG 8956 --- [kground-preinit] o.apache.tomcat.util.digester.Digester   : [SetPropertiesRule]{mbeans-descriptors/mbean/attribute} Setting property 'name' to 'backgroundProcessorDelay'
2019-05-11 11:06:14.553 DEBUG 8956 --- [kground-preinit] o.apache.tomcat.util.IntrospectionUtils  : IntrospectionUtils: setProperty(class org.apache.tomcat.util.modeler.AttributeInfo name=backgroundProcessorDelay)
2019-05-11 11:06:14.553 DEBUG 8956 --- [kground-preinit] o.apache.tomcat.util.digester.Digester   : [SetPropertiesRule]{mbeans-descriptors/mbean/attribute} Setting property 'description' to 'The processor delay for this component.'
2019-05-11 11:06:14.553 DEBUG 8956 --- [kground-preinit] o.apache.tomcat.util.IntrospectionUtils  : IntrospectionUtils: setProperty(class org.apache.tomcat.util.modeler.AttributeInfo description=The processor delay for this component.)
2019-05-11 11:06:14.553 DEBUG 8956 --- [kground-preinit] o.apache.tomcat.util.digester.Digester   : [SetPropertiesRule]{mbeans-descriptors/mbean/attribute} Setting property 'type' to 'int'
2019-05-11 11:06:14.553 DEBUG 8956 --- [kground-preinit] o.apache.tomcat.util.IntrospectionUtils  : IntrospectionUtils: setProperty(class org.apache.tomcat.util.modeler.AttributeInfo type=int)
2019-05-11 11:06:14.553 DEBUG 8956 --- [kground-preinit] o.apache.tomcat.util.digester.Digester   :   Fire begin() for SetNextRule[methodName=addAttribute, paramType=org.apache.tomcat.util.modeler.AttributeInfo]
2019-05-11 11:06:14.554 DEBUG 8956 --- [kground-preinit] o.a.tomcat.util.digester.Digester.sax    : endElement(,,attribute)
2019-05-11 11:06:14.554 DEBUG 8956 --- [kground-preinit] o.apache.tomcat.util.digester.Digester   :   match='mbeans-descriptors/mbean/attribute'
2019-05-11 11:06:14.554 DEBUG 8956 --- [kground-preinit] o.apache.tomcat.util.digester.Digester   :   bodyText=''
2019-05-11 11:06:14.554 DEBUG 8956 --- [kground-preinit] o.apache.tomcat.util.digester.Digester   :   Fire body() for ObjectCreateRule[className=org.apache.tomcat.util.modeler.AttributeInfo, attributeName=null]
2019-05-11 11:06:14.554 DEBUG 8956 --- [kground-preinit] o.apache.tomcat.util.digester.Digester   :   Fire body() for SetPropertiesRule[]
2019-05-11 11:06:14.554 DEBUG 8956 --- [kground-preinit] o.apache.tomcat.util.digester.Digester   :   Fire body() for SetNextRule[methodName=addAttribute, paramType=org.apache.tomcat.util.modeler.AttributeInfo]
2019-05-11 11:06:14.554 DEBUG 8956 --- [kground-preinit] o.apache.tomcat.util.digester.Digester   :   Fire end() for SetNextRule[methodName=addAttribute, paramType=org.apache.tomcat.util.modeler.AttributeInfo]
2019-05-11 11:06:14.554 DEBUG 8956 --- [kground-preinit] o.apache.tomcat.util.digester.Digester   : [SetNextRule]{mbeans-descriptors/mbean/attribute} Call org.apache.tomcat.util.modeler.ManagedBean.addAttribute(org.apache.tomcat.util.modeler.AttributeInfo@3ef94197)
2019-05-11 11:06:14.554 DEBUG 8956 --- [kground-preinit] o.apache.tomcat.util.IntrospectionUtils  : IntrospectionUtils: callMethod1 org.apache.tomcat.util.modeler.ManagedBean org.apache.tomcat.util.modeler.AttributeInfo org.apache.tomcat.util.modeler.AttributeInfo
2019-05-11 11:06:14.555 DEBUG 8956 --- [kground-preinit] o.apache.tomcat.util.digester.Digester   :   Fire end() for SetPropertiesRule[]
2019-05-11 11:06:14.555 DEBUG 8956 --- [kground-preinit] o.apache.tomcat.util.digester.Digester   :   Fire end() for ObjectCreateRule[className=org.apache.tomcat.util.modeler.AttributeInfo, attributeName=null]
2019-05-11 11:06:14.555 DEBUG 8956 --- [kground-preinit] o.apache.tomcat.util.digester.Digester   : [ObjectCreateRule]{mbeans-descriptors/mbean/attribute} Pop org.apache.tomcat.util.modeler.AttributeInfo
2019-05-11 11:06:14.555 DEBUG 8956 --- [kground-preinit] o.a.tomcat.util.digester.Digester.sax    : characters(

    )
2019-05-11 11:06:14.555 DEBUG 8956 --- [kground-preinit] o.a.tomcat.util.digester.Digester.sax    : startElement(,,attribute)
2019-05-11 11:06:14.555 DEBUG 8956 --- [kground-preinit] o.apache.tomcat.util.digester.Digester   :   New match='mbeans-descriptors/mbean/attribute'
2019-05-11 11:06:14.556 DEBUG 8956 --- [kground-preinit] o.apache.tomcat.util.digester.Digester   :   Fire begin() for ObjectCreateRule[className=org.apache.tomcat.util.modeler.AttributeInfo, attributeName=null]
2019-05-11 11:06:14.556 DEBUG 8956 --- [kground-preinit] o.apache.tomcat.util.digester.Digester   : [ObjectCreateRule]{mbeans-descriptors/mbean/attribute}New org.apache.tomcat.util.modeler.AttributeInfo
2019-05-11 11:06:14.556 DEBUG 8956 --- [kground-preinit] o.apache.tomcat.util.digester.Digester   :   Fire begin() for SetPropertiesRule[]
2019-05-11 11:06:14.556 DEBUG 8956 --- [kground-preinit] o.apache.tomcat.util.digester.Digester   : [SetPropertiesRule]{mbeans-descriptors/mbean/attribute} Set org.apache.tomcat.util.modeler.AttributeInfo properties
2019-05-11 11:06:14.556 DEBUG 8956 --- [kground-preinit] o.apache.tomcat.util.digester.Digester   : [SetPropertiesRule]{mbeans-descriptors/mbean/attribute} Setting property 'name' to 'children'
2019-05-11 11:06:14.556 DEBUG 8956 --- [kground-preinit] o.apache.tomcat.util.IntrospectionUtils  : IntrospectionUtils: setProperty(class org.apache.tomcat.util.modeler.AttributeInfo name=children)
2019-05-11 11:06:14.557 DEBUG 8956 --- [kground-preinit] o.apache.tomcat.util.digester.Digester   : [SetPropertiesRule]{mbeans-descriptors/mbean/attribute} Setting property 'description' to 'Object names of all children'
2019-05-11 11:06:14.557 DEBUG 8956 --- [kground-preinit] o.apache.tomcat.util.IntrospectionUtils  : IntrospectionUtils: setProperty(class org.apache.tomcat.util.modeler.AttributeInfo description=Object names of all children)
2019-05-11 11:06:14.557 DEBUG 8956 --- [kground-preinit] o.apache.tomcat.util.digester.Digester   : [SetPropertiesRule]{mbeans-descriptors/mbean/attribute} Setting property 'type' to '[Ljavax.management.ObjectName;'
2019-05-11 11:06:14.558 DEBUG 8956 --- [kground-preinit] o.apache.tomcat.util.IntrospectionUtils  : IntrospectionUtils: setProperty(class org.apache.tomcat.util.modeler.AttributeInfo type=[Ljavax.management.ObjectName;)
2019-05-11 11:06:14.559 DEBUG 8956 --- [kground-preinit] o.apache.tomcat.util.digester.Digester   :   Fire begin() for SetNextRule[methodName=addAttribute, paramType=org.apache.tomcat.util.modeler.AttributeInfo]
2019-05-11 11:06:14.559 DEBUG 8956 --- [kground-preinit] o.a.tomcat.util.digester.Digester.sax    : endElement(,,attribute)
2019-05-11 11:06:14.577 DEBUG 8956 --- [kground-preinit] o.apache.tomcat.util.digester.Digester   :   match='mbeans-descriptors/mbean/attribute'
2019-05-11 11:06:14.577 DEBUG 8956 --- [kground-preinit] o.apache.tomcat.util.digester.Digester   :   bodyText=''
2019-05-11 11:06:14.578 DEBUG 8956 --- [kground-preinit] o.apache.tomcat.util.digester.Digester   :   Fire body() for ObjectCreateRule[className=org.apache.tomcat.util.modeler.AttributeInfo, attributeName=null]
2019-05-11 11:06:14.578 DEBUG 8956 --- [kground-preinit] o.apache.tomcat.util.digester.Digester   :   Fire body() for SetPropertiesRule[]
2019-05-11 11:06:14.578 DEBUG 8956 --- [kground-preinit] o.apache.tomcat.util.digester.Digester   :   Fire body() for SetNextRule[methodName=addAttribute, paramType=org.apache.tomcat.util.modeler.AttributeInfo]
2019-05-11 11:06:14.578 DEBUG 8956 --- [kground-preinit] o.apache.tomcat.util.digester.Digester   :   Fire end() for SetNextRule[methodName=addAttribute, paramType=org.apache.tomcat.util.modeler.AttributeInfo]
2019-05-11 11:06:14.578 DEBUG 8956 --- [kground-preinit] o.apache.tomcat.util.digester.Digester   : [SetNextRule]{mbeans-descriptors/mbean/attribute} Call org.apache.tomcat.util.modeler.ManagedBean.addAttribute(org.apache.tomcat.util.modeler.AttributeInfo@745af08c)
2019-05-11 11:06:14.578 DEBUG 8956 --- [kground-preinit] o.apache.tomcat.util.IntrospectionUtils  : IntrospectionUtils: callMethod1 org.apache.tomcat.util.modeler.ManagedBean org.apache.tomcat.util.modeler.AttributeInfo org.apache.tomcat.util.modeler.AttributeInfo
2019-05-11 11:06:14.578 DEBUG 8956 --- [kground-preinit] o.apache.tomcat.util.digester.Digester   :   Fire end() for SetPropertiesRule[]
2019-05-11 11:06:14.579 DEBUG 8956 --- [kground-preinit] o.apache.tomcat.util.digester.Digester   :   Fire end() for ObjectCreateRule[className=org.apache.tomcat.util.modeler.AttributeInfo, attributeName=null]
2019-05-11 11:06:14.579 DEBUG 8956 --- [kground-preinit] o.apache.tomcat.util.digester.Digester   : [ObjectCreateRule]{mbeans-descriptors/mbean/attribute} Pop org.apache.tomcat.util.modeler.AttributeInfo
2019-05-11 11:06:14.579 DEBUG 8956 --- [kground-preinit] o.a.tomcat.util.digester.Digester.sax    : characters(

    )
2019-05-11 11:06:14.579 DEBUG 8956 --- [kground-preinit] o.a.tomcat.util.digester.Digester.sax    : startElement(,,attribute)
2019-05-11 11:06:14.579 DEBUG 8956 --- [kground-preinit] o.apache.tomcat.util.digester.Digester   :   New match='mbeans-descriptors/mbean/attribute'
2019-05-11 11:06:14.579 DEBUG 8956 --- [kground-preinit] o.apache.tomcat.util.digester.Digester   :   Fire begin() for ObjectCreateRule[className=org.apache.tomcat.util.modeler.AttributeInfo, attributeName=null]
2019-05-11 11:06:14.580 DEBUG 8956 --- [kground-preinit] o.apache.tomcat.util.digester.Digester   : [ObjectCreateRule]{mbeans-descriptors/mbean/attribute}New org.apache.tomcat.util.modeler.AttributeInfo
2019-05-11 11:06:14.580 DEBUG 8956 --- [kground-preinit] o.apache.tomcat.util.digester.Digester   :   Fire begin() for SetPropertiesRule[]
2019-05-11 11:06:14.580 DEBUG 8956 --- [kground-preinit] o.apache.tomcat.util.digester.Digester   : [SetPropertiesRule]{mbeans-descriptors/mbean/attribute} Set org.apache.tomcat.util.modeler.AttributeInfo properties
2019-05-11 11:06:14.580 DEBUG 8956 --- [kground-preinit] o.apache.tomcat.util.digester.Digester   : [SetPropertiesRule]{mbeans-descriptors/mbean/attribute} Setting property 'name' to 'configClass'
2019-05-11 11:06:14.580 DEBUG 8956 --- [kground-preinit] o.apache.tomcat.util.IntrospectionUtils  : IntrospectionUtils: setProperty(class org.apache.tomcat.util.modeler.AttributeInfo name=configClass)
2019-05-11 11:06:14.581 DEBUG 8956 --- [kground-preinit] o.apache.tomcat.util.digester.Digester   : [SetPropertiesRule]{mbeans-descriptors/mbean/attribute} Setting property 'description' to 'The configuration class for contexts'
2019-05-11 11:06:14.581 DEBUG 8956 --- [kground-preinit] o.apache.tomcat.util.IntrospectionUtils  : IntrospectionUtils: setProperty(class org.apache.tomcat.util.modeler.AttributeInfo description=The configuration class for contexts)
2019-05-11 11:06:14.582 DEBUG 8956 --- [kground-preinit] o.apache.tomcat.util.digester.Digester   : [SetPropertiesRule]{mbeans-descriptors/mbean/attribute} Setting property 'type' to 'java.lang.String'
2019-05-11 11:06:14.582 DEBUG 8956 --- [kground-preinit] o.apache.tomcat.util.IntrospectionUtils  : IntrospectionUtils: setProperty(class org.apache.tomcat.util.modeler.AttributeInfo type=java.lang.String)
2019-05-11 11:06:14.582 DEBUG 8956 --- [kground-preinit] o.apache.tomcat.util.digester.Digester   :   Fire begin() for SetNextRule[methodName=addAttribute, paramType=org.apache.tomcat.util.modeler.AttributeInfo]
2019-05-11 11:06:14.583 DEBUG 8956 --- [kground-preinit] o.a.tomcat.util.digester.Digester.sax    : endElement(,,attribute)
2019-05-11 11:06:14.583 DEBUG 8956 --- [kground-preinit] o.apache.tomcat.util.digester.Digester   :   match='mbeans-descriptors/mbean/attribute'
2019-05-11 11:06:14.583 DEBUG 8956 --- [kground-preinit] o.apache.tomcat.util.digester.Digester   :   bodyText=''
2019-05-11 11:06:14.584 DEBUG 8956 --- [kground-preinit] o.apache.tomcat.util.digester.Digester   :   Fire body() for ObjectCreateRule[className=org.apache.tomcat.util.modeler.AttributeInfo, attributeName=null]
2019-05-11 11:06:14.584 DEBUG 8956 --- [kground-preinit] o.apache.tomcat.util.digester.Digester   :   Fire body() for SetPropertiesRule[]
2019-05-11 11:06:14.584 DEBUG 8956 --- [kground-preinit] o.apache.tomcat.util.digester.Digester   :   Fire body() for SetNextRule[methodName=addAttribute, paramType=org.apache.tomcat.util.modeler.AttributeInfo]
2019-05-11 11:06:14.584 DEBUG 8956 --- [kground-preinit] o.apache.tomcat.util.digester.Digester   :   Fire end() for SetNextRule[methodName=addAttribute, paramType=org.apache.tomcat.util.modeler.AttributeInfo]
2019-05-11 11:06:14.584 DEBUG 8956 --- [kground-preinit] o.apache.tomcat.util.digester.Digester   : [SetNextRule]{mbeans-descriptors/mbean/attribute} Call org.apache.tomcat.util.modeler.ManagedBean.addAttribute(org.apache.tomcat.util.modeler.AttributeInfo@4c9ea534)
2019-05-11 11:06:14.584 DEBUG 8956 --- [kground-preinit] o.apache.tomcat.util.IntrospectionUtils  : IntrospectionUtils: callMethod1 org.apache.tomcat.util.modeler.ManagedBean org.apache.tomcat.util.modeler.AttributeInfo org.apache.tomcat.util.modeler.AttributeInfo
2019-05-11 11:06:14.585 DEBUG 8956 --- [kground-preinit] o.apache.tomcat.util.digester.Digester   :   Fire end() for SetPropertiesRule[]
2019-05-11 11:06:14.585 DEBUG 8956 --- [kground-preinit] o.apache.tomcat.util.digester.Digester   :   Fire end() for ObjectCreateRule[className=org.apache.tomcat.util.modeler.AttributeInfo, attributeName=null]
2019-05-11 11:06:14.585 DEBUG 8956 --- [kground-preinit] o.apache.tomcat.util.digester.Digester   : [ObjectCreateRule]{mbeans-descriptors/mbean/attribute} Pop org.apache.tomcat.util.modeler.AttributeInfo
2019-05-11 11:06:14.585 DEBUG 8956 --- [kground-preinit] o.a.tomcat.util.digester.Digester.sax    : characters(

    )
2019-05-11 11:06:14.586 DEBUG 8956 --- [kground-preinit] o.a.tomcat.util.digester.Digester.sax    : startElement(,,attribute)
2019-05-11 11:06:14.586 DEBUG 8956 --- [kground-preinit] o.apache.tomcat.util.digester.Digester   :   New match='mbeans-descriptors/mbean/attribute'
2019-05-11 11:06:14.586 DEBUG 8956 --- [kground-preinit] o.apache.tomcat.util.digester.Digester   :   Fire begin() for ObjectCreateRule[className=org.apache.tomcat.util.modeler.AttributeInfo, attributeName=null]
2019-05-11 11:06:14.586 DEBUG 8956 --- [kground-preinit] o.apache.tomcat.util.digester.Digester   : [ObjectCreateRule]{mbeans-descriptors/mbean/attribute}New org.apache.tomcat.util.modeler.AttributeInfo
2019-05-11 11:06:14.586 DEBUG 8956 --- [kground-preinit] o.apache.tomcat.util.digester.Digester   :   Fire begin() for SetPropertiesRule[]
2019-05-11 11:06:14.586 DEBUG 8956 --- [kground-preinit] o.apache.tomcat.util.digester.Digester   : [SetPropertiesRule]{mbeans-descriptors/mbean/attribute} Set org.apache.tomcat.util.modeler.AttributeInfo properties
2019-05-11 11:06:14.586 DEBUG 8956 --- [kground-preinit] o.apache.tomcat.util.digester.Digester   : [SetPropertiesRule]{mbeans-descriptors/mbean/attribute} Setting property 'name' to 'contextClass'
2019-05-11 11:06:14.587 DEBUG 8956 --- [kground-preinit] o.apache.tomcat.util.IntrospectionUtils  : IntrospectionUtils: setProperty(class org.apache.tomcat.util.modeler.AttributeInfo name=contextClass)
2019-05-11 11:06:14.587 DEBUG 8956 --- [kground-preinit] o.apache.tomcat.util.digester.Digester   : [SetPropertiesRule]{mbeans-descriptors/mbean/attribute} Setting property 'description' to 'The Java class name of the default Context implementation class for deployed web applications.'
2019-05-11 11:06:14.587 DEBUG 8956 --- [kground-preinit] o.apache.tomcat.util.IntrospectionUtils  : IntrospectionUtils: setProperty(class org.apache.tomcat.util.modeler.AttributeInfo description=The Java class name of the default Context implementation class for deployed web applications.)
2019-05-11 11:06:14.587 DEBUG 8956 --- [kground-preinit] o.apache.tomcat.util.digester.Digester   : [SetPropertiesRule]{mbeans-descriptors/mbean/attribute} Setting property 'type' to 'java.lang.String'
2019-05-11 11:06:14.587 DEBUG 8956 --- [kground-preinit] o.apache.tomcat.util.IntrospectionUtils  : IntrospectionUtils: setProperty(class org.apache.tomcat.util.modeler.AttributeInfo type=java.lang.String)
2019-05-11 11:06:14.588 DEBUG 8956 --- [kground-preinit] o.apache.tomcat.util.digester.Digester   : [SetPropertiesRule]{mbeans-descriptors/mbean/attribute} Setting property 'writeable' to 'false'
2019-05-11 11:06:14.588 DEBUG 8956 --- [kground-preinit] o.apache.tomcat.util.IntrospectionUtils  : IntrospectionUtils: setProperty(class org.apache.tomcat.util.modeler.AttributeInfo writeable=false)
2019-05-11 11:06:14.588 DEBUG 8956 --- [kground-preinit] o.apache.tomcat.util.digester.Digester   :   Fire begin() for SetNextRule[methodName=addAttribute, paramType=org.apache.tomcat.util.modeler.AttributeInfo]
2019-05-11 11:06:14.588 DEBUG 8956 --- [kground-preinit] o.a.tomcat.util.digester.Digester.sax    : endElement(,,attribute)
2019-05-11 11:06:14.588 DEBUG 8956 --- [kground-preinit] o.apache.tomcat.util.digester.Digester   :   match='mbeans-descriptors/mbean/attribute'
2019-05-11 11:06:14.588 DEBUG 8956 --- [kground-preinit] o.apache.tomcat.util.digester.Digester   :   bodyText=''
2019-05-11 11:06:14.588 DEBUG 8956 --- [kground-preinit] o.apache.tomcat.util.digester.Digester   :   Fire body() for ObjectCreateRule[className=org.apache.tomcat.util.modeler.AttributeInfo, attributeName=null]
2019-05-11 11:06:14.588 DEBUG 8956 --- [kground-preinit] o.apache.tomcat.util.digester.Digester   :   Fire body() for SetPropertiesRule[]
2019-05-11 11:06:14.589 DEBUG 8956 --- [kground-preinit] o.apache.tomcat.util.digester.Digester   :   Fire body() for SetNextRule[methodName=addAttribute, paramType=org.apache.tomcat.util.modeler.AttributeInfo]
2019-05-11 11:06:14.589 DEBUG 8956 --- [kground-preinit] o.apache.tomcat.util.digester.Digester   :   Fire end() for SetNextRule[methodName=addAttribute, paramType=org.apache.tomcat.util.modeler.AttributeInfo]
2019-05-11 11:06:14.589 DEBUG 8956 --- [kground-preinit] o.apache.tomcat.util.digester.Digester   : [SetNextRule]{mbeans-descriptors/mbean/attribute} Call org.apache.tomcat.util.modeler.ManagedBean.addAttribute(org.apache.tomcat.util.modeler.AttributeInfo@47ba44ea)
2019-05-11 11:06:14.589 DEBUG 8956 --- [kground-preinit] o.apache.tomcat.util.IntrospectionUtils  : IntrospectionUtils: callMethod1 org.apache.tomcat.util.modeler.ManagedBean org.apache.tomcat.util.modeler.AttributeInfo org.apache.tomcat.util.modeler.AttributeInfo
2019-05-11 11:06:14.589 DEBUG 8956 --- [kground-preinit] o.apache.tomcat.util.digester.Digester   :   Fire end() for SetPropertiesRule[]
2019-05-11 11:06:14.589 DEBUG 8956 --- [kground-preinit] o.apache.tomcat.util.digester.Digester   :   Fire end() for ObjectCreateRule[className=org.apache.tomcat.util.modeler.AttributeInfo, attributeName=null]
2019-05-11 11:06:14.590 DEBUG 8956 --- [kground-preinit] o.apache.tomcat.util.digester.Digester   : [ObjectCreateRule]{mbeans-descriptors/mbean/attribute} Pop org.apache.tomcat.util.modeler.AttributeInfo
2019-05-11 11:06:14.590 DEBUG 8956 --- [kground-preinit] o.a.tomcat.util.digester.Digester.sax    : characters(

    )
2019-05-11 11:06:14.590 DEBUG 8956 --- [kground-preinit] o.a.tomcat.util.digester.Digester.sax    : startElement(,,attribute)
2019-05-11 11:06:14.590 DEBUG 8956 --- [kground-preinit] o.apache.tomcat.util.digester.Digester   :   New match='mbeans-descriptors/mbean/attribute'
2019-05-11 11:06:14.590 DEBUG 8956 --- [kground-preinit] o.apache.tomcat.util.digester.Digester   :   Fire begin() for ObjectCreateRule[className=org.apache.tomcat.util.modeler.AttributeInfo, attributeName=null]
2019-05-11 11:06:14.590 DEBUG 8956 --- [kground-preinit] o.apache.tomcat.util.digester.Digester   : [ObjectCreateRule]{mbeans-descriptors/mbean/attribute}New org.apache.tomcat.util.modeler.AttributeInfo
2019-05-11 11:06:14.591 DEBUG 8956 --- [kground-preinit] o.apache.tomcat.util.digester.Digester   :   Fire begin() for SetPropertiesRule[]
2019-05-11 11:06:14.591 DEBUG 8956 --- [kground-preinit] o.apache.tomcat.util.digester.Digester   : [SetPropertiesRule]{mbeans-descriptors/mbean/attribute} Set org.apache.tomcat.util.modeler.AttributeInfo properties
2019-05-11 11:06:14.592 DEBUG 8956 --- [kground-preinit] o.apache.tomcat.util.digester.Digester   : [SetPropertiesRule]{mbeans-descriptors/mbean/attribute} Setting property 'name' to 'copyXML'
2019-05-11 11:06:14.592 DEBUG 8956 --- [kground-preinit] o.apache.tomcat.util.IntrospectionUtils  : IntrospectionUtils: setProperty(class org.apache.tomcat.util.modeler.AttributeInfo name=copyXML)
2019-05-11 11:06:14.592 DEBUG 8956 --- [kground-preinit] o.apache.tomcat.util.digester.Digester   : [SetPropertiesRule]{mbeans-descriptors/mbean/attribute} Setting property 'description' to 'Should XML files be copied to $CATALINA_BASE/conf/{engine}/{host} by default when a web application is deployed?'
2019-05-11 11:06:14.592 DEBUG 8956 --- [kground-preinit] o.apache.tomcat.util.IntrospectionUtils  : IntrospectionUtils: setProperty(class org.apache.tomcat.util.modeler.AttributeInfo description=Should XML files be copied to $CATALINA_BASE/conf/{engine}/{host} by default when a web application is deployed?)
2019-05-11 11:06:14.592 DEBUG 8956 --- [kground-preinit] o.apache.tomcat.util.digester.Digester   : [SetPropertiesRule]{mbeans-descriptors/mbean/attribute} Setting property 'is' to 'true'
2019-05-11 11:06:14.592 DEBUG 8956 --- [kground-preinit] o.apache.tomcat.util.IntrospectionUtils  : IntrospectionUtils: setProperty(class org.apache.tomcat.util.modeler.AttributeInfo is=true)
2019-05-11 11:06:14.593 DEBUG 8956 --- [kground-preinit] o.apache.tomcat.util.digester.Digester   : [SetPropertiesRule]{mbeans-descriptors/mbean/attribute} Setting property 'type' to 'boolean'
2019-05-11 11:06:14.593 DEBUG 8956 --- [kground-preinit] o.apache.tomcat.util.IntrospectionUtils  : IntrospectionUtils: setProperty(class org.apache.tomcat.util.modeler.AttributeInfo type=boolean)
2019-05-11 11:06:14.593 DEBUG 8956 --- [kground-preinit] o.apache.tomcat.util.digester.Digester   :   Fire begin() for SetNextRule[methodName=addAttribute, paramType=org.apache.tomcat.util.modeler.AttributeInfo]
2019-05-11 11:06:14.593 DEBUG 8956 --- [kground-preinit] o.a.tomcat.util.digester.Digester.sax    : endElement(,,attribute)
2019-05-11 11:06:14.593 DEBUG 8956 --- [kground-preinit] o.apache.tomcat.util.digester.Digester   :   match='mbeans-descriptors/mbean/attribute'
2019-05-11 11:06:14.594 DEBUG 8956 --- [kground-preinit] o.apache.tomcat.util.digester.Digester   :   bodyText=''
2019-05-11 11:06:14.594 DEBUG 8956 --- [kground-preinit] o.apache.tomcat.util.digester.Digester   :   Fire body() for ObjectCreateRule[className=org.apache.tomcat.util.modeler.AttributeInfo, attributeName=null]
2019-05-11 11:06:14.594 DEBUG 8956 --- [kground-preinit] o.apache.tomcat.util.digester.Digester   :   Fire body() for SetPropertiesRule[]
2019-05-11 11:06:14.594 DEBUG 8956 --- [kground-preinit] o.apache.tomcat.util.digester.Digester   :   Fire body() for SetNextRule[methodName=addAttribute, paramType=org.apache.tomcat.util.modeler.AttributeInfo]
2019-05-11 11:06:14.594 DEBUG 8956 --- [kground-preinit] o.apache.tomcat.util.digester.Digester   :   Fire end() for SetNextRule[methodName=addAttribute, paramType=org.apache.tomcat.util.modeler.AttributeInfo]
2019-05-11 11:06:14.594 DEBUG 8956 --- [kground-preinit] o.apache.tomcat.util.digester.Digester   : [SetNextRule]{mbeans-descriptors/mbean/attribute} Call org.apache.tomcat.util.modeler.ManagedBean.addAttribute(org.apache.tomcat.util.modeler.AttributeInfo@333b5073)
2019-05-11 11:06:14.594 DEBUG 8956 --- [kground-preinit] o.apache.tomcat.util.IntrospectionUtils  : IntrospectionUtils: callMethod1 org.apache.tomcat.util.modeler.ManagedBean org.apache.tomcat.util.modeler.AttributeInfo org.apache.tomcat.util.modeler.AttributeInfo
2019-05-11 11:06:14.595 DEBUG 8956 --- [kground-preinit] o.apache.tomcat.util.digester.Digester   :   Fire end() for SetPropertiesRule[]
2019-05-11 11:06:14.595 DEBUG 8956 --- [kground-preinit] o.apache.tomcat.util.digester.Digester   :   Fire end() for ObjectCreateRule[className=org.apache.tomcat.util.modeler.AttributeInfo, attributeName=null]
2019-05-11 11:06:14.595 DEBUG 8956 --- [kground-preinit] o.apache.tomcat.util.digester.Digester   : [ObjectCreateRule]{mbeans-descriptors/mbean/attribute} Pop org.apache.tomcat.util.modeler.AttributeInfo
2019-05-11 11:06:14.595 DEBUG 8956 --- [kground-preinit] o.a.tomcat.util.digester.Digester.sax    : characters(

    )
2019-05-11 11:06:14.595 DEBUG 8956 --- [kground-preinit] o.a.tomcat.util.digester.Digester.sax    : startElement(,,attribute)
2019-05-11 11:06:14.595 DEBUG 8956 --- [kground-preinit] o.apache.tomcat.util.digester.Digester   :   New match='mbeans-descriptors/mbean/attribute'
2019-05-11 11:06:14.595 DEBUG 8956 --- [kground-preinit] o.apache.tomcat.util.digester.Digester   :   Fire begin() for ObjectCreateRule[className=org.apache.tomcat.util.modeler.AttributeInfo, attributeName=null]
2019-05-11 11:06:14.596 DEBUG 8956 --- [kground-preinit] o.apache.tomcat.util.digester.Digester   : [ObjectCreateRule]{mbeans-descriptors/mbean/attribute}New org.apache.tomcat.util.modeler.AttributeInfo
2019-05-11 11:06:14.596 DEBUG 8956 --- [kground-preinit] o.apache.tomcat.util.digester.Digester   :   Fire begin() for SetPropertiesRule[]
2019-05-11 11:06:14.596 DEBUG 8956 --- [kground-preinit] o.apache.tomcat.util.digester.Digester   : [SetPropertiesRule]{mbeans-descriptors/mbean/attribute} Set org.apache.tomcat.util.modeler.AttributeInfo properties
2019-05-11 11:06:14.596 DEBUG 8956 --- [kground-preinit] o.apache.tomcat.util.digester.Digester   : [SetPropertiesRule]{mbeans-descriptors/mbean/attribute} Setting property 'name' to 'createDirs'
2019-05-11 11:06:14.596 DEBUG 8956 --- [kground-preinit] o.apache.tomcat.util.IntrospectionUtils  : IntrospectionUtils: setProperty(class org.apache.tomcat.util.modeler.AttributeInfo name=createDirs)
2019-05-11 11:06:14.596 DEBUG 8956 --- [kground-preinit] o.apache.tomcat.util.digester.Digester   : [SetPropertiesRule]{mbeans-descriptors/mbean/attribute} Setting property 'description' to 'Should we create directories upon startup for appBase and xmlBase? '
2019-05-11 11:06:14.597 DEBUG 8956 --- [kground-preinit] o.apache.tomcat.util.IntrospectionUtils  : IntrospectionUtils: setProperty(class org.apache.tomcat.util.modeler.AttributeInfo description=Should we create directories upon startup for appBase and xmlBase? )
2019-05-11 11:06:14.597 DEBUG 8956 --- [kground-preinit] o.apache.tomcat.util.digester.Digester   : [SetPropertiesRule]{mbeans-descriptors/mbean/attribute} Setting property 'type' to 'boolean'
2019-05-11 11:06:14.597 DEBUG 8956 --- [kground-preinit] o.apache.tomcat.util.IntrospectionUtils  : IntrospectionUtils: setProperty(class org.apache.tomcat.util.modeler.AttributeInfo type=boolean)
2019-05-11 11:06:14.597 DEBUG 8956 --- [kground-preinit] o.apache.tomcat.util.digester.Digester   :   Fire begin() for SetNextRule[methodName=addAttribute, paramType=org.apache.tomcat.util.modeler.AttributeInfo]
2019-05-11 11:06:14.597 DEBUG 8956 --- [kground-preinit] o.a.tomcat.util.digester.Digester.sax    : endElement(,,attribute)
2019-05-11 11:06:14.597 DEBUG 8956 --- [kground-preinit] o.apache.tomcat.util.digester.Digester   :   match='mbeans-descriptors/mbean/attribute'
2019-05-11 11:06:14.597 DEBUG 8956 --- [kground-preinit] o.apache.tomcat.util.digester.Digester   :   bodyText=''
2019-05-11 11:06:14.598 DEBUG 8956 --- [kground-preinit] o.apache.tomcat.util.digester.Digester   :   Fire body() for ObjectCreateRule[className=org.apache.tomcat.util.modeler.AttributeInfo, attributeName=null]
2019-05-11 11:06:14.598 DEBUG 8956 --- [kground-preinit] o.apache.tomcat.util.digester.Digester   :   Fire body() for SetPropertiesRule[]
2019-05-11 11:06:14.598 DEBUG 8956 --- [kground-preinit] o.apache.tomcat.util.digester.Digester   :   Fire body() for SetNextRule[methodName=addAttribute, paramType=org.apache.tomcat.util.modeler.AttributeInfo]
2019-05-11 11:06:14.598 DEBUG 8956 --- [kground-preinit] o.apache.tomcat.util.digester.Digester   :   Fire end() for SetNextRule[methodName=addAttribute, paramType=org.apache.tomcat.util.modeler.AttributeInfo]
2019-05-11 11:06:14.598 DEBUG 8956 --- [kground-preinit] o.apache.tomcat.util.digester.Digester   : [SetNextRule]{mbeans-descriptors/mbean/attribute} Call org.apache.tomcat.util.modeler.ManagedBean.addAttribute(org.apache.tomcat.util.modeler.AttributeInfo@10c60808)
2019-05-11 11:06:14.598 DEBUG 8956 --- [kground-preinit] o.apache.tomcat.util.IntrospectionUtils  : IntrospectionUtils: callMethod1 org.apache.tomcat.util.modeler.ManagedBean org.apache.tomcat.util.modeler.AttributeInfo org.apache.tomcat.util.modeler.AttributeInfo
2019-05-11 11:06:14.599 DEBUG 8956 --- [kground-preinit] o.apache.tomcat.util.digester.Digester   :   Fire end() for SetPropertiesRule[]
2019-05-11 11:06:14.599 DEBUG 8956 --- [kground-preinit] o.apache.tomcat.util.digester.Digester   :   Fire end() for ObjectCreateRule[className=org.apache.tomcat.util.modeler.AttributeInfo, attributeName=null]
2019-05-11 11:06:14.599 DEBUG 8956 --- [kground-preinit] o.apache.tomcat.util.digester.Digester   : [ObjectCreateRule]{mbeans-descriptors/mbean/attribute} Pop org.apache.tomcat.util.modeler.AttributeInfo
2019-05-11 11:06:14.599 DEBUG 8956 --- [kground-preinit] o.a.tomcat.util.digester.Digester.sax    : characters(

    )
2019-05-11 11:06:14.599 DEBUG 8956 --- [kground-preinit] o.a.tomcat.util.digester.Digester.sax    : startElement(,,attribute)
2019-05-11 11:06:14.599 DEBUG 8956 --- [kground-preinit] o.apache.tomcat.util.digester.Digester   :   New match='mbeans-descriptors/mbean/attribute'
2019-05-11 11:06:14.599 DEBUG 8956 --- [kground-preinit] o.apache.tomcat.util.digester.Digester   :   Fire begin() for ObjectCreateRule[className=org.apache.tomcat.util.modeler.AttributeInfo, attributeName=null]
2019-05-11 11:06:14.600 DEBUG 8956 --- [kground-preinit] o.apache.tomcat.util.digester.Digester   : [ObjectCreateRule]{mbeans-descriptors/mbean/attribute}New org.apache.tomcat.util.modeler.AttributeInfo
2019-05-11 11:06:14.600 DEBUG 8956 --- [kground-preinit] o.apache.tomcat.util.digester.Digester   :   Fire begin() for SetPropertiesRule[]
2019-05-11 11:06:14.600 DEBUG 8956 --- [kground-preinit] o.apache.tomcat.util.digester.Digester   : [SetPropertiesRule]{mbeans-descriptors/mbean/attribute} Set org.apache.tomcat.util.modeler.AttributeInfo properties
2019-05-11 11:06:14.600 DEBUG 8956 --- [kground-preinit] o.apache.tomcat.util.digester.Digester   : [SetPropertiesRule]{mbeans-descriptors/mbean/attribute} Setting property 'name' to 'deployIgnore'
2019-05-11 11:06:14.600 DEBUG 8956 --- [kground-preinit] o.apache.tomcat.util.IntrospectionUtils  : IntrospectionUtils: setProperty(class org.apache.tomcat.util.modeler.AttributeInfo name=deployIgnore)
2019-05-11 11:06:14.600 DEBUG 8956 --- [kground-preinit] o.apache.tomcat.util.digester.Digester   : [SetPropertiesRule]{mbeans-descriptors/mbean/attribute} Setting property 'description' to 'Paths within appBase ignored for automatic deployment'
2019-05-11 11:06:14.601 DEBUG 8956 --- [kground-preinit] o.apache.tomcat.util.IntrospectionUtils  : IntrospectionUtils: setProperty(class org.apache.tomcat.util.modeler.AttributeInfo description=Paths within appBase ignored for automatic deployment)
2019-05-11 11:06:14.601 DEBUG 8956 --- [kground-preinit] o.apache.tomcat.util.digester.Digester   : [SetPropertiesRule]{mbeans-descriptors/mbean/attribute} Setting property 'type' to 'java.lang.String'
2019-05-11 11:06:14.601 DEBUG 8956 --- [kground-preinit] o.apache.tomcat.util.IntrospectionUtils  : IntrospectionUtils: setProperty(class org.apache.tomcat.util.modeler.AttributeInfo type=java.lang.String)
2019-05-11 11:06:14.601 DEBUG 8956 --- [kground-preinit] o.apache.tomcat.util.digester.Digester   :   Fire begin() for SetNextRule[methodName=addAttribute, paramType=org.apache.tomcat.util.modeler.AttributeInfo]
2019-05-11 11:06:14.601 DEBUG 8956 --- [kground-preinit] o.a.tomcat.util.digester.Digester.sax    : endElement(,,attribute)
2019-05-11 11:06:14.602 DEBUG 8956 --- [kground-preinit] o.apache.tomcat.util.digester.Digester   :   match='mbeans-descriptors/mbean/attribute'
2019-05-11 11:06:14.602 DEBUG 8956 --- [kground-preinit] o.apache.tomcat.util.digester.Digester   :   bodyText=''
2019-05-11 11:06:14.602 DEBUG 8956 --- [kground-preinit] o.apache.tomcat.util.digester.Digester   :   Fire body() for ObjectCreateRule[className=org.apache.tomcat.util.modeler.AttributeInfo, attributeName=null]
2019-05-11 11:06:14.602 DEBUG 8956 --- [kground-preinit] o.apache.tomcat.util.digester.Digester   :   Fire body() for SetPropertiesRule[]
2019-05-11 11:06:14.602 DEBUG 8956 --- [kground-preinit] o.apache.tomcat.util.digester.Digester   :   Fire body() for SetNextRule[methodName=addAttribute, paramType=org.apache.tomcat.util.modeler.AttributeInfo]
2019-05-11 11:06:14.602 DEBUG 8956 --- [kground-preinit] o.apache.tomcat.util.digester.Digester   :   Fire end() for SetNextRule[methodName=addAttribute, paramType=org.apache.tomcat.util.modeler.AttributeInfo]
2019-05-11 11:06:14.603 DEBUG 8956 --- [kground-preinit] o.apache.tomcat.util.digester.Digester   : [SetNextRule]{mbeans-descriptors/mbean/attribute} Call org.apache.tomcat.util.modeler.ManagedBean.addAttribute(org.apache.tomcat.util.modeler.AttributeInfo@2948a821)
2019-05-11 11:06:14.603 DEBUG 8956 --- [kground-preinit] o.apache.tomcat.util.IntrospectionUtils  : IntrospectionUtils: callMethod1 org.apache.tomcat.util.modeler.ManagedBean org.apache.tomcat.util.modeler.AttributeInfo org.apache.tomcat.util.modeler.AttributeInfo
2019-05-11 11:06:14.603 DEBUG 8956 --- [kground-preinit] o.apache.tomcat.util.digester.Digester   :   Fire end() for SetPropertiesRule[]
2019-05-11 11:06:14.603 DEBUG 8956 --- [kground-preinit] o.apache.tomcat.util.digester.Digester   :   Fire end() for ObjectCreateRule[className=org.apache.tomcat.util.modeler.AttributeInfo, attributeName=null]
2019-05-11 11:06:14.603 DEBUG 8956 --- [kground-preinit] o.apache.tomcat.util.digester.Digester   : [ObjectCreateRule]{mbeans-descriptors/mbean/attribute} Pop org.apache.tomcat.util.modeler.AttributeInfo
2019-05-11 11:06:14.603 DEBUG 8956 --- [kground-preinit] o.a.tomcat.util.digester.Digester.sax    : characters(

    )
2019-05-11 11:06:14.603 DEBUG 8956 --- [kground-preinit] o.a.tomcat.util.digester.Digester.sax    : startElement(,,attribute)
2019-05-11 11:06:14.604 DEBUG 8956 --- [kground-preinit] o.apache.tomcat.util.digester.Digester   :   New match='mbeans-descriptors/mbean/attribute'
2019-05-11 11:06:14.604 DEBUG 8956 --- [kground-preinit] o.apache.tomcat.util.digester.Digester   :   Fire begin() for ObjectCreateRule[className=org.apache.tomcat.util.modeler.AttributeInfo, attributeName=null]
2019-05-11 11:06:14.604 DEBUG 8956 --- [kground-preinit] o.apache.tomcat.util.digester.Digester   : [ObjectCreateRule]{mbeans-descriptors/mbean/attribute}New org.apache.tomcat.util.modeler.AttributeInfo
2019-05-11 11:06:14.604 DEBUG 8956 --- [kground-preinit] o.apache.tomcat.util.digester.Digester   :   Fire begin() for SetPropertiesRule[]
2019-05-11 11:06:14.604 DEBUG 8956 --- [kground-preinit] o.apache.tomcat.util.digester.Digester   : [SetPropertiesRule]{mbeans-descriptors/mbean/attribute} Set org.apache.tomcat.util.modeler.AttributeInfo properties
2019-05-11 11:06:14.605 DEBUG 8956 --- [kground-preinit] o.apache.tomcat.util.digester.Digester   : [SetPropertiesRule]{mbeans-descriptors/mbean/attribute} Setting property 'name' to 'deployOnStartup'
2019-05-11 11:06:14.605 DEBUG 8956 --- [kground-preinit] o.apache.tomcat.util.IntrospectionUtils  : IntrospectionUtils: setProperty(class org.apache.tomcat.util.modeler.AttributeInfo name=deployOnStartup)
2019-05-11 11:06:14.605 DEBUG 8956 --- [kground-preinit] o.apache.tomcat.util.digester.Digester   : [SetPropertiesRule]{mbeans-descriptors/mbean/attribute} Setting property 'description' to 'The deploy on startup flag for this Host'
2019-05-11 11:06:14.605 DEBUG 8956 --- [kground-preinit] o.apache.tomcat.util.IntrospectionUtils  : IntrospectionUtils: setProperty(class org.apache.tomcat.util.modeler.AttributeInfo description=The deploy on startup flag for this Host)
2019-05-11 11:06:14.605 DEBUG 8956 --- [kground-preinit] o.apache.tomcat.util.digester.Digester   : [SetPropertiesRule]{mbeans-descriptors/mbean/attribute} Setting property 'type' to 'boolean'
2019-05-11 11:06:14.605 DEBUG 8956 --- [kground-preinit] o.apache.tomcat.util.IntrospectionUtils  : IntrospectionUtils: setProperty(class org.apache.tomcat.util.modeler.AttributeInfo type=boolean)
2019-05-11 11:06:14.606 DEBUG 8956 --- [kground-preinit] o.apache.tomcat.util.digester.Digester   :   Fire begin() for SetNextRule[methodName=addAttribute, paramType=org.apache.tomcat.util.modeler.AttributeInfo]
2019-05-11 11:06:14.606 DEBUG 8956 --- [kground-preinit] o.a.tomcat.util.digester.Digester.sax    : endElement(,,attribute)
2019-05-11 11:06:14.606 DEBUG 8956 --- [kground-preinit] o.apache.tomcat.util.digester.Digester   :   match='mbeans-descriptors/mbean/attribute'
2019-05-11 11:06:14.606 DEBUG 8956 --- [kground-preinit] o.apache.tomcat.util.digester.Digester   :   bodyText=''
2019-05-11 11:06:14.606 DEBUG 8956 --- [kground-preinit] o.apache.tomcat.util.digester.Digester   :   Fire body() for ObjectCreateRule[className=org.apache.tomcat.util.modeler.AttributeInfo, attributeName=null]
2019-05-11 11:06:14.606 DEBUG 8956 --- [kground-preinit] o.apache.tomcat.util.digester.Digester   :   Fire body() for SetPropertiesRule[]
2019-05-11 11:06:14.606 DEBUG 8956 --- [kground-preinit] o.apache.tomcat.util.digester.Digester   :   Fire body() for SetNextRule[methodName=addAttribute, paramType=org.apache.tomcat.util.modeler.AttributeInfo]
2019-05-11 11:06:14.607 DEBUG 8956 --- [kground-preinit] o.apache.tomcat.util.digester.Digester   :   Fire end() for SetNextRule[methodName=addAttribute, paramType=org.apache.tomcat.util.modeler.AttributeInfo]
2019-05-11 11:06:14.607 DEBUG 8956 --- [kground-preinit] o.apache.tomcat.util.digester.Digester   : [SetNextRule]{mbeans-descriptors/mbean/attribute} Call org.apache.tomcat.util.modeler.ManagedBean.addAttribute(org.apache.tomcat.util.modeler.AttributeInfo@3cc034f6)
2019-05-11 11:06:14.607 DEBUG 8956 --- [kground-preinit] o.apache.tomcat.util.IntrospectionUtils  : IntrospectionUtils: callMethod1 org.apache.tomcat.util.modeler.ManagedBean org.apache.tomcat.util.modeler.AttributeInfo org.apache.tomcat.util.modeler.AttributeInfo
2019-05-11 11:06:14.607 DEBUG 8956 --- [kground-preinit] o.apache.tomcat.util.digester.Digester   :   Fire end() for SetPropertiesRule[]
2019-05-11 11:06:14.607 DEBUG 8956 --- [kground-preinit] o.apache.tomcat.util.digester.Digester   :   Fire end() for ObjectCreateRule[className=org.apache.tomcat.util.modeler.AttributeInfo, attributeName=null]
2019-05-11 11:06:14.608 DEBUG 8956 --- [kground-preinit] o.apache.tomcat.util.digester.Digester   : [ObjectCreateRule]{mbeans-descriptors/mbean/attribute} Pop org.apache.tomcat.util.modeler.AttributeInfo
2019-05-11 11:06:14.608 DEBUG 8956 --- [kground-preinit] o.a.tomcat.util.digester.Digester.sax    : characters(

    )
2019-05-11 11:06:14.608 DEBUG 8956 --- [kground-preinit] o.a.tomcat.util.digester.Digester.sax    : startElement(,,attribute)
2019-05-11 11:06:14.609 DEBUG 8956 --- [kground-preinit] o.apache.tomcat.util.digester.Digester   :   New match='mbeans-descriptors/mbean/attribute'
2019-05-11 11:06:14.609 DEBUG 8956 --- [kground-preinit] o.apache.tomcat.util.digester.Digester   :   Fire begin() for ObjectCreateRule[className=org.apache.tomcat.util.modeler.AttributeInfo, attributeName=null]
2019-05-11 11:06:14.609 DEBUG 8956 --- [kground-preinit] o.apache.tomcat.util.digester.Digester   : [ObjectCreateRule]{mbeans-descriptors/mbean/attribute}New org.apache.tomcat.util.modeler.AttributeInfo
2019-05-11 11:06:14.609 DEBUG 8956 --- [kground-preinit] o.apache.tomcat.util.digester.Digester   :   Fire begin() for SetPropertiesRule[]
2019-05-11 11:06:14.612 DEBUG 8956 --- [kground-preinit] o.apache.tomcat.util.digester.Digester   : [SetPropertiesRule]{mbeans-descriptors/mbean/attribute} Set org.apache.tomcat.util.modeler.AttributeInfo properties
2019-05-11 11:06:14.612 DEBUG 8956 --- [kground-preinit] o.apache.tomcat.util.digester.Digester   : [SetPropertiesRule]{mbeans-descriptors/mbean/attribute} Setting property 'name' to 'deployXML'
2019-05-11 11:06:14.612 DEBUG 8956 --- [kground-preinit] o.apache.tomcat.util.IntrospectionUtils  : IntrospectionUtils: setProperty(class org.apache.tomcat.util.modeler.AttributeInfo name=deployXML)
2019-05-11 11:06:14.612 DEBUG 8956 --- [kground-preinit] o.apache.tomcat.util.digester.Digester   : [SetPropertiesRule]{mbeans-descriptors/mbean/attribute} Setting property 'description' to 'deploy Context XML config files property'
2019-05-11 11:06:14.613 DEBUG 8956 --- [kground-preinit] o.apache.tomcat.util.IntrospectionUtils  : IntrospectionUtils: setProperty(class org.apache.tomcat.util.modeler.AttributeInfo description=deploy Context XML config files property)
2019-05-11 11:06:14.613 DEBUG 8956 --- [kground-preinit] o.apache.tomcat.util.digester.Digester   : [SetPropertiesRule]{mbeans-descriptors/mbean/attribute} Setting property 'is' to 'true'
2019-05-11 11:06:14.613 DEBUG 8956 --- [kground-preinit] o.apache.tomcat.util.IntrospectionUtils  : IntrospectionUtils: setProperty(class org.apache.tomcat.util.modeler.AttributeInfo is=true)
2019-05-11 11:06:14.613 DEBUG 8956 --- [kground-preinit] o.apache.tomcat.util.digester.Digester   : [SetPropertiesRule]{mbeans-descriptors/mbean/attribute} Setting property 'type' to 'boolean'
2019-05-11 11:06:14.613 DEBUG 8956 --- [kground-preinit] o.apache.tomcat.util.IntrospectionUtils  : IntrospectionUtils: setProperty(class org.apache.tomcat.util.modeler.AttributeInfo type=boolean)
2019-05-11 11:06:14.614 DEBUG 8956 --- [kground-preinit] o.apache.tomcat.util.digester.Digester   :   Fire begin() for SetNextRule[methodName=addAttribute, paramType=org.apache.tomcat.util.modeler.AttributeInfo]
2019-05-11 11:06:14.614 DEBUG 8956 --- [kground-preinit] o.a.tomcat.util.digester.Digester.sax    : endElement(,,attribute)
2019-05-11 11:06:14.614 DEBUG 8956 --- [kground-preinit] o.apache.tomcat.util.digester.Digester   :   match='mbeans-descriptors/mbean/attribute'
2019-05-11 11:06:14.614 DEBUG 8956 --- [kground-preinit] o.apache.tomcat.util.digester.Digester   :   bodyText=''
2019-05-11 11:06:14.614 DEBUG 8956 --- [kground-preinit] o.apache.tomcat.util.digester.Digester   :   Fire body() for ObjectCreateRule[className=org.apache.tomcat.util.modeler.AttributeInfo, attributeName=null]
2019-05-11 11:06:14.614 DEBUG 8956 --- [kground-preinit] o.apache.tomcat.util.digester.Digester   :   Fire body() for SetPropertiesRule[]
2019-05-11 11:06:14.615 DEBUG 8956 --- [kground-preinit] o.apache.tomcat.util.digester.Digester   :   Fire body() for SetNextRule[methodName=addAttribute, paramType=org.apache.tomcat.util.modeler.AttributeInfo]
2019-05-11 11:06:14.615 DEBUG 8956 --- [kground-preinit] o.apache.tomcat.util.digester.Digester   :   Fire end() for SetNextRule[methodName=addAttribute, paramType=org.apache.tomcat.util.modeler.AttributeInfo]
2019-05-11 11:06:14.615 DEBUG 8956 --- [kground-preinit] o.apache.tomcat.util.digester.Digester   : [SetNextRule]{mbeans-descriptors/mbean/attribute} Call org.apache.tomcat.util.modeler.ManagedBean.addAttribute(org.apache.tomcat.util.modeler.AttributeInfo@551153d5)
2019-05-11 11:06:14.615 DEBUG 8956 --- [kground-preinit] o.apache.tomcat.util.IntrospectionUtils  : IntrospectionUtils: callMethod1 org.apache.tomcat.util.modeler.ManagedBean org.apache.tomcat.util.modeler.AttributeInfo org.apache.tomcat.util.modeler.AttributeInfo
2019-05-11 11:06:14.615 DEBUG 8956 --- [kground-preinit] o.apache.tomcat.util.digester.Digester   :   Fire end() for SetPropertiesRule[]
2019-05-11 11:06:14.616 DEBUG 8956 --- [kground-preinit] o.apache.tomcat.util.digester.Digester   :   Fire end() for ObjectCreateRule[className=org.apache.tomcat.util.modeler.AttributeInfo, attributeName=null]
2019-05-11 11:06:14.616 DEBUG 8956 --- [kground-preinit] o.apache.tomcat.util.digester.Digester   : [ObjectCreateRule]{mbeans-descriptors/mbean/attribute} Pop org.apache.tomcat.util.modeler.AttributeInfo
2019-05-11 11:06:14.616 DEBUG 8956 --- [kground-preinit] o.a.tomcat.util.digester.Digester.sax    : characters(

    )
2019-05-11 11:06:14.616 DEBUG 8956 --- [kground-preinit] o.a.tomcat.util.digester.Digester.sax    : startElement(,,attribute)
2019-05-11 11:06:14.616 DEBUG 8956 --- [kground-preinit] o.apache.tomcat.util.digester.Digester   :   New match='mbeans-descriptors/mbean/attribute'
2019-05-11 11:06:14.616 DEBUG 8956 --- [kground-preinit] o.apache.tomcat.util.digester.Digester   :   Fire begin() for ObjectCreateRule[className=org.apache.tomcat.util.modeler.AttributeInfo, attributeName=null]
2019-05-11 11:06:14.617 DEBUG 8956 --- [kground-preinit] o.apache.tomcat.util.digester.Digester   : [ObjectCreateRule]{mbeans-descriptors/mbean/attribute}New org.apache.tomcat.util.modeler.AttributeInfo
2019-05-11 11:06:14.617 DEBUG 8956 --- [kground-preinit] o.apache.tomcat.util.digester.Digester   :   Fire begin() for SetPropertiesRule[]
2019-05-11 11:06:14.617 DEBUG 8956 --- [kground-preinit] o.apache.tomcat.util.digester.Digester   : [SetPropertiesRule]{mbeans-descriptors/mbean/attribute} Set org.apache.tomcat.util.modeler.AttributeInfo properties
2019-05-11 11:06:14.617 DEBUG 8956 --- [kground-preinit] o.apache.tomcat.util.digester.Digester   : [SetPropertiesRule]{mbeans-descriptors/mbean/attribute} Setting property 'name' to 'errorReportValveClass'
2019-05-11 11:06:14.618 DEBUG 8956 --- [kground-preinit] o.apache.tomcat.util.IntrospectionUtils  : IntrospectionUtils: setProperty(class org.apache.tomcat.util.modeler.AttributeInfo name=errorReportValveClass)
2019-05-11 11:06:14.618 DEBUG 8956 --- [kground-preinit] o.apache.tomcat.util.digester.Digester   : [SetPropertiesRule]{mbeans-descriptors/mbean/attribute} Setting property 'description' to 'The Java class name of the default error reporter implementation class for deployed web applications.'
2019-05-11 11:06:14.618 DEBUG 8956 --- [kground-preinit] o.apache.tomcat.util.IntrospectionUtils  : IntrospectionUtils: setProperty(class org.apache.tomcat.util.modeler.AttributeInfo description=The Java class name of the default error reporter implementation class for deployed web applications.)
2019-05-11 11:06:14.618 DEBUG 8956 --- [kground-preinit] o.apache.tomcat.util.digester.Digester   : [SetPropertiesRule]{mbeans-descriptors/mbean/attribute} Setting property 'type' to 'java.lang.String'
2019-05-11 11:06:14.618 DEBUG 8956 --- [kground-preinit] o.apache.tomcat.util.IntrospectionUtils  : IntrospectionUtils: setProperty(class org.apache.tomcat.util.modeler.AttributeInfo type=java.lang.String)
2019-05-11 11:06:14.619 DEBUG 8956 --- [kground-preinit] o.apache.tomcat.util.digester.Digester   : [SetPropertiesRule]{mbeans-descriptors/mbean/attribute} Setting property 'writeable' to 'false'
2019-05-11 11:06:14.619 DEBUG 8956 --- [kground-preinit] o.apache.tomcat.util.IntrospectionUtils  : IntrospectionUtils: setProperty(class org.apache.tomcat.util.modeler.AttributeInfo writeable=false)
2019-05-11 11:06:14.619 DEBUG 8956 --- [kground-preinit] o.apache.tomcat.util.digester.Digester   :   Fire begin() for SetNextRule[methodName=addAttribute, paramType=org.apache.tomcat.util.modeler.AttributeInfo]
2019-05-11 11:06:14.619 DEBUG 8956 --- [kground-preinit] o.a.tomcat.util.digester.Digester.sax    : endElement(,,attribute)
2019-05-11 11:06:14.620 DEBUG 8956 --- [kground-preinit] o.apache.tomcat.util.digester.Digester   :   match='mbeans-descriptors/mbean/attribute'
2019-05-11 11:06:14.620 DEBUG 8956 --- [kground-preinit] o.apache.tomcat.util.digester.Digester   :   bodyText=''
2019-05-11 11:06:14.620 DEBUG 8956 --- [kground-preinit] o.apache.tomcat.util.digester.Digester   :   Fire body() for ObjectCreateRule[className=org.apache.tomcat.util.modeler.AttributeInfo, attributeName=null]
2019-05-11 11:06:14.620 DEBUG 8956 --- [kground-preinit] o.apache.tomcat.util.digester.Digester   :   Fire body() for SetPropertiesRule[]
2019-05-11 11:06:14.620 DEBUG 8956 --- [kground-preinit] o.apache.tomcat.util.digester.Digester   :   Fire body() for SetNextRule[methodName=addAttribute, paramType=org.apache.tomcat.util.modeler.AttributeInfo]
2019-05-11 11:06:14.620 DEBUG 8956 --- [kground-preinit] o.apache.tomcat.util.digester.Digester   :   Fire end() for SetNextRule[methodName=addAttribute, paramType=org.apache.tomcat.util.modeler.AttributeInfo]
2019-05-11 11:06:14.621 DEBUG 8956 --- [kground-preinit] o.apache.tomcat.util.digester.Digester   : [SetNextRule]{mbeans-descriptors/mbean/attribute} Call org.apache.tomcat.util.modeler.ManagedBean.addAttribute(org.apache.tomcat.util.modeler.AttributeInfo@75378737)
2019-05-11 11:06:14.621 DEBUG 8956 --- [kground-preinit] o.apache.tomcat.util.IntrospectionUtils  : IntrospectionUtils: callMethod1 org.apache.tomcat.util.modeler.ManagedBean org.apache.tomcat.util.modeler.AttributeInfo org.apache.tomcat.util.modeler.AttributeInfo
2019-05-11 11:06:14.621 DEBUG 8956 --- [kground-preinit] o.apache.tomcat.util.digester.Digester   :   Fire end() for SetPropertiesRule[]
2019-05-11 11:06:14.621 DEBUG 8956 --- [kground-preinit] o.apache.tomcat.util.digester.Digester   :   Fire end() for ObjectCreateRule[className=org.apache.tomcat.util.modeler.AttributeInfo, attributeName=null]
2019-05-11 11:06:14.622 DEBUG 8956 --- [kground-preinit] o.apache.tomcat.util.digester.Digester   : [ObjectCreateRule]{mbeans-descriptors/mbean/attribute} Pop org.apache.tomcat.util.modeler.AttributeInfo
2019-05-11 11:06:14.622 DEBUG 8956 --- [kground-preinit] o.a.tomcat.util.digester.Digester.sax    : characters(

    )
2019-05-11 11:06:14.622 DEBUG 8956 --- [kground-preinit] o.a.tomcat.util.digester.Digester.sax    : startElement(,,attribute)
2019-05-11 11:06:14.622 DEBUG 8956 --- [kground-preinit] o.apache.tomcat.util.digester.Digester   :   New match='mbeans-descriptors/mbean/attribute'
2019-05-11 11:06:14.622 DEBUG 8956 --- [kground-preinit] o.apache.tomcat.util.digester.Digester   :   Fire begin() for ObjectCreateRule[className=org.apache.tomcat.util.modeler.AttributeInfo, attributeName=null]
2019-05-11 11:06:14.623 DEBUG 8956 --- [kground-preinit] o.apache.tomcat.util.digester.Digester   : [ObjectCreateRule]{mbeans-descriptors/mbean/attribute}New org.apache.tomcat.util.modeler.AttributeInfo
2019-05-11 11:06:14.623 DEBUG 8956 --- [kground-preinit] o.apache.tomcat.util.digester.Digester   :   Fire begin() for SetPropertiesRule[]
2019-05-11 11:06:14.623 DEBUG 8956 --- [kground-preinit] o.apache.tomcat.util.digester.Digester   : [SetPropertiesRule]{mbeans-descriptors/mbean/attribute} Set org.apache.tomcat.util.modeler.AttributeInfo properties
2019-05-11 11:06:14.623 DEBUG 8956 --- [kground-preinit] o.apache.tomcat.util.digester.Digester   : [SetPropertiesRule]{mbeans-descriptors/mbean/attribute} Setting property 'name' to 'managedResource'
2019-05-11 11:06:14.623 DEBUG 8956 --- [kground-preinit] o.apache.tomcat.util.IntrospectionUtils  : IntrospectionUtils: setProperty(class org.apache.tomcat.util.modeler.AttributeInfo name=managedResource)
2019-05-11 11:06:14.623 DEBUG 8956 --- [kground-preinit] o.apache.tomcat.util.digester.Digester   : [SetPropertiesRule]{mbeans-descriptors/mbean/attribute} Setting property 'description' to 'The managed resource this MBean is associated with'
2019-05-11 11:06:14.624 DEBUG 8956 --- [kground-preinit] o.apache.tomcat.util.IntrospectionUtils  : IntrospectionUtils: setProperty(class org.apache.tomcat.util.modeler.AttributeInfo description=The managed resource this MBean is associated with)
2019-05-11 11:06:14.624 DEBUG 8956 --- [kground-preinit] o.apache.tomcat.util.digester.Digester   : [SetPropertiesRule]{mbeans-descriptors/mbean/attribute} Setting property 'type' to 'java.lang.Object'
2019-05-11 11:06:14.624 DEBUG 8956 --- [kground-preinit] o.apache.tomcat.util.IntrospectionUtils  : IntrospectionUtils: setProperty(class org.apache.tomcat.util.modeler.AttributeInfo type=java.lang.Object)
2019-05-11 11:06:14.625 DEBUG 8956 --- [kground-preinit] o.apache.tomcat.util.digester.Digester   :   Fire begin() for SetNextRule[methodName=addAttribute, paramType=org.apache.tomcat.util.modeler.AttributeInfo]
2019-05-11 11:06:14.625 DEBUG 8956 --- [kground-preinit] o.a.tomcat.util.digester.Digester.sax    : endElement(,,attribute)
2019-05-11 11:06:14.625 DEBUG 8956 --- [kground-preinit] o.apache.tomcat.util.digester.Digester   :   match='mbeans-descriptors/mbean/attribute'
2019-05-11 11:06:14.625 DEBUG 8956 --- [kground-preinit] o.apache.tomcat.util.digester.Digester   :   bodyText=''
2019-05-11 11:06:14.625 DEBUG 8956 --- [kground-preinit] o.apache.tomcat.util.digester.Digester   :   Fire body() for ObjectCreateRule[className=org.apache.tomcat.util.modeler.AttributeInfo, attributeName=null]
2019-05-11 11:06:14.626 DEBUG 8956 --- [kground-preinit] o.apache.tomcat.util.digester.Digester   :   Fire body() for SetPropertiesRule[]
2019-05-11 11:06:14.626 DEBUG 8956 --- [kground-preinit] o.apache.tomcat.util.digester.Digester   :   Fire body() for SetNextRule[methodName=addAttribute, paramType=org.apache.tomcat.util.modeler.AttributeInfo]
2019-05-11 11:06:14.626 DEBUG 8956 --- [kground-preinit] o.apache.tomcat.util.digester.Digester   :   Fire end() for SetNextRule[methodName=addAttribute, paramType=org.apache.tomcat.util.modeler.AttributeInfo]
2019-05-11 11:06:14.626 DEBUG 8956 --- [kground-preinit] o.apache.tomcat.util.digester.Digester   : [SetNextRule]{mbeans-descriptors/mbean/attribute} Call org.apache.tomcat.util.modeler.ManagedBean.addAttribute(org.apache.tomcat.util.modeler.AttributeInfo@19d22010)
2019-05-11 11:06:14.626 DEBUG 8956 --- [kground-preinit] o.apache.tomcat.util.IntrospectionUtils  : IntrospectionUtils: callMethod1 org.apache.tomcat.util.modeler.ManagedBean org.apache.tomcat.util.modeler.AttributeInfo org.apache.tomcat.util.modeler.AttributeInfo
2019-05-11 11:06:14.627 DEBUG 8956 --- [kground-preinit] o.apache.tomcat.util.digester.Digester   :   Fire end() for SetPropertiesRule[]
2019-05-11 11:06:14.627 DEBUG 8956 --- [kground-preinit] o.apache.tomcat.util.digester.Digester   :   Fire end() for ObjectCreateRule[className=org.apache.tomcat.util.modeler.AttributeInfo, attributeName=null]
2019-05-11 11:06:14.627 DEBUG 8956 --- [kground-preinit] o.apache.tomcat.util.digester.Digester   : [ObjectCreateRule]{mbeans-descriptors/mbean/attribute} Pop org.apache.tomcat.util.modeler.AttributeInfo
2019-05-11 11:06:14.627 DEBUG 8956 --- [kground-preinit] o.a.tomcat.util.digester.Digester.sax    : characters(

    )
2019-05-11 11:06:14.628 DEBUG 8956 --- [kground-preinit] o.a.tomcat.util.digester.Digester.sax    : startElement(,,attribute)
2019-05-11 11:06:14.628 DEBUG 8956 --- [kground-preinit] o.apache.tomcat.util.digester.Digester   :   New match='mbeans-descriptors/mbean/attribute'
2019-05-11 11:06:14.628 DEBUG 8956 --- [kground-preinit] o.apache.tomcat.util.digester.Digester   :   Fire begin() for ObjectCreateRule[className=org.apache.tomcat.util.modeler.AttributeInfo, attributeName=null]
2019-05-11 11:06:14.628 DEBUG 8956 --- [kground-preinit] o.apache.tomcat.util.digester.Digester   : [ObjectCreateRule]{mbeans-descriptors/mbean/attribute}New org.apache.tomcat.util.modeler.AttributeInfo
2019-05-11 11:06:14.628 DEBUG 8956 --- [kground-preinit] o.apache.tomcat.util.digester.Digester   :   Fire begin() for SetPropertiesRule[]
2019-05-11 11:06:14.629 DEBUG 8956 --- [kground-preinit] o.apache.tomcat.util.digester.Digester   : [SetPropertiesRule]{mbeans-descriptors/mbean/attribute} Set org.apache.tomcat.util.modeler.AttributeInfo properties
2019-05-11 11:06:14.629 DEBUG 8956 --- [kground-preinit] o.apache.tomcat.util.digester.Digester   : [SetPropertiesRule]{mbeans-descriptors/mbean/attribute} Setting property 'name' to 'name'
2019-05-11 11:06:14.629 DEBUG 8956 --- [kground-preinit] o.apache.tomcat.util.IntrospectionUtils  : IntrospectionUtils: setProperty(class org.apache.tomcat.util.modeler.AttributeInfo name=name)
2019-05-11 11:06:14.629 DEBUG 8956 --- [kground-preinit] o.apache.tomcat.util.digester.Digester   : [SetPropertiesRule]{mbeans-descriptors/mbean/attribute} Setting property 'description' to 'Unique name of this Host'
2019-05-11 11:06:14.629 DEBUG 8956 --- [kground-preinit] o.apache.tomcat.util.IntrospectionUtils  : IntrospectionUtils: setProperty(class org.apache.tomcat.util.modeler.AttributeInfo description=Unique name of this Host)
2019-05-11 11:06:14.630 DEBUG 8956 --- [kground-preinit] o.apache.tomcat.util.digester.Digester   : [SetPropertiesRule]{mbeans-descriptors/mbean/attribute} Setting property 'type' to 'java.lang.String'
2019-05-11 11:06:14.630 DEBUG 8956 --- [kground-preinit] o.apache.tomcat.util.IntrospectionUtils  : IntrospectionUtils: setProperty(class org.apache.tomcat.util.modeler.AttributeInfo type=java.lang.String)
2019-05-11 11:06:14.630 DEBUG 8956 --- [kground-preinit] o.apache.tomcat.util.digester.Digester   :   Fire begin() for SetNextRule[methodName=addAttribute, paramType=org.apache.tomcat.util.modeler.AttributeInfo]
2019-05-11 11:06:14.630 DEBUG 8956 --- [kground-preinit] o.a.tomcat.util.digester.Digester.sax    : endElement(,,attribute)
2019-05-11 11:06:14.631 DEBUG 8956 --- [kground-preinit] o.apache.tomcat.util.digester.Digester   :   match='mbeans-descriptors/mbean/attribute'
2019-05-11 11:06:14.631 DEBUG 8956 --- [kground-preinit] o.apache.tomcat.util.digester.Digester   :   bodyText=''
2019-05-11 11:06:14.631 DEBUG 8956 --- [kground-preinit] o.apache.tomcat.util.digester.Digester   :   Fire body() for ObjectCreateRule[className=org.apache.tomcat.util.modeler.AttributeInfo, attributeName=null]
2019-05-11 11:06:14.631 DEBUG 8956 --- [kground-preinit] o.apache.tomcat.util.digester.Digester   :   Fire body() for SetPropertiesRule[]
2019-05-11 11:06:14.631 DEBUG 8956 --- [kground-preinit] o.apache.tomcat.util.digester.Digester   :   Fire body() for SetNextRule[methodName=addAttribute, paramType=org.apache.tomcat.util.modeler.AttributeInfo]
2019-05-11 11:06:14.632 DEBUG 8956 --- [kground-preinit] o.apache.tomcat.util.digester.Digester   :   Fire end() for SetNextRule[methodName=addAttribute, paramType=org.apache.tomcat.util.modeler.AttributeInfo]
2019-05-11 11:06:14.632 DEBUG 8956 --- [kground-preinit] o.apache.tomcat.util.digester.Digester   : [SetNextRule]{mbeans-descriptors/mbean/attribute} Call org.apache.tomcat.util.modeler.ManagedBean.addAttribute(org.apache.tomcat.util.modeler.AttributeInfo@2408d058)
2019-05-11 11:06:14.632 DEBUG 8956 --- [kground-preinit] o.apache.tomcat.util.IntrospectionUtils  : IntrospectionUtils: callMethod1 org.apache.tomcat.util.modeler.ManagedBean org.apache.tomcat.util.modeler.AttributeInfo org.apache.tomcat.util.modeler.AttributeInfo
2019-05-11 11:06:14.632 DEBUG 8956 --- [kground-preinit] o.apache.tomcat.util.digester.Digester   :   Fire end() for SetPropertiesRule[]
2019-05-11 11:06:14.632 DEBUG 8956 --- [kground-preinit] o.apache.tomcat.util.digester.Digester   :   Fire end() for ObjectCreateRule[className=org.apache.tomcat.util.modeler.AttributeInfo, attributeName=null]
2019-05-11 11:06:14.633 DEBUG 8956 --- [kground-preinit] o.apache.tomcat.util.digester.Digester   : [ObjectCreateRule]{mbeans-descriptors/mbean/attribute} Pop org.apache.tomcat.util.modeler.AttributeInfo
2019-05-11 11:06:14.633 DEBUG 8956 --- [kground-preinit] o.a.tomcat.util.digester.Digester.sax    : characters(

    )
2019-05-11 11:06:14.633 DEBUG 8956 --- [kground-preinit] o.a.tomcat.util.digester.Digester.sax    : startElement(,,attribute)
2019-05-11 11:06:14.633 DEBUG 8956 --- [kground-preinit] o.apache.tomcat.util.digester.Digester   :   New match='mbeans-descriptors/mbean/attribute'
2019-05-11 11:06:14.633 DEBUG 8956 --- [kground-preinit] o.apache.tomcat.util.digester.Digester   :   Fire begin() for ObjectCreateRule[className=org.apache.tomcat.util.modeler.AttributeInfo, attributeName=null]
2019-05-11 11:06:14.634 DEBUG 8956 --- [kground-preinit] o.apache.tomcat.util.digester.Digester   : [ObjectCreateRule]{mbeans-descriptors/mbean/attribute}New org.apache.tomcat.util.modeler.AttributeInfo
2019-05-11 11:06:14.634 DEBUG 8956 --- [kground-preinit] o.apache.tomcat.util.digester.Digester   :   Fire begin() for SetPropertiesRule[]
2019-05-11 11:06:14.634 DEBUG 8956 --- [kground-preinit] o.apache.tomcat.util.digester.Digester   : [SetPropertiesRule]{mbeans-descriptors/mbean/attribute} Set org.apache.tomcat.util.modeler.AttributeInfo properties
2019-05-11 11:06:14.635 DEBUG 8956 --- [kground-preinit] o.apache.tomcat.util.digester.Digester   : [SetPropertiesRule]{mbeans-descriptors/mbean/attribute} Setting property 'name' to 'realm'
2019-05-11 11:06:14.635 DEBUG 8956 --- [kground-preinit] o.apache.tomcat.util.IntrospectionUtils  : IntrospectionUtils: setProperty(class org.apache.tomcat.util.modeler.AttributeInfo name=realm)
2019-05-11 11:06:14.635 DEBUG 8956 --- [kground-preinit] o.apache.tomcat.util.digester.Digester   : [SetPropertiesRule]{mbeans-descriptors/mbean/attribute} Setting property 'description' to 'Associated realm.'
2019-05-11 11:06:14.636 DEBUG 8956 --- [kground-preinit] o.apache.tomcat.util.IntrospectionUtils  : IntrospectionUtils: setProperty(class org.apache.tomcat.util.modeler.AttributeInfo description=Associated realm.)
2019-05-11 11:06:14.636 DEBUG 8956 --- [kground-preinit] o.apache.tomcat.util.digester.Digester   : [SetPropertiesRule]{mbeans-descriptors/mbean/attribute} Setting property 'type' to 'org.apache.catalina.Realm'
2019-05-11 11:06:14.636 DEBUG 8956 --- [kground-preinit] o.apache.tomcat.util.IntrospectionUtils  : IntrospectionUtils: setProperty(class org.apache.tomcat.util.modeler.AttributeInfo type=org.apache.catalina.Realm)
2019-05-11 11:06:14.636 DEBUG 8956 --- [kground-preinit] o.apache.tomcat.util.digester.Digester   :   Fire begin() for SetNextRule[methodName=addAttribute, paramType=org.apache.tomcat.util.modeler.AttributeInfo]
2019-05-11 11:06:14.636 DEBUG 8956 --- [kground-preinit] o.a.tomcat.util.digester.Digester.sax    : endElement(,,attribute)
2019-05-11 11:06:14.637 DEBUG 8956 --- [kground-preinit] o.apache.tomcat.util.digester.Digester   :   match='mbeans-descriptors/mbean/attribute'
2019-05-11 11:06:14.637 DEBUG 8956 --- [kground-preinit] o.apache.tomcat.util.digester.Digester   :   bodyText=''
2019-05-11 11:06:14.637 DEBUG 8956 --- [kground-preinit] o.apache.tomcat.util.digester.Digester   :   Fire body() for ObjectCreateRule[className=org.apache.tomcat.util.modeler.AttributeInfo, attributeName=null]
2019-05-11 11:06:14.637 DEBUG 8956 --- [kground-preinit] o.apache.tomcat.util.digester.Digester   :   Fire body() for SetPropertiesRule[]
2019-05-11 11:06:14.645 DEBUG 8956 --- [kground-preinit] o.apache.tomcat.util.digester.Digester   :   Fire body() for SetNextRule[methodName=addAttribute, paramType=org.apache.tomcat.util.modeler.AttributeInfo]
2019-05-11 11:06:14.646 DEBUG 8956 --- [kground-preinit] o.apache.tomcat.util.digester.Digester   :   Fire end() for SetNextRule[methodName=addAttribute, paramType=org.apache.tomcat.util.modeler.AttributeInfo]
2019-05-11 11:06:14.646 DEBUG 8956 --- [kground-preinit] o.apache.tomcat.util.digester.Digester   : [SetNextRule]{mbeans-descriptors/mbean/attribute} Call org.apache.tomcat.util.modeler.ManagedBean.addAttribute(org.apache.tomcat.util.modeler.AttributeInfo@7bd8a0f7)
2019-05-11 11:06:14.646 DEBUG 8956 --- [kground-preinit] o.apache.tomcat.util.IntrospectionUtils  : IntrospectionUtils: callMethod1 org.apache.tomcat.util.modeler.ManagedBean org.apache.tomcat.util.modeler.AttributeInfo org.apache.tomcat.util.modeler.AttributeInfo
2019-05-11 11:06:14.646 DEBUG 8956 --- [kground-preinit] o.apache.tomcat.util.digester.Digester   :   Fire end() for SetPropertiesRule[]
2019-05-11 11:06:14.647 DEBUG 8956 --- [kground-preinit] o.apache.tomcat.util.digester.Digester   :   Fire end() for ObjectCreateRule[className=org.apache.tomcat.util.modeler.AttributeInfo, attributeName=null]
2019-05-11 11:06:14.647 DEBUG 8956 --- [kground-preinit] o.apache.tomcat.util.digester.Digester   : [ObjectCreateRule]{mbeans-descriptors/mbean/attribute} Pop org.apache.tomcat.util.modeler.AttributeInfo
2019-05-11 11:06:14.647 DEBUG 8956 --- [kground-preinit] o.a.tomcat.util.digester.Digester.sax    : characters(

    )
2019-05-11 11:06:14.647 DEBUG 8956 --- [kground-preinit] o.a.tomcat.util.digester.Digester.sax    : startElement(,,attribute)
2019-05-11 11:06:14.647 DEBUG 8956 --- [kground-preinit] o.apache.tomcat.util.digester.Digester   :   New match='mbeans-descriptors/mbean/attribute'
2019-05-11 11:06:14.647 DEBUG 8956 --- [kground-preinit] o.apache.tomcat.util.digester.Digester   :   Fire begin() for ObjectCreateRule[className=org.apache.tomcat.util.modeler.AttributeInfo, attributeName=null]
2019-05-11 11:06:14.648 DEBUG 8956 --- [kground-preinit] o.apache.tomcat.util.digester.Digester   : [ObjectCreateRule]{mbeans-descriptors/mbean/attribute}New org.apache.tomcat.util.modeler.AttributeInfo
2019-05-11 11:06:14.648 DEBUG 8956 --- [kground-preinit] o.apache.tomcat.util.digester.Digester   :   Fire begin() for SetPropertiesRule[]
2019-05-11 11:06:14.648 DEBUG 8956 --- [kground-preinit] o.apache.tomcat.util.digester.Digester   : [SetPropertiesRule]{mbeans-descriptors/mbean/attribute} Set org.apache.tomcat.util.modeler.AttributeInfo properties
2019-05-11 11:06:14.648 DEBUG 8956 --- [kground-preinit] o.apache.tomcat.util.digester.Digester   : [SetPropertiesRule]{mbeans-descriptors/mbean/attribute} Setting property 'name' to 'startChildren'
2019-05-11 11:06:14.649 DEBUG 8956 --- [kground-preinit] o.apache.tomcat.util.IntrospectionUtils  : IntrospectionUtils: setProperty(class org.apache.tomcat.util.modeler.AttributeInfo name=startChildren)
2019-05-11 11:06:14.649 DEBUG 8956 --- [kground-preinit] o.apache.tomcat.util.digester.Digester   : [SetPropertiesRule]{mbeans-descriptors/mbean/attribute} Setting property 'description' to 'Will children be started automatically when they are added?'
2019-05-11 11:06:14.649 DEBUG 8956 --- [kground-preinit] o.apache.tomcat.util.IntrospectionUtils  : IntrospectionUtils: setProperty(class org.apache.tomcat.util.modeler.AttributeInfo description=Will children be started automatically when they are added?)
2019-05-11 11:06:14.649 DEBUG 8956 --- [kground-preinit] o.apache.tomcat.util.digester.Digester   : [SetPropertiesRule]{mbeans-descriptors/mbean/attribute} Setting property 'type' to 'boolean'
2019-05-11 11:06:14.649 DEBUG 8956 --- [kground-preinit] o.apache.tomcat.util.IntrospectionUtils  : IntrospectionUtils: setProperty(class org.apache.tomcat.util.modeler.AttributeInfo type=boolean)
2019-05-11 11:06:14.650 DEBUG 8956 --- [kground-preinit] o.apache.tomcat.util.digester.Digester   :   Fire begin() for SetNextRule[methodName=addAttribute, paramType=org.apache.tomcat.util.modeler.AttributeInfo]
2019-05-11 11:06:14.650 DEBUG 8956 --- [kground-preinit] o.a.tomcat.util.digester.Digester.sax    : endElement(,,attribute)
2019-05-11 11:06:14.650 DEBUG 8956 --- [kground-preinit] o.apache.tomcat.util.digester.Digester   :   match='mbeans-descriptors/mbean/attribute'
2019-05-11 11:06:14.650 DEBUG 8956 --- [kground-preinit] o.apache.tomcat.util.digester.Digester   :   bodyText=''
2019-05-11 11:06:14.650 DEBUG 8956 --- [kground-preinit] o.apache.tomcat.util.digester.Digester   :   Fire body() for ObjectCreateRule[className=org.apache.tomcat.util.modeler.AttributeInfo, attributeName=null]
2019-05-11 11:06:14.650 DEBUG 8956 --- [kground-preinit] o.apache.tomcat.util.digester.Digester   :   Fire body() for SetPropertiesRule[]
2019-05-11 11:06:14.650 DEBUG 8956 --- [kground-preinit] o.apache.tomcat.util.digester.Digester   :   Fire body() for SetNextRule[methodName=addAttribute, paramType=org.apache.tomcat.util.modeler.AttributeInfo]
2019-05-11 11:06:14.651 DEBUG 8956 --- [kground-preinit] o.apache.tomcat.util.digester.Digester   :   Fire end() for SetNextRule[methodName=addAttribute, paramType=org.apache.tomcat.util.modeler.AttributeInfo]
2019-05-11 11:06:14.651 DEBUG 8956 --- [kground-preinit] o.apache.tomcat.util.digester.Digester   : [SetNextRule]{mbeans-descriptors/mbean/attribute} Call org.apache.tomcat.util.modeler.ManagedBean.addAttribute(org.apache.tomcat.util.modeler.AttributeInfo@321f9e84)
2019-05-11 11:06:14.651 DEBUG 8956 --- [kground-preinit] o.apache.tomcat.util.IntrospectionUtils  : IntrospectionUtils: callMethod1 org.apache.tomcat.util.modeler.ManagedBean org.apache.tomcat.util.modeler.AttributeInfo org.apache.tomcat.util.modeler.AttributeInfo
2019-05-11 11:06:14.651 DEBUG 8956 --- [kground-preinit] o.apache.tomcat.util.digester.Digester   :   Fire end() for SetPropertiesRule[]
2019-05-11 11:06:14.651 DEBUG 8956 --- [kground-preinit] o.apache.tomcat.util.digester.Digester   :   Fire end() for ObjectCreateRule[className=org.apache.tomcat.util.modeler.AttributeInfo, attributeName=null]
2019-05-11 11:06:14.651 DEBUG 8956 --- [kground-preinit] o.apache.tomcat.util.digester.Digester   : [ObjectCreateRule]{mbeans-descriptors/mbean/attribute} Pop org.apache.tomcat.util.modeler.AttributeInfo
2019-05-11 11:06:14.652 DEBUG 8956 --- [kground-preinit] o.a.tomcat.util.digester.Digester.sax    : characters(

    )
2019-05-11 11:06:14.652 DEBUG 8956 --- [kground-preinit] o.a.tomcat.util.digester.Digester.sax    : startElement(,,attribute)
2019-05-11 11:06:14.652 DEBUG 8956 --- [kground-preinit] o.apache.tomcat.util.digester.Digester   :   New match='mbeans-descriptors/mbean/attribute'
2019-05-11 11:06:14.652 DEBUG 8956 --- [kground-preinit] o.apache.tomcat.util.digester.Digester   :   Fire begin() for ObjectCreateRule[className=org.apache.tomcat.util.modeler.AttributeInfo, attributeName=null]
2019-05-11 11:06:14.652 DEBUG 8956 --- [kground-preinit] o.apache.tomcat.util.digester.Digester   : [ObjectCreateRule]{mbeans-descriptors/mbean/attribute}New org.apache.tomcat.util.modeler.AttributeInfo
2019-05-11 11:06:14.653 DEBUG 8956 --- [kground-preinit] o.apache.tomcat.util.digester.Digester   :   Fire begin() for SetPropertiesRule[]
2019-05-11 11:06:14.653 DEBUG 8956 --- [kground-preinit] o.apache.tomcat.util.digester.Digester   : [SetPropertiesRule]{mbeans-descriptors/mbean/attribute} Set org.apache.tomcat.util.modeler.AttributeInfo properties
2019-05-11 11:06:14.653 DEBUG 8956 --- [kground-preinit] o.apache.tomcat.util.digester.Digester   : [SetPropertiesRule]{mbeans-descriptors/mbean/attribute} Setting property 'name' to 'startStopThreads'
2019-05-11 11:06:14.653 DEBUG 8956 --- [kground-preinit] o.apache.tomcat.util.IntrospectionUtils  : IntrospectionUtils: setProperty(class org.apache.tomcat.util.modeler.AttributeInfo name=startStopThreads)
2019-05-11 11:06:14.653 DEBUG 8956 --- [kground-preinit] o.apache.tomcat.util.digester.Digester   : [SetPropertiesRule]{mbeans-descriptors/mbean/attribute} Setting property 'description' to 'The number of threads to use when starting, stopping and deploying child Contexts'
2019-05-11 11:06:14.653 DEBUG 8956 --- [kground-preinit] o.apache.tomcat.util.IntrospectionUtils  : IntrospectionUtils: setProperty(class org.apache.tomcat.util.modeler.AttributeInfo description=The number of threads to use when starting, stopping and deploying child Contexts)
2019-05-11 11:06:14.653 DEBUG 8956 --- [kground-preinit] o.apache.tomcat.util.digester.Digester   : [SetPropertiesRule]{mbeans-descriptors/mbean/attribute} Setting property 'type' to 'int'
2019-05-11 11:06:14.653 DEBUG 8956 --- [kground-preinit] o.apache.tomcat.util.IntrospectionUtils  : IntrospectionUtils: setProperty(class org.apache.tomcat.util.modeler.AttributeInfo type=int)
2019-05-11 11:06:14.654 DEBUG 8956 --- [kground-preinit] o.apache.tomcat.util.digester.Digester   :   Fire begin() for SetNextRule[methodName=addAttribute, paramType=org.apache.tomcat.util.modeler.AttributeInfo]
2019-05-11 11:06:14.654 DEBUG 8956 --- [kground-preinit] o.a.tomcat.util.digester.Digester.sax    : endElement(,,attribute)
2019-05-11 11:06:14.654 DEBUG 8956 --- [kground-preinit] o.apache.tomcat.util.digester.Digester   :   match='mbeans-descriptors/mbean/attribute'
2019-05-11 11:06:14.654 DEBUG 8956 --- [kground-preinit] o.apache.tomcat.util.digester.Digester   :   bodyText=''
2019-05-11 11:06:14.654 DEBUG 8956 --- [kground-preinit] o.apache.tomcat.util.digester.Digester   :   Fire body() for ObjectCreateRule[className=org.apache.tomcat.util.modeler.AttributeInfo, attributeName=null]
2019-05-11 11:06:14.654 DEBUG 8956 --- [kground-preinit] o.apache.tomcat.util.digester.Digester   :   Fire body() for SetPropertiesRule[]
2019-05-11 11:06:14.655 DEBUG 8956 --- [kground-preinit] o.apache.tomcat.util.digester.Digester   :   Fire body() for SetNextRule[methodName=addAttribute, paramType=org.apache.tomcat.util.modeler.AttributeInfo]
2019-05-11 11:06:14.656 DEBUG 8956 --- [kground-preinit] o.apache.tomcat.util.digester.Digester   :   Fire end() for SetNextRule[methodName=addAttribute, paramType=org.apache.tomcat.util.modeler.AttributeInfo]
2019-05-11 11:06:14.656 DEBUG 8956 --- [kground-preinit] o.apache.tomcat.util.digester.Digester   : [SetNextRule]{mbeans-descriptors/mbean/attribute} Call org.apache.tomcat.util.modeler.ManagedBean.addAttribute(org.apache.tomcat.util.modeler.AttributeInfo@3ac5fa77)
2019-05-11 11:06:14.656 DEBUG 8956 --- [kground-preinit] o.apache.tomcat.util.IntrospectionUtils  : IntrospectionUtils: callMethod1 org.apache.tomcat.util.modeler.ManagedBean org.apache.tomcat.util.modeler.AttributeInfo org.apache.tomcat.util.modeler.AttributeInfo
2019-05-11 11:06:14.656 DEBUG 8956 --- [kground-preinit] o.apache.tomcat.util.digester.Digester   :   Fire end() for SetPropertiesRule[]
2019-05-11 11:06:14.656 DEBUG 8956 --- [kground-preinit] o.apache.tomcat.util.digester.Digester   :   Fire end() for ObjectCreateRule[className=org.apache.tomcat.util.modeler.AttributeInfo, attributeName=null]
2019-05-11 11:06:14.657 DEBUG 8956 --- [kground-preinit] o.apache.tomcat.util.digester.Digester   : [ObjectCreateRule]{mbeans-descriptors/mbean/attribute} Pop org.apache.tomcat.util.modeler.AttributeInfo
2019-05-11 11:06:14.657 DEBUG 8956 --- [kground-preinit] o.a.tomcat.util.digester.Digester.sax    : characters(

    )
2019-05-11 11:06:14.657 DEBUG 8956 --- [kground-preinit] o.a.tomcat.util.digester.Digester.sax    : startElement(,,attribute)
2019-05-11 11:06:14.657 DEBUG 8956 --- [kground-preinit] o.apache.tomcat.util.digester.Digester   :   New match='mbeans-descriptors/mbean/attribute'
2019-05-11 11:06:14.657 DEBUG 8956 --- [kground-preinit] o.apache.tomcat.util.digester.Digester   :   Fire begin() for ObjectCreateRule[className=org.apache.tomcat.util.modeler.AttributeInfo, attributeName=null]
2019-05-11 11:06:14.657 DEBUG 8956 --- [kground-preinit] o.apache.tomcat.util.digester.Digester   : [ObjectCreateRule]{mbeans-descriptors/mbean/attribute}New org.apache.tomcat.util.modeler.AttributeInfo
2019-05-11 11:06:14.658 DEBUG 8956 --- [kground-preinit] o.apache.tomcat.util.digester.Digester   :   Fire begin() for SetPropertiesRule[]
2019-05-11 11:06:14.658 DEBUG 8956 --- [kground-preinit] o.apache.tomcat.util.digester.Digester   : [SetPropertiesRule]{mbeans-descriptors/mbean/attribute} Set org.apache.tomcat.util.modeler.AttributeInfo properties
2019-05-11 11:06:14.658 DEBUG 8956 --- [kground-preinit] o.apache.tomcat.util.digester.Digester   : [SetPropertiesRule]{mbeans-descriptors/mbean/attribute} Setting property 'name' to 'stateName'
2019-05-11 11:06:14.658 DEBUG 8956 --- [kground-preinit] o.apache.tomcat.util.IntrospectionUtils  : IntrospectionUtils: setProperty(class org.apache.tomcat.util.modeler.AttributeInfo name=stateName)
2019-05-11 11:06:14.658 DEBUG 8956 --- [kground-preinit] o.apache.tomcat.util.digester.Digester   : [SetPropertiesRule]{mbeans-descriptors/mbean/attribute} Setting property 'description' to 'The name of the LifecycleState that this component is currently in'
2019-05-11 11:06:14.658 DEBUG 8956 --- [kground-preinit] o.apache.tomcat.util.IntrospectionUtils  : IntrospectionUtils: setProperty(class org.apache.tomcat.util.modeler.AttributeInfo description=The name of the LifecycleState that this component is currently in)
2019-05-11 11:06:14.658 DEBUG 8956 --- [kground-preinit] o.apache.tomcat.util.digester.Digester   : [SetPropertiesRule]{mbeans-descriptors/mbean/attribute} Setting property 'type' to 'java.lang.String'
2019-05-11 11:06:14.658 DEBUG 8956 --- [kground-preinit] o.apache.tomcat.util.IntrospectionUtils  : IntrospectionUtils: setProperty(class org.apache.tomcat.util.modeler.AttributeInfo type=java.lang.String)
2019-05-11 11:06:14.659 DEBUG 8956 --- [kground-preinit] o.apache.tomcat.util.digester.Digester   : [SetPropertiesRule]{mbeans-descriptors/mbean/attribute} Setting property 'writeable' to 'false'
2019-05-11 11:06:14.659 DEBUG 8956 --- [kground-preinit] o.apache.tomcat.util.IntrospectionUtils  : IntrospectionUtils: setProperty(class org.apache.tomcat.util.modeler.AttributeInfo writeable=false)
2019-05-11 11:06:14.659 DEBUG 8956 --- [kground-preinit] o.apache.tomcat.util.digester.Digester   :   Fire begin() for SetNextRule[methodName=addAttribute, paramType=org.apache.tomcat.util.modeler.AttributeInfo]
2019-05-11 11:06:14.659 DEBUG 8956 --- [kground-preinit] o.a.tomcat.util.digester.Digester.sax    : endElement(,,attribute)
2019-05-11 11:06:14.659 DEBUG 8956 --- [kground-preinit] o.apache.tomcat.util.digester.Digester   :   match='mbeans-descriptors/mbean/attribute'
2019-05-11 11:06:14.660 DEBUG 8956 --- [kground-preinit] o.apache.tomcat.util.digester.Digester   :   bodyText=''
2019-05-11 11:06:14.660 DEBUG 8956 --- [kground-preinit] o.apache.tomcat.util.digester.Digester   :   Fire body() for ObjectCreateRule[className=org.apache.tomcat.util.modeler.AttributeInfo, attributeName=null]
2019-05-11 11:06:14.660 DEBUG 8956 --- [kground-preinit] o.apache.tomcat.util.digester.Digester   :   Fire body() for SetPropertiesRule[]
2019-05-11 11:06:14.660 DEBUG 8956 --- [kground-preinit] o.apache.tomcat.util.digester.Digester   :   Fire body() for SetNextRule[methodName=addAttribute, paramType=org.apache.tomcat.util.modeler.AttributeInfo]
2019-05-11 11:06:14.660 DEBUG 8956 --- [kground-preinit] o.apache.tomcat.util.digester.Digester   :   Fire end() for SetNextRule[methodName=addAttribute, paramType=org.apache.tomcat.util.modeler.AttributeInfo]
2019-05-11 11:06:14.661 DEBUG 8956 --- [kground-preinit] o.apache.tomcat.util.digester.Digester   : [SetNextRule]{mbeans-descriptors/mbean/attribute} Call org.apache.tomcat.util.modeler.ManagedBean.addAttribute(org.apache.tomcat.util.modeler.AttributeInfo@582d7767)
2019-05-11 11:06:14.661 DEBUG 8956 --- [kground-preinit] o.apache.tomcat.util.IntrospectionUtils  : IntrospectionUtils: callMethod1 org.apache.tomcat.util.modeler.ManagedBean org.apache.tomcat.util.modeler.AttributeInfo org.apache.tomcat.util.modeler.AttributeInfo
2019-05-11 11:06:14.661 DEBUG 8956 --- [kground-preinit] o.apache.tomcat.util.digester.Digester   :   Fire end() for SetPropertiesRule[]
2019-05-11 11:06:14.662 DEBUG 8956 --- [kground-preinit] o.apache.tomcat.util.digester.Digester   :   Fire end() for ObjectCreateRule[className=org.apache.tomcat.util.modeler.AttributeInfo, attributeName=null]
2019-05-11 11:06:14.662 DEBUG 8956 --- [kground-preinit] o.apache.tomcat.util.digester.Digester   : [ObjectCreateRule]{mbeans-descriptors/mbean/attribute} Pop org.apache.tomcat.util.modeler.AttributeInfo
2019-05-11 11:06:14.662 DEBUG 8956 --- [kground-preinit] o.a.tomcat.util.digester.Digester.sax    : characters(

    )
2019-05-11 11:06:14.662 DEBUG 8956 --- [kground-preinit] o.a.tomcat.util.digester.Digester.sax    : startElement(,,attribute)
2019-05-11 11:06:14.662 DEBUG 8956 --- [kground-preinit] o.apache.tomcat.util.digester.Digester   :   New match='mbeans-descriptors/mbean/attribute'
2019-05-11 11:06:14.662 DEBUG 8956 --- [kground-preinit] o.apache.tomcat.util.digester.Digester   :   Fire begin() for ObjectCreateRule[className=org.apache.tomcat.util.modeler.AttributeInfo, attributeName=null]
2019-05-11 11:06:14.662 DEBUG 8956 --- [kground-preinit] o.apache.tomcat.util.digester.Digester   : [ObjectCreateRule]{mbeans-descriptors/mbean/attribute}New org.apache.tomcat.util.modeler.AttributeInfo
2019-05-11 11:06:14.663 DEBUG 8956 --- [kground-preinit] o.apache.tomcat.util.digester.Digester   :   Fire begin() for SetPropertiesRule[]
2019-05-11 11:06:14.663 DEBUG 8956 --- [kground-preinit] o.apache.tomcat.util.digester.Digester   : [SetPropertiesRule]{mbeans-descriptors/mbean/attribute} Set org.apache.tomcat.util.modeler.AttributeInfo properties
2019-05-11 11:06:14.663 DEBUG 8956 --- [kground-preinit] o.apache.tomcat.util.digester.Digester   : [SetPropertiesRule]{mbeans-descriptors/mbean/attribute} Setting property 'name' to 'undeployOldVersions'
2019-05-11 11:06:14.663 DEBUG 8956 --- [kground-preinit] o.apache.tomcat.util.IntrospectionUtils  : IntrospectionUtils: setProperty(class org.apache.tomcat.util.modeler.AttributeInfo name=undeployOldVersions)
2019-05-11 11:06:14.663 DEBUG 8956 --- [kground-preinit] o.apache.tomcat.util.digester.Digester   : [SetPropertiesRule]{mbeans-descriptors/mbean/attribute} Setting property 'description' to 'Determines if old versions of applications deployed using parallel deployment are automatically undeployed when no longer used. Requires autoDeploy to be enabled.'
2019-05-11 11:06:14.663 DEBUG 8956 --- [kground-preinit] o.apache.tomcat.util.IntrospectionUtils  : IntrospectionUtils: setProperty(class org.apache.tomcat.util.modeler.AttributeInfo description=Determines if old versions of applications deployed using parallel deployment are automatically undeployed when no longer used. Requires autoDeploy to be enabled.)
2019-05-11 11:06:14.663 DEBUG 8956 --- [kground-preinit] o.apache.tomcat.util.digester.Digester   : [SetPropertiesRule]{mbeans-descriptors/mbean/attribute} Setting property 'type' to 'boolean'
2019-05-11 11:06:14.664 DEBUG 8956 --- [kground-preinit] o.apache.tomcat.util.IntrospectionUtils  : IntrospectionUtils: setProperty(class org.apache.tomcat.util.modeler.AttributeInfo type=boolean)
2019-05-11 11:06:14.664 DEBUG 8956 --- [kground-preinit] o.apache.tomcat.util.digester.Digester   :   Fire begin() for SetNextRule[methodName=addAttribute, paramType=org.apache.tomcat.util.modeler.AttributeInfo]
2019-05-11 11:06:14.664 DEBUG 8956 --- [kground-preinit] o.a.tomcat.util.digester.Digester.sax    : endElement(,,attribute)
2019-05-11 11:06:14.664 DEBUG 8956 --- [kground-preinit] o.apache.tomcat.util.digester.Digester   :   match='mbeans-descriptors/mbean/attribute'
2019-05-11 11:06:14.664 DEBUG 8956 --- [kground-preinit] o.apache.tomcat.util.digester.Digester   :   bodyText=''
2019-05-11 11:06:14.664 DEBUG 8956 --- [kground-preinit] o.apache.tomcat.util.digester.Digester   :   Fire body() for ObjectCreateRule[className=org.apache.tomcat.util.modeler.AttributeInfo, attributeName=null]
2019-05-11 11:06:14.664 DEBUG 8956 --- [kground-preinit] o.apache.tomcat.util.digester.Digester   :   Fire body() for SetPropertiesRule[]
2019-05-11 11:06:14.664 DEBUG 8956 --- [kground-preinit] o.apache.tomcat.util.digester.Digester   :   Fire body() for SetNextRule[methodName=addAttribute, paramType=org.apache.tomcat.util.modeler.AttributeInfo]
2019-05-11 11:06:14.664 DEBUG 8956 --- [kground-preinit] o.apache.tomcat.util.digester.Digester   :   Fire end() for SetNextRule[methodName=addAttribute, paramType=org.apache.tomcat.util.modeler.AttributeInfo]
2019-05-11 11:06:14.665 DEBUG 8956 --- [kground-preinit] o.apache.tomcat.util.digester.Digester   : [SetNextRule]{mbeans-descriptors/mbean/attribute} Call org.apache.tomcat.util.modeler.ManagedBean.addAttribute(org.apache.tomcat.util.modeler.AttributeInfo@664cab8d)
2019-05-11 11:06:14.665 DEBUG 8956 --- [kground-preinit] o.apache.tomcat.util.IntrospectionUtils  : IntrospectionUtils: callMethod1 org.apache.tomcat.util.modeler.ManagedBean org.apache.tomcat.util.modeler.AttributeInfo org.apache.tomcat.util.modeler.AttributeInfo
2019-05-11 11:06:14.665 DEBUG 8956 --- [kground-preinit] o.apache.tomcat.util.digester.Digester   :   Fire end() for SetPropertiesRule[]
2019-05-11 11:06:14.665 DEBUG 8956 --- [kground-preinit] o.apache.tomcat.util.digester.Digester   :   Fire end() for ObjectCreateRule[className=org.apache.tomcat.util.modeler.AttributeInfo, attributeName=null]
2019-05-11 11:06:14.665 DEBUG 8956 --- [kground-preinit] o.apache.tomcat.util.digester.Digester   : [ObjectCreateRule]{mbeans-descriptors/mbean/attribute} Pop org.apache.tomcat.util.modeler.AttributeInfo
2019-05-11 11:06:14.665 DEBUG 8956 --- [kground-preinit] o.a.tomcat.util.digester.Digester.sax    : characters(

    )
2019-05-11 11:06:14.666 DEBUG 8956 --- [kground-preinit] o.a.tomcat.util.digester.Digester.sax    : startElement(,,attribute)
2019-05-11 11:06:14.666 DEBUG 8956 --- [kground-preinit] o.apache.tomcat.util.digester.Digester   :   New match='mbeans-descriptors/mbean/attribute'
2019-05-11 11:06:14.666 DEBUG 8956 --- [kground-preinit] o.apache.tomcat.util.digester.Digester   :   Fire begin() for ObjectCreateRule[className=org.apache.tomcat.util.modeler.AttributeInfo, attributeName=null]
2019-05-11 11:06:14.666 DEBUG 8956 --- [kground-preinit] o.apache.tomcat.util.digester.Digester   : [ObjectCreateRule]{mbeans-descriptors/mbean/attribute}New org.apache.tomcat.util.modeler.AttributeInfo
2019-05-11 11:06:14.666 DEBUG 8956 --- [kground-preinit] o.apache.tomcat.util.digester.Digester   :   Fire begin() for SetPropertiesRule[]
2019-05-11 11:06:14.666 DEBUG 8956 --- [kground-preinit] o.apache.tomcat.util.digester.Digester   : [SetPropertiesRule]{mbeans-descriptors/mbean/attribute} Set org.apache.tomcat.util.modeler.AttributeInfo properties
2019-05-11 11:06:14.666 DEBUG 8956 --- [kground-preinit] o.apache.tomcat.util.digester.Digester   : [SetPropertiesRule]{mbeans-descriptors/mbean/attribute} Setting property 'name' to 'unpackWARs'
2019-05-11 11:06:14.667 DEBUG 8956 --- [kground-preinit] o.apache.tomcat.util.IntrospectionUtils  : IntrospectionUtils: setProperty(class org.apache.tomcat.util.modeler.AttributeInfo name=unpackWARs)
2019-05-11 11:06:14.667 DEBUG 8956 --- [kground-preinit] o.apache.tomcat.util.digester.Digester   : [SetPropertiesRule]{mbeans-descriptors/mbean/attribute} Setting property 'description' to 'Unpack WARs property'
2019-05-11 11:06:14.667 DEBUG 8956 --- [kground-preinit] o.apache.tomcat.util.IntrospectionUtils  : IntrospectionUtils: setProperty(class org.apache.tomcat.util.modeler.AttributeInfo description=Unpack WARs property)
2019-05-11 11:06:14.667 DEBUG 8956 --- [kground-preinit] o.apache.tomcat.util.digester.Digester   : [SetPropertiesRule]{mbeans-descriptors/mbean/attribute} Setting property 'is' to 'true'
2019-05-11 11:06:14.667 DEBUG 8956 --- [kground-preinit] o.apache.tomcat.util.IntrospectionUtils  : IntrospectionUtils: setProperty(class org.apache.tomcat.util.modeler.AttributeInfo is=true)
2019-05-11 11:06:14.667 DEBUG 8956 --- [kground-preinit] o.apache.tomcat.util.digester.Digester   : [SetPropertiesRule]{mbeans-descriptors/mbean/attribute} Setting property 'type' to 'boolean'
2019-05-11 11:06:14.667 DEBUG 8956 --- [kground-preinit] o.apache.tomcat.util.IntrospectionUtils  : IntrospectionUtils: setProperty(class org.apache.tomcat.util.modeler.AttributeInfo type=boolean)
2019-05-11 11:06:14.667 DEBUG 8956 --- [kground-preinit] o.apache.tomcat.util.digester.Digester   :   Fire begin() for SetNextRule[methodName=addAttribute, paramType=org.apache.tomcat.util.modeler.AttributeInfo]
2019-05-11 11:06:14.668 DEBUG 8956 --- [kground-preinit] o.a.tomcat.util.digester.Digester.sax    : endElement(,,attribute)
2019-05-11 11:06:14.668 DEBUG 8956 --- [kground-preinit] o.apache.tomcat.util.digester.Digester   :   match='mbeans-descriptors/mbean/attribute'
2019-05-11 11:06:14.668 DEBUG 8956 --- [kground-preinit] o.apache.tomcat.util.digester.Digester   :   bodyText=''
2019-05-11 11:06:14.668 DEBUG 8956 --- [kground-preinit] o.apache.tomcat.util.digester.Digester   :   Fire body() for ObjectCreateRule[className=org.apache.tomcat.util.modeler.AttributeInfo, attributeName=null]
2019-05-11 11:06:14.668 DEBUG 8956 --- [kground-preinit] o.apache.tomcat.util.digester.Digester   :   Fire body() for SetPropertiesRule[]
2019-05-11 11:06:14.668 DEBUG 8956 --- [kground-preinit] o.apache.tomcat.util.digester.Digester   :   Fire body() for SetNextRule[methodName=addAttribute, paramType=org.apache.tomcat.util.modeler.AttributeInfo]
2019-05-11 11:06:14.668 DEBUG 8956 --- [kground-preinit] o.apache.tomcat.util.digester.Digester   :   Fire end() for SetNextRule[methodName=addAttribute, paramType=org.apache.tomcat.util.modeler.AttributeInfo]
2019-05-11 11:06:14.669 DEBUG 8956 --- [kground-preinit] o.apache.tomcat.util.digester.Digester   : [SetNextRule]{mbeans-descriptors/mbean/attribute} Call org.apache.tomcat.util.modeler.ManagedBean.addAttribute(org.apache.tomcat.util.modeler.AttributeInfo@28e9f27e)
2019-05-11 11:06:14.669 DEBUG 8956 --- [kground-preinit] o.apache.tomcat.util.IntrospectionUtils  : IntrospectionUtils: callMethod1 org.apache.tomcat.util.modeler.ManagedBean org.apache.tomcat.util.modeler.AttributeInfo org.apache.tomcat.util.modeler.AttributeInfo
2019-05-11 11:06:14.669 DEBUG 8956 --- [kground-preinit] o.apache.tomcat.util.digester.Digester   :   Fire end() for SetPropertiesRule[]
2019-05-11 11:06:14.669 DEBUG 8956 --- [kground-preinit] o.apache.tomcat.util.digester.Digester   :   Fire end() for ObjectCreateRule[className=org.apache.tomcat.util.modeler.AttributeInfo, attributeName=null]
2019-05-11 11:06:14.669 DEBUG 8956 --- [kground-preinit] o.apache.tomcat.util.digester.Digester   : [ObjectCreateRule]{mbeans-descriptors/mbean/attribute} Pop org.apache.tomcat.util.modeler.AttributeInfo
2019-05-11 11:06:14.669 DEBUG 8956 --- [kground-preinit] o.a.tomcat.util.digester.Digester.sax    : characters(

    )
2019-05-11 11:06:14.669 DEBUG 8956 --- [kground-preinit] o.a.tomcat.util.digester.Digester.sax    : startElement(,,attribute)
2019-05-11 11:06:14.669 DEBUG 8956 --- [kground-preinit] o.apache.tomcat.util.digester.Digester   :   New match='mbeans-descriptors/mbean/attribute'
2019-05-11 11:06:14.671 DEBUG 8956 --- [kground-preinit] o.apache.tomcat.util.digester.Digester   :   Fire begin() for ObjectCreateRule[className=org.apache.tomcat.util.modeler.AttributeInfo, attributeName=null]
2019-05-11 11:06:14.671 DEBUG 8956 --- [kground-preinit] o.apache.tomcat.util.digester.Digester   : [ObjectCreateRule]{mbeans-descriptors/mbean/attribute}New org.apache.tomcat.util.modeler.AttributeInfo
2019-05-11 11:06:14.671 DEBUG 8956 --- [kground-preinit] o.apache.tomcat.util.digester.Digester   :   Fire begin() for SetPropertiesRule[]
2019-05-11 11:06:14.671 DEBUG 8956 --- [kground-preinit] o.apache.tomcat.util.digester.Digester   : [SetPropertiesRule]{mbeans-descriptors/mbean/attribute} Set org.apache.tomcat.util.modeler.AttributeInfo properties
2019-05-11 11:06:14.671 DEBUG 8956 --- [kground-preinit] o.apache.tomcat.util.digester.Digester   : [SetPropertiesRule]{mbeans-descriptors/mbean/attribute} Setting property 'name' to 'valveNames'
2019-05-11 11:06:14.672 DEBUG 8956 --- [kground-preinit] o.apache.tomcat.util.IntrospectionUtils  : IntrospectionUtils: setProperty(class org.apache.tomcat.util.modeler.AttributeInfo name=valveNames)
2019-05-11 11:06:14.672 DEBUG 8956 --- [kground-preinit] o.apache.tomcat.util.digester.Digester   : [SetPropertiesRule]{mbeans-descriptors/mbean/attribute} Setting property 'description' to 'Return the MBean Names of the Valves associated with this Host'
2019-05-11 11:06:14.672 DEBUG 8956 --- [kground-preinit] o.apache.tomcat.util.IntrospectionUtils  : IntrospectionUtils: setProperty(class org.apache.tomcat.util.modeler.AttributeInfo description=Return the MBean Names of the Valves associated with this Host)
2019-05-11 11:06:14.672 DEBUG 8956 --- [kground-preinit] o.apache.tomcat.util.digester.Digester   : [SetPropertiesRule]{mbeans-descriptors/mbean/attribute} Setting property 'type' to '[Ljava.lang.String;'
2019-05-11 11:06:14.672 DEBUG 8956 --- [kground-preinit] o.apache.tomcat.util.IntrospectionUtils  : IntrospectionUtils: setProperty(class org.apache.tomcat.util.modeler.AttributeInfo type=[Ljava.lang.String;)
2019-05-11 11:06:14.672 DEBUG 8956 --- [kground-preinit] o.apache.tomcat.util.digester.Digester   :   Fire begin() for SetNextRule[methodName=addAttribute, paramType=org.apache.tomcat.util.modeler.AttributeInfo]
2019-05-11 11:06:14.673 DEBUG 8956 --- [kground-preinit] o.a.tomcat.util.digester.Digester.sax    : endElement(,,attribute)
2019-05-11 11:06:14.673 DEBUG 8956 --- [kground-preinit] o.apache.tomcat.util.digester.Digester   :   match='mbeans-descriptors/mbean/attribute'
2019-05-11 11:06:14.673 DEBUG 8956 --- [kground-preinit] o.apache.tomcat.util.digester.Digester   :   bodyText=''
2019-05-11 11:06:14.673 DEBUG 8956 --- [kground-preinit] o.apache.tomcat.util.digester.Digester   :   Fire body() for ObjectCreateRule[className=org.apache.tomcat.util.modeler.AttributeInfo, attributeName=null]
2019-05-11 11:06:14.673 DEBUG 8956 --- [kground-preinit] o.apache.tomcat.util.digester.Digester   :   Fire body() for SetPropertiesRule[]
2019-05-11 11:06:14.673 DEBUG 8956 --- [kground-preinit] o.apache.tomcat.util.digester.Digester   :   Fire body() for SetNextRule[methodName=addAttribute, paramType=org.apache.tomcat.util.modeler.AttributeInfo]
2019-05-11 11:06:14.674 DEBUG 8956 --- [kground-preinit] o.apache.tomcat.util.digester.Digester   :   Fire end() for SetNextRule[methodName=addAttribute, paramType=org.apache.tomcat.util.modeler.AttributeInfo]
2019-05-11 11:06:14.674 DEBUG 8956 --- [kground-preinit] o.apache.tomcat.util.digester.Digester   : [SetNextRule]{mbeans-descriptors/mbean/attribute} Call org.apache.tomcat.util.modeler.ManagedBean.addAttribute(org.apache.tomcat.util.modeler.AttributeInfo@3d6aa356)
2019-05-11 11:06:14.674 DEBUG 8956 --- [kground-preinit] o.apache.tomcat.util.IntrospectionUtils  : IntrospectionUtils: callMethod1 org.apache.tomcat.util.modeler.ManagedBean org.apache.tomcat.util.modeler.AttributeInfo org.apache.tomcat.util.modeler.AttributeInfo
2019-05-11 11:06:14.674 DEBUG 8956 --- [kground-preinit] o.apache.tomcat.util.digester.Digester   :   Fire end() for SetPropertiesRule[]
2019-05-11 11:06:14.674 DEBUG 8956 --- [kground-preinit] o.apache.tomcat.util.digester.Digester   :   Fire end() for ObjectCreateRule[className=org.apache.tomcat.util.modeler.AttributeInfo, attributeName=null]
2019-05-11 11:06:14.674 DEBUG 8956 --- [kground-preinit] o.apache.tomcat.util.digester.Digester   : [ObjectCreateRule]{mbeans-descriptors/mbean/attribute} Pop org.apache.tomcat.util.modeler.AttributeInfo
2019-05-11 11:06:14.675 DEBUG 8956 --- [kground-preinit] o.a.tomcat.util.digester.Digester.sax    : characters(

    )
2019-05-11 11:06:14.675 DEBUG 8956 --- [kground-preinit] o.a.tomcat.util.digester.Digester.sax    : startElement(,,attribute)
2019-05-11 11:06:14.675 DEBUG 8956 --- [kground-preinit] o.apache.tomcat.util.digester.Digester   :   New match='mbeans-descriptors/mbean/attribute'
2019-05-11 11:06:14.675 DEBUG 8956 --- [kground-preinit] o.apache.tomcat.util.digester.Digester   :   Fire begin() for ObjectCreateRule[className=org.apache.tomcat.util.modeler.AttributeInfo, attributeName=null]
2019-05-11 11:06:14.675 DEBUG 8956 --- [kground-preinit] o.apache.tomcat.util.digester.Digester   : [ObjectCreateRule]{mbeans-descriptors/mbean/attribute}New org.apache.tomcat.util.modeler.AttributeInfo
2019-05-11 11:06:14.675 DEBUG 8956 --- [kground-preinit] o.apache.tomcat.util.digester.Digester   :   Fire begin() for SetPropertiesRule[]
2019-05-11 11:06:14.675 DEBUG 8956 --- [kground-preinit] o.apache.tomcat.util.digester.Digester   : [SetPropertiesRule]{mbeans-descriptors/mbean/attribute} Set org.apache.tomcat.util.modeler.AttributeInfo properties
2019-05-11 11:06:14.676 DEBUG 8956 --- [kground-preinit] o.apache.tomcat.util.digester.Digester   : [SetPropertiesRule]{mbeans-descriptors/mbean/attribute} Setting property 'name' to 'workDir'
2019-05-11 11:06:14.676 DEBUG 8956 --- [kground-preinit] o.apache.tomcat.util.IntrospectionUtils  : IntrospectionUtils: setProperty(class org.apache.tomcat.util.modeler.AttributeInfo name=workDir)
2019-05-11 11:06:14.676 DEBUG 8956 --- [kground-preinit] o.apache.tomcat.util.digester.Digester   : [SetPropertiesRule]{mbeans-descriptors/mbean/attribute} Setting property 'description' to 'Work Directory base for applications'
2019-05-11 11:06:14.677 DEBUG 8956 --- [kground-preinit] o.apache.tomcat.util.IntrospectionUtils  : IntrospectionUtils: setProperty(class org.apache.tomcat.util.modeler.AttributeInfo description=Work Directory base for applications)
2019-05-11 11:06:14.677 DEBUG 8956 --- [kground-preinit] o.apache.tomcat.util.digester.Digester   : [SetPropertiesRule]{mbeans-descriptors/mbean/attribute} Setting property 'type' to 'java.lang.String'
2019-05-11 11:06:14.678 DEBUG 8956 --- [kground-preinit] o.apache.tomcat.util.IntrospectionUtils  : IntrospectionUtils: setProperty(class org.apache.tomcat.util.modeler.AttributeInfo type=java.lang.String)
2019-05-11 11:06:14.678 DEBUG 8956 --- [kground-preinit] o.apache.tomcat.util.digester.Digester   :   Fire begin() for SetNextRule[methodName=addAttribute, paramType=org.apache.tomcat.util.modeler.AttributeInfo]
2019-05-11 11:06:14.678 DEBUG 8956 --- [kground-preinit] o.a.tomcat.util.digester.Digester.sax    : endElement(,,attribute)
2019-05-11 11:06:14.678 DEBUG 8956 --- [kground-preinit] o.apache.tomcat.util.digester.Digester   :   match='mbeans-descriptors/mbean/attribute'
2019-05-11 11:06:14.678 DEBUG 8956 --- [kground-preinit] o.apache.tomcat.util.digester.Digester   :   bodyText=''
2019-05-11 11:06:14.678 DEBUG 8956 --- [kground-preinit] o.apache.tomcat.util.digester.Digester   :   Fire body() for ObjectCreateRule[className=org.apache.tomcat.util.modeler.AttributeInfo, attributeName=null]
2019-05-11 11:06:14.679 DEBUG 8956 --- [kground-preinit] o.apache.tomcat.util.digester.Digester   :   Fire body() for SetPropertiesRule[]
2019-05-11 11:06:14.679 DEBUG 8956 --- [kground-preinit] o.apache.tomcat.util.digester.Digester   :   Fire body() for SetNextRule[methodName=addAttribute, paramType=org.apache.tomcat.util.modeler.AttributeInfo]
2019-05-11 11:06:14.679 DEBUG 8956 --- [kground-preinit] o.apache.tomcat.util.digester.Digester   :   Fire end() for SetNextRule[methodName=addAttribute, paramType=org.apache.tomcat.util.modeler.AttributeInfo]
2019-05-11 11:06:14.679 DEBUG 8956 --- [kground-preinit] o.apache.tomcat.util.digester.Digester   : [SetNextRule]{mbeans-descriptors/mbean/attribute} Call org.apache.tomcat.util.modeler.ManagedBean.addAttribute(org.apache.tomcat.util.modeler.AttributeInfo@e4f6dd3)
2019-05-11 11:06:14.679 DEBUG 8956 --- [kground-preinit] o.apache.tomcat.util.IntrospectionUtils  : IntrospectionUtils: callMethod1 org.apache.tomcat.util.modeler.ManagedBean org.apache.tomcat.util.modeler.AttributeInfo org.apache.tomcat.util.modeler.AttributeInfo
2019-05-11 11:06:14.680 DEBUG 8956 --- [kground-preinit] o.apache.tomcat.util.digester.Digester   :   Fire end() for SetPropertiesRule[]
2019-05-11 11:06:14.680 DEBUG 8956 --- [kground-preinit] o.apache.tomcat.util.digester.Digester   :   Fire end() for ObjectCreateRule[className=org.apache.tomcat.util.modeler.AttributeInfo, attributeName=null]
2019-05-11 11:06:14.680 DEBUG 8956 --- [kground-preinit] o.apache.tomcat.util.digester.Digester   : [ObjectCreateRule]{mbeans-descriptors/mbean/attribute} Pop org.apache.tomcat.util.modeler.AttributeInfo
2019-05-11 11:06:14.680 DEBUG 8956 --- [kground-preinit] o.a.tomcat.util.digester.Digester.sax    : characters(

    )
2019-05-11 11:06:14.680 DEBUG 8956 --- [kground-preinit] o.a.tomcat.util.digester.Digester.sax    : startElement(,,attribute)
2019-05-11 11:06:14.681 DEBUG 8956 --- [kground-preinit] o.apache.tomcat.util.digester.Digester   :   New match='mbeans-descriptors/mbean/attribute'
2019-05-11 11:06:14.681 DEBUG 8956 --- [kground-preinit] o.apache.tomcat.util.digester.Digester   :   Fire begin() for ObjectCreateRule[className=org.apache.tomcat.util.modeler.AttributeInfo, attributeName=null]
2019-05-11 11:06:14.681 DEBUG 8956 --- [kground-preinit] o.apache.tomcat.util.digester.Digester   : [ObjectCreateRule]{mbeans-descriptors/mbean/attribute}New org.apache.tomcat.util.modeler.AttributeInfo
2019-05-11 11:06:14.681 DEBUG 8956 --- [kground-preinit] o.apache.tomcat.util.digester.Digester   :   Fire begin() for SetPropertiesRule[]
2019-05-11 11:06:14.681 DEBUG 8956 --- [kground-preinit] o.apache.tomcat.util.digester.Digester   : [SetPropertiesRule]{mbeans-descriptors/mbean/attribute} Set org.apache.tomcat.util.modeler.AttributeInfo properties
2019-05-11 11:06:14.681 DEBUG 8956 --- [kground-preinit] o.apache.tomcat.util.digester.Digester   : [SetPropertiesRule]{mbeans-descriptors/mbean/attribute} Setting property 'name' to 'xmlBase'
2019-05-11 11:06:14.687 DEBUG 8956 --- [kground-preinit] o.apache.tomcat.util.IntrospectionUtils  : IntrospectionUtils: setProperty(class org.apache.tomcat.util.modeler.AttributeInfo name=xmlBase)
2019-05-11 11:06:14.687 DEBUG 8956 --- [kground-preinit] o.apache.tomcat.util.digester.Digester   : [SetPropertiesRule]{mbeans-descriptors/mbean/attribute} Setting property 'description' to 'The XML root for this Host.'
2019-05-11 11:06:14.687 DEBUG 8956 --- [kground-preinit] o.apache.tomcat.util.IntrospectionUtils  : IntrospectionUtils: setProperty(class org.apache.tomcat.util.modeler.AttributeInfo description=The XML root for this Host.)
2019-05-11 11:06:14.687 DEBUG 8956 --- [kground-preinit] o.apache.tomcat.util.digester.Digester   : [SetPropertiesRule]{mbeans-descriptors/mbean/attribute} Setting property 'type' to 'java.lang.String'
2019-05-11 11:06:14.688 DEBUG 8956 --- [kground-preinit] o.apache.tomcat.util.IntrospectionUtils  : IntrospectionUtils: setProperty(class org.apache.tomcat.util.modeler.AttributeInfo type=java.lang.String)
2019-05-11 11:06:14.688 DEBUG 8956 --- [kground-preinit] o.apache.tomcat.util.digester.Digester   :   Fire begin() for SetNextRule[methodName=addAttribute, paramType=org.apache.tomcat.util.modeler.AttributeInfo]
2019-05-11 11:06:14.688 DEBUG 8956 --- [kground-preinit] o.a.tomcat.util.digester.Digester.sax    : endElement(,,attribute)
2019-05-11 11:06:14.688 DEBUG 8956 --- [kground-preinit] o.apache.tomcat.util.digester.Digester   :   match='mbeans-descriptors/mbean/attribute'
2019-05-11 11:06:14.688 DEBUG 8956 --- [kground-preinit] o.apache.tomcat.util.digester.Digester   :   bodyText=''
2019-05-11 11:06:14.689 DEBUG 8956 --- [kground-preinit] o.apache.tomcat.util.digester.Digester   :   Fire body() for ObjectCreateRule[className=org.apache.tomcat.util.modeler.AttributeInfo, attributeName=null]
2019-05-11 11:06:14.689 DEBUG 8956 --- [kground-preinit] o.apache.tomcat.util.digester.Digester   :   Fire body() for SetPropertiesRule[]
2019-05-11 11:06:14.689 DEBUG 8956 --- [kground-preinit] o.apache.tomcat.util.digester.Digester   :   Fire body() for SetNextRule[methodName=addAttribute, paramType=org.apache.tomcat.util.modeler.AttributeInfo]
2019-05-11 11:06:14.690 DEBUG 8956 --- [kground-preinit] o.apache.tomcat.util.digester.Digester   :   Fire end() for SetNextRule[methodName=addAttribute, paramType=org.apache.tomcat.util.modeler.AttributeInfo]
2019-05-11 11:06:14.690 DEBUG 8956 --- [kground-preinit] o.apache.tomcat.util.digester.Digester   : [SetNextRule]{mbeans-descriptors/mbean/attribute} Call org.apache.tomcat.util.modeler.ManagedBean.addAttribute(org.apache.tomcat.util.modeler.AttributeInfo@d5cbf54)
2019-05-11 11:06:14.690 DEBUG 8956 --- [kground-preinit] o.apache.tomcat.util.IntrospectionUtils  : IntrospectionUtils: callMethod1 org.apache.tomcat.util.modeler.ManagedBean org.apache.tomcat.util.modeler.AttributeInfo org.apache.tomcat.util.modeler.AttributeInfo
2019-05-11 11:06:14.690 DEBUG 8956 --- [kground-preinit] o.apache.tomcat.util.digester.Digester   :   Fire end() for SetPropertiesRule[]
2019-05-11 11:06:14.690 DEBUG 8956 --- [kground-preinit] o.apache.tomcat.util.digester.Digester   :   Fire end() for ObjectCreateRule[className=org.apache.tomcat.util.modeler.AttributeInfo, attributeName=null]
2019-05-11 11:06:14.690 DEBUG 8956 --- [kground-preinit] o.apache.tomcat.util.digester.Digester   : [ObjectCreateRule]{mbeans-descriptors/mbean/attribute} Pop org.apache.tomcat.util.modeler.AttributeInfo
2019-05-11 11:06:14.690 DEBUG 8956 --- [kground-preinit] o.a.tomcat.util.digester.Digester.sax    : characters(

    )
2019-05-11 11:06:14.691 DEBUG 8956 --- [kground-preinit] o.a.tomcat.util.digester.Digester.sax    : startElement(,,operation)
2019-05-11 11:06:14.691 DEBUG 8956 --- [kground-preinit] o.apache.tomcat.util.digester.Digester   :   New match='mbeans-descriptors/mbean/operation'
2019-05-11 11:06:14.691 DEBUG 8956 --- [kground-preinit] o.apache.tomcat.util.digester.Digester   :   Fire begin() for ObjectCreateRule[className=org.apache.tomcat.util.modeler.OperationInfo, attributeName=null]
2019-05-11 11:06:14.691 DEBUG 8956 --- [kground-preinit] o.apache.tomcat.util.digester.Digester   : [ObjectCreateRule]{mbeans-descriptors/mbean/operation}New org.apache.tomcat.util.modeler.OperationInfo
2019-05-11 11:06:14.691 DEBUG 8956 --- [kground-preinit] o.apache.tomcat.util.digester.Digester   :   Fire begin() for SetPropertiesRule[]
2019-05-11 11:06:14.691 DEBUG 8956 --- [kground-preinit] o.apache.tomcat.util.digester.Digester   : [SetPropertiesRule]{mbeans-descriptors/mbean/operation} Set org.apache.tomcat.util.modeler.OperationInfo properties
2019-05-11 11:06:14.691 DEBUG 8956 --- [kground-preinit] o.apache.tomcat.util.digester.Digester   : [SetPropertiesRule]{mbeans-descriptors/mbean/operation} Setting property 'name' to 'addAlias'
2019-05-11 11:06:14.692 DEBUG 8956 --- [kground-preinit] o.apache.tomcat.util.IntrospectionUtils  : IntrospectionUtils: setProperty(class org.apache.tomcat.util.modeler.OperationInfo name=addAlias)
2019-05-11 11:06:14.692 DEBUG 8956 --- [kground-preinit] o.apache.tomcat.util.digester.Digester   : [SetPropertiesRule]{mbeans-descriptors/mbean/operation} Setting property 'description' to 'Add an alias name that should be mapped to this Host'
2019-05-11 11:06:14.692 DEBUG 8956 --- [kground-preinit] o.apache.tomcat.util.IntrospectionUtils  : IntrospectionUtils: setProperty(class org.apache.tomcat.util.modeler.OperationInfo description=Add an alias name that should be mapped to this Host)
2019-05-11 11:06:14.692 DEBUG 8956 --- [kground-preinit] o.apache.tomcat.util.digester.Digester   : [SetPropertiesRule]{mbeans-descriptors/mbean/operation} Setting property 'impact' to 'ACTION'
2019-05-11 11:06:14.692 DEBUG 8956 --- [kground-preinit] o.apache.tomcat.util.IntrospectionUtils  : IntrospectionUtils: setProperty(class org.apache.tomcat.util.modeler.OperationInfo impact=ACTION)
2019-05-11 11:06:14.692 DEBUG 8956 --- [kground-preinit] o.apache.tomcat.util.digester.Digester   : [SetPropertiesRule]{mbeans-descriptors/mbean/operation} Setting property 'returnType' to 'void'
2019-05-11 11:06:14.692 DEBUG 8956 --- [kground-preinit] o.apache.tomcat.util.IntrospectionUtils  : IntrospectionUtils: setProperty(class org.apache.tomcat.util.modeler.OperationInfo returnType=void)
2019-05-11 11:06:14.692 DEBUG 8956 --- [kground-preinit] o.apache.tomcat.util.digester.Digester   :   Fire begin() for SetNextRule[methodName=addOperation, paramType=org.apache.tomcat.util.modeler.OperationInfo]
2019-05-11 11:06:14.698 DEBUG 8956 --- [kground-preinit] o.a.tomcat.util.digester.Digester.sax    : characters(
      )
2019-05-11 11:06:14.698 DEBUG 8956 --- [kground-preinit] o.a.tomcat.util.digester.Digester.sax    : startElement(,,parameter)
2019-05-11 11:06:14.698 DEBUG 8956 --- [kground-preinit] o.apache.tomcat.util.digester.Digester   :   New match='mbeans-descriptors/mbean/operation/parameter'
2019-05-11 11:06:14.698 DEBUG 8956 --- [kground-preinit] o.apache.tomcat.util.digester.Digester   :   Fire begin() for ObjectCreateRule[className=org.apache.tomcat.util.modeler.ParameterInfo, attributeName=null]
2019-05-11 11:06:14.698 DEBUG 8956 --- [kground-preinit] o.apache.tomcat.util.digester.Digester   : [ObjectCreateRule]{mbeans-descriptors/mbean/operation/parameter}New org.apache.tomcat.util.modeler.ParameterInfo
2019-05-11 11:06:14.698 DEBUG 8956 --- [kground-preinit] o.apache.tomcat.util.digester.Digester   :   Fire begin() for SetPropertiesRule[]
2019-05-11 11:06:14.698 DEBUG 8956 --- [kground-preinit] o.apache.tomcat.util.digester.Digester   : [SetPropertiesRule]{mbeans-descriptors/mbean/operation/parameter} Set org.apache.tomcat.util.modeler.ParameterInfo properties
2019-05-11 11:06:14.698 DEBUG 8956 --- [kground-preinit] o.apache.tomcat.util.digester.Digester   : [SetPropertiesRule]{mbeans-descriptors/mbean/operation/parameter} Setting property 'name' to 'alias'
2019-05-11 11:06:14.700 DEBUG 8956 --- [kground-preinit] o.apache.tomcat.util.IntrospectionUtils  : IntrospectionUtils: setProperty(class org.apache.tomcat.util.modeler.ParameterInfo name=alias)
2019-05-11 11:06:14.700 DEBUG 8956 --- [kground-preinit] o.apache.tomcat.util.digester.Digester   : [SetPropertiesRule]{mbeans-descriptors/mbean/operation/parameter} Setting property 'description' to 'The alias to be added'
2019-05-11 11:06:14.700 DEBUG 8956 --- [kground-preinit] o.apache.tomcat.util.IntrospectionUtils  : IntrospectionUtils: setProperty(class org.apache.tomcat.util.modeler.ParameterInfo description=The alias to be added)
2019-05-11 11:06:14.700 DEBUG 8956 --- [kground-preinit] o.apache.tomcat.util.digester.Digester   : [SetPropertiesRule]{mbeans-descriptors/mbean/operation/parameter} Setting property 'type' to 'java.lang.String'
2019-05-11 11:06:14.700 DEBUG 8956 --- [kground-preinit] o.apache.tomcat.util.IntrospectionUtils  : IntrospectionUtils: setProperty(class org.apache.tomcat.util.modeler.ParameterInfo type=java.lang.String)
2019-05-11 11:06:14.700 DEBUG 8956 --- [kground-preinit] o.apache.tomcat.util.digester.Digester   :   Fire begin() for SetNextRule[methodName=addParameter, paramType=org.apache.tomcat.util.modeler.ParameterInfo]
2019-05-11 11:06:14.700 DEBUG 8956 --- [kground-preinit] o.a.tomcat.util.digester.Digester.sax    : endElement(,,parameter)
2019-05-11 11:06:14.700 DEBUG 8956 --- [kground-preinit] o.apache.tomcat.util.digester.Digester   :   match='mbeans-descriptors/mbean/operation/parameter'
2019-05-11 11:06:14.700 DEBUG 8956 --- [kground-preinit] o.apache.tomcat.util.digester.Digester   :   bodyText=''
2019-05-11 11:06:14.700 DEBUG 8956 --- [kground-preinit] o.apache.tomcat.util.digester.Digester   :   Fire body() for ObjectCreateRule[className=org.apache.tomcat.util.modeler.ParameterInfo, attributeName=null]
2019-05-11 11:06:14.700 DEBUG 8956 --- [kground-preinit] o.apache.tomcat.util.digester.Digester   :   Fire body() for SetPropertiesRule[]
2019-05-11 11:06:14.700 DEBUG 8956 --- [kground-preinit] o.apache.tomcat.util.digester.Digester   :   Fire body() for SetNextRule[methodName=addParameter, paramType=org.apache.tomcat.util.modeler.ParameterInfo]
2019-05-11 11:06:14.700 DEBUG 8956 --- [kground-preinit] o.apache.tomcat.util.digester.Digester   :   Fire end() for SetNextRule[methodName=addParameter, paramType=org.apache.tomcat.util.modeler.ParameterInfo]
2019-05-11 11:06:14.700 DEBUG 8956 --- [kground-preinit] o.apache.tomcat.util.digester.Digester   : [SetNextRule]{mbeans-descriptors/mbean/operation/parameter} Call org.apache.tomcat.util.modeler.OperationInfo.addParameter(org.apache.tomcat.util.modeler.ParameterInfo@6a41c683)
2019-05-11 11:06:14.702 DEBUG 8956 --- [kground-preinit] o.apache.tomcat.util.IntrospectionUtils  : IntrospectionUtils: callMethod1 org.apache.tomcat.util.modeler.OperationInfo org.apache.tomcat.util.modeler.ParameterInfo org.apache.tomcat.util.modeler.ParameterInfo
2019-05-11 11:06:14.702 DEBUG 8956 --- [kground-preinit] o.apache.tomcat.util.digester.Digester   :   Fire end() for SetPropertiesRule[]
2019-05-11 11:06:14.702 DEBUG 8956 --- [kground-preinit] o.apache.tomcat.util.digester.Digester   :   Fire end() for ObjectCreateRule[className=org.apache.tomcat.util.modeler.ParameterInfo, attributeName=null]
2019-05-11 11:06:14.696 DEBUG 8956 --- [           main] o.s.c.a.ConfigurationClassEnhancer       : Successfully enhanced com.atguigu.GwareManageApplication; enhanced class name is: com.atguigu.GwareManageApplication$$EnhancerBySpringCGLIB$$10d9526a
2019-05-11 11:06:14.702 DEBUG 8956 --- [kground-preinit] o.apache.tomcat.util.digester.Digester   : [ObjectCreateRule]{mbeans-descriptors/mbean/operation/parameter} Pop org.apache.tomcat.util.modeler.ParameterInfo
2019-05-11 11:06:14.702 DEBUG 8956 --- [kground-preinit] o.a.tomcat.util.digester.Digester.sax    : characters(
    )
2019-05-11 11:06:14.702 DEBUG 8956 --- [           main] o.s.c.a.ConfigurationClassPostProcessor  : Replacing bean definition 'gwareManageApplication' existing class 'com.atguigu.GwareManageApplication' with enhanced class 'com.atguigu.GwareManageApplication$$EnhancerBySpringCGLIB$$10d9526a'
2019-05-11 11:06:14.702 DEBUG 8956 --- [kground-preinit] o.a.tomcat.util.digester.Digester.sax    : endElement(,,operation)
2019-05-11 11:06:14.702 DEBUG 8956 --- [kground-preinit] o.apache.tomcat.util.digester.Digester   :   match='mbeans-descriptors/mbean/operation'
2019-05-11 11:06:14.702 DEBUG 8956 --- [kground-preinit] o.apache.tomcat.util.digester.Digester   :   bodyText='
      
    '
2019-05-11 11:06:14.702 DEBUG 8956 --- [kground-preinit] o.apache.tomcat.util.digester.Digester   :   Fire body() for ObjectCreateRule[className=org.apache.tomcat.util.modeler.OperationInfo, attributeName=null]
2019-05-11 11:06:14.702 DEBUG 8956 --- [kground-preinit] o.apache.tomcat.util.digester.Digester   :   Fire body() for SetPropertiesRule[]
2019-05-11 11:06:14.702 DEBUG 8956 --- [kground-preinit] o.apache.tomcat.util.digester.Digester   :   Fire body() for SetNextRule[methodName=addOperation, paramType=org.apache.tomcat.util.modeler.OperationInfo]
2019-05-11 11:06:14.702 DEBUG 8956 --- [kground-preinit] o.apache.tomcat.util.digester.Digester   :   Fire end() for SetNextRule[methodName=addOperation, paramType=org.apache.tomcat.util.modeler.OperationInfo]
2019-05-11 11:06:14.703 DEBUG 8956 --- [kground-preinit] o.apache.tomcat.util.digester.Digester   : [SetNextRule]{mbeans-descriptors/mbean/operation} Call org.apache.tomcat.util.modeler.ManagedBean.addOperation(org.apache.tomcat.util.modeler.OperationInfo@2d9a88e)
2019-05-11 11:06:14.703 DEBUG 8956 --- [kground-preinit] o.apache.tomcat.util.IntrospectionUtils  : IntrospectionUtils: callMethod1 org.apache.tomcat.util.modeler.ManagedBean org.apache.tomcat.util.modeler.OperationInfo org.apache.tomcat.util.modeler.OperationInfo
2019-05-11 11:06:14.703 DEBUG 8956 --- [kground-preinit] o.apache.tomcat.util.digester.Digester   :   Fire end() for SetPropertiesRule[]
2019-05-11 11:06:14.703 DEBUG 8956 --- [kground-preinit] o.apache.tomcat.util.digester.Digester   :   Fire end() for ObjectCreateRule[className=org.apache.tomcat.util.modeler.OperationInfo, attributeName=null]
2019-05-11 11:06:14.703 DEBUG 8956 --- [kground-preinit] o.apache.tomcat.util.digester.Digester   : [ObjectCreateRule]{mbeans-descriptors/mbean/operation} Pop org.apache.tomcat.util.modeler.OperationInfo
2019-05-11 11:06:14.704 DEBUG 8956 --- [kground-preinit] o.a.tomcat.util.digester.Digester.sax    : characters(

    )
2019-05-11 11:06:14.705 DEBUG 8956 --- [kground-preinit] o.a.tomcat.util.digester.Digester.sax    : startElement(,,operation)
2019-05-11 11:06:14.705 DEBUG 8956 --- [kground-preinit] o.apache.tomcat.util.digester.Digester   :   New match='mbeans-descriptors/mbean/operation'
2019-05-11 11:06:14.705 DEBUG 8956 --- [kground-preinit] o.apache.tomcat.util.digester.Digester   :   Fire begin() for ObjectCreateRule[className=org.apache.tomcat.util.modeler.OperationInfo, attributeName=null]
2019-05-11 11:06:14.705 DEBUG 8956 --- [kground-preinit] o.apache.tomcat.util.digester.Digester   : [ObjectCreateRule]{mbeans-descriptors/mbean/operation}New org.apache.tomcat.util.modeler.OperationInfo
2019-05-11 11:06:14.705 DEBUG 8956 --- [kground-preinit] o.apache.tomcat.util.digester.Digester   :   Fire begin() for SetPropertiesRule[]
2019-05-11 11:06:14.705 DEBUG 8956 --- [kground-preinit] o.apache.tomcat.util.digester.Digester   : [SetPropertiesRule]{mbeans-descriptors/mbean/operation} Set org.apache.tomcat.util.modeler.OperationInfo properties
2019-05-11 11:06:14.705 DEBUG 8956 --- [kground-preinit] o.apache.tomcat.util.digester.Digester   : [SetPropertiesRule]{mbeans-descriptors/mbean/operation} Setting property 'name' to 'addChild'
2019-05-11 11:06:14.705 DEBUG 8956 --- [kground-preinit] o.apache.tomcat.util.IntrospectionUtils  : IntrospectionUtils: setProperty(class org.apache.tomcat.util.modeler.OperationInfo name=addChild)
2019-05-11 11:06:14.705 DEBUG 8956 --- [kground-preinit] o.apache.tomcat.util.digester.Digester   : [SetPropertiesRule]{mbeans-descriptors/mbean/operation} Setting property 'description' to 'Add a child(Context) to this Host'
2019-05-11 11:06:14.705 DEBUG 8956 --- [kground-preinit] o.apache.tomcat.util.IntrospectionUtils  : IntrospectionUtils: setProperty(class org.apache.tomcat.util.modeler.OperationInfo description=Add a child(Context) to this Host)
2019-05-11 11:06:14.705 DEBUG 8956 --- [kground-preinit] o.apache.tomcat.util.digester.Digester   : [SetPropertiesRule]{mbeans-descriptors/mbean/operation} Setting property 'impact' to 'ACTION'
2019-05-11 11:06:14.705 DEBUG 8956 --- [kground-preinit] o.apache.tomcat.util.IntrospectionUtils  : IntrospectionUtils: setProperty(class org.apache.tomcat.util.modeler.OperationInfo impact=ACTION)
2019-05-11 11:06:14.705 DEBUG 8956 --- [kground-preinit] o.apache.tomcat.util.digester.Digester   : [SetPropertiesRule]{mbeans-descriptors/mbean/operation} Setting property 'returnType' to 'void'
2019-05-11 11:06:14.705 DEBUG 8956 --- [kground-preinit] o.apache.tomcat.util.IntrospectionUtils  : IntrospectionUtils: setProperty(class org.apache.tomcat.util.modeler.OperationInfo returnType=void)
2019-05-11 11:06:14.706 DEBUG 8956 --- [kground-preinit] o.apache.tomcat.util.digester.Digester   :   Fire begin() for SetNextRule[methodName=addOperation, paramType=org.apache.tomcat.util.modeler.OperationInfo]
2019-05-11 11:06:14.706 DEBUG 8956 --- [kground-preinit] o.a.tomcat.util.digester.Digester.sax    : characters(
      )
2019-05-11 11:06:14.706 DEBUG 8956 --- [kground-preinit] o.a.tomcat.util.digester.Digester.sax    : startElement(,,parameter)
2019-05-11 11:06:14.706 DEBUG 8956 --- [kground-preinit] o.apache.tomcat.util.digester.Digester   :   New match='mbeans-descriptors/mbean/operation/parameter'
2019-05-11 11:06:14.706 DEBUG 8956 --- [kground-preinit] o.apache.tomcat.util.digester.Digester   :   Fire begin() for ObjectCreateRule[className=org.apache.tomcat.util.modeler.ParameterInfo, attributeName=null]
2019-05-11 11:06:14.706 DEBUG 8956 --- [kground-preinit] o.apache.tomcat.util.digester.Digester   : [ObjectCreateRule]{mbeans-descriptors/mbean/operation/parameter}New org.apache.tomcat.util.modeler.ParameterInfo
2019-05-11 11:06:14.714 DEBUG 8956 --- [kground-preinit] o.apache.tomcat.util.digester.Digester   :   Fire begin() for SetPropertiesRule[]
2019-05-11 11:06:14.714 DEBUG 8956 --- [kground-preinit] o.apache.tomcat.util.digester.Digester   : [SetPropertiesRule]{mbeans-descriptors/mbean/operation/parameter} Set org.apache.tomcat.util.modeler.ParameterInfo properties
2019-05-11 11:06:14.715 DEBUG 8956 --- [kground-preinit] o.apache.tomcat.util.digester.Digester   : [SetPropertiesRule]{mbeans-descriptors/mbean/operation/parameter} Setting property 'name' to 'type'
2019-05-11 11:06:14.715 DEBUG 8956 --- [kground-preinit] o.apache.tomcat.util.IntrospectionUtils  : IntrospectionUtils: setProperty(class org.apache.tomcat.util.modeler.ParameterInfo name=type)
2019-05-11 11:06:14.715 DEBUG 8956 --- [kground-preinit] o.apache.tomcat.util.digester.Digester   : [SetPropertiesRule]{mbeans-descriptors/mbean/operation/parameter} Setting property 'description' to 'Type(classname) of the new child to be added'
2019-05-11 11:06:14.715 DEBUG 8956 --- [kground-preinit] o.apache.tomcat.util.IntrospectionUtils  : IntrospectionUtils: setProperty(class org.apache.tomcat.util.modeler.ParameterInfo description=Type(classname) of the new child to be added)
2019-05-11 11:06:14.715 DEBUG 8956 --- [kground-preinit] o.apache.tomcat.util.digester.Digester   : [SetPropertiesRule]{mbeans-descriptors/mbean/operation/parameter} Setting property 'type' to 'java.lang.String'
2019-05-11 11:06:14.715 DEBUG 8956 --- [kground-preinit] o.apache.tomcat.util.IntrospectionUtils  : IntrospectionUtils: setProperty(class org.apache.tomcat.util.modeler.ParameterInfo type=java.lang.String)
2019-05-11 11:06:14.715 DEBUG 8956 --- [kground-preinit] o.apache.tomcat.util.digester.Digester   :   Fire begin() for SetNextRule[methodName=addParameter, paramType=org.apache.tomcat.util.modeler.ParameterInfo]
2019-05-11 11:06:14.716 DEBUG 8956 --- [kground-preinit] o.a.tomcat.util.digester.Digester.sax    : endElement(,,parameter)
2019-05-11 11:06:14.716 DEBUG 8956 --- [kground-preinit] o.apache.tomcat.util.digester.Digester   :   match='mbeans-descriptors/mbean/operation/parameter'
2019-05-11 11:06:14.716 DEBUG 8956 --- [kground-preinit] o.apache.tomcat.util.digester.Digester   :   bodyText=''
2019-05-11 11:06:14.716 DEBUG 8956 --- [kground-preinit] o.apache.tomcat.util.digester.Digester   :   Fire body() for ObjectCreateRule[className=org.apache.tomcat.util.modeler.ParameterInfo, attributeName=null]
2019-05-11 11:06:14.716 DEBUG 8956 --- [kground-preinit] o.apache.tomcat.util.digester.Digester   :   Fire body() for SetPropertiesRule[]
2019-05-11 11:06:14.716 DEBUG 8956 --- [kground-preinit] o.apache.tomcat.util.digester.Digester   :   Fire body() for SetNextRule[methodName=addParameter, paramType=org.apache.tomcat.util.modeler.ParameterInfo]
2019-05-11 11:06:14.716 DEBUG 8956 --- [kground-preinit] o.apache.tomcat.util.digester.Digester   :   Fire end() for SetNextRule[methodName=addParameter, paramType=org.apache.tomcat.util.modeler.ParameterInfo]
2019-05-11 11:06:14.716 DEBUG 8956 --- [kground-preinit] o.apache.tomcat.util.digester.Digester   : [SetNextRule]{mbeans-descriptors/mbean/operation/parameter} Call org.apache.tomcat.util.modeler.OperationInfo.addParameter(org.apache.tomcat.util.modeler.ParameterInfo@778d6cf3)
2019-05-11 11:06:14.716 DEBUG 8956 --- [kground-preinit] o.apache.tomcat.util.IntrospectionUtils  : IntrospectionUtils: callMethod1 org.apache.tomcat.util.modeler.OperationInfo org.apache.tomcat.util.modeler.ParameterInfo org.apache.tomcat.util.modeler.ParameterInfo
2019-05-11 11:06:14.716 DEBUG 8956 --- [kground-preinit] o.apache.tomcat.util.digester.Digester   :   Fire end() for SetPropertiesRule[]
2019-05-11 11:06:14.717 DEBUG 8956 --- [kground-preinit] o.apache.tomcat.util.digester.Digester   :   Fire end() for ObjectCreateRule[className=org.apache.tomcat.util.modeler.ParameterInfo, attributeName=null]
2019-05-11 11:06:14.717 DEBUG 8956 --- [kground-preinit] o.apache.tomcat.util.digester.Digester   : [ObjectCreateRule]{mbeans-descriptors/mbean/operation/parameter} Pop org.apache.tomcat.util.modeler.ParameterInfo
2019-05-11 11:06:14.717 DEBUG 8956 --- [kground-preinit] o.a.tomcat.util.digester.Digester.sax    : characters(
      )
2019-05-11 11:06:14.717 DEBUG 8956 --- [kground-preinit] o.a.tomcat.util.digester.Digester.sax    : startElement(,,parameter)
2019-05-11 11:06:14.717 DEBUG 8956 --- [kground-preinit] o.apache.tomcat.util.digester.Digester   :   New match='mbeans-descriptors/mbean/operation/parameter'
2019-05-11 11:06:14.717 DEBUG 8956 --- [kground-preinit] o.apache.tomcat.util.digester.Digester   :   Fire begin() for ObjectCreateRule[className=org.apache.tomcat.util.modeler.ParameterInfo, attributeName=null]
2019-05-11 11:06:14.717 DEBUG 8956 --- [kground-preinit] o.apache.tomcat.util.digester.Digester   : [ObjectCreateRule]{mbeans-descriptors/mbean/operation/parameter}New org.apache.tomcat.util.modeler.ParameterInfo
2019-05-11 11:06:14.717 DEBUG 8956 --- [kground-preinit] o.apache.tomcat.util.digester.Digester   :   Fire begin() for SetPropertiesRule[]
2019-05-11 11:06:14.717 DEBUG 8956 --- [kground-preinit] o.apache.tomcat.util.digester.Digester   : [SetPropertiesRule]{mbeans-descriptors/mbean/operation/parameter} Set org.apache.tomcat.util.modeler.ParameterInfo properties
2019-05-11 11:06:14.717 DEBUG 8956 --- [kground-preinit] o.apache.tomcat.util.digester.Digester   : [SetPropertiesRule]{mbeans-descriptors/mbean/operation/parameter} Setting property 'name' to 'name'
2019-05-11 11:06:14.717 DEBUG 8956 --- [kground-preinit] o.apache.tomcat.util.IntrospectionUtils  : IntrospectionUtils: setProperty(class org.apache.tomcat.util.modeler.ParameterInfo name=name)
2019-05-11 11:06:14.718 DEBUG 8956 --- [kground-preinit] o.apache.tomcat.util.digester.Digester   : [SetPropertiesRule]{mbeans-descriptors/mbean/operation/parameter} Setting property 'description' to 'Name of the child to be added'
2019-05-11 11:06:14.718 DEBUG 8956 --- [kground-preinit] o.apache.tomcat.util.IntrospectionUtils  : IntrospectionUtils: setProperty(class org.apache.tomcat.util.modeler.ParameterInfo description=Name of the child to be added)
2019-05-11 11:06:14.718 DEBUG 8956 --- [kground-preinit] o.apache.tomcat.util.digester.Digester   : [SetPropertiesRule]{mbeans-descriptors/mbean/operation/parameter} Setting property 'type' to 'java.lang.String'
2019-05-11 11:06:14.718 DEBUG 8956 --- [kground-preinit] o.apache.tomcat.util.IntrospectionUtils  : IntrospectionUtils: setProperty(class org.apache.tomcat.util.modeler.ParameterInfo type=java.lang.String)
2019-05-11 11:06:14.718 DEBUG 8956 --- [kground-preinit] o.apache.tomcat.util.digester.Digester   :   Fire begin() for SetNextRule[methodName=addParameter, paramType=org.apache.tomcat.util.modeler.ParameterInfo]
2019-05-11 11:06:14.718 DEBUG 8956 --- [kground-preinit] o.a.tomcat.util.digester.Digester.sax    : endElement(,,parameter)
2019-05-11 11:06:14.718 DEBUG 8956 --- [kground-preinit] o.apache.tomcat.util.digester.Digester   :   match='mbeans-descriptors/mbean/operation/parameter'
2019-05-11 11:06:14.718 DEBUG 8956 --- [kground-preinit] o.apache.tomcat.util.digester.Digester   :   bodyText=''
2019-05-11 11:06:14.718 DEBUG 8956 --- [kground-preinit] o.apache.tomcat.util.digester.Digester   :   Fire body() for ObjectCreateRule[className=org.apache.tomcat.util.modeler.ParameterInfo, attributeName=null]
2019-05-11 11:06:14.718 DEBUG 8956 --- [kground-preinit] o.apache.tomcat.util.digester.Digester   :   Fire body() for SetPropertiesRule[]
2019-05-11 11:06:14.718 DEBUG 8956 --- [kground-preinit] o.apache.tomcat.util.digester.Digester   :   Fire body() for SetNextRule[methodName=addParameter, paramType=org.apache.tomcat.util.modeler.ParameterInfo]
2019-05-11 11:06:14.718 DEBUG 8956 --- [kground-preinit] o.apache.tomcat.util.digester.Digester   :   Fire end() for SetNextRule[methodName=addParameter, paramType=org.apache.tomcat.util.modeler.ParameterInfo]
2019-05-11 11:06:14.718 DEBUG 8956 --- [kground-preinit] o.apache.tomcat.util.digester.Digester   : [SetNextRule]{mbeans-descriptors/mbean/operation/parameter} Call org.apache.tomcat.util.modeler.OperationInfo.addParameter(org.apache.tomcat.util.modeler.ParameterInfo@1fc3cb49)
2019-05-11 11:06:14.718 DEBUG 8956 --- [kground-preinit] o.apache.tomcat.util.IntrospectionUtils  : IntrospectionUtils: callMethod1 org.apache.tomcat.util.modeler.OperationInfo org.apache.tomcat.util.modeler.ParameterInfo org.apache.tomcat.util.modeler.ParameterInfo
2019-05-11 11:06:14.718 DEBUG 8956 --- [kground-preinit] o.apache.tomcat.util.digester.Digester   :   Fire end() for SetPropertiesRule[]
2019-05-11 11:06:14.719 DEBUG 8956 --- [kground-preinit] o.apache.tomcat.util.digester.Digester   :   Fire end() for ObjectCreateRule[className=org.apache.tomcat.util.modeler.ParameterInfo, attributeName=null]
2019-05-11 11:06:14.719 DEBUG 8956 --- [kground-preinit] o.apache.tomcat.util.digester.Digester   : [ObjectCreateRule]{mbeans-descriptors/mbean/operation/parameter} Pop org.apache.tomcat.util.modeler.ParameterInfo
2019-05-11 11:06:14.719 DEBUG 8956 --- [kground-preinit] o.a.tomcat.util.digester.Digester.sax    : characters(
    )
2019-05-11 11:06:14.719 DEBUG 8956 --- [kground-preinit] o.a.tomcat.util.digester.Digester.sax    : endElement(,,operation)
2019-05-11 11:06:14.719 DEBUG 8956 --- [kground-preinit] o.apache.tomcat.util.digester.Digester   :   match='mbeans-descriptors/mbean/operation'
2019-05-11 11:06:14.719 DEBUG 8956 --- [kground-preinit] o.apache.tomcat.util.digester.Digester   :   bodyText='
      
      
    '
2019-05-11 11:06:14.719 DEBUG 8956 --- [kground-preinit] o.apache.tomcat.util.digester.Digester   :   Fire body() for ObjectCreateRule[className=org.apache.tomcat.util.modeler.OperationInfo, attributeName=null]
2019-05-11 11:06:14.719 DEBUG 8956 --- [kground-preinit] o.apache.tomcat.util.digester.Digester   :   Fire body() for SetPropertiesRule[]
2019-05-11 11:06:14.719 DEBUG 8956 --- [kground-preinit] o.apache.tomcat.util.digester.Digester   :   Fire body() for SetNextRule[methodName=addOperation, paramType=org.apache.tomcat.util.modeler.OperationInfo]
2019-05-11 11:06:14.719 DEBUG 8956 --- [kground-preinit] o.apache.tomcat.util.digester.Digester   :   Fire end() for SetNextRule[methodName=addOperation, paramType=org.apache.tomcat.util.modeler.OperationInfo]
2019-05-11 11:06:14.719 DEBUG 8956 --- [kground-preinit] o.apache.tomcat.util.digester.Digester   : [SetNextRule]{mbeans-descriptors/mbean/operation} Call org.apache.tomcat.util.modeler.ManagedBean.addOperation(org.apache.tomcat.util.modeler.OperationInfo@7bd263ec)
2019-05-11 11:06:14.719 DEBUG 8956 --- [kground-preinit] o.apache.tomcat.util.IntrospectionUtils  : IntrospectionUtils: callMethod1 org.apache.tomcat.util.modeler.ManagedBean org.apache.tomcat.util.modeler.OperationInfo org.apache.tomcat.util.modeler.OperationInfo
2019-05-11 11:06:14.719 DEBUG 8956 --- [kground-preinit] o.apache.tomcat.util.digester.Digester   :   Fire end() for SetPropertiesRule[]
2019-05-11 11:06:14.719 DEBUG 8956 --- [kground-preinit] o.apache.tomcat.util.digester.Digester   :   Fire end() for ObjectCreateRule[className=org.apache.tomcat.util.modeler.OperationInfo, attributeName=null]
2019-05-11 11:06:14.721 DEBUG 8956 --- [kground-preinit] o.apache.tomcat.util.digester.Digester   : [ObjectCreateRule]{mbeans-descriptors/mbean/operation} Pop org.apache.tomcat.util.modeler.OperationInfo
2019-05-11 11:06:14.721 DEBUG 8956 --- [kground-preinit] o.a.tomcat.util.digester.Digester.sax    : characters(

    )
2019-05-11 11:06:14.721 DEBUG 8956 --- [kground-preinit] o.a.tomcat.util.digester.Digester.sax    : startElement(,,operation)
2019-05-11 11:06:14.722 DEBUG 8956 --- [kground-preinit] o.apache.tomcat.util.digester.Digester   :   New match='mbeans-descriptors/mbean/operation'
2019-05-11 11:06:14.722 DEBUG 8956 --- [kground-preinit] o.apache.tomcat.util.digester.Digester   :   Fire begin() for ObjectCreateRule[className=org.apache.tomcat.util.modeler.OperationInfo, attributeName=null]
2019-05-11 11:06:14.722 DEBUG 8956 --- [kground-preinit] o.apache.tomcat.util.digester.Digester   : [ObjectCreateRule]{mbeans-descriptors/mbean/operation}New org.apache.tomcat.util.modeler.OperationInfo
2019-05-11 11:06:14.723 DEBUG 8956 --- [kground-preinit] o.apache.tomcat.util.digester.Digester   :   Fire begin() for SetPropertiesRule[]
2019-05-11 11:06:14.723 DEBUG 8956 --- [kground-preinit] o.apache.tomcat.util.digester.Digester   : [SetPropertiesRule]{mbeans-descriptors/mbean/operation} Set org.apache.tomcat.util.modeler.OperationInfo properties
2019-05-11 11:06:14.723 DEBUG 8956 --- [kground-preinit] o.apache.tomcat.util.digester.Digester   : [SetPropertiesRule]{mbeans-descriptors/mbean/operation} Setting property 'name' to 'addLifecycleListener'
2019-05-11 11:06:14.723 DEBUG 8956 --- [kground-preinit] o.apache.tomcat.util.IntrospectionUtils  : IntrospectionUtils: setProperty(class org.apache.tomcat.util.modeler.OperationInfo name=addLifecycleListener)
2019-05-11 11:06:14.723 DEBUG 8956 --- [kground-preinit] o.apache.tomcat.util.digester.Digester   : [SetPropertiesRule]{mbeans-descriptors/mbean/operation} Setting property 'description' to 'Add a lifecycle listener to this Host'
2019-05-11 11:06:14.723 DEBUG 8956 --- [kground-preinit] o.apache.tomcat.util.IntrospectionUtils  : IntrospectionUtils: setProperty(class org.apache.tomcat.util.modeler.OperationInfo description=Add a lifecycle listener to this Host)
2019-05-11 11:06:14.723 DEBUG 8956 --- [kground-preinit] o.apache.tomcat.util.digester.Digester   : [SetPropertiesRule]{mbeans-descriptors/mbean/operation} Setting property 'impact' to 'ACTION'
2019-05-11 11:06:14.723 DEBUG 8956 --- [kground-preinit] o.apache.tomcat.util.IntrospectionUtils  : IntrospectionUtils: setProperty(class org.apache.tomcat.util.modeler.OperationInfo impact=ACTION)
2019-05-11 11:06:14.724 DEBUG 8956 --- [kground-preinit] o.apache.tomcat.util.digester.Digester   : [SetPropertiesRule]{mbeans-descriptors/mbean/operation} Setting property 'returnType' to 'void'
2019-05-11 11:06:14.724 DEBUG 8956 --- [kground-preinit] o.apache.tomcat.util.IntrospectionUtils  : IntrospectionUtils: setProperty(class org.apache.tomcat.util.modeler.OperationInfo returnType=void)
2019-05-11 11:06:14.725 DEBUG 8956 --- [kground-preinit] o.apache.tomcat.util.digester.Digester   :   Fire begin() for SetNextRule[methodName=addOperation, paramType=org.apache.tomcat.util.modeler.OperationInfo]
2019-05-11 11:06:14.725 DEBUG 8956 --- [kground-preinit] o.a.tomcat.util.digester.Digester.sax    : characters(
      )
2019-05-11 11:06:14.725 DEBUG 8956 --- [kground-preinit] o.a.tomcat.util.digester.Digester.sax    : startElement(,,parameter)
2019-05-11 11:06:14.725 DEBUG 8956 --- [kground-preinit] o.apache.tomcat.util.digester.Digester   :   New match='mbeans-descriptors/mbean/operation/parameter'
2019-05-11 11:06:14.725 DEBUG 8956 --- [kground-preinit] o.apache.tomcat.util.digester.Digester   :   Fire begin() for ObjectCreateRule[className=org.apache.tomcat.util.modeler.ParameterInfo, attributeName=null]
2019-05-11 11:06:14.725 DEBUG 8956 --- [kground-preinit] o.apache.tomcat.util.digester.Digester   : [ObjectCreateRule]{mbeans-descriptors/mbean/operation/parameter}New org.apache.tomcat.util.modeler.ParameterInfo
2019-05-11 11:06:14.725 DEBUG 8956 --- [kground-preinit] o.apache.tomcat.util.digester.Digester   :   Fire begin() for SetPropertiesRule[]
2019-05-11 11:06:14.725 DEBUG 8956 --- [kground-preinit] o.apache.tomcat.util.digester.Digester   : [SetPropertiesRule]{mbeans-descriptors/mbean/operation/parameter} Set org.apache.tomcat.util.modeler.ParameterInfo properties
2019-05-11 11:06:14.726 DEBUG 8956 --- [kground-preinit] o.apache.tomcat.util.digester.Digester   : [SetPropertiesRule]{mbeans-descriptors/mbean/operation/parameter} Setting property 'name' to 'type'
2019-05-11 11:06:14.726 DEBUG 8956 --- [kground-preinit] o.apache.tomcat.util.IntrospectionUtils  : IntrospectionUtils: setProperty(class org.apache.tomcat.util.modeler.ParameterInfo name=type)
2019-05-11 11:06:14.726 DEBUG 8956 --- [kground-preinit] o.apache.tomcat.util.digester.Digester   : [SetPropertiesRule]{mbeans-descriptors/mbean/operation/parameter} Setting property 'description' to 'Type(classname) of the new lifecycle listener to be added'
2019-05-11 11:06:14.726 DEBUG 8956 --- [kground-preinit] o.apache.tomcat.util.IntrospectionUtils  : IntrospectionUtils: setProperty(class org.apache.tomcat.util.modeler.ParameterInfo description=Type(classname) of the new lifecycle listener to be added)
2019-05-11 11:06:14.726 DEBUG 8956 --- [kground-preinit] o.apache.tomcat.util.digester.Digester   : [SetPropertiesRule]{mbeans-descriptors/mbean/operation/parameter} Setting property 'type' to 'java.lang.String'
2019-05-11 11:06:14.726 DEBUG 8956 --- [kground-preinit] o.apache.tomcat.util.IntrospectionUtils  : IntrospectionUtils: setProperty(class org.apache.tomcat.util.modeler.ParameterInfo type=java.lang.String)
2019-05-11 11:06:14.726 DEBUG 8956 --- [kground-preinit] o.apache.tomcat.util.digester.Digester   :   Fire begin() for SetNextRule[methodName=addParameter, paramType=org.apache.tomcat.util.modeler.ParameterInfo]
2019-05-11 11:06:14.726 DEBUG 8956 --- [kground-preinit] o.a.tomcat.util.digester.Digester.sax    : endElement(,,parameter)
2019-05-11 11:06:14.726 DEBUG 8956 --- [kground-preinit] o.apache.tomcat.util.digester.Digester   :   match='mbeans-descriptors/mbean/operation/parameter'
2019-05-11 11:06:14.727 DEBUG 8956 --- [kground-preinit] o.apache.tomcat.util.digester.Digester   :   bodyText=''
2019-05-11 11:06:14.727 DEBUG 8956 --- [kground-preinit] o.apache.tomcat.util.digester.Digester   :   Fire body() for ObjectCreateRule[className=org.apache.tomcat.util.modeler.ParameterInfo, attributeName=null]
2019-05-11 11:06:14.727 DEBUG 8956 --- [kground-preinit] o.apache.tomcat.util.digester.Digester   :   Fire body() for SetPropertiesRule[]
2019-05-11 11:06:14.727 DEBUG 8956 --- [kground-preinit] o.apache.tomcat.util.digester.Digester   :   Fire body() for SetNextRule[methodName=addParameter, paramType=org.apache.tomcat.util.modeler.ParameterInfo]
2019-05-11 11:06:14.727 DEBUG 8956 --- [kground-preinit] o.apache.tomcat.util.digester.Digester   :   Fire end() for SetNextRule[methodName=addParameter, paramType=org.apache.tomcat.util.modeler.ParameterInfo]
2019-05-11 11:06:14.727 DEBUG 8956 --- [kground-preinit] o.apache.tomcat.util.digester.Digester   : [SetNextRule]{mbeans-descriptors/mbean/operation/parameter} Call org.apache.tomcat.util.modeler.OperationInfo.addParameter(org.apache.tomcat.util.modeler.ParameterInfo@340029c0)
2019-05-11 11:06:14.727 DEBUG 8956 --- [kground-preinit] o.apache.tomcat.util.IntrospectionUtils  : IntrospectionUtils: callMethod1 org.apache.tomcat.util.modeler.OperationInfo org.apache.tomcat.util.modeler.ParameterInfo org.apache.tomcat.util.modeler.ParameterInfo
2019-05-11 11:06:14.727 DEBUG 8956 --- [kground-preinit] o.apache.tomcat.util.digester.Digester   :   Fire end() for SetPropertiesRule[]
2019-05-11 11:06:14.727 DEBUG 8956 --- [kground-preinit] o.apache.tomcat.util.digester.Digester   :   Fire end() for ObjectCreateRule[className=org.apache.tomcat.util.modeler.ParameterInfo, attributeName=null]
2019-05-11 11:06:14.727 DEBUG 8956 --- [kground-preinit] o.apache.tomcat.util.digester.Digester   : [ObjectCreateRule]{mbeans-descriptors/mbean/operation/parameter} Pop org.apache.tomcat.util.modeler.ParameterInfo
2019-05-11 11:06:14.727 DEBUG 8956 --- [kground-preinit] o.a.tomcat.util.digester.Digester.sax    : characters(
    )
2019-05-11 11:06:14.728 DEBUG 8956 --- [kground-preinit] o.a.tomcat.util.digester.Digester.sax    : endElement(,,operation)
2019-05-11 11:06:14.728 DEBUG 8956 --- [kground-preinit] o.apache.tomcat.util.digester.Digester   :   match='mbeans-descriptors/mbean/operation'
2019-05-11 11:06:14.728 DEBUG 8956 --- [kground-preinit] o.apache.tomcat.util.digester.Digester   :   bodyText='
      
    '
2019-05-11 11:06:14.728 DEBUG 8956 --- [kground-preinit] o.apache.tomcat.util.digester.Digester   :   Fire body() for ObjectCreateRule[className=org.apache.tomcat.util.modeler.OperationInfo, attributeName=null]
2019-05-11 11:06:14.728 DEBUG 8956 --- [kground-preinit] o.apache.tomcat.util.digester.Digester   :   Fire body() for SetPropertiesRule[]
2019-05-11 11:06:14.728 DEBUG 8956 --- [kground-preinit] o.apache.tomcat.util.digester.Digester   :   Fire body() for SetNextRule[methodName=addOperation, paramType=org.apache.tomcat.util.modeler.OperationInfo]
2019-05-11 11:06:14.728 DEBUG 8956 --- [kground-preinit] o.apache.tomcat.util.digester.Digester   :   Fire end() for SetNextRule[methodName=addOperation, paramType=org.apache.tomcat.util.modeler.OperationInfo]
2019-05-11 11:06:14.728 DEBUG 8956 --- [kground-preinit] o.apache.tomcat.util.digester.Digester   : [SetNextRule]{mbeans-descriptors/mbean/operation} Call org.apache.tomcat.util.modeler.ManagedBean.addOperation(org.apache.tomcat.util.modeler.OperationInfo@28763147)
2019-05-11 11:06:14.728 DEBUG 8956 --- [kground-preinit] o.apache.tomcat.util.IntrospectionUtils  : IntrospectionUtils: callMethod1 org.apache.tomcat.util.modeler.ManagedBean org.apache.tomcat.util.modeler.OperationInfo org.apache.tomcat.util.modeler.OperationInfo
2019-05-11 11:06:14.728 DEBUG 8956 --- [kground-preinit] o.apache.tomcat.util.digester.Digester   :   Fire end() for SetPropertiesRule[]
2019-05-11 11:06:14.728 DEBUG 8956 --- [kground-preinit] o.apache.tomcat.util.digester.Digester   :   Fire end() for ObjectCreateRule[className=org.apache.tomcat.util.modeler.OperationInfo, attributeName=null]
2019-05-11 11:06:14.728 DEBUG 8956 --- [kground-preinit] o.apache.tomcat.util.digester.Digester   : [ObjectCreateRule]{mbeans-descriptors/mbean/operation} Pop org.apache.tomcat.util.modeler.OperationInfo
2019-05-11 11:06:14.728 DEBUG 8956 --- [kground-preinit] o.a.tomcat.util.digester.Digester.sax    : characters(

    )
2019-05-11 11:06:14.729 DEBUG 8956 --- [kground-preinit] o.a.tomcat.util.digester.Digester.sax    : startElement(,,operation)
2019-05-11 11:06:14.729 DEBUG 8956 --- [           main] o.s.c.a.ConfigurationClassEnhancer       : Successfully enhanced com.atguigu.gware.config.ActiveMQConfig; enhanced class name is: com.atguigu.gware.config.ActiveMQConfig$$EnhancerBySpringCGLIB$$f90e44e7
2019-05-11 11:06:14.729 DEBUG 8956 --- [kground-preinit] o.apache.tomcat.util.digester.Digester   :   New match='mbeans-descriptors/mbean/operation'
2019-05-11 11:06:14.729 DEBUG 8956 --- [kground-preinit] o.apache.tomcat.util.digester.Digester   :   Fire begin() for ObjectCreateRule[className=org.apache.tomcat.util.modeler.OperationInfo, attributeName=null]
2019-05-11 11:06:14.729 DEBUG 8956 --- [           main] o.s.c.a.ConfigurationClassPostProcessor  : Replacing bean definition 'activeMQConfig' existing class 'com.atguigu.gware.config.ActiveMQConfig' with enhanced class 'com.atguigu.gware.config.ActiveMQConfig$$EnhancerBySpringCGLIB$$f90e44e7'
2019-05-11 11:06:14.729 DEBUG 8956 --- [kground-preinit] o.apache.tomcat.util.digester.Digester   : [ObjectCreateRule]{mbeans-descriptors/mbean/operation}New org.apache.tomcat.util.modeler.OperationInfo
2019-05-11 11:06:14.729 DEBUG 8956 --- [kground-preinit] o.apache.tomcat.util.digester.Digester   :   Fire begin() for SetPropertiesRule[]
2019-05-11 11:06:14.729 DEBUG 8956 --- [kground-preinit] o.apache.tomcat.util.digester.Digester   : [SetPropertiesRule]{mbeans-descriptors/mbean/operation} Set org.apache.tomcat.util.modeler.OperationInfo properties
2019-05-11 11:06:14.729 DEBUG 8956 --- [kground-preinit] o.apache.tomcat.util.digester.Digester   : [SetPropertiesRule]{mbeans-descriptors/mbean/operation} Setting property 'name' to 'addValve'
2019-05-11 11:06:14.729 DEBUG 8956 --- [kground-preinit] o.apache.tomcat.util.IntrospectionUtils  : IntrospectionUtils: setProperty(class org.apache.tomcat.util.modeler.OperationInfo name=addValve)
2019-05-11 11:06:14.729 DEBUG 8956 --- [kground-preinit] o.apache.tomcat.util.digester.Digester   : [SetPropertiesRule]{mbeans-descriptors/mbean/operation} Setting property 'description' to 'Add a valve to this Host'
2019-05-11 11:06:14.729 DEBUG 8956 --- [kground-preinit] o.apache.tomcat.util.IntrospectionUtils  : IntrospectionUtils: setProperty(class org.apache.tomcat.util.modeler.OperationInfo description=Add a valve to this Host)
2019-05-11 11:06:14.729 DEBUG 8956 --- [kground-preinit] o.apache.tomcat.util.digester.Digester   : [SetPropertiesRule]{mbeans-descriptors/mbean/operation} Setting property 'impact' to 'ACTION'
2019-05-11 11:06:14.729 DEBUG 8956 --- [kground-preinit] o.apache.tomcat.util.IntrospectionUtils  : IntrospectionUtils: setProperty(class org.apache.tomcat.util.modeler.OperationInfo impact=ACTION)
2019-05-11 11:06:14.729 DEBUG 8956 --- [kground-preinit] o.apache.tomcat.util.digester.Digester   : [SetPropertiesRule]{mbeans-descriptors/mbean/operation} Setting property 'returnType' to 'java.lang.String'
2019-05-11 11:06:14.730 DEBUG 8956 --- [kground-preinit] o.apache.tomcat.util.IntrospectionUtils  : IntrospectionUtils: setProperty(class org.apache.tomcat.util.modeler.OperationInfo returnType=java.lang.String)
2019-05-11 11:06:14.730 DEBUG 8956 --- [kground-preinit] o.apache.tomcat.util.digester.Digester   :   Fire begin() for SetNextRule[methodName=addOperation, paramType=org.apache.tomcat.util.modeler.OperationInfo]
2019-05-11 11:06:14.730 DEBUG 8956 --- [kground-preinit] o.a.tomcat.util.digester.Digester.sax    : characters(
      )
2019-05-11 11:06:14.730 DEBUG 8956 --- [kground-preinit] o.a.tomcat.util.digester.Digester.sax    : startElement(,,parameter)
2019-05-11 11:06:14.730 DEBUG 8956 --- [kground-preinit] o.apache.tomcat.util.digester.Digester   :   New match='mbeans-descriptors/mbean/operation/parameter'
2019-05-11 11:06:14.730 DEBUG 8956 --- [kground-preinit] o.apache.tomcat.util.digester.Digester   :   Fire begin() for ObjectCreateRule[className=org.apache.tomcat.util.modeler.ParameterInfo, attributeName=null]
2019-05-11 11:06:14.730 DEBUG 8956 --- [kground-preinit] o.apache.tomcat.util.digester.Digester   : [ObjectCreateRule]{mbeans-descriptors/mbean/operation/parameter}New org.apache.tomcat.util.modeler.ParameterInfo
2019-05-11 11:06:14.730 DEBUG 8956 --- [kground-preinit] o.apache.tomcat.util.digester.Digester   :   Fire begin() for SetPropertiesRule[]
2019-05-11 11:06:14.730 DEBUG 8956 --- [kground-preinit] o.apache.tomcat.util.digester.Digester   : [SetPropertiesRule]{mbeans-descriptors/mbean/operation/parameter} Set org.apache.tomcat.util.modeler.ParameterInfo properties
2019-05-11 11:06:14.730 DEBUG 8956 --- [kground-preinit] o.apache.tomcat.util.digester.Digester   : [SetPropertiesRule]{mbeans-descriptors/mbean/operation/parameter} Setting property 'name' to 'valveType'
2019-05-11 11:06:14.730 DEBUG 8956 --- [kground-preinit] o.apache.tomcat.util.IntrospectionUtils  : IntrospectionUtils: setProperty(class org.apache.tomcat.util.modeler.ParameterInfo name=valveType)
2019-05-11 11:06:14.730 DEBUG 8956 --- [kground-preinit] o.apache.tomcat.util.digester.Digester   : [SetPropertiesRule]{mbeans-descriptors/mbean/operation/parameter} Setting property 'description' to 'Type(classname) of the new valve to be added'
2019-05-11 11:06:14.730 DEBUG 8956 --- [kground-preinit] o.apache.tomcat.util.IntrospectionUtils  : IntrospectionUtils: setProperty(class org.apache.tomcat.util.modeler.ParameterInfo description=Type(classname) of the new valve to be added)
2019-05-11 11:06:14.730 DEBUG 8956 --- [kground-preinit] o.apache.tomcat.util.digester.Digester   : [SetPropertiesRule]{mbeans-descriptors/mbean/operation/parameter} Setting property 'type' to 'java.lang.String'
2019-05-11 11:06:14.731 DEBUG 8956 --- [kground-preinit] o.apache.tomcat.util.IntrospectionUtils  : IntrospectionUtils: setProperty(class org.apache.tomcat.util.modeler.ParameterInfo type=java.lang.String)
2019-05-11 11:06:14.731 DEBUG 8956 --- [kground-preinit] o.apache.tomcat.util.digester.Digester   :   Fire begin() for SetNextRule[methodName=addParameter, paramType=org.apache.tomcat.util.modeler.ParameterInfo]
2019-05-11 11:06:14.731 DEBUG 8956 --- [kground-preinit] o.a.tomcat.util.digester.Digester.sax    : endElement(,,parameter)
2019-05-11 11:06:14.731 DEBUG 8956 --- [kground-preinit] o.apache.tomcat.util.digester.Digester   :   match='mbeans-descriptors/mbean/operation/parameter'
2019-05-11 11:06:14.731 DEBUG 8956 --- [kground-preinit] o.apache.tomcat.util.digester.Digester   :   bodyText=''
2019-05-11 11:06:14.731 DEBUG 8956 --- [kground-preinit] o.apache.tomcat.util.digester.Digester   :   Fire body() for ObjectCreateRule[className=org.apache.tomcat.util.modeler.ParameterInfo, attributeName=null]
2019-05-11 11:06:14.731 DEBUG 8956 --- [kground-preinit] o.apache.tomcat.util.digester.Digester   :   Fire body() for SetPropertiesRule[]
2019-05-11 11:06:14.731 DEBUG 8956 --- [kground-preinit] o.apache.tomcat.util.digester.Digester   :   Fire body() for SetNextRule[methodName=addParameter, paramType=org.apache.tomcat.util.modeler.ParameterInfo]
2019-05-11 11:06:14.731 DEBUG 8956 --- [kground-preinit] o.apache.tomcat.util.digester.Digester   :   Fire end() for SetNextRule[methodName=addParameter, paramType=org.apache.tomcat.util.modeler.ParameterInfo]
2019-05-11 11:06:14.731 DEBUG 8956 --- [kground-preinit] o.apache.tomcat.util.digester.Digester   : [SetNextRule]{mbeans-descriptors/mbean/operation/parameter} Call org.apache.tomcat.util.modeler.OperationInfo.addParameter(org.apache.tomcat.util.modeler.ParameterInfo@29ee3e83)
2019-05-11 11:06:14.731 DEBUG 8956 --- [kground-preinit] o.apache.tomcat.util.IntrospectionUtils  : IntrospectionUtils: callMethod1 org.apache.tomcat.util.modeler.OperationInfo org.apache.tomcat.util.modeler.ParameterInfo org.apache.tomcat.util.modeler.ParameterInfo
2019-05-11 11:06:14.731 DEBUG 8956 --- [kground-preinit] o.apache.tomcat.util.digester.Digester   :   Fire end() for SetPropertiesRule[]
2019-05-11 11:06:14.731 DEBUG 8956 --- [kground-preinit] o.apache.tomcat.util.digester.Digester   :   Fire end() for ObjectCreateRule[className=org.apache.tomcat.util.modeler.ParameterInfo, attributeName=null]
2019-05-11 11:06:14.731 DEBUG 8956 --- [kground-preinit] o.apache.tomcat.util.digester.Digester   : [ObjectCreateRule]{mbeans-descriptors/mbean/operation/parameter} Pop org.apache.tomcat.util.modeler.ParameterInfo
2019-05-11 11:06:14.732 DEBUG 8956 --- [kground-preinit] o.a.tomcat.util.digester.Digester.sax    : characters(
    )
2019-05-11 11:06:14.732 DEBUG 8956 --- [kground-preinit] o.a.tomcat.util.digester.Digester.sax    : endElement(,,operation)
2019-05-11 11:06:14.732 DEBUG 8956 --- [kground-preinit] o.apache.tomcat.util.digester.Digester   :   match='mbeans-descriptors/mbean/operation'
2019-05-11 11:06:14.732 DEBUG 8956 --- [kground-preinit] o.apache.tomcat.util.digester.Digester   :   bodyText='
      
    '
2019-05-11 11:06:14.732 DEBUG 8956 --- [kground-preinit] o.apache.tomcat.util.digester.Digester   :   Fire body() for ObjectCreateRule[className=org.apache.tomcat.util.modeler.OperationInfo, attributeName=null]
2019-05-11 11:06:14.732 DEBUG 8956 --- [kground-preinit] o.apache.tomcat.util.digester.Digester   :   Fire body() for SetPropertiesRule[]
2019-05-11 11:06:14.732 DEBUG 8956 --- [kground-preinit] o.apache.tomcat.util.digester.Digester   :   Fire body() for SetNextRule[methodName=addOperation, paramType=org.apache.tomcat.util.modeler.OperationInfo]
2019-05-11 11:06:14.732 DEBUG 8956 --- [kground-preinit] o.apache.tomcat.util.digester.Digester   :   Fire end() for SetNextRule[methodName=addOperation, paramType=org.apache.tomcat.util.modeler.OperationInfo]
2019-05-11 11:06:14.732 DEBUG 8956 --- [kground-preinit] o.apache.tomcat.util.digester.Digester   : [SetNextRule]{mbeans-descriptors/mbean/operation} Call org.apache.tomcat.util.modeler.ManagedBean.addOperation(org.apache.tomcat.util.modeler.OperationInfo@41cbe551)
2019-05-11 11:06:14.732 DEBUG 8956 --- [kground-preinit] o.apache.tomcat.util.IntrospectionUtils  : IntrospectionUtils: callMethod1 org.apache.tomcat.util.modeler.ManagedBean org.apache.tomcat.util.modeler.OperationInfo org.apache.tomcat.util.modeler.OperationInfo
2019-05-11 11:06:14.732 DEBUG 8956 --- [kground-preinit] o.apache.tomcat.util.digester.Digester   :   Fire end() for SetPropertiesRule[]
2019-05-11 11:06:14.732 DEBUG 8956 --- [kground-preinit] o.apache.tomcat.util.digester.Digester   :   Fire end() for ObjectCreateRule[className=org.apache.tomcat.util.modeler.OperationInfo, attributeName=null]
2019-05-11 11:06:14.733 DEBUG 8956 --- [kground-preinit] o.apache.tomcat.util.digester.Digester   : [ObjectCreateRule]{mbeans-descriptors/mbean/operation} Pop org.apache.tomcat.util.modeler.OperationInfo
2019-05-11 11:06:14.733 DEBUG 8956 --- [kground-preinit] o.a.tomcat.util.digester.Digester.sax    : characters(

    )
2019-05-11 11:06:14.733 DEBUG 8956 --- [kground-preinit] o.a.tomcat.util.digester.Digester.sax    : startElement(,,operation)
2019-05-11 11:06:14.733 DEBUG 8956 --- [kground-preinit] o.apache.tomcat.util.digester.Digester   :   New match='mbeans-descriptors/mbean/operation'
2019-05-11 11:06:14.733 DEBUG 8956 --- [kground-preinit] o.apache.tomcat.util.digester.Digester   :   Fire begin() for ObjectCreateRule[className=org.apache.tomcat.util.modeler.OperationInfo, attributeName=null]
2019-05-11 11:06:14.733 DEBUG 8956 --- [kground-preinit] o.apache.tomcat.util.digester.Digester   : [ObjectCreateRule]{mbeans-descriptors/mbean/operation}New org.apache.tomcat.util.modeler.OperationInfo
2019-05-11 11:06:14.733 DEBUG 8956 --- [kground-preinit] o.apache.tomcat.util.digester.Digester   :   Fire begin() for SetPropertiesRule[]
2019-05-11 11:06:14.733 DEBUG 8956 --- [kground-preinit] o.apache.tomcat.util.digester.Digester   : [SetPropertiesRule]{mbeans-descriptors/mbean/operation} Set org.apache.tomcat.util.modeler.OperationInfo properties
2019-05-11 11:06:14.733 DEBUG 8956 --- [kground-preinit] o.apache.tomcat.util.digester.Digester   : [SetPropertiesRule]{mbeans-descriptors/mbean/operation} Setting property 'name' to 'destroy'
2019-05-11 11:06:14.734 DEBUG 8956 --- [kground-preinit] o.apache.tomcat.util.IntrospectionUtils  : IntrospectionUtils: setProperty(class org.apache.tomcat.util.modeler.OperationInfo name=destroy)
2019-05-11 11:06:14.734 DEBUG 8956 --- [kground-preinit] o.apache.tomcat.util.digester.Digester   : [SetPropertiesRule]{mbeans-descriptors/mbean/operation} Setting property 'description' to 'Destroy'
2019-05-11 11:06:14.734 DEBUG 8956 --- [kground-preinit] o.apache.tomcat.util.IntrospectionUtils  : IntrospectionUtils: setProperty(class org.apache.tomcat.util.modeler.OperationInfo description=Destroy)
2019-05-11 11:06:14.734 DEBUG 8956 --- [kground-preinit] o.apache.tomcat.util.digester.Digester   : [SetPropertiesRule]{mbeans-descriptors/mbean/operation} Setting property 'impact' to 'ACTION'
2019-05-11 11:06:14.735 DEBUG 8956 --- [kground-preinit] o.apache.tomcat.util.IntrospectionUtils  : IntrospectionUtils: setProperty(class org.apache.tomcat.util.modeler.OperationInfo impact=ACTION)
2019-05-11 11:06:14.735 DEBUG 8956 --- [kground-preinit] o.apache.tomcat.util.digester.Digester   : [SetPropertiesRule]{mbeans-descriptors/mbean/operation} Setting property 'returnType' to 'void'
2019-05-11 11:06:14.735 DEBUG 8956 --- [kground-preinit] o.apache.tomcat.util.IntrospectionUtils  : IntrospectionUtils: setProperty(class org.apache.tomcat.util.modeler.OperationInfo returnType=void)
2019-05-11 11:06:14.735 DEBUG 8956 --- [kground-preinit] o.apache.tomcat.util.digester.Digester   :   Fire begin() for SetNextRule[methodName=addOperation, paramType=org.apache.tomcat.util.modeler.OperationInfo]
2019-05-11 11:06:14.735 DEBUG 8956 --- [kground-preinit] o.a.tomcat.util.digester.Digester.sax    : endElement(,,operation)
2019-05-11 11:06:14.735 DEBUG 8956 --- [kground-preinit] o.apache.tomcat.util.digester.Digester   :   match='mbeans-descriptors/mbean/operation'
2019-05-11 11:06:14.735 DEBUG 8956 --- [kground-preinit] o.apache.tomcat.util.digester.Digester   :   bodyText=''
2019-05-11 11:06:14.736 DEBUG 8956 --- [kground-preinit] o.apache.tomcat.util.digester.Digester   :   Fire body() for ObjectCreateRule[className=org.apache.tomcat.util.modeler.OperationInfo, attributeName=null]
2019-05-11 11:06:14.736 DEBUG 8956 --- [kground-preinit] o.apache.tomcat.util.digester.Digester   :   Fire body() for SetPropertiesRule[]
2019-05-11 11:06:14.736 DEBUG 8956 --- [kground-preinit] o.apache.tomcat.util.digester.Digester   :   Fire body() for SetNextRule[methodName=addOperation, paramType=org.apache.tomcat.util.modeler.OperationInfo]
2019-05-11 11:06:14.736 DEBUG 8956 --- [kground-preinit] o.apache.tomcat.util.digester.Digester   :   Fire end() for SetNextRule[methodName=addOperation, paramType=org.apache.tomcat.util.modeler.OperationInfo]
2019-05-11 11:06:14.736 DEBUG 8956 --- [kground-preinit] o.apache.tomcat.util.digester.Digester   : [SetNextRule]{mbeans-descriptors/mbean/operation} Call org.apache.tomcat.util.modeler.ManagedBean.addOperation(org.apache.tomcat.util.modeler.OperationInfo@74b08a81)
2019-05-11 11:06:14.736 DEBUG 8956 --- [kground-preinit] o.apache.tomcat.util.IntrospectionUtils  : IntrospectionUtils: callMethod1 org.apache.tomcat.util.modeler.ManagedBean org.apache.tomcat.util.modeler.OperationInfo org.apache.tomcat.util.modeler.OperationInfo
2019-05-11 11:06:14.736 DEBUG 8956 --- [kground-preinit] o.apache.tomcat.util.digester.Digester   :   Fire end() for SetPropertiesRule[]
2019-05-11 11:06:14.736 DEBUG 8956 --- [kground-preinit] o.apache.tomcat.util.digester.Digester   :   Fire end() for ObjectCreateRule[className=org.apache.tomcat.util.modeler.OperationInfo, attributeName=null]
2019-05-11 11:06:14.736 DEBUG 8956 --- [kground-preinit] o.apache.tomcat.util.digester.Digester   : [ObjectCreateRule]{mbeans-descriptors/mbean/operation} Pop org.apache.tomcat.util.modeler.OperationInfo
2019-05-11 11:06:14.736 DEBUG 8956 --- [kground-preinit] o.a.tomcat.util.digester.Digester.sax    : characters(

    )
2019-05-11 11:06:14.736 DEBUG 8956 --- [kground-preinit] o.a.tomcat.util.digester.Digester.sax    : startElement(,,operation)
2019-05-11 11:06:14.736 DEBUG 8956 --- [kground-preinit] o.apache.tomcat.util.digester.Digester   :   New match='mbeans-descriptors/mbean/operation'
2019-05-11 11:06:14.736 DEBUG 8956 --- [kground-preinit] o.apache.tomcat.util.digester.Digester   :   Fire begin() for ObjectCreateRule[className=org.apache.tomcat.util.modeler.OperationInfo, attributeName=null]
2019-05-11 11:06:14.736 DEBUG 8956 --- [kground-preinit] o.apache.tomcat.util.digester.Digester   : [ObjectCreateRule]{mbeans-descriptors/mbean/operation}New org.apache.tomcat.util.modeler.OperationInfo
2019-05-11 11:06:14.737 DEBUG 8956 --- [kground-preinit] o.apache.tomcat.util.digester.Digester   :   Fire begin() for SetPropertiesRule[]
2019-05-11 11:06:14.737 DEBUG 8956 --- [kground-preinit] o.apache.tomcat.util.digester.Digester   : [SetPropertiesRule]{mbeans-descriptors/mbean/operation} Set org.apache.tomcat.util.modeler.OperationInfo properties
2019-05-11 11:06:14.737 DEBUG 8956 --- [kground-preinit] o.apache.tomcat.util.digester.Digester   : [SetPropertiesRule]{mbeans-descriptors/mbean/operation} Setting property 'name' to 'findAliases'
2019-05-11 11:06:14.737 DEBUG 8956 --- [kground-preinit] o.apache.tomcat.util.IntrospectionUtils  : IntrospectionUtils: setProperty(class org.apache.tomcat.util.modeler.OperationInfo name=findAliases)
2019-05-11 11:06:14.737 DEBUG 8956 --- [kground-preinit] o.apache.tomcat.util.digester.Digester   : [SetPropertiesRule]{mbeans-descriptors/mbean/operation} Setting property 'description' to 'Return the set of alias names for this Host'
2019-05-11 11:06:14.737 DEBUG 8956 --- [kground-preinit] o.apache.tomcat.util.IntrospectionUtils  : IntrospectionUtils: setProperty(class org.apache.tomcat.util.modeler.OperationInfo description=Return the set of alias names for this Host)
2019-05-11 11:06:14.737 DEBUG 8956 --- [kground-preinit] o.apache.tomcat.util.digester.Digester   : [SetPropertiesRule]{mbeans-descriptors/mbean/operation} Setting property 'impact' to 'INFO'
2019-05-11 11:06:14.737 DEBUG 8956 --- [kground-preinit] o.apache.tomcat.util.IntrospectionUtils  : IntrospectionUtils: setProperty(class org.apache.tomcat.util.modeler.OperationInfo impact=INFO)
2019-05-11 11:06:14.737 DEBUG 8956 --- [kground-preinit] o.apache.tomcat.util.digester.Digester   : [SetPropertiesRule]{mbeans-descriptors/mbean/operation} Setting property 'returnType' to '[Ljava.lang.String;'
2019-05-11 11:06:14.737 DEBUG 8956 --- [kground-preinit] o.apache.tomcat.util.IntrospectionUtils  : IntrospectionUtils: setProperty(class org.apache.tomcat.util.modeler.OperationInfo returnType=[Ljava.lang.String;)
2019-05-11 11:06:14.738 DEBUG 8956 --- [kground-preinit] o.apache.tomcat.util.digester.Digester   :   Fire begin() for SetNextRule[methodName=addOperation, paramType=org.apache.tomcat.util.modeler.OperationInfo]
2019-05-11 11:06:14.738 DEBUG 8956 --- [kground-preinit] o.a.tomcat.util.digester.Digester.sax    : endElement(,,operation)
2019-05-11 11:06:14.738 DEBUG 8956 --- [kground-preinit] o.apache.tomcat.util.digester.Digester   :   match='mbeans-descriptors/mbean/operation'
2019-05-11 11:06:14.738 DEBUG 8956 --- [kground-preinit] o.apache.tomcat.util.digester.Digester   :   bodyText=''
2019-05-11 11:06:14.738 DEBUG 8956 --- [kground-preinit] o.apache.tomcat.util.digester.Digester   :   Fire body() for ObjectCreateRule[className=org.apache.tomcat.util.modeler.OperationInfo, attributeName=null]
2019-05-11 11:06:14.738 DEBUG 8956 --- [kground-preinit] o.apache.tomcat.util.digester.Digester   :   Fire body() for SetPropertiesRule[]
2019-05-11 11:06:14.738 DEBUG 8956 --- [kground-preinit] o.apache.tomcat.util.digester.Digester   :   Fire body() for SetNextRule[methodName=addOperation, paramType=org.apache.tomcat.util.modeler.OperationInfo]
2019-05-11 11:06:14.738 DEBUG 8956 --- [kground-preinit] o.apache.tomcat.util.digester.Digester   :   Fire end() for SetNextRule[methodName=addOperation, paramType=org.apache.tomcat.util.modeler.OperationInfo]
2019-05-11 11:06:14.738 DEBUG 8956 --- [kground-preinit] o.apache.tomcat.util.digester.Digester   : [SetNextRule]{mbeans-descriptors/mbean/operation} Call org.apache.tomcat.util.modeler.ManagedBean.addOperation(org.apache.tomcat.util.modeler.OperationInfo@6d557159)
2019-05-11 11:06:14.739 DEBUG 8956 --- [kground-preinit] o.apache.tomcat.util.IntrospectionUtils  : IntrospectionUtils: callMethod1 org.apache.tomcat.util.modeler.ManagedBean org.apache.tomcat.util.modeler.OperationInfo org.apache.tomcat.util.modeler.OperationInfo
2019-05-11 11:06:14.739 DEBUG 8956 --- [kground-preinit] o.apache.tomcat.util.digester.Digester   :   Fire end() for SetPropertiesRule[]
2019-05-11 11:06:14.739 DEBUG 8956 --- [kground-preinit] o.apache.tomcat.util.digester.Digester   :   Fire end() for ObjectCreateRule[className=org.apache.tomcat.util.modeler.OperationInfo, attributeName=null]
2019-05-11 11:06:14.739 DEBUG 8956 --- [kground-preinit] o.apache.tomcat.util.digester.Digester   : [ObjectCreateRule]{mbeans-descriptors/mbean/operation} Pop org.apache.tomcat.util.modeler.OperationInfo
2019-05-11 11:06:14.739 DEBUG 8956 --- [kground-preinit] o.a.tomcat.util.digester.Digester.sax    : characters(

    )
2019-05-11 11:06:14.739 DEBUG 8956 --- [kground-preinit] o.a.tomcat.util.digester.Digester.sax    : startElement(,,operation)
2019-05-11 11:06:14.739 DEBUG 8956 --- [kground-preinit] o.apache.tomcat.util.digester.Digester   :   New match='mbeans-descriptors/mbean/operation'
2019-05-11 11:06:14.739 DEBUG 8956 --- [kground-preinit] o.apache.tomcat.util.digester.Digester   :   Fire begin() for ObjectCreateRule[className=org.apache.tomcat.util.modeler.OperationInfo, attributeName=null]
2019-05-11 11:06:14.739 DEBUG 8956 --- [kground-preinit] o.apache.tomcat.util.digester.Digester   : [ObjectCreateRule]{mbeans-descriptors/mbean/operation}New org.apache.tomcat.util.modeler.OperationInfo
2019-05-11 11:06:14.740 DEBUG 8956 --- [kground-preinit] o.apache.tomcat.util.digester.Digester   :   Fire begin() for SetPropertiesRule[]
2019-05-11 11:06:14.740 DEBUG 8956 --- [kground-preinit] o.apache.tomcat.util.digester.Digester   : [SetPropertiesRule]{mbeans-descriptors/mbean/operation} Set org.apache.tomcat.util.modeler.OperationInfo properties
2019-05-11 11:06:14.740 DEBUG 8956 --- [kground-preinit] o.apache.tomcat.util.digester.Digester   : [SetPropertiesRule]{mbeans-descriptors/mbean/operation} Setting property 'name' to 'findReloadedContextMemoryLeaks'
2019-05-11 11:06:14.740 DEBUG 8956 --- [kground-preinit] o.apache.tomcat.util.IntrospectionUtils  : IntrospectionUtils: setProperty(class org.apache.tomcat.util.modeler.OperationInfo name=findReloadedContextMemoryLeaks)
2019-05-11 11:06:14.740 DEBUG 8956 --- [kground-preinit] o.apache.tomcat.util.digester.Digester   : [SetPropertiesRule]{mbeans-descriptors/mbean/operation} Setting property 'description' to 'Provide a list of contexts that have leaked memory on reload. This will attempt to force a full garbage collection. Use with extreme caution on production systems.'
2019-05-11 11:06:14.740 DEBUG 8956 --- [kground-preinit] o.apache.tomcat.util.IntrospectionUtils  : IntrospectionUtils: setProperty(class org.apache.tomcat.util.modeler.OperationInfo description=Provide a list of contexts that have leaked memory on reload. This will attempt to force a full garbage collection. Use with extreme caution on production systems.)
2019-05-11 11:06:14.740 DEBUG 8956 --- [kground-preinit] o.apache.tomcat.util.digester.Digester   : [SetPropertiesRule]{mbeans-descriptors/mbean/operation} Setting property 'impact' to 'ACTION'
2019-05-11 11:06:14.740 DEBUG 8956 --- [kground-preinit] o.apache.tomcat.util.IntrospectionUtils  : IntrospectionUtils: setProperty(class org.apache.tomcat.util.modeler.OperationInfo impact=ACTION)
2019-05-11 11:06:14.740 DEBUG 8956 --- [kground-preinit] o.apache.tomcat.util.digester.Digester   : [SetPropertiesRule]{mbeans-descriptors/mbean/operation} Setting property 'returnType' to '[Ljava.lang.String;'
2019-05-11 11:06:14.740 DEBUG 8956 --- [kground-preinit] o.apache.tomcat.util.IntrospectionUtils  : IntrospectionUtils: setProperty(class org.apache.tomcat.util.modeler.OperationInfo returnType=[Ljava.lang.String;)
2019-05-11 11:06:14.740 DEBUG 8956 --- [kground-preinit] o.apache.tomcat.util.digester.Digester   :   Fire begin() for SetNextRule[methodName=addOperation, paramType=org.apache.tomcat.util.modeler.OperationInfo]
2019-05-11 11:06:14.741 DEBUG 8956 --- [kground-preinit] o.a.tomcat.util.digester.Digester.sax    : endElement(,,operation)
2019-05-11 11:06:14.741 DEBUG 8956 --- [kground-preinit] o.apache.tomcat.util.digester.Digester   :   match='mbeans-descriptors/mbean/operation'
2019-05-11 11:06:14.742 DEBUG 8956 --- [kground-preinit] o.apache.tomcat.util.digester.Digester   :   bodyText=''
2019-05-11 11:06:14.742 DEBUG 8956 --- [kground-preinit] o.apache.tomcat.util.digester.Digester   :   Fire body() for ObjectCreateRule[className=org.apache.tomcat.util.modeler.OperationInfo, attributeName=null]
2019-05-11 11:06:14.742 DEBUG 8956 --- [kground-preinit] o.apache.tomcat.util.digester.Digester   :   Fire body() for SetPropertiesRule[]
2019-05-11 11:06:14.742 DEBUG 8956 --- [kground-preinit] o.apache.tomcat.util.digester.Digester   :   Fire body() for SetNextRule[methodName=addOperation, paramType=org.apache.tomcat.util.modeler.OperationInfo]
2019-05-11 11:06:14.742 DEBUG 8956 --- [kground-preinit] o.apache.tomcat.util.digester.Digester   :   Fire end() for SetNextRule[methodName=addOperation, paramType=org.apache.tomcat.util.modeler.OperationInfo]
2019-05-11 11:06:14.742 DEBUG 8956 --- [kground-preinit] o.apache.tomcat.util.digester.Digester   : [SetNextRule]{mbeans-descriptors/mbean/operation} Call org.apache.tomcat.util.modeler.ManagedBean.addOperation(org.apache.tomcat.util.modeler.OperationInfo@35974056)
2019-05-11 11:06:14.742 DEBUG 8956 --- [kground-preinit] o.apache.tomcat.util.IntrospectionUtils  : IntrospectionUtils: callMethod1 org.apache.tomcat.util.modeler.ManagedBean org.apache.tomcat.util.modeler.OperationInfo org.apache.tomcat.util.modeler.OperationInfo
2019-05-11 11:06:14.742 DEBUG 8956 --- [kground-preinit] o.apache.tomcat.util.digester.Digester   :   Fire end() for SetPropertiesRule[]
2019-05-11 11:06:14.742 DEBUG 8956 --- [kground-preinit] o.apache.tomcat.util.digester.Digester   :   Fire end() for ObjectCreateRule[className=org.apache.tomcat.util.modeler.OperationInfo, attributeName=null]
2019-05-11 11:06:14.742 DEBUG 8956 --- [kground-preinit] o.apache.tomcat.util.digester.Digester   : [ObjectCreateRule]{mbeans-descriptors/mbean/operation} Pop org.apache.tomcat.util.modeler.OperationInfo
2019-05-11 11:06:14.742 DEBUG 8956 --- [kground-preinit] o.a.tomcat.util.digester.Digester.sax    : characters(

    )
2019-05-11 11:06:14.743 DEBUG 8956 --- [kground-preinit] o.a.tomcat.util.digester.Digester.sax    : startElement(,,operation)
2019-05-11 11:06:14.743 DEBUG 8956 --- [kground-preinit] o.apache.tomcat.util.digester.Digester   :   New match='mbeans-descriptors/mbean/operation'
2019-05-11 11:06:14.743 DEBUG 8956 --- [kground-preinit] o.apache.tomcat.util.digester.Digester   :   Fire begin() for ObjectCreateRule[className=org.apache.tomcat.util.modeler.OperationInfo, attributeName=null]
2019-05-11 11:06:14.743 DEBUG 8956 --- [kground-preinit] o.apache.tomcat.util.digester.Digester   : [ObjectCreateRule]{mbeans-descriptors/mbean/operation}New org.apache.tomcat.util.modeler.OperationInfo
2019-05-11 11:06:14.743 DEBUG 8956 --- [kground-preinit] o.apache.tomcat.util.digester.Digester   :   Fire begin() for SetPropertiesRule[]
2019-05-11 11:06:14.743 DEBUG 8956 --- [kground-preinit] o.apache.tomcat.util.digester.Digester   : [SetPropertiesRule]{mbeans-descriptors/mbean/operation} Set org.apache.tomcat.util.modeler.OperationInfo properties
2019-05-11 11:06:14.743 DEBUG 8956 --- [kground-preinit] o.apache.tomcat.util.digester.Digester   : [SetPropertiesRule]{mbeans-descriptors/mbean/operation} Setting property 'name' to 'init'
2019-05-11 11:06:14.743 DEBUG 8956 --- [kground-preinit] o.apache.tomcat.util.IntrospectionUtils  : IntrospectionUtils: setProperty(class org.apache.tomcat.util.modeler.OperationInfo name=init)
2019-05-11 11:06:14.743 DEBUG 8956 --- [kground-preinit] o.apache.tomcat.util.digester.Digester   : [SetPropertiesRule]{mbeans-descriptors/mbean/operation} Setting property 'description' to 'Init'
2019-05-11 11:06:14.743 DEBUG 8956 --- [kground-preinit] o.apache.tomcat.util.IntrospectionUtils  : IntrospectionUtils: setProperty(class org.apache.tomcat.util.modeler.OperationInfo description=Init)
2019-05-11 11:06:14.743 DEBUG 8956 --- [kground-preinit] o.apache.tomcat.util.digester.Digester   : [SetPropertiesRule]{mbeans-descriptors/mbean/operation} Setting property 'impact' to 'ACTION'
2019-05-11 11:06:14.743 DEBUG 8956 --- [kground-preinit] o.apache.tomcat.util.IntrospectionUtils  : IntrospectionUtils: setProperty(class org.apache.tomcat.util.modeler.OperationInfo impact=ACTION)
2019-05-11 11:06:14.744 DEBUG 8956 --- [kground-preinit] o.apache.tomcat.util.digester.Digester   : [SetPropertiesRule]{mbeans-descriptors/mbean/operation} Setting property 'returnType' to 'void'
2019-05-11 11:06:14.744 DEBUG 8956 --- [kground-preinit] o.apache.tomcat.util.IntrospectionUtils  : IntrospectionUtils: setProperty(class org.apache.tomcat.util.modeler.OperationInfo returnType=void)
2019-05-11 11:06:14.744 DEBUG 8956 --- [kground-preinit] o.apache.tomcat.util.digester.Digester   :   Fire begin() for SetNextRule[methodName=addOperation, paramType=org.apache.tomcat.util.modeler.OperationInfo]
2019-05-11 11:06:14.744 DEBUG 8956 --- [kground-preinit] o.a.tomcat.util.digester.Digester.sax    : endElement(,,operation)
2019-05-11 11:06:14.744 DEBUG 8956 --- [kground-preinit] o.apache.tomcat.util.digester.Digester   :   match='mbeans-descriptors/mbean/operation'
2019-05-11 11:06:14.744 DEBUG 8956 --- [kground-preinit] o.apache.tomcat.util.digester.Digester   :   bodyText=''
2019-05-11 11:06:14.744 DEBUG 8956 --- [kground-preinit] o.apache.tomcat.util.digester.Digester   :   Fire body() for ObjectCreateRule[className=org.apache.tomcat.util.modeler.OperationInfo, attributeName=null]
2019-05-11 11:06:14.744 DEBUG 8956 --- [kground-preinit] o.apache.tomcat.util.digester.Digester   :   Fire body() for SetPropertiesRule[]
2019-05-11 11:06:14.744 DEBUG 8956 --- [kground-preinit] o.apache.tomcat.util.digester.Digester   :   Fire body() for SetNextRule[methodName=addOperation, paramType=org.apache.tomcat.util.modeler.OperationInfo]
2019-05-11 11:06:14.744 DEBUG 8956 --- [kground-preinit] o.apache.tomcat.util.digester.Digester   :   Fire end() for SetNextRule[methodName=addOperation, paramType=org.apache.tomcat.util.modeler.OperationInfo]
2019-05-11 11:06:14.745 DEBUG 8956 --- [kground-preinit] o.apache.tomcat.util.digester.Digester   : [SetNextRule]{mbeans-descriptors/mbean/operation} Call org.apache.tomcat.util.modeler.ManagedBean.addOperation(org.apache.tomcat.util.modeler.OperationInfo@2b68dad8)
2019-05-11 11:06:14.745 DEBUG 8956 --- [kground-preinit] o.apache.tomcat.util.IntrospectionUtils  : IntrospectionUtils: callMethod1 org.apache.tomcat.util.modeler.ManagedBean org.apache.tomcat.util.modeler.OperationInfo org.apache.tomcat.util.modeler.OperationInfo
2019-05-11 11:06:14.745 DEBUG 8956 --- [kground-preinit] o.apache.tomcat.util.digester.Digester   :   Fire end() for SetPropertiesRule[]
2019-05-11 11:06:14.745 DEBUG 8956 --- [kground-preinit] o.apache.tomcat.util.digester.Digester   :   Fire end() for ObjectCreateRule[className=org.apache.tomcat.util.modeler.OperationInfo, attributeName=null]
2019-05-11 11:06:14.745 DEBUG 8956 --- [kground-preinit] o.apache.tomcat.util.digester.Digester   : [ObjectCreateRule]{mbeans-descriptors/mbean/operation} Pop org.apache.tomcat.util.modeler.OperationInfo
2019-05-11 11:06:14.745 DEBUG 8956 --- [kground-preinit] o.a.tomcat.util.digester.Digester.sax    : characters(

    )
2019-05-11 11:06:14.745 DEBUG 8956 --- [kground-preinit] o.a.tomcat.util.digester.Digester.sax    : startElement(,,operation)
2019-05-11 11:06:14.745 DEBUG 8956 --- [kground-preinit] o.apache.tomcat.util.digester.Digester   :   New match='mbeans-descriptors/mbean/operation'
2019-05-11 11:06:14.745 DEBUG 8956 --- [kground-preinit] o.apache.tomcat.util.digester.Digester   :   Fire begin() for ObjectCreateRule[className=org.apache.tomcat.util.modeler.OperationInfo, attributeName=null]
2019-05-11 11:06:14.745 DEBUG 8956 --- [kground-preinit] o.apache.tomcat.util.digester.Digester   : [ObjectCreateRule]{mbeans-descriptors/mbean/operation}New org.apache.tomcat.util.modeler.OperationInfo
2019-05-11 11:06:14.745 DEBUG 8956 --- [kground-preinit] o.apache.tomcat.util.digester.Digester   :   Fire begin() for SetPropertiesRule[]
2019-05-11 11:06:14.745 DEBUG 8956 --- [kground-preinit] o.apache.tomcat.util.digester.Digester   : [SetPropertiesRule]{mbeans-descriptors/mbean/operation} Set org.apache.tomcat.util.modeler.OperationInfo properties
2019-05-11 11:06:14.745 DEBUG 8956 --- [kground-preinit] o.apache.tomcat.util.digester.Digester   : [SetPropertiesRule]{mbeans-descriptors/mbean/operation} Setting property 'name' to 'removeAlias'
2019-05-11 11:06:14.746 DEBUG 8956 --- [kground-preinit] o.apache.tomcat.util.IntrospectionUtils  : IntrospectionUtils: setProperty(class org.apache.tomcat.util.modeler.OperationInfo name=removeAlias)
2019-05-11 11:06:14.746 DEBUG 8956 --- [kground-preinit] o.apache.tomcat.util.digester.Digester   : [SetPropertiesRule]{mbeans-descriptors/mbean/operation} Setting property 'description' to 'Remove the specified alias name from the aliases for this  Host'
2019-05-11 11:06:14.746 DEBUG 8956 --- [kground-preinit] o.apache.tomcat.util.IntrospectionUtils  : IntrospectionUtils: setProperty(class org.apache.tomcat.util.modeler.OperationInfo description=Remove the specified alias name from the aliases for this  Host)
2019-05-11 11:06:14.746 DEBUG 8956 --- [kground-preinit] o.apache.tomcat.util.digester.Digester   : [SetPropertiesRule]{mbeans-descriptors/mbean/operation} Setting property 'impact' to 'ACTION'
2019-05-11 11:06:14.746 DEBUG 8956 --- [kground-preinit] o.apache.tomcat.util.IntrospectionUtils  : IntrospectionUtils: setProperty(class org.apache.tomcat.util.modeler.OperationInfo impact=ACTION)
2019-05-11 11:06:14.746 DEBUG 8956 --- [kground-preinit] o.apache.tomcat.util.digester.Digester   : [SetPropertiesRule]{mbeans-descriptors/mbean/operation} Setting property 'returnType' to 'void'
2019-05-11 11:06:14.747 DEBUG 8956 --- [kground-preinit] o.apache.tomcat.util.IntrospectionUtils  : IntrospectionUtils: setProperty(class org.apache.tomcat.util.modeler.OperationInfo returnType=void)
2019-05-11 11:06:14.747 DEBUG 8956 --- [kground-preinit] o.apache.tomcat.util.digester.Digester   :   Fire begin() for SetNextRule[methodName=addOperation, paramType=org.apache.tomcat.util.modeler.OperationInfo]
2019-05-11 11:06:14.747 DEBUG 8956 --- [kground-preinit] o.a.tomcat.util.digester.Digester.sax    : characters(
      )
2019-05-11 11:06:14.747 DEBUG 8956 --- [kground-preinit] o.a.tomcat.util.digester.Digester.sax    : startElement(,,parameter)
2019-05-11 11:06:14.747 DEBUG 8956 --- [kground-preinit] o.apache.tomcat.util.digester.Digester   :   New match='mbeans-descriptors/mbean/operation/parameter'
2019-05-11 11:06:14.747 DEBUG 8956 --- [kground-preinit] o.apache.tomcat.util.digester.Digester   :   Fire begin() for ObjectCreateRule[className=org.apache.tomcat.util.modeler.ParameterInfo, attributeName=null]
2019-05-11 11:06:14.748 DEBUG 8956 --- [kground-preinit] o.apache.tomcat.util.digester.Digester   : [ObjectCreateRule]{mbeans-descriptors/mbean/operation/parameter}New org.apache.tomcat.util.modeler.ParameterInfo
2019-05-11 11:06:14.748 DEBUG 8956 --- [kground-preinit] o.apache.tomcat.util.digester.Digester   :   Fire begin() for SetPropertiesRule[]
2019-05-11 11:06:14.748 DEBUG 8956 --- [kground-preinit] o.apache.tomcat.util.digester.Digester   : [SetPropertiesRule]{mbeans-descriptors/mbean/operation/parameter} Set org.apache.tomcat.util.modeler.ParameterInfo properties
2019-05-11 11:06:14.748 DEBUG 8956 --- [kground-preinit] o.apache.tomcat.util.digester.Digester   : [SetPropertiesRule]{mbeans-descriptors/mbean/operation/parameter} Setting property 'name' to 'alias'
2019-05-11 11:06:14.748 DEBUG 8956 --- [kground-preinit] o.apache.tomcat.util.IntrospectionUtils  : IntrospectionUtils: setProperty(class org.apache.tomcat.util.modeler.ParameterInfo name=alias)
2019-05-11 11:06:14.748 DEBUG 8956 --- [kground-preinit] o.apache.tomcat.util.digester.Digester   : [SetPropertiesRule]{mbeans-descriptors/mbean/operation/parameter} Setting property 'description' to 'Alias name to be removed'
2019-05-11 11:06:14.748 DEBUG 8956 --- [kground-preinit] o.apache.tomcat.util.IntrospectionUtils  : IntrospectionUtils: setProperty(class org.apache.tomcat.util.modeler.ParameterInfo description=Alias name to be removed)
2019-05-11 11:06:14.749 DEBUG 8956 --- [kground-preinit] o.apache.tomcat.util.digester.Digester   : [SetPropertiesRule]{mbeans-descriptors/mbean/operation/parameter} Setting property 'type' to 'java.lang.String'
2019-05-11 11:06:14.749 DEBUG 8956 --- [kground-preinit] o.apache.tomcat.util.IntrospectionUtils  : IntrospectionUtils: setProperty(class org.apache.tomcat.util.modeler.ParameterInfo type=java.lang.String)
2019-05-11 11:06:14.749 DEBUG 8956 --- [kground-preinit] o.apache.tomcat.util.digester.Digester   :   Fire begin() for SetNextRule[methodName=addParameter, paramType=org.apache.tomcat.util.modeler.ParameterInfo]
2019-05-11 11:06:14.749 DEBUG 8956 --- [kground-preinit] o.a.tomcat.util.digester.Digester.sax    : endElement(,,parameter)
2019-05-11 11:06:14.749 DEBUG 8956 --- [kground-preinit] o.apache.tomcat.util.digester.Digester   :   match='mbeans-descriptors/mbean/operation/parameter'
2019-05-11 11:06:14.750 DEBUG 8956 --- [kground-preinit] o.apache.tomcat.util.digester.Digester   :   bodyText=''
2019-05-11 11:06:14.750 DEBUG 8956 --- [kground-preinit] o.apache.tomcat.util.digester.Digester   :   Fire body() for ObjectCreateRule[className=org.apache.tomcat.util.modeler.ParameterInfo, attributeName=null]
2019-05-11 11:06:14.750 DEBUG 8956 --- [kground-preinit] o.apache.tomcat.util.digester.Digester   :   Fire body() for SetPropertiesRule[]
2019-05-11 11:06:14.750 DEBUG 8956 --- [kground-preinit] o.apache.tomcat.util.digester.Digester   :   Fire body() for SetNextRule[methodName=addParameter, paramType=org.apache.tomcat.util.modeler.ParameterInfo]
2019-05-11 11:06:14.750 DEBUG 8956 --- [kground-preinit] o.apache.tomcat.util.digester.Digester   :   Fire end() for SetNextRule[methodName=addParameter, paramType=org.apache.tomcat.util.modeler.ParameterInfo]
2019-05-11 11:06:14.750 DEBUG 8956 --- [kground-preinit] o.apache.tomcat.util.digester.Digester   : [SetNextRule]{mbeans-descriptors/mbean/operation/parameter} Call org.apache.tomcat.util.modeler.OperationInfo.addParameter(org.apache.tomcat.util.modeler.ParameterInfo@5b7ca9b6)
2019-05-11 11:06:14.750 DEBUG 8956 --- [kground-preinit] o.apache.tomcat.util.IntrospectionUtils  : IntrospectionUtils: callMethod1 org.apache.tomcat.util.modeler.OperationInfo org.apache.tomcat.util.modeler.ParameterInfo org.apache.tomcat.util.modeler.ParameterInfo
2019-05-11 11:06:14.750 DEBUG 8956 --- [kground-preinit] o.apache.tomcat.util.digester.Digester   :   Fire end() for SetPropertiesRule[]
2019-05-11 11:06:14.750 DEBUG 8956 --- [kground-preinit] o.apache.tomcat.util.digester.Digester   :   Fire end() for ObjectCreateRule[className=org.apache.tomcat.util.modeler.ParameterInfo, attributeName=null]
2019-05-11 11:06:14.750 DEBUG 8956 --- [kground-preinit] o.apache.tomcat.util.digester.Digester   : [ObjectCreateRule]{mbeans-descriptors/mbean/operation/parameter} Pop org.apache.tomcat.util.modeler.ParameterInfo
2019-05-11 11:06:14.750 DEBUG 8956 --- [kground-preinit] o.a.tomcat.util.digester.Digester.sax    : characters(
    )
2019-05-11 11:06:14.751 DEBUG 8956 --- [kground-preinit] o.a.tomcat.util.digester.Digester.sax    : endElement(,,operation)
2019-05-11 11:06:14.751 DEBUG 8956 --- [kground-preinit] o.apache.tomcat.util.digester.Digester   :   match='mbeans-descriptors/mbean/operation'
2019-05-11 11:06:14.751 DEBUG 8956 --- [kground-preinit] o.apache.tomcat.util.digester.Digester   :   bodyText='
      
    '
2019-05-11 11:06:14.751 DEBUG 8956 --- [kground-preinit] o.apache.tomcat.util.digester.Digester   :   Fire body() for ObjectCreateRule[className=org.apache.tomcat.util.modeler.OperationInfo, attributeName=null]
2019-05-11 11:06:14.751 DEBUG 8956 --- [kground-preinit] o.apache.tomcat.util.digester.Digester   :   Fire body() for SetPropertiesRule[]
2019-05-11 11:06:14.751 DEBUG 8956 --- [kground-preinit] o.apache.tomcat.util.digester.Digester   :   Fire body() for SetNextRule[methodName=addOperation, paramType=org.apache.tomcat.util.modeler.OperationInfo]
2019-05-11 11:06:14.751 DEBUG 8956 --- [kground-preinit] o.apache.tomcat.util.digester.Digester   :   Fire end() for SetNextRule[methodName=addOperation, paramType=org.apache.tomcat.util.modeler.OperationInfo]
2019-05-11 11:06:14.751 DEBUG 8956 --- [kground-preinit] o.apache.tomcat.util.digester.Digester   : [SetNextRule]{mbeans-descriptors/mbean/operation} Call org.apache.tomcat.util.modeler.ManagedBean.addOperation(org.apache.tomcat.util.modeler.OperationInfo@1d65c439)
2019-05-11 11:06:14.751 DEBUG 8956 --- [kground-preinit] o.apache.tomcat.util.IntrospectionUtils  : IntrospectionUtils: callMethod1 org.apache.tomcat.util.modeler.ManagedBean org.apache.tomcat.util.modeler.OperationInfo org.apache.tomcat.util.modeler.OperationInfo
2019-05-11 11:06:14.751 DEBUG 8956 --- [kground-preinit] o.apache.tomcat.util.digester.Digester   :   Fire end() for SetPropertiesRule[]
2019-05-11 11:06:14.751 DEBUG 8956 --- [kground-preinit] o.apache.tomcat.util.digester.Digester   :   Fire end() for ObjectCreateRule[className=org.apache.tomcat.util.modeler.OperationInfo, attributeName=null]
2019-05-11 11:06:14.751 DEBUG 8956 --- [kground-preinit] o.apache.tomcat.util.digester.Digester   : [ObjectCreateRule]{mbeans-descriptors/mbean/operation} Pop org.apache.tomcat.util.modeler.OperationInfo
2019-05-11 11:06:14.751 DEBUG 8956 --- [kground-preinit] o.a.tomcat.util.digester.Digester.sax    : characters(

    )
2019-05-11 11:06:14.752 DEBUG 8956 --- [kground-preinit] o.a.tomcat.util.digester.Digester.sax    : startElement(,,operation)
2019-05-11 11:06:14.752 DEBUG 8956 --- [kground-preinit] o.apache.tomcat.util.digester.Digester   :   New match='mbeans-descriptors/mbean/operation'
2019-05-11 11:06:14.752 DEBUG 8956 --- [kground-preinit] o.apache.tomcat.util.digester.Digester   :   Fire begin() for ObjectCreateRule[className=org.apache.tomcat.util.modeler.OperationInfo, attributeName=null]
2019-05-11 11:06:14.752 DEBUG 8956 --- [kground-preinit] o.apache.tomcat.util.digester.Digester   : [ObjectCreateRule]{mbeans-descriptors/mbean/operation}New org.apache.tomcat.util.modeler.OperationInfo
2019-05-11 11:06:14.752 DEBUG 8956 --- [kground-preinit] o.apache.tomcat.util.digester.Digester   :   Fire begin() for SetPropertiesRule[]
2019-05-11 11:06:14.752 DEBUG 8956 --- [kground-preinit] o.apache.tomcat.util.digester.Digester   : [SetPropertiesRule]{mbeans-descriptors/mbean/operation} Set org.apache.tomcat.util.modeler.OperationInfo properties
2019-05-11 11:06:14.752 DEBUG 8956 --- [kground-preinit] o.apache.tomcat.util.digester.Digester   : [SetPropertiesRule]{mbeans-descriptors/mbean/operation} Setting property 'name' to 'removeChild'
2019-05-11 11:06:14.752 DEBUG 8956 --- [kground-preinit] o.apache.tomcat.util.IntrospectionUtils  : IntrospectionUtils: setProperty(class org.apache.tomcat.util.modeler.OperationInfo name=removeChild)
2019-05-11 11:06:14.752 DEBUG 8956 --- [kground-preinit] o.apache.tomcat.util.digester.Digester   : [SetPropertiesRule]{mbeans-descriptors/mbean/operation} Setting property 'description' to 'Remove a child(Context) from this Host'
2019-05-11 11:06:14.752 DEBUG 8956 --- [kground-preinit] o.apache.tomcat.util.IntrospectionUtils  : IntrospectionUtils: setProperty(class org.apache.tomcat.util.modeler.OperationInfo description=Remove a child(Context) from this Host)
2019-05-11 11:06:14.752 DEBUG 8956 --- [kground-preinit] o.apache.tomcat.util.digester.Digester   : [SetPropertiesRule]{mbeans-descriptors/mbean/operation} Setting property 'impact' to 'ACTION'
2019-05-11 11:06:14.752 DEBUG 8956 --- [kground-preinit] o.apache.tomcat.util.IntrospectionUtils  : IntrospectionUtils: setProperty(class org.apache.tomcat.util.modeler.OperationInfo impact=ACTION)
2019-05-11 11:06:14.752 DEBUG 8956 --- [kground-preinit] o.apache.tomcat.util.digester.Digester   : [SetPropertiesRule]{mbeans-descriptors/mbean/operation} Setting property 'returnType' to 'void'
2019-05-11 11:06:14.752 DEBUG 8956 --- [kground-preinit] o.apache.tomcat.util.IntrospectionUtils  : IntrospectionUtils: setProperty(class org.apache.tomcat.util.modeler.OperationInfo returnType=void)
2019-05-11 11:06:14.752 DEBUG 8956 --- [kground-preinit] o.apache.tomcat.util.digester.Digester   :   Fire begin() for SetNextRule[methodName=addOperation, paramType=org.apache.tomcat.util.modeler.OperationInfo]
2019-05-11 11:06:14.753 DEBUG 8956 --- [kground-preinit] o.a.tomcat.util.digester.Digester.sax    : characters(
      )
2019-05-11 11:06:14.753 DEBUG 8956 --- [kground-preinit] o.a.tomcat.util.digester.Digester.sax    : startElement(,,parameter)
2019-05-11 11:06:14.753 DEBUG 8956 --- [kground-preinit] o.apache.tomcat.util.digester.Digester   :   New match='mbeans-descriptors/mbean/operation/parameter'
2019-05-11 11:06:14.753 DEBUG 8956 --- [kground-preinit] o.apache.tomcat.util.digester.Digester   :   Fire begin() for ObjectCreateRule[className=org.apache.tomcat.util.modeler.ParameterInfo, attributeName=null]
2019-05-11 11:06:14.753 DEBUG 8956 --- [kground-preinit] o.apache.tomcat.util.digester.Digester   : [ObjectCreateRule]{mbeans-descriptors/mbean/operation/parameter}New org.apache.tomcat.util.modeler.ParameterInfo
2019-05-11 11:06:14.753 DEBUG 8956 --- [kground-preinit] o.apache.tomcat.util.digester.Digester   :   Fire begin() for SetPropertiesRule[]
2019-05-11 11:06:14.753 DEBUG 8956 --- [kground-preinit] o.apache.tomcat.util.digester.Digester   : [SetPropertiesRule]{mbeans-descriptors/mbean/operation/parameter} Set org.apache.tomcat.util.modeler.ParameterInfo properties
2019-05-11 11:06:14.753 DEBUG 8956 --- [kground-preinit] o.apache.tomcat.util.digester.Digester   : [SetPropertiesRule]{mbeans-descriptors/mbean/operation/parameter} Setting property 'name' to 'name'
2019-05-11 11:06:14.753 DEBUG 8956 --- [kground-preinit] o.apache.tomcat.util.IntrospectionUtils  : IntrospectionUtils: setProperty(class org.apache.tomcat.util.modeler.ParameterInfo name=name)
2019-05-11 11:06:14.753 DEBUG 8956 --- [kground-preinit] o.apache.tomcat.util.digester.Digester   : [SetPropertiesRule]{mbeans-descriptors/mbean/operation/parameter} Setting property 'description' to 'Name of the existing child Container to be removed'
2019-05-11 11:06:14.753 DEBUG 8956 --- [kground-preinit] o.apache.tomcat.util.IntrospectionUtils  : IntrospectionUtils: setProperty(class org.apache.tomcat.util.modeler.ParameterInfo description=Name of the existing child Container to be removed)
2019-05-11 11:06:14.753 DEBUG 8956 --- [kground-preinit] o.apache.tomcat.util.digester.Digester   : [SetPropertiesRule]{mbeans-descriptors/mbean/operation/parameter} Setting property 'type' to 'java.lang.String'
2019-05-11 11:06:14.753 DEBUG 8956 --- [kground-preinit] o.apache.tomcat.util.IntrospectionUtils  : IntrospectionUtils: setProperty(class org.apache.tomcat.util.modeler.ParameterInfo type=java.lang.String)
2019-05-11 11:06:14.753 DEBUG 8956 --- [kground-preinit] o.apache.tomcat.util.digester.Digester   :   Fire begin() for SetNextRule[methodName=addParameter, paramType=org.apache.tomcat.util.modeler.ParameterInfo]
2019-05-11 11:06:14.753 DEBUG 8956 --- [kground-preinit] o.a.tomcat.util.digester.Digester.sax    : endElement(,,parameter)
2019-05-11 11:06:14.753 DEBUG 8956 --- [kground-preinit] o.apache.tomcat.util.digester.Digester   :   match='mbeans-descriptors/mbean/operation/parameter'
2019-05-11 11:06:14.754 DEBUG 8956 --- [kground-preinit] o.apache.tomcat.util.digester.Digester   :   bodyText=''
2019-05-11 11:06:14.754 DEBUG 8956 --- [kground-preinit] o.apache.tomcat.util.digester.Digester   :   Fire body() for ObjectCreateRule[className=org.apache.tomcat.util.modeler.ParameterInfo, attributeName=null]
2019-05-11 11:06:14.754 DEBUG 8956 --- [kground-preinit] o.apache.tomcat.util.digester.Digester   :   Fire body() for SetPropertiesRule[]
2019-05-11 11:06:14.754 DEBUG 8956 --- [kground-preinit] o.apache.tomcat.util.digester.Digester   :   Fire body() for SetNextRule[methodName=addParameter, paramType=org.apache.tomcat.util.modeler.ParameterInfo]
2019-05-11 11:06:14.754 DEBUG 8956 --- [kground-preinit] o.apache.tomcat.util.digester.Digester   :   Fire end() for SetNextRule[methodName=addParameter, paramType=org.apache.tomcat.util.modeler.ParameterInfo]
2019-05-11 11:06:14.754 DEBUG 8956 --- [kground-preinit] o.apache.tomcat.util.digester.Digester   : [SetNextRule]{mbeans-descriptors/mbean/operation/parameter} Call org.apache.tomcat.util.modeler.OperationInfo.addParameter(org.apache.tomcat.util.modeler.ParameterInfo@12ffb233)
2019-05-11 11:06:14.754 DEBUG 8956 --- [kground-preinit] o.apache.tomcat.util.IntrospectionUtils  : IntrospectionUtils: callMethod1 org.apache.tomcat.util.modeler.OperationInfo org.apache.tomcat.util.modeler.ParameterInfo org.apache.tomcat.util.modeler.ParameterInfo
2019-05-11 11:06:14.754 DEBUG 8956 --- [kground-preinit] o.apache.tomcat.util.digester.Digester   :   Fire end() for SetPropertiesRule[]
2019-05-11 11:06:14.754 DEBUG 8956 --- [kground-preinit] o.apache.tomcat.util.digester.Digester   :   Fire end() for ObjectCreateRule[className=org.apache.tomcat.util.modeler.ParameterInfo, attributeName=null]
2019-05-11 11:06:14.754 DEBUG 8956 --- [kground-preinit] o.apache.tomcat.util.digester.Digester   : [ObjectCreateRule]{mbeans-descriptors/mbean/operation/parameter} Pop org.apache.tomcat.util.modeler.ParameterInfo
2019-05-11 11:06:14.754 DEBUG 8956 --- [kground-preinit] o.a.tomcat.util.digester.Digester.sax    : characters(
    )
2019-05-11 11:06:14.754 DEBUG 8956 --- [kground-preinit] o.a.tomcat.util.digester.Digester.sax    : endElement(,,operation)
2019-05-11 11:06:14.754 DEBUG 8956 --- [kground-preinit] o.apache.tomcat.util.digester.Digester   :   match='mbeans-descriptors/mbean/operation'
2019-05-11 11:06:14.754 DEBUG 8956 --- [kground-preinit] o.apache.tomcat.util.digester.Digester   :   bodyText='
      
    '
2019-05-11 11:06:14.755 DEBUG 8956 --- [kground-preinit] o.apache.tomcat.util.digester.Digester   :   Fire body() for ObjectCreateRule[className=org.apache.tomcat.util.modeler.OperationInfo, attributeName=null]
2019-05-11 11:06:14.755 DEBUG 8956 --- [kground-preinit] o.apache.tomcat.util.digester.Digester   :   Fire body() for SetPropertiesRule[]
2019-05-11 11:06:14.755 DEBUG 8956 --- [kground-preinit] o.apache.tomcat.util.digester.Digester   :   Fire body() for SetNextRule[methodName=addOperation, paramType=org.apache.tomcat.util.modeler.OperationInfo]
2019-05-11 11:06:14.755 DEBUG 8956 --- [kground-preinit] o.apache.tomcat.util.digester.Digester   :   Fire end() for SetNextRule[methodName=addOperation, paramType=org.apache.tomcat.util.modeler.OperationInfo]
2019-05-11 11:06:14.755 DEBUG 8956 --- [kground-preinit] o.apache.tomcat.util.digester.Digester   : [SetNextRule]{mbeans-descriptors/mbean/operation} Call org.apache.tomcat.util.modeler.ManagedBean.addOperation(org.apache.tomcat.util.modeler.OperationInfo@7fac04ae)
2019-05-11 11:06:14.755 DEBUG 8956 --- [kground-preinit] o.apache.tomcat.util.IntrospectionUtils  : IntrospectionUtils: callMethod1 org.apache.tomcat.util.modeler.ManagedBean org.apache.tomcat.util.modeler.OperationInfo org.apache.tomcat.util.modeler.OperationInfo
2019-05-11 11:06:14.755 DEBUG 8956 --- [kground-preinit] o.apache.tomcat.util.digester.Digester   :   Fire end() for SetPropertiesRule[]
2019-05-11 11:06:14.755 DEBUG 8956 --- [kground-preinit] o.apache.tomcat.util.digester.Digester   :   Fire end() for ObjectCreateRule[className=org.apache.tomcat.util.modeler.OperationInfo, attributeName=null]
2019-05-11 11:06:14.755 DEBUG 8956 --- [kground-preinit] o.apache.tomcat.util.digester.Digester   : [ObjectCreateRule]{mbeans-descriptors/mbean/operation} Pop org.apache.tomcat.util.modeler.OperationInfo
2019-05-11 11:06:14.755 DEBUG 8956 --- [kground-preinit] o.a.tomcat.util.digester.Digester.sax    : characters(

    )
2019-05-11 11:06:14.755 DEBUG 8956 --- [kground-preinit] o.a.tomcat.util.digester.Digester.sax    : startElement(,,operation)
2019-05-11 11:06:14.755 DEBUG 8956 --- [kground-preinit] o.apache.tomcat.util.digester.Digester   :   New match='mbeans-descriptors/mbean/operation'
2019-05-11 11:06:14.755 DEBUG 8956 --- [kground-preinit] o.apache.tomcat.util.digester.Digester   :   Fire begin() for ObjectCreateRule[className=org.apache.tomcat.util.modeler.OperationInfo, attributeName=null]
2019-05-11 11:06:14.756 DEBUG 8956 --- [kground-preinit] o.apache.tomcat.util.digester.Digester   : [ObjectCreateRule]{mbeans-descriptors/mbean/operation}New org.apache.tomcat.util.modeler.OperationInfo
2019-05-11 11:06:14.756 DEBUG 8956 --- [kground-preinit] o.apache.tomcat.util.digester.Digester   :   Fire begin() for SetPropertiesRule[]
2019-05-11 11:06:14.756 DEBUG 8956 --- [kground-preinit] o.apache.tomcat.util.digester.Digester   : [SetPropertiesRule]{mbeans-descriptors/mbean/operation} Set org.apache.tomcat.util.modeler.OperationInfo properties
2019-05-11 11:06:14.756 DEBUG 8956 --- [kground-preinit] o.apache.tomcat.util.digester.Digester   : [SetPropertiesRule]{mbeans-descriptors/mbean/operation} Setting property 'name' to 'removeLifecycleListeners'
2019-05-11 11:06:14.756 DEBUG 8956 --- [kground-preinit] o.apache.tomcat.util.IntrospectionUtils  : IntrospectionUtils: setProperty(class org.apache.tomcat.util.modeler.OperationInfo name=removeLifecycleListeners)
2019-05-11 11:06:14.756 DEBUG 8956 --- [kground-preinit] o.apache.tomcat.util.digester.Digester   : [SetPropertiesRule]{mbeans-descriptors/mbean/operation} Setting property 'description' to 'Removes lifecycle listeners of given class type from this Host'
2019-05-11 11:06:14.756 DEBUG 8956 --- [kground-preinit] o.apache.tomcat.util.IntrospectionUtils  : IntrospectionUtils: setProperty(class org.apache.tomcat.util.modeler.OperationInfo description=Removes lifecycle listeners of given class type from this Host)
2019-05-11 11:06:14.756 DEBUG 8956 --- [kground-preinit] o.apache.tomcat.util.digester.Digester   : [SetPropertiesRule]{mbeans-descriptors/mbean/operation} Setting property 'impact' to 'ACTION'
2019-05-11 11:06:14.756 DEBUG 8956 --- [kground-preinit] o.apache.tomcat.util.IntrospectionUtils  : IntrospectionUtils: setProperty(class org.apache.tomcat.util.modeler.OperationInfo impact=ACTION)
2019-05-11 11:06:14.756 DEBUG 8956 --- [kground-preinit] o.apache.tomcat.util.digester.Digester   : [SetPropertiesRule]{mbeans-descriptors/mbean/operation} Setting property 'returnType' to 'void'
2019-05-11 11:06:14.756 DEBUG 8956 --- [kground-preinit] o.apache.tomcat.util.IntrospectionUtils  : IntrospectionUtils: setProperty(class org.apache.tomcat.util.modeler.OperationInfo returnType=void)
2019-05-11 11:06:14.756 DEBUG 8956 --- [kground-preinit] o.apache.tomcat.util.digester.Digester   :   Fire begin() for SetNextRule[methodName=addOperation, paramType=org.apache.tomcat.util.modeler.OperationInfo]
2019-05-11 11:06:14.756 DEBUG 8956 --- [kground-preinit] o.a.tomcat.util.digester.Digester.sax    : characters(
      )
2019-05-11 11:06:14.756 DEBUG 8956 --- [kground-preinit] o.a.tomcat.util.digester.Digester.sax    : startElement(,,parameter)
2019-05-11 11:06:14.756 DEBUG 8956 --- [kground-preinit] o.apache.tomcat.util.digester.Digester   :   New match='mbeans-descriptors/mbean/operation/parameter'
2019-05-11 11:06:14.756 DEBUG 8956 --- [kground-preinit] o.apache.tomcat.util.digester.Digester   :   Fire begin() for ObjectCreateRule[className=org.apache.tomcat.util.modeler.ParameterInfo, attributeName=null]
2019-05-11 11:06:14.757 DEBUG 8956 --- [kground-preinit] o.apache.tomcat.util.digester.Digester   : [ObjectCreateRule]{mbeans-descriptors/mbean/operation/parameter}New org.apache.tomcat.util.modeler.ParameterInfo
2019-05-11 11:06:14.757 DEBUG 8956 --- [kground-preinit] o.apache.tomcat.util.digester.Digester   :   Fire begin() for SetPropertiesRule[]
2019-05-11 11:06:14.757 DEBUG 8956 --- [kground-preinit] o.apache.tomcat.util.digester.Digester   : [SetPropertiesRule]{mbeans-descriptors/mbean/operation/parameter} Set org.apache.tomcat.util.modeler.ParameterInfo properties
2019-05-11 11:06:14.757 DEBUG 8956 --- [kground-preinit] o.apache.tomcat.util.digester.Digester   : [SetPropertiesRule]{mbeans-descriptors/mbean/operation/parameter} Setting property 'name' to 'listener'
2019-05-11 11:06:14.757 DEBUG 8956 --- [kground-preinit] o.apache.tomcat.util.IntrospectionUtils  : IntrospectionUtils: setProperty(class org.apache.tomcat.util.modeler.ParameterInfo name=listener)
2019-05-11 11:06:14.757 DEBUG 8956 --- [kground-preinit] o.apache.tomcat.util.digester.Digester   : [SetPropertiesRule]{mbeans-descriptors/mbean/operation/parameter} Setting property 'description' to 'Type(classname) of the lifecycle listeners to be removed'
2019-05-11 11:06:14.757 DEBUG 8956 --- [kground-preinit] o.apache.tomcat.util.IntrospectionUtils  : IntrospectionUtils: setProperty(class org.apache.tomcat.util.modeler.ParameterInfo description=Type(classname) of the lifecycle listeners to be removed)
2019-05-11 11:06:14.758 DEBUG 8956 --- [kground-preinit] o.apache.tomcat.util.digester.Digester   : [SetPropertiesRule]{mbeans-descriptors/mbean/operation/parameter} Setting property 'type' to 'java.lang.String'
2019-05-11 11:06:14.758 DEBUG 8956 --- [kground-preinit] o.apache.tomcat.util.IntrospectionUtils  : IntrospectionUtils: setProperty(class org.apache.tomcat.util.modeler.ParameterInfo type=java.lang.String)
2019-05-11 11:06:14.758 DEBUG 8956 --- [kground-preinit] o.apache.tomcat.util.digester.Digester   :   Fire begin() for SetNextRule[methodName=addParameter, paramType=org.apache.tomcat.util.modeler.ParameterInfo]
2019-05-11 11:06:14.758 DEBUG 8956 --- [kground-preinit] o.a.tomcat.util.digester.Digester.sax    : endElement(,,parameter)
2019-05-11 11:06:14.758 DEBUG 8956 --- [kground-preinit] o.apache.tomcat.util.digester.Digester   :   match='mbeans-descriptors/mbean/operation/parameter'
2019-05-11 11:06:14.758 DEBUG 8956 --- [kground-preinit] o.apache.tomcat.util.digester.Digester   :   bodyText=''
2019-05-11 11:06:14.758 DEBUG 8956 --- [kground-preinit] o.apache.tomcat.util.digester.Digester   :   Fire body() for ObjectCreateRule[className=org.apache.tomcat.util.modeler.ParameterInfo, attributeName=null]
2019-05-11 11:06:14.758 DEBUG 8956 --- [kground-preinit] o.apache.tomcat.util.digester.Digester   :   Fire body() for SetPropertiesRule[]
2019-05-11 11:06:14.758 DEBUG 8956 --- [kground-preinit] o.apache.tomcat.util.digester.Digester   :   Fire body() for SetNextRule[methodName=addParameter, paramType=org.apache.tomcat.util.modeler.ParameterInfo]
2019-05-11 11:06:14.758 DEBUG 8956 --- [kground-preinit] o.apache.tomcat.util.digester.Digester   :   Fire end() for SetNextRule[methodName=addParameter, paramType=org.apache.tomcat.util.modeler.ParameterInfo]
2019-05-11 11:06:14.759 DEBUG 8956 --- [kground-preinit] o.apache.tomcat.util.digester.Digester   : [SetNextRule]{mbeans-descriptors/mbean/operation/parameter} Call org.apache.tomcat.util.modeler.OperationInfo.addParameter(org.apache.tomcat.util.modeler.ParameterInfo@412323f4)
2019-05-11 11:06:14.759 DEBUG 8956 --- [kground-preinit] o.apache.tomcat.util.IntrospectionUtils  : IntrospectionUtils: callMethod1 org.apache.tomcat.util.modeler.OperationInfo org.apache.tomcat.util.modeler.ParameterInfo org.apache.tomcat.util.modeler.ParameterInfo
2019-05-11 11:06:14.759 DEBUG 8956 --- [kground-preinit] o.apache.tomcat.util.digester.Digester   :   Fire end() for SetPropertiesRule[]
2019-05-11 11:06:14.759 DEBUG 8956 --- [kground-preinit] o.apache.tomcat.util.digester.Digester   :   Fire end() for ObjectCreateRule[className=org.apache.tomcat.util.modeler.ParameterInfo, attributeName=null]
2019-05-11 11:06:14.759 DEBUG 8956 --- [kground-preinit] o.apache.tomcat.util.digester.Digester   : [ObjectCreateRule]{mbeans-descriptors/mbean/operation/parameter} Pop org.apache.tomcat.util.modeler.ParameterInfo
2019-05-11 11:06:14.759 DEBUG 8956 --- [kground-preinit] o.a.tomcat.util.digester.Digester.sax    : characters(
    )
2019-05-11 11:06:14.760 DEBUG 8956 --- [kground-preinit] o.a.tomcat.util.digester.Digester.sax    : endElement(,,operation)
2019-05-11 11:06:14.760 DEBUG 8956 --- [kground-preinit] o.apache.tomcat.util.digester.Digester   :   match='mbeans-descriptors/mbean/operation'
2019-05-11 11:06:14.760 DEBUG 8956 --- [kground-preinit] o.apache.tomcat.util.digester.Digester   :   bodyText='
      
    '
2019-05-11 11:06:14.760 DEBUG 8956 --- [kground-preinit] o.apache.tomcat.util.digester.Digester   :   Fire body() for ObjectCreateRule[className=org.apache.tomcat.util.modeler.OperationInfo, attributeName=null]
2019-05-11 11:06:14.760 DEBUG 8956 --- [kground-preinit] o.apache.tomcat.util.digester.Digester   :   Fire body() for SetPropertiesRule[]
2019-05-11 11:06:14.761 DEBUG 8956 --- [           main] o.s.c.a.ConfigurationClassEnhancer       : Successfully enhanced com.atguigu.gware.config.GwareConst; enhanced class name is: com.atguigu.gware.config.GwareConst$$EnhancerBySpringCGLIB$$7ab0961a
2019-05-11 11:06:14.765 DEBUG 8956 --- [           main] o.s.c.a.ConfigurationClassPostProcessor  : Replacing bean definition 'gwareConst' existing class 'com.atguigu.gware.config.GwareConst' with enhanced class 'com.atguigu.gware.config.GwareConst$$EnhancerBySpringCGLIB$$7ab0961a'
2019-05-11 11:06:14.767 DEBUG 8956 --- [           main] o.s.c.a.ConfigurationClassEnhancer       : Successfully enhanced org.springframework.boot.autoconfigure.context.PropertyPlaceholderAutoConfiguration; enhanced class name is: org.springframework.boot.autoconfigure.context.PropertyPlaceholderAutoConfiguration$$EnhancerBySpringCGLIB$$7bbfd012
2019-05-11 11:06:14.768 DEBUG 8956 --- [           main] o.s.c.a.ConfigurationClassPostProcessor  : Replacing bean definition 'org.springframework.boot.autoconfigure.context.PropertyPlaceholderAutoConfiguration' existing class 'org.springframework.boot.autoconfigure.context.PropertyPlaceholderAutoConfiguration' with enhanced class 'org.springframework.boot.autoconfigure.context.PropertyPlaceholderAutoConfiguration$$EnhancerBySpringCGLIB$$7bbfd012'
2019-05-11 11:06:14.779 DEBUG 8956 --- [           main] o.s.c.a.ConfigurationClassEnhancer       : Successfully enhanced org.springframework.boot.autoconfigure.jackson.JacksonAutoConfiguration$Jackson2ObjectMapperBuilderCustomizerConfiguration; enhanced class name is: org.springframework.boot.autoconfigure.jackson.JacksonAutoConfiguration$Jackson2ObjectMapperBuilderCustomizerConfiguration$$EnhancerBySpringCGLIB$$44008572
2019-05-11 11:06:14.779 DEBUG 8956 --- [           main] o.s.c.a.ConfigurationClassPostProcessor  : Replacing bean definition 'org.springframework.boot.autoconfigure.jackson.JacksonAutoConfiguration$Jackson2ObjectMapperBuilderCustomizerConfiguration' existing class 'org.springframework.boot.autoconfigure.jackson.JacksonAutoConfiguration$Jackson2ObjectMapperBuilderCustomizerConfiguration' with enhanced class 'org.springframework.boot.autoconfigure.jackson.JacksonAutoConfiguration$Jackson2ObjectMapperBuilderCustomizerConfiguration$$EnhancerBySpringCGLIB$$44008572'
2019-05-11 11:06:14.780 DEBUG 8956 --- [kground-preinit] o.apache.tomcat.util.digester.Digester   :   Fire body() for SetNextRule[methodName=addOperation, paramType=org.apache.tomcat.util.modeler.OperationInfo]
2019-05-11 11:06:14.780 DEBUG 8956 --- [kground-preinit] o.apache.tomcat.util.digester.Digester   :   Fire end() for SetNextRule[methodName=addOperation, paramType=org.apache.tomcat.util.modeler.OperationInfo]
2019-05-11 11:06:14.780 DEBUG 8956 --- [kground-preinit] o.apache.tomcat.util.digester.Digester   : [SetNextRule]{mbeans-descriptors/mbean/operation} Call org.apache.tomcat.util.modeler.ManagedBean.addOperation(org.apache.tomcat.util.modeler.OperationInfo@72d473e5)
2019-05-11 11:06:14.781 DEBUG 8956 --- [kground-preinit] o.apache.tomcat.util.IntrospectionUtils  : IntrospectionUtils: callMethod1 org.apache.tomcat.util.modeler.ManagedBean org.apache.tomcat.util.modeler.OperationInfo org.apache.tomcat.util.modeler.OperationInfo
2019-05-11 11:06:14.781 DEBUG 8956 --- [kground-preinit] o.apache.tomcat.util.digester.Digester   :   Fire end() for SetPropertiesRule[]
2019-05-11 11:06:14.781 DEBUG 8956 --- [kground-preinit] o.apache.tomcat.util.digester.Digester   :   Fire end() for ObjectCreateRule[className=org.apache.tomcat.util.modeler.OperationInfo, attributeName=null]
2019-05-11 11:06:14.781 DEBUG 8956 --- [kground-preinit] o.apache.tomcat.util.digester.Digester   : [ObjectCreateRule]{mbeans-descriptors/mbean/operation} Pop org.apache.tomcat.util.modeler.OperationInfo
2019-05-11 11:06:14.787 DEBUG 8956 --- [kground-preinit] o.a.tomcat.util.digester.Digester.sax    : characters(

    )
2019-05-11 11:06:14.787 DEBUG 8956 --- [kground-preinit] o.a.tomcat.util.digester.Digester.sax    : startElement(,,operation)
2019-05-11 11:06:14.787 DEBUG 8956 --- [kground-preinit] o.apache.tomcat.util.digester.Digester   :   New match='mbeans-descriptors/mbean/operation'
2019-05-11 11:06:14.787 DEBUG 8956 --- [kground-preinit] o.apache.tomcat.util.digester.Digester   :   Fire begin() for ObjectCreateRule[className=org.apache.tomcat.util.modeler.OperationInfo, attributeName=null]
2019-05-11 11:06:14.787 DEBUG 8956 --- [           main] o.s.c.a.ConfigurationClassEnhancer       : Successfully enhanced org.springframework.boot.autoconfigure.jackson.JacksonAutoConfiguration$JacksonObjectMapperBuilderConfiguration; enhanced class name is: org.springframework.boot.autoconfigure.jackson.JacksonAutoConfiguration$JacksonObjectMapperBuilderConfiguration$$EnhancerBySpringCGLIB$$88e99f83
2019-05-11 11:06:14.788 DEBUG 8956 --- [           main] o.s.c.a.ConfigurationClassPostProcessor  : Replacing bean definition 'org.springframework.boot.autoconfigure.jackson.JacksonAutoConfiguration$JacksonObjectMapperBuilderConfiguration' existing class 'org.springframework.boot.autoconfigure.jackson.JacksonAutoConfiguration$JacksonObjectMapperBuilderConfiguration' with enhanced class 'org.springframework.boot.autoconfigure.jackson.JacksonAutoConfiguration$JacksonObjectMapperBuilderConfiguration$$EnhancerBySpringCGLIB$$88e99f83'
2019-05-11 11:06:14.788 DEBUG 8956 --- [kground-preinit] o.apache.tomcat.util.digester.Digester   : [ObjectCreateRule]{mbeans-descriptors/mbean/operation}New org.apache.tomcat.util.modeler.OperationInfo
2019-05-11 11:06:14.788 DEBUG 8956 --- [kground-preinit] o.apache.tomcat.util.digester.Digester   :   Fire begin() for SetPropertiesRule[]
2019-05-11 11:06:14.788 DEBUG 8956 --- [kground-preinit] o.apache.tomcat.util.digester.Digester   : [SetPropertiesRule]{mbeans-descriptors/mbean/operation} Set org.apache.tomcat.util.modeler.OperationInfo properties
2019-05-11 11:06:14.788 DEBUG 8956 --- [kground-preinit] o.apache.tomcat.util.digester.Digester   : [SetPropertiesRule]{mbeans-descriptors/mbean/operation} Setting property 'name' to 'removeValve'
2019-05-11 11:06:14.789 DEBUG 8956 --- [kground-preinit] o.apache.tomcat.util.IntrospectionUtils  : IntrospectionUtils: setProperty(class org.apache.tomcat.util.modeler.OperationInfo name=removeValve)
2019-05-11 11:06:14.789 DEBUG 8956 --- [kground-preinit] o.apache.tomcat.util.digester.Digester   : [SetPropertiesRule]{mbeans-descriptors/mbean/operation} Setting property 'description' to 'Remove a valve from this Host'
2019-05-11 11:06:14.789 DEBUG 8956 --- [kground-preinit] o.apache.tomcat.util.IntrospectionUtils  : IntrospectionUtils: setProperty(class org.apache.tomcat.util.modeler.OperationInfo description=Remove a valve from this Host)
2019-05-11 11:06:14.789 DEBUG 8956 --- [kground-preinit] o.apache.tomcat.util.digester.Digester   : [SetPropertiesRule]{mbeans-descriptors/mbean/operation} Setting property 'impact' to 'ACTION'
2019-05-11 11:06:14.789 DEBUG 8956 --- [kground-preinit] o.apache.tomcat.util.IntrospectionUtils  : IntrospectionUtils: setProperty(class org.apache.tomcat.util.modeler.OperationInfo impact=ACTION)
2019-05-11 11:06:14.789 DEBUG 8956 --- [kground-preinit] o.apache.tomcat.util.digester.Digester   : [SetPropertiesRule]{mbeans-descriptors/mbean/operation} Setting property 'returnType' to 'void'
2019-05-11 11:06:14.789 DEBUG 8956 --- [kground-preinit] o.apache.tomcat.util.IntrospectionUtils  : IntrospectionUtils: setProperty(class org.apache.tomcat.util.modeler.OperationInfo returnType=void)
2019-05-11 11:06:14.790 DEBUG 8956 --- [kground-preinit] o.apache.tomcat.util.digester.Digester   :   Fire begin() for SetNextRule[methodName=addOperation, paramType=org.apache.tomcat.util.modeler.OperationInfo]
2019-05-11 11:06:14.790 DEBUG 8956 --- [kground-preinit] o.a.tomcat.util.digester.Digester.sax    : characters(
      )
2019-05-11 11:06:14.790 DEBUG 8956 --- [kground-preinit] o.a.tomcat.util.digester.Digester.sax    : startElement(,,parameter)
2019-05-11 11:06:14.790 DEBUG 8956 --- [kground-preinit] o.apache.tomcat.util.digester.Digester   :   New match='mbeans-descriptors/mbean/operation/parameter'
2019-05-11 11:06:14.790 DEBUG 8956 --- [kground-preinit] o.apache.tomcat.util.digester.Digester   :   Fire begin() for ObjectCreateRule[className=org.apache.tomcat.util.modeler.ParameterInfo, attributeName=null]
2019-05-11 11:06:14.790 DEBUG 8956 --- [kground-preinit] o.apache.tomcat.util.digester.Digester   : [ObjectCreateRule]{mbeans-descriptors/mbean/operation/parameter}New org.apache.tomcat.util.modeler.ParameterInfo
2019-05-11 11:06:14.792 DEBUG 8956 --- [kground-preinit] o.apache.tomcat.util.digester.Digester   :   Fire begin() for SetPropertiesRule[]
2019-05-11 11:06:14.792 DEBUG 8956 --- [kground-preinit] o.apache.tomcat.util.digester.Digester   : [SetPropertiesRule]{mbeans-descriptors/mbean/operation/parameter} Set org.apache.tomcat.util.modeler.ParameterInfo properties
2019-05-11 11:06:14.792 DEBUG 8956 --- [kground-preinit] o.apache.tomcat.util.digester.Digester   : [SetPropertiesRule]{mbeans-descriptors/mbean/operation/parameter} Setting property 'name' to 'valveName'
2019-05-11 11:06:14.792 DEBUG 8956 --- [kground-preinit] o.apache.tomcat.util.IntrospectionUtils  : IntrospectionUtils: setProperty(class org.apache.tomcat.util.modeler.ParameterInfo name=valveName)
2019-05-11 11:06:14.792 DEBUG 8956 --- [kground-preinit] o.apache.tomcat.util.digester.Digester   : [SetPropertiesRule]{mbeans-descriptors/mbean/operation/parameter} Setting property 'description' to 'Objectname of the valve to be removed'
2019-05-11 11:06:14.792 DEBUG 8956 --- [           main] o.s.c.a.ConfigurationClassEnhancer       : Successfully enhanced org.springframework.boot.autoconfigure.jackson.JacksonAutoConfiguration$JacksonObjectMapperConfiguration; enhanced class name is: org.springframework.boot.autoconfigure.jackson.JacksonAutoConfiguration$JacksonObjectMapperConfiguration$$EnhancerBySpringCGLIB$$d69cdd6a
2019-05-11 11:06:14.793 DEBUG 8956 --- [           main] o.s.c.a.ConfigurationClassPostProcessor  : Replacing bean definition 'org.springframework.boot.autoconfigure.jackson.JacksonAutoConfiguration$JacksonObjectMapperConfiguration' existing class 'org.springframework.boot.autoconfigure.jackson.JacksonAutoConfiguration$JacksonObjectMapperConfiguration' with enhanced class 'org.springframework.boot.autoconfigure.jackson.JacksonAutoConfiguration$JacksonObjectMapperConfiguration$$EnhancerBySpringCGLIB$$d69cdd6a'
2019-05-11 11:06:14.793 DEBUG 8956 --- [kground-preinit] o.apache.tomcat.util.IntrospectionUtils  : IntrospectionUtils: setProperty(class org.apache.tomcat.util.modeler.ParameterInfo description=Objectname of the valve to be removed)
2019-05-11 11:06:14.793 DEBUG 8956 --- [kground-preinit] o.apache.tomcat.util.digester.Digester   : [SetPropertiesRule]{mbeans-descriptors/mbean/operation/parameter} Setting property 'type' to 'java.lang.String'
2019-05-11 11:06:14.793 DEBUG 8956 --- [kground-preinit] o.apache.tomcat.util.IntrospectionUtils  : IntrospectionUtils: setProperty(class org.apache.tomcat.util.modeler.ParameterInfo type=java.lang.String)
2019-05-11 11:06:14.793 DEBUG 8956 --- [kground-preinit] o.apache.tomcat.util.digester.Digester   :   Fire begin() for SetNextRule[methodName=addParameter, paramType=org.apache.tomcat.util.modeler.ParameterInfo]
2019-05-11 11:06:14.793 DEBUG 8956 --- [kground-preinit] o.a.tomcat.util.digester.Digester.sax    : endElement(,,parameter)
2019-05-11 11:06:14.793 DEBUG 8956 --- [kground-preinit] o.apache.tomcat.util.digester.Digester   :   match='mbeans-descriptors/mbean/operation/parameter'
2019-05-11 11:06:14.793 DEBUG 8956 --- [kground-preinit] o.apache.tomcat.util.digester.Digester   :   bodyText=''
2019-05-11 11:06:14.793 DEBUG 8956 --- [kground-preinit] o.apache.tomcat.util.digester.Digester   :   Fire body() for ObjectCreateRule[className=org.apache.tomcat.util.modeler.ParameterInfo, attributeName=null]
2019-05-11 11:06:14.793 DEBUG 8956 --- [kground-preinit] o.apache.tomcat.util.digester.Digester   :   Fire body() for SetPropertiesRule[]
2019-05-11 11:06:14.793 DEBUG 8956 --- [kground-preinit] o.apache.tomcat.util.digester.Digester   :   Fire body() for SetNextRule[methodName=addParameter, paramType=org.apache.tomcat.util.modeler.ParameterInfo]
2019-05-11 11:06:14.793 DEBUG 8956 --- [kground-preinit] o.apache.tomcat.util.digester.Digester   :   Fire end() for SetNextRule[methodName=addParameter, paramType=org.apache.tomcat.util.modeler.ParameterInfo]
2019-05-11 11:06:14.793 DEBUG 8956 --- [kground-preinit] o.apache.tomcat.util.digester.Digester   : [SetNextRule]{mbeans-descriptors/mbean/operation/parameter} Call org.apache.tomcat.util.modeler.OperationInfo.addParameter(org.apache.tomcat.util.modeler.ParameterInfo@1dd539a6)
2019-05-11 11:06:14.793 DEBUG 8956 --- [kground-preinit] o.apache.tomcat.util.IntrospectionUtils  : IntrospectionUtils: callMethod1 org.apache.tomcat.util.modeler.OperationInfo org.apache.tomcat.util.modeler.ParameterInfo org.apache.tomcat.util.modeler.ParameterInfo
2019-05-11 11:06:14.793 DEBUG 8956 --- [kground-preinit] o.apache.tomcat.util.digester.Digester   :   Fire end() for SetPropertiesRule[]
2019-05-11 11:06:14.794 DEBUG 8956 --- [kground-preinit] o.apache.tomcat.util.digester.Digester   :   Fire end() for ObjectCreateRule[className=org.apache.tomcat.util.modeler.ParameterInfo, attributeName=null]
2019-05-11 11:06:14.795 DEBUG 8956 --- [           main] o.s.c.a.ConfigurationClassEnhancer       : Successfully enhanced org.springframework.boot.autoconfigure.jackson.JacksonAutoConfiguration; enhanced class name is: org.springframework.boot.autoconfigure.jackson.JacksonAutoConfiguration$$EnhancerBySpringCGLIB$$b8a87af9
2019-05-11 11:06:14.796 DEBUG 8956 --- [           main] o.s.c.a.ConfigurationClassPostProcessor  : Replacing bean definition 'org.springframework.boot.autoconfigure.jackson.JacksonAutoConfiguration' existing class 'org.springframework.boot.autoconfigure.jackson.JacksonAutoConfiguration' with enhanced class 'org.springframework.boot.autoconfigure.jackson.JacksonAutoConfiguration$$EnhancerBySpringCGLIB$$b8a87af9'
2019-05-11 11:06:14.796 DEBUG 8956 --- [kground-preinit] o.apache.tomcat.util.digester.Digester   : [ObjectCreateRule]{mbeans-descriptors/mbean/operation/parameter} Pop org.apache.tomcat.util.modeler.ParameterInfo
2019-05-11 11:06:14.796 DEBUG 8956 --- [kground-preinit] o.a.tomcat.util.digester.Digester.sax    : characters(
    )
2019-05-11 11:06:14.797 DEBUG 8956 --- [kground-preinit] o.a.tomcat.util.digester.Digester.sax    : endElement(,,operation)
2019-05-11 11:06:14.797 DEBUG 8956 --- [kground-preinit] o.apache.tomcat.util.digester.Digester   :   match='mbeans-descriptors/mbean/operation'
2019-05-11 11:06:14.801 DEBUG 8956 --- [kground-preinit] o.apache.tomcat.util.digester.Digester   :   bodyText='
      
    '
2019-05-11 11:06:14.801 DEBUG 8956 --- [           main] o.s.c.a.ConfigurationClassEnhancer       : Successfully enhanced org.springframework.boot.autoconfigure.websocket.WebSocketAutoConfiguration$TomcatWebSocketConfiguration; enhanced class name is: org.springframework.boot.autoconfigure.websocket.WebSocketAutoConfiguration$TomcatWebSocketConfiguration$$EnhancerBySpringCGLIB$$a9dbde02
2019-05-11 11:06:14.802 DEBUG 8956 --- [           main] o.s.c.a.ConfigurationClassPostProcessor  : Replacing bean definition 'org.springframework.boot.autoconfigure.websocket.WebSocketAutoConfiguration$TomcatWebSocketConfiguration' existing class 'org.springframework.boot.autoconfigure.websocket.WebSocketAutoConfiguration$TomcatWebSocketConfiguration' with enhanced class 'org.springframework.boot.autoconfigure.websocket.WebSocketAutoConfiguration$TomcatWebSocketConfiguration$$EnhancerBySpringCGLIB$$a9dbde02'
2019-05-11 11:06:14.802 DEBUG 8956 --- [kground-preinit] o.apache.tomcat.util.digester.Digester   :   Fire body() for ObjectCreateRule[className=org.apache.tomcat.util.modeler.OperationInfo, attributeName=null]
2019-05-11 11:06:14.802 DEBUG 8956 --- [kground-preinit] o.apache.tomcat.util.digester.Digester   :   Fire body() for SetPropertiesRule[]
2019-05-11 11:06:14.802 DEBUG 8956 --- [kground-preinit] o.apache.tomcat.util.digester.Digester   :   Fire body() for SetNextRule[methodName=addOperation, paramType=org.apache.tomcat.util.modeler.OperationInfo]
2019-05-11 11:06:14.802 DEBUG 8956 --- [kground-preinit] o.apache.tomcat.util.digester.Digester   :   Fire end() for SetNextRule[methodName=addOperation, paramType=org.apache.tomcat.util.modeler.OperationInfo]
2019-05-11 11:06:14.803 DEBUG 8956 --- [kground-preinit] o.apache.tomcat.util.digester.Digester   : [SetNextRule]{mbeans-descriptors/mbean/operation} Call org.apache.tomcat.util.modeler.ManagedBean.addOperation(org.apache.tomcat.util.modeler.OperationInfo@243c7c6)
2019-05-11 11:06:14.804 DEBUG 8956 --- [           main] o.s.c.a.ConfigurationClassEnhancer       : Successfully enhanced org.springframework.boot.autoconfigure.websocket.WebSocketAutoConfiguration; enhanced class name is: org.springframework.boot.autoconfigure.websocket.WebSocketAutoConfiguration$$EnhancerBySpringCGLIB$$8db9f231
2019-05-11 11:06:14.804 DEBUG 8956 --- [           main] o.s.c.a.ConfigurationClassPostProcessor  : Replacing bean definition 'org.springframework.boot.autoconfigure.websocket.WebSocketAutoConfiguration' existing class 'org.springframework.boot.autoconfigure.websocket.WebSocketAutoConfiguration' with enhanced class 'org.springframework.boot.autoconfigure.websocket.WebSocketAutoConfiguration$$EnhancerBySpringCGLIB$$8db9f231'
2019-05-11 11:06:14.804 DEBUG 8956 --- [kground-preinit] o.apache.tomcat.util.IntrospectionUtils  : IntrospectionUtils: callMethod1 org.apache.tomcat.util.modeler.ManagedBean org.apache.tomcat.util.modeler.OperationInfo org.apache.tomcat.util.modeler.OperationInfo
2019-05-11 11:06:14.804 DEBUG 8956 --- [kground-preinit] o.apache.tomcat.util.digester.Digester   :   Fire end() for SetPropertiesRule[]
2019-05-11 11:06:14.805 DEBUG 8956 --- [kground-preinit] o.apache.tomcat.util.digester.Digester   :   Fire end() for ObjectCreateRule[className=org.apache.tomcat.util.modeler.OperationInfo, attributeName=null]
2019-05-11 11:06:14.805 DEBUG 8956 --- [kground-preinit] o.apache.tomcat.util.digester.Digester   : [ObjectCreateRule]{mbeans-descriptors/mbean/operation} Pop org.apache.tomcat.util.modeler.OperationInfo
2019-05-11 11:06:14.806 DEBUG 8956 --- [kground-preinit] o.a.tomcat.util.digester.Digester.sax    : characters(

    )
2019-05-11 11:06:14.806 DEBUG 8956 --- [kground-preinit] o.a.tomcat.util.digester.Digester.sax    : startElement(,,operation)
2019-05-11 11:06:14.806 DEBUG 8956 --- [kground-preinit] o.apache.tomcat.util.digester.Digester   :   New match='mbeans-descriptors/mbean/operation'
2019-05-11 11:06:14.806 DEBUG 8956 --- [kground-preinit] o.apache.tomcat.util.digester.Digester   :   Fire begin() for ObjectCreateRule[className=org.apache.tomcat.util.modeler.OperationInfo, attributeName=null]
2019-05-11 11:06:14.806 DEBUG 8956 --- [kground-preinit] o.apache.tomcat.util.digester.Digester   : [ObjectCreateRule]{mbeans-descriptors/mbean/operation}New org.apache.tomcat.util.modeler.OperationInfo
2019-05-11 11:06:14.807 DEBUG 8956 --- [kground-preinit] o.apache.tomcat.util.digester.Digester   :   Fire begin() for SetPropertiesRule[]
2019-05-11 11:06:14.807 DEBUG 8956 --- [kground-preinit] o.apache.tomcat.util.digester.Digester   : [SetPropertiesRule]{mbeans-descriptors/mbean/operation} Set org.apache.tomcat.util.modeler.OperationInfo properties
2019-05-11 11:06:14.807 DEBUG 8956 --- [           main] o.s.c.a.ConfigurationClassEnhancer       : Successfully enhanced org.springframework.boot.autoconfigure.web.EmbeddedServletContainerAutoConfiguration$EmbeddedTomcat; enhanced class name is: org.springframework.boot.autoconfigure.web.EmbeddedServletContainerAutoConfiguration$EmbeddedTomcat$$EnhancerBySpringCGLIB$$2e8ca0f5
2019-05-11 11:06:14.807 DEBUG 8956 --- [           main] o.s.c.a.ConfigurationClassPostProcessor  : Replacing bean definition 'org.springframework.boot.autoconfigure.web.EmbeddedServletContainerAutoConfiguration$EmbeddedTomcat' existing class 'org.springframework.boot.autoconfigure.web.EmbeddedServletContainerAutoConfiguration$EmbeddedTomcat' with enhanced class 'org.springframework.boot.autoconfigure.web.EmbeddedServletContainerAutoConfiguration$EmbeddedTomcat$$EnhancerBySpringCGLIB$$2e8ca0f5'
2019-05-11 11:06:14.807 DEBUG 8956 --- [kground-preinit] o.apache.tomcat.util.digester.Digester   : [SetPropertiesRule]{mbeans-descriptors/mbean/operation} Setting property 'name' to 'start'
2019-05-11 11:06:14.808 DEBUG 8956 --- [kground-preinit] o.apache.tomcat.util.IntrospectionUtils  : IntrospectionUtils: setProperty(class org.apache.tomcat.util.modeler.OperationInfo name=start)
2019-05-11 11:06:14.808 DEBUG 8956 --- [kground-preinit] o.apache.tomcat.util.digester.Digester   : [SetPropertiesRule]{mbeans-descriptors/mbean/operation} Setting property 'description' to 'Start'
2019-05-11 11:06:14.808 DEBUG 8956 --- [kground-preinit] o.apache.tomcat.util.IntrospectionUtils  : IntrospectionUtils: setProperty(class org.apache.tomcat.util.modeler.OperationInfo description=Start)
2019-05-11 11:06:14.808 DEBUG 8956 --- [kground-preinit] o.apache.tomcat.util.digester.Digester   : [SetPropertiesRule]{mbeans-descriptors/mbean/operation} Setting property 'impact' to 'ACTION'
2019-05-11 11:06:14.808 DEBUG 8956 --- [kground-preinit] o.apache.tomcat.util.IntrospectionUtils  : IntrospectionUtils: setProperty(class org.apache.tomcat.util.modeler.OperationInfo impact=ACTION)
2019-05-11 11:06:14.808 DEBUG 8956 --- [kground-preinit] o.apache.tomcat.util.digester.Digester   : [SetPropertiesRule]{mbeans-descriptors/mbean/operation} Setting property 'returnType' to 'void'
2019-05-11 11:06:14.808 DEBUG 8956 --- [kground-preinit] o.apache.tomcat.util.IntrospectionUtils  : IntrospectionUtils: setProperty(class org.apache.tomcat.util.modeler.OperationInfo returnType=void)
2019-05-11 11:06:14.808 DEBUG 8956 --- [kground-preinit] o.apache.tomcat.util.digester.Digester   :   Fire begin() for SetNextRule[methodName=addOperation, paramType=org.apache.tomcat.util.modeler.OperationInfo]
2019-05-11 11:06:14.808 DEBUG 8956 --- [kground-preinit] o.a.tomcat.util.digester.Digester.sax    : endElement(,,operation)
2019-05-11 11:06:14.808 DEBUG 8956 --- [kground-preinit] o.apache.tomcat.util.digester.Digester   :   match='mbeans-descriptors/mbean/operation'
2019-05-11 11:06:14.808 DEBUG 8956 --- [kground-preinit] o.apache.tomcat.util.digester.Digester   :   bodyText=''
2019-05-11 11:06:14.809 DEBUG 8956 --- [kground-preinit] o.apache.tomcat.util.digester.Digester   :   Fire body() for ObjectCreateRule[className=org.apache.tomcat.util.modeler.OperationInfo, attributeName=null]
2019-05-11 11:06:14.809 DEBUG 8956 --- [kground-preinit] o.apache.tomcat.util.digester.Digester   :   Fire body() for SetPropertiesRule[]
2019-05-11 11:06:14.809 DEBUG 8956 --- [kground-preinit] o.apache.tomcat.util.digester.Digester   :   Fire body() for SetNextRule[methodName=addOperation, paramType=org.apache.tomcat.util.modeler.OperationInfo]
2019-05-11 11:06:14.809 DEBUG 8956 --- [kground-preinit] o.apache.tomcat.util.digester.Digester   :   Fire end() for SetNextRule[methodName=addOperation, paramType=org.apache.tomcat.util.modeler.OperationInfo]
2019-05-11 11:06:14.809 DEBUG 8956 --- [kground-preinit] o.apache.tomcat.util.digester.Digester   : [SetNextRule]{mbeans-descriptors/mbean/operation} Call org.apache.tomcat.util.modeler.ManagedBean.addOperation(org.apache.tomcat.util.modeler.OperationInfo@5aa778f9)
2019-05-11 11:06:14.809 DEBUG 8956 --- [kground-preinit] o.apache.tomcat.util.IntrospectionUtils  : IntrospectionUtils: callMethod1 org.apache.tomcat.util.modeler.ManagedBean org.apache.tomcat.util.modeler.OperationInfo org.apache.tomcat.util.modeler.OperationInfo
2019-05-11 11:06:14.809 DEBUG 8956 --- [kground-preinit] o.apache.tomcat.util.digester.Digester   :   Fire end() for SetPropertiesRule[]
2019-05-11 11:06:14.809 DEBUG 8956 --- [kground-preinit] o.apache.tomcat.util.digester.Digester   :   Fire end() for ObjectCreateRule[className=org.apache.tomcat.util.modeler.OperationInfo, attributeName=null]
2019-05-11 11:06:14.809 DEBUG 8956 --- [kground-preinit] o.apache.tomcat.util.digester.Digester   : [ObjectCreateRule]{mbeans-descriptors/mbean/operation} Pop org.apache.tomcat.util.modeler.OperationInfo
2019-05-11 11:06:14.809 DEBUG 8956 --- [kground-preinit] o.a.tomcat.util.digester.Digester.sax    : characters(

    )
2019-05-11 11:06:14.809 DEBUG 8956 --- [kground-preinit] o.a.tomcat.util.digester.Digester.sax    : startElement(,,operation)
2019-05-11 11:06:14.809 DEBUG 8956 --- [kground-preinit] o.apache.tomcat.util.digester.Digester   :   New match='mbeans-descriptors/mbean/operation'
2019-05-11 11:06:14.809 DEBUG 8956 --- [kground-preinit] o.apache.tomcat.util.digester.Digester   :   Fire begin() for ObjectCreateRule[className=org.apache.tomcat.util.modeler.OperationInfo, attributeName=null]
2019-05-11 11:06:14.809 DEBUG 8956 --- [kground-preinit] o.apache.tomcat.util.digester.Digester   : [ObjectCreateRule]{mbeans-descriptors/mbean/operation}New org.apache.tomcat.util.modeler.OperationInfo
2019-05-11 11:06:14.809 DEBUG 8956 --- [kground-preinit] o.apache.tomcat.util.digester.Digester   :   Fire begin() for SetPropertiesRule[]
2019-05-11 11:06:14.809 DEBUG 8956 --- [kground-preinit] o.apache.tomcat.util.digester.Digester   : [SetPropertiesRule]{mbeans-descriptors/mbean/operation} Set org.apache.tomcat.util.modeler.OperationInfo properties
2019-05-11 11:06:14.809 DEBUG 8956 --- [kground-preinit] o.apache.tomcat.util.digester.Digester   : [SetPropertiesRule]{mbeans-descriptors/mbean/operation} Setting property 'name' to 'stop'
2019-05-11 11:06:14.809 DEBUG 8956 --- [kground-preinit] o.apache.tomcat.util.IntrospectionUtils  : IntrospectionUtils: setProperty(class org.apache.tomcat.util.modeler.OperationInfo name=stop)
2019-05-11 11:06:14.810 DEBUG 8956 --- [kground-preinit] o.apache.tomcat.util.digester.Digester   : [SetPropertiesRule]{mbeans-descriptors/mbean/operation} Setting property 'description' to 'Stop'
2019-05-11 11:06:14.810 DEBUG 8956 --- [kground-preinit] o.apache.tomcat.util.IntrospectionUtils  : IntrospectionUtils: setProperty(class org.apache.tomcat.util.modeler.OperationInfo description=Stop)
2019-05-11 11:06:14.810 DEBUG 8956 --- [kground-preinit] o.apache.tomcat.util.digester.Digester   : [SetPropertiesRule]{mbeans-descriptors/mbean/operation} Setting property 'impact' to 'ACTION'
2019-05-11 11:06:14.810 DEBUG 8956 --- [kground-preinit] o.apache.tomcat.util.IntrospectionUtils  : IntrospectionUtils: setProperty(class org.apache.tomcat.util.modeler.OperationInfo impact=ACTION)
2019-05-11 11:06:14.810 DEBUG 8956 --- [kground-preinit] o.apache.tomcat.util.digester.Digester   : [SetPropertiesRule]{mbeans-descriptors/mbean/operation} Setting property 'returnType' to 'void'
2019-05-11 11:06:14.810 DEBUG 8956 --- [kground-preinit] o.apache.tomcat.util.IntrospectionUtils  : IntrospectionUtils: setProperty(class org.apache.tomcat.util.modeler.OperationInfo returnType=void)
2019-05-11 11:06:14.810 DEBUG 8956 --- [kground-preinit] o.apache.tomcat.util.digester.Digester   :   Fire begin() for SetNextRule[methodName=addOperation, paramType=org.apache.tomcat.util.modeler.OperationInfo]
2019-05-11 11:06:14.810 DEBUG 8956 --- [kground-preinit] o.a.tomcat.util.digester.Digester.sax    : endElement(,,operation)
2019-05-11 11:06:14.810 DEBUG 8956 --- [kground-preinit] o.apache.tomcat.util.digester.Digester   :   match='mbeans-descriptors/mbean/operation'
2019-05-11 11:06:14.810 DEBUG 8956 --- [kground-preinit] o.apache.tomcat.util.digester.Digester   :   bodyText=''
2019-05-11 11:06:14.810 DEBUG 8956 --- [kground-preinit] o.apache.tomcat.util.digester.Digester   :   Fire body() for ObjectCreateRule[className=org.apache.tomcat.util.modeler.OperationInfo, attributeName=null]
2019-05-11 11:06:14.810 DEBUG 8956 --- [kground-preinit] o.apache.tomcat.util.digester.Digester   :   Fire body() for SetPropertiesRule[]
2019-05-11 11:06:14.810 DEBUG 8956 --- [kground-preinit] o.apache.tomcat.util.digester.Digester   :   Fire body() for SetNextRule[methodName=addOperation, paramType=org.apache.tomcat.util.modeler.OperationInfo]
2019-05-11 11:06:14.810 DEBUG 8956 --- [kground-preinit] o.apache.tomcat.util.digester.Digester   :   Fire end() for SetNextRule[methodName=addOperation, paramType=org.apache.tomcat.util.modeler.OperationInfo]
2019-05-11 11:06:14.810 DEBUG 8956 --- [kground-preinit] o.apache.tomcat.util.digester.Digester   : [SetNextRule]{mbeans-descriptors/mbean/operation} Call org.apache.tomcat.util.modeler.ManagedBean.addOperation(org.apache.tomcat.util.modeler.OperationInfo@b3d7313)
2019-05-11 11:06:14.810 DEBUG 8956 --- [kground-preinit] o.apache.tomcat.util.IntrospectionUtils  : IntrospectionUtils: callMethod1 org.apache.tomcat.util.modeler.ManagedBean org.apache.tomcat.util.modeler.OperationInfo org.apache.tomcat.util.modeler.OperationInfo
2019-05-11 11:06:14.810 DEBUG 8956 --- [kground-preinit] o.apache.tomcat.util.digester.Digester   :   Fire end() for SetPropertiesRule[]
2019-05-11 11:06:14.810 DEBUG 8956 --- [kground-preinit] o.apache.tomcat.util.digester.Digester   :   Fire end() for ObjectCreateRule[className=org.apache.tomcat.util.modeler.OperationInfo, attributeName=null]
2019-05-11 11:06:14.810 DEBUG 8956 --- [kground-preinit] o.apache.tomcat.util.digester.Digester   : [ObjectCreateRule]{mbeans-descriptors/mbean/operation} Pop org.apache.tomcat.util.modeler.OperationInfo
2019-05-11 11:06:14.811 DEBUG 8956 --- [kground-preinit] o.a.tomcat.util.digester.Digester.sax    : characters(

  )
2019-05-11 11:06:14.811 DEBUG 8956 --- [kground-preinit] o.a.tomcat.util.digester.Digester.sax    : endElement(,,mbean)
2019-05-11 11:06:14.811 DEBUG 8956 --- [kground-preinit] o.apache.tomcat.util.digester.Digester   :   match='mbeans-descriptors/mbean'
2019-05-11 11:06:14.811 DEBUG 8956 --- [kground-preinit] o.apache.tomcat.util.digester.Digester   :   bodyText='

    

    

    

    

    

    

    

    

    

    

    

    

    

    

    

    

    

    

    

    

    

    

    

    

    

    

    

    

    

    

    

    

    

    

    

    

    

    

  '
2019-05-11 11:06:14.811 DEBUG 8956 --- [kground-preinit] o.apache.tomcat.util.digester.Digester   :   Fire body() for ObjectCreateRule[className=org.apache.tomcat.util.modeler.ManagedBean, attributeName=null]
2019-05-11 11:06:14.812 DEBUG 8956 --- [kground-preinit] o.apache.tomcat.util.digester.Digester   :   Fire body() for SetPropertiesRule[]
2019-05-11 11:06:14.812 DEBUG 8956 --- [kground-preinit] o.apache.tomcat.util.digester.Digester   :   Fire body() for SetNextRule[methodName=add, paramType=java.lang.Object]
2019-05-11 11:06:14.812 DEBUG 8956 --- [kground-preinit] o.apache.tomcat.util.digester.Digester   :   Fire end() for SetNextRule[methodName=add, paramType=java.lang.Object]
2019-05-11 11:06:14.812 DEBUG 8956 --- [kground-preinit] o.apache.tomcat.util.digester.Digester   : [SetNextRule]{mbeans-descriptors/mbean} Call java.util.ArrayList.add(ManagedBean[name=StandardHost, className=org.apache.catalina.mbeans.ContainerMBean, description=Standard Host Component, group=Host, type=org.apache.catalina.core.StandardHost])
2019-05-11 11:06:14.812 DEBUG 8956 --- [kground-preinit] o.apache.tomcat.util.IntrospectionUtils  : IntrospectionUtils: callMethod1 java.util.ArrayList org.apache.tomcat.util.modeler.ManagedBean java.lang.Object
2019-05-11 11:06:14.812 DEBUG 8956 --- [kground-preinit] o.apache.tomcat.util.digester.Digester   :   Fire end() for SetPropertiesRule[]
2019-05-11 11:06:14.812 DEBUG 8956 --- [kground-preinit] o.apache.tomcat.util.digester.Digester   :   Fire end() for ObjectCreateRule[className=org.apache.tomcat.util.modeler.ManagedBean, attributeName=null]
2019-05-11 11:06:14.812 DEBUG 8956 --- [kground-preinit] o.apache.tomcat.util.digester.Digester   : [ObjectCreateRule]{mbeans-descriptors/mbean} Pop org.apache.tomcat.util.modeler.ManagedBean
2019-05-11 11:06:14.812 DEBUG 8956 --- [kground-preinit] o.a.tomcat.util.digester.Digester.sax    : characters(

  )
2019-05-11 11:06:14.812 DEBUG 8956 --- [kground-preinit] o.a.tomcat.util.digester.Digester.sax    : startElement(,,mbean)
2019-05-11 11:06:14.812 DEBUG 8956 --- [kground-preinit] o.apache.tomcat.util.digester.Digester   :   New match='mbeans-descriptors/mbean'
2019-05-11 11:06:14.812 DEBUG 8956 --- [kground-preinit] o.apache.tomcat.util.digester.Digester   :   Fire begin() for ObjectCreateRule[className=org.apache.tomcat.util.modeler.ManagedBean, attributeName=null]
2019-05-11 11:06:14.812 DEBUG 8956 --- [kground-preinit] o.apache.tomcat.util.digester.Digester   : [ObjectCreateRule]{mbeans-descriptors/mbean}New org.apache.tomcat.util.modeler.ManagedBean
2019-05-11 11:06:14.812 DEBUG 8956 --- [kground-preinit] o.apache.tomcat.util.digester.Digester   :   Fire begin() for SetPropertiesRule[]
2019-05-11 11:06:14.812 DEBUG 8956 --- [kground-preinit] o.apache.tomcat.util.digester.Digester   : [SetPropertiesRule]{mbeans-descriptors/mbean} Set org.apache.tomcat.util.modeler.ManagedBean properties
2019-05-11 11:06:14.812 DEBUG 8956 --- [kground-preinit] o.apache.tomcat.util.digester.Digester   : [SetPropertiesRule]{mbeans-descriptors/mbean} Setting property 'name' to 'StandardHostValve'
2019-05-11 11:06:14.813 DEBUG 8956 --- [kground-preinit] o.apache.tomcat.util.IntrospectionUtils  : IntrospectionUtils: setProperty(class org.apache.tomcat.util.modeler.ManagedBean name=StandardHostValve)
2019-05-11 11:06:14.813 DEBUG 8956 --- [kground-preinit] o.apache.tomcat.util.digester.Digester   : [SetPropertiesRule]{mbeans-descriptors/mbean} Setting property 'description' to 'Valve that implements the default basic behavior for the          StandardHost container implementation'
2019-05-11 11:06:14.813 DEBUG 8956 --- [kground-preinit] o.apache.tomcat.util.IntrospectionUtils  : IntrospectionUtils: setProperty(class org.apache.tomcat.util.modeler.ManagedBean description=Valve that implements the default basic behavior for the          StandardHost container implementation)
2019-05-11 11:06:14.813 DEBUG 8956 --- [kground-preinit] o.apache.tomcat.util.digester.Digester   : [SetPropertiesRule]{mbeans-descriptors/mbean} Setting property 'domain' to 'Catalina'
2019-05-11 11:06:14.813 DEBUG 8956 --- [kground-preinit] o.apache.tomcat.util.IntrospectionUtils  : IntrospectionUtils: setProperty(class org.apache.tomcat.util.modeler.ManagedBean domain=Catalina)
2019-05-11 11:06:14.813 DEBUG 8956 --- [kground-preinit] o.apache.tomcat.util.digester.Digester   : [SetPropertiesRule]{mbeans-descriptors/mbean} Setting property 'group' to 'Valve'
2019-05-11 11:06:14.813 DEBUG 8956 --- [kground-preinit] o.apache.tomcat.util.IntrospectionUtils  : IntrospectionUtils: setProperty(class org.apache.tomcat.util.modeler.ManagedBean group=Valve)
2019-05-11 11:06:14.813 DEBUG 8956 --- [kground-preinit] o.apache.tomcat.util.digester.Digester   : [SetPropertiesRule]{mbeans-descriptors/mbean} Setting property 'type' to 'org.apache.catalina.core.StandardHostValve'
2019-05-11 11:06:14.813 DEBUG 8956 --- [kground-preinit] o.apache.tomcat.util.IntrospectionUtils  : IntrospectionUtils: setProperty(class org.apache.tomcat.util.modeler.ManagedBean type=org.apache.catalina.core.StandardHostValve)
2019-05-11 11:06:14.813 DEBUG 8956 --- [kground-preinit] o.apache.tomcat.util.digester.Digester   :   Fire begin() for SetNextRule[methodName=add, paramType=java.lang.Object]
2019-05-11 11:06:14.813 DEBUG 8956 --- [kground-preinit] o.a.tomcat.util.digester.Digester.sax    : characters(

    )
2019-05-11 11:06:14.813 DEBUG 8956 --- [kground-preinit] o.a.tomcat.util.digester.Digester.sax    : startElement(,,attribute)
2019-05-11 11:06:14.813 DEBUG 8956 --- [kground-preinit] o.apache.tomcat.util.digester.Digester   :   New match='mbeans-descriptors/mbean/attribute'
2019-05-11 11:06:14.813 DEBUG 8956 --- [kground-preinit] o.apache.tomcat.util.digester.Digester   :   Fire begin() for ObjectCreateRule[className=org.apache.tomcat.util.modeler.AttributeInfo, attributeName=null]
2019-05-11 11:06:14.813 DEBUG 8956 --- [kground-preinit] o.apache.tomcat.util.digester.Digester   : [ObjectCreateRule]{mbeans-descriptors/mbean/attribute}New org.apache.tomcat.util.modeler.AttributeInfo
2019-05-11 11:06:14.813 DEBUG 8956 --- [kground-preinit] o.apache.tomcat.util.digester.Digester   :   Fire begin() for SetPropertiesRule[]
2019-05-11 11:06:14.813 DEBUG 8956 --- [kground-preinit] o.apache.tomcat.util.digester.Digester   : [SetPropertiesRule]{mbeans-descriptors/mbean/attribute} Set org.apache.tomcat.util.modeler.AttributeInfo properties
2019-05-11 11:06:14.813 DEBUG 8956 --- [kground-preinit] o.apache.tomcat.util.digester.Digester   : [SetPropertiesRule]{mbeans-descriptors/mbean/attribute} Setting property 'name' to 'asyncSupported'
2019-05-11 11:06:14.813 DEBUG 8956 --- [kground-preinit] o.apache.tomcat.util.IntrospectionUtils  : IntrospectionUtils: setProperty(class org.apache.tomcat.util.modeler.AttributeInfo name=asyncSupported)
2019-05-11 11:06:14.814 DEBUG 8956 --- [kground-preinit] o.apache.tomcat.util.digester.Digester   : [SetPropertiesRule]{mbeans-descriptors/mbean/attribute} Setting property 'description' to 'Does this valve support async reporting?'
2019-05-11 11:06:14.814 DEBUG 8956 --- [kground-preinit] o.apache.tomcat.util.IntrospectionUtils  : IntrospectionUtils: setProperty(class org.apache.tomcat.util.modeler.AttributeInfo description=Does this valve support async reporting?)
2019-05-11 11:06:14.814 DEBUG 8956 --- [kground-preinit] o.apache.tomcat.util.digester.Digester   : [SetPropertiesRule]{mbeans-descriptors/mbean/attribute} Setting property 'is' to 'true'
2019-05-11 11:06:14.814 DEBUG 8956 --- [kground-preinit] o.apache.tomcat.util.IntrospectionUtils  : IntrospectionUtils: setProperty(class org.apache.tomcat.util.modeler.AttributeInfo is=true)
2019-05-11 11:06:14.814 DEBUG 8956 --- [kground-preinit] o.apache.tomcat.util.digester.Digester   : [SetPropertiesRule]{mbeans-descriptors/mbean/attribute} Setting property 'type' to 'boolean'
2019-05-11 11:06:14.814 DEBUG 8956 --- [kground-preinit] o.apache.tomcat.util.IntrospectionUtils  : IntrospectionUtils: setProperty(class org.apache.tomcat.util.modeler.AttributeInfo type=boolean)
2019-05-11 11:06:14.814 DEBUG 8956 --- [kground-preinit] o.apache.tomcat.util.digester.Digester   :   Fire begin() for SetNextRule[methodName=addAttribute, paramType=org.apache.tomcat.util.modeler.AttributeInfo]
2019-05-11 11:06:14.814 DEBUG 8956 --- [kground-preinit] o.a.tomcat.util.digester.Digester.sax    : endElement(,,attribute)
2019-05-11 11:06:14.814 DEBUG 8956 --- [kground-preinit] o.apache.tomcat.util.digester.Digester   :   match='mbeans-descriptors/mbean/attribute'
2019-05-11 11:06:14.814 DEBUG 8956 --- [kground-preinit] o.apache.tomcat.util.digester.Digester   :   bodyText=''
2019-05-11 11:06:14.814 DEBUG 8956 --- [kground-preinit] o.apache.tomcat.util.digester.Digester   :   Fire body() for ObjectCreateRule[className=org.apache.tomcat.util.modeler.AttributeInfo, attributeName=null]
2019-05-11 11:06:14.814 DEBUG 8956 --- [kground-preinit] o.apache.tomcat.util.digester.Digester   :   Fire body() for SetPropertiesRule[]
2019-05-11 11:06:14.814 DEBUG 8956 --- [kground-preinit] o.apache.tomcat.util.digester.Digester   :   Fire body() for SetNextRule[methodName=addAttribute, paramType=org.apache.tomcat.util.modeler.AttributeInfo]
2019-05-11 11:06:14.814 DEBUG 8956 --- [kground-preinit] o.apache.tomcat.util.digester.Digester   :   Fire end() for SetNextRule[methodName=addAttribute, paramType=org.apache.tomcat.util.modeler.AttributeInfo]
2019-05-11 11:06:14.814 DEBUG 8956 --- [kground-preinit] o.apache.tomcat.util.digester.Digester   : [SetNextRule]{mbeans-descriptors/mbean/attribute} Call org.apache.tomcat.util.modeler.ManagedBean.addAttribute(org.apache.tomcat.util.modeler.AttributeInfo@3f9163db)
2019-05-11 11:06:14.814 DEBUG 8956 --- [kground-preinit] o.apache.tomcat.util.IntrospectionUtils  : IntrospectionUtils: callMethod1 org.apache.tomcat.util.modeler.ManagedBean org.apache.tomcat.util.modeler.AttributeInfo org.apache.tomcat.util.modeler.AttributeInfo
2019-05-11 11:06:14.814 DEBUG 8956 --- [kground-preinit] o.apache.tomcat.util.digester.Digester   :   Fire end() for SetPropertiesRule[]
2019-05-11 11:06:14.814 DEBUG 8956 --- [kground-preinit] o.apache.tomcat.util.digester.Digester   :   Fire end() for ObjectCreateRule[className=org.apache.tomcat.util.modeler.AttributeInfo, attributeName=null]
2019-05-11 11:06:14.814 DEBUG 8956 --- [kground-preinit] o.apache.tomcat.util.digester.Digester   : [ObjectCreateRule]{mbeans-descriptors/mbean/attribute} Pop org.apache.tomcat.util.modeler.AttributeInfo
2019-05-11 11:06:14.815 DEBUG 8956 --- [kground-preinit] o.a.tomcat.util.digester.Digester.sax    : characters(

    )
2019-05-11 11:06:14.815 DEBUG 8956 --- [kground-preinit] o.a.tomcat.util.digester.Digester.sax    : startElement(,,attribute)
2019-05-11 11:06:14.815 DEBUG 8956 --- [kground-preinit] o.apache.tomcat.util.digester.Digester   :   New match='mbeans-descriptors/mbean/attribute'
2019-05-11 11:06:14.815 DEBUG 8956 --- [kground-preinit] o.apache.tomcat.util.digester.Digester   :   Fire begin() for ObjectCreateRule[className=org.apache.tomcat.util.modeler.AttributeInfo, attributeName=null]
2019-05-11 11:06:14.815 DEBUG 8956 --- [kground-preinit] o.apache.tomcat.util.digester.Digester   : [ObjectCreateRule]{mbeans-descriptors/mbean/attribute}New org.apache.tomcat.util.modeler.AttributeInfo
2019-05-11 11:06:14.815 DEBUG 8956 --- [kground-preinit] o.apache.tomcat.util.digester.Digester   :   Fire begin() for SetPropertiesRule[]
2019-05-11 11:06:14.815 DEBUG 8956 --- [kground-preinit] o.apache.tomcat.util.digester.Digester   : [SetPropertiesRule]{mbeans-descriptors/mbean/attribute} Set org.apache.tomcat.util.modeler.AttributeInfo properties
2019-05-11 11:06:14.815 DEBUG 8956 --- [kground-preinit] o.apache.tomcat.util.digester.Digester   : [SetPropertiesRule]{mbeans-descriptors/mbean/attribute} Setting property 'name' to 'className'
2019-05-11 11:06:14.815 DEBUG 8956 --- [kground-preinit] o.apache.tomcat.util.IntrospectionUtils  : IntrospectionUtils: setProperty(class org.apache.tomcat.util.modeler.AttributeInfo name=className)
2019-05-11 11:06:14.815 DEBUG 8956 --- [kground-preinit] o.apache.tomcat.util.digester.Digester   : [SetPropertiesRule]{mbeans-descriptors/mbean/attribute} Setting property 'description' to 'Fully qualified class name of the managed object'
2019-05-11 11:06:14.815 DEBUG 8956 --- [kground-preinit] o.apache.tomcat.util.IntrospectionUtils  : IntrospectionUtils: setProperty(class org.apache.tomcat.util.modeler.AttributeInfo description=Fully qualified class name of the managed object)
2019-05-11 11:06:14.815 DEBUG 8956 --- [kground-preinit] o.apache.tomcat.util.digester.Digester   : [SetPropertiesRule]{mbeans-descriptors/mbean/attribute} Setting property 'type' to 'java.lang.String'
2019-05-11 11:06:14.815 DEBUG 8956 --- [kground-preinit] o.apache.tomcat.util.IntrospectionUtils  : IntrospectionUtils: setProperty(class org.apache.tomcat.util.modeler.AttributeInfo type=java.lang.String)
2019-05-11 11:06:14.815 DEBUG 8956 --- [kground-preinit] o.apache.tomcat.util.digester.Digester   : [SetPropertiesRule]{mbeans-descriptors/mbean/attribute} Setting property 'writeable' to 'false'
2019-05-11 11:06:14.815 DEBUG 8956 --- [kground-preinit] o.apache.tomcat.util.IntrospectionUtils  : IntrospectionUtils: setProperty(class org.apache.tomcat.util.modeler.AttributeInfo writeable=false)
2019-05-11 11:06:14.815 DEBUG 8956 --- [kground-preinit] o.apache.tomcat.util.digester.Digester   :   Fire begin() for SetNextRule[methodName=addAttribute, paramType=org.apache.tomcat.util.modeler.AttributeInfo]
2019-05-11 11:06:14.815 DEBUG 8956 --- [kground-preinit] o.a.tomcat.util.digester.Digester.sax    : endElement(,,attribute)
2019-05-11 11:06:14.815 DEBUG 8956 --- [kground-preinit] o.apache.tomcat.util.digester.Digester   :   match='mbeans-descriptors/mbean/attribute'
2019-05-11 11:06:14.816 DEBUG 8956 --- [kground-preinit] o.apache.tomcat.util.digester.Digester   :   bodyText=''
2019-05-11 11:06:14.816 DEBUG 8956 --- [kground-preinit] o.apache.tomcat.util.digester.Digester   :   Fire body() for ObjectCreateRule[className=org.apache.tomcat.util.modeler.AttributeInfo, attributeName=null]
2019-05-11 11:06:14.816 DEBUG 8956 --- [kground-preinit] o.apache.tomcat.util.digester.Digester   :   Fire body() for SetPropertiesRule[]
2019-05-11 11:06:14.816 DEBUG 8956 --- [kground-preinit] o.apache.tomcat.util.digester.Digester   :   Fire body() for SetNextRule[methodName=addAttribute, paramType=org.apache.tomcat.util.modeler.AttributeInfo]
2019-05-11 11:06:14.816 DEBUG 8956 --- [kground-preinit] o.apache.tomcat.util.digester.Digester   :   Fire end() for SetNextRule[methodName=addAttribute, paramType=org.apache.tomcat.util.modeler.AttributeInfo]
2019-05-11 11:06:14.816 DEBUG 8956 --- [kground-preinit] o.apache.tomcat.util.digester.Digester   : [SetNextRule]{mbeans-descriptors/mbean/attribute} Call org.apache.tomcat.util.modeler.ManagedBean.addAttribute(org.apache.tomcat.util.modeler.AttributeInfo@23f0fe18)
2019-05-11 11:06:14.816 DEBUG 8956 --- [kground-preinit] o.apache.tomcat.util.IntrospectionUtils  : IntrospectionUtils: callMethod1 org.apache.tomcat.util.modeler.ManagedBean org.apache.tomcat.util.modeler.AttributeInfo org.apache.tomcat.util.modeler.AttributeInfo
2019-05-11 11:06:14.816 DEBUG 8956 --- [kground-preinit] o.apache.tomcat.util.digester.Digester   :   Fire end() for SetPropertiesRule[]
2019-05-11 11:06:14.816 DEBUG 8956 --- [kground-preinit] o.apache.tomcat.util.digester.Digester   :   Fire end() for ObjectCreateRule[className=org.apache.tomcat.util.modeler.AttributeInfo, attributeName=null]
2019-05-11 11:06:14.816 DEBUG 8956 --- [kground-preinit] o.apache.tomcat.util.digester.Digester   : [ObjectCreateRule]{mbeans-descriptors/mbean/attribute} Pop org.apache.tomcat.util.modeler.AttributeInfo
2019-05-11 11:06:14.816 DEBUG 8956 --- [kground-preinit] o.a.tomcat.util.digester.Digester.sax    : characters(

    )
2019-05-11 11:06:14.816 DEBUG 8956 --- [kground-preinit] o.a.tomcat.util.digester.Digester.sax    : startElement(,,attribute)
2019-05-11 11:06:14.816 DEBUG 8956 --- [kground-preinit] o.apache.tomcat.util.digester.Digester   :   New match='mbeans-descriptors/mbean/attribute'
2019-05-11 11:06:14.816 DEBUG 8956 --- [kground-preinit] o.apache.tomcat.util.digester.Digester   :   Fire begin() for ObjectCreateRule[className=org.apache.tomcat.util.modeler.AttributeInfo, attributeName=null]
2019-05-11 11:06:14.816 DEBUG 8956 --- [kground-preinit] o.apache.tomcat.util.digester.Digester   : [ObjectCreateRule]{mbeans-descriptors/mbean/attribute}New org.apache.tomcat.util.modeler.AttributeInfo
2019-05-11 11:06:14.816 DEBUG 8956 --- [kground-preinit] o.apache.tomcat.util.digester.Digester   :   Fire begin() for SetPropertiesRule[]
2019-05-11 11:06:14.816 DEBUG 8956 --- [kground-preinit] o.apache.tomcat.util.digester.Digester   : [SetPropertiesRule]{mbeans-descriptors/mbean/attribute} Set org.apache.tomcat.util.modeler.AttributeInfo properties
2019-05-11 11:06:14.816 DEBUG 8956 --- [kground-preinit] o.apache.tomcat.util.digester.Digester   : [SetPropertiesRule]{mbeans-descriptors/mbean/attribute} Setting property 'name' to 'stateName'
2019-05-11 11:06:14.816 DEBUG 8956 --- [kground-preinit] o.apache.tomcat.util.IntrospectionUtils  : IntrospectionUtils: setProperty(class org.apache.tomcat.util.modeler.AttributeInfo name=stateName)
2019-05-11 11:06:14.817 DEBUG 8956 --- [kground-preinit] o.apache.tomcat.util.digester.Digester   : [SetPropertiesRule]{mbeans-descriptors/mbean/attribute} Setting property 'description' to 'The name of the LifecycleState that this component is currently in'
2019-05-11 11:06:14.817 DEBUG 8956 --- [kground-preinit] o.apache.tomcat.util.IntrospectionUtils  : IntrospectionUtils: setProperty(class org.apache.tomcat.util.modeler.AttributeInfo description=The name of the LifecycleState that this component is currently in)
2019-05-11 11:06:14.817 DEBUG 8956 --- [kground-preinit] o.apache.tomcat.util.digester.Digester   : [SetPropertiesRule]{mbeans-descriptors/mbean/attribute} Setting property 'type' to 'java.lang.String'
2019-05-11 11:06:14.817 DEBUG 8956 --- [kground-preinit] o.apache.tomcat.util.IntrospectionUtils  : IntrospectionUtils: setProperty(class org.apache.tomcat.util.modeler.AttributeInfo type=java.lang.String)
2019-05-11 11:06:14.817 DEBUG 8956 --- [kground-preinit] o.apache.tomcat.util.digester.Digester   : [SetPropertiesRule]{mbeans-descriptors/mbean/attribute} Setting property 'writeable' to 'false'
2019-05-11 11:06:14.817 DEBUG 8956 --- [kground-preinit] o.apache.tomcat.util.IntrospectionUtils  : IntrospectionUtils: setProperty(class org.apache.tomcat.util.modeler.AttributeInfo writeable=false)
2019-05-11 11:06:14.817 DEBUG 8956 --- [kground-preinit] o.apache.tomcat.util.digester.Digester   :   Fire begin() for SetNextRule[methodName=addAttribute, paramType=org.apache.tomcat.util.modeler.AttributeInfo]
2019-05-11 11:06:14.817 DEBUG 8956 --- [kground-preinit] o.a.tomcat.util.digester.Digester.sax    : endElement(,,attribute)
2019-05-11 11:06:14.818 DEBUG 8956 --- [kground-preinit] o.apache.tomcat.util.digester.Digester   :   match='mbeans-descriptors/mbean/attribute'
2019-05-11 11:06:14.818 DEBUG 8956 --- [kground-preinit] o.apache.tomcat.util.digester.Digester   :   bodyText=''
2019-05-11 11:06:14.818 DEBUG 8956 --- [kground-preinit] o.apache.tomcat.util.digester.Digester   :   Fire body() for ObjectCreateRule[className=org.apache.tomcat.util.modeler.AttributeInfo, attributeName=null]
2019-05-11 11:06:14.818 DEBUG 8956 --- [kground-preinit] o.apache.tomcat.util.digester.Digester   :   Fire body() for SetPropertiesRule[]
2019-05-11 11:06:14.818 DEBUG 8956 --- [kground-preinit] o.apache.tomcat.util.digester.Digester   :   Fire body() for SetNextRule[methodName=addAttribute, paramType=org.apache.tomcat.util.modeler.AttributeInfo]
2019-05-11 11:06:14.818 DEBUG 8956 --- [kground-preinit] o.apache.tomcat.util.digester.Digester   :   Fire end() for SetNextRule[methodName=addAttribute, paramType=org.apache.tomcat.util.modeler.AttributeInfo]
2019-05-11 11:06:14.818 DEBUG 8956 --- [kground-preinit] o.apache.tomcat.util.digester.Digester   : [SetNextRule]{mbeans-descriptors/mbean/attribute} Call org.apache.tomcat.util.modeler.ManagedBean.addAttribute(org.apache.tomcat.util.modeler.AttributeInfo@42713a2f)
2019-05-11 11:06:14.818 DEBUG 8956 --- [kground-preinit] o.apache.tomcat.util.IntrospectionUtils  : IntrospectionUtils: callMethod1 org.apache.tomcat.util.modeler.ManagedBean org.apache.tomcat.util.modeler.AttributeInfo org.apache.tomcat.util.modeler.AttributeInfo
2019-05-11 11:06:14.819 DEBUG 8956 --- [kground-preinit] o.apache.tomcat.util.digester.Digester   :   Fire end() for SetPropertiesRule[]
2019-05-11 11:06:14.819 DEBUG 8956 --- [kground-preinit] o.apache.tomcat.util.digester.Digester   :   Fire end() for ObjectCreateRule[className=org.apache.tomcat.util.modeler.AttributeInfo, attributeName=null]
2019-05-11 11:06:14.819 DEBUG 8956 --- [kground-preinit] o.apache.tomcat.util.digester.Digester   : [ObjectCreateRule]{mbeans-descriptors/mbean/attribute} Pop org.apache.tomcat.util.modeler.AttributeInfo
2019-05-11 11:06:14.819 DEBUG 8956 --- [kground-preinit] o.a.tomcat.util.digester.Digester.sax    : characters(
  )
2019-05-11 11:06:14.819 DEBUG 8956 --- [kground-preinit] o.a.tomcat.util.digester.Digester.sax    : endElement(,,mbean)
2019-05-11 11:06:14.819 DEBUG 8956 --- [kground-preinit] o.apache.tomcat.util.digester.Digester   :   match='mbeans-descriptors/mbean'
2019-05-11 11:06:14.819 DEBUG 8956 --- [kground-preinit] o.apache.tomcat.util.digester.Digester   :   bodyText='

    

    

    
  '
2019-05-11 11:06:14.819 DEBUG 8956 --- [kground-preinit] o.apache.tomcat.util.digester.Digester   :   Fire body() for ObjectCreateRule[className=org.apache.tomcat.util.modeler.ManagedBean, attributeName=null]
2019-05-11 11:06:14.819 DEBUG 8956 --- [kground-preinit] o.apache.tomcat.util.digester.Digester   :   Fire body() for SetPropertiesRule[]
2019-05-11 11:06:14.819 DEBUG 8956 --- [kground-preinit] o.apache.tomcat.util.digester.Digester   :   Fire body() for SetNextRule[methodName=add, paramType=java.lang.Object]
2019-05-11 11:06:14.819 DEBUG 8956 --- [kground-preinit] o.apache.tomcat.util.digester.Digester   :   Fire end() for SetNextRule[methodName=add, paramType=java.lang.Object]
2019-05-11 11:06:14.819 DEBUG 8956 --- [kground-preinit] o.apache.tomcat.util.digester.Digester   : [SetNextRule]{mbeans-descriptors/mbean} Call java.util.ArrayList.add(ManagedBean[name=StandardHostValve, className=org.apache.tomcat.util.modeler.BaseModelMBean, description=Valve that implements the default basic behavior for the          StandardHost container implementation, group=Valve, type=org.apache.catalina.core.StandardHostValve])
2019-05-11 11:06:14.819 DEBUG 8956 --- [kground-preinit] o.apache.tomcat.util.IntrospectionUtils  : IntrospectionUtils: callMethod1 java.util.ArrayList org.apache.tomcat.util.modeler.ManagedBean java.lang.Object
2019-05-11 11:06:14.820 DEBUG 8956 --- [kground-preinit] o.apache.tomcat.util.digester.Digester   :   Fire end() for SetPropertiesRule[]
2019-05-11 11:06:14.820 DEBUG 8956 --- [kground-preinit] o.apache.tomcat.util.digester.Digester   :   Fire end() for ObjectCreateRule[className=org.apache.tomcat.util.modeler.ManagedBean, attributeName=null]
2019-05-11 11:06:14.820 DEBUG 8956 --- [kground-preinit] o.apache.tomcat.util.digester.Digester   : [ObjectCreateRule]{mbeans-descriptors/mbean} Pop org.apache.tomcat.util.modeler.ManagedBean
2019-05-11 11:06:14.820 DEBUG 8956 --- [kground-preinit] o.a.tomcat.util.digester.Digester.sax    : characters(

  )
2019-05-11 11:06:14.820 DEBUG 8956 --- [kground-preinit] o.a.tomcat.util.digester.Digester.sax    : startElement(,,mbean)
2019-05-11 11:06:14.820 DEBUG 8956 --- [kground-preinit] o.apache.tomcat.util.digester.Digester   :   New match='mbeans-descriptors/mbean'
2019-05-11 11:06:14.820 DEBUG 8956 --- [kground-preinit] o.apache.tomcat.util.digester.Digester   :   Fire begin() for ObjectCreateRule[className=org.apache.tomcat.util.modeler.ManagedBean, attributeName=null]
2019-05-11 11:06:14.820 DEBUG 8956 --- [kground-preinit] o.apache.tomcat.util.digester.Digester   : [ObjectCreateRule]{mbeans-descriptors/mbean}New org.apache.tomcat.util.modeler.ManagedBean
2019-05-11 11:06:14.821 DEBUG 8956 --- [kground-preinit] o.apache.tomcat.util.digester.Digester   :   Fire begin() for SetPropertiesRule[]
2019-05-11 11:06:14.821 DEBUG 8956 --- [kground-preinit] o.apache.tomcat.util.digester.Digester   : [SetPropertiesRule]{mbeans-descriptors/mbean} Set org.apache.tomcat.util.modeler.ManagedBean properties
2019-05-11 11:06:14.821 DEBUG 8956 --- [kground-preinit] o.apache.tomcat.util.digester.Digester   : [SetPropertiesRule]{mbeans-descriptors/mbean} Setting property 'name' to 'StandardServer'
2019-05-11 11:06:14.821 DEBUG 8956 --- [kground-preinit] o.apache.tomcat.util.IntrospectionUtils  : IntrospectionUtils: setProperty(class org.apache.tomcat.util.modeler.ManagedBean name=StandardServer)
2019-05-11 11:06:14.822 DEBUG 8956 --- [kground-preinit] o.apache.tomcat.util.digester.Digester   : [SetPropertiesRule]{mbeans-descriptors/mbean} Setting property 'description' to 'Standard Server Component'
2019-05-11 11:06:14.823 DEBUG 8956 --- [kground-preinit] o.apache.tomcat.util.IntrospectionUtils  : IntrospectionUtils: setProperty(class org.apache.tomcat.util.modeler.ManagedBean description=Standard Server Component)
2019-05-11 11:06:14.823 DEBUG 8956 --- [kground-preinit] o.apache.tomcat.util.digester.Digester   : [SetPropertiesRule]{mbeans-descriptors/mbean} Setting property 'domain' to 'Catalina'
2019-05-11 11:06:14.823 DEBUG 8956 --- [kground-preinit] o.apache.tomcat.util.IntrospectionUtils  : IntrospectionUtils: setProperty(class org.apache.tomcat.util.modeler.ManagedBean domain=Catalina)
2019-05-11 11:06:14.825 DEBUG 8956 --- [kground-preinit] o.apache.tomcat.util.digester.Digester   : [SetPropertiesRule]{mbeans-descriptors/mbean} Setting property 'group' to 'Server'
2019-05-11 11:06:14.833 DEBUG 8956 --- [kground-preinit] o.apache.tomcat.util.IntrospectionUtils  : IntrospectionUtils: setProperty(class org.apache.tomcat.util.modeler.ManagedBean group=Server)
2019-05-11 11:06:14.833 DEBUG 8956 --- [kground-preinit] o.apache.tomcat.util.digester.Digester   : [SetPropertiesRule]{mbeans-descriptors/mbean} Setting property 'type' to 'org.apache.catalina.core.StandardServer'
2019-05-11 11:06:14.833 DEBUG 8956 --- [kground-preinit] o.apache.tomcat.util.IntrospectionUtils  : IntrospectionUtils: setProperty(class org.apache.tomcat.util.modeler.ManagedBean type=org.apache.catalina.core.StandardServer)
2019-05-11 11:06:14.834 DEBUG 8956 --- [           main] o.s.c.a.ConfigurationClassEnhancer       : Successfully enhanced org.springframework.boot.autoconfigure.web.EmbeddedServletContainerAutoConfiguration; enhanced class name is: org.springframework.boot.autoconfigure.web.EmbeddedServletContainerAutoConfiguration$$EnhancerBySpringCGLIB$$e7762e19
2019-05-11 11:06:14.834 DEBUG 8956 --- [           main] o.s.c.a.ConfigurationClassPostProcessor  : Replacing bean definition 'org.springframework.boot.autoconfigure.web.EmbeddedServletContainerAutoConfiguration' existing class 'org.springframework.boot.autoconfigure.web.EmbeddedServletContainerAutoConfiguration' with enhanced class 'org.springframework.boot.autoconfigure.web.EmbeddedServletContainerAutoConfiguration$$EnhancerBySpringCGLIB$$e7762e19'
2019-05-11 11:06:14.834 DEBUG 8956 --- [kground-preinit] o.apache.tomcat.util.digester.Digester   :   Fire begin() for SetNextRule[methodName=add, paramType=java.lang.Object]
2019-05-11 11:06:14.834 DEBUG 8956 --- [kground-preinit] o.a.tomcat.util.digester.Digester.sax    : characters(

    )
2019-05-11 11:06:14.834 DEBUG 8956 --- [kground-preinit] o.a.tomcat.util.digester.Digester.sax    : startElement(,,attribute)
2019-05-11 11:06:14.834 DEBUG 8956 --- [kground-preinit] o.apache.tomcat.util.digester.Digester   :   New match='mbeans-descriptors/mbean/attribute'
2019-05-11 11:06:14.834 DEBUG 8956 --- [kground-preinit] o.apache.tomcat.util.digester.Digester   :   Fire begin() for ObjectCreateRule[className=org.apache.tomcat.util.modeler.AttributeInfo, attributeName=null]
2019-05-11 11:06:14.834 DEBUG 8956 --- [kground-preinit] o.apache.tomcat.util.digester.Digester   : [ObjectCreateRule]{mbeans-descriptors/mbean/attribute}New org.apache.tomcat.util.modeler.AttributeInfo
2019-05-11 11:06:14.834 DEBUG 8956 --- [kground-preinit] o.apache.tomcat.util.digester.Digester   :   Fire begin() for SetPropertiesRule[]
2019-05-11 11:06:14.834 DEBUG 8956 --- [kground-preinit] o.apache.tomcat.util.digester.Digester   : [SetPropertiesRule]{mbeans-descriptors/mbean/attribute} Set org.apache.tomcat.util.modeler.AttributeInfo properties
2019-05-11 11:06:14.834 DEBUG 8956 --- [kground-preinit] o.apache.tomcat.util.digester.Digester   : [SetPropertiesRule]{mbeans-descriptors/mbean/attribute} Setting property 'name' to 'address'
2019-05-11 11:06:14.835 DEBUG 8956 --- [kground-preinit] o.apache.tomcat.util.IntrospectionUtils  : IntrospectionUtils: setProperty(class org.apache.tomcat.util.modeler.AttributeInfo name=address)
2019-05-11 11:06:14.835 DEBUG 8956 --- [kground-preinit] o.apache.tomcat.util.digester.Digester   : [SetPropertiesRule]{mbeans-descriptors/mbean/attribute} Setting property 'description' to 'The address on which we wait for shutdown commands.'
2019-05-11 11:06:14.835 DEBUG 8956 --- [kground-preinit] o.apache.tomcat.util.IntrospectionUtils  : IntrospectionUtils: setProperty(class org.apache.tomcat.util.modeler.AttributeInfo description=The address on which we wait for shutdown commands.)
2019-05-11 11:06:14.835 DEBUG 8956 --- [kground-preinit] o.apache.tomcat.util.digester.Digester   : [SetPropertiesRule]{mbeans-descriptors/mbean/attribute} Setting property 'type' to 'java.lang.String'
2019-05-11 11:06:14.835 DEBUG 8956 --- [kground-preinit] o.apache.tomcat.util.IntrospectionUtils  : IntrospectionUtils: setProperty(class org.apache.tomcat.util.modeler.AttributeInfo type=java.lang.String)
2019-05-11 11:06:14.835 DEBUG 8956 --- [kground-preinit] o.apache.tomcat.util.digester.Digester   :   Fire begin() for SetNextRule[methodName=addAttribute, paramType=org.apache.tomcat.util.modeler.AttributeInfo]
2019-05-11 11:06:14.835 DEBUG 8956 --- [kground-preinit] o.a.tomcat.util.digester.Digester.sax    : endElement(,,attribute)
2019-05-11 11:06:14.835 DEBUG 8956 --- [kground-preinit] o.apache.tomcat.util.digester.Digester   :   match='mbeans-descriptors/mbean/attribute'
2019-05-11 11:06:14.835 DEBUG 8956 --- [kground-preinit] o.apache.tomcat.util.digester.Digester   :   bodyText=''
2019-05-11 11:06:14.835 DEBUG 8956 --- [kground-preinit] o.apache.tomcat.util.digester.Digester   :   Fire body() for ObjectCreateRule[className=org.apache.tomcat.util.modeler.AttributeInfo, attributeName=null]
2019-05-11 11:06:14.835 DEBUG 8956 --- [kground-preinit] o.apache.tomcat.util.digester.Digester   :   Fire body() for SetPropertiesRule[]
2019-05-11 11:06:14.836 DEBUG 8956 --- [kground-preinit] o.apache.tomcat.util.digester.Digester   :   Fire body() for SetNextRule[methodName=addAttribute, paramType=org.apache.tomcat.util.modeler.AttributeInfo]
2019-05-11 11:06:14.836 DEBUG 8956 --- [kground-preinit] o.apache.tomcat.util.digester.Digester   :   Fire end() for SetNextRule[methodName=addAttribute, paramType=org.apache.tomcat.util.modeler.AttributeInfo]
2019-05-11 11:06:14.836 DEBUG 8956 --- [kground-preinit] o.apache.tomcat.util.digester.Digester   : [SetNextRule]{mbeans-descriptors/mbean/attribute} Call org.apache.tomcat.util.modeler.ManagedBean.addAttribute(org.apache.tomcat.util.modeler.AttributeInfo@14972e7c)
2019-05-11 11:06:14.836 DEBUG 8956 --- [kground-preinit] o.apache.tomcat.util.IntrospectionUtils  : IntrospectionUtils: callMethod1 org.apache.tomcat.util.modeler.ManagedBean org.apache.tomcat.util.modeler.AttributeInfo org.apache.tomcat.util.modeler.AttributeInfo
2019-05-11 11:06:14.836 DEBUG 8956 --- [kground-preinit] o.apache.tomcat.util.digester.Digester   :   Fire end() for SetPropertiesRule[]
2019-05-11 11:06:14.836 DEBUG 8956 --- [kground-preinit] o.apache.tomcat.util.digester.Digester   :   Fire end() for ObjectCreateRule[className=org.apache.tomcat.util.modeler.AttributeInfo, attributeName=null]
2019-05-11 11:06:14.836 DEBUG 8956 --- [kground-preinit] o.apache.tomcat.util.digester.Digester   : [ObjectCreateRule]{mbeans-descriptors/mbean/attribute} Pop org.apache.tomcat.util.modeler.AttributeInfo
2019-05-11 11:06:14.836 DEBUG 8956 --- [kground-preinit] o.a.tomcat.util.digester.Digester.sax    : characters(

    )
2019-05-11 11:06:14.836 DEBUG 8956 --- [kground-preinit] o.a.tomcat.util.digester.Digester.sax    : startElement(,,attribute)
2019-05-11 11:06:14.836 DEBUG 8956 --- [kground-preinit] o.apache.tomcat.util.digester.Digester   :   New match='mbeans-descriptors/mbean/attribute'
2019-05-11 11:06:14.836 DEBUG 8956 --- [kground-preinit] o.apache.tomcat.util.digester.Digester   :   Fire begin() for ObjectCreateRule[className=org.apache.tomcat.util.modeler.AttributeInfo, attributeName=null]
2019-05-11 11:06:14.837 DEBUG 8956 --- [kground-preinit] o.apache.tomcat.util.digester.Digester   : [ObjectCreateRule]{mbeans-descriptors/mbean/attribute}New org.apache.tomcat.util.modeler.AttributeInfo
2019-05-11 11:06:14.837 DEBUG 8956 --- [kground-preinit] o.apache.tomcat.util.digester.Digester   :   Fire begin() for SetPropertiesRule[]
2019-05-11 11:06:14.837 DEBUG 8956 --- [kground-preinit] o.apache.tomcat.util.digester.Digester   : [SetPropertiesRule]{mbeans-descriptors/mbean/attribute} Set org.apache.tomcat.util.modeler.AttributeInfo properties
2019-05-11 11:06:14.837 DEBUG 8956 --- [kground-preinit] o.apache.tomcat.util.digester.Digester   : [SetPropertiesRule]{mbeans-descriptors/mbean/attribute} Setting property 'name' to 'managedResource'
2019-05-11 11:06:14.837 DEBUG 8956 --- [kground-preinit] o.apache.tomcat.util.IntrospectionUtils  : IntrospectionUtils: setProperty(class org.apache.tomcat.util.modeler.AttributeInfo name=managedResource)
2019-05-11 11:06:14.837 DEBUG 8956 --- [kground-preinit] o.apache.tomcat.util.digester.Digester   : [SetPropertiesRule]{mbeans-descriptors/mbean/attribute} Setting property 'description' to 'The managed resource this MBean is associated with'
2019-05-11 11:06:14.837 DEBUG 8956 --- [kground-preinit] o.apache.tomcat.util.IntrospectionUtils  : IntrospectionUtils: setProperty(class org.apache.tomcat.util.modeler.AttributeInfo description=The managed resource this MBean is associated with)
2019-05-11 11:06:14.837 DEBUG 8956 --- [kground-preinit] o.apache.tomcat.util.digester.Digester   : [SetPropertiesRule]{mbeans-descriptors/mbean/attribute} Setting property 'type' to 'java.lang.Object'
2019-05-11 11:06:14.837 DEBUG 8956 --- [kground-preinit] o.apache.tomcat.util.IntrospectionUtils  : IntrospectionUtils: setProperty(class org.apache.tomcat.util.modeler.AttributeInfo type=java.lang.Object)
2019-05-11 11:06:14.837 DEBUG 8956 --- [kground-preinit] o.apache.tomcat.util.digester.Digester   :   Fire begin() for SetNextRule[methodName=addAttribute, paramType=org.apache.tomcat.util.modeler.AttributeInfo]
2019-05-11 11:06:14.837 DEBUG 8956 --- [kground-preinit] o.a.tomcat.util.digester.Digester.sax    : endElement(,,attribute)
2019-05-11 11:06:14.838 DEBUG 8956 --- [kground-preinit] o.apache.tomcat.util.digester.Digester   :   match='mbeans-descriptors/mbean/attribute'
2019-05-11 11:06:14.838 DEBUG 8956 --- [kground-preinit] o.apache.tomcat.util.digester.Digester   :   bodyText=''
2019-05-11 11:06:14.838 DEBUG 8956 --- [kground-preinit] o.apache.tomcat.util.digester.Digester   :   Fire body() for ObjectCreateRule[className=org.apache.tomcat.util.modeler.AttributeInfo, attributeName=null]
2019-05-11 11:06:14.838 DEBUG 8956 --- [kground-preinit] o.apache.tomcat.util.digester.Digester   :   Fire body() for SetPropertiesRule[]
2019-05-11 11:06:14.838 DEBUG 8956 --- [kground-preinit] o.apache.tomcat.util.digester.Digester   :   Fire body() for SetNextRule[methodName=addAttribute, paramType=org.apache.tomcat.util.modeler.AttributeInfo]
2019-05-11 11:06:14.838 DEBUG 8956 --- [kground-preinit] o.apache.tomcat.util.digester.Digester   :   Fire end() for SetNextRule[methodName=addAttribute, paramType=org.apache.tomcat.util.modeler.AttributeInfo]
2019-05-11 11:06:14.838 DEBUG 8956 --- [kground-preinit] o.apache.tomcat.util.digester.Digester   : [SetNextRule]{mbeans-descriptors/mbean/attribute} Call org.apache.tomcat.util.modeler.ManagedBean.addAttribute(org.apache.tomcat.util.modeler.AttributeInfo@7d572596)
2019-05-11 11:06:14.838 DEBUG 8956 --- [kground-preinit] o.apache.tomcat.util.IntrospectionUtils  : IntrospectionUtils: callMethod1 org.apache.tomcat.util.modeler.ManagedBean org.apache.tomcat.util.modeler.AttributeInfo org.apache.tomcat.util.modeler.AttributeInfo
2019-05-11 11:06:14.838 DEBUG 8956 --- [kground-preinit] o.apache.tomcat.util.digester.Digester   :   Fire end() for SetPropertiesRule[]
2019-05-11 11:06:14.838 DEBUG 8956 --- [kground-preinit] o.apache.tomcat.util.digester.Digester   :   Fire end() for ObjectCreateRule[className=org.apache.tomcat.util.modeler.AttributeInfo, attributeName=null]
2019-05-11 11:06:14.839 DEBUG 8956 --- [kground-preinit] o.apache.tomcat.util.digester.Digester   : [ObjectCreateRule]{mbeans-descriptors/mbean/attribute} Pop org.apache.tomcat.util.modeler.AttributeInfo
2019-05-11 11:06:14.839 DEBUG 8956 --- [kground-preinit] o.a.tomcat.util.digester.Digester.sax    : characters(

    )
2019-05-11 11:06:14.839 DEBUG 8956 --- [kground-preinit] o.a.tomcat.util.digester.Digester.sax    : startElement(,,attribute)
2019-05-11 11:06:14.839 DEBUG 8956 --- [kground-preinit] o.apache.tomcat.util.digester.Digester   :   New match='mbeans-descriptors/mbean/attribute'
2019-05-11 11:06:14.839 DEBUG 8956 --- [kground-preinit] o.apache.tomcat.util.digester.Digester   :   Fire begin() for ObjectCreateRule[className=org.apache.tomcat.util.modeler.AttributeInfo, attributeName=null]
2019-05-11 11:06:14.839 DEBUG 8956 --- [kground-preinit] o.apache.tomcat.util.digester.Digester   : [ObjectCreateRule]{mbeans-descriptors/mbean/attribute}New org.apache.tomcat.util.modeler.AttributeInfo
2019-05-11 11:06:14.839 DEBUG 8956 --- [kground-preinit] o.apache.tomcat.util.digester.Digester   :   Fire begin() for SetPropertiesRule[]
2019-05-11 11:06:14.839 DEBUG 8956 --- [kground-preinit] o.apache.tomcat.util.digester.Digester   : [SetPropertiesRule]{mbeans-descriptors/mbean/attribute} Set org.apache.tomcat.util.modeler.AttributeInfo properties
2019-05-11 11:06:14.839 DEBUG 8956 --- [kground-preinit] o.apache.tomcat.util.digester.Digester   : [SetPropertiesRule]{mbeans-descriptors/mbean/attribute} Setting property 'name' to 'port'
2019-05-11 11:06:14.840 DEBUG 8956 --- [kground-preinit] o.apache.tomcat.util.IntrospectionUtils  : IntrospectionUtils: setProperty(class org.apache.tomcat.util.modeler.AttributeInfo name=port)
2019-05-11 11:06:14.840 DEBUG 8956 --- [kground-preinit] o.apache.tomcat.util.digester.Digester   : [SetPropertiesRule]{mbeans-descriptors/mbean/attribute} Setting property 'description' to 'TCP port for shutdown messages'
2019-05-11 11:06:14.840 DEBUG 8956 --- [kground-preinit] o.apache.tomcat.util.IntrospectionUtils  : IntrospectionUtils: setProperty(class org.apache.tomcat.util.modeler.AttributeInfo description=TCP port for shutdown messages)
2019-05-11 11:06:14.840 DEBUG 8956 --- [kground-preinit] o.apache.tomcat.util.digester.Digester   : [SetPropertiesRule]{mbeans-descriptors/mbean/attribute} Setting property 'type' to 'int'
2019-05-11 11:06:14.840 DEBUG 8956 --- [kground-preinit] o.apache.tomcat.util.IntrospectionUtils  : IntrospectionUtils: setProperty(class org.apache.tomcat.util.modeler.AttributeInfo type=int)
2019-05-11 11:06:14.840 DEBUG 8956 --- [kground-preinit] o.apache.tomcat.util.digester.Digester   :   Fire begin() for SetNextRule[methodName=addAttribute, paramType=org.apache.tomcat.util.modeler.AttributeInfo]
2019-05-11 11:06:14.840 DEBUG 8956 --- [kground-preinit] o.a.tomcat.util.digester.Digester.sax    : endElement(,,attribute)
2019-05-11 11:06:14.840 DEBUG 8956 --- [kground-preinit] o.apache.tomcat.util.digester.Digester   :   match='mbeans-descriptors/mbean/attribute'
2019-05-11 11:06:14.841 DEBUG 8956 --- [kground-preinit] o.apache.tomcat.util.digester.Digester   :   bodyText=''
2019-05-11 11:06:14.841 DEBUG 8956 --- [kground-preinit] o.apache.tomcat.util.digester.Digester   :   Fire body() for ObjectCreateRule[className=org.apache.tomcat.util.modeler.AttributeInfo, attributeName=null]
2019-05-11 11:06:14.841 DEBUG 8956 --- [kground-preinit] o.apache.tomcat.util.digester.Digester   :   Fire body() for SetPropertiesRule[]
2019-05-11 11:06:14.841 DEBUG 8956 --- [kground-preinit] o.apache.tomcat.util.digester.Digester   :   Fire body() for SetNextRule[methodName=addAttribute, paramType=org.apache.tomcat.util.modeler.AttributeInfo]
2019-05-11 11:06:14.841 DEBUG 8956 --- [kground-preinit] o.apache.tomcat.util.digester.Digester   :   Fire end() for SetNextRule[methodName=addAttribute, paramType=org.apache.tomcat.util.modeler.AttributeInfo]
2019-05-11 11:06:14.841 DEBUG 8956 --- [kground-preinit] o.apache.tomcat.util.digester.Digester   : [SetNextRule]{mbeans-descriptors/mbean/attribute} Call org.apache.tomcat.util.modeler.ManagedBean.addAttribute(org.apache.tomcat.util.modeler.AttributeInfo@c9cd48)
2019-05-11 11:06:14.841 DEBUG 8956 --- [kground-preinit] o.apache.tomcat.util.IntrospectionUtils  : IntrospectionUtils: callMethod1 org.apache.tomcat.util.modeler.ManagedBean org.apache.tomcat.util.modeler.AttributeInfo org.apache.tomcat.util.modeler.AttributeInfo
2019-05-11 11:06:14.841 DEBUG 8956 --- [kground-preinit] o.apache.tomcat.util.digester.Digester   :   Fire end() for SetPropertiesRule[]
2019-05-11 11:06:14.841 DEBUG 8956 --- [kground-preinit] o.apache.tomcat.util.digester.Digester   :   Fire end() for ObjectCreateRule[className=org.apache.tomcat.util.modeler.AttributeInfo, attributeName=null]
2019-05-11 11:06:14.841 DEBUG 8956 --- [kground-preinit] o.apache.tomcat.util.digester.Digester   : [ObjectCreateRule]{mbeans-descriptors/mbean/attribute} Pop org.apache.tomcat.util.modeler.AttributeInfo
2019-05-11 11:06:14.842 DEBUG 8956 --- [kground-preinit] o.a.tomcat.util.digester.Digester.sax    : characters(

    )
2019-05-11 11:06:14.842 DEBUG 8956 --- [kground-preinit] o.a.tomcat.util.digester.Digester.sax    : startElement(,,attribute)
2019-05-11 11:06:14.842 DEBUG 8956 --- [kground-preinit] o.apache.tomcat.util.digester.Digester   :   New match='mbeans-descriptors/mbean/attribute'
2019-05-11 11:06:14.842 DEBUG 8956 --- [kground-preinit] o.apache.tomcat.util.digester.Digester   :   Fire begin() for ObjectCreateRule[className=org.apache.tomcat.util.modeler.AttributeInfo, attributeName=null]
2019-05-11 11:06:14.842 DEBUG 8956 --- [kground-preinit] o.apache.tomcat.util.digester.Digester   : [ObjectCreateRule]{mbeans-descriptors/mbean/attribute}New org.apache.tomcat.util.modeler.AttributeInfo
2019-05-11 11:06:14.842 DEBUG 8956 --- [kground-preinit] o.apache.tomcat.util.digester.Digester   :   Fire begin() for SetPropertiesRule[]
2019-05-11 11:06:14.842 DEBUG 8956 --- [kground-preinit] o.apache.tomcat.util.digester.Digester   : [SetPropertiesRule]{mbeans-descriptors/mbean/attribute} Set org.apache.tomcat.util.modeler.AttributeInfo properties
2019-05-11 11:06:14.842 DEBUG 8956 --- [kground-preinit] o.apache.tomcat.util.digester.Digester   : [SetPropertiesRule]{mbeans-descriptors/mbean/attribute} Setting property 'name' to 'serverInfo'
2019-05-11 11:06:14.842 DEBUG 8956 --- [kground-preinit] o.apache.tomcat.util.IntrospectionUtils  : IntrospectionUtils: setProperty(class org.apache.tomcat.util.modeler.AttributeInfo name=serverInfo)
2019-05-11 11:06:14.842 DEBUG 8956 --- [kground-preinit] o.apache.tomcat.util.digester.Digester   : [SetPropertiesRule]{mbeans-descriptors/mbean/attribute} Setting property 'description' to 'Tomcat server release identifier'
2019-05-11 11:06:14.842 DEBUG 8956 --- [kground-preinit] o.apache.tomcat.util.IntrospectionUtils  : IntrospectionUtils: setProperty(class org.apache.tomcat.util.modeler.AttributeInfo description=Tomcat server release identifier)
2019-05-11 11:06:14.843 DEBUG 8956 --- [kground-preinit] o.apache.tomcat.util.digester.Digester   : [SetPropertiesRule]{mbeans-descriptors/mbean/attribute} Setting property 'type' to 'java.lang.String'
2019-05-11 11:06:14.843 DEBUG 8956 --- [kground-preinit] o.apache.tomcat.util.IntrospectionUtils  : IntrospectionUtils: setProperty(class org.apache.tomcat.util.modeler.AttributeInfo type=java.lang.String)
2019-05-11 11:06:14.843 DEBUG 8956 --- [kground-preinit] o.apache.tomcat.util.digester.Digester   : [SetPropertiesRule]{mbeans-descriptors/mbean/attribute} Setting property 'writeable' to 'false'
2019-05-11 11:06:14.843 DEBUG 8956 --- [kground-preinit] o.apache.tomcat.util.IntrospectionUtils  : IntrospectionUtils: setProperty(class org.apache.tomcat.util.modeler.AttributeInfo writeable=false)
2019-05-11 11:06:14.843 DEBUG 8956 --- [kground-preinit] o.apache.tomcat.util.digester.Digester   :   Fire begin() for SetNextRule[methodName=addAttribute, paramType=org.apache.tomcat.util.modeler.AttributeInfo]
2019-05-11 11:06:14.843 DEBUG 8956 --- [kground-preinit] o.a.tomcat.util.digester.Digester.sax    : endElement(,,attribute)
2019-05-11 11:06:14.843 DEBUG 8956 --- [kground-preinit] o.apache.tomcat.util.digester.Digester   :   match='mbeans-descriptors/mbean/attribute'
2019-05-11 11:06:14.843 DEBUG 8956 --- [kground-preinit] o.apache.tomcat.util.digester.Digester   :   bodyText=''
2019-05-11 11:06:14.843 DEBUG 8956 --- [kground-preinit] o.apache.tomcat.util.digester.Digester   :   Fire body() for ObjectCreateRule[className=org.apache.tomcat.util.modeler.AttributeInfo, attributeName=null]
2019-05-11 11:06:14.843 DEBUG 8956 --- [kground-preinit] o.apache.tomcat.util.digester.Digester   :   Fire body() for SetPropertiesRule[]
2019-05-11 11:06:14.843 DEBUG 8956 --- [kground-preinit] o.apache.tomcat.util.digester.Digester   :   Fire body() for SetNextRule[methodName=addAttribute, paramType=org.apache.tomcat.util.modeler.AttributeInfo]
2019-05-11 11:06:14.843 DEBUG 8956 --- [kground-preinit] o.apache.tomcat.util.digester.Digester   :   Fire end() for SetNextRule[methodName=addAttribute, paramType=org.apache.tomcat.util.modeler.AttributeInfo]
2019-05-11 11:06:14.844 DEBUG 8956 --- [kground-preinit] o.apache.tomcat.util.digester.Digester   : [SetNextRule]{mbeans-descriptors/mbean/attribute} Call org.apache.tomcat.util.modeler.ManagedBean.addAttribute(org.apache.tomcat.util.modeler.AttributeInfo@775460f3)
2019-05-11 11:06:14.844 DEBUG 8956 --- [kground-preinit] o.apache.tomcat.util.IntrospectionUtils  : IntrospectionUtils: callMethod1 org.apache.tomcat.util.modeler.ManagedBean org.apache.tomcat.util.modeler.AttributeInfo org.apache.tomcat.util.modeler.AttributeInfo
2019-05-11 11:06:14.844 DEBUG 8956 --- [kground-preinit] o.apache.tomcat.util.digester.Digester   :   Fire end() for SetPropertiesRule[]
2019-05-11 11:06:14.844 DEBUG 8956 --- [kground-preinit] o.apache.tomcat.util.digester.Digester   :   Fire end() for ObjectCreateRule[className=org.apache.tomcat.util.modeler.AttributeInfo, attributeName=null]
2019-05-11 11:06:14.844 DEBUG 8956 --- [kground-preinit] o.apache.tomcat.util.digester.Digester   : [ObjectCreateRule]{mbeans-descriptors/mbean/attribute} Pop org.apache.tomcat.util.modeler.AttributeInfo
2019-05-11 11:06:14.844 DEBUG 8956 --- [kground-preinit] o.a.tomcat.util.digester.Digester.sax    : characters(

    )
2019-05-11 11:06:14.845 DEBUG 8956 --- [kground-preinit] o.a.tomcat.util.digester.Digester.sax    : startElement(,,attribute)
2019-05-11 11:06:14.845 DEBUG 8956 --- [kground-preinit] o.apache.tomcat.util.digester.Digester   :   New match='mbeans-descriptors/mbean/attribute'
2019-05-11 11:06:14.845 DEBUG 8956 --- [kground-preinit] o.apache.tomcat.util.digester.Digester   :   Fire begin() for ObjectCreateRule[className=org.apache.tomcat.util.modeler.AttributeInfo, attributeName=null]
2019-05-11 11:06:14.845 DEBUG 8956 --- [kground-preinit] o.apache.tomcat.util.digester.Digester   : [ObjectCreateRule]{mbeans-descriptors/mbean/attribute}New org.apache.tomcat.util.modeler.AttributeInfo
2019-05-11 11:06:14.845 DEBUG 8956 --- [kground-preinit] o.apache.tomcat.util.digester.Digester   :   Fire begin() for SetPropertiesRule[]
2019-05-11 11:06:14.845 DEBUG 8956 --- [kground-preinit] o.apache.tomcat.util.digester.Digester   : [SetPropertiesRule]{mbeans-descriptors/mbean/attribute} Set org.apache.tomcat.util.modeler.AttributeInfo properties
2019-05-11 11:06:14.845 DEBUG 8956 --- [kground-preinit] o.apache.tomcat.util.digester.Digester   : [SetPropertiesRule]{mbeans-descriptors/mbean/attribute} Setting property 'name' to 'serverBuilt'
2019-05-11 11:06:14.845 DEBUG 8956 --- [kground-preinit] o.apache.tomcat.util.IntrospectionUtils  : IntrospectionUtils: setProperty(class org.apache.tomcat.util.modeler.AttributeInfo name=serverBuilt)
2019-05-11 11:06:14.845 DEBUG 8956 --- [kground-preinit] o.apache.tomcat.util.digester.Digester   : [SetPropertiesRule]{mbeans-descriptors/mbean/attribute} Setting property 'description' to 'Tomcat server built timestamp'
2019-05-11 11:06:14.845 DEBUG 8956 --- [kground-preinit] o.apache.tomcat.util.IntrospectionUtils  : IntrospectionUtils: setProperty(class org.apache.tomcat.util.modeler.AttributeInfo description=Tomcat server built timestamp)
2019-05-11 11:06:14.845 DEBUG 8956 --- [kground-preinit] o.apache.tomcat.util.digester.Digester   : [SetPropertiesRule]{mbeans-descriptors/mbean/attribute} Setting property 'type' to 'java.lang.String'
2019-05-11 11:06:14.845 DEBUG 8956 --- [kground-preinit] o.apache.tomcat.util.IntrospectionUtils  : IntrospectionUtils: setProperty(class org.apache.tomcat.util.modeler.AttributeInfo type=java.lang.String)
2019-05-11 11:06:14.845 DEBUG 8956 --- [kground-preinit] o.apache.tomcat.util.digester.Digester   : [SetPropertiesRule]{mbeans-descriptors/mbean/attribute} Setting property 'writeable' to 'false'
2019-05-11 11:06:14.849 DEBUG 8956 --- [           main] o.s.c.a.ConfigurationClassEnhancer       : Successfully enhanced org.springframework.boot.autoconfigure.web.DispatcherServletAutoConfiguration$DispatcherServletConfiguration; enhanced class name is: org.springframework.boot.autoconfigure.web.DispatcherServletAutoConfiguration$DispatcherServletConfiguration$$EnhancerBySpringCGLIB$$216f0d2b
2019-05-11 11:06:14.849 DEBUG 8956 --- [kground-preinit] o.apache.tomcat.util.IntrospectionUtils  : IntrospectionUtils: setProperty(class org.apache.tomcat.util.modeler.AttributeInfo writeable=false)
2019-05-11 11:06:14.849 DEBUG 8956 --- [kground-preinit] o.apache.tomcat.util.digester.Digester   :   Fire begin() for SetNextRule[methodName=addAttribute, paramType=org.apache.tomcat.util.modeler.AttributeInfo]
2019-05-11 11:06:14.849 DEBUG 8956 --- [kground-preinit] o.a.tomcat.util.digester.Digester.sax    : endElement(,,attribute)
2019-05-11 11:06:14.849 DEBUG 8956 --- [kground-preinit] o.apache.tomcat.util.digester.Digester   :   match='mbeans-descriptors/mbean/attribute'
2019-05-11 11:06:14.849 DEBUG 8956 --- [kground-preinit] o.apache.tomcat.util.digester.Digester   :   bodyText=''
2019-05-11 11:06:14.849 DEBUG 8956 --- [kground-preinit] o.apache.tomcat.util.digester.Digester   :   Fire body() for ObjectCreateRule[className=org.apache.tomcat.util.modeler.AttributeInfo, attributeName=null]
2019-05-11 11:06:14.849 DEBUG 8956 --- [           main] o.s.c.a.ConfigurationClassPostProcessor  : Replacing bean definition 'org.springframework.boot.autoconfigure.web.DispatcherServletAutoConfiguration$DispatcherServletConfiguration' existing class 'org.springframework.boot.autoconfigure.web.DispatcherServletAutoConfiguration$DispatcherServletConfiguration' with enhanced class 'org.springframework.boot.autoconfigure.web.DispatcherServletAutoConfiguration$DispatcherServletConfiguration$$EnhancerBySpringCGLIB$$216f0d2b'
2019-05-11 11:06:14.849 DEBUG 8956 --- [kground-preinit] o.apache.tomcat.util.digester.Digester   :   Fire body() for SetPropertiesRule[]
2019-05-11 11:06:14.850 DEBUG 8956 --- [kground-preinit] o.apache.tomcat.util.digester.Digester   :   Fire body() for SetNextRule[methodName=addAttribute, paramType=org.apache.tomcat.util.modeler.AttributeInfo]
2019-05-11 11:06:14.850 DEBUG 8956 --- [kground-preinit] o.apache.tomcat.util.digester.Digester   :   Fire end() for SetNextRule[methodName=addAttribute, paramType=org.apache.tomcat.util.modeler.AttributeInfo]
2019-05-11 11:06:14.850 DEBUG 8956 --- [kground-preinit] o.apache.tomcat.util.digester.Digester   : [SetNextRule]{mbeans-descriptors/mbean/attribute} Call org.apache.tomcat.util.modeler.ManagedBean.addAttribute(org.apache.tomcat.util.modeler.AttributeInfo@5a9d54ab)
2019-05-11 11:06:14.850 DEBUG 8956 --- [kground-preinit] o.apache.tomcat.util.IntrospectionUtils  : IntrospectionUtils: callMethod1 org.apache.tomcat.util.modeler.ManagedBean org.apache.tomcat.util.modeler.AttributeInfo org.apache.tomcat.util.modeler.AttributeInfo
2019-05-11 11:06:14.850 DEBUG 8956 --- [kground-preinit] o.apache.tomcat.util.digester.Digester   :   Fire end() for SetPropertiesRule[]
2019-05-11 11:06:14.850 DEBUG 8956 --- [kground-preinit] o.apache.tomcat.util.digester.Digester   :   Fire end() for ObjectCreateRule[className=org.apache.tomcat.util.modeler.AttributeInfo, attributeName=null]
2019-05-11 11:06:14.850 DEBUG 8956 --- [kground-preinit] o.apache.tomcat.util.digester.Digester   : [ObjectCreateRule]{mbeans-descriptors/mbean/attribute} Pop org.apache.tomcat.util.modeler.AttributeInfo
2019-05-11 11:06:14.850 DEBUG 8956 --- [kground-preinit] o.a.tomcat.util.digester.Digester.sax    : characters(

    )
2019-05-11 11:06:14.850 DEBUG 8956 --- [kground-preinit] o.a.tomcat.util.digester.Digester.sax    : startElement(,,attribute)
2019-05-11 11:06:14.850 DEBUG 8956 --- [kground-preinit] o.apache.tomcat.util.digester.Digester   :   New match='mbeans-descriptors/mbean/attribute'
2019-05-11 11:06:14.850 DEBUG 8956 --- [kground-preinit] o.apache.tomcat.util.digester.Digester   :   Fire begin() for ObjectCreateRule[className=org.apache.tomcat.util.modeler.AttributeInfo, attributeName=null]
2019-05-11 11:06:14.850 DEBUG 8956 --- [kground-preinit] o.apache.tomcat.util.digester.Digester   : [ObjectCreateRule]{mbeans-descriptors/mbean/attribute}New org.apache.tomcat.util.modeler.AttributeInfo
2019-05-11 11:06:14.850 DEBUG 8956 --- [kground-preinit] o.apache.tomcat.util.digester.Digester   :   Fire begin() for SetPropertiesRule[]
2019-05-11 11:06:14.850 DEBUG 8956 --- [kground-preinit] o.apache.tomcat.util.digester.Digester   : [SetPropertiesRule]{mbeans-descriptors/mbean/attribute} Set org.apache.tomcat.util.modeler.AttributeInfo properties
2019-05-11 11:06:14.851 DEBUG 8956 --- [kground-preinit] o.apache.tomcat.util.digester.Digester   : [SetPropertiesRule]{mbeans-descriptors/mbean/attribute} Setting property 'name' to 'serverNumber'
2019-05-11 11:06:14.851 DEBUG 8956 --- [kground-preinit] o.apache.tomcat.util.IntrospectionUtils  : IntrospectionUtils: setProperty(class org.apache.tomcat.util.modeler.AttributeInfo name=serverNumber)
2019-05-11 11:06:14.851 DEBUG 8956 --- [kground-preinit] o.apache.tomcat.util.digester.Digester   : [SetPropertiesRule]{mbeans-descriptors/mbean/attribute} Setting property 'description' to 'Tomcat server's version number'
2019-05-11 11:06:14.851 DEBUG 8956 --- [kground-preinit] o.apache.tomcat.util.IntrospectionUtils  : IntrospectionUtils: setProperty(class org.apache.tomcat.util.modeler.AttributeInfo description=Tomcat server's version number)
2019-05-11 11:06:14.851 DEBUG 8956 --- [kground-preinit] o.apache.tomcat.util.digester.Digester   : [SetPropertiesRule]{mbeans-descriptors/mbean/attribute} Setting property 'type' to 'java.lang.String'
2019-05-11 11:06:14.851 DEBUG 8956 --- [kground-preinit] o.apache.tomcat.util.IntrospectionUtils  : IntrospectionUtils: setProperty(class org.apache.tomcat.util.modeler.AttributeInfo type=java.lang.String)
2019-05-11 11:06:14.851 DEBUG 8956 --- [kground-preinit] o.apache.tomcat.util.digester.Digester   : [SetPropertiesRule]{mbeans-descriptors/mbean/attribute} Setting property 'writeable' to 'false'
2019-05-11 11:06:14.851 DEBUG 8956 --- [kground-preinit] o.apache.tomcat.util.IntrospectionUtils  : IntrospectionUtils: setProperty(class org.apache.tomcat.util.modeler.AttributeInfo writeable=false)
2019-05-11 11:06:14.851 DEBUG 8956 --- [kground-preinit] o.apache.tomcat.util.digester.Digester   :   Fire begin() for SetNextRule[methodName=addAttribute, paramType=org.apache.tomcat.util.modeler.AttributeInfo]
2019-05-11 11:06:14.851 DEBUG 8956 --- [kground-preinit] o.a.tomcat.util.digester.Digester.sax    : endElement(,,attribute)
2019-05-11 11:06:14.851 DEBUG 8956 --- [kground-preinit] o.apache.tomcat.util.digester.Digester   :   match='mbeans-descriptors/mbean/attribute'
2019-05-11 11:06:14.851 DEBUG 8956 --- [kground-preinit] o.apache.tomcat.util.digester.Digester   :   bodyText=''
2019-05-11 11:06:14.851 DEBUG 8956 --- [kground-preinit] o.apache.tomcat.util.digester.Digester   :   Fire body() for ObjectCreateRule[className=org.apache.tomcat.util.modeler.AttributeInfo, attributeName=null]
2019-05-11 11:06:14.851 DEBUG 8956 --- [kground-preinit] o.apache.tomcat.util.digester.Digester   :   Fire body() for SetPropertiesRule[]
2019-05-11 11:06:14.852 DEBUG 8956 --- [kground-preinit] o.apache.tomcat.util.digester.Digester   :   Fire body() for SetNextRule[methodName=addAttribute, paramType=org.apache.tomcat.util.modeler.AttributeInfo]
2019-05-11 11:06:14.852 DEBUG 8956 --- [kground-preinit] o.apache.tomcat.util.digester.Digester   :   Fire end() for SetNextRule[methodName=addAttribute, paramType=org.apache.tomcat.util.modeler.AttributeInfo]
2019-05-11 11:06:14.852 DEBUG 8956 --- [kground-preinit] o.apache.tomcat.util.digester.Digester   : [SetNextRule]{mbeans-descriptors/mbean/attribute} Call org.apache.tomcat.util.modeler.ManagedBean.addAttribute(org.apache.tomcat.util.modeler.AttributeInfo@1e22a1fb)
2019-05-11 11:06:14.852 DEBUG 8956 --- [kground-preinit] o.apache.tomcat.util.IntrospectionUtils  : IntrospectionUtils: callMethod1 org.apache.tomcat.util.modeler.ManagedBean org.apache.tomcat.util.modeler.AttributeInfo org.apache.tomcat.util.modeler.AttributeInfo
2019-05-11 11:06:14.852 DEBUG 8956 --- [kground-preinit] o.apache.tomcat.util.digester.Digester   :   Fire end() for SetPropertiesRule[]
2019-05-11 11:06:14.852 DEBUG 8956 --- [kground-preinit] o.apache.tomcat.util.digester.Digester   :   Fire end() for ObjectCreateRule[className=org.apache.tomcat.util.modeler.AttributeInfo, attributeName=null]
2019-05-11 11:06:14.852 DEBUG 8956 --- [kground-preinit] o.apache.tomcat.util.digester.Digester   : [ObjectCreateRule]{mbeans-descriptors/mbean/attribute} Pop org.apache.tomcat.util.modeler.AttributeInfo
2019-05-11 11:06:14.852 DEBUG 8956 --- [kground-preinit] o.a.tomcat.util.digester.Digester.sax    : characters(

    )
2019-05-11 11:06:14.852 DEBUG 8956 --- [kground-preinit] o.a.tomcat.util.digester.Digester.sax    : startElement(,,attribute)
2019-05-11 11:06:14.852 DEBUG 8956 --- [kground-preinit] o.apache.tomcat.util.digester.Digester   :   New match='mbeans-descriptors/mbean/attribute'
2019-05-11 11:06:14.852 DEBUG 8956 --- [kground-preinit] o.apache.tomcat.util.digester.Digester   :   Fire begin() for ObjectCreateRule[className=org.apache.tomcat.util.modeler.AttributeInfo, attributeName=null]
2019-05-11 11:06:14.852 DEBUG 8956 --- [kground-preinit] o.apache.tomcat.util.digester.Digester   : [ObjectCreateRule]{mbeans-descriptors/mbean/attribute}New org.apache.tomcat.util.modeler.AttributeInfo
2019-05-11 11:06:14.852 DEBUG 8956 --- [kground-preinit] o.apache.tomcat.util.digester.Digester   :   Fire begin() for SetPropertiesRule[]
2019-05-11 11:06:14.853 DEBUG 8956 --- [kground-preinit] o.apache.tomcat.util.digester.Digester   : [SetPropertiesRule]{mbeans-descriptors/mbean/attribute} Set org.apache.tomcat.util.modeler.AttributeInfo properties
2019-05-11 11:06:14.853 DEBUG 8956 --- [kground-preinit] o.apache.tomcat.util.digester.Digester   : [SetPropertiesRule]{mbeans-descriptors/mbean/attribute} Setting property 'name' to 'serviceNames'
2019-05-11 11:06:14.853 DEBUG 8956 --- [kground-preinit] o.apache.tomcat.util.IntrospectionUtils  : IntrospectionUtils: setProperty(class org.apache.tomcat.util.modeler.AttributeInfo name=serviceNames)
2019-05-11 11:06:14.853 DEBUG 8956 --- [kground-preinit] o.apache.tomcat.util.digester.Digester   : [SetPropertiesRule]{mbeans-descriptors/mbean/attribute} Setting property 'description' to 'Object names of all services we know about'
2019-05-11 11:06:14.853 DEBUG 8956 --- [kground-preinit] o.apache.tomcat.util.IntrospectionUtils  : IntrospectionUtils: setProperty(class org.apache.tomcat.util.modeler.AttributeInfo description=Object names of all services we know about)
2019-05-11 11:06:14.853 DEBUG 8956 --- [kground-preinit] o.apache.tomcat.util.digester.Digester   : [SetPropertiesRule]{mbeans-descriptors/mbean/attribute} Setting property 'type' to '[Ljavax.management.ObjectName;'
2019-05-11 11:06:14.853 DEBUG 8956 --- [kground-preinit] o.apache.tomcat.util.IntrospectionUtils  : IntrospectionUtils: setProperty(class org.apache.tomcat.util.modeler.AttributeInfo type=[Ljavax.management.ObjectName;)
2019-05-11 11:06:14.854 DEBUG 8956 --- [kground-preinit] o.apache.tomcat.util.digester.Digester   : [SetPropertiesRule]{mbeans-descriptors/mbean/attribute} Setting property 'writeable' to 'false'
2019-05-11 11:06:14.854 DEBUG 8956 --- [kground-preinit] o.apache.tomcat.util.IntrospectionUtils  : IntrospectionUtils: setProperty(class org.apache.tomcat.util.modeler.AttributeInfo writeable=false)
2019-05-11 11:06:14.854 DEBUG 8956 --- [kground-preinit] o.apache.tomcat.util.digester.Digester   :   Fire begin() for SetNextRule[methodName=addAttribute, paramType=org.apache.tomcat.util.modeler.AttributeInfo]
2019-05-11 11:06:14.854 DEBUG 8956 --- [kground-preinit] o.a.tomcat.util.digester.Digester.sax    : endElement(,,attribute)
2019-05-11 11:06:14.854 DEBUG 8956 --- [kground-preinit] o.apache.tomcat.util.digester.Digester   :   match='mbeans-descriptors/mbean/attribute'
2019-05-11 11:06:14.854 DEBUG 8956 --- [kground-preinit] o.apache.tomcat.util.digester.Digester   :   bodyText=''
2019-05-11 11:06:14.854 DEBUG 8956 --- [kground-preinit] o.apache.tomcat.util.digester.Digester   :   Fire body() for ObjectCreateRule[className=org.apache.tomcat.util.modeler.AttributeInfo, attributeName=null]
2019-05-11 11:06:14.854 DEBUG 8956 --- [kground-preinit] o.apache.tomcat.util.digester.Digester   :   Fire body() for SetPropertiesRule[]
2019-05-11 11:06:14.854 DEBUG 8956 --- [kground-preinit] o.apache.tomcat.util.digester.Digester   :   Fire body() for SetNextRule[methodName=addAttribute, paramType=org.apache.tomcat.util.modeler.AttributeInfo]
2019-05-11 11:06:14.854 DEBUG 8956 --- [kground-preinit] o.apache.tomcat.util.digester.Digester   :   Fire end() for SetNextRule[methodName=addAttribute, paramType=org.apache.tomcat.util.modeler.AttributeInfo]
2019-05-11 11:06:14.855 DEBUG 8956 --- [kground-preinit] o.apache.tomcat.util.digester.Digester   : [SetNextRule]{mbeans-descriptors/mbean/attribute} Call org.apache.tomcat.util.modeler.ManagedBean.addAttribute(org.apache.tomcat.util.modeler.AttributeInfo@50cf8cfa)
2019-05-11 11:06:14.855 DEBUG 8956 --- [kground-preinit] o.apache.tomcat.util.IntrospectionUtils  : IntrospectionUtils: callMethod1 org.apache.tomcat.util.modeler.ManagedBean org.apache.tomcat.util.modeler.AttributeInfo org.apache.tomcat.util.modeler.AttributeInfo
2019-05-11 11:06:14.855 DEBUG 8956 --- [kground-preinit] o.apache.tomcat.util.digester.Digester   :   Fire end() for SetPropertiesRule[]
2019-05-11 11:06:14.855 DEBUG 8956 --- [kground-preinit] o.apache.tomcat.util.digester.Digester   :   Fire end() for ObjectCreateRule[className=org.apache.tomcat.util.modeler.AttributeInfo, attributeName=null]
2019-05-11 11:06:14.855 DEBUG 8956 --- [kground-preinit] o.apache.tomcat.util.digester.Digester   : [ObjectCreateRule]{mbeans-descriptors/mbean/attribute} Pop org.apache.tomcat.util.modeler.AttributeInfo
2019-05-11 11:06:14.855 DEBUG 8956 --- [kground-preinit] o.a.tomcat.util.digester.Digester.sax    : characters(

    )
2019-05-11 11:06:14.855 DEBUG 8956 --- [kground-preinit] o.a.tomcat.util.digester.Digester.sax    : startElement(,,attribute)
2019-05-11 11:06:14.855 DEBUG 8956 --- [kground-preinit] o.apache.tomcat.util.digester.Digester   :   New match='mbeans-descriptors/mbean/attribute'
2019-05-11 11:06:14.855 DEBUG 8956 --- [kground-preinit] o.apache.tomcat.util.digester.Digester   :   Fire begin() for ObjectCreateRule[className=org.apache.tomcat.util.modeler.AttributeInfo, attributeName=null]
2019-05-11 11:06:14.855 DEBUG 8956 --- [kground-preinit] o.apache.tomcat.util.digester.Digester   : [ObjectCreateRule]{mbeans-descriptors/mbean/attribute}New org.apache.tomcat.util.modeler.AttributeInfo
2019-05-11 11:06:14.855 DEBUG 8956 --- [kground-preinit] o.apache.tomcat.util.digester.Digester   :   Fire begin() for SetPropertiesRule[]
2019-05-11 11:06:14.856 DEBUG 8956 --- [kground-preinit] o.apache.tomcat.util.digester.Digester   : [SetPropertiesRule]{mbeans-descriptors/mbean/attribute} Set org.apache.tomcat.util.modeler.AttributeInfo properties
2019-05-11 11:06:14.856 DEBUG 8956 --- [kground-preinit] o.apache.tomcat.util.digester.Digester   : [SetPropertiesRule]{mbeans-descriptors/mbean/attribute} Setting property 'name' to 'shutdown'
2019-05-11 11:06:14.856 DEBUG 8956 --- [kground-preinit] o.apache.tomcat.util.IntrospectionUtils  : IntrospectionUtils: setProperty(class org.apache.tomcat.util.modeler.AttributeInfo name=shutdown)
2019-05-11 11:06:14.856 DEBUG 8956 --- [kground-preinit] o.apache.tomcat.util.digester.Digester   : [SetPropertiesRule]{mbeans-descriptors/mbean/attribute} Setting property 'description' to 'Shutdown password'
2019-05-11 11:06:14.856 DEBUG 8956 --- [kground-preinit] o.apache.tomcat.util.IntrospectionUtils  : IntrospectionUtils: setProperty(class org.apache.tomcat.util.modeler.AttributeInfo description=Shutdown password)
2019-05-11 11:06:14.856 DEBUG 8956 --- [kground-preinit] o.apache.tomcat.util.digester.Digester   : [SetPropertiesRule]{mbeans-descriptors/mbean/attribute} Setting property 'type' to 'java.lang.String'
2019-05-11 11:06:14.856 DEBUG 8956 --- [kground-preinit] o.apache.tomcat.util.IntrospectionUtils  : IntrospectionUtils: setProperty(class org.apache.tomcat.util.modeler.AttributeInfo type=java.lang.String)
2019-05-11 11:06:14.857 DEBUG 8956 --- [kground-preinit] o.apache.tomcat.util.digester.Digester   :   Fire begin() for SetNextRule[methodName=addAttribute, paramType=org.apache.tomcat.util.modeler.AttributeInfo]
2019-05-11 11:06:14.857 DEBUG 8956 --- [kground-preinit] o.a.tomcat.util.digester.Digester.sax    : endElement(,,attribute)
2019-05-11 11:06:14.857 DEBUG 8956 --- [kground-preinit] o.apache.tomcat.util.digester.Digester   :   match='mbeans-descriptors/mbean/attribute'
2019-05-11 11:06:14.857 DEBUG 8956 --- [kground-preinit] o.apache.tomcat.util.digester.Digester   :   bodyText=''
2019-05-11 11:06:14.857 DEBUG 8956 --- [kground-preinit] o.apache.tomcat.util.digester.Digester   :   Fire body() for ObjectCreateRule[className=org.apache.tomcat.util.modeler.AttributeInfo, attributeName=null]
2019-05-11 11:06:14.857 DEBUG 8956 --- [kground-preinit] o.apache.tomcat.util.digester.Digester   :   Fire body() for SetPropertiesRule[]
2019-05-11 11:06:14.857 DEBUG 8956 --- [kground-preinit] o.apache.tomcat.util.digester.Digester   :   Fire body() for SetNextRule[methodName=addAttribute, paramType=org.apache.tomcat.util.modeler.AttributeInfo]
2019-05-11 11:06:14.857 DEBUG 8956 --- [kground-preinit] o.apache.tomcat.util.digester.Digester   :   Fire end() for SetNextRule[methodName=addAttribute, paramType=org.apache.tomcat.util.modeler.AttributeInfo]
2019-05-11 11:06:14.857 DEBUG 8956 --- [kground-preinit] o.apache.tomcat.util.digester.Digester   : [SetNextRule]{mbeans-descriptors/mbean/attribute} Call org.apache.tomcat.util.modeler.ManagedBean.addAttribute(org.apache.tomcat.util.modeler.AttributeInfo@4c82de8)
2019-05-11 11:06:14.857 DEBUG 8956 --- [kground-preinit] o.apache.tomcat.util.IntrospectionUtils  : IntrospectionUtils: callMethod1 org.apache.tomcat.util.modeler.ManagedBean org.apache.tomcat.util.modeler.AttributeInfo org.apache.tomcat.util.modeler.AttributeInfo
2019-05-11 11:06:14.858 DEBUG 8956 --- [kground-preinit] o.apache.tomcat.util.digester.Digester   :   Fire end() for SetPropertiesRule[]
2019-05-11 11:06:14.858 DEBUG 8956 --- [kground-preinit] o.apache.tomcat.util.digester.Digester   :   Fire end() for ObjectCreateRule[className=org.apache.tomcat.util.modeler.AttributeInfo, attributeName=null]
2019-05-11 11:06:14.858 DEBUG 8956 --- [kground-preinit] o.apache.tomcat.util.digester.Digester   : [ObjectCreateRule]{mbeans-descriptors/mbean/attribute} Pop org.apache.tomcat.util.modeler.AttributeInfo
2019-05-11 11:06:14.858 DEBUG 8956 --- [kground-preinit] o.a.tomcat.util.digester.Digester.sax    : characters(

    )
2019-05-11 11:06:14.858 DEBUG 8956 --- [kground-preinit] o.a.tomcat.util.digester.Digester.sax    : startElement(,,attribute)
2019-05-11 11:06:14.858 DEBUG 8956 --- [kground-preinit] o.apache.tomcat.util.digester.Digester   :   New match='mbeans-descriptors/mbean/attribute'
2019-05-11 11:06:14.858 DEBUG 8956 --- [kground-preinit] o.apache.tomcat.util.digester.Digester   :   Fire begin() for ObjectCreateRule[className=org.apache.tomcat.util.modeler.AttributeInfo, attributeName=null]
2019-05-11 11:06:14.858 DEBUG 8956 --- [kground-preinit] o.apache.tomcat.util.digester.Digester   : [ObjectCreateRule]{mbeans-descriptors/mbean/attribute}New org.apache.tomcat.util.modeler.AttributeInfo
2019-05-11 11:06:14.858 DEBUG 8956 --- [kground-preinit] o.apache.tomcat.util.digester.Digester   :   Fire begin() for SetPropertiesRule[]
2019-05-11 11:06:14.858 DEBUG 8956 --- [kground-preinit] o.apache.tomcat.util.digester.Digester   : [SetPropertiesRule]{mbeans-descriptors/mbean/attribute} Set org.apache.tomcat.util.modeler.AttributeInfo properties
2019-05-11 11:06:14.858 DEBUG 8956 --- [kground-preinit] o.apache.tomcat.util.digester.Digester   : [SetPropertiesRule]{mbeans-descriptors/mbean/attribute} Setting property 'name' to 'stateName'
2019-05-11 11:06:14.859 DEBUG 8956 --- [kground-preinit] o.apache.tomcat.util.IntrospectionUtils  : IntrospectionUtils: setProperty(class org.apache.tomcat.util.modeler.AttributeInfo name=stateName)
2019-05-11 11:06:14.859 DEBUG 8956 --- [kground-preinit] o.apache.tomcat.util.digester.Digester   : [SetPropertiesRule]{mbeans-descriptors/mbean/attribute} Setting property 'description' to 'The name of the LifecycleState that this component is currently in'
2019-05-11 11:06:14.859 DEBUG 8956 --- [kground-preinit] o.apache.tomcat.util.IntrospectionUtils  : IntrospectionUtils: setProperty(class org.apache.tomcat.util.modeler.AttributeInfo description=The name of the LifecycleState that this component is currently in)
2019-05-11 11:06:14.859 DEBUG 8956 --- [kground-preinit] o.apache.tomcat.util.digester.Digester   : [SetPropertiesRule]{mbeans-descriptors/mbean/attribute} Setting property 'type' to 'java.lang.String'
2019-05-11 11:06:14.859 DEBUG 8956 --- [kground-preinit] o.apache.tomcat.util.IntrospectionUtils  : IntrospectionUtils: setProperty(class org.apache.tomcat.util.modeler.AttributeInfo type=java.lang.String)
2019-05-11 11:06:14.859 DEBUG 8956 --- [kground-preinit] o.apache.tomcat.util.digester.Digester   : [SetPropertiesRule]{mbeans-descriptors/mbean/attribute} Setting property 'writeable' to 'false'
2019-05-11 11:06:14.859 DEBUG 8956 --- [kground-preinit] o.apache.tomcat.util.IntrospectionUtils  : IntrospectionUtils: setProperty(class org.apache.tomcat.util.modeler.AttributeInfo writeable=false)
2019-05-11 11:06:14.859 DEBUG 8956 --- [kground-preinit] o.apache.tomcat.util.digester.Digester   :   Fire begin() for SetNextRule[methodName=addAttribute, paramType=org.apache.tomcat.util.modeler.AttributeInfo]
2019-05-11 11:06:14.859 DEBUG 8956 --- [kground-preinit] o.a.tomcat.util.digester.Digester.sax    : endElement(,,attribute)
2019-05-11 11:06:14.859 DEBUG 8956 --- [kground-preinit] o.apache.tomcat.util.digester.Digester   :   match='mbeans-descriptors/mbean/attribute'
2019-05-11 11:06:14.859 DEBUG 8956 --- [kground-preinit] o.apache.tomcat.util.digester.Digester   :   bodyText=''
2019-05-11 11:06:14.859 DEBUG 8956 --- [kground-preinit] o.apache.tomcat.util.digester.Digester   :   Fire body() for ObjectCreateRule[className=org.apache.tomcat.util.modeler.AttributeInfo, attributeName=null]
2019-05-11 11:06:14.859 DEBUG 8956 --- [kground-preinit] o.apache.tomcat.util.digester.Digester   :   Fire body() for SetPropertiesRule[]
2019-05-11 11:06:14.859 DEBUG 8956 --- [kground-preinit] o.apache.tomcat.util.digester.Digester   :   Fire body() for SetNextRule[methodName=addAttribute, paramType=org.apache.tomcat.util.modeler.AttributeInfo]
2019-05-11 11:06:14.859 DEBUG 8956 --- [kground-preinit] o.apache.tomcat.util.digester.Digester   :   Fire end() for SetNextRule[methodName=addAttribute, paramType=org.apache.tomcat.util.modeler.AttributeInfo]
2019-05-11 11:06:14.860 DEBUG 8956 --- [kground-preinit] o.apache.tomcat.util.digester.Digester   : [SetNextRule]{mbeans-descriptors/mbean/attribute} Call org.apache.tomcat.util.modeler.ManagedBean.addAttribute(org.apache.tomcat.util.modeler.AttributeInfo@34c019d6)
2019-05-11 11:06:14.860 DEBUG 8956 --- [kground-preinit] o.apache.tomcat.util.IntrospectionUtils  : IntrospectionUtils: callMethod1 org.apache.tomcat.util.modeler.ManagedBean org.apache.tomcat.util.modeler.AttributeInfo org.apache.tomcat.util.modeler.AttributeInfo
2019-05-11 11:06:14.860 DEBUG 8956 --- [kground-preinit] o.apache.tomcat.util.digester.Digester   :   Fire end() for SetPropertiesRule[]
2019-05-11 11:06:14.860 DEBUG 8956 --- [kground-preinit] o.apache.tomcat.util.digester.Digester   :   Fire end() for ObjectCreateRule[className=org.apache.tomcat.util.modeler.AttributeInfo, attributeName=null]
2019-05-11 11:06:14.860 DEBUG 8956 --- [kground-preinit] o.apache.tomcat.util.digester.Digester   : [ObjectCreateRule]{mbeans-descriptors/mbean/attribute} Pop org.apache.tomcat.util.modeler.AttributeInfo
2019-05-11 11:06:14.860 DEBUG 8956 --- [kground-preinit] o.a.tomcat.util.digester.Digester.sax    : characters(

    )
2019-05-11 11:06:14.860 DEBUG 8956 --- [kground-preinit] o.a.tomcat.util.digester.Digester.sax    : startElement(,,operation)
2019-05-11 11:06:14.860 DEBUG 8956 --- [kground-preinit] o.apache.tomcat.util.digester.Digester   :   New match='mbeans-descriptors/mbean/operation'
2019-05-11 11:06:14.860 DEBUG 8956 --- [kground-preinit] o.apache.tomcat.util.digester.Digester   :   Fire begin() for ObjectCreateRule[className=org.apache.tomcat.util.modeler.OperationInfo, attributeName=null]
2019-05-11 11:06:14.860 DEBUG 8956 --- [kground-preinit] o.apache.tomcat.util.digester.Digester   : [ObjectCreateRule]{mbeans-descriptors/mbean/operation}New org.apache.tomcat.util.modeler.OperationInfo
2019-05-11 11:06:14.860 DEBUG 8956 --- [kground-preinit] o.apache.tomcat.util.digester.Digester   :   Fire begin() for SetPropertiesRule[]
2019-05-11 11:06:14.860 DEBUG 8956 --- [kground-preinit] o.apache.tomcat.util.digester.Digester   : [SetPropertiesRule]{mbeans-descriptors/mbean/operation} Set org.apache.tomcat.util.modeler.OperationInfo properties
2019-05-11 11:06:14.860 DEBUG 8956 --- [kground-preinit] o.apache.tomcat.util.digester.Digester   : [SetPropertiesRule]{mbeans-descriptors/mbean/operation} Setting property 'name' to 'await'
2019-05-11 11:06:14.860 DEBUG 8956 --- [kground-preinit] o.apache.tomcat.util.IntrospectionUtils  : IntrospectionUtils: setProperty(class org.apache.tomcat.util.modeler.OperationInfo name=await)
2019-05-11 11:06:14.861 DEBUG 8956 --- [kground-preinit] o.apache.tomcat.util.digester.Digester   : [SetPropertiesRule]{mbeans-descriptors/mbean/operation} Setting property 'description' to 'Wait for the shutdown message'
2019-05-11 11:06:14.861 DEBUG 8956 --- [           main] o.s.c.a.ConfigurationClassEnhancer       : Successfully enhanced org.springframework.boot.autoconfigure.web.DispatcherServletAutoConfiguration$DispatcherServletRegistrationConfiguration; enhanced class name is: org.springframework.boot.autoconfigure.web.DispatcherServletAutoConfiguration$DispatcherServletRegistrationConfiguration$$EnhancerBySpringCGLIB$$9c5e9c52
2019-05-11 11:06:14.861 DEBUG 8956 --- [kground-preinit] o.apache.tomcat.util.IntrospectionUtils  : IntrospectionUtils: setProperty(class org.apache.tomcat.util.modeler.OperationInfo description=Wait for the shutdown message)
2019-05-11 11:06:14.861 DEBUG 8956 --- [kground-preinit] o.apache.tomcat.util.digester.Digester   : [SetPropertiesRule]{mbeans-descriptors/mbean/operation} Setting property 'impact' to 'ACTION'
2019-05-11 11:06:14.861 DEBUG 8956 --- [           main] o.s.c.a.ConfigurationClassPostProcessor  : Replacing bean definition 'org.springframework.boot.autoconfigure.web.DispatcherServletAutoConfiguration$DispatcherServletRegistrationConfiguration' existing class 'org.springframework.boot.autoconfigure.web.DispatcherServletAutoConfiguration$DispatcherServletRegistrationConfiguration' with enhanced class 'org.springframework.boot.autoconfigure.web.DispatcherServletAutoConfiguration$DispatcherServletRegistrationConfiguration$$EnhancerBySpringCGLIB$$9c5e9c52'
2019-05-11 11:06:14.861 DEBUG 8956 --- [kground-preinit] o.apache.tomcat.util.IntrospectionUtils  : IntrospectionUtils: setProperty(class org.apache.tomcat.util.modeler.OperationInfo impact=ACTION)
2019-05-11 11:06:14.861 DEBUG 8956 --- [kground-preinit] o.apache.tomcat.util.digester.Digester   : [SetPropertiesRule]{mbeans-descriptors/mbean/operation} Setting property 'returnType' to 'void'
2019-05-11 11:06:14.861 DEBUG 8956 --- [kground-preinit] o.apache.tomcat.util.IntrospectionUtils  : IntrospectionUtils: setProperty(class org.apache.tomcat.util.modeler.OperationInfo returnType=void)
2019-05-11 11:06:14.862 DEBUG 8956 --- [kground-preinit] o.apache.tomcat.util.digester.Digester   :   Fire begin() for SetNextRule[methodName=addOperation, paramType=org.apache.tomcat.util.modeler.OperationInfo]
2019-05-11 11:06:14.862 DEBUG 8956 --- [kground-preinit] o.a.tomcat.util.digester.Digester.sax    : endElement(,,operation)
2019-05-11 11:06:14.862 DEBUG 8956 --- [kground-preinit] o.apache.tomcat.util.digester.Digester   :   match='mbeans-descriptors/mbean/operation'
2019-05-11 11:06:14.862 DEBUG 8956 --- [kground-preinit] o.apache.tomcat.util.digester.Digester   :   bodyText=''
2019-05-11 11:06:14.862 DEBUG 8956 --- [kground-preinit] o.apache.tomcat.util.digester.Digester   :   Fire body() for ObjectCreateRule[className=org.apache.tomcat.util.modeler.OperationInfo, attributeName=null]
2019-05-11 11:06:14.862 DEBUG 8956 --- [kground-preinit] o.apache.tomcat.util.digester.Digester   :   Fire body() for SetPropertiesRule[]
2019-05-11 11:06:14.862 DEBUG 8956 --- [kground-preinit] o.apache.tomcat.util.digester.Digester   :   Fire body() for SetNextRule[methodName=addOperation, paramType=org.apache.tomcat.util.modeler.OperationInfo]
2019-05-11 11:06:14.863 DEBUG 8956 --- [kground-preinit] o.apache.tomcat.util.digester.Digester   :   Fire end() for SetNextRule[methodName=addOperation, paramType=org.apache.tomcat.util.modeler.OperationInfo]
2019-05-11 11:06:14.863 DEBUG 8956 --- [kground-preinit] o.apache.tomcat.util.digester.Digester   : [SetNextRule]{mbeans-descriptors/mbean/operation} Call org.apache.tomcat.util.modeler.ManagedBean.addOperation(org.apache.tomcat.util.modeler.OperationInfo@3fe64bcc)
2019-05-11 11:06:14.863 DEBUG 8956 --- [kground-preinit] o.apache.tomcat.util.IntrospectionUtils  : IntrospectionUtils: callMethod1 org.apache.tomcat.util.modeler.ManagedBean org.apache.tomcat.util.modeler.OperationInfo org.apache.tomcat.util.modeler.OperationInfo
2019-05-11 11:06:14.863 DEBUG 8956 --- [kground-preinit] o.apache.tomcat.util.digester.Digester   :   Fire end() for SetPropertiesRule[]
2019-05-11 11:06:14.863 DEBUG 8956 --- [kground-preinit] o.apache.tomcat.util.digester.Digester   :   Fire end() for ObjectCreateRule[className=org.apache.tomcat.util.modeler.OperationInfo, attributeName=null]
2019-05-11 11:06:14.863 DEBUG 8956 --- [kground-preinit] o.apache.tomcat.util.digester.Digester   : [ObjectCreateRule]{mbeans-descriptors/mbean/operation} Pop org.apache.tomcat.util.modeler.OperationInfo
2019-05-11 11:06:14.863 DEBUG 8956 --- [kground-preinit] o.a.tomcat.util.digester.Digester.sax    : characters(

    )
2019-05-11 11:06:14.863 DEBUG 8956 --- [kground-preinit] o.a.tomcat.util.digester.Digester.sax    : startElement(,,operation)
2019-05-11 11:06:14.863 DEBUG 8956 --- [kground-preinit] o.apache.tomcat.util.digester.Digester   :   New match='mbeans-descriptors/mbean/operation'
2019-05-11 11:06:14.863 DEBUG 8956 --- [kground-preinit] o.apache.tomcat.util.digester.Digester   :   Fire begin() for ObjectCreateRule[className=org.apache.tomcat.util.modeler.OperationInfo, attributeName=null]
2019-05-11 11:06:14.863 DEBUG 8956 --- [kground-preinit] o.apache.tomcat.util.digester.Digester   : [ObjectCreateRule]{mbeans-descriptors/mbean/operation}New org.apache.tomcat.util.modeler.OperationInfo
2019-05-11 11:06:14.864 DEBUG 8956 --- [kground-preinit] o.apache.tomcat.util.digester.Digester   :   Fire begin() for SetPropertiesRule[]
2019-05-11 11:06:14.864 DEBUG 8956 --- [kground-preinit] o.apache.tomcat.util.digester.Digester   : [SetPropertiesRule]{mbeans-descriptors/mbean/operation} Set org.apache.tomcat.util.modeler.OperationInfo properties
2019-05-11 11:06:14.864 DEBUG 8956 --- [kground-preinit] o.apache.tomcat.util.digester.Digester   : [SetPropertiesRule]{mbeans-descriptors/mbean/operation} Setting property 'name' to 'storeConfig'
2019-05-11 11:06:14.864 DEBUG 8956 --- [kground-preinit] o.apache.tomcat.util.IntrospectionUtils  : IntrospectionUtils: setProperty(class org.apache.tomcat.util.modeler.OperationInfo name=storeConfig)
2019-05-11 11:06:14.864 DEBUG 8956 --- [kground-preinit] o.apache.tomcat.util.digester.Digester   : [SetPropertiesRule]{mbeans-descriptors/mbean/operation} Setting property 'description' to 'Save current state to server.xml file'
2019-05-11 11:06:14.864 DEBUG 8956 --- [kground-preinit] o.apache.tomcat.util.IntrospectionUtils  : IntrospectionUtils: setProperty(class org.apache.tomcat.util.modeler.OperationInfo description=Save current state to server.xml file)
2019-05-11 11:06:14.864 DEBUG 8956 --- [kground-preinit] o.apache.tomcat.util.digester.Digester   : [SetPropertiesRule]{mbeans-descriptors/mbean/operation} Setting property 'impact' to 'ACTION'
2019-05-11 11:06:14.864 DEBUG 8956 --- [kground-preinit] o.apache.tomcat.util.IntrospectionUtils  : IntrospectionUtils: setProperty(class org.apache.tomcat.util.modeler.OperationInfo impact=ACTION)
2019-05-11 11:06:14.864 DEBUG 8956 --- [kground-preinit] o.apache.tomcat.util.digester.Digester   : [SetPropertiesRule]{mbeans-descriptors/mbean/operation} Setting property 'returnType' to 'void'
2019-05-11 11:06:14.864 DEBUG 8956 --- [kground-preinit] o.apache.tomcat.util.IntrospectionUtils  : IntrospectionUtils: setProperty(class org.apache.tomcat.util.modeler.OperationInfo returnType=void)
2019-05-11 11:06:14.864 DEBUG 8956 --- [kground-preinit] o.apache.tomcat.util.digester.Digester   :   Fire begin() for SetNextRule[methodName=addOperation, paramType=org.apache.tomcat.util.modeler.OperationInfo]
2019-05-11 11:06:14.864 DEBUG 8956 --- [kground-preinit] o.a.tomcat.util.digester.Digester.sax    : characters(

    )
2019-05-11 11:06:14.864 DEBUG 8956 --- [kground-preinit] o.a.tomcat.util.digester.Digester.sax    : endElement(,,operation)
2019-05-11 11:06:14.864 DEBUG 8956 --- [kground-preinit] o.apache.tomcat.util.digester.Digester   :   match='mbeans-descriptors/mbean/operation'
2019-05-11 11:06:14.865 DEBUG 8956 --- [kground-preinit] o.apache.tomcat.util.digester.Digester   :   bodyText='

    '
2019-05-11 11:06:14.865 DEBUG 8956 --- [kground-preinit] o.apache.tomcat.util.digester.Digester   :   Fire body() for ObjectCreateRule[className=org.apache.tomcat.util.modeler.OperationInfo, attributeName=null]
2019-05-11 11:06:14.865 DEBUG 8956 --- [           main] o.s.c.a.ConfigurationClassEnhancer       : Successfully enhanced org.springframework.boot.autoconfigure.web.DispatcherServletAutoConfiguration; enhanced class name is: org.springframework.boot.autoconfigure.web.DispatcherServletAutoConfiguration$$EnhancerBySpringCGLIB$$707da02d
2019-05-11 11:06:14.865 DEBUG 8956 --- [kground-preinit] o.apache.tomcat.util.digester.Digester   :   Fire body() for SetPropertiesRule[]
2019-05-11 11:06:14.865 DEBUG 8956 --- [           main] o.s.c.a.ConfigurationClassPostProcessor  : Replacing bean definition 'org.springframework.boot.autoconfigure.web.DispatcherServletAutoConfiguration' existing class 'org.springframework.boot.autoconfigure.web.DispatcherServletAutoConfiguration' with enhanced class 'org.springframework.boot.autoconfigure.web.DispatcherServletAutoConfiguration$$EnhancerBySpringCGLIB$$707da02d'
2019-05-11 11:06:14.865 DEBUG 8956 --- [kground-preinit] o.apache.tomcat.util.digester.Digester   :   Fire body() for SetNextRule[methodName=addOperation, paramType=org.apache.tomcat.util.modeler.OperationInfo]
2019-05-11 11:06:14.865 DEBUG 8956 --- [kground-preinit] o.apache.tomcat.util.digester.Digester   :   Fire end() for SetNextRule[methodName=addOperation, paramType=org.apache.tomcat.util.modeler.OperationInfo]
2019-05-11 11:06:14.865 DEBUG 8956 --- [kground-preinit] o.apache.tomcat.util.digester.Digester   : [SetNextRule]{mbeans-descriptors/mbean/operation} Call org.apache.tomcat.util.modeler.ManagedBean.addOperation(org.apache.tomcat.util.modeler.OperationInfo@1362b896)
2019-05-11 11:06:14.865 DEBUG 8956 --- [kground-preinit] o.apache.tomcat.util.IntrospectionUtils  : IntrospectionUtils: callMethod1 org.apache.tomcat.util.modeler.ManagedBean org.apache.tomcat.util.modeler.OperationInfo org.apache.tomcat.util.modeler.OperationInfo
2019-05-11 11:06:14.866 DEBUG 8956 --- [kground-preinit] o.apache.tomcat.util.digester.Digester   :   Fire end() for SetPropertiesRule[]
2019-05-11 11:06:14.866 DEBUG 8956 --- [kground-preinit] o.apache.tomcat.util.digester.Digester   :   Fire end() for ObjectCreateRule[className=org.apache.tomcat.util.modeler.OperationInfo, attributeName=null]
2019-05-11 11:06:14.866 DEBUG 8956 --- [kground-preinit] o.apache.tomcat.util.digester.Digester   : [ObjectCreateRule]{mbeans-descriptors/mbean/operation} Pop org.apache.tomcat.util.modeler.OperationInfo
2019-05-11 11:06:14.866 DEBUG 8956 --- [kground-preinit] o.a.tomcat.util.digester.Digester.sax    : characters(

  )
2019-05-11 11:06:14.866 DEBUG 8956 --- [kground-preinit] o.a.tomcat.util.digester.Digester.sax    : endElement(,,mbean)
2019-05-11 11:06:14.866 DEBUG 8956 --- [kground-preinit] o.apache.tomcat.util.digester.Digester   :   match='mbeans-descriptors/mbean'
2019-05-11 11:06:14.866 DEBUG 8956 --- [kground-preinit] o.apache.tomcat.util.digester.Digester   :   bodyText='

    

    

    

    

    

    

    

    

    

    

    

  '
2019-05-11 11:06:14.866 DEBUG 8956 --- [kground-preinit] o.apache.tomcat.util.digester.Digester   :   Fire body() for ObjectCreateRule[className=org.apache.tomcat.util.modeler.ManagedBean, attributeName=null]
2019-05-11 11:06:14.866 DEBUG 8956 --- [kground-preinit] o.apache.tomcat.util.digester.Digester   :   Fire body() for SetPropertiesRule[]
2019-05-11 11:06:14.866 DEBUG 8956 --- [kground-preinit] o.apache.tomcat.util.digester.Digester   :   Fire body() for SetNextRule[methodName=add, paramType=java.lang.Object]
2019-05-11 11:06:14.866 DEBUG 8956 --- [kground-preinit] o.apache.tomcat.util.digester.Digester   :   Fire end() for SetNextRule[methodName=add, paramType=java.lang.Object]
2019-05-11 11:06:14.866 DEBUG 8956 --- [kground-preinit] o.apache.tomcat.util.digester.Digester   : [SetNextRule]{mbeans-descriptors/mbean} Call java.util.ArrayList.add(ManagedBean[name=StandardServer, className=org.apache.tomcat.util.modeler.BaseModelMBean, description=Standard Server Component, group=Server, type=org.apache.catalina.core.StandardServer])
2019-05-11 11:06:14.867 DEBUG 8956 --- [kground-preinit] o.apache.tomcat.util.IntrospectionUtils  : IntrospectionUtils: callMethod1 java.util.ArrayList org.apache.tomcat.util.modeler.ManagedBean java.lang.Object
2019-05-11 11:06:14.867 DEBUG 8956 --- [kground-preinit] o.apache.tomcat.util.digester.Digester   :   Fire end() for SetPropertiesRule[]
2019-05-11 11:06:14.867 DEBUG 8956 --- [kground-preinit] o.apache.tomcat.util.digester.Digester   :   Fire end() for ObjectCreateRule[className=org.apache.tomcat.util.modeler.ManagedBean, attributeName=null]
2019-05-11 11:06:14.867 DEBUG 8956 --- [kground-preinit] o.apache.tomcat.util.digester.Digester   : [ObjectCreateRule]{mbeans-descriptors/mbean} Pop org.apache.tomcat.util.modeler.ManagedBean
2019-05-11 11:06:14.867 DEBUG 8956 --- [kground-preinit] o.a.tomcat.util.digester.Digester.sax    : characters(


  )
2019-05-11 11:06:14.868 DEBUG 8956 --- [           main] o.s.c.a.ConfigurationClassEnhancer       : Successfully enhanced org.springframework.boot.autoconfigure.validation.ValidationAutoConfiguration; enhanced class name is: org.springframework.boot.autoconfigure.validation.ValidationAutoConfiguration$$EnhancerBySpringCGLIB$$ec08ee63
2019-05-11 11:06:14.868 DEBUG 8956 --- [           main] o.s.c.a.ConfigurationClassPostProcessor  : Replacing bean definition 'org.springframework.boot.autoconfigure.validation.ValidationAutoConfiguration' existing class 'org.springframework.boot.autoconfigure.validation.ValidationAutoConfiguration' with enhanced class 'org.springframework.boot.autoconfigure.validation.ValidationAutoConfiguration$$EnhancerBySpringCGLIB$$ec08ee63'
2019-05-11 11:06:14.868 DEBUG 8956 --- [kground-preinit] o.a.tomcat.util.digester.Digester.sax    : startElement(,,mbean)
2019-05-11 11:06:14.868 DEBUG 8956 --- [kground-preinit] o.apache.tomcat.util.digester.Digester   :   New match='mbeans-descriptors/mbean'
2019-05-11 11:06:14.868 DEBUG 8956 --- [kground-preinit] o.apache.tomcat.util.digester.Digester   :   Fire begin() for ObjectCreateRule[className=org.apache.tomcat.util.modeler.ManagedBean, attributeName=null]
2019-05-11 11:06:14.868 DEBUG 8956 --- [kground-preinit] o.apache.tomcat.util.digester.Digester   : [ObjectCreateRule]{mbeans-descriptors/mbean}New org.apache.tomcat.util.modeler.ManagedBean
2019-05-11 11:06:14.868 DEBUG 8956 --- [kground-preinit] o.apache.tomcat.util.digester.Digester   :   Fire begin() for SetPropertiesRule[]
2019-05-11 11:06:14.869 DEBUG 8956 --- [kground-preinit] o.apache.tomcat.util.digester.Digester   : [SetPropertiesRule]{mbeans-descriptors/mbean} Set org.apache.tomcat.util.modeler.ManagedBean properties
2019-05-11 11:06:14.869 DEBUG 8956 --- [kground-preinit] o.apache.tomcat.util.digester.Digester   : [SetPropertiesRule]{mbeans-descriptors/mbean} Setting property 'name' to 'StandardService'
2019-05-11 11:06:14.869 DEBUG 8956 --- [kground-preinit] o.apache.tomcat.util.IntrospectionUtils  : IntrospectionUtils: setProperty(class org.apache.tomcat.util.modeler.ManagedBean name=StandardService)
2019-05-11 11:06:14.869 DEBUG 8956 --- [kground-preinit] o.apache.tomcat.util.digester.Digester   : [SetPropertiesRule]{mbeans-descriptors/mbean} Setting property 'description' to 'Standard Service Component'
2019-05-11 11:06:14.869 DEBUG 8956 --- [kground-preinit] o.apache.tomcat.util.IntrospectionUtils  : IntrospectionUtils: setProperty(class org.apache.tomcat.util.modeler.ManagedBean description=Standard Service Component)
2019-05-11 11:06:14.869 DEBUG 8956 --- [kground-preinit] o.apache.tomcat.util.digester.Digester   : [SetPropertiesRule]{mbeans-descriptors/mbean} Setting property 'domain' to 'Catalina'
2019-05-11 11:06:14.869 DEBUG 8956 --- [kground-preinit] o.apache.tomcat.util.IntrospectionUtils  : IntrospectionUtils: setProperty(class org.apache.tomcat.util.modeler.ManagedBean domain=Catalina)
2019-05-11 11:06:14.871 DEBUG 8956 --- [kground-preinit] o.apache.tomcat.util.digester.Digester   : [SetPropertiesRule]{mbeans-descriptors/mbean} Setting property 'group' to 'Service'
2019-05-11 11:06:14.871 DEBUG 8956 --- [kground-preinit] o.apache.tomcat.util.IntrospectionUtils  : IntrospectionUtils: setProperty(class org.apache.tomcat.util.modeler.ManagedBean group=Service)
2019-05-11 11:06:14.871 DEBUG 8956 --- [           main] o.s.c.a.ConfigurationClassEnhancer       : Successfully enhanced org.springframework.boot.autoconfigure.web.ErrorMvcAutoConfiguration$WhitelabelErrorViewConfiguration; enhanced class name is: org.springframework.boot.autoconfigure.web.ErrorMvcAutoConfiguration$WhitelabelErrorViewConfiguration$$EnhancerBySpringCGLIB$$c150cf47
2019-05-11 11:06:14.871 DEBUG 8956 --- [           main] o.s.c.a.ConfigurationClassPostProcessor  : Replacing bean definition 'org.springframework.boot.autoconfigure.web.ErrorMvcAutoConfiguration$WhitelabelErrorViewConfiguration' existing class 'org.springframework.boot.autoconfigure.web.ErrorMvcAutoConfiguration$WhitelabelErrorViewConfiguration' with enhanced class 'org.springframework.boot.autoconfigure.web.ErrorMvcAutoConfiguration$WhitelabelErrorViewConfiguration$$EnhancerBySpringCGLIB$$c150cf47'
2019-05-11 11:06:14.871 DEBUG 8956 --- [kground-preinit] o.apache.tomcat.util.digester.Digester   : [SetPropertiesRule]{mbeans-descriptors/mbean} Setting property 'type' to 'org.apache.catalina.core.StandardService'
2019-05-11 11:06:14.872 DEBUG 8956 --- [kground-preinit] o.apache.tomcat.util.IntrospectionUtils  : IntrospectionUtils: setProperty(class org.apache.tomcat.util.modeler.ManagedBean type=org.apache.catalina.core.StandardService)
2019-05-11 11:06:14.872 DEBUG 8956 --- [kground-preinit] o.apache.tomcat.util.digester.Digester   : [SetPropertiesRule]{mbeans-descriptors/mbean} Setting property 'className' to 'org.apache.catalina.mbeans.ServiceMBean'
2019-05-11 11:06:14.872 DEBUG 8956 --- [kground-preinit] o.apache.tomcat.util.IntrospectionUtils  : IntrospectionUtils: setProperty(class org.apache.tomcat.util.modeler.ManagedBean className=org.apache.catalina.mbeans.ServiceMBean)
2019-05-11 11:06:14.872 DEBUG 8956 --- [kground-preinit] o.apache.tomcat.util.digester.Digester   :   Fire begin() for SetNextRule[methodName=add, paramType=java.lang.Object]
2019-05-11 11:06:14.872 DEBUG 8956 --- [kground-preinit] o.a.tomcat.util.digester.Digester.sax    : characters(

    )
2019-05-11 11:06:14.872 DEBUG 8956 --- [kground-preinit] o.a.tomcat.util.digester.Digester.sax    : startElement(,,attribute)
2019-05-11 11:06:14.872 DEBUG 8956 --- [kground-preinit] o.apache.tomcat.util.digester.Digester   :   New match='mbeans-descriptors/mbean/attribute'
2019-05-11 11:06:14.872 DEBUG 8956 --- [kground-preinit] o.apache.tomcat.util.digester.Digester   :   Fire begin() for ObjectCreateRule[className=org.apache.tomcat.util.modeler.AttributeInfo, attributeName=null]
2019-05-11 11:06:14.872 DEBUG 8956 --- [kground-preinit] o.apache.tomcat.util.digester.Digester   : [ObjectCreateRule]{mbeans-descriptors/mbean/attribute}New org.apache.tomcat.util.modeler.AttributeInfo
2019-05-11 11:06:14.872 DEBUG 8956 --- [kground-preinit] o.apache.tomcat.util.digester.Digester   :   Fire begin() for SetPropertiesRule[]
2019-05-11 11:06:14.872 DEBUG 8956 --- [kground-preinit] o.apache.tomcat.util.digester.Digester   : [SetPropertiesRule]{mbeans-descriptors/mbean/attribute} Set org.apache.tomcat.util.modeler.AttributeInfo properties
2019-05-11 11:06:14.872 DEBUG 8956 --- [kground-preinit] o.apache.tomcat.util.digester.Digester   : [SetPropertiesRule]{mbeans-descriptors/mbean/attribute} Setting property 'name' to 'connectorNames'
2019-05-11 11:06:14.873 DEBUG 8956 --- [kground-preinit] o.apache.tomcat.util.IntrospectionUtils  : IntrospectionUtils: setProperty(class org.apache.tomcat.util.modeler.AttributeInfo name=connectorNames)
2019-05-11 11:06:14.873 DEBUG 8956 --- [kground-preinit] o.apache.tomcat.util.digester.Digester   : [SetPropertiesRule]{mbeans-descriptors/mbean/attribute} Setting property 'description' to 'ObjectNames of the connectors'
2019-05-11 11:06:14.873 DEBUG 8956 --- [kground-preinit] o.apache.tomcat.util.IntrospectionUtils  : IntrospectionUtils: setProperty(class org.apache.tomcat.util.modeler.AttributeInfo description=ObjectNames of the connectors)
2019-05-11 11:06:14.873 DEBUG 8956 --- [kground-preinit] o.apache.tomcat.util.digester.Digester   : [SetPropertiesRule]{mbeans-descriptors/mbean/attribute} Setting property 'type' to '[Ljavax.management.ObjectName;'
2019-05-11 11:06:14.873 DEBUG 8956 --- [kground-preinit] o.apache.tomcat.util.IntrospectionUtils  : IntrospectionUtils: setProperty(class org.apache.tomcat.util.modeler.AttributeInfo type=[Ljavax.management.ObjectName;)
2019-05-11 11:06:14.873 DEBUG 8956 --- [kground-preinit] o.apache.tomcat.util.digester.Digester   : [SetPropertiesRule]{mbeans-descriptors/mbean/attribute} Setting property 'writeable' to 'false'
2019-05-11 11:06:14.873 DEBUG 8956 --- [kground-preinit] o.apache.tomcat.util.IntrospectionUtils  : IntrospectionUtils: setProperty(class org.apache.tomcat.util.modeler.AttributeInfo writeable=false)
2019-05-11 11:06:14.873 DEBUG 8956 --- [kground-preinit] o.apache.tomcat.util.digester.Digester   :   Fire begin() for SetNextRule[methodName=addAttribute, paramType=org.apache.tomcat.util.modeler.AttributeInfo]
2019-05-11 11:06:14.873 DEBUG 8956 --- [kground-preinit] o.a.tomcat.util.digester.Digester.sax    : endElement(,,attribute)
2019-05-11 11:06:14.874 DEBUG 8956 --- [kground-preinit] o.apache.tomcat.util.digester.Digester   :   match='mbeans-descriptors/mbean/attribute'
2019-05-11 11:06:14.874 DEBUG 8956 --- [kground-preinit] o.apache.tomcat.util.digester.Digester   :   bodyText=''
2019-05-11 11:06:14.874 DEBUG 8956 --- [kground-preinit] o.apache.tomcat.util.digester.Digester   :   Fire body() for ObjectCreateRule[className=org.apache.tomcat.util.modeler.AttributeInfo, attributeName=null]
2019-05-11 11:06:14.874 DEBUG 8956 --- [kground-preinit] o.apache.tomcat.util.digester.Digester   :   Fire body() for SetPropertiesRule[]
2019-05-11 11:06:14.874 DEBUG 8956 --- [kground-preinit] o.apache.tomcat.util.digester.Digester   :   Fire body() for SetNextRule[methodName=addAttribute, paramType=org.apache.tomcat.util.modeler.AttributeInfo]
2019-05-11 11:06:14.874 DEBUG 8956 --- [kground-preinit] o.apache.tomcat.util.digester.Digester   :   Fire end() for SetNextRule[methodName=addAttribute, paramType=org.apache.tomcat.util.modeler.AttributeInfo]
2019-05-11 11:06:14.874 DEBUG 8956 --- [kground-preinit] o.apache.tomcat.util.digester.Digester   : [SetNextRule]{mbeans-descriptors/mbean/attribute} Call org.apache.tomcat.util.modeler.ManagedBean.addAttribute(org.apache.tomcat.util.modeler.AttributeInfo@6f0f4260)
2019-05-11 11:06:14.874 DEBUG 8956 --- [kground-preinit] o.apache.tomcat.util.IntrospectionUtils  : IntrospectionUtils: callMethod1 org.apache.tomcat.util.modeler.ManagedBean org.apache.tomcat.util.modeler.AttributeInfo org.apache.tomcat.util.modeler.AttributeInfo
2019-05-11 11:06:14.874 DEBUG 8956 --- [           main] o.s.c.a.ConfigurationClassEnhancer       : Successfully enhanced org.springframework.boot.autoconfigure.web.ErrorMvcAutoConfiguration$DefaultErrorViewResolverConfiguration; enhanced class name is: org.springframework.boot.autoconfigure.web.ErrorMvcAutoConfiguration$DefaultErrorViewResolverConfiguration$$EnhancerBySpringCGLIB$$3da1712d
2019-05-11 11:06:14.874 DEBUG 8956 --- [kground-preinit] o.apache.tomcat.util.digester.Digester   :   Fire end() for SetPropertiesRule[]
2019-05-11 11:06:14.875 DEBUG 8956 --- [           main] o.s.c.a.ConfigurationClassPostProcessor  : Replacing bean definition 'org.springframework.boot.autoconfigure.web.ErrorMvcAutoConfiguration$DefaultErrorViewResolverConfiguration' existing class 'org.springframework.boot.autoconfigure.web.ErrorMvcAutoConfiguration$DefaultErrorViewResolverConfiguration' with enhanced class 'org.springframework.boot.autoconfigure.web.ErrorMvcAutoConfiguration$DefaultErrorViewResolverConfiguration$$EnhancerBySpringCGLIB$$3da1712d'
2019-05-11 11:06:14.875 DEBUG 8956 --- [kground-preinit] o.apache.tomcat.util.digester.Digester   :   Fire end() for ObjectCreateRule[className=org.apache.tomcat.util.modeler.AttributeInfo, attributeName=null]
2019-05-11 11:06:14.875 DEBUG 8956 --- [kground-preinit] o.apache.tomcat.util.digester.Digester   : [ObjectCreateRule]{mbeans-descriptors/mbean/attribute} Pop org.apache.tomcat.util.modeler.AttributeInfo
2019-05-11 11:06:14.875 DEBUG 8956 --- [kground-preinit] o.a.tomcat.util.digester.Digester.sax    : characters(

    )
2019-05-11 11:06:14.875 DEBUG 8956 --- [kground-preinit] o.a.tomcat.util.digester.Digester.sax    : startElement(,,attribute)
2019-05-11 11:06:14.875 DEBUG 8956 --- [kground-preinit] o.apache.tomcat.util.digester.Digester   :   New match='mbeans-descriptors/mbean/attribute'
2019-05-11 11:06:14.875 DEBUG 8956 --- [kground-preinit] o.apache.tomcat.util.digester.Digester   :   Fire begin() for ObjectCreateRule[className=org.apache.tomcat.util.modeler.AttributeInfo, attributeName=null]
2019-05-11 11:06:14.875 DEBUG 8956 --- [kground-preinit] o.apache.tomcat.util.digester.Digester   : [ObjectCreateRule]{mbeans-descriptors/mbean/attribute}New org.apache.tomcat.util.modeler.AttributeInfo
2019-05-11 11:06:14.876 DEBUG 8956 --- [kground-preinit] o.apache.tomcat.util.digester.Digester   :   Fire begin() for SetPropertiesRule[]
2019-05-11 11:06:14.876 DEBUG 8956 --- [kground-preinit] o.apache.tomcat.util.digester.Digester   : [SetPropertiesRule]{mbeans-descriptors/mbean/attribute} Set org.apache.tomcat.util.modeler.AttributeInfo properties
2019-05-11 11:06:14.876 DEBUG 8956 --- [kground-preinit] o.apache.tomcat.util.digester.Digester   : [SetPropertiesRule]{mbeans-descriptors/mbean/attribute} Setting property 'name' to 'managedResource'
2019-05-11 11:06:14.877 DEBUG 8956 --- [kground-preinit] o.apache.tomcat.util.IntrospectionUtils  : IntrospectionUtils: setProperty(class org.apache.tomcat.util.modeler.AttributeInfo name=managedResource)
2019-05-11 11:06:14.877 DEBUG 8956 --- [kground-preinit] o.apache.tomcat.util.digester.Digester   : [SetPropertiesRule]{mbeans-descriptors/mbean/attribute} Setting property 'description' to 'The managed resource this MBean is associated with'
2019-05-11 11:06:14.877 DEBUG 8956 --- [kground-preinit] o.apache.tomcat.util.IntrospectionUtils  : IntrospectionUtils: setProperty(class org.apache.tomcat.util.modeler.AttributeInfo description=The managed resource this MBean is associated with)
2019-05-11 11:06:14.877 DEBUG 8956 --- [kground-preinit] o.apache.tomcat.util.digester.Digester   : [SetPropertiesRule]{mbeans-descriptors/mbean/attribute} Setting property 'type' to 'java.lang.Object'
2019-05-11 11:06:14.877 DEBUG 8956 --- [kground-preinit] o.apache.tomcat.util.IntrospectionUtils  : IntrospectionUtils: setProperty(class org.apache.tomcat.util.modeler.AttributeInfo type=java.lang.Object)
2019-05-11 11:06:14.877 DEBUG 8956 --- [kground-preinit] o.apache.tomcat.util.digester.Digester   :   Fire begin() for SetNextRule[methodName=addAttribute, paramType=org.apache.tomcat.util.modeler.AttributeInfo]
2019-05-11 11:06:14.877 DEBUG 8956 --- [kground-preinit] o.a.tomcat.util.digester.Digester.sax    : endElement(,,attribute)
2019-05-11 11:06:14.878 DEBUG 8956 --- [kground-preinit] o.apache.tomcat.util.digester.Digester   :   match='mbeans-descriptors/mbean/attribute'
2019-05-11 11:06:14.878 DEBUG 8956 --- [kground-preinit] o.apache.tomcat.util.digester.Digester   :   bodyText=''
2019-05-11 11:06:14.878 DEBUG 8956 --- [kground-preinit] o.apache.tomcat.util.digester.Digester   :   Fire body() for ObjectCreateRule[className=org.apache.tomcat.util.modeler.AttributeInfo, attributeName=null]
2019-05-11 11:06:14.878 DEBUG 8956 --- [kground-preinit] o.apache.tomcat.util.digester.Digester   :   Fire body() for SetPropertiesRule[]
2019-05-11 11:06:14.878 DEBUG 8956 --- [kground-preinit] o.apache.tomcat.util.digester.Digester   :   Fire body() for SetNextRule[methodName=addAttribute, paramType=org.apache.tomcat.util.modeler.AttributeInfo]
2019-05-11 11:06:14.878 DEBUG 8956 --- [kground-preinit] o.apache.tomcat.util.digester.Digester   :   Fire end() for SetNextRule[methodName=addAttribute, paramType=org.apache.tomcat.util.modeler.AttributeInfo]
2019-05-11 11:06:14.878 DEBUG 8956 --- [kground-preinit] o.apache.tomcat.util.digester.Digester   : [SetNextRule]{mbeans-descriptors/mbean/attribute} Call org.apache.tomcat.util.modeler.ManagedBean.addAttribute(org.apache.tomcat.util.modeler.AttributeInfo@69afe11f)
2019-05-11 11:06:14.878 DEBUG 8956 --- [kground-preinit] o.apache.tomcat.util.IntrospectionUtils  : IntrospectionUtils: callMethod1 org.apache.tomcat.util.modeler.ManagedBean org.apache.tomcat.util.modeler.AttributeInfo org.apache.tomcat.util.modeler.AttributeInfo
2019-05-11 11:06:14.878 DEBUG 8956 --- [kground-preinit] o.apache.tomcat.util.digester.Digester   :   Fire end() for SetPropertiesRule[]
2019-05-11 11:06:14.878 DEBUG 8956 --- [kground-preinit] o.apache.tomcat.util.digester.Digester   :   Fire end() for ObjectCreateRule[className=org.apache.tomcat.util.modeler.AttributeInfo, attributeName=null]
2019-05-11 11:06:14.878 DEBUG 8956 --- [kground-preinit] o.apache.tomcat.util.digester.Digester   : [ObjectCreateRule]{mbeans-descriptors/mbean/attribute} Pop org.apache.tomcat.util.modeler.AttributeInfo
2019-05-11 11:06:14.878 DEBUG 8956 --- [kground-preinit] o.a.tomcat.util.digester.Digester.sax    : characters(

    )
2019-05-11 11:06:14.878 DEBUG 8956 --- [kground-preinit] o.a.tomcat.util.digester.Digester.sax    : startElement(,,attribute)
2019-05-11 11:06:14.878 DEBUG 8956 --- [kground-preinit] o.apache.tomcat.util.digester.Digester   :   New match='mbeans-descriptors/mbean/attribute'
2019-05-11 11:06:14.879 DEBUG 8956 --- [kground-preinit] o.apache.tomcat.util.digester.Digester   :   Fire begin() for ObjectCreateRule[className=org.apache.tomcat.util.modeler.AttributeInfo, attributeName=null]
2019-05-11 11:06:14.879 DEBUG 8956 --- [kground-preinit] o.apache.tomcat.util.digester.Digester   : [ObjectCreateRule]{mbeans-descriptors/mbean/attribute}New org.apache.tomcat.util.modeler.AttributeInfo
2019-05-11 11:06:14.879 DEBUG 8956 --- [kground-preinit] o.apache.tomcat.util.digester.Digester   :   Fire begin() for SetPropertiesRule[]
2019-05-11 11:06:14.879 DEBUG 8956 --- [kground-preinit] o.apache.tomcat.util.digester.Digester   : [SetPropertiesRule]{mbeans-descriptors/mbean/attribute} Set org.apache.tomcat.util.modeler.AttributeInfo properties
2019-05-11 11:06:14.879 DEBUG 8956 --- [kground-preinit] o.apache.tomcat.util.digester.Digester   : [SetPropertiesRule]{mbeans-descriptors/mbean/attribute} Setting property 'name' to 'name'
2019-05-11 11:06:14.879 DEBUG 8956 --- [kground-preinit] o.apache.tomcat.util.IntrospectionUtils  : IntrospectionUtils: setProperty(class org.apache.tomcat.util.modeler.AttributeInfo name=name)
2019-05-11 11:06:14.879 DEBUG 8956 --- [kground-preinit] o.apache.tomcat.util.digester.Digester   : [SetPropertiesRule]{mbeans-descriptors/mbean/attribute} Setting property 'description' to 'Unique name of this Service'
2019-05-11 11:06:14.879 DEBUG 8956 --- [kground-preinit] o.apache.tomcat.util.IntrospectionUtils  : IntrospectionUtils: setProperty(class org.apache.tomcat.util.modeler.AttributeInfo description=Unique name of this Service)
2019-05-11 11:06:14.879 DEBUG 8956 --- [kground-preinit] o.apache.tomcat.util.digester.Digester   : [SetPropertiesRule]{mbeans-descriptors/mbean/attribute} Setting property 'type' to 'java.lang.String'
2019-05-11 11:06:14.879 DEBUG 8956 --- [kground-preinit] o.apache.tomcat.util.IntrospectionUtils  : IntrospectionUtils: setProperty(class org.apache.tomcat.util.modeler.AttributeInfo type=java.lang.String)
2019-05-11 11:06:14.879 DEBUG 8956 --- [kground-preinit] o.apache.tomcat.util.digester.Digester   :   Fire begin() for SetNextRule[methodName=addAttribute, paramType=org.apache.tomcat.util.modeler.AttributeInfo]
2019-05-11 11:06:14.879 DEBUG 8956 --- [kground-preinit] o.a.tomcat.util.digester.Digester.sax    : endElement(,,attribute)
2019-05-11 11:06:14.879 DEBUG 8956 --- [kground-preinit] o.apache.tomcat.util.digester.Digester   :   match='mbeans-descriptors/mbean/attribute'
2019-05-11 11:06:14.879 DEBUG 8956 --- [kground-preinit] o.apache.tomcat.util.digester.Digester   :   bodyText=''
2019-05-11 11:06:14.880 DEBUG 8956 --- [kground-preinit] o.apache.tomcat.util.digester.Digester   :   Fire body() for ObjectCreateRule[className=org.apache.tomcat.util.modeler.AttributeInfo, attributeName=null]
2019-05-11 11:06:14.880 DEBUG 8956 --- [kground-preinit] o.apache.tomcat.util.digester.Digester   :   Fire body() for SetPropertiesRule[]
2019-05-11 11:06:14.880 DEBUG 8956 --- [kground-preinit] o.apache.tomcat.util.digester.Digester   :   Fire body() for SetNextRule[methodName=addAttribute, paramType=org.apache.tomcat.util.modeler.AttributeInfo]
2019-05-11 11:06:14.880 DEBUG 8956 --- [kground-preinit] o.apache.tomcat.util.digester.Digester   :   Fire end() for SetNextRule[methodName=addAttribute, paramType=org.apache.tomcat.util.modeler.AttributeInfo]
2019-05-11 11:06:14.880 DEBUG 8956 --- [kground-preinit] o.apache.tomcat.util.digester.Digester   : [SetNextRule]{mbeans-descriptors/mbean/attribute} Call org.apache.tomcat.util.modeler.ManagedBean.addAttribute(org.apache.tomcat.util.modeler.AttributeInfo@3cf967dd)
2019-05-11 11:06:14.880 DEBUG 8956 --- [kground-preinit] o.apache.tomcat.util.IntrospectionUtils  : IntrospectionUtils: callMethod1 org.apache.tomcat.util.modeler.ManagedBean org.apache.tomcat.util.modeler.AttributeInfo org.apache.tomcat.util.modeler.AttributeInfo
2019-05-11 11:06:14.880 DEBUG 8956 --- [kground-preinit] o.apache.tomcat.util.digester.Digester   :   Fire end() for SetPropertiesRule[]
2019-05-11 11:06:14.880 DEBUG 8956 --- [kground-preinit] o.apache.tomcat.util.digester.Digester   :   Fire end() for ObjectCreateRule[className=org.apache.tomcat.util.modeler.AttributeInfo, attributeName=null]
2019-05-11 11:06:14.880 DEBUG 8956 --- [kground-preinit] o.apache.tomcat.util.digester.Digester   : [ObjectCreateRule]{mbeans-descriptors/mbean/attribute} Pop org.apache.tomcat.util.modeler.AttributeInfo
2019-05-11 11:06:14.880 DEBUG 8956 --- [kground-preinit] o.a.tomcat.util.digester.Digester.sax    : characters(

    )
2019-05-11 11:06:14.880 DEBUG 8956 --- [kground-preinit] o.a.tomcat.util.digester.Digester.sax    : startElement(,,attribute)
2019-05-11 11:06:14.880 DEBUG 8956 --- [kground-preinit] o.apache.tomcat.util.digester.Digester   :   New match='mbeans-descriptors/mbean/attribute'
2019-05-11 11:06:14.880 DEBUG 8956 --- [kground-preinit] o.apache.tomcat.util.digester.Digester   :   Fire begin() for ObjectCreateRule[className=org.apache.tomcat.util.modeler.AttributeInfo, attributeName=null]
2019-05-11 11:06:14.880 DEBUG 8956 --- [kground-preinit] o.apache.tomcat.util.digester.Digester   : [ObjectCreateRule]{mbeans-descriptors/mbean/attribute}New org.apache.tomcat.util.modeler.AttributeInfo
2019-05-11 11:06:14.880 DEBUG 8956 --- [kground-preinit] o.apache.tomcat.util.digester.Digester   :   Fire begin() for SetPropertiesRule[]
2019-05-11 11:06:14.881 DEBUG 8956 --- [kground-preinit] o.apache.tomcat.util.digester.Digester   : [SetPropertiesRule]{mbeans-descriptors/mbean/attribute} Set org.apache.tomcat.util.modeler.AttributeInfo properties
2019-05-11 11:06:14.881 DEBUG 8956 --- [kground-preinit] o.apache.tomcat.util.digester.Digester   : [SetPropertiesRule]{mbeans-descriptors/mbean/attribute} Setting property 'name' to 'stateName'
2019-05-11 11:06:14.881 DEBUG 8956 --- [kground-preinit] o.apache.tomcat.util.IntrospectionUtils  : IntrospectionUtils: setProperty(class org.apache.tomcat.util.modeler.AttributeInfo name=stateName)
2019-05-11 11:06:14.881 DEBUG 8956 --- [kground-preinit] o.apache.tomcat.util.digester.Digester   : [SetPropertiesRule]{mbeans-descriptors/mbean/attribute} Setting property 'description' to 'The name of the LifecycleState that this component is currently in'
2019-05-11 11:06:14.881 DEBUG 8956 --- [           main] o.s.c.a.ConfigurationClassEnhancer       : Successfully enhanced org.springframework.boot.autoconfigure.web.ErrorMvcAutoConfiguration; enhanced class name is: org.springframework.boot.autoconfigure.web.ErrorMvcAutoConfiguration$$EnhancerBySpringCGLIB$$310467cd
2019-05-11 11:06:14.881 DEBUG 8956 --- [kground-preinit] o.apache.tomcat.util.IntrospectionUtils  : IntrospectionUtils: setProperty(class org.apache.tomcat.util.modeler.AttributeInfo description=The name of the LifecycleState that this component is currently in)
2019-05-11 11:06:14.881 DEBUG 8956 --- [           main] o.s.c.a.ConfigurationClassPostProcessor  : Replacing bean definition 'org.springframework.boot.autoconfigure.web.ErrorMvcAutoConfiguration' existing class 'org.springframework.boot.autoconfigure.web.ErrorMvcAutoConfiguration' with enhanced class 'org.springframework.boot.autoconfigure.web.ErrorMvcAutoConfiguration$$EnhancerBySpringCGLIB$$310467cd'
2019-05-11 11:06:14.881 DEBUG 8956 --- [kground-preinit] o.apache.tomcat.util.digester.Digester   : [SetPropertiesRule]{mbeans-descriptors/mbean/attribute} Setting property 'type' to 'java.lang.String'
2019-05-11 11:06:14.881 DEBUG 8956 --- [kground-preinit] o.apache.tomcat.util.IntrospectionUtils  : IntrospectionUtils: setProperty(class org.apache.tomcat.util.modeler.AttributeInfo type=java.lang.String)
2019-05-11 11:06:14.881 DEBUG 8956 --- [kground-preinit] o.apache.tomcat.util.digester.Digester   : [SetPropertiesRule]{mbeans-descriptors/mbean/attribute} Setting property 'writeable' to 'false'
2019-05-11 11:06:14.881 DEBUG 8956 --- [kground-preinit] o.apache.tomcat.util.IntrospectionUtils  : IntrospectionUtils: setProperty(class org.apache.tomcat.util.modeler.AttributeInfo writeable=false)
2019-05-11 11:06:14.881 DEBUG 8956 --- [kground-preinit] o.apache.tomcat.util.digester.Digester   :   Fire begin() for SetNextRule[methodName=addAttribute, paramType=org.apache.tomcat.util.modeler.AttributeInfo]
2019-05-11 11:06:14.882 DEBUG 8956 --- [kground-preinit] o.a.tomcat.util.digester.Digester.sax    : endElement(,,attribute)
2019-05-11 11:06:14.882 DEBUG 8956 --- [kground-preinit] o.apache.tomcat.util.digester.Digester   :   match='mbeans-descriptors/mbean/attribute'
2019-05-11 11:06:14.882 DEBUG 8956 --- [kground-preinit] o.apache.tomcat.util.digester.Digester   :   bodyText=''
2019-05-11 11:06:14.882 DEBUG 8956 --- [kground-preinit] o.apache.tomcat.util.digester.Digester   :   Fire body() for ObjectCreateRule[className=org.apache.tomcat.util.modeler.AttributeInfo, attributeName=null]
2019-05-11 11:06:14.882 DEBUG 8956 --- [kground-preinit] o.apache.tomcat.util.digester.Digester   :   Fire body() for SetPropertiesRule[]
2019-05-11 11:06:14.882 DEBUG 8956 --- [kground-preinit] o.apache.tomcat.util.digester.Digester   :   Fire body() for SetNextRule[methodName=addAttribute, paramType=org.apache.tomcat.util.modeler.AttributeInfo]
2019-05-11 11:06:14.882 DEBUG 8956 --- [kground-preinit] o.apache.tomcat.util.digester.Digester   :   Fire end() for SetNextRule[methodName=addAttribute, paramType=org.apache.tomcat.util.modeler.AttributeInfo]
2019-05-11 11:06:14.882 DEBUG 8956 --- [kground-preinit] o.apache.tomcat.util.digester.Digester   : [SetNextRule]{mbeans-descriptors/mbean/attribute} Call org.apache.tomcat.util.modeler.ManagedBean.addAttribute(org.apache.tomcat.util.modeler.AttributeInfo@81969cf)
2019-05-11 11:06:14.882 DEBUG 8956 --- [kground-preinit] o.apache.tomcat.util.IntrospectionUtils  : IntrospectionUtils: callMethod1 org.apache.tomcat.util.modeler.ManagedBean org.apache.tomcat.util.modeler.AttributeInfo org.apache.tomcat.util.modeler.AttributeInfo
2019-05-11 11:06:14.882 DEBUG 8956 --- [kground-preinit] o.apache.tomcat.util.digester.Digester   :   Fire end() for SetPropertiesRule[]
2019-05-11 11:06:14.882 DEBUG 8956 --- [kground-preinit] o.apache.tomcat.util.digester.Digester   :   Fire end() for ObjectCreateRule[className=org.apache.tomcat.util.modeler.AttributeInfo, attributeName=null]
2019-05-11 11:06:14.882 DEBUG 8956 --- [kground-preinit] o.apache.tomcat.util.digester.Digester   : [ObjectCreateRule]{mbeans-descriptors/mbean/attribute} Pop org.apache.tomcat.util.modeler.AttributeInfo
2019-05-11 11:06:14.882 DEBUG 8956 --- [kground-preinit] o.a.tomcat.util.digester.Digester.sax    : characters(

    )
2019-05-11 11:06:14.883 DEBUG 8956 --- [kground-preinit] o.a.tomcat.util.digester.Digester.sax    : startElement(,,operation)
2019-05-11 11:06:14.883 DEBUG 8956 --- [kground-preinit] o.apache.tomcat.util.digester.Digester   :   New match='mbeans-descriptors/mbean/operation'
2019-05-11 11:06:14.883 DEBUG 8956 --- [kground-preinit] o.apache.tomcat.util.digester.Digester   :   Fire begin() for ObjectCreateRule[className=org.apache.tomcat.util.modeler.OperationInfo, attributeName=null]
2019-05-11 11:06:14.883 DEBUG 8956 --- [kground-preinit] o.apache.tomcat.util.digester.Digester   : [ObjectCreateRule]{mbeans-descriptors/mbean/operation}New org.apache.tomcat.util.modeler.OperationInfo
2019-05-11 11:06:14.883 DEBUG 8956 --- [kground-preinit] o.apache.tomcat.util.digester.Digester   :   Fire begin() for SetPropertiesRule[]
2019-05-11 11:06:14.883 DEBUG 8956 --- [kground-preinit] o.apache.tomcat.util.digester.Digester   : [SetPropertiesRule]{mbeans-descriptors/mbean/operation} Set org.apache.tomcat.util.modeler.OperationInfo properties
2019-05-11 11:06:14.883 DEBUG 8956 --- [kground-preinit] o.apache.tomcat.util.digester.Digester   : [SetPropertiesRule]{mbeans-descriptors/mbean/operation} Setting property 'name' to 'addConnector'
2019-05-11 11:06:14.883 DEBUG 8956 --- [kground-preinit] o.apache.tomcat.util.IntrospectionUtils  : IntrospectionUtils: setProperty(class org.apache.tomcat.util.modeler.OperationInfo name=addConnector)
2019-05-11 11:06:14.883 DEBUG 8956 --- [kground-preinit] o.apache.tomcat.util.digester.Digester   : [SetPropertiesRule]{mbeans-descriptors/mbean/operation} Setting property 'description' to 'Add a new connector'
2019-05-11 11:06:14.883 DEBUG 8956 --- [kground-preinit] o.apache.tomcat.util.IntrospectionUtils  : IntrospectionUtils: setProperty(class org.apache.tomcat.util.modeler.OperationInfo description=Add a new connector)
2019-05-11 11:06:14.883 DEBUG 8956 --- [kground-preinit] o.apache.tomcat.util.digester.Digester   : [SetPropertiesRule]{mbeans-descriptors/mbean/operation} Setting property 'impact' to 'ACTION'
2019-05-11 11:06:14.883 DEBUG 8956 --- [kground-preinit] o.apache.tomcat.util.IntrospectionUtils  : IntrospectionUtils: setProperty(class org.apache.tomcat.util.modeler.OperationInfo impact=ACTION)
2019-05-11 11:06:14.883 DEBUG 8956 --- [kground-preinit] o.apache.tomcat.util.digester.Digester   : [SetPropertiesRule]{mbeans-descriptors/mbean/operation} Setting property 'returnType' to 'void'
2019-05-11 11:06:14.884 DEBUG 8956 --- [kground-preinit] o.apache.tomcat.util.IntrospectionUtils  : IntrospectionUtils: setProperty(class org.apache.tomcat.util.modeler.OperationInfo returnType=void)
2019-05-11 11:06:14.884 DEBUG 8956 --- [kground-preinit] o.apache.tomcat.util.digester.Digester   :   Fire begin() for SetNextRule[methodName=addOperation, paramType=org.apache.tomcat.util.modeler.OperationInfo]
2019-05-11 11:06:14.884 DEBUG 8956 --- [kground-preinit] o.a.tomcat.util.digester.Digester.sax    : characters(
      )
2019-05-11 11:06:14.884 DEBUG 8956 --- [kground-preinit] o.a.tomcat.util.digester.Digester.sax    : startElement(,,parameter)
2019-05-11 11:06:14.884 DEBUG 8956 --- [kground-preinit] o.apache.tomcat.util.digester.Digester   :   New match='mbeans-descriptors/mbean/operation/parameter'
2019-05-11 11:06:14.884 DEBUG 8956 --- [kground-preinit] o.apache.tomcat.util.digester.Digester   :   Fire begin() for ObjectCreateRule[className=org.apache.tomcat.util.modeler.ParameterInfo, attributeName=null]
2019-05-11 11:06:14.884 DEBUG 8956 --- [kground-preinit] o.apache.tomcat.util.digester.Digester   : [ObjectCreateRule]{mbeans-descriptors/mbean/operation/parameter}New org.apache.tomcat.util.modeler.ParameterInfo
2019-05-11 11:06:14.885 DEBUG 8956 --- [kground-preinit] o.apache.tomcat.util.digester.Digester   :   Fire begin() for SetPropertiesRule[]
2019-05-11 11:06:14.885 DEBUG 8956 --- [kground-preinit] o.apache.tomcat.util.digester.Digester   : [SetPropertiesRule]{mbeans-descriptors/mbean/operation/parameter} Set org.apache.tomcat.util.modeler.ParameterInfo properties
2019-05-11 11:06:14.885 DEBUG 8956 --- [kground-preinit] o.apache.tomcat.util.digester.Digester   : [SetPropertiesRule]{mbeans-descriptors/mbean/operation/parameter} Setting property 'name' to 'address'
2019-05-11 11:06:14.885 DEBUG 8956 --- [kground-preinit] o.apache.tomcat.util.IntrospectionUtils  : IntrospectionUtils: setProperty(class org.apache.tomcat.util.modeler.ParameterInfo name=address)
2019-05-11 11:06:14.886 DEBUG 8956 --- [kground-preinit] o.apache.tomcat.util.digester.Digester   : [SetPropertiesRule]{mbeans-descriptors/mbean/operation/parameter} Setting property 'description' to 'The IP address on which to bind'
2019-05-11 11:06:14.886 DEBUG 8956 --- [kground-preinit] o.apache.tomcat.util.IntrospectionUtils  : IntrospectionUtils: setProperty(class org.apache.tomcat.util.modeler.ParameterInfo description=The IP address on which to bind)
2019-05-11 11:06:14.886 DEBUG 8956 --- [kground-preinit] o.apache.tomcat.util.digester.Digester   : [SetPropertiesRule]{mbeans-descriptors/mbean/operation/parameter} Setting property 'type' to 'java.lang.String'
2019-05-11 11:06:14.886 DEBUG 8956 --- [kground-preinit] o.apache.tomcat.util.IntrospectionUtils  : IntrospectionUtils: setProperty(class org.apache.tomcat.util.modeler.ParameterInfo type=java.lang.String)
2019-05-11 11:06:14.886 DEBUG 8956 --- [kground-preinit] o.apache.tomcat.util.digester.Digester   :   Fire begin() for SetNextRule[methodName=addParameter, paramType=org.apache.tomcat.util.modeler.ParameterInfo]
2019-05-11 11:06:14.886 DEBUG 8956 --- [kground-preinit] o.a.tomcat.util.digester.Digester.sax    : endElement(,,parameter)
2019-05-11 11:06:14.887 DEBUG 8956 --- [kground-preinit] o.apache.tomcat.util.digester.Digester   :   match='mbeans-descriptors/mbean/operation/parameter'
2019-05-11 11:06:14.887 DEBUG 8956 --- [kground-preinit] o.apache.tomcat.util.digester.Digester   :   bodyText=''
2019-05-11 11:06:14.887 DEBUG 8956 --- [kground-preinit] o.apache.tomcat.util.digester.Digester   :   Fire body() for ObjectCreateRule[className=org.apache.tomcat.util.modeler.ParameterInfo, attributeName=null]
2019-05-11 11:06:14.887 DEBUG 8956 --- [kground-preinit] o.apache.tomcat.util.digester.Digester   :   Fire body() for SetPropertiesRule[]
2019-05-11 11:06:14.887 DEBUG 8956 --- [kground-preinit] o.apache.tomcat.util.digester.Digester   :   Fire body() for SetNextRule[methodName=addParameter, paramType=org.apache.tomcat.util.modeler.ParameterInfo]
2019-05-11 11:06:14.887 DEBUG 8956 --- [kground-preinit] o.apache.tomcat.util.digester.Digester   :   Fire end() for SetNextRule[methodName=addParameter, paramType=org.apache.tomcat.util.modeler.ParameterInfo]
2019-05-11 11:06:14.887 DEBUG 8956 --- [kground-preinit] o.apache.tomcat.util.digester.Digester   : [SetNextRule]{mbeans-descriptors/mbean/operation/parameter} Call org.apache.tomcat.util.modeler.OperationInfo.addParameter(org.apache.tomcat.util.modeler.ParameterInfo@1d1026ee)
2019-05-11 11:06:14.887 DEBUG 8956 --- [kground-preinit] o.apache.tomcat.util.IntrospectionUtils  : IntrospectionUtils: callMethod1 org.apache.tomcat.util.modeler.OperationInfo org.apache.tomcat.util.modeler.ParameterInfo org.apache.tomcat.util.modeler.ParameterInfo
2019-05-11 11:06:14.887 DEBUG 8956 --- [kground-preinit] o.apache.tomcat.util.digester.Digester   :   Fire end() for SetPropertiesRule[]
2019-05-11 11:06:14.887 DEBUG 8956 --- [kground-preinit] o.apache.tomcat.util.digester.Digester   :   Fire end() for ObjectCreateRule[className=org.apache.tomcat.util.modeler.ParameterInfo, attributeName=null]
2019-05-11 11:06:14.887 DEBUG 8956 --- [kground-preinit] o.apache.tomcat.util.digester.Digester   : [ObjectCreateRule]{mbeans-descriptors/mbean/operation/parameter} Pop org.apache.tomcat.util.modeler.ParameterInfo
2019-05-11 11:06:14.887 DEBUG 8956 --- [kground-preinit] o.a.tomcat.util.digester.Digester.sax    : characters(
      )
2019-05-11 11:06:14.887 DEBUG 8956 --- [kground-preinit] o.a.tomcat.util.digester.Digester.sax    : startElement(,,parameter)
2019-05-11 11:06:14.887 DEBUG 8956 --- [kground-preinit] o.apache.tomcat.util.digester.Digester   :   New match='mbeans-descriptors/mbean/operation/parameter'
2019-05-11 11:06:14.889 DEBUG 8956 --- [kground-preinit] o.apache.tomcat.util.digester.Digester   :   Fire begin() for ObjectCreateRule[className=org.apache.tomcat.util.modeler.ParameterInfo, attributeName=null]
2019-05-11 11:06:14.894 DEBUG 8956 --- [kground-preinit] o.apache.tomcat.util.digester.Digester   : [ObjectCreateRule]{mbeans-descriptors/mbean/operation/parameter}New org.apache.tomcat.util.modeler.ParameterInfo
2019-05-11 11:06:14.894 DEBUG 8956 --- [kground-preinit] o.apache.tomcat.util.digester.Digester   :   Fire begin() for SetPropertiesRule[]
2019-05-11 11:06:14.894 DEBUG 8956 --- [kground-preinit] o.apache.tomcat.util.digester.Digester   : [SetPropertiesRule]{mbeans-descriptors/mbean/operation/parameter} Set org.apache.tomcat.util.modeler.ParameterInfo properties
2019-05-11 11:06:14.895 DEBUG 8956 --- [kground-preinit] o.apache.tomcat.util.digester.Digester   : [SetPropertiesRule]{mbeans-descriptors/mbean/operation/parameter} Setting property 'name' to 'port'
2019-05-11 11:06:14.895 DEBUG 8956 --- [kground-preinit] o.apache.tomcat.util.IntrospectionUtils  : IntrospectionUtils: setProperty(class org.apache.tomcat.util.modeler.ParameterInfo name=port)
2019-05-11 11:06:14.895 DEBUG 8956 --- [kground-preinit] o.apache.tomcat.util.digester.Digester   : [SetPropertiesRule]{mbeans-descriptors/mbean/operation/parameter} Setting property 'description' to 'TCP port number to listen on'
2019-05-11 11:06:14.895 DEBUG 8956 --- [kground-preinit] o.apache.tomcat.util.IntrospectionUtils  : IntrospectionUtils: setProperty(class org.apache.tomcat.util.modeler.ParameterInfo description=TCP port number to listen on)
2019-05-11 11:06:14.895 DEBUG 8956 --- [kground-preinit] o.apache.tomcat.util.digester.Digester   : [SetPropertiesRule]{mbeans-descriptors/mbean/operation/parameter} Setting property 'type' to 'int'
2019-05-11 11:06:14.895 DEBUG 8956 --- [kground-preinit] o.apache.tomcat.util.IntrospectionUtils  : IntrospectionUtils: setProperty(class org.apache.tomcat.util.modeler.ParameterInfo type=int)
2019-05-11 11:06:14.896 DEBUG 8956 --- [kground-preinit] o.apache.tomcat.util.digester.Digester   :   Fire begin() for SetNextRule[methodName=addParameter, paramType=org.apache.tomcat.util.modeler.ParameterInfo]
2019-05-11 11:06:14.896 DEBUG 8956 --- [kground-preinit] o.a.tomcat.util.digester.Digester.sax    : endElement(,,parameter)
2019-05-11 11:06:14.898 DEBUG 8956 --- [kground-preinit] o.apache.tomcat.util.digester.Digester   :   match='mbeans-descriptors/mbean/operation/parameter'
2019-05-11 11:06:14.898 DEBUG 8956 --- [kground-preinit] o.apache.tomcat.util.digester.Digester   :   bodyText=''
2019-05-11 11:06:14.898 DEBUG 8956 --- [kground-preinit] o.apache.tomcat.util.digester.Digester   :   Fire body() for ObjectCreateRule[className=org.apache.tomcat.util.modeler.ParameterInfo, attributeName=null]
2019-05-11 11:06:14.900 DEBUG 8956 --- [kground-preinit] o.apache.tomcat.util.digester.Digester   :   Fire body() for SetPropertiesRule[]
2019-05-11 11:06:14.900 DEBUG 8956 --- [kground-preinit] o.apache.tomcat.util.digester.Digester   :   Fire body() for SetNextRule[methodName=addParameter, paramType=org.apache.tomcat.util.modeler.ParameterInfo]
2019-05-11 11:06:14.901 DEBUG 8956 --- [kground-preinit] o.apache.tomcat.util.digester.Digester   :   Fire end() for SetNextRule[methodName=addParameter, paramType=org.apache.tomcat.util.modeler.ParameterInfo]
2019-05-11 11:06:14.901 DEBUG 8956 --- [kground-preinit] o.apache.tomcat.util.digester.Digester   : [SetNextRule]{mbeans-descriptors/mbean/operation/parameter} Call org.apache.tomcat.util.modeler.OperationInfo.addParameter(org.apache.tomcat.util.modeler.ParameterInfo@ba18b4a)
2019-05-11 11:06:14.901 DEBUG 8956 --- [kground-preinit] o.apache.tomcat.util.IntrospectionUtils  : IntrospectionUtils: callMethod1 org.apache.tomcat.util.modeler.OperationInfo org.apache.tomcat.util.modeler.ParameterInfo org.apache.tomcat.util.modeler.ParameterInfo
2019-05-11 11:06:14.901 DEBUG 8956 --- [kground-preinit] o.apache.tomcat.util.digester.Digester   :   Fire end() for SetPropertiesRule[]
2019-05-11 11:06:14.901 DEBUG 8956 --- [kground-preinit] o.apache.tomcat.util.digester.Digester   :   Fire end() for ObjectCreateRule[className=org.apache.tomcat.util.modeler.ParameterInfo, attributeName=null]
2019-05-11 11:06:14.901 DEBUG 8956 --- [kground-preinit] o.apache.tomcat.util.digester.Digester   : [ObjectCreateRule]{mbeans-descriptors/mbean/operation/parameter} Pop org.apache.tomcat.util.modeler.ParameterInfo
2019-05-11 11:06:14.901 DEBUG 8956 --- [kground-preinit] o.a.tomcat.util.digester.Digester.sax    : characters(
      )
2019-05-11 11:06:14.902 DEBUG 8956 --- [kground-preinit] o.a.tomcat.util.digester.Digester.sax    : startElement(,,parameter)
2019-05-11 11:06:14.902 DEBUG 8956 --- [kground-preinit] o.apache.tomcat.util.digester.Digester   :   New match='mbeans-descriptors/mbean/operation/parameter'
2019-05-11 11:06:14.902 DEBUG 8956 --- [kground-preinit] o.apache.tomcat.util.digester.Digester   :   Fire begin() for ObjectCreateRule[className=org.apache.tomcat.util.modeler.ParameterInfo, attributeName=null]
2019-05-11 11:06:14.902 DEBUG 8956 --- [kground-preinit] o.apache.tomcat.util.digester.Digester   : [ObjectCreateRule]{mbeans-descriptors/mbean/operation/parameter}New org.apache.tomcat.util.modeler.ParameterInfo
2019-05-11 11:06:14.902 DEBUG 8956 --- [kground-preinit] o.apache.tomcat.util.digester.Digester   :   Fire begin() for SetPropertiesRule[]
2019-05-11 11:06:14.908 DEBUG 8956 --- [kground-preinit] o.apache.tomcat.util.digester.Digester   : [SetPropertiesRule]{mbeans-descriptors/mbean/operation/parameter} Set org.apache.tomcat.util.modeler.ParameterInfo properties
2019-05-11 11:06:14.908 DEBUG 8956 --- [kground-preinit] o.apache.tomcat.util.digester.Digester   : [SetPropertiesRule]{mbeans-descriptors/mbean/operation/parameter} Setting property 'name' to 'isAjp'
2019-05-11 11:06:14.908 DEBUG 8956 --- [kground-preinit] o.apache.tomcat.util.IntrospectionUtils  : IntrospectionUtils: setProperty(class org.apache.tomcat.util.modeler.ParameterInfo name=isAjp)
2019-05-11 11:06:14.908 DEBUG 8956 --- [kground-preinit] o.apache.tomcat.util.digester.Digester   : [SetPropertiesRule]{mbeans-descriptors/mbean/operation/parameter} Setting property 'description' to 'Create a AJP/1.3 Connector'
2019-05-11 11:06:14.909 DEBUG 8956 --- [           main] o.s.c.a.ConfigurationClassEnhancer       : Successfully enhanced org.springframework.boot.autoconfigure.web.WebMvcAutoConfiguration$EnableWebMvcConfiguration; enhanced class name is: org.springframework.boot.autoconfigure.web.WebMvcAutoConfiguration$EnableWebMvcConfiguration$$EnhancerBySpringCGLIB$$d236ffe2
2019-05-11 11:06:14.909 DEBUG 8956 --- [           main] o.s.c.a.ConfigurationClassPostProcessor  : Replacing bean definition 'org.springframework.boot.autoconfigure.web.WebMvcAutoConfiguration$EnableWebMvcConfiguration' existing class 'org.springframework.boot.autoconfigure.web.WebMvcAutoConfiguration$EnableWebMvcConfiguration' with enhanced class 'org.springframework.boot.autoconfigure.web.WebMvcAutoConfiguration$EnableWebMvcConfiguration$$EnhancerBySpringCGLIB$$d236ffe2'
2019-05-11 11:06:14.909 DEBUG 8956 --- [kground-preinit] o.apache.tomcat.util.IntrospectionUtils  : IntrospectionUtils: setProperty(class org.apache.tomcat.util.modeler.ParameterInfo description=Create a AJP/1.3 Connector)
2019-05-11 11:06:14.913 DEBUG 8956 --- [kground-preinit] o.apache.tomcat.util.digester.Digester   : [SetPropertiesRule]{mbeans-descriptors/mbean/operation/parameter} Setting property 'type' to 'boolean'
2019-05-11 11:06:14.913 DEBUG 8956 --- [kground-preinit] o.apache.tomcat.util.IntrospectionUtils  : IntrospectionUtils: setProperty(class org.apache.tomcat.util.modeler.ParameterInfo type=boolean)
2019-05-11 11:06:14.914 DEBUG 8956 --- [kground-preinit] o.apache.tomcat.util.digester.Digester   :   Fire begin() for SetNextRule[methodName=addParameter, paramType=org.apache.tomcat.util.modeler.ParameterInfo]
2019-05-11 11:06:14.914 DEBUG 8956 --- [kground-preinit] o.a.tomcat.util.digester.Digester.sax    : endElement(,,parameter)
2019-05-11 11:06:14.914 DEBUG 8956 --- [kground-preinit] o.apache.tomcat.util.digester.Digester   :   match='mbeans-descriptors/mbean/operation/parameter'
2019-05-11 11:06:14.914 DEBUG 8956 --- [kground-preinit] o.apache.tomcat.util.digester.Digester   :   bodyText=''
2019-05-11 11:06:14.914 DEBUG 8956 --- [           main] o.s.c.a.ConfigurationClassEnhancer       : Successfully enhanced org.springframework.boot.autoconfigure.web.WebMvcAutoConfiguration$WebMvcAutoConfigurationAdapter$FaviconConfiguration; enhanced class name is: org.springframework.boot.autoconfigure.web.WebMvcAutoConfiguration$WebMvcAutoConfigurationAdapter$FaviconConfiguration$$EnhancerBySpringCGLIB$$b32689cd
2019-05-11 11:06:14.914 DEBUG 8956 --- [           main] o.s.c.a.ConfigurationClassPostProcessor  : Replacing bean definition 'org.springframework.boot.autoconfigure.web.WebMvcAutoConfiguration$WebMvcAutoConfigurationAdapter$FaviconConfiguration' existing class 'org.springframework.boot.autoconfigure.web.WebMvcAutoConfiguration$WebMvcAutoConfigurationAdapter$FaviconConfiguration' with enhanced class 'org.springframework.boot.autoconfigure.web.WebMvcAutoConfiguration$WebMvcAutoConfigurationAdapter$FaviconConfiguration$$EnhancerBySpringCGLIB$$b32689cd'
2019-05-11 11:06:14.915 DEBUG 8956 --- [kground-preinit] o.apache.tomcat.util.digester.Digester   :   Fire body() for ObjectCreateRule[className=org.apache.tomcat.util.modeler.ParameterInfo, attributeName=null]
2019-05-11 11:06:14.916 DEBUG 8956 --- [kground-preinit] o.apache.tomcat.util.digester.Digester   :   Fire body() for SetPropertiesRule[]
2019-05-11 11:06:14.918 DEBUG 8956 --- [kground-preinit] o.apache.tomcat.util.digester.Digester   :   Fire body() for SetNextRule[methodName=addParameter, paramType=org.apache.tomcat.util.modeler.ParameterInfo]
2019-05-11 11:06:14.919 DEBUG 8956 --- [kground-preinit] o.apache.tomcat.util.digester.Digester   :   Fire end() for SetNextRule[methodName=addParameter, paramType=org.apache.tomcat.util.modeler.ParameterInfo]
2019-05-11 11:06:14.920 DEBUG 8956 --- [kground-preinit] o.apache.tomcat.util.digester.Digester   : [SetNextRule]{mbeans-descriptors/mbean/operation/parameter} Call org.apache.tomcat.util.modeler.OperationInfo.addParameter(org.apache.tomcat.util.modeler.ParameterInfo@7c91d26c)
2019-05-11 11:06:14.920 DEBUG 8956 --- [kground-preinit] o.apache.tomcat.util.IntrospectionUtils  : IntrospectionUtils: callMethod1 org.apache.tomcat.util.modeler.OperationInfo org.apache.tomcat.util.modeler.ParameterInfo org.apache.tomcat.util.modeler.ParameterInfo
2019-05-11 11:06:14.925 DEBUG 8956 --- [           main] o.s.c.a.ConfigurationClassEnhancer       : Successfully enhanced org.springframework.boot.autoconfigure.web.WebMvcAutoConfiguration$WebMvcAutoConfigurationAdapter; enhanced class name is: org.springframework.boot.autoconfigure.web.WebMvcAutoConfiguration$WebMvcAutoConfigurationAdapter$$EnhancerBySpringCGLIB$$660cb555
2019-05-11 11:06:14.926 DEBUG 8956 --- [           main] o.s.c.a.ConfigurationClassPostProcessor  : Replacing bean definition 'org.springframework.boot.autoconfigure.web.WebMvcAutoConfiguration$WebMvcAutoConfigurationAdapter' existing class 'org.springframework.boot.autoconfigure.web.WebMvcAutoConfiguration$WebMvcAutoConfigurationAdapter' with enhanced class 'org.springframework.boot.autoconfigure.web.WebMvcAutoConfiguration$WebMvcAutoConfigurationAdapter$$EnhancerBySpringCGLIB$$660cb555'
2019-05-11 11:06:14.926 DEBUG 8956 --- [kground-preinit] o.apache.tomcat.util.digester.Digester   :   Fire end() for SetPropertiesRule[]
2019-05-11 11:06:14.926 DEBUG 8956 --- [kground-preinit] o.apache.tomcat.util.digester.Digester   :   Fire end() for ObjectCreateRule[className=org.apache.tomcat.util.modeler.ParameterInfo, attributeName=null]
2019-05-11 11:06:14.926 DEBUG 8956 --- [kground-preinit] o.apache.tomcat.util.digester.Digester   : [ObjectCreateRule]{mbeans-descriptors/mbean/operation/parameter} Pop org.apache.tomcat.util.modeler.ParameterInfo
2019-05-11 11:06:14.927 DEBUG 8956 --- [kground-preinit] o.a.tomcat.util.digester.Digester.sax    : characters(
      )
2019-05-11 11:06:14.927 DEBUG 8956 --- [kground-preinit] o.a.tomcat.util.digester.Digester.sax    : startElement(,,parameter)
2019-05-11 11:06:14.927 DEBUG 8956 --- [kground-preinit] o.apache.tomcat.util.digester.Digester   :   New match='mbeans-descriptors/mbean/operation/parameter'
2019-05-11 11:06:14.927 DEBUG 8956 --- [kground-preinit] o.apache.tomcat.util.digester.Digester   :   Fire begin() for ObjectCreateRule[className=org.apache.tomcat.util.modeler.ParameterInfo, attributeName=null]
2019-05-11 11:06:14.927 DEBUG 8956 --- [kground-preinit] o.apache.tomcat.util.digester.Digester   : [ObjectCreateRule]{mbeans-descriptors/mbean/operation/parameter}New org.apache.tomcat.util.modeler.ParameterInfo
2019-05-11 11:06:14.928 DEBUG 8956 --- [kground-preinit] o.apache.tomcat.util.digester.Digester   :   Fire begin() for SetPropertiesRule[]
2019-05-11 11:06:14.928 DEBUG 8956 --- [kground-preinit] o.apache.tomcat.util.digester.Digester   : [SetPropertiesRule]{mbeans-descriptors/mbean/operation/parameter} Set org.apache.tomcat.util.modeler.ParameterInfo properties
2019-05-11 11:06:14.928 DEBUG 8956 --- [kground-preinit] o.apache.tomcat.util.digester.Digester   : [SetPropertiesRule]{mbeans-descriptors/mbean/operation/parameter} Setting property 'name' to 'isSSL'
2019-05-11 11:06:14.928 DEBUG 8956 --- [kground-preinit] o.apache.tomcat.util.IntrospectionUtils  : IntrospectionUtils: setProperty(class org.apache.tomcat.util.modeler.ParameterInfo name=isSSL)
2019-05-11 11:06:14.928 DEBUG 8956 --- [kground-preinit] o.apache.tomcat.util.digester.Digester   : [SetPropertiesRule]{mbeans-descriptors/mbean/operation/parameter} Setting property 'description' to 'Create a secure Connector'
2019-05-11 11:06:14.928 DEBUG 8956 --- [kground-preinit] o.apache.tomcat.util.IntrospectionUtils  : IntrospectionUtils: setProperty(class org.apache.tomcat.util.modeler.ParameterInfo description=Create a secure Connector)
2019-05-11 11:06:14.929 DEBUG 8956 --- [kground-preinit] o.apache.tomcat.util.digester.Digester   : [SetPropertiesRule]{mbeans-descriptors/mbean/operation/parameter} Setting property 'type' to 'boolean'
2019-05-11 11:06:14.929 DEBUG 8956 --- [kground-preinit] o.apache.tomcat.util.IntrospectionUtils  : IntrospectionUtils: setProperty(class org.apache.tomcat.util.modeler.ParameterInfo type=boolean)
2019-05-11 11:06:14.929 DEBUG 8956 --- [kground-preinit] o.apache.tomcat.util.digester.Digester   :   Fire begin() for SetNextRule[methodName=addParameter, paramType=org.apache.tomcat.util.modeler.ParameterInfo]
2019-05-11 11:06:14.929 DEBUG 8956 --- [kground-preinit] o.a.tomcat.util.digester.Digester.sax    : endElement(,,parameter)
2019-05-11 11:06:14.929 DEBUG 8956 --- [kground-preinit] o.apache.tomcat.util.digester.Digester   :   match='mbeans-descriptors/mbean/operation/parameter'
2019-05-11 11:06:14.929 DEBUG 8956 --- [kground-preinit] o.apache.tomcat.util.digester.Digester   :   bodyText=''
2019-05-11 11:06:14.929 DEBUG 8956 --- [kground-preinit] o.apache.tomcat.util.digester.Digester   :   Fire body() for ObjectCreateRule[className=org.apache.tomcat.util.modeler.ParameterInfo, attributeName=null]
2019-05-11 11:06:14.929 DEBUG 8956 --- [kground-preinit] o.apache.tomcat.util.digester.Digester   :   Fire body() for SetPropertiesRule[]
2019-05-11 11:06:14.930 DEBUG 8956 --- [kground-preinit] o.apache.tomcat.util.digester.Digester   :   Fire body() for SetNextRule[methodName=addParameter, paramType=org.apache.tomcat.util.modeler.ParameterInfo]
2019-05-11 11:06:14.930 DEBUG 8956 --- [kground-preinit] o.apache.tomcat.util.digester.Digester   :   Fire end() for SetNextRule[methodName=addParameter, paramType=org.apache.tomcat.util.modeler.ParameterInfo]
2019-05-11 11:06:14.930 DEBUG 8956 --- [kground-preinit] o.apache.tomcat.util.digester.Digester   : [SetNextRule]{mbeans-descriptors/mbean/operation/parameter} Call org.apache.tomcat.util.modeler.OperationInfo.addParameter(org.apache.tomcat.util.modeler.ParameterInfo@3f859b20)
2019-05-11 11:06:14.930 DEBUG 8956 --- [kground-preinit] o.apache.tomcat.util.IntrospectionUtils  : IntrospectionUtils: callMethod1 org.apache.tomcat.util.modeler.OperationInfo org.apache.tomcat.util.modeler.ParameterInfo org.apache.tomcat.util.modeler.ParameterInfo
2019-05-11 11:06:14.930 DEBUG 8956 --- [kground-preinit] o.apache.tomcat.util.digester.Digester   :   Fire end() for SetPropertiesRule[]
2019-05-11 11:06:14.930 DEBUG 8956 --- [kground-preinit] o.apache.tomcat.util.digester.Digester   :   Fire end() for ObjectCreateRule[className=org.apache.tomcat.util.modeler.ParameterInfo, attributeName=null]
2019-05-11 11:06:14.930 DEBUG 8956 --- [kground-preinit] o.apache.tomcat.util.digester.Digester   : [ObjectCreateRule]{mbeans-descriptors/mbean/operation/parameter} Pop org.apache.tomcat.util.modeler.ParameterInfo
2019-05-11 11:06:14.930 DEBUG 8956 --- [           main] o.s.c.a.ConfigurationClassEnhancer       : Successfully enhanced org.springframework.boot.autoconfigure.web.WebMvcAutoConfiguration; enhanced class name is: org.springframework.boot.autoconfigure.web.WebMvcAutoConfiguration$$EnhancerBySpringCGLIB$$ea464719
2019-05-11 11:06:14.930 DEBUG 8956 --- [kground-preinit] o.a.tomcat.util.digester.Digester.sax    : characters(
    )
2019-05-11 11:06:14.931 DEBUG 8956 --- [           main] o.s.c.a.ConfigurationClassPostProcessor  : Replacing bean definition 'org.springframework.boot.autoconfigure.web.WebMvcAutoConfiguration' existing class 'org.springframework.boot.autoconfigure.web.WebMvcAutoConfiguration' with enhanced class 'org.springframework.boot.autoconfigure.web.WebMvcAutoConfiguration$$EnhancerBySpringCGLIB$$ea464719'
2019-05-11 11:06:14.931 DEBUG 8956 --- [kground-preinit] o.a.tomcat.util.digester.Digester.sax    : endElement(,,operation)
2019-05-11 11:06:14.931 DEBUG 8956 --- [kground-preinit] o.apache.tomcat.util.digester.Digester   :   match='mbeans-descriptors/mbean/operation'
2019-05-11 11:06:14.931 DEBUG 8956 --- [kground-preinit] o.apache.tomcat.util.digester.Digester   :   bodyText='
      
      
      
      
    '
2019-05-11 11:06:14.931 DEBUG 8956 --- [kground-preinit] o.apache.tomcat.util.digester.Digester   :   Fire body() for ObjectCreateRule[className=org.apache.tomcat.util.modeler.OperationInfo, attributeName=null]
2019-05-11 11:06:14.931 DEBUG 8956 --- [kground-preinit] o.apache.tomcat.util.digester.Digester   :   Fire body() for SetPropertiesRule[]
2019-05-11 11:06:14.931 DEBUG 8956 --- [kground-preinit] o.apache.tomcat.util.digester.Digester   :   Fire body() for SetNextRule[methodName=addOperation, paramType=org.apache.tomcat.util.modeler.OperationInfo]
2019-05-11 11:06:14.931 DEBUG 8956 --- [kground-preinit] o.apache.tomcat.util.digester.Digester   :   Fire end() for SetNextRule[methodName=addOperation, paramType=org.apache.tomcat.util.modeler.OperationInfo]
2019-05-11 11:06:14.931 DEBUG 8956 --- [kground-preinit] o.apache.tomcat.util.digester.Digester   : [SetNextRule]{mbeans-descriptors/mbean/operation} Call org.apache.tomcat.util.modeler.ManagedBean.addOperation(org.apache.tomcat.util.modeler.OperationInfo@23beed68)
2019-05-11 11:06:14.931 DEBUG 8956 --- [kground-preinit] o.apache.tomcat.util.IntrospectionUtils  : IntrospectionUtils: callMethod1 org.apache.tomcat.util.modeler.ManagedBean org.apache.tomcat.util.modeler.OperationInfo org.apache.tomcat.util.modeler.OperationInfo
2019-05-11 11:06:14.932 DEBUG 8956 --- [kground-preinit] o.apache.tomcat.util.digester.Digester   :   Fire end() for SetPropertiesRule[]
2019-05-11 11:06:14.932 DEBUG 8956 --- [kground-preinit] o.apache.tomcat.util.digester.Digester   :   Fire end() for ObjectCreateRule[className=org.apache.tomcat.util.modeler.OperationInfo, attributeName=null]
2019-05-11 11:06:14.932 DEBUG 8956 --- [kground-preinit] o.apache.tomcat.util.digester.Digester   : [ObjectCreateRule]{mbeans-descriptors/mbean/operation} Pop org.apache.tomcat.util.modeler.OperationInfo
2019-05-11 11:06:14.932 DEBUG 8956 --- [kground-preinit] o.a.tomcat.util.digester.Digester.sax    : characters(

    )
2019-05-11 11:06:14.932 DEBUG 8956 --- [kground-preinit] o.a.tomcat.util.digester.Digester.sax    : startElement(,,operation)
2019-05-11 11:06:14.932 DEBUG 8956 --- [kground-preinit] o.apache.tomcat.util.digester.Digester   :   New match='mbeans-descriptors/mbean/operation'
2019-05-11 11:06:14.932 DEBUG 8956 --- [kground-preinit] o.apache.tomcat.util.digester.Digester   :   Fire begin() for ObjectCreateRule[className=org.apache.tomcat.util.modeler.OperationInfo, attributeName=null]
2019-05-11 11:06:14.932 DEBUG 8956 --- [kground-preinit] o.apache.tomcat.util.digester.Digester   : [ObjectCreateRule]{mbeans-descriptors/mbean/operation}New org.apache.tomcat.util.modeler.OperationInfo
2019-05-11 11:06:14.932 DEBUG 8956 --- [kground-preinit] o.apache.tomcat.util.digester.Digester   :   Fire begin() for SetPropertiesRule[]
2019-05-11 11:06:14.932 DEBUG 8956 --- [kground-preinit] o.apache.tomcat.util.digester.Digester   : [SetPropertiesRule]{mbeans-descriptors/mbean/operation} Set org.apache.tomcat.util.modeler.OperationInfo properties
2019-05-11 11:06:14.932 DEBUG 8956 --- [kground-preinit] o.apache.tomcat.util.digester.Digester   : [SetPropertiesRule]{mbeans-descriptors/mbean/operation} Setting property 'name' to 'addExecutor'
2019-05-11 11:06:14.932 DEBUG 8956 --- [           main] o.s.c.a.ConfigurationClassEnhancer       : Successfully enhanced org.springframework.boot.autoconfigure.jdbc.DataSourceAutoConfiguration$PooledDataSourceConfiguration; enhanced class name is: org.springframework.boot.autoconfigure.jdbc.DataSourceAutoConfiguration$PooledDataSourceConfiguration$$EnhancerBySpringCGLIB$$f9ad4ecb
2019-05-11 11:06:14.932 DEBUG 8956 --- [kground-preinit] o.apache.tomcat.util.IntrospectionUtils  : IntrospectionUtils: setProperty(class org.apache.tomcat.util.modeler.OperationInfo name=addExecutor)
2019-05-11 11:06:14.932 DEBUG 8956 --- [           main] o.s.c.a.ConfigurationClassPostProcessor  : Replacing bean definition 'org.springframework.boot.autoconfigure.jdbc.DataSourceAutoConfiguration$PooledDataSourceConfiguration' existing class 'org.springframework.boot.autoconfigure.jdbc.DataSourceAutoConfiguration$PooledDataSourceConfiguration' with enhanced class 'org.springframework.boot.autoconfigure.jdbc.DataSourceAutoConfiguration$PooledDataSourceConfiguration$$EnhancerBySpringCGLIB$$f9ad4ecb'
2019-05-11 11:06:14.932 DEBUG 8956 --- [kground-preinit] o.apache.tomcat.util.digester.Digester   : [SetPropertiesRule]{mbeans-descriptors/mbean/operation} Setting property 'description' to 'Adds a named executor to the service'
2019-05-11 11:06:14.933 DEBUG 8956 --- [kground-preinit] o.apache.tomcat.util.IntrospectionUtils  : IntrospectionUtils: setProperty(class org.apache.tomcat.util.modeler.OperationInfo description=Adds a named executor to the service)
2019-05-11 11:06:14.933 DEBUG 8956 --- [kground-preinit] o.apache.tomcat.util.digester.Digester   : [SetPropertiesRule]{mbeans-descriptors/mbean/operation} Setting property 'impact' to 'ACTION'
2019-05-11 11:06:14.933 DEBUG 8956 --- [kground-preinit] o.apache.tomcat.util.IntrospectionUtils  : IntrospectionUtils: setProperty(class org.apache.tomcat.util.modeler.OperationInfo impact=ACTION)
2019-05-11 11:06:14.933 DEBUG 8956 --- [kground-preinit] o.apache.tomcat.util.digester.Digester   : [SetPropertiesRule]{mbeans-descriptors/mbean/operation} Setting property 'returnType' to 'void'
2019-05-11 11:06:14.934 DEBUG 8956 --- [kground-preinit] o.apache.tomcat.util.IntrospectionUtils  : IntrospectionUtils: setProperty(class org.apache.tomcat.util.modeler.OperationInfo returnType=void)
2019-05-11 11:06:14.934 DEBUG 8956 --- [kground-preinit] o.apache.tomcat.util.digester.Digester   :   Fire begin() for SetNextRule[methodName=addOperation, paramType=org.apache.tomcat.util.modeler.OperationInfo]
2019-05-11 11:06:14.934 DEBUG 8956 --- [kground-preinit] o.a.tomcat.util.digester.Digester.sax    : characters(
      )
2019-05-11 11:06:14.934 DEBUG 8956 --- [kground-preinit] o.a.tomcat.util.digester.Digester.sax    : startElement(,,parameter)
2019-05-11 11:06:14.934 DEBUG 8956 --- [kground-preinit] o.apache.tomcat.util.digester.Digester   :   New match='mbeans-descriptors/mbean/operation/parameter'
2019-05-11 11:06:14.934 DEBUG 8956 --- [kground-preinit] o.apache.tomcat.util.digester.Digester   :   Fire begin() for ObjectCreateRule[className=org.apache.tomcat.util.modeler.ParameterInfo, attributeName=null]
2019-05-11 11:06:14.934 DEBUG 8956 --- [kground-preinit] o.apache.tomcat.util.digester.Digester   : [ObjectCreateRule]{mbeans-descriptors/mbean/operation/parameter}New org.apache.tomcat.util.modeler.ParameterInfo
2019-05-11 11:06:14.934 DEBUG 8956 --- [kground-preinit] o.apache.tomcat.util.digester.Digester   :   Fire begin() for SetPropertiesRule[]
2019-05-11 11:06:14.934 DEBUG 8956 --- [kground-preinit] o.apache.tomcat.util.digester.Digester   : [SetPropertiesRule]{mbeans-descriptors/mbean/operation/parameter} Set org.apache.tomcat.util.modeler.ParameterInfo properties
2019-05-11 11:06:14.934 DEBUG 8956 --- [kground-preinit] o.apache.tomcat.util.digester.Digester   : [SetPropertiesRule]{mbeans-descriptors/mbean/operation/parameter} Setting property 'name' to 'type'
2019-05-11 11:06:14.934 DEBUG 8956 --- [kground-preinit] o.apache.tomcat.util.IntrospectionUtils  : IntrospectionUtils: setProperty(class org.apache.tomcat.util.modeler.ParameterInfo name=type)
2019-05-11 11:06:14.935 DEBUG 8956 --- [kground-preinit] o.apache.tomcat.util.digester.Digester   : [SetPropertiesRule]{mbeans-descriptors/mbean/operation/parameter} Setting property 'description' to 'Classname of the Executor to be added'
2019-05-11 11:06:14.935 DEBUG 8956 --- [kground-preinit] o.apache.tomcat.util.IntrospectionUtils  : IntrospectionUtils: setProperty(class org.apache.tomcat.util.modeler.ParameterInfo description=Classname of the Executor to be added)
2019-05-11 11:06:14.935 DEBUG 8956 --- [kground-preinit] o.apache.tomcat.util.digester.Digester   : [SetPropertiesRule]{mbeans-descriptors/mbean/operation/parameter} Setting property 'type' to 'java.lang.String'
2019-05-11 11:06:14.935 DEBUG 8956 --- [kground-preinit] o.apache.tomcat.util.IntrospectionUtils  : IntrospectionUtils: setProperty(class org.apache.tomcat.util.modeler.ParameterInfo type=java.lang.String)
2019-05-11 11:06:14.935 DEBUG 8956 --- [kground-preinit] o.apache.tomcat.util.digester.Digester   :   Fire begin() for SetNextRule[methodName=addParameter, paramType=org.apache.tomcat.util.modeler.ParameterInfo]
2019-05-11 11:06:14.935 DEBUG 8956 --- [kground-preinit] o.a.tomcat.util.digester.Digester.sax    : endElement(,,parameter)
2019-05-11 11:06:14.935 DEBUG 8956 --- [kground-preinit] o.apache.tomcat.util.digester.Digester   :   match='mbeans-descriptors/mbean/operation/parameter'
2019-05-11 11:06:14.935 DEBUG 8956 --- [kground-preinit] o.apache.tomcat.util.digester.Digester   :   bodyText=''
2019-05-11 11:06:14.935 DEBUG 8956 --- [kground-preinit] o.apache.tomcat.util.digester.Digester   :   Fire body() for ObjectCreateRule[className=org.apache.tomcat.util.modeler.ParameterInfo, attributeName=null]
2019-05-11 11:06:14.935 DEBUG 8956 --- [kground-preinit] o.apache.tomcat.util.digester.Digester   :   Fire body() for SetPropertiesRule[]
2019-05-11 11:06:14.935 DEBUG 8956 --- [kground-preinit] o.apache.tomcat.util.digester.Digester   :   Fire body() for SetNextRule[methodName=addParameter, paramType=org.apache.tomcat.util.modeler.ParameterInfo]
2019-05-11 11:06:14.935 DEBUG 8956 --- [kground-preinit] o.apache.tomcat.util.digester.Digester   :   Fire end() for SetNextRule[methodName=addParameter, paramType=org.apache.tomcat.util.modeler.ParameterInfo]
2019-05-11 11:06:14.935 DEBUG 8956 --- [kground-preinit] o.apache.tomcat.util.digester.Digester   : [SetNextRule]{mbeans-descriptors/mbean/operation/parameter} Call org.apache.tomcat.util.modeler.OperationInfo.addParameter(org.apache.tomcat.util.modeler.ParameterInfo@24c2c98e)
2019-05-11 11:06:14.936 DEBUG 8956 --- [kground-preinit] o.apache.tomcat.util.IntrospectionUtils  : IntrospectionUtils: callMethod1 org.apache.tomcat.util.modeler.OperationInfo org.apache.tomcat.util.modeler.ParameterInfo org.apache.tomcat.util.modeler.ParameterInfo
2019-05-11 11:06:14.936 DEBUG 8956 --- [kground-preinit] o.apache.tomcat.util.digester.Digester   :   Fire end() for SetPropertiesRule[]
2019-05-11 11:06:14.936 DEBUG 8956 --- [kground-preinit] o.apache.tomcat.util.digester.Digester   :   Fire end() for ObjectCreateRule[className=org.apache.tomcat.util.modeler.ParameterInfo, attributeName=null]
2019-05-11 11:06:14.936 DEBUG 8956 --- [kground-preinit] o.apache.tomcat.util.digester.Digester   : [ObjectCreateRule]{mbeans-descriptors/mbean/operation/parameter} Pop org.apache.tomcat.util.modeler.ParameterInfo
2019-05-11 11:06:14.936 DEBUG 8956 --- [kground-preinit] o.a.tomcat.util.digester.Digester.sax    : characters(
    )
2019-05-11 11:06:14.936 DEBUG 8956 --- [kground-preinit] o.a.tomcat.util.digester.Digester.sax    : endElement(,,operation)
2019-05-11 11:06:14.936 DEBUG 8956 --- [kground-preinit] o.apache.tomcat.util.digester.Digester   :   match='mbeans-descriptors/mbean/operation'
2019-05-11 11:06:14.936 DEBUG 8956 --- [kground-preinit] o.apache.tomcat.util.digester.Digester   :   bodyText='
      
    '
2019-05-11 11:06:14.936 DEBUG 8956 --- [kground-preinit] o.apache.tomcat.util.digester.Digester   :   Fire body() for ObjectCreateRule[className=org.apache.tomcat.util.modeler.OperationInfo, attributeName=null]
2019-05-11 11:06:14.936 DEBUG 8956 --- [kground-preinit] o.apache.tomcat.util.digester.Digester   :   Fire body() for SetPropertiesRule[]
2019-05-11 11:06:14.936 DEBUG 8956 --- [kground-preinit] o.apache.tomcat.util.digester.Digester   :   Fire body() for SetNextRule[methodName=addOperation, paramType=org.apache.tomcat.util.modeler.OperationInfo]
2019-05-11 11:06:14.936 DEBUG 8956 --- [kground-preinit] o.apache.tomcat.util.digester.Digester   :   Fire end() for SetNextRule[methodName=addOperation, paramType=org.apache.tomcat.util.modeler.OperationInfo]
2019-05-11 11:06:14.936 DEBUG 8956 --- [kground-preinit] o.apache.tomcat.util.digester.Digester   : [SetNextRule]{mbeans-descriptors/mbean/operation} Call org.apache.tomcat.util.modeler.ManagedBean.addOperation(org.apache.tomcat.util.modeler.OperationInfo@56326dc8)
2019-05-11 11:06:14.937 DEBUG 8956 --- [kground-preinit] o.apache.tomcat.util.IntrospectionUtils  : IntrospectionUtils: callMethod1 org.apache.tomcat.util.modeler.ManagedBean org.apache.tomcat.util.modeler.OperationInfo org.apache.tomcat.util.modeler.OperationInfo
2019-05-11 11:06:14.937 DEBUG 8956 --- [kground-preinit] o.apache.tomcat.util.digester.Digester   :   Fire end() for SetPropertiesRule[]
2019-05-11 11:06:14.937 DEBUG 8956 --- [kground-preinit] o.apache.tomcat.util.digester.Digester   :   Fire end() for ObjectCreateRule[className=org.apache.tomcat.util.modeler.OperationInfo, attributeName=null]
2019-05-11 11:06:14.937 DEBUG 8956 --- [kground-preinit] o.apache.tomcat.util.digester.Digester   : [ObjectCreateRule]{mbeans-descriptors/mbean/operation} Pop org.apache.tomcat.util.modeler.OperationInfo
2019-05-11 11:06:14.938 DEBUG 8956 --- [kground-preinit] o.a.tomcat.util.digester.Digester.sax    : characters(

    )
2019-05-11 11:06:14.938 DEBUG 8956 --- [kground-preinit] o.a.tomcat.util.digester.Digester.sax    : startElement(,,operation)
2019-05-11 11:06:14.938 DEBUG 8956 --- [kground-preinit] o.apache.tomcat.util.digester.Digester   :   New match='mbeans-descriptors/mbean/operation'
2019-05-11 11:06:14.938 DEBUG 8956 --- [kground-preinit] o.apache.tomcat.util.digester.Digester   :   Fire begin() for ObjectCreateRule[className=org.apache.tomcat.util.modeler.OperationInfo, attributeName=null]
2019-05-11 11:06:14.938 DEBUG 8956 --- [kground-preinit] o.apache.tomcat.util.digester.Digester   : [ObjectCreateRule]{mbeans-descriptors/mbean/operation}New org.apache.tomcat.util.modeler.OperationInfo
2019-05-11 11:06:14.938 DEBUG 8956 --- [kground-preinit] o.apache.tomcat.util.digester.Digester   :   Fire begin() for SetPropertiesRule[]
2019-05-11 11:06:14.938 DEBUG 8956 --- [kground-preinit] o.apache.tomcat.util.digester.Digester   : [SetPropertiesRule]{mbeans-descriptors/mbean/operation} Set org.apache.tomcat.util.modeler.OperationInfo properties
2019-05-11 11:06:14.938 DEBUG 8956 --- [kground-preinit] o.apache.tomcat.util.digester.Digester   : [SetPropertiesRule]{mbeans-descriptors/mbean/operation} Setting property 'name' to 'findConnectors'
2019-05-11 11:06:14.938 DEBUG 8956 --- [kground-preinit] o.apache.tomcat.util.IntrospectionUtils  : IntrospectionUtils: setProperty(class org.apache.tomcat.util.modeler.OperationInfo name=findConnectors)
2019-05-11 11:06:14.938 DEBUG 8956 --- [kground-preinit] o.apache.tomcat.util.digester.Digester   : [SetPropertiesRule]{mbeans-descriptors/mbean/operation} Setting property 'description' to 'Find and return the set of Connectors associated with this Service'
2019-05-11 11:06:14.939 DEBUG 8956 --- [kground-preinit] o.apache.tomcat.util.IntrospectionUtils  : IntrospectionUtils: setProperty(class org.apache.tomcat.util.modeler.OperationInfo description=Find and return the set of Connectors associated with this Service)
2019-05-11 11:06:14.939 DEBUG 8956 --- [kground-preinit] o.apache.tomcat.util.digester.Digester   : [SetPropertiesRule]{mbeans-descriptors/mbean/operation} Setting property 'impact' to 'ACTION'
2019-05-11 11:06:14.939 DEBUG 8956 --- [kground-preinit] o.apache.tomcat.util.IntrospectionUtils  : IntrospectionUtils: setProperty(class org.apache.tomcat.util.modeler.OperationInfo impact=ACTION)
2019-05-11 11:06:14.939 DEBUG 8956 --- [kground-preinit] o.apache.tomcat.util.digester.Digester   : [SetPropertiesRule]{mbeans-descriptors/mbean/operation} Setting property 'returnType' to '[Ljava.lang.String;'
2019-05-11 11:06:14.939 DEBUG 8956 --- [kground-preinit] o.apache.tomcat.util.IntrospectionUtils  : IntrospectionUtils: setProperty(class org.apache.tomcat.util.modeler.OperationInfo returnType=[Ljava.lang.String;)
2019-05-11 11:06:14.939 DEBUG 8956 --- [kground-preinit] o.apache.tomcat.util.digester.Digester   :   Fire begin() for SetNextRule[methodName=addOperation, paramType=org.apache.tomcat.util.modeler.OperationInfo]
2019-05-11 11:06:14.939 DEBUG 8956 --- [kground-preinit] o.a.tomcat.util.digester.Digester.sax    : characters(
    )
2019-05-11 11:06:14.939 DEBUG 8956 --- [kground-preinit] o.a.tomcat.util.digester.Digester.sax    : endElement(,,operation)
2019-05-11 11:06:14.939 DEBUG 8956 --- [kground-preinit] o.apache.tomcat.util.digester.Digester   :   match='mbeans-descriptors/mbean/operation'
2019-05-11 11:06:14.939 DEBUG 8956 --- [kground-preinit] o.apache.tomcat.util.digester.Digester   :   bodyText='
    '
2019-05-11 11:06:14.939 DEBUG 8956 --- [kground-preinit] o.apache.tomcat.util.digester.Digester   :   Fire body() for ObjectCreateRule[className=org.apache.tomcat.util.modeler.OperationInfo, attributeName=null]
2019-05-11 11:06:14.940 DEBUG 8956 --- [kground-preinit] o.apache.tomcat.util.digester.Digester   :   Fire body() for SetPropertiesRule[]
2019-05-11 11:06:14.940 DEBUG 8956 --- [kground-preinit] o.apache.tomcat.util.digester.Digester   :   Fire body() for SetNextRule[methodName=addOperation, paramType=org.apache.tomcat.util.modeler.OperationInfo]
2019-05-11 11:06:14.940 DEBUG 8956 --- [kground-preinit] o.apache.tomcat.util.digester.Digester   :   Fire end() for SetNextRule[methodName=addOperation, paramType=org.apache.tomcat.util.modeler.OperationInfo]
2019-05-11 11:06:14.940 DEBUG 8956 --- [kground-preinit] o.apache.tomcat.util.digester.Digester   : [SetNextRule]{mbeans-descriptors/mbean/operation} Call org.apache.tomcat.util.modeler.ManagedBean.addOperation(org.apache.tomcat.util.modeler.OperationInfo@457da0b5)
2019-05-11 11:06:14.940 DEBUG 8956 --- [kground-preinit] o.apache.tomcat.util.IntrospectionUtils  : IntrospectionUtils: callMethod1 org.apache.tomcat.util.modeler.ManagedBean org.apache.tomcat.util.modeler.OperationInfo org.apache.tomcat.util.modeler.OperationInfo
2019-05-11 11:06:14.940 DEBUG 8956 --- [kground-preinit] o.apache.tomcat.util.digester.Digester   :   Fire end() for SetPropertiesRule[]
2019-05-11 11:06:14.940 DEBUG 8956 --- [kground-preinit] o.apache.tomcat.util.digester.Digester   :   Fire end() for ObjectCreateRule[className=org.apache.tomcat.util.modeler.OperationInfo, attributeName=null]
2019-05-11 11:06:14.940 DEBUG 8956 --- [kground-preinit] o.apache.tomcat.util.digester.Digester   : [ObjectCreateRule]{mbeans-descriptors/mbean/operation} Pop org.apache.tomcat.util.modeler.OperationInfo
2019-05-11 11:06:14.940 DEBUG 8956 --- [kground-preinit] o.a.tomcat.util.digester.Digester.sax    : characters(

    )
2019-05-11 11:06:14.941 DEBUG 8956 --- [kground-preinit] o.a.tomcat.util.digester.Digester.sax    : startElement(,,operation)
2019-05-11 11:06:14.941 DEBUG 8956 --- [kground-preinit] o.apache.tomcat.util.digester.Digester   :   New match='mbeans-descriptors/mbean/operation'
2019-05-11 11:06:14.941 DEBUG 8956 --- [kground-preinit] o.apache.tomcat.util.digester.Digester   :   Fire begin() for ObjectCreateRule[className=org.apache.tomcat.util.modeler.OperationInfo, attributeName=null]
2019-05-11 11:06:14.941 DEBUG 8956 --- [kground-preinit] o.apache.tomcat.util.digester.Digester   : [ObjectCreateRule]{mbeans-descriptors/mbean/operation}New org.apache.tomcat.util.modeler.OperationInfo
2019-05-11 11:06:14.941 DEBUG 8956 --- [kground-preinit] o.apache.tomcat.util.digester.Digester   :   Fire begin() for SetPropertiesRule[]
2019-05-11 11:06:14.941 DEBUG 8956 --- [kground-preinit] o.apache.tomcat.util.digester.Digester   : [SetPropertiesRule]{mbeans-descriptors/mbean/operation} Set org.apache.tomcat.util.modeler.OperationInfo properties
2019-05-11 11:06:14.941 DEBUG 8956 --- [kground-preinit] o.apache.tomcat.util.digester.Digester   : [SetPropertiesRule]{mbeans-descriptors/mbean/operation} Setting property 'name' to 'findExecutors'
2019-05-11 11:06:14.941 DEBUG 8956 --- [kground-preinit] o.apache.tomcat.util.IntrospectionUtils  : IntrospectionUtils: setProperty(class org.apache.tomcat.util.modeler.OperationInfo name=findExecutors)
2019-05-11 11:06:14.942 DEBUG 8956 --- [kground-preinit] o.apache.tomcat.util.digester.Digester   : [SetPropertiesRule]{mbeans-descriptors/mbean/operation} Setting property 'description' to 'Retrieves all executors'
2019-05-11 11:06:14.942 DEBUG 8956 --- [kground-preinit] o.apache.tomcat.util.IntrospectionUtils  : IntrospectionUtils: setProperty(class org.apache.tomcat.util.modeler.OperationInfo description=Retrieves all executors)
2019-05-11 11:06:14.942 DEBUG 8956 --- [kground-preinit] o.apache.tomcat.util.digester.Digester   : [SetPropertiesRule]{mbeans-descriptors/mbean/operation} Setting property 'impact' to 'ACTION'
2019-05-11 11:06:14.942 DEBUG 8956 --- [kground-preinit] o.apache.tomcat.util.IntrospectionUtils  : IntrospectionUtils: setProperty(class org.apache.tomcat.util.modeler.OperationInfo impact=ACTION)
2019-05-11 11:06:14.942 DEBUG 8956 --- [kground-preinit] o.apache.tomcat.util.digester.Digester   : [SetPropertiesRule]{mbeans-descriptors/mbean/operation} Setting property 'returnType' to '[Ljava.lang.String;'
2019-05-11 11:06:14.942 DEBUG 8956 --- [kground-preinit] o.apache.tomcat.util.IntrospectionUtils  : IntrospectionUtils: setProperty(class org.apache.tomcat.util.modeler.OperationInfo returnType=[Ljava.lang.String;)
2019-05-11 11:06:14.942 DEBUG 8956 --- [kground-preinit] o.apache.tomcat.util.digester.Digester   :   Fire begin() for SetNextRule[methodName=addOperation, paramType=org.apache.tomcat.util.modeler.OperationInfo]
2019-05-11 11:06:14.942 DEBUG 8956 --- [kground-preinit] o.a.tomcat.util.digester.Digester.sax    : characters(
    )
2019-05-11 11:06:14.942 DEBUG 8956 --- [kground-preinit] o.a.tomcat.util.digester.Digester.sax    : endElement(,,operation)
2019-05-11 11:06:14.942 DEBUG 8956 --- [kground-preinit] o.apache.tomcat.util.digester.Digester   :   match='mbeans-descriptors/mbean/operation'
2019-05-11 11:06:14.942 DEBUG 8956 --- [kground-preinit] o.apache.tomcat.util.digester.Digester   :   bodyText='
    '
2019-05-11 11:06:14.942 DEBUG 8956 --- [kground-preinit] o.apache.tomcat.util.digester.Digester   :   Fire body() for ObjectCreateRule[className=org.apache.tomcat.util.modeler.OperationInfo, attributeName=null]
2019-05-11 11:06:14.942 DEBUG 8956 --- [kground-preinit] o.apache.tomcat.util.digester.Digester   :   Fire body() for SetPropertiesRule[]
2019-05-11 11:06:14.943 DEBUG 8956 --- [kground-preinit] o.apache.tomcat.util.digester.Digester   :   Fire body() for SetNextRule[methodName=addOperation, paramType=org.apache.tomcat.util.modeler.OperationInfo]
2019-05-11 11:06:14.943 DEBUG 8956 --- [kground-preinit] o.apache.tomcat.util.digester.Digester   :   Fire end() for SetNextRule[methodName=addOperation, paramType=org.apache.tomcat.util.modeler.OperationInfo]
2019-05-11 11:06:14.943 DEBUG 8956 --- [kground-preinit] o.apache.tomcat.util.digester.Digester   : [SetNextRule]{mbeans-descriptors/mbean/operation} Call org.apache.tomcat.util.modeler.ManagedBean.addOperation(org.apache.tomcat.util.modeler.OperationInfo@117cd0df)
2019-05-11 11:06:14.943 DEBUG 8956 --- [kground-preinit] o.apache.tomcat.util.IntrospectionUtils  : IntrospectionUtils: callMethod1 org.apache.tomcat.util.modeler.ManagedBean org.apache.tomcat.util.modeler.OperationInfo org.apache.tomcat.util.modeler.OperationInfo
2019-05-11 11:06:14.943 DEBUG 8956 --- [kground-preinit] o.apache.tomcat.util.digester.Digester   :   Fire end() for SetPropertiesRule[]
2019-05-11 11:06:14.943 DEBUG 8956 --- [kground-preinit] o.apache.tomcat.util.digester.Digester   :   Fire end() for ObjectCreateRule[className=org.apache.tomcat.util.modeler.OperationInfo, attributeName=null]
2019-05-11 11:06:14.943 DEBUG 8956 --- [kground-preinit] o.apache.tomcat.util.digester.Digester   : [ObjectCreateRule]{mbeans-descriptors/mbean/operation} Pop org.apache.tomcat.util.modeler.OperationInfo
2019-05-11 11:06:14.943 DEBUG 8956 --- [kground-preinit] o.a.tomcat.util.digester.Digester.sax    : characters(

    )
2019-05-11 11:06:14.943 DEBUG 8956 --- [kground-preinit] o.a.tomcat.util.digester.Digester.sax    : startElement(,,operation)
2019-05-11 11:06:14.943 DEBUG 8956 --- [kground-preinit] o.apache.tomcat.util.digester.Digester   :   New match='mbeans-descriptors/mbean/operation'
2019-05-11 11:06:14.943 DEBUG 8956 --- [kground-preinit] o.apache.tomcat.util.digester.Digester   :   Fire begin() for ObjectCreateRule[className=org.apache.tomcat.util.modeler.OperationInfo, attributeName=null]
2019-05-11 11:06:14.943 DEBUG 8956 --- [kground-preinit] o.apache.tomcat.util.digester.Digester   : [ObjectCreateRule]{mbeans-descriptors/mbean/operation}New org.apache.tomcat.util.modeler.OperationInfo
2019-05-11 11:06:14.944 DEBUG 8956 --- [kground-preinit] o.apache.tomcat.util.digester.Digester   :   Fire begin() for SetPropertiesRule[]
2019-05-11 11:06:14.944 DEBUG 8956 --- [kground-preinit] o.apache.tomcat.util.digester.Digester   : [SetPropertiesRule]{mbeans-descriptors/mbean/operation} Set org.apache.tomcat.util.modeler.OperationInfo properties
2019-05-11 11:06:14.944 DEBUG 8956 --- [kground-preinit] o.apache.tomcat.util.digester.Digester   : [SetPropertiesRule]{mbeans-descriptors/mbean/operation} Setting property 'name' to 'getExecutor'
2019-05-11 11:06:14.944 DEBUG 8956 --- [kground-preinit] o.apache.tomcat.util.IntrospectionUtils  : IntrospectionUtils: setProperty(class org.apache.tomcat.util.modeler.OperationInfo name=getExecutor)
2019-05-11 11:06:14.944 DEBUG 8956 --- [kground-preinit] o.apache.tomcat.util.digester.Digester   : [SetPropertiesRule]{mbeans-descriptors/mbean/operation} Setting property 'description' to 'Retrieves executor by name'
2019-05-11 11:06:14.944 DEBUG 8956 --- [kground-preinit] o.apache.tomcat.util.IntrospectionUtils  : IntrospectionUtils: setProperty(class org.apache.tomcat.util.modeler.OperationInfo description=Retrieves executor by name)
2019-05-11 11:06:14.944 DEBUG 8956 --- [kground-preinit] o.apache.tomcat.util.digester.Digester   : [SetPropertiesRule]{mbeans-descriptors/mbean/operation} Setting property 'impact' to 'ACTION'
2019-05-11 11:06:14.944 DEBUG 8956 --- [kground-preinit] o.apache.tomcat.util.IntrospectionUtils  : IntrospectionUtils: setProperty(class org.apache.tomcat.util.modeler.OperationInfo impact=ACTION)
2019-05-11 11:06:14.944 DEBUG 8956 --- [kground-preinit] o.apache.tomcat.util.digester.Digester   : [SetPropertiesRule]{mbeans-descriptors/mbean/operation} Setting property 'returnType' to 'java.lang.String'
2019-05-11 11:06:14.944 DEBUG 8956 --- [kground-preinit] o.apache.tomcat.util.IntrospectionUtils  : IntrospectionUtils: setProperty(class org.apache.tomcat.util.modeler.OperationInfo returnType=java.lang.String)
2019-05-11 11:06:14.944 DEBUG 8956 --- [kground-preinit] o.apache.tomcat.util.digester.Digester   :   Fire begin() for SetNextRule[methodName=addOperation, paramType=org.apache.tomcat.util.modeler.OperationInfo]
2019-05-11 11:06:14.944 DEBUG 8956 --- [kground-preinit] o.a.tomcat.util.digester.Digester.sax    : characters(
      )
2019-05-11 11:06:14.945 DEBUG 8956 --- [kground-preinit] o.a.tomcat.util.digester.Digester.sax    : startElement(,,parameter)
2019-05-11 11:06:14.945 DEBUG 8956 --- [kground-preinit] o.apache.tomcat.util.digester.Digester   :   New match='mbeans-descriptors/mbean/operation/parameter'
2019-05-11 11:06:14.945 DEBUG 8956 --- [kground-preinit] o.apache.tomcat.util.digester.Digester   :   Fire begin() for ObjectCreateRule[className=org.apache.tomcat.util.modeler.ParameterInfo, attributeName=null]
2019-05-11 11:06:14.945 DEBUG 8956 --- [kground-preinit] o.apache.tomcat.util.digester.Digester   : [ObjectCreateRule]{mbeans-descriptors/mbean/operation/parameter}New org.apache.tomcat.util.modeler.ParameterInfo
2019-05-11 11:06:14.945 DEBUG 8956 --- [kground-preinit] o.apache.tomcat.util.digester.Digester   :   Fire begin() for SetPropertiesRule[]
2019-05-11 11:06:14.945 DEBUG 8956 --- [kground-preinit] o.apache.tomcat.util.digester.Digester   : [SetPropertiesRule]{mbeans-descriptors/mbean/operation/parameter} Set org.apache.tomcat.util.modeler.ParameterInfo properties
2019-05-11 11:06:14.945 DEBUG 8956 --- [kground-preinit] o.apache.tomcat.util.digester.Digester   : [SetPropertiesRule]{mbeans-descriptors/mbean/operation/parameter} Setting property 'name' to 'name'
2019-05-11 11:06:14.945 DEBUG 8956 --- [kground-preinit] o.apache.tomcat.util.IntrospectionUtils  : IntrospectionUtils: setProperty(class org.apache.tomcat.util.modeler.ParameterInfo name=name)
2019-05-11 11:06:14.945 DEBUG 8956 --- [kground-preinit] o.apache.tomcat.util.digester.Digester   : [SetPropertiesRule]{mbeans-descriptors/mbean/operation/parameter} Setting property 'description' to 'Name of the executor to be retrieved'
2019-05-11 11:06:14.945 DEBUG 8956 --- [kground-preinit] o.apache.tomcat.util.IntrospectionUtils  : IntrospectionUtils: setProperty(class org.apache.tomcat.util.modeler.ParameterInfo description=Name of the executor to be retrieved)
2019-05-11 11:06:14.945 DEBUG 8956 --- [kground-preinit] o.apache.tomcat.util.digester.Digester   : [SetPropertiesRule]{mbeans-descriptors/mbean/operation/parameter} Setting property 'type' to 'java.lang.String'
2019-05-11 11:06:14.945 DEBUG 8956 --- [kground-preinit] o.apache.tomcat.util.IntrospectionUtils  : IntrospectionUtils: setProperty(class org.apache.tomcat.util.modeler.ParameterInfo type=java.lang.String)
2019-05-11 11:06:14.946 DEBUG 8956 --- [kground-preinit] o.apache.tomcat.util.digester.Digester   :   Fire begin() for SetNextRule[methodName=addParameter, paramType=org.apache.tomcat.util.modeler.ParameterInfo]
2019-05-11 11:06:14.946 DEBUG 8956 --- [kground-preinit] o.a.tomcat.util.digester.Digester.sax    : endElement(,,parameter)
2019-05-11 11:06:14.946 DEBUG 8956 --- [kground-preinit] o.apache.tomcat.util.digester.Digester   :   match='mbeans-descriptors/mbean/operation/parameter'
2019-05-11 11:06:14.946 DEBUG 8956 --- [kground-preinit] o.apache.tomcat.util.digester.Digester   :   bodyText=''
2019-05-11 11:06:14.946 DEBUG 8956 --- [kground-preinit] o.apache.tomcat.util.digester.Digester   :   Fire body() for ObjectCreateRule[className=org.apache.tomcat.util.modeler.ParameterInfo, attributeName=null]
2019-05-11 11:06:14.946 DEBUG 8956 --- [kground-preinit] o.apache.tomcat.util.digester.Digester   :   Fire body() for SetPropertiesRule[]
2019-05-11 11:06:14.946 DEBUG 8956 --- [kground-preinit] o.apache.tomcat.util.digester.Digester   :   Fire body() for SetNextRule[methodName=addParameter, paramType=org.apache.tomcat.util.modeler.ParameterInfo]
2019-05-11 11:06:14.946 DEBUG 8956 --- [kground-preinit] o.apache.tomcat.util.digester.Digester   :   Fire end() for SetNextRule[methodName=addParameter, paramType=org.apache.tomcat.util.modeler.ParameterInfo]
2019-05-11 11:06:14.946 DEBUG 8956 --- [kground-preinit] o.apache.tomcat.util.digester.Digester   : [SetNextRule]{mbeans-descriptors/mbean/operation/parameter} Call org.apache.tomcat.util.modeler.OperationInfo.addParameter(org.apache.tomcat.util.modeler.ParameterInfo@2340f5c7)
2019-05-11 11:06:14.946 DEBUG 8956 --- [kground-preinit] o.apache.tomcat.util.IntrospectionUtils  : IntrospectionUtils: callMethod1 org.apache.tomcat.util.modeler.OperationInfo org.apache.tomcat.util.modeler.ParameterInfo org.apache.tomcat.util.modeler.ParameterInfo
2019-05-11 11:06:14.946 DEBUG 8956 --- [kground-preinit] o.apache.tomcat.util.digester.Digester   :   Fire end() for SetPropertiesRule[]
2019-05-11 11:06:14.946 DEBUG 8956 --- [kground-preinit] o.apache.tomcat.util.digester.Digester   :   Fire end() for ObjectCreateRule[className=org.apache.tomcat.util.modeler.ParameterInfo, attributeName=null]
2019-05-11 11:06:14.946 DEBUG 8956 --- [kground-preinit] o.apache.tomcat.util.digester.Digester   : [ObjectCreateRule]{mbeans-descriptors/mbean/operation/parameter} Pop org.apache.tomcat.util.modeler.ParameterInfo
2019-05-11 11:06:14.947 DEBUG 8956 --- [kground-preinit] o.a.tomcat.util.digester.Digester.sax    : characters(
    )
2019-05-11 11:06:14.947 DEBUG 8956 --- [kground-preinit] o.a.tomcat.util.digester.Digester.sax    : endElement(,,operation)
2019-05-11 11:06:14.947 DEBUG 8956 --- [kground-preinit] o.apache.tomcat.util.digester.Digester   :   match='mbeans-descriptors/mbean/operation'
2019-05-11 11:06:14.947 DEBUG 8956 --- [kground-preinit] o.apache.tomcat.util.digester.Digester   :   bodyText='
      
    '
2019-05-11 11:06:14.947 DEBUG 8956 --- [kground-preinit] o.apache.tomcat.util.digester.Digester   :   Fire body() for ObjectCreateRule[className=org.apache.tomcat.util.modeler.OperationInfo, attributeName=null]
2019-05-11 11:06:14.947 DEBUG 8956 --- [kground-preinit] o.apache.tomcat.util.digester.Digester   :   Fire body() for SetPropertiesRule[]
2019-05-11 11:06:14.947 DEBUG 8956 --- [kground-preinit] o.apache.tomcat.util.digester.Digester   :   Fire body() for SetNextRule[methodName=addOperation, paramType=org.apache.tomcat.util.modeler.OperationInfo]
2019-05-11 11:06:14.947 DEBUG 8956 --- [kground-preinit] o.apache.tomcat.util.digester.Digester   :   Fire end() for SetNextRule[methodName=addOperation, paramType=org.apache.tomcat.util.modeler.OperationInfo]
2019-05-11 11:06:14.947 DEBUG 8956 --- [kground-preinit] o.apache.tomcat.util.digester.Digester   : [SetNextRule]{mbeans-descriptors/mbean/operation} Call org.apache.tomcat.util.modeler.ManagedBean.addOperation(org.apache.tomcat.util.modeler.OperationInfo@66d9804a)
2019-05-11 11:06:14.947 DEBUG 8956 --- [kground-preinit] o.apache.tomcat.util.IntrospectionUtils  : IntrospectionUtils: callMethod1 org.apache.tomcat.util.modeler.ManagedBean org.apache.tomcat.util.modeler.OperationInfo org.apache.tomcat.util.modeler.OperationInfo
2019-05-11 11:06:14.947 DEBUG 8956 --- [kground-preinit] o.apache.tomcat.util.digester.Digester   :   Fire end() for SetPropertiesRule[]
2019-05-11 11:06:14.947 DEBUG 8956 --- [kground-preinit] o.apache.tomcat.util.digester.Digester   :   Fire end() for ObjectCreateRule[className=org.apache.tomcat.util.modeler.OperationInfo, attributeName=null]
2019-05-11 11:06:14.947 DEBUG 8956 --- [kground-preinit] o.apache.tomcat.util.digester.Digester   : [ObjectCreateRule]{mbeans-descriptors/mbean/operation} Pop org.apache.tomcat.util.modeler.OperationInfo
2019-05-11 11:06:14.948 DEBUG 8956 --- [kground-preinit] o.a.tomcat.util.digester.Digester.sax    : characters(

    )
2019-05-11 11:06:14.948 DEBUG 8956 --- [kground-preinit] o.a.tomcat.util.digester.Digester.sax    : startElement(,,operation)
2019-05-11 11:06:14.948 DEBUG 8956 --- [kground-preinit] o.apache.tomcat.util.digester.Digester   :   New match='mbeans-descriptors/mbean/operation'
2019-05-11 11:06:14.948 DEBUG 8956 --- [kground-preinit] o.apache.tomcat.util.digester.Digester   :   Fire begin() for ObjectCreateRule[className=org.apache.tomcat.util.modeler.OperationInfo, attributeName=null]
2019-05-11 11:06:14.948 DEBUG 8956 --- [kground-preinit] o.apache.tomcat.util.digester.Digester   : [ObjectCreateRule]{mbeans-descriptors/mbean/operation}New org.apache.tomcat.util.modeler.OperationInfo
2019-05-11 11:06:14.948 DEBUG 8956 --- [kground-preinit] o.apache.tomcat.util.digester.Digester   :   Fire begin() for SetPropertiesRule[]
2019-05-11 11:06:14.948 DEBUG 8956 --- [kground-preinit] o.apache.tomcat.util.digester.Digester   : [SetPropertiesRule]{mbeans-descriptors/mbean/operation} Set org.apache.tomcat.util.modeler.OperationInfo properties
2019-05-11 11:06:14.948 DEBUG 8956 --- [kground-preinit] o.apache.tomcat.util.digester.Digester   : [SetPropertiesRule]{mbeans-descriptors/mbean/operation} Setting property 'name' to 'start'
2019-05-11 11:06:14.948 DEBUG 8956 --- [kground-preinit] o.apache.tomcat.util.IntrospectionUtils  : IntrospectionUtils: setProperty(class org.apache.tomcat.util.modeler.OperationInfo name=start)
2019-05-11 11:06:14.948 DEBUG 8956 --- [kground-preinit] o.apache.tomcat.util.digester.Digester   : [SetPropertiesRule]{mbeans-descriptors/mbean/operation} Setting property 'description' to 'Start'
2019-05-11 11:06:14.948 DEBUG 8956 --- [kground-preinit] o.apache.tomcat.util.IntrospectionUtils  : IntrospectionUtils: setProperty(class org.apache.tomcat.util.modeler.OperationInfo description=Start)
2019-05-11 11:06:14.948 DEBUG 8956 --- [kground-preinit] o.apache.tomcat.util.digester.Digester   : [SetPropertiesRule]{mbeans-descriptors/mbean/operation} Setting property 'impact' to 'ACTION'
2019-05-11 11:06:14.949 DEBUG 8956 --- [kground-preinit] o.apache.tomcat.util.IntrospectionUtils  : IntrospectionUtils: setProperty(class org.apache.tomcat.util.modeler.OperationInfo impact=ACTION)
2019-05-11 11:06:14.949 DEBUG 8956 --- [kground-preinit] o.apache.tomcat.util.digester.Digester   : [SetPropertiesRule]{mbeans-descriptors/mbean/operation} Setting property 'returnType' to 'void'
2019-05-11 11:06:14.949 DEBUG 8956 --- [kground-preinit] o.apache.tomcat.util.IntrospectionUtils  : IntrospectionUtils: setProperty(class org.apache.tomcat.util.modeler.OperationInfo returnType=void)
2019-05-11 11:06:14.949 DEBUG 8956 --- [kground-preinit] o.apache.tomcat.util.digester.Digester   :   Fire begin() for SetNextRule[methodName=addOperation, paramType=org.apache.tomcat.util.modeler.OperationInfo]
2019-05-11 11:06:14.949 DEBUG 8956 --- [kground-preinit] o.a.tomcat.util.digester.Digester.sax    : endElement(,,operation)
2019-05-11 11:06:14.949 DEBUG 8956 --- [kground-preinit] o.apache.tomcat.util.digester.Digester   :   match='mbeans-descriptors/mbean/operation'
2019-05-11 11:06:14.949 DEBUG 8956 --- [kground-preinit] o.apache.tomcat.util.digester.Digester   :   bodyText=''
2019-05-11 11:06:14.949 DEBUG 8956 --- [kground-preinit] o.apache.tomcat.util.digester.Digester   :   Fire body() for ObjectCreateRule[className=org.apache.tomcat.util.modeler.OperationInfo, attributeName=null]
2019-05-11 11:06:14.949 DEBUG 8956 --- [kground-preinit] o.apache.tomcat.util.digester.Digester   :   Fire body() for SetPropertiesRule[]
2019-05-11 11:06:14.949 DEBUG 8956 --- [kground-preinit] o.apache.tomcat.util.digester.Digester   :   Fire body() for SetNextRule[methodName=addOperation, paramType=org.apache.tomcat.util.modeler.OperationInfo]
2019-05-11 11:06:14.949 DEBUG 8956 --- [kground-preinit] o.apache.tomcat.util.digester.Digester   :   Fire end() for SetNextRule[methodName=addOperation, paramType=org.apache.tomcat.util.modeler.OperationInfo]
2019-05-11 11:06:14.949 DEBUG 8956 --- [kground-preinit] o.apache.tomcat.util.digester.Digester   : [SetNextRule]{mbeans-descriptors/mbean/operation} Call org.apache.tomcat.util.modeler.ManagedBean.addOperation(org.apache.tomcat.util.modeler.OperationInfo@4e09ec2c)
2019-05-11 11:06:14.949 DEBUG 8956 --- [kground-preinit] o.apache.tomcat.util.IntrospectionUtils  : IntrospectionUtils: callMethod1 org.apache.tomcat.util.modeler.ManagedBean org.apache.tomcat.util.modeler.OperationInfo org.apache.tomcat.util.modeler.OperationInfo
2019-05-11 11:06:14.950 DEBUG 8956 --- [kground-preinit] o.apache.tomcat.util.digester.Digester   :   Fire end() for SetPropertiesRule[]
2019-05-11 11:06:14.950 DEBUG 8956 --- [kground-preinit] o.apache.tomcat.util.digester.Digester   :   Fire end() for ObjectCreateRule[className=org.apache.tomcat.util.modeler.OperationInfo, attributeName=null]
2019-05-11 11:06:14.950 DEBUG 8956 --- [kground-preinit] o.apache.tomcat.util.digester.Digester   : [ObjectCreateRule]{mbeans-descriptors/mbean/operation} Pop org.apache.tomcat.util.modeler.OperationInfo
2019-05-11 11:06:14.950 DEBUG 8956 --- [kground-preinit] o.a.tomcat.util.digester.Digester.sax    : characters(

    )
2019-05-11 11:06:14.950 DEBUG 8956 --- [kground-preinit] o.a.tomcat.util.digester.Digester.sax    : startElement(,,operation)
2019-05-11 11:06:14.950 DEBUG 8956 --- [kground-preinit] o.apache.tomcat.util.digester.Digester   :   New match='mbeans-descriptors/mbean/operation'
2019-05-11 11:06:14.950 DEBUG 8956 --- [kground-preinit] o.apache.tomcat.util.digester.Digester   :   Fire begin() for ObjectCreateRule[className=org.apache.tomcat.util.modeler.OperationInfo, attributeName=null]
2019-05-11 11:06:14.950 DEBUG 8956 --- [kground-preinit] o.apache.tomcat.util.digester.Digester   : [ObjectCreateRule]{mbeans-descriptors/mbean/operation}New org.apache.tomcat.util.modeler.OperationInfo
2019-05-11 11:06:14.950 DEBUG 8956 --- [kground-preinit] o.apache.tomcat.util.digester.Digester   :   Fire begin() for SetPropertiesRule[]
2019-05-11 11:06:14.950 DEBUG 8956 --- [kground-preinit] o.apache.tomcat.util.digester.Digester   : [SetPropertiesRule]{mbeans-descriptors/mbean/operation} Set org.apache.tomcat.util.modeler.OperationInfo properties
2019-05-11 11:06:14.950 DEBUG 8956 --- [kground-preinit] o.apache.tomcat.util.digester.Digester   : [SetPropertiesRule]{mbeans-descriptors/mbean/operation} Setting property 'name' to 'stop'
2019-05-11 11:06:14.951 DEBUG 8956 --- [kground-preinit] o.apache.tomcat.util.IntrospectionUtils  : IntrospectionUtils: setProperty(class org.apache.tomcat.util.modeler.OperationInfo name=stop)
2019-05-11 11:06:14.951 DEBUG 8956 --- [kground-preinit] o.apache.tomcat.util.digester.Digester   : [SetPropertiesRule]{mbeans-descriptors/mbean/operation} Setting property 'description' to 'Stop'
2019-05-11 11:06:14.951 DEBUG 8956 --- [kground-preinit] o.apache.tomcat.util.IntrospectionUtils  : IntrospectionUtils: setProperty(class org.apache.tomcat.util.modeler.OperationInfo description=Stop)
2019-05-11 11:06:14.951 DEBUG 8956 --- [kground-preinit] o.apache.tomcat.util.digester.Digester   : [SetPropertiesRule]{mbeans-descriptors/mbean/operation} Setting property 'impact' to 'ACTION'
2019-05-11 11:06:14.951 DEBUG 8956 --- [kground-preinit] o.apache.tomcat.util.IntrospectionUtils  : IntrospectionUtils: setProperty(class org.apache.tomcat.util.modeler.OperationInfo impact=ACTION)
2019-05-11 11:06:14.951 DEBUG 8956 --- [kground-preinit] o.apache.tomcat.util.digester.Digester   : [SetPropertiesRule]{mbeans-descriptors/mbean/operation} Setting property 'returnType' to 'void'
2019-05-11 11:06:14.951 DEBUG 8956 --- [kground-preinit] o.apache.tomcat.util.IntrospectionUtils  : IntrospectionUtils: setProperty(class org.apache.tomcat.util.modeler.OperationInfo returnType=void)
2019-05-11 11:06:14.951 DEBUG 8956 --- [kground-preinit] o.apache.tomcat.util.digester.Digester   :   Fire begin() for SetNextRule[methodName=addOperation, paramType=org.apache.tomcat.util.modeler.OperationInfo]
2019-05-11 11:06:14.951 DEBUG 8956 --- [kground-preinit] o.a.tomcat.util.digester.Digester.sax    : endElement(,,operation)
2019-05-11 11:06:14.951 DEBUG 8956 --- [kground-preinit] o.apache.tomcat.util.digester.Digester   :   match='mbeans-descriptors/mbean/operation'
2019-05-11 11:06:14.951 DEBUG 8956 --- [kground-preinit] o.apache.tomcat.util.digester.Digester   :   bodyText=''
2019-05-11 11:06:14.951 DEBUG 8956 --- [kground-preinit] o.apache.tomcat.util.digester.Digester   :   Fire body() for ObjectCreateRule[className=org.apache.tomcat.util.modeler.OperationInfo, attributeName=null]
2019-05-11 11:06:14.951 DEBUG 8956 --- [kground-preinit] o.apache.tomcat.util.digester.Digester   :   Fire body() for SetPropertiesRule[]
2019-05-11 11:06:14.951 DEBUG 8956 --- [kground-preinit] o.apache.tomcat.util.digester.Digester   :   Fire body() for SetNextRule[methodName=addOperation, paramType=org.apache.tomcat.util.modeler.OperationInfo]
2019-05-11 11:06:14.952 DEBUG 8956 --- [kground-preinit] o.apache.tomcat.util.digester.Digester   :   Fire end() for SetNextRule[methodName=addOperation, paramType=org.apache.tomcat.util.modeler.OperationInfo]
2019-05-11 11:06:14.952 DEBUG 8956 --- [kground-preinit] o.apache.tomcat.util.digester.Digester   : [SetNextRule]{mbeans-descriptors/mbean/operation} Call org.apache.tomcat.util.modeler.ManagedBean.addOperation(org.apache.tomcat.util.modeler.OperationInfo@3984371a)
2019-05-11 11:06:14.952 DEBUG 8956 --- [kground-preinit] o.apache.tomcat.util.IntrospectionUtils  : IntrospectionUtils: callMethod1 org.apache.tomcat.util.modeler.ManagedBean org.apache.tomcat.util.modeler.OperationInfo org.apache.tomcat.util.modeler.OperationInfo
2019-05-11 11:06:14.952 DEBUG 8956 --- [kground-preinit] o.apache.tomcat.util.digester.Digester   :   Fire end() for SetPropertiesRule[]
2019-05-11 11:06:14.952 DEBUG 8956 --- [kground-preinit] o.apache.tomcat.util.digester.Digester   :   Fire end() for ObjectCreateRule[className=org.apache.tomcat.util.modeler.OperationInfo, attributeName=null]
2019-05-11 11:06:14.952 DEBUG 8956 --- [kground-preinit] o.apache.tomcat.util.digester.Digester   : [ObjectCreateRule]{mbeans-descriptors/mbean/operation} Pop org.apache.tomcat.util.modeler.OperationInfo
2019-05-11 11:06:14.952 DEBUG 8956 --- [kground-preinit] o.a.tomcat.util.digester.Digester.sax    : characters(
  )
2019-05-11 11:06:14.952 DEBUG 8956 --- [kground-preinit] o.a.tomcat.util.digester.Digester.sax    : endElement(,,mbean)
2019-05-11 11:06:14.952 DEBUG 8956 --- [kground-preinit] o.apache.tomcat.util.digester.Digester   :   match='mbeans-descriptors/mbean'
2019-05-11 11:06:14.952 DEBUG 8956 --- [kground-preinit] o.apache.tomcat.util.digester.Digester   :   bodyText='

    

    

    

    

    

    

    

    

    

    

    
  '
2019-05-11 11:06:14.952 DEBUG 8956 --- [kground-preinit] o.apache.tomcat.util.digester.Digester   :   Fire body() for ObjectCreateRule[className=org.apache.tomcat.util.modeler.ManagedBean, attributeName=null]
2019-05-11 11:06:14.952 DEBUG 8956 --- [kground-preinit] o.apache.tomcat.util.digester.Digester   :   Fire body() for SetPropertiesRule[]
2019-05-11 11:06:14.952 DEBUG 8956 --- [kground-preinit] o.apache.tomcat.util.digester.Digester   :   Fire body() for SetNextRule[methodName=add, paramType=java.lang.Object]
2019-05-11 11:06:14.953 DEBUG 8956 --- [kground-preinit] o.apache.tomcat.util.digester.Digester   :   Fire end() for SetNextRule[methodName=add, paramType=java.lang.Object]
2019-05-11 11:06:14.953 DEBUG 8956 --- [kground-preinit] o.apache.tomcat.util.digester.Digester   : [SetNextRule]{mbeans-descriptors/mbean} Call java.util.ArrayList.add(ManagedBean[name=StandardService, className=org.apache.catalina.mbeans.ServiceMBean, description=Standard Service Component, group=Service, type=org.apache.catalina.core.StandardService])
2019-05-11 11:06:14.953 DEBUG 8956 --- [kground-preinit] o.apache.tomcat.util.IntrospectionUtils  : IntrospectionUtils: callMethod1 java.util.ArrayList org.apache.tomcat.util.modeler.ManagedBean java.lang.Object
2019-05-11 11:06:14.953 DEBUG 8956 --- [kground-preinit] o.apache.tomcat.util.digester.Digester   :   Fire end() for SetPropertiesRule[]
2019-05-11 11:06:14.953 DEBUG 8956 --- [kground-preinit] o.apache.tomcat.util.digester.Digester   :   Fire end() for ObjectCreateRule[className=org.apache.tomcat.util.modeler.ManagedBean, attributeName=null]
2019-05-11 11:06:14.953 DEBUG 8956 --- [kground-preinit] o.apache.tomcat.util.digester.Digester   : [ObjectCreateRule]{mbeans-descriptors/mbean} Pop org.apache.tomcat.util.modeler.ManagedBean
2019-05-11 11:06:14.953 DEBUG 8956 --- [kground-preinit] o.a.tomcat.util.digester.Digester.sax    : characters(

  )
2019-05-11 11:06:14.953 DEBUG 8956 --- [kground-preinit] o.a.tomcat.util.digester.Digester.sax    : startElement(,,mbean)
2019-05-11 11:06:14.953 DEBUG 8956 --- [kground-preinit] o.apache.tomcat.util.digester.Digester   :   New match='mbeans-descriptors/mbean'
2019-05-11 11:06:14.953 DEBUG 8956 --- [kground-preinit] o.apache.tomcat.util.digester.Digester   :   Fire begin() for ObjectCreateRule[className=org.apache.tomcat.util.modeler.ManagedBean, attributeName=null]
2019-05-11 11:06:14.953 DEBUG 8956 --- [kground-preinit] o.apache.tomcat.util.digester.Digester   : [ObjectCreateRule]{mbeans-descriptors/mbean}New org.apache.tomcat.util.modeler.ManagedBean
2019-05-11 11:06:14.953 DEBUG 8956 --- [kground-preinit] o.apache.tomcat.util.digester.Digester   :   Fire begin() for SetPropertiesRule[]
2019-05-11 11:06:14.953 DEBUG 8956 --- [kground-preinit] o.apache.tomcat.util.digester.Digester   : [SetPropertiesRule]{mbeans-descriptors/mbean} Set org.apache.tomcat.util.modeler.ManagedBean properties
2019-05-11 11:06:14.954 DEBUG 8956 --- [kground-preinit] o.apache.tomcat.util.digester.Digester   : [SetPropertiesRule]{mbeans-descriptors/mbean} Setting property 'name' to 'StandardThreadExecutor'
2019-05-11 11:06:14.954 DEBUG 8956 --- [kground-preinit] o.apache.tomcat.util.IntrospectionUtils  : IntrospectionUtils: setProperty(class org.apache.tomcat.util.modeler.ManagedBean name=StandardThreadExecutor)
2019-05-11 11:06:14.954 DEBUG 8956 --- [kground-preinit] o.apache.tomcat.util.digester.Digester   : [SetPropertiesRule]{mbeans-descriptors/mbean} Setting property 'description' to 'Standard implementation of a thread pool'
2019-05-11 11:06:14.954 DEBUG 8956 --- [kground-preinit] o.apache.tomcat.util.IntrospectionUtils  : IntrospectionUtils: setProperty(class org.apache.tomcat.util.modeler.ManagedBean description=Standard implementation of a thread pool)
2019-05-11 11:06:14.954 DEBUG 8956 --- [kground-preinit] o.apache.tomcat.util.digester.Digester   : [SetPropertiesRule]{mbeans-descriptors/mbean} Setting property 'domain' to 'Catalina'
2019-05-11 11:06:14.954 DEBUG 8956 --- [kground-preinit] o.apache.tomcat.util.IntrospectionUtils  : IntrospectionUtils: setProperty(class org.apache.tomcat.util.modeler.ManagedBean domain=Catalina)
2019-05-11 11:06:14.954 DEBUG 8956 --- [kground-preinit] o.apache.tomcat.util.digester.Digester   : [SetPropertiesRule]{mbeans-descriptors/mbean} Setting property 'group' to 'Executor'
2019-05-11 11:06:14.954 DEBUG 8956 --- [kground-preinit] o.apache.tomcat.util.IntrospectionUtils  : IntrospectionUtils: setProperty(class org.apache.tomcat.util.modeler.ManagedBean group=Executor)
2019-05-11 11:06:14.954 DEBUG 8956 --- [kground-preinit] o.apache.tomcat.util.digester.Digester   : [SetPropertiesRule]{mbeans-descriptors/mbean} Setting property 'type' to 'org.apache.catalina.core.StandardThreadExecutor'
2019-05-11 11:06:14.954 DEBUG 8956 --- [kground-preinit] o.apache.tomcat.util.IntrospectionUtils  : IntrospectionUtils: setProperty(class org.apache.tomcat.util.modeler.ManagedBean type=org.apache.catalina.core.StandardThreadExecutor)
2019-05-11 11:06:14.954 DEBUG 8956 --- [kground-preinit] o.apache.tomcat.util.digester.Digester   :   Fire begin() for SetNextRule[methodName=add, paramType=java.lang.Object]
2019-05-11 11:06:14.954 DEBUG 8956 --- [kground-preinit] o.a.tomcat.util.digester.Digester.sax    : characters(

    )
2019-05-11 11:06:14.955 DEBUG 8956 --- [kground-preinit] o.a.tomcat.util.digester.Digester.sax    : startElement(,,attribute)
2019-05-11 11:06:14.955 DEBUG 8956 --- [kground-preinit] o.apache.tomcat.util.digester.Digester   :   New match='mbeans-descriptors/mbean/attribute'
2019-05-11 11:06:14.955 DEBUG 8956 --- [kground-preinit] o.apache.tomcat.util.digester.Digester   :   Fire begin() for ObjectCreateRule[className=org.apache.tomcat.util.modeler.AttributeInfo, attributeName=null]
2019-05-11 11:06:14.955 DEBUG 8956 --- [kground-preinit] o.apache.tomcat.util.digester.Digester   : [ObjectCreateRule]{mbeans-descriptors/mbean/attribute}New org.apache.tomcat.util.modeler.AttributeInfo
2019-05-11 11:06:14.955 DEBUG 8956 --- [kground-preinit] o.apache.tomcat.util.digester.Digester   :   Fire begin() for SetPropertiesRule[]
2019-05-11 11:06:14.955 DEBUG 8956 --- [kground-preinit] o.apache.tomcat.util.digester.Digester   : [SetPropertiesRule]{mbeans-descriptors/mbean/attribute} Set org.apache.tomcat.util.modeler.AttributeInfo properties
2019-05-11 11:06:14.955 DEBUG 8956 --- [kground-preinit] o.apache.tomcat.util.digester.Digester   : [SetPropertiesRule]{mbeans-descriptors/mbean/attribute} Setting property 'name' to 'activeCount'
2019-05-11 11:06:14.955 DEBUG 8956 --- [kground-preinit] o.apache.tomcat.util.IntrospectionUtils  : IntrospectionUtils: setProperty(class org.apache.tomcat.util.modeler.AttributeInfo name=activeCount)
2019-05-11 11:06:14.955 DEBUG 8956 --- [kground-preinit] o.apache.tomcat.util.digester.Digester   : [SetPropertiesRule]{mbeans-descriptors/mbean/attribute} Setting property 'description' to 'Number of threads currently processing a task'
2019-05-11 11:06:14.955 DEBUG 8956 --- [kground-preinit] o.apache.tomcat.util.IntrospectionUtils  : IntrospectionUtils: setProperty(class org.apache.tomcat.util.modeler.AttributeInfo description=Number of threads currently processing a task)
2019-05-11 11:06:14.955 DEBUG 8956 --- [kground-preinit] o.apache.tomcat.util.digester.Digester   : [SetPropertiesRule]{mbeans-descriptors/mbean/attribute} Setting property 'type' to 'int'
2019-05-11 11:06:14.955 DEBUG 8956 --- [kground-preinit] o.apache.tomcat.util.IntrospectionUtils  : IntrospectionUtils: setProperty(class org.apache.tomcat.util.modeler.AttributeInfo type=int)
2019-05-11 11:06:14.955 DEBUG 8956 --- [kground-preinit] o.apache.tomcat.util.digester.Digester   : [SetPropertiesRule]{mbeans-descriptors/mbean/attribute} Setting property 'writeable' to 'false'
2019-05-11 11:06:14.956 DEBUG 8956 --- [kground-preinit] o.apache.tomcat.util.IntrospectionUtils  : IntrospectionUtils: setProperty(class org.apache.tomcat.util.modeler.AttributeInfo writeable=false)
2019-05-11 11:06:14.956 DEBUG 8956 --- [kground-preinit] o.apache.tomcat.util.digester.Digester   :   Fire begin() for SetNextRule[methodName=addAttribute, paramType=org.apache.tomcat.util.modeler.AttributeInfo]
2019-05-11 11:06:14.956 DEBUG 8956 --- [kground-preinit] o.a.tomcat.util.digester.Digester.sax    : endElement(,,attribute)
2019-05-11 11:06:14.956 DEBUG 8956 --- [kground-preinit] o.apache.tomcat.util.digester.Digester   :   match='mbeans-descriptors/mbean/attribute'
2019-05-11 11:06:14.956 DEBUG 8956 --- [kground-preinit] o.apache.tomcat.util.digester.Digester   :   bodyText=''
2019-05-11 11:06:14.956 DEBUG 8956 --- [kground-preinit] o.apache.tomcat.util.digester.Digester   :   Fire body() for ObjectCreateRule[className=org.apache.tomcat.util.modeler.AttributeInfo, attributeName=null]
2019-05-11 11:06:14.956 DEBUG 8956 --- [kground-preinit] o.apache.tomcat.util.digester.Digester   :   Fire body() for SetPropertiesRule[]
2019-05-11 11:06:14.956 DEBUG 8956 --- [kground-preinit] o.apache.tomcat.util.digester.Digester   :   Fire body() for SetNextRule[methodName=addAttribute, paramType=org.apache.tomcat.util.modeler.AttributeInfo]
2019-05-11 11:06:14.956 DEBUG 8956 --- [kground-preinit] o.apache.tomcat.util.digester.Digester   :   Fire end() for SetNextRule[methodName=addAttribute, paramType=org.apache.tomcat.util.modeler.AttributeInfo]
2019-05-11 11:06:14.956 DEBUG 8956 --- [kground-preinit] o.apache.tomcat.util.digester.Digester   : [SetNextRule]{mbeans-descriptors/mbean/attribute} Call org.apache.tomcat.util.modeler.ManagedBean.addAttribute(org.apache.tomcat.util.modeler.AttributeInfo@1d4e1320)
2019-05-11 11:06:14.956 DEBUG 8956 --- [kground-preinit] o.apache.tomcat.util.IntrospectionUtils  : IntrospectionUtils: callMethod1 org.apache.tomcat.util.modeler.ManagedBean org.apache.tomcat.util.modeler.AttributeInfo org.apache.tomcat.util.modeler.AttributeInfo
2019-05-11 11:06:14.956 DEBUG 8956 --- [kground-preinit] o.apache.tomcat.util.digester.Digester   :   Fire end() for SetPropertiesRule[]
2019-05-11 11:06:14.956 DEBUG 8956 --- [kground-preinit] o.apache.tomcat.util.digester.Digester   :   Fire end() for ObjectCreateRule[className=org.apache.tomcat.util.modeler.AttributeInfo, attributeName=null]
2019-05-11 11:06:14.956 DEBUG 8956 --- [kground-preinit] o.apache.tomcat.util.digester.Digester   : [ObjectCreateRule]{mbeans-descriptors/mbean/attribute} Pop org.apache.tomcat.util.modeler.AttributeInfo
2019-05-11 11:06:14.957 DEBUG 8956 --- [kground-preinit] o.a.tomcat.util.digester.Digester.sax    : characters(

    )
2019-05-11 11:06:14.957 DEBUG 8956 --- [kground-preinit] o.a.tomcat.util.digester.Digester.sax    : startElement(,,attribute)
2019-05-11 11:06:14.957 DEBUG 8956 --- [kground-preinit] o.apache.tomcat.util.digester.Digester   :   New match='mbeans-descriptors/mbean/attribute'
2019-05-11 11:06:14.957 DEBUG 8956 --- [kground-preinit] o.apache.tomcat.util.digester.Digester   :   Fire begin() for ObjectCreateRule[className=org.apache.tomcat.util.modeler.AttributeInfo, attributeName=null]
2019-05-11 11:06:14.957 DEBUG 8956 --- [kground-preinit] o.apache.tomcat.util.digester.Digester   : [ObjectCreateRule]{mbeans-descriptors/mbean/attribute}New org.apache.tomcat.util.modeler.AttributeInfo
2019-05-11 11:06:14.957 DEBUG 8956 --- [kground-preinit] o.apache.tomcat.util.digester.Digester   :   Fire begin() for SetPropertiesRule[]
2019-05-11 11:06:14.957 DEBUG 8956 --- [kground-preinit] o.apache.tomcat.util.digester.Digester   : [SetPropertiesRule]{mbeans-descriptors/mbean/attribute} Set org.apache.tomcat.util.modeler.AttributeInfo properties
2019-05-11 11:06:14.957 DEBUG 8956 --- [kground-preinit] o.apache.tomcat.util.digester.Digester   : [SetPropertiesRule]{mbeans-descriptors/mbean/attribute} Setting property 'name' to 'completedTaskCount'
2019-05-11 11:06:14.957 DEBUG 8956 --- [kground-preinit] o.apache.tomcat.util.IntrospectionUtils  : IntrospectionUtils: setProperty(class org.apache.tomcat.util.modeler.AttributeInfo name=completedTaskCount)
2019-05-11 11:06:14.957 DEBUG 8956 --- [kground-preinit] o.apache.tomcat.util.digester.Digester   : [SetPropertiesRule]{mbeans-descriptors/mbean/attribute} Setting property 'description' to 'Number of tasks completed by the executor'
2019-05-11 11:06:14.957 DEBUG 8956 --- [kground-preinit] o.apache.tomcat.util.IntrospectionUtils  : IntrospectionUtils: setProperty(class org.apache.tomcat.util.modeler.AttributeInfo description=Number of tasks completed by the executor)
2019-05-11 11:06:14.959 DEBUG 8956 --- [kground-preinit] o.apache.tomcat.util.digester.Digester   : [SetPropertiesRule]{mbeans-descriptors/mbean/attribute} Setting property 'type' to 'int'
2019-05-11 11:06:14.960 DEBUG 8956 --- [kground-preinit] o.apache.tomcat.util.IntrospectionUtils  : IntrospectionUtils: setProperty(class org.apache.tomcat.util.modeler.AttributeInfo type=int)
2019-05-11 11:06:14.960 DEBUG 8956 --- [kground-preinit] o.apache.tomcat.util.digester.Digester   : [SetPropertiesRule]{mbeans-descriptors/mbean/attribute} Setting property 'writeable' to 'false'
2019-05-11 11:06:14.960 DEBUG 8956 --- [kground-preinit] o.apache.tomcat.util.IntrospectionUtils  : IntrospectionUtils: setProperty(class org.apache.tomcat.util.modeler.AttributeInfo writeable=false)
2019-05-11 11:06:14.961 DEBUG 8956 --- [kground-preinit] o.apache.tomcat.util.digester.Digester   :   Fire begin() for SetNextRule[methodName=addAttribute, paramType=org.apache.tomcat.util.modeler.AttributeInfo]
2019-05-11 11:06:14.961 DEBUG 8956 --- [kground-preinit] o.a.tomcat.util.digester.Digester.sax    : endElement(,,attribute)
2019-05-11 11:06:14.961 DEBUG 8956 --- [kground-preinit] o.apache.tomcat.util.digester.Digester   :   match='mbeans-descriptors/mbean/attribute'
2019-05-11 11:06:14.961 DEBUG 8956 --- [kground-preinit] o.apache.tomcat.util.digester.Digester   :   bodyText=''
2019-05-11 11:06:14.962 DEBUG 8956 --- [kground-preinit] o.apache.tomcat.util.digester.Digester   :   Fire body() for ObjectCreateRule[className=org.apache.tomcat.util.modeler.AttributeInfo, attributeName=null]
2019-05-11 11:06:14.962 DEBUG 8956 --- [kground-preinit] o.apache.tomcat.util.digester.Digester   :   Fire body() for SetPropertiesRule[]
2019-05-11 11:06:14.962 DEBUG 8956 --- [kground-preinit] o.apache.tomcat.util.digester.Digester   :   Fire body() for SetNextRule[methodName=addAttribute, paramType=org.apache.tomcat.util.modeler.AttributeInfo]
2019-05-11 11:06:14.963 DEBUG 8956 --- [kground-preinit] o.apache.tomcat.util.digester.Digester   :   Fire end() for SetNextRule[methodName=addAttribute, paramType=org.apache.tomcat.util.modeler.AttributeInfo]
2019-05-11 11:06:14.963 DEBUG 8956 --- [kground-preinit] o.apache.tomcat.util.digester.Digester   : [SetNextRule]{mbeans-descriptors/mbean/attribute} Call org.apache.tomcat.util.modeler.ManagedBean.addAttribute(org.apache.tomcat.util.modeler.AttributeInfo@37bf1b13)
2019-05-11 11:06:14.963 DEBUG 8956 --- [kground-preinit] o.apache.tomcat.util.IntrospectionUtils  : IntrospectionUtils: callMethod1 org.apache.tomcat.util.modeler.ManagedBean org.apache.tomcat.util.modeler.AttributeInfo org.apache.tomcat.util.modeler.AttributeInfo
2019-05-11 11:06:14.963 DEBUG 8956 --- [kground-preinit] o.apache.tomcat.util.digester.Digester   :   Fire end() for SetPropertiesRule[]
2019-05-11 11:06:14.963 DEBUG 8956 --- [kground-preinit] o.apache.tomcat.util.digester.Digester   :   Fire end() for ObjectCreateRule[className=org.apache.tomcat.util.modeler.AttributeInfo, attributeName=null]
2019-05-11 11:06:14.964 DEBUG 8956 --- [kground-preinit] o.apache.tomcat.util.digester.Digester   : [ObjectCreateRule]{mbeans-descriptors/mbean/attribute} Pop org.apache.tomcat.util.modeler.AttributeInfo
2019-05-11 11:06:14.964 DEBUG 8956 --- [kground-preinit] o.a.tomcat.util.digester.Digester.sax    : characters(

    )
2019-05-11 11:06:14.964 DEBUG 8956 --- [kground-preinit] o.a.tomcat.util.digester.Digester.sax    : startElement(,,attribute)
2019-05-11 11:06:14.964 DEBUG 8956 --- [kground-preinit] o.apache.tomcat.util.digester.Digester   :   New match='mbeans-descriptors/mbean/attribute'
2019-05-11 11:06:14.964 DEBUG 8956 --- [kground-preinit] o.apache.tomcat.util.digester.Digester   :   Fire begin() for ObjectCreateRule[className=org.apache.tomcat.util.modeler.AttributeInfo, attributeName=null]
2019-05-11 11:06:14.964 DEBUG 8956 --- [kground-preinit] o.apache.tomcat.util.digester.Digester   : [ObjectCreateRule]{mbeans-descriptors/mbean/attribute}New org.apache.tomcat.util.modeler.AttributeInfo
2019-05-11 11:06:14.965 DEBUG 8956 --- [kground-preinit] o.apache.tomcat.util.digester.Digester   :   Fire begin() for SetPropertiesRule[]
2019-05-11 11:06:14.965 DEBUG 8956 --- [kground-preinit] o.apache.tomcat.util.digester.Digester   : [SetPropertiesRule]{mbeans-descriptors/mbean/attribute} Set org.apache.tomcat.util.modeler.AttributeInfo properties
2019-05-11 11:06:14.965 DEBUG 8956 --- [kground-preinit] o.apache.tomcat.util.digester.Digester   : [SetPropertiesRule]{mbeans-descriptors/mbean/attribute} Setting property 'name' to 'corePoolSize'
2019-05-11 11:06:14.965 DEBUG 8956 --- [kground-preinit] o.apache.tomcat.util.IntrospectionUtils  : IntrospectionUtils: setProperty(class org.apache.tomcat.util.modeler.AttributeInfo name=corePoolSize)
2019-05-11 11:06:14.965 DEBUG 8956 --- [kground-preinit] o.apache.tomcat.util.digester.Digester   : [SetPropertiesRule]{mbeans-descriptors/mbean/attribute} Setting property 'description' to 'Core size of the thread pool'
2019-05-11 11:06:14.965 DEBUG 8956 --- [kground-preinit] o.apache.tomcat.util.IntrospectionUtils  : IntrospectionUtils: setProperty(class org.apache.tomcat.util.modeler.AttributeInfo description=Core size of the thread pool)
2019-05-11 11:06:14.965 DEBUG 8956 --- [kground-preinit] o.apache.tomcat.util.digester.Digester   : [SetPropertiesRule]{mbeans-descriptors/mbean/attribute} Setting property 'type' to 'int'
2019-05-11 11:06:14.966 DEBUG 8956 --- [kground-preinit] o.apache.tomcat.util.IntrospectionUtils  : IntrospectionUtils: setProperty(class org.apache.tomcat.util.modeler.AttributeInfo type=int)
2019-05-11 11:06:14.966 DEBUG 8956 --- [kground-preinit] o.apache.tomcat.util.digester.Digester   : [SetPropertiesRule]{mbeans-descriptors/mbean/attribute} Setting property 'writeable' to 'false'
2019-05-11 11:06:14.966 DEBUG 8956 --- [kground-preinit] o.apache.tomcat.util.IntrospectionUtils  : IntrospectionUtils: setProperty(class org.apache.tomcat.util.modeler.AttributeInfo writeable=false)
2019-05-11 11:06:14.966 DEBUG 8956 --- [kground-preinit] o.apache.tomcat.util.digester.Digester   :   Fire begin() for SetNextRule[methodName=addAttribute, paramType=org.apache.tomcat.util.modeler.AttributeInfo]
2019-05-11 11:06:14.966 DEBUG 8956 --- [kground-preinit] o.a.tomcat.util.digester.Digester.sax    : endElement(,,attribute)
2019-05-11 11:06:14.966 DEBUG 8956 --- [kground-preinit] o.apache.tomcat.util.digester.Digester   :   match='mbeans-descriptors/mbean/attribute'
2019-05-11 11:06:14.966 DEBUG 8956 --- [kground-preinit] o.apache.tomcat.util.digester.Digester   :   bodyText=''
2019-05-11 11:06:14.966 DEBUG 8956 --- [kground-preinit] o.apache.tomcat.util.digester.Digester   :   Fire body() for ObjectCreateRule[className=org.apache.tomcat.util.modeler.AttributeInfo, attributeName=null]
2019-05-11 11:06:14.967 DEBUG 8956 --- [kground-preinit] o.apache.tomcat.util.digester.Digester   :   Fire body() for SetPropertiesRule[]
2019-05-11 11:06:14.968 DEBUG 8956 --- [kground-preinit] o.apache.tomcat.util.digester.Digester   :   Fire body() for SetNextRule[methodName=addAttribute, paramType=org.apache.tomcat.util.modeler.AttributeInfo]
2019-05-11 11:06:14.968 DEBUG 8956 --- [kground-preinit] o.apache.tomcat.util.digester.Digester   :   Fire end() for SetNextRule[methodName=addAttribute, paramType=org.apache.tomcat.util.modeler.AttributeInfo]
2019-05-11 11:06:14.968 DEBUG 8956 --- [kground-preinit] o.apache.tomcat.util.digester.Digester   : [SetNextRule]{mbeans-descriptors/mbean/attribute} Call org.apache.tomcat.util.modeler.ManagedBean.addAttribute(org.apache.tomcat.util.modeler.AttributeInfo@36d6f944)
2019-05-11 11:06:14.968 DEBUG 8956 --- [kground-preinit] o.apache.tomcat.util.IntrospectionUtils  : IntrospectionUtils: callMethod1 org.apache.tomcat.util.modeler.ManagedBean org.apache.tomcat.util.modeler.AttributeInfo org.apache.tomcat.util.modeler.AttributeInfo
2019-05-11 11:06:14.968 DEBUG 8956 --- [kground-preinit] o.apache.tomcat.util.digester.Digester   :   Fire end() for SetPropertiesRule[]
2019-05-11 11:06:14.969 DEBUG 8956 --- [kground-preinit] o.apache.tomcat.util.digester.Digester   :   Fire end() for ObjectCreateRule[className=org.apache.tomcat.util.modeler.AttributeInfo, attributeName=null]
2019-05-11 11:06:14.969 DEBUG 8956 --- [kground-preinit] o.apache.tomcat.util.digester.Digester   : [ObjectCreateRule]{mbeans-descriptors/mbean/attribute} Pop org.apache.tomcat.util.modeler.AttributeInfo
2019-05-11 11:06:14.969 DEBUG 8956 --- [kground-preinit] o.a.tomcat.util.digester.Digester.sax    : characters(

    )
2019-05-11 11:06:14.969 DEBUG 8956 --- [kground-preinit] o.a.tomcat.util.digester.Digester.sax    : startElement(,,attribute)
2019-05-11 11:06:14.969 DEBUG 8956 --- [kground-preinit] o.apache.tomcat.util.digester.Digester   :   New match='mbeans-descriptors/mbean/attribute'
2019-05-11 11:06:14.969 DEBUG 8956 --- [kground-preinit] o.apache.tomcat.util.digester.Digester   :   Fire begin() for ObjectCreateRule[className=org.apache.tomcat.util.modeler.AttributeInfo, attributeName=null]
2019-05-11 11:06:14.970 DEBUG 8956 --- [kground-preinit] o.apache.tomcat.util.digester.Digester   : [ObjectCreateRule]{mbeans-descriptors/mbean/attribute}New org.apache.tomcat.util.modeler.AttributeInfo
2019-05-11 11:06:14.970 DEBUG 8956 --- [kground-preinit] o.apache.tomcat.util.digester.Digester   :   Fire begin() for SetPropertiesRule[]
2019-05-11 11:06:14.970 DEBUG 8956 --- [kground-preinit] o.apache.tomcat.util.digester.Digester   : [SetPropertiesRule]{mbeans-descriptors/mbean/attribute} Set org.apache.tomcat.util.modeler.AttributeInfo properties
2019-05-11 11:06:14.970 DEBUG 8956 --- [kground-preinit] o.apache.tomcat.util.digester.Digester   : [SetPropertiesRule]{mbeans-descriptors/mbean/attribute} Setting property 'name' to 'daemon'
2019-05-11 11:06:14.970 DEBUG 8956 --- [kground-preinit] o.apache.tomcat.util.IntrospectionUtils  : IntrospectionUtils: setProperty(class org.apache.tomcat.util.modeler.AttributeInfo name=daemon)
2019-05-11 11:06:14.971 DEBUG 8956 --- [kground-preinit] o.apache.tomcat.util.digester.Digester   : [SetPropertiesRule]{mbeans-descriptors/mbean/attribute} Setting property 'description' to 'Run threads in daemon or non-daemon state?'
2019-05-11 11:06:14.971 DEBUG 8956 --- [kground-preinit] o.apache.tomcat.util.IntrospectionUtils  : IntrospectionUtils: setProperty(class org.apache.tomcat.util.modeler.AttributeInfo description=Run threads in daemon or non-daemon state?)
2019-05-11 11:06:14.971 DEBUG 8956 --- [kground-preinit] o.apache.tomcat.util.digester.Digester   : [SetPropertiesRule]{mbeans-descriptors/mbean/attribute} Setting property 'is' to 'true'
2019-05-11 11:06:14.971 DEBUG 8956 --- [kground-preinit] o.apache.tomcat.util.IntrospectionUtils  : IntrospectionUtils: setProperty(class org.apache.tomcat.util.modeler.AttributeInfo is=true)
2019-05-11 11:06:14.971 DEBUG 8956 --- [kground-preinit] o.apache.tomcat.util.digester.Digester   : [SetPropertiesRule]{mbeans-descriptors/mbean/attribute} Setting property 'type' to 'boolean'
2019-05-11 11:06:14.971 DEBUG 8956 --- [kground-preinit] o.apache.tomcat.util.IntrospectionUtils  : IntrospectionUtils: setProperty(class org.apache.tomcat.util.modeler.AttributeInfo type=boolean)
2019-05-11 11:06:14.971 DEBUG 8956 --- [kground-preinit] o.apache.tomcat.util.digester.Digester   :   Fire begin() for SetNextRule[methodName=addAttribute, paramType=org.apache.tomcat.util.modeler.AttributeInfo]
2019-05-11 11:06:14.971 DEBUG 8956 --- [kground-preinit] o.a.tomcat.util.digester.Digester.sax    : endElement(,,attribute)
2019-05-11 11:06:14.971 DEBUG 8956 --- [kground-preinit] o.apache.tomcat.util.digester.Digester   :   match='mbeans-descriptors/mbean/attribute'
2019-05-11 11:06:14.971 DEBUG 8956 --- [kground-preinit] o.apache.tomcat.util.digester.Digester   :   bodyText=''
2019-05-11 11:06:14.971 DEBUG 8956 --- [kground-preinit] o.apache.tomcat.util.digester.Digester   :   Fire body() for ObjectCreateRule[className=org.apache.tomcat.util.modeler.AttributeInfo, attributeName=null]
2019-05-11 11:06:14.971 DEBUG 8956 --- [kground-preinit] o.apache.tomcat.util.digester.Digester   :   Fire body() for SetPropertiesRule[]
2019-05-11 11:06:14.971 DEBUG 8956 --- [kground-preinit] o.apache.tomcat.util.digester.Digester   :   Fire body() for SetNextRule[methodName=addAttribute, paramType=org.apache.tomcat.util.modeler.AttributeInfo]
2019-05-11 11:06:14.972 DEBUG 8956 --- [kground-preinit] o.apache.tomcat.util.digester.Digester   :   Fire end() for SetNextRule[methodName=addAttribute, paramType=org.apache.tomcat.util.modeler.AttributeInfo]
2019-05-11 11:06:14.972 DEBUG 8956 --- [kground-preinit] o.apache.tomcat.util.digester.Digester   : [SetNextRule]{mbeans-descriptors/mbean/attribute} Call org.apache.tomcat.util.modeler.ManagedBean.addAttribute(org.apache.tomcat.util.modeler.AttributeInfo@2ef22463)
2019-05-11 11:06:14.972 DEBUG 8956 --- [kground-preinit] o.apache.tomcat.util.IntrospectionUtils  : IntrospectionUtils: callMethod1 org.apache.tomcat.util.modeler.ManagedBean org.apache.tomcat.util.modeler.AttributeInfo org.apache.tomcat.util.modeler.AttributeInfo
2019-05-11 11:06:14.972 DEBUG 8956 --- [kground-preinit] o.apache.tomcat.util.digester.Digester   :   Fire end() for SetPropertiesRule[]
2019-05-11 11:06:14.972 DEBUG 8956 --- [kground-preinit] o.apache.tomcat.util.digester.Digester   :   Fire end() for ObjectCreateRule[className=org.apache.tomcat.util.modeler.AttributeInfo, attributeName=null]
2019-05-11 11:06:14.972 DEBUG 8956 --- [kground-preinit] o.apache.tomcat.util.digester.Digester   : [ObjectCreateRule]{mbeans-descriptors/mbean/attribute} Pop org.apache.tomcat.util.modeler.AttributeInfo
2019-05-11 11:06:14.972 DEBUG 8956 --- [kground-preinit] o.a.tomcat.util.digester.Digester.sax    : characters(

    )
2019-05-11 11:06:14.972 DEBUG 8956 --- [kground-preinit] o.a.tomcat.util.digester.Digester.sax    : startElement(,,attribute)
2019-05-11 11:06:14.972 DEBUG 8956 --- [kground-preinit] o.apache.tomcat.util.digester.Digester   :   New match='mbeans-descriptors/mbean/attribute'
2019-05-11 11:06:14.973 DEBUG 8956 --- [kground-preinit] o.apache.tomcat.util.digester.Digester   :   Fire begin() for ObjectCreateRule[className=org.apache.tomcat.util.modeler.AttributeInfo, attributeName=null]
2019-05-11 11:06:14.973 DEBUG 8956 --- [kground-preinit] o.apache.tomcat.util.digester.Digester   : [ObjectCreateRule]{mbeans-descriptors/mbean/attribute}New org.apache.tomcat.util.modeler.AttributeInfo
2019-05-11 11:06:14.973 DEBUG 8956 --- [kground-preinit] o.apache.tomcat.util.digester.Digester   :   Fire begin() for SetPropertiesRule[]
2019-05-11 11:06:14.973 DEBUG 8956 --- [kground-preinit] o.apache.tomcat.util.digester.Digester   : [SetPropertiesRule]{mbeans-descriptors/mbean/attribute} Set org.apache.tomcat.util.modeler.AttributeInfo properties
2019-05-11 11:06:14.973 DEBUG 8956 --- [kground-preinit] o.apache.tomcat.util.digester.Digester   : [SetPropertiesRule]{mbeans-descriptors/mbean/attribute} Setting property 'name' to 'largestPoolSize'
2019-05-11 11:06:14.973 DEBUG 8956 --- [kground-preinit] o.apache.tomcat.util.IntrospectionUtils  : IntrospectionUtils: setProperty(class org.apache.tomcat.util.modeler.AttributeInfo name=largestPoolSize)
2019-05-11 11:06:14.973 DEBUG 8956 --- [kground-preinit] o.apache.tomcat.util.digester.Digester   : [SetPropertiesRule]{mbeans-descriptors/mbean/attribute} Setting property 'description' to 'Peak number of threads'
2019-05-11 11:06:14.973 DEBUG 8956 --- [kground-preinit] o.apache.tomcat.util.IntrospectionUtils  : IntrospectionUtils: setProperty(class org.apache.tomcat.util.modeler.AttributeInfo description=Peak number of threads)
2019-05-11 11:06:14.973 DEBUG 8956 --- [kground-preinit] o.apache.tomcat.util.digester.Digester   : [SetPropertiesRule]{mbeans-descriptors/mbean/attribute} Setting property 'type' to 'int'
2019-05-11 11:06:14.973 DEBUG 8956 --- [kground-preinit] o.apache.tomcat.util.IntrospectionUtils  : IntrospectionUtils: setProperty(class org.apache.tomcat.util.modeler.AttributeInfo type=int)
2019-05-11 11:06:14.973 DEBUG 8956 --- [kground-preinit] o.apache.tomcat.util.digester.Digester   : [SetPropertiesRule]{mbeans-descriptors/mbean/attribute} Setting property 'writeable' to 'false'
2019-05-11 11:06:14.973 DEBUG 8956 --- [kground-preinit] o.apache.tomcat.util.IntrospectionUtils  : IntrospectionUtils: setProperty(class org.apache.tomcat.util.modeler.AttributeInfo writeable=false)
2019-05-11 11:06:14.973 DEBUG 8956 --- [kground-preinit] o.apache.tomcat.util.digester.Digester   :   Fire begin() for SetNextRule[methodName=addAttribute, paramType=org.apache.tomcat.util.modeler.AttributeInfo]
2019-05-11 11:06:14.973 DEBUG 8956 --- [kground-preinit] o.a.tomcat.util.digester.Digester.sax    : endElement(,,attribute)
2019-05-11 11:06:14.974 DEBUG 8956 --- [kground-preinit] o.apache.tomcat.util.digester.Digester   :   match='mbeans-descriptors/mbean/attribute'
2019-05-11 11:06:14.974 DEBUG 8956 --- [kground-preinit] o.apache.tomcat.util.digester.Digester   :   bodyText=''
2019-05-11 11:06:14.974 DEBUG 8956 --- [kground-preinit] o.apache.tomcat.util.digester.Digester   :   Fire body() for ObjectCreateRule[className=org.apache.tomcat.util.modeler.AttributeInfo, attributeName=null]
2019-05-11 11:06:14.974 DEBUG 8956 --- [kground-preinit] o.apache.tomcat.util.digester.Digester   :   Fire body() for SetPropertiesRule[]
2019-05-11 11:06:14.974 DEBUG 8956 --- [kground-preinit] o.apache.tomcat.util.digester.Digester   :   Fire body() for SetNextRule[methodName=addAttribute, paramType=org.apache.tomcat.util.modeler.AttributeInfo]
2019-05-11 11:06:14.974 DEBUG 8956 --- [kground-preinit] o.apache.tomcat.util.digester.Digester   :   Fire end() for SetNextRule[methodName=addAttribute, paramType=org.apache.tomcat.util.modeler.AttributeInfo]
2019-05-11 11:06:14.975 DEBUG 8956 --- [kground-preinit] o.apache.tomcat.util.digester.Digester   : [SetNextRule]{mbeans-descriptors/mbean/attribute} Call org.apache.tomcat.util.modeler.ManagedBean.addAttribute(org.apache.tomcat.util.modeler.AttributeInfo@4348e58e)
2019-05-11 11:06:14.975 DEBUG 8956 --- [kground-preinit] o.apache.tomcat.util.IntrospectionUtils  : IntrospectionUtils: callMethod1 org.apache.tomcat.util.modeler.ManagedBean org.apache.tomcat.util.modeler.AttributeInfo org.apache.tomcat.util.modeler.AttributeInfo
2019-05-11 11:06:14.975 DEBUG 8956 --- [kground-preinit] o.apache.tomcat.util.digester.Digester   :   Fire end() for SetPropertiesRule[]
2019-05-11 11:06:14.975 DEBUG 8956 --- [kground-preinit] o.apache.tomcat.util.digester.Digester   :   Fire end() for ObjectCreateRule[className=org.apache.tomcat.util.modeler.AttributeInfo, attributeName=null]
2019-05-11 11:06:14.975 DEBUG 8956 --- [kground-preinit] o.apache.tomcat.util.digester.Digester   : [ObjectCreateRule]{mbeans-descriptors/mbean/attribute} Pop org.apache.tomcat.util.modeler.AttributeInfo
2019-05-11 11:06:14.975 DEBUG 8956 --- [kground-preinit] o.a.tomcat.util.digester.Digester.sax    : characters(

    )
2019-05-11 11:06:14.975 DEBUG 8956 --- [kground-preinit] o.a.tomcat.util.digester.Digester.sax    : startElement(,,attribute)
2019-05-11 11:06:14.976 DEBUG 8956 --- [kground-preinit] o.apache.tomcat.util.digester.Digester   :   New match='mbeans-descriptors/mbean/attribute'
2019-05-11 11:06:14.976 DEBUG 8956 --- [kground-preinit] o.apache.tomcat.util.digester.Digester   :   Fire begin() for ObjectCreateRule[className=org.apache.tomcat.util.modeler.AttributeInfo, attributeName=null]
2019-05-11 11:06:14.976 DEBUG 8956 --- [kground-preinit] o.apache.tomcat.util.digester.Digester   : [ObjectCreateRule]{mbeans-descriptors/mbean/attribute}New org.apache.tomcat.util.modeler.AttributeInfo
2019-05-11 11:06:14.976 DEBUG 8956 --- [kground-preinit] o.apache.tomcat.util.digester.Digester   :   Fire begin() for SetPropertiesRule[]
2019-05-11 11:06:14.976 DEBUG 8956 --- [kground-preinit] o.apache.tomcat.util.digester.Digester   : [SetPropertiesRule]{mbeans-descriptors/mbean/attribute} Set org.apache.tomcat.util.modeler.AttributeInfo properties
2019-05-11 11:06:14.976 DEBUG 8956 --- [kground-preinit] o.apache.tomcat.util.digester.Digester   : [SetPropertiesRule]{mbeans-descriptors/mbean/attribute} Setting property 'name' to 'maxIdleTime'
2019-05-11 11:06:14.976 DEBUG 8956 --- [kground-preinit] o.apache.tomcat.util.IntrospectionUtils  : IntrospectionUtils: setProperty(class org.apache.tomcat.util.modeler.AttributeInfo name=maxIdleTime)
2019-05-11 11:06:14.976 DEBUG 8956 --- [kground-preinit] o.apache.tomcat.util.digester.Digester   : [SetPropertiesRule]{mbeans-descriptors/mbean/attribute} Setting property 'description' to 'Max number of milliseconds a thread can be idle before it can be shutdown'
2019-05-11 11:06:14.976 DEBUG 8956 --- [kground-preinit] o.apache.tomcat.util.IntrospectionUtils  : IntrospectionUtils: setProperty(class org.apache.tomcat.util.modeler.AttributeInfo description=Max number of milliseconds a thread can be idle before it can be shutdown)
2019-05-11 11:06:14.976 DEBUG 8956 --- [kground-preinit] o.apache.tomcat.util.digester.Digester   : [SetPropertiesRule]{mbeans-descriptors/mbean/attribute} Setting property 'type' to 'int'
2019-05-11 11:06:14.976 DEBUG 8956 --- [kground-preinit] o.apache.tomcat.util.IntrospectionUtils  : IntrospectionUtils: setProperty(class org.apache.tomcat.util.modeler.AttributeInfo type=int)
2019-05-11 11:06:14.977 DEBUG 8956 --- [kground-preinit] o.apache.tomcat.util.digester.Digester   :   Fire begin() for SetNextRule[methodName=addAttribute, paramType=org.apache.tomcat.util.modeler.AttributeInfo]
2019-05-11 11:06:14.977 DEBUG 8956 --- [kground-preinit] o.a.tomcat.util.digester.Digester.sax    : endElement(,,attribute)
2019-05-11 11:06:14.977 DEBUG 8956 --- [kground-preinit] o.apache.tomcat.util.digester.Digester   :   match='mbeans-descriptors/mbean/attribute'
2019-05-11 11:06:14.977 DEBUG 8956 --- [kground-preinit] o.apache.tomcat.util.digester.Digester   :   bodyText=''
2019-05-11 11:06:14.977 DEBUG 8956 --- [kground-preinit] o.apache.tomcat.util.digester.Digester   :   Fire body() for ObjectCreateRule[className=org.apache.tomcat.util.modeler.AttributeInfo, attributeName=null]
2019-05-11 11:06:14.977 DEBUG 8956 --- [kground-preinit] o.apache.tomcat.util.digester.Digester   :   Fire body() for SetPropertiesRule[]
2019-05-11 11:06:14.977 DEBUG 8956 --- [kground-preinit] o.apache.tomcat.util.digester.Digester   :   Fire body() for SetNextRule[methodName=addAttribute, paramType=org.apache.tomcat.util.modeler.AttributeInfo]
2019-05-11 11:06:14.977 DEBUG 8956 --- [kground-preinit] o.apache.tomcat.util.digester.Digester   :   Fire end() for SetNextRule[methodName=addAttribute, paramType=org.apache.tomcat.util.modeler.AttributeInfo]
2019-05-11 11:06:14.977 DEBUG 8956 --- [kground-preinit] o.apache.tomcat.util.digester.Digester   : [SetNextRule]{mbeans-descriptors/mbean/attribute} Call org.apache.tomcat.util.modeler.ManagedBean.addAttribute(org.apache.tomcat.util.modeler.AttributeInfo@ce00977)
2019-05-11 11:06:14.977 DEBUG 8956 --- [kground-preinit] o.apache.tomcat.util.IntrospectionUtils  : IntrospectionUtils: callMethod1 org.apache.tomcat.util.modeler.ManagedBean org.apache.tomcat.util.modeler.AttributeInfo org.apache.tomcat.util.modeler.AttributeInfo
2019-05-11 11:06:14.977 DEBUG 8956 --- [kground-preinit] o.apache.tomcat.util.digester.Digester   :   Fire end() for SetPropertiesRule[]
2019-05-11 11:06:14.977 DEBUG 8956 --- [kground-preinit] o.apache.tomcat.util.digester.Digester   :   Fire end() for ObjectCreateRule[className=org.apache.tomcat.util.modeler.AttributeInfo, attributeName=null]
2019-05-11 11:06:14.977 DEBUG 8956 --- [kground-preinit] o.apache.tomcat.util.digester.Digester   : [ObjectCreateRule]{mbeans-descriptors/mbean/attribute} Pop org.apache.tomcat.util.modeler.AttributeInfo
2019-05-11 11:06:14.978 DEBUG 8956 --- [kground-preinit] o.a.tomcat.util.digester.Digester.sax    : characters(

    )
2019-05-11 11:06:14.978 DEBUG 8956 --- [kground-preinit] o.a.tomcat.util.digester.Digester.sax    : startElement(,,attribute)
2019-05-11 11:06:14.978 DEBUG 8956 --- [kground-preinit] o.apache.tomcat.util.digester.Digester   :   New match='mbeans-descriptors/mbean/attribute'
2019-05-11 11:06:14.978 DEBUG 8956 --- [kground-preinit] o.apache.tomcat.util.digester.Digester   :   Fire begin() for ObjectCreateRule[className=org.apache.tomcat.util.modeler.AttributeInfo, attributeName=null]
2019-05-11 11:06:14.978 DEBUG 8956 --- [kground-preinit] o.apache.tomcat.util.digester.Digester   : [ObjectCreateRule]{mbeans-descriptors/mbean/attribute}New org.apache.tomcat.util.modeler.AttributeInfo
2019-05-11 11:06:14.978 DEBUG 8956 --- [kground-preinit] o.apache.tomcat.util.digester.Digester   :   Fire begin() for SetPropertiesRule[]
2019-05-11 11:06:14.981 DEBUG 8956 --- [kground-preinit] o.apache.tomcat.util.digester.Digester   : [SetPropertiesRule]{mbeans-descriptors/mbean/attribute} Set org.apache.tomcat.util.modeler.AttributeInfo properties
2019-05-11 11:06:14.981 DEBUG 8956 --- [kground-preinit] o.apache.tomcat.util.digester.Digester   : [SetPropertiesRule]{mbeans-descriptors/mbean/attribute} Setting property 'name' to 'maxQueueSize'
2019-05-11 11:06:14.981 DEBUG 8956 --- [kground-preinit] o.apache.tomcat.util.IntrospectionUtils  : IntrospectionUtils: setProperty(class org.apache.tomcat.util.modeler.AttributeInfo name=maxQueueSize)
2019-05-11 11:06:14.981 DEBUG 8956 --- [kground-preinit] o.apache.tomcat.util.digester.Digester   : [SetPropertiesRule]{mbeans-descriptors/mbean/attribute} Setting property 'description' to 'Maximum number of tasks for the pending task queue'
2019-05-11 11:06:14.981 DEBUG 8956 --- [kground-preinit] o.apache.tomcat.util.IntrospectionUtils  : IntrospectionUtils: setProperty(class org.apache.tomcat.util.modeler.AttributeInfo description=Maximum number of tasks for the pending task queue)
2019-05-11 11:06:14.982 DEBUG 8956 --- [kground-preinit] o.apache.tomcat.util.digester.Digester   : [SetPropertiesRule]{mbeans-descriptors/mbean/attribute} Setting property 'type' to 'int'
2019-05-11 11:06:14.982 DEBUG 8956 --- [kground-preinit] o.apache.tomcat.util.IntrospectionUtils  : IntrospectionUtils: setProperty(class org.apache.tomcat.util.modeler.AttributeInfo type=int)
2019-05-11 11:06:14.982 DEBUG 8956 --- [kground-preinit] o.apache.tomcat.util.digester.Digester   :   Fire begin() for SetNextRule[methodName=addAttribute, paramType=org.apache.tomcat.util.modeler.AttributeInfo]
2019-05-11 11:06:14.982 DEBUG 8956 --- [kground-preinit] o.a.tomcat.util.digester.Digester.sax    : endElement(,,attribute)
2019-05-11 11:06:14.982 DEBUG 8956 --- [kground-preinit] o.apache.tomcat.util.digester.Digester   :   match='mbeans-descriptors/mbean/attribute'
2019-05-11 11:06:14.982 DEBUG 8956 --- [kground-preinit] o.apache.tomcat.util.digester.Digester   :   bodyText=''
2019-05-11 11:06:14.982 DEBUG 8956 --- [kground-preinit] o.apache.tomcat.util.digester.Digester   :   Fire body() for ObjectCreateRule[className=org.apache.tomcat.util.modeler.AttributeInfo, attributeName=null]
2019-05-11 11:06:14.983 DEBUG 8956 --- [kground-preinit] o.apache.tomcat.util.digester.Digester   :   Fire body() for SetPropertiesRule[]
2019-05-11 11:06:14.983 DEBUG 8956 --- [kground-preinit] o.apache.tomcat.util.digester.Digester   :   Fire body() for SetNextRule[methodName=addAttribute, paramType=org.apache.tomcat.util.modeler.AttributeInfo]
2019-05-11 11:06:14.983 DEBUG 8956 --- [kground-preinit] o.apache.tomcat.util.digester.Digester   :   Fire end() for SetNextRule[methodName=addAttribute, paramType=org.apache.tomcat.util.modeler.AttributeInfo]
2019-05-11 11:06:14.983 DEBUG 8956 --- [kground-preinit] o.apache.tomcat.util.digester.Digester   : [SetNextRule]{mbeans-descriptors/mbean/attribute} Call org.apache.tomcat.util.modeler.ManagedBean.addAttribute(org.apache.tomcat.util.modeler.AttributeInfo@d7ddd76)
2019-05-11 11:06:14.983 DEBUG 8956 --- [kground-preinit] o.apache.tomcat.util.IntrospectionUtils  : IntrospectionUtils: callMethod1 org.apache.tomcat.util.modeler.ManagedBean org.apache.tomcat.util.modeler.AttributeInfo org.apache.tomcat.util.modeler.AttributeInfo
2019-05-11 11:06:14.983 DEBUG 8956 --- [kground-preinit] o.apache.tomcat.util.digester.Digester   :   Fire end() for SetPropertiesRule[]
2019-05-11 11:06:14.983 DEBUG 8956 --- [kground-preinit] o.apache.tomcat.util.digester.Digester   :   Fire end() for ObjectCreateRule[className=org.apache.tomcat.util.modeler.AttributeInfo, attributeName=null]
2019-05-11 11:06:14.984 DEBUG 8956 --- [kground-preinit] o.apache.tomcat.util.digester.Digester   : [ObjectCreateRule]{mbeans-descriptors/mbean/attribute} Pop org.apache.tomcat.util.modeler.AttributeInfo
2019-05-11 11:06:14.984 DEBUG 8956 --- [kground-preinit] o.a.tomcat.util.digester.Digester.sax    : characters(

    )
2019-05-11 11:06:14.984 DEBUG 8956 --- [kground-preinit] o.a.tomcat.util.digester.Digester.sax    : startElement(,,attribute)
2019-05-11 11:06:14.984 DEBUG 8956 --- [kground-preinit] o.apache.tomcat.util.digester.Digester   :   New match='mbeans-descriptors/mbean/attribute'
2019-05-11 11:06:14.984 DEBUG 8956 --- [kground-preinit] o.apache.tomcat.util.digester.Digester   :   Fire begin() for ObjectCreateRule[className=org.apache.tomcat.util.modeler.AttributeInfo, attributeName=null]
2019-05-11 11:06:14.984 DEBUG 8956 --- [kground-preinit] o.apache.tomcat.util.digester.Digester   : [ObjectCreateRule]{mbeans-descriptors/mbean/attribute}New org.apache.tomcat.util.modeler.AttributeInfo
2019-05-11 11:06:14.984 DEBUG 8956 --- [kground-preinit] o.apache.tomcat.util.digester.Digester   :   Fire begin() for SetPropertiesRule[]
2019-05-11 11:06:14.984 DEBUG 8956 --- [kground-preinit] o.apache.tomcat.util.digester.Digester   : [SetPropertiesRule]{mbeans-descriptors/mbean/attribute} Set org.apache.tomcat.util.modeler.AttributeInfo properties
2019-05-11 11:06:14.984 DEBUG 8956 --- [kground-preinit] o.apache.tomcat.util.digester.Digester   : [SetPropertiesRule]{mbeans-descriptors/mbean/attribute} Setting property 'name' to 'maxThreads'
2019-05-11 11:06:14.984 DEBUG 8956 --- [kground-preinit] o.apache.tomcat.util.IntrospectionUtils  : IntrospectionUtils: setProperty(class org.apache.tomcat.util.modeler.AttributeInfo name=maxThreads)
2019-05-11 11:06:14.985 DEBUG 8956 --- [kground-preinit] o.apache.tomcat.util.digester.Digester   : [SetPropertiesRule]{mbeans-descriptors/mbean/attribute} Setting property 'description' to 'Maximum number of allocated threads'
2019-05-11 11:06:14.985 DEBUG 8956 --- [kground-preinit] o.apache.tomcat.util.IntrospectionUtils  : IntrospectionUtils: setProperty(class org.apache.tomcat.util.modeler.AttributeInfo description=Maximum number of allocated threads)
2019-05-11 11:06:14.985 DEBUG 8956 --- [kground-preinit] o.apache.tomcat.util.digester.Digester   : [SetPropertiesRule]{mbeans-descriptors/mbean/attribute} Setting property 'type' to 'int'
2019-05-11 11:06:14.985 DEBUG 8956 --- [kground-preinit] o.apache.tomcat.util.IntrospectionUtils  : IntrospectionUtils: setProperty(class org.apache.tomcat.util.modeler.AttributeInfo type=int)
2019-05-11 11:06:14.985 DEBUG 8956 --- [kground-preinit] o.apache.tomcat.util.digester.Digester   :   Fire begin() for SetNextRule[methodName=addAttribute, paramType=org.apache.tomcat.util.modeler.AttributeInfo]
2019-05-11 11:06:14.985 DEBUG 8956 --- [kground-preinit] o.a.tomcat.util.digester.Digester.sax    : endElement(,,attribute)
2019-05-11 11:06:14.985 DEBUG 8956 --- [kground-preinit] o.apache.tomcat.util.digester.Digester   :   match='mbeans-descriptors/mbean/attribute'
2019-05-11 11:06:14.985 DEBUG 8956 --- [kground-preinit] o.apache.tomcat.util.digester.Digester   :   bodyText=''
2019-05-11 11:06:14.985 DEBUG 8956 --- [kground-preinit] o.apache.tomcat.util.digester.Digester   :   Fire body() for ObjectCreateRule[className=org.apache.tomcat.util.modeler.AttributeInfo, attributeName=null]
2019-05-11 11:06:14.985 DEBUG 8956 --- [kground-preinit] o.apache.tomcat.util.digester.Digester   :   Fire body() for SetPropertiesRule[]
2019-05-11 11:06:14.985 DEBUG 8956 --- [kground-preinit] o.apache.tomcat.util.digester.Digester   :   Fire body() for SetNextRule[methodName=addAttribute, paramType=org.apache.tomcat.util.modeler.AttributeInfo]
2019-05-11 11:06:14.985 DEBUG 8956 --- [kground-preinit] o.apache.tomcat.util.digester.Digester   :   Fire end() for SetNextRule[methodName=addAttribute, paramType=org.apache.tomcat.util.modeler.AttributeInfo]
2019-05-11 11:06:14.985 DEBUG 8956 --- [kground-preinit] o.apache.tomcat.util.digester.Digester   : [SetNextRule]{mbeans-descriptors/mbean/attribute} Call org.apache.tomcat.util.modeler.ManagedBean.addAttribute(org.apache.tomcat.util.modeler.AttributeInfo@32133186)
2019-05-11 11:06:14.986 DEBUG 8956 --- [kground-preinit] o.apache.tomcat.util.IntrospectionUtils  : IntrospectionUtils: callMethod1 org.apache.tomcat.util.modeler.ManagedBean org.apache.tomcat.util.modeler.AttributeInfo org.apache.tomcat.util.modeler.AttributeInfo
2019-05-11 11:06:14.986 DEBUG 8956 --- [kground-preinit] o.apache.tomcat.util.digester.Digester   :   Fire end() for SetPropertiesRule[]
2019-05-11 11:06:14.986 DEBUG 8956 --- [kground-preinit] o.apache.tomcat.util.digester.Digester   :   Fire end() for ObjectCreateRule[className=org.apache.tomcat.util.modeler.AttributeInfo, attributeName=null]
2019-05-11 11:06:14.986 DEBUG 8956 --- [kground-preinit] o.apache.tomcat.util.digester.Digester   : [ObjectCreateRule]{mbeans-descriptors/mbean/attribute} Pop org.apache.tomcat.util.modeler.AttributeInfo
2019-05-11 11:06:14.986 DEBUG 8956 --- [kground-preinit] o.a.tomcat.util.digester.Digester.sax    : characters(

    )
2019-05-11 11:06:14.986 DEBUG 8956 --- [kground-preinit] o.a.tomcat.util.digester.Digester.sax    : startElement(,,attribute)
2019-05-11 11:06:14.986 DEBUG 8956 --- [kground-preinit] o.apache.tomcat.util.digester.Digester   :   New match='mbeans-descriptors/mbean/attribute'
2019-05-11 11:06:14.986 DEBUG 8956 --- [kground-preinit] o.apache.tomcat.util.digester.Digester   :   Fire begin() for ObjectCreateRule[className=org.apache.tomcat.util.modeler.AttributeInfo, attributeName=null]
2019-05-11 11:06:14.986 DEBUG 8956 --- [kground-preinit] o.apache.tomcat.util.digester.Digester   : [ObjectCreateRule]{mbeans-descriptors/mbean/attribute}New org.apache.tomcat.util.modeler.AttributeInfo
2019-05-11 11:06:14.986 DEBUG 8956 --- [kground-preinit] o.apache.tomcat.util.digester.Digester   :   Fire begin() for SetPropertiesRule[]
2019-05-11 11:06:14.986 DEBUG 8956 --- [kground-preinit] o.apache.tomcat.util.digester.Digester   : [SetPropertiesRule]{mbeans-descriptors/mbean/attribute} Set org.apache.tomcat.util.modeler.AttributeInfo properties
2019-05-11 11:06:14.986 DEBUG 8956 --- [kground-preinit] o.apache.tomcat.util.digester.Digester   : [SetPropertiesRule]{mbeans-descriptors/mbean/attribute} Setting property 'name' to 'minSpareThreads'
2019-05-11 11:06:14.986 DEBUG 8956 --- [kground-preinit] o.apache.tomcat.util.IntrospectionUtils  : IntrospectionUtils: setProperty(class org.apache.tomcat.util.modeler.AttributeInfo name=minSpareThreads)
2019-05-11 11:06:14.987 DEBUG 8956 --- [kground-preinit] o.apache.tomcat.util.digester.Digester   : [SetPropertiesRule]{mbeans-descriptors/mbean/attribute} Setting property 'description' to 'Minimum number of allocated threads'
2019-05-11 11:06:14.987 DEBUG 8956 --- [kground-preinit] o.apache.tomcat.util.IntrospectionUtils  : IntrospectionUtils: setProperty(class org.apache.tomcat.util.modeler.AttributeInfo description=Minimum number of allocated threads)
2019-05-11 11:06:14.987 DEBUG 8956 --- [kground-preinit] o.apache.tomcat.util.digester.Digester   : [SetPropertiesRule]{mbeans-descriptors/mbean/attribute} Setting property 'type' to 'int'
2019-05-11 11:06:14.987 DEBUG 8956 --- [kground-preinit] o.apache.tomcat.util.IntrospectionUtils  : IntrospectionUtils: setProperty(class org.apache.tomcat.util.modeler.AttributeInfo type=int)
2019-05-11 11:06:14.987 DEBUG 8956 --- [kground-preinit] o.apache.tomcat.util.digester.Digester   :   Fire begin() for SetNextRule[methodName=addAttribute, paramType=org.apache.tomcat.util.modeler.AttributeInfo]
2019-05-11 11:06:14.987 DEBUG 8956 --- [kground-preinit] o.a.tomcat.util.digester.Digester.sax    : endElement(,,attribute)
2019-05-11 11:06:14.987 DEBUG 8956 --- [kground-preinit] o.apache.tomcat.util.digester.Digester   :   match='mbeans-descriptors/mbean/attribute'
2019-05-11 11:06:14.987 DEBUG 8956 --- [kground-preinit] o.apache.tomcat.util.digester.Digester   :   bodyText=''
2019-05-11 11:06:14.987 DEBUG 8956 --- [kground-preinit] o.apache.tomcat.util.digester.Digester   :   Fire body() for ObjectCreateRule[className=org.apache.tomcat.util.modeler.AttributeInfo, attributeName=null]
2019-05-11 11:06:14.987 DEBUG 8956 --- [kground-preinit] o.apache.tomcat.util.digester.Digester   :   Fire body() for SetPropertiesRule[]
2019-05-11 11:06:14.987 DEBUG 8956 --- [kground-preinit] o.apache.tomcat.util.digester.Digester   :   Fire body() for SetNextRule[methodName=addAttribute, paramType=org.apache.tomcat.util.modeler.AttributeInfo]
2019-05-11 11:06:14.988 DEBUG 8956 --- [kground-preinit] o.apache.tomcat.util.digester.Digester   :   Fire end() for SetNextRule[methodName=addAttribute, paramType=org.apache.tomcat.util.modeler.AttributeInfo]
2019-05-11 11:06:14.988 DEBUG 8956 --- [kground-preinit] o.apache.tomcat.util.digester.Digester   : [SetNextRule]{mbeans-descriptors/mbean/attribute} Call org.apache.tomcat.util.modeler.ManagedBean.addAttribute(org.apache.tomcat.util.modeler.AttributeInfo@3673d6df)
2019-05-11 11:06:14.988 DEBUG 8956 --- [kground-preinit] o.apache.tomcat.util.IntrospectionUtils  : IntrospectionUtils: callMethod1 org.apache.tomcat.util.modeler.ManagedBean org.apache.tomcat.util.modeler.AttributeInfo org.apache.tomcat.util.modeler.AttributeInfo
2019-05-11 11:06:14.988 DEBUG 8956 --- [kground-preinit] o.apache.tomcat.util.digester.Digester   :   Fire end() for SetPropertiesRule[]
2019-05-11 11:06:14.988 DEBUG 8956 --- [kground-preinit] o.apache.tomcat.util.digester.Digester   :   Fire end() for ObjectCreateRule[className=org.apache.tomcat.util.modeler.AttributeInfo, attributeName=null]
2019-05-11 11:06:14.988 DEBUG 8956 --- [kground-preinit] o.apache.tomcat.util.digester.Digester   : [ObjectCreateRule]{mbeans-descriptors/mbean/attribute} Pop org.apache.tomcat.util.modeler.AttributeInfo
2019-05-11 11:06:14.988 DEBUG 8956 --- [kground-preinit] o.a.tomcat.util.digester.Digester.sax    : characters(

    )
2019-05-11 11:06:14.988 DEBUG 8956 --- [kground-preinit] o.a.tomcat.util.digester.Digester.sax    : startElement(,,attribute)
2019-05-11 11:06:14.988 DEBUG 8956 --- [kground-preinit] o.apache.tomcat.util.digester.Digester   :   New match='mbeans-descriptors/mbean/attribute'
2019-05-11 11:06:14.988 DEBUG 8956 --- [kground-preinit] o.apache.tomcat.util.digester.Digester   :   Fire begin() for ObjectCreateRule[className=org.apache.tomcat.util.modeler.AttributeInfo, attributeName=null]
2019-05-11 11:06:14.988 DEBUG 8956 --- [kground-preinit] o.apache.tomcat.util.digester.Digester   : [ObjectCreateRule]{mbeans-descriptors/mbean/attribute}New org.apache.tomcat.util.modeler.AttributeInfo
2019-05-11 11:06:14.989 DEBUG 8956 --- [kground-preinit] o.apache.tomcat.util.digester.Digester   :   Fire begin() for SetPropertiesRule[]
2019-05-11 11:06:14.989 DEBUG 8956 --- [kground-preinit] o.apache.tomcat.util.digester.Digester   : [SetPropertiesRule]{mbeans-descriptors/mbean/attribute} Set org.apache.tomcat.util.modeler.AttributeInfo properties
2019-05-11 11:06:14.989 DEBUG 8956 --- [kground-preinit] o.apache.tomcat.util.digester.Digester   : [SetPropertiesRule]{mbeans-descriptors/mbean/attribute} Setting property 'name' to 'name'
2019-05-11 11:06:14.989 DEBUG 8956 --- [kground-preinit] o.apache.tomcat.util.IntrospectionUtils  : IntrospectionUtils: setProperty(class org.apache.tomcat.util.modeler.AttributeInfo name=name)
2019-05-11 11:06:14.989 DEBUG 8956 --- [kground-preinit] o.apache.tomcat.util.digester.Digester   : [SetPropertiesRule]{mbeans-descriptors/mbean/attribute} Setting property 'description' to 'Unique name of this Executor'
2019-05-11 11:06:14.989 DEBUG 8956 --- [kground-preinit] o.apache.tomcat.util.IntrospectionUtils  : IntrospectionUtils: setProperty(class org.apache.tomcat.util.modeler.AttributeInfo description=Unique name of this Executor)
2019-05-11 11:06:14.989 DEBUG 8956 --- [kground-preinit] o.apache.tomcat.util.digester.Digester   : [SetPropertiesRule]{mbeans-descriptors/mbean/attribute} Setting property 'type' to 'java.lang.String'
2019-05-11 11:06:14.989 DEBUG 8956 --- [kground-preinit] o.apache.tomcat.util.IntrospectionUtils  : IntrospectionUtils: setProperty(class org.apache.tomcat.util.modeler.AttributeInfo type=java.lang.String)
2019-05-11 11:06:14.989 DEBUG 8956 --- [kground-preinit] o.apache.tomcat.util.digester.Digester   :   Fire begin() for SetNextRule[methodName=addAttribute, paramType=org.apache.tomcat.util.modeler.AttributeInfo]
2019-05-11 11:06:14.989 DEBUG 8956 --- [kground-preinit] o.a.tomcat.util.digester.Digester.sax    : endElement(,,attribute)
2019-05-11 11:06:14.989 DEBUG 8956 --- [kground-preinit] o.apache.tomcat.util.digester.Digester   :   match='mbeans-descriptors/mbean/attribute'
2019-05-11 11:06:14.989 DEBUG 8956 --- [kground-preinit] o.apache.tomcat.util.digester.Digester   :   bodyText=''
2019-05-11 11:06:14.990 DEBUG 8956 --- [kground-preinit] o.apache.tomcat.util.digester.Digester   :   Fire body() for ObjectCreateRule[className=org.apache.tomcat.util.modeler.AttributeInfo, attributeName=null]
2019-05-11 11:06:14.990 DEBUG 8956 --- [kground-preinit] o.apache.tomcat.util.digester.Digester   :   Fire body() for SetPropertiesRule[]
2019-05-11 11:06:14.990 DEBUG 8956 --- [kground-preinit] o.apache.tomcat.util.digester.Digester   :   Fire body() for SetNextRule[methodName=addAttribute, paramType=org.apache.tomcat.util.modeler.AttributeInfo]
2019-05-11 11:06:14.990 DEBUG 8956 --- [kground-preinit] o.apache.tomcat.util.digester.Digester   :   Fire end() for SetNextRule[methodName=addAttribute, paramType=org.apache.tomcat.util.modeler.AttributeInfo]
2019-05-11 11:06:14.990 DEBUG 8956 --- [kground-preinit] o.apache.tomcat.util.digester.Digester   : [SetNextRule]{mbeans-descriptors/mbean/attribute} Call org.apache.tomcat.util.modeler.ManagedBean.addAttribute(org.apache.tomcat.util.modeler.AttributeInfo@3a54dad7)
2019-05-11 11:06:14.990 DEBUG 8956 --- [kground-preinit] o.apache.tomcat.util.IntrospectionUtils  : IntrospectionUtils: callMethod1 org.apache.tomcat.util.modeler.ManagedBean org.apache.tomcat.util.modeler.AttributeInfo org.apache.tomcat.util.modeler.AttributeInfo
2019-05-11 11:06:14.990 DEBUG 8956 --- [kground-preinit] o.apache.tomcat.util.digester.Digester   :   Fire end() for SetPropertiesRule[]
2019-05-11 11:06:14.990 DEBUG 8956 --- [kground-preinit] o.apache.tomcat.util.digester.Digester   :   Fire end() for ObjectCreateRule[className=org.apache.tomcat.util.modeler.AttributeInfo, attributeName=null]
2019-05-11 11:06:14.990 DEBUG 8956 --- [kground-preinit] o.apache.tomcat.util.digester.Digester   : [ObjectCreateRule]{mbeans-descriptors/mbean/attribute} Pop org.apache.tomcat.util.modeler.AttributeInfo
2019-05-11 11:06:14.991 DEBUG 8956 --- [kground-preinit] o.a.tomcat.util.digester.Digester.sax    : characters(

    )
2019-05-11 11:06:14.991 DEBUG 8956 --- [kground-preinit] o.a.tomcat.util.digester.Digester.sax    : startElement(,,attribute)
2019-05-11 11:06:14.992 DEBUG 8956 --- [kground-preinit] o.apache.tomcat.util.digester.Digester   :   New match='mbeans-descriptors/mbean/attribute'
2019-05-11 11:06:14.992 DEBUG 8956 --- [kground-preinit] o.apache.tomcat.util.digester.Digester   :   Fire begin() for ObjectCreateRule[className=org.apache.tomcat.util.modeler.AttributeInfo, attributeName=null]
2019-05-11 11:06:14.992 DEBUG 8956 --- [kground-preinit] o.apache.tomcat.util.digester.Digester   : [ObjectCreateRule]{mbeans-descriptors/mbean/attribute}New org.apache.tomcat.util.modeler.AttributeInfo
2019-05-11 11:06:14.992 DEBUG 8956 --- [kground-preinit] o.apache.tomcat.util.digester.Digester   :   Fire begin() for SetPropertiesRule[]
2019-05-11 11:06:14.992 DEBUG 8956 --- [kground-preinit] o.apache.tomcat.util.digester.Digester   : [SetPropertiesRule]{mbeans-descriptors/mbean/attribute} Set org.apache.tomcat.util.modeler.AttributeInfo properties
2019-05-11 11:06:14.992 DEBUG 8956 --- [kground-preinit] o.apache.tomcat.util.digester.Digester   : [SetPropertiesRule]{mbeans-descriptors/mbean/attribute} Setting property 'name' to 'namePrefix'
2019-05-11 11:06:14.993 DEBUG 8956 --- [kground-preinit] o.apache.tomcat.util.IntrospectionUtils  : IntrospectionUtils: setProperty(class org.apache.tomcat.util.modeler.AttributeInfo name=namePrefix)
2019-05-11 11:06:14.993 DEBUG 8956 --- [kground-preinit] o.apache.tomcat.util.digester.Digester   : [SetPropertiesRule]{mbeans-descriptors/mbean/attribute} Setting property 'description' to 'Name prefix for thread names created by this executor'
2019-05-11 11:06:14.993 DEBUG 8956 --- [kground-preinit] o.apache.tomcat.util.IntrospectionUtils  : IntrospectionUtils: setProperty(class org.apache.tomcat.util.modeler.AttributeInfo description=Name prefix for thread names created by this executor)
2019-05-11 11:06:14.993 DEBUG 8956 --- [kground-preinit] o.apache.tomcat.util.digester.Digester   : [SetPropertiesRule]{mbeans-descriptors/mbean/attribute} Setting property 'type' to 'java.lang.String'
2019-05-11 11:06:14.993 DEBUG 8956 --- [kground-preinit] o.apache.tomcat.util.IntrospectionUtils  : IntrospectionUtils: setProperty(class org.apache.tomcat.util.modeler.AttributeInfo type=java.lang.String)
2019-05-11 11:06:14.993 DEBUG 8956 --- [kground-preinit] o.apache.tomcat.util.digester.Digester   :   Fire begin() for SetNextRule[methodName=addAttribute, paramType=org.apache.tomcat.util.modeler.AttributeInfo]
2019-05-11 11:06:14.993 DEBUG 8956 --- [kground-preinit] o.a.tomcat.util.digester.Digester.sax    : endElement(,,attribute)
2019-05-11 11:06:14.993 DEBUG 8956 --- [kground-preinit] o.apache.tomcat.util.digester.Digester   :   match='mbeans-descriptors/mbean/attribute'
2019-05-11 11:06:14.993 DEBUG 8956 --- [kground-preinit] o.apache.tomcat.util.digester.Digester   :   bodyText=''
2019-05-11 11:06:14.993 DEBUG 8956 --- [kground-preinit] o.apache.tomcat.util.digester.Digester   :   Fire body() for ObjectCreateRule[className=org.apache.tomcat.util.modeler.AttributeInfo, attributeName=null]
2019-05-11 11:06:14.993 DEBUG 8956 --- [kground-preinit] o.apache.tomcat.util.digester.Digester   :   Fire body() for SetPropertiesRule[]
2019-05-11 11:06:14.994 DEBUG 8956 --- [kground-preinit] o.apache.tomcat.util.digester.Digester   :   Fire body() for SetNextRule[methodName=addAttribute, paramType=org.apache.tomcat.util.modeler.AttributeInfo]
2019-05-11 11:06:14.994 DEBUG 8956 --- [kground-preinit] o.apache.tomcat.util.digester.Digester   :   Fire end() for SetNextRule[methodName=addAttribute, paramType=org.apache.tomcat.util.modeler.AttributeInfo]
2019-05-11 11:06:14.994 DEBUG 8956 --- [kground-preinit] o.apache.tomcat.util.digester.Digester   : [SetNextRule]{mbeans-descriptors/mbean/attribute} Call org.apache.tomcat.util.modeler.ManagedBean.addAttribute(org.apache.tomcat.util.modeler.AttributeInfo@59212686)
2019-05-11 11:06:14.994 DEBUG 8956 --- [kground-preinit] o.apache.tomcat.util.IntrospectionUtils  : IntrospectionUtils: callMethod1 org.apache.tomcat.util.modeler.ManagedBean org.apache.tomcat.util.modeler.AttributeInfo org.apache.tomcat.util.modeler.AttributeInfo
2019-05-11 11:06:14.994 DEBUG 8956 --- [kground-preinit] o.apache.tomcat.util.digester.Digester   :   Fire end() for SetPropertiesRule[]
2019-05-11 11:06:14.994 DEBUG 8956 --- [kground-preinit] o.apache.tomcat.util.digester.Digester   :   Fire end() for ObjectCreateRule[className=org.apache.tomcat.util.modeler.AttributeInfo, attributeName=null]
2019-05-11 11:06:14.994 DEBUG 8956 --- [kground-preinit] o.apache.tomcat.util.digester.Digester   : [ObjectCreateRule]{mbeans-descriptors/mbean/attribute} Pop org.apache.tomcat.util.modeler.AttributeInfo
2019-05-11 11:06:14.994 DEBUG 8956 --- [kground-preinit] o.a.tomcat.util.digester.Digester.sax    : characters(

    )
2019-05-11 11:06:14.994 DEBUG 8956 --- [kground-preinit] o.a.tomcat.util.digester.Digester.sax    : startElement(,,attribute)
2019-05-11 11:06:14.994 DEBUG 8956 --- [kground-preinit] o.apache.tomcat.util.digester.Digester   :   New match='mbeans-descriptors/mbean/attribute'
2019-05-11 11:06:14.995 DEBUG 8956 --- [kground-preinit] o.apache.tomcat.util.digester.Digester   :   Fire begin() for ObjectCreateRule[className=org.apache.tomcat.util.modeler.AttributeInfo, attributeName=null]
2019-05-11 11:06:14.995 DEBUG 8956 --- [kground-preinit] o.apache.tomcat.util.digester.Digester   : [ObjectCreateRule]{mbeans-descriptors/mbean/attribute}New org.apache.tomcat.util.modeler.AttributeInfo
2019-05-11 11:06:14.995 DEBUG 8956 --- [kground-preinit] o.apache.tomcat.util.digester.Digester   :   Fire begin() for SetPropertiesRule[]
2019-05-11 11:06:14.995 DEBUG 8956 --- [kground-preinit] o.apache.tomcat.util.digester.Digester   : [SetPropertiesRule]{mbeans-descriptors/mbean/attribute} Set org.apache.tomcat.util.modeler.AttributeInfo properties
2019-05-11 11:06:14.995 DEBUG 8956 --- [kground-preinit] o.apache.tomcat.util.digester.Digester   : [SetPropertiesRule]{mbeans-descriptors/mbean/attribute} Setting property 'name' to 'poolSize'
2019-05-11 11:06:14.995 DEBUG 8956 --- [kground-preinit] o.apache.tomcat.util.IntrospectionUtils  : IntrospectionUtils: setProperty(class org.apache.tomcat.util.modeler.AttributeInfo name=poolSize)
2019-05-11 11:06:14.995 DEBUG 8956 --- [kground-preinit] o.apache.tomcat.util.digester.Digester   : [SetPropertiesRule]{mbeans-descriptors/mbean/attribute} Setting property 'description' to 'Number of threads in the pool'
2019-05-11 11:06:14.996 DEBUG 8956 --- [kground-preinit] o.apache.tomcat.util.IntrospectionUtils  : IntrospectionUtils: setProperty(class org.apache.tomcat.util.modeler.AttributeInfo description=Number of threads in the pool)
2019-05-11 11:06:14.996 DEBUG 8956 --- [kground-preinit] o.apache.tomcat.util.digester.Digester   : [SetPropertiesRule]{mbeans-descriptors/mbean/attribute} Setting property 'type' to 'int'
2019-05-11 11:06:14.996 DEBUG 8956 --- [kground-preinit] o.apache.tomcat.util.IntrospectionUtils  : IntrospectionUtils: setProperty(class org.apache.tomcat.util.modeler.AttributeInfo type=int)
2019-05-11 11:06:14.996 DEBUG 8956 --- [kground-preinit] o.apache.tomcat.util.digester.Digester   : [SetPropertiesRule]{mbeans-descriptors/mbean/attribute} Setting property 'writeable' to 'false'
2019-05-11 11:06:14.996 DEBUG 8956 --- [kground-preinit] o.apache.tomcat.util.IntrospectionUtils  : IntrospectionUtils: setProperty(class org.apache.tomcat.util.modeler.AttributeInfo writeable=false)
2019-05-11 11:06:14.996 DEBUG 8956 --- [kground-preinit] o.apache.tomcat.util.digester.Digester   :   Fire begin() for SetNextRule[methodName=addAttribute, paramType=org.apache.tomcat.util.modeler.AttributeInfo]
2019-05-11 11:06:14.996 DEBUG 8956 --- [kground-preinit] o.a.tomcat.util.digester.Digester.sax    : endElement(,,attribute)
2019-05-11 11:06:14.996 DEBUG 8956 --- [kground-preinit] o.apache.tomcat.util.digester.Digester   :   match='mbeans-descriptors/mbean/attribute'
2019-05-11 11:06:14.996 DEBUG 8956 --- [kground-preinit] o.apache.tomcat.util.digester.Digester   :   bodyText=''
2019-05-11 11:06:14.996 DEBUG 8956 --- [kground-preinit] o.apache.tomcat.util.digester.Digester   :   Fire body() for ObjectCreateRule[className=org.apache.tomcat.util.modeler.AttributeInfo, attributeName=null]
2019-05-11 11:06:14.996 DEBUG 8956 --- [kground-preinit] o.apache.tomcat.util.digester.Digester   :   Fire body() for SetPropertiesRule[]
2019-05-11 11:06:14.996 DEBUG 8956 --- [kground-preinit] o.apache.tomcat.util.digester.Digester   :   Fire body() for SetNextRule[methodName=addAttribute, paramType=org.apache.tomcat.util.modeler.AttributeInfo]
2019-05-11 11:06:14.996 DEBUG 8956 --- [kground-preinit] o.apache.tomcat.util.digester.Digester   :   Fire end() for SetNextRule[methodName=addAttribute, paramType=org.apache.tomcat.util.modeler.AttributeInfo]
2019-05-11 11:06:14.996 DEBUG 8956 --- [kground-preinit] o.apache.tomcat.util.digester.Digester   : [SetNextRule]{mbeans-descriptors/mbean/attribute} Call org.apache.tomcat.util.modeler.ManagedBean.addAttribute(org.apache.tomcat.util.modeler.AttributeInfo@7295a325)
2019-05-11 11:06:14.997 DEBUG 8956 --- [kground-preinit] o.apache.tomcat.util.IntrospectionUtils  : IntrospectionUtils: callMethod1 org.apache.tomcat.util.modeler.ManagedBean org.apache.tomcat.util.modeler.AttributeInfo org.apache.tomcat.util.modeler.AttributeInfo
2019-05-11 11:06:14.997 DEBUG 8956 --- [kground-preinit] o.apache.tomcat.util.digester.Digester   :   Fire end() for SetPropertiesRule[]
2019-05-11 11:06:14.997 DEBUG 8956 --- [kground-preinit] o.apache.tomcat.util.digester.Digester   :   Fire end() for ObjectCreateRule[className=org.apache.tomcat.util.modeler.AttributeInfo, attributeName=null]
2019-05-11 11:06:14.997 DEBUG 8956 --- [kground-preinit] o.apache.tomcat.util.digester.Digester   : [ObjectCreateRule]{mbeans-descriptors/mbean/attribute} Pop org.apache.tomcat.util.modeler.AttributeInfo
2019-05-11 11:06:14.997 DEBUG 8956 --- [kground-preinit] o.a.tomcat.util.digester.Digester.sax    : characters(

    )
2019-05-11 11:06:14.997 DEBUG 8956 --- [kground-preinit] o.a.tomcat.util.digester.Digester.sax    : startElement(,,attribute)
2019-05-11 11:06:14.997 DEBUG 8956 --- [kground-preinit] o.apache.tomcat.util.digester.Digester   :   New match='mbeans-descriptors/mbean/attribute'
2019-05-11 11:06:14.997 DEBUG 8956 --- [kground-preinit] o.apache.tomcat.util.digester.Digester   :   Fire begin() for ObjectCreateRule[className=org.apache.tomcat.util.modeler.AttributeInfo, attributeName=null]
2019-05-11 11:06:14.997 DEBUG 8956 --- [kground-preinit] o.apache.tomcat.util.digester.Digester   : [ObjectCreateRule]{mbeans-descriptors/mbean/attribute}New org.apache.tomcat.util.modeler.AttributeInfo
2019-05-11 11:06:14.997 DEBUG 8956 --- [kground-preinit] o.apache.tomcat.util.digester.Digester   :   Fire begin() for SetPropertiesRule[]
2019-05-11 11:06:14.997 DEBUG 8956 --- [kground-preinit] o.apache.tomcat.util.digester.Digester   : [SetPropertiesRule]{mbeans-descriptors/mbean/attribute} Set org.apache.tomcat.util.modeler.AttributeInfo properties
2019-05-11 11:06:14.998 DEBUG 8956 --- [kground-preinit] o.apache.tomcat.util.digester.Digester   : [SetPropertiesRule]{mbeans-descriptors/mbean/attribute} Setting property 'name' to 'prestartminSpareThreads'
2019-05-11 11:06:14.998 DEBUG 8956 --- [kground-preinit] o.apache.tomcat.util.IntrospectionUtils  : IntrospectionUtils: setProperty(class org.apache.tomcat.util.modeler.AttributeInfo name=prestartminSpareThreads)
2019-05-11 11:06:14.998 DEBUG 8956 --- [kground-preinit] o.apache.tomcat.util.digester.Digester   : [SetPropertiesRule]{mbeans-descriptors/mbean/attribute} Setting property 'description' to 'Prestart threads?'
2019-05-11 11:06:14.998 DEBUG 8956 --- [kground-preinit] o.apache.tomcat.util.IntrospectionUtils  : IntrospectionUtils: setProperty(class org.apache.tomcat.util.modeler.AttributeInfo description=Prestart threads?)
2019-05-11 11:06:14.998 DEBUG 8956 --- [kground-preinit] o.apache.tomcat.util.digester.Digester   : [SetPropertiesRule]{mbeans-descriptors/mbean/attribute} Setting property 'is' to 'true'
2019-05-11 11:06:14.998 DEBUG 8956 --- [kground-preinit] o.apache.tomcat.util.IntrospectionUtils  : IntrospectionUtils: setProperty(class org.apache.tomcat.util.modeler.AttributeInfo is=true)
2019-05-11 11:06:14.998 DEBUG 8956 --- [kground-preinit] o.apache.tomcat.util.digester.Digester   : [SetPropertiesRule]{mbeans-descriptors/mbean/attribute} Setting property 'type' to 'boolean'
2019-05-11 11:06:14.998 DEBUG 8956 --- [kground-preinit] o.apache.tomcat.util.IntrospectionUtils  : IntrospectionUtils: setProperty(class org.apache.tomcat.util.modeler.AttributeInfo type=boolean)
2019-05-11 11:06:14.998 DEBUG 8956 --- [kground-preinit] o.apache.tomcat.util.digester.Digester   :   Fire begin() for SetNextRule[methodName=addAttribute, paramType=org.apache.tomcat.util.modeler.AttributeInfo]
2019-05-11 11:06:14.998 DEBUG 8956 --- [kground-preinit] o.a.tomcat.util.digester.Digester.sax    : endElement(,,attribute)
2019-05-11 11:06:14.998 DEBUG 8956 --- [kground-preinit] o.apache.tomcat.util.digester.Digester   :   match='mbeans-descriptors/mbean/attribute'
2019-05-11 11:06:14.998 DEBUG 8956 --- [kground-preinit] o.apache.tomcat.util.digester.Digester   :   bodyText=''
2019-05-11 11:06:14.998 DEBUG 8956 --- [kground-preinit] o.apache.tomcat.util.digester.Digester   :   Fire body() for ObjectCreateRule[className=org.apache.tomcat.util.modeler.AttributeInfo, attributeName=null]
2019-05-11 11:06:14.999 DEBUG 8956 --- [kground-preinit] o.apache.tomcat.util.digester.Digester   :   Fire body() for SetPropertiesRule[]
2019-05-11 11:06:14.999 DEBUG 8956 --- [kground-preinit] o.apache.tomcat.util.digester.Digester   :   Fire body() for SetNextRule[methodName=addAttribute, paramType=org.apache.tomcat.util.modeler.AttributeInfo]
2019-05-11 11:06:14.999 DEBUG 8956 --- [kground-preinit] o.apache.tomcat.util.digester.Digester   :   Fire end() for SetNextRule[methodName=addAttribute, paramType=org.apache.tomcat.util.modeler.AttributeInfo]
2019-05-11 11:06:14.999 DEBUG 8956 --- [kground-preinit] o.apache.tomcat.util.digester.Digester   : [SetNextRule]{mbeans-descriptors/mbean/attribute} Call org.apache.tomcat.util.modeler.ManagedBean.addAttribute(org.apache.tomcat.util.modeler.AttributeInfo@5a785686)
2019-05-11 11:06:14.999 DEBUG 8956 --- [kground-preinit] o.apache.tomcat.util.IntrospectionUtils  : IntrospectionUtils: callMethod1 org.apache.tomcat.util.modeler.ManagedBean org.apache.tomcat.util.modeler.AttributeInfo org.apache.tomcat.util.modeler.AttributeInfo
2019-05-11 11:06:14.999 DEBUG 8956 --- [kground-preinit] o.apache.tomcat.util.digester.Digester   :   Fire end() for SetPropertiesRule[]
2019-05-11 11:06:14.999 DEBUG 8956 --- [kground-preinit] o.apache.tomcat.util.digester.Digester   :   Fire end() for ObjectCreateRule[className=org.apache.tomcat.util.modeler.AttributeInfo, attributeName=null]
2019-05-11 11:06:14.999 DEBUG 8956 --- [kground-preinit] o.apache.tomcat.util.digester.Digester   : [ObjectCreateRule]{mbeans-descriptors/mbean/attribute} Pop org.apache.tomcat.util.modeler.AttributeInfo
2019-05-11 11:06:14.999 DEBUG 8956 --- [kground-preinit] o.a.tomcat.util.digester.Digester.sax    : characters(

   )
2019-05-11 11:06:14.999 DEBUG 8956 --- [kground-preinit] o.a.tomcat.util.digester.Digester.sax    : characters( )
2019-05-11 11:06:14.999 DEBUG 8956 --- [kground-preinit] o.a.tomcat.util.digester.Digester.sax    : startElement(,,attribute)
2019-05-11 11:06:14.999 DEBUG 8956 --- [kground-preinit] o.apache.tomcat.util.digester.Digester   :   New match='mbeans-descriptors/mbean/attribute'
2019-05-11 11:06:15.000 DEBUG 8956 --- [kground-preinit] o.apache.tomcat.util.digester.Digester   :   Fire begin() for ObjectCreateRule[className=org.apache.tomcat.util.modeler.AttributeInfo, attributeName=null]
2019-05-11 11:06:15.000 DEBUG 8956 --- [kground-preinit] o.apache.tomcat.util.digester.Digester   : [ObjectCreateRule]{mbeans-descriptors/mbean/attribute}New org.apache.tomcat.util.modeler.AttributeInfo
2019-05-11 11:06:15.000 DEBUG 8956 --- [kground-preinit] o.apache.tomcat.util.digester.Digester   :   Fire begin() for SetPropertiesRule[]
2019-05-11 11:06:15.000 DEBUG 8956 --- [kground-preinit] o.apache.tomcat.util.digester.Digester   : [SetPropertiesRule]{mbeans-descriptors/mbean/attribute} Set org.apache.tomcat.util.modeler.AttributeInfo properties
2019-05-11 11:06:15.000 DEBUG 8956 --- [kground-preinit] o.apache.tomcat.util.digester.Digester   : [SetPropertiesRule]{mbeans-descriptors/mbean/attribute} Setting property 'name' to 'queueSize'
2019-05-11 11:06:15.000 DEBUG 8956 --- [kground-preinit] o.apache.tomcat.util.IntrospectionUtils  : IntrospectionUtils: setProperty(class org.apache.tomcat.util.modeler.AttributeInfo name=queueSize)
2019-05-11 11:06:15.001 DEBUG 8956 --- [kground-preinit] o.apache.tomcat.util.digester.Digester   : [SetPropertiesRule]{mbeans-descriptors/mbean/attribute} Setting property 'description' to 'Number of tasks waiting to be processed'
2019-05-11 11:06:15.001 DEBUG 8956 --- [kground-preinit] o.apache.tomcat.util.IntrospectionUtils  : IntrospectionUtils: setProperty(class org.apache.tomcat.util.modeler.AttributeInfo description=Number of tasks waiting to be processed)
2019-05-11 11:06:15.001 DEBUG 8956 --- [kground-preinit] o.apache.tomcat.util.digester.Digester   : [SetPropertiesRule]{mbeans-descriptors/mbean/attribute} Setting property 'type' to 'int'
2019-05-11 11:06:15.001 DEBUG 8956 --- [kground-preinit] o.apache.tomcat.util.IntrospectionUtils  : IntrospectionUtils: setProperty(class org.apache.tomcat.util.modeler.AttributeInfo type=int)
2019-05-11 11:06:15.001 DEBUG 8956 --- [kground-preinit] o.apache.tomcat.util.digester.Digester   : [SetPropertiesRule]{mbeans-descriptors/mbean/attribute} Setting property 'writeable' to 'false'
2019-05-11 11:06:15.001 DEBUG 8956 --- [kground-preinit] o.apache.tomcat.util.IntrospectionUtils  : IntrospectionUtils: setProperty(class org.apache.tomcat.util.modeler.AttributeInfo writeable=false)
2019-05-11 11:06:15.001 DEBUG 8956 --- [kground-preinit] o.apache.tomcat.util.digester.Digester   :   Fire begin() for SetNextRule[methodName=addAttribute, paramType=org.apache.tomcat.util.modeler.AttributeInfo]
2019-05-11 11:06:15.002 DEBUG 8956 --- [kground-preinit] o.a.tomcat.util.digester.Digester.sax    : endElement(,,attribute)
2019-05-11 11:06:15.002 DEBUG 8956 --- [kground-preinit] o.apache.tomcat.util.digester.Digester   :   match='mbeans-descriptors/mbean/attribute'
2019-05-11 11:06:15.002 DEBUG 8956 --- [kground-preinit] o.apache.tomcat.util.digester.Digester   :   bodyText=''
2019-05-11 11:06:15.002 DEBUG 8956 --- [kground-preinit] o.apache.tomcat.util.digester.Digester   :   Fire body() for ObjectCreateRule[className=org.apache.tomcat.util.modeler.AttributeInfo, attributeName=null]
2019-05-11 11:06:15.002 DEBUG 8956 --- [kground-preinit] o.apache.tomcat.util.digester.Digester   :   Fire body() for SetPropertiesRule[]
2019-05-11 11:06:15.002 DEBUG 8956 --- [kground-preinit] o.apache.tomcat.util.digester.Digester   :   Fire body() for SetNextRule[methodName=addAttribute, paramType=org.apache.tomcat.util.modeler.AttributeInfo]
2019-05-11 11:06:15.002 DEBUG 8956 --- [kground-preinit] o.apache.tomcat.util.digester.Digester   :   Fire end() for SetNextRule[methodName=addAttribute, paramType=org.apache.tomcat.util.modeler.AttributeInfo]
2019-05-11 11:06:15.003 DEBUG 8956 --- [kground-preinit] o.apache.tomcat.util.digester.Digester   : [SetNextRule]{mbeans-descriptors/mbean/attribute} Call org.apache.tomcat.util.modeler.ManagedBean.addAttribute(org.apache.tomcat.util.modeler.AttributeInfo@4666ad7c)
2019-05-11 11:06:15.003 DEBUG 8956 --- [kground-preinit] o.apache.tomcat.util.IntrospectionUtils  : IntrospectionUtils: callMethod1 org.apache.tomcat.util.modeler.ManagedBean org.apache.tomcat.util.modeler.AttributeInfo org.apache.tomcat.util.modeler.AttributeInfo
2019-05-11 11:06:15.003 DEBUG 8956 --- [kground-preinit] o.apache.tomcat.util.digester.Digester   :   Fire end() for SetPropertiesRule[]
2019-05-11 11:06:15.003 DEBUG 8956 --- [kground-preinit] o.apache.tomcat.util.digester.Digester   :   Fire end() for ObjectCreateRule[className=org.apache.tomcat.util.modeler.AttributeInfo, attributeName=null]
2019-05-11 11:06:15.003 DEBUG 8956 --- [kground-preinit] o.apache.tomcat.util.digester.Digester   : [ObjectCreateRule]{mbeans-descriptors/mbean/attribute} Pop org.apache.tomcat.util.modeler.AttributeInfo
2019-05-11 11:06:15.003 DEBUG 8956 --- [kground-preinit] o.a.tomcat.util.digester.Digester.sax    : characters(

    )
2019-05-11 11:06:15.004 DEBUG 8956 --- [kground-preinit] o.a.tomcat.util.digester.Digester.sax    : startElement(,,attribute)
2019-05-11 11:06:15.012 DEBUG 8956 --- [           main] o.s.c.a.ConfigurationClassEnhancer       : Successfully enhanced org.springframework.boot.autoconfigure.jdbc.metadata.DataSourcePoolMetadataProvidersConfiguration$TomcatDataSourcePoolMetadataProviderConfiguration; enhanced class name is: org.springframework.boot.autoconfigure.jdbc.metadata.DataSourcePoolMetadataProvidersConfiguration$TomcatDataSourcePoolMetadataProviderConfiguration$$EnhancerBySpringCGLIB$$da6f4c07
2019-05-11 11:06:15.012 DEBUG 8956 --- [           main] o.s.c.a.ConfigurationClassPostProcessor  : Replacing bean definition 'org.springframework.boot.autoconfigure.jdbc.metadata.DataSourcePoolMetadataProvidersConfiguration$TomcatDataSourcePoolMetadataProviderConfiguration' existing class 'org.springframework.boot.autoconfigure.jdbc.metadata.DataSourcePoolMetadataProvidersConfiguration$TomcatDataSourcePoolMetadataProviderConfiguration' with enhanced class 'org.springframework.boot.autoconfigure.jdbc.metadata.DataSourcePoolMetadataProvidersConfiguration$TomcatDataSourcePoolMetadataProviderConfiguration$$EnhancerBySpringCGLIB$$da6f4c07'
2019-05-11 11:06:15.014 DEBUG 8956 --- [           main] o.s.c.a.ConfigurationClassEnhancer       : Successfully enhanced org.springframework.boot.autoconfigure.jdbc.metadata.DataSourcePoolMetadataProvidersConfiguration; enhanced class name is: org.springframework.boot.autoconfigure.jdbc.metadata.DataSourcePoolMetadataProvidersConfiguration$$EnhancerBySpringCGLIB$$57fa461a
2019-05-11 11:06:15.014 DEBUG 8956 --- [           main] o.s.c.a.ConfigurationClassPostProcessor  : Replacing bean definition 'org.springframework.boot.autoconfigure.jdbc.metadata.DataSourcePoolMetadataProvidersConfiguration' existing class 'org.springframework.boot.autoconfigure.jdbc.metadata.DataSourcePoolMetadataProvidersConfiguration' with enhanced class 'org.springframework.boot.autoconfigure.jdbc.metadata.DataSourcePoolMetadataProvidersConfiguration$$EnhancerBySpringCGLIB$$57fa461a'
2019-05-11 11:06:15.018 DEBUG 8956 --- [           main] o.s.c.a.ConfigurationClassEnhancer       : Successfully enhanced org.springframework.boot.autoconfigure.jdbc.DataSourceAutoConfiguration; enhanced class name is: org.springframework.boot.autoconfigure.jdbc.DataSourceAutoConfiguration$$EnhancerBySpringCGLIB$$5cfd0139
2019-05-11 11:06:15.018 DEBUG 8956 --- [           main] o.s.c.a.ConfigurationClassPostProcessor  : Replacing bean definition 'org.springframework.boot.autoconfigure.jdbc.DataSourceAutoConfiguration' existing class 'org.springframework.boot.autoconfigure.jdbc.DataSourceAutoConfiguration' with enhanced class 'org.springframework.boot.autoconfigure.jdbc.DataSourceAutoConfiguration$$EnhancerBySpringCGLIB$$5cfd0139'
2019-05-11 11:06:15.019 DEBUG 8956 --- [kground-preinit] o.apache.tomcat.util.digester.Digester   :   New match='mbeans-descriptors/mbean/attribute'
2019-05-11 11:06:15.019 DEBUG 8956 --- [kground-preinit] o.apache.tomcat.util.digester.Digester   :   Fire begin() for ObjectCreateRule[className=org.apache.tomcat.util.modeler.AttributeInfo, attributeName=null]
2019-05-11 11:06:15.019 DEBUG 8956 --- [kground-preinit] o.apache.tomcat.util.digester.Digester   : [ObjectCreateRule]{mbeans-descriptors/mbean/attribute}New org.apache.tomcat.util.modeler.AttributeInfo
2019-05-11 11:06:15.020 DEBUG 8956 --- [kground-preinit] o.apache.tomcat.util.digester.Digester   :   Fire begin() for SetPropertiesRule[]
2019-05-11 11:06:15.020 DEBUG 8956 --- [kground-preinit] o.apache.tomcat.util.digester.Digester   : [SetPropertiesRule]{mbeans-descriptors/mbean/attribute} Set org.apache.tomcat.util.modeler.AttributeInfo properties
2019-05-11 11:06:15.020 DEBUG 8956 --- [kground-preinit] o.apache.tomcat.util.digester.Digester   : [SetPropertiesRule]{mbeans-descriptors/mbean/attribute} Setting property 'name' to 'stateName'
2019-05-11 11:06:15.020 DEBUG 8956 --- [kground-preinit] o.apache.tomcat.util.IntrospectionUtils  : IntrospectionUtils: setProperty(class org.apache.tomcat.util.modeler.AttributeInfo name=stateName)
2019-05-11 11:06:15.020 DEBUG 8956 --- [kground-preinit] o.apache.tomcat.util.digester.Digester   : [SetPropertiesRule]{mbeans-descriptors/mbean/attribute} Setting property 'description' to 'The name of the LifecycleState that this component is currently in'
2019-05-11 11:06:15.021 DEBUG 8956 --- [kground-preinit] o.apache.tomcat.util.IntrospectionUtils  : IntrospectionUtils: setProperty(class org.apache.tomcat.util.modeler.AttributeInfo description=The name of the LifecycleState that this component is currently in)
2019-05-11 11:06:15.021 DEBUG 8956 --- [kground-preinit] o.apache.tomcat.util.digester.Digester   : [SetPropertiesRule]{mbeans-descriptors/mbean/attribute} Setting property 'type' to 'java.lang.String'
2019-05-11 11:06:15.021 DEBUG 8956 --- [kground-preinit] o.apache.tomcat.util.IntrospectionUtils  : IntrospectionUtils: setProperty(class org.apache.tomcat.util.modeler.AttributeInfo type=java.lang.String)
2019-05-11 11:06:15.021 DEBUG 8956 --- [kground-preinit] o.apache.tomcat.util.digester.Digester   : [SetPropertiesRule]{mbeans-descriptors/mbean/attribute} Setting property 'writeable' to 'false'
2019-05-11 11:06:15.021 DEBUG 8956 --- [kground-preinit] o.apache.tomcat.util.IntrospectionUtils  : IntrospectionUtils: setProperty(class org.apache.tomcat.util.modeler.AttributeInfo writeable=false)
2019-05-11 11:06:15.021 DEBUG 8956 --- [kground-preinit] o.apache.tomcat.util.digester.Digester   :   Fire begin() for SetNextRule[methodName=addAttribute, paramType=org.apache.tomcat.util.modeler.AttributeInfo]
2019-05-11 11:06:15.022 DEBUG 8956 --- [kground-preinit] o.a.tomcat.util.digester.Digester.sax    : endElement(,,attribute)
2019-05-11 11:06:15.022 DEBUG 8956 --- [kground-preinit] o.apache.tomcat.util.digester.Digester   :   match='mbeans-descriptors/mbean/attribute'
2019-05-11 11:06:15.022 DEBUG 8956 --- [kground-preinit] o.apache.tomcat.util.digester.Digester   :   bodyText=''
2019-05-11 11:06:15.022 DEBUG 8956 --- [kground-preinit] o.apache.tomcat.util.digester.Digester   :   Fire body() for ObjectCreateRule[className=org.apache.tomcat.util.modeler.AttributeInfo, attributeName=null]
2019-05-11 11:06:15.022 DEBUG 8956 --- [kground-preinit] o.apache.tomcat.util.digester.Digester   :   Fire body() for SetPropertiesRule[]
2019-05-11 11:06:15.022 DEBUG 8956 --- [kground-preinit] o.apache.tomcat.util.digester.Digester   :   Fire body() for SetNextRule[methodName=addAttribute, paramType=org.apache.tomcat.util.modeler.AttributeInfo]
2019-05-11 11:06:15.022 DEBUG 8956 --- [kground-preinit] o.apache.tomcat.util.digester.Digester   :   Fire end() for SetNextRule[methodName=addAttribute, paramType=org.apache.tomcat.util.modeler.AttributeInfo]
2019-05-11 11:06:15.023 DEBUG 8956 --- [kground-preinit] o.apache.tomcat.util.digester.Digester   : [SetNextRule]{mbeans-descriptors/mbean/attribute} Call org.apache.tomcat.util.modeler.ManagedBean.addAttribute(org.apache.tomcat.util.modeler.AttributeInfo@16a3a620)
2019-05-11 11:06:15.023 DEBUG 8956 --- [kground-preinit] o.apache.tomcat.util.IntrospectionUtils  : IntrospectionUtils: callMethod1 org.apache.tomcat.util.modeler.ManagedBean org.apache.tomcat.util.modeler.AttributeInfo org.apache.tomcat.util.modeler.AttributeInfo
2019-05-11 11:06:15.025 DEBUG 8956 --- [           main] o.s.c.a.ConfigurationClassEnhancer       : Successfully enhanced tk.mybatis.mapper.autoconfigure.MapperAutoConfiguration; enhanced class name is: tk.mybatis.mapper.autoconfigure.MapperAutoConfiguration$$EnhancerBySpringCGLIB$$30fa0572
2019-05-11 11:06:15.026 DEBUG 8956 --- [           main] o.s.c.a.ConfigurationClassPostProcessor  : Replacing bean definition 'tk.mybatis.mapper.autoconfigure.MapperAutoConfiguration' existing class 'tk.mybatis.mapper.autoconfigure.MapperAutoConfiguration' with enhanced class 'tk.mybatis.mapper.autoconfigure.MapperAutoConfiguration$$EnhancerBySpringCGLIB$$30fa0572'
2019-05-11 11:06:15.028 DEBUG 8956 --- [kground-preinit] o.apache.tomcat.util.digester.Digester   :   Fire end() for SetPropertiesRule[]
2019-05-11 11:06:15.029 DEBUG 8956 --- [kground-preinit] o.apache.tomcat.util.digester.Digester   :   Fire end() for ObjectCreateRule[className=org.apache.tomcat.util.modeler.AttributeInfo, attributeName=null]
2019-05-11 11:06:15.029 DEBUG 8956 --- [kground-preinit] o.apache.tomcat.util.digester.Digester   : [ObjectCreateRule]{mbeans-descriptors/mbean/attribute} Pop org.apache.tomcat.util.modeler.AttributeInfo
2019-05-11 11:06:15.029 DEBUG 8956 --- [kground-preinit] o.a.tomcat.util.digester.Digester.sax    : characters(

    )
2019-05-11 11:06:15.029 DEBUG 8956 --- [kground-preinit] o.a.tomcat.util.digester.Digester.sax    : startElement(,,attribute)
2019-05-11 11:06:15.029 DEBUG 8956 --- [kground-preinit] o.apache.tomcat.util.digester.Digester   :   New match='mbeans-descriptors/mbean/attribute'
2019-05-11 11:06:15.030 DEBUG 8956 --- [kground-preinit] o.apache.tomcat.util.digester.Digester   :   Fire begin() for ObjectCreateRule[className=org.apache.tomcat.util.modeler.AttributeInfo, attributeName=null]
2019-05-11 11:06:15.030 DEBUG 8956 --- [kground-preinit] o.apache.tomcat.util.digester.Digester   : [ObjectCreateRule]{mbeans-descriptors/mbean/attribute}New org.apache.tomcat.util.modeler.AttributeInfo
2019-05-11 11:06:15.030 DEBUG 8956 --- [kground-preinit] o.apache.tomcat.util.digester.Digester   :   Fire begin() for SetPropertiesRule[]
2019-05-11 11:06:15.030 DEBUG 8956 --- [kground-preinit] o.apache.tomcat.util.digester.Digester   : [SetPropertiesRule]{mbeans-descriptors/mbean/attribute} Set org.apache.tomcat.util.modeler.AttributeInfo properties
2019-05-11 11:06:15.030 DEBUG 8956 --- [kground-preinit] o.apache.tomcat.util.digester.Digester   : [SetPropertiesRule]{mbeans-descriptors/mbean/attribute} Setting property 'name' to 'threadPriority'
2019-05-11 11:06:15.031 DEBUG 8956 --- [kground-preinit] o.apache.tomcat.util.IntrospectionUtils  : IntrospectionUtils: setProperty(class org.apache.tomcat.util.modeler.AttributeInfo name=threadPriority)
2019-05-11 11:06:15.031 DEBUG 8956 --- [kground-preinit] o.apache.tomcat.util.digester.Digester   : [SetPropertiesRule]{mbeans-descriptors/mbean/attribute} Setting property 'description' to 'The thread priority for threads in this thread pool'
2019-05-11 11:06:15.031 DEBUG 8956 --- [kground-preinit] o.apache.tomcat.util.IntrospectionUtils  : IntrospectionUtils: setProperty(class org.apache.tomcat.util.modeler.AttributeInfo description=The thread priority for threads in this thread pool)
2019-05-11 11:06:15.031 DEBUG 8956 --- [kground-preinit] o.apache.tomcat.util.digester.Digester   : [SetPropertiesRule]{mbeans-descriptors/mbean/attribute} Setting property 'type' to 'int'
2019-05-11 11:06:15.031 DEBUG 8956 --- [           main] o.s.c.a.ConfigurationClassEnhancer       : Successfully enhanced org.mybatis.spring.boot.autoconfigure.MybatisAutoConfiguration; enhanced class name is: org.mybatis.spring.boot.autoconfigure.MybatisAutoConfiguration$$EnhancerBySpringCGLIB$$adddaf09
2019-05-11 11:06:15.031 DEBUG 8956 --- [           main] o.s.c.a.ConfigurationClassPostProcessor  : Replacing bean definition 'org.mybatis.spring.boot.autoconfigure.MybatisAutoConfiguration' existing class 'org.mybatis.spring.boot.autoconfigure.MybatisAutoConfiguration' with enhanced class 'org.mybatis.spring.boot.autoconfigure.MybatisAutoConfiguration$$EnhancerBySpringCGLIB$$adddaf09'
2019-05-11 11:06:15.031 DEBUG 8956 --- [kground-preinit] o.apache.tomcat.util.IntrospectionUtils  : IntrospectionUtils: setProperty(class org.apache.tomcat.util.modeler.AttributeInfo type=int)
2019-05-11 11:06:15.032 DEBUG 8956 --- [kground-preinit] o.apache.tomcat.util.digester.Digester   :   Fire begin() for SetNextRule[methodName=addAttribute, paramType=org.apache.tomcat.util.modeler.AttributeInfo]
2019-05-11 11:06:15.032 DEBUG 8956 --- [kground-preinit] o.a.tomcat.util.digester.Digester.sax    : endElement(,,attribute)
2019-05-11 11:06:15.033 DEBUG 8956 --- [           main] o.s.c.a.ConfigurationClassEnhancer       : Successfully enhanced org.springframework.boot.autoconfigure.context.ConfigurationPropertiesAutoConfiguration; enhanced class name is: org.springframework.boot.autoconfigure.context.ConfigurationPropertiesAutoConfiguration$$EnhancerBySpringCGLIB$$6a92e927
2019-05-11 11:06:15.033 DEBUG 8956 --- [           main] o.s.c.a.ConfigurationClassPostProcessor  : Replacing bean definition 'org.springframework.boot.autoconfigure.context.ConfigurationPropertiesAutoConfiguration' existing class 'org.springframework.boot.autoconfigure.context.ConfigurationPropertiesAutoConfiguration' with enhanced class 'org.springframework.boot.autoconfigure.context.ConfigurationPropertiesAutoConfiguration$$EnhancerBySpringCGLIB$$6a92e927'
2019-05-11 11:06:15.036 DEBUG 8956 --- [           main] o.s.c.a.ConfigurationClassEnhancer       : Successfully enhanced org.springframework.boot.autoconfigure.web.HttpMessageConvertersAutoConfiguration$StringHttpMessageConverterConfiguration; enhanced class name is: org.springframework.boot.autoconfigure.web.HttpMessageConvertersAutoConfiguration$StringHttpMessageConverterConfiguration$$EnhancerBySpringCGLIB$$c83786d9
2019-05-11 11:06:15.036 DEBUG 8956 --- [           main] o.s.c.a.ConfigurationClassPostProcessor  : Replacing bean definition 'org.springframework.boot.autoconfigure.web.HttpMessageConvertersAutoConfiguration$StringHttpMessageConverterConfiguration' existing class 'org.springframework.boot.autoconfigure.web.HttpMessageConvertersAutoConfiguration$StringHttpMessageConverterConfiguration' with enhanced class 'org.springframework.boot.autoconfigure.web.HttpMessageConvertersAutoConfiguration$StringHttpMessageConverterConfiguration$$EnhancerBySpringCGLIB$$c83786d9'
2019-05-11 11:06:15.032 DEBUG 8956 --- [kground-preinit] o.apache.tomcat.util.digester.Digester   :   match='mbeans-descriptors/mbean/attribute'
2019-05-11 11:06:15.037 DEBUG 8956 --- [kground-preinit] o.apache.tomcat.util.digester.Digester   :   bodyText=''
2019-05-11 11:06:15.037 DEBUG 8956 --- [kground-preinit] o.apache.tomcat.util.digester.Digester   :   Fire body() for ObjectCreateRule[className=org.apache.tomcat.util.modeler.AttributeInfo, attributeName=null]
2019-05-11 11:06:15.037 DEBUG 8956 --- [kground-preinit] o.apache.tomcat.util.digester.Digester   :   Fire body() for SetPropertiesRule[]
2019-05-11 11:06:15.038 DEBUG 8956 --- [kground-preinit] o.apache.tomcat.util.digester.Digester   :   Fire body() for SetNextRule[methodName=addAttribute, paramType=org.apache.tomcat.util.modeler.AttributeInfo]
2019-05-11 11:06:15.038 DEBUG 8956 --- [kground-preinit] o.apache.tomcat.util.digester.Digester   :   Fire end() for SetNextRule[methodName=addAttribute, paramType=org.apache.tomcat.util.modeler.AttributeInfo]
2019-05-11 11:06:15.038 DEBUG 8956 --- [kground-preinit] o.apache.tomcat.util.digester.Digester   : [SetNextRule]{mbeans-descriptors/mbean/attribute} Call org.apache.tomcat.util.modeler.ManagedBean.addAttribute(org.apache.tomcat.util.modeler.AttributeInfo@4970b35a)
2019-05-11 11:06:15.038 DEBUG 8956 --- [kground-preinit] o.apache.tomcat.util.IntrospectionUtils  : IntrospectionUtils: callMethod1 org.apache.tomcat.util.modeler.ManagedBean org.apache.tomcat.util.modeler.AttributeInfo org.apache.tomcat.util.modeler.AttributeInfo
2019-05-11 11:06:15.039 DEBUG 8956 --- [           main] o.s.c.a.ConfigurationClassEnhancer       : Successfully enhanced org.springframework.boot.autoconfigure.web.JacksonHttpMessageConvertersConfiguration$MappingJackson2HttpMessageConverterConfiguration; enhanced class name is: org.springframework.boot.autoconfigure.web.JacksonHttpMessageConvertersConfiguration$MappingJackson2HttpMessageConverterConfiguration$$EnhancerBySpringCGLIB$$5645b0d9
2019-05-11 11:06:15.039 DEBUG 8956 --- [           main] o.s.c.a.ConfigurationClassPostProcessor  : Replacing bean definition 'org.springframework.boot.autoconfigure.web.JacksonHttpMessageConvertersConfiguration$MappingJackson2HttpMessageConverterConfiguration' existing class 'org.springframework.boot.autoconfigure.web.JacksonHttpMessageConvertersConfiguration$MappingJackson2HttpMessageConverterConfiguration' with enhanced class 'org.springframework.boot.autoconfigure.web.JacksonHttpMessageConvertersConfiguration$MappingJackson2HttpMessageConverterConfiguration$$EnhancerBySpringCGLIB$$5645b0d9'
2019-05-11 11:06:15.039 DEBUG 8956 --- [kground-preinit] o.apache.tomcat.util.digester.Digester   :   Fire end() for SetPropertiesRule[]
2019-05-11 11:06:15.039 DEBUG 8956 --- [kground-preinit] o.apache.tomcat.util.digester.Digester   :   Fire end() for ObjectCreateRule[className=org.apache.tomcat.util.modeler.AttributeInfo, attributeName=null]
2019-05-11 11:06:15.040 DEBUG 8956 --- [kground-preinit] o.apache.tomcat.util.digester.Digester   : [ObjectCreateRule]{mbeans-descriptors/mbean/attribute} Pop org.apache.tomcat.util.modeler.AttributeInfo
2019-05-11 11:06:15.040 DEBUG 8956 --- [kground-preinit] o.a.tomcat.util.digester.Digester.sax    : characters(

    )
2019-05-11 11:06:15.040 DEBUG 8956 --- [kground-preinit] o.a.tomcat.util.digester.Digester.sax    : startElement(,,attribute)
2019-05-11 11:06:15.040 DEBUG 8956 --- [kground-preinit] o.apache.tomcat.util.digester.Digester   :   New match='mbeans-descriptors/mbean/attribute'
2019-05-11 11:06:15.041 DEBUG 8956 --- [           main] o.s.c.a.ConfigurationClassEnhancer       : Successfully enhanced org.springframework.boot.autoconfigure.web.JacksonHttpMessageConvertersConfiguration; enhanced class name is: org.springframework.boot.autoconfigure.web.JacksonHttpMessageConvertersConfiguration$$EnhancerBySpringCGLIB$$e933494f
2019-05-11 11:06:15.041 DEBUG 8956 --- [           main] o.s.c.a.ConfigurationClassPostProcessor  : Replacing bean definition 'org.springframework.boot.autoconfigure.web.JacksonHttpMessageConvertersConfiguration' existing class 'org.springframework.boot.autoconfigure.web.JacksonHttpMessageConvertersConfiguration' with enhanced class 'org.springframework.boot.autoconfigure.web.JacksonHttpMessageConvertersConfiguration$$EnhancerBySpringCGLIB$$e933494f'
2019-05-11 11:06:15.041 DEBUG 8956 --- [kground-preinit] o.apache.tomcat.util.digester.Digester   :   Fire begin() for ObjectCreateRule[className=org.apache.tomcat.util.modeler.AttributeInfo, attributeName=null]
2019-05-11 11:06:15.041 DEBUG 8956 --- [kground-preinit] o.apache.tomcat.util.digester.Digester   : [ObjectCreateRule]{mbeans-descriptors/mbean/attribute}New org.apache.tomcat.util.modeler.AttributeInfo
2019-05-11 11:06:15.041 DEBUG 8956 --- [kground-preinit] o.apache.tomcat.util.digester.Digester   :   Fire begin() for SetPropertiesRule[]
2019-05-11 11:06:15.042 DEBUG 8956 --- [kground-preinit] o.apache.tomcat.util.digester.Digester   : [SetPropertiesRule]{mbeans-descriptors/mbean/attribute} Set org.apache.tomcat.util.modeler.AttributeInfo properties
2019-05-11 11:06:15.042 DEBUG 8956 --- [kground-preinit] o.apache.tomcat.util.digester.Digester   : [SetPropertiesRule]{mbeans-descriptors/mbean/attribute} Setting property 'name' to 'threadRenewalDelay'
2019-05-11 11:06:15.042 DEBUG 8956 --- [kground-preinit] o.apache.tomcat.util.IntrospectionUtils  : IntrospectionUtils: setProperty(class org.apache.tomcat.util.modeler.AttributeInfo name=threadRenewalDelay)
2019-05-11 11:06:15.042 DEBUG 8956 --- [kground-preinit] o.apache.tomcat.util.digester.Digester   : [SetPropertiesRule]{mbeans-descriptors/mbean/attribute} Setting property 'description' to 'After a context is stopped, threads in the pool are renewed. To avoid renewing all threads at the same time, this delay is observed between 2 threads being renewed. Value is in ms, default value is 1000ms. If negative, threads are not renewed.'
2019-05-11 11:06:15.042 DEBUG 8956 --- [kground-preinit] o.apache.tomcat.util.IntrospectionUtils  : IntrospectionUtils: setProperty(class org.apache.tomcat.util.modeler.AttributeInfo description=After a context is stopped, threads in the pool are renewed. To avoid renewing all threads at the same time, this delay is observed between 2 threads being renewed. Value is in ms, default value is 1000ms. If negative, threads are not renewed.)
2019-05-11 11:06:15.042 DEBUG 8956 --- [kground-preinit] o.apache.tomcat.util.digester.Digester   : [SetPropertiesRule]{mbeans-descriptors/mbean/attribute} Setting property 'type' to 'long'
2019-05-11 11:06:15.042 DEBUG 8956 --- [kground-preinit] o.apache.tomcat.util.IntrospectionUtils  : IntrospectionUtils: setProperty(class org.apache.tomcat.util.modeler.AttributeInfo type=long)
2019-05-11 11:06:15.042 DEBUG 8956 --- [kground-preinit] o.apache.tomcat.util.digester.Digester   :   Fire begin() for SetNextRule[methodName=addAttribute, paramType=org.apache.tomcat.util.modeler.AttributeInfo]
2019-05-11 11:06:15.042 DEBUG 8956 --- [kground-preinit] o.a.tomcat.util.digester.Digester.sax    : endElement(,,attribute)
2019-05-11 11:06:15.042 DEBUG 8956 --- [kground-preinit] o.apache.tomcat.util.digester.Digester   :   match='mbeans-descriptors/mbean/attribute'
2019-05-11 11:06:15.042 DEBUG 8956 --- [kground-preinit] o.apache.tomcat.util.digester.Digester   :   bodyText=''
2019-05-11 11:06:15.042 DEBUG 8956 --- [kground-preinit] o.apache.tomcat.util.digester.Digester   :   Fire body() for ObjectCreateRule[className=org.apache.tomcat.util.modeler.AttributeInfo, attributeName=null]
2019-05-11 11:06:15.042 DEBUG 8956 --- [kground-preinit] o.apache.tomcat.util.digester.Digester   :   Fire body() for SetPropertiesRule[]
2019-05-11 11:06:15.042 DEBUG 8956 --- [kground-preinit] o.apache.tomcat.util.digester.Digester   :   Fire body() for SetNextRule[methodName=addAttribute, paramType=org.apache.tomcat.util.modeler.AttributeInfo]
2019-05-11 11:06:15.043 DEBUG 8956 --- [kground-preinit] o.apache.tomcat.util.digester.Digester   :   Fire end() for SetNextRule[methodName=addAttribute, paramType=org.apache.tomcat.util.modeler.AttributeInfo]
2019-05-11 11:06:15.043 DEBUG 8956 --- [kground-preinit] o.apache.tomcat.util.digester.Digester   : [SetNextRule]{mbeans-descriptors/mbean/attribute} Call org.apache.tomcat.util.modeler.ManagedBean.addAttribute(org.apache.tomcat.util.modeler.AttributeInfo@51a40094)
2019-05-11 11:06:15.043 DEBUG 8956 --- [kground-preinit] o.apache.tomcat.util.IntrospectionUtils  : IntrospectionUtils: callMethod1 org.apache.tomcat.util.modeler.ManagedBean org.apache.tomcat.util.modeler.AttributeInfo org.apache.tomcat.util.modeler.AttributeInfo
2019-05-11 11:06:15.043 DEBUG 8956 --- [kground-preinit] o.apache.tomcat.util.digester.Digester   :   Fire end() for SetPropertiesRule[]
2019-05-11 11:06:15.043 DEBUG 8956 --- [kground-preinit] o.apache.tomcat.util.digester.Digester   :   Fire end() for ObjectCreateRule[className=org.apache.tomcat.util.modeler.AttributeInfo, attributeName=null]
2019-05-11 11:06:15.043 DEBUG 8956 --- [kground-preinit] o.apache.tomcat.util.digester.Digester   : [ObjectCreateRule]{mbeans-descriptors/mbean/attribute} Pop org.apache.tomcat.util.modeler.AttributeInfo
2019-05-11 11:06:15.043 DEBUG 8956 --- [kground-preinit] o.a.tomcat.util.digester.Digester.sax    : characters(

  )
2019-05-11 11:06:15.043 DEBUG 8956 --- [kground-preinit] o.a.tomcat.util.digester.Digester.sax    : endElement(,,mbean)
2019-05-11 11:06:15.043 DEBUG 8956 --- [kground-preinit] o.apache.tomcat.util.digester.Digester   :   match='mbeans-descriptors/mbean'
2019-05-11 11:06:15.043 DEBUG 8956 --- [kground-preinit] o.apache.tomcat.util.digester.Digester   :   bodyText='

    

    

    

    

    

    

    

    

    

    

    

    

    

    

    

    

    

  '
2019-05-11 11:06:15.043 DEBUG 8956 --- [kground-preinit] o.apache.tomcat.util.digester.Digester   :   Fire body() for ObjectCreateRule[className=org.apache.tomcat.util.modeler.ManagedBean, attributeName=null]
2019-05-11 11:06:15.043 DEBUG 8956 --- [kground-preinit] o.apache.tomcat.util.digester.Digester   :   Fire body() for SetPropertiesRule[]
2019-05-11 11:06:15.043 DEBUG 8956 --- [kground-preinit] o.apache.tomcat.util.digester.Digester   :   Fire body() for SetNextRule[methodName=add, paramType=java.lang.Object]
2019-05-11 11:06:15.043 DEBUG 8956 --- [kground-preinit] o.apache.tomcat.util.digester.Digester   :   Fire end() for SetNextRule[methodName=add, paramType=java.lang.Object]
2019-05-11 11:06:15.044 DEBUG 8956 --- [kground-preinit] o.apache.tomcat.util.digester.Digester   : [SetNextRule]{mbeans-descriptors/mbean} Call java.util.ArrayList.add(ManagedBean[name=StandardThreadExecutor, className=org.apache.tomcat.util.modeler.BaseModelMBean, description=Standard implementation of a thread pool, group=Executor, type=org.apache.catalina.core.StandardThreadExecutor])
2019-05-11 11:06:15.044 DEBUG 8956 --- [kground-preinit] o.apache.tomcat.util.IntrospectionUtils  : IntrospectionUtils: callMethod1 java.util.ArrayList org.apache.tomcat.util.modeler.ManagedBean java.lang.Object
2019-05-11 11:06:15.044 DEBUG 8956 --- [kground-preinit] o.apache.tomcat.util.digester.Digester   :   Fire end() for SetPropertiesRule[]
2019-05-11 11:06:15.044 DEBUG 8956 --- [kground-preinit] o.apache.tomcat.util.digester.Digester   :   Fire end() for ObjectCreateRule[className=org.apache.tomcat.util.modeler.ManagedBean, attributeName=null]
2019-05-11 11:06:15.044 DEBUG 8956 --- [kground-preinit] o.apache.tomcat.util.digester.Digester   : [ObjectCreateRule]{mbeans-descriptors/mbean} Pop org.apache.tomcat.util.modeler.ManagedBean
2019-05-11 11:06:15.044 DEBUG 8956 --- [kground-preinit] o.a.tomcat.util.digester.Digester.sax    : characters(

  )
2019-05-11 11:06:15.044 DEBUG 8956 --- [kground-preinit] o.a.tomcat.util.digester.Digester.sax    : startElement(,,mbean)
2019-05-11 11:06:15.044 DEBUG 8956 --- [kground-preinit] o.apache.tomcat.util.digester.Digester   :   New match='mbeans-descriptors/mbean'
2019-05-11 11:06:15.044 DEBUG 8956 --- [kground-preinit] o.apache.tomcat.util.digester.Digester   :   Fire begin() for ObjectCreateRule[className=org.apache.tomcat.util.modeler.ManagedBean, attributeName=null]
2019-05-11 11:06:15.044 DEBUG 8956 --- [kground-preinit] o.apache.tomcat.util.digester.Digester   : [ObjectCreateRule]{mbeans-descriptors/mbean}New org.apache.tomcat.util.modeler.ManagedBean
2019-05-11 11:06:15.045 DEBUG 8956 --- [kground-preinit] o.apache.tomcat.util.digester.Digester   :   Fire begin() for SetPropertiesRule[]
2019-05-11 11:06:15.045 DEBUG 8956 --- [kground-preinit] o.apache.tomcat.util.digester.Digester   : [SetPropertiesRule]{mbeans-descriptors/mbean} Set org.apache.tomcat.util.modeler.ManagedBean properties
2019-05-11 11:06:15.045 DEBUG 8956 --- [kground-preinit] o.apache.tomcat.util.digester.Digester   : [SetPropertiesRule]{mbeans-descriptors/mbean} Setting property 'name' to 'StandardWrapper'
2019-05-11 11:06:15.045 DEBUG 8956 --- [kground-preinit] o.apache.tomcat.util.IntrospectionUtils  : IntrospectionUtils: setProperty(class org.apache.tomcat.util.modeler.ManagedBean name=StandardWrapper)
2019-05-11 11:06:15.045 DEBUG 8956 --- [kground-preinit] o.apache.tomcat.util.digester.Digester   : [SetPropertiesRule]{mbeans-descriptors/mbean} Setting property 'description' to 'Wrapper that represents an individual servlet definition'
2019-05-11 11:06:15.045 DEBUG 8956 --- [kground-preinit] o.apache.tomcat.util.IntrospectionUtils  : IntrospectionUtils: setProperty(class org.apache.tomcat.util.modeler.ManagedBean description=Wrapper that represents an individual servlet definition)
2019-05-11 11:06:15.045 DEBUG 8956 --- [           main] o.s.c.a.ConfigurationClassEnhancer       : Successfully enhanced org.springframework.boot.autoconfigure.web.HttpMessageConvertersAutoConfiguration; enhanced class name is: org.springframework.boot.autoconfigure.web.HttpMessageConvertersAutoConfiguration$$EnhancerBySpringCGLIB$$bc17c39
2019-05-11 11:06:15.045 DEBUG 8956 --- [kground-preinit] o.apache.tomcat.util.digester.Digester   : [SetPropertiesRule]{mbeans-descriptors/mbean} Setting property 'domain' to 'Catalina'
2019-05-11 11:06:15.045 DEBUG 8956 --- [           main] o.s.c.a.ConfigurationClassPostProcessor  : Replacing bean definition 'org.springframework.boot.autoconfigure.web.HttpMessageConvertersAutoConfiguration' existing class 'org.springframework.boot.autoconfigure.web.HttpMessageConvertersAutoConfiguration' with enhanced class 'org.springframework.boot.autoconfigure.web.HttpMessageConvertersAutoConfiguration$$EnhancerBySpringCGLIB$$bc17c39'
2019-05-11 11:06:15.045 DEBUG 8956 --- [kground-preinit] o.apache.tomcat.util.IntrospectionUtils  : IntrospectionUtils: setProperty(class org.apache.tomcat.util.modeler.ManagedBean domain=Catalina)
2019-05-11 11:06:15.045 DEBUG 8956 --- [kground-preinit] o.apache.tomcat.util.digester.Digester   : [SetPropertiesRule]{mbeans-descriptors/mbean} Setting property 'group' to 'Wrapper'
2019-05-11 11:06:15.046 DEBUG 8956 --- [kground-preinit] o.apache.tomcat.util.IntrospectionUtils  : IntrospectionUtils: setProperty(class org.apache.tomcat.util.modeler.ManagedBean group=Wrapper)
2019-05-11 11:06:15.046 DEBUG 8956 --- [kground-preinit] o.apache.tomcat.util.digester.Digester   : [SetPropertiesRule]{mbeans-descriptors/mbean} Setting property 'type' to 'org.apache.catalina.core.StandardWrapper'
2019-05-11 11:06:15.046 DEBUG 8956 --- [kground-preinit] o.apache.tomcat.util.IntrospectionUtils  : IntrospectionUtils: setProperty(class org.apache.tomcat.util.modeler.ManagedBean type=org.apache.catalina.core.StandardWrapper)
2019-05-11 11:06:15.046 DEBUG 8956 --- [kground-preinit] o.apache.tomcat.util.digester.Digester   : [SetPropertiesRule]{mbeans-descriptors/mbean} Setting property 'className' to 'org.apache.catalina.mbeans.ContainerMBean'
2019-05-11 11:06:15.046 DEBUG 8956 --- [kground-preinit] o.apache.tomcat.util.IntrospectionUtils  : IntrospectionUtils: setProperty(class org.apache.tomcat.util.modeler.ManagedBean className=org.apache.catalina.mbeans.ContainerMBean)
2019-05-11 11:06:15.046 DEBUG 8956 --- [kground-preinit] o.apache.tomcat.util.digester.Digester   :   Fire begin() for SetNextRule[methodName=add, paramType=java.lang.Object]
2019-05-11 11:06:15.046 DEBUG 8956 --- [kground-preinit] o.a.tomcat.util.digester.Digester.sax    : characters(

    )
2019-05-11 11:06:15.046 DEBUG 8956 --- [kground-preinit] o.a.tomcat.util.digester.Digester.sax    : startElement(,,attribute)
2019-05-11 11:06:15.046 DEBUG 8956 --- [kground-preinit] o.apache.tomcat.util.digester.Digester   :   New match='mbeans-descriptors/mbean/attribute'
2019-05-11 11:06:15.046 DEBUG 8956 --- [kground-preinit] o.apache.tomcat.util.digester.Digester   :   Fire begin() for ObjectCreateRule[className=org.apache.tomcat.util.modeler.AttributeInfo, attributeName=null]
2019-05-11 11:06:15.046 DEBUG 8956 --- [kground-preinit] o.apache.tomcat.util.digester.Digester   : [ObjectCreateRule]{mbeans-descriptors/mbean/attribute}New org.apache.tomcat.util.modeler.AttributeInfo
2019-05-11 11:06:15.046 DEBUG 8956 --- [kground-preinit] o.apache.tomcat.util.digester.Digester   :   Fire begin() for SetPropertiesRule[]
2019-05-11 11:06:15.047 DEBUG 8956 --- [kground-preinit] o.apache.tomcat.util.digester.Digester   : [SetPropertiesRule]{mbeans-descriptors/mbean/attribute} Set org.apache.tomcat.util.modeler.AttributeInfo properties
2019-05-11 11:06:15.047 DEBUG 8956 --- [kground-preinit] o.apache.tomcat.util.digester.Digester   : [SetPropertiesRule]{mbeans-descriptors/mbean/attribute} Setting property 'name' to 'asyncSupported'
2019-05-11 11:06:15.047 DEBUG 8956 --- [kground-preinit] o.apache.tomcat.util.IntrospectionUtils  : IntrospectionUtils: setProperty(class org.apache.tomcat.util.modeler.AttributeInfo name=asyncSupported)
2019-05-11 11:06:15.047 DEBUG 8956 --- [kground-preinit] o.apache.tomcat.util.digester.Digester   : [SetPropertiesRule]{mbeans-descriptors/mbean/attribute} Setting property 'description' to 'Async support'
2019-05-11 11:06:15.047 DEBUG 8956 --- [kground-preinit] o.apache.tomcat.util.IntrospectionUtils  : IntrospectionUtils: setProperty(class org.apache.tomcat.util.modeler.AttributeInfo description=Async support)
2019-05-11 11:06:15.047 DEBUG 8956 --- [kground-preinit] o.apache.tomcat.util.digester.Digester   : [SetPropertiesRule]{mbeans-descriptors/mbean/attribute} Setting property 'is' to 'true'
2019-05-11 11:06:15.047 DEBUG 8956 --- [kground-preinit] o.apache.tomcat.util.IntrospectionUtils  : IntrospectionUtils: setProperty(class org.apache.tomcat.util.modeler.AttributeInfo is=true)
2019-05-11 11:06:15.047 DEBUG 8956 --- [kground-preinit] o.apache.tomcat.util.digester.Digester   : [SetPropertiesRule]{mbeans-descriptors/mbean/attribute} Setting property 'type' to 'boolean'
2019-05-11 11:06:15.047 DEBUG 8956 --- [kground-preinit] o.apache.tomcat.util.IntrospectionUtils  : IntrospectionUtils: setProperty(class org.apache.tomcat.util.modeler.AttributeInfo type=boolean)
2019-05-11 11:06:15.047 DEBUG 8956 --- [kground-preinit] o.apache.tomcat.util.digester.Digester   :   Fire begin() for SetNextRule[methodName=addAttribute, paramType=org.apache.tomcat.util.modeler.AttributeInfo]
2019-05-11 11:06:15.047 DEBUG 8956 --- [kground-preinit] o.a.tomcat.util.digester.Digester.sax    : endElement(,,attribute)
2019-05-11 11:06:15.047 DEBUG 8956 --- [kground-preinit] o.apache.tomcat.util.digester.Digester   :   match='mbeans-descriptors/mbean/attribute'
2019-05-11 11:06:15.047 DEBUG 8956 --- [kground-preinit] o.apache.tomcat.util.digester.Digester   :   bodyText=''
2019-05-11 11:06:15.048 DEBUG 8956 --- [kground-preinit] o.apache.tomcat.util.digester.Digester   :   Fire body() for ObjectCreateRule[className=org.apache.tomcat.util.modeler.AttributeInfo, attributeName=null]
2019-05-11 11:06:15.048 DEBUG 8956 --- [kground-preinit] o.apache.tomcat.util.digester.Digester   :   Fire body() for SetPropertiesRule[]
2019-05-11 11:06:15.048 DEBUG 8956 --- [kground-preinit] o.apache.tomcat.util.digester.Digester   :   Fire body() for SetNextRule[methodName=addAttribute, paramType=org.apache.tomcat.util.modeler.AttributeInfo]
2019-05-11 11:06:15.048 DEBUG 8956 --- [kground-preinit] o.apache.tomcat.util.digester.Digester   :   Fire end() for SetNextRule[methodName=addAttribute, paramType=org.apache.tomcat.util.modeler.AttributeInfo]
2019-05-11 11:06:15.048 DEBUG 8956 --- [kground-preinit] o.apache.tomcat.util.digester.Digester   : [SetNextRule]{mbeans-descriptors/mbean/attribute} Call org.apache.tomcat.util.modeler.ManagedBean.addAttribute(org.apache.tomcat.util.modeler.AttributeInfo@22da5a91)
2019-05-11 11:06:15.048 DEBUG 8956 --- [kground-preinit] o.apache.tomcat.util.IntrospectionUtils  : IntrospectionUtils: callMethod1 org.apache.tomcat.util.modeler.ManagedBean org.apache.tomcat.util.modeler.AttributeInfo org.apache.tomcat.util.modeler.AttributeInfo
2019-05-11 11:06:15.048 DEBUG 8956 --- [kground-preinit] o.apache.tomcat.util.digester.Digester   :   Fire end() for SetPropertiesRule[]
2019-05-11 11:06:15.048 DEBUG 8956 --- [kground-preinit] o.apache.tomcat.util.digester.Digester   :   Fire end() for ObjectCreateRule[className=org.apache.tomcat.util.modeler.AttributeInfo, attributeName=null]
2019-05-11 11:06:15.048 DEBUG 8956 --- [kground-preinit] o.apache.tomcat.util.digester.Digester   : [ObjectCreateRule]{mbeans-descriptors/mbean/attribute} Pop org.apache.tomcat.util.modeler.AttributeInfo
2019-05-11 11:06:15.048 DEBUG 8956 --- [kground-preinit] o.a.tomcat.util.digester.Digester.sax    : characters(

    )
2019-05-11 11:06:15.048 DEBUG 8956 --- [kground-preinit] o.a.tomcat.util.digester.Digester.sax    : startElement(,,attribute)
2019-05-11 11:06:15.048 DEBUG 8956 --- [kground-preinit] o.apache.tomcat.util.digester.Digester   :   New match='mbeans-descriptors/mbean/attribute'
2019-05-11 11:06:15.048 DEBUG 8956 --- [kground-preinit] o.apache.tomcat.util.digester.Digester   :   Fire begin() for ObjectCreateRule[className=org.apache.tomcat.util.modeler.AttributeInfo, attributeName=null]
2019-05-11 11:06:15.048 DEBUG 8956 --- [kground-preinit] o.apache.tomcat.util.digester.Digester   : [ObjectCreateRule]{mbeans-descriptors/mbean/attribute}New org.apache.tomcat.util.modeler.AttributeInfo
2019-05-11 11:06:15.049 DEBUG 8956 --- [kground-preinit] o.apache.tomcat.util.digester.Digester   :   Fire begin() for SetPropertiesRule[]
2019-05-11 11:06:15.049 DEBUG 8956 --- [kground-preinit] o.apache.tomcat.util.digester.Digester   : [SetPropertiesRule]{mbeans-descriptors/mbean/attribute} Set org.apache.tomcat.util.modeler.AttributeInfo properties
2019-05-11 11:06:15.049 DEBUG 8956 --- [kground-preinit] o.apache.tomcat.util.digester.Digester   : [SetPropertiesRule]{mbeans-descriptors/mbean/attribute} Setting property 'name' to 'available'
2019-05-11 11:06:15.049 DEBUG 8956 --- [kground-preinit] o.apache.tomcat.util.IntrospectionUtils  : IntrospectionUtils: setProperty(class org.apache.tomcat.util.modeler.AttributeInfo name=available)
2019-05-11 11:06:15.049 DEBUG 8956 --- [kground-preinit] o.apache.tomcat.util.digester.Digester   : [SetPropertiesRule]{mbeans-descriptors/mbean/attribute} Setting property 'description' to 'The date and time at which this servlet will become available (in milliseconds since the epoch), or zero if the servlet is available. If this value equals Long.MAX_VALUE, the unavailability of this servlet is considered permanent.'
2019-05-11 11:06:15.049 DEBUG 8956 --- [kground-preinit] o.apache.tomcat.util.IntrospectionUtils  : IntrospectionUtils: setProperty(class org.apache.tomcat.util.modeler.AttributeInfo description=The date and time at which this servlet will become available (in milliseconds since the epoch), or zero if the servlet is available. If this value equals Long.MAX_VALUE, the unavailability of this servlet is considered permanent.)
2019-05-11 11:06:15.049 DEBUG 8956 --- [kground-preinit] o.apache.tomcat.util.digester.Digester   : [SetPropertiesRule]{mbeans-descriptors/mbean/attribute} Setting property 'type' to 'long'
2019-05-11 11:06:15.049 DEBUG 8956 --- [kground-preinit] o.apache.tomcat.util.IntrospectionUtils  : IntrospectionUtils: setProperty(class org.apache.tomcat.util.modeler.AttributeInfo type=long)
2019-05-11 11:06:15.049 DEBUG 8956 --- [kground-preinit] o.apache.tomcat.util.digester.Digester   :   Fire begin() for SetNextRule[methodName=addAttribute, paramType=org.apache.tomcat.util.modeler.AttributeInfo]
2019-05-11 11:06:15.049 DEBUG 8956 --- [kground-preinit] o.a.tomcat.util.digester.Digester.sax    : endElement(,,attribute)
2019-05-11 11:06:15.049 DEBUG 8956 --- [kground-preinit] o.apache.tomcat.util.digester.Digester   :   match='mbeans-descriptors/mbean/attribute'
2019-05-11 11:06:15.049 DEBUG 8956 --- [kground-preinit] o.apache.tomcat.util.digester.Digester   :   bodyText=''
2019-05-11 11:06:15.049 DEBUG 8956 --- [kground-preinit] o.apache.tomcat.util.digester.Digester   :   Fire body() for ObjectCreateRule[className=org.apache.tomcat.util.modeler.AttributeInfo, attributeName=null]
2019-05-11 11:06:15.049 DEBUG 8956 --- [kground-preinit] o.apache.tomcat.util.digester.Digester   :   Fire body() for SetPropertiesRule[]
2019-05-11 11:06:15.050 DEBUG 8956 --- [kground-preinit] o.apache.tomcat.util.digester.Digester   :   Fire body() for SetNextRule[methodName=addAttribute, paramType=org.apache.tomcat.util.modeler.AttributeInfo]
2019-05-11 11:06:15.050 DEBUG 8956 --- [kground-preinit] o.apache.tomcat.util.digester.Digester   :   Fire end() for SetNextRule[methodName=addAttribute, paramType=org.apache.tomcat.util.modeler.AttributeInfo]
2019-05-11 11:06:15.050 DEBUG 8956 --- [kground-preinit] o.apache.tomcat.util.digester.Digester   : [SetNextRule]{mbeans-descriptors/mbean/attribute} Call org.apache.tomcat.util.modeler.ManagedBean.addAttribute(org.apache.tomcat.util.modeler.AttributeInfo@29c37a4c)
2019-05-11 11:06:15.050 DEBUG 8956 --- [kground-preinit] o.apache.tomcat.util.IntrospectionUtils  : IntrospectionUtils: callMethod1 org.apache.tomcat.util.modeler.ManagedBean org.apache.tomcat.util.modeler.AttributeInfo org.apache.tomcat.util.modeler.AttributeInfo
2019-05-11 11:06:15.050 DEBUG 8956 --- [kground-preinit] o.apache.tomcat.util.digester.Digester   :   Fire end() for SetPropertiesRule[]
2019-05-11 11:06:15.050 DEBUG 8956 --- [kground-preinit] o.apache.tomcat.util.digester.Digester   :   Fire end() for ObjectCreateRule[className=org.apache.tomcat.util.modeler.AttributeInfo, attributeName=null]
2019-05-11 11:06:15.050 DEBUG 8956 --- [kground-preinit] o.apache.tomcat.util.digester.Digester   : [ObjectCreateRule]{mbeans-descriptors/mbean/attribute} Pop org.apache.tomcat.util.modeler.AttributeInfo
2019-05-11 11:06:15.050 DEBUG 8956 --- [kground-preinit] o.a.tomcat.util.digester.Digester.sax    : characters(

    )
2019-05-11 11:06:15.050 DEBUG 8956 --- [kground-preinit] o.a.tomcat.util.digester.Digester.sax    : startElement(,,attribute)
2019-05-11 11:06:15.050 DEBUG 8956 --- [kground-preinit] o.apache.tomcat.util.digester.Digester   :   New match='mbeans-descriptors/mbean/attribute'
2019-05-11 11:06:15.050 DEBUG 8956 --- [kground-preinit] o.apache.tomcat.util.digester.Digester   :   Fire begin() for ObjectCreateRule[className=org.apache.tomcat.util.modeler.AttributeInfo, attributeName=null]
2019-05-11 11:06:15.050 DEBUG 8956 --- [kground-preinit] o.apache.tomcat.util.digester.Digester   : [ObjectCreateRule]{mbeans-descriptors/mbean/attribute}New org.apache.tomcat.util.modeler.AttributeInfo
2019-05-11 11:06:15.051 DEBUG 8956 --- [kground-preinit] o.apache.tomcat.util.digester.Digester   :   Fire begin() for SetPropertiesRule[]
2019-05-11 11:06:15.051 DEBUG 8956 --- [kground-preinit] o.apache.tomcat.util.digester.Digester   : [SetPropertiesRule]{mbeans-descriptors/mbean/attribute} Set org.apache.tomcat.util.modeler.AttributeInfo properties
2019-05-11 11:06:15.051 DEBUG 8956 --- [kground-preinit] o.apache.tomcat.util.digester.Digester   : [SetPropertiesRule]{mbeans-descriptors/mbean/attribute} Setting property 'name' to 'backgroundProcessorDelay'
2019-05-11 11:06:15.051 DEBUG 8956 --- [kground-preinit] o.apache.tomcat.util.IntrospectionUtils  : IntrospectionUtils: setProperty(class org.apache.tomcat.util.modeler.AttributeInfo name=backgroundProcessorDelay)
2019-05-11 11:06:15.051 DEBUG 8956 --- [kground-preinit] o.apache.tomcat.util.digester.Digester   : [SetPropertiesRule]{mbeans-descriptors/mbean/attribute} Setting property 'description' to 'The processor delay for this component.'
2019-05-11 11:06:15.051 DEBUG 8956 --- [kground-preinit] o.apache.tomcat.util.IntrospectionUtils  : IntrospectionUtils: setProperty(class org.apache.tomcat.util.modeler.AttributeInfo description=The processor delay for this component.)
2019-05-11 11:06:15.051 DEBUG 8956 --- [kground-preinit] o.apache.tomcat.util.digester.Digester   : [SetPropertiesRule]{mbeans-descriptors/mbean/attribute} Setting property 'type' to 'int'
2019-05-11 11:06:15.051 DEBUG 8956 --- [kground-preinit] o.apache.tomcat.util.IntrospectionUtils  : IntrospectionUtils: setProperty(class org.apache.tomcat.util.modeler.AttributeInfo type=int)
2019-05-11 11:06:15.051 DEBUG 8956 --- [kground-preinit] o.apache.tomcat.util.digester.Digester   :   Fire begin() for SetNextRule[methodName=addAttribute, paramType=org.apache.tomcat.util.modeler.AttributeInfo]
2019-05-11 11:06:15.051 DEBUG 8956 --- [kground-preinit] o.a.tomcat.util.digester.Digester.sax    : endElement(,,attribute)
2019-05-11 11:06:15.051 DEBUG 8956 --- [kground-preinit] o.apache.tomcat.util.digester.Digester   :   match='mbeans-descriptors/mbean/attribute'
2019-05-11 11:06:15.051 DEBUG 8956 --- [kground-preinit] o.apache.tomcat.util.digester.Digester   :   bodyText=''
2019-05-11 11:06:15.051 DEBUG 8956 --- [kground-preinit] o.apache.tomcat.util.digester.Digester   :   Fire body() for ObjectCreateRule[className=org.apache.tomcat.util.modeler.AttributeInfo, attributeName=null]
2019-05-11 11:06:15.051 DEBUG 8956 --- [kground-preinit] o.apache.tomcat.util.digester.Digester   :   Fire body() for SetPropertiesRule[]
2019-05-11 11:06:15.052 DEBUG 8956 --- [kground-preinit] o.apache.tomcat.util.digester.Digester   :   Fire body() for SetNextRule[methodName=addAttribute, paramType=org.apache.tomcat.util.modeler.AttributeInfo]
2019-05-11 11:06:15.052 DEBUG 8956 --- [kground-preinit] o.apache.tomcat.util.digester.Digester   :   Fire end() for SetNextRule[methodName=addAttribute, paramType=org.apache.tomcat.util.modeler.AttributeInfo]
2019-05-11 11:06:15.052 DEBUG 8956 --- [kground-preinit] o.apache.tomcat.util.digester.Digester   : [SetNextRule]{mbeans-descriptors/mbean/attribute} Call org.apache.tomcat.util.modeler.ManagedBean.addAttribute(org.apache.tomcat.util.modeler.AttributeInfo@6565f64d)
2019-05-11 11:06:15.052 DEBUG 8956 --- [kground-preinit] o.apache.tomcat.util.IntrospectionUtils  : IntrospectionUtils: callMethod1 org.apache.tomcat.util.modeler.ManagedBean org.apache.tomcat.util.modeler.AttributeInfo org.apache.tomcat.util.modeler.AttributeInfo
2019-05-11 11:06:15.052 DEBUG 8956 --- [kground-preinit] o.apache.tomcat.util.digester.Digester   :   Fire end() for SetPropertiesRule[]
2019-05-11 11:06:15.052 DEBUG 8956 --- [kground-preinit] o.apache.tomcat.util.digester.Digester   :   Fire end() for ObjectCreateRule[className=org.apache.tomcat.util.modeler.AttributeInfo, attributeName=null]
2019-05-11 11:06:15.052 DEBUG 8956 --- [kground-preinit] o.apache.tomcat.util.digester.Digester   : [ObjectCreateRule]{mbeans-descriptors/mbean/attribute} Pop org.apache.tomcat.util.modeler.AttributeInfo
2019-05-11 11:06:15.052 DEBUG 8956 --- [kground-preinit] o.a.tomcat.util.digester.Digester.sax    : characters(

    )
2019-05-11 11:06:15.052 DEBUG 8956 --- [kground-preinit] o.a.tomcat.util.digester.Digester.sax    : startElement(,,attribute)
2019-05-11 11:06:15.052 DEBUG 8956 --- [kground-preinit] o.apache.tomcat.util.digester.Digester   :   New match='mbeans-descriptors/mbean/attribute'
2019-05-11 11:06:15.053 DEBUG 8956 --- [kground-preinit] o.apache.tomcat.util.digester.Digester   :   Fire begin() for ObjectCreateRule[className=org.apache.tomcat.util.modeler.AttributeInfo, attributeName=null]
2019-05-11 11:06:15.053 DEBUG 8956 --- [kground-preinit] o.apache.tomcat.util.digester.Digester   : [ObjectCreateRule]{mbeans-descriptors/mbean/attribute}New org.apache.tomcat.util.modeler.AttributeInfo
2019-05-11 11:06:15.053 DEBUG 8956 --- [kground-preinit] o.apache.tomcat.util.digester.Digester   :   Fire begin() for SetPropertiesRule[]
2019-05-11 11:06:15.053 DEBUG 8956 --- [kground-preinit] o.apache.tomcat.util.digester.Digester   : [SetPropertiesRule]{mbeans-descriptors/mbean/attribute} Set org.apache.tomcat.util.modeler.AttributeInfo properties
2019-05-11 11:06:15.053 DEBUG 8956 --- [kground-preinit] o.apache.tomcat.util.digester.Digester   : [SetPropertiesRule]{mbeans-descriptors/mbean/attribute} Setting property 'name' to 'classLoadTime'
2019-05-11 11:06:15.053 DEBUG 8956 --- [kground-preinit] o.apache.tomcat.util.IntrospectionUtils  : IntrospectionUtils: setProperty(class org.apache.tomcat.util.modeler.AttributeInfo name=classLoadTime)
2019-05-11 11:06:15.053 DEBUG 8956 --- [kground-preinit] o.apache.tomcat.util.digester.Digester   : [SetPropertiesRule]{mbeans-descriptors/mbean/attribute} Setting property 'description' to 'Time taken to load the Servlet class'
2019-05-11 11:06:15.053 DEBUG 8956 --- [kground-preinit] o.apache.tomcat.util.IntrospectionUtils  : IntrospectionUtils: setProperty(class org.apache.tomcat.util.modeler.AttributeInfo description=Time taken to load the Servlet class)
2019-05-11 11:06:15.054 DEBUG 8956 --- [kground-preinit] o.apache.tomcat.util.digester.Digester   : [SetPropertiesRule]{mbeans-descriptors/mbean/attribute} Setting property 'type' to 'int'
2019-05-11 11:06:15.054 DEBUG 8956 --- [kground-preinit] o.apache.tomcat.util.IntrospectionUtils  : IntrospectionUtils: setProperty(class org.apache.tomcat.util.modeler.AttributeInfo type=int)
2019-05-11 11:06:15.054 DEBUG 8956 --- [kground-preinit] o.apache.tomcat.util.digester.Digester   : [SetPropertiesRule]{mbeans-descriptors/mbean/attribute} Setting property 'writeable' to 'false'
2019-05-11 11:06:15.054 DEBUG 8956 --- [kground-preinit] o.apache.tomcat.util.IntrospectionUtils  : IntrospectionUtils: setProperty(class org.apache.tomcat.util.modeler.AttributeInfo writeable=false)
2019-05-11 11:06:15.054 DEBUG 8956 --- [kground-preinit] o.apache.tomcat.util.digester.Digester   :   Fire begin() for SetNextRule[methodName=addAttribute, paramType=org.apache.tomcat.util.modeler.AttributeInfo]
2019-05-11 11:06:15.054 DEBUG 8956 --- [kground-preinit] o.a.tomcat.util.digester.Digester.sax    : endElement(,,attribute)
2019-05-11 11:06:15.054 DEBUG 8956 --- [kground-preinit] o.apache.tomcat.util.digester.Digester   :   match='mbeans-descriptors/mbean/attribute'
2019-05-11 11:06:15.054 DEBUG 8956 --- [kground-preinit] o.apache.tomcat.util.digester.Digester   :   bodyText=''
2019-05-11 11:06:15.054 DEBUG 8956 --- [kground-preinit] o.apache.tomcat.util.digester.Digester   :   Fire body() for ObjectCreateRule[className=org.apache.tomcat.util.modeler.AttributeInfo, attributeName=null]
2019-05-11 11:06:15.054 DEBUG 8956 --- [kground-preinit] o.apache.tomcat.util.digester.Digester   :   Fire body() for SetPropertiesRule[]
2019-05-11 11:06:15.055 DEBUG 8956 --- [kground-preinit] o.apache.tomcat.util.digester.Digester   :   Fire body() for SetNextRule[methodName=addAttribute, paramType=org.apache.tomcat.util.modeler.AttributeInfo]
2019-05-11 11:06:15.055 DEBUG 8956 --- [kground-preinit] o.apache.tomcat.util.digester.Digester   :   Fire end() for SetNextRule[methodName=addAttribute, paramType=org.apache.tomcat.util.modeler.AttributeInfo]
2019-05-11 11:06:15.055 DEBUG 8956 --- [kground-preinit] o.apache.tomcat.util.digester.Digester   : [SetNextRule]{mbeans-descriptors/mbean/attribute} Call org.apache.tomcat.util.modeler.ManagedBean.addAttribute(org.apache.tomcat.util.modeler.AttributeInfo@1434fad5)
2019-05-11 11:06:15.055 DEBUG 8956 --- [kground-preinit] o.apache.tomcat.util.IntrospectionUtils  : IntrospectionUtils: callMethod1 org.apache.tomcat.util.modeler.ManagedBean org.apache.tomcat.util.modeler.AttributeInfo org.apache.tomcat.util.modeler.AttributeInfo
2019-05-11 11:06:15.055 DEBUG 8956 --- [kground-preinit] o.apache.tomcat.util.digester.Digester   :   Fire end() for SetPropertiesRule[]
2019-05-11 11:06:15.055 DEBUG 8956 --- [kground-preinit] o.apache.tomcat.util.digester.Digester   :   Fire end() for ObjectCreateRule[className=org.apache.tomcat.util.modeler.AttributeInfo, attributeName=null]
2019-05-11 11:06:15.055 DEBUG 8956 --- [kground-preinit] o.apache.tomcat.util.digester.Digester   : [ObjectCreateRule]{mbeans-descriptors/mbean/attribute} Pop org.apache.tomcat.util.modeler.AttributeInfo
2019-05-11 11:06:15.055 DEBUG 8956 --- [kground-preinit] o.a.tomcat.util.digester.Digester.sax    : characters(

    )
2019-05-11 11:06:15.055 DEBUG 8956 --- [kground-preinit] o.a.tomcat.util.digester.Digester.sax    : startElement(,,attribute)
2019-05-11 11:06:15.055 DEBUG 8956 --- [kground-preinit] o.apache.tomcat.util.digester.Digester   :   New match='mbeans-descriptors/mbean/attribute'
2019-05-11 11:06:15.055 DEBUG 8956 --- [kground-preinit] o.apache.tomcat.util.digester.Digester   :   Fire begin() for ObjectCreateRule[className=org.apache.tomcat.util.modeler.AttributeInfo, attributeName=null]
2019-05-11 11:06:15.056 DEBUG 8956 --- [kground-preinit] o.apache.tomcat.util.digester.Digester   : [ObjectCreateRule]{mbeans-descriptors/mbean/attribute}New org.apache.tomcat.util.modeler.AttributeInfo
2019-05-11 11:06:15.056 DEBUG 8956 --- [kground-preinit] o.apache.tomcat.util.digester.Digester   :   Fire begin() for SetPropertiesRule[]
2019-05-11 11:06:15.056 DEBUG 8956 --- [kground-preinit] o.apache.tomcat.util.digester.Digester   : [SetPropertiesRule]{mbeans-descriptors/mbean/attribute} Set org.apache.tomcat.util.modeler.AttributeInfo properties
2019-05-11 11:06:15.056 DEBUG 8956 --- [kground-preinit] o.apache.tomcat.util.digester.Digester   : [SetPropertiesRule]{mbeans-descriptors/mbean/attribute} Setting property 'name' to 'countAllocated'
2019-05-11 11:06:15.056 DEBUG 8956 --- [kground-preinit] o.apache.tomcat.util.IntrospectionUtils  : IntrospectionUtils: setProperty(class org.apache.tomcat.util.modeler.AttributeInfo name=countAllocated)
2019-05-11 11:06:15.056 DEBUG 8956 --- [kground-preinit] o.apache.tomcat.util.digester.Digester   : [SetPropertiesRule]{mbeans-descriptors/mbean/attribute} Setting property 'description' to 'The count of allocations that are currently active (even if they  are for the same instance, as will be true on a non-STM servlet).'
2019-05-11 11:06:15.056 DEBUG 8956 --- [kground-preinit] o.apache.tomcat.util.IntrospectionUtils  : IntrospectionUtils: setProperty(class org.apache.tomcat.util.modeler.AttributeInfo description=The count of allocations that are currently active (even if they  are for the same instance, as will be true on a non-STM servlet).)
2019-05-11 11:06:15.056 DEBUG 8956 --- [kground-preinit] o.apache.tomcat.util.digester.Digester   : [SetPropertiesRule]{mbeans-descriptors/mbean/attribute} Setting property 'type' to 'int'
2019-05-11 11:06:15.056 DEBUG 8956 --- [kground-preinit] o.apache.tomcat.util.IntrospectionUtils  : IntrospectionUtils: setProperty(class org.apache.tomcat.util.modeler.AttributeInfo type=int)
2019-05-11 11:06:15.056 DEBUG 8956 --- [kground-preinit] o.apache.tomcat.util.digester.Digester   : [SetPropertiesRule]{mbeans-descriptors/mbean/attribute} Setting property 'writeable' to 'false'
2019-05-11 11:06:15.056 DEBUG 8956 --- [kground-preinit] o.apache.tomcat.util.IntrospectionUtils  : IntrospectionUtils: setProperty(class org.apache.tomcat.util.modeler.AttributeInfo writeable=false)
2019-05-11 11:06:15.057 DEBUG 8956 --- [kground-preinit] o.apache.tomcat.util.digester.Digester   :   Fire begin() for SetNextRule[methodName=addAttribute, paramType=org.apache.tomcat.util.modeler.AttributeInfo]
2019-05-11 11:06:15.057 DEBUG 8956 --- [kground-preinit] o.a.tomcat.util.digester.Digester.sax    : endElement(,,attribute)
2019-05-11 11:06:15.057 DEBUG 8956 --- [kground-preinit] o.apache.tomcat.util.digester.Digester   :   match='mbeans-descriptors/mbean/attribute'
2019-05-11 11:06:15.057 DEBUG 8956 --- [kground-preinit] o.apache.tomcat.util.digester.Digester   :   bodyText=''
2019-05-11 11:06:15.057 DEBUG 8956 --- [kground-preinit] o.apache.tomcat.util.digester.Digester   :   Fire body() for ObjectCreateRule[className=org.apache.tomcat.util.modeler.AttributeInfo, attributeName=null]
2019-05-11 11:06:15.057 DEBUG 8956 --- [kground-preinit] o.apache.tomcat.util.digester.Digester   :   Fire body() for SetPropertiesRule[]
2019-05-11 11:06:15.057 DEBUG 8956 --- [           main] o.s.c.a.ConfigurationClassEnhancer       : Successfully enhanced org.springframework.boot.autoconfigure.info.ProjectInfoAutoConfiguration; enhanced class name is: org.springframework.boot.autoconfigure.info.ProjectInfoAutoConfiguration$$EnhancerBySpringCGLIB$$b7036af2
2019-05-11 11:06:15.057 DEBUG 8956 --- [kground-preinit] o.apache.tomcat.util.digester.Digester   :   Fire body() for SetNextRule[methodName=addAttribute, paramType=org.apache.tomcat.util.modeler.AttributeInfo]
2019-05-11 11:06:15.057 DEBUG 8956 --- [           main] o.s.c.a.ConfigurationClassPostProcessor  : Replacing bean definition 'org.springframework.boot.autoconfigure.info.ProjectInfoAutoConfiguration' existing class 'org.springframework.boot.autoconfigure.info.ProjectInfoAutoConfiguration' with enhanced class 'org.springframework.boot.autoconfigure.info.ProjectInfoAutoConfiguration$$EnhancerBySpringCGLIB$$b7036af2'
2019-05-11 11:06:15.057 DEBUG 8956 --- [kground-preinit] o.apache.tomcat.util.digester.Digester   :   Fire end() for SetNextRule[methodName=addAttribute, paramType=org.apache.tomcat.util.modeler.AttributeInfo]
2019-05-11 11:06:15.057 DEBUG 8956 --- [kground-preinit] o.apache.tomcat.util.digester.Digester   : [SetNextRule]{mbeans-descriptors/mbean/attribute} Call org.apache.tomcat.util.modeler.ManagedBean.addAttribute(org.apache.tomcat.util.modeler.AttributeInfo@644a3410)
2019-05-11 11:06:15.057 DEBUG 8956 --- [kground-preinit] o.apache.tomcat.util.IntrospectionUtils  : IntrospectionUtils: callMethod1 org.apache.tomcat.util.modeler.ManagedBean org.apache.tomcat.util.modeler.AttributeInfo org.apache.tomcat.util.modeler.AttributeInfo
2019-05-11 11:06:15.057 DEBUG 8956 --- [kground-preinit] o.apache.tomcat.util.digester.Digester   :   Fire end() for SetPropertiesRule[]
2019-05-11 11:06:15.057 DEBUG 8956 --- [kground-preinit] o.apache.tomcat.util.digester.Digester   :   Fire end() for ObjectCreateRule[className=org.apache.tomcat.util.modeler.AttributeInfo, attributeName=null]
2019-05-11 11:06:15.057 DEBUG 8956 --- [kground-preinit] o.apache.tomcat.util.digester.Digester   : [ObjectCreateRule]{mbeans-descriptors/mbean/attribute} Pop org.apache.tomcat.util.modeler.AttributeInfo
2019-05-11 11:06:15.058 DEBUG 8956 --- [kground-preinit] o.a.tomcat.util.digester.Digester.sax    : characters(

    )
2019-05-11 11:06:15.058 DEBUG 8956 --- [kground-preinit] o.a.tomcat.util.digester.Digester.sax    : startElement(,,attribute)
2019-05-11 11:06:15.058 DEBUG 8956 --- [kground-preinit] o.apache.tomcat.util.digester.Digester   :   New match='mbeans-descriptors/mbean/attribute'
2019-05-11 11:06:15.058 DEBUG 8956 --- [kground-preinit] o.apache.tomcat.util.digester.Digester   :   Fire begin() for ObjectCreateRule[className=org.apache.tomcat.util.modeler.AttributeInfo, attributeName=null]
2019-05-11 11:06:15.058 DEBUG 8956 --- [kground-preinit] o.apache.tomcat.util.digester.Digester   : [ObjectCreateRule]{mbeans-descriptors/mbean/attribute}New org.apache.tomcat.util.modeler.AttributeInfo
2019-05-11 11:06:15.058 DEBUG 8956 --- [kground-preinit] o.apache.tomcat.util.digester.Digester   :   Fire begin() for SetPropertiesRule[]
2019-05-11 11:06:15.058 DEBUG 8956 --- [kground-preinit] o.apache.tomcat.util.digester.Digester   : [SetPropertiesRule]{mbeans-descriptors/mbean/attribute} Set org.apache.tomcat.util.modeler.AttributeInfo properties
2019-05-11 11:06:15.058 DEBUG 8956 --- [kground-preinit] o.apache.tomcat.util.digester.Digester   : [SetPropertiesRule]{mbeans-descriptors/mbean/attribute} Setting property 'name' to 'errorCount'
2019-05-11 11:06:15.058 DEBUG 8956 --- [kground-preinit] o.apache.tomcat.util.IntrospectionUtils  : IntrospectionUtils: setProperty(class org.apache.tomcat.util.modeler.AttributeInfo name=errorCount)
2019-05-11 11:06:15.058 DEBUG 8956 --- [kground-preinit] o.apache.tomcat.util.digester.Digester   : [SetPropertiesRule]{mbeans-descriptors/mbean/attribute} Setting property 'description' to 'Error count'
2019-05-11 11:06:15.059 DEBUG 8956 --- [kground-preinit] o.apache.tomcat.util.IntrospectionUtils  : IntrospectionUtils: setProperty(class org.apache.tomcat.util.modeler.AttributeInfo description=Error count)
2019-05-11 11:06:15.059 DEBUG 8956 --- [kground-preinit] o.apache.tomcat.util.digester.Digester   : [SetPropertiesRule]{mbeans-descriptors/mbean/attribute} Setting property 'type' to 'int'
2019-05-11 11:06:15.059 DEBUG 8956 --- [kground-preinit] o.apache.tomcat.util.IntrospectionUtils  : IntrospectionUtils: setProperty(class org.apache.tomcat.util.modeler.AttributeInfo type=int)
2019-05-11 11:06:15.059 DEBUG 8956 --- [kground-preinit] o.apache.tomcat.util.digester.Digester   : [SetPropertiesRule]{mbeans-descriptors/mbean/attribute} Setting property 'writeable' to 'false'
2019-05-11 11:06:15.059 DEBUG 8956 --- [kground-preinit] o.apache.tomcat.util.IntrospectionUtils  : IntrospectionUtils: setProperty(class org.apache.tomcat.util.modeler.AttributeInfo writeable=false)
2019-05-11 11:06:15.059 DEBUG 8956 --- [kground-preinit] o.apache.tomcat.util.digester.Digester   :   Fire begin() for SetNextRule[methodName=addAttribute, paramType=org.apache.tomcat.util.modeler.AttributeInfo]
2019-05-11 11:06:15.059 DEBUG 8956 --- [kground-preinit] o.a.tomcat.util.digester.Digester.sax    : endElement(,,attribute)
2019-05-11 11:06:15.059 DEBUG 8956 --- [kground-preinit] o.apache.tomcat.util.digester.Digester   :   match='mbeans-descriptors/mbean/attribute'
2019-05-11 11:06:15.059 DEBUG 8956 --- [kground-preinit] o.apache.tomcat.util.digester.Digester   :   bodyText=''
2019-05-11 11:06:15.060 DEBUG 8956 --- [kground-preinit] o.apache.tomcat.util.digester.Digester   :   Fire body() for ObjectCreateRule[className=org.apache.tomcat.util.modeler.AttributeInfo, attributeName=null]
2019-05-11 11:06:15.060 DEBUG 8956 --- [kground-preinit] o.apache.tomcat.util.digester.Digester   :   Fire body() for SetPropertiesRule[]
2019-05-11 11:06:15.060 DEBUG 8956 --- [kground-preinit] o.apache.tomcat.util.digester.Digester   :   Fire body() for SetNextRule[methodName=addAttribute, paramType=org.apache.tomcat.util.modeler.AttributeInfo]
2019-05-11 11:06:15.060 DEBUG 8956 --- [kground-preinit] o.apache.tomcat.util.digester.Digester   :   Fire end() for SetNextRule[methodName=addAttribute, paramType=org.apache.tomcat.util.modeler.AttributeInfo]
2019-05-11 11:06:15.060 DEBUG 8956 --- [kground-preinit] o.apache.tomcat.util.digester.Digester   : [SetNextRule]{mbeans-descriptors/mbean/attribute} Call org.apache.tomcat.util.modeler.ManagedBean.addAttribute(org.apache.tomcat.util.modeler.AttributeInfo@566923cf)
2019-05-11 11:06:15.060 DEBUG 8956 --- [kground-preinit] o.apache.tomcat.util.IntrospectionUtils  : IntrospectionUtils: callMethod1 org.apache.tomcat.util.modeler.ManagedBean org.apache.tomcat.util.modeler.AttributeInfo org.apache.tomcat.util.modeler.AttributeInfo
2019-05-11 11:06:15.060 DEBUG 8956 --- [kground-preinit] o.apache.tomcat.util.digester.Digester   :   Fire end() for SetPropertiesRule[]
2019-05-11 11:06:15.060 DEBUG 8956 --- [kground-preinit] o.apache.tomcat.util.digester.Digester   :   Fire end() for ObjectCreateRule[className=org.apache.tomcat.util.modeler.AttributeInfo, attributeName=null]
2019-05-11 11:06:15.060 DEBUG 8956 --- [kground-preinit] o.apache.tomcat.util.digester.Digester   : [ObjectCreateRule]{mbeans-descriptors/mbean/attribute} Pop org.apache.tomcat.util.modeler.AttributeInfo
2019-05-11 11:06:15.060 DEBUG 8956 --- [kground-preinit] o.a.tomcat.util.digester.Digester.sax    : characters(

    )
2019-05-11 11:06:15.060 DEBUG 8956 --- [kground-preinit] o.a.tomcat.util.digester.Digester.sax    : startElement(,,attribute)
2019-05-11 11:06:15.060 DEBUG 8956 --- [kground-preinit] o.apache.tomcat.util.digester.Digester   :   New match='mbeans-descriptors/mbean/attribute'
2019-05-11 11:06:15.061 DEBUG 8956 --- [kground-preinit] o.apache.tomcat.util.digester.Digester   :   Fire begin() for ObjectCreateRule[className=org.apache.tomcat.util.modeler.AttributeInfo, attributeName=null]
2019-05-11 11:06:15.061 DEBUG 8956 --- [kground-preinit] o.apache.tomcat.util.digester.Digester   : [ObjectCreateRule]{mbeans-descriptors/mbean/attribute}New org.apache.tomcat.util.modeler.AttributeInfo
2019-05-11 11:06:15.061 DEBUG 8956 --- [kground-preinit] o.apache.tomcat.util.digester.Digester   :   Fire begin() for SetPropertiesRule[]
2019-05-11 11:06:15.061 DEBUG 8956 --- [kground-preinit] o.apache.tomcat.util.digester.Digester   : [SetPropertiesRule]{mbeans-descriptors/mbean/attribute} Set org.apache.tomcat.util.modeler.AttributeInfo properties
2019-05-11 11:06:15.061 DEBUG 8956 --- [kground-preinit] o.apache.tomcat.util.digester.Digester   : [SetPropertiesRule]{mbeans-descriptors/mbean/attribute} Setting property 'name' to 'loadOnStartup'
2019-05-11 11:06:15.061 DEBUG 8956 --- [kground-preinit] o.apache.tomcat.util.IntrospectionUtils  : IntrospectionUtils: setProperty(class org.apache.tomcat.util.modeler.AttributeInfo name=loadOnStartup)
2019-05-11 11:06:15.061 DEBUG 8956 --- [kground-preinit] o.apache.tomcat.util.digester.Digester   : [SetPropertiesRule]{mbeans-descriptors/mbean/attribute} Setting property 'description' to 'The load-on-startup order value (negative value means load on first call) for this servlet.'
2019-05-11 11:06:15.061 DEBUG 8956 --- [kground-preinit] o.apache.tomcat.util.IntrospectionUtils  : IntrospectionUtils: setProperty(class org.apache.tomcat.util.modeler.AttributeInfo description=The load-on-startup order value (negative value means load on first call) for this servlet.)
2019-05-11 11:06:15.061 DEBUG 8956 --- [kground-preinit] o.apache.tomcat.util.digester.Digester   : [SetPropertiesRule]{mbeans-descriptors/mbean/attribute} Setting property 'type' to 'int'
2019-05-11 11:06:15.061 DEBUG 8956 --- [kground-preinit] o.apache.tomcat.util.IntrospectionUtils  : IntrospectionUtils: setProperty(class org.apache.tomcat.util.modeler.AttributeInfo type=int)
2019-05-11 11:06:15.062 DEBUG 8956 --- [kground-preinit] o.apache.tomcat.util.digester.Digester   :   Fire begin() for SetNextRule[methodName=addAttribute, paramType=org.apache.tomcat.util.modeler.AttributeInfo]
2019-05-11 11:06:15.062 DEBUG 8956 --- [kground-preinit] o.a.tomcat.util.digester.Digester.sax    : endElement(,,attribute)
2019-05-11 11:06:15.062 DEBUG 8956 --- [kground-preinit] o.apache.tomcat.util.digester.Digester   :   match='mbeans-descriptors/mbean/attribute'
2019-05-11 11:06:15.062 DEBUG 8956 --- [kground-preinit] o.apache.tomcat.util.digester.Digester   :   bodyText=''
2019-05-11 11:06:15.062 DEBUG 8956 --- [kground-preinit] o.apache.tomcat.util.digester.Digester   :   Fire body() for ObjectCreateRule[className=org.apache.tomcat.util.modeler.AttributeInfo, attributeName=null]
2019-05-11 11:06:15.062 DEBUG 8956 --- [kground-preinit] o.apache.tomcat.util.digester.Digester   :   Fire body() for SetPropertiesRule[]
2019-05-11 11:06:15.062 DEBUG 8956 --- [kground-preinit] o.apache.tomcat.util.digester.Digester   :   Fire body() for SetNextRule[methodName=addAttribute, paramType=org.apache.tomcat.util.modeler.AttributeInfo]
2019-05-11 11:06:15.062 DEBUG 8956 --- [kground-preinit] o.apache.tomcat.util.digester.Digester   :   Fire end() for SetNextRule[methodName=addAttribute, paramType=org.apache.tomcat.util.modeler.AttributeInfo]
2019-05-11 11:06:15.062 DEBUG 8956 --- [kground-preinit] o.apache.tomcat.util.digester.Digester   : [SetNextRule]{mbeans-descriptors/mbean/attribute} Call org.apache.tomcat.util.modeler.ManagedBean.addAttribute(org.apache.tomcat.util.modeler.AttributeInfo@1cf470d1)
2019-05-11 11:06:15.062 DEBUG 8956 --- [kground-preinit] o.apache.tomcat.util.IntrospectionUtils  : IntrospectionUtils: callMethod1 org.apache.tomcat.util.modeler.ManagedBean org.apache.tomcat.util.modeler.AttributeInfo org.apache.tomcat.util.modeler.AttributeInfo
2019-05-11 11:06:15.062 DEBUG 8956 --- [kground-preinit] o.apache.tomcat.util.digester.Digester   :   Fire end() for SetPropertiesRule[]
2019-05-11 11:06:15.062 DEBUG 8956 --- [kground-preinit] o.apache.tomcat.util.digester.Digester   :   Fire end() for ObjectCreateRule[className=org.apache.tomcat.util.modeler.AttributeInfo, attributeName=null]
2019-05-11 11:06:15.062 DEBUG 8956 --- [kground-preinit] o.apache.tomcat.util.digester.Digester   : [ObjectCreateRule]{mbeans-descriptors/mbean/attribute} Pop org.apache.tomcat.util.modeler.AttributeInfo
2019-05-11 11:06:15.063 DEBUG 8956 --- [kground-preinit] o.a.tomcat.util.digester.Digester.sax    : characters(

    )
2019-05-11 11:06:15.063 DEBUG 8956 --- [kground-preinit] o.a.tomcat.util.digester.Digester.sax    : startElement(,,attribute)
2019-05-11 11:06:15.063 DEBUG 8956 --- [kground-preinit] o.apache.tomcat.util.digester.Digester   :   New match='mbeans-descriptors/mbean/attribute'
2019-05-11 11:06:15.063 DEBUG 8956 --- [kground-preinit] o.apache.tomcat.util.digester.Digester   :   Fire begin() for ObjectCreateRule[className=org.apache.tomcat.util.modeler.AttributeInfo, attributeName=null]
2019-05-11 11:06:15.063 DEBUG 8956 --- [kground-preinit] o.apache.tomcat.util.digester.Digester   : [ObjectCreateRule]{mbeans-descriptors/mbean/attribute}New org.apache.tomcat.util.modeler.AttributeInfo
2019-05-11 11:06:15.063 DEBUG 8956 --- [kground-preinit] o.apache.tomcat.util.digester.Digester   :   Fire begin() for SetPropertiesRule[]
2019-05-11 11:06:15.063 DEBUG 8956 --- [kground-preinit] o.apache.tomcat.util.digester.Digester   : [SetPropertiesRule]{mbeans-descriptors/mbean/attribute} Set org.apache.tomcat.util.modeler.AttributeInfo properties
2019-05-11 11:06:15.063 DEBUG 8956 --- [kground-preinit] o.apache.tomcat.util.digester.Digester   : [SetPropertiesRule]{mbeans-descriptors/mbean/attribute} Setting property 'name' to 'loadTime'
2019-05-11 11:06:15.063 DEBUG 8956 --- [kground-preinit] o.apache.tomcat.util.IntrospectionUtils  : IntrospectionUtils: setProperty(class org.apache.tomcat.util.modeler.AttributeInfo name=loadTime)
2019-05-11 11:06:15.063 DEBUG 8956 --- [kground-preinit] o.apache.tomcat.util.digester.Digester   : [SetPropertiesRule]{mbeans-descriptors/mbean/attribute} Setting property 'description' to 'Time taken to load and initialise the Servlet'
2019-05-11 11:06:15.063 DEBUG 8956 --- [kground-preinit] o.apache.tomcat.util.IntrospectionUtils  : IntrospectionUtils: setProperty(class org.apache.tomcat.util.modeler.AttributeInfo description=Time taken to load and initialise the Servlet)
2019-05-11 11:06:15.063 DEBUG 8956 --- [kground-preinit] o.apache.tomcat.util.digester.Digester   : [SetPropertiesRule]{mbeans-descriptors/mbean/attribute} Setting property 'type' to 'long'
2019-05-11 11:06:15.063 DEBUG 8956 --- [kground-preinit] o.apache.tomcat.util.IntrospectionUtils  : IntrospectionUtils: setProperty(class org.apache.tomcat.util.modeler.AttributeInfo type=long)
2019-05-11 11:06:15.064 DEBUG 8956 --- [kground-preinit] o.apache.tomcat.util.digester.Digester   : [SetPropertiesRule]{mbeans-descriptors/mbean/attribute} Setting property 'writeable' to 'false'
2019-05-11 11:06:15.064 DEBUG 8956 --- [kground-preinit] o.apache.tomcat.util.IntrospectionUtils  : IntrospectionUtils: setProperty(class org.apache.tomcat.util.modeler.AttributeInfo writeable=false)
2019-05-11 11:06:15.064 DEBUG 8956 --- [           main] o.s.c.a.ConfigurationClassEnhancer       : Successfully enhanced org.springframework.boot.autoconfigure.jdbc.DataSourceTransactionManagerAutoConfiguration$DataSourceTransactionManagerConfiguration; enhanced class name is: org.springframework.boot.autoconfigure.jdbc.DataSourceTransactionManagerAutoConfiguration$DataSourceTransactionManagerConfiguration$$EnhancerBySpringCGLIB$$2809f648
2019-05-11 11:06:15.064 DEBUG 8956 --- [kground-preinit] o.apache.tomcat.util.digester.Digester   :   Fire begin() for SetNextRule[methodName=addAttribute, paramType=org.apache.tomcat.util.modeler.AttributeInfo]
2019-05-11 11:06:15.064 DEBUG 8956 --- [           main] o.s.c.a.ConfigurationClassPostProcessor  : Replacing bean definition 'org.springframework.boot.autoconfigure.jdbc.DataSourceTransactionManagerAutoConfiguration$DataSourceTransactionManagerConfiguration' existing class 'org.springframework.boot.autoconfigure.jdbc.DataSourceTransactionManagerAutoConfiguration$DataSourceTransactionManagerConfiguration' with enhanced class 'org.springframework.boot.autoconfigure.jdbc.DataSourceTransactionManagerAutoConfiguration$DataSourceTransactionManagerConfiguration$$EnhancerBySpringCGLIB$$2809f648'
2019-05-11 11:06:15.064 DEBUG 8956 --- [kground-preinit] o.a.tomcat.util.digester.Digester.sax    : endElement(,,attribute)
2019-05-11 11:06:15.064 DEBUG 8956 --- [kground-preinit] o.apache.tomcat.util.digester.Digester   :   match='mbeans-descriptors/mbean/attribute'
2019-05-11 11:06:15.064 DEBUG 8956 --- [kground-preinit] o.apache.tomcat.util.digester.Digester   :   bodyText=''
2019-05-11 11:06:15.064 DEBUG 8956 --- [kground-preinit] o.apache.tomcat.util.digester.Digester   :   Fire body() for ObjectCreateRule[className=org.apache.tomcat.util.modeler.AttributeInfo, attributeName=null]
2019-05-11 11:06:15.065 DEBUG 8956 --- [kground-preinit] o.apache.tomcat.util.digester.Digester   :   Fire body() for SetPropertiesRule[]
2019-05-11 11:06:15.065 DEBUG 8956 --- [kground-preinit] o.apache.tomcat.util.digester.Digester   :   Fire body() for SetNextRule[methodName=addAttribute, paramType=org.apache.tomcat.util.modeler.AttributeInfo]
2019-05-11 11:06:15.065 DEBUG 8956 --- [kground-preinit] o.apache.tomcat.util.digester.Digester   :   Fire end() for SetNextRule[methodName=addAttribute, paramType=org.apache.tomcat.util.modeler.AttributeInfo]
2019-05-11 11:06:15.065 DEBUG 8956 --- [kground-preinit] o.apache.tomcat.util.digester.Digester   : [SetNextRule]{mbeans-descriptors/mbean/attribute} Call org.apache.tomcat.util.modeler.ManagedBean.addAttribute(org.apache.tomcat.util.modeler.AttributeInfo@2f25d3c8)
2019-05-11 11:06:15.065 DEBUG 8956 --- [kground-preinit] o.apache.tomcat.util.IntrospectionUtils  : IntrospectionUtils: callMethod1 org.apache.tomcat.util.modeler.ManagedBean org.apache.tomcat.util.modeler.AttributeInfo org.apache.tomcat.util.modeler.AttributeInfo
2019-05-11 11:06:15.065 DEBUG 8956 --- [kground-preinit] o.apache.tomcat.util.digester.Digester   :   Fire end() for SetPropertiesRule[]
2019-05-11 11:06:15.065 DEBUG 8956 --- [kground-preinit] o.apache.tomcat.util.digester.Digester   :   Fire end() for ObjectCreateRule[className=org.apache.tomcat.util.modeler.AttributeInfo, attributeName=null]
2019-05-11 11:06:15.065 DEBUG 8956 --- [kground-preinit] o.apache.tomcat.util.digester.Digester   : [ObjectCreateRule]{mbeans-descriptors/mbean/attribute} Pop org.apache.tomcat.util.modeler.AttributeInfo
2019-05-11 11:06:15.066 DEBUG 8956 --- [kground-preinit] o.a.tomcat.util.digester.Digester.sax    : characters(

    )
2019-05-11 11:06:15.066 DEBUG 8956 --- [kground-preinit] o.a.tomcat.util.digester.Digester.sax    : startElement(,,attribute)
2019-05-11 11:06:15.066 DEBUG 8956 --- [kground-preinit] o.apache.tomcat.util.digester.Digester   :   New match='mbeans-descriptors/mbean/attribute'
2019-05-11 11:06:15.066 DEBUG 8956 --- [           main] o.s.c.a.ConfigurationClassEnhancer       : Successfully enhanced org.springframework.boot.autoconfigure.jdbc.DataSourceTransactionManagerAutoConfiguration; enhanced class name is: org.springframework.boot.autoconfigure.jdbc.DataSourceTransactionManagerAutoConfiguration$$EnhancerBySpringCGLIB$$8be04e2a
2019-05-11 11:06:15.066 DEBUG 8956 --- [kground-preinit] o.apache.tomcat.util.digester.Digester   :   Fire begin() for ObjectCreateRule[className=org.apache.tomcat.util.modeler.AttributeInfo, attributeName=null]
2019-05-11 11:06:15.066 DEBUG 8956 --- [           main] o.s.c.a.ConfigurationClassPostProcessor  : Replacing bean definition 'org.springframework.boot.autoconfigure.jdbc.DataSourceTransactionManagerAutoConfiguration' existing class 'org.springframework.boot.autoconfigure.jdbc.DataSourceTransactionManagerAutoConfiguration' with enhanced class 'org.springframework.boot.autoconfigure.jdbc.DataSourceTransactionManagerAutoConfiguration$$EnhancerBySpringCGLIB$$8be04e2a'
2019-05-11 11:06:15.066 DEBUG 8956 --- [kground-preinit] o.apache.tomcat.util.digester.Digester   : [ObjectCreateRule]{mbeans-descriptors/mbean/attribute}New org.apache.tomcat.util.modeler.AttributeInfo
2019-05-11 11:06:15.066 DEBUG 8956 --- [kground-preinit] o.apache.tomcat.util.digester.Digester   :   Fire begin() for SetPropertiesRule[]
2019-05-11 11:06:15.066 DEBUG 8956 --- [kground-preinit] o.apache.tomcat.util.digester.Digester   : [SetPropertiesRule]{mbeans-descriptors/mbean/attribute} Set org.apache.tomcat.util.modeler.AttributeInfo properties
2019-05-11 11:06:15.066 DEBUG 8956 --- [kground-preinit] o.apache.tomcat.util.digester.Digester   : [SetPropertiesRule]{mbeans-descriptors/mbean/attribute} Setting property 'name' to 'maxTime'
2019-05-11 11:06:15.067 DEBUG 8956 --- [kground-preinit] o.apache.tomcat.util.IntrospectionUtils  : IntrospectionUtils: setProperty(class org.apache.tomcat.util.modeler.AttributeInfo name=maxTime)
2019-05-11 11:06:15.068 DEBUG 8956 --- [kground-preinit] o.apache.tomcat.util.digester.Digester   : [SetPropertiesRule]{mbeans-descriptors/mbean/attribute} Setting property 'description' to 'Maximum processing time of a request'
2019-05-11 11:06:15.069 DEBUG 8956 --- [           main] o.s.c.a.ConfigurationClassEnhancer       : Successfully enhanced org.springframework.boot.autoconfigure.jdbc.JdbcTemplateAutoConfiguration; enhanced class name is: org.springframework.boot.autoconfigure.jdbc.JdbcTemplateAutoConfiguration$$EnhancerBySpringCGLIB$$9aed92c9
2019-05-11 11:06:15.069 DEBUG 8956 --- [           main] o.s.c.a.ConfigurationClassPostProcessor  : Replacing bean definition 'org.springframework.boot.autoconfigure.jdbc.JdbcTemplateAutoConfiguration' existing class 'org.springframework.boot.autoconfigure.jdbc.JdbcTemplateAutoConfiguration' with enhanced class 'org.springframework.boot.autoconfigure.jdbc.JdbcTemplateAutoConfiguration$$EnhancerBySpringCGLIB$$9aed92c9'
2019-05-11 11:06:15.069 DEBUG 8956 --- [kground-preinit] o.apache.tomcat.util.IntrospectionUtils  : IntrospectionUtils: setProperty(class org.apache.tomcat.util.modeler.AttributeInfo description=Maximum processing time of a request)
2019-05-11 11:06:15.069 DEBUG 8956 --- [kground-preinit] o.apache.tomcat.util.digester.Digester   : [SetPropertiesRule]{mbeans-descriptors/mbean/attribute} Setting property 'type' to 'long'
2019-05-11 11:06:15.070 DEBUG 8956 --- [kground-preinit] o.apache.tomcat.util.IntrospectionUtils  : IntrospectionUtils: setProperty(class org.apache.tomcat.util.modeler.AttributeInfo type=long)
2019-05-11 11:06:15.070 DEBUG 8956 --- [kground-preinit] o.apache.tomcat.util.digester.Digester   : [SetPropertiesRule]{mbeans-descriptors/mbean/attribute} Setting property 'writeable' to 'false'
2019-05-11 11:06:15.070 DEBUG 8956 --- [kground-preinit] o.apache.tomcat.util.IntrospectionUtils  : IntrospectionUtils: setProperty(class org.apache.tomcat.util.modeler.AttributeInfo writeable=false)
2019-05-11 11:06:15.070 DEBUG 8956 --- [kground-preinit] o.apache.tomcat.util.digester.Digester   :   Fire begin() for SetNextRule[methodName=addAttribute, paramType=org.apache.tomcat.util.modeler.AttributeInfo]
2019-05-11 11:06:15.070 DEBUG 8956 --- [kground-preinit] o.a.tomcat.util.digester.Digester.sax    : endElement(,,attribute)
2019-05-11 11:06:15.070 DEBUG 8956 --- [kground-preinit] o.apache.tomcat.util.digester.Digester   :   match='mbeans-descriptors/mbean/attribute'
2019-05-11 11:06:15.070 DEBUG 8956 --- [kground-preinit] o.apache.tomcat.util.digester.Digester   :   bodyText=''
2019-05-11 11:06:15.071 DEBUG 8956 --- [kground-preinit] o.apache.tomcat.util.digester.Digester   :   Fire body() for ObjectCreateRule[className=org.apache.tomcat.util.modeler.AttributeInfo, attributeName=null]
2019-05-11 11:06:15.071 DEBUG 8956 --- [kground-preinit] o.apache.tomcat.util.digester.Digester   :   Fire body() for SetPropertiesRule[]
2019-05-11 11:06:15.071 DEBUG 8956 --- [kground-preinit] o.apache.tomcat.util.digester.Digester   :   Fire body() for SetNextRule[methodName=addAttribute, paramType=org.apache.tomcat.util.modeler.AttributeInfo]
2019-05-11 11:06:15.071 DEBUG 8956 --- [kground-preinit] o.apache.tomcat.util.digester.Digester   :   Fire end() for SetNextRule[methodName=addAttribute, paramType=org.apache.tomcat.util.modeler.AttributeInfo]
2019-05-11 11:06:15.071 DEBUG 8956 --- [kground-preinit] o.apache.tomcat.util.digester.Digester   : [SetNextRule]{mbeans-descriptors/mbean/attribute} Call org.apache.tomcat.util.modeler.ManagedBean.addAttribute(org.apache.tomcat.util.modeler.AttributeInfo@1a7a9888)
2019-05-11 11:06:15.071 DEBUG 8956 --- [kground-preinit] o.apache.tomcat.util.IntrospectionUtils  : IntrospectionUtils: callMethod1 org.apache.tomcat.util.modeler.ManagedBean org.apache.tomcat.util.modeler.AttributeInfo org.apache.tomcat.util.modeler.AttributeInfo
2019-05-11 11:06:15.071 DEBUG 8956 --- [kground-preinit] o.apache.tomcat.util.digester.Digester   :   Fire end() for SetPropertiesRule[]
2019-05-11 11:06:15.071 DEBUG 8956 --- [kground-preinit] o.apache.tomcat.util.digester.Digester   :   Fire end() for ObjectCreateRule[className=org.apache.tomcat.util.modeler.AttributeInfo, attributeName=null]
2019-05-11 11:06:15.071 DEBUG 8956 --- [kground-preinit] o.apache.tomcat.util.digester.Digester   : [ObjectCreateRule]{mbeans-descriptors/mbean/attribute} Pop org.apache.tomcat.util.modeler.AttributeInfo
2019-05-11 11:06:15.071 DEBUG 8956 --- [kground-preinit] o.a.tomcat.util.digester.Digester.sax    : characters(

    )
2019-05-11 11:06:15.071 DEBUG 8956 --- [kground-preinit] o.a.tomcat.util.digester.Digester.sax    : startElement(,,attribute)
2019-05-11 11:06:15.071 DEBUG 8956 --- [kground-preinit] o.apache.tomcat.util.digester.Digester   :   New match='mbeans-descriptors/mbean/attribute'
2019-05-11 11:06:15.072 DEBUG 8956 --- [kground-preinit] o.apache.tomcat.util.digester.Digester   :   Fire begin() for ObjectCreateRule[className=org.apache.tomcat.util.modeler.AttributeInfo, attributeName=null]
2019-05-11 11:06:15.072 DEBUG 8956 --- [kground-preinit] o.apache.tomcat.util.digester.Digester   : [ObjectCreateRule]{mbeans-descriptors/mbean/attribute}New org.apache.tomcat.util.modeler.AttributeInfo
2019-05-11 11:06:15.072 DEBUG 8956 --- [kground-preinit] o.apache.tomcat.util.digester.Digester   :   Fire begin() for SetPropertiesRule[]
2019-05-11 11:06:15.072 DEBUG 8956 --- [kground-preinit] o.apache.tomcat.util.digester.Digester   : [SetPropertiesRule]{mbeans-descriptors/mbean/attribute} Set org.apache.tomcat.util.modeler.AttributeInfo properties
2019-05-11 11:06:15.072 DEBUG 8956 --- [kground-preinit] o.apache.tomcat.util.digester.Digester   : [SetPropertiesRule]{mbeans-descriptors/mbean/attribute} Setting property 'name' to 'maxInstances'
2019-05-11 11:06:15.072 DEBUG 8956 --- [kground-preinit] o.apache.tomcat.util.IntrospectionUtils  : IntrospectionUtils: setProperty(class org.apache.tomcat.util.modeler.AttributeInfo name=maxInstances)
2019-05-11 11:06:15.072 DEBUG 8956 --- [kground-preinit] o.apache.tomcat.util.digester.Digester   : [SetPropertiesRule]{mbeans-descriptors/mbean/attribute} Setting property 'description' to 'Maximum number of STM instances.'
2019-05-11 11:06:15.072 DEBUG 8956 --- [kground-preinit] o.apache.tomcat.util.IntrospectionUtils  : IntrospectionUtils: setProperty(class org.apache.tomcat.util.modeler.AttributeInfo description=Maximum number of STM instances.)
2019-05-11 11:06:15.073 DEBUG 8956 --- [kground-preinit] o.apache.tomcat.util.digester.Digester   : [SetPropertiesRule]{mbeans-descriptors/mbean/attribute} Setting property 'type' to 'int'
2019-05-11 11:06:15.073 DEBUG 8956 --- [kground-preinit] o.apache.tomcat.util.IntrospectionUtils  : IntrospectionUtils: setProperty(class org.apache.tomcat.util.modeler.AttributeInfo type=int)
2019-05-11 11:06:15.073 DEBUG 8956 --- [kground-preinit] o.apache.tomcat.util.digester.Digester   :   Fire begin() for SetNextRule[methodName=addAttribute, paramType=org.apache.tomcat.util.modeler.AttributeInfo]
2019-05-11 11:06:15.073 DEBUG 8956 --- [kground-preinit] o.a.tomcat.util.digester.Digester.sax    : endElement(,,attribute)
2019-05-11 11:06:15.073 DEBUG 8956 --- [kground-preinit] o.apache.tomcat.util.digester.Digester   :   match='mbeans-descriptors/mbean/attribute'
2019-05-11 11:06:15.073 DEBUG 8956 --- [kground-preinit] o.apache.tomcat.util.digester.Digester   :   bodyText=''
2019-05-11 11:06:15.073 DEBUG 8956 --- [kground-preinit] o.apache.tomcat.util.digester.Digester   :   Fire body() for ObjectCreateRule[className=org.apache.tomcat.util.modeler.AttributeInfo, attributeName=null]
2019-05-11 11:06:15.073 DEBUG 8956 --- [kground-preinit] o.apache.tomcat.util.digester.Digester   :   Fire body() for SetPropertiesRule[]
2019-05-11 11:06:15.073 DEBUG 8956 --- [kground-preinit] o.apache.tomcat.util.digester.Digester   :   Fire body() for SetNextRule[methodName=addAttribute, paramType=org.apache.tomcat.util.modeler.AttributeInfo]
2019-05-11 11:06:15.074 DEBUG 8956 --- [kground-preinit] o.apache.tomcat.util.digester.Digester   :   Fire end() for SetNextRule[methodName=addAttribute, paramType=org.apache.tomcat.util.modeler.AttributeInfo]
2019-05-11 11:06:15.074 DEBUG 8956 --- [kground-preinit] o.apache.tomcat.util.digester.Digester   : [SetNextRule]{mbeans-descriptors/mbean/attribute} Call org.apache.tomcat.util.modeler.ManagedBean.addAttribute(org.apache.tomcat.util.modeler.AttributeInfo@592b753)
2019-05-11 11:06:15.074 DEBUG 8956 --- [           main] o.s.c.a.ConfigurationClassEnhancer       : Successfully enhanced org.springframework.boot.autoconfigure.jms.JmsAutoConfiguration$JmsTemplateConfiguration; enhanced class name is: org.springframework.boot.autoconfigure.jms.JmsAutoConfiguration$JmsTemplateConfiguration$$EnhancerBySpringCGLIB$$3a231c4d
2019-05-11 11:06:15.074 DEBUG 8956 --- [           main] o.s.c.a.ConfigurationClassPostProcessor  : Replacing bean definition 'org.springframework.boot.autoconfigure.jms.JmsAutoConfiguration$JmsTemplateConfiguration' existing class 'org.springframework.boot.autoconfigure.jms.JmsAutoConfiguration$JmsTemplateConfiguration' with enhanced class 'org.springframework.boot.autoconfigure.jms.JmsAutoConfiguration$JmsTemplateConfiguration$$EnhancerBySpringCGLIB$$3a231c4d'
2019-05-11 11:06:15.074 DEBUG 8956 --- [kground-preinit] o.apache.tomcat.util.IntrospectionUtils  : IntrospectionUtils: callMethod1 org.apache.tomcat.util.modeler.ManagedBean org.apache.tomcat.util.modeler.AttributeInfo org.apache.tomcat.util.modeler.AttributeInfo
2019-05-11 11:06:15.074 DEBUG 8956 --- [kground-preinit] o.apache.tomcat.util.digester.Digester   :   Fire end() for SetPropertiesRule[]
2019-05-11 11:06:15.075 DEBUG 8956 --- [kground-preinit] o.apache.tomcat.util.digester.Digester   :   Fire end() for ObjectCreateRule[className=org.apache.tomcat.util.modeler.AttributeInfo, attributeName=null]
2019-05-11 11:06:15.075 DEBUG 8956 --- [kground-preinit] o.apache.tomcat.util.digester.Digester   : [ObjectCreateRule]{mbeans-descriptors/mbean/attribute} Pop org.apache.tomcat.util.modeler.AttributeInfo
2019-05-11 11:06:15.075 DEBUG 8956 --- [kground-preinit] o.a.tomcat.util.digester.Digester.sax    : characters(

    )
2019-05-11 11:06:15.075 DEBUG 8956 --- [kground-preinit] o.a.tomcat.util.digester.Digester.sax    : startElement(,,attribute)
2019-05-11 11:06:15.076 DEBUG 8956 --- [kground-preinit] o.apache.tomcat.util.digester.Digester   :   New match='mbeans-descriptors/mbean/attribute'
2019-05-11 11:06:15.076 DEBUG 8956 --- [kground-preinit] o.apache.tomcat.util.digester.Digester   :   Fire begin() for ObjectCreateRule[className=org.apache.tomcat.util.modeler.AttributeInfo, attributeName=null]
2019-05-11 11:06:15.076 DEBUG 8956 --- [kground-preinit] o.apache.tomcat.util.digester.Digester   : [ObjectCreateRule]{mbeans-descriptors/mbean/attribute}New org.apache.tomcat.util.modeler.AttributeInfo
2019-05-11 11:06:15.076 DEBUG 8956 --- [kground-preinit] o.apache.tomcat.util.digester.Digester   :   Fire begin() for SetPropertiesRule[]
2019-05-11 11:06:15.076 DEBUG 8956 --- [           main] o.s.c.a.ConfigurationClassEnhancer       : Successfully enhanced org.springframework.boot.autoconfigure.jms.JmsAutoConfiguration$MessagingTemplateConfiguration; enhanced class name is: org.springframework.boot.autoconfigure.jms.JmsAutoConfiguration$MessagingTemplateConfiguration$$EnhancerBySpringCGLIB$$92e5f099
2019-05-11 11:06:15.076 DEBUG 8956 --- [kground-preinit] o.apache.tomcat.util.digester.Digester   : [SetPropertiesRule]{mbeans-descriptors/mbean/attribute} Set org.apache.tomcat.util.modeler.AttributeInfo properties
2019-05-11 11:06:15.077 DEBUG 8956 --- [           main] o.s.c.a.ConfigurationClassPostProcessor  : Replacing bean definition 'org.springframework.boot.autoconfigure.jms.JmsAutoConfiguration$MessagingTemplateConfiguration' existing class 'org.springframework.boot.autoconfigure.jms.JmsAutoConfiguration$MessagingTemplateConfiguration' with enhanced class 'org.springframework.boot.autoconfigure.jms.JmsAutoConfiguration$MessagingTemplateConfiguration$$EnhancerBySpringCGLIB$$92e5f099'
2019-05-11 11:06:15.080 DEBUG 8956 --- [kground-preinit] o.apache.tomcat.util.digester.Digester   : [SetPropertiesRule]{mbeans-descriptors/mbean/attribute} Setting property 'name' to 'minTime'
2019-05-11 11:06:15.080 DEBUG 8956 --- [kground-preinit] o.apache.tomcat.util.IntrospectionUtils  : IntrospectionUtils: setProperty(class org.apache.tomcat.util.modeler.AttributeInfo name=minTime)
2019-05-11 11:06:15.080 DEBUG 8956 --- [kground-preinit] o.apache.tomcat.util.digester.Digester   : [SetPropertiesRule]{mbeans-descriptors/mbean/attribute} Setting property 'description' to 'Minimum processing time of a request'
2019-05-11 11:06:15.081 DEBUG 8956 --- [kground-preinit] o.apache.tomcat.util.IntrospectionUtils  : IntrospectionUtils: setProperty(class org.apache.tomcat.util.modeler.AttributeInfo description=Minimum processing time of a request)
2019-05-11 11:06:15.081 DEBUG 8956 --- [kground-preinit] o.apache.tomcat.util.digester.Digester   : [SetPropertiesRule]{mbeans-descriptors/mbean/attribute} Setting property 'type' to 'long'
2019-05-11 11:06:15.081 DEBUG 8956 --- [           main] o.s.c.a.ConfigurationClassEnhancer       : Successfully enhanced org.springframework.jms.annotation.JmsBootstrapConfiguration; enhanced class name is: org.springframework.jms.annotation.JmsBootstrapConfiguration$$EnhancerBySpringCGLIB$$de0aafdc
2019-05-11 11:06:15.081 DEBUG 8956 --- [kground-preinit] o.apache.tomcat.util.IntrospectionUtils  : IntrospectionUtils: setProperty(class org.apache.tomcat.util.modeler.AttributeInfo type=long)
2019-05-11 11:06:15.081 DEBUG 8956 --- [           main] o.s.c.a.ConfigurationClassPostProcessor  : Replacing bean definition 'org.springframework.jms.annotation.JmsBootstrapConfiguration' existing class 'org.springframework.jms.annotation.JmsBootstrapConfiguration' with enhanced class 'org.springframework.jms.annotation.JmsBootstrapConfiguration$$EnhancerBySpringCGLIB$$de0aafdc'
2019-05-11 11:06:15.081 DEBUG 8956 --- [kground-preinit] o.apache.tomcat.util.digester.Digester   : [SetPropertiesRule]{mbeans-descriptors/mbean/attribute} Setting property 'writeable' to 'false'
2019-05-11 11:06:15.081 DEBUG 8956 --- [kground-preinit] o.apache.tomcat.util.IntrospectionUtils  : IntrospectionUtils: setProperty(class org.apache.tomcat.util.modeler.AttributeInfo writeable=false)
2019-05-11 11:06:15.081 DEBUG 8956 --- [kground-preinit] o.apache.tomcat.util.digester.Digester   :   Fire begin() for SetNextRule[methodName=addAttribute, paramType=org.apache.tomcat.util.modeler.AttributeInfo]
2019-05-11 11:06:15.081 DEBUG 8956 --- [kground-preinit] o.a.tomcat.util.digester.Digester.sax    : endElement(,,attribute)
2019-05-11 11:06:15.081 DEBUG 8956 --- [kground-preinit] o.apache.tomcat.util.digester.Digester   :   match='mbeans-descriptors/mbean/attribute'
2019-05-11 11:06:15.081 DEBUG 8956 --- [kground-preinit] o.apache.tomcat.util.digester.Digester   :   bodyText=''
2019-05-11 11:06:15.081 DEBUG 8956 --- [kground-preinit] o.apache.tomcat.util.digester.Digester   :   Fire body() for ObjectCreateRule[className=org.apache.tomcat.util.modeler.AttributeInfo, attributeName=null]
2019-05-11 11:06:15.082 DEBUG 8956 --- [kground-preinit] o.apache.tomcat.util.digester.Digester   :   Fire body() for SetPropertiesRule[]
2019-05-11 11:06:15.082 DEBUG 8956 --- [kground-preinit] o.apache.tomcat.util.digester.Digester   :   Fire body() for SetNextRule[methodName=addAttribute, paramType=org.apache.tomcat.util.modeler.AttributeInfo]
2019-05-11 11:06:15.082 DEBUG 8956 --- [kground-preinit] o.apache.tomcat.util.digester.Digester   :   Fire end() for SetNextRule[methodName=addAttribute, paramType=org.apache.tomcat.util.modeler.AttributeInfo]
2019-05-11 11:06:15.082 DEBUG 8956 --- [kground-preinit] o.apache.tomcat.util.digester.Digester   : [SetNextRule]{mbeans-descriptors/mbean/attribute} Call org.apache.tomcat.util.modeler.ManagedBean.addAttribute(org.apache.tomcat.util.modeler.AttributeInfo@3adf2dc8)
2019-05-11 11:06:15.082 DEBUG 8956 --- [kground-preinit] o.apache.tomcat.util.IntrospectionUtils  : IntrospectionUtils: callMethod1 org.apache.tomcat.util.modeler.ManagedBean org.apache.tomcat.util.modeler.AttributeInfo org.apache.tomcat.util.modeler.AttributeInfo
2019-05-11 11:06:15.082 DEBUG 8956 --- [kground-preinit] o.apache.tomcat.util.digester.Digester   :   Fire end() for SetPropertiesRule[]
2019-05-11 11:06:15.082 DEBUG 8956 --- [kground-preinit] o.apache.tomcat.util.digester.Digester   :   Fire end() for ObjectCreateRule[className=org.apache.tomcat.util.modeler.AttributeInfo, attributeName=null]
2019-05-11 11:06:15.082 DEBUG 8956 --- [kground-preinit] o.apache.tomcat.util.digester.Digester   : [ObjectCreateRule]{mbeans-descriptors/mbean/attribute} Pop org.apache.tomcat.util.modeler.AttributeInfo
2019-05-11 11:06:15.082 DEBUG 8956 --- [kground-preinit] o.a.tomcat.util.digester.Digester.sax    : characters(

    )
2019-05-11 11:06:15.082 DEBUG 8956 --- [kground-preinit] o.a.tomcat.util.digester.Digester.sax    : startElement(,,attribute)
2019-05-11 11:06:15.082 DEBUG 8956 --- [kground-preinit] o.apache.tomcat.util.digester.Digester   :   New match='mbeans-descriptors/mbean/attribute'
2019-05-11 11:06:15.082 DEBUG 8956 --- [kground-preinit] o.apache.tomcat.util.digester.Digester   :   Fire begin() for ObjectCreateRule[className=org.apache.tomcat.util.modeler.AttributeInfo, attributeName=null]
2019-05-11 11:06:15.082 DEBUG 8956 --- [kground-preinit] o.apache.tomcat.util.digester.Digester   : [ObjectCreateRule]{mbeans-descriptors/mbean/attribute}New org.apache.tomcat.util.modeler.AttributeInfo
2019-05-11 11:06:15.083 DEBUG 8956 --- [kground-preinit] o.apache.tomcat.util.digester.Digester   :   Fire begin() for SetPropertiesRule[]
2019-05-11 11:06:15.083 DEBUG 8956 --- [kground-preinit] o.apache.tomcat.util.digester.Digester   : [SetPropertiesRule]{mbeans-descriptors/mbean/attribute} Set org.apache.tomcat.util.modeler.AttributeInfo properties
2019-05-11 11:06:15.083 DEBUG 8956 --- [kground-preinit] o.apache.tomcat.util.digester.Digester   : [SetPropertiesRule]{mbeans-descriptors/mbean/attribute} Setting property 'name' to 'objectName'
2019-05-11 11:06:15.083 DEBUG 8956 --- [kground-preinit] o.apache.tomcat.util.IntrospectionUtils  : IntrospectionUtils: setProperty(class org.apache.tomcat.util.modeler.AttributeInfo name=objectName)
2019-05-11 11:06:15.083 DEBUG 8956 --- [kground-preinit] o.apache.tomcat.util.digester.Digester   : [SetPropertiesRule]{mbeans-descriptors/mbean/attribute} Setting property 'description' to 'Name of the object'
2019-05-11 11:06:15.083 DEBUG 8956 --- [kground-preinit] o.apache.tomcat.util.IntrospectionUtils  : IntrospectionUtils: setProperty(class org.apache.tomcat.util.modeler.AttributeInfo description=Name of the object)
2019-05-11 11:06:15.083 DEBUG 8956 --- [kground-preinit] o.apache.tomcat.util.digester.Digester   : [SetPropertiesRule]{mbeans-descriptors/mbean/attribute} Setting property 'type' to 'java.lang.String'
2019-05-11 11:06:15.083 DEBUG 8956 --- [kground-preinit] o.apache.tomcat.util.IntrospectionUtils  : IntrospectionUtils: setProperty(class org.apache.tomcat.util.modeler.AttributeInfo type=java.lang.String)
2019-05-11 11:06:15.083 DEBUG 8956 --- [kground-preinit] o.apache.tomcat.util.digester.Digester   :   Fire begin() for SetNextRule[methodName=addAttribute, paramType=org.apache.tomcat.util.modeler.AttributeInfo]
2019-05-11 11:06:15.083 DEBUG 8956 --- [kground-preinit] o.a.tomcat.util.digester.Digester.sax    : endElement(,,attribute)
2019-05-11 11:06:15.083 DEBUG 8956 --- [kground-preinit] o.apache.tomcat.util.digester.Digester   :   match='mbeans-descriptors/mbean/attribute'
2019-05-11 11:06:15.083 DEBUG 8956 --- [kground-preinit] o.apache.tomcat.util.digester.Digester   :   bodyText=''
2019-05-11 11:06:15.084 DEBUG 8956 --- [kground-preinit] o.apache.tomcat.util.digester.Digester   :   Fire body() for ObjectCreateRule[className=org.apache.tomcat.util.modeler.AttributeInfo, attributeName=null]
2019-05-11 11:06:15.084 DEBUG 8956 --- [kground-preinit] o.apache.tomcat.util.digester.Digester   :   Fire body() for SetPropertiesRule[]
2019-05-11 11:06:15.084 DEBUG 8956 --- [kground-preinit] o.apache.tomcat.util.digester.Digester   :   Fire body() for SetNextRule[methodName=addAttribute, paramType=org.apache.tomcat.util.modeler.AttributeInfo]
2019-05-11 11:06:15.084 DEBUG 8956 --- [kground-preinit] o.apache.tomcat.util.digester.Digester   :   Fire end() for SetNextRule[methodName=addAttribute, paramType=org.apache.tomcat.util.modeler.AttributeInfo]
2019-05-11 11:06:15.084 DEBUG 8956 --- [kground-preinit] o.apache.tomcat.util.digester.Digester   : [SetNextRule]{mbeans-descriptors/mbean/attribute} Call org.apache.tomcat.util.modeler.ManagedBean.addAttribute(org.apache.tomcat.util.modeler.AttributeInfo@3be512c8)
2019-05-11 11:06:15.084 DEBUG 8956 --- [kground-preinit] o.apache.tomcat.util.IntrospectionUtils  : IntrospectionUtils: callMethod1 org.apache.tomcat.util.modeler.ManagedBean org.apache.tomcat.util.modeler.AttributeInfo org.apache.tomcat.util.modeler.AttributeInfo
2019-05-11 11:06:15.084 DEBUG 8956 --- [           main] o.s.c.a.ConfigurationClassEnhancer       : Successfully enhanced org.springframework.boot.autoconfigure.jms.JmsAnnotationDrivenConfiguration$EnableJmsConfiguration; enhanced class name is: org.springframework.boot.autoconfigure.jms.JmsAnnotationDrivenConfiguration$EnableJmsConfiguration$$EnhancerBySpringCGLIB$$a82dcdae
2019-05-11 11:06:15.084 DEBUG 8956 --- [kground-preinit] o.apache.tomcat.util.digester.Digester   :   Fire end() for SetPropertiesRule[]
2019-05-11 11:06:15.084 DEBUG 8956 --- [           main] o.s.c.a.ConfigurationClassPostProcessor  : Replacing bean definition 'org.springframework.boot.autoconfigure.jms.JmsAnnotationDrivenConfiguration$EnableJmsConfiguration' existing class 'org.springframework.boot.autoconfigure.jms.JmsAnnotationDrivenConfiguration$EnableJmsConfiguration' with enhanced class 'org.springframework.boot.autoconfigure.jms.JmsAnnotationDrivenConfiguration$EnableJmsConfiguration$$EnhancerBySpringCGLIB$$a82dcdae'
2019-05-11 11:06:15.084 DEBUG 8956 --- [kground-preinit] o.apache.tomcat.util.digester.Digester   :   Fire end() for ObjectCreateRule[className=org.apache.tomcat.util.modeler.AttributeInfo, attributeName=null]
2019-05-11 11:06:15.084 DEBUG 8956 --- [kground-preinit] o.apache.tomcat.util.digester.Digester   : [ObjectCreateRule]{mbeans-descriptors/mbean/attribute} Pop org.apache.tomcat.util.modeler.AttributeInfo
2019-05-11 11:06:15.084 DEBUG 8956 --- [kground-preinit] o.a.tomcat.util.digester.Digester.sax    : characters(

    )
2019-05-11 11:06:15.084 DEBUG 8956 --- [kground-preinit] o.a.tomcat.util.digester.Digester.sax    : startElement(,,attribute)
2019-05-11 11:06:15.084 DEBUG 8956 --- [kground-preinit] o.apache.tomcat.util.digester.Digester   :   New match='mbeans-descriptors/mbean/attribute'
2019-05-11 11:06:15.085 DEBUG 8956 --- [kground-preinit] o.apache.tomcat.util.digester.Digester   :   Fire begin() for ObjectCreateRule[className=org.apache.tomcat.util.modeler.AttributeInfo, attributeName=null]
2019-05-11 11:06:15.085 DEBUG 8956 --- [kground-preinit] o.apache.tomcat.util.digester.Digester   : [ObjectCreateRule]{mbeans-descriptors/mbean/attribute}New org.apache.tomcat.util.modeler.AttributeInfo
2019-05-11 11:06:15.085 DEBUG 8956 --- [kground-preinit] o.apache.tomcat.util.digester.Digester   :   Fire begin() for SetPropertiesRule[]
2019-05-11 11:06:15.085 DEBUG 8956 --- [kground-preinit] o.apache.tomcat.util.digester.Digester   : [SetPropertiesRule]{mbeans-descriptors/mbean/attribute} Set org.apache.tomcat.util.modeler.AttributeInfo properties
2019-05-11 11:06:15.085 DEBUG 8956 --- [kground-preinit] o.apache.tomcat.util.digester.Digester   : [SetPropertiesRule]{mbeans-descriptors/mbean/attribute} Setting property 'name' to 'processingTime'
2019-05-11 11:06:15.085 DEBUG 8956 --- [kground-preinit] o.apache.tomcat.util.IntrospectionUtils  : IntrospectionUtils: setProperty(class org.apache.tomcat.util.modeler.AttributeInfo name=processingTime)
2019-05-11 11:06:15.085 DEBUG 8956 --- [kground-preinit] o.apache.tomcat.util.digester.Digester   : [SetPropertiesRule]{mbeans-descriptors/mbean/attribute} Setting property 'description' to 'Total execution time of the servlet's service method'
2019-05-11 11:06:15.085 DEBUG 8956 --- [kground-preinit] o.apache.tomcat.util.IntrospectionUtils  : IntrospectionUtils: setProperty(class org.apache.tomcat.util.modeler.AttributeInfo description=Total execution time of the servlet's service method)
2019-05-11 11:06:15.086 DEBUG 8956 --- [kground-preinit] o.apache.tomcat.util.digester.Digester   : [SetPropertiesRule]{mbeans-descriptors/mbean/attribute} Setting property 'type' to 'long'
2019-05-11 11:06:15.086 DEBUG 8956 --- [kground-preinit] o.apache.tomcat.util.IntrospectionUtils  : IntrospectionUtils: setProperty(class org.apache.tomcat.util.modeler.AttributeInfo type=long)
2019-05-11 11:06:15.086 DEBUG 8956 --- [kground-preinit] o.apache.tomcat.util.digester.Digester   : [SetPropertiesRule]{mbeans-descriptors/mbean/attribute} Setting property 'writeable' to 'false'
2019-05-11 11:06:15.086 DEBUG 8956 --- [kground-preinit] o.apache.tomcat.util.IntrospectionUtils  : IntrospectionUtils: setProperty(class org.apache.tomcat.util.modeler.AttributeInfo writeable=false)
2019-05-11 11:06:15.086 DEBUG 8956 --- [kground-preinit] o.apache.tomcat.util.digester.Digester   :   Fire begin() for SetNextRule[methodName=addAttribute, paramType=org.apache.tomcat.util.modeler.AttributeInfo]
2019-05-11 11:06:15.086 DEBUG 8956 --- [kground-preinit] o.a.tomcat.util.digester.Digester.sax    : endElement(,,attribute)
2019-05-11 11:06:15.086 DEBUG 8956 --- [kground-preinit] o.apache.tomcat.util.digester.Digester   :   match='mbeans-descriptors/mbean/attribute'
2019-05-11 11:06:15.086 DEBUG 8956 --- [kground-preinit] o.apache.tomcat.util.digester.Digester   :   bodyText=''
2019-05-11 11:06:15.086 DEBUG 8956 --- [kground-preinit] o.apache.tomcat.util.digester.Digester   :   Fire body() for ObjectCreateRule[className=org.apache.tomcat.util.modeler.AttributeInfo, attributeName=null]
2019-05-11 11:06:15.086 DEBUG 8956 --- [kground-preinit] o.apache.tomcat.util.digester.Digester   :   Fire body() for SetPropertiesRule[]
2019-05-11 11:06:15.086 DEBUG 8956 --- [kground-preinit] o.apache.tomcat.util.digester.Digester   :   Fire body() for SetNextRule[methodName=addAttribute, paramType=org.apache.tomcat.util.modeler.AttributeInfo]
2019-05-11 11:06:15.086 DEBUG 8956 --- [kground-preinit] o.apache.tomcat.util.digester.Digester   :   Fire end() for SetNextRule[methodName=addAttribute, paramType=org.apache.tomcat.util.modeler.AttributeInfo]
2019-05-11 11:06:15.087 DEBUG 8956 --- [kground-preinit] o.apache.tomcat.util.digester.Digester   : [SetNextRule]{mbeans-descriptors/mbean/attribute} Call org.apache.tomcat.util.modeler.ManagedBean.addAttribute(org.apache.tomcat.util.modeler.AttributeInfo@759573e4)
2019-05-11 11:06:15.087 DEBUG 8956 --- [kground-preinit] o.apache.tomcat.util.IntrospectionUtils  : IntrospectionUtils: callMethod1 org.apache.tomcat.util.modeler.ManagedBean org.apache.tomcat.util.modeler.AttributeInfo org.apache.tomcat.util.modeler.AttributeInfo
2019-05-11 11:06:15.087 DEBUG 8956 --- [kground-preinit] o.apache.tomcat.util.digester.Digester   :   Fire end() for SetPropertiesRule[]
2019-05-11 11:06:15.087 DEBUG 8956 --- [kground-preinit] o.apache.tomcat.util.digester.Digester   :   Fire end() for ObjectCreateRule[className=org.apache.tomcat.util.modeler.AttributeInfo, attributeName=null]
2019-05-11 11:06:15.087 DEBUG 8956 --- [kground-preinit] o.apache.tomcat.util.digester.Digester   : [ObjectCreateRule]{mbeans-descriptors/mbean/attribute} Pop org.apache.tomcat.util.modeler.AttributeInfo
2019-05-11 11:06:15.087 DEBUG 8956 --- [kground-preinit] o.a.tomcat.util.digester.Digester.sax    : characters(

    )
2019-05-11 11:06:15.087 DEBUG 8956 --- [kground-preinit] o.a.tomcat.util.digester.Digester.sax    : startElement(,,attribute)
2019-05-11 11:06:15.087 DEBUG 8956 --- [kground-preinit] o.apache.tomcat.util.digester.Digester   :   New match='mbeans-descriptors/mbean/attribute'
2019-05-11 11:06:15.087 DEBUG 8956 --- [kground-preinit] o.apache.tomcat.util.digester.Digester   :   Fire begin() for ObjectCreateRule[className=org.apache.tomcat.util.modeler.AttributeInfo, attributeName=null]
2019-05-11 11:06:15.088 DEBUG 8956 --- [kground-preinit] o.apache.tomcat.util.digester.Digester   : [ObjectCreateRule]{mbeans-descriptors/mbean/attribute}New org.apache.tomcat.util.modeler.AttributeInfo
2019-05-11 11:06:15.088 DEBUG 8956 --- [kground-preinit] o.apache.tomcat.util.digester.Digester   :   Fire begin() for SetPropertiesRule[]
2019-05-11 11:06:15.088 DEBUG 8956 --- [kground-preinit] o.apache.tomcat.util.digester.Digester   : [SetPropertiesRule]{mbeans-descriptors/mbean/attribute} Set org.apache.tomcat.util.modeler.AttributeInfo properties
2019-05-11 11:06:15.088 DEBUG 8956 --- [kground-preinit] o.apache.tomcat.util.digester.Digester   : [SetPropertiesRule]{mbeans-descriptors/mbean/attribute} Setting property 'name' to 'requestCount'
2019-05-11 11:06:15.088 DEBUG 8956 --- [kground-preinit] o.apache.tomcat.util.IntrospectionUtils  : IntrospectionUtils: setProperty(class org.apache.tomcat.util.modeler.AttributeInfo name=requestCount)
2019-05-11 11:06:15.088 DEBUG 8956 --- [kground-preinit] o.apache.tomcat.util.digester.Digester   : [SetPropertiesRule]{mbeans-descriptors/mbean/attribute} Setting property 'description' to 'Number of requests processed by this wrapper'
2019-05-11 11:06:15.088 DEBUG 8956 --- [kground-preinit] o.apache.tomcat.util.IntrospectionUtils  : IntrospectionUtils: setProperty(class org.apache.tomcat.util.modeler.AttributeInfo description=Number of requests processed by this wrapper)
2019-05-11 11:06:15.088 DEBUG 8956 --- [kground-preinit] o.apache.tomcat.util.digester.Digester   : [SetPropertiesRule]{mbeans-descriptors/mbean/attribute} Setting property 'type' to 'int'
2019-05-11 11:06:15.089 DEBUG 8956 --- [kground-preinit] o.apache.tomcat.util.IntrospectionUtils  : IntrospectionUtils: setProperty(class org.apache.tomcat.util.modeler.AttributeInfo type=int)
2019-05-11 11:06:15.089 DEBUG 8956 --- [kground-preinit] o.apache.tomcat.util.digester.Digester   : [SetPropertiesRule]{mbeans-descriptors/mbean/attribute} Setting property 'writeable' to 'false'
2019-05-11 11:06:15.089 DEBUG 8956 --- [kground-preinit] o.apache.tomcat.util.IntrospectionUtils  : IntrospectionUtils: setProperty(class org.apache.tomcat.util.modeler.AttributeInfo writeable=false)
2019-05-11 11:06:15.089 DEBUG 8956 --- [kground-preinit] o.apache.tomcat.util.digester.Digester   :   Fire begin() for SetNextRule[methodName=addAttribute, paramType=org.apache.tomcat.util.modeler.AttributeInfo]
2019-05-11 11:06:15.089 DEBUG 8956 --- [kground-preinit] o.a.tomcat.util.digester.Digester.sax    : endElement(,,attribute)
2019-05-11 11:06:15.089 DEBUG 8956 --- [kground-preinit] o.apache.tomcat.util.digester.Digester   :   match='mbeans-descriptors/mbean/attribute'
2019-05-11 11:06:15.089 DEBUG 8956 --- [kground-preinit] o.apache.tomcat.util.digester.Digester   :   bodyText=''
2019-05-11 11:06:15.089 DEBUG 8956 --- [kground-preinit] o.apache.tomcat.util.digester.Digester   :   Fire body() for ObjectCreateRule[className=org.apache.tomcat.util.modeler.AttributeInfo, attributeName=null]
2019-05-11 11:06:15.089 DEBUG 8956 --- [kground-preinit] o.apache.tomcat.util.digester.Digester   :   Fire body() for SetPropertiesRule[]
2019-05-11 11:06:15.090 DEBUG 8956 --- [kground-preinit] o.apache.tomcat.util.digester.Digester   :   Fire body() for SetNextRule[methodName=addAttribute, paramType=org.apache.tomcat.util.modeler.AttributeInfo]
2019-05-11 11:06:15.090 DEBUG 8956 --- [kground-preinit] o.apache.tomcat.util.digester.Digester   :   Fire end() for SetNextRule[methodName=addAttribute, paramType=org.apache.tomcat.util.modeler.AttributeInfo]
2019-05-11 11:06:15.090 DEBUG 8956 --- [kground-preinit] o.apache.tomcat.util.digester.Digester   : [SetNextRule]{mbeans-descriptors/mbean/attribute} Call org.apache.tomcat.util.modeler.ManagedBean.addAttribute(org.apache.tomcat.util.modeler.AttributeInfo@65ad6a2a)
2019-05-11 11:06:15.090 DEBUG 8956 --- [kground-preinit] o.apache.tomcat.util.IntrospectionUtils  : IntrospectionUtils: callMethod1 org.apache.tomcat.util.modeler.ManagedBean org.apache.tomcat.util.modeler.AttributeInfo org.apache.tomcat.util.modeler.AttributeInfo
2019-05-11 11:06:15.090 DEBUG 8956 --- [kground-preinit] o.apache.tomcat.util.digester.Digester   :   Fire end() for SetPropertiesRule[]
2019-05-11 11:06:15.090 DEBUG 8956 --- [kground-preinit] o.apache.tomcat.util.digester.Digester   :   Fire end() for ObjectCreateRule[className=org.apache.tomcat.util.modeler.AttributeInfo, attributeName=null]
2019-05-11 11:06:15.090 DEBUG 8956 --- [kground-preinit] o.apache.tomcat.util.digester.Digester   : [ObjectCreateRule]{mbeans-descriptors/mbean/attribute} Pop org.apache.tomcat.util.modeler.AttributeInfo
2019-05-11 11:06:15.090 DEBUG 8956 --- [kground-preinit] o.a.tomcat.util.digester.Digester.sax    : characters(

    )
2019-05-11 11:06:15.090 DEBUG 8956 --- [kground-preinit] o.a.tomcat.util.digester.Digester.sax    : startElement(,,attribute)
2019-05-11 11:06:15.090 DEBUG 8956 --- [kground-preinit] o.apache.tomcat.util.digester.Digester   :   New match='mbeans-descriptors/mbean/attribute'
2019-05-11 11:06:15.090 DEBUG 8956 --- [kground-preinit] o.apache.tomcat.util.digester.Digester   :   Fire begin() for ObjectCreateRule[className=org.apache.tomcat.util.modeler.AttributeInfo, attributeName=null]
2019-05-11 11:06:15.090 DEBUG 8956 --- [kground-preinit] o.apache.tomcat.util.digester.Digester   : [ObjectCreateRule]{mbeans-descriptors/mbean/attribute}New org.apache.tomcat.util.modeler.AttributeInfo
2019-05-11 11:06:15.091 DEBUG 8956 --- [kground-preinit] o.apache.tomcat.util.digester.Digester   :   Fire begin() for SetPropertiesRule[]
2019-05-11 11:06:15.091 DEBUG 8956 --- [kground-preinit] o.apache.tomcat.util.digester.Digester   : [SetPropertiesRule]{mbeans-descriptors/mbean/attribute} Set org.apache.tomcat.util.modeler.AttributeInfo properties
2019-05-11 11:06:15.091 DEBUG 8956 --- [kground-preinit] o.apache.tomcat.util.digester.Digester   : [SetPropertiesRule]{mbeans-descriptors/mbean/attribute} Setting property 'name' to 'runAs'
2019-05-11 11:06:15.091 DEBUG 8956 --- [kground-preinit] o.apache.tomcat.util.IntrospectionUtils  : IntrospectionUtils: setProperty(class org.apache.tomcat.util.modeler.AttributeInfo name=runAs)
2019-05-11 11:06:15.091 DEBUG 8956 --- [           main] o.s.c.a.ConfigurationClassEnhancer       : Successfully enhanced org.springframework.boot.autoconfigure.jms.JmsAnnotationDrivenConfiguration; enhanced class name is: org.springframework.boot.autoconfigure.jms.JmsAnnotationDrivenConfiguration$$EnhancerBySpringCGLIB$$7d1ee4fb
2019-05-11 11:06:15.091 DEBUG 8956 --- [kground-preinit] o.apache.tomcat.util.digester.Digester   : [SetPropertiesRule]{mbeans-descriptors/mbean/attribute} Setting property 'description' to 'The run-as identity for this servlet.'
2019-05-11 11:06:15.091 DEBUG 8956 --- [           main] o.s.c.a.ConfigurationClassPostProcessor  : Replacing bean definition 'org.springframework.boot.autoconfigure.jms.JmsAnnotationDrivenConfiguration' existing class 'org.springframework.boot.autoconfigure.jms.JmsAnnotationDrivenConfiguration' with enhanced class 'org.springframework.boot.autoconfigure.jms.JmsAnnotationDrivenConfiguration$$EnhancerBySpringCGLIB$$7d1ee4fb'
2019-05-11 11:06:15.091 DEBUG 8956 --- [kground-preinit] o.apache.tomcat.util.IntrospectionUtils  : IntrospectionUtils: setProperty(class org.apache.tomcat.util.modeler.AttributeInfo description=The run-as identity for this servlet.)
2019-05-11 11:06:15.091 DEBUG 8956 --- [kground-preinit] o.apache.tomcat.util.digester.Digester   : [SetPropertiesRule]{mbeans-descriptors/mbean/attribute} Setting property 'type' to 'java.lang.String'
2019-05-11 11:06:15.091 DEBUG 8956 --- [kground-preinit] o.apache.tomcat.util.IntrospectionUtils  : IntrospectionUtils: setProperty(class org.apache.tomcat.util.modeler.AttributeInfo type=java.lang.String)
2019-05-11 11:06:15.091 DEBUG 8956 --- [kground-preinit] o.apache.tomcat.util.digester.Digester   :   Fire begin() for SetNextRule[methodName=addAttribute, paramType=org.apache.tomcat.util.modeler.AttributeInfo]
2019-05-11 11:06:15.091 DEBUG 8956 --- [kground-preinit] o.a.tomcat.util.digester.Digester.sax    : endElement(,,attribute)
2019-05-11 11:06:15.091 DEBUG 8956 --- [kground-preinit] o.apache.tomcat.util.digester.Digester   :   match='mbeans-descriptors/mbean/attribute'
2019-05-11 11:06:15.092 DEBUG 8956 --- [kground-preinit] o.apache.tomcat.util.digester.Digester   :   bodyText=''
2019-05-11 11:06:15.092 DEBUG 8956 --- [kground-preinit] o.apache.tomcat.util.digester.Digester   :   Fire body() for ObjectCreateRule[className=org.apache.tomcat.util.modeler.AttributeInfo, attributeName=null]
2019-05-11 11:06:15.092 DEBUG 8956 --- [kground-preinit] o.apache.tomcat.util.digester.Digester   :   Fire body() for SetPropertiesRule[]
2019-05-11 11:06:15.092 DEBUG 8956 --- [kground-preinit] o.apache.tomcat.util.digester.Digester   :   Fire body() for SetNextRule[methodName=addAttribute, paramType=org.apache.tomcat.util.modeler.AttributeInfo]
2019-05-11 11:06:15.092 DEBUG 8956 --- [kground-preinit] o.apache.tomcat.util.digester.Digester   :   Fire end() for SetNextRule[methodName=addAttribute, paramType=org.apache.tomcat.util.modeler.AttributeInfo]
2019-05-11 11:06:15.092 DEBUG 8956 --- [kground-preinit] o.apache.tomcat.util.digester.Digester   : [SetNextRule]{mbeans-descriptors/mbean/attribute} Call org.apache.tomcat.util.modeler.ManagedBean.addAttribute(org.apache.tomcat.util.modeler.AttributeInfo@265faa3a)
2019-05-11 11:06:15.092 DEBUG 8956 --- [kground-preinit] o.apache.tomcat.util.IntrospectionUtils  : IntrospectionUtils: callMethod1 org.apache.tomcat.util.modeler.ManagedBean org.apache.tomcat.util.modeler.AttributeInfo org.apache.tomcat.util.modeler.AttributeInfo
2019-05-11 11:06:15.092 DEBUG 8956 --- [kground-preinit] o.apache.tomcat.util.digester.Digester   :   Fire end() for SetPropertiesRule[]
2019-05-11 11:06:15.092 DEBUG 8956 --- [kground-preinit] o.apache.tomcat.util.digester.Digester   :   Fire end() for ObjectCreateRule[className=org.apache.tomcat.util.modeler.AttributeInfo, attributeName=null]
2019-05-11 11:06:15.092 DEBUG 8956 --- [           main] o.s.c.a.ConfigurationClassEnhancer       : Successfully enhanced org.springframework.boot.autoconfigure.jms.JmsAutoConfiguration; enhanced class name is: org.springframework.boot.autoconfigure.jms.JmsAutoConfiguration$$EnhancerBySpringCGLIB$$948fe47f
2019-05-11 11:06:15.092 DEBUG 8956 --- [kground-preinit] o.apache.tomcat.util.digester.Digester   : [ObjectCreateRule]{mbeans-descriptors/mbean/attribute} Pop org.apache.tomcat.util.modeler.AttributeInfo
2019-05-11 11:06:15.092 DEBUG 8956 --- [           main] o.s.c.a.ConfigurationClassPostProcessor  : Replacing bean definition 'org.springframework.boot.autoconfigure.jms.JmsAutoConfiguration' existing class 'org.springframework.boot.autoconfigure.jms.JmsAutoConfiguration' with enhanced class 'org.springframework.boot.autoconfigure.jms.JmsAutoConfiguration$$EnhancerBySpringCGLIB$$948fe47f'
2019-05-11 11:06:15.092 DEBUG 8956 --- [kground-preinit] o.a.tomcat.util.digester.Digester.sax    : characters(

    )
2019-05-11 11:06:15.093 DEBUG 8956 --- [kground-preinit] o.a.tomcat.util.digester.Digester.sax    : startElement(,,attribute)
2019-05-11 11:06:15.093 DEBUG 8956 --- [kground-preinit] o.apache.tomcat.util.digester.Digester   :   New match='mbeans-descriptors/mbean/attribute'
2019-05-11 11:06:15.093 DEBUG 8956 --- [kground-preinit] o.apache.tomcat.util.digester.Digester   :   Fire begin() for ObjectCreateRule[className=org.apache.tomcat.util.modeler.AttributeInfo, attributeName=null]
2019-05-11 11:06:15.093 DEBUG 8956 --- [kground-preinit] o.apache.tomcat.util.digester.Digester   : [ObjectCreateRule]{mbeans-descriptors/mbean/attribute}New org.apache.tomcat.util.modeler.AttributeInfo
2019-05-11 11:06:15.093 DEBUG 8956 --- [kground-preinit] o.apache.tomcat.util.digester.Digester   :   Fire begin() for SetPropertiesRule[]
2019-05-11 11:06:15.093 DEBUG 8956 --- [kground-preinit] o.apache.tomcat.util.digester.Digester   : [SetPropertiesRule]{mbeans-descriptors/mbean/attribute} Set org.apache.tomcat.util.modeler.AttributeInfo properties
2019-05-11 11:06:15.093 DEBUG 8956 --- [kground-preinit] o.apache.tomcat.util.digester.Digester   : [SetPropertiesRule]{mbeans-descriptors/mbean/attribute} Setting property 'name' to 'servletClass'
2019-05-11 11:06:15.093 DEBUG 8956 --- [kground-preinit] o.apache.tomcat.util.IntrospectionUtils  : IntrospectionUtils: setProperty(class org.apache.tomcat.util.modeler.AttributeInfo name=servletClass)
2019-05-11 11:06:15.094 DEBUG 8956 --- [kground-preinit] o.apache.tomcat.util.digester.Digester   : [SetPropertiesRule]{mbeans-descriptors/mbean/attribute} Setting property 'description' to 'The run-as identity for this servlet.'
2019-05-11 11:06:15.094 DEBUG 8956 --- [kground-preinit] o.apache.tomcat.util.IntrospectionUtils  : IntrospectionUtils: setProperty(class org.apache.tomcat.util.modeler.AttributeInfo description=The run-as identity for this servlet.)
2019-05-11 11:06:15.094 DEBUG 8956 --- [kground-preinit] o.apache.tomcat.util.digester.Digester   : [SetPropertiesRule]{mbeans-descriptors/mbean/attribute} Setting property 'type' to 'java.lang.String'
2019-05-11 11:06:15.094 DEBUG 8956 --- [kground-preinit] o.apache.tomcat.util.IntrospectionUtils  : IntrospectionUtils: setProperty(class org.apache.tomcat.util.modeler.AttributeInfo type=java.lang.String)
2019-05-11 11:06:15.094 DEBUG 8956 --- [kground-preinit] o.apache.tomcat.util.digester.Digester   : [SetPropertiesRule]{mbeans-descriptors/mbean/attribute} Setting property 'writeable' to 'false'
2019-05-11 11:06:15.094 DEBUG 8956 --- [kground-preinit] o.apache.tomcat.util.IntrospectionUtils  : IntrospectionUtils: setProperty(class org.apache.tomcat.util.modeler.AttributeInfo writeable=false)
2019-05-11 11:06:15.094 DEBUG 8956 --- [kground-preinit] o.apache.tomcat.util.digester.Digester   :   Fire begin() for SetNextRule[methodName=addAttribute, paramType=org.apache.tomcat.util.modeler.AttributeInfo]
2019-05-11 11:06:15.094 DEBUG 8956 --- [kground-preinit] o.a.tomcat.util.digester.Digester.sax    : endElement(,,attribute)
2019-05-11 11:06:15.094 DEBUG 8956 --- [kground-preinit] o.apache.tomcat.util.digester.Digester   :   match='mbeans-descriptors/mbean/attribute'
2019-05-11 11:06:15.094 DEBUG 8956 --- [kground-preinit] o.apache.tomcat.util.digester.Digester   :   bodyText=''
2019-05-11 11:06:15.094 DEBUG 8956 --- [kground-preinit] o.apache.tomcat.util.digester.Digester   :   Fire body() for ObjectCreateRule[className=org.apache.tomcat.util.modeler.AttributeInfo, attributeName=null]
2019-05-11 11:06:15.094 DEBUG 8956 --- [kground-preinit] o.apache.tomcat.util.digester.Digester   :   Fire body() for SetPropertiesRule[]
2019-05-11 11:06:15.095 DEBUG 8956 --- [kground-preinit] o.apache.tomcat.util.digester.Digester   :   Fire body() for SetNextRule[methodName=addAttribute, paramType=org.apache.tomcat.util.modeler.AttributeInfo]
2019-05-11 11:06:15.095 DEBUG 8956 --- [kground-preinit] o.apache.tomcat.util.digester.Digester   :   Fire end() for SetNextRule[methodName=addAttribute, paramType=org.apache.tomcat.util.modeler.AttributeInfo]
2019-05-11 11:06:15.095 DEBUG 8956 --- [kground-preinit] o.apache.tomcat.util.digester.Digester   : [SetNextRule]{mbeans-descriptors/mbean/attribute} Call org.apache.tomcat.util.modeler.ManagedBean.addAttribute(org.apache.tomcat.util.modeler.AttributeInfo@353f9f6b)
2019-05-11 11:06:15.095 DEBUG 8956 --- [kground-preinit] o.apache.tomcat.util.IntrospectionUtils  : IntrospectionUtils: callMethod1 org.apache.tomcat.util.modeler.ManagedBean org.apache.tomcat.util.modeler.AttributeInfo org.apache.tomcat.util.modeler.AttributeInfo
2019-05-11 11:06:15.095 DEBUG 8956 --- [kground-preinit] o.apache.tomcat.util.digester.Digester   :   Fire end() for SetPropertiesRule[]
2019-05-11 11:06:15.095 DEBUG 8956 --- [kground-preinit] o.apache.tomcat.util.digester.Digester   :   Fire end() for ObjectCreateRule[className=org.apache.tomcat.util.modeler.AttributeInfo, attributeName=null]
2019-05-11 11:06:15.095 DEBUG 8956 --- [kground-preinit] o.apache.tomcat.util.digester.Digester   : [ObjectCreateRule]{mbeans-descriptors/mbean/attribute} Pop org.apache.tomcat.util.modeler.AttributeInfo
2019-05-11 11:06:15.096 DEBUG 8956 --- [kground-preinit] o.a.tomcat.util.digester.Digester.sax    : characters(

    )
2019-05-11 11:06:15.096 DEBUG 8956 --- [kground-preinit] o.a.tomcat.util.digester.Digester.sax    : startElement(,,attribute)
2019-05-11 11:06:15.096 DEBUG 8956 --- [kground-preinit] o.apache.tomcat.util.digester.Digester   :   New match='mbeans-descriptors/mbean/attribute'
2019-05-11 11:06:15.096 DEBUG 8956 --- [kground-preinit] o.apache.tomcat.util.digester.Digester   :   Fire begin() for ObjectCreateRule[className=org.apache.tomcat.util.modeler.AttributeInfo, attributeName=null]
2019-05-11 11:06:15.096 DEBUG 8956 --- [kground-preinit] o.apache.tomcat.util.digester.Digester   : [ObjectCreateRule]{mbeans-descriptors/mbean/attribute}New org.apache.tomcat.util.modeler.AttributeInfo
2019-05-11 11:06:15.096 DEBUG 8956 --- [kground-preinit] o.apache.tomcat.util.digester.Digester   :   Fire begin() for SetPropertiesRule[]
2019-05-11 11:06:15.096 DEBUG 8956 --- [kground-preinit] o.apache.tomcat.util.digester.Digester   : [SetPropertiesRule]{mbeans-descriptors/mbean/attribute} Set org.apache.tomcat.util.modeler.AttributeInfo properties
2019-05-11 11:06:15.096 DEBUG 8956 --- [kground-preinit] o.apache.tomcat.util.digester.Digester   : [SetPropertiesRule]{mbeans-descriptors/mbean/attribute} Setting property 'name' to 'singleThreadModel'
2019-05-11 11:06:15.096 DEBUG 8956 --- [kground-preinit] o.apache.tomcat.util.IntrospectionUtils  : IntrospectionUtils: setProperty(class org.apache.tomcat.util.modeler.AttributeInfo name=singleThreadModel)
2019-05-11 11:06:15.096 DEBUG 8956 --- [kground-preinit] o.apache.tomcat.util.digester.Digester   : [SetPropertiesRule]{mbeans-descriptors/mbean/attribute} Setting property 'description' to 'Does this servlet implement the SingleThreadModel interface?'
2019-05-11 11:06:15.096 DEBUG 8956 --- [kground-preinit] o.apache.tomcat.util.IntrospectionUtils  : IntrospectionUtils: setProperty(class org.apache.tomcat.util.modeler.AttributeInfo description=Does this servlet implement the SingleThreadModel interface?)
2019-05-11 11:06:15.097 DEBUG 8956 --- [kground-preinit] o.apache.tomcat.util.digester.Digester   : [SetPropertiesRule]{mbeans-descriptors/mbean/attribute} Setting property 'type' to 'java.lang.Boolean'
2019-05-11 11:06:15.097 DEBUG 8956 --- [kground-preinit] o.apache.tomcat.util.IntrospectionUtils  : IntrospectionUtils: setProperty(class org.apache.tomcat.util.modeler.AttributeInfo type=java.lang.Boolean)
2019-05-11 11:06:15.097 DEBUG 8956 --- [kground-preinit] o.apache.tomcat.util.digester.Digester   : [SetPropertiesRule]{mbeans-descriptors/mbean/attribute} Setting property 'is' to 'true'
2019-05-11 11:06:15.097 DEBUG 8956 --- [kground-preinit] o.apache.tomcat.util.IntrospectionUtils  : IntrospectionUtils: setProperty(class org.apache.tomcat.util.modeler.AttributeInfo is=true)
2019-05-11 11:06:15.097 DEBUG 8956 --- [kground-preinit] o.apache.tomcat.util.digester.Digester   : [SetPropertiesRule]{mbeans-descriptors/mbean/attribute} Setting property 'writeable' to 'false'
2019-05-11 11:06:15.097 DEBUG 8956 --- [kground-preinit] o.apache.tomcat.util.IntrospectionUtils  : IntrospectionUtils: setProperty(class org.apache.tomcat.util.modeler.AttributeInfo writeable=false)
2019-05-11 11:06:15.097 DEBUG 8956 --- [kground-preinit] o.apache.tomcat.util.digester.Digester   :   Fire begin() for SetNextRule[methodName=addAttribute, paramType=org.apache.tomcat.util.modeler.AttributeInfo]
2019-05-11 11:06:15.097 DEBUG 8956 --- [kground-preinit] o.a.tomcat.util.digester.Digester.sax    : endElement(,,attribute)
2019-05-11 11:06:15.097 DEBUG 8956 --- [kground-preinit] o.apache.tomcat.util.digester.Digester   :   match='mbeans-descriptors/mbean/attribute'
2019-05-11 11:06:15.098 DEBUG 8956 --- [kground-preinit] o.apache.tomcat.util.digester.Digester   :   bodyText=''
2019-05-11 11:06:15.098 DEBUG 8956 --- [kground-preinit] o.apache.tomcat.util.digester.Digester   :   Fire body() for ObjectCreateRule[className=org.apache.tomcat.util.modeler.AttributeInfo, attributeName=null]
2019-05-11 11:06:15.098 DEBUG 8956 --- [kground-preinit] o.apache.tomcat.util.digester.Digester   :   Fire body() for SetPropertiesRule[]
2019-05-11 11:06:15.098 DEBUG 8956 --- [kground-preinit] o.apache.tomcat.util.digester.Digester   :   Fire body() for SetNextRule[methodName=addAttribute, paramType=org.apache.tomcat.util.modeler.AttributeInfo]
2019-05-11 11:06:15.098 DEBUG 8956 --- [kground-preinit] o.apache.tomcat.util.digester.Digester   :   Fire end() for SetNextRule[methodName=addAttribute, paramType=org.apache.tomcat.util.modeler.AttributeInfo]
2019-05-11 11:06:15.098 DEBUG 8956 --- [kground-preinit] o.apache.tomcat.util.digester.Digester   : [SetNextRule]{mbeans-descriptors/mbean/attribute} Call org.apache.tomcat.util.modeler.ManagedBean.addAttribute(org.apache.tomcat.util.modeler.AttributeInfo@65190b06)
2019-05-11 11:06:15.098 DEBUG 8956 --- [kground-preinit] o.apache.tomcat.util.IntrospectionUtils  : IntrospectionUtils: callMethod1 org.apache.tomcat.util.modeler.ManagedBean org.apache.tomcat.util.modeler.AttributeInfo org.apache.tomcat.util.modeler.AttributeInfo
2019-05-11 11:06:15.098 DEBUG 8956 --- [kground-preinit] o.apache.tomcat.util.digester.Digester   :   Fire end() for SetPropertiesRule[]
2019-05-11 11:06:15.098 DEBUG 8956 --- [kground-preinit] o.apache.tomcat.util.digester.Digester   :   Fire end() for ObjectCreateRule[className=org.apache.tomcat.util.modeler.AttributeInfo, attributeName=null]
2019-05-11 11:06:15.098 DEBUG 8956 --- [kground-preinit] o.apache.tomcat.util.digester.Digester   : [ObjectCreateRule]{mbeans-descriptors/mbean/attribute} Pop org.apache.tomcat.util.modeler.AttributeInfo
2019-05-11 11:06:15.099 DEBUG 8956 --- [kground-preinit] o.a.tomcat.util.digester.Digester.sax    : characters(

    )
2019-05-11 11:06:15.099 DEBUG 8956 --- [kground-preinit] o.a.tomcat.util.digester.Digester.sax    : startElement(,,attribute)
2019-05-11 11:06:15.099 DEBUG 8956 --- [kground-preinit] o.apache.tomcat.util.digester.Digester   :   New match='mbeans-descriptors/mbean/attribute'
2019-05-11 11:06:15.099 DEBUG 8956 --- [kground-preinit] o.apache.tomcat.util.digester.Digester   :   Fire begin() for ObjectCreateRule[className=org.apache.tomcat.util.modeler.AttributeInfo, attributeName=null]
2019-05-11 11:06:15.099 DEBUG 8956 --- [kground-preinit] o.apache.tomcat.util.digester.Digester   : [ObjectCreateRule]{mbeans-descriptors/mbean/attribute}New org.apache.tomcat.util.modeler.AttributeInfo
2019-05-11 11:06:15.099 DEBUG 8956 --- [kground-preinit] o.apache.tomcat.util.digester.Digester   :   Fire begin() for SetPropertiesRule[]
2019-05-11 11:06:15.099 DEBUG 8956 --- [kground-preinit] o.apache.tomcat.util.digester.Digester   : [SetPropertiesRule]{mbeans-descriptors/mbean/attribute} Set org.apache.tomcat.util.modeler.AttributeInfo properties
2019-05-11 11:06:15.099 DEBUG 8956 --- [kground-preinit] o.apache.tomcat.util.digester.Digester   : [SetPropertiesRule]{mbeans-descriptors/mbean/attribute} Setting property 'name' to 'stateName'
2019-05-11 11:06:15.100 DEBUG 8956 --- [kground-preinit] o.apache.tomcat.util.IntrospectionUtils  : IntrospectionUtils: setProperty(class org.apache.tomcat.util.modeler.AttributeInfo name=stateName)
2019-05-11 11:06:15.100 DEBUG 8956 --- [kground-preinit] o.apache.tomcat.util.digester.Digester   : [SetPropertiesRule]{mbeans-descriptors/mbean/attribute} Setting property 'description' to 'The name of the LifecycleState that this component is currently in'
2019-05-11 11:06:15.100 DEBUG 8956 --- [kground-preinit] o.apache.tomcat.util.IntrospectionUtils  : IntrospectionUtils: setProperty(class org.apache.tomcat.util.modeler.AttributeInfo description=The name of the LifecycleState that this component is currently in)
2019-05-11 11:06:15.100 DEBUG 8956 --- [kground-preinit] o.apache.tomcat.util.digester.Digester   : [SetPropertiesRule]{mbeans-descriptors/mbean/attribute} Setting property 'type' to 'java.lang.String'
2019-05-11 11:06:15.100 DEBUG 8956 --- [kground-preinit] o.apache.tomcat.util.IntrospectionUtils  : IntrospectionUtils: setProperty(class org.apache.tomcat.util.modeler.AttributeInfo type=java.lang.String)
2019-05-11 11:06:15.100 DEBUG 8956 --- [kground-preinit] o.apache.tomcat.util.digester.Digester   : [SetPropertiesRule]{mbeans-descriptors/mbean/attribute} Setting property 'writeable' to 'false'
2019-05-11 11:06:15.100 DEBUG 8956 --- [kground-preinit] o.apache.tomcat.util.IntrospectionUtils  : IntrospectionUtils: setProperty(class org.apache.tomcat.util.modeler.AttributeInfo writeable=false)
2019-05-11 11:06:15.100 DEBUG 8956 --- [kground-preinit] o.apache.tomcat.util.digester.Digester   :   Fire begin() for SetNextRule[methodName=addAttribute, paramType=org.apache.tomcat.util.modeler.AttributeInfo]
2019-05-11 11:06:15.100 DEBUG 8956 --- [kground-preinit] o.a.tomcat.util.digester.Digester.sax    : endElement(,,attribute)
2019-05-11 11:06:15.101 DEBUG 8956 --- [kground-preinit] o.apache.tomcat.util.digester.Digester   :   match='mbeans-descriptors/mbean/attribute'
2019-05-11 11:06:15.101 DEBUG 8956 --- [kground-preinit] o.apache.tomcat.util.digester.Digester   :   bodyText=''
2019-05-11 11:06:15.101 DEBUG 8956 --- [kground-preinit] o.apache.tomcat.util.digester.Digester   :   Fire body() for ObjectCreateRule[className=org.apache.tomcat.util.modeler.AttributeInfo, attributeName=null]
2019-05-11 11:06:15.101 DEBUG 8956 --- [kground-preinit] o.apache.tomcat.util.digester.Digester   :   Fire body() for SetPropertiesRule[]
2019-05-11 11:06:15.101 DEBUG 8956 --- [kground-preinit] o.apache.tomcat.util.digester.Digester   :   Fire body() for SetNextRule[methodName=addAttribute, paramType=org.apache.tomcat.util.modeler.AttributeInfo]
2019-05-11 11:06:15.101 DEBUG 8956 --- [kground-preinit] o.apache.tomcat.util.digester.Digester   :   Fire end() for SetNextRule[methodName=addAttribute, paramType=org.apache.tomcat.util.modeler.AttributeInfo]
2019-05-11 11:06:15.102 DEBUG 8956 --- [kground-preinit] o.apache.tomcat.util.digester.Digester   : [SetNextRule]{mbeans-descriptors/mbean/attribute} Call org.apache.tomcat.util.modeler.ManagedBean.addAttribute(org.apache.tomcat.util.modeler.AttributeInfo@3e4c73e5)
2019-05-11 11:06:15.102 DEBUG 8956 --- [kground-preinit] o.apache.tomcat.util.IntrospectionUtils  : IntrospectionUtils: callMethod1 org.apache.tomcat.util.modeler.ManagedBean org.apache.tomcat.util.modeler.AttributeInfo org.apache.tomcat.util.modeler.AttributeInfo
2019-05-11 11:06:15.102 DEBUG 8956 --- [kground-preinit] o.apache.tomcat.util.digester.Digester   :   Fire end() for SetPropertiesRule[]
2019-05-11 11:06:15.102 DEBUG 8956 --- [kground-preinit] o.apache.tomcat.util.digester.Digester   :   Fire end() for ObjectCreateRule[className=org.apache.tomcat.util.modeler.AttributeInfo, attributeName=null]
2019-05-11 11:06:15.102 DEBUG 8956 --- [kground-preinit] o.apache.tomcat.util.digester.Digester   : [ObjectCreateRule]{mbeans-descriptors/mbean/attribute} Pop org.apache.tomcat.util.modeler.AttributeInfo
2019-05-11 11:06:15.102 DEBUG 8956 --- [kground-preinit] o.a.tomcat.util.digester.Digester.sax    : characters(

    )
2019-05-11 11:06:15.102 DEBUG 8956 --- [kground-preinit] o.a.tomcat.util.digester.Digester.sax    : startElement(,,operation)
2019-05-11 11:06:15.103 DEBUG 8956 --- [kground-preinit] o.apache.tomcat.util.digester.Digester   :   New match='mbeans-descriptors/mbean/operation'
2019-05-11 11:06:15.103 DEBUG 8956 --- [kground-preinit] o.apache.tomcat.util.digester.Digester   :   Fire begin() for ObjectCreateRule[className=org.apache.tomcat.util.modeler.OperationInfo, attributeName=null]
2019-05-11 11:06:15.103 DEBUG 8956 --- [kground-preinit] o.apache.tomcat.util.digester.Digester   : [ObjectCreateRule]{mbeans-descriptors/mbean/operation}New org.apache.tomcat.util.modeler.OperationInfo
2019-05-11 11:06:15.103 DEBUG 8956 --- [kground-preinit] o.apache.tomcat.util.digester.Digester   :   Fire begin() for SetPropertiesRule[]
2019-05-11 11:06:15.103 DEBUG 8956 --- [kground-preinit] o.apache.tomcat.util.digester.Digester   : [SetPropertiesRule]{mbeans-descriptors/mbean/operation} Set org.apache.tomcat.util.modeler.OperationInfo properties
2019-05-11 11:06:15.104 DEBUG 8956 --- [kground-preinit] o.apache.tomcat.util.digester.Digester   : [SetPropertiesRule]{mbeans-descriptors/mbean/operation} Setting property 'name' to 'addInitParameter'
2019-05-11 11:06:15.104 DEBUG 8956 --- [           main] o.s.c.a.ConfigurationClassEnhancer       : Successfully enhanced org.springframework.transaction.annotation.ProxyTransactionManagementConfiguration; enhanced class name is: org.springframework.transaction.annotation.ProxyTransactionManagementConfiguration$$EnhancerBySpringCGLIB$$7b095dd9
2019-05-11 11:06:15.104 DEBUG 8956 --- [           main] o.s.c.a.ConfigurationClassPostProcessor  : Replacing bean definition 'org.springframework.transaction.annotation.ProxyTransactionManagementConfiguration' existing class 'org.springframework.transaction.annotation.ProxyTransactionManagementConfiguration' with enhanced class 'org.springframework.transaction.annotation.ProxyTransactionManagementConfiguration$$EnhancerBySpringCGLIB$$7b095dd9'
2019-05-11 11:06:15.104 DEBUG 8956 --- [kground-preinit] o.apache.tomcat.util.IntrospectionUtils  : IntrospectionUtils: setProperty(class org.apache.tomcat.util.modeler.OperationInfo name=addInitParameter)
2019-05-11 11:06:15.104 DEBUG 8956 --- [kground-preinit] o.apache.tomcat.util.digester.Digester   : [SetPropertiesRule]{mbeans-descriptors/mbean/operation} Setting property 'description' to 'Add a valve to this Wrapper'
2019-05-11 11:06:15.104 DEBUG 8956 --- [kground-preinit] o.apache.tomcat.util.IntrospectionUtils  : IntrospectionUtils: setProperty(class org.apache.tomcat.util.modeler.OperationInfo description=Add a valve to this Wrapper)
2019-05-11 11:06:15.105 DEBUG 8956 --- [kground-preinit] o.apache.tomcat.util.digester.Digester   : [SetPropertiesRule]{mbeans-descriptors/mbean/operation} Setting property 'impact' to 'ACTION'
2019-05-11 11:06:15.105 DEBUG 8956 --- [kground-preinit] o.apache.tomcat.util.IntrospectionUtils  : IntrospectionUtils: setProperty(class org.apache.tomcat.util.modeler.OperationInfo impact=ACTION)
2019-05-11 11:06:15.105 DEBUG 8956 --- [kground-preinit] o.apache.tomcat.util.digester.Digester   : [SetPropertiesRule]{mbeans-descriptors/mbean/operation} Setting property 'returnType' to 'void'
2019-05-11 11:06:15.106 DEBUG 8956 --- [           main] o.s.c.a.ConfigurationClassEnhancer       : Successfully enhanced org.springframework.boot.autoconfigure.transaction.TransactionAutoConfiguration$EnableTransactionManagementConfiguration$CglibAutoProxyConfiguration; enhanced class name is: org.springframework.boot.autoconfigure.transaction.TransactionAutoConfiguration$EnableTransactionManagementConfiguration$CglibAutoProxyConfiguration$$EnhancerBySpringCGLIB$$e6eea209
2019-05-11 11:06:15.107 DEBUG 8956 --- [           main] o.s.c.a.ConfigurationClassPostProcessor  : Replacing bean definition 'org.springframework.boot.autoconfigure.transaction.TransactionAutoConfiguration$EnableTransactionManagementConfiguration$CglibAutoProxyConfiguration' existing class 'org.springframework.boot.autoconfigure.transaction.TransactionAutoConfiguration$EnableTransactionManagementConfiguration$CglibAutoProxyConfiguration' with enhanced class 'org.springframework.boot.autoconfigure.transaction.TransactionAutoConfiguration$EnableTransactionManagementConfiguration$CglibAutoProxyConfiguration$$EnhancerBySpringCGLIB$$e6eea209'
2019-05-11 11:06:15.111 DEBUG 8956 --- [           main] o.s.c.a.ConfigurationClassEnhancer       : Successfully enhanced org.springframework.boot.autoconfigure.transaction.TransactionAutoConfiguration$EnableTransactionManagementConfiguration; enhanced class name is: org.springframework.boot.autoconfigure.transaction.TransactionAutoConfiguration$EnableTransactionManagementConfiguration$$EnhancerBySpringCGLIB$$577fc95
2019-05-11 11:06:15.112 DEBUG 8956 --- [           main] o.s.c.a.ConfigurationClassPostProcessor  : Replacing bean definition 'org.springframework.boot.autoconfigure.transaction.TransactionAutoConfiguration$EnableTransactionManagementConfiguration' existing class 'org.springframework.boot.autoconfigure.transaction.TransactionAutoConfiguration$EnableTransactionManagementConfiguration' with enhanced class 'org.springframework.boot.autoconfigure.transaction.TransactionAutoConfiguration$EnableTransactionManagementConfiguration$$EnhancerBySpringCGLIB$$577fc95'
2019-05-11 11:06:15.114 DEBUG 8956 --- [           main] o.s.c.a.ConfigurationClassEnhancer       : Successfully enhanced org.springframework.boot.autoconfigure.transaction.TransactionAutoConfiguration$TransactionTemplateConfiguration; enhanced class name is: org.springframework.boot.autoconfigure.transaction.TransactionAutoConfiguration$TransactionTemplateConfiguration$$EnhancerBySpringCGLIB$$7993bb1b
2019-05-11 11:06:15.114 DEBUG 8956 --- [           main] o.s.c.a.ConfigurationClassPostProcessor  : Replacing bean definition 'org.springframework.boot.autoconfigure.transaction.TransactionAutoConfiguration$TransactionTemplateConfiguration' existing class 'org.springframework.boot.autoconfigure.transaction.TransactionAutoConfiguration$TransactionTemplateConfiguration' with enhanced class 'org.springframework.boot.autoconfigure.transaction.TransactionAutoConfiguration$TransactionTemplateConfiguration$$EnhancerBySpringCGLIB$$7993bb1b'
2019-05-11 11:06:15.116 DEBUG 8956 --- [kground-preinit] o.apache.tomcat.util.IntrospectionUtils  : IntrospectionUtils: setProperty(class org.apache.tomcat.util.modeler.OperationInfo returnType=void)
2019-05-11 11:06:15.116 DEBUG 8956 --- [kground-preinit] o.apache.tomcat.util.digester.Digester   :   Fire begin() for SetNextRule[methodName=addOperation, paramType=org.apache.tomcat.util.modeler.OperationInfo]
2019-05-11 11:06:15.116 DEBUG 8956 --- [           main] o.s.c.a.ConfigurationClassEnhancer       : Successfully enhanced org.springframework.boot.autoconfigure.transaction.TransactionAutoConfiguration; enhanced class name is: org.springframework.boot.autoconfigure.transaction.TransactionAutoConfiguration$$EnhancerBySpringCGLIB$$f7d58e3
2019-05-11 11:06:15.117 DEBUG 8956 --- [           main] o.s.c.a.ConfigurationClassPostProcessor  : Replacing bean definition 'org.springframework.boot.autoconfigure.transaction.TransactionAutoConfiguration' existing class 'org.springframework.boot.autoconfigure.transaction.TransactionAutoConfiguration' with enhanced class 'org.springframework.boot.autoconfigure.transaction.TransactionAutoConfiguration$$EnhancerBySpringCGLIB$$f7d58e3'
2019-05-11 11:06:15.117 DEBUG 8956 --- [kground-preinit] o.a.tomcat.util.digester.Digester.sax    : characters(
      )
2019-05-11 11:06:15.117 DEBUG 8956 --- [kground-preinit] o.a.tomcat.util.digester.Digester.sax    : startElement(,,parameter)
2019-05-11 11:06:15.117 DEBUG 8956 --- [kground-preinit] o.apache.tomcat.util.digester.Digester   :   New match='mbeans-descriptors/mbean/operation/parameter'
2019-05-11 11:06:15.117 DEBUG 8956 --- [kground-preinit] o.apache.tomcat.util.digester.Digester   :   Fire begin() for ObjectCreateRule[className=org.apache.tomcat.util.modeler.ParameterInfo, attributeName=null]
2019-05-11 11:06:15.117 DEBUG 8956 --- [kground-preinit] o.apache.tomcat.util.digester.Digester   : [ObjectCreateRule]{mbeans-descriptors/mbean/operation/parameter}New org.apache.tomcat.util.modeler.ParameterInfo
2019-05-11 11:06:15.118 DEBUG 8956 --- [kground-preinit] o.apache.tomcat.util.digester.Digester   :   Fire begin() for SetPropertiesRule[]
2019-05-11 11:06:15.118 DEBUG 8956 --- [kground-preinit] o.apache.tomcat.util.digester.Digester   : [SetPropertiesRule]{mbeans-descriptors/mbean/operation/parameter} Set org.apache.tomcat.util.modeler.ParameterInfo properties
2019-05-11 11:06:15.118 DEBUG 8956 --- [kground-preinit] o.apache.tomcat.util.digester.Digester   : [SetPropertiesRule]{mbeans-descriptors/mbean/operation/parameter} Setting property 'name' to 'name'
2019-05-11 11:06:15.119 DEBUG 8956 --- [kground-preinit] o.apache.tomcat.util.IntrospectionUtils  : IntrospectionUtils: setProperty(class org.apache.tomcat.util.modeler.ParameterInfo name=name)
2019-05-11 11:06:15.119 DEBUG 8956 --- [kground-preinit] o.apache.tomcat.util.digester.Digester   : [SetPropertiesRule]{mbeans-descriptors/mbean/operation/parameter} Setting property 'description' to 'Name of this initialization parameter to add'
2019-05-11 11:06:15.119 DEBUG 8956 --- [kground-preinit] o.apache.tomcat.util.IntrospectionUtils  : IntrospectionUtils: setProperty(class org.apache.tomcat.util.modeler.ParameterInfo description=Name of this initialization parameter to add)
2019-05-11 11:06:15.119 DEBUG 8956 --- [kground-preinit] o.apache.tomcat.util.digester.Digester   : [SetPropertiesRule]{mbeans-descriptors/mbean/operation/parameter} Setting property 'type' to 'java.lang.String'
2019-05-11 11:06:15.120 DEBUG 8956 --- [kground-preinit] o.apache.tomcat.util.IntrospectionUtils  : IntrospectionUtils: setProperty(class org.apache.tomcat.util.modeler.ParameterInfo type=java.lang.String)
2019-05-11 11:06:15.120 DEBUG 8956 --- [kground-preinit] o.apache.tomcat.util.digester.Digester   :   Fire begin() for SetNextRule[methodName=addParameter, paramType=org.apache.tomcat.util.modeler.ParameterInfo]
2019-05-11 11:06:15.120 DEBUG 8956 --- [kground-preinit] o.a.tomcat.util.digester.Digester.sax    : endElement(,,parameter)
2019-05-11 11:06:15.120 DEBUG 8956 --- [kground-preinit] o.apache.tomcat.util.digester.Digester   :   match='mbeans-descriptors/mbean/operation/parameter'
2019-05-11 11:06:15.120 DEBUG 8956 --- [kground-preinit] o.apache.tomcat.util.digester.Digester   :   bodyText=''
2019-05-11 11:06:15.120 DEBUG 8956 --- [kground-preinit] o.apache.tomcat.util.digester.Digester   :   Fire body() for ObjectCreateRule[className=org.apache.tomcat.util.modeler.ParameterInfo, attributeName=null]
2019-05-11 11:06:15.120 DEBUG 8956 --- [kground-preinit] o.apache.tomcat.util.digester.Digester   :   Fire body() for SetPropertiesRule[]
2019-05-11 11:06:15.120 DEBUG 8956 --- [kground-preinit] o.apache.tomcat.util.digester.Digester   :   Fire body() for SetNextRule[methodName=addParameter, paramType=org.apache.tomcat.util.modeler.ParameterInfo]
2019-05-11 11:06:15.121 DEBUG 8956 --- [kground-preinit] o.apache.tomcat.util.digester.Digester   :   Fire end() for SetNextRule[methodName=addParameter, paramType=org.apache.tomcat.util.modeler.ParameterInfo]
2019-05-11 11:06:15.121 DEBUG 8956 --- [kground-preinit] o.apache.tomcat.util.digester.Digester   : [SetNextRule]{mbeans-descriptors/mbean/operation/parameter} Call org.apache.tomcat.util.modeler.OperationInfo.addParameter(org.apache.tomcat.util.modeler.ParameterInfo@77c17780)
2019-05-11 11:06:15.121 DEBUG 8956 --- [kground-preinit] o.apache.tomcat.util.IntrospectionUtils  : IntrospectionUtils: callMethod1 org.apache.tomcat.util.modeler.OperationInfo org.apache.tomcat.util.modeler.ParameterInfo org.apache.tomcat.util.modeler.ParameterInfo
2019-05-11 11:06:15.121 DEBUG 8956 --- [kground-preinit] o.apache.tomcat.util.digester.Digester   :   Fire end() for SetPropertiesRule[]
2019-05-11 11:06:15.121 DEBUG 8956 --- [kground-preinit] o.apache.tomcat.util.digester.Digester   :   Fire end() for ObjectCreateRule[className=org.apache.tomcat.util.modeler.ParameterInfo, attributeName=null]
2019-05-11 11:06:15.121 DEBUG 8956 --- [kground-preinit] o.apache.tomcat.util.digester.Digester   : [ObjectCreateRule]{mbeans-descriptors/mbean/operation/parameter} Pop org.apache.tomcat.util.modeler.ParameterInfo
2019-05-11 11:06:15.121 DEBUG 8956 --- [kground-preinit] o.a.tomcat.util.digester.Digester.sax    : characters(
      )
2019-05-11 11:06:15.122 DEBUG 8956 --- [kground-preinit] o.a.tomcat.util.digester.Digester.sax    : startElement(,,parameter)
2019-05-11 11:06:15.122 DEBUG 8956 --- [kground-preinit] o.apache.tomcat.util.digester.Digester   :   New match='mbeans-descriptors/mbean/operation/parameter'
2019-05-11 11:06:15.122 DEBUG 8956 --- [kground-preinit] o.apache.tomcat.util.digester.Digester   :   Fire begin() for ObjectCreateRule[className=org.apache.tomcat.util.modeler.ParameterInfo, attributeName=null]
2019-05-11 11:06:15.122 DEBUG 8956 --- [kground-preinit] o.apache.tomcat.util.digester.Digester   : [ObjectCreateRule]{mbeans-descriptors/mbean/operation/parameter}New org.apache.tomcat.util.modeler.ParameterInfo
2019-05-11 11:06:15.122 DEBUG 8956 --- [kground-preinit] o.apache.tomcat.util.digester.Digester   :   Fire begin() for SetPropertiesRule[]
2019-05-11 11:06:15.122 DEBUG 8956 --- [kground-preinit] o.apache.tomcat.util.digester.Digester   : [SetPropertiesRule]{mbeans-descriptors/mbean/operation/parameter} Set org.apache.tomcat.util.modeler.ParameterInfo properties
2019-05-11 11:06:15.122 DEBUG 8956 --- [kground-preinit] o.apache.tomcat.util.digester.Digester   : [SetPropertiesRule]{mbeans-descriptors/mbean/operation/parameter} Setting property 'name' to 'value'
2019-05-11 11:06:15.123 DEBUG 8956 --- [kground-preinit] o.apache.tomcat.util.IntrospectionUtils  : IntrospectionUtils: setProperty(class org.apache.tomcat.util.modeler.ParameterInfo name=value)
2019-05-11 11:06:15.123 DEBUG 8956 --- [kground-preinit] o.apache.tomcat.util.digester.Digester   : [SetPropertiesRule]{mbeans-descriptors/mbean/operation/parameter} Setting property 'description' to 'Value of this initialization parameter to add'
2019-05-11 11:06:15.123 DEBUG 8956 --- [kground-preinit] o.apache.tomcat.util.IntrospectionUtils  : IntrospectionUtils: setProperty(class org.apache.tomcat.util.modeler.ParameterInfo description=Value of this initialization parameter to add)
2019-05-11 11:06:15.123 DEBUG 8956 --- [kground-preinit] o.apache.tomcat.util.digester.Digester   : [SetPropertiesRule]{mbeans-descriptors/mbean/operation/parameter} Setting property 'type' to 'java.lang.String'
2019-05-11 11:06:15.124 DEBUG 8956 --- [kground-preinit] o.apache.tomcat.util.IntrospectionUtils  : IntrospectionUtils: setProperty(class org.apache.tomcat.util.modeler.ParameterInfo type=java.lang.String)
2019-05-11 11:06:15.124 DEBUG 8956 --- [kground-preinit] o.apache.tomcat.util.digester.Digester   :   Fire begin() for SetNextRule[methodName=addParameter, paramType=org.apache.tomcat.util.modeler.ParameterInfo]
2019-05-11 11:06:15.124 DEBUG 8956 --- [kground-preinit] o.a.tomcat.util.digester.Digester.sax    : endElement(,,parameter)
2019-05-11 11:06:15.124 DEBUG 8956 --- [kground-preinit] o.apache.tomcat.util.digester.Digester   :   match='mbeans-descriptors/mbean/operation/parameter'
2019-05-11 11:06:15.124 DEBUG 8956 --- [kground-preinit] o.apache.tomcat.util.digester.Digester   :   bodyText=''
2019-05-11 11:06:15.124 DEBUG 8956 --- [kground-preinit] o.apache.tomcat.util.digester.Digester   :   Fire body() for ObjectCreateRule[className=org.apache.tomcat.util.modeler.ParameterInfo, attributeName=null]
2019-05-11 11:06:15.124 DEBUG 8956 --- [kground-preinit] o.apache.tomcat.util.digester.Digester   :   Fire body() for SetPropertiesRule[]
2019-05-11 11:06:15.125 DEBUG 8956 --- [kground-preinit] o.apache.tomcat.util.digester.Digester   :   Fire body() for SetNextRule[methodName=addParameter, paramType=org.apache.tomcat.util.modeler.ParameterInfo]
2019-05-11 11:06:15.125 DEBUG 8956 --- [kground-preinit] o.apache.tomcat.util.digester.Digester   :   Fire end() for SetNextRule[methodName=addParameter, paramType=org.apache.tomcat.util.modeler.ParameterInfo]
2019-05-11 11:06:15.125 DEBUG 8956 --- [kground-preinit] o.apache.tomcat.util.digester.Digester   : [SetNextRule]{mbeans-descriptors/mbean/operation/parameter} Call org.apache.tomcat.util.modeler.OperationInfo.addParameter(org.apache.tomcat.util.modeler.ParameterInfo@429c990b)
2019-05-11 11:06:15.125 DEBUG 8956 --- [kground-preinit] o.apache.tomcat.util.IntrospectionUtils  : IntrospectionUtils: callMethod1 org.apache.tomcat.util.modeler.OperationInfo org.apache.tomcat.util.modeler.ParameterInfo org.apache.tomcat.util.modeler.ParameterInfo
2019-05-11 11:06:15.125 DEBUG 8956 --- [kground-preinit] o.apache.tomcat.util.digester.Digester   :   Fire end() for SetPropertiesRule[]
2019-05-11 11:06:15.125 DEBUG 8956 --- [kground-preinit] o.apache.tomcat.util.digester.Digester   :   Fire end() for ObjectCreateRule[className=org.apache.tomcat.util.modeler.ParameterInfo, attributeName=null]
2019-05-11 11:06:15.126 DEBUG 8956 --- [kground-preinit] o.apache.tomcat.util.digester.Digester   : [ObjectCreateRule]{mbeans-descriptors/mbean/operation/parameter} Pop org.apache.tomcat.util.modeler.ParameterInfo
2019-05-11 11:06:15.126 DEBUG 8956 --- [kground-preinit] o.a.tomcat.util.digester.Digester.sax    : characters(
    )
2019-05-11 11:06:15.126 DEBUG 8956 --- [kground-preinit] o.a.tomcat.util.digester.Digester.sax    : endElement(,,operation)
2019-05-11 11:06:15.126 DEBUG 8956 --- [kground-preinit] o.apache.tomcat.util.digester.Digester   :   match='mbeans-descriptors/mbean/operation'
2019-05-11 11:06:15.126 DEBUG 8956 --- [kground-preinit] o.apache.tomcat.util.digester.Digester   :   bodyText='
      
      
    '
2019-05-11 11:06:15.126 DEBUG 8956 --- [kground-preinit] o.apache.tomcat.util.digester.Digester   :   Fire body() for ObjectCreateRule[className=org.apache.tomcat.util.modeler.OperationInfo, attributeName=null]
2019-05-11 11:06:15.126 DEBUG 8956 --- [kground-preinit] o.apache.tomcat.util.digester.Digester   :   Fire body() for SetPropertiesRule[]
2019-05-11 11:06:15.127 DEBUG 8956 --- [kground-preinit] o.apache.tomcat.util.digester.Digester   :   Fire body() for SetNextRule[methodName=addOperation, paramType=org.apache.tomcat.util.modeler.OperationInfo]
2019-05-11 11:06:15.127 DEBUG 8956 --- [kground-preinit] o.apache.tomcat.util.digester.Digester   :   Fire end() for SetNextRule[methodName=addOperation, paramType=org.apache.tomcat.util.modeler.OperationInfo]
2019-05-11 11:06:15.127 DEBUG 8956 --- [kground-preinit] o.apache.tomcat.util.digester.Digester   : [SetNextRule]{mbeans-descriptors/mbean/operation} Call org.apache.tomcat.util.modeler.ManagedBean.addOperation(org.apache.tomcat.util.modeler.OperationInfo@6f70fb65)
2019-05-11 11:06:15.127 DEBUG 8956 --- [kground-preinit] o.apache.tomcat.util.IntrospectionUtils  : IntrospectionUtils: callMethod1 org.apache.tomcat.util.modeler.ManagedBean org.apache.tomcat.util.modeler.OperationInfo org.apache.tomcat.util.modeler.OperationInfo
2019-05-11 11:06:15.127 DEBUG 8956 --- [kground-preinit] o.apache.tomcat.util.digester.Digester   :   Fire end() for SetPropertiesRule[]
2019-05-11 11:06:15.128 DEBUG 8956 --- [kground-preinit] o.apache.tomcat.util.digester.Digester   :   Fire end() for ObjectCreateRule[className=org.apache.tomcat.util.modeler.OperationInfo, attributeName=null]
2019-05-11 11:06:15.128 DEBUG 8956 --- [kground-preinit] o.apache.tomcat.util.digester.Digester   : [ObjectCreateRule]{mbeans-descriptors/mbean/operation} Pop org.apache.tomcat.util.modeler.OperationInfo
2019-05-11 11:06:15.128 DEBUG 8956 --- [kground-preinit] o.a.tomcat.util.digester.Digester.sax    : characters(

    )
2019-05-11 11:06:15.128 DEBUG 8956 --- [kground-preinit] o.a.tomcat.util.digester.Digester.sax    : startElement(,,operation)
2019-05-11 11:06:15.129 DEBUG 8956 --- [kground-preinit] o.apache.tomcat.util.digester.Digester   :   New match='mbeans-descriptors/mbean/operation'
2019-05-11 11:06:15.129 DEBUG 8956 --- [kground-preinit] o.apache.tomcat.util.digester.Digester   :   Fire begin() for ObjectCreateRule[className=org.apache.tomcat.util.modeler.OperationInfo, attributeName=null]
2019-05-11 11:06:15.129 DEBUG 8956 --- [kground-preinit] o.apache.tomcat.util.digester.Digester   : [ObjectCreateRule]{mbeans-descriptors/mbean/operation}New org.apache.tomcat.util.modeler.OperationInfo
2019-05-11 11:06:15.129 DEBUG 8956 --- [kground-preinit] o.apache.tomcat.util.digester.Digester   :   Fire begin() for SetPropertiesRule[]
2019-05-11 11:06:15.130 DEBUG 8956 --- [kground-preinit] o.apache.tomcat.util.digester.Digester   : [SetPropertiesRule]{mbeans-descriptors/mbean/operation} Set org.apache.tomcat.util.modeler.OperationInfo properties
2019-05-11 11:06:15.130 DEBUG 8956 --- [           main] o.s.c.a.ConfigurationClassEnhancer       : Successfully enhanced org.springframework.boot.autoconfigure.thymeleaf.ThymeleafAutoConfiguration$ThymeleafResourceHandlingConfig; enhanced class name is: org.springframework.boot.autoconfigure.thymeleaf.ThymeleafAutoConfiguration$ThymeleafResourceHandlingConfig$$EnhancerBySpringCGLIB$$5b17ff5
2019-05-11 11:06:15.130 DEBUG 8956 --- [kground-preinit] o.apache.tomcat.util.digester.Digester   : [SetPropertiesRule]{mbeans-descriptors/mbean/operation} Setting property 'name' to 'addLifecycleListener'
2019-05-11 11:06:15.130 DEBUG 8956 --- [kground-preinit] o.apache.tomcat.util.IntrospectionUtils  : IntrospectionUtils: setProperty(class org.apache.tomcat.util.modeler.OperationInfo name=addLifecycleListener)
2019-05-11 11:06:15.130 DEBUG 8956 --- [kground-preinit] o.apache.tomcat.util.digester.Digester   : [SetPropertiesRule]{mbeans-descriptors/mbean/operation} Setting property 'description' to 'Add a lifecycle listener to this Wrapper'
2019-05-11 11:06:15.131 DEBUG 8956 --- [kground-preinit] o.apache.tomcat.util.IntrospectionUtils  : IntrospectionUtils: setProperty(class org.apache.tomcat.util.modeler.OperationInfo description=Add a lifecycle listener to this Wrapper)
2019-05-11 11:06:15.131 DEBUG 8956 --- [kground-preinit] o.apache.tomcat.util.digester.Digester   : [SetPropertiesRule]{mbeans-descriptors/mbean/operation} Setting property 'impact' to 'ACTION'
2019-05-11 11:06:15.131 DEBUG 8956 --- [kground-preinit] o.apache.tomcat.util.IntrospectionUtils  : IntrospectionUtils: setProperty(class org.apache.tomcat.util.modeler.OperationInfo impact=ACTION)
2019-05-11 11:06:15.131 DEBUG 8956 --- [           main] o.s.c.a.ConfigurationClassPostProcessor  : Replacing bean definition 'org.springframework.boot.autoconfigure.thymeleaf.ThymeleafAutoConfiguration$ThymeleafResourceHandlingConfig' existing class 'org.springframework.boot.autoconfigure.thymeleaf.ThymeleafAutoConfiguration$ThymeleafResourceHandlingConfig' with enhanced class 'org.springframework.boot.autoconfigure.thymeleaf.ThymeleafAutoConfiguration$ThymeleafResourceHandlingConfig$$EnhancerBySpringCGLIB$$5b17ff5'
2019-05-11 11:06:15.131 DEBUG 8956 --- [kground-preinit] o.apache.tomcat.util.digester.Digester   : [SetPropertiesRule]{mbeans-descriptors/mbean/operation} Setting property 'returnType' to 'void'
2019-05-11 11:06:15.131 DEBUG 8956 --- [kground-preinit] o.apache.tomcat.util.IntrospectionUtils  : IntrospectionUtils: setProperty(class org.apache.tomcat.util.modeler.OperationInfo returnType=void)
2019-05-11 11:06:15.131 DEBUG 8956 --- [kground-preinit] o.apache.tomcat.util.digester.Digester   :   Fire begin() for SetNextRule[methodName=addOperation, paramType=org.apache.tomcat.util.modeler.OperationInfo]
2019-05-11 11:06:15.132 DEBUG 8956 --- [kground-preinit] o.a.tomcat.util.digester.Digester.sax    : characters(
      )
2019-05-11 11:06:15.132 DEBUG 8956 --- [kground-preinit] o.a.tomcat.util.digester.Digester.sax    : startElement(,,parameter)
2019-05-11 11:06:15.132 DEBUG 8956 --- [kground-preinit] o.apache.tomcat.util.digester.Digester   :   New match='mbeans-descriptors/mbean/operation/parameter'
2019-05-11 11:06:15.132 DEBUG 8956 --- [kground-preinit] o.apache.tomcat.util.digester.Digester   :   Fire begin() for ObjectCreateRule[className=org.apache.tomcat.util.modeler.ParameterInfo, attributeName=null]
2019-05-11 11:06:15.132 DEBUG 8956 --- [kground-preinit] o.apache.tomcat.util.digester.Digester   : [ObjectCreateRule]{mbeans-descriptors/mbean/operation/parameter}New org.apache.tomcat.util.modeler.ParameterInfo
2019-05-11 11:06:15.132 DEBUG 8956 --- [kground-preinit] o.apache.tomcat.util.digester.Digester   :   Fire begin() for SetPropertiesRule[]
2019-05-11 11:06:15.132 DEBUG 8956 --- [kground-preinit] o.apache.tomcat.util.digester.Digester   : [SetPropertiesRule]{mbeans-descriptors/mbean/operation/parameter} Set org.apache.tomcat.util.modeler.ParameterInfo properties
2019-05-11 11:06:15.133 DEBUG 8956 --- [kground-preinit] o.apache.tomcat.util.digester.Digester   : [SetPropertiesRule]{mbeans-descriptors/mbean/operation/parameter} Setting property 'name' to 'type'
2019-05-11 11:06:15.133 DEBUG 8956 --- [kground-preinit] o.apache.tomcat.util.IntrospectionUtils  : IntrospectionUtils: setProperty(class org.apache.tomcat.util.modeler.ParameterInfo name=type)
2019-05-11 11:06:15.133 DEBUG 8956 --- [kground-preinit] o.apache.tomcat.util.digester.Digester   : [SetPropertiesRule]{mbeans-descriptors/mbean/operation/parameter} Setting property 'description' to 'Type(classname) of the new lifecycle listener to be added'
2019-05-11 11:06:15.134 DEBUG 8956 --- [kground-preinit] o.apache.tomcat.util.IntrospectionUtils  : IntrospectionUtils: setProperty(class org.apache.tomcat.util.modeler.ParameterInfo description=Type(classname) of the new lifecycle listener to be added)
2019-05-11 11:06:15.134 DEBUG 8956 --- [kground-preinit] o.apache.tomcat.util.digester.Digester   : [SetPropertiesRule]{mbeans-descriptors/mbean/operation/parameter} Setting property 'type' to 'java.lang.String'
2019-05-11 11:06:15.134 DEBUG 8956 --- [kground-preinit] o.apache.tomcat.util.IntrospectionUtils  : IntrospectionUtils: setProperty(class org.apache.tomcat.util.modeler.ParameterInfo type=java.lang.String)
2019-05-11 11:06:15.134 DEBUG 8956 --- [kground-preinit] o.apache.tomcat.util.digester.Digester   :   Fire begin() for SetNextRule[methodName=addParameter, paramType=org.apache.tomcat.util.modeler.ParameterInfo]
2019-05-11 11:06:15.134 DEBUG 8956 --- [kground-preinit] o.a.tomcat.util.digester.Digester.sax    : endElement(,,parameter)
2019-05-11 11:06:15.134 DEBUG 8956 --- [kground-preinit] o.apache.tomcat.util.digester.Digester   :   match='mbeans-descriptors/mbean/operation/parameter'
2019-05-11 11:06:15.134 DEBUG 8956 --- [           main] o.s.c.a.ConfigurationClassEnhancer       : Successfully enhanced org.springframework.boot.autoconfigure.thymeleaf.ThymeleafAutoConfiguration$ThymeleafWebLayoutConfiguration; enhanced class name is: org.springframework.boot.autoconfigure.thymeleaf.ThymeleafAutoConfiguration$ThymeleafWebLayoutConfiguration$$EnhancerBySpringCGLIB$$21958318
2019-05-11 11:06:15.134 DEBUG 8956 --- [kground-preinit] o.apache.tomcat.util.digester.Digester   :   bodyText=''
2019-05-11 11:06:15.135 DEBUG 8956 --- [           main] o.s.c.a.ConfigurationClassPostProcessor  : Replacing bean definition 'org.springframework.boot.autoconfigure.thymeleaf.ThymeleafAutoConfiguration$ThymeleafWebLayoutConfiguration' existing class 'org.springframework.boot.autoconfigure.thymeleaf.ThymeleafAutoConfiguration$ThymeleafWebLayoutConfiguration' with enhanced class 'org.springframework.boot.autoconfigure.thymeleaf.ThymeleafAutoConfiguration$ThymeleafWebLayoutConfiguration$$EnhancerBySpringCGLIB$$21958318'
2019-05-11 11:06:15.135 DEBUG 8956 --- [kground-preinit] o.apache.tomcat.util.digester.Digester   :   Fire body() for ObjectCreateRule[className=org.apache.tomcat.util.modeler.ParameterInfo, attributeName=null]
2019-05-11 11:06:15.135 DEBUG 8956 --- [kground-preinit] o.apache.tomcat.util.digester.Digester   :   Fire body() for SetPropertiesRule[]
2019-05-11 11:06:15.135 DEBUG 8956 --- [kground-preinit] o.apache.tomcat.util.digester.Digester   :   Fire body() for SetNextRule[methodName=addParameter, paramType=org.apache.tomcat.util.modeler.ParameterInfo]
2019-05-11 11:06:15.141 DEBUG 8956 --- [kground-preinit] o.apache.tomcat.util.digester.Digester   :   Fire end() for SetNextRule[methodName=addParameter, paramType=org.apache.tomcat.util.modeler.ParameterInfo]
2019-05-11 11:06:15.141 DEBUG 8956 --- [kground-preinit] o.apache.tomcat.util.digester.Digester   : [SetNextRule]{mbeans-descriptors/mbean/operation/parameter} Call org.apache.tomcat.util.modeler.OperationInfo.addParameter(org.apache.tomcat.util.modeler.ParameterInfo@32fe7e35)
2019-05-11 11:06:15.141 DEBUG 8956 --- [kground-preinit] o.apache.tomcat.util.IntrospectionUtils  : IntrospectionUtils: callMethod1 org.apache.tomcat.util.modeler.OperationInfo org.apache.tomcat.util.modeler.ParameterInfo org.apache.tomcat.util.modeler.ParameterInfo
2019-05-11 11:06:15.142 DEBUG 8956 --- [kground-preinit] o.apache.tomcat.util.digester.Digester   :   Fire end() for SetPropertiesRule[]
2019-05-11 11:06:15.142 DEBUG 8956 --- [kground-preinit] o.apache.tomcat.util.digester.Digester   :   Fire end() for ObjectCreateRule[className=org.apache.tomcat.util.modeler.ParameterInfo, attributeName=null]
2019-05-11 11:06:15.142 DEBUG 8956 --- [kground-preinit] o.apache.tomcat.util.digester.Digester   : [ObjectCreateRule]{mbeans-descriptors/mbean/operation/parameter} Pop org.apache.tomcat.util.modeler.ParameterInfo
2019-05-11 11:06:15.140 DEBUG 8956 --- [           main] o.s.c.a.ConfigurationClassEnhancer       : Successfully enhanced org.springframework.boot.autoconfigure.thymeleaf.ThymeleafAutoConfiguration$ThymeleafDefaultConfiguration; enhanced class name is: org.springframework.boot.autoconfigure.thymeleaf.ThymeleafAutoConfiguration$ThymeleafDefaultConfiguration$$EnhancerBySpringCGLIB$$39d1a075
2019-05-11 11:06:15.143 DEBUG 8956 --- [           main] o.s.c.a.ConfigurationClassPostProcessor  : Replacing bean definition 'org.springframework.boot.autoconfigure.thymeleaf.ThymeleafAutoConfiguration$ThymeleafDefaultConfiguration' existing class 'org.springframework.boot.autoconfigure.thymeleaf.ThymeleafAutoConfiguration$ThymeleafDefaultConfiguration' with enhanced class 'org.springframework.boot.autoconfigure.thymeleaf.ThymeleafAutoConfiguration$ThymeleafDefaultConfiguration$$EnhancerBySpringCGLIB$$39d1a075'
2019-05-11 11:06:15.146 DEBUG 8956 --- [kground-preinit] o.a.tomcat.util.digester.Digester.sax    : characters(
    )
2019-05-11 11:06:15.146 DEBUG 8956 --- [kground-preinit] o.a.tomcat.util.digester.Digester.sax    : endElement(,,operation)
2019-05-11 11:06:15.146 DEBUG 8956 --- [kground-preinit] o.apache.tomcat.util.digester.Digester   :   match='mbeans-descriptors/mbean/operation'
2019-05-11 11:06:15.147 DEBUG 8956 --- [kground-preinit] o.apache.tomcat.util.digester.Digester   :   bodyText='
      
    '
2019-05-11 11:06:15.147 DEBUG 8956 --- [kground-preinit] o.apache.tomcat.util.digester.Digester   :   Fire body() for ObjectCreateRule[className=org.apache.tomcat.util.modeler.OperationInfo, attributeName=null]
2019-05-11 11:06:15.147 DEBUG 8956 --- [kground-preinit] o.apache.tomcat.util.digester.Digester   :   Fire body() for SetPropertiesRule[]
2019-05-11 11:06:15.147 DEBUG 8956 --- [kground-preinit] o.apache.tomcat.util.digester.Digester   :   Fire body() for SetNextRule[methodName=addOperation, paramType=org.apache.tomcat.util.modeler.OperationInfo]
2019-05-11 11:06:15.147 DEBUG 8956 --- [kground-preinit] o.apache.tomcat.util.digester.Digester   :   Fire end() for SetNextRule[methodName=addOperation, paramType=org.apache.tomcat.util.modeler.OperationInfo]
2019-05-11 11:06:15.147 DEBUG 8956 --- [kground-preinit] o.apache.tomcat.util.digester.Digester   : [SetNextRule]{mbeans-descriptors/mbean/operation} Call org.apache.tomcat.util.modeler.ManagedBean.addOperation(org.apache.tomcat.util.modeler.OperationInfo@4eff729d)
2019-05-11 11:06:15.148 DEBUG 8956 --- [kground-preinit] o.apache.tomcat.util.IntrospectionUtils  : IntrospectionUtils: callMethod1 org.apache.tomcat.util.modeler.ManagedBean org.apache.tomcat.util.modeler.OperationInfo org.apache.tomcat.util.modeler.OperationInfo
2019-05-11 11:06:15.148 DEBUG 8956 --- [kground-preinit] o.apache.tomcat.util.digester.Digester   :   Fire end() for SetPropertiesRule[]
2019-05-11 11:06:15.148 DEBUG 8956 --- [           main] o.s.c.a.ConfigurationClassEnhancer       : Successfully enhanced org.springframework.boot.autoconfigure.thymeleaf.ThymeleafAutoConfiguration$Thymeleaf2Configuration$Thymeleaf2ViewResolverConfiguration; enhanced class name is: org.springframework.boot.autoconfigure.thymeleaf.ThymeleafAutoConfiguration$Thymeleaf2Configuration$Thymeleaf2ViewResolverConfiguration$$EnhancerBySpringCGLIB$$81539974
2019-05-11 11:06:15.148 DEBUG 8956 --- [           main] o.s.c.a.ConfigurationClassPostProcessor  : Replacing bean definition 'org.springframework.boot.autoconfigure.thymeleaf.ThymeleafAutoConfiguration$Thymeleaf2Configuration$Thymeleaf2ViewResolverConfiguration' existing class 'org.springframework.boot.autoconfigure.thymeleaf.ThymeleafAutoConfiguration$Thymeleaf2Configuration$Thymeleaf2ViewResolverConfiguration' with enhanced class 'org.springframework.boot.autoconfigure.thymeleaf.ThymeleafAutoConfiguration$Thymeleaf2Configuration$Thymeleaf2ViewResolverConfiguration$$EnhancerBySpringCGLIB$$81539974'
2019-05-11 11:06:15.148 DEBUG 8956 --- [kground-preinit] o.apache.tomcat.util.digester.Digester   :   Fire end() for ObjectCreateRule[className=org.apache.tomcat.util.modeler.OperationInfo, attributeName=null]
2019-05-11 11:06:15.149 DEBUG 8956 --- [kground-preinit] o.apache.tomcat.util.digester.Digester   : [ObjectCreateRule]{mbeans-descriptors/mbean/operation} Pop org.apache.tomcat.util.modeler.OperationInfo
2019-05-11 11:06:15.149 DEBUG 8956 --- [kground-preinit] o.a.tomcat.util.digester.Digester.sax    : characters(

    )
2019-05-11 11:06:15.149 DEBUG 8956 --- [kground-preinit] o.a.tomcat.util.digester.Digester.sax    : startElement(,,operation)
2019-05-11 11:06:15.149 DEBUG 8956 --- [kground-preinit] o.apache.tomcat.util.digester.Digester   :   New match='mbeans-descriptors/mbean/operation'
2019-05-11 11:06:15.149 DEBUG 8956 --- [kground-preinit] o.apache.tomcat.util.digester.Digester   :   Fire begin() for ObjectCreateRule[className=org.apache.tomcat.util.modeler.OperationInfo, attributeName=null]
2019-05-11 11:06:15.149 DEBUG 8956 --- [kground-preinit] o.apache.tomcat.util.digester.Digester   : [ObjectCreateRule]{mbeans-descriptors/mbean/operation}New org.apache.tomcat.util.modeler.OperationInfo
2019-05-11 11:06:15.150 DEBUG 8956 --- [kground-preinit] o.apache.tomcat.util.digester.Digester   :   Fire begin() for SetPropertiesRule[]
2019-05-11 11:06:15.150 DEBUG 8956 --- [kground-preinit] o.apache.tomcat.util.digester.Digester   : [SetPropertiesRule]{mbeans-descriptors/mbean/operation} Set org.apache.tomcat.util.modeler.OperationInfo properties
2019-05-11 11:06:15.150 DEBUG 8956 --- [kground-preinit] o.apache.tomcat.util.digester.Digester   : [SetPropertiesRule]{mbeans-descriptors/mbean/operation} Setting property 'name' to 'addMapping'
2019-05-11 11:06:15.150 DEBUG 8956 --- [kground-preinit] o.apache.tomcat.util.IntrospectionUtils  : IntrospectionUtils: setProperty(class org.apache.tomcat.util.modeler.OperationInfo name=addMapping)
2019-05-11 11:06:15.150 DEBUG 8956 --- [kground-preinit] o.apache.tomcat.util.digester.Digester   : [SetPropertiesRule]{mbeans-descriptors/mbean/operation} Setting property 'description' to 'Add a mapping associated with the Wrapper.'
2019-05-11 11:06:15.150 DEBUG 8956 --- [kground-preinit] o.apache.tomcat.util.IntrospectionUtils  : IntrospectionUtils: setProperty(class org.apache.tomcat.util.modeler.OperationInfo description=Add a mapping associated with the Wrapper.)
2019-05-11 11:06:15.150 DEBUG 8956 --- [kground-preinit] o.apache.tomcat.util.digester.Digester   : [SetPropertiesRule]{mbeans-descriptors/mbean/operation} Setting property 'impact' to 'ACTION'
2019-05-11 11:06:15.151 DEBUG 8956 --- [kground-preinit] o.apache.tomcat.util.IntrospectionUtils  : IntrospectionUtils: setProperty(class org.apache.tomcat.util.modeler.OperationInfo impact=ACTION)
2019-05-11 11:06:15.151 DEBUG 8956 --- [kground-preinit] o.apache.tomcat.util.digester.Digester   : [SetPropertiesRule]{mbeans-descriptors/mbean/operation} Setting property 'returnType' to 'void'
2019-05-11 11:06:15.151 DEBUG 8956 --- [kground-preinit] o.apache.tomcat.util.IntrospectionUtils  : IntrospectionUtils: setProperty(class org.apache.tomcat.util.modeler.OperationInfo returnType=void)
2019-05-11 11:06:15.151 DEBUG 8956 --- [kground-preinit] o.apache.tomcat.util.digester.Digester   :   Fire begin() for SetNextRule[methodName=addOperation, paramType=org.apache.tomcat.util.modeler.OperationInfo]
2019-05-11 11:06:15.151 DEBUG 8956 --- [kground-preinit] o.a.tomcat.util.digester.Digester.sax    : characters(
      )
2019-05-11 11:06:15.151 DEBUG 8956 --- [kground-preinit] o.a.tomcat.util.digester.Digester.sax    : startElement(,,parameter)
2019-05-11 11:06:15.151 DEBUG 8956 --- [kground-preinit] o.apache.tomcat.util.digester.Digester   :   New match='mbeans-descriptors/mbean/operation/parameter'
2019-05-11 11:06:15.151 DEBUG 8956 --- [kground-preinit] o.apache.tomcat.util.digester.Digester   :   Fire begin() for ObjectCreateRule[className=org.apache.tomcat.util.modeler.ParameterInfo, attributeName=null]
2019-05-11 11:06:15.152 DEBUG 8956 --- [kground-preinit] o.apache.tomcat.util.digester.Digester   : [ObjectCreateRule]{mbeans-descriptors/mbean/operation/parameter}New org.apache.tomcat.util.modeler.ParameterInfo
2019-05-11 11:06:15.152 DEBUG 8956 --- [kground-preinit] o.apache.tomcat.util.digester.Digester   :   Fire begin() for SetPropertiesRule[]
2019-05-11 11:06:15.152 DEBUG 8956 --- [kground-preinit] o.apache.tomcat.util.digester.Digester   : [SetPropertiesRule]{mbeans-descriptors/mbean/operation/parameter} Set org.apache.tomcat.util.modeler.ParameterInfo properties
2019-05-11 11:06:15.152 DEBUG 8956 --- [kground-preinit] o.apache.tomcat.util.digester.Digester   : [SetPropertiesRule]{mbeans-descriptors/mbean/operation/parameter} Setting property 'name' to 'mapping'
2019-05-11 11:06:15.152 DEBUG 8956 --- [kground-preinit] o.apache.tomcat.util.IntrospectionUtils  : IntrospectionUtils: setProperty(class org.apache.tomcat.util.modeler.ParameterInfo name=mapping)
2019-05-11 11:06:15.152 DEBUG 8956 --- [           main] o.s.c.a.ConfigurationClassEnhancer       : Successfully enhanced org.springframework.boot.autoconfigure.thymeleaf.ThymeleafAutoConfiguration$Thymeleaf2Configuration$DefaultTemplateResolverConfiguration; enhanced class name is: org.springframework.boot.autoconfigure.thymeleaf.ThymeleafAutoConfiguration$Thymeleaf2Configuration$DefaultTemplateResolverConfiguration$$EnhancerBySpringCGLIB$$ad1e7b1
2019-05-11 11:06:15.152 DEBUG 8956 --- [           main] o.s.c.a.ConfigurationClassPostProcessor  : Replacing bean definition 'org.springframework.boot.autoconfigure.thymeleaf.ThymeleafAutoConfiguration$Thymeleaf2Configuration$DefaultTemplateResolverConfiguration' existing class 'org.springframework.boot.autoconfigure.thymeleaf.ThymeleafAutoConfiguration$Thymeleaf2Configuration$DefaultTemplateResolverConfiguration' with enhanced class 'org.springframework.boot.autoconfigure.thymeleaf.ThymeleafAutoConfiguration$Thymeleaf2Configuration$DefaultTemplateResolverConfiguration$$EnhancerBySpringCGLIB$$ad1e7b1'
2019-05-11 11:06:15.152 DEBUG 8956 --- [kground-preinit] o.apache.tomcat.util.digester.Digester   : [SetPropertiesRule]{mbeans-descriptors/mbean/operation/parameter} Setting property 'description' to 'The new wrapper mapping'
2019-05-11 11:06:15.153 DEBUG 8956 --- [kground-preinit] o.apache.tomcat.util.IntrospectionUtils  : IntrospectionUtils: setProperty(class org.apache.tomcat.util.modeler.ParameterInfo description=The new wrapper mapping)
2019-05-11 11:06:15.153 DEBUG 8956 --- [kground-preinit] o.apache.tomcat.util.digester.Digester   : [SetPropertiesRule]{mbeans-descriptors/mbean/operation/parameter} Setting property 'type' to 'java.lang.String'
2019-05-11 11:06:15.153 DEBUG 8956 --- [kground-preinit] o.apache.tomcat.util.IntrospectionUtils  : IntrospectionUtils: setProperty(class org.apache.tomcat.util.modeler.ParameterInfo type=java.lang.String)
2019-05-11 11:06:15.153 DEBUG 8956 --- [kground-preinit] o.apache.tomcat.util.digester.Digester   :   Fire begin() for SetNextRule[methodName=addParameter, paramType=org.apache.tomcat.util.modeler.ParameterInfo]
2019-05-11 11:06:15.153 DEBUG 8956 --- [kground-preinit] o.a.tomcat.util.digester.Digester.sax    : endElement(,,parameter)
2019-05-11 11:06:15.153 DEBUG 8956 --- [kground-preinit] o.apache.tomcat.util.digester.Digester   :   match='mbeans-descriptors/mbean/operation/parameter'
2019-05-11 11:06:15.153 DEBUG 8956 --- [kground-preinit] o.apache.tomcat.util.digester.Digester   :   bodyText=''
2019-05-11 11:06:15.153 DEBUG 8956 --- [kground-preinit] o.apache.tomcat.util.digester.Digester   :   Fire body() for ObjectCreateRule[className=org.apache.tomcat.util.modeler.ParameterInfo, attributeName=null]
2019-05-11 11:06:15.153 DEBUG 8956 --- [kground-preinit] o.apache.tomcat.util.digester.Digester   :   Fire body() for SetPropertiesRule[]
2019-05-11 11:06:15.154 DEBUG 8956 --- [kground-preinit] o.apache.tomcat.util.digester.Digester   :   Fire body() for SetNextRule[methodName=addParameter, paramType=org.apache.tomcat.util.modeler.ParameterInfo]
2019-05-11 11:06:15.154 DEBUG 8956 --- [kground-preinit] o.apache.tomcat.util.digester.Digester   :   Fire end() for SetNextRule[methodName=addParameter, paramType=org.apache.tomcat.util.modeler.ParameterInfo]
2019-05-11 11:06:15.154 DEBUG 8956 --- [kground-preinit] o.apache.tomcat.util.digester.Digester   : [SetNextRule]{mbeans-descriptors/mbean/operation/parameter} Call org.apache.tomcat.util.modeler.OperationInfo.addParameter(org.apache.tomcat.util.modeler.ParameterInfo@688dee88)
2019-05-11 11:06:15.154 DEBUG 8956 --- [kground-preinit] o.apache.tomcat.util.IntrospectionUtils  : IntrospectionUtils: callMethod1 org.apache.tomcat.util.modeler.OperationInfo org.apache.tomcat.util.modeler.ParameterInfo org.apache.tomcat.util.modeler.ParameterInfo
2019-05-11 11:06:15.154 DEBUG 8956 --- [kground-preinit] o.apache.tomcat.util.digester.Digester   :   Fire end() for SetPropertiesRule[]
2019-05-11 11:06:15.155 DEBUG 8956 --- [kground-preinit] o.apache.tomcat.util.digester.Digester   :   Fire end() for ObjectCreateRule[className=org.apache.tomcat.util.modeler.ParameterInfo, attributeName=null]
2019-05-11 11:06:15.155 DEBUG 8956 --- [kground-preinit] o.apache.tomcat.util.digester.Digester   : [ObjectCreateRule]{mbeans-descriptors/mbean/operation/parameter} Pop org.apache.tomcat.util.modeler.ParameterInfo
2019-05-11 11:06:15.155 DEBUG 8956 --- [kground-preinit] o.a.tomcat.util.digester.Digester.sax    : characters(
    )
2019-05-11 11:06:15.155 DEBUG 8956 --- [kground-preinit] o.a.tomcat.util.digester.Digester.sax    : endElement(,,operation)
2019-05-11 11:06:15.155 DEBUG 8956 --- [kground-preinit] o.apache.tomcat.util.digester.Digester   :   match='mbeans-descriptors/mbean/operation'
2019-05-11 11:06:15.155 DEBUG 8956 --- [kground-preinit] o.apache.tomcat.util.digester.Digester   :   bodyText='
      
    '
2019-05-11 11:06:15.156 DEBUG 8956 --- [kground-preinit] o.apache.tomcat.util.digester.Digester   :   Fire body() for ObjectCreateRule[className=org.apache.tomcat.util.modeler.OperationInfo, attributeName=null]
2019-05-11 11:06:15.156 DEBUG 8956 --- [kground-preinit] o.apache.tomcat.util.digester.Digester   :   Fire body() for SetPropertiesRule[]
2019-05-11 11:06:15.156 DEBUG 8956 --- [kground-preinit] o.apache.tomcat.util.digester.Digester   :   Fire body() for SetNextRule[methodName=addOperation, paramType=org.apache.tomcat.util.modeler.OperationInfo]
2019-05-11 11:06:15.156 DEBUG 8956 --- [kground-preinit] o.apache.tomcat.util.digester.Digester   :   Fire end() for SetNextRule[methodName=addOperation, paramType=org.apache.tomcat.util.modeler.OperationInfo]
2019-05-11 11:06:15.156 DEBUG 8956 --- [kground-preinit] o.apache.tomcat.util.digester.Digester   : [SetNextRule]{mbeans-descriptors/mbean/operation} Call org.apache.tomcat.util.modeler.ManagedBean.addOperation(org.apache.tomcat.util.modeler.OperationInfo@ce9b2f)
2019-05-11 11:06:15.156 DEBUG 8956 --- [kground-preinit] o.apache.tomcat.util.IntrospectionUtils  : IntrospectionUtils: callMethod1 org.apache.tomcat.util.modeler.ManagedBean org.apache.tomcat.util.modeler.OperationInfo org.apache.tomcat.util.modeler.OperationInfo
2019-05-11 11:06:15.157 DEBUG 8956 --- [kground-preinit] o.apache.tomcat.util.digester.Digester   :   Fire end() for SetPropertiesRule[]
2019-05-11 11:06:15.157 DEBUG 8956 --- [kground-preinit] o.apache.tomcat.util.digester.Digester   :   Fire end() for ObjectCreateRule[className=org.apache.tomcat.util.modeler.OperationInfo, attributeName=null]
2019-05-11 11:06:15.158 DEBUG 8956 --- [kground-preinit] o.apache.tomcat.util.digester.Digester   : [ObjectCreateRule]{mbeans-descriptors/mbean/operation} Pop org.apache.tomcat.util.modeler.OperationInfo
2019-05-11 11:06:15.158 DEBUG 8956 --- [kground-preinit] o.a.tomcat.util.digester.Digester.sax    : characters(

    )
2019-05-11 11:06:15.158 DEBUG 8956 --- [kground-preinit] o.a.tomcat.util.digester.Digester.sax    : startElement(,,operation)
2019-05-11 11:06:15.158 DEBUG 8956 --- [kground-preinit] o.apache.tomcat.util.digester.Digester   :   New match='mbeans-descriptors/mbean/operation'
2019-05-11 11:06:15.159 DEBUG 8956 --- [kground-preinit] o.apache.tomcat.util.digester.Digester   :   Fire begin() for ObjectCreateRule[className=org.apache.tomcat.util.modeler.OperationInfo, attributeName=null]
2019-05-11 11:06:15.159 DEBUG 8956 --- [kground-preinit] o.apache.tomcat.util.digester.Digester   : [ObjectCreateRule]{mbeans-descriptors/mbean/operation}New org.apache.tomcat.util.modeler.OperationInfo
2019-05-11 11:06:15.159 DEBUG 8956 --- [kground-preinit] o.apache.tomcat.util.digester.Digester   :   Fire begin() for SetPropertiesRule[]
2019-05-11 11:06:15.160 DEBUG 8956 --- [kground-preinit] o.apache.tomcat.util.digester.Digester   : [SetPropertiesRule]{mbeans-descriptors/mbean/operation} Set org.apache.tomcat.util.modeler.OperationInfo properties
2019-05-11 11:06:15.160 DEBUG 8956 --- [kground-preinit] o.apache.tomcat.util.digester.Digester   : [SetPropertiesRule]{mbeans-descriptors/mbean/operation} Setting property 'name' to 'addSecurityReference'
2019-05-11 11:06:15.160 DEBUG 8956 --- [kground-preinit] o.apache.tomcat.util.IntrospectionUtils  : IntrospectionUtils: setProperty(class org.apache.tomcat.util.modeler.OperationInfo name=addSecurityReference)
2019-05-11 11:06:15.160 DEBUG 8956 --- [kground-preinit] o.apache.tomcat.util.digester.Digester   : [SetPropertiesRule]{mbeans-descriptors/mbean/operation} Setting property 'description' to 'Add a new security role reference record to the set of records for this servlet.'
2019-05-11 11:06:15.160 DEBUG 8956 --- [kground-preinit] o.apache.tomcat.util.IntrospectionUtils  : IntrospectionUtils: setProperty(class org.apache.tomcat.util.modeler.OperationInfo description=Add a new security role reference record to the set of records for this servlet.)
2019-05-11 11:06:15.161 DEBUG 8956 --- [kground-preinit] o.apache.tomcat.util.digester.Digester   : [SetPropertiesRule]{mbeans-descriptors/mbean/operation} Setting property 'impact' to 'ACTION'
2019-05-11 11:06:15.161 DEBUG 8956 --- [kground-preinit] o.apache.tomcat.util.IntrospectionUtils  : IntrospectionUtils: setProperty(class org.apache.tomcat.util.modeler.OperationInfo impact=ACTION)
2019-05-11 11:06:15.161 DEBUG 8956 --- [kground-preinit] o.apache.tomcat.util.digester.Digester   : [SetPropertiesRule]{mbeans-descriptors/mbean/operation} Setting property 'returnType' to 'void'
2019-05-11 11:06:15.161 DEBUG 8956 --- [kground-preinit] o.apache.tomcat.util.IntrospectionUtils  : IntrospectionUtils: setProperty(class org.apache.tomcat.util.modeler.OperationInfo returnType=void)
2019-05-11 11:06:15.161 DEBUG 8956 --- [kground-preinit] o.apache.tomcat.util.digester.Digester   :   Fire begin() for SetNextRule[methodName=addOperation, paramType=org.apache.tomcat.util.modeler.OperationInfo]
2019-05-11 11:06:15.161 DEBUG 8956 --- [kground-preinit] o.a.tomcat.util.digester.Digester.sax    : characters(
      )
2019-05-11 11:06:15.161 DEBUG 8956 --- [kground-preinit] o.a.tomcat.util.digester.Digester.sax    : startElement(,,parameter)
2019-05-11 11:06:15.161 DEBUG 8956 --- [kground-preinit] o.apache.tomcat.util.digester.Digester   :   New match='mbeans-descriptors/mbean/operation/parameter'
2019-05-11 11:06:15.161 DEBUG 8956 --- [kground-preinit] o.apache.tomcat.util.digester.Digester   :   Fire begin() for ObjectCreateRule[className=org.apache.tomcat.util.modeler.ParameterInfo, attributeName=null]
2019-05-11 11:06:15.162 DEBUG 8956 --- [kground-preinit] o.apache.tomcat.util.digester.Digester   : [ObjectCreateRule]{mbeans-descriptors/mbean/operation/parameter}New org.apache.tomcat.util.modeler.ParameterInfo
2019-05-11 11:06:15.162 DEBUG 8956 --- [kground-preinit] o.apache.tomcat.util.digester.Digester   :   Fire begin() for SetPropertiesRule[]
2019-05-11 11:06:15.162 DEBUG 8956 --- [kground-preinit] o.apache.tomcat.util.digester.Digester   : [SetPropertiesRule]{mbeans-descriptors/mbean/operation/parameter} Set org.apache.tomcat.util.modeler.ParameterInfo properties
2019-05-11 11:06:15.162 DEBUG 8956 --- [kground-preinit] o.apache.tomcat.util.digester.Digester   : [SetPropertiesRule]{mbeans-descriptors/mbean/operation/parameter} Setting property 'name' to 'name'
2019-05-11 11:06:15.162 DEBUG 8956 --- [kground-preinit] o.apache.tomcat.util.IntrospectionUtils  : IntrospectionUtils: setProperty(class org.apache.tomcat.util.modeler.ParameterInfo name=name)
2019-05-11 11:06:15.162 DEBUG 8956 --- [kground-preinit] o.apache.tomcat.util.digester.Digester   : [SetPropertiesRule]{mbeans-descriptors/mbean/operation/parameter} Setting property 'description' to 'Role name used within this servlet'
2019-05-11 11:06:15.162 DEBUG 8956 --- [kground-preinit] o.apache.tomcat.util.IntrospectionUtils  : IntrospectionUtils: setProperty(class org.apache.tomcat.util.modeler.ParameterInfo description=Role name used within this servlet)
2019-05-11 11:06:15.162 DEBUG 8956 --- [kground-preinit] o.apache.tomcat.util.digester.Digester   : [SetPropertiesRule]{mbeans-descriptors/mbean/operation/parameter} Setting property 'type' to 'java.lang.String'
2019-05-11 11:06:15.163 DEBUG 8956 --- [kground-preinit] o.apache.tomcat.util.IntrospectionUtils  : IntrospectionUtils: setProperty(class org.apache.tomcat.util.modeler.ParameterInfo type=java.lang.String)
2019-05-11 11:06:15.163 DEBUG 8956 --- [kground-preinit] o.apache.tomcat.util.digester.Digester   :   Fire begin() for SetNextRule[methodName=addParameter, paramType=org.apache.tomcat.util.modeler.ParameterInfo]
2019-05-11 11:06:15.163 DEBUG 8956 --- [kground-preinit] o.a.tomcat.util.digester.Digester.sax    : endElement(,,parameter)
2019-05-11 11:06:15.163 DEBUG 8956 --- [kground-preinit] o.apache.tomcat.util.digester.Digester   :   match='mbeans-descriptors/mbean/operation/parameter'
2019-05-11 11:06:15.163 DEBUG 8956 --- [kground-preinit] o.apache.tomcat.util.digester.Digester   :   bodyText=''
2019-05-11 11:06:15.163 DEBUG 8956 --- [kground-preinit] o.apache.tomcat.util.digester.Digester   :   Fire body() for ObjectCreateRule[className=org.apache.tomcat.util.modeler.ParameterInfo, attributeName=null]
2019-05-11 11:06:15.163 DEBUG 8956 --- [kground-preinit] o.apache.tomcat.util.digester.Digester   :   Fire body() for SetPropertiesRule[]
2019-05-11 11:06:15.163 DEBUG 8956 --- [kground-preinit] o.apache.tomcat.util.digester.Digester   :   Fire body() for SetNextRule[methodName=addParameter, paramType=org.apache.tomcat.util.modeler.ParameterInfo]
2019-05-11 11:06:15.163 DEBUG 8956 --- [kground-preinit] o.apache.tomcat.util.digester.Digester   :   Fire end() for SetNextRule[methodName=addParameter, paramType=org.apache.tomcat.util.modeler.ParameterInfo]
2019-05-11 11:06:15.163 DEBUG 8956 --- [kground-preinit] o.apache.tomcat.util.digester.Digester   : [SetNextRule]{mbeans-descriptors/mbean/operation/parameter} Call org.apache.tomcat.util.modeler.OperationInfo.addParameter(org.apache.tomcat.util.modeler.ParameterInfo@410052d5)
2019-05-11 11:06:15.164 DEBUG 8956 --- [kground-preinit] o.apache.tomcat.util.IntrospectionUtils  : IntrospectionUtils: callMethod1 org.apache.tomcat.util.modeler.OperationInfo org.apache.tomcat.util.modeler.ParameterInfo org.apache.tomcat.util.modeler.ParameterInfo
2019-05-11 11:06:15.164 DEBUG 8956 --- [kground-preinit] o.apache.tomcat.util.digester.Digester   :   Fire end() for SetPropertiesRule[]
2019-05-11 11:06:15.164 DEBUG 8956 --- [kground-preinit] o.apache.tomcat.util.digester.Digester   :   Fire end() for ObjectCreateRule[className=org.apache.tomcat.util.modeler.ParameterInfo, attributeName=null]
2019-05-11 11:06:15.164 DEBUG 8956 --- [kground-preinit] o.apache.tomcat.util.digester.Digester   : [ObjectCreateRule]{mbeans-descriptors/mbean/operation/parameter} Pop org.apache.tomcat.util.modeler.ParameterInfo
2019-05-11 11:06:15.164 DEBUG 8956 --- [kground-preinit] o.a.tomcat.util.digester.Digester.sax    : characters(
      )
2019-05-11 11:06:15.164 DEBUG 8956 --- [kground-preinit] o.a.tomcat.util.digester.Digester.sax    : startElement(,,parameter)
2019-05-11 11:06:15.164 DEBUG 8956 --- [kground-preinit] o.apache.tomcat.util.digester.Digester   :   New match='mbeans-descriptors/mbean/operation/parameter'
2019-05-11 11:06:15.164 DEBUG 8956 --- [kground-preinit] o.apache.tomcat.util.digester.Digester   :   Fire begin() for ObjectCreateRule[className=org.apache.tomcat.util.modeler.ParameterInfo, attributeName=null]
2019-05-11 11:06:15.164 DEBUG 8956 --- [kground-preinit] o.apache.tomcat.util.digester.Digester   : [ObjectCreateRule]{mbeans-descriptors/mbean/operation/parameter}New org.apache.tomcat.util.modeler.ParameterInfo
2019-05-11 11:06:15.164 DEBUG 8956 --- [kground-preinit] o.apache.tomcat.util.digester.Digester   :   Fire begin() for SetPropertiesRule[]
2019-05-11 11:06:15.165 DEBUG 8956 --- [kground-preinit] o.apache.tomcat.util.digester.Digester   : [SetPropertiesRule]{mbeans-descriptors/mbean/operation/parameter} Set org.apache.tomcat.util.modeler.ParameterInfo properties
2019-05-11 11:06:15.165 DEBUG 8956 --- [kground-preinit] o.apache.tomcat.util.digester.Digester   : [SetPropertiesRule]{mbeans-descriptors/mbean/operation/parameter} Setting property 'name' to 'link'
2019-05-11 11:06:15.165 DEBUG 8956 --- [kground-preinit] o.apache.tomcat.util.IntrospectionUtils  : IntrospectionUtils: setProperty(class org.apache.tomcat.util.modeler.ParameterInfo name=link)
2019-05-11 11:06:15.165 DEBUG 8956 --- [kground-preinit] o.apache.tomcat.util.digester.Digester   : [SetPropertiesRule]{mbeans-descriptors/mbean/operation/parameter} Setting property 'description' to 'Role name used within the web application'
2019-05-11 11:06:15.165 DEBUG 8956 --- [kground-preinit] o.apache.tomcat.util.IntrospectionUtils  : IntrospectionUtils: setProperty(class org.apache.tomcat.util.modeler.ParameterInfo description=Role name used within the web application)
2019-05-11 11:06:15.165 DEBUG 8956 --- [kground-preinit] o.apache.tomcat.util.digester.Digester   : [SetPropertiesRule]{mbeans-descriptors/mbean/operation/parameter} Setting property 'type' to 'java.lang.String'
2019-05-11 11:06:15.165 DEBUG 8956 --- [kground-preinit] o.apache.tomcat.util.IntrospectionUtils  : IntrospectionUtils: setProperty(class org.apache.tomcat.util.modeler.ParameterInfo type=java.lang.String)
2019-05-11 11:06:15.165 DEBUG 8956 --- [kground-preinit] o.apache.tomcat.util.digester.Digester   :   Fire begin() for SetNextRule[methodName=addParameter, paramType=org.apache.tomcat.util.modeler.ParameterInfo]
2019-05-11 11:06:15.165 DEBUG 8956 --- [kground-preinit] o.a.tomcat.util.digester.Digester.sax    : endElement(,,parameter)
2019-05-11 11:06:15.166 DEBUG 8956 --- [kground-preinit] o.apache.tomcat.util.digester.Digester   :   match='mbeans-descriptors/mbean/operation/parameter'
2019-05-11 11:06:15.166 DEBUG 8956 --- [kground-preinit] o.apache.tomcat.util.digester.Digester   :   bodyText=''
2019-05-11 11:06:15.166 DEBUG 8956 --- [kground-preinit] o.apache.tomcat.util.digester.Digester   :   Fire body() for ObjectCreateRule[className=org.apache.tomcat.util.modeler.ParameterInfo, attributeName=null]
2019-05-11 11:06:15.166 DEBUG 8956 --- [kground-preinit] o.apache.tomcat.util.digester.Digester   :   Fire body() for SetPropertiesRule[]
2019-05-11 11:06:15.167 DEBUG 8956 --- [kground-preinit] o.apache.tomcat.util.digester.Digester   :   Fire body() for SetNextRule[methodName=addParameter, paramType=org.apache.tomcat.util.modeler.ParameterInfo]
2019-05-11 11:06:15.167 DEBUG 8956 --- [kground-preinit] o.apache.tomcat.util.digester.Digester   :   Fire end() for SetNextRule[methodName=addParameter, paramType=org.apache.tomcat.util.modeler.ParameterInfo]
2019-05-11 11:06:15.167 DEBUG 8956 --- [kground-preinit] o.apache.tomcat.util.digester.Digester   : [SetNextRule]{mbeans-descriptors/mbean/operation/parameter} Call org.apache.tomcat.util.modeler.OperationInfo.addParameter(org.apache.tomcat.util.modeler.ParameterInfo@74deabf2)
2019-05-11 11:06:15.167 DEBUG 8956 --- [kground-preinit] o.apache.tomcat.util.IntrospectionUtils  : IntrospectionUtils: callMethod1 org.apache.tomcat.util.modeler.OperationInfo org.apache.tomcat.util.modeler.ParameterInfo org.apache.tomcat.util.modeler.ParameterInfo
2019-05-11 11:06:15.168 DEBUG 8956 --- [kground-preinit] o.apache.tomcat.util.digester.Digester   :   Fire end() for SetPropertiesRule[]
2019-05-11 11:06:15.168 DEBUG 8956 --- [kground-preinit] o.apache.tomcat.util.digester.Digester   :   Fire end() for ObjectCreateRule[className=org.apache.tomcat.util.modeler.ParameterInfo, attributeName=null]
2019-05-11 11:06:15.168 DEBUG 8956 --- [kground-preinit] o.apache.tomcat.util.digester.Digester   : [ObjectCreateRule]{mbeans-descriptors/mbean/operation/parameter} Pop org.apache.tomcat.util.modeler.ParameterInfo
2019-05-11 11:06:15.168 DEBUG 8956 --- [kground-preinit] o.a.tomcat.util.digester.Digester.sax    : characters(
    )
2019-05-11 11:06:15.168 DEBUG 8956 --- [kground-preinit] o.a.tomcat.util.digester.Digester.sax    : endElement(,,operation)
2019-05-11 11:06:15.169 DEBUG 8956 --- [kground-preinit] o.apache.tomcat.util.digester.Digester   :   match='mbeans-descriptors/mbean/operation'
2019-05-11 11:06:15.169 DEBUG 8956 --- [kground-preinit] o.apache.tomcat.util.digester.Digester   :   bodyText='
      
      
    '
2019-05-11 11:06:15.169 DEBUG 8956 --- [kground-preinit] o.apache.tomcat.util.digester.Digester   :   Fire body() for ObjectCreateRule[className=org.apache.tomcat.util.modeler.OperationInfo, attributeName=null]
2019-05-11 11:06:15.170 DEBUG 8956 --- [kground-preinit] o.apache.tomcat.util.digester.Digester   :   Fire body() for SetPropertiesRule[]
2019-05-11 11:06:15.170 DEBUG 8956 --- [kground-preinit] o.apache.tomcat.util.digester.Digester   :   Fire body() for SetNextRule[methodName=addOperation, paramType=org.apache.tomcat.util.modeler.OperationInfo]
2019-05-11 11:06:15.170 DEBUG 8956 --- [kground-preinit] o.apache.tomcat.util.digester.Digester   :   Fire end() for SetNextRule[methodName=addOperation, paramType=org.apache.tomcat.util.modeler.OperationInfo]
2019-05-11 11:06:15.170 DEBUG 8956 --- [kground-preinit] o.apache.tomcat.util.digester.Digester   : [SetNextRule]{mbeans-descriptors/mbean/operation} Call org.apache.tomcat.util.modeler.ManagedBean.addOperation(org.apache.tomcat.util.modeler.OperationInfo@7320e24f)
2019-05-11 11:06:15.170 DEBUG 8956 --- [kground-preinit] o.apache.tomcat.util.IntrospectionUtils  : IntrospectionUtils: callMethod1 org.apache.tomcat.util.modeler.ManagedBean org.apache.tomcat.util.modeler.OperationInfo org.apache.tomcat.util.modeler.OperationInfo
2019-05-11 11:06:15.171 DEBUG 8956 --- [kground-preinit] o.apache.tomcat.util.digester.Digester   :   Fire end() for SetPropertiesRule[]
2019-05-11 11:06:15.171 DEBUG 8956 --- [kground-preinit] o.apache.tomcat.util.digester.Digester   :   Fire end() for ObjectCreateRule[className=org.apache.tomcat.util.modeler.OperationInfo, attributeName=null]
2019-05-11 11:06:15.171 DEBUG 8956 --- [kground-preinit] o.apache.tomcat.util.digester.Digester   : [ObjectCreateRule]{mbeans-descriptors/mbean/operation} Pop org.apache.tomcat.util.modeler.OperationInfo
2019-05-11 11:06:15.171 DEBUG 8956 --- [kground-preinit] o.a.tomcat.util.digester.Digester.sax    : characters(

    )
2019-05-11 11:06:15.171 DEBUG 8956 --- [kground-preinit] o.a.tomcat.util.digester.Digester.sax    : startElement(,,operation)
2019-05-11 11:06:15.171 DEBUG 8956 --- [kground-preinit] o.apache.tomcat.util.digester.Digester   :   New match='mbeans-descriptors/mbean/operation'
2019-05-11 11:06:15.171 DEBUG 8956 --- [kground-preinit] o.apache.tomcat.util.digester.Digester   :   Fire begin() for ObjectCreateRule[className=org.apache.tomcat.util.modeler.OperationInfo, attributeName=null]
2019-05-11 11:06:15.171 DEBUG 8956 --- [kground-preinit] o.apache.tomcat.util.digester.Digester   : [ObjectCreateRule]{mbeans-descriptors/mbean/operation}New org.apache.tomcat.util.modeler.OperationInfo
2019-05-11 11:06:15.172 DEBUG 8956 --- [kground-preinit] o.apache.tomcat.util.digester.Digester   :   Fire begin() for SetPropertiesRule[]
2019-05-11 11:06:15.172 DEBUG 8956 --- [kground-preinit] o.apache.tomcat.util.digester.Digester   : [SetPropertiesRule]{mbeans-descriptors/mbean/operation} Set org.apache.tomcat.util.modeler.OperationInfo properties
2019-05-11 11:06:15.172 DEBUG 8956 --- [kground-preinit] o.apache.tomcat.util.digester.Digester   : [SetPropertiesRule]{mbeans-descriptors/mbean/operation} Setting property 'name' to 'addValve'
2019-05-11 11:06:15.172 DEBUG 8956 --- [kground-preinit] o.apache.tomcat.util.IntrospectionUtils  : IntrospectionUtils: setProperty(class org.apache.tomcat.util.modeler.OperationInfo name=addValve)
2019-05-11 11:06:15.172 DEBUG 8956 --- [kground-preinit] o.apache.tomcat.util.digester.Digester   : [SetPropertiesRule]{mbeans-descriptors/mbean/operation} Setting property 'description' to 'Add a valve to this Wrapper'
2019-05-11 11:06:15.172 DEBUG 8956 --- [kground-preinit] o.apache.tomcat.util.IntrospectionUtils  : IntrospectionUtils: setProperty(class org.apache.tomcat.util.modeler.OperationInfo description=Add a valve to this Wrapper)
2019-05-11 11:06:15.172 DEBUG 8956 --- [kground-preinit] o.apache.tomcat.util.digester.Digester   : [SetPropertiesRule]{mbeans-descriptors/mbean/operation} Setting property 'impact' to 'ACTION'
2019-05-11 11:06:15.172 DEBUG 8956 --- [kground-preinit] o.apache.tomcat.util.IntrospectionUtils  : IntrospectionUtils: setProperty(class org.apache.tomcat.util.modeler.OperationInfo impact=ACTION)
2019-05-11 11:06:15.172 DEBUG 8956 --- [kground-preinit] o.apache.tomcat.util.digester.Digester   : [SetPropertiesRule]{mbeans-descriptors/mbean/operation} Setting property 'returnType' to 'java.lang.String'
2019-05-11 11:06:15.173 DEBUG 8956 --- [kground-preinit] o.apache.tomcat.util.IntrospectionUtils  : IntrospectionUtils: setProperty(class org.apache.tomcat.util.modeler.OperationInfo returnType=java.lang.String)
2019-05-11 11:06:15.173 DEBUG 8956 --- [kground-preinit] o.apache.tomcat.util.digester.Digester   :   Fire begin() for SetNextRule[methodName=addOperation, paramType=org.apache.tomcat.util.modeler.OperationInfo]
2019-05-11 11:06:15.173 DEBUG 8956 --- [kground-preinit] o.a.tomcat.util.digester.Digester.sax    : characters(
      )
2019-05-11 11:06:15.173 DEBUG 8956 --- [kground-preinit] o.a.tomcat.util.digester.Digester.sax    : startElement(,,parameter)
2019-05-11 11:06:15.173 DEBUG 8956 --- [kground-preinit] o.apache.tomcat.util.digester.Digester   :   New match='mbeans-descriptors/mbean/operation/parameter'
2019-05-11 11:06:15.173 DEBUG 8956 --- [kground-preinit] o.apache.tomcat.util.digester.Digester   :   Fire begin() for ObjectCreateRule[className=org.apache.tomcat.util.modeler.ParameterInfo, attributeName=null]
2019-05-11 11:06:15.174 DEBUG 8956 --- [kground-preinit] o.apache.tomcat.util.digester.Digester   : [ObjectCreateRule]{mbeans-descriptors/mbean/operation/parameter}New org.apache.tomcat.util.modeler.ParameterInfo
2019-05-11 11:06:15.174 DEBUG 8956 --- [kground-preinit] o.apache.tomcat.util.digester.Digester   :   Fire begin() for SetPropertiesRule[]
2019-05-11 11:06:15.174 DEBUG 8956 --- [kground-preinit] o.apache.tomcat.util.digester.Digester   : [SetPropertiesRule]{mbeans-descriptors/mbean/operation/parameter} Set org.apache.tomcat.util.modeler.ParameterInfo properties
2019-05-11 11:06:15.174 DEBUG 8956 --- [kground-preinit] o.apache.tomcat.util.digester.Digester   : [SetPropertiesRule]{mbeans-descriptors/mbean/operation/parameter} Setting property 'name' to 'valveType'
2019-05-11 11:06:15.175 DEBUG 8956 --- [kground-preinit] o.apache.tomcat.util.IntrospectionUtils  : IntrospectionUtils: setProperty(class org.apache.tomcat.util.modeler.ParameterInfo name=valveType)
2019-05-11 11:06:15.175 DEBUG 8956 --- [kground-preinit] o.apache.tomcat.util.digester.Digester   : [SetPropertiesRule]{mbeans-descriptors/mbean/operation/parameter} Setting property 'description' to 'Type(classname) of the new valve to be added'
2019-05-11 11:06:15.175 DEBUG 8956 --- [kground-preinit] o.apache.tomcat.util.IntrospectionUtils  : IntrospectionUtils: setProperty(class org.apache.tomcat.util.modeler.ParameterInfo description=Type(classname) of the new valve to be added)
2019-05-11 11:06:15.175 DEBUG 8956 --- [kground-preinit] o.apache.tomcat.util.digester.Digester   : [SetPropertiesRule]{mbeans-descriptors/mbean/operation/parameter} Setting property 'type' to 'java.lang.String'
2019-05-11 11:06:15.176 DEBUG 8956 --- [kground-preinit] o.apache.tomcat.util.IntrospectionUtils  : IntrospectionUtils: setProperty(class org.apache.tomcat.util.modeler.ParameterInfo type=java.lang.String)
2019-05-11 11:06:15.176 DEBUG 8956 --- [kground-preinit] o.apache.tomcat.util.digester.Digester   :   Fire begin() for SetNextRule[methodName=addParameter, paramType=org.apache.tomcat.util.modeler.ParameterInfo]
2019-05-11 11:06:15.176 DEBUG 8956 --- [kground-preinit] o.a.tomcat.util.digester.Digester.sax    : endElement(,,parameter)
2019-05-11 11:06:15.176 DEBUG 8956 --- [kground-preinit] o.apache.tomcat.util.digester.Digester   :   match='mbeans-descriptors/mbean/operation/parameter'
2019-05-11 11:06:15.176 DEBUG 8956 --- [kground-preinit] o.apache.tomcat.util.digester.Digester   :   bodyText=''
2019-05-11 11:06:15.176 DEBUG 8956 --- [kground-preinit] o.apache.tomcat.util.digester.Digester   :   Fire body() for ObjectCreateRule[className=org.apache.tomcat.util.modeler.ParameterInfo, attributeName=null]
2019-05-11 11:06:15.177 DEBUG 8956 --- [kground-preinit] o.apache.tomcat.util.digester.Digester   :   Fire body() for SetPropertiesRule[]
2019-05-11 11:06:15.177 DEBUG 8956 --- [kground-preinit] o.apache.tomcat.util.digester.Digester   :   Fire body() for SetNextRule[methodName=addParameter, paramType=org.apache.tomcat.util.modeler.ParameterInfo]
2019-05-11 11:06:15.177 DEBUG 8956 --- [kground-preinit] o.apache.tomcat.util.digester.Digester   :   Fire end() for SetNextRule[methodName=addParameter, paramType=org.apache.tomcat.util.modeler.ParameterInfo]
2019-05-11 11:06:15.177 DEBUG 8956 --- [kground-preinit] o.apache.tomcat.util.digester.Digester   : [SetNextRule]{mbeans-descriptors/mbean/operation/parameter} Call org.apache.tomcat.util.modeler.OperationInfo.addParameter(org.apache.tomcat.util.modeler.ParameterInfo@7c308e7)
2019-05-11 11:06:15.177 DEBUG 8956 --- [kground-preinit] o.apache.tomcat.util.IntrospectionUtils  : IntrospectionUtils: callMethod1 org.apache.tomcat.util.modeler.OperationInfo org.apache.tomcat.util.modeler.ParameterInfo org.apache.tomcat.util.modeler.ParameterInfo
2019-05-11 11:06:15.177 DEBUG 8956 --- [kground-preinit] o.apache.tomcat.util.digester.Digester   :   Fire end() for SetPropertiesRule[]
2019-05-11 11:06:15.177 DEBUG 8956 --- [kground-preinit] o.apache.tomcat.util.digester.Digester   :   Fire end() for ObjectCreateRule[className=org.apache.tomcat.util.modeler.ParameterInfo, attributeName=null]
2019-05-11 11:06:15.177 DEBUG 8956 --- [kground-preinit] o.apache.tomcat.util.digester.Digester   : [ObjectCreateRule]{mbeans-descriptors/mbean/operation/parameter} Pop org.apache.tomcat.util.modeler.ParameterInfo
2019-05-11 11:06:15.177 DEBUG 8956 --- [kground-preinit] o.a.tomcat.util.digester.Digester.sax    : characters(
    )
2019-05-11 11:06:15.178 DEBUG 8956 --- [kground-preinit] o.a.tomcat.util.digester.Digester.sax    : endElement(,,operation)
2019-05-11 11:06:15.178 DEBUG 8956 --- [kground-preinit] o.apache.tomcat.util.digester.Digester   :   match='mbeans-descriptors/mbean/operation'
2019-05-11 11:06:15.178 DEBUG 8956 --- [kground-preinit] o.apache.tomcat.util.digester.Digester   :   bodyText='
      
    '
2019-05-11 11:06:15.178 DEBUG 8956 --- [kground-preinit] o.apache.tomcat.util.digester.Digester   :   Fire body() for ObjectCreateRule[className=org.apache.tomcat.util.modeler.OperationInfo, attributeName=null]
2019-05-11 11:06:15.178 DEBUG 8956 --- [kground-preinit] o.apache.tomcat.util.digester.Digester   :   Fire body() for SetPropertiesRule[]
2019-05-11 11:06:15.178 DEBUG 8956 --- [kground-preinit] o.apache.tomcat.util.digester.Digester   :   Fire body() for SetNextRule[methodName=addOperation, paramType=org.apache.tomcat.util.modeler.OperationInfo]
2019-05-11 11:06:15.178 DEBUG 8956 --- [kground-preinit] o.apache.tomcat.util.digester.Digester   :   Fire end() for SetNextRule[methodName=addOperation, paramType=org.apache.tomcat.util.modeler.OperationInfo]
2019-05-11 11:06:15.178 DEBUG 8956 --- [kground-preinit] o.apache.tomcat.util.digester.Digester   : [SetNextRule]{mbeans-descriptors/mbean/operation} Call org.apache.tomcat.util.modeler.ManagedBean.addOperation(org.apache.tomcat.util.modeler.OperationInfo@44166430)
2019-05-11 11:06:15.178 DEBUG 8956 --- [kground-preinit] o.apache.tomcat.util.IntrospectionUtils  : IntrospectionUtils: callMethod1 org.apache.tomcat.util.modeler.ManagedBean org.apache.tomcat.util.modeler.OperationInfo org.apache.tomcat.util.modeler.OperationInfo
2019-05-11 11:06:15.179 DEBUG 8956 --- [kground-preinit] o.apache.tomcat.util.digester.Digester   :   Fire end() for SetPropertiesRule[]
2019-05-11 11:06:15.179 DEBUG 8956 --- [kground-preinit] o.apache.tomcat.util.digester.Digester   :   Fire end() for ObjectCreateRule[className=org.apache.tomcat.util.modeler.OperationInfo, attributeName=null]
2019-05-11 11:06:15.179 DEBUG 8956 --- [kground-preinit] o.apache.tomcat.util.digester.Digester   : [ObjectCreateRule]{mbeans-descriptors/mbean/operation} Pop org.apache.tomcat.util.modeler.OperationInfo
2019-05-11 11:06:15.179 DEBUG 8956 --- [kground-preinit] o.a.tomcat.util.digester.Digester.sax    : characters(

    )
2019-05-11 11:06:15.180 DEBUG 8956 --- [kground-preinit] o.a.tomcat.util.digester.Digester.sax    : startElement(,,operation)
2019-05-11 11:06:15.182 DEBUG 8956 --- [kground-preinit] o.apache.tomcat.util.digester.Digester   :   New match='mbeans-descriptors/mbean/operation'
2019-05-11 11:06:15.183 DEBUG 8956 --- [kground-preinit] o.apache.tomcat.util.digester.Digester   :   Fire begin() for ObjectCreateRule[className=org.apache.tomcat.util.modeler.OperationInfo, attributeName=null]
2019-05-11 11:06:15.183 DEBUG 8956 --- [kground-preinit] o.apache.tomcat.util.digester.Digester   : [ObjectCreateRule]{mbeans-descriptors/mbean/operation}New org.apache.tomcat.util.modeler.OperationInfo
2019-05-11 11:06:15.184 DEBUG 8956 --- [kground-preinit] o.apache.tomcat.util.digester.Digester   :   Fire begin() for SetPropertiesRule[]
2019-05-11 11:06:15.184 DEBUG 8956 --- [kground-preinit] o.apache.tomcat.util.digester.Digester   : [SetPropertiesRule]{mbeans-descriptors/mbean/operation} Set org.apache.tomcat.util.modeler.OperationInfo properties
2019-05-11 11:06:15.185 DEBUG 8956 --- [kground-preinit] o.apache.tomcat.util.digester.Digester   : [SetPropertiesRule]{mbeans-descriptors/mbean/operation} Setting property 'name' to 'findInitParameter'
2019-05-11 11:06:15.185 DEBUG 8956 --- [kground-preinit] o.apache.tomcat.util.IntrospectionUtils  : IntrospectionUtils: setProperty(class org.apache.tomcat.util.modeler.OperationInfo name=findInitParameter)
2019-05-11 11:06:15.185 DEBUG 8956 --- [kground-preinit] o.apache.tomcat.util.digester.Digester   : [SetPropertiesRule]{mbeans-descriptors/mbean/operation} Setting property 'description' to 'Return the value of an initialization parameter'
2019-05-11 11:06:15.185 DEBUG 8956 --- [kground-preinit] o.apache.tomcat.util.IntrospectionUtils  : IntrospectionUtils: setProperty(class org.apache.tomcat.util.modeler.OperationInfo description=Return the value of an initialization parameter)
2019-05-11 11:06:15.185 DEBUG 8956 --- [kground-preinit] o.apache.tomcat.util.digester.Digester   : [SetPropertiesRule]{mbeans-descriptors/mbean/operation} Setting property 'impact' to 'ACTION'
2019-05-11 11:06:15.185 DEBUG 8956 --- [kground-preinit] o.apache.tomcat.util.IntrospectionUtils  : IntrospectionUtils: setProperty(class org.apache.tomcat.util.modeler.OperationInfo impact=ACTION)
2019-05-11 11:06:15.185 DEBUG 8956 --- [kground-preinit] o.apache.tomcat.util.digester.Digester   : [SetPropertiesRule]{mbeans-descriptors/mbean/operation} Setting property 'returnType' to 'java.lang.String'
2019-05-11 11:06:15.185 DEBUG 8956 --- [kground-preinit] o.apache.tomcat.util.IntrospectionUtils  : IntrospectionUtils: setProperty(class org.apache.tomcat.util.modeler.OperationInfo returnType=java.lang.String)
2019-05-11 11:06:15.185 DEBUG 8956 --- [kground-preinit] o.apache.tomcat.util.digester.Digester   :   Fire begin() for SetNextRule[methodName=addOperation, paramType=org.apache.tomcat.util.modeler.OperationInfo]
2019-05-11 11:06:15.185 DEBUG 8956 --- [kground-preinit] o.a.tomcat.util.digester.Digester.sax    : characters(
      )
2019-05-11 11:06:15.186 DEBUG 8956 --- [kground-preinit] o.a.tomcat.util.digester.Digester.sax    : startElement(,,parameter)
2019-05-11 11:06:15.186 DEBUG 8956 --- [kground-preinit] o.apache.tomcat.util.digester.Digester   :   New match='mbeans-descriptors/mbean/operation/parameter'
2019-05-11 11:06:15.186 DEBUG 8956 --- [kground-preinit] o.apache.tomcat.util.digester.Digester   :   Fire begin() for ObjectCreateRule[className=org.apache.tomcat.util.modeler.ParameterInfo, attributeName=null]
2019-05-11 11:06:15.186 DEBUG 8956 --- [kground-preinit] o.apache.tomcat.util.digester.Digester   : [ObjectCreateRule]{mbeans-descriptors/mbean/operation/parameter}New org.apache.tomcat.util.modeler.ParameterInfo
2019-05-11 11:06:15.186 DEBUG 8956 --- [kground-preinit] o.apache.tomcat.util.digester.Digester   :   Fire begin() for SetPropertiesRule[]
2019-05-11 11:06:15.186 DEBUG 8956 --- [kground-preinit] o.apache.tomcat.util.digester.Digester   : [SetPropertiesRule]{mbeans-descriptors/mbean/operation/parameter} Set org.apache.tomcat.util.modeler.ParameterInfo properties
2019-05-11 11:06:15.186 DEBUG 8956 --- [kground-preinit] o.apache.tomcat.util.digester.Digester   : [SetPropertiesRule]{mbeans-descriptors/mbean/operation/parameter} Setting property 'name' to 'name'
2019-05-11 11:06:15.186 DEBUG 8956 --- [kground-preinit] o.apache.tomcat.util.IntrospectionUtils  : IntrospectionUtils: setProperty(class org.apache.tomcat.util.modeler.ParameterInfo name=name)
2019-05-11 11:06:15.187 DEBUG 8956 --- [kground-preinit] o.apache.tomcat.util.digester.Digester   : [SetPropertiesRule]{mbeans-descriptors/mbean/operation/parameter} Setting property 'description' to 'The name of the initialization parameter'
2019-05-11 11:06:15.187 DEBUG 8956 --- [kground-preinit] o.apache.tomcat.util.IntrospectionUtils  : IntrospectionUtils: setProperty(class org.apache.tomcat.util.modeler.ParameterInfo description=The name of the initialization parameter)
2019-05-11 11:06:15.187 DEBUG 8956 --- [kground-preinit] o.apache.tomcat.util.digester.Digester   : [SetPropertiesRule]{mbeans-descriptors/mbean/operation/parameter} Setting property 'type' to 'java.lang.String'
2019-05-11 11:06:15.187 DEBUG 8956 --- [kground-preinit] o.apache.tomcat.util.IntrospectionUtils  : IntrospectionUtils: setProperty(class org.apache.tomcat.util.modeler.ParameterInfo type=java.lang.String)
2019-05-11 11:06:15.187 DEBUG 8956 --- [kground-preinit] o.apache.tomcat.util.digester.Digester   :   Fire begin() for SetNextRule[methodName=addParameter, paramType=org.apache.tomcat.util.modeler.ParameterInfo]
2019-05-11 11:06:15.187 DEBUG 8956 --- [kground-preinit] o.a.tomcat.util.digester.Digester.sax    : endElement(,,parameter)
2019-05-11 11:06:15.187 DEBUG 8956 --- [kground-preinit] o.apache.tomcat.util.digester.Digester   :   match='mbeans-descriptors/mbean/operation/parameter'
2019-05-11 11:06:15.187 DEBUG 8956 --- [kground-preinit] o.apache.tomcat.util.digester.Digester   :   bodyText=''
2019-05-11 11:06:15.187 DEBUG 8956 --- [kground-preinit] o.apache.tomcat.util.digester.Digester   :   Fire body() for ObjectCreateRule[className=org.apache.tomcat.util.modeler.ParameterInfo, attributeName=null]
2019-05-11 11:06:15.187 DEBUG 8956 --- [kground-preinit] o.apache.tomcat.util.digester.Digester   :   Fire body() for SetPropertiesRule[]
2019-05-11 11:06:15.187 DEBUG 8956 --- [kground-preinit] o.apache.tomcat.util.digester.Digester   :   Fire body() for SetNextRule[methodName=addParameter, paramType=org.apache.tomcat.util.modeler.ParameterInfo]
2019-05-11 11:06:15.187 DEBUG 8956 --- [kground-preinit] o.apache.tomcat.util.digester.Digester   :   Fire end() for SetNextRule[methodName=addParameter, paramType=org.apache.tomcat.util.modeler.ParameterInfo]
2019-05-11 11:06:15.187 DEBUG 8956 --- [kground-preinit] o.apache.tomcat.util.digester.Digester   : [SetNextRule]{mbeans-descriptors/mbean/operation/parameter} Call org.apache.tomcat.util.modeler.OperationInfo.addParameter(org.apache.tomcat.util.modeler.ParameterInfo@4596d67b)
2019-05-11 11:06:15.187 DEBUG 8956 --- [kground-preinit] o.apache.tomcat.util.IntrospectionUtils  : IntrospectionUtils: callMethod1 org.apache.tomcat.util.modeler.OperationInfo org.apache.tomcat.util.modeler.ParameterInfo org.apache.tomcat.util.modeler.ParameterInfo
2019-05-11 11:06:15.188 DEBUG 8956 --- [kground-preinit] o.apache.tomcat.util.digester.Digester   :   Fire end() for SetPropertiesRule[]
2019-05-11 11:06:15.188 DEBUG 8956 --- [kground-preinit] o.apache.tomcat.util.digester.Digester   :   Fire end() for ObjectCreateRule[className=org.apache.tomcat.util.modeler.ParameterInfo, attributeName=null]
2019-05-11 11:06:15.188 DEBUG 8956 --- [kground-preinit] o.apache.tomcat.util.digester.Digester   : [ObjectCreateRule]{mbeans-descriptors/mbean/operation/parameter} Pop org.apache.tomcat.util.modeler.ParameterInfo
2019-05-11 11:06:15.188 DEBUG 8956 --- [kground-preinit] o.a.tomcat.util.digester.Digester.sax    : characters(
    )
2019-05-11 11:06:15.188 DEBUG 8956 --- [kground-preinit] o.a.tomcat.util.digester.Digester.sax    : endElement(,,operation)
2019-05-11 11:06:15.188 DEBUG 8956 --- [kground-preinit] o.apache.tomcat.util.digester.Digester   :   match='mbeans-descriptors/mbean/operation'
2019-05-11 11:06:15.188 DEBUG 8956 --- [kground-preinit] o.apache.tomcat.util.digester.Digester   :   bodyText='
      
    '
2019-05-11 11:06:15.188 DEBUG 8956 --- [kground-preinit] o.apache.tomcat.util.digester.Digester   :   Fire body() for ObjectCreateRule[className=org.apache.tomcat.util.modeler.OperationInfo, attributeName=null]
2019-05-11 11:06:15.188 DEBUG 8956 --- [kground-preinit] o.apache.tomcat.util.digester.Digester   :   Fire body() for SetPropertiesRule[]
2019-05-11 11:06:15.188 DEBUG 8956 --- [kground-preinit] o.apache.tomcat.util.digester.Digester   :   Fire body() for SetNextRule[methodName=addOperation, paramType=org.apache.tomcat.util.modeler.OperationInfo]
2019-05-11 11:06:15.188 DEBUG 8956 --- [kground-preinit] o.apache.tomcat.util.digester.Digester   :   Fire end() for SetNextRule[methodName=addOperation, paramType=org.apache.tomcat.util.modeler.OperationInfo]
2019-05-11 11:06:15.188 DEBUG 8956 --- [kground-preinit] o.apache.tomcat.util.digester.Digester   : [SetNextRule]{mbeans-descriptors/mbean/operation} Call org.apache.tomcat.util.modeler.ManagedBean.addOperation(org.apache.tomcat.util.modeler.OperationInfo@3150761c)
2019-05-11 11:06:15.188 DEBUG 8956 --- [kground-preinit] o.apache.tomcat.util.IntrospectionUtils  : IntrospectionUtils: callMethod1 org.apache.tomcat.util.modeler.ManagedBean org.apache.tomcat.util.modeler.OperationInfo org.apache.tomcat.util.modeler.OperationInfo
2019-05-11 11:06:15.188 DEBUG 8956 --- [kground-preinit] o.apache.tomcat.util.digester.Digester   :   Fire end() for SetPropertiesRule[]
2019-05-11 11:06:15.189 DEBUG 8956 --- [kground-preinit] o.apache.tomcat.util.digester.Digester   :   Fire end() for ObjectCreateRule[className=org.apache.tomcat.util.modeler.OperationInfo, attributeName=null]
2019-05-11 11:06:15.189 DEBUG 8956 --- [kground-preinit] o.apache.tomcat.util.digester.Digester   : [ObjectCreateRule]{mbeans-descriptors/mbean/operation} Pop org.apache.tomcat.util.modeler.OperationInfo
2019-05-11 11:06:15.189 DEBUG 8956 --- [kground-preinit] o.a.tomcat.util.digester.Digester.sax    : characters(

    )
2019-05-11 11:06:15.189 DEBUG 8956 --- [kground-preinit] o.a.tomcat.util.digester.Digester.sax    : startElement(,,operation)
2019-05-11 11:06:15.189 DEBUG 8956 --- [kground-preinit] o.apache.tomcat.util.digester.Digester   :   New match='mbeans-descriptors/mbean/operation'
2019-05-11 11:06:15.189 DEBUG 8956 --- [kground-preinit] o.apache.tomcat.util.digester.Digester   :   Fire begin() for ObjectCreateRule[className=org.apache.tomcat.util.modeler.OperationInfo, attributeName=null]
2019-05-11 11:06:15.189 DEBUG 8956 --- [kground-preinit] o.apache.tomcat.util.digester.Digester   : [ObjectCreateRule]{mbeans-descriptors/mbean/operation}New org.apache.tomcat.util.modeler.OperationInfo
2019-05-11 11:06:15.189 DEBUG 8956 --- [kground-preinit] o.apache.tomcat.util.digester.Digester   :   Fire begin() for SetPropertiesRule[]
2019-05-11 11:06:15.189 DEBUG 8956 --- [kground-preinit] o.apache.tomcat.util.digester.Digester   : [SetPropertiesRule]{mbeans-descriptors/mbean/operation} Set org.apache.tomcat.util.modeler.OperationInfo properties
2019-05-11 11:06:15.189 DEBUG 8956 --- [kground-preinit] o.apache.tomcat.util.digester.Digester   : [SetPropertiesRule]{mbeans-descriptors/mbean/operation} Setting property 'name' to 'findInitParameters'
2019-05-11 11:06:15.189 DEBUG 8956 --- [kground-preinit] o.apache.tomcat.util.IntrospectionUtils  : IntrospectionUtils: setProperty(class org.apache.tomcat.util.modeler.OperationInfo name=findInitParameters)
2019-05-11 11:06:15.189 DEBUG 8956 --- [kground-preinit] o.apache.tomcat.util.digester.Digester   : [SetPropertiesRule]{mbeans-descriptors/mbean/operation} Setting property 'description' to 'Return the names of all defined initialization parameters for this servlet.'
2019-05-11 11:06:15.190 DEBUG 8956 --- [kground-preinit] o.apache.tomcat.util.IntrospectionUtils  : IntrospectionUtils: setProperty(class org.apache.tomcat.util.modeler.OperationInfo description=Return the names of all defined initialization parameters for this servlet.)
2019-05-11 11:06:15.190 DEBUG 8956 --- [kground-preinit] o.apache.tomcat.util.digester.Digester   : [SetPropertiesRule]{mbeans-descriptors/mbean/operation} Setting property 'impact' to 'INFO'
2019-05-11 11:06:15.190 DEBUG 8956 --- [kground-preinit] o.apache.tomcat.util.IntrospectionUtils  : IntrospectionUtils: setProperty(class org.apache.tomcat.util.modeler.OperationInfo impact=INFO)
2019-05-11 11:06:15.190 DEBUG 8956 --- [kground-preinit] o.apache.tomcat.util.digester.Digester   : [SetPropertiesRule]{mbeans-descriptors/mbean/operation} Setting property 'returnType' to '[Ljava.lang.String;'
2019-05-11 11:06:15.190 DEBUG 8956 --- [kground-preinit] o.apache.tomcat.util.IntrospectionUtils  : IntrospectionUtils: setProperty(class org.apache.tomcat.util.modeler.OperationInfo returnType=[Ljava.lang.String;)
2019-05-11 11:06:15.190 DEBUG 8956 --- [kground-preinit] o.apache.tomcat.util.digester.Digester   :   Fire begin() for SetNextRule[methodName=addOperation, paramType=org.apache.tomcat.util.modeler.OperationInfo]
2019-05-11 11:06:15.190 DEBUG 8956 --- [kground-preinit] o.a.tomcat.util.digester.Digester.sax    : characters(
    )
2019-05-11 11:06:15.192 DEBUG 8956 --- [kground-preinit] o.a.tomcat.util.digester.Digester.sax    : endElement(,,operation)
2019-05-11 11:06:15.192 DEBUG 8956 --- [kground-preinit] o.apache.tomcat.util.digester.Digester   :   match='mbeans-descriptors/mbean/operation'
2019-05-11 11:06:15.192 DEBUG 8956 --- [kground-preinit] o.apache.tomcat.util.digester.Digester   :   bodyText='
    '
2019-05-11 11:06:15.192 DEBUG 8956 --- [kground-preinit] o.apache.tomcat.util.digester.Digester   :   Fire body() for ObjectCreateRule[className=org.apache.tomcat.util.modeler.OperationInfo, attributeName=null]
2019-05-11 11:06:15.193 DEBUG 8956 --- [kground-preinit] o.apache.tomcat.util.digester.Digester   :   Fire body() for SetPropertiesRule[]
2019-05-11 11:06:15.193 DEBUG 8956 --- [kground-preinit] o.apache.tomcat.util.digester.Digester   :   Fire body() for SetNextRule[methodName=addOperation, paramType=org.apache.tomcat.util.modeler.OperationInfo]
2019-05-11 11:06:15.193 DEBUG 8956 --- [kground-preinit] o.apache.tomcat.util.digester.Digester   :   Fire end() for SetNextRule[methodName=addOperation, paramType=org.apache.tomcat.util.modeler.OperationInfo]
2019-05-11 11:06:15.193 DEBUG 8956 --- [kground-preinit] o.apache.tomcat.util.digester.Digester   : [SetNextRule]{mbeans-descriptors/mbean/operation} Call org.apache.tomcat.util.modeler.ManagedBean.addOperation(org.apache.tomcat.util.modeler.OperationInfo@2ecbd4e1)
2019-05-11 11:06:15.193 DEBUG 8956 --- [kground-preinit] o.apache.tomcat.util.IntrospectionUtils  : IntrospectionUtils: callMethod1 org.apache.tomcat.util.modeler.ManagedBean org.apache.tomcat.util.modeler.OperationInfo org.apache.tomcat.util.modeler.OperationInfo
2019-05-11 11:06:15.194 DEBUG 8956 --- [kground-preinit] o.apache.tomcat.util.digester.Digester   :   Fire end() for SetPropertiesRule[]
2019-05-11 11:06:15.194 DEBUG 8956 --- [kground-preinit] o.apache.tomcat.util.digester.Digester   :   Fire end() for ObjectCreateRule[className=org.apache.tomcat.util.modeler.OperationInfo, attributeName=null]
2019-05-11 11:06:15.194 DEBUG 8956 --- [kground-preinit] o.apache.tomcat.util.digester.Digester   : [ObjectCreateRule]{mbeans-descriptors/mbean/operation} Pop org.apache.tomcat.util.modeler.OperationInfo
2019-05-11 11:06:15.194 DEBUG 8956 --- [kground-preinit] o.a.tomcat.util.digester.Digester.sax    : characters(

    )
2019-05-11 11:06:15.194 DEBUG 8956 --- [kground-preinit] o.a.tomcat.util.digester.Digester.sax    : startElement(,,operation)
2019-05-11 11:06:15.194 DEBUG 8956 --- [kground-preinit] o.apache.tomcat.util.digester.Digester   :   New match='mbeans-descriptors/mbean/operation'
2019-05-11 11:06:15.195 DEBUG 8956 --- [kground-preinit] o.apache.tomcat.util.digester.Digester   :   Fire begin() for ObjectCreateRule[className=org.apache.tomcat.util.modeler.OperationInfo, attributeName=null]
2019-05-11 11:06:15.195 DEBUG 8956 --- [kground-preinit] o.apache.tomcat.util.digester.Digester   : [ObjectCreateRule]{mbeans-descriptors/mbean/operation}New org.apache.tomcat.util.modeler.OperationInfo
2019-05-11 11:06:15.195 DEBUG 8956 --- [kground-preinit] o.apache.tomcat.util.digester.Digester   :   Fire begin() for SetPropertiesRule[]
2019-05-11 11:06:15.195 DEBUG 8956 --- [kground-preinit] o.apache.tomcat.util.digester.Digester   : [SetPropertiesRule]{mbeans-descriptors/mbean/operation} Set org.apache.tomcat.util.modeler.OperationInfo properties
2019-05-11 11:06:15.195 DEBUG 8956 --- [kground-preinit] o.apache.tomcat.util.digester.Digester   : [SetPropertiesRule]{mbeans-descriptors/mbean/operation} Setting property 'name' to 'findMappings'
2019-05-11 11:06:15.195 DEBUG 8956 --- [kground-preinit] o.apache.tomcat.util.IntrospectionUtils  : IntrospectionUtils: setProperty(class org.apache.tomcat.util.modeler.OperationInfo name=findMappings)
2019-05-11 11:06:15.196 DEBUG 8956 --- [kground-preinit] o.apache.tomcat.util.digester.Digester   : [SetPropertiesRule]{mbeans-descriptors/mbean/operation} Setting property 'description' to 'Return the mappings associated with this wrapper'
2019-05-11 11:06:15.196 DEBUG 8956 --- [kground-preinit] o.apache.tomcat.util.IntrospectionUtils  : IntrospectionUtils: setProperty(class org.apache.tomcat.util.modeler.OperationInfo description=Return the mappings associated with this wrapper)
2019-05-11 11:06:15.196 DEBUG 8956 --- [kground-preinit] o.apache.tomcat.util.digester.Digester   : [SetPropertiesRule]{mbeans-descriptors/mbean/operation} Setting property 'impact' to 'INFO'
2019-05-11 11:06:15.196 DEBUG 8956 --- [kground-preinit] o.apache.tomcat.util.IntrospectionUtils  : IntrospectionUtils: setProperty(class org.apache.tomcat.util.modeler.OperationInfo impact=INFO)
2019-05-11 11:06:15.196 DEBUG 8956 --- [kground-preinit] o.apache.tomcat.util.digester.Digester   : [SetPropertiesRule]{mbeans-descriptors/mbean/operation} Setting property 'returnType' to '[Ljava.lang.String;'
2019-05-11 11:06:15.196 DEBUG 8956 --- [kground-preinit] o.apache.tomcat.util.IntrospectionUtils  : IntrospectionUtils: setProperty(class org.apache.tomcat.util.modeler.OperationInfo returnType=[Ljava.lang.String;)
2019-05-11 11:06:15.196 DEBUG 8956 --- [kground-preinit] o.apache.tomcat.util.digester.Digester   :   Fire begin() for SetNextRule[methodName=addOperation, paramType=org.apache.tomcat.util.modeler.OperationInfo]
2019-05-11 11:06:15.197 DEBUG 8956 --- [kground-preinit] o.a.tomcat.util.digester.Digester.sax    : characters(
    )
2019-05-11 11:06:15.197 DEBUG 8956 --- [kground-preinit] o.a.tomcat.util.digester.Digester.sax    : endElement(,,operation)
2019-05-11 11:06:15.197 DEBUG 8956 --- [kground-preinit] o.apache.tomcat.util.digester.Digester   :   match='mbeans-descriptors/mbean/operation'
2019-05-11 11:06:15.197 DEBUG 8956 --- [kground-preinit] o.apache.tomcat.util.digester.Digester   :   bodyText='
    '
2019-05-11 11:06:15.197 DEBUG 8956 --- [kground-preinit] o.apache.tomcat.util.digester.Digester   :   Fire body() for ObjectCreateRule[className=org.apache.tomcat.util.modeler.OperationInfo, attributeName=null]
2019-05-11 11:06:15.198 DEBUG 8956 --- [kground-preinit] o.apache.tomcat.util.digester.Digester   :   Fire body() for SetPropertiesRule[]
2019-05-11 11:06:15.198 DEBUG 8956 --- [kground-preinit] o.apache.tomcat.util.digester.Digester   :   Fire body() for SetNextRule[methodName=addOperation, paramType=org.apache.tomcat.util.modeler.OperationInfo]
2019-05-11 11:06:15.198 DEBUG 8956 --- [kground-preinit] o.apache.tomcat.util.digester.Digester   :   Fire end() for SetNextRule[methodName=addOperation, paramType=org.apache.tomcat.util.modeler.OperationInfo]
2019-05-11 11:06:15.198 DEBUG 8956 --- [kground-preinit] o.apache.tomcat.util.digester.Digester   : [SetNextRule]{mbeans-descriptors/mbean/operation} Call org.apache.tomcat.util.modeler.ManagedBean.addOperation(org.apache.tomcat.util.modeler.OperationInfo@590b12ec)
2019-05-11 11:06:15.198 DEBUG 8956 --- [kground-preinit] o.apache.tomcat.util.IntrospectionUtils  : IntrospectionUtils: callMethod1 org.apache.tomcat.util.modeler.ManagedBean org.apache.tomcat.util.modeler.OperationInfo org.apache.tomcat.util.modeler.OperationInfo
2019-05-11 11:06:15.198 DEBUG 8956 --- [kground-preinit] o.apache.tomcat.util.digester.Digester   :   Fire end() for SetPropertiesRule[]
2019-05-11 11:06:15.198 DEBUG 8956 --- [kground-preinit] o.apache.tomcat.util.digester.Digester   :   Fire end() for ObjectCreateRule[className=org.apache.tomcat.util.modeler.OperationInfo, attributeName=null]
2019-05-11 11:06:15.199 DEBUG 8956 --- [kground-preinit] o.apache.tomcat.util.digester.Digester   : [ObjectCreateRule]{mbeans-descriptors/mbean/operation} Pop org.apache.tomcat.util.modeler.OperationInfo
2019-05-11 11:06:15.199 DEBUG 8956 --- [kground-preinit] o.a.tomcat.util.digester.Digester.sax    : characters(

    )
2019-05-11 11:06:15.199 DEBUG 8956 --- [kground-preinit] o.a.tomcat.util.digester.Digester.sax    : startElement(,,operation)
2019-05-11 11:06:15.199 DEBUG 8956 --- [kground-preinit] o.apache.tomcat.util.digester.Digester   :   New match='mbeans-descriptors/mbean/operation'
2019-05-11 11:06:15.200 DEBUG 8956 --- [kground-preinit] o.apache.tomcat.util.digester.Digester   :   Fire begin() for ObjectCreateRule[className=org.apache.tomcat.util.modeler.OperationInfo, attributeName=null]
2019-05-11 11:06:15.200 DEBUG 8956 --- [kground-preinit] o.apache.tomcat.util.digester.Digester   : [ObjectCreateRule]{mbeans-descriptors/mbean/operation}New org.apache.tomcat.util.modeler.OperationInfo
2019-05-11 11:06:15.200 DEBUG 8956 --- [kground-preinit] o.apache.tomcat.util.digester.Digester   :   Fire begin() for SetPropertiesRule[]
2019-05-11 11:06:15.200 DEBUG 8956 --- [kground-preinit] o.apache.tomcat.util.digester.Digester   : [SetPropertiesRule]{mbeans-descriptors/mbean/operation} Set org.apache.tomcat.util.modeler.OperationInfo properties
2019-05-11 11:06:15.200 DEBUG 8956 --- [kground-preinit] o.apache.tomcat.util.digester.Digester   : [SetPropertiesRule]{mbeans-descriptors/mbean/operation} Setting property 'name' to 'findMappingObject'
2019-05-11 11:06:15.201 DEBUG 8956 --- [kground-preinit] o.apache.tomcat.util.IntrospectionUtils  : IntrospectionUtils: setProperty(class org.apache.tomcat.util.modeler.OperationInfo name=findMappingObject)
2019-05-11 11:06:15.201 DEBUG 8956 --- [kground-preinit] o.apache.tomcat.util.digester.Digester   : [SetPropertiesRule]{mbeans-descriptors/mbean/operation} Setting property 'description' to 'Return an object which may be utilized for mapping to this component'
2019-05-11 11:06:15.201 DEBUG 8956 --- [kground-preinit] o.apache.tomcat.util.IntrospectionUtils  : IntrospectionUtils: setProperty(class org.apache.tomcat.util.modeler.OperationInfo description=Return an object which may be utilized for mapping to this component)
2019-05-11 11:06:15.201 DEBUG 8956 --- [kground-preinit] o.apache.tomcat.util.digester.Digester   : [SetPropertiesRule]{mbeans-descriptors/mbean/operation} Setting property 'impact' to 'INFO'
2019-05-11 11:06:15.201 DEBUG 8956 --- [kground-preinit] o.apache.tomcat.util.IntrospectionUtils  : IntrospectionUtils: setProperty(class org.apache.tomcat.util.modeler.OperationInfo impact=INFO)
2019-05-11 11:06:15.201 DEBUG 8956 --- [kground-preinit] o.apache.tomcat.util.digester.Digester   : [SetPropertiesRule]{mbeans-descriptors/mbean/operation} Setting property 'returnType' to 'org.apache.catalina.Wrapper'
2019-05-11 11:06:15.201 DEBUG 8956 --- [kground-preinit] o.apache.tomcat.util.IntrospectionUtils  : IntrospectionUtils: setProperty(class org.apache.tomcat.util.modeler.OperationInfo returnType=org.apache.catalina.Wrapper)
2019-05-11 11:06:15.201 DEBUG 8956 --- [kground-preinit] o.apache.tomcat.util.digester.Digester   :   Fire begin() for SetNextRule[methodName=addOperation, paramType=org.apache.tomcat.util.modeler.OperationInfo]
2019-05-11 11:06:15.201 DEBUG 8956 --- [kground-preinit] o.a.tomcat.util.digester.Digester.sax    : characters(
    )
2019-05-11 11:06:15.201 DEBUG 8956 --- [kground-preinit] o.a.tomcat.util.digester.Digester.sax    : endElement(,,operation)
2019-05-11 11:06:15.201 DEBUG 8956 --- [kground-preinit] o.apache.tomcat.util.digester.Digester   :   match='mbeans-descriptors/mbean/operation'
2019-05-11 11:06:15.202 DEBUG 8956 --- [kground-preinit] o.apache.tomcat.util.digester.Digester   :   bodyText='
    '
2019-05-11 11:06:15.202 DEBUG 8956 --- [kground-preinit] o.apache.tomcat.util.digester.Digester   :   Fire body() for ObjectCreateRule[className=org.apache.tomcat.util.modeler.OperationInfo, attributeName=null]
2019-05-11 11:06:15.202 DEBUG 8956 --- [kground-preinit] o.apache.tomcat.util.digester.Digester   :   Fire body() for SetPropertiesRule[]
2019-05-11 11:06:15.202 DEBUG 8956 --- [kground-preinit] o.apache.tomcat.util.digester.Digester   :   Fire body() for SetNextRule[methodName=addOperation, paramType=org.apache.tomcat.util.modeler.OperationInfo]
2019-05-11 11:06:15.202 DEBUG 8956 --- [kground-preinit] o.apache.tomcat.util.digester.Digester   :   Fire end() for SetNextRule[methodName=addOperation, paramType=org.apache.tomcat.util.modeler.OperationInfo]
2019-05-11 11:06:15.202 DEBUG 8956 --- [kground-preinit] o.apache.tomcat.util.digester.Digester   : [SetNextRule]{mbeans-descriptors/mbean/operation} Call org.apache.tomcat.util.modeler.ManagedBean.addOperation(org.apache.tomcat.util.modeler.OperationInfo@2add32b8)
2019-05-11 11:06:15.202 DEBUG 8956 --- [kground-preinit] o.apache.tomcat.util.IntrospectionUtils  : IntrospectionUtils: callMethod1 org.apache.tomcat.util.modeler.ManagedBean org.apache.tomcat.util.modeler.OperationInfo org.apache.tomcat.util.modeler.OperationInfo
2019-05-11 11:06:15.202 DEBUG 8956 --- [kground-preinit] o.apache.tomcat.util.digester.Digester   :   Fire end() for SetPropertiesRule[]
2019-05-11 11:06:15.202 DEBUG 8956 --- [kground-preinit] o.apache.tomcat.util.digester.Digester   :   Fire end() for ObjectCreateRule[className=org.apache.tomcat.util.modeler.OperationInfo, attributeName=null]
2019-05-11 11:06:15.202 DEBUG 8956 --- [kground-preinit] o.apache.tomcat.util.digester.Digester   : [ObjectCreateRule]{mbeans-descriptors/mbean/operation} Pop org.apache.tomcat.util.modeler.OperationInfo
2019-05-11 11:06:15.202 DEBUG 8956 --- [kground-preinit] o.a.tomcat.util.digester.Digester.sax    : characters(

    )
2019-05-11 11:06:15.203 DEBUG 8956 --- [kground-preinit] o.a.tomcat.util.digester.Digester.sax    : startElement(,,operation)
2019-05-11 11:06:15.203 DEBUG 8956 --- [kground-preinit] o.apache.tomcat.util.digester.Digester   :   New match='mbeans-descriptors/mbean/operation'
2019-05-11 11:06:15.203 DEBUG 8956 --- [kground-preinit] o.apache.tomcat.util.digester.Digester   :   Fire begin() for ObjectCreateRule[className=org.apache.tomcat.util.modeler.OperationInfo, attributeName=null]
2019-05-11 11:06:15.203 DEBUG 8956 --- [kground-preinit] o.apache.tomcat.util.digester.Digester   : [ObjectCreateRule]{mbeans-descriptors/mbean/operation}New org.apache.tomcat.util.modeler.OperationInfo
2019-05-11 11:06:15.204 DEBUG 8956 --- [kground-preinit] o.apache.tomcat.util.digester.Digester   :   Fire begin() for SetPropertiesRule[]
2019-05-11 11:06:15.204 DEBUG 8956 --- [kground-preinit] o.apache.tomcat.util.digester.Digester   : [SetPropertiesRule]{mbeans-descriptors/mbean/operation} Set org.apache.tomcat.util.modeler.OperationInfo properties
2019-05-11 11:06:15.204 DEBUG 8956 --- [kground-preinit] o.apache.tomcat.util.digester.Digester   : [SetPropertiesRule]{mbeans-descriptors/mbean/operation} Setting property 'name' to 'findSecurityReference'
2019-05-11 11:06:15.204 DEBUG 8956 --- [kground-preinit] o.apache.tomcat.util.IntrospectionUtils  : IntrospectionUtils: setProperty(class org.apache.tomcat.util.modeler.OperationInfo name=findSecurityReference)
2019-05-11 11:06:15.204 DEBUG 8956 --- [kground-preinit] o.apache.tomcat.util.digester.Digester   : [SetPropertiesRule]{mbeans-descriptors/mbean/operation} Setting property 'description' to 'Return the security role link for the specified security role reference name.'
2019-05-11 11:06:15.204 DEBUG 8956 --- [kground-preinit] o.apache.tomcat.util.IntrospectionUtils  : IntrospectionUtils: setProperty(class org.apache.tomcat.util.modeler.OperationInfo description=Return the security role link for the specified security role reference name.)
2019-05-11 11:06:15.205 DEBUG 8956 --- [kground-preinit] o.apache.tomcat.util.digester.Digester   : [SetPropertiesRule]{mbeans-descriptors/mbean/operation} Setting property 'impact' to 'ACTION'
2019-05-11 11:06:15.205 DEBUG 8956 --- [kground-preinit] o.apache.tomcat.util.IntrospectionUtils  : IntrospectionUtils: setProperty(class org.apache.tomcat.util.modeler.OperationInfo impact=ACTION)
2019-05-11 11:06:15.205 DEBUG 8956 --- [kground-preinit] o.apache.tomcat.util.digester.Digester   : [SetPropertiesRule]{mbeans-descriptors/mbean/operation} Setting property 'returnType' to 'java.lang.String'
2019-05-11 11:06:15.205 DEBUG 8956 --- [kground-preinit] o.apache.tomcat.util.IntrospectionUtils  : IntrospectionUtils: setProperty(class org.apache.tomcat.util.modeler.OperationInfo returnType=java.lang.String)
2019-05-11 11:06:15.205 DEBUG 8956 --- [kground-preinit] o.apache.tomcat.util.digester.Digester   :   Fire begin() for SetNextRule[methodName=addOperation, paramType=org.apache.tomcat.util.modeler.OperationInfo]
2019-05-11 11:06:15.205 DEBUG 8956 --- [kground-preinit] o.a.tomcat.util.digester.Digester.sax    : characters(
      )
2019-05-11 11:06:15.205 DEBUG 8956 --- [kground-preinit] o.a.tomcat.util.digester.Digester.sax    : startElement(,,parameter)
2019-05-11 11:06:15.205 DEBUG 8956 --- [kground-preinit] o.apache.tomcat.util.digester.Digester   :   New match='mbeans-descriptors/mbean/operation/parameter'
2019-05-11 11:06:15.205 DEBUG 8956 --- [kground-preinit] o.apache.tomcat.util.digester.Digester   :   Fire begin() for ObjectCreateRule[className=org.apache.tomcat.util.modeler.ParameterInfo, attributeName=null]
2019-05-11 11:06:15.205 DEBUG 8956 --- [kground-preinit] o.apache.tomcat.util.digester.Digester   : [ObjectCreateRule]{mbeans-descriptors/mbean/operation/parameter}New org.apache.tomcat.util.modeler.ParameterInfo
2019-05-11 11:06:15.205 DEBUG 8956 --- [kground-preinit] o.apache.tomcat.util.digester.Digester   :   Fire begin() for SetPropertiesRule[]
2019-05-11 11:06:15.205 DEBUG 8956 --- [kground-preinit] o.apache.tomcat.util.digester.Digester   : [SetPropertiesRule]{mbeans-descriptors/mbean/operation/parameter} Set org.apache.tomcat.util.modeler.ParameterInfo properties
2019-05-11 11:06:15.206 DEBUG 8956 --- [kground-preinit] o.apache.tomcat.util.digester.Digester   : [SetPropertiesRule]{mbeans-descriptors/mbean/operation/parameter} Setting property 'name' to 'name'
2019-05-11 11:06:15.206 DEBUG 8956 --- [kground-preinit] o.apache.tomcat.util.IntrospectionUtils  : IntrospectionUtils: setProperty(class org.apache.tomcat.util.modeler.ParameterInfo name=name)
2019-05-11 11:06:15.206 DEBUG 8956 --- [kground-preinit] o.apache.tomcat.util.digester.Digester   : [SetPropertiesRule]{mbeans-descriptors/mbean/operation/parameter} Setting property 'description' to 'Security role reference used within this servlet'
2019-05-11 11:06:15.206 DEBUG 8956 --- [kground-preinit] o.apache.tomcat.util.IntrospectionUtils  : IntrospectionUtils: setProperty(class org.apache.tomcat.util.modeler.ParameterInfo description=Security role reference used within this servlet)
2019-05-11 11:06:15.206 DEBUG 8956 --- [kground-preinit] o.apache.tomcat.util.digester.Digester   : [SetPropertiesRule]{mbeans-descriptors/mbean/operation/parameter} Setting property 'type' to 'java.lang.String'
2019-05-11 11:06:15.206 DEBUG 8956 --- [kground-preinit] o.apache.tomcat.util.IntrospectionUtils  : IntrospectionUtils: setProperty(class org.apache.tomcat.util.modeler.ParameterInfo type=java.lang.String)
2019-05-11 11:06:15.206 DEBUG 8956 --- [kground-preinit] o.apache.tomcat.util.digester.Digester   :   Fire begin() for SetNextRule[methodName=addParameter, paramType=org.apache.tomcat.util.modeler.ParameterInfo]
2019-05-11 11:06:15.206 DEBUG 8956 --- [kground-preinit] o.a.tomcat.util.digester.Digester.sax    : endElement(,,parameter)
2019-05-11 11:06:15.206 DEBUG 8956 --- [kground-preinit] o.apache.tomcat.util.digester.Digester   :   match='mbeans-descriptors/mbean/operation/parameter'
2019-05-11 11:06:15.206 DEBUG 8956 --- [kground-preinit] o.apache.tomcat.util.digester.Digester   :   bodyText=''
2019-05-11 11:06:15.206 DEBUG 8956 --- [kground-preinit] o.apache.tomcat.util.digester.Digester   :   Fire body() for ObjectCreateRule[className=org.apache.tomcat.util.modeler.ParameterInfo, attributeName=null]
2019-05-11 11:06:15.206 DEBUG 8956 --- [kground-preinit] o.apache.tomcat.util.digester.Digester   :   Fire body() for SetPropertiesRule[]
2019-05-11 11:06:15.206 DEBUG 8956 --- [kground-preinit] o.apache.tomcat.util.digester.Digester   :   Fire body() for SetNextRule[methodName=addParameter, paramType=org.apache.tomcat.util.modeler.ParameterInfo]
2019-05-11 11:06:15.207 DEBUG 8956 --- [kground-preinit] o.apache.tomcat.util.digester.Digester   :   Fire end() for SetNextRule[methodName=addParameter, paramType=org.apache.tomcat.util.modeler.ParameterInfo]
2019-05-11 11:06:15.207 DEBUG 8956 --- [kground-preinit] o.apache.tomcat.util.digester.Digester   : [SetNextRule]{mbeans-descriptors/mbean/operation/parameter} Call org.apache.tomcat.util.modeler.OperationInfo.addParameter(org.apache.tomcat.util.modeler.ParameterInfo@180f5169)
2019-05-11 11:06:15.208 DEBUG 8956 --- [kground-preinit] o.apache.tomcat.util.IntrospectionUtils  : IntrospectionUtils: callMethod1 org.apache.tomcat.util.modeler.OperationInfo org.apache.tomcat.util.modeler.ParameterInfo org.apache.tomcat.util.modeler.ParameterInfo
2019-05-11 11:06:15.208 DEBUG 8956 --- [kground-preinit] o.apache.tomcat.util.digester.Digester   :   Fire end() for SetPropertiesRule[]
2019-05-11 11:06:15.208 DEBUG 8956 --- [kground-preinit] o.apache.tomcat.util.digester.Digester   :   Fire end() for ObjectCreateRule[className=org.apache.tomcat.util.modeler.ParameterInfo, attributeName=null]
2019-05-11 11:06:15.208 DEBUG 8956 --- [kground-preinit] o.apache.tomcat.util.digester.Digester   : [ObjectCreateRule]{mbeans-descriptors/mbean/operation/parameter} Pop org.apache.tomcat.util.modeler.ParameterInfo
2019-05-11 11:06:15.208 DEBUG 8956 --- [kground-preinit] o.a.tomcat.util.digester.Digester.sax    : characters(
    )
2019-05-11 11:06:15.208 DEBUG 8956 --- [kground-preinit] o.a.tomcat.util.digester.Digester.sax    : endElement(,,operation)
2019-05-11 11:06:15.208 DEBUG 8956 --- [kground-preinit] o.apache.tomcat.util.digester.Digester   :   match='mbeans-descriptors/mbean/operation'
2019-05-11 11:06:15.208 DEBUG 8956 --- [kground-preinit] o.apache.tomcat.util.digester.Digester   :   bodyText='
      
    '
2019-05-11 11:06:15.209 DEBUG 8956 --- [kground-preinit] o.apache.tomcat.util.digester.Digester   :   Fire body() for ObjectCreateRule[className=org.apache.tomcat.util.modeler.OperationInfo, attributeName=null]
2019-05-11 11:06:15.209 DEBUG 8956 --- [kground-preinit] o.apache.tomcat.util.digester.Digester   :   Fire body() for SetPropertiesRule[]
2019-05-11 11:06:15.209 DEBUG 8956 --- [kground-preinit] o.apache.tomcat.util.digester.Digester   :   Fire body() for SetNextRule[methodName=addOperation, paramType=org.apache.tomcat.util.modeler.OperationInfo]
2019-05-11 11:06:15.209 DEBUG 8956 --- [kground-preinit] o.apache.tomcat.util.digester.Digester   :   Fire end() for SetNextRule[methodName=addOperation, paramType=org.apache.tomcat.util.modeler.OperationInfo]
2019-05-11 11:06:15.209 DEBUG 8956 --- [kground-preinit] o.apache.tomcat.util.digester.Digester   : [SetNextRule]{mbeans-descriptors/mbean/operation} Call org.apache.tomcat.util.modeler.ManagedBean.addOperation(org.apache.tomcat.util.modeler.OperationInfo@6893f255)
2019-05-11 11:06:15.209 DEBUG 8956 --- [kground-preinit] o.apache.tomcat.util.IntrospectionUtils  : IntrospectionUtils: callMethod1 org.apache.tomcat.util.modeler.ManagedBean org.apache.tomcat.util.modeler.OperationInfo org.apache.tomcat.util.modeler.OperationInfo
2019-05-11 11:06:15.209 DEBUG 8956 --- [kground-preinit] o.apache.tomcat.util.digester.Digester   :   Fire end() for SetPropertiesRule[]
2019-05-11 11:06:15.209 DEBUG 8956 --- [kground-preinit] o.apache.tomcat.util.digester.Digester   :   Fire end() for ObjectCreateRule[className=org.apache.tomcat.util.modeler.OperationInfo, attributeName=null]
2019-05-11 11:06:15.209 DEBUG 8956 --- [kground-preinit] o.apache.tomcat.util.digester.Digester   : [ObjectCreateRule]{mbeans-descriptors/mbean/operation} Pop org.apache.tomcat.util.modeler.OperationInfo
2019-05-11 11:06:15.209 DEBUG 8956 --- [kground-preinit] o.a.tomcat.util.digester.Digester.sax    : characters(

    )
2019-05-11 11:06:15.210 DEBUG 8956 --- [kground-preinit] o.a.tomcat.util.digester.Digester.sax    : startElement(,,operation)
2019-05-11 11:06:15.210 DEBUG 8956 --- [kground-preinit] o.apache.tomcat.util.digester.Digester   :   New match='mbeans-descriptors/mbean/operation'
2019-05-11 11:06:15.210 DEBUG 8956 --- [kground-preinit] o.apache.tomcat.util.digester.Digester   :   Fire begin() for ObjectCreateRule[className=org.apache.tomcat.util.modeler.OperationInfo, attributeName=null]
2019-05-11 11:06:15.210 DEBUG 8956 --- [kground-preinit] o.apache.tomcat.util.digester.Digester   : [ObjectCreateRule]{mbeans-descriptors/mbean/operation}New org.apache.tomcat.util.modeler.OperationInfo
2019-05-11 11:06:15.210 DEBUG 8956 --- [kground-preinit] o.apache.tomcat.util.digester.Digester   :   Fire begin() for SetPropertiesRule[]
2019-05-11 11:06:15.210 DEBUG 8956 --- [kground-preinit] o.apache.tomcat.util.digester.Digester   : [SetPropertiesRule]{mbeans-descriptors/mbean/operation} Set org.apache.tomcat.util.modeler.OperationInfo properties
2019-05-11 11:06:15.210 DEBUG 8956 --- [           main] o.s.c.a.ConfigurationClassEnhancer       : Successfully enhanced org.springframework.boot.autoconfigure.thymeleaf.ThymeleafAutoConfiguration$Thymeleaf2Configuration; enhanced class name is: org.springframework.boot.autoconfigure.thymeleaf.ThymeleafAutoConfiguration$Thymeleaf2Configuration$$EnhancerBySpringCGLIB$$1ac58a64
2019-05-11 11:06:15.210 DEBUG 8956 --- [kground-preinit] o.apache.tomcat.util.digester.Digester   : [SetPropertiesRule]{mbeans-descriptors/mbean/operation} Setting property 'name' to 'findSecurityReferences'
2019-05-11 11:06:15.210 DEBUG 8956 --- [           main] o.s.c.a.ConfigurationClassPostProcessor  : Replacing bean definition 'org.springframework.boot.autoconfigure.thymeleaf.ThymeleafAutoConfiguration$Thymeleaf2Configuration' existing class 'org.springframework.boot.autoconfigure.thymeleaf.ThymeleafAutoConfiguration$Thymeleaf2Configuration' with enhanced class 'org.springframework.boot.autoconfigure.thymeleaf.ThymeleafAutoConfiguration$Thymeleaf2Configuration$$EnhancerBySpringCGLIB$$1ac58a64'
2019-05-11 11:06:15.210 DEBUG 8956 --- [kground-preinit] o.apache.tomcat.util.IntrospectionUtils  : IntrospectionUtils: setProperty(class org.apache.tomcat.util.modeler.OperationInfo name=findSecurityReferences)
2019-05-11 11:06:15.210 DEBUG 8956 --- [kground-preinit] o.apache.tomcat.util.digester.Digester   : [SetPropertiesRule]{mbeans-descriptors/mbean/operation} Setting property 'description' to 'Return the set of security role reference names associated with this servlet'
2019-05-11 11:06:15.211 DEBUG 8956 --- [kground-preinit] o.apache.tomcat.util.IntrospectionUtils  : IntrospectionUtils: setProperty(class org.apache.tomcat.util.modeler.OperationInfo description=Return the set of security role reference names associated with this servlet)
2019-05-11 11:06:15.211 DEBUG 8956 --- [kground-preinit] o.apache.tomcat.util.digester.Digester   : [SetPropertiesRule]{mbeans-descriptors/mbean/operation} Setting property 'impact' to 'INFO'
2019-05-11 11:06:15.211 DEBUG 8956 --- [kground-preinit] o.apache.tomcat.util.IntrospectionUtils  : IntrospectionUtils: setProperty(class org.apache.tomcat.util.modeler.OperationInfo impact=INFO)
2019-05-11 11:06:15.211 DEBUG 8956 --- [kground-preinit] o.apache.tomcat.util.digester.Digester   : [SetPropertiesRule]{mbeans-descriptors/mbean/operation} Setting property 'returnType' to '[Ljava.lang.String;'
2019-05-11 11:06:15.211 DEBUG 8956 --- [kground-preinit] o.apache.tomcat.util.IntrospectionUtils  : IntrospectionUtils: setProperty(class org.apache.tomcat.util.modeler.OperationInfo returnType=[Ljava.lang.String;)
2019-05-11 11:06:15.211 DEBUG 8956 --- [kground-preinit] o.apache.tomcat.util.digester.Digester   :   Fire begin() for SetNextRule[methodName=addOperation, paramType=org.apache.tomcat.util.modeler.OperationInfo]
2019-05-11 11:06:15.211 DEBUG 8956 --- [kground-preinit] o.a.tomcat.util.digester.Digester.sax    : characters(
    )
2019-05-11 11:06:15.211 DEBUG 8956 --- [kground-preinit] o.a.tomcat.util.digester.Digester.sax    : endElement(,,operation)
2019-05-11 11:06:15.211 DEBUG 8956 --- [kground-preinit] o.apache.tomcat.util.digester.Digester   :   match='mbeans-descriptors/mbean/operation'
2019-05-11 11:06:15.211 DEBUG 8956 --- [kground-preinit] o.apache.tomcat.util.digester.Digester   :   bodyText='
    '
2019-05-11 11:06:15.211 DEBUG 8956 --- [kground-preinit] o.apache.tomcat.util.digester.Digester   :   Fire body() for ObjectCreateRule[className=org.apache.tomcat.util.modeler.OperationInfo, attributeName=null]
2019-05-11 11:06:15.211 DEBUG 8956 --- [kground-preinit] o.apache.tomcat.util.digester.Digester   :   Fire body() for SetPropertiesRule[]
2019-05-11 11:06:15.212 DEBUG 8956 --- [kground-preinit] o.apache.tomcat.util.digester.Digester   :   Fire body() for SetNextRule[methodName=addOperation, paramType=org.apache.tomcat.util.modeler.OperationInfo]
2019-05-11 11:06:15.212 DEBUG 8956 --- [kground-preinit] o.apache.tomcat.util.digester.Digester   :   Fire end() for SetNextRule[methodName=addOperation, paramType=org.apache.tomcat.util.modeler.OperationInfo]
2019-05-11 11:06:15.212 DEBUG 8956 --- [kground-preinit] o.apache.tomcat.util.digester.Digester   : [SetNextRule]{mbeans-descriptors/mbean/operation} Call org.apache.tomcat.util.modeler.ManagedBean.addOperation(org.apache.tomcat.util.modeler.OperationInfo@690e11d9)
2019-05-11 11:06:15.212 DEBUG 8956 --- [kground-preinit] o.apache.tomcat.util.IntrospectionUtils  : IntrospectionUtils: callMethod1 org.apache.tomcat.util.modeler.ManagedBean org.apache.tomcat.util.modeler.OperationInfo org.apache.tomcat.util.modeler.OperationInfo
2019-05-11 11:06:15.212 DEBUG 8956 --- [kground-preinit] o.apache.tomcat.util.digester.Digester   :   Fire end() for SetPropertiesRule[]
2019-05-11 11:06:15.212 DEBUG 8956 --- [kground-preinit] o.apache.tomcat.util.digester.Digester   :   Fire end() for ObjectCreateRule[className=org.apache.tomcat.util.modeler.OperationInfo, attributeName=null]
2019-05-11 11:06:15.212 DEBUG 8956 --- [kground-preinit] o.apache.tomcat.util.digester.Digester   : [ObjectCreateRule]{mbeans-descriptors/mbean/operation} Pop org.apache.tomcat.util.modeler.OperationInfo
2019-05-11 11:06:15.212 DEBUG 8956 --- [kground-preinit] o.a.tomcat.util.digester.Digester.sax    : characters(

    )
2019-05-11 11:06:15.212 DEBUG 8956 --- [kground-preinit] o.a.tomcat.util.digester.Digester.sax    : startElement(,,operation)
2019-05-11 11:06:15.212 DEBUG 8956 --- [kground-preinit] o.apache.tomcat.util.digester.Digester   :   New match='mbeans-descriptors/mbean/operation'
2019-05-11 11:06:15.212 DEBUG 8956 --- [kground-preinit] o.apache.tomcat.util.digester.Digester   :   Fire begin() for ObjectCreateRule[className=org.apache.tomcat.util.modeler.OperationInfo, attributeName=null]
2019-05-11 11:06:15.213 DEBUG 8956 --- [kground-preinit] o.apache.tomcat.util.digester.Digester   : [ObjectCreateRule]{mbeans-descriptors/mbean/operation}New org.apache.tomcat.util.modeler.OperationInfo
2019-05-11 11:06:15.213 DEBUG 8956 --- [kground-preinit] o.apache.tomcat.util.digester.Digester   :   Fire begin() for SetPropertiesRule[]
2019-05-11 11:06:15.213 DEBUG 8956 --- [           main] o.s.c.a.ConfigurationClassEnhancer       : Successfully enhanced org.springframework.boot.autoconfigure.thymeleaf.ThymeleafAutoConfiguration; enhanced class name is: org.springframework.boot.autoconfigure.thymeleaf.ThymeleafAutoConfiguration$$EnhancerBySpringCGLIB$$64b4fb69
2019-05-11 11:06:15.213 DEBUG 8956 --- [kground-preinit] o.apache.tomcat.util.digester.Digester   : [SetPropertiesRule]{mbeans-descriptors/mbean/operation} Set org.apache.tomcat.util.modeler.OperationInfo properties
2019-05-11 11:06:15.213 DEBUG 8956 --- [kground-preinit] o.apache.tomcat.util.digester.Digester   : [SetPropertiesRule]{mbeans-descriptors/mbean/operation} Setting property 'name' to 'removeInitParameter'
2019-05-11 11:06:15.213 DEBUG 8956 --- [           main] o.s.c.a.ConfigurationClassPostProcessor  : Replacing bean definition 'org.springframework.boot.autoconfigure.thymeleaf.ThymeleafAutoConfiguration' existing class 'org.springframework.boot.autoconfigure.thymeleaf.ThymeleafAutoConfiguration' with enhanced class 'org.springframework.boot.autoconfigure.thymeleaf.ThymeleafAutoConfiguration$$EnhancerBySpringCGLIB$$64b4fb69'
2019-05-11 11:06:15.213 DEBUG 8956 --- [kground-preinit] o.apache.tomcat.util.IntrospectionUtils  : IntrospectionUtils: setProperty(class org.apache.tomcat.util.modeler.OperationInfo name=removeInitParameter)
2019-05-11 11:06:15.213 DEBUG 8956 --- [kground-preinit] o.apache.tomcat.util.digester.Digester   : [SetPropertiesRule]{mbeans-descriptors/mbean/operation} Setting property 'description' to 'Remove the specified initialization parameter from this servlet.'
2019-05-11 11:06:15.213 DEBUG 8956 --- [kground-preinit] o.apache.tomcat.util.IntrospectionUtils  : IntrospectionUtils: setProperty(class org.apache.tomcat.util.modeler.OperationInfo description=Remove the specified initialization parameter from this servlet.)
2019-05-11 11:06:15.213 DEBUG 8956 --- [kground-preinit] o.apache.tomcat.util.digester.Digester   : [SetPropertiesRule]{mbeans-descriptors/mbean/operation} Setting property 'impact' to 'ACTION'
2019-05-11 11:06:15.213 DEBUG 8956 --- [kground-preinit] o.apache.tomcat.util.IntrospectionUtils  : IntrospectionUtils: setProperty(class org.apache.tomcat.util.modeler.OperationInfo impact=ACTION)
2019-05-11 11:06:15.213 DEBUG 8956 --- [kground-preinit] o.apache.tomcat.util.digester.Digester   : [SetPropertiesRule]{mbeans-descriptors/mbean/operation} Setting property 'returnType' to 'void'
2019-05-11 11:06:15.213 DEBUG 8956 --- [kground-preinit] o.apache.tomcat.util.IntrospectionUtils  : IntrospectionUtils: setProperty(class org.apache.tomcat.util.modeler.OperationInfo returnType=void)
2019-05-11 11:06:15.213 DEBUG 8956 --- [kground-preinit] o.apache.tomcat.util.digester.Digester   :   Fire begin() for SetNextRule[methodName=addOperation, paramType=org.apache.tomcat.util.modeler.OperationInfo]
2019-05-11 11:06:15.214 DEBUG 8956 --- [kground-preinit] o.a.tomcat.util.digester.Digester.sax    : characters(
      )
2019-05-11 11:06:15.214 DEBUG 8956 --- [kground-preinit] o.a.tomcat.util.digester.Digester.sax    : startElement(,,parameter)
2019-05-11 11:06:15.214 DEBUG 8956 --- [kground-preinit] o.apache.tomcat.util.digester.Digester   :   New match='mbeans-descriptors/mbean/operation/parameter'
2019-05-11 11:06:15.214 DEBUG 8956 --- [kground-preinit] o.apache.tomcat.util.digester.Digester   :   Fire begin() for ObjectCreateRule[className=org.apache.tomcat.util.modeler.ParameterInfo, attributeName=null]
2019-05-11 11:06:15.214 DEBUG 8956 --- [kground-preinit] o.apache.tomcat.util.digester.Digester   : [ObjectCreateRule]{mbeans-descriptors/mbean/operation/parameter}New org.apache.tomcat.util.modeler.ParameterInfo
2019-05-11 11:06:15.214 DEBUG 8956 --- [kground-preinit] o.apache.tomcat.util.digester.Digester   :   Fire begin() for SetPropertiesRule[]
2019-05-11 11:06:15.214 DEBUG 8956 --- [kground-preinit] o.apache.tomcat.util.digester.Digester   : [SetPropertiesRule]{mbeans-descriptors/mbean/operation/parameter} Set org.apache.tomcat.util.modeler.ParameterInfo properties
2019-05-11 11:06:15.214 DEBUG 8956 --- [kground-preinit] o.apache.tomcat.util.digester.Digester   : [SetPropertiesRule]{mbeans-descriptors/mbean/operation/parameter} Setting property 'name' to 'name'
2019-05-11 11:06:15.214 DEBUG 8956 --- [kground-preinit] o.apache.tomcat.util.IntrospectionUtils  : IntrospectionUtils: setProperty(class org.apache.tomcat.util.modeler.ParameterInfo name=name)
2019-05-11 11:06:15.214 DEBUG 8956 --- [kground-preinit] o.apache.tomcat.util.digester.Digester   : [SetPropertiesRule]{mbeans-descriptors/mbean/operation/parameter} Setting property 'description' to 'Name of the initialization parameter to remove'
2019-05-11 11:06:15.214 DEBUG 8956 --- [kground-preinit] o.apache.tomcat.util.IntrospectionUtils  : IntrospectionUtils: setProperty(class org.apache.tomcat.util.modeler.ParameterInfo description=Name of the initialization parameter to remove)
2019-05-11 11:06:15.214 DEBUG 8956 --- [kground-preinit] o.apache.tomcat.util.digester.Digester   : [SetPropertiesRule]{mbeans-descriptors/mbean/operation/parameter} Setting property 'type' to 'java.lang.String'
2019-05-11 11:06:15.215 DEBUG 8956 --- [kground-preinit] o.apache.tomcat.util.IntrospectionUtils  : IntrospectionUtils: setProperty(class org.apache.tomcat.util.modeler.ParameterInfo type=java.lang.String)
2019-05-11 11:06:15.215 DEBUG 8956 --- [kground-preinit] o.apache.tomcat.util.digester.Digester   :   Fire begin() for SetNextRule[methodName=addParameter, paramType=org.apache.tomcat.util.modeler.ParameterInfo]
2019-05-11 11:06:15.215 DEBUG 8956 --- [kground-preinit] o.a.tomcat.util.digester.Digester.sax    : endElement(,,parameter)
2019-05-11 11:06:15.215 DEBUG 8956 --- [kground-preinit] o.apache.tomcat.util.digester.Digester   :   match='mbeans-descriptors/mbean/operation/parameter'
2019-05-11 11:06:15.216 DEBUG 8956 --- [kground-preinit] o.apache.tomcat.util.digester.Digester   :   bodyText=''
2019-05-11 11:06:15.216 DEBUG 8956 --- [kground-preinit] o.apache.tomcat.util.digester.Digester   :   Fire body() for ObjectCreateRule[className=org.apache.tomcat.util.modeler.ParameterInfo, attributeName=null]
2019-05-11 11:06:15.216 DEBUG 8956 --- [kground-preinit] o.apache.tomcat.util.digester.Digester   :   Fire body() for SetPropertiesRule[]
2019-05-11 11:06:15.216 DEBUG 8956 --- [kground-preinit] o.apache.tomcat.util.digester.Digester   :   Fire body() for SetNextRule[methodName=addParameter, paramType=org.apache.tomcat.util.modeler.ParameterInfo]
2019-05-11 11:06:15.216 DEBUG 8956 --- [kground-preinit] o.apache.tomcat.util.digester.Digester   :   Fire end() for SetNextRule[methodName=addParameter, paramType=org.apache.tomcat.util.modeler.ParameterInfo]
2019-05-11 11:06:15.216 DEBUG 8956 --- [kground-preinit] o.apache.tomcat.util.digester.Digester   : [SetNextRule]{mbeans-descriptors/mbean/operation/parameter} Call org.apache.tomcat.util.modeler.OperationInfo.addParameter(org.apache.tomcat.util.modeler.ParameterInfo@2a05a6b2)
2019-05-11 11:06:15.216 DEBUG 8956 --- [kground-preinit] o.apache.tomcat.util.IntrospectionUtils  : IntrospectionUtils: callMethod1 org.apache.tomcat.util.modeler.OperationInfo org.apache.tomcat.util.modeler.ParameterInfo org.apache.tomcat.util.modeler.ParameterInfo
2019-05-11 11:06:15.216 DEBUG 8956 --- [kground-preinit] o.apache.tomcat.util.digester.Digester   :   Fire end() for SetPropertiesRule[]
2019-05-11 11:06:15.216 DEBUG 8956 --- [kground-preinit] o.apache.tomcat.util.digester.Digester   :   Fire end() for ObjectCreateRule[className=org.apache.tomcat.util.modeler.ParameterInfo, attributeName=null]
2019-05-11 11:06:15.216 DEBUG 8956 --- [kground-preinit] o.apache.tomcat.util.digester.Digester   : [ObjectCreateRule]{mbeans-descriptors/mbean/operation/parameter} Pop org.apache.tomcat.util.modeler.ParameterInfo
2019-05-11 11:06:15.216 DEBUG 8956 --- [kground-preinit] o.a.tomcat.util.digester.Digester.sax    : characters(
    )
2019-05-11 11:06:15.216 DEBUG 8956 --- [kground-preinit] o.a.tomcat.util.digester.Digester.sax    : endElement(,,operation)
2019-05-11 11:06:15.217 DEBUG 8956 --- [kground-preinit] o.apache.tomcat.util.digester.Digester   :   match='mbeans-descriptors/mbean/operation'
2019-05-11 11:06:15.217 DEBUG 8956 --- [kground-preinit] o.apache.tomcat.util.digester.Digester   :   bodyText='
      
    '
2019-05-11 11:06:15.217 DEBUG 8956 --- [kground-preinit] o.apache.tomcat.util.digester.Digester   :   Fire body() for ObjectCreateRule[className=org.apache.tomcat.util.modeler.OperationInfo, attributeName=null]
2019-05-11 11:06:15.217 DEBUG 8956 --- [kground-preinit] o.apache.tomcat.util.digester.Digester   :   Fire body() for SetPropertiesRule[]
2019-05-11 11:06:15.217 DEBUG 8956 --- [kground-preinit] o.apache.tomcat.util.digester.Digester   :   Fire body() for SetNextRule[methodName=addOperation, paramType=org.apache.tomcat.util.modeler.OperationInfo]
2019-05-11 11:06:15.217 DEBUG 8956 --- [kground-preinit] o.apache.tomcat.util.digester.Digester   :   Fire end() for SetNextRule[methodName=addOperation, paramType=org.apache.tomcat.util.modeler.OperationInfo]
2019-05-11 11:06:15.217 DEBUG 8956 --- [kground-preinit] o.apache.tomcat.util.digester.Digester   : [SetNextRule]{mbeans-descriptors/mbean/operation} Call org.apache.tomcat.util.modeler.ManagedBean.addOperation(org.apache.tomcat.util.modeler.OperationInfo@48633e82)
2019-05-11 11:06:15.217 DEBUG 8956 --- [kground-preinit] o.apache.tomcat.util.IntrospectionUtils  : IntrospectionUtils: callMethod1 org.apache.tomcat.util.modeler.ManagedBean org.apache.tomcat.util.modeler.OperationInfo org.apache.tomcat.util.modeler.OperationInfo
2019-05-11 11:06:15.217 DEBUG 8956 --- [kground-preinit] o.apache.tomcat.util.digester.Digester   :   Fire end() for SetPropertiesRule[]
2019-05-11 11:06:15.217 DEBUG 8956 --- [kground-preinit] o.apache.tomcat.util.digester.Digester   :   Fire end() for ObjectCreateRule[className=org.apache.tomcat.util.modeler.OperationInfo, attributeName=null]
2019-05-11 11:06:15.217 DEBUG 8956 --- [kground-preinit] o.apache.tomcat.util.digester.Digester   : [ObjectCreateRule]{mbeans-descriptors/mbean/operation} Pop org.apache.tomcat.util.modeler.OperationInfo
2019-05-11 11:06:15.218 DEBUG 8956 --- [kground-preinit] o.a.tomcat.util.digester.Digester.sax    : characters(

    )
2019-05-11 11:06:15.218 DEBUG 8956 --- [kground-preinit] o.a.tomcat.util.digester.Digester.sax    : startElement(,,operation)
2019-05-11 11:06:15.218 DEBUG 8956 --- [kground-preinit] o.apache.tomcat.util.digester.Digester   :   New match='mbeans-descriptors/mbean/operation'
2019-05-11 11:06:15.218 DEBUG 8956 --- [kground-preinit] o.apache.tomcat.util.digester.Digester   :   Fire begin() for ObjectCreateRule[className=org.apache.tomcat.util.modeler.OperationInfo, attributeName=null]
2019-05-11 11:06:15.218 DEBUG 8956 --- [kground-preinit] o.apache.tomcat.util.digester.Digester   : [ObjectCreateRule]{mbeans-descriptors/mbean/operation}New org.apache.tomcat.util.modeler.OperationInfo
2019-05-11 11:06:15.218 DEBUG 8956 --- [kground-preinit] o.apache.tomcat.util.digester.Digester   :   Fire begin() for SetPropertiesRule[]
2019-05-11 11:06:15.218 DEBUG 8956 --- [kground-preinit] o.apache.tomcat.util.digester.Digester   : [SetPropertiesRule]{mbeans-descriptors/mbean/operation} Set org.apache.tomcat.util.modeler.OperationInfo properties
2019-05-11 11:06:15.218 DEBUG 8956 --- [kground-preinit] o.apache.tomcat.util.digester.Digester   : [SetPropertiesRule]{mbeans-descriptors/mbean/operation} Setting property 'name' to 'removeLifecycleListeners'
2019-05-11 11:06:15.218 DEBUG 8956 --- [kground-preinit] o.apache.tomcat.util.IntrospectionUtils  : IntrospectionUtils: setProperty(class org.apache.tomcat.util.modeler.OperationInfo name=removeLifecycleListeners)
2019-05-11 11:06:15.218 DEBUG 8956 --- [kground-preinit] o.apache.tomcat.util.digester.Digester   : [SetPropertiesRule]{mbeans-descriptors/mbean/operation} Setting property 'description' to 'Removes lifecycle listeners of given class type from this Wrapper'
2019-05-11 11:06:15.218 DEBUG 8956 --- [kground-preinit] o.apache.tomcat.util.IntrospectionUtils  : IntrospectionUtils: setProperty(class org.apache.tomcat.util.modeler.OperationInfo description=Removes lifecycle listeners of given class type from this Wrapper)
2019-05-11 11:06:15.219 DEBUG 8956 --- [kground-preinit] o.apache.tomcat.util.digester.Digester   : [SetPropertiesRule]{mbeans-descriptors/mbean/operation} Setting property 'impact' to 'ACTION'
2019-05-11 11:06:15.219 DEBUG 8956 --- [kground-preinit] o.apache.tomcat.util.IntrospectionUtils  : IntrospectionUtils: setProperty(class org.apache.tomcat.util.modeler.OperationInfo impact=ACTION)
2019-05-11 11:06:15.219 DEBUG 8956 --- [kground-preinit] o.apache.tomcat.util.digester.Digester   : [SetPropertiesRule]{mbeans-descriptors/mbean/operation} Setting property 'returnType' to 'void'
2019-05-11 11:06:15.219 DEBUG 8956 --- [kground-preinit] o.apache.tomcat.util.IntrospectionUtils  : IntrospectionUtils: setProperty(class org.apache.tomcat.util.modeler.OperationInfo returnType=void)
2019-05-11 11:06:15.219 DEBUG 8956 --- [kground-preinit] o.apache.tomcat.util.digester.Digester   :   Fire begin() for SetNextRule[methodName=addOperation, paramType=org.apache.tomcat.util.modeler.OperationInfo]
2019-05-11 11:06:15.219 DEBUG 8956 --- [kground-preinit] o.a.tomcat.util.digester.Digester.sax    : characters(
      )
2019-05-11 11:06:15.219 DEBUG 8956 --- [kground-preinit] o.a.tomcat.util.digester.Digester.sax    : startElement(,,parameter)
2019-05-11 11:06:15.219 DEBUG 8956 --- [kground-preinit] o.apache.tomcat.util.digester.Digester   :   New match='mbeans-descriptors/mbean/operation/parameter'
2019-05-11 11:06:15.219 DEBUG 8956 --- [kground-preinit] o.apache.tomcat.util.digester.Digester   :   Fire begin() for ObjectCreateRule[className=org.apache.tomcat.util.modeler.ParameterInfo, attributeName=null]
2019-05-11 11:06:15.219 DEBUG 8956 --- [kground-preinit] o.apache.tomcat.util.digester.Digester   : [ObjectCreateRule]{mbeans-descriptors/mbean/operation/parameter}New org.apache.tomcat.util.modeler.ParameterInfo
2019-05-11 11:06:15.219 DEBUG 8956 --- [kground-preinit] o.apache.tomcat.util.digester.Digester   :   Fire begin() for SetPropertiesRule[]
2019-05-11 11:06:15.220 DEBUG 8956 --- [kground-preinit] o.apache.tomcat.util.digester.Digester   : [SetPropertiesRule]{mbeans-descriptors/mbean/operation/parameter} Set org.apache.tomcat.util.modeler.ParameterInfo properties
2019-05-11 11:06:15.220 DEBUG 8956 --- [kground-preinit] o.apache.tomcat.util.digester.Digester   : [SetPropertiesRule]{mbeans-descriptors/mbean/operation/parameter} Setting property 'name' to 'listener'
2019-05-11 11:06:15.220 DEBUG 8956 --- [kground-preinit] o.apache.tomcat.util.IntrospectionUtils  : IntrospectionUtils: setProperty(class org.apache.tomcat.util.modeler.ParameterInfo name=listener)
2019-05-11 11:06:15.220 DEBUG 8956 --- [kground-preinit] o.apache.tomcat.util.digester.Digester   : [SetPropertiesRule]{mbeans-descriptors/mbean/operation/parameter} Setting property 'description' to 'Type(classname) of the lifecycle listeners to be removed'
2019-05-11 11:06:15.220 DEBUG 8956 --- [kground-preinit] o.apache.tomcat.util.IntrospectionUtils  : IntrospectionUtils: setProperty(class org.apache.tomcat.util.modeler.ParameterInfo description=Type(classname) of the lifecycle listeners to be removed)
2019-05-11 11:06:15.220 DEBUG 8956 --- [kground-preinit] o.apache.tomcat.util.digester.Digester   : [SetPropertiesRule]{mbeans-descriptors/mbean/operation/parameter} Setting property 'type' to 'java.lang.String'
2019-05-11 11:06:15.220 DEBUG 8956 --- [kground-preinit] o.apache.tomcat.util.IntrospectionUtils  : IntrospectionUtils: setProperty(class org.apache.tomcat.util.modeler.ParameterInfo type=java.lang.String)
2019-05-11 11:06:15.221 DEBUG 8956 --- [kground-preinit] o.apache.tomcat.util.digester.Digester   :   Fire begin() for SetNextRule[methodName=addParameter, paramType=org.apache.tomcat.util.modeler.ParameterInfo]
2019-05-11 11:06:15.221 DEBUG 8956 --- [kground-preinit] o.a.tomcat.util.digester.Digester.sax    : endElement(,,parameter)
2019-05-11 11:06:15.221 DEBUG 8956 --- [kground-preinit] o.apache.tomcat.util.digester.Digester   :   match='mbeans-descriptors/mbean/operation/parameter'
2019-05-11 11:06:15.221 DEBUG 8956 --- [kground-preinit] o.apache.tomcat.util.digester.Digester   :   bodyText=''
2019-05-11 11:06:15.221 DEBUG 8956 --- [kground-preinit] o.apache.tomcat.util.digester.Digester   :   Fire body() for ObjectCreateRule[className=org.apache.tomcat.util.modeler.ParameterInfo, attributeName=null]
2019-05-11 11:06:15.221 DEBUG 8956 --- [kground-preinit] o.apache.tomcat.util.digester.Digester   :   Fire body() for SetPropertiesRule[]
2019-05-11 11:06:15.221 DEBUG 8956 --- [kground-preinit] o.apache.tomcat.util.digester.Digester   :   Fire body() for SetNextRule[methodName=addParameter, paramType=org.apache.tomcat.util.modeler.ParameterInfo]
2019-05-11 11:06:15.221 DEBUG 8956 --- [kground-preinit] o.apache.tomcat.util.digester.Digester   :   Fire end() for SetNextRule[methodName=addParameter, paramType=org.apache.tomcat.util.modeler.ParameterInfo]
2019-05-11 11:06:15.221 DEBUG 8956 --- [kground-preinit] o.apache.tomcat.util.digester.Digester   : [SetNextRule]{mbeans-descriptors/mbean/operation/parameter} Call org.apache.tomcat.util.modeler.OperationInfo.addParameter(org.apache.tomcat.util.modeler.ParameterInfo@3f957c81)
2019-05-11 11:06:15.221 DEBUG 8956 --- [kground-preinit] o.apache.tomcat.util.IntrospectionUtils  : IntrospectionUtils: callMethod1 org.apache.tomcat.util.modeler.OperationInfo org.apache.tomcat.util.modeler.ParameterInfo org.apache.tomcat.util.modeler.ParameterInfo
2019-05-11 11:06:15.222 DEBUG 8956 --- [kground-preinit] o.apache.tomcat.util.digester.Digester   :   Fire end() for SetPropertiesRule[]
2019-05-11 11:06:15.222 DEBUG 8956 --- [kground-preinit] o.apache.tomcat.util.digester.Digester   :   Fire end() for ObjectCreateRule[className=org.apache.tomcat.util.modeler.ParameterInfo, attributeName=null]
2019-05-11 11:06:15.222 DEBUG 8956 --- [kground-preinit] o.apache.tomcat.util.digester.Digester   : [ObjectCreateRule]{mbeans-descriptors/mbean/operation/parameter} Pop org.apache.tomcat.util.modeler.ParameterInfo
2019-05-11 11:06:15.222 DEBUG 8956 --- [kground-preinit] o.a.tomcat.util.digester.Digester.sax    : characters(
    )
2019-05-11 11:06:15.222 DEBUG 8956 --- [kground-preinit] o.a.tomcat.util.digester.Digester.sax    : endElement(,,operation)
2019-05-11 11:06:15.222 DEBUG 8956 --- [kground-preinit] o.apache.tomcat.util.digester.Digester   :   match='mbeans-descriptors/mbean/operation'
2019-05-11 11:06:15.222 DEBUG 8956 --- [kground-preinit] o.apache.tomcat.util.digester.Digester   :   bodyText='
      
    '
2019-05-11 11:06:15.222 DEBUG 8956 --- [kground-preinit] o.apache.tomcat.util.digester.Digester   :   Fire body() for ObjectCreateRule[className=org.apache.tomcat.util.modeler.OperationInfo, attributeName=null]
2019-05-11 11:06:15.222 DEBUG 8956 --- [kground-preinit] o.apache.tomcat.util.digester.Digester   :   Fire body() for SetPropertiesRule[]
2019-05-11 11:06:15.222 DEBUG 8956 --- [kground-preinit] o.apache.tomcat.util.digester.Digester   :   Fire body() for SetNextRule[methodName=addOperation, paramType=org.apache.tomcat.util.modeler.OperationInfo]
2019-05-11 11:06:15.222 DEBUG 8956 --- [kground-preinit] o.apache.tomcat.util.digester.Digester   :   Fire end() for SetNextRule[methodName=addOperation, paramType=org.apache.tomcat.util.modeler.OperationInfo]
2019-05-11 11:06:15.222 DEBUG 8956 --- [kground-preinit] o.apache.tomcat.util.digester.Digester   : [SetNextRule]{mbeans-descriptors/mbean/operation} Call org.apache.tomcat.util.modeler.ManagedBean.addOperation(org.apache.tomcat.util.modeler.OperationInfo@260c2273)
2019-05-11 11:06:15.222 DEBUG 8956 --- [kground-preinit] o.apache.tomcat.util.IntrospectionUtils  : IntrospectionUtils: callMethod1 org.apache.tomcat.util.modeler.ManagedBean org.apache.tomcat.util.modeler.OperationInfo org.apache.tomcat.util.modeler.OperationInfo
2019-05-11 11:06:15.222 DEBUG 8956 --- [kground-preinit] o.apache.tomcat.util.digester.Digester   :   Fire end() for SetPropertiesRule[]
2019-05-11 11:06:15.223 DEBUG 8956 --- [kground-preinit] o.apache.tomcat.util.digester.Digester   :   Fire end() for ObjectCreateRule[className=org.apache.tomcat.util.modeler.OperationInfo, attributeName=null]
2019-05-11 11:06:15.223 DEBUG 8956 --- [kground-preinit] o.apache.tomcat.util.digester.Digester   : [ObjectCreateRule]{mbeans-descriptors/mbean/operation} Pop org.apache.tomcat.util.modeler.OperationInfo
2019-05-11 11:06:15.223 DEBUG 8956 --- [kground-preinit] o.a.tomcat.util.digester.Digester.sax    : characters(

    )
2019-05-11 11:06:15.223 DEBUG 8956 --- [kground-preinit] o.a.tomcat.util.digester.Digester.sax    : startElement(,,operation)
2019-05-11 11:06:15.223 DEBUG 8956 --- [kground-preinit] o.apache.tomcat.util.digester.Digester   :   New match='mbeans-descriptors/mbean/operation'
2019-05-11 11:06:15.223 DEBUG 8956 --- [kground-preinit] o.apache.tomcat.util.digester.Digester   :   Fire begin() for ObjectCreateRule[className=org.apache.tomcat.util.modeler.OperationInfo, attributeName=null]
2019-05-11 11:06:15.223 DEBUG 8956 --- [kground-preinit] o.apache.tomcat.util.digester.Digester   : [ObjectCreateRule]{mbeans-descriptors/mbean/operation}New org.apache.tomcat.util.modeler.OperationInfo
2019-05-11 11:06:15.224 DEBUG 8956 --- [kground-preinit] o.apache.tomcat.util.digester.Digester   :   Fire begin() for SetPropertiesRule[]
2019-05-11 11:06:15.225 DEBUG 8956 --- [kground-preinit] o.apache.tomcat.util.digester.Digester   : [SetPropertiesRule]{mbeans-descriptors/mbean/operation} Set org.apache.tomcat.util.modeler.OperationInfo properties
2019-05-11 11:06:15.225 DEBUG 8956 --- [kground-preinit] o.apache.tomcat.util.digester.Digester   : [SetPropertiesRule]{mbeans-descriptors/mbean/operation} Setting property 'name' to 'removeMapping'
2019-05-11 11:06:15.225 DEBUG 8956 --- [kground-preinit] o.apache.tomcat.util.IntrospectionUtils  : IntrospectionUtils: setProperty(class org.apache.tomcat.util.modeler.OperationInfo name=removeMapping)
2019-05-11 11:06:15.225 DEBUG 8956 --- [           main] o.s.c.a.ConfigurationClassEnhancer       : Successfully enhanced org.springframework.boot.autoconfigure.web.HttpEncodingAutoConfiguration; enhanced class name is: org.springframework.boot.autoconfigure.web.HttpEncodingAutoConfiguration$$EnhancerBySpringCGLIB$$51f5c484
2019-05-11 11:06:15.225 DEBUG 8956 --- [kground-preinit] o.apache.tomcat.util.digester.Digester   : [SetPropertiesRule]{mbeans-descriptors/mbean/operation} Setting property 'description' to 'Remove a mapping associated with the wrapper.'
2019-05-11 11:06:15.225 DEBUG 8956 --- [           main] o.s.c.a.ConfigurationClassPostProcessor  : Replacing bean definition 'org.springframework.boot.autoconfigure.web.HttpEncodingAutoConfiguration' existing class 'org.springframework.boot.autoconfigure.web.HttpEncodingAutoConfiguration' with enhanced class 'org.springframework.boot.autoconfigure.web.HttpEncodingAutoConfiguration$$EnhancerBySpringCGLIB$$51f5c484'
2019-05-11 11:06:15.225 DEBUG 8956 --- [kground-preinit] o.apache.tomcat.util.IntrospectionUtils  : IntrospectionUtils: setProperty(class org.apache.tomcat.util.modeler.OperationInfo description=Remove a mapping associated with the wrapper.)
2019-05-11 11:06:15.225 DEBUG 8956 --- [kground-preinit] o.apache.tomcat.util.digester.Digester   : [SetPropertiesRule]{mbeans-descriptors/mbean/operation} Setting property 'impact' to 'ACTION'
2019-05-11 11:06:15.225 DEBUG 8956 --- [kground-preinit] o.apache.tomcat.util.IntrospectionUtils  : IntrospectionUtils: setProperty(class org.apache.tomcat.util.modeler.OperationInfo impact=ACTION)
2019-05-11 11:06:15.225 DEBUG 8956 --- [kground-preinit] o.apache.tomcat.util.digester.Digester   : [SetPropertiesRule]{mbeans-descriptors/mbean/operation} Setting property 'returnType' to 'void'
2019-05-11 11:06:15.225 DEBUG 8956 --- [kground-preinit] o.apache.tomcat.util.IntrospectionUtils  : IntrospectionUtils: setProperty(class org.apache.tomcat.util.modeler.OperationInfo returnType=void)
2019-05-11 11:06:15.225 DEBUG 8956 --- [kground-preinit] o.apache.tomcat.util.digester.Digester   :   Fire begin() for SetNextRule[methodName=addOperation, paramType=org.apache.tomcat.util.modeler.OperationInfo]
2019-05-11 11:06:15.226 DEBUG 8956 --- [kground-preinit] o.a.tomcat.util.digester.Digester.sax    : characters(
      )
2019-05-11 11:06:15.226 DEBUG 8956 --- [kground-preinit] o.a.tomcat.util.digester.Digester.sax    : startElement(,,parameter)
2019-05-11 11:06:15.226 DEBUG 8956 --- [kground-preinit] o.apache.tomcat.util.digester.Digester   :   New match='mbeans-descriptors/mbean/operation/parameter'
2019-05-11 11:06:15.226 DEBUG 8956 --- [kground-preinit] o.apache.tomcat.util.digester.Digester   :   Fire begin() for ObjectCreateRule[className=org.apache.tomcat.util.modeler.ParameterInfo, attributeName=null]
2019-05-11 11:06:15.226 DEBUG 8956 --- [kground-preinit] o.apache.tomcat.util.digester.Digester   : [ObjectCreateRule]{mbeans-descriptors/mbean/operation/parameter}New org.apache.tomcat.util.modeler.ParameterInfo
2019-05-11 11:06:15.228 DEBUG 8956 --- [kground-preinit] o.apache.tomcat.util.digester.Digester   :   Fire begin() for SetPropertiesRule[]
2019-05-11 11:06:15.228 DEBUG 8956 --- [kground-preinit] o.apache.tomcat.util.digester.Digester   : [SetPropertiesRule]{mbeans-descriptors/mbean/operation/parameter} Set org.apache.tomcat.util.modeler.ParameterInfo properties
2019-05-11 11:06:15.228 DEBUG 8956 --- [kground-preinit] o.apache.tomcat.util.digester.Digester   : [SetPropertiesRule]{mbeans-descriptors/mbean/operation/parameter} Setting property 'name' to 'mapping'
2019-05-11 11:06:15.228 DEBUG 8956 --- [kground-preinit] o.apache.tomcat.util.IntrospectionUtils  : IntrospectionUtils: setProperty(class org.apache.tomcat.util.modeler.ParameterInfo name=mapping)
2019-05-11 11:06:15.229 DEBUG 8956 --- [kground-preinit] o.apache.tomcat.util.digester.Digester   : [SetPropertiesRule]{mbeans-descriptors/mbean/operation/parameter} Setting property 'description' to 'The pattern to remove'
2019-05-11 11:06:15.229 DEBUG 8956 --- [kground-preinit] o.apache.tomcat.util.IntrospectionUtils  : IntrospectionUtils: setProperty(class org.apache.tomcat.util.modeler.ParameterInfo description=The pattern to remove)
2019-05-11 11:06:15.229 DEBUG 8956 --- [kground-preinit] o.apache.tomcat.util.digester.Digester   : [SetPropertiesRule]{mbeans-descriptors/mbean/operation/parameter} Setting property 'type' to 'java.lang.String'
2019-05-11 11:06:15.229 DEBUG 8956 --- [kground-preinit] o.apache.tomcat.util.IntrospectionUtils  : IntrospectionUtils: setProperty(class org.apache.tomcat.util.modeler.ParameterInfo type=java.lang.String)
2019-05-11 11:06:15.229 DEBUG 8956 --- [kground-preinit] o.apache.tomcat.util.digester.Digester   :   Fire begin() for SetNextRule[methodName=addParameter, paramType=org.apache.tomcat.util.modeler.ParameterInfo]
2019-05-11 11:06:15.229 DEBUG 8956 --- [kground-preinit] o.a.tomcat.util.digester.Digester.sax    : endElement(,,parameter)
2019-05-11 11:06:15.229 DEBUG 8956 --- [kground-preinit] o.apache.tomcat.util.digester.Digester   :   match='mbeans-descriptors/mbean/operation/parameter'
2019-05-11 11:06:15.229 DEBUG 8956 --- [kground-preinit] o.apache.tomcat.util.digester.Digester   :   bodyText=''
2019-05-11 11:06:15.229 DEBUG 8956 --- [kground-preinit] o.apache.tomcat.util.digester.Digester   :   Fire body() for ObjectCreateRule[className=org.apache.tomcat.util.modeler.ParameterInfo, attributeName=null]
2019-05-11 11:06:15.230 DEBUG 8956 --- [kground-preinit] o.apache.tomcat.util.digester.Digester   :   Fire body() for SetPropertiesRule[]
2019-05-11 11:06:15.230 DEBUG 8956 --- [kground-preinit] o.apache.tomcat.util.digester.Digester   :   Fire body() for SetNextRule[methodName=addParameter, paramType=org.apache.tomcat.util.modeler.ParameterInfo]
2019-05-11 11:06:15.231 DEBUG 8956 --- [kground-preinit] o.apache.tomcat.util.digester.Digester   :   Fire end() for SetNextRule[methodName=addParameter, paramType=org.apache.tomcat.util.modeler.ParameterInfo]
2019-05-11 11:06:15.232 DEBUG 8956 --- [kground-preinit] o.apache.tomcat.util.digester.Digester   : [SetNextRule]{mbeans-descriptors/mbean/operation/parameter} Call org.apache.tomcat.util.modeler.OperationInfo.addParameter(org.apache.tomcat.util.modeler.ParameterInfo@213b2036)
2019-05-11 11:06:15.232 DEBUG 8956 --- [kground-preinit] o.apache.tomcat.util.IntrospectionUtils  : IntrospectionUtils: callMethod1 org.apache.tomcat.util.modeler.OperationInfo org.apache.tomcat.util.modeler.ParameterInfo org.apache.tomcat.util.modeler.ParameterInfo
2019-05-11 11:06:15.232 DEBUG 8956 --- [kground-preinit] o.apache.tomcat.util.digester.Digester   :   Fire end() for SetPropertiesRule[]
2019-05-11 11:06:15.232 DEBUG 8956 --- [kground-preinit] o.apache.tomcat.util.digester.Digester   :   Fire end() for ObjectCreateRule[className=org.apache.tomcat.util.modeler.ParameterInfo, attributeName=null]
2019-05-11 11:06:15.232 DEBUG 8956 --- [kground-preinit] o.apache.tomcat.util.digester.Digester   : [ObjectCreateRule]{mbeans-descriptors/mbean/operation/parameter} Pop org.apache.tomcat.util.modeler.ParameterInfo
2019-05-11 11:06:15.232 DEBUG 8956 --- [kground-preinit] o.a.tomcat.util.digester.Digester.sax    : characters(
    )
2019-05-11 11:06:15.233 DEBUG 8956 --- [kground-preinit] o.a.tomcat.util.digester.Digester.sax    : endElement(,,operation)
2019-05-11 11:06:15.233 DEBUG 8956 --- [kground-preinit] o.apache.tomcat.util.digester.Digester   :   match='mbeans-descriptors/mbean/operation'
2019-05-11 11:06:15.233 DEBUG 8956 --- [kground-preinit] o.apache.tomcat.util.digester.Digester   :   bodyText='
      
    '
2019-05-11 11:06:15.233 DEBUG 8956 --- [kground-preinit] o.apache.tomcat.util.digester.Digester   :   Fire body() for ObjectCreateRule[className=org.apache.tomcat.util.modeler.OperationInfo, attributeName=null]
2019-05-11 11:06:15.233 DEBUG 8956 --- [kground-preinit] o.apache.tomcat.util.digester.Digester   :   Fire body() for SetPropertiesRule[]
2019-05-11 11:06:15.233 DEBUG 8956 --- [kground-preinit] o.apache.tomcat.util.digester.Digester   :   Fire body() for SetNextRule[methodName=addOperation, paramType=org.apache.tomcat.util.modeler.OperationInfo]
2019-05-11 11:06:15.233 DEBUG 8956 --- [kground-preinit] o.apache.tomcat.util.digester.Digester   :   Fire end() for SetNextRule[methodName=addOperation, paramType=org.apache.tomcat.util.modeler.OperationInfo]
2019-05-11 11:06:15.233 DEBUG 8956 --- [kground-preinit] o.apache.tomcat.util.digester.Digester   : [SetNextRule]{mbeans-descriptors/mbean/operation} Call org.apache.tomcat.util.modeler.ManagedBean.addOperation(org.apache.tomcat.util.modeler.OperationInfo@707d9dbd)
2019-05-11 11:06:15.233 DEBUG 8956 --- [kground-preinit] o.apache.tomcat.util.IntrospectionUtils  : IntrospectionUtils: callMethod1 org.apache.tomcat.util.modeler.ManagedBean org.apache.tomcat.util.modeler.OperationInfo org.apache.tomcat.util.modeler.OperationInfo
2019-05-11 11:06:15.233 DEBUG 8956 --- [kground-preinit] o.apache.tomcat.util.digester.Digester   :   Fire end() for SetPropertiesRule[]
2019-05-11 11:06:15.234 DEBUG 8956 --- [kground-preinit] o.apache.tomcat.util.digester.Digester   :   Fire end() for ObjectCreateRule[className=org.apache.tomcat.util.modeler.OperationInfo, attributeName=null]
2019-05-11 11:06:15.234 DEBUG 8956 --- [kground-preinit] o.apache.tomcat.util.digester.Digester   : [ObjectCreateRule]{mbeans-descriptors/mbean/operation} Pop org.apache.tomcat.util.modeler.OperationInfo
2019-05-11 11:06:15.234 DEBUG 8956 --- [kground-preinit] o.a.tomcat.util.digester.Digester.sax    : characters(

    )
2019-05-11 11:06:15.234 DEBUG 8956 --- [kground-preinit] o.a.tomcat.util.digester.Digester.sax    : startElement(,,operation)
2019-05-11 11:06:15.234 DEBUG 8956 --- [kground-preinit] o.apache.tomcat.util.digester.Digester   :   New match='mbeans-descriptors/mbean/operation'
2019-05-11 11:06:15.234 DEBUG 8956 --- [kground-preinit] o.apache.tomcat.util.digester.Digester   :   Fire begin() for ObjectCreateRule[className=org.apache.tomcat.util.modeler.OperationInfo, attributeName=null]
2019-05-11 11:06:15.234 DEBUG 8956 --- [kground-preinit] o.apache.tomcat.util.digester.Digester   : [ObjectCreateRule]{mbeans-descriptors/mbean/operation}New org.apache.tomcat.util.modeler.OperationInfo
2019-05-11 11:06:15.234 DEBUG 8956 --- [kground-preinit] o.apache.tomcat.util.digester.Digester   :   Fire begin() for SetPropertiesRule[]
2019-05-11 11:06:15.234 DEBUG 8956 --- [kground-preinit] o.apache.tomcat.util.digester.Digester   : [SetPropertiesRule]{mbeans-descriptors/mbean/operation} Set org.apache.tomcat.util.modeler.OperationInfo properties
2019-05-11 11:06:15.235 DEBUG 8956 --- [kground-preinit] o.apache.tomcat.util.digester.Digester   : [SetPropertiesRule]{mbeans-descriptors/mbean/operation} Setting property 'name' to 'removeSecurityReference'
2019-05-11 11:06:15.235 DEBUG 8956 --- [kground-preinit] o.apache.tomcat.util.IntrospectionUtils  : IntrospectionUtils: setProperty(class org.apache.tomcat.util.modeler.OperationInfo name=removeSecurityReference)
2019-05-11 11:06:15.235 DEBUG 8956 --- [kground-preinit] o.apache.tomcat.util.digester.Digester   : [SetPropertiesRule]{mbeans-descriptors/mbean/operation} Setting property 'description' to 'Remove any security role reference for the specified role name.'
2019-05-11 11:06:15.235 DEBUG 8956 --- [kground-preinit] o.apache.tomcat.util.IntrospectionUtils  : IntrospectionUtils: setProperty(class org.apache.tomcat.util.modeler.OperationInfo description=Remove any security role reference for the specified role name.)
2019-05-11 11:06:15.235 DEBUG 8956 --- [kground-preinit] o.apache.tomcat.util.digester.Digester   : [SetPropertiesRule]{mbeans-descriptors/mbean/operation} Setting property 'impact' to 'ACTION'
2019-05-11 11:06:15.235 DEBUG 8956 --- [kground-preinit] o.apache.tomcat.util.IntrospectionUtils  : IntrospectionUtils: setProperty(class org.apache.tomcat.util.modeler.OperationInfo impact=ACTION)
2019-05-11 11:06:15.235 DEBUG 8956 --- [kground-preinit] o.apache.tomcat.util.digester.Digester   : [SetPropertiesRule]{mbeans-descriptors/mbean/operation} Setting property 'returnType' to 'void'
2019-05-11 11:06:15.235 DEBUG 8956 --- [kground-preinit] o.apache.tomcat.util.IntrospectionUtils  : IntrospectionUtils: setProperty(class org.apache.tomcat.util.modeler.OperationInfo returnType=void)
2019-05-11 11:06:15.235 DEBUG 8956 --- [kground-preinit] o.apache.tomcat.util.digester.Digester   :   Fire begin() for SetNextRule[methodName=addOperation, paramType=org.apache.tomcat.util.modeler.OperationInfo]
2019-05-11 11:06:15.237 DEBUG 8956 --- [           main] o.s.c.a.ConfigurationClassEnhancer       : Successfully enhanced org.springframework.boot.autoconfigure.web.MultipartAutoConfiguration; enhanced class name is: org.springframework.boot.autoconfigure.web.MultipartAutoConfiguration$$EnhancerBySpringCGLIB$$35b7111f
2019-05-11 11:06:15.237 DEBUG 8956 --- [           main] o.s.c.a.ConfigurationClassPostProcessor  : Replacing bean definition 'org.springframework.boot.autoconfigure.web.MultipartAutoConfiguration' existing class 'org.springframework.boot.autoconfigure.web.MultipartAutoConfiguration' with enhanced class 'org.springframework.boot.autoconfigure.web.MultipartAutoConfiguration$$EnhancerBySpringCGLIB$$35b7111f'
2019-05-11 11:06:15.242 DEBUG 8956 --- [           main] o.s.c.a.ConfigurationClassEnhancer       : Successfully enhanced org.springframework.boot.autoconfigure.web.ServerPropertiesAutoConfiguration; enhanced class name is: org.springframework.boot.autoconfigure.web.ServerPropertiesAutoConfiguration$$EnhancerBySpringCGLIB$$315ed9a9
2019-05-11 11:06:15.242 DEBUG 8956 --- [           main] o.s.c.a.ConfigurationClassPostProcessor  : Replacing bean definition 'org.springframework.boot.autoconfigure.web.ServerPropertiesAutoConfiguration' existing class 'org.springframework.boot.autoconfigure.web.ServerPropertiesAutoConfiguration' with enhanced class 'org.springframework.boot.autoconfigure.web.ServerPropertiesAutoConfiguration$$EnhancerBySpringCGLIB$$315ed9a9'
2019-05-11 11:06:15.246 DEBUG 8956 --- [           main] o.s.c.a.ConfigurationClassEnhancer       : Successfully enhanced org.springframework.boot.autoconfigure.web.WebClientAutoConfiguration$RestTemplateConfiguration; enhanced class name is: org.springframework.boot.autoconfigure.web.WebClientAutoConfiguration$RestTemplateConfiguration$$EnhancerBySpringCGLIB$$8238d4f0
2019-05-11 11:06:15.246 DEBUG 8956 --- [           main] o.s.c.a.ConfigurationClassPostProcessor  : Replacing bean definition 'org.springframework.boot.autoconfigure.web.WebClientAutoConfiguration$RestTemplateConfiguration' existing class 'org.springframework.boot.autoconfigure.web.WebClientAutoConfiguration$RestTemplateConfiguration' with enhanced class 'org.springframework.boot.autoconfigure.web.WebClientAutoConfiguration$RestTemplateConfiguration$$EnhancerBySpringCGLIB$$8238d4f0'
2019-05-11 11:06:15.248 DEBUG 8956 --- [           main] o.s.c.a.ConfigurationClassEnhancer       : Successfully enhanced org.springframework.boot.autoconfigure.web.WebClientAutoConfiguration; enhanced class name is: org.springframework.boot.autoconfigure.web.WebClientAutoConfiguration$$EnhancerBySpringCGLIB$$8ba8828c
2019-05-11 11:06:15.248 DEBUG 8956 --- [           main] o.s.c.a.ConfigurationClassPostProcessor  : Replacing bean definition 'org.springframework.boot.autoconfigure.web.WebClientAutoConfiguration' existing class 'org.springframework.boot.autoconfigure.web.WebClientAutoConfiguration' with enhanced class 'org.springframework.boot.autoconfigure.web.WebClientAutoConfiguration$$EnhancerBySpringCGLIB$$8ba8828c'
2019-05-11 11:06:15.249 DEBUG 8956 --- [           main] o.s.core.env.StandardEnvironment         : Adding PropertySource 'applicationConfig: [classpath:/application.properties]' with search precedence immediately lower than 'applicationConfigurationProperties'
2019-05-11 11:06:15.249 DEBUG 8956 --- [           main] o.s.core.env.StandardEnvironment         : Removing PropertySource 'applicationConfigurationProperties'
2019-05-11 11:06:15.250 DEBUG 8956 --- [           main] o.s.core.env.StandardEnvironment         : Removing PropertySource 'defaultProperties'
2019-05-11 11:06:15.251 DEBUG 8956 --- [           main] o.s.b.f.s.DefaultListableBeanFactory     : Creating shared instance of singleton bean 'propertySourcesPlaceholderConfigurer'
2019-05-11 11:06:15.251 DEBUG 8956 --- [           main] o.s.b.f.s.DefaultListableBeanFactory     : Creating instance of bean 'propertySourcesPlaceholderConfigurer'
2019-05-11 11:06:15.251 DEBUG 8956 --- [kground-preinit] o.a.tomcat.util.digester.Digester.sax    : characters(
      )
2019-05-11 11:06:15.251 DEBUG 8956 --- [kground-preinit] o.a.tomcat.util.digester.Digester.sax    : startElement(,,parameter)
2019-05-11 11:06:15.252 DEBUG 8956 --- [kground-preinit] o.apache.tomcat.util.digester.Digester   :   New match='mbeans-descriptors/mbean/operation/parameter'
2019-05-11 11:06:15.252 DEBUG 8956 --- [kground-preinit] o.apache.tomcat.util.digester.Digester   :   Fire begin() for ObjectCreateRule[className=org.apache.tomcat.util.modeler.ParameterInfo, attributeName=null]
2019-05-11 11:06:15.252 DEBUG 8956 --- [kground-preinit] o.apache.tomcat.util.digester.Digester   : [ObjectCreateRule]{mbeans-descriptors/mbean/operation/parameter}New org.apache.tomcat.util.modeler.ParameterInfo
2019-05-11 11:06:15.252 DEBUG 8956 --- [kground-preinit] o.apache.tomcat.util.digester.Digester   :   Fire begin() for SetPropertiesRule[]
2019-05-11 11:06:15.252 DEBUG 8956 --- [kground-preinit] o.apache.tomcat.util.digester.Digester   : [SetPropertiesRule]{mbeans-descriptors/mbean/operation/parameter} Set org.apache.tomcat.util.modeler.ParameterInfo properties
2019-05-11 11:06:15.252 DEBUG 8956 --- [kground-preinit] o.apache.tomcat.util.digester.Digester   : [SetPropertiesRule]{mbeans-descriptors/mbean/operation/parameter} Setting property 'name' to 'name'
2019-05-11 11:06:15.253 DEBUG 8956 --- [kground-preinit] o.apache.tomcat.util.IntrospectionUtils  : IntrospectionUtils: setProperty(class org.apache.tomcat.util.modeler.ParameterInfo name=name)
2019-05-11 11:06:15.253 DEBUG 8956 --- [kground-preinit] o.apache.tomcat.util.digester.Digester   : [SetPropertiesRule]{mbeans-descriptors/mbean/operation/parameter} Setting property 'description' to 'Security role used within this servlet to be removed'
2019-05-11 11:06:15.253 DEBUG 8956 --- [kground-preinit] o.apache.tomcat.util.IntrospectionUtils  : IntrospectionUtils: setProperty(class org.apache.tomcat.util.modeler.ParameterInfo description=Security role used within this servlet to be removed)
2019-05-11 11:06:15.253 DEBUG 8956 --- [kground-preinit] o.apache.tomcat.util.digester.Digester   : [SetPropertiesRule]{mbeans-descriptors/mbean/operation/parameter} Setting property 'type' to 'java.lang.String'
2019-05-11 11:06:15.254 DEBUG 8956 --- [kground-preinit] o.apache.tomcat.util.IntrospectionUtils  : IntrospectionUtils: setProperty(class org.apache.tomcat.util.modeler.ParameterInfo type=java.lang.String)
2019-05-11 11:06:15.254 DEBUG 8956 --- [kground-preinit] o.apache.tomcat.util.digester.Digester   :   Fire begin() for SetNextRule[methodName=addParameter, paramType=org.apache.tomcat.util.modeler.ParameterInfo]
2019-05-11 11:06:15.254 DEBUG 8956 --- [kground-preinit] o.a.tomcat.util.digester.Digester.sax    : endElement(,,parameter)
2019-05-11 11:06:15.254 DEBUG 8956 --- [kground-preinit] o.apache.tomcat.util.digester.Digester   :   match='mbeans-descriptors/mbean/operation/parameter'
2019-05-11 11:06:15.254 DEBUG 8956 --- [kground-preinit] o.apache.tomcat.util.digester.Digester   :   bodyText=''
2019-05-11 11:06:15.254 DEBUG 8956 --- [kground-preinit] o.apache.tomcat.util.digester.Digester   :   Fire body() for ObjectCreateRule[className=org.apache.tomcat.util.modeler.ParameterInfo, attributeName=null]
2019-05-11 11:06:15.254 DEBUG 8956 --- [kground-preinit] o.apache.tomcat.util.digester.Digester   :   Fire body() for SetPropertiesRule[]
2019-05-11 11:06:15.254 DEBUG 8956 --- [kground-preinit] o.apache.tomcat.util.digester.Digester   :   Fire body() for SetNextRule[methodName=addParameter, paramType=org.apache.tomcat.util.modeler.ParameterInfo]
2019-05-11 11:06:15.255 DEBUG 8956 --- [kground-preinit] o.apache.tomcat.util.digester.Digester   :   Fire end() for SetNextRule[methodName=addParameter, paramType=org.apache.tomcat.util.modeler.ParameterInfo]
2019-05-11 11:06:15.255 DEBUG 8956 --- [kground-preinit] o.apache.tomcat.util.digester.Digester   : [SetNextRule]{mbeans-descriptors/mbean/operation/parameter} Call org.apache.tomcat.util.modeler.OperationInfo.addParameter(org.apache.tomcat.util.modeler.ParameterInfo@64988647)
2019-05-11 11:06:15.255 DEBUG 8956 --- [kground-preinit] o.apache.tomcat.util.IntrospectionUtils  : IntrospectionUtils: callMethod1 org.apache.tomcat.util.modeler.OperationInfo org.apache.tomcat.util.modeler.ParameterInfo org.apache.tomcat.util.modeler.ParameterInfo
2019-05-11 11:06:15.255 DEBUG 8956 --- [kground-preinit] o.apache.tomcat.util.digester.Digester   :   Fire end() for SetPropertiesRule[]
2019-05-11 11:06:15.255 DEBUG 8956 --- [kground-preinit] o.apache.tomcat.util.digester.Digester   :   Fire end() for ObjectCreateRule[className=org.apache.tomcat.util.modeler.ParameterInfo, attributeName=null]
2019-05-11 11:06:15.255 DEBUG 8956 --- [kground-preinit] o.apache.tomcat.util.digester.Digester   : [ObjectCreateRule]{mbeans-descriptors/mbean/operation/parameter} Pop org.apache.tomcat.util.modeler.ParameterInfo
2019-05-11 11:06:15.255 DEBUG 8956 --- [kground-preinit] o.a.tomcat.util.digester.Digester.sax    : characters(
    )
2019-05-11 11:06:15.255 DEBUG 8956 --- [kground-preinit] o.a.tomcat.util.digester.Digester.sax    : endElement(,,operation)
2019-05-11 11:06:15.255 DEBUG 8956 --- [kground-preinit] o.apache.tomcat.util.digester.Digester   :   match='mbeans-descriptors/mbean/operation'
2019-05-11 11:06:15.256 DEBUG 8956 --- [kground-preinit] o.apache.tomcat.util.digester.Digester   :   bodyText='
      
    '
2019-05-11 11:06:15.256 DEBUG 8956 --- [kground-preinit] o.apache.tomcat.util.digester.Digester   :   Fire body() for ObjectCreateRule[className=org.apache.tomcat.util.modeler.OperationInfo, attributeName=null]
2019-05-11 11:06:15.256 DEBUG 8956 --- [kground-preinit] o.apache.tomcat.util.digester.Digester   :   Fire body() for SetPropertiesRule[]
2019-05-11 11:06:15.256 DEBUG 8956 --- [kground-preinit] o.apache.tomcat.util.digester.Digester   :   Fire body() for SetNextRule[methodName=addOperation, paramType=org.apache.tomcat.util.modeler.OperationInfo]
2019-05-11 11:06:15.256 DEBUG 8956 --- [kground-preinit] o.apache.tomcat.util.digester.Digester   :   Fire end() for SetNextRule[methodName=addOperation, paramType=org.apache.tomcat.util.modeler.OperationInfo]
2019-05-11 11:06:15.256 DEBUG 8956 --- [kground-preinit] o.apache.tomcat.util.digester.Digester   : [SetNextRule]{mbeans-descriptors/mbean/operation} Call org.apache.tomcat.util.modeler.ManagedBean.addOperation(org.apache.tomcat.util.modeler.OperationInfo@23c02f1d)
2019-05-11 11:06:15.257 DEBUG 8956 --- [kground-preinit] o.apache.tomcat.util.IntrospectionUtils  : IntrospectionUtils: callMethod1 org.apache.tomcat.util.modeler.ManagedBean org.apache.tomcat.util.modeler.OperationInfo org.apache.tomcat.util.modeler.OperationInfo
2019-05-11 11:06:15.257 DEBUG 8956 --- [kground-preinit] o.apache.tomcat.util.digester.Digester   :   Fire end() for SetPropertiesRule[]
2019-05-11 11:06:15.258 DEBUG 8956 --- [kground-preinit] o.apache.tomcat.util.digester.Digester   :   Fire end() for ObjectCreateRule[className=org.apache.tomcat.util.modeler.OperationInfo, attributeName=null]
2019-05-11 11:06:15.258 DEBUG 8956 --- [kground-preinit] o.apache.tomcat.util.digester.Digester   : [ObjectCreateRule]{mbeans-descriptors/mbean/operation} Pop org.apache.tomcat.util.modeler.OperationInfo
2019-05-11 11:06:15.258 DEBUG 8956 --- [kground-preinit] o.a.tomcat.util.digester.Digester.sax    : characters(

    )
2019-05-11 11:06:15.258 DEBUG 8956 --- [kground-preinit] o.a.tomcat.util.digester.Digester.sax    : startElement(,,operation)
2019-05-11 11:06:15.258 DEBUG 8956 --- [kground-preinit] o.apache.tomcat.util.digester.Digester   :   New match='mbeans-descriptors/mbean/operation'
2019-05-11 11:06:15.258 DEBUG 8956 --- [kground-preinit] o.apache.tomcat.util.digester.Digester   :   Fire begin() for ObjectCreateRule[className=org.apache.tomcat.util.modeler.OperationInfo, attributeName=null]
2019-05-11 11:06:15.258 DEBUG 8956 --- [kground-preinit] o.apache.tomcat.util.digester.Digester   : [ObjectCreateRule]{mbeans-descriptors/mbean/operation}New org.apache.tomcat.util.modeler.OperationInfo
2019-05-11 11:06:15.258 DEBUG 8956 --- [kground-preinit] o.apache.tomcat.util.digester.Digester   :   Fire begin() for SetPropertiesRule[]
2019-05-11 11:06:15.258 DEBUG 8956 --- [kground-preinit] o.apache.tomcat.util.digester.Digester   : [SetPropertiesRule]{mbeans-descriptors/mbean/operation} Set org.apache.tomcat.util.modeler.OperationInfo properties
2019-05-11 11:06:15.258 DEBUG 8956 --- [           main] o.s.b.f.s.DefaultListableBeanFactory     : Eagerly caching bean 'propertySourcesPlaceholderConfigurer' to allow for resolving potential circular references
2019-05-11 11:06:15.259 DEBUG 8956 --- [kground-preinit] o.apache.tomcat.util.digester.Digester   : [SetPropertiesRule]{mbeans-descriptors/mbean/operation} Setting property 'name' to 'removeValve'
2019-05-11 11:06:15.259 DEBUG 8956 --- [kground-preinit] o.apache.tomcat.util.IntrospectionUtils  : IntrospectionUtils: setProperty(class org.apache.tomcat.util.modeler.OperationInfo name=removeValve)
2019-05-11 11:06:15.259 DEBUG 8956 --- [kground-preinit] o.apache.tomcat.util.digester.Digester   : [SetPropertiesRule]{mbeans-descriptors/mbean/operation} Setting property 'description' to 'Remove a valve from this Wrapper'
2019-05-11 11:06:15.259 DEBUG 8956 --- [kground-preinit] o.apache.tomcat.util.IntrospectionUtils  : IntrospectionUtils: setProperty(class org.apache.tomcat.util.modeler.OperationInfo description=Remove a valve from this Wrapper)
2019-05-11 11:06:15.259 DEBUG 8956 --- [kground-preinit] o.apache.tomcat.util.digester.Digester   : [SetPropertiesRule]{mbeans-descriptors/mbean/operation} Setting property 'impact' to 'ACTION'
2019-05-11 11:06:15.259 DEBUG 8956 --- [kground-preinit] o.apache.tomcat.util.IntrospectionUtils  : IntrospectionUtils: setProperty(class org.apache.tomcat.util.modeler.OperationInfo impact=ACTION)
2019-05-11 11:06:15.259 DEBUG 8956 --- [kground-preinit] o.apache.tomcat.util.digester.Digester   : [SetPropertiesRule]{mbeans-descriptors/mbean/operation} Setting property 'returnType' to 'void'
2019-05-11 11:06:15.259 DEBUG 8956 --- [kground-preinit] o.apache.tomcat.util.IntrospectionUtils  : IntrospectionUtils: setProperty(class org.apache.tomcat.util.modeler.OperationInfo returnType=void)
2019-05-11 11:06:15.259 DEBUG 8956 --- [kground-preinit] o.apache.tomcat.util.digester.Digester   :   Fire begin() for SetNextRule[methodName=addOperation, paramType=org.apache.tomcat.util.modeler.OperationInfo]
2019-05-11 11:06:15.259 DEBUG 8956 --- [kground-preinit] o.a.tomcat.util.digester.Digester.sax    : characters(
      )
2019-05-11 11:06:15.259 DEBUG 8956 --- [kground-preinit] o.a.tomcat.util.digester.Digester.sax    : startElement(,,parameter)
2019-05-11 11:06:15.259 DEBUG 8956 --- [kground-preinit] o.apache.tomcat.util.digester.Digester   :   New match='mbeans-descriptors/mbean/operation/parameter'
2019-05-11 11:06:15.259 DEBUG 8956 --- [kground-preinit] o.apache.tomcat.util.digester.Digester   :   Fire begin() for ObjectCreateRule[className=org.apache.tomcat.util.modeler.ParameterInfo, attributeName=null]
2019-05-11 11:06:15.260 DEBUG 8956 --- [kground-preinit] o.apache.tomcat.util.digester.Digester   : [ObjectCreateRule]{mbeans-descriptors/mbean/operation/parameter}New org.apache.tomcat.util.modeler.ParameterInfo
2019-05-11 11:06:15.260 DEBUG 8956 --- [kground-preinit] o.apache.tomcat.util.digester.Digester   :   Fire begin() for SetPropertiesRule[]
2019-05-11 11:06:15.260 DEBUG 8956 --- [kground-preinit] o.apache.tomcat.util.digester.Digester   : [SetPropertiesRule]{mbeans-descriptors/mbean/operation/parameter} Set org.apache.tomcat.util.modeler.ParameterInfo properties
2019-05-11 11:06:15.260 DEBUG 8956 --- [kground-preinit] o.apache.tomcat.util.digester.Digester   : [SetPropertiesRule]{mbeans-descriptors/mbean/operation/parameter} Setting property 'name' to 'valveName'
2019-05-11 11:06:15.260 DEBUG 8956 --- [kground-preinit] o.apache.tomcat.util.IntrospectionUtils  : IntrospectionUtils: setProperty(class org.apache.tomcat.util.modeler.ParameterInfo name=valveName)
2019-05-11 11:06:15.260 DEBUG 8956 --- [kground-preinit] o.apache.tomcat.util.digester.Digester   : [SetPropertiesRule]{mbeans-descriptors/mbean/operation/parameter} Setting property 'description' to 'Objectname of the valve to be removed'
2019-05-11 11:06:15.260 DEBUG 8956 --- [kground-preinit] o.apache.tomcat.util.IntrospectionUtils  : IntrospectionUtils: setProperty(class org.apache.tomcat.util.modeler.ParameterInfo description=Objectname of the valve to be removed)
2019-05-11 11:06:15.260 DEBUG 8956 --- [kground-preinit] o.apache.tomcat.util.digester.Digester   : [SetPropertiesRule]{mbeans-descriptors/mbean/operation/parameter} Setting property 'type' to 'java.lang.String'
2019-05-11 11:06:15.260 DEBUG 8956 --- [kground-preinit] o.apache.tomcat.util.IntrospectionUtils  : IntrospectionUtils: setProperty(class org.apache.tomcat.util.modeler.ParameterInfo type=java.lang.String)
2019-05-11 11:06:15.260 DEBUG 8956 --- [kground-preinit] o.apache.tomcat.util.digester.Digester   :   Fire begin() for SetNextRule[methodName=addParameter, paramType=org.apache.tomcat.util.modeler.ParameterInfo]
2019-05-11 11:06:15.260 DEBUG 8956 --- [kground-preinit] o.a.tomcat.util.digester.Digester.sax    : endElement(,,parameter)
2019-05-11 11:06:15.260 DEBUG 8956 --- [kground-preinit] o.apache.tomcat.util.digester.Digester   :   match='mbeans-descriptors/mbean/operation/parameter'
2019-05-11 11:06:15.260 DEBUG 8956 --- [kground-preinit] o.apache.tomcat.util.digester.Digester   :   bodyText=''
2019-05-11 11:06:15.261 DEBUG 8956 --- [kground-preinit] o.apache.tomcat.util.digester.Digester   :   Fire body() for ObjectCreateRule[className=org.apache.tomcat.util.modeler.ParameterInfo, attributeName=null]
2019-05-11 11:06:15.261 DEBUG 8956 --- [kground-preinit] o.apache.tomcat.util.digester.Digester   :   Fire body() for SetPropertiesRule[]
2019-05-11 11:06:15.261 DEBUG 8956 --- [kground-preinit] o.apache.tomcat.util.digester.Digester   :   Fire body() for SetNextRule[methodName=addParameter, paramType=org.apache.tomcat.util.modeler.ParameterInfo]
2019-05-11 11:06:15.261 DEBUG 8956 --- [kground-preinit] o.apache.tomcat.util.digester.Digester   :   Fire end() for SetNextRule[methodName=addParameter, paramType=org.apache.tomcat.util.modeler.ParameterInfo]
2019-05-11 11:06:15.261 DEBUG 8956 --- [kground-preinit] o.apache.tomcat.util.digester.Digester   : [SetNextRule]{mbeans-descriptors/mbean/operation/parameter} Call org.apache.tomcat.util.modeler.OperationInfo.addParameter(org.apache.tomcat.util.modeler.ParameterInfo@5b0281c3)
2019-05-11 11:06:15.261 DEBUG 8956 --- [kground-preinit] o.apache.tomcat.util.IntrospectionUtils  : IntrospectionUtils: callMethod1 org.apache.tomcat.util.modeler.OperationInfo org.apache.tomcat.util.modeler.ParameterInfo org.apache.tomcat.util.modeler.ParameterInfo
2019-05-11 11:06:15.261 DEBUG 8956 --- [kground-preinit] o.apache.tomcat.util.digester.Digester   :   Fire end() for SetPropertiesRule[]
2019-05-11 11:06:15.261 DEBUG 8956 --- [kground-preinit] o.apache.tomcat.util.digester.Digester   :   Fire end() for ObjectCreateRule[className=org.apache.tomcat.util.modeler.ParameterInfo, attributeName=null]
2019-05-11 11:06:15.261 DEBUG 8956 --- [kground-preinit] o.apache.tomcat.util.digester.Digester   : [ObjectCreateRule]{mbeans-descriptors/mbean/operation/parameter} Pop org.apache.tomcat.util.modeler.ParameterInfo
2019-05-11 11:06:15.262 DEBUG 8956 --- [kground-preinit] o.a.tomcat.util.digester.Digester.sax    : characters(
    )
2019-05-11 11:06:15.262 DEBUG 8956 --- [kground-preinit] o.a.tomcat.util.digester.Digester.sax    : endElement(,,operation)
2019-05-11 11:06:15.262 DEBUG 8956 --- [kground-preinit] o.apache.tomcat.util.digester.Digester   :   match='mbeans-descriptors/mbean/operation'
2019-05-11 11:06:15.262 DEBUG 8956 --- [kground-preinit] o.apache.tomcat.util.digester.Digester   :   bodyText='
      
    '
2019-05-11 11:06:15.262 DEBUG 8956 --- [kground-preinit] o.apache.tomcat.util.digester.Digester   :   Fire body() for ObjectCreateRule[className=org.apache.tomcat.util.modeler.OperationInfo, attributeName=null]
2019-05-11 11:06:15.262 DEBUG 8956 --- [kground-preinit] o.apache.tomcat.util.digester.Digester   :   Fire body() for SetPropertiesRule[]
2019-05-11 11:06:15.262 DEBUG 8956 --- [kground-preinit] o.apache.tomcat.util.digester.Digester   :   Fire body() for SetNextRule[methodName=addOperation, paramType=org.apache.tomcat.util.modeler.OperationInfo]
2019-05-11 11:06:15.262 DEBUG 8956 --- [kground-preinit] o.apache.tomcat.util.digester.Digester   :   Fire end() for SetNextRule[methodName=addOperation, paramType=org.apache.tomcat.util.modeler.OperationInfo]
2019-05-11 11:06:15.266 DEBUG 8956 --- [kground-preinit] o.apache.tomcat.util.digester.Digester   : [SetNextRule]{mbeans-descriptors/mbean/operation} Call org.apache.tomcat.util.modeler.ManagedBean.addOperation(org.apache.tomcat.util.modeler.OperationInfo@478e7f6b)
2019-05-11 11:06:15.266 DEBUG 8956 --- [kground-preinit] o.apache.tomcat.util.IntrospectionUtils  : IntrospectionUtils: callMethod1 org.apache.tomcat.util.modeler.ManagedBean org.apache.tomcat.util.modeler.OperationInfo org.apache.tomcat.util.modeler.OperationInfo
2019-05-11 11:06:15.266 DEBUG 8956 --- [kground-preinit] o.apache.tomcat.util.digester.Digester   :   Fire end() for SetPropertiesRule[]
2019-05-11 11:06:15.266 DEBUG 8956 --- [kground-preinit] o.apache.tomcat.util.digester.Digester   :   Fire end() for ObjectCreateRule[className=org.apache.tomcat.util.modeler.OperationInfo, attributeName=null]
2019-05-11 11:06:15.266 DEBUG 8956 --- [kground-preinit] o.apache.tomcat.util.digester.Digester   : [ObjectCreateRule]{mbeans-descriptors/mbean/operation} Pop org.apache.tomcat.util.modeler.OperationInfo
2019-05-11 11:06:15.266 DEBUG 8956 --- [kground-preinit] o.a.tomcat.util.digester.Digester.sax    : characters(

  )
2019-05-11 11:06:15.266 DEBUG 8956 --- [kground-preinit] o.a.tomcat.util.digester.Digester.sax    : endElement(,,mbean)
2019-05-11 11:06:15.266 DEBUG 8956 --- [kground-preinit] o.apache.tomcat.util.digester.Digester   :   match='mbeans-descriptors/mbean'
2019-05-11 11:06:15.266 DEBUG 8956 --- [kground-preinit] o.apache.tomcat.util.digester.Digester   :   bodyText='

    

    

    

    

    

    

    

    

    

    

    

    

    

    

    

    

    

    

    

    

    

    

    

    

    

    

    

    

    

    

    

    

    

    

  '
2019-05-11 11:06:15.267 DEBUG 8956 --- [kground-preinit] o.apache.tomcat.util.digester.Digester   :   Fire body() for ObjectCreateRule[className=org.apache.tomcat.util.modeler.ManagedBean, attributeName=null]
2019-05-11 11:06:15.267 DEBUG 8956 --- [kground-preinit] o.apache.tomcat.util.digester.Digester   :   Fire body() for SetPropertiesRule[]
2019-05-11 11:06:15.267 DEBUG 8956 --- [kground-preinit] o.apache.tomcat.util.digester.Digester   :   Fire body() for SetNextRule[methodName=add, paramType=java.lang.Object]
2019-05-11 11:06:15.267 DEBUG 8956 --- [kground-preinit] o.apache.tomcat.util.digester.Digester   :   Fire end() for SetNextRule[methodName=add, paramType=java.lang.Object]
2019-05-11 11:06:15.267 DEBUG 8956 --- [kground-preinit] o.apache.tomcat.util.digester.Digester   : [SetNextRule]{mbeans-descriptors/mbean} Call java.util.ArrayList.add(ManagedBean[name=StandardWrapper, className=org.apache.catalina.mbeans.ContainerMBean, description=Wrapper that represents an individual servlet definition, group=Wrapper, type=org.apache.catalina.core.StandardWrapper])
2019-05-11 11:06:15.267 DEBUG 8956 --- [kground-preinit] o.apache.tomcat.util.IntrospectionUtils  : IntrospectionUtils: callMethod1 java.util.ArrayList org.apache.tomcat.util.modeler.ManagedBean java.lang.Object
2019-05-11 11:06:15.267 DEBUG 8956 --- [kground-preinit] o.apache.tomcat.util.digester.Digester   :   Fire end() for SetPropertiesRule[]
2019-05-11 11:06:15.267 DEBUG 8956 --- [kground-preinit] o.apache.tomcat.util.digester.Digester   :   Fire end() for ObjectCreateRule[className=org.apache.tomcat.util.modeler.ManagedBean, attributeName=null]
2019-05-11 11:06:15.267 DEBUG 8956 --- [kground-preinit] o.apache.tomcat.util.digester.Digester   : [ObjectCreateRule]{mbeans-descriptors/mbean} Pop org.apache.tomcat.util.modeler.ManagedBean
2019-05-11 11:06:15.267 DEBUG 8956 --- [kground-preinit] o.a.tomcat.util.digester.Digester.sax    : characters(

  )
2019-05-11 11:06:15.267 DEBUG 8956 --- [kground-preinit] o.a.tomcat.util.digester.Digester.sax    : startElement(,,mbean)
2019-05-11 11:06:15.267 DEBUG 8956 --- [kground-preinit] o.apache.tomcat.util.digester.Digester   :   New match='mbeans-descriptors/mbean'
2019-05-11 11:06:15.268 DEBUG 8956 --- [kground-preinit] o.apache.tomcat.util.digester.Digester   :   Fire begin() for ObjectCreateRule[className=org.apache.tomcat.util.modeler.ManagedBean, attributeName=null]
2019-05-11 11:06:15.268 DEBUG 8956 --- [kground-preinit] o.apache.tomcat.util.digester.Digester   : [ObjectCreateRule]{mbeans-descriptors/mbean}New org.apache.tomcat.util.modeler.ManagedBean
2019-05-11 11:06:15.268 DEBUG 8956 --- [kground-preinit] o.apache.tomcat.util.digester.Digester   :   Fire begin() for SetPropertiesRule[]
2019-05-11 11:06:15.268 DEBUG 8956 --- [kground-preinit] o.apache.tomcat.util.digester.Digester   : [SetPropertiesRule]{mbeans-descriptors/mbean} Set org.apache.tomcat.util.modeler.ManagedBean properties
2019-05-11 11:06:15.268 DEBUG 8956 --- [kground-preinit] o.apache.tomcat.util.digester.Digester   : [SetPropertiesRule]{mbeans-descriptors/mbean} Setting property 'name' to 'StandardWrapperValve'
2019-05-11 11:06:15.268 DEBUG 8956 --- [kground-preinit] o.apache.tomcat.util.IntrospectionUtils  : IntrospectionUtils: setProperty(class org.apache.tomcat.util.modeler.ManagedBean name=StandardWrapperValve)
2019-05-11 11:06:15.268 DEBUG 8956 --- [kground-preinit] o.apache.tomcat.util.digester.Digester   : [SetPropertiesRule]{mbeans-descriptors/mbean} Setting property 'description' to 'Valve that implements the default basic behavior for the StandardWrapper container implementation'
2019-05-11 11:06:15.268 DEBUG 8956 --- [kground-preinit] o.apache.tomcat.util.IntrospectionUtils  : IntrospectionUtils: setProperty(class org.apache.tomcat.util.modeler.ManagedBean description=Valve that implements the default basic behavior for the StandardWrapper container implementation)
2019-05-11 11:06:15.268 DEBUG 8956 --- [kground-preinit] o.apache.tomcat.util.digester.Digester   : [SetPropertiesRule]{mbeans-descriptors/mbean} Setting property 'domain' to 'Catalina'
2019-05-11 11:06:15.268 DEBUG 8956 --- [kground-preinit] o.apache.tomcat.util.IntrospectionUtils  : IntrospectionUtils: setProperty(class org.apache.tomcat.util.modeler.ManagedBean domain=Catalina)
2019-05-11 11:06:15.268 DEBUG 8956 --- [kground-preinit] o.apache.tomcat.util.digester.Digester   : [SetPropertiesRule]{mbeans-descriptors/mbean} Setting property 'group' to 'Valve'
2019-05-11 11:06:15.268 DEBUG 8956 --- [kground-preinit] o.apache.tomcat.util.IntrospectionUtils  : IntrospectionUtils: setProperty(class org.apache.tomcat.util.modeler.ManagedBean group=Valve)
2019-05-11 11:06:15.269 DEBUG 8956 --- [kground-preinit] o.apache.tomcat.util.digester.Digester   : [SetPropertiesRule]{mbeans-descriptors/mbean} Setting property 'type' to 'org.apache.catalina.core.StandardWrapperValve'
2019-05-11 11:06:15.269 DEBUG 8956 --- [kground-preinit] o.apache.tomcat.util.IntrospectionUtils  : IntrospectionUtils: setProperty(class org.apache.tomcat.util.modeler.ManagedBean type=org.apache.catalina.core.StandardWrapperValve)
2019-05-11 11:06:15.269 DEBUG 8956 --- [kground-preinit] o.apache.tomcat.util.digester.Digester   :   Fire begin() for SetNextRule[methodName=add, paramType=java.lang.Object]
2019-05-11 11:06:15.269 DEBUG 8956 --- [kground-preinit] o.a.tomcat.util.digester.Digester.sax    : characters(

     )
2019-05-11 11:06:15.269 DEBUG 8956 --- [kground-preinit] o.a.tomcat.util.digester.Digester.sax    : startElement(,,attribute)
2019-05-11 11:06:15.269 DEBUG 8956 --- [kground-preinit] o.apache.tomcat.util.digester.Digester   :   New match='mbeans-descriptors/mbean/attribute'
2019-05-11 11:06:15.269 DEBUG 8956 --- [kground-preinit] o.apache.tomcat.util.digester.Digester   :   Fire begin() for ObjectCreateRule[className=org.apache.tomcat.util.modeler.AttributeInfo, attributeName=null]
2019-05-11 11:06:15.269 DEBUG 8956 --- [kground-preinit] o.apache.tomcat.util.digester.Digester   : [ObjectCreateRule]{mbeans-descriptors/mbean/attribute}New org.apache.tomcat.util.modeler.AttributeInfo
2019-05-11 11:06:15.269 DEBUG 8956 --- [kground-preinit] o.apache.tomcat.util.digester.Digester   :   Fire begin() for SetPropertiesRule[]
2019-05-11 11:06:15.269 DEBUG 8956 --- [kground-preinit] o.apache.tomcat.util.digester.Digester   : [SetPropertiesRule]{mbeans-descriptors/mbean/attribute} Set org.apache.tomcat.util.modeler.AttributeInfo properties
2019-05-11 11:06:15.270 DEBUG 8956 --- [kground-preinit] o.apache.tomcat.util.digester.Digester   : [SetPropertiesRule]{mbeans-descriptors/mbean/attribute} Setting property 'name' to 'asyncSupported'
2019-05-11 11:06:15.270 DEBUG 8956 --- [kground-preinit] o.apache.tomcat.util.IntrospectionUtils  : IntrospectionUtils: setProperty(class org.apache.tomcat.util.modeler.AttributeInfo name=asyncSupported)
2019-05-11 11:06:15.270 DEBUG 8956 --- [kground-preinit] o.apache.tomcat.util.digester.Digester   : [SetPropertiesRule]{mbeans-descriptors/mbean/attribute} Setting property 'description' to 'Does this valve support async reporting?'
2019-05-11 11:06:15.270 DEBUG 8956 --- [kground-preinit] o.apache.tomcat.util.IntrospectionUtils  : IntrospectionUtils: setProperty(class org.apache.tomcat.util.modeler.AttributeInfo description=Does this valve support async reporting?)
2019-05-11 11:06:15.270 DEBUG 8956 --- [kground-preinit] o.apache.tomcat.util.digester.Digester   : [SetPropertiesRule]{mbeans-descriptors/mbean/attribute} Setting property 'type' to 'boolean'
2019-05-11 11:06:15.270 DEBUG 8956 --- [kground-preinit] o.apache.tomcat.util.IntrospectionUtils  : IntrospectionUtils: setProperty(class org.apache.tomcat.util.modeler.AttributeInfo type=boolean)
2019-05-11 11:06:15.270 DEBUG 8956 --- [kground-preinit] o.apache.tomcat.util.digester.Digester   :   Fire begin() for SetNextRule[methodName=addAttribute, paramType=org.apache.tomcat.util.modeler.AttributeInfo]
2019-05-11 11:06:15.270 DEBUG 8956 --- [kground-preinit] o.a.tomcat.util.digester.Digester.sax    : endElement(,,attribute)
2019-05-11 11:06:15.270 DEBUG 8956 --- [kground-preinit] o.apache.tomcat.util.digester.Digester   :   match='mbeans-descriptors/mbean/attribute'
2019-05-11 11:06:15.270 DEBUG 8956 --- [kground-preinit] o.apache.tomcat.util.digester.Digester   :   bodyText=''
2019-05-11 11:06:15.270 DEBUG 8956 --- [kground-preinit] o.apache.tomcat.util.digester.Digester   :   Fire body() for ObjectCreateRule[className=org.apache.tomcat.util.modeler.AttributeInfo, attributeName=null]
2019-05-11 11:06:15.270 DEBUG 8956 --- [kground-preinit] o.apache.tomcat.util.digester.Digester   :   Fire body() for SetPropertiesRule[]
2019-05-11 11:06:15.270 DEBUG 8956 --- [kground-preinit] o.apache.tomcat.util.digester.Digester   :   Fire body() for SetNextRule[methodName=addAttribute, paramType=org.apache.tomcat.util.modeler.AttributeInfo]
2019-05-11 11:06:15.271 DEBUG 8956 --- [kground-preinit] o.apache.tomcat.util.digester.Digester   :   Fire end() for SetNextRule[methodName=addAttribute, paramType=org.apache.tomcat.util.modeler.AttributeInfo]
2019-05-11 11:06:15.271 DEBUG 8956 --- [kground-preinit] o.apache.tomcat.util.digester.Digester   : [SetNextRule]{mbeans-descriptors/mbean/attribute} Call org.apache.tomcat.util.modeler.ManagedBean.addAttribute(org.apache.tomcat.util.modeler.AttributeInfo@67847363)
2019-05-11 11:06:15.271 DEBUG 8956 --- [kground-preinit] o.apache.tomcat.util.IntrospectionUtils  : IntrospectionUtils: callMethod1 org.apache.tomcat.util.modeler.ManagedBean org.apache.tomcat.util.modeler.AttributeInfo org.apache.tomcat.util.modeler.AttributeInfo
2019-05-11 11:06:15.271 DEBUG 8956 --- [kground-preinit] o.apache.tomcat.util.digester.Digester   :   Fire end() for SetPropertiesRule[]
2019-05-11 11:06:15.271 DEBUG 8956 --- [kground-preinit] o.apache.tomcat.util.digester.Digester   :   Fire end() for ObjectCreateRule[className=org.apache.tomcat.util.modeler.AttributeInfo, attributeName=null]
2019-05-11 11:06:15.271 DEBUG 8956 --- [kground-preinit] o.apache.tomcat.util.digester.Digester   : [ObjectCreateRule]{mbeans-descriptors/mbean/attribute} Pop org.apache.tomcat.util.modeler.AttributeInfo
2019-05-11 11:06:15.271 DEBUG 8956 --- [kground-preinit] o.a.tomcat.util.digester.Digester.sax    : characters(

     )
2019-05-11 11:06:15.271 DEBUG 8956 --- [kground-preinit] o.a.tomcat.util.digester.Digester.sax    : startElement(,,attribute)
2019-05-11 11:06:15.271 DEBUG 8956 --- [kground-preinit] o.apache.tomcat.util.digester.Digester   :   New match='mbeans-descriptors/mbean/attribute'
2019-05-11 11:06:15.271 DEBUG 8956 --- [kground-preinit] o.apache.tomcat.util.digester.Digester   :   Fire begin() for ObjectCreateRule[className=org.apache.tomcat.util.modeler.AttributeInfo, attributeName=null]
2019-05-11 11:06:15.272 DEBUG 8956 --- [kground-preinit] o.apache.tomcat.util.digester.Digester   : [ObjectCreateRule]{mbeans-descriptors/mbean/attribute}New org.apache.tomcat.util.modeler.AttributeInfo
2019-05-11 11:06:15.272 DEBUG 8956 --- [kground-preinit] o.apache.tomcat.util.digester.Digester   :   Fire begin() for SetPropertiesRule[]
2019-05-11 11:06:15.272 DEBUG 8956 --- [kground-preinit] o.apache.tomcat.util.digester.Digester   : [SetPropertiesRule]{mbeans-descriptors/mbean/attribute} Set org.apache.tomcat.util.modeler.AttributeInfo properties
2019-05-11 11:06:15.272 DEBUG 8956 --- [kground-preinit] o.apache.tomcat.util.digester.Digester   : [SetPropertiesRule]{mbeans-descriptors/mbean/attribute} Setting property 'name' to 'className'
2019-05-11 11:06:15.272 DEBUG 8956 --- [kground-preinit] o.apache.tomcat.util.IntrospectionUtils  : IntrospectionUtils: setProperty(class org.apache.tomcat.util.modeler.AttributeInfo name=className)
2019-05-11 11:06:15.272 DEBUG 8956 --- [kground-preinit] o.apache.tomcat.util.digester.Digester   : [SetPropertiesRule]{mbeans-descriptors/mbean/attribute} Setting property 'description' to 'Fully qualified class name of the managed object'
2019-05-11 11:06:15.272 DEBUG 8956 --- [kground-preinit] o.apache.tomcat.util.IntrospectionUtils  : IntrospectionUtils: setProperty(class org.apache.tomcat.util.modeler.AttributeInfo description=Fully qualified class name of the managed object)
2019-05-11 11:06:15.272 DEBUG 8956 --- [kground-preinit] o.apache.tomcat.util.digester.Digester   : [SetPropertiesRule]{mbeans-descriptors/mbean/attribute} Setting property 'type' to 'java.lang.String'
2019-05-11 11:06:15.272 DEBUG 8956 --- [kground-preinit] o.apache.tomcat.util.IntrospectionUtils  : IntrospectionUtils: setProperty(class org.apache.tomcat.util.modeler.AttributeInfo type=java.lang.String)
2019-05-11 11:06:15.272 DEBUG 8956 --- [kground-preinit] o.apache.tomcat.util.digester.Digester   : [SetPropertiesRule]{mbeans-descriptors/mbean/attribute} Setting property 'writeable' to 'false'
2019-05-11 11:06:15.273 DEBUG 8956 --- [kground-preinit] o.apache.tomcat.util.IntrospectionUtils  : IntrospectionUtils: setProperty(class org.apache.tomcat.util.modeler.AttributeInfo writeable=false)
2019-05-11 11:06:15.273 DEBUG 8956 --- [kground-preinit] o.apache.tomcat.util.digester.Digester   :   Fire begin() for SetNextRule[methodName=addAttribute, paramType=org.apache.tomcat.util.modeler.AttributeInfo]
2019-05-11 11:06:15.273 DEBUG 8956 --- [kground-preinit] o.a.tomcat.util.digester.Digester.sax    : endElement(,,attribute)
2019-05-11 11:06:15.273 DEBUG 8956 --- [kground-preinit] o.apache.tomcat.util.digester.Digester   :   match='mbeans-descriptors/mbean/attribute'
2019-05-11 11:06:15.273 DEBUG 8956 --- [kground-preinit] o.apache.tomcat.util.digester.Digester   :   bodyText=''
2019-05-11 11:06:15.273 DEBUG 8956 --- [kground-preinit] o.apache.tomcat.util.digester.Digester   :   Fire body() for ObjectCreateRule[className=org.apache.tomcat.util.modeler.AttributeInfo, attributeName=null]
2019-05-11 11:06:15.273 DEBUG 8956 --- [kground-preinit] o.apache.tomcat.util.digester.Digester   :   Fire body() for SetPropertiesRule[]
2019-05-11 11:06:15.273 DEBUG 8956 --- [kground-preinit] o.apache.tomcat.util.digester.Digester   :   Fire body() for SetNextRule[methodName=addAttribute, paramType=org.apache.tomcat.util.modeler.AttributeInfo]
2019-05-11 11:06:15.273 DEBUG 8956 --- [kground-preinit] o.apache.tomcat.util.digester.Digester   :   Fire end() for SetNextRule[methodName=addAttribute, paramType=org.apache.tomcat.util.modeler.AttributeInfo]
2019-05-11 11:06:15.273 DEBUG 8956 --- [kground-preinit] o.apache.tomcat.util.digester.Digester   : [SetNextRule]{mbeans-descriptors/mbean/attribute} Call org.apache.tomcat.util.modeler.ManagedBean.addAttribute(org.apache.tomcat.util.modeler.AttributeInfo@451e0049)
2019-05-11 11:06:15.274 DEBUG 8956 --- [kground-preinit] o.apache.tomcat.util.IntrospectionUtils  : IntrospectionUtils: callMethod1 org.apache.tomcat.util.modeler.ManagedBean org.apache.tomcat.util.modeler.AttributeInfo org.apache.tomcat.util.modeler.AttributeInfo
2019-05-11 11:06:15.274 DEBUG 8956 --- [kground-preinit] o.apache.tomcat.util.digester.Digester   :   Fire end() for SetPropertiesRule[]
2019-05-11 11:06:15.274 DEBUG 8956 --- [kground-preinit] o.apache.tomcat.util.digester.Digester   :   Fire end() for ObjectCreateRule[className=org.apache.tomcat.util.modeler.AttributeInfo, attributeName=null]
2019-05-11 11:06:15.274 DEBUG 8956 --- [kground-preinit] o.apache.tomcat.util.digester.Digester   : [ObjectCreateRule]{mbeans-descriptors/mbean/attribute} Pop org.apache.tomcat.util.modeler.AttributeInfo
2019-05-11 11:06:15.274 DEBUG 8956 --- [kground-preinit] o.a.tomcat.util.digester.Digester.sax    : characters(

    )
2019-05-11 11:06:15.274 DEBUG 8956 --- [kground-preinit] o.a.tomcat.util.digester.Digester.sax    : startElement(,,attribute)
2019-05-11 11:06:15.275 DEBUG 8956 --- [kground-preinit] o.apache.tomcat.util.digester.Digester   :   New match='mbeans-descriptors/mbean/attribute'
2019-05-11 11:06:15.275 DEBUG 8956 --- [kground-preinit] o.apache.tomcat.util.digester.Digester   :   Fire begin() for ObjectCreateRule[className=org.apache.tomcat.util.modeler.AttributeInfo, attributeName=null]
2019-05-11 11:06:15.275 DEBUG 8956 --- [kground-preinit] o.apache.tomcat.util.digester.Digester   : [ObjectCreateRule]{mbeans-descriptors/mbean/attribute}New org.apache.tomcat.util.modeler.AttributeInfo
2019-05-11 11:06:15.275 DEBUG 8956 --- [kground-preinit] o.apache.tomcat.util.digester.Digester   :   Fire begin() for SetPropertiesRule[]
2019-05-11 11:06:15.275 DEBUG 8956 --- [kground-preinit] o.apache.tomcat.util.digester.Digester   : [SetPropertiesRule]{mbeans-descriptors/mbean/attribute} Set org.apache.tomcat.util.modeler.AttributeInfo properties
2019-05-11 11:06:15.275 DEBUG 8956 --- [kground-preinit] o.apache.tomcat.util.digester.Digester   : [SetPropertiesRule]{mbeans-descriptors/mbean/attribute} Setting property 'name' to 'stateName'
2019-05-11 11:06:15.275 DEBUG 8956 --- [kground-preinit] o.apache.tomcat.util.IntrospectionUtils  : IntrospectionUtils: setProperty(class org.apache.tomcat.util.modeler.AttributeInfo name=stateName)
2019-05-11 11:06:15.275 DEBUG 8956 --- [kground-preinit] o.apache.tomcat.util.digester.Digester   : [SetPropertiesRule]{mbeans-descriptors/mbean/attribute} Setting property 'description' to 'The name of the LifecycleState that this component is currently in'
2019-05-11 11:06:15.275 DEBUG 8956 --- [kground-preinit] o.apache.tomcat.util.IntrospectionUtils  : IntrospectionUtils: setProperty(class org.apache.tomcat.util.modeler.AttributeInfo description=The name of the LifecycleState that this component is currently in)
2019-05-11 11:06:15.275 DEBUG 8956 --- [kground-preinit] o.apache.tomcat.util.digester.Digester   : [SetPropertiesRule]{mbeans-descriptors/mbean/attribute} Setting property 'type' to 'java.lang.String'
2019-05-11 11:06:15.276 DEBUG 8956 --- [kground-preinit] o.apache.tomcat.util.IntrospectionUtils  : IntrospectionUtils: setProperty(class org.apache.tomcat.util.modeler.AttributeInfo type=java.lang.String)
2019-05-11 11:06:15.276 DEBUG 8956 --- [kground-preinit] o.apache.tomcat.util.digester.Digester   : [SetPropertiesRule]{mbeans-descriptors/mbean/attribute} Setting property 'writeable' to 'false'
2019-05-11 11:06:15.276 DEBUG 8956 --- [kground-preinit] o.apache.tomcat.util.IntrospectionUtils  : IntrospectionUtils: setProperty(class org.apache.tomcat.util.modeler.AttributeInfo writeable=false)
2019-05-11 11:06:15.276 DEBUG 8956 --- [kground-preinit] o.apache.tomcat.util.digester.Digester   :   Fire begin() for SetNextRule[methodName=addAttribute, paramType=org.apache.tomcat.util.modeler.AttributeInfo]
2019-05-11 11:06:15.276 DEBUG 8956 --- [kground-preinit] o.a.tomcat.util.digester.Digester.sax    : endElement(,,attribute)
2019-05-11 11:06:15.276 DEBUG 8956 --- [kground-preinit] o.apache.tomcat.util.digester.Digester   :   match='mbeans-descriptors/mbean/attribute'
2019-05-11 11:06:15.276 DEBUG 8956 --- [kground-preinit] o.apache.tomcat.util.digester.Digester   :   bodyText=''
2019-05-11 11:06:15.276 DEBUG 8956 --- [kground-preinit] o.apache.tomcat.util.digester.Digester   :   Fire body() for ObjectCreateRule[className=org.apache.tomcat.util.modeler.AttributeInfo, attributeName=null]
2019-05-11 11:06:15.276 DEBUG 8956 --- [kground-preinit] o.apache.tomcat.util.digester.Digester   :   Fire body() for SetPropertiesRule[]
2019-05-11 11:06:15.277 DEBUG 8956 --- [kground-preinit] o.apache.tomcat.util.digester.Digester   :   Fire body() for SetNextRule[methodName=addAttribute, paramType=org.apache.tomcat.util.modeler.AttributeInfo]
2019-05-11 11:06:15.277 DEBUG 8956 --- [kground-preinit] o.apache.tomcat.util.digester.Digester   :   Fire end() for SetNextRule[methodName=addAttribute, paramType=org.apache.tomcat.util.modeler.AttributeInfo]
2019-05-11 11:06:15.277 DEBUG 8956 --- [kground-preinit] o.apache.tomcat.util.digester.Digester   : [SetNextRule]{mbeans-descriptors/mbean/attribute} Call org.apache.tomcat.util.modeler.ManagedBean.addAttribute(org.apache.tomcat.util.modeler.AttributeInfo@add9db0)
2019-05-11 11:06:15.277 DEBUG 8956 --- [kground-preinit] o.apache.tomcat.util.IntrospectionUtils  : IntrospectionUtils: callMethod1 org.apache.tomcat.util.modeler.ManagedBean org.apache.tomcat.util.modeler.AttributeInfo org.apache.tomcat.util.modeler.AttributeInfo
2019-05-11 11:06:15.278 DEBUG 8956 --- [kground-preinit] o.apache.tomcat.util.digester.Digester   :   Fire end() for SetPropertiesRule[]
2019-05-11 11:06:15.278 DEBUG 8956 --- [kground-preinit] o.apache.tomcat.util.digester.Digester   :   Fire end() for ObjectCreateRule[className=org.apache.tomcat.util.modeler.AttributeInfo, attributeName=null]
2019-05-11 11:06:15.278 DEBUG 8956 --- [kground-preinit] o.apache.tomcat.util.digester.Digester   : [ObjectCreateRule]{mbeans-descriptors/mbean/attribute} Pop org.apache.tomcat.util.modeler.AttributeInfo
2019-05-11 11:06:15.278 DEBUG 8956 --- [kground-preinit] o.a.tomcat.util.digester.Digester.sax    : characters(
  )
2019-05-11 11:06:15.278 DEBUG 8956 --- [kground-preinit] o.a.tomcat.util.digester.Digester.sax    : endElement(,,mbean)
2019-05-11 11:06:15.280 DEBUG 8956 --- [kground-preinit] o.apache.tomcat.util.digester.Digester   :   match='mbeans-descriptors/mbean'
2019-05-11 11:06:15.280 DEBUG 8956 --- [kground-preinit] o.apache.tomcat.util.digester.Digester   :   bodyText='

     

     

    
  '
2019-05-11 11:06:15.280 DEBUG 8956 --- [kground-preinit] o.apache.tomcat.util.digester.Digester   :   Fire body() for ObjectCreateRule[className=org.apache.tomcat.util.modeler.ManagedBean, attributeName=null]
2019-05-11 11:06:15.280 DEBUG 8956 --- [kground-preinit] o.apache.tomcat.util.digester.Digester   :   Fire body() for SetPropertiesRule[]
2019-05-11 11:06:15.281 DEBUG 8956 --- [kground-preinit] o.apache.tomcat.util.digester.Digester   :   Fire body() for SetNextRule[methodName=add, paramType=java.lang.Object]
2019-05-11 11:06:15.281 DEBUG 8956 --- [kground-preinit] o.apache.tomcat.util.digester.Digester   :   Fire end() for SetNextRule[methodName=add, paramType=java.lang.Object]
2019-05-11 11:06:15.281 DEBUG 8956 --- [kground-preinit] o.apache.tomcat.util.digester.Digester   : [SetNextRule]{mbeans-descriptors/mbean} Call java.util.ArrayList.add(ManagedBean[name=StandardWrapperValve, className=org.apache.tomcat.util.modeler.BaseModelMBean, description=Valve that implements the default basic behavior for the StandardWrapper container implementation, group=Valve, type=org.apache.catalina.core.StandardWrapperValve])
2019-05-11 11:06:15.281 DEBUG 8956 --- [kground-preinit] o.apache.tomcat.util.IntrospectionUtils  : IntrospectionUtils: callMethod1 java.util.ArrayList org.apache.tomcat.util.modeler.ManagedBean java.lang.Object
2019-05-11 11:06:15.281 DEBUG 8956 --- [kground-preinit] o.apache.tomcat.util.digester.Digester   :   Fire end() for SetPropertiesRule[]
2019-05-11 11:06:15.281 DEBUG 8956 --- [kground-preinit] o.apache.tomcat.util.digester.Digester   :   Fire end() for ObjectCreateRule[className=org.apache.tomcat.util.modeler.ManagedBean, attributeName=null]
2019-05-11 11:06:15.281 DEBUG 8956 --- [kground-preinit] o.apache.tomcat.util.digester.Digester   : [ObjectCreateRule]{mbeans-descriptors/mbean} Pop org.apache.tomcat.util.modeler.ManagedBean
2019-05-11 11:06:15.281 DEBUG 8956 --- [kground-preinit] o.a.tomcat.util.digester.Digester.sax    : characters(

)
2019-05-11 11:06:15.281 DEBUG 8956 --- [kground-preinit] o.a.tomcat.util.digester.Digester.sax    : endElement(,,mbeans-descriptors)
2019-05-11 11:06:15.281 DEBUG 8956 --- [kground-preinit] o.apache.tomcat.util.digester.Digester   :   match='mbeans-descriptors'
2019-05-11 11:06:15.282 DEBUG 8956 --- [kground-preinit] o.apache.tomcat.util.digester.Digester   :   bodyText='

  

  

  

  

  


  

  

  

  


  

  

  

  

'
2019-05-11 11:06:15.282 DEBUG 8956 --- [kground-preinit] o.apache.tomcat.util.digester.Digester   :   No rules found matching 'mbeans-descriptors'.
2019-05-11 11:06:15.282 DEBUG 8956 --- [kground-preinit] o.a.tomcat.util.digester.Digester.sax    : endDocument()
2019-05-11 11:06:15.282 DEBUG 8956 --- [kground-preinit] org.apache.tomcat.util.modeler.Registry  : Found jar:file:/F:/Repositories/Maven/org/apache/tomcat/embed/tomcat-embed-core/8.5.27/tomcat-embed-core-8.5.27.jar!/org/apache/catalina/mbeans-descriptors.xml
2019-05-11 11:06:15.284 DEBUG 8956 --- [kground-preinit] o.a.tomcat.util.digester.Digester.sax    : setDocumentLocator(org.apache.xerces.parsers.AbstractSAXParser$LocatorProxy@4feef625)
2019-05-11 11:06:15.284 DEBUG 8956 --- [kground-preinit] o.a.tomcat.util.digester.Digester.sax    : startDocument()
2019-05-11 11:06:15.284 DEBUG 8956 --- [kground-preinit] o.a.tomcat.util.digester.Digester.sax    : startElement(,,mbeans-descriptors)
2019-05-11 11:06:15.284 DEBUG 8956 --- [kground-preinit] o.apache.tomcat.util.digester.Digester   :   New match='mbeans-descriptors'
2019-05-11 11:06:15.284 DEBUG 8956 --- [kground-preinit] o.apache.tomcat.util.digester.Digester   :   No rules found matching 'mbeans-descriptors'.
2019-05-11 11:06:15.285 DEBUG 8956 --- [kground-preinit] o.a.tomcat.util.digester.Digester.sax    : characters(

  )
2019-05-11 11:06:15.285 DEBUG 8956 --- [kground-preinit] o.a.tomcat.util.digester.Digester.sax    : startElement(,,mbean)
2019-05-11 11:06:15.285 DEBUG 8956 --- [kground-preinit] o.apache.tomcat.util.digester.Digester   :   New match='mbeans-descriptors/mbean'
2019-05-11 11:06:15.285 DEBUG 8956 --- [kground-preinit] o.apache.tomcat.util.digester.Digester   :   Fire begin() for ObjectCreateRule[className=org.apache.tomcat.util.modeler.ManagedBean, attributeName=null]
2019-05-11 11:06:15.285 DEBUG 8956 --- [kground-preinit] o.apache.tomcat.util.digester.Digester   : [ObjectCreateRule]{mbeans-descriptors/mbean}New org.apache.tomcat.util.modeler.ManagedBean
2019-05-11 11:06:15.285 DEBUG 8956 --- [kground-preinit] o.apache.tomcat.util.digester.Digester   :   Fire begin() for SetPropertiesRule[]
2019-05-11 11:06:15.286 DEBUG 8956 --- [kground-preinit] o.apache.tomcat.util.digester.Digester   : [SetPropertiesRule]{mbeans-descriptors/mbean} Set org.apache.tomcat.util.modeler.ManagedBean properties
2019-05-11 11:06:15.286 DEBUG 8956 --- [kground-preinit] o.apache.tomcat.util.digester.Digester   : [SetPropertiesRule]{mbeans-descriptors/mbean} Setting property 'name' to 'Group'
2019-05-11 11:06:15.286 DEBUG 8956 --- [kground-preinit] o.apache.tomcat.util.IntrospectionUtils  : IntrospectionUtils: setProperty(class org.apache.tomcat.util.modeler.ManagedBean name=Group)
2019-05-11 11:06:15.286 DEBUG 8956 --- [kground-preinit] o.apache.tomcat.util.digester.Digester   : [SetPropertiesRule]{mbeans-descriptors/mbean} Setting property 'className' to 'org.apache.catalina.mbeans.GroupMBean'
2019-05-11 11:06:15.286 DEBUG 8956 --- [kground-preinit] o.apache.tomcat.util.IntrospectionUtils  : IntrospectionUtils: setProperty(class org.apache.tomcat.util.modeler.ManagedBean className=org.apache.catalina.mbeans.GroupMBean)
2019-05-11 11:06:15.287 DEBUG 8956 --- [kground-preinit] o.apache.tomcat.util.digester.Digester   : [SetPropertiesRule]{mbeans-descriptors/mbean} Setting property 'description' to 'Group from a user database'
2019-05-11 11:06:15.287 DEBUG 8956 --- [kground-preinit] o.apache.tomcat.util.IntrospectionUtils  : IntrospectionUtils: setProperty(class org.apache.tomcat.util.modeler.ManagedBean description=Group from a user database)
2019-05-11 11:06:15.287 DEBUG 8956 --- [kground-preinit] o.apache.tomcat.util.digester.Digester   : [SetPropertiesRule]{mbeans-descriptors/mbean} Setting property 'domain' to 'Users'
2019-05-11 11:06:15.287 DEBUG 8956 --- [kground-preinit] o.apache.tomcat.util.IntrospectionUtils  : IntrospectionUtils: setProperty(class org.apache.tomcat.util.modeler.ManagedBean domain=Users)
2019-05-11 11:06:15.287 DEBUG 8956 --- [kground-preinit] o.apache.tomcat.util.digester.Digester   : [SetPropertiesRule]{mbeans-descriptors/mbean} Setting property 'group' to 'Group'
2019-05-11 11:06:15.287 DEBUG 8956 --- [kground-preinit] o.apache.tomcat.util.IntrospectionUtils  : IntrospectionUtils: setProperty(class org.apache.tomcat.util.modeler.ManagedBean group=Group)
2019-05-11 11:06:15.298 DEBUG 8956 --- [kground-preinit] o.apache.tomcat.util.digester.Digester   : [SetPropertiesRule]{mbeans-descriptors/mbean} Setting property 'type' to 'org.apache.catalina.Group'
2019-05-11 11:06:15.298 DEBUG 8956 --- [kground-preinit] o.apache.tomcat.util.IntrospectionUtils  : IntrospectionUtils: setProperty(class org.apache.tomcat.util.modeler.ManagedBean type=org.apache.catalina.Group)
2019-05-11 11:06:15.298 DEBUG 8956 --- [kground-preinit] o.apache.tomcat.util.digester.Digester   :   Fire begin() for SetNextRule[methodName=add, paramType=java.lang.Object]
2019-05-11 11:06:15.298 DEBUG 8956 --- [kground-preinit] o.a.tomcat.util.digester.Digester.sax    : characters(

    )
2019-05-11 11:06:15.299 DEBUG 8956 --- [kground-preinit] o.a.tomcat.util.digester.Digester.sax    : startElement(,,attribute)
2019-05-11 11:06:15.299 DEBUG 8956 --- [kground-preinit] o.apache.tomcat.util.digester.Digester   :   New match='mbeans-descriptors/mbean/attribute'
2019-05-11 11:06:15.299 DEBUG 8956 --- [kground-preinit] o.apache.tomcat.util.digester.Digester   :   Fire begin() for ObjectCreateRule[className=org.apache.tomcat.util.modeler.AttributeInfo, attributeName=null]
2019-05-11 11:06:15.299 DEBUG 8956 --- [kground-preinit] o.apache.tomcat.util.digester.Digester   : [ObjectCreateRule]{mbeans-descriptors/mbean/attribute}New org.apache.tomcat.util.modeler.AttributeInfo
2019-05-11 11:06:15.300 DEBUG 8956 --- [kground-preinit] o.apache.tomcat.util.digester.Digester   :   Fire begin() for SetPropertiesRule[]
2019-05-11 11:06:15.300 DEBUG 8956 --- [kground-preinit] o.apache.tomcat.util.digester.Digester   : [SetPropertiesRule]{mbeans-descriptors/mbean/attribute} Set org.apache.tomcat.util.modeler.AttributeInfo properties
2019-05-11 11:06:15.300 DEBUG 8956 --- [kground-preinit] o.apache.tomcat.util.digester.Digester   : [SetPropertiesRule]{mbeans-descriptors/mbean/attribute} Setting property 'name' to 'description'
2019-05-11 11:06:15.300 DEBUG 8956 --- [kground-preinit] o.apache.tomcat.util.IntrospectionUtils  : IntrospectionUtils: setProperty(class org.apache.tomcat.util.modeler.AttributeInfo name=description)
2019-05-11 11:06:15.300 DEBUG 8956 --- [kground-preinit] o.apache.tomcat.util.digester.Digester   : [SetPropertiesRule]{mbeans-descriptors/mbean/attribute} Setting property 'description' to 'Description of this group'
2019-05-11 11:06:15.300 DEBUG 8956 --- [kground-preinit] o.apache.tomcat.util.IntrospectionUtils  : IntrospectionUtils: setProperty(class org.apache.tomcat.util.modeler.AttributeInfo description=Description of this group)
2019-05-11 11:06:15.301 DEBUG 8956 --- [kground-preinit] o.apache.tomcat.util.digester.Digester   : [SetPropertiesRule]{mbeans-descriptors/mbean/attribute} Setting property 'type' to 'java.lang.String'
2019-05-11 11:06:15.301 DEBUG 8956 --- [kground-preinit] o.apache.tomcat.util.IntrospectionUtils  : IntrospectionUtils: setProperty(class org.apache.tomcat.util.modeler.AttributeInfo type=java.lang.String)
2019-05-11 11:06:15.301 DEBUG 8956 --- [kground-preinit] o.apache.tomcat.util.digester.Digester   :   Fire begin() for SetNextRule[methodName=addAttribute, paramType=org.apache.tomcat.util.modeler.AttributeInfo]
2019-05-11 11:06:15.301 DEBUG 8956 --- [kground-preinit] o.a.tomcat.util.digester.Digester.sax    : endElement(,,attribute)
2019-05-11 11:06:15.302 DEBUG 8956 --- [kground-preinit] o.apache.tomcat.util.digester.Digester   :   match='mbeans-descriptors/mbean/attribute'
2019-05-11 11:06:15.302 DEBUG 8956 --- [kground-preinit] o.apache.tomcat.util.digester.Digester   :   bodyText=''
2019-05-11 11:06:15.302 DEBUG 8956 --- [kground-preinit] o.apache.tomcat.util.digester.Digester   :   Fire body() for ObjectCreateRule[className=org.apache.tomcat.util.modeler.AttributeInfo, attributeName=null]
2019-05-11 11:06:15.302 DEBUG 8956 --- [kground-preinit] o.apache.tomcat.util.digester.Digester   :   Fire body() for SetPropertiesRule[]
2019-05-11 11:06:15.302 DEBUG 8956 --- [kground-preinit] o.apache.tomcat.util.digester.Digester   :   Fire body() for SetNextRule[methodName=addAttribute, paramType=org.apache.tomcat.util.modeler.AttributeInfo]
2019-05-11 11:06:15.303 DEBUG 8956 --- [kground-preinit] o.apache.tomcat.util.digester.Digester   :   Fire end() for SetNextRule[methodName=addAttribute, paramType=org.apache.tomcat.util.modeler.AttributeInfo]
2019-05-11 11:06:15.303 DEBUG 8956 --- [kground-preinit] o.apache.tomcat.util.digester.Digester   : [SetNextRule]{mbeans-descriptors/mbean/attribute} Call org.apache.tomcat.util.modeler.ManagedBean.addAttribute(org.apache.tomcat.util.modeler.AttributeInfo@29b8c275)
2019-05-11 11:06:15.303 DEBUG 8956 --- [kground-preinit] o.apache.tomcat.util.IntrospectionUtils  : IntrospectionUtils: callMethod1 org.apache.tomcat.util.modeler.ManagedBean org.apache.tomcat.util.modeler.AttributeInfo org.apache.tomcat.util.modeler.AttributeInfo
2019-05-11 11:06:15.303 DEBUG 8956 --- [kground-preinit] o.apache.tomcat.util.digester.Digester   :   Fire end() for SetPropertiesRule[]
2019-05-11 11:06:15.303 DEBUG 8956 --- [kground-preinit] o.apache.tomcat.util.digester.Digester   :   Fire end() for ObjectCreateRule[className=org.apache.tomcat.util.modeler.AttributeInfo, attributeName=null]
2019-05-11 11:06:15.304 DEBUG 8956 --- [kground-preinit] o.apache.tomcat.util.digester.Digester   : [ObjectCreateRule]{mbeans-descriptors/mbean/attribute} Pop org.apache.tomcat.util.modeler.AttributeInfo
2019-05-11 11:06:15.304 DEBUG 8956 --- [kground-preinit] o.a.tomcat.util.digester.Digester.sax    : characters(

    )
2019-05-11 11:06:15.304 DEBUG 8956 --- [kground-preinit] o.a.tomcat.util.digester.Digester.sax    : startElement(,,attribute)
2019-05-11 11:06:15.305 DEBUG 8956 --- [kground-preinit] o.apache.tomcat.util.digester.Digester   :   New match='mbeans-descriptors/mbean/attribute'
2019-05-11 11:06:15.305 DEBUG 8956 --- [kground-preinit] o.apache.tomcat.util.digester.Digester   :   Fire begin() for ObjectCreateRule[className=org.apache.tomcat.util.modeler.AttributeInfo, attributeName=null]
2019-05-11 11:06:15.305 DEBUG 8956 --- [kground-preinit] o.apache.tomcat.util.digester.Digester   : [ObjectCreateRule]{mbeans-descriptors/mbean/attribute}New org.apache.tomcat.util.modeler.AttributeInfo
2019-05-11 11:06:15.305 DEBUG 8956 --- [kground-preinit] o.apache.tomcat.util.digester.Digester   :   Fire begin() for SetPropertiesRule[]
2019-05-11 11:06:15.305 DEBUG 8956 --- [kground-preinit] o.apache.tomcat.util.digester.Digester   : [SetPropertiesRule]{mbeans-descriptors/mbean/attribute} Set org.apache.tomcat.util.modeler.AttributeInfo properties
2019-05-11 11:06:15.305 DEBUG 8956 --- [kground-preinit] o.apache.tomcat.util.digester.Digester   : [SetPropertiesRule]{mbeans-descriptors/mbean/attribute} Setting property 'name' to 'groupname'
2019-05-11 11:06:15.306 DEBUG 8956 --- [kground-preinit] o.apache.tomcat.util.IntrospectionUtils  : IntrospectionUtils: setProperty(class org.apache.tomcat.util.modeler.AttributeInfo name=groupname)
2019-05-11 11:06:15.306 DEBUG 8956 --- [kground-preinit] o.apache.tomcat.util.digester.Digester   : [SetPropertiesRule]{mbeans-descriptors/mbean/attribute} Setting property 'description' to 'Group name of this group'
2019-05-11 11:06:15.306 DEBUG 8956 --- [kground-preinit] o.apache.tomcat.util.IntrospectionUtils  : IntrospectionUtils: setProperty(class org.apache.tomcat.util.modeler.AttributeInfo description=Group name of this group)
2019-05-11 11:06:15.306 DEBUG 8956 --- [kground-preinit] o.apache.tomcat.util.digester.Digester   : [SetPropertiesRule]{mbeans-descriptors/mbean/attribute} Setting property 'type' to 'java.lang.String'
2019-05-11 11:06:15.307 DEBUG 8956 --- [kground-preinit] o.apache.tomcat.util.IntrospectionUtils  : IntrospectionUtils: setProperty(class org.apache.tomcat.util.modeler.AttributeInfo type=java.lang.String)
2019-05-11 11:06:15.307 DEBUG 8956 --- [kground-preinit] o.apache.tomcat.util.digester.Digester   :   Fire begin() for SetNextRule[methodName=addAttribute, paramType=org.apache.tomcat.util.modeler.AttributeInfo]
2019-05-11 11:06:15.307 DEBUG 8956 --- [kground-preinit] o.a.tomcat.util.digester.Digester.sax    : endElement(,,attribute)
2019-05-11 11:06:15.307 DEBUG 8956 --- [kground-preinit] o.apache.tomcat.util.digester.Digester   :   match='mbeans-descriptors/mbean/attribute'
2019-05-11 11:06:15.307 DEBUG 8956 --- [kground-preinit] o.apache.tomcat.util.digester.Digester   :   bodyText=''
2019-05-11 11:06:15.312 DEBUG 8956 --- [kground-preinit] o.apache.tomcat.util.digester.Digester   :   Fire body() for ObjectCreateRule[className=org.apache.tomcat.util.modeler.AttributeInfo, attributeName=null]
2019-05-11 11:06:15.312 DEBUG 8956 --- [kground-preinit] o.apache.tomcat.util.digester.Digester   :   Fire body() for SetPropertiesRule[]
2019-05-11 11:06:15.313 DEBUG 8956 --- [kground-preinit] o.apache.tomcat.util.digester.Digester   :   Fire body() for SetNextRule[methodName=addAttribute, paramType=org.apache.tomcat.util.modeler.AttributeInfo]
2019-05-11 11:06:15.313 DEBUG 8956 --- [kground-preinit] o.apache.tomcat.util.digester.Digester   :   Fire end() for SetNextRule[methodName=addAttribute, paramType=org.apache.tomcat.util.modeler.AttributeInfo]
2019-05-11 11:06:15.314 DEBUG 8956 --- [kground-preinit] o.apache.tomcat.util.digester.Digester   : [SetNextRule]{mbeans-descriptors/mbean/attribute} Call org.apache.tomcat.util.modeler.ManagedBean.addAttribute(org.apache.tomcat.util.modeler.AttributeInfo@7189d803)
2019-05-11 11:06:15.314 DEBUG 8956 --- [kground-preinit] o.apache.tomcat.util.IntrospectionUtils  : IntrospectionUtils: callMethod1 org.apache.tomcat.util.modeler.ManagedBean org.apache.tomcat.util.modeler.AttributeInfo org.apache.tomcat.util.modeler.AttributeInfo
2019-05-11 11:06:15.314 DEBUG 8956 --- [kground-preinit] o.apache.tomcat.util.digester.Digester   :   Fire end() for SetPropertiesRule[]
2019-05-11 11:06:15.314 DEBUG 8956 --- [kground-preinit] o.apache.tomcat.util.digester.Digester   :   Fire end() for ObjectCreateRule[className=org.apache.tomcat.util.modeler.AttributeInfo, attributeName=null]
2019-05-11 11:06:15.314 DEBUG 8956 --- [kground-preinit] o.apache.tomcat.util.digester.Digester   : [ObjectCreateRule]{mbeans-descriptors/mbean/attribute} Pop org.apache.tomcat.util.modeler.AttributeInfo
2019-05-11 11:06:15.314 DEBUG 8956 --- [kground-preinit] o.a.tomcat.util.digester.Digester.sax    : characters(

    )
2019-05-11 11:06:15.314 DEBUG 8956 --- [kground-preinit] o.a.tomcat.util.digester.Digester.sax    : startElement(,,attribute)
2019-05-11 11:06:15.314 DEBUG 8956 --- [kground-preinit] o.apache.tomcat.util.digester.Digester   :   New match='mbeans-descriptors/mbean/attribute'
2019-05-11 11:06:15.314 DEBUG 8956 --- [kground-preinit] o.apache.tomcat.util.digester.Digester   :   Fire begin() for ObjectCreateRule[className=org.apache.tomcat.util.modeler.AttributeInfo, attributeName=null]
2019-05-11 11:06:15.315 DEBUG 8956 --- [kground-preinit] o.apache.tomcat.util.digester.Digester   : [ObjectCreateRule]{mbeans-descriptors/mbean/attribute}New org.apache.tomcat.util.modeler.AttributeInfo
2019-05-11 11:06:15.315 DEBUG 8956 --- [kground-preinit] o.apache.tomcat.util.digester.Digester   :   Fire begin() for SetPropertiesRule[]
2019-05-11 11:06:15.315 DEBUG 8956 --- [kground-preinit] o.apache.tomcat.util.digester.Digester   : [SetPropertiesRule]{mbeans-descriptors/mbean/attribute} Set org.apache.tomcat.util.modeler.AttributeInfo properties
2019-05-11 11:06:15.315 DEBUG 8956 --- [kground-preinit] o.apache.tomcat.util.digester.Digester   : [SetPropertiesRule]{mbeans-descriptors/mbean/attribute} Setting property 'name' to 'roles'
2019-05-11 11:06:15.315 DEBUG 8956 --- [kground-preinit] o.apache.tomcat.util.IntrospectionUtils  : IntrospectionUtils: setProperty(class org.apache.tomcat.util.modeler.AttributeInfo name=roles)
2019-05-11 11:06:15.315 DEBUG 8956 --- [kground-preinit] o.apache.tomcat.util.digester.Digester   : [SetPropertiesRule]{mbeans-descriptors/mbean/attribute} Setting property 'description' to 'MBean Names of roles for this group'
2019-05-11 11:06:15.315 DEBUG 8956 --- [kground-preinit] o.apache.tomcat.util.IntrospectionUtils  : IntrospectionUtils: setProperty(class org.apache.tomcat.util.modeler.AttributeInfo description=MBean Names of roles for this group)
2019-05-11 11:06:15.315 DEBUG 8956 --- [kground-preinit] o.apache.tomcat.util.digester.Digester   : [SetPropertiesRule]{mbeans-descriptors/mbean/attribute} Setting property 'type' to '[Ljava.lang.String;'
2019-05-11 11:06:15.315 DEBUG 8956 --- [           main] o.s.b.f.s.DefaultListableBeanFactory     : Finished creating instance of bean 'propertySourcesPlaceholderConfigurer'
2019-05-11 11:06:15.315 DEBUG 8956 --- [kground-preinit] o.apache.tomcat.util.IntrospectionUtils  : IntrospectionUtils: setProperty(class org.apache.tomcat.util.modeler.AttributeInfo type=[Ljava.lang.String;)
2019-05-11 11:06:15.315 DEBUG 8956 --- [kground-preinit] o.apache.tomcat.util.digester.Digester   : [SetPropertiesRule]{mbeans-descriptors/mbean/attribute} Setting property 'writeable' to 'false'
2019-05-11 11:06:15.316 DEBUG 8956 --- [           main] o.s.core.env.MutablePropertySources      : Adding PropertySource 'environmentProperties' with lowest search precedence
2019-05-11 11:06:15.316 DEBUG 8956 --- [           main] o.s.core.env.MutablePropertySources      : Adding PropertySource 'localProperties' with lowest search precedence
2019-05-11 11:06:15.316 DEBUG 8956 --- [kground-preinit] o.apache.tomcat.util.IntrospectionUtils  : IntrospectionUtils: setProperty(class org.apache.tomcat.util.modeler.AttributeInfo writeable=false)
2019-05-11 11:06:15.316 DEBUG 8956 --- [kground-preinit] o.apache.tomcat.util.digester.Digester   :   Fire begin() for SetNextRule[methodName=addAttribute, paramType=org.apache.tomcat.util.modeler.AttributeInfo]
2019-05-11 11:06:15.316 DEBUG 8956 --- [kground-preinit] o.a.tomcat.util.digester.Digester.sax    : endElement(,,attribute)
2019-05-11 11:06:15.316 DEBUG 8956 --- [kground-preinit] o.apache.tomcat.util.digester.Digester   :   match='mbeans-descriptors/mbean/attribute'
2019-05-11 11:06:15.316 DEBUG 8956 --- [kground-preinit] o.apache.tomcat.util.digester.Digester   :   bodyText=''
2019-05-11 11:06:15.317 DEBUG 8956 --- [kground-preinit] o.apache.tomcat.util.digester.Digester   :   Fire body() for ObjectCreateRule[className=org.apache.tomcat.util.modeler.AttributeInfo, attributeName=null]
2019-05-11 11:06:15.317 DEBUG 8956 --- [kground-preinit] o.apache.tomcat.util.digester.Digester   :   Fire body() for SetPropertiesRule[]
2019-05-11 11:06:15.317 DEBUG 8956 --- [kground-preinit] o.apache.tomcat.util.digester.Digester   :   Fire body() for SetNextRule[methodName=addAttribute, paramType=org.apache.tomcat.util.modeler.AttributeInfo]
2019-05-11 11:06:15.317 DEBUG 8956 --- [kground-preinit] o.apache.tomcat.util.digester.Digester   :   Fire end() for SetNextRule[methodName=addAttribute, paramType=org.apache.tomcat.util.modeler.AttributeInfo]
2019-05-11 11:06:15.317 DEBUG 8956 --- [kground-preinit] o.apache.tomcat.util.digester.Digester   : [SetNextRule]{mbeans-descriptors/mbean/attribute} Call org.apache.tomcat.util.modeler.ManagedBean.addAttribute(org.apache.tomcat.util.modeler.AttributeInfo@36e23793)
2019-05-11 11:06:15.318 DEBUG 8956 --- [kground-preinit] o.apache.tomcat.util.IntrospectionUtils  : IntrospectionUtils: callMethod1 org.apache.tomcat.util.modeler.ManagedBean org.apache.tomcat.util.modeler.AttributeInfo org.apache.tomcat.util.modeler.AttributeInfo
2019-05-11 11:06:15.318 DEBUG 8956 --- [kground-preinit] o.apache.tomcat.util.digester.Digester   :   Fire end() for SetPropertiesRule[]
2019-05-11 11:06:15.318 DEBUG 8956 --- [kground-preinit] o.apache.tomcat.util.digester.Digester   :   Fire end() for ObjectCreateRule[className=org.apache.tomcat.util.modeler.AttributeInfo, attributeName=null]
2019-05-11 11:06:15.318 DEBUG 8956 --- [kground-preinit] o.apache.tomcat.util.digester.Digester   : [ObjectCreateRule]{mbeans-descriptors/mbean/attribute} Pop org.apache.tomcat.util.modeler.AttributeInfo
2019-05-11 11:06:15.318 DEBUG 8956 --- [kground-preinit] o.a.tomcat.util.digester.Digester.sax    : characters(

    )
2019-05-11 11:06:15.318 DEBUG 8956 --- [kground-preinit] o.a.tomcat.util.digester.Digester.sax    : startElement(,,attribute)
2019-05-11 11:06:15.318 DEBUG 8956 --- [kground-preinit] o.apache.tomcat.util.digester.Digester   :   New match='mbeans-descriptors/mbean/attribute'
2019-05-11 11:06:15.319 DEBUG 8956 --- [kground-preinit] o.apache.tomcat.util.digester.Digester   :   Fire begin() for ObjectCreateRule[className=org.apache.tomcat.util.modeler.AttributeInfo, attributeName=null]
2019-05-11 11:06:15.319 DEBUG 8956 --- [kground-preinit] o.apache.tomcat.util.digester.Digester   : [ObjectCreateRule]{mbeans-descriptors/mbean/attribute}New org.apache.tomcat.util.modeler.AttributeInfo
2019-05-11 11:06:15.319 DEBUG 8956 --- [kground-preinit] o.apache.tomcat.util.digester.Digester   :   Fire begin() for SetPropertiesRule[]
2019-05-11 11:06:15.319 DEBUG 8956 --- [kground-preinit] o.apache.tomcat.util.digester.Digester   : [SetPropertiesRule]{mbeans-descriptors/mbean/attribute} Set org.apache.tomcat.util.modeler.AttributeInfo properties
2019-05-11 11:06:15.319 DEBUG 8956 --- [kground-preinit] o.apache.tomcat.util.digester.Digester   : [SetPropertiesRule]{mbeans-descriptors/mbean/attribute} Setting property 'name' to 'users'
2019-05-11 11:06:15.319 DEBUG 8956 --- [kground-preinit] o.apache.tomcat.util.IntrospectionUtils  : IntrospectionUtils: setProperty(class org.apache.tomcat.util.modeler.AttributeInfo name=users)
2019-05-11 11:06:15.319 DEBUG 8956 --- [kground-preinit] o.apache.tomcat.util.digester.Digester   : [SetPropertiesRule]{mbeans-descriptors/mbean/attribute} Setting property 'description' to 'MBean Names of user members of this group'
2019-05-11 11:06:15.320 DEBUG 8956 --- [kground-preinit] o.apache.tomcat.util.IntrospectionUtils  : IntrospectionUtils: setProperty(class org.apache.tomcat.util.modeler.AttributeInfo description=MBean Names of user members of this group)
2019-05-11 11:06:15.320 DEBUG 8956 --- [kground-preinit] o.apache.tomcat.util.digester.Digester   : [SetPropertiesRule]{mbeans-descriptors/mbean/attribute} Setting property 'type' to '[Ljava.lang.String;'
2019-05-11 11:06:15.320 DEBUG 8956 --- [kground-preinit] o.apache.tomcat.util.IntrospectionUtils  : IntrospectionUtils: setProperty(class org.apache.tomcat.util.modeler.AttributeInfo type=[Ljava.lang.String;)
2019-05-11 11:06:15.320 DEBUG 8956 --- [kground-preinit] o.apache.tomcat.util.digester.Digester   : [SetPropertiesRule]{mbeans-descriptors/mbean/attribute} Setting property 'writeable' to 'false'
2019-05-11 11:06:15.320 DEBUG 8956 --- [kground-preinit] o.apache.tomcat.util.IntrospectionUtils  : IntrospectionUtils: setProperty(class org.apache.tomcat.util.modeler.AttributeInfo writeable=false)
2019-05-11 11:06:15.321 DEBUG 8956 --- [kground-preinit] o.apache.tomcat.util.digester.Digester   :   Fire begin() for SetNextRule[methodName=addAttribute, paramType=org.apache.tomcat.util.modeler.AttributeInfo]
2019-05-11 11:06:15.321 DEBUG 8956 --- [kground-preinit] o.a.tomcat.util.digester.Digester.sax    : endElement(,,attribute)
2019-05-11 11:06:15.321 DEBUG 8956 --- [kground-preinit] o.apache.tomcat.util.digester.Digester   :   match='mbeans-descriptors/mbean/attribute'
2019-05-11 11:06:15.321 DEBUG 8956 --- [kground-preinit] o.apache.tomcat.util.digester.Digester   :   bodyText=''
2019-05-11 11:06:15.322 DEBUG 8956 --- [kground-preinit] o.apache.tomcat.util.digester.Digester   :   Fire body() for ObjectCreateRule[className=org.apache.tomcat.util.modeler.AttributeInfo, attributeName=null]
2019-05-11 11:06:15.322 DEBUG 8956 --- [kground-preinit] o.apache.tomcat.util.digester.Digester   :   Fire body() for SetPropertiesRule[]
2019-05-11 11:06:15.322 DEBUG 8956 --- [kground-preinit] o.apache.tomcat.util.digester.Digester   :   Fire body() for SetNextRule[methodName=addAttribute, paramType=org.apache.tomcat.util.modeler.AttributeInfo]
2019-05-11 11:06:15.322 DEBUG 8956 --- [kground-preinit] o.apache.tomcat.util.digester.Digester   :   Fire end() for SetNextRule[methodName=addAttribute, paramType=org.apache.tomcat.util.modeler.AttributeInfo]
2019-05-11 11:06:15.330 DEBUG 8956 --- [kground-preinit] o.apache.tomcat.util.digester.Digester   : [SetNextRule]{mbeans-descriptors/mbean/attribute} Call org.apache.tomcat.util.modeler.ManagedBean.addAttribute(org.apache.tomcat.util.modeler.AttributeInfo@e05b0b4)
2019-05-11 11:06:15.330 DEBUG 8956 --- [kground-preinit] o.apache.tomcat.util.IntrospectionUtils  : IntrospectionUtils: callMethod1 org.apache.tomcat.util.modeler.ManagedBean org.apache.tomcat.util.modeler.AttributeInfo org.apache.tomcat.util.modeler.AttributeInfo
2019-05-11 11:06:15.330 DEBUG 8956 --- [kground-preinit] o.apache.tomcat.util.digester.Digester   :   Fire end() for SetPropertiesRule[]
2019-05-11 11:06:15.330 DEBUG 8956 --- [kground-preinit] o.apache.tomcat.util.digester.Digester   :   Fire end() for ObjectCreateRule[className=org.apache.tomcat.util.modeler.AttributeInfo, attributeName=null]
2019-05-11 11:06:15.331 DEBUG 8956 --- [kground-preinit] o.apache.tomcat.util.digester.Digester   : [ObjectCreateRule]{mbeans-descriptors/mbean/attribute} Pop org.apache.tomcat.util.modeler.AttributeInfo
2019-05-11 11:06:15.331 DEBUG 8956 --- [kground-preinit] o.a.tomcat.util.digester.Digester.sax    : characters(

    )
2019-05-11 11:06:15.331 DEBUG 8956 --- [kground-preinit] o.a.tomcat.util.digester.Digester.sax    : startElement(,,operation)
2019-05-11 11:06:15.331 DEBUG 8956 --- [kground-preinit] o.apache.tomcat.util.digester.Digester   :   New match='mbeans-descriptors/mbean/operation'
2019-05-11 11:06:15.332 DEBUG 8956 --- [kground-preinit] o.apache.tomcat.util.digester.Digester   :   Fire begin() for ObjectCreateRule[className=org.apache.tomcat.util.modeler.OperationInfo, attributeName=null]
2019-05-11 11:06:15.332 DEBUG 8956 --- [kground-preinit] o.apache.tomcat.util.digester.Digester   : [ObjectCreateRule]{mbeans-descriptors/mbean/operation}New org.apache.tomcat.util.modeler.OperationInfo
2019-05-11 11:06:15.332 DEBUG 8956 --- [kground-preinit] o.apache.tomcat.util.digester.Digester   :   Fire begin() for SetPropertiesRule[]
2019-05-11 11:06:15.332 DEBUG 8956 --- [kground-preinit] o.apache.tomcat.util.digester.Digester   : [SetPropertiesRule]{mbeans-descriptors/mbean/operation} Set org.apache.tomcat.util.modeler.OperationInfo properties
2019-05-11 11:06:15.332 DEBUG 8956 --- [kground-preinit] o.apache.tomcat.util.digester.Digester   : [SetPropertiesRule]{mbeans-descriptors/mbean/operation} Setting property 'name' to 'addRole'
2019-05-11 11:06:15.333 DEBUG 8956 --- [kground-preinit] o.apache.tomcat.util.IntrospectionUtils  : IntrospectionUtils: setProperty(class org.apache.tomcat.util.modeler.OperationInfo name=addRole)
2019-05-11 11:06:15.333 DEBUG 8956 --- [kground-preinit] o.apache.tomcat.util.digester.Digester   : [SetPropertiesRule]{mbeans-descriptors/mbean/operation} Setting property 'description' to 'Add a new authorized role for this group'
2019-05-11 11:06:15.333 DEBUG 8956 --- [kground-preinit] o.apache.tomcat.util.IntrospectionUtils  : IntrospectionUtils: setProperty(class org.apache.tomcat.util.modeler.OperationInfo description=Add a new authorized role for this group)
2019-05-11 11:06:15.333 DEBUG 8956 --- [kground-preinit] o.apache.tomcat.util.digester.Digester   : [SetPropertiesRule]{mbeans-descriptors/mbean/operation} Setting property 'impact' to 'ACTION'
2019-05-11 11:06:15.333 DEBUG 8956 --- [kground-preinit] o.apache.tomcat.util.IntrospectionUtils  : IntrospectionUtils: setProperty(class org.apache.tomcat.util.modeler.OperationInfo impact=ACTION)
2019-05-11 11:06:15.334 DEBUG 8956 --- [kground-preinit] o.apache.tomcat.util.digester.Digester   : [SetPropertiesRule]{mbeans-descriptors/mbean/operation} Setting property 'returnType' to 'void'
2019-05-11 11:06:15.334 DEBUG 8956 --- [kground-preinit] o.apache.tomcat.util.IntrospectionUtils  : IntrospectionUtils: setProperty(class org.apache.tomcat.util.modeler.OperationInfo returnType=void)
2019-05-11 11:06:15.334 DEBUG 8956 --- [kground-preinit] o.apache.tomcat.util.digester.Digester   :   Fire begin() for SetNextRule[methodName=addOperation, paramType=org.apache.tomcat.util.modeler.OperationInfo]
2019-05-11 11:06:15.334 DEBUG 8956 --- [kground-preinit] o.a.tomcat.util.digester.Digester.sax    : characters(
      )
2019-05-11 11:06:15.335 DEBUG 8956 --- [kground-preinit] o.a.tomcat.util.digester.Digester.sax    : startElement(,,parameter)
2019-05-11 11:06:15.335 DEBUG 8956 --- [kground-preinit] o.apache.tomcat.util.digester.Digester   :   New match='mbeans-descriptors/mbean/operation/parameter'
2019-05-11 11:06:15.335 DEBUG 8956 --- [kground-preinit] o.apache.tomcat.util.digester.Digester   :   Fire begin() for ObjectCreateRule[className=org.apache.tomcat.util.modeler.ParameterInfo, attributeName=null]
2019-05-11 11:06:15.335 DEBUG 8956 --- [kground-preinit] o.apache.tomcat.util.digester.Digester   : [ObjectCreateRule]{mbeans-descriptors/mbean/operation/parameter}New org.apache.tomcat.util.modeler.ParameterInfo
2019-05-11 11:06:15.336 DEBUG 8956 --- [kground-preinit] o.apache.tomcat.util.digester.Digester   :   Fire begin() for SetPropertiesRule[]
2019-05-11 11:06:15.336 DEBUG 8956 --- [kground-preinit] o.apache.tomcat.util.digester.Digester   : [SetPropertiesRule]{mbeans-descriptors/mbean/operation/parameter} Set org.apache.tomcat.util.modeler.ParameterInfo properties
2019-05-11 11:06:15.337 DEBUG 8956 --- [kground-preinit] o.apache.tomcat.util.digester.Digester   : [SetPropertiesRule]{mbeans-descriptors/mbean/operation/parameter} Setting property 'name' to 'role'
2019-05-11 11:06:15.337 DEBUG 8956 --- [kground-preinit] o.apache.tomcat.util.IntrospectionUtils  : IntrospectionUtils: setProperty(class org.apache.tomcat.util.modeler.ParameterInfo name=role)
2019-05-11 11:06:15.337 DEBUG 8956 --- [kground-preinit] o.apache.tomcat.util.digester.Digester   : [SetPropertiesRule]{mbeans-descriptors/mbean/operation/parameter} Setting property 'description' to 'Role to be added'
2019-05-11 11:06:15.337 DEBUG 8956 --- [kground-preinit] o.apache.tomcat.util.IntrospectionUtils  : IntrospectionUtils: setProperty(class org.apache.tomcat.util.modeler.ParameterInfo description=Role to be added)
2019-05-11 11:06:15.338 DEBUG 8956 --- [kground-preinit] o.apache.tomcat.util.digester.Digester   : [SetPropertiesRule]{mbeans-descriptors/mbean/operation/parameter} Setting property 'type' to 'java.lang.String'
2019-05-11 11:06:15.338 DEBUG 8956 --- [kground-preinit] o.apache.tomcat.util.IntrospectionUtils  : IntrospectionUtils: setProperty(class org.apache.tomcat.util.modeler.ParameterInfo type=java.lang.String)
2019-05-11 11:06:15.338 DEBUG 8956 --- [kground-preinit] o.apache.tomcat.util.digester.Digester   :   Fire begin() for SetNextRule[methodName=addParameter, paramType=org.apache.tomcat.util.modeler.ParameterInfo]
2019-05-11 11:06:15.338 DEBUG 8956 --- [kground-preinit] o.a.tomcat.util.digester.Digester.sax    : endElement(,,parameter)
2019-05-11 11:06:15.338 DEBUG 8956 --- [kground-preinit] o.apache.tomcat.util.digester.Digester   :   match='mbeans-descriptors/mbean/operation/parameter'
2019-05-11 11:06:15.339 DEBUG 8956 --- [kground-preinit] o.apache.tomcat.util.digester.Digester   :   bodyText=''
2019-05-11 11:06:15.339 DEBUG 8956 --- [kground-preinit] o.apache.tomcat.util.digester.Digester   :   Fire body() for ObjectCreateRule[className=org.apache.tomcat.util.modeler.ParameterInfo, attributeName=null]
2019-05-11 11:06:15.340 DEBUG 8956 --- [kground-preinit] o.apache.tomcat.util.digester.Digester   :   Fire body() for SetPropertiesRule[]
2019-05-11 11:06:15.340 DEBUG 8956 --- [kground-preinit] o.apache.tomcat.util.digester.Digester   :   Fire body() for SetNextRule[methodName=addParameter, paramType=org.apache.tomcat.util.modeler.ParameterInfo]
2019-05-11 11:06:15.340 DEBUG 8956 --- [kground-preinit] o.apache.tomcat.util.digester.Digester   :   Fire end() for SetNextRule[methodName=addParameter, paramType=org.apache.tomcat.util.modeler.ParameterInfo]
2019-05-11 11:06:15.340 DEBUG 8956 --- [kground-preinit] o.apache.tomcat.util.digester.Digester   : [SetNextRule]{mbeans-descriptors/mbean/operation/parameter} Call org.apache.tomcat.util.modeler.OperationInfo.addParameter(org.apache.tomcat.util.modeler.ParameterInfo@61c1606b)
2019-05-11 11:06:15.341 DEBUG 8956 --- [kground-preinit] o.apache.tomcat.util.IntrospectionUtils  : IntrospectionUtils: callMethod1 org.apache.tomcat.util.modeler.OperationInfo org.apache.tomcat.util.modeler.ParameterInfo org.apache.tomcat.util.modeler.ParameterInfo
2019-05-11 11:06:15.342 DEBUG 8956 --- [kground-preinit] o.apache.tomcat.util.digester.Digester   :   Fire end() for SetPropertiesRule[]
2019-05-11 11:06:15.342 DEBUG 8956 --- [kground-preinit] o.apache.tomcat.util.digester.Digester   :   Fire end() for ObjectCreateRule[className=org.apache.tomcat.util.modeler.ParameterInfo, attributeName=null]
2019-05-11 11:06:15.342 DEBUG 8956 --- [kground-preinit] o.apache.tomcat.util.digester.Digester   : [ObjectCreateRule]{mbeans-descriptors/mbean/operation/parameter} Pop org.apache.tomcat.util.modeler.ParameterInfo
2019-05-11 11:06:15.342 DEBUG 8956 --- [kground-preinit] o.a.tomcat.util.digester.Digester.sax    : characters(
    )
2019-05-11 11:06:15.342 DEBUG 8956 --- [kground-preinit] o.a.tomcat.util.digester.Digester.sax    : endElement(,,operation)
2019-05-11 11:06:15.343 DEBUG 8956 --- [kground-preinit] o.apache.tomcat.util.digester.Digester   :   match='mbeans-descriptors/mbean/operation'
2019-05-11 11:06:15.343 DEBUG 8956 --- [kground-preinit] o.apache.tomcat.util.digester.Digester   :   bodyText='
      
    '
2019-05-11 11:06:15.343 DEBUG 8956 --- [kground-preinit] o.apache.tomcat.util.digester.Digester   :   Fire body() for ObjectCreateRule[className=org.apache.tomcat.util.modeler.OperationInfo, attributeName=null]
2019-05-11 11:06:15.343 DEBUG 8956 --- [kground-preinit] o.apache.tomcat.util.digester.Digester   :   Fire body() for SetPropertiesRule[]
2019-05-11 11:06:15.343 DEBUG 8956 --- [kground-preinit] o.apache.tomcat.util.digester.Digester   :   Fire body() for SetNextRule[methodName=addOperation, paramType=org.apache.tomcat.util.modeler.OperationInfo]
2019-05-11 11:06:15.343 DEBUG 8956 --- [kground-preinit] o.apache.tomcat.util.digester.Digester   :   Fire end() for SetNextRule[methodName=addOperation, paramType=org.apache.tomcat.util.modeler.OperationInfo]
2019-05-11 11:06:15.343 DEBUG 8956 --- [kground-preinit] o.apache.tomcat.util.digester.Digester   : [SetNextRule]{mbeans-descriptors/mbean/operation} Call org.apache.tomcat.util.modeler.ManagedBean.addOperation(org.apache.tomcat.util.modeler.OperationInfo@5eb7f590)
2019-05-11 11:06:15.343 DEBUG 8956 --- [kground-preinit] o.apache.tomcat.util.IntrospectionUtils  : IntrospectionUtils: callMethod1 org.apache.tomcat.util.modeler.ManagedBean org.apache.tomcat.util.modeler.OperationInfo org.apache.tomcat.util.modeler.OperationInfo
2019-05-11 11:06:15.344 DEBUG 8956 --- [kground-preinit] o.apache.tomcat.util.digester.Digester   :   Fire end() for SetPropertiesRule[]
2019-05-11 11:06:15.344 DEBUG 8956 --- [kground-preinit] o.apache.tomcat.util.digester.Digester   :   Fire end() for ObjectCreateRule[className=org.apache.tomcat.util.modeler.OperationInfo, attributeName=null]
2019-05-11 11:06:15.344 DEBUG 8956 --- [kground-preinit] o.apache.tomcat.util.digester.Digester   : [ObjectCreateRule]{mbeans-descriptors/mbean/operation} Pop org.apache.tomcat.util.modeler.OperationInfo
2019-05-11 11:06:15.344 DEBUG 8956 --- [kground-preinit] o.a.tomcat.util.digester.Digester.sax    : characters(

    )
2019-05-11 11:06:15.344 DEBUG 8956 --- [kground-preinit] o.a.tomcat.util.digester.Digester.sax    : startElement(,,operation)
2019-05-11 11:06:15.345 DEBUG 8956 --- [kground-preinit] o.apache.tomcat.util.digester.Digester   :   New match='mbeans-descriptors/mbean/operation'
2019-05-11 11:06:15.345 DEBUG 8956 --- [kground-preinit] o.apache.tomcat.util.digester.Digester   :   Fire begin() for ObjectCreateRule[className=org.apache.tomcat.util.modeler.OperationInfo, attributeName=null]
2019-05-11 11:06:15.345 DEBUG 8956 --- [kground-preinit] o.apache.tomcat.util.digester.Digester   : [ObjectCreateRule]{mbeans-descriptors/mbean/operation}New org.apache.tomcat.util.modeler.OperationInfo
2019-05-11 11:06:15.345 DEBUG 8956 --- [kground-preinit] o.apache.tomcat.util.digester.Digester   :   Fire begin() for SetPropertiesRule[]
2019-05-11 11:06:15.346 DEBUG 8956 --- [kground-preinit] o.apache.tomcat.util.digester.Digester   : [SetPropertiesRule]{mbeans-descriptors/mbean/operation} Set org.apache.tomcat.util.modeler.OperationInfo properties
2019-05-11 11:06:15.346 DEBUG 8956 --- [kground-preinit] o.apache.tomcat.util.digester.Digester   : [SetPropertiesRule]{mbeans-descriptors/mbean/operation} Setting property 'name' to 'removeRole'
2019-05-11 11:06:15.346 DEBUG 8956 --- [kground-preinit] o.apache.tomcat.util.IntrospectionUtils  : IntrospectionUtils: setProperty(class org.apache.tomcat.util.modeler.OperationInfo name=removeRole)
2019-05-11 11:06:15.346 DEBUG 8956 --- [kground-preinit] o.apache.tomcat.util.digester.Digester   : [SetPropertiesRule]{mbeans-descriptors/mbean/operation} Setting property 'description' to 'Remove an old authorized role for this group'
2019-05-11 11:06:15.346 DEBUG 8956 --- [kground-preinit] o.apache.tomcat.util.IntrospectionUtils  : IntrospectionUtils: setProperty(class org.apache.tomcat.util.modeler.OperationInfo description=Remove an old authorized role for this group)
2019-05-11 11:06:15.346 DEBUG 8956 --- [kground-preinit] o.apache.tomcat.util.digester.Digester   : [SetPropertiesRule]{mbeans-descriptors/mbean/operation} Setting property 'impact' to 'ACTION'
2019-05-11 11:06:15.346 DEBUG 8956 --- [kground-preinit] o.apache.tomcat.util.IntrospectionUtils  : IntrospectionUtils: setProperty(class org.apache.tomcat.util.modeler.OperationInfo impact=ACTION)
2019-05-11 11:06:15.346 DEBUG 8956 --- [kground-preinit] o.apache.tomcat.util.digester.Digester   : [SetPropertiesRule]{mbeans-descriptors/mbean/operation} Setting property 'returnType' to 'void'
2019-05-11 11:06:15.346 DEBUG 8956 --- [kground-preinit] o.apache.tomcat.util.IntrospectionUtils  : IntrospectionUtils: setProperty(class org.apache.tomcat.util.modeler.OperationInfo returnType=void)
2019-05-11 11:06:15.347 DEBUG 8956 --- [kground-preinit] o.apache.tomcat.util.digester.Digester   :   Fire begin() for SetNextRule[methodName=addOperation, paramType=org.apache.tomcat.util.modeler.OperationInfo]
2019-05-11 11:06:15.347 DEBUG 8956 --- [kground-preinit] o.a.tomcat.util.digester.Digester.sax    : characters(
      )
2019-05-11 11:06:15.347 DEBUG 8956 --- [kground-preinit] o.a.tomcat.util.digester.Digester.sax    : startElement(,,parameter)
2019-05-11 11:06:15.347 DEBUG 8956 --- [kground-preinit] o.apache.tomcat.util.digester.Digester   :   New match='mbeans-descriptors/mbean/operation/parameter'
2019-05-11 11:06:15.347 DEBUG 8956 --- [kground-preinit] o.apache.tomcat.util.digester.Digester   :   Fire begin() for ObjectCreateRule[className=org.apache.tomcat.util.modeler.ParameterInfo, attributeName=null]
2019-05-11 11:06:15.347 DEBUG 8956 --- [kground-preinit] o.apache.tomcat.util.digester.Digester   : [ObjectCreateRule]{mbeans-descriptors/mbean/operation/parameter}New org.apache.tomcat.util.modeler.ParameterInfo
2019-05-11 11:06:15.347 DEBUG 8956 --- [kground-preinit] o.apache.tomcat.util.digester.Digester   :   Fire begin() for SetPropertiesRule[]
2019-05-11 11:06:15.347 DEBUG 8956 --- [kground-preinit] o.apache.tomcat.util.digester.Digester   : [SetPropertiesRule]{mbeans-descriptors/mbean/operation/parameter} Set org.apache.tomcat.util.modeler.ParameterInfo properties
2019-05-11 11:06:15.348 DEBUG 8956 --- [kground-preinit] o.apache.tomcat.util.digester.Digester   : [SetPropertiesRule]{mbeans-descriptors/mbean/operation/parameter} Setting property 'name' to 'role'
2019-05-11 11:06:15.348 DEBUG 8956 --- [kground-preinit] o.apache.tomcat.util.IntrospectionUtils  : IntrospectionUtils: setProperty(class org.apache.tomcat.util.modeler.ParameterInfo name=role)
2019-05-11 11:06:15.348 DEBUG 8956 --- [kground-preinit] o.apache.tomcat.util.digester.Digester   : [SetPropertiesRule]{mbeans-descriptors/mbean/operation/parameter} Setting property 'description' to 'Role to be removed'
2019-05-11 11:06:15.348 DEBUG 8956 --- [kground-preinit] o.apache.tomcat.util.IntrospectionUtils  : IntrospectionUtils: setProperty(class org.apache.tomcat.util.modeler.ParameterInfo description=Role to be removed)
2019-05-11 11:06:15.349 DEBUG 8956 --- [kground-preinit] o.apache.tomcat.util.digester.Digester   : [SetPropertiesRule]{mbeans-descriptors/mbean/operation/parameter} Setting property 'type' to 'java.lang.String'
2019-05-11 11:06:15.349 DEBUG 8956 --- [kground-preinit] o.apache.tomcat.util.IntrospectionUtils  : IntrospectionUtils: setProperty(class org.apache.tomcat.util.modeler.ParameterInfo type=java.lang.String)
2019-05-11 11:06:15.349 DEBUG 8956 --- [kground-preinit] o.apache.tomcat.util.digester.Digester   :   Fire begin() for SetNextRule[methodName=addParameter, paramType=org.apache.tomcat.util.modeler.ParameterInfo]
2019-05-11 11:06:15.349 DEBUG 8956 --- [kground-preinit] o.a.tomcat.util.digester.Digester.sax    : endElement(,,parameter)
2019-05-11 11:06:15.349 DEBUG 8956 --- [kground-preinit] o.apache.tomcat.util.digester.Digester   :   match='mbeans-descriptors/mbean/operation/parameter'
2019-05-11 11:06:15.350 DEBUG 8956 --- [kground-preinit] o.apache.tomcat.util.digester.Digester   :   bodyText=''
2019-05-11 11:06:15.350 DEBUG 8956 --- [kground-preinit] o.apache.tomcat.util.digester.Digester   :   Fire body() for ObjectCreateRule[className=org.apache.tomcat.util.modeler.ParameterInfo, attributeName=null]
2019-05-11 11:06:15.350 DEBUG 8956 --- [kground-preinit] o.apache.tomcat.util.digester.Digester   :   Fire body() for SetPropertiesRule[]
2019-05-11 11:06:15.350 DEBUG 8956 --- [kground-preinit] o.apache.tomcat.util.digester.Digester   :   Fire body() for SetNextRule[methodName=addParameter, paramType=org.apache.tomcat.util.modeler.ParameterInfo]
2019-05-11 11:06:15.350 DEBUG 8956 --- [kground-preinit] o.apache.tomcat.util.digester.Digester   :   Fire end() for SetNextRule[methodName=addParameter, paramType=org.apache.tomcat.util.modeler.ParameterInfo]
2019-05-11 11:06:15.351 DEBUG 8956 --- [kground-preinit] o.apache.tomcat.util.digester.Digester   : [SetNextRule]{mbeans-descriptors/mbean/operation/parameter} Call org.apache.tomcat.util.modeler.OperationInfo.addParameter(org.apache.tomcat.util.modeler.ParameterInfo@79ce1f7a)
2019-05-11 11:06:15.351 DEBUG 8956 --- [kground-preinit] o.apache.tomcat.util.IntrospectionUtils  : IntrospectionUtils: callMethod1 org.apache.tomcat.util.modeler.OperationInfo org.apache.tomcat.util.modeler.ParameterInfo org.apache.tomcat.util.modeler.ParameterInfo
2019-05-11 11:06:15.351 DEBUG 8956 --- [kground-preinit] o.apache.tomcat.util.digester.Digester   :   Fire end() for SetPropertiesRule[]
2019-05-11 11:06:15.352 DEBUG 8956 --- [kground-preinit] o.apache.tomcat.util.digester.Digester   :   Fire end() for ObjectCreateRule[className=org.apache.tomcat.util.modeler.ParameterInfo, attributeName=null]
2019-05-11 11:06:15.352 DEBUG 8956 --- [kground-preinit] o.apache.tomcat.util.digester.Digester   : [ObjectCreateRule]{mbeans-descriptors/mbean/operation/parameter} Pop org.apache.tomcat.util.modeler.ParameterInfo
2019-05-11 11:06:15.352 DEBUG 8956 --- [kground-preinit] o.a.tomcat.util.digester.Digester.sax    : characters(
    )
2019-05-11 11:06:15.353 DEBUG 8956 --- [kground-preinit] o.a.tomcat.util.digester.Digester.sax    : endElement(,,operation)
2019-05-11 11:06:15.353 DEBUG 8956 --- [kground-preinit] o.apache.tomcat.util.digester.Digester   :   match='mbeans-descriptors/mbean/operation'
2019-05-11 11:06:15.353 DEBUG 8956 --- [kground-preinit] o.apache.tomcat.util.digester.Digester   :   bodyText='
      
    '
2019-05-11 11:06:15.353 DEBUG 8956 --- [kground-preinit] o.apache.tomcat.util.digester.Digester   :   Fire body() for ObjectCreateRule[className=org.apache.tomcat.util.modeler.OperationInfo, attributeName=null]
2019-05-11 11:06:15.354 DEBUG 8956 --- [kground-preinit] o.apache.tomcat.util.digester.Digester   :   Fire body() for SetPropertiesRule[]
2019-05-11 11:06:15.354 DEBUG 8956 --- [kground-preinit] o.apache.tomcat.util.digester.Digester   :   Fire body() for SetNextRule[methodName=addOperation, paramType=org.apache.tomcat.util.modeler.OperationInfo]
2019-05-11 11:06:15.354 DEBUG 8956 --- [kground-preinit] o.apache.tomcat.util.digester.Digester   :   Fire end() for SetNextRule[methodName=addOperation, paramType=org.apache.tomcat.util.modeler.OperationInfo]
2019-05-11 11:06:15.354 DEBUG 8956 --- [kground-preinit] o.apache.tomcat.util.digester.Digester   : [SetNextRule]{mbeans-descriptors/mbean/operation} Call org.apache.tomcat.util.modeler.ManagedBean.addOperation(org.apache.tomcat.util.modeler.OperationInfo@5aed90e7)
2019-05-11 11:06:15.354 DEBUG 8956 --- [kground-preinit] o.apache.tomcat.util.IntrospectionUtils  : IntrospectionUtils: callMethod1 org.apache.tomcat.util.modeler.ManagedBean org.apache.tomcat.util.modeler.OperationInfo org.apache.tomcat.util.modeler.OperationInfo
2019-05-11 11:06:15.354 DEBUG 8956 --- [kground-preinit] o.apache.tomcat.util.digester.Digester   :   Fire end() for SetPropertiesRule[]
2019-05-11 11:06:15.354 DEBUG 8956 --- [kground-preinit] o.apache.tomcat.util.digester.Digester   :   Fire end() for ObjectCreateRule[className=org.apache.tomcat.util.modeler.OperationInfo, attributeName=null]
2019-05-11 11:06:15.354 DEBUG 8956 --- [kground-preinit] o.apache.tomcat.util.digester.Digester   : [ObjectCreateRule]{mbeans-descriptors/mbean/operation} Pop org.apache.tomcat.util.modeler.OperationInfo
2019-05-11 11:06:15.354 DEBUG 8956 --- [kground-preinit] o.a.tomcat.util.digester.Digester.sax    : characters(

    )
2019-05-11 11:06:15.355 DEBUG 8956 --- [kground-preinit] o.a.tomcat.util.digester.Digester.sax    : startElement(,,operation)
2019-05-11 11:06:15.355 DEBUG 8956 --- [kground-preinit] o.apache.tomcat.util.digester.Digester   :   New match='mbeans-descriptors/mbean/operation'
2019-05-11 11:06:15.355 DEBUG 8956 --- [kground-preinit] o.apache.tomcat.util.digester.Digester   :   Fire begin() for ObjectCreateRule[className=org.apache.tomcat.util.modeler.OperationInfo, attributeName=null]
2019-05-11 11:06:15.355 DEBUG 8956 --- [kground-preinit] o.apache.tomcat.util.digester.Digester   : [ObjectCreateRule]{mbeans-descriptors/mbean/operation}New org.apache.tomcat.util.modeler.OperationInfo
2019-05-11 11:06:15.355 DEBUG 8956 --- [kground-preinit] o.apache.tomcat.util.digester.Digester   :   Fire begin() for SetPropertiesRule[]
2019-05-11 11:06:15.355 DEBUG 8956 --- [kground-preinit] o.apache.tomcat.util.digester.Digester   : [SetPropertiesRule]{mbeans-descriptors/mbean/operation} Set org.apache.tomcat.util.modeler.OperationInfo properties
2019-05-11 11:06:15.355 DEBUG 8956 --- [kground-preinit] o.apache.tomcat.util.digester.Digester   : [SetPropertiesRule]{mbeans-descriptors/mbean/operation} Setting property 'name' to 'removeRoles'
2019-05-11 11:06:15.355 DEBUG 8956 --- [kground-preinit] o.apache.tomcat.util.IntrospectionUtils  : IntrospectionUtils: setProperty(class org.apache.tomcat.util.modeler.OperationInfo name=removeRoles)
2019-05-11 11:06:15.355 DEBUG 8956 --- [kground-preinit] o.apache.tomcat.util.digester.Digester   : [SetPropertiesRule]{mbeans-descriptors/mbean/operation} Setting property 'description' to 'Remove all authorized roles for this group'
2019-05-11 11:06:15.355 DEBUG 8956 --- [kground-preinit] o.apache.tomcat.util.IntrospectionUtils  : IntrospectionUtils: setProperty(class org.apache.tomcat.util.modeler.OperationInfo description=Remove all authorized roles for this group)
2019-05-11 11:06:15.356 DEBUG 8956 --- [kground-preinit] o.apache.tomcat.util.digester.Digester   : [SetPropertiesRule]{mbeans-descriptors/mbean/operation} Setting property 'impact' to 'ACTION'
2019-05-11 11:06:15.356 DEBUG 8956 --- [kground-preinit] o.apache.tomcat.util.IntrospectionUtils  : IntrospectionUtils: setProperty(class org.apache.tomcat.util.modeler.OperationInfo impact=ACTION)
2019-05-11 11:06:15.356 DEBUG 8956 --- [kground-preinit] o.apache.tomcat.util.digester.Digester   : [SetPropertiesRule]{mbeans-descriptors/mbean/operation} Setting property 'returnType' to 'void'
2019-05-11 11:06:15.356 DEBUG 8956 --- [kground-preinit] o.apache.tomcat.util.IntrospectionUtils  : IntrospectionUtils: setProperty(class org.apache.tomcat.util.modeler.OperationInfo returnType=void)
2019-05-11 11:06:15.356 DEBUG 8956 --- [kground-preinit] o.apache.tomcat.util.digester.Digester   :   Fire begin() for SetNextRule[methodName=addOperation, paramType=org.apache.tomcat.util.modeler.OperationInfo]
2019-05-11 11:06:15.356 DEBUG 8956 --- [kground-preinit] o.a.tomcat.util.digester.Digester.sax    : characters(
    )
2019-05-11 11:06:15.356 DEBUG 8956 --- [kground-preinit] o.a.tomcat.util.digester.Digester.sax    : endElement(,,operation)
2019-05-11 11:06:15.356 DEBUG 8956 --- [kground-preinit] o.apache.tomcat.util.digester.Digester   :   match='mbeans-descriptors/mbean/operation'
2019-05-11 11:06:15.356 DEBUG 8956 --- [kground-preinit] o.apache.tomcat.util.digester.Digester   :   bodyText='
    '
2019-05-11 11:06:15.356 DEBUG 8956 --- [kground-preinit] o.apache.tomcat.util.digester.Digester   :   Fire body() for ObjectCreateRule[className=org.apache.tomcat.util.modeler.OperationInfo, attributeName=null]
2019-05-11 11:06:15.357 DEBUG 8956 --- [kground-preinit] o.apache.tomcat.util.digester.Digester   :   Fire body() for SetPropertiesRule[]
2019-05-11 11:06:15.357 DEBUG 8956 --- [kground-preinit] o.apache.tomcat.util.digester.Digester   :   Fire body() for SetNextRule[methodName=addOperation, paramType=org.apache.tomcat.util.modeler.OperationInfo]
2019-05-11 11:06:15.357 DEBUG 8956 --- [kground-preinit] o.apache.tomcat.util.digester.Digester   :   Fire end() for SetNextRule[methodName=addOperation, paramType=org.apache.tomcat.util.modeler.OperationInfo]
2019-05-11 11:06:15.357 DEBUG 8956 --- [kground-preinit] o.apache.tomcat.util.digester.Digester   : [SetNextRule]{mbeans-descriptors/mbean/operation} Call org.apache.tomcat.util.modeler.ManagedBean.addOperation(org.apache.tomcat.util.modeler.OperationInfo@30c561e9)
2019-05-11 11:06:15.357 DEBUG 8956 --- [kground-preinit] o.apache.tomcat.util.IntrospectionUtils  : IntrospectionUtils: callMethod1 org.apache.tomcat.util.modeler.ManagedBean org.apache.tomcat.util.modeler.OperationInfo org.apache.tomcat.util.modeler.OperationInfo
2019-05-11 11:06:15.357 DEBUG 8956 --- [kground-preinit] o.apache.tomcat.util.digester.Digester   :   Fire end() for SetPropertiesRule[]
2019-05-11 11:06:15.357 DEBUG 8956 --- [kground-preinit] o.apache.tomcat.util.digester.Digester   :   Fire end() for ObjectCreateRule[className=org.apache.tomcat.util.modeler.OperationInfo, attributeName=null]
2019-05-11 11:06:15.357 DEBUG 8956 --- [kground-preinit] o.apache.tomcat.util.digester.Digester   : [ObjectCreateRule]{mbeans-descriptors/mbean/operation} Pop org.apache.tomcat.util.modeler.OperationInfo
2019-05-11 11:06:15.357 DEBUG 8956 --- [kground-preinit] o.a.tomcat.util.digester.Digester.sax    : characters(

  )
2019-05-11 11:06:15.357 DEBUG 8956 --- [kground-preinit] o.a.tomcat.util.digester.Digester.sax    : endElement(,,mbean)
2019-05-11 11:06:15.358 DEBUG 8956 --- [kground-preinit] o.apache.tomcat.util.digester.Digester   :   match='mbeans-descriptors/mbean'
2019-05-11 11:06:15.358 DEBUG 8956 --- [kground-preinit] o.apache.tomcat.util.digester.Digester   :   bodyText='

    

    

    

    

    

    

    

  '
2019-05-11 11:06:15.359 DEBUG 8956 --- [kground-preinit] o.apache.tomcat.util.digester.Digester   :   Fire body() for ObjectCreateRule[className=org.apache.tomcat.util.modeler.ManagedBean, attributeName=null]
2019-05-11 11:06:15.359 DEBUG 8956 --- [kground-preinit] o.apache.tomcat.util.digester.Digester   :   Fire body() for SetPropertiesRule[]
2019-05-11 11:06:15.359 DEBUG 8956 --- [kground-preinit] o.apache.tomcat.util.digester.Digester   :   Fire body() for SetNextRule[methodName=add, paramType=java.lang.Object]
2019-05-11 11:06:15.359 DEBUG 8956 --- [kground-preinit] o.apache.tomcat.util.digester.Digester   :   Fire end() for SetNextRule[methodName=add, paramType=java.lang.Object]
2019-05-11 11:06:15.359 DEBUG 8956 --- [kground-preinit] o.apache.tomcat.util.digester.Digester   : [SetNextRule]{mbeans-descriptors/mbean} Call java.util.ArrayList.add(ManagedBean[name=Group, className=org.apache.catalina.mbeans.GroupMBean, description=Group from a user database, group=Group, type=org.apache.catalina.Group])
2019-05-11 11:06:15.359 DEBUG 8956 --- [kground-preinit] o.apache.tomcat.util.IntrospectionUtils  : IntrospectionUtils: callMethod1 java.util.ArrayList org.apache.tomcat.util.modeler.ManagedBean java.lang.Object
2019-05-11 11:06:15.359 DEBUG 8956 --- [kground-preinit] o.apache.tomcat.util.digester.Digester   :   Fire end() for SetPropertiesRule[]
2019-05-11 11:06:15.359 DEBUG 8956 --- [kground-preinit] o.apache.tomcat.util.digester.Digester   :   Fire end() for ObjectCreateRule[className=org.apache.tomcat.util.modeler.ManagedBean, attributeName=null]
2019-05-11 11:06:15.359 DEBUG 8956 --- [kground-preinit] o.apache.tomcat.util.digester.Digester   : [ObjectCreateRule]{mbeans-descriptors/mbean} Pop org.apache.tomcat.util.modeler.ManagedBean
2019-05-11 11:06:15.359 DEBUG 8956 --- [kground-preinit] o.a.tomcat.util.digester.Digester.sax    : characters(

  )
2019-05-11 11:06:15.361 DEBUG 8956 --- [kground-preinit] o.a.tomcat.util.digester.Digester.sax    : startElement(,,mbean)
2019-05-11 11:06:15.361 DEBUG 8956 --- [kground-preinit] o.apache.tomcat.util.digester.Digester   :   New match='mbeans-descriptors/mbean'
2019-05-11 11:06:15.361 DEBUG 8956 --- [kground-preinit] o.apache.tomcat.util.digester.Digester   :   Fire begin() for ObjectCreateRule[className=org.apache.tomcat.util.modeler.ManagedBean, attributeName=null]
2019-05-11 11:06:15.361 DEBUG 8956 --- [kground-preinit] o.apache.tomcat.util.digester.Digester   : [ObjectCreateRule]{mbeans-descriptors/mbean}New org.apache.tomcat.util.modeler.ManagedBean
2019-05-11 11:06:15.362 DEBUG 8956 --- [kground-preinit] o.apache.tomcat.util.digester.Digester   :   Fire begin() for SetPropertiesRule[]
2019-05-11 11:06:15.362 DEBUG 8956 --- [kground-preinit] o.apache.tomcat.util.digester.Digester   : [SetPropertiesRule]{mbeans-descriptors/mbean} Set org.apache.tomcat.util.modeler.ManagedBean properties
2019-05-11 11:06:15.362 DEBUG 8956 --- [kground-preinit] o.apache.tomcat.util.digester.Digester   : [SetPropertiesRule]{mbeans-descriptors/mbean} Setting property 'name' to 'Role'
2019-05-11 11:06:15.362 DEBUG 8956 --- [kground-preinit] o.apache.tomcat.util.IntrospectionUtils  : IntrospectionUtils: setProperty(class org.apache.tomcat.util.modeler.ManagedBean name=Role)
2019-05-11 11:06:15.362 DEBUG 8956 --- [kground-preinit] o.apache.tomcat.util.digester.Digester   : [SetPropertiesRule]{mbeans-descriptors/mbean} Setting property 'className' to 'org.apache.catalina.mbeans.RoleMBean'
2019-05-11 11:06:15.363 DEBUG 8956 --- [kground-preinit] o.apache.tomcat.util.IntrospectionUtils  : IntrospectionUtils: setProperty(class org.apache.tomcat.util.modeler.ManagedBean className=org.apache.catalina.mbeans.RoleMBean)
2019-05-11 11:06:15.363 DEBUG 8956 --- [kground-preinit] o.apache.tomcat.util.digester.Digester   : [SetPropertiesRule]{mbeans-descriptors/mbean} Setting property 'description' to 'Security role from a user database'
2019-05-11 11:06:15.363 DEBUG 8956 --- [kground-preinit] o.apache.tomcat.util.IntrospectionUtils  : IntrospectionUtils: setProperty(class org.apache.tomcat.util.modeler.ManagedBean description=Security role from a user database)
2019-05-11 11:06:15.363 DEBUG 8956 --- [kground-preinit] o.apache.tomcat.util.digester.Digester   : [SetPropertiesRule]{mbeans-descriptors/mbean} Setting property 'domain' to 'Users'
2019-05-11 11:06:15.363 DEBUG 8956 --- [kground-preinit] o.apache.tomcat.util.IntrospectionUtils  : IntrospectionUtils: setProperty(class org.apache.tomcat.util.modeler.ManagedBean domain=Users)
2019-05-11 11:06:15.364 DEBUG 8956 --- [kground-preinit] o.apache.tomcat.util.digester.Digester   : [SetPropertiesRule]{mbeans-descriptors/mbean} Setting property 'group' to 'Role'
2019-05-11 11:06:15.364 DEBUG 8956 --- [kground-preinit] o.apache.tomcat.util.IntrospectionUtils  : IntrospectionUtils: setProperty(class org.apache.tomcat.util.modeler.ManagedBean group=Role)
2019-05-11 11:06:15.364 DEBUG 8956 --- [kground-preinit] o.apache.tomcat.util.digester.Digester   : [SetPropertiesRule]{mbeans-descriptors/mbean} Setting property 'type' to 'org.apache.catalina.Role'
2019-05-11 11:06:15.364 DEBUG 8956 --- [kground-preinit] o.apache.tomcat.util.IntrospectionUtils  : IntrospectionUtils: setProperty(class org.apache.tomcat.util.modeler.ManagedBean type=org.apache.catalina.Role)
2019-05-11 11:06:15.364 DEBUG 8956 --- [kground-preinit] o.apache.tomcat.util.digester.Digester   :   Fire begin() for SetNextRule[methodName=add, paramType=java.lang.Object]
2019-05-11 11:06:15.365 DEBUG 8956 --- [kground-preinit] o.a.tomcat.util.digester.Digester.sax    : characters(

    )
2019-05-11 11:06:15.365 DEBUG 8956 --- [kground-preinit] o.a.tomcat.util.digester.Digester.sax    : startElement(,,attribute)
2019-05-11 11:06:15.365 DEBUG 8956 --- [kground-preinit] o.apache.tomcat.util.digester.Digester   :   New match='mbeans-descriptors/mbean/attribute'
2019-05-11 11:06:15.365 DEBUG 8956 --- [kground-preinit] o.apache.tomcat.util.digester.Digester   :   Fire begin() for ObjectCreateRule[className=org.apache.tomcat.util.modeler.AttributeInfo, attributeName=null]
2019-05-11 11:06:15.365 DEBUG 8956 --- [kground-preinit] o.apache.tomcat.util.digester.Digester   : [ObjectCreateRule]{mbeans-descriptors/mbean/attribute}New org.apache.tomcat.util.modeler.AttributeInfo
2019-05-11 11:06:15.366 DEBUG 8956 --- [kground-preinit] o.apache.tomcat.util.digester.Digester   :   Fire begin() for SetPropertiesRule[]
2019-05-11 11:06:15.366 DEBUG 8956 --- [kground-preinit] o.apache.tomcat.util.digester.Digester   : [SetPropertiesRule]{mbeans-descriptors/mbean/attribute} Set org.apache.tomcat.util.modeler.AttributeInfo properties
2019-05-11 11:06:15.366 DEBUG 8956 --- [kground-preinit] o.apache.tomcat.util.digester.Digester   : [SetPropertiesRule]{mbeans-descriptors/mbean/attribute} Setting property 'name' to 'description'
2019-05-11 11:06:15.366 DEBUG 8956 --- [kground-preinit] o.apache.tomcat.util.IntrospectionUtils  : IntrospectionUtils: setProperty(class org.apache.tomcat.util.modeler.AttributeInfo name=description)
2019-05-11 11:06:15.366 DEBUG 8956 --- [kground-preinit] o.apache.tomcat.util.digester.Digester   : [SetPropertiesRule]{mbeans-descriptors/mbean/attribute} Setting property 'description' to 'Description of this role'
2019-05-11 11:06:15.367 DEBUG 8956 --- [kground-preinit] o.apache.tomcat.util.IntrospectionUtils  : IntrospectionUtils: setProperty(class org.apache.tomcat.util.modeler.AttributeInfo description=Description of this role)
2019-05-11 11:06:15.367 DEBUG 8956 --- [kground-preinit] o.apache.tomcat.util.digester.Digester   : [SetPropertiesRule]{mbeans-descriptors/mbean/attribute} Setting property 'type' to 'java.lang.String'
2019-05-11 11:06:15.367 DEBUG 8956 --- [kground-preinit] o.apache.tomcat.util.IntrospectionUtils  : IntrospectionUtils: setProperty(class org.apache.tomcat.util.modeler.AttributeInfo type=java.lang.String)
2019-05-11 11:06:15.367 DEBUG 8956 --- [kground-preinit] o.apache.tomcat.util.digester.Digester   :   Fire begin() for SetNextRule[methodName=addAttribute, paramType=org.apache.tomcat.util.modeler.AttributeInfo]
2019-05-11 11:06:15.367 DEBUG 8956 --- [kground-preinit] o.a.tomcat.util.digester.Digester.sax    : endElement(,,attribute)
2019-05-11 11:06:15.367 DEBUG 8956 --- [kground-preinit] o.apache.tomcat.util.digester.Digester   :   match='mbeans-descriptors/mbean/attribute'
2019-05-11 11:06:15.367 DEBUG 8956 --- [kground-preinit] o.apache.tomcat.util.digester.Digester   :   bodyText=''
2019-05-11 11:06:15.367 DEBUG 8956 --- [kground-preinit] o.apache.tomcat.util.digester.Digester   :   Fire body() for ObjectCreateRule[className=org.apache.tomcat.util.modeler.AttributeInfo, attributeName=null]
2019-05-11 11:06:15.367 DEBUG 8956 --- [kground-preinit] o.apache.tomcat.util.digester.Digester   :   Fire body() for SetPropertiesRule[]
2019-05-11 11:06:15.367 DEBUG 8956 --- [kground-preinit] o.apache.tomcat.util.digester.Digester   :   Fire body() for SetNextRule[methodName=addAttribute, paramType=org.apache.tomcat.util.modeler.AttributeInfo]
2019-05-11 11:06:15.368 DEBUG 8956 --- [kground-preinit] o.apache.tomcat.util.digester.Digester   :   Fire end() for SetNextRule[methodName=addAttribute, paramType=org.apache.tomcat.util.modeler.AttributeInfo]
2019-05-11 11:06:15.368 DEBUG 8956 --- [kground-preinit] o.apache.tomcat.util.digester.Digester   : [SetNextRule]{mbeans-descriptors/mbean/attribute} Call org.apache.tomcat.util.modeler.ManagedBean.addAttribute(org.apache.tomcat.util.modeler.AttributeInfo@51bf1914)
2019-05-11 11:06:15.368 DEBUG 8956 --- [kground-preinit] o.apache.tomcat.util.IntrospectionUtils  : IntrospectionUtils: callMethod1 org.apache.tomcat.util.modeler.ManagedBean org.apache.tomcat.util.modeler.AttributeInfo org.apache.tomcat.util.modeler.AttributeInfo
2019-05-11 11:06:15.368 DEBUG 8956 --- [kground-preinit] o.apache.tomcat.util.digester.Digester   :   Fire end() for SetPropertiesRule[]
2019-05-11 11:06:15.368 DEBUG 8956 --- [kground-preinit] o.apache.tomcat.util.digester.Digester   :   Fire end() for ObjectCreateRule[className=org.apache.tomcat.util.modeler.AttributeInfo, attributeName=null]
2019-05-11 11:06:15.368 DEBUG 8956 --- [kground-preinit] o.apache.tomcat.util.digester.Digester   : [ObjectCreateRule]{mbeans-descriptors/mbean/attribute} Pop org.apache.tomcat.util.modeler.AttributeInfo
2019-05-11 11:06:15.368 DEBUG 8956 --- [kground-preinit] o.a.tomcat.util.digester.Digester.sax    : characters(

    )
2019-05-11 11:06:15.368 DEBUG 8956 --- [kground-preinit] o.a.tomcat.util.digester.Digester.sax    : startElement(,,attribute)
2019-05-11 11:06:15.369 DEBUG 8956 --- [kground-preinit] o.apache.tomcat.util.digester.Digester   :   New match='mbeans-descriptors/mbean/attribute'
2019-05-11 11:06:15.369 DEBUG 8956 --- [kground-preinit] o.apache.tomcat.util.digester.Digester   :   Fire begin() for ObjectCreateRule[className=org.apache.tomcat.util.modeler.AttributeInfo, attributeName=null]
2019-05-11 11:06:15.369 DEBUG 8956 --- [kground-preinit] o.apache.tomcat.util.digester.Digester   : [ObjectCreateRule]{mbeans-descriptors/mbean/attribute}New org.apache.tomcat.util.modeler.AttributeInfo
2019-05-11 11:06:15.369 DEBUG 8956 --- [kground-preinit] o.apache.tomcat.util.digester.Digester   :   Fire begin() for SetPropertiesRule[]
2019-05-11 11:06:15.369 DEBUG 8956 --- [kground-preinit] o.apache.tomcat.util.digester.Digester   : [SetPropertiesRule]{mbeans-descriptors/mbean/attribute} Set org.apache.tomcat.util.modeler.AttributeInfo properties
2019-05-11 11:06:15.369 DEBUG 8956 --- [kground-preinit] o.apache.tomcat.util.digester.Digester   : [SetPropertiesRule]{mbeans-descriptors/mbean/attribute} Setting property 'name' to 'rolename'
2019-05-11 11:06:15.369 DEBUG 8956 --- [kground-preinit] o.apache.tomcat.util.IntrospectionUtils  : IntrospectionUtils: setProperty(class org.apache.tomcat.util.modeler.AttributeInfo name=rolename)
2019-05-11 11:06:15.369 DEBUG 8956 --- [kground-preinit] o.apache.tomcat.util.digester.Digester   : [SetPropertiesRule]{mbeans-descriptors/mbean/attribute} Setting property 'description' to 'Role name of this role'
2019-05-11 11:06:15.370 DEBUG 8956 --- [kground-preinit] o.apache.tomcat.util.IntrospectionUtils  : IntrospectionUtils: setProperty(class org.apache.tomcat.util.modeler.AttributeInfo description=Role name of this role)
2019-05-11 11:06:15.370 DEBUG 8956 --- [kground-preinit] o.apache.tomcat.util.digester.Digester   : [SetPropertiesRule]{mbeans-descriptors/mbean/attribute} Setting property 'type' to 'java.lang.String'
2019-05-11 11:06:15.370 DEBUG 8956 --- [kground-preinit] o.apache.tomcat.util.IntrospectionUtils  : IntrospectionUtils: setProperty(class org.apache.tomcat.util.modeler.AttributeInfo type=java.lang.String)
2019-05-11 11:06:15.370 DEBUG 8956 --- [kground-preinit] o.apache.tomcat.util.digester.Digester   : [SetPropertiesRule]{mbeans-descriptors/mbean/attribute} Setting property 'writeable' to 'false'
2019-05-11 11:06:15.370 DEBUG 8956 --- [kground-preinit] o.apache.tomcat.util.IntrospectionUtils  : IntrospectionUtils: setProperty(class org.apache.tomcat.util.modeler.AttributeInfo writeable=false)
2019-05-11 11:06:15.370 DEBUG 8956 --- [kground-preinit] o.apache.tomcat.util.digester.Digester   :   Fire begin() for SetNextRule[methodName=addAttribute, paramType=org.apache.tomcat.util.modeler.AttributeInfo]
2019-05-11 11:06:15.370 DEBUG 8956 --- [kground-preinit] o.a.tomcat.util.digester.Digester.sax    : endElement(,,attribute)
2019-05-11 11:06:15.370 DEBUG 8956 --- [kground-preinit] o.apache.tomcat.util.digester.Digester   :   match='mbeans-descriptors/mbean/attribute'
2019-05-11 11:06:15.370 DEBUG 8956 --- [kground-preinit] o.apache.tomcat.util.digester.Digester   :   bodyText=''
2019-05-11 11:06:15.370 DEBUG 8956 --- [kground-preinit] o.apache.tomcat.util.digester.Digester   :   Fire body() for ObjectCreateRule[className=org.apache.tomcat.util.modeler.AttributeInfo, attributeName=null]
2019-05-11 11:06:15.371 DEBUG 8956 --- [kground-preinit] o.apache.tomcat.util.digester.Digester   :   Fire body() for SetPropertiesRule[]
2019-05-11 11:06:15.371 DEBUG 8956 --- [kground-preinit] o.apache.tomcat.util.digester.Digester   :   Fire body() for SetNextRule[methodName=addAttribute, paramType=org.apache.tomcat.util.modeler.AttributeInfo]
2019-05-11 11:06:15.371 DEBUG 8956 --- [kground-preinit] o.apache.tomcat.util.digester.Digester   :   Fire end() for SetNextRule[methodName=addAttribute, paramType=org.apache.tomcat.util.modeler.AttributeInfo]
2019-05-11 11:06:15.371 DEBUG 8956 --- [kground-preinit] o.apache.tomcat.util.digester.Digester   : [SetNextRule]{mbeans-descriptors/mbean/attribute} Call org.apache.tomcat.util.modeler.ManagedBean.addAttribute(org.apache.tomcat.util.modeler.AttributeInfo@5803f996)
2019-05-11 11:06:15.371 DEBUG 8956 --- [kground-preinit] o.apache.tomcat.util.IntrospectionUtils  : IntrospectionUtils: callMethod1 org.apache.tomcat.util.modeler.ManagedBean org.apache.tomcat.util.modeler.AttributeInfo org.apache.tomcat.util.modeler.AttributeInfo
2019-05-11 11:06:15.371 DEBUG 8956 --- [kground-preinit] o.apache.tomcat.util.digester.Digester   :   Fire end() for SetPropertiesRule[]
2019-05-11 11:06:15.371 DEBUG 8956 --- [kground-preinit] o.apache.tomcat.util.digester.Digester   :   Fire end() for ObjectCreateRule[className=org.apache.tomcat.util.modeler.AttributeInfo, attributeName=null]
2019-05-11 11:06:15.371 DEBUG 8956 --- [kground-preinit] o.apache.tomcat.util.digester.Digester   : [ObjectCreateRule]{mbeans-descriptors/mbean/attribute} Pop org.apache.tomcat.util.modeler.AttributeInfo
2019-05-11 11:06:15.371 DEBUG 8956 --- [kground-preinit] o.a.tomcat.util.digester.Digester.sax    : characters(

  )
2019-05-11 11:06:15.371 DEBUG 8956 --- [kground-preinit] o.a.tomcat.util.digester.Digester.sax    : endElement(,,mbean)
2019-05-11 11:06:15.372 DEBUG 8956 --- [kground-preinit] o.apache.tomcat.util.digester.Digester   :   match='mbeans-descriptors/mbean'
2019-05-11 11:06:15.372 DEBUG 8956 --- [kground-preinit] o.apache.tomcat.util.digester.Digester   :   bodyText='

    

    

  '
2019-05-11 11:06:15.372 DEBUG 8956 --- [kground-preinit] o.apache.tomcat.util.digester.Digester   :   Fire body() for ObjectCreateRule[className=org.apache.tomcat.util.modeler.ManagedBean, attributeName=null]
2019-05-11 11:06:15.372 DEBUG 8956 --- [kground-preinit] o.apache.tomcat.util.digester.Digester   :   Fire body() for SetPropertiesRule[]
2019-05-11 11:06:15.372 DEBUG 8956 --- [kground-preinit] o.apache.tomcat.util.digester.Digester   :   Fire body() for SetNextRule[methodName=add, paramType=java.lang.Object]
2019-05-11 11:06:15.372 DEBUG 8956 --- [kground-preinit] o.apache.tomcat.util.digester.Digester   :   Fire end() for SetNextRule[methodName=add, paramType=java.lang.Object]
2019-05-11 11:06:15.372 DEBUG 8956 --- [kground-preinit] o.apache.tomcat.util.digester.Digester   : [SetNextRule]{mbeans-descriptors/mbean} Call java.util.ArrayList.add(ManagedBean[name=Role, className=org.apache.catalina.mbeans.RoleMBean, description=Security role from a user database, group=Role, type=org.apache.catalina.Role])
2019-05-11 11:06:15.372 DEBUG 8956 --- [kground-preinit] o.apache.tomcat.util.IntrospectionUtils  : IntrospectionUtils: callMethod1 java.util.ArrayList org.apache.tomcat.util.modeler.ManagedBean java.lang.Object
2019-05-11 11:06:15.372 DEBUG 8956 --- [kground-preinit] o.apache.tomcat.util.digester.Digester   :   Fire end() for SetPropertiesRule[]
2019-05-11 11:06:15.372 DEBUG 8956 --- [kground-preinit] o.apache.tomcat.util.digester.Digester   :   Fire end() for ObjectCreateRule[className=org.apache.tomcat.util.modeler.ManagedBean, attributeName=null]
2019-05-11 11:06:15.373 DEBUG 8956 --- [kground-preinit] o.apache.tomcat.util.digester.Digester   : [ObjectCreateRule]{mbeans-descriptors/mbean} Pop org.apache.tomcat.util.modeler.ManagedBean
2019-05-11 11:06:15.373 DEBUG 8956 --- [kground-preinit] o.a.tomcat.util.digester.Digester.sax    : characters(

  )
2019-05-11 11:06:15.373 DEBUG 8956 --- [kground-preinit] o.a.tomcat.util.digester.Digester.sax    : startElement(,,mbean)
2019-05-11 11:06:15.373 DEBUG 8956 --- [kground-preinit] o.apache.tomcat.util.digester.Digester   :   New match='mbeans-descriptors/mbean'
2019-05-11 11:06:15.373 DEBUG 8956 --- [kground-preinit] o.apache.tomcat.util.digester.Digester   :   Fire begin() for ObjectCreateRule[className=org.apache.tomcat.util.modeler.ManagedBean, attributeName=null]
2019-05-11 11:06:15.373 DEBUG 8956 --- [kground-preinit] o.apache.tomcat.util.digester.Digester   : [ObjectCreateRule]{mbeans-descriptors/mbean}New org.apache.tomcat.util.modeler.ManagedBean
2019-05-11 11:06:15.373 DEBUG 8956 --- [kground-preinit] o.apache.tomcat.util.digester.Digester   :   Fire begin() for SetPropertiesRule[]
2019-05-11 11:06:15.373 DEBUG 8956 --- [kground-preinit] o.apache.tomcat.util.digester.Digester   : [SetPropertiesRule]{mbeans-descriptors/mbean} Set org.apache.tomcat.util.modeler.ManagedBean properties
2019-05-11 11:06:15.373 DEBUG 8956 --- [kground-preinit] o.apache.tomcat.util.digester.Digester   : [SetPropertiesRule]{mbeans-descriptors/mbean} Setting property 'name' to 'User'
2019-05-11 11:06:15.373 DEBUG 8956 --- [kground-preinit] o.apache.tomcat.util.IntrospectionUtils  : IntrospectionUtils: setProperty(class org.apache.tomcat.util.modeler.ManagedBean name=User)
2019-05-11 11:06:15.374 DEBUG 8956 --- [kground-preinit] o.apache.tomcat.util.digester.Digester   : [SetPropertiesRule]{mbeans-descriptors/mbean} Setting property 'className' to 'org.apache.catalina.mbeans.UserMBean'
2019-05-11 11:06:15.374 DEBUG 8956 --- [kground-preinit] o.apache.tomcat.util.IntrospectionUtils  : IntrospectionUtils: setProperty(class org.apache.tomcat.util.modeler.ManagedBean className=org.apache.catalina.mbeans.UserMBean)
2019-05-11 11:06:15.374 DEBUG 8956 --- [kground-preinit] o.apache.tomcat.util.digester.Digester   : [SetPropertiesRule]{mbeans-descriptors/mbean} Setting property 'description' to 'User from a user database'
2019-05-11 11:06:15.374 DEBUG 8956 --- [kground-preinit] o.apache.tomcat.util.IntrospectionUtils  : IntrospectionUtils: setProperty(class org.apache.tomcat.util.modeler.ManagedBean description=User from a user database)
2019-05-11 11:06:15.374 DEBUG 8956 --- [kground-preinit] o.apache.tomcat.util.digester.Digester   : [SetPropertiesRule]{mbeans-descriptors/mbean} Setting property 'domain' to 'Users'
2019-05-11 11:06:15.374 DEBUG 8956 --- [kground-preinit] o.apache.tomcat.util.IntrospectionUtils  : IntrospectionUtils: setProperty(class org.apache.tomcat.util.modeler.ManagedBean domain=Users)
2019-05-11 11:06:15.376 DEBUG 8956 --- [           main] o.s.b.f.s.DefaultListableBeanFactory     : Creating shared instance of singleton bean 'org.springframework.boot.test.mock.mockito.MockitoPostProcessor'
2019-05-11 11:06:15.377 DEBUG 8956 --- [           main] o.s.b.f.s.DefaultListableBeanFactory     : Creating instance of bean 'org.springframework.boot.test.mock.mockito.MockitoPostProcessor'
2019-05-11 11:06:15.377 DEBUG 8956 --- [kground-preinit] o.apache.tomcat.util.digester.Digester   : [SetPropertiesRule]{mbeans-descriptors/mbean} Setting property 'group' to 'User'
2019-05-11 11:06:15.378 DEBUG 8956 --- [kground-preinit] o.apache.tomcat.util.IntrospectionUtils  : IntrospectionUtils: setProperty(class org.apache.tomcat.util.modeler.ManagedBean group=User)
2019-05-11 11:06:15.378 DEBUG 8956 --- [kground-preinit] o.apache.tomcat.util.digester.Digester   : [SetPropertiesRule]{mbeans-descriptors/mbean} Setting property 'type' to 'org.apache.catalina.User'
2019-05-11 11:06:15.378 DEBUG 8956 --- [kground-preinit] o.apache.tomcat.util.IntrospectionUtils  : IntrospectionUtils: setProperty(class org.apache.tomcat.util.modeler.ManagedBean type=org.apache.catalina.User)
2019-05-11 11:06:15.378 DEBUG 8956 --- [kground-preinit] o.apache.tomcat.util.digester.Digester   :   Fire begin() for SetNextRule[methodName=add, paramType=java.lang.Object]
2019-05-11 11:06:15.378 DEBUG 8956 --- [kground-preinit] o.a.tomcat.util.digester.Digester.sax    : characters(

    )
2019-05-11 11:06:15.378 DEBUG 8956 --- [kground-preinit] o.a.tomcat.util.digester.Digester.sax    : startElement(,,attribute)
2019-05-11 11:06:15.378 DEBUG 8956 --- [kground-preinit] o.apache.tomcat.util.digester.Digester   :   New match='mbeans-descriptors/mbean/attribute'
2019-05-11 11:06:15.378 DEBUG 8956 --- [kground-preinit] o.apache.tomcat.util.digester.Digester   :   Fire begin() for ObjectCreateRule[className=org.apache.tomcat.util.modeler.AttributeInfo, attributeName=null]
2019-05-11 11:06:15.379 DEBUG 8956 --- [kground-preinit] o.apache.tomcat.util.digester.Digester   : [ObjectCreateRule]{mbeans-descriptors/mbean/attribute}New org.apache.tomcat.util.modeler.AttributeInfo
2019-05-11 11:06:15.379 DEBUG 8956 --- [kground-preinit] o.apache.tomcat.util.digester.Digester   :   Fire begin() for SetPropertiesRule[]
2019-05-11 11:06:15.379 DEBUG 8956 --- [kground-preinit] o.apache.tomcat.util.digester.Digester   : [SetPropertiesRule]{mbeans-descriptors/mbean/attribute} Set org.apache.tomcat.util.modeler.AttributeInfo properties
2019-05-11 11:06:15.379 DEBUG 8956 --- [kground-preinit] o.apache.tomcat.util.digester.Digester   : [SetPropertiesRule]{mbeans-descriptors/mbean/attribute} Setting property 'name' to 'fullName'
2019-05-11 11:06:15.379 DEBUG 8956 --- [kground-preinit] o.apache.tomcat.util.IntrospectionUtils  : IntrospectionUtils: setProperty(class org.apache.tomcat.util.modeler.AttributeInfo name=fullName)
2019-05-11 11:06:15.380 DEBUG 8956 --- [kground-preinit] o.apache.tomcat.util.digester.Digester   : [SetPropertiesRule]{mbeans-descriptors/mbean/attribute} Setting property 'description' to 'Full name of this user'
2019-05-11 11:06:15.380 DEBUG 8956 --- [kground-preinit] o.apache.tomcat.util.IntrospectionUtils  : IntrospectionUtils: setProperty(class org.apache.tomcat.util.modeler.AttributeInfo description=Full name of this user)
2019-05-11 11:06:15.381 DEBUG 8956 --- [kground-preinit] o.apache.tomcat.util.digester.Digester   : [SetPropertiesRule]{mbeans-descriptors/mbean/attribute} Setting property 'type' to 'java.lang.String'
2019-05-11 11:06:15.386 DEBUG 8956 --- [kground-preinit] o.apache.tomcat.util.IntrospectionUtils  : IntrospectionUtils: setProperty(class org.apache.tomcat.util.modeler.AttributeInfo type=java.lang.String)
2019-05-11 11:06:15.386 DEBUG 8956 --- [kground-preinit] o.apache.tomcat.util.digester.Digester   :   Fire begin() for SetNextRule[methodName=addAttribute, paramType=org.apache.tomcat.util.modeler.AttributeInfo]
2019-05-11 11:06:15.386 DEBUG 8956 --- [kground-preinit] o.a.tomcat.util.digester.Digester.sax    : endElement(,,attribute)
2019-05-11 11:06:15.386 DEBUG 8956 --- [kground-preinit] o.apache.tomcat.util.digester.Digester   :   match='mbeans-descriptors/mbean/attribute'
2019-05-11 11:06:15.387 DEBUG 8956 --- [kground-preinit] o.apache.tomcat.util.digester.Digester   :   bodyText=''
2019-05-11 11:06:15.387 DEBUG 8956 --- [kground-preinit] o.apache.tomcat.util.digester.Digester   :   Fire body() for ObjectCreateRule[className=org.apache.tomcat.util.modeler.AttributeInfo, attributeName=null]
2019-05-11 11:06:15.387 DEBUG 8956 --- [kground-preinit] o.apache.tomcat.util.digester.Digester   :   Fire body() for SetPropertiesRule[]
2019-05-11 11:06:15.387 DEBUG 8956 --- [kground-preinit] o.apache.tomcat.util.digester.Digester   :   Fire body() for SetNextRule[methodName=addAttribute, paramType=org.apache.tomcat.util.modeler.AttributeInfo]
2019-05-11 11:06:15.388 DEBUG 8956 --- [kground-preinit] o.apache.tomcat.util.digester.Digester   :   Fire end() for SetNextRule[methodName=addAttribute, paramType=org.apache.tomcat.util.modeler.AttributeInfo]
2019-05-11 11:06:15.388 DEBUG 8956 --- [kground-preinit] o.apache.tomcat.util.digester.Digester   : [SetNextRule]{mbeans-descriptors/mbean/attribute} Call org.apache.tomcat.util.modeler.ManagedBean.addAttribute(org.apache.tomcat.util.modeler.AttributeInfo@6e5f30d9)
2019-05-11 11:06:15.388 DEBUG 8956 --- [kground-preinit] o.apache.tomcat.util.IntrospectionUtils  : IntrospectionUtils: callMethod1 org.apache.tomcat.util.modeler.ManagedBean org.apache.tomcat.util.modeler.AttributeInfo org.apache.tomcat.util.modeler.AttributeInfo
2019-05-11 11:06:15.388 DEBUG 8956 --- [kground-preinit] o.apache.tomcat.util.digester.Digester   :   Fire end() for SetPropertiesRule[]
2019-05-11 11:06:15.388 DEBUG 8956 --- [kground-preinit] o.apache.tomcat.util.digester.Digester   :   Fire end() for ObjectCreateRule[className=org.apache.tomcat.util.modeler.AttributeInfo, attributeName=null]
2019-05-11 11:06:15.399 DEBUG 8956 --- [kground-preinit] o.apache.tomcat.util.digester.Digester   : [ObjectCreateRule]{mbeans-descriptors/mbean/attribute} Pop org.apache.tomcat.util.modeler.AttributeInfo
2019-05-11 11:06:15.399 DEBUG 8956 --- [kground-preinit] o.a.tomcat.util.digester.Digester.sax    : characters(

    )
2019-05-11 11:06:15.399 DEBUG 8956 --- [kground-preinit] o.a.tomcat.util.digester.Digester.sax    : startElement(,,attribute)
2019-05-11 11:06:15.399 DEBUG 8956 --- [kground-preinit] o.apache.tomcat.util.digester.Digester   :   New match='mbeans-descriptors/mbean/attribute'
2019-05-11 11:06:15.401 DEBUG 8956 --- [kground-preinit] o.apache.tomcat.util.digester.Digester   :   Fire begin() for ObjectCreateRule[className=org.apache.tomcat.util.modeler.AttributeInfo, attributeName=null]
2019-05-11 11:06:15.402 DEBUG 8956 --- [kground-preinit] o.apache.tomcat.util.digester.Digester   : [ObjectCreateRule]{mbeans-descriptors/mbean/attribute}New org.apache.tomcat.util.modeler.AttributeInfo
2019-05-11 11:06:15.402 DEBUG 8956 --- [kground-preinit] o.apache.tomcat.util.digester.Digester   :   Fire begin() for SetPropertiesRule[]
2019-05-11 11:06:15.402 DEBUG 8956 --- [kground-preinit] o.apache.tomcat.util.digester.Digester   : [SetPropertiesRule]{mbeans-descriptors/mbean/attribute} Set org.apache.tomcat.util.modeler.AttributeInfo properties
2019-05-11 11:06:15.402 DEBUG 8956 --- [kground-preinit] o.apache.tomcat.util.digester.Digester   : [SetPropertiesRule]{mbeans-descriptors/mbean/attribute} Setting property 'name' to 'groups'
2019-05-11 11:06:15.402 DEBUG 8956 --- [kground-preinit] o.apache.tomcat.util.IntrospectionUtils  : IntrospectionUtils: setProperty(class org.apache.tomcat.util.modeler.AttributeInfo name=groups)
2019-05-11 11:06:15.403 DEBUG 8956 --- [kground-preinit] o.apache.tomcat.util.digester.Digester   : [SetPropertiesRule]{mbeans-descriptors/mbean/attribute} Setting property 'description' to 'MBean Names of groups this user is a member of'
2019-05-11 11:06:15.403 DEBUG 8956 --- [kground-preinit] o.apache.tomcat.util.IntrospectionUtils  : IntrospectionUtils: setProperty(class org.apache.tomcat.util.modeler.AttributeInfo description=MBean Names of groups this user is a member of)
2019-05-11 11:06:15.403 DEBUG 8956 --- [kground-preinit] o.apache.tomcat.util.digester.Digester   : [SetPropertiesRule]{mbeans-descriptors/mbean/attribute} Setting property 'type' to '[Ljava.lang.String;'
2019-05-11 11:06:15.403 DEBUG 8956 --- [kground-preinit] o.apache.tomcat.util.IntrospectionUtils  : IntrospectionUtils: setProperty(class org.apache.tomcat.util.modeler.AttributeInfo type=[Ljava.lang.String;)
2019-05-11 11:06:15.403 DEBUG 8956 --- [kground-preinit] o.apache.tomcat.util.digester.Digester   : [SetPropertiesRule]{mbeans-descriptors/mbean/attribute} Setting property 'writeable' to 'false'
2019-05-11 11:06:15.403 DEBUG 8956 --- [kground-preinit] o.apache.tomcat.util.IntrospectionUtils  : IntrospectionUtils: setProperty(class org.apache.tomcat.util.modeler.AttributeInfo writeable=false)
2019-05-11 11:06:15.403 DEBUG 8956 --- [kground-preinit] o.apache.tomcat.util.digester.Digester   :   Fire begin() for SetNextRule[methodName=addAttribute, paramType=org.apache.tomcat.util.modeler.AttributeInfo]
2019-05-11 11:06:15.403 DEBUG 8956 --- [kground-preinit] o.a.tomcat.util.digester.Digester.sax    : endElement(,,attribute)
2019-05-11 11:06:15.403 DEBUG 8956 --- [kground-preinit] o.apache.tomcat.util.digester.Digester   :   match='mbeans-descriptors/mbean/attribute'
2019-05-11 11:06:15.403 DEBUG 8956 --- [kground-preinit] o.apache.tomcat.util.digester.Digester   :   bodyText=''
2019-05-11 11:06:15.404 DEBUG 8956 --- [kground-preinit] o.apache.tomcat.util.digester.Digester   :   Fire body() for ObjectCreateRule[className=org.apache.tomcat.util.modeler.AttributeInfo, attributeName=null]
2019-05-11 11:06:15.404 DEBUG 8956 --- [kground-preinit] o.apache.tomcat.util.digester.Digester   :   Fire body() for SetPropertiesRule[]
2019-05-11 11:06:15.404 DEBUG 8956 --- [kground-preinit] o.apache.tomcat.util.digester.Digester   :   Fire body() for SetNextRule[methodName=addAttribute, paramType=org.apache.tomcat.util.modeler.AttributeInfo]
2019-05-11 11:06:15.404 DEBUG 8956 --- [kground-preinit] o.apache.tomcat.util.digester.Digester   :   Fire end() for SetNextRule[methodName=addAttribute, paramType=org.apache.tomcat.util.modeler.AttributeInfo]
2019-05-11 11:06:15.404 DEBUG 8956 --- [kground-preinit] o.apache.tomcat.util.digester.Digester   : [SetNextRule]{mbeans-descriptors/mbean/attribute} Call org.apache.tomcat.util.modeler.ManagedBean.addAttribute(org.apache.tomcat.util.modeler.AttributeInfo@750eded2)
2019-05-11 11:06:15.405 DEBUG 8956 --- [kground-preinit] o.apache.tomcat.util.IntrospectionUtils  : IntrospectionUtils: callMethod1 org.apache.tomcat.util.modeler.ManagedBean org.apache.tomcat.util.modeler.AttributeInfo org.apache.tomcat.util.modeler.AttributeInfo
2019-05-11 11:06:15.405 DEBUG 8956 --- [kground-preinit] o.apache.tomcat.util.digester.Digester   :   Fire end() for SetPropertiesRule[]
2019-05-11 11:06:15.405 DEBUG 8956 --- [kground-preinit] o.apache.tomcat.util.digester.Digester   :   Fire end() for ObjectCreateRule[className=org.apache.tomcat.util.modeler.AttributeInfo, attributeName=null]
2019-05-11 11:06:15.405 DEBUG 8956 --- [kground-preinit] o.apache.tomcat.util.digester.Digester   : [ObjectCreateRule]{mbeans-descriptors/mbean/attribute} Pop org.apache.tomcat.util.modeler.AttributeInfo
2019-05-11 11:06:15.405 DEBUG 8956 --- [kground-preinit] o.a.tomcat.util.digester.Digester.sax    : characters(

    )
2019-05-11 11:06:15.406 DEBUG 8956 --- [kground-preinit] o.a.tomcat.util.digester.Digester.sax    : startElement(,,attribute)
2019-05-11 11:06:15.406 DEBUG 8956 --- [kground-preinit] o.apache.tomcat.util.digester.Digester   :   New match='mbeans-descriptors/mbean/attribute'
2019-05-11 11:06:15.406 DEBUG 8956 --- [kground-preinit] o.apache.tomcat.util.digester.Digester   :   Fire begin() for ObjectCreateRule[className=org.apache.tomcat.util.modeler.AttributeInfo, attributeName=null]
2019-05-11 11:06:15.407 DEBUG 8956 --- [kground-preinit] o.apache.tomcat.util.digester.Digester   : [ObjectCreateRule]{mbeans-descriptors/mbean/attribute}New org.apache.tomcat.util.modeler.AttributeInfo
2019-05-11 11:06:15.407 DEBUG 8956 --- [kground-preinit] o.apache.tomcat.util.digester.Digester   :   Fire begin() for SetPropertiesRule[]
2019-05-11 11:06:15.407 DEBUG 8956 --- [kground-preinit] o.apache.tomcat.util.digester.Digester   : [SetPropertiesRule]{mbeans-descriptors/mbean/attribute} Set org.apache.tomcat.util.modeler.AttributeInfo properties
2019-05-11 11:06:15.409 DEBUG 8956 --- [kground-preinit] o.apache.tomcat.util.digester.Digester   : [SetPropertiesRule]{mbeans-descriptors/mbean/attribute} Setting property 'name' to 'password'
2019-05-11 11:06:15.409 DEBUG 8956 --- [kground-preinit] o.apache.tomcat.util.IntrospectionUtils  : IntrospectionUtils: setProperty(class org.apache.tomcat.util.modeler.AttributeInfo name=password)
2019-05-11 11:06:15.410 DEBUG 8956 --- [kground-preinit] o.apache.tomcat.util.digester.Digester   : [SetPropertiesRule]{mbeans-descriptors/mbean/attribute} Setting property 'description' to 'Password of this user'
2019-05-11 11:06:15.410 DEBUG 8956 --- [kground-preinit] o.apache.tomcat.util.IntrospectionUtils  : IntrospectionUtils: setProperty(class org.apache.tomcat.util.modeler.AttributeInfo description=Password of this user)
2019-05-11 11:06:15.410 DEBUG 8956 --- [kground-preinit] o.apache.tomcat.util.digester.Digester   : [SetPropertiesRule]{mbeans-descriptors/mbean/attribute} Setting property 'type' to 'java.lang.String'
2019-05-11 11:06:15.410 DEBUG 8956 --- [kground-preinit] o.apache.tomcat.util.IntrospectionUtils  : IntrospectionUtils: setProperty(class org.apache.tomcat.util.modeler.AttributeInfo type=java.lang.String)
2019-05-11 11:06:15.410 DEBUG 8956 --- [kground-preinit] o.apache.tomcat.util.digester.Digester   :   Fire begin() for SetNextRule[methodName=addAttribute, paramType=org.apache.tomcat.util.modeler.AttributeInfo]
2019-05-11 11:06:15.411 DEBUG 8956 --- [kground-preinit] o.a.tomcat.util.digester.Digester.sax    : endElement(,,attribute)
2019-05-11 11:06:15.411 DEBUG 8956 --- [kground-preinit] o.apache.tomcat.util.digester.Digester   :   match='mbeans-descriptors/mbean/attribute'
2019-05-11 11:06:15.411 DEBUG 8956 --- [kground-preinit] o.apache.tomcat.util.digester.Digester   :   bodyText=''
2019-05-11 11:06:15.411 DEBUG 8956 --- [kground-preinit] o.apache.tomcat.util.digester.Digester   :   Fire body() for ObjectCreateRule[className=org.apache.tomcat.util.modeler.AttributeInfo, attributeName=null]
2019-05-11 11:06:15.411 DEBUG 8956 --- [kground-preinit] o.apache.tomcat.util.digester.Digester   :   Fire body() for SetPropertiesRule[]
2019-05-11 11:06:15.411 DEBUG 8956 --- [kground-preinit] o.apache.tomcat.util.digester.Digester   :   Fire body() for SetNextRule[methodName=addAttribute, paramType=org.apache.tomcat.util.modeler.AttributeInfo]
2019-05-11 11:06:15.411 DEBUG 8956 --- [kground-preinit] o.apache.tomcat.util.digester.Digester   :   Fire end() for SetNextRule[methodName=addAttribute, paramType=org.apache.tomcat.util.modeler.AttributeInfo]
2019-05-11 11:06:15.411 DEBUG 8956 --- [kground-preinit] o.apache.tomcat.util.digester.Digester   : [SetNextRule]{mbeans-descriptors/mbean/attribute} Call org.apache.tomcat.util.modeler.ManagedBean.addAttribute(org.apache.tomcat.util.modeler.AttributeInfo@5c500ede)
2019-05-11 11:06:15.411 DEBUG 8956 --- [kground-preinit] o.apache.tomcat.util.IntrospectionUtils  : IntrospectionUtils: callMethod1 org.apache.tomcat.util.modeler.ManagedBean org.apache.tomcat.util.modeler.AttributeInfo org.apache.tomcat.util.modeler.AttributeInfo
2019-05-11 11:06:15.411 DEBUG 8956 --- [kground-preinit] o.apache.tomcat.util.digester.Digester   :   Fire end() for SetPropertiesRule[]
2019-05-11 11:06:15.411 DEBUG 8956 --- [kground-preinit] o.apache.tomcat.util.digester.Digester   :   Fire end() for ObjectCreateRule[className=org.apache.tomcat.util.modeler.AttributeInfo, attributeName=null]
2019-05-11 11:06:15.412 DEBUG 8956 --- [kground-preinit] o.apache.tomcat.util.digester.Digester   : [ObjectCreateRule]{mbeans-descriptors/mbean/attribute} Pop org.apache.tomcat.util.modeler.AttributeInfo
2019-05-11 11:06:15.412 DEBUG 8956 --- [kground-preinit] o.a.tomcat.util.digester.Digester.sax    : characters(

    )
2019-05-11 11:06:15.412 DEBUG 8956 --- [kground-preinit] o.a.tomcat.util.digester.Digester.sax    : startElement(,,attribute)
2019-05-11 11:06:15.412 DEBUG 8956 --- [kground-preinit] o.apache.tomcat.util.digester.Digester   :   New match='mbeans-descriptors/mbean/attribute'
2019-05-11 11:06:15.412 DEBUG 8956 --- [kground-preinit] o.apache.tomcat.util.digester.Digester   :   Fire begin() for ObjectCreateRule[className=org.apache.tomcat.util.modeler.AttributeInfo, attributeName=null]
2019-05-11 11:06:15.412 DEBUG 8956 --- [kground-preinit] o.apache.tomcat.util.digester.Digester   : [ObjectCreateRule]{mbeans-descriptors/mbean/attribute}New org.apache.tomcat.util.modeler.AttributeInfo
2019-05-11 11:06:15.412 DEBUG 8956 --- [kground-preinit] o.apache.tomcat.util.digester.Digester   :   Fire begin() for SetPropertiesRule[]
2019-05-11 11:06:15.412 DEBUG 8956 --- [kground-preinit] o.apache.tomcat.util.digester.Digester   : [SetPropertiesRule]{mbeans-descriptors/mbean/attribute} Set org.apache.tomcat.util.modeler.AttributeInfo properties
2019-05-11 11:06:15.412 DEBUG 8956 --- [kground-preinit] o.apache.tomcat.util.digester.Digester   : [SetPropertiesRule]{mbeans-descriptors/mbean/attribute} Setting property 'name' to 'roles'
2019-05-11 11:06:15.412 DEBUG 8956 --- [kground-preinit] o.apache.tomcat.util.IntrospectionUtils  : IntrospectionUtils: setProperty(class org.apache.tomcat.util.modeler.AttributeInfo name=roles)
2019-05-11 11:06:15.412 DEBUG 8956 --- [kground-preinit] o.apache.tomcat.util.digester.Digester   : [SetPropertiesRule]{mbeans-descriptors/mbean/attribute} Setting property 'description' to 'MBean Names of roles for this user'
2019-05-11 11:06:15.413 DEBUG 8956 --- [kground-preinit] o.apache.tomcat.util.IntrospectionUtils  : IntrospectionUtils: setProperty(class org.apache.tomcat.util.modeler.AttributeInfo description=MBean Names of roles for this user)
2019-05-11 11:06:15.413 DEBUG 8956 --- [kground-preinit] o.apache.tomcat.util.digester.Digester   : [SetPropertiesRule]{mbeans-descriptors/mbean/attribute} Setting property 'type' to '[Ljava.lang.String;'
2019-05-11 11:06:15.413 DEBUG 8956 --- [kground-preinit] o.apache.tomcat.util.IntrospectionUtils  : IntrospectionUtils: setProperty(class org.apache.tomcat.util.modeler.AttributeInfo type=[Ljava.lang.String;)
2019-05-11 11:06:15.413 DEBUG 8956 --- [kground-preinit] o.apache.tomcat.util.digester.Digester   : [SetPropertiesRule]{mbeans-descriptors/mbean/attribute} Setting property 'writeable' to 'false'
2019-05-11 11:06:15.413 DEBUG 8956 --- [kground-preinit] o.apache.tomcat.util.IntrospectionUtils  : IntrospectionUtils: setProperty(class org.apache.tomcat.util.modeler.AttributeInfo writeable=false)
2019-05-11 11:06:15.413 DEBUG 8956 --- [kground-preinit] o.apache.tomcat.util.digester.Digester   :   Fire begin() for SetNextRule[methodName=addAttribute, paramType=org.apache.tomcat.util.modeler.AttributeInfo]
2019-05-11 11:06:15.413 DEBUG 8956 --- [kground-preinit] o.a.tomcat.util.digester.Digester.sax    : endElement(,,attribute)
2019-05-11 11:06:15.413 DEBUG 8956 --- [kground-preinit] o.apache.tomcat.util.digester.Digester   :   match='mbeans-descriptors/mbean/attribute'
2019-05-11 11:06:15.413 DEBUG 8956 --- [kground-preinit] o.apache.tomcat.util.digester.Digester   :   bodyText=''
2019-05-11 11:06:15.413 DEBUG 8956 --- [kground-preinit] o.apache.tomcat.util.digester.Digester   :   Fire body() for ObjectCreateRule[className=org.apache.tomcat.util.modeler.AttributeInfo, attributeName=null]
2019-05-11 11:06:15.413 DEBUG 8956 --- [kground-preinit] o.apache.tomcat.util.digester.Digester   :   Fire body() for SetPropertiesRule[]
2019-05-11 11:06:15.413 DEBUG 8956 --- [kground-preinit] o.apache.tomcat.util.digester.Digester   :   Fire body() for SetNextRule[methodName=addAttribute, paramType=org.apache.tomcat.util.modeler.AttributeInfo]
2019-05-11 11:06:15.413 DEBUG 8956 --- [kground-preinit] o.apache.tomcat.util.digester.Digester   :   Fire end() for SetNextRule[methodName=addAttribute, paramType=org.apache.tomcat.util.modeler.AttributeInfo]
2019-05-11 11:06:15.414 DEBUG 8956 --- [kground-preinit] o.apache.tomcat.util.digester.Digester   : [SetNextRule]{mbeans-descriptors/mbean/attribute} Call org.apache.tomcat.util.modeler.ManagedBean.addAttribute(org.apache.tomcat.util.modeler.AttributeInfo@1bd8938b)
2019-05-11 11:06:15.414 DEBUG 8956 --- [kground-preinit] o.apache.tomcat.util.IntrospectionUtils  : IntrospectionUtils: callMethod1 org.apache.tomcat.util.modeler.ManagedBean org.apache.tomcat.util.modeler.AttributeInfo org.apache.tomcat.util.modeler.AttributeInfo
2019-05-11 11:06:15.414 DEBUG 8956 --- [kground-preinit] o.apache.tomcat.util.digester.Digester   :   Fire end() for SetPropertiesRule[]
2019-05-11 11:06:15.414 DEBUG 8956 --- [kground-preinit] o.apache.tomcat.util.digester.Digester   :   Fire end() for ObjectCreateRule[className=org.apache.tomcat.util.modeler.AttributeInfo, attributeName=null]
2019-05-11 11:06:15.414 DEBUG 8956 --- [kground-preinit] o.apache.tomcat.util.digester.Digester   : [ObjectCreateRule]{mbeans-descriptors/mbean/attribute} Pop org.apache.tomcat.util.modeler.AttributeInfo
2019-05-11 11:06:15.414 DEBUG 8956 --- [kground-preinit] o.a.tomcat.util.digester.Digester.sax    : characters(

    )
2019-05-11 11:06:15.414 DEBUG 8956 --- [kground-preinit] o.a.tomcat.util.digester.Digester.sax    : startElement(,,attribute)
2019-05-11 11:06:15.414 DEBUG 8956 --- [kground-preinit] o.apache.tomcat.util.digester.Digester   :   New match='mbeans-descriptors/mbean/attribute'
2019-05-11 11:06:15.414 DEBUG 8956 --- [kground-preinit] o.apache.tomcat.util.digester.Digester   :   Fire begin() for ObjectCreateRule[className=org.apache.tomcat.util.modeler.AttributeInfo, attributeName=null]
2019-05-11 11:06:15.414 DEBUG 8956 --- [           main] o.s.b.f.s.DefaultListableBeanFactory     : Eagerly caching bean 'org.springframework.boot.test.mock.mockito.MockitoPostProcessor' to allow for resolving potential circular references
2019-05-11 11:06:15.414 DEBUG 8956 --- [kground-preinit] o.apache.tomcat.util.digester.Digester   : [ObjectCreateRule]{mbeans-descriptors/mbean/attribute}New org.apache.tomcat.util.modeler.AttributeInfo
2019-05-11 11:06:15.414 DEBUG 8956 --- [kground-preinit] o.apache.tomcat.util.digester.Digester   :   Fire begin() for SetPropertiesRule[]
2019-05-11 11:06:15.414 DEBUG 8956 --- [kground-preinit] o.apache.tomcat.util.digester.Digester   : [SetPropertiesRule]{mbeans-descriptors/mbean/attribute} Set org.apache.tomcat.util.modeler.AttributeInfo properties
2019-05-11 11:06:15.414 DEBUG 8956 --- [kground-preinit] o.apache.tomcat.util.digester.Digester   : [SetPropertiesRule]{mbeans-descriptors/mbean/attribute} Setting property 'name' to 'username'
2019-05-11 11:06:15.414 DEBUG 8956 --- [kground-preinit] o.apache.tomcat.util.IntrospectionUtils  : IntrospectionUtils: setProperty(class org.apache.tomcat.util.modeler.AttributeInfo name=username)
2019-05-11 11:06:15.416 DEBUG 8956 --- [kground-preinit] o.apache.tomcat.util.digester.Digester   : [SetPropertiesRule]{mbeans-descriptors/mbean/attribute} Setting property 'description' to 'User name of this user'
2019-05-11 11:06:15.417 DEBUG 8956 --- [kground-preinit] o.apache.tomcat.util.IntrospectionUtils  : IntrospectionUtils: setProperty(class org.apache.tomcat.util.modeler.AttributeInfo description=User name of this user)
2019-05-11 11:06:15.417 DEBUG 8956 --- [kground-preinit] o.apache.tomcat.util.digester.Digester   : [SetPropertiesRule]{mbeans-descriptors/mbean/attribute} Setting property 'type' to 'java.lang.String'
2019-05-11 11:06:15.417 DEBUG 8956 --- [kground-preinit] o.apache.tomcat.util.IntrospectionUtils  : IntrospectionUtils: setProperty(class org.apache.tomcat.util.modeler.AttributeInfo type=java.lang.String)
2019-05-11 11:06:15.417 DEBUG 8956 --- [kground-preinit] o.apache.tomcat.util.digester.Digester   :   Fire begin() for SetNextRule[methodName=addAttribute, paramType=org.apache.tomcat.util.modeler.AttributeInfo]
2019-05-11 11:06:15.417 DEBUG 8956 --- [kground-preinit] o.a.tomcat.util.digester.Digester.sax    : endElement(,,attribute)
2019-05-11 11:06:15.418 DEBUG 8956 --- [kground-preinit] o.apache.tomcat.util.digester.Digester   :   match='mbeans-descriptors/mbean/attribute'
2019-05-11 11:06:15.418 DEBUG 8956 --- [kground-preinit] o.apache.tomcat.util.digester.Digester   :   bodyText=''
2019-05-11 11:06:15.418 DEBUG 8956 --- [kground-preinit] o.apache.tomcat.util.digester.Digester   :   Fire body() for ObjectCreateRule[className=org.apache.tomcat.util.modeler.AttributeInfo, attributeName=null]
2019-05-11 11:06:15.418 DEBUG 8956 --- [kground-preinit] o.apache.tomcat.util.digester.Digester   :   Fire body() for SetPropertiesRule[]
2019-05-11 11:06:15.418 DEBUG 8956 --- [kground-preinit] o.apache.tomcat.util.digester.Digester   :   Fire body() for SetNextRule[methodName=addAttribute, paramType=org.apache.tomcat.util.modeler.AttributeInfo]
2019-05-11 11:06:15.418 DEBUG 8956 --- [kground-preinit] o.apache.tomcat.util.digester.Digester   :   Fire end() for SetNextRule[methodName=addAttribute, paramType=org.apache.tomcat.util.modeler.AttributeInfo]
2019-05-11 11:06:15.419 DEBUG 8956 --- [kground-preinit] o.apache.tomcat.util.digester.Digester   : [SetNextRule]{mbeans-descriptors/mbean/attribute} Call org.apache.tomcat.util.modeler.ManagedBean.addAttribute(org.apache.tomcat.util.modeler.AttributeInfo@c96a1d1)
2019-05-11 11:06:15.419 DEBUG 8956 --- [kground-preinit] o.apache.tomcat.util.IntrospectionUtils  : IntrospectionUtils: callMethod1 org.apache.tomcat.util.modeler.ManagedBean org.apache.tomcat.util.modeler.AttributeInfo org.apache.tomcat.util.modeler.AttributeInfo
2019-05-11 11:06:15.419 DEBUG 8956 --- [kground-preinit] o.apache.tomcat.util.digester.Digester   :   Fire end() for SetPropertiesRule[]
2019-05-11 11:06:15.419 DEBUG 8956 --- [kground-preinit] o.apache.tomcat.util.digester.Digester   :   Fire end() for ObjectCreateRule[className=org.apache.tomcat.util.modeler.AttributeInfo, attributeName=null]
2019-05-11 11:06:15.419 DEBUG 8956 --- [kground-preinit] o.apache.tomcat.util.digester.Digester   : [ObjectCreateRule]{mbeans-descriptors/mbean/attribute} Pop org.apache.tomcat.util.modeler.AttributeInfo
2019-05-11 11:06:15.419 DEBUG 8956 --- [kground-preinit] o.a.tomcat.util.digester.Digester.sax    : characters(

    )
2019-05-11 11:06:15.419 DEBUG 8956 --- [kground-preinit] o.a.tomcat.util.digester.Digester.sax    : startElement(,,operation)
2019-05-11 11:06:15.419 DEBUG 8956 --- [kground-preinit] o.apache.tomcat.util.digester.Digester   :   New match='mbeans-descriptors/mbean/operation'
2019-05-11 11:06:15.420 DEBUG 8956 --- [kground-preinit] o.apache.tomcat.util.digester.Digester   :   Fire begin() for ObjectCreateRule[className=org.apache.tomcat.util.modeler.OperationInfo, attributeName=null]
2019-05-11 11:06:15.420 DEBUG 8956 --- [kground-preinit] o.apache.tomcat.util.digester.Digester   : [ObjectCreateRule]{mbeans-descriptors/mbean/operation}New org.apache.tomcat.util.modeler.OperationInfo
2019-05-11 11:06:15.420 DEBUG 8956 --- [kground-preinit] o.apache.tomcat.util.digester.Digester   :   Fire begin() for SetPropertiesRule[]
2019-05-11 11:06:15.420 DEBUG 8956 --- [kground-preinit] o.apache.tomcat.util.digester.Digester   : [SetPropertiesRule]{mbeans-descriptors/mbean/operation} Set org.apache.tomcat.util.modeler.OperationInfo properties
2019-05-11 11:06:15.420 DEBUG 8956 --- [kground-preinit] o.apache.tomcat.util.digester.Digester   : [SetPropertiesRule]{mbeans-descriptors/mbean/operation} Setting property 'name' to 'addGroup'
2019-05-11 11:06:15.420 DEBUG 8956 --- [kground-preinit] o.apache.tomcat.util.IntrospectionUtils  : IntrospectionUtils: setProperty(class org.apache.tomcat.util.modeler.OperationInfo name=addGroup)
2019-05-11 11:06:15.420 DEBUG 8956 --- [kground-preinit] o.apache.tomcat.util.digester.Digester   : [SetPropertiesRule]{mbeans-descriptors/mbean/operation} Setting property 'description' to 'Add a new group membership for this user'
2019-05-11 11:06:15.420 DEBUG 8956 --- [kground-preinit] o.apache.tomcat.util.IntrospectionUtils  : IntrospectionUtils: setProperty(class org.apache.tomcat.util.modeler.OperationInfo description=Add a new group membership for this user)
2019-05-11 11:06:15.420 DEBUG 8956 --- [kground-preinit] o.apache.tomcat.util.digester.Digester   : [SetPropertiesRule]{mbeans-descriptors/mbean/operation} Setting property 'impact' to 'ACTION'
2019-05-11 11:06:15.420 DEBUG 8956 --- [kground-preinit] o.apache.tomcat.util.IntrospectionUtils  : IntrospectionUtils: setProperty(class org.apache.tomcat.util.modeler.OperationInfo impact=ACTION)
2019-05-11 11:06:15.420 DEBUG 8956 --- [kground-preinit] o.apache.tomcat.util.digester.Digester   : [SetPropertiesRule]{mbeans-descriptors/mbean/operation} Setting property 'returnType' to 'void'
2019-05-11 11:06:15.421 DEBUG 8956 --- [kground-preinit] o.apache.tomcat.util.IntrospectionUtils  : IntrospectionUtils: setProperty(class org.apache.tomcat.util.modeler.OperationInfo returnType=void)
2019-05-11 11:06:15.421 DEBUG 8956 --- [kground-preinit] o.apache.tomcat.util.digester.Digester   :   Fire begin() for SetNextRule[methodName=addOperation, paramType=org.apache.tomcat.util.modeler.OperationInfo]
2019-05-11 11:06:15.421 DEBUG 8956 --- [kground-preinit] o.a.tomcat.util.digester.Digester.sax    : characters(
      )
2019-05-11 11:06:15.421 DEBUG 8956 --- [kground-preinit] o.a.tomcat.util.digester.Digester.sax    : startElement(,,parameter)
2019-05-11 11:06:15.421 DEBUG 8956 --- [kground-preinit] o.apache.tomcat.util.digester.Digester   :   New match='mbeans-descriptors/mbean/operation/parameter'
2019-05-11 11:06:15.421 DEBUG 8956 --- [kground-preinit] o.apache.tomcat.util.digester.Digester   :   Fire begin() for ObjectCreateRule[className=org.apache.tomcat.util.modeler.ParameterInfo, attributeName=null]
2019-05-11 11:06:15.421 DEBUG 8956 --- [kground-preinit] o.apache.tomcat.util.digester.Digester   : [ObjectCreateRule]{mbeans-descriptors/mbean/operation/parameter}New org.apache.tomcat.util.modeler.ParameterInfo
2019-05-11 11:06:15.421 DEBUG 8956 --- [kground-preinit] o.apache.tomcat.util.digester.Digester   :   Fire begin() for SetPropertiesRule[]
2019-05-11 11:06:15.421 DEBUG 8956 --- [kground-preinit] o.apache.tomcat.util.digester.Digester   : [SetPropertiesRule]{mbeans-descriptors/mbean/operation/parameter} Set org.apache.tomcat.util.modeler.ParameterInfo properties
2019-05-11 11:06:15.421 DEBUG 8956 --- [kground-preinit] o.apache.tomcat.util.digester.Digester   : [SetPropertiesRule]{mbeans-descriptors/mbean/operation/parameter} Setting property 'name' to 'groupname'
2019-05-11 11:06:15.421 DEBUG 8956 --- [kground-preinit] o.apache.tomcat.util.IntrospectionUtils  : IntrospectionUtils: setProperty(class org.apache.tomcat.util.modeler.ParameterInfo name=groupname)
2019-05-11 11:06:15.422 DEBUG 8956 --- [kground-preinit] o.apache.tomcat.util.digester.Digester   : [SetPropertiesRule]{mbeans-descriptors/mbean/operation/parameter} Setting property 'description' to 'Group name of the new group'
2019-05-11 11:06:15.422 DEBUG 8956 --- [kground-preinit] o.apache.tomcat.util.IntrospectionUtils  : IntrospectionUtils: setProperty(class org.apache.tomcat.util.modeler.ParameterInfo description=Group name of the new group)
2019-05-11 11:06:15.422 DEBUG 8956 --- [kground-preinit] o.apache.tomcat.util.digester.Digester   : [SetPropertiesRule]{mbeans-descriptors/mbean/operation/parameter} Setting property 'type' to 'java.lang.String'
2019-05-11 11:06:15.422 DEBUG 8956 --- [kground-preinit] o.apache.tomcat.util.IntrospectionUtils  : IntrospectionUtils: setProperty(class org.apache.tomcat.util.modeler.ParameterInfo type=java.lang.String)
2019-05-11 11:06:15.422 DEBUG 8956 --- [kground-preinit] o.apache.tomcat.util.digester.Digester   :   Fire begin() for SetNextRule[methodName=addParameter, paramType=org.apache.tomcat.util.modeler.ParameterInfo]
2019-05-11 11:06:15.422 DEBUG 8956 --- [kground-preinit] o.a.tomcat.util.digester.Digester.sax    : endElement(,,parameter)
2019-05-11 11:06:15.422 DEBUG 8956 --- [kground-preinit] o.apache.tomcat.util.digester.Digester   :   match='mbeans-descriptors/mbean/operation/parameter'
2019-05-11 11:06:15.422 DEBUG 8956 --- [kground-preinit] o.apache.tomcat.util.digester.Digester   :   bodyText=''
2019-05-11 11:06:15.422 DEBUG 8956 --- [kground-preinit] o.apache.tomcat.util.digester.Digester   :   Fire body() for ObjectCreateRule[className=org.apache.tomcat.util.modeler.ParameterInfo, attributeName=null]
2019-05-11 11:06:15.423 DEBUG 8956 --- [kground-preinit] o.apache.tomcat.util.digester.Digester   :   Fire body() for SetPropertiesRule[]
2019-05-11 11:06:15.423 DEBUG 8956 --- [kground-preinit] o.apache.tomcat.util.digester.Digester   :   Fire body() for SetNextRule[methodName=addParameter, paramType=org.apache.tomcat.util.modeler.ParameterInfo]
2019-05-11 11:06:15.423 DEBUG 8956 --- [kground-preinit] o.apache.tomcat.util.digester.Digester   :   Fire end() for SetNextRule[methodName=addParameter, paramType=org.apache.tomcat.util.modeler.ParameterInfo]
2019-05-11 11:06:15.423 DEBUG 8956 --- [kground-preinit] o.apache.tomcat.util.digester.Digester   : [SetNextRule]{mbeans-descriptors/mbean/operation/parameter} Call org.apache.tomcat.util.modeler.OperationInfo.addParameter(org.apache.tomcat.util.modeler.ParameterInfo@fed16df)
2019-05-11 11:06:15.423 DEBUG 8956 --- [kground-preinit] o.apache.tomcat.util.IntrospectionUtils  : IntrospectionUtils: callMethod1 org.apache.tomcat.util.modeler.OperationInfo org.apache.tomcat.util.modeler.ParameterInfo org.apache.tomcat.util.modeler.ParameterInfo
2019-05-11 11:06:15.423 DEBUG 8956 --- [kground-preinit] o.apache.tomcat.util.digester.Digester   :   Fire end() for SetPropertiesRule[]
2019-05-11 11:06:15.423 DEBUG 8956 --- [kground-preinit] o.apache.tomcat.util.digester.Digester   :   Fire end() for ObjectCreateRule[className=org.apache.tomcat.util.modeler.ParameterInfo, attributeName=null]
2019-05-11 11:06:15.423 DEBUG 8956 --- [kground-preinit] o.apache.tomcat.util.digester.Digester   : [ObjectCreateRule]{mbeans-descriptors/mbean/operation/parameter} Pop org.apache.tomcat.util.modeler.ParameterInfo
2019-05-11 11:06:15.423 DEBUG 8956 --- [kground-preinit] o.a.tomcat.util.digester.Digester.sax    : characters(
    )
2019-05-11 11:06:15.423 DEBUG 8956 --- [kground-preinit] o.a.tomcat.util.digester.Digester.sax    : endElement(,,operation)
2019-05-11 11:06:15.423 DEBUG 8956 --- [kground-preinit] o.apache.tomcat.util.digester.Digester   :   match='mbeans-descriptors/mbean/operation'
2019-05-11 11:06:15.423 DEBUG 8956 --- [kground-preinit] o.apache.tomcat.util.digester.Digester   :   bodyText='
      
    '
2019-05-11 11:06:15.423 DEBUG 8956 --- [kground-preinit] o.apache.tomcat.util.digester.Digester   :   Fire body() for ObjectCreateRule[className=org.apache.tomcat.util.modeler.OperationInfo, attributeName=null]
2019-05-11 11:06:15.424 DEBUG 8956 --- [kground-preinit] o.apache.tomcat.util.digester.Digester   :   Fire body() for SetPropertiesRule[]
2019-05-11 11:06:15.424 DEBUG 8956 --- [kground-preinit] o.apache.tomcat.util.digester.Digester   :   Fire body() for SetNextRule[methodName=addOperation, paramType=org.apache.tomcat.util.modeler.OperationInfo]
2019-05-11 11:06:15.424 DEBUG 8956 --- [kground-preinit] o.apache.tomcat.util.digester.Digester   :   Fire end() for SetNextRule[methodName=addOperation, paramType=org.apache.tomcat.util.modeler.OperationInfo]
2019-05-11 11:06:15.424 DEBUG 8956 --- [kground-preinit] o.apache.tomcat.util.digester.Digester   : [SetNextRule]{mbeans-descriptors/mbean/operation} Call org.apache.tomcat.util.modeler.ManagedBean.addOperation(org.apache.tomcat.util.modeler.OperationInfo@5397df02)
2019-05-11 11:06:15.424 DEBUG 8956 --- [kground-preinit] o.apache.tomcat.util.IntrospectionUtils  : IntrospectionUtils: callMethod1 org.apache.tomcat.util.modeler.ManagedBean org.apache.tomcat.util.modeler.OperationInfo org.apache.tomcat.util.modeler.OperationInfo
2019-05-11 11:06:15.425 DEBUG 8956 --- [kground-preinit] o.apache.tomcat.util.digester.Digester   :   Fire end() for SetPropertiesRule[]
2019-05-11 11:06:15.425 DEBUG 8956 --- [kground-preinit] o.apache.tomcat.util.digester.Digester   :   Fire end() for ObjectCreateRule[className=org.apache.tomcat.util.modeler.OperationInfo, attributeName=null]
2019-05-11 11:06:15.426 DEBUG 8956 --- [kground-preinit] o.apache.tomcat.util.digester.Digester   : [ObjectCreateRule]{mbeans-descriptors/mbean/operation} Pop org.apache.tomcat.util.modeler.OperationInfo
2019-05-11 11:06:15.426 DEBUG 8956 --- [kground-preinit] o.a.tomcat.util.digester.Digester.sax    : characters(

    )
2019-05-11 11:06:15.426 DEBUG 8956 --- [kground-preinit] o.a.tomcat.util.digester.Digester.sax    : startElement(,,operation)
2019-05-11 11:06:15.426 DEBUG 8956 --- [kground-preinit] o.apache.tomcat.util.digester.Digester   :   New match='mbeans-descriptors/mbean/operation'
2019-05-11 11:06:15.426 DEBUG 8956 --- [kground-preinit] o.apache.tomcat.util.digester.Digester   :   Fire begin() for ObjectCreateRule[className=org.apache.tomcat.util.modeler.OperationInfo, attributeName=null]
2019-05-11 11:06:15.426 DEBUG 8956 --- [kground-preinit] o.apache.tomcat.util.digester.Digester   : [ObjectCreateRule]{mbeans-descriptors/mbean/operation}New org.apache.tomcat.util.modeler.OperationInfo
2019-05-11 11:06:15.426 DEBUG 8956 --- [kground-preinit] o.apache.tomcat.util.digester.Digester   :   Fire begin() for SetPropertiesRule[]
2019-05-11 11:06:15.426 DEBUG 8956 --- [kground-preinit] o.apache.tomcat.util.digester.Digester   : [SetPropertiesRule]{mbeans-descriptors/mbean/operation} Set org.apache.tomcat.util.modeler.OperationInfo properties
2019-05-11 11:06:15.426 DEBUG 8956 --- [kground-preinit] o.apache.tomcat.util.digester.Digester   : [SetPropertiesRule]{mbeans-descriptors/mbean/operation} Setting property 'name' to 'addRole'
2019-05-11 11:06:15.426 DEBUG 8956 --- [kground-preinit] o.apache.tomcat.util.IntrospectionUtils  : IntrospectionUtils: setProperty(class org.apache.tomcat.util.modeler.OperationInfo name=addRole)
2019-05-11 11:06:15.426 DEBUG 8956 --- [kground-preinit] o.apache.tomcat.util.digester.Digester   : [SetPropertiesRule]{mbeans-descriptors/mbean/operation} Setting property 'description' to 'Add a new authorized role for this user'
2019-05-11 11:06:15.427 DEBUG 8956 --- [kground-preinit] o.apache.tomcat.util.IntrospectionUtils  : IntrospectionUtils: setProperty(class org.apache.tomcat.util.modeler.OperationInfo description=Add a new authorized role for this user)
2019-05-11 11:06:15.427 DEBUG 8956 --- [kground-preinit] o.apache.tomcat.util.digester.Digester   : [SetPropertiesRule]{mbeans-descriptors/mbean/operation} Setting property 'impact' to 'ACTION'
2019-05-11 11:06:15.427 DEBUG 8956 --- [kground-preinit] o.apache.tomcat.util.IntrospectionUtils  : IntrospectionUtils: setProperty(class org.apache.tomcat.util.modeler.OperationInfo impact=ACTION)
2019-05-11 11:06:15.427 DEBUG 8956 --- [kground-preinit] o.apache.tomcat.util.digester.Digester   : [SetPropertiesRule]{mbeans-descriptors/mbean/operation} Setting property 'returnType' to 'void'
2019-05-11 11:06:15.427 DEBUG 8956 --- [kground-preinit] o.apache.tomcat.util.IntrospectionUtils  : IntrospectionUtils: setProperty(class org.apache.tomcat.util.modeler.OperationInfo returnType=void)
2019-05-11 11:06:15.427 DEBUG 8956 --- [kground-preinit] o.apache.tomcat.util.digester.Digester   :   Fire begin() for SetNextRule[methodName=addOperation, paramType=org.apache.tomcat.util.modeler.OperationInfo]
2019-05-11 11:06:15.427 DEBUG 8956 --- [kground-preinit] o.a.tomcat.util.digester.Digester.sax    : characters(
      )
2019-05-11 11:06:15.427 DEBUG 8956 --- [kground-preinit] o.a.tomcat.util.digester.Digester.sax    : startElement(,,parameter)
2019-05-11 11:06:15.427 DEBUG 8956 --- [kground-preinit] o.apache.tomcat.util.digester.Digester   :   New match='mbeans-descriptors/mbean/operation/parameter'
2019-05-11 11:06:15.427 DEBUG 8956 --- [kground-preinit] o.apache.tomcat.util.digester.Digester   :   Fire begin() for ObjectCreateRule[className=org.apache.tomcat.util.modeler.ParameterInfo, attributeName=null]
2019-05-11 11:06:15.427 DEBUG 8956 --- [kground-preinit] o.apache.tomcat.util.digester.Digester   : [ObjectCreateRule]{mbeans-descriptors/mbean/operation/parameter}New org.apache.tomcat.util.modeler.ParameterInfo
2019-05-11 11:06:15.428 DEBUG 8956 --- [kground-preinit] o.apache.tomcat.util.digester.Digester   :   Fire begin() for SetPropertiesRule[]
2019-05-11 11:06:15.428 DEBUG 8956 --- [kground-preinit] o.apache.tomcat.util.digester.Digester   : [SetPropertiesRule]{mbeans-descriptors/mbean/operation/parameter} Set org.apache.tomcat.util.modeler.ParameterInfo properties
2019-05-11 11:06:15.428 DEBUG 8956 --- [kground-preinit] o.apache.tomcat.util.digester.Digester   : [SetPropertiesRule]{mbeans-descriptors/mbean/operation/parameter} Setting property 'name' to 'role'
2019-05-11 11:06:15.428 DEBUG 8956 --- [kground-preinit] o.apache.tomcat.util.IntrospectionUtils  : IntrospectionUtils: setProperty(class org.apache.tomcat.util.modeler.ParameterInfo name=role)
2019-05-11 11:06:15.428 DEBUG 8956 --- [kground-preinit] o.apache.tomcat.util.digester.Digester   : [SetPropertiesRule]{mbeans-descriptors/mbean/operation/parameter} Setting property 'description' to 'Role to be added'
2019-05-11 11:06:15.428 DEBUG 8956 --- [kground-preinit] o.apache.tomcat.util.IntrospectionUtils  : IntrospectionUtils: setProperty(class org.apache.tomcat.util.modeler.ParameterInfo description=Role to be added)
2019-05-11 11:06:15.428 DEBUG 8956 --- [kground-preinit] o.apache.tomcat.util.digester.Digester   : [SetPropertiesRule]{mbeans-descriptors/mbean/operation/parameter} Setting property 'type' to 'java.lang.String'
2019-05-11 11:06:15.429 DEBUG 8956 --- [kground-preinit] o.apache.tomcat.util.IntrospectionUtils  : IntrospectionUtils: setProperty(class org.apache.tomcat.util.modeler.ParameterInfo type=java.lang.String)
2019-05-11 11:06:15.429 DEBUG 8956 --- [kground-preinit] o.apache.tomcat.util.digester.Digester   :   Fire begin() for SetNextRule[methodName=addParameter, paramType=org.apache.tomcat.util.modeler.ParameterInfo]
2019-05-11 11:06:15.429 DEBUG 8956 --- [kground-preinit] o.a.tomcat.util.digester.Digester.sax    : endElement(,,parameter)
2019-05-11 11:06:15.429 DEBUG 8956 --- [kground-preinit] o.apache.tomcat.util.digester.Digester   :   match='mbeans-descriptors/mbean/operation/parameter'
2019-05-11 11:06:15.430 DEBUG 8956 --- [kground-preinit] o.apache.tomcat.util.digester.Digester   :   bodyText=''
2019-05-11 11:06:15.430 DEBUG 8956 --- [kground-preinit] o.apache.tomcat.util.digester.Digester   :   Fire body() for ObjectCreateRule[className=org.apache.tomcat.util.modeler.ParameterInfo, attributeName=null]
2019-05-11 11:06:15.430 DEBUG 8956 --- [kground-preinit] o.apache.tomcat.util.digester.Digester   :   Fire body() for SetPropertiesRule[]
2019-05-11 11:06:15.431 DEBUG 8956 --- [kground-preinit] o.apache.tomcat.util.digester.Digester   :   Fire body() for SetNextRule[methodName=addParameter, paramType=org.apache.tomcat.util.modeler.ParameterInfo]
2019-05-11 11:06:15.431 DEBUG 8956 --- [kground-preinit] o.apache.tomcat.util.digester.Digester   :   Fire end() for SetNextRule[methodName=addParameter, paramType=org.apache.tomcat.util.modeler.ParameterInfo]
2019-05-11 11:06:15.431 DEBUG 8956 --- [kground-preinit] o.apache.tomcat.util.digester.Digester   : [SetNextRule]{mbeans-descriptors/mbean/operation/parameter} Call org.apache.tomcat.util.modeler.OperationInfo.addParameter(org.apache.tomcat.util.modeler.ParameterInfo@c8c4a30)
2019-05-11 11:06:15.431 DEBUG 8956 --- [kground-preinit] o.apache.tomcat.util.IntrospectionUtils  : IntrospectionUtils: callMethod1 org.apache.tomcat.util.modeler.OperationInfo org.apache.tomcat.util.modeler.ParameterInfo org.apache.tomcat.util.modeler.ParameterInfo
2019-05-11 11:06:15.432 DEBUG 8956 --- [kground-preinit] o.apache.tomcat.util.digester.Digester   :   Fire end() for SetPropertiesRule[]
2019-05-11 11:06:15.432 DEBUG 8956 --- [kground-preinit] o.apache.tomcat.util.digester.Digester   :   Fire end() for ObjectCreateRule[className=org.apache.tomcat.util.modeler.ParameterInfo, attributeName=null]
2019-05-11 11:06:15.432 DEBUG 8956 --- [kground-preinit] o.apache.tomcat.util.digester.Digester   : [ObjectCreateRule]{mbeans-descriptors/mbean/operation/parameter} Pop org.apache.tomcat.util.modeler.ParameterInfo
2019-05-11 11:06:15.432 DEBUG 8956 --- [kground-preinit] o.a.tomcat.util.digester.Digester.sax    : characters(
    )
2019-05-11 11:06:15.432 DEBUG 8956 --- [kground-preinit] o.a.tomcat.util.digester.Digester.sax    : endElement(,,operation)
2019-05-11 11:06:15.432 DEBUG 8956 --- [kground-preinit] o.apache.tomcat.util.digester.Digester   :   match='mbeans-descriptors/mbean/operation'
2019-05-11 11:06:15.433 DEBUG 8956 --- [kground-preinit] o.apache.tomcat.util.digester.Digester   :   bodyText='
      
    '
2019-05-11 11:06:15.433 DEBUG 8956 --- [kground-preinit] o.apache.tomcat.util.digester.Digester   :   Fire body() for ObjectCreateRule[className=org.apache.tomcat.util.modeler.OperationInfo, attributeName=null]
2019-05-11 11:06:15.433 DEBUG 8956 --- [kground-preinit] o.apache.tomcat.util.digester.Digester   :   Fire body() for SetPropertiesRule[]
2019-05-11 11:06:15.433 DEBUG 8956 --- [kground-preinit] o.apache.tomcat.util.digester.Digester   :   Fire body() for SetNextRule[methodName=addOperation, paramType=org.apache.tomcat.util.modeler.OperationInfo]
2019-05-11 11:06:15.433 DEBUG 8956 --- [kground-preinit] o.apache.tomcat.util.digester.Digester   :   Fire end() for SetNextRule[methodName=addOperation, paramType=org.apache.tomcat.util.modeler.OperationInfo]
2019-05-11 11:06:15.433 DEBUG 8956 --- [kground-preinit] o.apache.tomcat.util.digester.Digester   : [SetNextRule]{mbeans-descriptors/mbean/operation} Call org.apache.tomcat.util.modeler.ManagedBean.addOperation(org.apache.tomcat.util.modeler.OperationInfo@35adea59)
2019-05-11 11:06:15.433 DEBUG 8956 --- [kground-preinit] o.apache.tomcat.util.IntrospectionUtils  : IntrospectionUtils: callMethod1 org.apache.tomcat.util.modeler.ManagedBean org.apache.tomcat.util.modeler.OperationInfo org.apache.tomcat.util.modeler.OperationInfo
2019-05-11 11:06:15.433 DEBUG 8956 --- [kground-preinit] o.apache.tomcat.util.digester.Digester   :   Fire end() for SetPropertiesRule[]
2019-05-11 11:06:15.434 DEBUG 8956 --- [kground-preinit] o.apache.tomcat.util.digester.Digester   :   Fire end() for ObjectCreateRule[className=org.apache.tomcat.util.modeler.OperationInfo, attributeName=null]
2019-05-11 11:06:15.434 DEBUG 8956 --- [kground-preinit] o.apache.tomcat.util.digester.Digester   : [ObjectCreateRule]{mbeans-descriptors/mbean/operation} Pop org.apache.tomcat.util.modeler.OperationInfo
2019-05-11 11:06:15.434 DEBUG 8956 --- [kground-preinit] o.a.tomcat.util.digester.Digester.sax    : characters(

    )
2019-05-11 11:06:15.434 DEBUG 8956 --- [kground-preinit] o.a.tomcat.util.digester.Digester.sax    : startElement(,,operation)
2019-05-11 11:06:15.434 DEBUG 8956 --- [kground-preinit] o.apache.tomcat.util.digester.Digester   :   New match='mbeans-descriptors/mbean/operation'
2019-05-11 11:06:15.434 DEBUG 8956 --- [kground-preinit] o.apache.tomcat.util.digester.Digester   :   Fire begin() for ObjectCreateRule[className=org.apache.tomcat.util.modeler.OperationInfo, attributeName=null]
2019-05-11 11:06:15.434 DEBUG 8956 --- [kground-preinit] o.apache.tomcat.util.digester.Digester   : [ObjectCreateRule]{mbeans-descriptors/mbean/operation}New org.apache.tomcat.util.modeler.OperationInfo
2019-05-11 11:06:15.434 DEBUG 8956 --- [kground-preinit] o.apache.tomcat.util.digester.Digester   :   Fire begin() for SetPropertiesRule[]
2019-05-11 11:06:15.434 DEBUG 8956 --- [kground-preinit] o.apache.tomcat.util.digester.Digester   : [SetPropertiesRule]{mbeans-descriptors/mbean/operation} Set org.apache.tomcat.util.modeler.OperationInfo properties
2019-05-11 11:06:15.434 DEBUG 8956 --- [kground-preinit] o.apache.tomcat.util.digester.Digester   : [SetPropertiesRule]{mbeans-descriptors/mbean/operation} Setting property 'name' to 'removeGroup'
2019-05-11 11:06:15.435 DEBUG 8956 --- [kground-preinit] o.apache.tomcat.util.IntrospectionUtils  : IntrospectionUtils: setProperty(class org.apache.tomcat.util.modeler.OperationInfo name=removeGroup)
2019-05-11 11:06:15.435 DEBUG 8956 --- [kground-preinit] o.apache.tomcat.util.digester.Digester   : [SetPropertiesRule]{mbeans-descriptors/mbean/operation} Setting property 'description' to 'Remove an old group membership for this user'
2019-05-11 11:06:15.435 DEBUG 8956 --- [kground-preinit] o.apache.tomcat.util.IntrospectionUtils  : IntrospectionUtils: setProperty(class org.apache.tomcat.util.modeler.OperationInfo description=Remove an old group membership for this user)
2019-05-11 11:06:15.435 DEBUG 8956 --- [kground-preinit] o.apache.tomcat.util.digester.Digester   : [SetPropertiesRule]{mbeans-descriptors/mbean/operation} Setting property 'impact' to 'ACTION'
2019-05-11 11:06:15.435 DEBUG 8956 --- [kground-preinit] o.apache.tomcat.util.IntrospectionUtils  : IntrospectionUtils: setProperty(class org.apache.tomcat.util.modeler.OperationInfo impact=ACTION)
2019-05-11 11:06:15.435 DEBUG 8956 --- [kground-preinit] o.apache.tomcat.util.digester.Digester   : [SetPropertiesRule]{mbeans-descriptors/mbean/operation} Setting property 'returnType' to 'void'
2019-05-11 11:06:15.435 DEBUG 8956 --- [kground-preinit] o.apache.tomcat.util.IntrospectionUtils  : IntrospectionUtils: setProperty(class org.apache.tomcat.util.modeler.OperationInfo returnType=void)
2019-05-11 11:06:15.435 DEBUG 8956 --- [kground-preinit] o.apache.tomcat.util.digester.Digester   :   Fire begin() for SetNextRule[methodName=addOperation, paramType=org.apache.tomcat.util.modeler.OperationInfo]
2019-05-11 11:06:15.436 DEBUG 8956 --- [kground-preinit] o.a.tomcat.util.digester.Digester.sax    : characters(
      )
2019-05-11 11:06:15.437 DEBUG 8956 --- [kground-preinit] o.a.tomcat.util.digester.Digester.sax    : startElement(,,parameter)
2019-05-11 11:06:15.437 DEBUG 8956 --- [kground-preinit] o.apache.tomcat.util.digester.Digester   :   New match='mbeans-descriptors/mbean/operation/parameter'
2019-05-11 11:06:15.437 DEBUG 8956 --- [kground-preinit] o.apache.tomcat.util.digester.Digester   :   Fire begin() for ObjectCreateRule[className=org.apache.tomcat.util.modeler.ParameterInfo, attributeName=null]
2019-05-11 11:06:15.437 DEBUG 8956 --- [kground-preinit] o.apache.tomcat.util.digester.Digester   : [ObjectCreateRule]{mbeans-descriptors/mbean/operation/parameter}New org.apache.tomcat.util.modeler.ParameterInfo
2019-05-11 11:06:15.437 DEBUG 8956 --- [kground-preinit] o.apache.tomcat.util.digester.Digester   :   Fire begin() for SetPropertiesRule[]
2019-05-11 11:06:15.438 DEBUG 8956 --- [kground-preinit] o.apache.tomcat.util.digester.Digester   : [SetPropertiesRule]{mbeans-descriptors/mbean/operation/parameter} Set org.apache.tomcat.util.modeler.ParameterInfo properties
2019-05-11 11:06:15.438 DEBUG 8956 --- [kground-preinit] o.apache.tomcat.util.digester.Digester   : [SetPropertiesRule]{mbeans-descriptors/mbean/operation/parameter} Setting property 'name' to 'groupname'
2019-05-11 11:06:15.438 DEBUG 8956 --- [kground-preinit] o.apache.tomcat.util.IntrospectionUtils  : IntrospectionUtils: setProperty(class org.apache.tomcat.util.modeler.ParameterInfo name=groupname)
2019-05-11 11:06:15.438 DEBUG 8956 --- [kground-preinit] o.apache.tomcat.util.digester.Digester   : [SetPropertiesRule]{mbeans-descriptors/mbean/operation/parameter} Setting property 'description' to 'Group name of the old group'
2019-05-11 11:06:15.438 DEBUG 8956 --- [kground-preinit] o.apache.tomcat.util.IntrospectionUtils  : IntrospectionUtils: setProperty(class org.apache.tomcat.util.modeler.ParameterInfo description=Group name of the old group)
2019-05-11 11:06:15.438 DEBUG 8956 --- [kground-preinit] o.apache.tomcat.util.digester.Digester   : [SetPropertiesRule]{mbeans-descriptors/mbean/operation/parameter} Setting property 'type' to 'java.lang.String'
2019-05-11 11:06:15.438 DEBUG 8956 --- [kground-preinit] o.apache.tomcat.util.IntrospectionUtils  : IntrospectionUtils: setProperty(class org.apache.tomcat.util.modeler.ParameterInfo type=java.lang.String)
2019-05-11 11:06:15.438 DEBUG 8956 --- [kground-preinit] o.apache.tomcat.util.digester.Digester   :   Fire begin() for SetNextRule[methodName=addParameter, paramType=org.apache.tomcat.util.modeler.ParameterInfo]
2019-05-11 11:06:15.438 DEBUG 8956 --- [kground-preinit] o.a.tomcat.util.digester.Digester.sax    : endElement(,,parameter)
2019-05-11 11:06:15.438 DEBUG 8956 --- [kground-preinit] o.apache.tomcat.util.digester.Digester   :   match='mbeans-descriptors/mbean/operation/parameter'
2019-05-11 11:06:15.438 DEBUG 8956 --- [kground-preinit] o.apache.tomcat.util.digester.Digester   :   bodyText=''
2019-05-11 11:06:15.439 DEBUG 8956 --- [kground-preinit] o.apache.tomcat.util.digester.Digester   :   Fire body() for ObjectCreateRule[className=org.apache.tomcat.util.modeler.ParameterInfo, attributeName=null]
2019-05-11 11:06:15.439 DEBUG 8956 --- [kground-preinit] o.apache.tomcat.util.digester.Digester   :   Fire body() for SetPropertiesRule[]
2019-05-11 11:06:15.439 DEBUG 8956 --- [kground-preinit] o.apache.tomcat.util.digester.Digester   :   Fire body() for SetNextRule[methodName=addParameter, paramType=org.apache.tomcat.util.modeler.ParameterInfo]
2019-05-11 11:06:15.439 DEBUG 8956 --- [kground-preinit] o.apache.tomcat.util.digester.Digester   :   Fire end() for SetNextRule[methodName=addParameter, paramType=org.apache.tomcat.util.modeler.ParameterInfo]
2019-05-11 11:06:15.439 DEBUG 8956 --- [kground-preinit] o.apache.tomcat.util.digester.Digester   : [SetNextRule]{mbeans-descriptors/mbean/operation/parameter} Call org.apache.tomcat.util.modeler.OperationInfo.addParameter(org.apache.tomcat.util.modeler.ParameterInfo@521159dd)
2019-05-11 11:06:15.439 DEBUG 8956 --- [kground-preinit] o.apache.tomcat.util.IntrospectionUtils  : IntrospectionUtils: callMethod1 org.apache.tomcat.util.modeler.OperationInfo org.apache.tomcat.util.modeler.ParameterInfo org.apache.tomcat.util.modeler.ParameterInfo
2019-05-11 11:06:15.439 DEBUG 8956 --- [kground-preinit] o.apache.tomcat.util.digester.Digester   :   Fire end() for SetPropertiesRule[]
2019-05-11 11:06:15.439 DEBUG 8956 --- [kground-preinit] o.apache.tomcat.util.digester.Digester   :   Fire end() for ObjectCreateRule[className=org.apache.tomcat.util.modeler.ParameterInfo, attributeName=null]
2019-05-11 11:06:15.439 DEBUG 8956 --- [kground-preinit] o.apache.tomcat.util.digester.Digester   : [ObjectCreateRule]{mbeans-descriptors/mbean/operation/parameter} Pop org.apache.tomcat.util.modeler.ParameterInfo
2019-05-11 11:06:15.439 DEBUG 8956 --- [kground-preinit] o.a.tomcat.util.digester.Digester.sax    : characters(
    )
2019-05-11 11:06:15.439 DEBUG 8956 --- [kground-preinit] o.a.tomcat.util.digester.Digester.sax    : endElement(,,operation)
2019-05-11 11:06:15.439 DEBUG 8956 --- [kground-preinit] o.apache.tomcat.util.digester.Digester   :   match='mbeans-descriptors/mbean/operation'
2019-05-11 11:06:15.439 DEBUG 8956 --- [kground-preinit] o.apache.tomcat.util.digester.Digester   :   bodyText='
      
    '
2019-05-11 11:06:15.444 DEBUG 8956 --- [kground-preinit] o.apache.tomcat.util.digester.Digester   :   Fire body() for ObjectCreateRule[className=org.apache.tomcat.util.modeler.OperationInfo, attributeName=null]
2019-05-11 11:06:15.444 DEBUG 8956 --- [kground-preinit] o.apache.tomcat.util.digester.Digester   :   Fire body() for SetPropertiesRule[]
2019-05-11 11:06:15.444 DEBUG 8956 --- [kground-preinit] o.apache.tomcat.util.digester.Digester   :   Fire body() for SetNextRule[methodName=addOperation, paramType=org.apache.tomcat.util.modeler.OperationInfo]
2019-05-11 11:06:15.444 DEBUG 8956 --- [kground-preinit] o.apache.tomcat.util.digester.Digester   :   Fire end() for SetNextRule[methodName=addOperation, paramType=org.apache.tomcat.util.modeler.OperationInfo]
2019-05-11 11:06:15.445 DEBUG 8956 --- [kground-preinit] o.apache.tomcat.util.digester.Digester   : [SetNextRule]{mbeans-descriptors/mbean/operation} Call org.apache.tomcat.util.modeler.ManagedBean.addOperation(org.apache.tomcat.util.modeler.OperationInfo@3f13e352)
2019-05-11 11:06:15.445 DEBUG 8956 --- [kground-preinit] o.apache.tomcat.util.IntrospectionUtils  : IntrospectionUtils: callMethod1 org.apache.tomcat.util.modeler.ManagedBean org.apache.tomcat.util.modeler.OperationInfo org.apache.tomcat.util.modeler.OperationInfo
2019-05-11 11:06:15.445 DEBUG 8956 --- [kground-preinit] o.apache.tomcat.util.digester.Digester   :   Fire end() for SetPropertiesRule[]
2019-05-11 11:06:15.445 DEBUG 8956 --- [kground-preinit] o.apache.tomcat.util.digester.Digester   :   Fire end() for ObjectCreateRule[className=org.apache.tomcat.util.modeler.OperationInfo, attributeName=null]
2019-05-11 11:06:15.445 DEBUG 8956 --- [kground-preinit] o.apache.tomcat.util.digester.Digester   : [ObjectCreateRule]{mbeans-descriptors/mbean/operation} Pop org.apache.tomcat.util.modeler.OperationInfo
2019-05-11 11:06:15.445 DEBUG 8956 --- [kground-preinit] o.a.tomcat.util.digester.Digester.sax    : characters(

    )
2019-05-11 11:06:15.445 DEBUG 8956 --- [kground-preinit] o.a.tomcat.util.digester.Digester.sax    : startElement(,,operation)
2019-05-11 11:06:15.446 DEBUG 8956 --- [kground-preinit] o.apache.tomcat.util.digester.Digester   :   New match='mbeans-descriptors/mbean/operation'
2019-05-11 11:06:15.446 DEBUG 8956 --- [kground-preinit] o.apache.tomcat.util.digester.Digester   :   Fire begin() for ObjectCreateRule[className=org.apache.tomcat.util.modeler.OperationInfo, attributeName=null]
2019-05-11 11:06:15.446 DEBUG 8956 --- [kground-preinit] o.apache.tomcat.util.digester.Digester   : [ObjectCreateRule]{mbeans-descriptors/mbean/operation}New org.apache.tomcat.util.modeler.OperationInfo
2019-05-11 11:06:15.446 DEBUG 8956 --- [kground-preinit] o.apache.tomcat.util.digester.Digester   :   Fire begin() for SetPropertiesRule[]
2019-05-11 11:06:15.446 DEBUG 8956 --- [kground-preinit] o.apache.tomcat.util.digester.Digester   : [SetPropertiesRule]{mbeans-descriptors/mbean/operation} Set org.apache.tomcat.util.modeler.OperationInfo properties
2019-05-11 11:06:15.446 DEBUG 8956 --- [kground-preinit] o.apache.tomcat.util.digester.Digester   : [SetPropertiesRule]{mbeans-descriptors/mbean/operation} Setting property 'name' to 'removeGroups'
2019-05-11 11:06:15.446 DEBUG 8956 --- [kground-preinit] o.apache.tomcat.util.IntrospectionUtils  : IntrospectionUtils: setProperty(class org.apache.tomcat.util.modeler.OperationInfo name=removeGroups)
2019-05-11 11:06:15.447 DEBUG 8956 --- [kground-preinit] o.apache.tomcat.util.digester.Digester   : [SetPropertiesRule]{mbeans-descriptors/mbean/operation} Setting property 'description' to 'Remove all group memberships for this user'
2019-05-11 11:06:15.447 DEBUG 8956 --- [kground-preinit] o.apache.tomcat.util.IntrospectionUtils  : IntrospectionUtils: setProperty(class org.apache.tomcat.util.modeler.OperationInfo description=Remove all group memberships for this user)
2019-05-11 11:06:15.447 DEBUG 8956 --- [kground-preinit] o.apache.tomcat.util.digester.Digester   : [SetPropertiesRule]{mbeans-descriptors/mbean/operation} Setting property 'impact' to 'ACTION'
2019-05-11 11:06:15.447 DEBUG 8956 --- [kground-preinit] o.apache.tomcat.util.IntrospectionUtils  : IntrospectionUtils: setProperty(class org.apache.tomcat.util.modeler.OperationInfo impact=ACTION)
2019-05-11 11:06:15.447 DEBUG 8956 --- [kground-preinit] o.apache.tomcat.util.digester.Digester   : [SetPropertiesRule]{mbeans-descriptors/mbean/operation} Setting property 'returnType' to 'void'
2019-05-11 11:06:15.447 DEBUG 8956 --- [kground-preinit] o.apache.tomcat.util.IntrospectionUtils  : IntrospectionUtils: setProperty(class org.apache.tomcat.util.modeler.OperationInfo returnType=void)
2019-05-11 11:06:15.447 DEBUG 8956 --- [kground-preinit] o.apache.tomcat.util.digester.Digester   :   Fire begin() for SetNextRule[methodName=addOperation, paramType=org.apache.tomcat.util.modeler.OperationInfo]
2019-05-11 11:06:15.447 DEBUG 8956 --- [kground-preinit] o.a.tomcat.util.digester.Digester.sax    : characters(
    )
2019-05-11 11:06:15.447 DEBUG 8956 --- [kground-preinit] o.a.tomcat.util.digester.Digester.sax    : endElement(,,operation)
2019-05-11 11:06:15.447 DEBUG 8956 --- [kground-preinit] o.apache.tomcat.util.digester.Digester   :   match='mbeans-descriptors/mbean/operation'
2019-05-11 11:06:15.448 DEBUG 8956 --- [kground-preinit] o.apache.tomcat.util.digester.Digester   :   bodyText='
    '
2019-05-11 11:06:15.448 DEBUG 8956 --- [kground-preinit] o.apache.tomcat.util.digester.Digester   :   Fire body() for ObjectCreateRule[className=org.apache.tomcat.util.modeler.OperationInfo, attributeName=null]
2019-05-11 11:06:15.448 DEBUG 8956 --- [kground-preinit] o.apache.tomcat.util.digester.Digester   :   Fire body() for SetPropertiesRule[]
2019-05-11 11:06:15.448 DEBUG 8956 --- [kground-preinit] o.apache.tomcat.util.digester.Digester   :   Fire body() for SetNextRule[methodName=addOperation, paramType=org.apache.tomcat.util.modeler.OperationInfo]
2019-05-11 11:06:15.450 DEBUG 8956 --- [kground-preinit] o.apache.tomcat.util.digester.Digester   :   Fire end() for SetNextRule[methodName=addOperation, paramType=org.apache.tomcat.util.modeler.OperationInfo]
2019-05-11 11:06:15.450 DEBUG 8956 --- [kground-preinit] o.apache.tomcat.util.digester.Digester   : [SetNextRule]{mbeans-descriptors/mbean/operation} Call org.apache.tomcat.util.modeler.ManagedBean.addOperation(org.apache.tomcat.util.modeler.OperationInfo@5120e34a)
2019-05-11 11:06:15.450 DEBUG 8956 --- [kground-preinit] o.apache.tomcat.util.IntrospectionUtils  : IntrospectionUtils: callMethod1 org.apache.tomcat.util.modeler.ManagedBean org.apache.tomcat.util.modeler.OperationInfo org.apache.tomcat.util.modeler.OperationInfo
2019-05-11 11:06:15.450 DEBUG 8956 --- [kground-preinit] o.apache.tomcat.util.digester.Digester   :   Fire end() for SetPropertiesRule[]
2019-05-11 11:06:15.450 DEBUG 8956 --- [kground-preinit] o.apache.tomcat.util.digester.Digester   :   Fire end() for ObjectCreateRule[className=org.apache.tomcat.util.modeler.OperationInfo, attributeName=null]
2019-05-11 11:06:15.452 DEBUG 8956 --- [kground-preinit] o.apache.tomcat.util.digester.Digester   : [ObjectCreateRule]{mbeans-descriptors/mbean/operation} Pop org.apache.tomcat.util.modeler.OperationInfo
2019-05-11 11:06:15.452 DEBUG 8956 --- [kground-preinit] o.a.tomcat.util.digester.Digester.sax    : characters(

    )
2019-05-11 11:06:15.452 DEBUG 8956 --- [kground-preinit] o.a.tomcat.util.digester.Digester.sax    : startElement(,,operation)
2019-05-11 11:06:15.453 DEBUG 8956 --- [kground-preinit] o.apache.tomcat.util.digester.Digester   :   New match='mbeans-descriptors/mbean/operation'
2019-05-11 11:06:15.453 DEBUG 8956 --- [kground-preinit] o.apache.tomcat.util.digester.Digester   :   Fire begin() for ObjectCreateRule[className=org.apache.tomcat.util.modeler.OperationInfo, attributeName=null]
2019-05-11 11:06:15.453 DEBUG 8956 --- [kground-preinit] o.apache.tomcat.util.digester.Digester   : [ObjectCreateRule]{mbeans-descriptors/mbean/operation}New org.apache.tomcat.util.modeler.OperationInfo
2019-05-11 11:06:15.453 DEBUG 8956 --- [kground-preinit] o.apache.tomcat.util.digester.Digester   :   Fire begin() for SetPropertiesRule[]
2019-05-11 11:06:15.454 DEBUG 8956 --- [           main] o.s.b.f.s.DefaultListableBeanFactory     : Finished creating instance of bean 'org.springframework.boot.test.mock.mockito.MockitoPostProcessor'
2019-05-11 11:06:15.455 DEBUG 8956 --- [kground-preinit] o.apache.tomcat.util.digester.Digester   : [SetPropertiesRule]{mbeans-descriptors/mbean/operation} Set org.apache.tomcat.util.modeler.OperationInfo properties
2019-05-11 11:06:15.455 DEBUG 8956 --- [kground-preinit] o.apache.tomcat.util.digester.Digester   : [SetPropertiesRule]{mbeans-descriptors/mbean/operation} Setting property 'name' to 'removeRole'
2019-05-11 11:06:15.456 DEBUG 8956 --- [kground-preinit] o.apache.tomcat.util.IntrospectionUtils  : IntrospectionUtils: setProperty(class org.apache.tomcat.util.modeler.OperationInfo name=removeRole)
2019-05-11 11:06:15.456 DEBUG 8956 --- [kground-preinit] o.apache.tomcat.util.digester.Digester   : [SetPropertiesRule]{mbeans-descriptors/mbean/operation} Setting property 'description' to 'Remove an old authorized role for this user'
2019-05-11 11:06:15.457 DEBUG 8956 --- [kground-preinit] o.apache.tomcat.util.IntrospectionUtils  : IntrospectionUtils: setProperty(class org.apache.tomcat.util.modeler.OperationInfo description=Remove an old authorized role for this user)
2019-05-11 11:06:15.457 DEBUG 8956 --- [kground-preinit] o.apache.tomcat.util.digester.Digester   : [SetPropertiesRule]{mbeans-descriptors/mbean/operation} Setting property 'impact' to 'ACTION'
2019-05-11 11:06:15.457 DEBUG 8956 --- [kground-preinit] o.apache.tomcat.util.IntrospectionUtils  : IntrospectionUtils: setProperty(class org.apache.tomcat.util.modeler.OperationInfo impact=ACTION)
2019-05-11 11:06:15.458 DEBUG 8956 --- [kground-preinit] o.apache.tomcat.util.digester.Digester   : [SetPropertiesRule]{mbeans-descriptors/mbean/operation} Setting property 'returnType' to 'void'
2019-05-11 11:06:15.459 DEBUG 8956 --- [kground-preinit] o.apache.tomcat.util.IntrospectionUtils  : IntrospectionUtils: setProperty(class org.apache.tomcat.util.modeler.OperationInfo returnType=void)
2019-05-11 11:06:15.459 DEBUG 8956 --- [kground-preinit] o.apache.tomcat.util.digester.Digester   :   Fire begin() for SetNextRule[methodName=addOperation, paramType=org.apache.tomcat.util.modeler.OperationInfo]
2019-05-11 11:06:15.459 DEBUG 8956 --- [kground-preinit] o.a.tomcat.util.digester.Digester.sax    : characters(
      )
2019-05-11 11:06:15.459 DEBUG 8956 --- [kground-preinit] o.a.tomcat.util.digester.Digester.sax    : startElement(,,parameter)
2019-05-11 11:06:15.460 DEBUG 8956 --- [kground-preinit] o.apache.tomcat.util.digester.Digester   :   New match='mbeans-descriptors/mbean/operation/parameter'
2019-05-11 11:06:15.460 DEBUG 8956 --- [kground-preinit] o.apache.tomcat.util.digester.Digester   :   Fire begin() for ObjectCreateRule[className=org.apache.tomcat.util.modeler.ParameterInfo, attributeName=null]
2019-05-11 11:06:15.460 DEBUG 8956 --- [kground-preinit] o.apache.tomcat.util.digester.Digester   : [ObjectCreateRule]{mbeans-descriptors/mbean/operation/parameter}New org.apache.tomcat.util.modeler.ParameterInfo
2019-05-11 11:06:15.460 DEBUG 8956 --- [kground-preinit] o.apache.tomcat.util.digester.Digester   :   Fire begin() for SetPropertiesRule[]
2019-05-11 11:06:15.461 DEBUG 8956 --- [kground-preinit] o.apache.tomcat.util.digester.Digester   : [SetPropertiesRule]{mbeans-descriptors/mbean/operation/parameter} Set org.apache.tomcat.util.modeler.ParameterInfo properties
2019-05-11 11:06:15.461 DEBUG 8956 --- [kground-preinit] o.apache.tomcat.util.digester.Digester   : [SetPropertiesRule]{mbeans-descriptors/mbean/operation/parameter} Setting property 'name' to 'role'
2019-05-11 11:06:15.461 DEBUG 8956 --- [kground-preinit] o.apache.tomcat.util.IntrospectionUtils  : IntrospectionUtils: setProperty(class org.apache.tomcat.util.modeler.ParameterInfo name=role)
2019-05-11 11:06:15.461 DEBUG 8956 --- [kground-preinit] o.apache.tomcat.util.digester.Digester   : [SetPropertiesRule]{mbeans-descriptors/mbean/operation/parameter} Setting property 'description' to 'Role to be removed'
2019-05-11 11:06:15.462 DEBUG 8956 --- [kground-preinit] o.apache.tomcat.util.IntrospectionUtils  : IntrospectionUtils: setProperty(class org.apache.tomcat.util.modeler.ParameterInfo description=Role to be removed)
2019-05-11 11:06:15.462 DEBUG 8956 --- [kground-preinit] o.apache.tomcat.util.digester.Digester   : [SetPropertiesRule]{mbeans-descriptors/mbean/operation/parameter} Setting property 'type' to 'java.lang.String'
2019-05-11 11:06:15.462 DEBUG 8956 --- [kground-preinit] o.apache.tomcat.util.IntrospectionUtils  : IntrospectionUtils: setProperty(class org.apache.tomcat.util.modeler.ParameterInfo type=java.lang.String)
2019-05-11 11:06:15.462 DEBUG 8956 --- [kground-preinit] o.apache.tomcat.util.digester.Digester   :   Fire begin() for SetNextRule[methodName=addParameter, paramType=org.apache.tomcat.util.modeler.ParameterInfo]
2019-05-11 11:06:15.466 DEBUG 8956 --- [kground-preinit] o.a.tomcat.util.digester.Digester.sax    : endElement(,,parameter)
2019-05-11 11:06:15.466 DEBUG 8956 --- [kground-preinit] o.apache.tomcat.util.digester.Digester   :   match='mbeans-descriptors/mbean/operation/parameter'
2019-05-11 11:06:15.466 DEBUG 8956 --- [kground-preinit] o.apache.tomcat.util.digester.Digester   :   bodyText=''
2019-05-11 11:06:15.467 DEBUG 8956 --- [kground-preinit] o.apache.tomcat.util.digester.Digester   :   Fire body() for ObjectCreateRule[className=org.apache.tomcat.util.modeler.ParameterInfo, attributeName=null]
2019-05-11 11:06:15.467 DEBUG 8956 --- [kground-preinit] o.apache.tomcat.util.digester.Digester   :   Fire body() for SetPropertiesRule[]
2019-05-11 11:06:15.467 DEBUG 8956 --- [kground-preinit] o.apache.tomcat.util.digester.Digester   :   Fire body() for SetNextRule[methodName=addParameter, paramType=org.apache.tomcat.util.modeler.ParameterInfo]
2019-05-11 11:06:15.467 DEBUG 8956 --- [kground-preinit] o.apache.tomcat.util.digester.Digester   :   Fire end() for SetNextRule[methodName=addParameter, paramType=org.apache.tomcat.util.modeler.ParameterInfo]
2019-05-11 11:06:15.467 DEBUG 8956 --- [kground-preinit] o.apache.tomcat.util.digester.Digester   : [SetNextRule]{mbeans-descriptors/mbean/operation/parameter} Call org.apache.tomcat.util.modeler.OperationInfo.addParameter(org.apache.tomcat.util.modeler.ParameterInfo@b853415)
2019-05-11 11:06:15.468 DEBUG 8956 --- [kground-preinit] o.apache.tomcat.util.IntrospectionUtils  : IntrospectionUtils: callMethod1 org.apache.tomcat.util.modeler.OperationInfo org.apache.tomcat.util.modeler.ParameterInfo org.apache.tomcat.util.modeler.ParameterInfo
2019-05-11 11:06:15.468 DEBUG 8956 --- [kground-preinit] o.apache.tomcat.util.digester.Digester   :   Fire end() for SetPropertiesRule[]
2019-05-11 11:06:15.468 DEBUG 8956 --- [kground-preinit] o.apache.tomcat.util.digester.Digester   :   Fire end() for ObjectCreateRule[className=org.apache.tomcat.util.modeler.ParameterInfo, attributeName=null]
2019-05-11 11:06:15.468 DEBUG 8956 --- [kground-preinit] o.apache.tomcat.util.digester.Digester   : [ObjectCreateRule]{mbeans-descriptors/mbean/operation/parameter} Pop org.apache.tomcat.util.modeler.ParameterInfo
2019-05-11 11:06:15.468 DEBUG 8956 --- [kground-preinit] o.a.tomcat.util.digester.Digester.sax    : characters(
    )
2019-05-11 11:06:15.469 DEBUG 8956 --- [kground-preinit] o.a.tomcat.util.digester.Digester.sax    : endElement(,,operation)
2019-05-11 11:06:15.469 DEBUG 8956 --- [kground-preinit] o.apache.tomcat.util.digester.Digester   :   match='mbeans-descriptors/mbean/operation'
2019-05-11 11:06:15.469 DEBUG 8956 --- [kground-preinit] o.apache.tomcat.util.digester.Digester   :   bodyText='
      
    '
2019-05-11 11:06:15.469 DEBUG 8956 --- [kground-preinit] o.apache.tomcat.util.digester.Digester   :   Fire body() for ObjectCreateRule[className=org.apache.tomcat.util.modeler.OperationInfo, attributeName=null]
2019-05-11 11:06:15.470 DEBUG 8956 --- [kground-preinit] o.apache.tomcat.util.digester.Digester   :   Fire body() for SetPropertiesRule[]
2019-05-11 11:06:15.470 DEBUG 8956 --- [kground-preinit] o.apache.tomcat.util.digester.Digester   :   Fire body() for SetNextRule[methodName=addOperation, paramType=org.apache.tomcat.util.modeler.OperationInfo]
2019-05-11 11:06:15.470 DEBUG 8956 --- [kground-preinit] o.apache.tomcat.util.digester.Digester   :   Fire end() for SetNextRule[methodName=addOperation, paramType=org.apache.tomcat.util.modeler.OperationInfo]
2019-05-11 11:06:15.470 DEBUG 8956 --- [kground-preinit] o.apache.tomcat.util.digester.Digester   : [SetNextRule]{mbeans-descriptors/mbean/operation} Call org.apache.tomcat.util.modeler.ManagedBean.addOperation(org.apache.tomcat.util.modeler.OperationInfo@53025b09)
2019-05-11 11:06:15.470 DEBUG 8956 --- [kground-preinit] o.apache.tomcat.util.IntrospectionUtils  : IntrospectionUtils: callMethod1 org.apache.tomcat.util.modeler.ManagedBean org.apache.tomcat.util.modeler.OperationInfo org.apache.tomcat.util.modeler.OperationInfo
2019-05-11 11:06:15.471 DEBUG 8956 --- [kground-preinit] o.apache.tomcat.util.digester.Digester   :   Fire end() for SetPropertiesRule[]
2019-05-11 11:06:15.471 DEBUG 8956 --- [kground-preinit] o.apache.tomcat.util.digester.Digester   :   Fire end() for ObjectCreateRule[className=org.apache.tomcat.util.modeler.OperationInfo, attributeName=null]
2019-05-11 11:06:15.471 DEBUG 8956 --- [kground-preinit] o.apache.tomcat.util.digester.Digester   : [ObjectCreateRule]{mbeans-descriptors/mbean/operation} Pop org.apache.tomcat.util.modeler.OperationInfo
2019-05-11 11:06:15.471 DEBUG 8956 --- [kground-preinit] o.a.tomcat.util.digester.Digester.sax    : characters(

    )
2019-05-11 11:06:15.472 DEBUG 8956 --- [kground-preinit] o.a.tomcat.util.digester.Digester.sax    : startElement(,,operation)
2019-05-11 11:06:15.472 DEBUG 8956 --- [kground-preinit] o.apache.tomcat.util.digester.Digester   :   New match='mbeans-descriptors/mbean/operation'
2019-05-11 11:06:15.472 DEBUG 8956 --- [kground-preinit] o.apache.tomcat.util.digester.Digester   :   Fire begin() for ObjectCreateRule[className=org.apache.tomcat.util.modeler.OperationInfo, attributeName=null]
2019-05-11 11:06:15.472 DEBUG 8956 --- [kground-preinit] o.apache.tomcat.util.digester.Digester   : [ObjectCreateRule]{mbeans-descriptors/mbean/operation}New org.apache.tomcat.util.modeler.OperationInfo
2019-05-11 11:06:15.472 DEBUG 8956 --- [kground-preinit] o.apache.tomcat.util.digester.Digester   :   Fire begin() for SetPropertiesRule[]
2019-05-11 11:06:15.473 DEBUG 8956 --- [kground-preinit] o.apache.tomcat.util.digester.Digester   : [SetPropertiesRule]{mbeans-descriptors/mbean/operation} Set org.apache.tomcat.util.modeler.OperationInfo properties
2019-05-11 11:06:15.473 DEBUG 8956 --- [kground-preinit] o.apache.tomcat.util.digester.Digester   : [SetPropertiesRule]{mbeans-descriptors/mbean/operation} Setting property 'name' to 'removeRoles'
2019-05-11 11:06:15.473 DEBUG 8956 --- [kground-preinit] o.apache.tomcat.util.IntrospectionUtils  : IntrospectionUtils: setProperty(class org.apache.tomcat.util.modeler.OperationInfo name=removeRoles)
2019-05-11 11:06:15.474 DEBUG 8956 --- [kground-preinit] o.apache.tomcat.util.digester.Digester   : [SetPropertiesRule]{mbeans-descriptors/mbean/operation} Setting property 'description' to 'Remove all authorized roles for this user'
2019-05-11 11:06:15.474 DEBUG 8956 --- [kground-preinit] o.apache.tomcat.util.IntrospectionUtils  : IntrospectionUtils: setProperty(class org.apache.tomcat.util.modeler.OperationInfo description=Remove all authorized roles for this user)
2019-05-11 11:06:15.478 DEBUG 8956 --- [kground-preinit] o.apache.tomcat.util.digester.Digester   : [SetPropertiesRule]{mbeans-descriptors/mbean/operation} Setting property 'impact' to 'ACTION'
2019-05-11 11:06:15.478 DEBUG 8956 --- [kground-preinit] o.apache.tomcat.util.IntrospectionUtils  : IntrospectionUtils: setProperty(class org.apache.tomcat.util.modeler.OperationInfo impact=ACTION)
2019-05-11 11:06:15.478 DEBUG 8956 --- [kground-preinit] o.apache.tomcat.util.digester.Digester   : [SetPropertiesRule]{mbeans-descriptors/mbean/operation} Setting property 'returnType' to 'void'
2019-05-11 11:06:15.478 DEBUG 8956 --- [kground-preinit] o.apache.tomcat.util.IntrospectionUtils  : IntrospectionUtils: setProperty(class org.apache.tomcat.util.modeler.OperationInfo returnType=void)
2019-05-11 11:06:15.478 DEBUG 8956 --- [kground-preinit] o.apache.tomcat.util.digester.Digester   :   Fire begin() for SetNextRule[methodName=addOperation, paramType=org.apache.tomcat.util.modeler.OperationInfo]
2019-05-11 11:06:15.478 DEBUG 8956 --- [kground-preinit] o.a.tomcat.util.digester.Digester.sax    : characters(
    )
2019-05-11 11:06:15.479 DEBUG 8956 --- [kground-preinit] o.a.tomcat.util.digester.Digester.sax    : endElement(,,operation)
2019-05-11 11:06:15.479 DEBUG 8956 --- [kground-preinit] o.apache.tomcat.util.digester.Digester   :   match='mbeans-descriptors/mbean/operation'
2019-05-11 11:06:15.479 DEBUG 8956 --- [kground-preinit] o.apache.tomcat.util.digester.Digester   :   bodyText='
    '
2019-05-11 11:06:15.479 DEBUG 8956 --- [kground-preinit] o.apache.tomcat.util.digester.Digester   :   Fire body() for ObjectCreateRule[className=org.apache.tomcat.util.modeler.OperationInfo, attributeName=null]
2019-05-11 11:06:15.479 DEBUG 8956 --- [kground-preinit] o.apache.tomcat.util.digester.Digester   :   Fire body() for SetPropertiesRule[]
2019-05-11 11:06:15.479 DEBUG 8956 --- [kground-preinit] o.apache.tomcat.util.digester.Digester   :   Fire body() for SetNextRule[methodName=addOperation, paramType=org.apache.tomcat.util.modeler.OperationInfo]
2019-05-11 11:06:15.479 DEBUG 8956 --- [kground-preinit] o.apache.tomcat.util.digester.Digester   :   Fire end() for SetNextRule[methodName=addOperation, paramType=org.apache.tomcat.util.modeler.OperationInfo]
2019-05-11 11:06:15.480 DEBUG 8956 --- [kground-preinit] o.apache.tomcat.util.digester.Digester   : [SetNextRule]{mbeans-descriptors/mbean/operation} Call org.apache.tomcat.util.modeler.ManagedBean.addOperation(org.apache.tomcat.util.modeler.OperationInfo@732b2b48)
2019-05-11 11:06:15.481 DEBUG 8956 --- [kground-preinit] o.apache.tomcat.util.IntrospectionUtils  : IntrospectionUtils: callMethod1 org.apache.tomcat.util.modeler.ManagedBean org.apache.tomcat.util.modeler.OperationInfo org.apache.tomcat.util.modeler.OperationInfo
2019-05-11 11:06:15.481 DEBUG 8956 --- [kground-preinit] o.apache.tomcat.util.digester.Digester   :   Fire end() for SetPropertiesRule[]
2019-05-11 11:06:15.482 DEBUG 8956 --- [kground-preinit] o.apache.tomcat.util.digester.Digester   :   Fire end() for ObjectCreateRule[className=org.apache.tomcat.util.modeler.OperationInfo, attributeName=null]
2019-05-11 11:06:15.482 DEBUG 8956 --- [kground-preinit] o.apache.tomcat.util.digester.Digester   : [ObjectCreateRule]{mbeans-descriptors/mbean/operation} Pop org.apache.tomcat.util.modeler.OperationInfo
2019-05-11 11:06:15.482 DEBUG 8956 --- [kground-preinit] o.a.tomcat.util.digester.Digester.sax    : characters(

  )
2019-05-11 11:06:15.482 DEBUG 8956 --- [kground-preinit] o.a.tomcat.util.digester.Digester.sax    : endElement(,,mbean)
2019-05-11 11:06:15.482 DEBUG 8956 --- [kground-preinit] o.apache.tomcat.util.digester.Digester   :   match='mbeans-descriptors/mbean'
2019-05-11 11:06:15.482 DEBUG 8956 --- [kground-preinit] o.apache.tomcat.util.digester.Digester   :   bodyText='

    

    

    

    

    

    

    

    

    

    

    

  '
2019-05-11 11:06:15.482 DEBUG 8956 --- [kground-preinit] o.apache.tomcat.util.digester.Digester   :   Fire body() for ObjectCreateRule[className=org.apache.tomcat.util.modeler.ManagedBean, attributeName=null]
2019-05-11 11:06:15.482 DEBUG 8956 --- [kground-preinit] o.apache.tomcat.util.digester.Digester   :   Fire body() for SetPropertiesRule[]
2019-05-11 11:06:15.483 DEBUG 8956 --- [kground-preinit] o.apache.tomcat.util.digester.Digester   :   Fire body() for SetNextRule[methodName=add, paramType=java.lang.Object]
2019-05-11 11:06:15.483 DEBUG 8956 --- [kground-preinit] o.apache.tomcat.util.digester.Digester   :   Fire end() for SetNextRule[methodName=add, paramType=java.lang.Object]
2019-05-11 11:06:15.483 DEBUG 8956 --- [kground-preinit] o.apache.tomcat.util.digester.Digester   : [SetNextRule]{mbeans-descriptors/mbean} Call java.util.ArrayList.add(ManagedBean[name=User, className=org.apache.catalina.mbeans.UserMBean, description=User from a user database, group=User, type=org.apache.catalina.User])
2019-05-11 11:06:15.483 DEBUG 8956 --- [kground-preinit] o.apache.tomcat.util.IntrospectionUtils  : IntrospectionUtils: callMethod1 java.util.ArrayList org.apache.tomcat.util.modeler.ManagedBean java.lang.Object
2019-05-11 11:06:15.483 DEBUG 8956 --- [kground-preinit] o.apache.tomcat.util.digester.Digester   :   Fire end() for SetPropertiesRule[]
2019-05-11 11:06:15.483 DEBUG 8956 --- [kground-preinit] o.apache.tomcat.util.digester.Digester   :   Fire end() for ObjectCreateRule[className=org.apache.tomcat.util.modeler.ManagedBean, attributeName=null]
2019-05-11 11:06:15.483 DEBUG 8956 --- [kground-preinit] o.apache.tomcat.util.digester.Digester   : [ObjectCreateRule]{mbeans-descriptors/mbean} Pop org.apache.tomcat.util.modeler.ManagedBean
2019-05-11 11:06:15.483 DEBUG 8956 --- [kground-preinit] o.a.tomcat.util.digester.Digester.sax    : characters(

)
2019-05-11 11:06:15.483 DEBUG 8956 --- [kground-preinit] o.a.tomcat.util.digester.Digester.sax    : endElement(,,mbeans-descriptors)
2019-05-11 11:06:15.483 DEBUG 8956 --- [kground-preinit] o.apache.tomcat.util.digester.Digester   :   match='mbeans-descriptors'
2019-05-11 11:06:15.483 DEBUG 8956 --- [kground-preinit] o.apache.tomcat.util.digester.Digester   :   bodyText='

  

  

  

'
2019-05-11 11:06:15.483 DEBUG 8956 --- [kground-preinit] o.apache.tomcat.util.digester.Digester   :   No rules found matching 'mbeans-descriptors'.
2019-05-11 11:06:15.483 DEBUG 8956 --- [kground-preinit] o.a.tomcat.util.digester.Digester.sax    : endDocument()
2019-05-11 11:06:15.484 DEBUG 8956 --- [kground-preinit] org.apache.tomcat.util.modeler.Registry  : Found jar:file:/F:/Repositories/Maven/org/apache/tomcat/embed/tomcat-embed-core/8.5.27/tomcat-embed-core-8.5.27.jar!/org/apache/catalina/deploy/mbeans-descriptors.xml
2019-05-11 11:06:15.484 DEBUG 8956 --- [kground-preinit] o.a.tomcat.util.digester.Digester.sax    : setDocumentLocator(org.apache.xerces.parsers.AbstractSAXParser$LocatorProxy@46dbd807)
2019-05-11 11:06:15.485 DEBUG 8956 --- [kground-preinit] o.a.tomcat.util.digester.Digester.sax    : startDocument()
2019-05-11 11:06:15.485 DEBUG 8956 --- [kground-preinit] o.a.tomcat.util.digester.Digester.sax    : startElement(,,mbeans-descriptors)
2019-05-11 11:06:15.485 DEBUG 8956 --- [kground-preinit] o.apache.tomcat.util.digester.Digester   :   New match='mbeans-descriptors'
2019-05-11 11:06:15.485 DEBUG 8956 --- [kground-preinit] o.apache.tomcat.util.digester.Digester   :   No rules found matching 'mbeans-descriptors'.
2019-05-11 11:06:15.485 DEBUG 8956 --- [kground-preinit] o.a.tomcat.util.digester.Digester.sax    : characters(

  )
2019-05-11 11:06:15.485 DEBUG 8956 --- [kground-preinit] o.a.tomcat.util.digester.Digester.sax    : startElement(,,mbean)
2019-05-11 11:06:15.486 DEBUG 8956 --- [kground-preinit] o.apache.tomcat.util.digester.Digester   :   New match='mbeans-descriptors/mbean'
2019-05-11 11:06:15.486 DEBUG 8956 --- [kground-preinit] o.apache.tomcat.util.digester.Digester   :   Fire begin() for ObjectCreateRule[className=org.apache.tomcat.util.modeler.ManagedBean, attributeName=null]
2019-05-11 11:06:15.486 DEBUG 8956 --- [kground-preinit] o.apache.tomcat.util.digester.Digester   : [ObjectCreateRule]{mbeans-descriptors/mbean}New org.apache.tomcat.util.modeler.ManagedBean
2019-05-11 11:06:15.486 DEBUG 8956 --- [kground-preinit] o.apache.tomcat.util.digester.Digester   :   Fire begin() for SetPropertiesRule[]
2019-05-11 11:06:15.486 DEBUG 8956 --- [kground-preinit] o.apache.tomcat.util.digester.Digester   : [SetPropertiesRule]{mbeans-descriptors/mbean} Set org.apache.tomcat.util.modeler.ManagedBean properties
2019-05-11 11:06:15.486 DEBUG 8956 --- [kground-preinit] o.apache.tomcat.util.digester.Digester   : [SetPropertiesRule]{mbeans-descriptors/mbean} Setting property 'name' to 'NamingResourcesImpl'
2019-05-11 11:06:15.486 DEBUG 8956 --- [kground-preinit] o.apache.tomcat.util.IntrospectionUtils  : IntrospectionUtils: setProperty(class org.apache.tomcat.util.modeler.ManagedBean name=NamingResourcesImpl)
2019-05-11 11:06:15.486 DEBUG 8956 --- [kground-preinit] o.apache.tomcat.util.digester.Digester   : [SetPropertiesRule]{mbeans-descriptors/mbean} Setting property 'className' to 'org.apache.catalina.mbeans.NamingResourcesMBean'
2019-05-11 11:06:15.486 DEBUG 8956 --- [kground-preinit] o.apache.tomcat.util.IntrospectionUtils  : IntrospectionUtils: setProperty(class org.apache.tomcat.util.modeler.ManagedBean className=org.apache.catalina.mbeans.NamingResourcesMBean)
2019-05-11 11:06:15.487 DEBUG 8956 --- [kground-preinit] o.apache.tomcat.util.digester.Digester   : [SetPropertiesRule]{mbeans-descriptors/mbean} Setting property 'description' to 'Holds and manages the naming resources defined in the                        J2EE Enterprise Naming Context and their associated                        JNDI context'
2019-05-11 11:06:15.487 DEBUG 8956 --- [kground-preinit] o.apache.tomcat.util.IntrospectionUtils  : IntrospectionUtils: setProperty(class org.apache.tomcat.util.modeler.ManagedBean description=Holds and manages the naming resources defined in the                        J2EE Enterprise Naming Context and their associated                        JNDI context)
2019-05-11 11:06:15.487 DEBUG 8956 --- [kground-preinit] o.apache.tomcat.util.digester.Digester   : [SetPropertiesRule]{mbeans-descriptors/mbean} Setting property 'domain' to 'Catalina'
2019-05-11 11:06:15.488 DEBUG 8956 --- [kground-preinit] o.apache.tomcat.util.IntrospectionUtils  : IntrospectionUtils: setProperty(class org.apache.tomcat.util.modeler.ManagedBean domain=Catalina)
2019-05-11 11:06:15.488 DEBUG 8956 --- [kground-preinit] o.apache.tomcat.util.digester.Digester   : [SetPropertiesRule]{mbeans-descriptors/mbean} Setting property 'group' to 'Resources'
2019-05-11 11:06:15.488 DEBUG 8956 --- [kground-preinit] o.apache.tomcat.util.IntrospectionUtils  : IntrospectionUtils: setProperty(class org.apache.tomcat.util.modeler.ManagedBean group=Resources)
2019-05-11 11:06:15.488 DEBUG 8956 --- [kground-preinit] o.apache.tomcat.util.digester.Digester   : [SetPropertiesRule]{mbeans-descriptors/mbean} Setting property 'type' to 'org.apache.catalina.deploy.NamingResourcesImpl'
2019-05-11 11:06:15.488 DEBUG 8956 --- [kground-preinit] o.apache.tomcat.util.IntrospectionUtils  : IntrospectionUtils: setProperty(class org.apache.tomcat.util.modeler.ManagedBean type=org.apache.catalina.deploy.NamingResourcesImpl)
2019-05-11 11:06:15.488 DEBUG 8956 --- [kground-preinit] o.apache.tomcat.util.digester.Digester   :   Fire begin() for SetNextRule[methodName=add, paramType=java.lang.Object]
2019-05-11 11:06:15.489 DEBUG 8956 --- [kground-preinit] o.a.tomcat.util.digester.Digester.sax    : characters(

    )
2019-05-11 11:06:15.489 DEBUG 8956 --- [kground-preinit] o.a.tomcat.util.digester.Digester.sax    : startElement(,,attribute)
2019-05-11 11:06:15.489 DEBUG 8956 --- [kground-preinit] o.apache.tomcat.util.digester.Digester   :   New match='mbeans-descriptors/mbean/attribute'
2019-05-11 11:06:15.489 DEBUG 8956 --- [kground-preinit] o.apache.tomcat.util.digester.Digester   :   Fire begin() for ObjectCreateRule[className=org.apache.tomcat.util.modeler.AttributeInfo, attributeName=null]
2019-05-11 11:06:15.489 DEBUG 8956 --- [kground-preinit] o.apache.tomcat.util.digester.Digester   : [ObjectCreateRule]{mbeans-descriptors/mbean/attribute}New org.apache.tomcat.util.modeler.AttributeInfo
2019-05-11 11:06:15.489 DEBUG 8956 --- [kground-preinit] o.apache.tomcat.util.digester.Digester   :   Fire begin() for SetPropertiesRule[]
2019-05-11 11:06:15.489 DEBUG 8956 --- [kground-preinit] o.apache.tomcat.util.digester.Digester   : [SetPropertiesRule]{mbeans-descriptors/mbean/attribute} Set org.apache.tomcat.util.modeler.AttributeInfo properties
2019-05-11 11:06:15.489 DEBUG 8956 --- [kground-preinit] o.apache.tomcat.util.digester.Digester   : [SetPropertiesRule]{mbeans-descriptors/mbean/attribute} Setting property 'name' to 'container'
2019-05-11 11:06:15.489 DEBUG 8956 --- [kground-preinit] o.apache.tomcat.util.IntrospectionUtils  : IntrospectionUtils: setProperty(class org.apache.tomcat.util.modeler.AttributeInfo name=container)
2019-05-11 11:06:15.489 DEBUG 8956 --- [kground-preinit] o.apache.tomcat.util.digester.Digester   : [SetPropertiesRule]{mbeans-descriptors/mbean/attribute} Setting property 'description' to 'The container with which the naming resources are associated.'
2019-05-11 11:06:15.490 DEBUG 8956 --- [kground-preinit] o.apache.tomcat.util.IntrospectionUtils  : IntrospectionUtils: setProperty(class org.apache.tomcat.util.modeler.AttributeInfo description=The container with which the naming resources are associated.)
2019-05-11 11:06:15.490 DEBUG 8956 --- [kground-preinit] o.apache.tomcat.util.digester.Digester   : [SetPropertiesRule]{mbeans-descriptors/mbean/attribute} Setting property 'type' to 'java.lang.Object'
2019-05-11 11:06:15.490 DEBUG 8956 --- [kground-preinit] o.apache.tomcat.util.IntrospectionUtils  : IntrospectionUtils: setProperty(class org.apache.tomcat.util.modeler.AttributeInfo type=java.lang.Object)
2019-05-11 11:06:15.490 DEBUG 8956 --- [kground-preinit] o.apache.tomcat.util.digester.Digester   : [SetPropertiesRule]{mbeans-descriptors/mbean/attribute} Setting property 'writeable' to 'false'
2019-05-11 11:06:15.490 DEBUG 8956 --- [kground-preinit] o.apache.tomcat.util.IntrospectionUtils  : IntrospectionUtils: setProperty(class org.apache.tomcat.util.modeler.AttributeInfo writeable=false)
2019-05-11 11:06:15.490 DEBUG 8956 --- [kground-preinit] o.apache.tomcat.util.digester.Digester   :   Fire begin() for SetNextRule[methodName=addAttribute, paramType=org.apache.tomcat.util.modeler.AttributeInfo]
2019-05-11 11:06:15.491 DEBUG 8956 --- [kground-preinit] o.a.tomcat.util.digester.Digester.sax    : endElement(,,attribute)
2019-05-11 11:06:15.491 DEBUG 8956 --- [kground-preinit] o.apache.tomcat.util.digester.Digester   :   match='mbeans-descriptors/mbean/attribute'
2019-05-11 11:06:15.491 DEBUG 8956 --- [kground-preinit] o.apache.tomcat.util.digester.Digester   :   bodyText=''
2019-05-11 11:06:15.491 DEBUG 8956 --- [kground-preinit] o.apache.tomcat.util.digester.Digester   :   Fire body() for ObjectCreateRule[className=org.apache.tomcat.util.modeler.AttributeInfo, attributeName=null]
2019-05-11 11:06:15.492 DEBUG 8956 --- [kground-preinit] o.apache.tomcat.util.digester.Digester   :   Fire body() for SetPropertiesRule[]
2019-05-11 11:06:15.492 DEBUG 8956 --- [kground-preinit] o.apache.tomcat.util.digester.Digester   :   Fire body() for SetNextRule[methodName=addAttribute, paramType=org.apache.tomcat.util.modeler.AttributeInfo]
2019-05-11 11:06:15.492 DEBUG 8956 --- [kground-preinit] o.apache.tomcat.util.digester.Digester   :   Fire end() for SetNextRule[methodName=addAttribute, paramType=org.apache.tomcat.util.modeler.AttributeInfo]
2019-05-11 11:06:15.492 DEBUG 8956 --- [kground-preinit] o.apache.tomcat.util.digester.Digester   : [SetNextRule]{mbeans-descriptors/mbean/attribute} Call org.apache.tomcat.util.modeler.ManagedBean.addAttribute(org.apache.tomcat.util.modeler.AttributeInfo@6c80caff)
2019-05-11 11:06:15.492 DEBUG 8956 --- [kground-preinit] o.apache.tomcat.util.IntrospectionUtils  : IntrospectionUtils: callMethod1 org.apache.tomcat.util.modeler.ManagedBean org.apache.tomcat.util.modeler.AttributeInfo org.apache.tomcat.util.modeler.AttributeInfo
2019-05-11 11:06:15.492 DEBUG 8956 --- [kground-preinit] o.apache.tomcat.util.digester.Digester   :   Fire end() for SetPropertiesRule[]
2019-05-11 11:06:15.492 DEBUG 8956 --- [kground-preinit] o.apache.tomcat.util.digester.Digester   :   Fire end() for ObjectCreateRule[className=org.apache.tomcat.util.modeler.AttributeInfo, attributeName=null]
2019-05-11 11:06:15.492 DEBUG 8956 --- [kground-preinit] o.apache.tomcat.util.digester.Digester   : [ObjectCreateRule]{mbeans-descriptors/mbean/attribute} Pop org.apache.tomcat.util.modeler.AttributeInfo
2019-05-11 11:06:15.492 DEBUG 8956 --- [kground-preinit] o.a.tomcat.util.digester.Digester.sax    : characters(

    )
2019-05-11 11:06:15.492 DEBUG 8956 --- [kground-preinit] o.a.tomcat.util.digester.Digester.sax    : startElement(,,attribute)
2019-05-11 11:06:15.492 DEBUG 8956 --- [kground-preinit] o.apache.tomcat.util.digester.Digester   :   New match='mbeans-descriptors/mbean/attribute'
2019-05-11 11:06:15.492 DEBUG 8956 --- [kground-preinit] o.apache.tomcat.util.digester.Digester   :   Fire begin() for ObjectCreateRule[className=org.apache.tomcat.util.modeler.AttributeInfo, attributeName=null]
2019-05-11 11:06:15.493 DEBUG 8956 --- [kground-preinit] o.apache.tomcat.util.digester.Digester   : [ObjectCreateRule]{mbeans-descriptors/mbean/attribute}New org.apache.tomcat.util.modeler.AttributeInfo
2019-05-11 11:06:15.493 DEBUG 8956 --- [kground-preinit] o.apache.tomcat.util.digester.Digester   :   Fire begin() for SetPropertiesRule[]
2019-05-11 11:06:15.493 DEBUG 8956 --- [kground-preinit] o.apache.tomcat.util.digester.Digester   : [SetPropertiesRule]{mbeans-descriptors/mbean/attribute} Set org.apache.tomcat.util.modeler.AttributeInfo properties
2019-05-11 11:06:15.493 DEBUG 8956 --- [kground-preinit] o.apache.tomcat.util.digester.Digester   : [SetPropertiesRule]{mbeans-descriptors/mbean/attribute} Setting property 'name' to 'environments'
2019-05-11 11:06:15.493 DEBUG 8956 --- [kground-preinit] o.apache.tomcat.util.IntrospectionUtils  : IntrospectionUtils: setProperty(class org.apache.tomcat.util.modeler.AttributeInfo name=environments)
2019-05-11 11:06:15.493 DEBUG 8956 --- [kground-preinit] o.apache.tomcat.util.digester.Digester   : [SetPropertiesRule]{mbeans-descriptors/mbean/attribute} Setting property 'description' to 'MBean Names of the set of defined environment entries                        for this web application'
2019-05-11 11:06:15.493 DEBUG 8956 --- [kground-preinit] o.apache.tomcat.util.IntrospectionUtils  : IntrospectionUtils: setProperty(class org.apache.tomcat.util.modeler.AttributeInfo description=MBean Names of the set of defined environment entries                        for this web application)
2019-05-11 11:06:15.493 DEBUG 8956 --- [kground-preinit] o.apache.tomcat.util.digester.Digester   : [SetPropertiesRule]{mbeans-descriptors/mbean/attribute} Setting property 'type' to '[Ljava.lang.String;'
2019-05-11 11:06:15.493 DEBUG 8956 --- [kground-preinit] o.apache.tomcat.util.IntrospectionUtils  : IntrospectionUtils: setProperty(class org.apache.tomcat.util.modeler.AttributeInfo type=[Ljava.lang.String;)
2019-05-11 11:06:15.493 DEBUG 8956 --- [kground-preinit] o.apache.tomcat.util.digester.Digester   : [SetPropertiesRule]{mbeans-descriptors/mbean/attribute} Setting property 'writeable' to 'false'
2019-05-11 11:06:15.493 DEBUG 8956 --- [kground-preinit] o.apache.tomcat.util.IntrospectionUtils  : IntrospectionUtils: setProperty(class org.apache.tomcat.util.modeler.AttributeInfo writeable=false)
2019-05-11 11:06:15.493 DEBUG 8956 --- [kground-preinit] o.apache.tomcat.util.digester.Digester   :   Fire begin() for SetNextRule[methodName=addAttribute, paramType=org.apache.tomcat.util.modeler.AttributeInfo]
2019-05-11 11:06:15.493 DEBUG 8956 --- [kground-preinit] o.a.tomcat.util.digester.Digester.sax    : endElement(,,attribute)
2019-05-11 11:06:15.493 DEBUG 8956 --- [kground-preinit] o.apache.tomcat.util.digester.Digester   :   match='mbeans-descriptors/mbean/attribute'
2019-05-11 11:06:15.494 DEBUG 8956 --- [kground-preinit] o.apache.tomcat.util.digester.Digester   :   bodyText=''
2019-05-11 11:06:15.494 DEBUG 8956 --- [kground-preinit] o.apache.tomcat.util.digester.Digester   :   Fire body() for ObjectCreateRule[className=org.apache.tomcat.util.modeler.AttributeInfo, attributeName=null]
2019-05-11 11:06:15.494 DEBUG 8956 --- [kground-preinit] o.apache.tomcat.util.digester.Digester   :   Fire body() for SetPropertiesRule[]
2019-05-11 11:06:15.494 DEBUG 8956 --- [kground-preinit] o.apache.tomcat.util.digester.Digester   :   Fire body() for SetNextRule[methodName=addAttribute, paramType=org.apache.tomcat.util.modeler.AttributeInfo]
2019-05-11 11:06:15.494 DEBUG 8956 --- [kground-preinit] o.apache.tomcat.util.digester.Digester   :   Fire end() for SetNextRule[methodName=addAttribute, paramType=org.apache.tomcat.util.modeler.AttributeInfo]
2019-05-11 11:06:15.494 DEBUG 8956 --- [kground-preinit] o.apache.tomcat.util.digester.Digester   : [SetNextRule]{mbeans-descriptors/mbean/attribute} Call org.apache.tomcat.util.modeler.ManagedBean.addAttribute(org.apache.tomcat.util.modeler.AttributeInfo@74b9eab7)
2019-05-11 11:06:15.494 DEBUG 8956 --- [kground-preinit] o.apache.tomcat.util.IntrospectionUtils  : IntrospectionUtils: callMethod1 org.apache.tomcat.util.modeler.ManagedBean org.apache.tomcat.util.modeler.AttributeInfo org.apache.tomcat.util.modeler.AttributeInfo
2019-05-11 11:06:15.494 DEBUG 8956 --- [kground-preinit] o.apache.tomcat.util.digester.Digester   :   Fire end() for SetPropertiesRule[]
2019-05-11 11:06:15.494 DEBUG 8956 --- [kground-preinit] o.apache.tomcat.util.digester.Digester   :   Fire end() for ObjectCreateRule[className=org.apache.tomcat.util.modeler.AttributeInfo, attributeName=null]
2019-05-11 11:06:15.494 DEBUG 8956 --- [kground-preinit] o.apache.tomcat.util.digester.Digester   : [ObjectCreateRule]{mbeans-descriptors/mbean/attribute} Pop org.apache.tomcat.util.modeler.AttributeInfo
2019-05-11 11:06:15.494 DEBUG 8956 --- [kground-preinit] o.a.tomcat.util.digester.Digester.sax    : characters(

    )
2019-05-11 11:06:15.494 DEBUG 8956 --- [kground-preinit] o.a.tomcat.util.digester.Digester.sax    : startElement(,,attribute)
2019-05-11 11:06:15.494 DEBUG 8956 --- [kground-preinit] o.apache.tomcat.util.digester.Digester   :   New match='mbeans-descriptors/mbean/attribute'
2019-05-11 11:06:15.495 DEBUG 8956 --- [kground-preinit] o.apache.tomcat.util.digester.Digester   :   Fire begin() for ObjectCreateRule[className=org.apache.tomcat.util.modeler.AttributeInfo, attributeName=null]
2019-05-11 11:06:15.495 DEBUG 8956 --- [kground-preinit] o.apache.tomcat.util.digester.Digester   : [ObjectCreateRule]{mbeans-descriptors/mbean/attribute}New org.apache.tomcat.util.modeler.AttributeInfo
2019-05-11 11:06:15.495 DEBUG 8956 --- [kground-preinit] o.apache.tomcat.util.digester.Digester   :   Fire begin() for SetPropertiesRule[]
2019-05-11 11:06:15.495 DEBUG 8956 --- [kground-preinit] o.apache.tomcat.util.digester.Digester   : [SetPropertiesRule]{mbeans-descriptors/mbean/attribute} Set org.apache.tomcat.util.modeler.AttributeInfo properties
2019-05-11 11:06:15.495 DEBUG 8956 --- [kground-preinit] o.apache.tomcat.util.digester.Digester   : [SetPropertiesRule]{mbeans-descriptors/mbean/attribute} Setting property 'name' to 'resources'
2019-05-11 11:06:15.495 DEBUG 8956 --- [kground-preinit] o.apache.tomcat.util.IntrospectionUtils  : IntrospectionUtils: setProperty(class org.apache.tomcat.util.modeler.AttributeInfo name=resources)
2019-05-11 11:06:15.495 DEBUG 8956 --- [kground-preinit] o.apache.tomcat.util.digester.Digester   : [SetPropertiesRule]{mbeans-descriptors/mbean/attribute} Setting property 'description' to 'MBean Names of all the defined resource references                        for this application.'
2019-05-11 11:06:15.495 DEBUG 8956 --- [kground-preinit] o.apache.tomcat.util.IntrospectionUtils  : IntrospectionUtils: setProperty(class org.apache.tomcat.util.modeler.AttributeInfo description=MBean Names of all the defined resource references                        for this application.)
2019-05-11 11:06:15.495 DEBUG 8956 --- [kground-preinit] o.apache.tomcat.util.digester.Digester   : [SetPropertiesRule]{mbeans-descriptors/mbean/attribute} Setting property 'type' to '[Ljava.lang.String;'
2019-05-11 11:06:15.495 DEBUG 8956 --- [kground-preinit] o.apache.tomcat.util.IntrospectionUtils  : IntrospectionUtils: setProperty(class org.apache.tomcat.util.modeler.AttributeInfo type=[Ljava.lang.String;)
2019-05-11 11:06:15.495 DEBUG 8956 --- [kground-preinit] o.apache.tomcat.util.digester.Digester   : [SetPropertiesRule]{mbeans-descriptors/mbean/attribute} Setting property 'writeable' to 'false'
2019-05-11 11:06:15.495 DEBUG 8956 --- [kground-preinit] o.apache.tomcat.util.IntrospectionUtils  : IntrospectionUtils: setProperty(class org.apache.tomcat.util.modeler.AttributeInfo writeable=false)
2019-05-11 11:06:15.496 DEBUG 8956 --- [kground-preinit] o.apache.tomcat.util.digester.Digester   :   Fire begin() for SetNextRule[methodName=addAttribute, paramType=org.apache.tomcat.util.modeler.AttributeInfo]
2019-05-11 11:06:15.496 DEBUG 8956 --- [kground-preinit] o.a.tomcat.util.digester.Digester.sax    : endElement(,,attribute)
2019-05-11 11:06:15.496 DEBUG 8956 --- [kground-preinit] o.apache.tomcat.util.digester.Digester   :   match='mbeans-descriptors/mbean/attribute'
2019-05-11 11:06:15.496 DEBUG 8956 --- [kground-preinit] o.apache.tomcat.util.digester.Digester   :   bodyText=''
2019-05-11 11:06:15.496 DEBUG 8956 --- [kground-preinit] o.apache.tomcat.util.digester.Digester   :   Fire body() for ObjectCreateRule[className=org.apache.tomcat.util.modeler.AttributeInfo, attributeName=null]
2019-05-11 11:06:15.496 DEBUG 8956 --- [kground-preinit] o.apache.tomcat.util.digester.Digester   :   Fire body() for SetPropertiesRule[]
2019-05-11 11:06:15.496 DEBUG 8956 --- [kground-preinit] o.apache.tomcat.util.digester.Digester   :   Fire body() for SetNextRule[methodName=addAttribute, paramType=org.apache.tomcat.util.modeler.AttributeInfo]
2019-05-11 11:06:15.496 DEBUG 8956 --- [kground-preinit] o.apache.tomcat.util.digester.Digester   :   Fire end() for SetNextRule[methodName=addAttribute, paramType=org.apache.tomcat.util.modeler.AttributeInfo]
2019-05-11 11:06:15.497 DEBUG 8956 --- [kground-preinit] o.apache.tomcat.util.digester.Digester   : [SetNextRule]{mbeans-descriptors/mbean/attribute} Call org.apache.tomcat.util.modeler.ManagedBean.addAttribute(org.apache.tomcat.util.modeler.AttributeInfo@7371926c)
2019-05-11 11:06:15.497 DEBUG 8956 --- [kground-preinit] o.apache.tomcat.util.IntrospectionUtils  : IntrospectionUtils: callMethod1 org.apache.tomcat.util.modeler.ManagedBean org.apache.tomcat.util.modeler.AttributeInfo org.apache.tomcat.util.modeler.AttributeInfo
2019-05-11 11:06:15.497 DEBUG 8956 --- [kground-preinit] o.apache.tomcat.util.digester.Digester   :   Fire end() for SetPropertiesRule[]
2019-05-11 11:06:15.497 DEBUG 8956 --- [kground-preinit] o.apache.tomcat.util.digester.Digester   :   Fire end() for ObjectCreateRule[className=org.apache.tomcat.util.modeler.AttributeInfo, attributeName=null]
2019-05-11 11:06:15.497 DEBUG 8956 --- [kground-preinit] o.apache.tomcat.util.digester.Digester   : [ObjectCreateRule]{mbeans-descriptors/mbean/attribute} Pop org.apache.tomcat.util.modeler.AttributeInfo
2019-05-11 11:06:15.497 DEBUG 8956 --- [kground-preinit] o.a.tomcat.util.digester.Digester.sax    : characters(

    )
2019-05-11 11:06:15.497 DEBUG 8956 --- [kground-preinit] o.a.tomcat.util.digester.Digester.sax    : startElement(,,attribute)
2019-05-11 11:06:15.497 DEBUG 8956 --- [kground-preinit] o.apache.tomcat.util.digester.Digester   :   New match='mbeans-descriptors/mbean/attribute'
2019-05-11 11:06:15.497 DEBUG 8956 --- [kground-preinit] o.apache.tomcat.util.digester.Digester   :   Fire begin() for ObjectCreateRule[className=org.apache.tomcat.util.modeler.AttributeInfo, attributeName=null]
2019-05-11 11:06:15.498 DEBUG 8956 --- [kground-preinit] o.apache.tomcat.util.digester.Digester   : [ObjectCreateRule]{mbeans-descriptors/mbean/attribute}New org.apache.tomcat.util.modeler.AttributeInfo
2019-05-11 11:06:15.498 DEBUG 8956 --- [kground-preinit] o.apache.tomcat.util.digester.Digester   :   Fire begin() for SetPropertiesRule[]
2019-05-11 11:06:15.498 DEBUG 8956 --- [kground-preinit] o.apache.tomcat.util.digester.Digester   : [SetPropertiesRule]{mbeans-descriptors/mbean/attribute} Set org.apache.tomcat.util.modeler.AttributeInfo properties
2019-05-11 11:06:15.498 DEBUG 8956 --- [kground-preinit] o.apache.tomcat.util.digester.Digester   : [SetPropertiesRule]{mbeans-descriptors/mbean/attribute} Setting property 'name' to 'resourceLinks'
2019-05-11 11:06:15.498 DEBUG 8956 --- [kground-preinit] o.apache.tomcat.util.IntrospectionUtils  : IntrospectionUtils: setProperty(class org.apache.tomcat.util.modeler.AttributeInfo name=resourceLinks)
2019-05-11 11:06:15.498 DEBUG 8956 --- [kground-preinit] o.apache.tomcat.util.digester.Digester   : [SetPropertiesRule]{mbeans-descriptors/mbean/attribute} Setting property 'description' to 'MBean Names of all the defined resource link references                        for this application.'
2019-05-11 11:06:15.498 DEBUG 8956 --- [kground-preinit] o.apache.tomcat.util.IntrospectionUtils  : IntrospectionUtils: setProperty(class org.apache.tomcat.util.modeler.AttributeInfo description=MBean Names of all the defined resource link references                        for this application.)
2019-05-11 11:06:15.498 DEBUG 8956 --- [kground-preinit] o.apache.tomcat.util.digester.Digester   : [SetPropertiesRule]{mbeans-descriptors/mbean/attribute} Setting property 'type' to '[Ljava.lang.String;'
2019-05-11 11:06:15.498 DEBUG 8956 --- [kground-preinit] o.apache.tomcat.util.IntrospectionUtils  : IntrospectionUtils: setProperty(class org.apache.tomcat.util.modeler.AttributeInfo type=[Ljava.lang.String;)
2019-05-11 11:06:15.498 DEBUG 8956 --- [kground-preinit] o.apache.tomcat.util.digester.Digester   : [SetPropertiesRule]{mbeans-descriptors/mbean/attribute} Setting property 'writeable' to 'false'
2019-05-11 11:06:15.498 DEBUG 8956 --- [kground-preinit] o.apache.tomcat.util.IntrospectionUtils  : IntrospectionUtils: setProperty(class org.apache.tomcat.util.modeler.AttributeInfo writeable=false)
2019-05-11 11:06:15.498 DEBUG 8956 --- [kground-preinit] o.apache.tomcat.util.digester.Digester   :   Fire begin() for SetNextRule[methodName=addAttribute, paramType=org.apache.tomcat.util.modeler.AttributeInfo]
2019-05-11 11:06:15.499 DEBUG 8956 --- [kground-preinit] o.a.tomcat.util.digester.Digester.sax    : endElement(,,attribute)
2019-05-11 11:06:15.499 DEBUG 8956 --- [kground-preinit] o.apache.tomcat.util.digester.Digester   :   match='mbeans-descriptors/mbean/attribute'
2019-05-11 11:06:15.499 DEBUG 8956 --- [kground-preinit] o.apache.tomcat.util.digester.Digester   :   bodyText=''
2019-05-11 11:06:15.499 DEBUG 8956 --- [kground-preinit] o.apache.tomcat.util.digester.Digester   :   Fire body() for ObjectCreateRule[className=org.apache.tomcat.util.modeler.AttributeInfo, attributeName=null]
2019-05-11 11:06:15.499 DEBUG 8956 --- [kground-preinit] o.apache.tomcat.util.digester.Digester   :   Fire body() for SetPropertiesRule[]
2019-05-11 11:06:15.499 DEBUG 8956 --- [kground-preinit] o.apache.tomcat.util.digester.Digester   :   Fire body() for SetNextRule[methodName=addAttribute, paramType=org.apache.tomcat.util.modeler.AttributeInfo]
2019-05-11 11:06:15.499 DEBUG 8956 --- [kground-preinit] o.apache.tomcat.util.digester.Digester   :   Fire end() for SetNextRule[methodName=addAttribute, paramType=org.apache.tomcat.util.modeler.AttributeInfo]
2019-05-11 11:06:15.499 DEBUG 8956 --- [kground-preinit] o.apache.tomcat.util.digester.Digester   : [SetNextRule]{mbeans-descriptors/mbean/attribute} Call org.apache.tomcat.util.modeler.ManagedBean.addAttribute(org.apache.tomcat.util.modeler.AttributeInfo@6bf267e5)
2019-05-11 11:06:15.499 DEBUG 8956 --- [kground-preinit] o.apache.tomcat.util.IntrospectionUtils  : IntrospectionUtils: callMethod1 org.apache.tomcat.util.modeler.ManagedBean org.apache.tomcat.util.modeler.AttributeInfo org.apache.tomcat.util.modeler.AttributeInfo
2019-05-11 11:06:15.499 DEBUG 8956 --- [kground-preinit] o.apache.tomcat.util.digester.Digester   :   Fire end() for SetPropertiesRule[]
2019-05-11 11:06:15.499 DEBUG 8956 --- [kground-preinit] o.apache.tomcat.util.digester.Digester   :   Fire end() for ObjectCreateRule[className=org.apache.tomcat.util.modeler.AttributeInfo, attributeName=null]
2019-05-11 11:06:15.499 DEBUG 8956 --- [kground-preinit] o.apache.tomcat.util.digester.Digester   : [ObjectCreateRule]{mbeans-descriptors/mbean/attribute} Pop org.apache.tomcat.util.modeler.AttributeInfo
2019-05-11 11:06:15.499 DEBUG 8956 --- [kground-preinit] o.a.tomcat.util.digester.Digester.sax    : characters(

    )
2019-05-11 11:06:15.499 DEBUG 8956 --- [kground-preinit] o.a.tomcat.util.digester.Digester.sax    : startElement(,,operation)
2019-05-11 11:06:15.500 DEBUG 8956 --- [kground-preinit] o.apache.tomcat.util.digester.Digester   :   New match='mbeans-descriptors/mbean/operation'
2019-05-11 11:06:15.500 DEBUG 8956 --- [kground-preinit] o.apache.tomcat.util.digester.Digester   :   Fire begin() for ObjectCreateRule[className=org.apache.tomcat.util.modeler.OperationInfo, attributeName=null]
2019-05-11 11:06:15.500 DEBUG 8956 --- [kground-preinit] o.apache.tomcat.util.digester.Digester   : [ObjectCreateRule]{mbeans-descriptors/mbean/operation}New org.apache.tomcat.util.modeler.OperationInfo
2019-05-11 11:06:15.500 DEBUG 8956 --- [kground-preinit] o.apache.tomcat.util.digester.Digester   :   Fire begin() for SetPropertiesRule[]
2019-05-11 11:06:15.500 DEBUG 8956 --- [kground-preinit] o.apache.tomcat.util.digester.Digester   : [SetPropertiesRule]{mbeans-descriptors/mbean/operation} Set org.apache.tomcat.util.modeler.OperationInfo properties
2019-05-11 11:06:15.500 DEBUG 8956 --- [kground-preinit] o.apache.tomcat.util.digester.Digester   : [SetPropertiesRule]{mbeans-descriptors/mbean/operation} Setting property 'name' to 'addEnvironment'
2019-05-11 11:06:15.500 DEBUG 8956 --- [kground-preinit] o.apache.tomcat.util.IntrospectionUtils  : IntrospectionUtils: setProperty(class org.apache.tomcat.util.modeler.OperationInfo name=addEnvironment)
2019-05-11 11:06:15.500 DEBUG 8956 --- [kground-preinit] o.apache.tomcat.util.digester.Digester   : [SetPropertiesRule]{mbeans-descriptors/mbean/operation} Setting property 'description' to 'Add an environment entry for this web application'
2019-05-11 11:06:15.500 DEBUG 8956 --- [kground-preinit] o.apache.tomcat.util.IntrospectionUtils  : IntrospectionUtils: setProperty(class org.apache.tomcat.util.modeler.OperationInfo description=Add an environment entry for this web application)
2019-05-11 11:06:15.500 DEBUG 8956 --- [kground-preinit] o.apache.tomcat.util.digester.Digester   : [SetPropertiesRule]{mbeans-descriptors/mbean/operation} Setting property 'impact' to 'ACTION'
2019-05-11 11:06:15.500 DEBUG 8956 --- [kground-preinit] o.apache.tomcat.util.IntrospectionUtils  : IntrospectionUtils: setProperty(class org.apache.tomcat.util.modeler.OperationInfo impact=ACTION)
2019-05-11 11:06:15.501 DEBUG 8956 --- [kground-preinit] o.apache.tomcat.util.digester.Digester   : [SetPropertiesRule]{mbeans-descriptors/mbean/operation} Setting property 'returnType' to 'void'
2019-05-11 11:06:15.501 DEBUG 8956 --- [kground-preinit] o.apache.tomcat.util.IntrospectionUtils  : IntrospectionUtils: setProperty(class org.apache.tomcat.util.modeler.OperationInfo returnType=void)
2019-05-11 11:06:15.501 DEBUG 8956 --- [kground-preinit] o.apache.tomcat.util.digester.Digester   :   Fire begin() for SetNextRule[methodName=addOperation, paramType=org.apache.tomcat.util.modeler.OperationInfo]
2019-05-11 11:06:15.501 DEBUG 8956 --- [kground-preinit] o.a.tomcat.util.digester.Digester.sax    : characters(
      )
2019-05-11 11:06:15.501 DEBUG 8956 --- [kground-preinit] o.a.tomcat.util.digester.Digester.sax    : startElement(,,parameter)
2019-05-11 11:06:15.501 DEBUG 8956 --- [kground-preinit] o.apache.tomcat.util.digester.Digester   :   New match='mbeans-descriptors/mbean/operation/parameter'
2019-05-11 11:06:15.501 DEBUG 8956 --- [kground-preinit] o.apache.tomcat.util.digester.Digester   :   Fire begin() for ObjectCreateRule[className=org.apache.tomcat.util.modeler.ParameterInfo, attributeName=null]
2019-05-11 11:06:15.501 DEBUG 8956 --- [kground-preinit] o.apache.tomcat.util.digester.Digester   : [ObjectCreateRule]{mbeans-descriptors/mbean/operation/parameter}New org.apache.tomcat.util.modeler.ParameterInfo
2019-05-11 11:06:15.501 DEBUG 8956 --- [kground-preinit] o.apache.tomcat.util.digester.Digester   :   Fire begin() for SetPropertiesRule[]
2019-05-11 11:06:15.501 DEBUG 8956 --- [kground-preinit] o.apache.tomcat.util.digester.Digester   : [SetPropertiesRule]{mbeans-descriptors/mbean/operation/parameter} Set org.apache.tomcat.util.modeler.ParameterInfo properties
2019-05-11 11:06:15.501 DEBUG 8956 --- [kground-preinit] o.apache.tomcat.util.digester.Digester   : [SetPropertiesRule]{mbeans-descriptors/mbean/operation/parameter} Setting property 'name' to 'envName'
2019-05-11 11:06:15.501 DEBUG 8956 --- [kground-preinit] o.apache.tomcat.util.IntrospectionUtils  : IntrospectionUtils: setProperty(class org.apache.tomcat.util.modeler.ParameterInfo name=envName)
2019-05-11 11:06:15.502 DEBUG 8956 --- [kground-preinit] o.apache.tomcat.util.digester.Digester   : [SetPropertiesRule]{mbeans-descriptors/mbean/operation/parameter} Setting property 'description' to 'New environment entry name'
2019-05-11 11:06:15.502 DEBUG 8956 --- [kground-preinit] o.apache.tomcat.util.IntrospectionUtils  : IntrospectionUtils: setProperty(class org.apache.tomcat.util.modeler.ParameterInfo description=New environment entry name)
2019-05-11 11:06:15.502 DEBUG 8956 --- [kground-preinit] o.apache.tomcat.util.digester.Digester   : [SetPropertiesRule]{mbeans-descriptors/mbean/operation/parameter} Setting property 'type' to 'java.lang.String'
2019-05-11 11:06:15.502 DEBUG 8956 --- [kground-preinit] o.apache.tomcat.util.IntrospectionUtils  : IntrospectionUtils: setProperty(class org.apache.tomcat.util.modeler.ParameterInfo type=java.lang.String)
2019-05-11 11:06:15.502 DEBUG 8956 --- [kground-preinit] o.apache.tomcat.util.digester.Digester   :   Fire begin() for SetNextRule[methodName=addParameter, paramType=org.apache.tomcat.util.modeler.ParameterInfo]
2019-05-11 11:06:15.502 DEBUG 8956 --- [kground-preinit] o.a.tomcat.util.digester.Digester.sax    : endElement(,,parameter)
2019-05-11 11:06:15.502 DEBUG 8956 --- [kground-preinit] o.apache.tomcat.util.digester.Digester   :   match='mbeans-descriptors/mbean/operation/parameter'
2019-05-11 11:06:15.502 DEBUG 8956 --- [kground-preinit] o.apache.tomcat.util.digester.Digester   :   bodyText=''
2019-05-11 11:06:15.502 DEBUG 8956 --- [kground-preinit] o.apache.tomcat.util.digester.Digester   :   Fire body() for ObjectCreateRule[className=org.apache.tomcat.util.modeler.ParameterInfo, attributeName=null]
2019-05-11 11:06:15.502 DEBUG 8956 --- [kground-preinit] o.apache.tomcat.util.digester.Digester   :   Fire body() for SetPropertiesRule[]
2019-05-11 11:06:15.502 DEBUG 8956 --- [kground-preinit] o.apache.tomcat.util.digester.Digester   :   Fire body() for SetNextRule[methodName=addParameter, paramType=org.apache.tomcat.util.modeler.ParameterInfo]
2019-05-11 11:06:15.502 DEBUG 8956 --- [kground-preinit] o.apache.tomcat.util.digester.Digester   :   Fire end() for SetNextRule[methodName=addParameter, paramType=org.apache.tomcat.util.modeler.ParameterInfo]
2019-05-11 11:06:15.502 DEBUG 8956 --- [kground-preinit] o.apache.tomcat.util.digester.Digester   : [SetNextRule]{mbeans-descriptors/mbean/operation/parameter} Call org.apache.tomcat.util.modeler.OperationInfo.addParameter(org.apache.tomcat.util.modeler.ParameterInfo@14f9f56)
2019-05-11 11:06:15.503 DEBUG 8956 --- [kground-preinit] o.apache.tomcat.util.IntrospectionUtils  : IntrospectionUtils: callMethod1 org.apache.tomcat.util.modeler.OperationInfo org.apache.tomcat.util.modeler.ParameterInfo org.apache.tomcat.util.modeler.ParameterInfo
2019-05-11 11:06:15.503 DEBUG 8956 --- [kground-preinit] o.apache.tomcat.util.digester.Digester   :   Fire end() for SetPropertiesRule[]
2019-05-11 11:06:15.503 DEBUG 8956 --- [kground-preinit] o.apache.tomcat.util.digester.Digester   :   Fire end() for ObjectCreateRule[className=org.apache.tomcat.util.modeler.ParameterInfo, attributeName=null]
2019-05-11 11:06:15.503 DEBUG 8956 --- [kground-preinit] o.apache.tomcat.util.digester.Digester   : [ObjectCreateRule]{mbeans-descriptors/mbean/operation/parameter} Pop org.apache.tomcat.util.modeler.ParameterInfo
2019-05-11 11:06:15.503 DEBUG 8956 --- [kground-preinit] o.a.tomcat.util.digester.Digester.sax    : characters(
      )
2019-05-11 11:06:15.503 DEBUG 8956 --- [kground-preinit] o.a.tomcat.util.digester.Digester.sax    : startElement(,,parameter)
2019-05-11 11:06:15.503 DEBUG 8956 --- [kground-preinit] o.apache.tomcat.util.digester.Digester   :   New match='mbeans-descriptors/mbean/operation/parameter'
2019-05-11 11:06:15.503 DEBUG 8956 --- [kground-preinit] o.apache.tomcat.util.digester.Digester   :   Fire begin() for ObjectCreateRule[className=org.apache.tomcat.util.modeler.ParameterInfo, attributeName=null]
2019-05-11 11:06:15.503 DEBUG 8956 --- [kground-preinit] o.apache.tomcat.util.digester.Digester   : [ObjectCreateRule]{mbeans-descriptors/mbean/operation/parameter}New org.apache.tomcat.util.modeler.ParameterInfo
2019-05-11 11:06:15.503 DEBUG 8956 --- [kground-preinit] o.apache.tomcat.util.digester.Digester   :   Fire begin() for SetPropertiesRule[]
2019-05-11 11:06:15.510 DEBUG 8956 --- [kground-preinit] o.apache.tomcat.util.digester.Digester   : [SetPropertiesRule]{mbeans-descriptors/mbean/operation/parameter} Set org.apache.tomcat.util.modeler.ParameterInfo properties
2019-05-11 11:06:15.511 DEBUG 8956 --- [kground-preinit] o.apache.tomcat.util.digester.Digester   : [SetPropertiesRule]{mbeans-descriptors/mbean/operation/parameter} Setting property 'name' to 'type'
2019-05-11 11:06:15.512 DEBUG 8956 --- [kground-preinit] o.apache.tomcat.util.IntrospectionUtils  : IntrospectionUtils: setProperty(class org.apache.tomcat.util.modeler.ParameterInfo name=type)
2019-05-11 11:06:15.512 DEBUG 8956 --- [kground-preinit] o.apache.tomcat.util.digester.Digester   : [SetPropertiesRule]{mbeans-descriptors/mbean/operation/parameter} Setting property 'description' to 'New environment entry type'
2019-05-11 11:06:15.512 DEBUG 8956 --- [kground-preinit] o.apache.tomcat.util.IntrospectionUtils  : IntrospectionUtils: setProperty(class org.apache.tomcat.util.modeler.ParameterInfo description=New environment entry type)
2019-05-11 11:06:15.512 DEBUG 8956 --- [kground-preinit] o.apache.tomcat.util.digester.Digester   : [SetPropertiesRule]{mbeans-descriptors/mbean/operation/parameter} Setting property 'type' to 'java.lang.String'
2019-05-11 11:06:15.512 DEBUG 8956 --- [kground-preinit] o.apache.tomcat.util.IntrospectionUtils  : IntrospectionUtils: setProperty(class org.apache.tomcat.util.modeler.ParameterInfo type=java.lang.String)
2019-05-11 11:06:15.512 DEBUG 8956 --- [kground-preinit] o.apache.tomcat.util.digester.Digester   :   Fire begin() for SetNextRule[methodName=addParameter, paramType=org.apache.tomcat.util.modeler.ParameterInfo]
2019-05-11 11:06:15.512 DEBUG 8956 --- [kground-preinit] o.a.tomcat.util.digester.Digester.sax    : endElement(,,parameter)
2019-05-11 11:06:15.512 DEBUG 8956 --- [kground-preinit] o.apache.tomcat.util.digester.Digester   :   match='mbeans-descriptors/mbean/operation/parameter'
2019-05-11 11:06:15.512 DEBUG 8956 --- [kground-preinit] o.apache.tomcat.util.digester.Digester   :   bodyText=''
2019-05-11 11:06:15.512 DEBUG 8956 --- [kground-preinit] o.apache.tomcat.util.digester.Digester   :   Fire body() for ObjectCreateRule[className=org.apache.tomcat.util.modeler.ParameterInfo, attributeName=null]
2019-05-11 11:06:15.513 DEBUG 8956 --- [kground-preinit] o.apache.tomcat.util.digester.Digester   :   Fire body() for SetPropertiesRule[]
2019-05-11 11:06:15.513 DEBUG 8956 --- [kground-preinit] o.apache.tomcat.util.digester.Digester   :   Fire body() for SetNextRule[methodName=addParameter, paramType=org.apache.tomcat.util.modeler.ParameterInfo]
2019-05-11 11:06:15.513 DEBUG 8956 --- [kground-preinit] o.apache.tomcat.util.digester.Digester   :   Fire end() for SetNextRule[methodName=addParameter, paramType=org.apache.tomcat.util.modeler.ParameterInfo]
2019-05-11 11:06:15.513 DEBUG 8956 --- [kground-preinit] o.apache.tomcat.util.digester.Digester   : [SetNextRule]{mbeans-descriptors/mbean/operation/parameter} Call org.apache.tomcat.util.modeler.OperationInfo.addParameter(org.apache.tomcat.util.modeler.ParameterInfo@3a18319a)
2019-05-11 11:06:15.513 DEBUG 8956 --- [kground-preinit] o.apache.tomcat.util.IntrospectionUtils  : IntrospectionUtils: callMethod1 org.apache.tomcat.util.modeler.OperationInfo org.apache.tomcat.util.modeler.ParameterInfo org.apache.tomcat.util.modeler.ParameterInfo
2019-05-11 11:06:15.513 DEBUG 8956 --- [kground-preinit] o.apache.tomcat.util.digester.Digester   :   Fire end() for SetPropertiesRule[]
2019-05-11 11:06:15.513 DEBUG 8956 --- [kground-preinit] o.apache.tomcat.util.digester.Digester   :   Fire end() for ObjectCreateRule[className=org.apache.tomcat.util.modeler.ParameterInfo, attributeName=null]
2019-05-11 11:06:15.513 DEBUG 8956 --- [kground-preinit] o.apache.tomcat.util.digester.Digester   : [ObjectCreateRule]{mbeans-descriptors/mbean/operation/parameter} Pop org.apache.tomcat.util.modeler.ParameterInfo
2019-05-11 11:06:15.514 DEBUG 8956 --- [kground-preinit] o.a.tomcat.util.digester.Digester.sax    : characters(
      )
2019-05-11 11:06:15.514 DEBUG 8956 --- [kground-preinit] o.a.tomcat.util.digester.Digester.sax    : startElement(,,parameter)
2019-05-11 11:06:15.514 DEBUG 8956 --- [kground-preinit] o.apache.tomcat.util.digester.Digester   :   New match='mbeans-descriptors/mbean/operation/parameter'
2019-05-11 11:06:15.515 DEBUG 8956 --- [kground-preinit] o.apache.tomcat.util.digester.Digester   :   Fire begin() for ObjectCreateRule[className=org.apache.tomcat.util.modeler.ParameterInfo, attributeName=null]
2019-05-11 11:06:15.515 DEBUG 8956 --- [kground-preinit] o.apache.tomcat.util.digester.Digester   : [ObjectCreateRule]{mbeans-descriptors/mbean/operation/parameter}New org.apache.tomcat.util.modeler.ParameterInfo
2019-05-11 11:06:15.515 DEBUG 8956 --- [kground-preinit] o.apache.tomcat.util.digester.Digester   :   Fire begin() for SetPropertiesRule[]
2019-05-11 11:06:15.515 DEBUG 8956 --- [kground-preinit] o.apache.tomcat.util.digester.Digester   : [SetPropertiesRule]{mbeans-descriptors/mbean/operation/parameter} Set org.apache.tomcat.util.modeler.ParameterInfo properties
2019-05-11 11:06:15.515 DEBUG 8956 --- [kground-preinit] o.apache.tomcat.util.digester.Digester   : [SetPropertiesRule]{mbeans-descriptors/mbean/operation/parameter} Setting property 'name' to 'value'
2019-05-11 11:06:15.515 DEBUG 8956 --- [kground-preinit] o.apache.tomcat.util.IntrospectionUtils  : IntrospectionUtils: setProperty(class org.apache.tomcat.util.modeler.ParameterInfo name=value)
2019-05-11 11:06:15.515 DEBUG 8956 --- [kground-preinit] o.apache.tomcat.util.digester.Digester   : [SetPropertiesRule]{mbeans-descriptors/mbean/operation/parameter} Setting property 'description' to 'New environment entry value'
2019-05-11 11:06:15.515 DEBUG 8956 --- [kground-preinit] o.apache.tomcat.util.IntrospectionUtils  : IntrospectionUtils: setProperty(class org.apache.tomcat.util.modeler.ParameterInfo description=New environment entry value)
2019-05-11 11:06:15.515 DEBUG 8956 --- [kground-preinit] o.apache.tomcat.util.digester.Digester   : [SetPropertiesRule]{mbeans-descriptors/mbean/operation/parameter} Setting property 'type' to 'java.lang.String'
2019-05-11 11:06:15.516 DEBUG 8956 --- [kground-preinit] o.apache.tomcat.util.IntrospectionUtils  : IntrospectionUtils: setProperty(class org.apache.tomcat.util.modeler.ParameterInfo type=java.lang.String)
2019-05-11 11:06:15.516 DEBUG 8956 --- [kground-preinit] o.apache.tomcat.util.digester.Digester   :   Fire begin() for SetNextRule[methodName=addParameter, paramType=org.apache.tomcat.util.modeler.ParameterInfo]
2019-05-11 11:06:15.516 DEBUG 8956 --- [kground-preinit] o.a.tomcat.util.digester.Digester.sax    : endElement(,,parameter)
2019-05-11 11:06:15.516 DEBUG 8956 --- [kground-preinit] o.apache.tomcat.util.digester.Digester   :   match='mbeans-descriptors/mbean/operation/parameter'
2019-05-11 11:06:15.516 DEBUG 8956 --- [kground-preinit] o.apache.tomcat.util.digester.Digester   :   bodyText=''
2019-05-11 11:06:15.517 DEBUG 8956 --- [kground-preinit] o.apache.tomcat.util.digester.Digester   :   Fire body() for ObjectCreateRule[className=org.apache.tomcat.util.modeler.ParameterInfo, attributeName=null]
2019-05-11 11:06:15.517 DEBUG 8956 --- [kground-preinit] o.apache.tomcat.util.digester.Digester   :   Fire body() for SetPropertiesRule[]
2019-05-11 11:06:15.517 DEBUG 8956 --- [kground-preinit] o.apache.tomcat.util.digester.Digester   :   Fire body() for SetNextRule[methodName=addParameter, paramType=org.apache.tomcat.util.modeler.ParameterInfo]
2019-05-11 11:06:15.518 DEBUG 8956 --- [kground-preinit] o.apache.tomcat.util.digester.Digester   :   Fire end() for SetNextRule[methodName=addParameter, paramType=org.apache.tomcat.util.modeler.ParameterInfo]
2019-05-11 11:06:15.518 DEBUG 8956 --- [kground-preinit] o.apache.tomcat.util.digester.Digester   : [SetNextRule]{mbeans-descriptors/mbean/operation/parameter} Call org.apache.tomcat.util.modeler.OperationInfo.addParameter(org.apache.tomcat.util.modeler.ParameterInfo@45052647)
2019-05-11 11:06:15.518 DEBUG 8956 --- [kground-preinit] o.apache.tomcat.util.IntrospectionUtils  : IntrospectionUtils: callMethod1 org.apache.tomcat.util.modeler.OperationInfo org.apache.tomcat.util.modeler.ParameterInfo org.apache.tomcat.util.modeler.ParameterInfo
2019-05-11 11:06:15.518 DEBUG 8956 --- [kground-preinit] o.apache.tomcat.util.digester.Digester   :   Fire end() for SetPropertiesRule[]
2019-05-11 11:06:15.518 DEBUG 8956 --- [kground-preinit] o.apache.tomcat.util.digester.Digester   :   Fire end() for ObjectCreateRule[className=org.apache.tomcat.util.modeler.ParameterInfo, attributeName=null]
2019-05-11 11:06:15.519 DEBUG 8956 --- [kground-preinit] o.apache.tomcat.util.digester.Digester   : [ObjectCreateRule]{mbeans-descriptors/mbean/operation/parameter} Pop org.apache.tomcat.util.modeler.ParameterInfo
2019-05-11 11:06:15.520 DEBUG 8956 --- [kground-preinit] o.a.tomcat.util.digester.Digester.sax    : characters(
    )
2019-05-11 11:06:15.520 DEBUG 8956 --- [kground-preinit] o.a.tomcat.util.digester.Digester.sax    : endElement(,,operation)
2019-05-11 11:06:15.520 DEBUG 8956 --- [kground-preinit] o.apache.tomcat.util.digester.Digester   :   match='mbeans-descriptors/mbean/operation'
2019-05-11 11:06:15.520 DEBUG 8956 --- [kground-preinit] o.apache.tomcat.util.digester.Digester   :   bodyText='
      
      
      
    '
2019-05-11 11:06:15.521 DEBUG 8956 --- [kground-preinit] o.apache.tomcat.util.digester.Digester   :   Fire body() for ObjectCreateRule[className=org.apache.tomcat.util.modeler.OperationInfo, attributeName=null]
2019-05-11 11:06:15.521 DEBUG 8956 --- [kground-preinit] o.apache.tomcat.util.digester.Digester   :   Fire body() for SetPropertiesRule[]
2019-05-11 11:06:15.521 DEBUG 8956 --- [kground-preinit] o.apache.tomcat.util.digester.Digester   :   Fire body() for SetNextRule[methodName=addOperation, paramType=org.apache.tomcat.util.modeler.OperationInfo]
2019-05-11 11:06:15.521 DEBUG 8956 --- [kground-preinit] o.apache.tomcat.util.digester.Digester   :   Fire end() for SetNextRule[methodName=addOperation, paramType=org.apache.tomcat.util.modeler.OperationInfo]
2019-05-11 11:06:15.521 DEBUG 8956 --- [kground-preinit] o.apache.tomcat.util.digester.Digester   : [SetNextRule]{mbeans-descriptors/mbean/operation} Call org.apache.tomcat.util.modeler.ManagedBean.addOperation(org.apache.tomcat.util.modeler.OperationInfo@3db0bc4d)
2019-05-11 11:06:15.521 DEBUG 8956 --- [kground-preinit] o.apache.tomcat.util.IntrospectionUtils  : IntrospectionUtils: callMethod1 org.apache.tomcat.util.modeler.ManagedBean org.apache.tomcat.util.modeler.OperationInfo org.apache.tomcat.util.modeler.OperationInfo
2019-05-11 11:06:15.521 DEBUG 8956 --- [kground-preinit] o.apache.tomcat.util.digester.Digester   :   Fire end() for SetPropertiesRule[]
2019-05-11 11:06:15.522 DEBUG 8956 --- [kground-preinit] o.apache.tomcat.util.digester.Digester   :   Fire end() for ObjectCreateRule[className=org.apache.tomcat.util.modeler.OperationInfo, attributeName=null]
2019-05-11 11:06:15.522 DEBUG 8956 --- [kground-preinit] o.apache.tomcat.util.digester.Digester   : [ObjectCreateRule]{mbeans-descriptors/mbean/operation} Pop org.apache.tomcat.util.modeler.OperationInfo
2019-05-11 11:06:15.522 DEBUG 8956 --- [kground-preinit] o.a.tomcat.util.digester.Digester.sax    : characters(

    )
2019-05-11 11:06:15.522 DEBUG 8956 --- [kground-preinit] o.a.tomcat.util.digester.Digester.sax    : startElement(,,operation)
2019-05-11 11:06:15.522 DEBUG 8956 --- [kground-preinit] o.apache.tomcat.util.digester.Digester   :   New match='mbeans-descriptors/mbean/operation'
2019-05-11 11:06:15.523 DEBUG 8956 --- [kground-preinit] o.apache.tomcat.util.digester.Digester   :   Fire begin() for ObjectCreateRule[className=org.apache.tomcat.util.modeler.OperationInfo, attributeName=null]
2019-05-11 11:06:15.523 DEBUG 8956 --- [kground-preinit] o.apache.tomcat.util.digester.Digester   : [ObjectCreateRule]{mbeans-descriptors/mbean/operation}New org.apache.tomcat.util.modeler.OperationInfo
2019-05-11 11:06:15.523 DEBUG 8956 --- [kground-preinit] o.apache.tomcat.util.digester.Digester   :   Fire begin() for SetPropertiesRule[]
2019-05-11 11:06:15.523 DEBUG 8956 --- [kground-preinit] o.apache.tomcat.util.digester.Digester   : [SetPropertiesRule]{mbeans-descriptors/mbean/operation} Set org.apache.tomcat.util.modeler.OperationInfo properties
2019-05-11 11:06:15.524 DEBUG 8956 --- [kground-preinit] o.apache.tomcat.util.digester.Digester   : [SetPropertiesRule]{mbeans-descriptors/mbean/operation} Setting property 'name' to 'addResource'
2019-05-11 11:06:15.524 DEBUG 8956 --- [kground-preinit] o.apache.tomcat.util.IntrospectionUtils  : IntrospectionUtils: setProperty(class org.apache.tomcat.util.modeler.OperationInfo name=addResource)
2019-05-11 11:06:15.524 DEBUG 8956 --- [kground-preinit] o.apache.tomcat.util.digester.Digester   : [SetPropertiesRule]{mbeans-descriptors/mbean/operation} Setting property 'description' to 'Add a resource reference for this web application'
2019-05-11 11:06:15.525 DEBUG 8956 --- [kground-preinit] o.apache.tomcat.util.IntrospectionUtils  : IntrospectionUtils: setProperty(class org.apache.tomcat.util.modeler.OperationInfo description=Add a resource reference for this web application)
2019-05-11 11:06:15.525 DEBUG 8956 --- [kground-preinit] o.apache.tomcat.util.digester.Digester   : [SetPropertiesRule]{mbeans-descriptors/mbean/operation} Setting property 'impact' to 'ACTION'
2019-05-11 11:06:15.526 DEBUG 8956 --- [kground-preinit] o.apache.tomcat.util.IntrospectionUtils  : IntrospectionUtils: setProperty(class org.apache.tomcat.util.modeler.OperationInfo impact=ACTION)
2019-05-11 11:06:15.526 DEBUG 8956 --- [kground-preinit] o.apache.tomcat.util.digester.Digester   : [SetPropertiesRule]{mbeans-descriptors/mbean/operation} Setting property 'returnType' to 'void'
2019-05-11 11:06:15.526 DEBUG 8956 --- [kground-preinit] o.apache.tomcat.util.IntrospectionUtils  : IntrospectionUtils: setProperty(class org.apache.tomcat.util.modeler.OperationInfo returnType=void)
2019-05-11 11:06:15.526 DEBUG 8956 --- [kground-preinit] o.apache.tomcat.util.digester.Digester   :   Fire begin() for SetNextRule[methodName=addOperation, paramType=org.apache.tomcat.util.modeler.OperationInfo]
2019-05-11 11:06:15.527 DEBUG 8956 --- [kground-preinit] o.a.tomcat.util.digester.Digester.sax    : characters(
      )
2019-05-11 11:06:15.527 DEBUG 8956 --- [kground-preinit] o.a.tomcat.util.digester.Digester.sax    : startElement(,,parameter)
2019-05-11 11:06:15.527 DEBUG 8956 --- [kground-preinit] o.apache.tomcat.util.digester.Digester   :   New match='mbeans-descriptors/mbean/operation/parameter'
2019-05-11 11:06:15.527 DEBUG 8956 --- [kground-preinit] o.apache.tomcat.util.digester.Digester   :   Fire begin() for ObjectCreateRule[className=org.apache.tomcat.util.modeler.ParameterInfo, attributeName=null]
2019-05-11 11:06:15.527 DEBUG 8956 --- [kground-preinit] o.apache.tomcat.util.digester.Digester   : [ObjectCreateRule]{mbeans-descriptors/mbean/operation/parameter}New org.apache.tomcat.util.modeler.ParameterInfo
2019-05-11 11:06:15.527 DEBUG 8956 --- [kground-preinit] o.apache.tomcat.util.digester.Digester   :   Fire begin() for SetPropertiesRule[]
2019-05-11 11:06:15.528 DEBUG 8956 --- [kground-preinit] o.apache.tomcat.util.digester.Digester   : [SetPropertiesRule]{mbeans-descriptors/mbean/operation/parameter} Set org.apache.tomcat.util.modeler.ParameterInfo properties
2019-05-11 11:06:15.528 DEBUG 8956 --- [kground-preinit] o.apache.tomcat.util.digester.Digester   : [SetPropertiesRule]{mbeans-descriptors/mbean/operation/parameter} Setting property 'name' to 'resourceName'
2019-05-11 11:06:15.528 DEBUG 8956 --- [kground-preinit] o.apache.tomcat.util.IntrospectionUtils  : IntrospectionUtils: setProperty(class org.apache.tomcat.util.modeler.ParameterInfo name=resourceName)
2019-05-11 11:06:15.528 DEBUG 8956 --- [kground-preinit] o.apache.tomcat.util.digester.Digester   : [SetPropertiesRule]{mbeans-descriptors/mbean/operation/parameter} Setting property 'description' to 'New resource reference name'
2019-05-11 11:06:15.529 DEBUG 8956 --- [kground-preinit] o.apache.tomcat.util.IntrospectionUtils  : IntrospectionUtils: setProperty(class org.apache.tomcat.util.modeler.ParameterInfo description=New resource reference name)
2019-05-11 11:06:15.529 DEBUG 8956 --- [kground-preinit] o.apache.tomcat.util.digester.Digester   : [SetPropertiesRule]{mbeans-descriptors/mbean/operation/parameter} Setting property 'type' to 'java.lang.String'
2019-05-11 11:06:15.529 DEBUG 8956 --- [kground-preinit] o.apache.tomcat.util.IntrospectionUtils  : IntrospectionUtils: setProperty(class org.apache.tomcat.util.modeler.ParameterInfo type=java.lang.String)
2019-05-11 11:06:15.529 DEBUG 8956 --- [kground-preinit] o.apache.tomcat.util.digester.Digester   :   Fire begin() for SetNextRule[methodName=addParameter, paramType=org.apache.tomcat.util.modeler.ParameterInfo]
2019-05-11 11:06:15.529 DEBUG 8956 --- [kground-preinit] o.a.tomcat.util.digester.Digester.sax    : endElement(,,parameter)
2019-05-11 11:06:15.529 DEBUG 8956 --- [kground-preinit] o.apache.tomcat.util.digester.Digester   :   match='mbeans-descriptors/mbean/operation/parameter'
2019-05-11 11:06:15.529 DEBUG 8956 --- [kground-preinit] o.apache.tomcat.util.digester.Digester   :   bodyText=''
2019-05-11 11:06:15.530 DEBUG 8956 --- [kground-preinit] o.apache.tomcat.util.digester.Digester   :   Fire body() for ObjectCreateRule[className=org.apache.tomcat.util.modeler.ParameterInfo, attributeName=null]
2019-05-11 11:06:15.530 DEBUG 8956 --- [kground-preinit] o.apache.tomcat.util.digester.Digester   :   Fire body() for SetPropertiesRule[]
2019-05-11 11:06:15.530 DEBUG 8956 --- [kground-preinit] o.apache.tomcat.util.digester.Digester   :   Fire body() for SetNextRule[methodName=addParameter, paramType=org.apache.tomcat.util.modeler.ParameterInfo]
2019-05-11 11:06:15.530 DEBUG 8956 --- [kground-preinit] o.apache.tomcat.util.digester.Digester   :   Fire end() for SetNextRule[methodName=addParameter, paramType=org.apache.tomcat.util.modeler.ParameterInfo]
2019-05-11 11:06:15.530 DEBUG 8956 --- [kground-preinit] o.apache.tomcat.util.digester.Digester   : [SetNextRule]{mbeans-descriptors/mbean/operation/parameter} Call org.apache.tomcat.util.modeler.OperationInfo.addParameter(org.apache.tomcat.util.modeler.ParameterInfo@40f83182)
2019-05-11 11:06:15.530 DEBUG 8956 --- [kground-preinit] o.apache.tomcat.util.IntrospectionUtils  : IntrospectionUtils: callMethod1 org.apache.tomcat.util.modeler.OperationInfo org.apache.tomcat.util.modeler.ParameterInfo org.apache.tomcat.util.modeler.ParameterInfo
2019-05-11 11:06:15.530 DEBUG 8956 --- [kground-preinit] o.apache.tomcat.util.digester.Digester   :   Fire end() for SetPropertiesRule[]
2019-05-11 11:06:15.531 DEBUG 8956 --- [kground-preinit] o.apache.tomcat.util.digester.Digester   :   Fire end() for ObjectCreateRule[className=org.apache.tomcat.util.modeler.ParameterInfo, attributeName=null]
2019-05-11 11:06:15.531 DEBUG 8956 --- [kground-preinit] o.apache.tomcat.util.digester.Digester   : [ObjectCreateRule]{mbeans-descriptors/mbean/operation/parameter} Pop org.apache.tomcat.util.modeler.ParameterInfo
2019-05-11 11:06:15.531 DEBUG 8956 --- [kground-preinit] o.a.tomcat.util.digester.Digester.sax    : characters(
      )
2019-05-11 11:06:15.532 DEBUG 8956 --- [kground-preinit] o.a.tomcat.util.digester.Digester.sax    : startElement(,,parameter)
2019-05-11 11:06:15.532 DEBUG 8956 --- [kground-preinit] o.apache.tomcat.util.digester.Digester   :   New match='mbeans-descriptors/mbean/operation/parameter'
2019-05-11 11:06:15.532 DEBUG 8956 --- [           main] o.s.b.f.s.DefaultListableBeanFactory     : Creating shared instance of singleton bean 'org.springframework.boot.context.properties.ConfigurationPropertiesBindingPostProcessor.store'
2019-05-11 11:06:15.533 DEBUG 8956 --- [           main] o.s.b.f.s.DefaultListableBeanFactory     : Creating instance of bean 'org.springframework.boot.context.properties.ConfigurationPropertiesBindingPostProcessor.store'
2019-05-11 11:06:15.533 DEBUG 8956 --- [kground-preinit] o.apache.tomcat.util.digester.Digester   :   Fire begin() for ObjectCreateRule[className=org.apache.tomcat.util.modeler.ParameterInfo, attributeName=null]
2019-05-11 11:06:15.533 DEBUG 8956 --- [           main] o.s.b.f.s.DefaultListableBeanFactory     : Eagerly caching bean 'org.springframework.boot.context.properties.ConfigurationPropertiesBindingPostProcessor.store' to allow for resolving potential circular references
2019-05-11 11:06:15.534 DEBUG 8956 --- [kground-preinit] o.apache.tomcat.util.digester.Digester   : [ObjectCreateRule]{mbeans-descriptors/mbean/operation/parameter}New org.apache.tomcat.util.modeler.ParameterInfo
2019-05-11 11:06:15.534 DEBUG 8956 --- [kground-preinit] o.apache.tomcat.util.digester.Digester   :   Fire begin() for SetPropertiesRule[]
2019-05-11 11:06:15.534 DEBUG 8956 --- [kground-preinit] o.apache.tomcat.util.digester.Digester   : [SetPropertiesRule]{mbeans-descriptors/mbean/operation/parameter} Set org.apache.tomcat.util.modeler.ParameterInfo properties
2019-05-11 11:06:15.534 DEBUG 8956 --- [kground-preinit] o.apache.tomcat.util.digester.Digester   : [SetPropertiesRule]{mbeans-descriptors/mbean/operation/parameter} Setting property 'name' to 'type'
2019-05-11 11:06:15.535 DEBUG 8956 --- [kground-preinit] o.apache.tomcat.util.IntrospectionUtils  : IntrospectionUtils: setProperty(class org.apache.tomcat.util.modeler.ParameterInfo name=type)
2019-05-11 11:06:15.535 DEBUG 8956 --- [kground-preinit] o.apache.tomcat.util.digester.Digester   : [SetPropertiesRule]{mbeans-descriptors/mbean/operation/parameter} Setting property 'description' to 'New resource reference type'
2019-05-11 11:06:15.535 DEBUG 8956 --- [kground-preinit] o.apache.tomcat.util.IntrospectionUtils  : IntrospectionUtils: setProperty(class org.apache.tomcat.util.modeler.ParameterInfo description=New resource reference type)
2019-05-11 11:06:15.535 DEBUG 8956 --- [kground-preinit] o.apache.tomcat.util.digester.Digester   : [SetPropertiesRule]{mbeans-descriptors/mbean/operation/parameter} Setting property 'type' to 'java.lang.String'
2019-05-11 11:06:15.535 DEBUG 8956 --- [kground-preinit] o.apache.tomcat.util.IntrospectionUtils  : IntrospectionUtils: setProperty(class org.apache.tomcat.util.modeler.ParameterInfo type=java.lang.String)
2019-05-11 11:06:15.535 DEBUG 8956 --- [kground-preinit] o.apache.tomcat.util.digester.Digester   :   Fire begin() for SetNextRule[methodName=addParameter, paramType=org.apache.tomcat.util.modeler.ParameterInfo]
2019-05-11 11:06:15.536 DEBUG 8956 --- [kground-preinit] o.a.tomcat.util.digester.Digester.sax    : endElement(,,parameter)
2019-05-11 11:06:15.536 DEBUG 8956 --- [kground-preinit] o.apache.tomcat.util.digester.Digester   :   match='mbeans-descriptors/mbean/operation/parameter'
2019-05-11 11:06:15.537 DEBUG 8956 --- [kground-preinit] o.apache.tomcat.util.digester.Digester   :   bodyText=''
2019-05-11 11:06:15.537 DEBUG 8956 --- [kground-preinit] o.apache.tomcat.util.digester.Digester   :   Fire body() for ObjectCreateRule[className=org.apache.tomcat.util.modeler.ParameterInfo, attributeName=null]
2019-05-11 11:06:15.537 DEBUG 8956 --- [kground-preinit] o.apache.tomcat.util.digester.Digester   :   Fire body() for SetPropertiesRule[]
2019-05-11 11:06:15.537 DEBUG 8956 --- [kground-preinit] o.apache.tomcat.util.digester.Digester   :   Fire body() for SetNextRule[methodName=addParameter, paramType=org.apache.tomcat.util.modeler.ParameterInfo]
2019-05-11 11:06:15.537 DEBUG 8956 --- [kground-preinit] o.apache.tomcat.util.digester.Digester   :   Fire end() for SetNextRule[methodName=addParameter, paramType=org.apache.tomcat.util.modeler.ParameterInfo]
2019-05-11 11:06:15.538 DEBUG 8956 --- [kground-preinit] o.apache.tomcat.util.digester.Digester   : [SetNextRule]{mbeans-descriptors/mbean/operation/parameter} Call org.apache.tomcat.util.modeler.OperationInfo.addParameter(org.apache.tomcat.util.modeler.ParameterInfo@3b974ce6)
2019-05-11 11:06:15.538 DEBUG 8956 --- [kground-preinit] o.apache.tomcat.util.IntrospectionUtils  : IntrospectionUtils: callMethod1 org.apache.tomcat.util.modeler.OperationInfo org.apache.tomcat.util.modeler.ParameterInfo org.apache.tomcat.util.modeler.ParameterInfo
2019-05-11 11:06:15.538 DEBUG 8956 --- [kground-preinit] o.apache.tomcat.util.digester.Digester   :   Fire end() for SetPropertiesRule[]
2019-05-11 11:06:15.539 DEBUG 8956 --- [kground-preinit] o.apache.tomcat.util.digester.Digester   :   Fire end() for ObjectCreateRule[className=org.apache.tomcat.util.modeler.ParameterInfo, attributeName=null]
2019-05-11 11:06:15.539 DEBUG 8956 --- [           main] o.s.b.f.s.DefaultListableBeanFactory     : Finished creating instance of bean 'org.springframework.boot.context.properties.ConfigurationPropertiesBindingPostProcessor.store'
2019-05-11 11:06:15.539 DEBUG 8956 --- [           main] o.s.b.f.s.DefaultListableBeanFactory     : Creating shared instance of singleton bean 'preserveErrorControllerTargetClassPostProcessor'
2019-05-11 11:06:15.539 DEBUG 8956 --- [           main] o.s.b.f.s.DefaultListableBeanFactory     : Creating instance of bean 'preserveErrorControllerTargetClassPostProcessor'
2019-05-11 11:06:15.539 DEBUG 8956 --- [kground-preinit] o.apache.tomcat.util.digester.Digester   : [ObjectCreateRule]{mbeans-descriptors/mbean/operation/parameter} Pop org.apache.tomcat.util.modeler.ParameterInfo
2019-05-11 11:06:15.540 DEBUG 8956 --- [kground-preinit] o.a.tomcat.util.digester.Digester.sax    : characters(
    )
2019-05-11 11:06:15.540 DEBUG 8956 --- [           main] o.s.b.f.s.DefaultListableBeanFactory     : Eagerly caching bean 'preserveErrorControllerTargetClassPostProcessor' to allow for resolving potential circular references
2019-05-11 11:06:15.540 DEBUG 8956 --- [kground-preinit] o.a.tomcat.util.digester.Digester.sax    : endElement(,,operation)
2019-05-11 11:06:15.540 DEBUG 8956 --- [kground-preinit] o.apache.tomcat.util.digester.Digester   :   match='mbeans-descriptors/mbean/operation'
2019-05-11 11:06:15.540 DEBUG 8956 --- [kground-preinit] o.apache.tomcat.util.digester.Digester   :   bodyText='
      
      
    '
2019-05-11 11:06:15.541 DEBUG 8956 --- [kground-preinit] o.apache.tomcat.util.digester.Digester   :   Fire body() for ObjectCreateRule[className=org.apache.tomcat.util.modeler.OperationInfo, attributeName=null]
2019-05-11 11:06:15.542 DEBUG 8956 --- [kground-preinit] o.apache.tomcat.util.digester.Digester   :   Fire body() for SetPropertiesRule[]
2019-05-11 11:06:15.543 DEBUG 8956 --- [kground-preinit] o.apache.tomcat.util.digester.Digester   :   Fire body() for SetNextRule[methodName=addOperation, paramType=org.apache.tomcat.util.modeler.OperationInfo]
2019-05-11 11:06:15.543 DEBUG 8956 --- [kground-preinit] o.apache.tomcat.util.digester.Digester   :   Fire end() for SetNextRule[methodName=addOperation, paramType=org.apache.tomcat.util.modeler.OperationInfo]
2019-05-11 11:06:15.543 DEBUG 8956 --- [kground-preinit] o.apache.tomcat.util.digester.Digester   : [SetNextRule]{mbeans-descriptors/mbean/operation} Call org.apache.tomcat.util.modeler.ManagedBean.addOperation(org.apache.tomcat.util.modeler.OperationInfo@574c72cd)
2019-05-11 11:06:15.544 DEBUG 8956 --- [kground-preinit] o.apache.tomcat.util.IntrospectionUtils  : IntrospectionUtils: callMethod1 org.apache.tomcat.util.modeler.ManagedBean org.apache.tomcat.util.modeler.OperationInfo org.apache.tomcat.util.modeler.OperationInfo
2019-05-11 11:06:15.544 DEBUG 8956 --- [kground-preinit] o.apache.tomcat.util.digester.Digester   :   Fire end() for SetPropertiesRule[]
2019-05-11 11:06:15.544 DEBUG 8956 --- [kground-preinit] o.apache.tomcat.util.digester.Digester   :   Fire end() for ObjectCreateRule[className=org.apache.tomcat.util.modeler.OperationInfo, attributeName=null]
2019-05-11 11:06:15.544 DEBUG 8956 --- [kground-preinit] o.apache.tomcat.util.digester.Digester   : [ObjectCreateRule]{mbeans-descriptors/mbean/operation} Pop org.apache.tomcat.util.modeler.OperationInfo
2019-05-11 11:06:15.545 DEBUG 8956 --- [kground-preinit] o.a.tomcat.util.digester.Digester.sax    : characters(

    )
2019-05-11 11:06:15.545 DEBUG 8956 --- [kground-preinit] o.a.tomcat.util.digester.Digester.sax    : startElement(,,operation)
2019-05-11 11:06:15.545 DEBUG 8956 --- [kground-preinit] o.apache.tomcat.util.digester.Digester   :   New match='mbeans-descriptors/mbean/operation'
2019-05-11 11:06:15.545 DEBUG 8956 --- [kground-preinit] o.apache.tomcat.util.digester.Digester   :   Fire begin() for ObjectCreateRule[className=org.apache.tomcat.util.modeler.OperationInfo, attributeName=null]
2019-05-11 11:06:15.545 DEBUG 8956 --- [kground-preinit] o.apache.tomcat.util.digester.Digester   : [ObjectCreateRule]{mbeans-descriptors/mbean/operation}New org.apache.tomcat.util.modeler.OperationInfo
2019-05-11 11:06:15.545 DEBUG 8956 --- [           main] o.s.b.f.s.DefaultListableBeanFactory     : Finished creating instance of bean 'preserveErrorControllerTargetClassPostProcessor'
2019-05-11 11:06:15.545 DEBUG 8956 --- [kground-preinit] o.apache.tomcat.util.digester.Digester   :   Fire begin() for SetPropertiesRule[]
2019-05-11 11:06:15.545 DEBUG 8956 --- [           main] o.s.b.f.s.DefaultListableBeanFactory     : Creating shared instance of singleton bean 'com.reger.dubbo.config.DubboAutoConfiguration'
2019-05-11 11:06:15.545 DEBUG 8956 --- [           main] o.s.b.f.s.DefaultListableBeanFactory     : Creating instance of bean 'com.reger.dubbo.config.DubboAutoConfiguration'
2019-05-11 11:06:15.545 DEBUG 8956 --- [kground-preinit] o.apache.tomcat.util.digester.Digester   : [SetPropertiesRule]{mbeans-descriptors/mbean/operation} Set org.apache.tomcat.util.modeler.OperationInfo properties
2019-05-11 11:06:15.546 DEBUG 8956 --- [kground-preinit] o.apache.tomcat.util.digester.Digester   : [SetPropertiesRule]{mbeans-descriptors/mbean/operation} Setting property 'name' to 'addResourceLink'
2019-05-11 11:06:15.546 DEBUG 8956 --- [kground-preinit] o.apache.tomcat.util.IntrospectionUtils  : IntrospectionUtils: setProperty(class org.apache.tomcat.util.modeler.OperationInfo name=addResourceLink)
2019-05-11 11:06:15.546 DEBUG 8956 --- [kground-preinit] o.apache.tomcat.util.digester.Digester   : [SetPropertiesRule]{mbeans-descriptors/mbean/operation} Setting property 'description' to 'Add a resource link reference for this web application'
2019-05-11 11:06:15.546 DEBUG 8956 --- [kground-preinit] o.apache.tomcat.util.IntrospectionUtils  : IntrospectionUtils: setProperty(class org.apache.tomcat.util.modeler.OperationInfo description=Add a resource link reference for this web application)
2019-05-11 11:06:15.546 DEBUG 8956 --- [kground-preinit] o.apache.tomcat.util.digester.Digester   : [SetPropertiesRule]{mbeans-descriptors/mbean/operation} Setting property 'impact' to 'ACTION'
2019-05-11 11:06:15.546 DEBUG 8956 --- [kground-preinit] o.apache.tomcat.util.IntrospectionUtils  : IntrospectionUtils: setProperty(class org.apache.tomcat.util.modeler.OperationInfo impact=ACTION)
2019-05-11 11:06:15.552 DEBUG 8956 --- [kground-preinit] o.apache.tomcat.util.digester.Digester   : [SetPropertiesRule]{mbeans-descriptors/mbean/operation} Setting property 'returnType' to 'void'
2019-05-11 11:06:15.553 DEBUG 8956 --- [kground-preinit] o.apache.tomcat.util.IntrospectionUtils  : IntrospectionUtils: setProperty(class org.apache.tomcat.util.modeler.OperationInfo returnType=void)
2019-05-11 11:06:15.553 DEBUG 8956 --- [kground-preinit] o.apache.tomcat.util.digester.Digester   :   Fire begin() for SetNextRule[methodName=addOperation, paramType=org.apache.tomcat.util.modeler.OperationInfo]
2019-05-11 11:06:15.553 DEBUG 8956 --- [kground-preinit] o.a.tomcat.util.digester.Digester.sax    : characters(
      )
2019-05-11 11:06:15.553 DEBUG 8956 --- [kground-preinit] o.a.tomcat.util.digester.Digester.sax    : startElement(,,parameter)
2019-05-11 11:06:15.553 DEBUG 8956 --- [kground-preinit] o.apache.tomcat.util.digester.Digester   :   New match='mbeans-descriptors/mbean/operation/parameter'
2019-05-11 11:06:15.554 DEBUG 8956 --- [kground-preinit] o.apache.tomcat.util.digester.Digester   :   Fire begin() for ObjectCreateRule[className=org.apache.tomcat.util.modeler.ParameterInfo, attributeName=null]
2019-05-11 11:06:15.554 DEBUG 8956 --- [kground-preinit] o.apache.tomcat.util.digester.Digester   : [ObjectCreateRule]{mbeans-descriptors/mbean/operation/parameter}New org.apache.tomcat.util.modeler.ParameterInfo
2019-05-11 11:06:15.554 DEBUG 8956 --- [kground-preinit] o.apache.tomcat.util.digester.Digester   :   Fire begin() for SetPropertiesRule[]
2019-05-11 11:06:15.554 DEBUG 8956 --- [kground-preinit] o.apache.tomcat.util.digester.Digester   : [SetPropertiesRule]{mbeans-descriptors/mbean/operation/parameter} Set org.apache.tomcat.util.modeler.ParameterInfo properties
2019-05-11 11:06:15.554 DEBUG 8956 --- [kground-preinit] o.apache.tomcat.util.digester.Digester   : [SetPropertiesRule]{mbeans-descriptors/mbean/operation/parameter} Setting property 'name' to 'resourceLinkName'
2019-05-11 11:06:15.555 DEBUG 8956 --- [kground-preinit] o.apache.tomcat.util.IntrospectionUtils  : IntrospectionUtils: setProperty(class org.apache.tomcat.util.modeler.ParameterInfo name=resourceLinkName)
2019-05-11 11:06:15.555 DEBUG 8956 --- [kground-preinit] o.apache.tomcat.util.digester.Digester   : [SetPropertiesRule]{mbeans-descriptors/mbean/operation/parameter} Setting property 'description' to 'New resource reference name'
2019-05-11 11:06:15.555 DEBUG 8956 --- [kground-preinit] o.apache.tomcat.util.IntrospectionUtils  : IntrospectionUtils: setProperty(class org.apache.tomcat.util.modeler.ParameterInfo description=New resource reference name)
2019-05-11 11:06:15.555 DEBUG 8956 --- [kground-preinit] o.apache.tomcat.util.digester.Digester   : [SetPropertiesRule]{mbeans-descriptors/mbean/operation/parameter} Setting property 'type' to 'java.lang.String'
2019-05-11 11:06:15.555 DEBUG 8956 --- [kground-preinit] o.apache.tomcat.util.IntrospectionUtils  : IntrospectionUtils: setProperty(class org.apache.tomcat.util.modeler.ParameterInfo type=java.lang.String)
2019-05-11 11:06:15.556 DEBUG 8956 --- [kground-preinit] o.apache.tomcat.util.digester.Digester   :   Fire begin() for SetNextRule[methodName=addParameter, paramType=org.apache.tomcat.util.modeler.ParameterInfo]
2019-05-11 11:06:15.556 DEBUG 8956 --- [kground-preinit] o.a.tomcat.util.digester.Digester.sax    : endElement(,,parameter)
2019-05-11 11:06:15.556 DEBUG 8956 --- [kground-preinit] o.apache.tomcat.util.digester.Digester   :   match='mbeans-descriptors/mbean/operation/parameter'
2019-05-11 11:06:15.556 DEBUG 8956 --- [kground-preinit] o.apache.tomcat.util.digester.Digester   :   bodyText=''
2019-05-11 11:06:15.556 DEBUG 8956 --- [kground-preinit] o.apache.tomcat.util.digester.Digester   :   Fire body() for ObjectCreateRule[className=org.apache.tomcat.util.modeler.ParameterInfo, attributeName=null]
2019-05-11 11:06:15.557 DEBUG 8956 --- [kground-preinit] o.apache.tomcat.util.digester.Digester   :   Fire body() for SetPropertiesRule[]
2019-05-11 11:06:15.557 DEBUG 8956 --- [kground-preinit] o.apache.tomcat.util.digester.Digester   :   Fire body() for SetNextRule[methodName=addParameter, paramType=org.apache.tomcat.util.modeler.ParameterInfo]
2019-05-11 11:06:15.557 DEBUG 8956 --- [kground-preinit] o.apache.tomcat.util.digester.Digester   :   Fire end() for SetNextRule[methodName=addParameter, paramType=org.apache.tomcat.util.modeler.ParameterInfo]
2019-05-11 11:06:15.557 DEBUG 8956 --- [kground-preinit] o.apache.tomcat.util.digester.Digester   : [SetNextRule]{mbeans-descriptors/mbean/operation/parameter} Call org.apache.tomcat.util.modeler.OperationInfo.addParameter(org.apache.tomcat.util.modeler.ParameterInfo@6f26febd)
2019-05-11 11:06:15.557 DEBUG 8956 --- [kground-preinit] o.apache.tomcat.util.IntrospectionUtils  : IntrospectionUtils: callMethod1 org.apache.tomcat.util.modeler.OperationInfo org.apache.tomcat.util.modeler.ParameterInfo org.apache.tomcat.util.modeler.ParameterInfo
2019-05-11 11:06:15.559 DEBUG 8956 --- [kground-preinit] o.apache.tomcat.util.digester.Digester   :   Fire end() for SetPropertiesRule[]
2019-05-11 11:06:15.559 DEBUG 8956 --- [kground-preinit] o.apache.tomcat.util.digester.Digester   :   Fire end() for ObjectCreateRule[className=org.apache.tomcat.util.modeler.ParameterInfo, attributeName=null]
2019-05-11 11:06:15.559 DEBUG 8956 --- [kground-preinit] o.apache.tomcat.util.digester.Digester   : [ObjectCreateRule]{mbeans-descriptors/mbean/operation/parameter} Pop org.apache.tomcat.util.modeler.ParameterInfo
2019-05-11 11:06:15.559 DEBUG 8956 --- [kground-preinit] o.a.tomcat.util.digester.Digester.sax    : characters(
      )
2019-05-11 11:06:15.560 DEBUG 8956 --- [kground-preinit] o.a.tomcat.util.digester.Digester.sax    : startElement(,,parameter)
2019-05-11 11:06:15.560 DEBUG 8956 --- [kground-preinit] o.apache.tomcat.util.digester.Digester   :   New match='mbeans-descriptors/mbean/operation/parameter'
2019-05-11 11:06:15.560 DEBUG 8956 --- [kground-preinit] o.apache.tomcat.util.digester.Digester   :   Fire begin() for ObjectCreateRule[className=org.apache.tomcat.util.modeler.ParameterInfo, attributeName=null]
2019-05-11 11:06:15.560 DEBUG 8956 --- [kground-preinit] o.apache.tomcat.util.digester.Digester   : [ObjectCreateRule]{mbeans-descriptors/mbean/operation/parameter}New org.apache.tomcat.util.modeler.ParameterInfo
2019-05-11 11:06:15.561 DEBUG 8956 --- [kground-preinit] o.apache.tomcat.util.digester.Digester   :   Fire begin() for SetPropertiesRule[]
2019-05-11 11:06:15.561 DEBUG 8956 --- [kground-preinit] o.apache.tomcat.util.digester.Digester   : [SetPropertiesRule]{mbeans-descriptors/mbean/operation/parameter} Set org.apache.tomcat.util.modeler.ParameterInfo properties
2019-05-11 11:06:15.561 DEBUG 8956 --- [kground-preinit] o.apache.tomcat.util.digester.Digester   : [SetPropertiesRule]{mbeans-descriptors/mbean/operation/parameter} Setting property 'name' to 'type'
2019-05-11 11:06:15.561 DEBUG 8956 --- [kground-preinit] o.apache.tomcat.util.IntrospectionUtils  : IntrospectionUtils: setProperty(class org.apache.tomcat.util.modeler.ParameterInfo name=type)
2019-05-11 11:06:15.561 DEBUG 8956 --- [kground-preinit] o.apache.tomcat.util.digester.Digester   : [SetPropertiesRule]{mbeans-descriptors/mbean/operation/parameter} Setting property 'description' to 'New resource reference type'
2019-05-11 11:06:15.562 DEBUG 8956 --- [kground-preinit] o.apache.tomcat.util.IntrospectionUtils  : IntrospectionUtils: setProperty(class org.apache.tomcat.util.modeler.ParameterInfo description=New resource reference type)
2019-05-11 11:06:15.562 DEBUG 8956 --- [kground-preinit] o.apache.tomcat.util.digester.Digester   : [SetPropertiesRule]{mbeans-descriptors/mbean/operation/parameter} Setting property 'type' to 'java.lang.String'
2019-05-11 11:06:15.562 DEBUG 8956 --- [kground-preinit] o.apache.tomcat.util.IntrospectionUtils  : IntrospectionUtils: setProperty(class org.apache.tomcat.util.modeler.ParameterInfo type=java.lang.String)
2019-05-11 11:06:15.562 DEBUG 8956 --- [kground-preinit] o.apache.tomcat.util.digester.Digester   :   Fire begin() for SetNextRule[methodName=addParameter, paramType=org.apache.tomcat.util.modeler.ParameterInfo]
2019-05-11 11:06:15.562 DEBUG 8956 --- [kground-preinit] o.a.tomcat.util.digester.Digester.sax    : endElement(,,parameter)
2019-05-11 11:06:15.562 DEBUG 8956 --- [kground-preinit] o.apache.tomcat.util.digester.Digester   :   match='mbeans-descriptors/mbean/operation/parameter'
2019-05-11 11:06:15.563 DEBUG 8956 --- [kground-preinit] o.apache.tomcat.util.digester.Digester   :   bodyText=''
2019-05-11 11:06:15.563 DEBUG 8956 --- [kground-preinit] o.apache.tomcat.util.digester.Digester   :   Fire body() for ObjectCreateRule[className=org.apache.tomcat.util.modeler.ParameterInfo, attributeName=null]
2019-05-11 11:06:15.563 DEBUG 8956 --- [kground-preinit] o.apache.tomcat.util.digester.Digester   :   Fire body() for SetPropertiesRule[]
2019-05-11 11:06:15.563 DEBUG 8956 --- [kground-preinit] o.apache.tomcat.util.digester.Digester   :   Fire body() for SetNextRule[methodName=addParameter, paramType=org.apache.tomcat.util.modeler.ParameterInfo]
2019-05-11 11:06:15.563 DEBUG 8956 --- [kground-preinit] o.apache.tomcat.util.digester.Digester   :   Fire end() for SetNextRule[methodName=addParameter, paramType=org.apache.tomcat.util.modeler.ParameterInfo]
2019-05-11 11:06:15.563 DEBUG 8956 --- [kground-preinit] o.apache.tomcat.util.digester.Digester   : [SetNextRule]{mbeans-descriptors/mbean/operation/parameter} Call org.apache.tomcat.util.modeler.OperationInfo.addParameter(org.apache.tomcat.util.modeler.ParameterInfo@6ed3a6fa)
2019-05-11 11:06:15.564 DEBUG 8956 --- [kground-preinit] o.apache.tomcat.util.IntrospectionUtils  : IntrospectionUtils: callMethod1 org.apache.tomcat.util.modeler.OperationInfo org.apache.tomcat.util.modeler.ParameterInfo org.apache.tomcat.util.modeler.ParameterInfo
2019-05-11 11:06:15.564 DEBUG 8956 --- [kground-preinit] o.apache.tomcat.util.digester.Digester   :   Fire end() for SetPropertiesRule[]
2019-05-11 11:06:15.564 DEBUG 8956 --- [kground-preinit] o.apache.tomcat.util.digester.Digester   :   Fire end() for ObjectCreateRule[className=org.apache.tomcat.util.modeler.ParameterInfo, attributeName=null]
2019-05-11 11:06:15.564 DEBUG 8956 --- [kground-preinit] o.apache.tomcat.util.digester.Digester   : [ObjectCreateRule]{mbeans-descriptors/mbean/operation/parameter} Pop org.apache.tomcat.util.modeler.ParameterInfo
2019-05-11 11:06:15.564 DEBUG 8956 --- [kground-preinit] o.a.tomcat.util.digester.Digester.sax    : characters(
    )
2019-05-11 11:06:15.564 DEBUG 8956 --- [kground-preinit] o.a.tomcat.util.digester.Digester.sax    : endElement(,,operation)
2019-05-11 11:06:15.565 DEBUG 8956 --- [kground-preinit] o.apache.tomcat.util.digester.Digester   :   match='mbeans-descriptors/mbean/operation'
2019-05-11 11:06:15.565 DEBUG 8956 --- [kground-preinit] o.apache.tomcat.util.digester.Digester   :   bodyText='
      
      
    '
2019-05-11 11:06:15.565 DEBUG 8956 --- [kground-preinit] o.apache.tomcat.util.digester.Digester   :   Fire body() for ObjectCreateRule[className=org.apache.tomcat.util.modeler.OperationInfo, attributeName=null]
2019-05-11 11:06:15.565 DEBUG 8956 --- [kground-preinit] o.apache.tomcat.util.digester.Digester   :   Fire body() for SetPropertiesRule[]
2019-05-11 11:06:15.565 DEBUG 8956 --- [kground-preinit] o.apache.tomcat.util.digester.Digester   :   Fire body() for SetNextRule[methodName=addOperation, paramType=org.apache.tomcat.util.modeler.OperationInfo]
2019-05-11 11:06:15.566 DEBUG 8956 --- [kground-preinit] o.apache.tomcat.util.digester.Digester   :   Fire end() for SetNextRule[methodName=addOperation, paramType=org.apache.tomcat.util.modeler.OperationInfo]
2019-05-11 11:06:15.566 DEBUG 8956 --- [kground-preinit] o.apache.tomcat.util.digester.Digester   : [SetNextRule]{mbeans-descriptors/mbean/operation} Call org.apache.tomcat.util.modeler.ManagedBean.addOperation(org.apache.tomcat.util.modeler.OperationInfo@6f2237ba)
2019-05-11 11:06:15.566 DEBUG 8956 --- [kground-preinit] o.apache.tomcat.util.IntrospectionUtils  : IntrospectionUtils: callMethod1 org.apache.tomcat.util.modeler.ManagedBean org.apache.tomcat.util.modeler.OperationInfo org.apache.tomcat.util.modeler.OperationInfo
2019-05-11 11:06:15.566 DEBUG 8956 --- [kground-preinit] o.apache.tomcat.util.digester.Digester   :   Fire end() for SetPropertiesRule[]
2019-05-11 11:06:15.566 DEBUG 8956 --- [kground-preinit] o.apache.tomcat.util.digester.Digester   :   Fire end() for ObjectCreateRule[className=org.apache.tomcat.util.modeler.OperationInfo, attributeName=null]
2019-05-11 11:06:15.566 DEBUG 8956 --- [kground-preinit] o.apache.tomcat.util.digester.Digester   : [ObjectCreateRule]{mbeans-descriptors/mbean/operation} Pop org.apache.tomcat.util.modeler.OperationInfo
2019-05-11 11:06:15.566 DEBUG 8956 --- [kground-preinit] o.a.tomcat.util.digester.Digester.sax    : characters(

    )
2019-05-11 11:06:15.566 DEBUG 8956 --- [kground-preinit] o.a.tomcat.util.digester.Digester.sax    : startElement(,,operation)
2019-05-11 11:06:15.566 DEBUG 8956 --- [kground-preinit] o.apache.tomcat.util.digester.Digester   :   New match='mbeans-descriptors/mbean/operation'
2019-05-11 11:06:15.567 DEBUG 8956 --- [kground-preinit] o.apache.tomcat.util.digester.Digester   :   Fire begin() for ObjectCreateRule[className=org.apache.tomcat.util.modeler.OperationInfo, attributeName=null]
2019-05-11 11:06:15.567 DEBUG 8956 --- [kground-preinit] o.apache.tomcat.util.digester.Digester   : [ObjectCreateRule]{mbeans-descriptors/mbean/operation}New org.apache.tomcat.util.modeler.OperationInfo
2019-05-11 11:06:15.567 DEBUG 8956 --- [kground-preinit] o.apache.tomcat.util.digester.Digester   :   Fire begin() for SetPropertiesRule[]
2019-05-11 11:06:15.567 DEBUG 8956 --- [kground-preinit] o.apache.tomcat.util.digester.Digester   : [SetPropertiesRule]{mbeans-descriptors/mbean/operation} Set org.apache.tomcat.util.modeler.OperationInfo properties
2019-05-11 11:06:15.567 DEBUG 8956 --- [kground-preinit] o.apache.tomcat.util.digester.Digester   : [SetPropertiesRule]{mbeans-descriptors/mbean/operation} Setting property 'name' to 'removeEnvironment'
2019-05-11 11:06:15.567 DEBUG 8956 --- [kground-preinit] o.apache.tomcat.util.IntrospectionUtils  : IntrospectionUtils: setProperty(class org.apache.tomcat.util.modeler.OperationInfo name=removeEnvironment)
2019-05-11 11:06:15.567 DEBUG 8956 --- [kground-preinit] o.apache.tomcat.util.digester.Digester   : [SetPropertiesRule]{mbeans-descriptors/mbean/operation} Setting property 'description' to 'Remove any environment entry with the specified name'
2019-05-11 11:06:15.567 DEBUG 8956 --- [kground-preinit] o.apache.tomcat.util.IntrospectionUtils  : IntrospectionUtils: setProperty(class org.apache.tomcat.util.modeler.OperationInfo description=Remove any environment entry with the specified name)
2019-05-11 11:06:15.568 DEBUG 8956 --- [kground-preinit] o.apache.tomcat.util.digester.Digester   : [SetPropertiesRule]{mbeans-descriptors/mbean/operation} Setting property 'impact' to 'ACTION'
2019-05-11 11:06:15.569 DEBUG 8956 --- [kground-preinit] o.apache.tomcat.util.IntrospectionUtils  : IntrospectionUtils: setProperty(class org.apache.tomcat.util.modeler.OperationInfo impact=ACTION)
2019-05-11 11:06:15.569 DEBUG 8956 --- [kground-preinit] o.apache.tomcat.util.digester.Digester   : [SetPropertiesRule]{mbeans-descriptors/mbean/operation} Setting property 'returnType' to 'void'
2019-05-11 11:06:15.569 DEBUG 8956 --- [kground-preinit] o.apache.tomcat.util.IntrospectionUtils  : IntrospectionUtils: setProperty(class org.apache.tomcat.util.modeler.OperationInfo returnType=void)
2019-05-11 11:06:15.569 DEBUG 8956 --- [kground-preinit] o.apache.tomcat.util.digester.Digester   :   Fire begin() for SetNextRule[methodName=addOperation, paramType=org.apache.tomcat.util.modeler.OperationInfo]
2019-05-11 11:06:15.570 DEBUG 8956 --- [kground-preinit] o.a.tomcat.util.digester.Digester.sax    : characters(
      )
2019-05-11 11:06:15.570 DEBUG 8956 --- [kground-preinit] o.a.tomcat.util.digester.Digester.sax    : startElement(,,parameter)
2019-05-11 11:06:15.570 DEBUG 8956 --- [kground-preinit] o.apache.tomcat.util.digester.Digester   :   New match='mbeans-descriptors/mbean/operation/parameter'
2019-05-11 11:06:15.570 DEBUG 8956 --- [kground-preinit] o.apache.tomcat.util.digester.Digester   :   Fire begin() for ObjectCreateRule[className=org.apache.tomcat.util.modeler.ParameterInfo, attributeName=null]
2019-05-11 11:06:15.570 DEBUG 8956 --- [kground-preinit] o.apache.tomcat.util.digester.Digester   : [ObjectCreateRule]{mbeans-descriptors/mbean/operation/parameter}New org.apache.tomcat.util.modeler.ParameterInfo
2019-05-11 11:06:15.570 DEBUG 8956 --- [kground-preinit] o.apache.tomcat.util.digester.Digester   :   Fire begin() for SetPropertiesRule[]
2019-05-11 11:06:15.570 DEBUG 8956 --- [kground-preinit] o.apache.tomcat.util.digester.Digester   : [SetPropertiesRule]{mbeans-descriptors/mbean/operation/parameter} Set org.apache.tomcat.util.modeler.ParameterInfo properties
2019-05-11 11:06:15.571 DEBUG 8956 --- [kground-preinit] o.apache.tomcat.util.digester.Digester   : [SetPropertiesRule]{mbeans-descriptors/mbean/operation/parameter} Setting property 'name' to 'envName'
2019-05-11 11:06:15.571 DEBUG 8956 --- [kground-preinit] o.apache.tomcat.util.IntrospectionUtils  : IntrospectionUtils: setProperty(class org.apache.tomcat.util.modeler.ParameterInfo name=envName)
2019-05-11 11:06:15.571 DEBUG 8956 --- [kground-preinit] o.apache.tomcat.util.digester.Digester   : [SetPropertiesRule]{mbeans-descriptors/mbean/operation/parameter} Setting property 'description' to 'Name of the environment entry to remove'
2019-05-11 11:06:15.571 DEBUG 8956 --- [kground-preinit] o.apache.tomcat.util.IntrospectionUtils  : IntrospectionUtils: setProperty(class org.apache.tomcat.util.modeler.ParameterInfo description=Name of the environment entry to remove)
2019-05-11 11:06:15.571 DEBUG 8956 --- [kground-preinit] o.apache.tomcat.util.digester.Digester   : [SetPropertiesRule]{mbeans-descriptors/mbean/operation/parameter} Setting property 'type' to 'java.lang.String'
2019-05-11 11:06:15.571 DEBUG 8956 --- [kground-preinit] o.apache.tomcat.util.IntrospectionUtils  : IntrospectionUtils: setProperty(class org.apache.tomcat.util.modeler.ParameterInfo type=java.lang.String)
2019-05-11 11:06:15.571 DEBUG 8956 --- [kground-preinit] o.apache.tomcat.util.digester.Digester   :   Fire begin() for SetNextRule[methodName=addParameter, paramType=org.apache.tomcat.util.modeler.ParameterInfo]
2019-05-11 11:06:15.571 DEBUG 8956 --- [kground-preinit] o.a.tomcat.util.digester.Digester.sax    : endElement(,,parameter)
2019-05-11 11:06:15.571 DEBUG 8956 --- [kground-preinit] o.apache.tomcat.util.digester.Digester   :   match='mbeans-descriptors/mbean/operation/parameter'
2019-05-11 11:06:15.572 DEBUG 8956 --- [kground-preinit] o.apache.tomcat.util.digester.Digester   :   bodyText=''
2019-05-11 11:06:15.572 DEBUG 8956 --- [kground-preinit] o.apache.tomcat.util.digester.Digester   :   Fire body() for ObjectCreateRule[className=org.apache.tomcat.util.modeler.ParameterInfo, attributeName=null]
2019-05-11 11:06:15.572 DEBUG 8956 --- [kground-preinit] o.apache.tomcat.util.digester.Digester   :   Fire body() for SetPropertiesRule[]
2019-05-11 11:06:15.572 DEBUG 8956 --- [kground-preinit] o.apache.tomcat.util.digester.Digester   :   Fire body() for SetNextRule[methodName=addParameter, paramType=org.apache.tomcat.util.modeler.ParameterInfo]
2019-05-11 11:06:15.572 DEBUG 8956 --- [kground-preinit] o.apache.tomcat.util.digester.Digester   :   Fire end() for SetNextRule[methodName=addParameter, paramType=org.apache.tomcat.util.modeler.ParameterInfo]
2019-05-11 11:06:15.572 DEBUG 8956 --- [kground-preinit] o.apache.tomcat.util.digester.Digester   : [SetNextRule]{mbeans-descriptors/mbean/operation/parameter} Call org.apache.tomcat.util.modeler.OperationInfo.addParameter(org.apache.tomcat.util.modeler.ParameterInfo@5bccea89)
2019-05-11 11:06:15.572 DEBUG 8956 --- [kground-preinit] o.apache.tomcat.util.IntrospectionUtils  : IntrospectionUtils: callMethod1 org.apache.tomcat.util.modeler.OperationInfo org.apache.tomcat.util.modeler.ParameterInfo org.apache.tomcat.util.modeler.ParameterInfo
2019-05-11 11:06:15.572 DEBUG 8956 --- [kground-preinit] o.apache.tomcat.util.digester.Digester   :   Fire end() for SetPropertiesRule[]
2019-05-11 11:06:15.573 DEBUG 8956 --- [kground-preinit] o.apache.tomcat.util.digester.Digester   :   Fire end() for ObjectCreateRule[className=org.apache.tomcat.util.modeler.ParameterInfo, attributeName=null]
2019-05-11 11:06:15.573 DEBUG 8956 --- [kground-preinit] o.apache.tomcat.util.digester.Digester   : [ObjectCreateRule]{mbeans-descriptors/mbean/operation/parameter} Pop org.apache.tomcat.util.modeler.ParameterInfo
2019-05-11 11:06:15.573 DEBUG 8956 --- [kground-preinit] o.a.tomcat.util.digester.Digester.sax    : characters(
    )
2019-05-11 11:06:15.573 DEBUG 8956 --- [kground-preinit] o.a.tomcat.util.digester.Digester.sax    : endElement(,,operation)
2019-05-11 11:06:15.573 DEBUG 8956 --- [kground-preinit] o.apache.tomcat.util.digester.Digester   :   match='mbeans-descriptors/mbean/operation'
2019-05-11 11:06:15.573 DEBUG 8956 --- [kground-preinit] o.apache.tomcat.util.digester.Digester   :   bodyText='
      
    '
2019-05-11 11:06:15.573 DEBUG 8956 --- [kground-preinit] o.apache.tomcat.util.digester.Digester   :   Fire body() for ObjectCreateRule[className=org.apache.tomcat.util.modeler.OperationInfo, attributeName=null]
2019-05-11 11:06:15.573 DEBUG 8956 --- [kground-preinit] o.apache.tomcat.util.digester.Digester   :   Fire body() for SetPropertiesRule[]
2019-05-11 11:06:15.573 DEBUG 8956 --- [kground-preinit] o.apache.tomcat.util.digester.Digester   :   Fire body() for SetNextRule[methodName=addOperation, paramType=org.apache.tomcat.util.modeler.OperationInfo]
2019-05-11 11:06:15.573 DEBUG 8956 --- [kground-preinit] o.apache.tomcat.util.digester.Digester   :   Fire end() for SetNextRule[methodName=addOperation, paramType=org.apache.tomcat.util.modeler.OperationInfo]
2019-05-11 11:06:15.574 DEBUG 8956 --- [kground-preinit] o.apache.tomcat.util.digester.Digester   : [SetNextRule]{mbeans-descriptors/mbean/operation} Call org.apache.tomcat.util.modeler.ManagedBean.addOperation(org.apache.tomcat.util.modeler.OperationInfo@347345b)
2019-05-11 11:06:15.574 DEBUG 8956 --- [kground-preinit] o.apache.tomcat.util.IntrospectionUtils  : IntrospectionUtils: callMethod1 org.apache.tomcat.util.modeler.ManagedBean org.apache.tomcat.util.modeler.OperationInfo org.apache.tomcat.util.modeler.OperationInfo
2019-05-11 11:06:15.574 DEBUG 8956 --- [kground-preinit] o.apache.tomcat.util.digester.Digester   :   Fire end() for SetPropertiesRule[]
2019-05-11 11:06:15.574 DEBUG 8956 --- [kground-preinit] o.apache.tomcat.util.digester.Digester   :   Fire end() for ObjectCreateRule[className=org.apache.tomcat.util.modeler.OperationInfo, attributeName=null]
2019-05-11 11:06:15.574 DEBUG 8956 --- [kground-preinit] o.apache.tomcat.util.digester.Digester   : [ObjectCreateRule]{mbeans-descriptors/mbean/operation} Pop org.apache.tomcat.util.modeler.OperationInfo
2019-05-11 11:06:15.574 DEBUG 8956 --- [kground-preinit] o.a.tomcat.util.digester.Digester.sax    : characters(

    )
2019-05-11 11:06:15.574 DEBUG 8956 --- [kground-preinit] o.a.tomcat.util.digester.Digester.sax    : startElement(,,operation)
2019-05-11 11:06:15.574 DEBUG 8956 --- [kground-preinit] o.apache.tomcat.util.digester.Digester   :   New match='mbeans-descriptors/mbean/operation'
2019-05-11 11:06:15.575 DEBUG 8956 --- [kground-preinit] o.apache.tomcat.util.digester.Digester   :   Fire begin() for ObjectCreateRule[className=org.apache.tomcat.util.modeler.OperationInfo, attributeName=null]
2019-05-11 11:06:15.575 DEBUG 8956 --- [kground-preinit] o.apache.tomcat.util.digester.Digester   : [ObjectCreateRule]{mbeans-descriptors/mbean/operation}New org.apache.tomcat.util.modeler.OperationInfo
2019-05-11 11:06:15.576 DEBUG 8956 --- [kground-preinit] o.apache.tomcat.util.digester.Digester   :   Fire begin() for SetPropertiesRule[]
2019-05-11 11:06:15.576 DEBUG 8956 --- [kground-preinit] o.apache.tomcat.util.digester.Digester   : [SetPropertiesRule]{mbeans-descriptors/mbean/operation} Set org.apache.tomcat.util.modeler.OperationInfo properties
2019-05-11 11:06:15.576 DEBUG 8956 --- [kground-preinit] o.apache.tomcat.util.digester.Digester   : [SetPropertiesRule]{mbeans-descriptors/mbean/operation} Setting property 'name' to 'removeResource'
2019-05-11 11:06:15.576 DEBUG 8956 --- [kground-preinit] o.apache.tomcat.util.IntrospectionUtils  : IntrospectionUtils: setProperty(class org.apache.tomcat.util.modeler.OperationInfo name=removeResource)
2019-05-11 11:06:15.577 DEBUG 8956 --- [kground-preinit] o.apache.tomcat.util.digester.Digester   : [SetPropertiesRule]{mbeans-descriptors/mbean/operation} Setting property 'description' to 'Remove any resource reference with the specified name'
2019-05-11 11:06:15.577 DEBUG 8956 --- [kground-preinit] o.apache.tomcat.util.IntrospectionUtils  : IntrospectionUtils: setProperty(class org.apache.tomcat.util.modeler.OperationInfo description=Remove any resource reference with the specified name)
2019-05-11 11:06:15.577 DEBUG 8956 --- [kground-preinit] o.apache.tomcat.util.digester.Digester   : [SetPropertiesRule]{mbeans-descriptors/mbean/operation} Setting property 'impact' to 'ACTION'
2019-05-11 11:06:15.577 DEBUG 8956 --- [kground-preinit] o.apache.tomcat.util.IntrospectionUtils  : IntrospectionUtils: setProperty(class org.apache.tomcat.util.modeler.OperationInfo impact=ACTION)
2019-05-11 11:06:15.577 DEBUG 8956 --- [kground-preinit] o.apache.tomcat.util.digester.Digester   : [SetPropertiesRule]{mbeans-descriptors/mbean/operation} Setting property 'returnType' to 'void'
2019-05-11 11:06:15.577 DEBUG 8956 --- [kground-preinit] o.apache.tomcat.util.IntrospectionUtils  : IntrospectionUtils: setProperty(class org.apache.tomcat.util.modeler.OperationInfo returnType=void)
2019-05-11 11:06:15.577 DEBUG 8956 --- [kground-preinit] o.apache.tomcat.util.digester.Digester   :   Fire begin() for SetNextRule[methodName=addOperation, paramType=org.apache.tomcat.util.modeler.OperationInfo]
2019-05-11 11:06:15.577 DEBUG 8956 --- [kground-preinit] o.a.tomcat.util.digester.Digester.sax    : characters(
      )
2019-05-11 11:06:15.577 DEBUG 8956 --- [kground-preinit] o.a.tomcat.util.digester.Digester.sax    : startElement(,,parameter)
2019-05-11 11:06:15.578 DEBUG 8956 --- [kground-preinit] o.apache.tomcat.util.digester.Digester   :   New match='mbeans-descriptors/mbean/operation/parameter'
2019-05-11 11:06:15.578 DEBUG 8956 --- [kground-preinit] o.apache.tomcat.util.digester.Digester   :   Fire begin() for ObjectCreateRule[className=org.apache.tomcat.util.modeler.ParameterInfo, attributeName=null]
2019-05-11 11:06:15.578 DEBUG 8956 --- [kground-preinit] o.apache.tomcat.util.digester.Digester   : [ObjectCreateRule]{mbeans-descriptors/mbean/operation/parameter}New org.apache.tomcat.util.modeler.ParameterInfo
2019-05-11 11:06:15.578 DEBUG 8956 --- [kground-preinit] o.apache.tomcat.util.digester.Digester   :   Fire begin() for SetPropertiesRule[]
2019-05-11 11:06:15.578 DEBUG 8956 --- [kground-preinit] o.apache.tomcat.util.digester.Digester   : [SetPropertiesRule]{mbeans-descriptors/mbean/operation/parameter} Set org.apache.tomcat.util.modeler.ParameterInfo properties
2019-05-11 11:06:15.578 DEBUG 8956 --- [kground-preinit] o.apache.tomcat.util.digester.Digester   : [SetPropertiesRule]{mbeans-descriptors/mbean/operation/parameter} Setting property 'name' to 'resourceName'
2019-05-11 11:06:15.578 DEBUG 8956 --- [kground-preinit] o.apache.tomcat.util.IntrospectionUtils  : IntrospectionUtils: setProperty(class org.apache.tomcat.util.modeler.ParameterInfo name=resourceName)
2019-05-11 11:06:15.578 DEBUG 8956 --- [kground-preinit] o.apache.tomcat.util.digester.Digester   : [SetPropertiesRule]{mbeans-descriptors/mbean/operation/parameter} Setting property 'description' to 'Name of the resource reference to remove'
2019-05-11 11:06:15.578 DEBUG 8956 --- [kground-preinit] o.apache.tomcat.util.IntrospectionUtils  : IntrospectionUtils: setProperty(class org.apache.tomcat.util.modeler.ParameterInfo description=Name of the resource reference to remove)
2019-05-11 11:06:15.579 DEBUG 8956 --- [kground-preinit] o.apache.tomcat.util.digester.Digester   : [SetPropertiesRule]{mbeans-descriptors/mbean/operation/parameter} Setting property 'type' to 'java.lang.String'
2019-05-11 11:06:15.579 DEBUG 8956 --- [kground-preinit] o.apache.tomcat.util.IntrospectionUtils  : IntrospectionUtils: setProperty(class org.apache.tomcat.util.modeler.ParameterInfo type=java.lang.String)
2019-05-11 11:06:15.579 DEBUG 8956 --- [kground-preinit] o.apache.tomcat.util.digester.Digester   :   Fire begin() for SetNextRule[methodName=addParameter, paramType=org.apache.tomcat.util.modeler.ParameterInfo]
2019-05-11 11:06:15.579 DEBUG 8956 --- [kground-preinit] o.a.tomcat.util.digester.Digester.sax    : endElement(,,parameter)
2019-05-11 11:06:15.579 DEBUG 8956 --- [kground-preinit] o.apache.tomcat.util.digester.Digester   :   match='mbeans-descriptors/mbean/operation/parameter'
2019-05-11 11:06:15.579 DEBUG 8956 --- [kground-preinit] o.apache.tomcat.util.digester.Digester   :   bodyText=''
2019-05-11 11:06:15.579 DEBUG 8956 --- [kground-preinit] o.apache.tomcat.util.digester.Digester   :   Fire body() for ObjectCreateRule[className=org.apache.tomcat.util.modeler.ParameterInfo, attributeName=null]
2019-05-11 11:06:15.579 DEBUG 8956 --- [kground-preinit] o.apache.tomcat.util.digester.Digester   :   Fire body() for SetPropertiesRule[]
2019-05-11 11:06:15.579 DEBUG 8956 --- [kground-preinit] o.apache.tomcat.util.digester.Digester   :   Fire body() for SetNextRule[methodName=addParameter, paramType=org.apache.tomcat.util.modeler.ParameterInfo]
2019-05-11 11:06:15.579 DEBUG 8956 --- [kground-preinit] o.apache.tomcat.util.digester.Digester   :   Fire end() for SetNextRule[methodName=addParameter, paramType=org.apache.tomcat.util.modeler.ParameterInfo]
2019-05-11 11:06:15.580 DEBUG 8956 --- [kground-preinit] o.apache.tomcat.util.digester.Digester   : [SetNextRule]{mbeans-descriptors/mbean/operation/parameter} Call org.apache.tomcat.util.modeler.OperationInfo.addParameter(org.apache.tomcat.util.modeler.ParameterInfo@70d0b6bf)
2019-05-11 11:06:15.580 DEBUG 8956 --- [kground-preinit] o.apache.tomcat.util.IntrospectionUtils  : IntrospectionUtils: callMethod1 org.apache.tomcat.util.modeler.OperationInfo org.apache.tomcat.util.modeler.ParameterInfo org.apache.tomcat.util.modeler.ParameterInfo
2019-05-11 11:06:15.580 DEBUG 8956 --- [kground-preinit] o.apache.tomcat.util.digester.Digester   :   Fire end() for SetPropertiesRule[]
2019-05-11 11:06:15.580 DEBUG 8956 --- [kground-preinit] o.apache.tomcat.util.digester.Digester   :   Fire end() for ObjectCreateRule[className=org.apache.tomcat.util.modeler.ParameterInfo, attributeName=null]
2019-05-11 11:06:15.580 DEBUG 8956 --- [kground-preinit] o.apache.tomcat.util.digester.Digester   : [ObjectCreateRule]{mbeans-descriptors/mbean/operation/parameter} Pop org.apache.tomcat.util.modeler.ParameterInfo
2019-05-11 11:06:15.580 DEBUG 8956 --- [kground-preinit] o.a.tomcat.util.digester.Digester.sax    : characters(
    )
2019-05-11 11:06:15.580 DEBUG 8956 --- [kground-preinit] o.a.tomcat.util.digester.Digester.sax    : endElement(,,operation)
2019-05-11 11:06:15.581 DEBUG 8956 --- [kground-preinit] o.apache.tomcat.util.digester.Digester   :   match='mbeans-descriptors/mbean/operation'
2019-05-11 11:06:15.581 DEBUG 8956 --- [kground-preinit] o.apache.tomcat.util.digester.Digester   :   bodyText='
      
    '
2019-05-11 11:06:15.582 DEBUG 8956 --- [kground-preinit] o.apache.tomcat.util.digester.Digester   :   Fire body() for ObjectCreateRule[className=org.apache.tomcat.util.modeler.OperationInfo, attributeName=null]
2019-05-11 11:06:15.582 DEBUG 8956 --- [kground-preinit] o.apache.tomcat.util.digester.Digester   :   Fire body() for SetPropertiesRule[]
2019-05-11 11:06:15.582 DEBUG 8956 --- [kground-preinit] o.apache.tomcat.util.digester.Digester   :   Fire body() for SetNextRule[methodName=addOperation, paramType=org.apache.tomcat.util.modeler.OperationInfo]
2019-05-11 11:06:15.582 DEBUG 8956 --- [kground-preinit] o.apache.tomcat.util.digester.Digester   :   Fire end() for SetNextRule[methodName=addOperation, paramType=org.apache.tomcat.util.modeler.OperationInfo]
2019-05-11 11:06:15.582 DEBUG 8956 --- [kground-preinit] o.apache.tomcat.util.digester.Digester   : [SetNextRule]{mbeans-descriptors/mbean/operation} Call org.apache.tomcat.util.modeler.ManagedBean.addOperation(org.apache.tomcat.util.modeler.OperationInfo@eb1d0f8)
2019-05-11 11:06:15.583 DEBUG 8956 --- [kground-preinit] o.apache.tomcat.util.IntrospectionUtils  : IntrospectionUtils: callMethod1 org.apache.tomcat.util.modeler.ManagedBean org.apache.tomcat.util.modeler.OperationInfo org.apache.tomcat.util.modeler.OperationInfo
2019-05-11 11:06:15.583 DEBUG 8956 --- [kground-preinit] o.apache.tomcat.util.digester.Digester   :   Fire end() for SetPropertiesRule[]
2019-05-11 11:06:15.583 DEBUG 8956 --- [kground-preinit] o.apache.tomcat.util.digester.Digester   :   Fire end() for ObjectCreateRule[className=org.apache.tomcat.util.modeler.OperationInfo, attributeName=null]
2019-05-11 11:06:15.584 DEBUG 8956 --- [kground-preinit] o.apache.tomcat.util.digester.Digester   : [ObjectCreateRule]{mbeans-descriptors/mbean/operation} Pop org.apache.tomcat.util.modeler.OperationInfo
2019-05-11 11:06:15.584 DEBUG 8956 --- [kground-preinit] o.a.tomcat.util.digester.Digester.sax    : characters(

    )
2019-05-11 11:06:15.584 DEBUG 8956 --- [kground-preinit] o.a.tomcat.util.digester.Digester.sax    : startElement(,,operation)
2019-05-11 11:06:15.585 DEBUG 8956 --- [kground-preinit] o.apache.tomcat.util.digester.Digester   :   New match='mbeans-descriptors/mbean/operation'
2019-05-11 11:06:15.585 DEBUG 8956 --- [kground-preinit] o.apache.tomcat.util.digester.Digester   :   Fire begin() for ObjectCreateRule[className=org.apache.tomcat.util.modeler.OperationInfo, attributeName=null]
2019-05-11 11:06:15.585 DEBUG 8956 --- [kground-preinit] o.apache.tomcat.util.digester.Digester   : [ObjectCreateRule]{mbeans-descriptors/mbean/operation}New org.apache.tomcat.util.modeler.OperationInfo
2019-05-11 11:06:15.586 DEBUG 8956 --- [kground-preinit] o.apache.tomcat.util.digester.Digester   :   Fire begin() for SetPropertiesRule[]
2019-05-11 11:06:15.586 DEBUG 8956 --- [kground-preinit] o.apache.tomcat.util.digester.Digester   : [SetPropertiesRule]{mbeans-descriptors/mbean/operation} Set org.apache.tomcat.util.modeler.OperationInfo properties
2019-05-11 11:06:15.587 DEBUG 8956 --- [kground-preinit] o.apache.tomcat.util.digester.Digester   : [SetPropertiesRule]{mbeans-descriptors/mbean/operation} Setting property 'name' to 'removeResourceLink'
2019-05-11 11:06:15.587 DEBUG 8956 --- [kground-preinit] o.apache.tomcat.util.IntrospectionUtils  : IntrospectionUtils: setProperty(class org.apache.tomcat.util.modeler.OperationInfo name=removeResourceLink)
2019-05-11 11:06:15.587 DEBUG 8956 --- [kground-preinit] o.apache.tomcat.util.digester.Digester   : [SetPropertiesRule]{mbeans-descriptors/mbean/operation} Setting property 'description' to 'Remove any resource link reference with the specified name'
2019-05-11 11:06:15.587 DEBUG 8956 --- [kground-preinit] o.apache.tomcat.util.IntrospectionUtils  : IntrospectionUtils: setProperty(class org.apache.tomcat.util.modeler.OperationInfo description=Remove any resource link reference with the specified name)
2019-05-11 11:06:15.587 DEBUG 8956 --- [kground-preinit] o.apache.tomcat.util.digester.Digester   : [SetPropertiesRule]{mbeans-descriptors/mbean/operation} Setting property 'impact' to 'ACTION'
2019-05-11 11:06:15.587 DEBUG 8956 --- [kground-preinit] o.apache.tomcat.util.IntrospectionUtils  : IntrospectionUtils: setProperty(class org.apache.tomcat.util.modeler.OperationInfo impact=ACTION)
2019-05-11 11:06:15.588 DEBUG 8956 --- [kground-preinit] o.apache.tomcat.util.digester.Digester   : [SetPropertiesRule]{mbeans-descriptors/mbean/operation} Setting property 'returnType' to 'void'
2019-05-11 11:06:15.588 DEBUG 8956 --- [kground-preinit] o.apache.tomcat.util.IntrospectionUtils  : IntrospectionUtils: setProperty(class org.apache.tomcat.util.modeler.OperationInfo returnType=void)
2019-05-11 11:06:15.588 DEBUG 8956 --- [kground-preinit] o.apache.tomcat.util.digester.Digester   :   Fire begin() for SetNextRule[methodName=addOperation, paramType=org.apache.tomcat.util.modeler.OperationInfo]
2019-05-11 11:06:15.588 DEBUG 8956 --- [kground-preinit] o.a.tomcat.util.digester.Digester.sax    : characters(
      )
2019-05-11 11:06:15.588 DEBUG 8956 --- [kground-preinit] o.a.tomcat.util.digester.Digester.sax    : startElement(,,parameter)
2019-05-11 11:06:15.588  INFO 8956 --- [           main] c.a.dubbo.common.logger.LoggerFactory    : using logger: com.alibaba.dubbo.common.logger.log4j.Log4jLoggerAdapter
2019-05-11 11:06:15.588 DEBUG 8956 --- [kground-preinit] o.apache.tomcat.util.digester.Digester   :   New match='mbeans-descriptors/mbean/operation/parameter'
2019-05-11 11:06:15.588 DEBUG 8956 --- [kground-preinit] o.apache.tomcat.util.digester.Digester   :   Fire begin() for ObjectCreateRule[className=org.apache.tomcat.util.modeler.ParameterInfo, attributeName=null]
2019-05-11 11:06:15.589 DEBUG 8956 --- [kground-preinit] o.apache.tomcat.util.digester.Digester   : [ObjectCreateRule]{mbeans-descriptors/mbean/operation/parameter}New org.apache.tomcat.util.modeler.ParameterInfo
2019-05-11 11:06:15.589 DEBUG 8956 --- [kground-preinit] o.apache.tomcat.util.digester.Digester   :   Fire begin() for SetPropertiesRule[]
2019-05-11 11:06:15.589 DEBUG 8956 --- [kground-preinit] o.apache.tomcat.util.digester.Digester   : [SetPropertiesRule]{mbeans-descriptors/mbean/operation/parameter} Set org.apache.tomcat.util.modeler.ParameterInfo properties
2019-05-11 11:06:15.589 DEBUG 8956 --- [kground-preinit] o.apache.tomcat.util.digester.Digester   : [SetPropertiesRule]{mbeans-descriptors/mbean/operation/parameter} Setting property 'name' to 'resourceLinkName'
2019-05-11 11:06:15.589 DEBUG 8956 --- [kground-preinit] o.apache.tomcat.util.IntrospectionUtils  : IntrospectionUtils: setProperty(class org.apache.tomcat.util.modeler.ParameterInfo name=resourceLinkName)
2019-05-11 11:06:15.589 DEBUG 8956 --- [kground-preinit] o.apache.tomcat.util.digester.Digester   : [SetPropertiesRule]{mbeans-descriptors/mbean/operation/parameter} Setting property 'description' to 'Name of the resource reference to remove'
2019-05-11 11:06:15.589 DEBUG 8956 --- [kground-preinit] o.apache.tomcat.util.IntrospectionUtils  : IntrospectionUtils: setProperty(class org.apache.tomcat.util.modeler.ParameterInfo description=Name of the resource reference to remove)
2019-05-11 11:06:15.589 DEBUG 8956 --- [kground-preinit] o.apache.tomcat.util.digester.Digester   : [SetPropertiesRule]{mbeans-descriptors/mbean/operation/parameter} Setting property 'type' to 'java.lang.String'
2019-05-11 11:06:15.589 DEBUG 8956 --- [kground-preinit] o.apache.tomcat.util.IntrospectionUtils  : IntrospectionUtils: setProperty(class org.apache.tomcat.util.modeler.ParameterInfo type=java.lang.String)
2019-05-11 11:06:15.589 DEBUG 8956 --- [kground-preinit] o.apache.tomcat.util.digester.Digester   :   Fire begin() for SetNextRule[methodName=addParameter, paramType=org.apache.tomcat.util.modeler.ParameterInfo]
2019-05-11 11:06:15.589 DEBUG 8956 --- [kground-preinit] o.a.tomcat.util.digester.Digester.sax    : endElement(,,parameter)
2019-05-11 11:06:15.589 DEBUG 8956 --- [kground-preinit] o.apache.tomcat.util.digester.Digester   :   match='mbeans-descriptors/mbean/operation/parameter'
2019-05-11 11:06:15.590 DEBUG 8956 --- [kground-preinit] o.apache.tomcat.util.digester.Digester   :   bodyText=''
2019-05-11 11:06:15.590 DEBUG 8956 --- [kground-preinit] o.apache.tomcat.util.digester.Digester   :   Fire body() for ObjectCreateRule[className=org.apache.tomcat.util.modeler.ParameterInfo, attributeName=null]
2019-05-11 11:06:15.590 DEBUG 8956 --- [kground-preinit] o.apache.tomcat.util.digester.Digester   :   Fire body() for SetPropertiesRule[]
2019-05-11 11:06:15.590 DEBUG 8956 --- [kground-preinit] o.apache.tomcat.util.digester.Digester   :   Fire body() for SetNextRule[methodName=addParameter, paramType=org.apache.tomcat.util.modeler.ParameterInfo]
2019-05-11 11:06:15.590 DEBUG 8956 --- [kground-preinit] o.apache.tomcat.util.digester.Digester   :   Fire end() for SetNextRule[methodName=addParameter, paramType=org.apache.tomcat.util.modeler.ParameterInfo]
2019-05-11 11:06:15.590 DEBUG 8956 --- [kground-preinit] o.apache.tomcat.util.digester.Digester   : [SetNextRule]{mbeans-descriptors/mbean/operation/parameter} Call org.apache.tomcat.util.modeler.OperationInfo.addParameter(org.apache.tomcat.util.modeler.ParameterInfo@3295eb05)
2019-05-11 11:06:15.590 DEBUG 8956 --- [kground-preinit] o.apache.tomcat.util.IntrospectionUtils  : IntrospectionUtils: callMethod1 org.apache.tomcat.util.modeler.OperationInfo org.apache.tomcat.util.modeler.ParameterInfo org.apache.tomcat.util.modeler.ParameterInfo
2019-05-11 11:06:15.590 DEBUG 8956 --- [kground-preinit] o.apache.tomcat.util.digester.Digester   :   Fire end() for SetPropertiesRule[]
2019-05-11 11:06:15.590 DEBUG 8956 --- [kground-preinit] o.apache.tomcat.util.digester.Digester   :   Fire end() for ObjectCreateRule[className=org.apache.tomcat.util.modeler.ParameterInfo, attributeName=null]
2019-05-11 11:06:15.591 DEBUG 8956 --- [kground-preinit] o.apache.tomcat.util.digester.Digester   : [ObjectCreateRule]{mbeans-descriptors/mbean/operation/parameter} Pop org.apache.tomcat.util.modeler.ParameterInfo
2019-05-11 11:06:15.591 DEBUG 8956 --- [           main] o.s.b.f.s.DefaultListableBeanFactory     : Eagerly caching bean 'com.reger.dubbo.config.DubboAutoConfiguration' to allow for resolving potential circular references
2019-05-11 11:06:15.591 DEBUG 8956 --- [kground-preinit] o.a.tomcat.util.digester.Digester.sax    : characters(
    )
2019-05-11 11:06:15.591 DEBUG 8956 --- [kground-preinit] o.a.tomcat.util.digester.Digester.sax    : endElement(,,operation)
2019-05-11 11:06:15.592 DEBUG 8956 --- [kground-preinit] o.apache.tomcat.util.digester.Digester   :   match='mbeans-descriptors/mbean/operation'
2019-05-11 11:06:15.592 DEBUG 8956 --- [kground-preinit] o.apache.tomcat.util.digester.Digester   :   bodyText='
      
    '
2019-05-11 11:06:15.592 DEBUG 8956 --- [kground-preinit] o.apache.tomcat.util.digester.Digester   :   Fire body() for ObjectCreateRule[className=org.apache.tomcat.util.modeler.OperationInfo, attributeName=null]
2019-05-11 11:06:15.592 DEBUG 8956 --- [kground-preinit] o.apache.tomcat.util.digester.Digester   :   Fire body() for SetPropertiesRule[]
2019-05-11 11:06:15.592 DEBUG 8956 --- [kground-preinit] o.apache.tomcat.util.digester.Digester   :   Fire body() for SetNextRule[methodName=addOperation, paramType=org.apache.tomcat.util.modeler.OperationInfo]
2019-05-11 11:06:15.592 DEBUG 8956 --- [kground-preinit] o.apache.tomcat.util.digester.Digester   :   Fire end() for SetNextRule[methodName=addOperation, paramType=org.apache.tomcat.util.modeler.OperationInfo]
2019-05-11 11:06:15.592 DEBUG 8956 --- [kground-preinit] o.apache.tomcat.util.digester.Digester   : [SetNextRule]{mbeans-descriptors/mbean/operation} Call org.apache.tomcat.util.modeler.ManagedBean.addOperation(org.apache.tomcat.util.modeler.OperationInfo@8caf4e0)
2019-05-11 11:06:15.592 DEBUG 8956 --- [kground-preinit] o.apache.tomcat.util.IntrospectionUtils  : IntrospectionUtils: callMethod1 org.apache.tomcat.util.modeler.ManagedBean org.apache.tomcat.util.modeler.OperationInfo org.apache.tomcat.util.modeler.OperationInfo
2019-05-11 11:06:15.592 DEBUG 8956 --- [kground-preinit] o.apache.tomcat.util.digester.Digester   :   Fire end() for SetPropertiesRule[]
2019-05-11 11:06:15.593 DEBUG 8956 --- [kground-preinit] o.apache.tomcat.util.digester.Digester   :   Fire end() for ObjectCreateRule[className=org.apache.tomcat.util.modeler.OperationInfo, attributeName=null]
2019-05-11 11:06:15.593 DEBUG 8956 --- [kground-preinit] o.apache.tomcat.util.digester.Digester   : [ObjectCreateRule]{mbeans-descriptors/mbean/operation} Pop org.apache.tomcat.util.modeler.OperationInfo
2019-05-11 11:06:15.593 DEBUG 8956 --- [kground-preinit] o.a.tomcat.util.digester.Digester.sax    : characters(

  )
2019-05-11 11:06:15.593 DEBUG 8956 --- [kground-preinit] o.a.tomcat.util.digester.Digester.sax    : endElement(,,mbean)
2019-05-11 11:06:15.593 DEBUG 8956 --- [kground-preinit] o.apache.tomcat.util.digester.Digester   :   match='mbeans-descriptors/mbean'
2019-05-11 11:06:15.593 DEBUG 8956 --- [kground-preinit] o.apache.tomcat.util.digester.Digester   :   bodyText='

    

    

    

    

    

    

    

    

    

    

  '
2019-05-11 11:06:15.593 DEBUG 8956 --- [kground-preinit] o.apache.tomcat.util.digester.Digester   :   Fire body() for ObjectCreateRule[className=org.apache.tomcat.util.modeler.ManagedBean, attributeName=null]
2019-05-11 11:06:15.594 DEBUG 8956 --- [kground-preinit] o.apache.tomcat.util.digester.Digester   :   Fire body() for SetPropertiesRule[]
2019-05-11 11:06:15.594 DEBUG 8956 --- [kground-preinit] o.apache.tomcat.util.digester.Digester   :   Fire body() for SetNextRule[methodName=add, paramType=java.lang.Object]
2019-05-11 11:06:15.594 DEBUG 8956 --- [kground-preinit] o.apache.tomcat.util.digester.Digester   :   Fire end() for SetNextRule[methodName=add, paramType=java.lang.Object]
2019-05-11 11:06:15.595 DEBUG 8956 --- [kground-preinit] o.apache.tomcat.util.digester.Digester   : [SetNextRule]{mbeans-descriptors/mbean} Call java.util.ArrayList.add(ManagedBean[name=NamingResourcesImpl, className=org.apache.catalina.mbeans.NamingResourcesMBean, description=Holds and manages the naming resources defined in the                        J2EE Enterprise Naming Context and their associated                        JNDI context, group=Resources, type=org.apache.catalina.deploy.NamingResourcesImpl])
2019-05-11 11:06:15.595 DEBUG 8956 --- [kground-preinit] o.apache.tomcat.util.IntrospectionUtils  : IntrospectionUtils: callMethod1 java.util.ArrayList org.apache.tomcat.util.modeler.ManagedBean java.lang.Object
2019-05-11 11:06:15.595 DEBUG 8956 --- [kground-preinit] o.apache.tomcat.util.digester.Digester   :   Fire end() for SetPropertiesRule[]
2019-05-11 11:06:15.595 DEBUG 8956 --- [kground-preinit] o.apache.tomcat.util.digester.Digester   :   Fire end() for ObjectCreateRule[className=org.apache.tomcat.util.modeler.ManagedBean, attributeName=null]
2019-05-11 11:06:15.596 DEBUG 8956 --- [kground-preinit] o.apache.tomcat.util.digester.Digester   : [ObjectCreateRule]{mbeans-descriptors/mbean} Pop org.apache.tomcat.util.modeler.ManagedBean
2019-05-11 11:06:15.596 DEBUG 8956 --- [kground-preinit] o.a.tomcat.util.digester.Digester.sax    : characters(


)
2019-05-11 11:06:15.596 DEBUG 8956 --- [kground-preinit] o.a.tomcat.util.digester.Digester.sax    : endElement(,,mbeans-descriptors)
2019-05-11 11:06:15.596 DEBUG 8956 --- [kground-preinit] o.apache.tomcat.util.digester.Digester   :   match='mbeans-descriptors'
2019-05-11 11:06:15.596 DEBUG 8956 --- [kground-preinit] o.apache.tomcat.util.digester.Digester   :   bodyText='

  


'
2019-05-11 11:06:15.597 DEBUG 8956 --- [kground-preinit] o.apache.tomcat.util.digester.Digester   :   No rules found matching 'mbeans-descriptors'.
2019-05-11 11:06:15.597 DEBUG 8956 --- [kground-preinit] o.a.tomcat.util.digester.Digester.sax    : endDocument()
2019-05-11 11:06:15.598 DEBUG 8956 --- [kground-preinit] org.apache.tomcat.util.modeler.Registry  : Found jar:file:/F:/Repositories/Maven/org/apache/tomcat/embed/tomcat-embed-core/8.5.27/tomcat-embed-core-8.5.27.jar!/org/apache/catalina/loader/mbeans-descriptors.xml
2019-05-11 11:06:15.599 DEBUG 8956 --- [kground-preinit] o.a.tomcat.util.digester.Digester.sax    : setDocumentLocator(org.apache.xerces.parsers.AbstractSAXParser$LocatorProxy@60bce630)
2019-05-11 11:06:15.599 DEBUG 8956 --- [kground-preinit] o.a.tomcat.util.digester.Digester.sax    : startDocument()
2019-05-11 11:06:15.599 DEBUG 8956 --- [kground-preinit] o.a.tomcat.util.digester.Digester.sax    : startElement(,,mbeans-descriptors)
2019-05-11 11:06:15.599 DEBUG 8956 --- [kground-preinit] o.apache.tomcat.util.digester.Digester   :   New match='mbeans-descriptors'
2019-05-11 11:06:15.599 DEBUG 8956 --- [kground-preinit] o.apache.tomcat.util.digester.Digester   :   No rules found matching 'mbeans-descriptors'.
2019-05-11 11:06:15.599 DEBUG 8956 --- [kground-preinit] o.a.tomcat.util.digester.Digester.sax    : characters(

  )
2019-05-11 11:06:15.599 DEBUG 8956 --- [kground-preinit] o.a.tomcat.util.digester.Digester.sax    : startElement(,,mbean)
2019-05-11 11:06:15.600 DEBUG 8956 --- [kground-preinit] o.apache.tomcat.util.digester.Digester   :   New match='mbeans-descriptors/mbean'
2019-05-11 11:06:15.600 DEBUG 8956 --- [kground-preinit] o.apache.tomcat.util.digester.Digester   :   Fire begin() for ObjectCreateRule[className=org.apache.tomcat.util.modeler.ManagedBean, attributeName=null]
2019-05-11 11:06:15.601 DEBUG 8956 --- [kground-preinit] o.apache.tomcat.util.digester.Digester   : [ObjectCreateRule]{mbeans-descriptors/mbean}New org.apache.tomcat.util.modeler.ManagedBean
2019-05-11 11:06:15.601 DEBUG 8956 --- [kground-preinit] o.apache.tomcat.util.digester.Digester   :   Fire begin() for SetPropertiesRule[]
2019-05-11 11:06:15.601 DEBUG 8956 --- [kground-preinit] o.apache.tomcat.util.digester.Digester   : [SetPropertiesRule]{mbeans-descriptors/mbean} Set org.apache.tomcat.util.modeler.ManagedBean properties
2019-05-11 11:06:15.601 DEBUG 8956 --- [kground-preinit] o.apache.tomcat.util.digester.Digester   : [SetPropertiesRule]{mbeans-descriptors/mbean} Setting property 'name' to 'WebappLoader'
2019-05-11 11:06:15.601 DEBUG 8956 --- [kground-preinit] o.apache.tomcat.util.IntrospectionUtils  : IntrospectionUtils: setProperty(class org.apache.tomcat.util.modeler.ManagedBean name=WebappLoader)
2019-05-11 11:06:15.601 DEBUG 8956 --- [kground-preinit] o.apache.tomcat.util.digester.Digester   : [SetPropertiesRule]{mbeans-descriptors/mbean} Setting property 'description' to 'Classloader implementation which is specialized for handling web applications'
2019-05-11 11:06:15.602 DEBUG 8956 --- [kground-preinit] o.apache.tomcat.util.IntrospectionUtils  : IntrospectionUtils: setProperty(class org.apache.tomcat.util.modeler.ManagedBean description=Classloader implementation which is specialized for handling web applications)
2019-05-11 11:06:15.602 DEBUG 8956 --- [kground-preinit] o.apache.tomcat.util.digester.Digester   : [SetPropertiesRule]{mbeans-descriptors/mbean} Setting property 'domain' to 'Catalina'
2019-05-11 11:06:15.602 DEBUG 8956 --- [kground-preinit] o.apache.tomcat.util.IntrospectionUtils  : IntrospectionUtils: setProperty(class org.apache.tomcat.util.modeler.ManagedBean domain=Catalina)
2019-05-11 11:06:15.602 DEBUG 8956 --- [kground-preinit] o.apache.tomcat.util.digester.Digester   : [SetPropertiesRule]{mbeans-descriptors/mbean} Setting property 'group' to 'Loader'
2019-05-11 11:06:15.602 DEBUG 8956 --- [kground-preinit] o.apache.tomcat.util.IntrospectionUtils  : IntrospectionUtils: setProperty(class org.apache.tomcat.util.modeler.ManagedBean group=Loader)
2019-05-11 11:06:15.602 DEBUG 8956 --- [kground-preinit] o.apache.tomcat.util.digester.Digester   : [SetPropertiesRule]{mbeans-descriptors/mbean} Setting property 'type' to 'org.apache.catalina.loader.WebappLoader'
2019-05-11 11:06:15.602 DEBUG 8956 --- [kground-preinit] o.apache.tomcat.util.IntrospectionUtils  : IntrospectionUtils: setProperty(class org.apache.tomcat.util.modeler.ManagedBean type=org.apache.catalina.loader.WebappLoader)
2019-05-11 11:06:15.602 DEBUG 8956 --- [kground-preinit] o.apache.tomcat.util.digester.Digester   :   Fire begin() for SetNextRule[methodName=add, paramType=java.lang.Object]
2019-05-11 11:06:15.602 DEBUG 8956 --- [kground-preinit] o.a.tomcat.util.digester.Digester.sax    : characters(

    )
2019-05-11 11:06:15.602 DEBUG 8956 --- [kground-preinit] o.a.tomcat.util.digester.Digester.sax    : startElement(,,attribute)
2019-05-11 11:06:15.602 DEBUG 8956 --- [kground-preinit] o.apache.tomcat.util.digester.Digester   :   New match='mbeans-descriptors/mbean/attribute'
2019-05-11 11:06:15.602 DEBUG 8956 --- [kground-preinit] o.apache.tomcat.util.digester.Digester   :   Fire begin() for ObjectCreateRule[className=org.apache.tomcat.util.modeler.AttributeInfo, attributeName=null]
2019-05-11 11:06:15.602 DEBUG 8956 --- [kground-preinit] o.apache.tomcat.util.digester.Digester   : [ObjectCreateRule]{mbeans-descriptors/mbean/attribute}New org.apache.tomcat.util.modeler.AttributeInfo
2019-05-11 11:06:15.603 DEBUG 8956 --- [kground-preinit] o.apache.tomcat.util.digester.Digester   :   Fire begin() for SetPropertiesRule[]
2019-05-11 11:06:15.603 DEBUG 8956 --- [kground-preinit] o.apache.tomcat.util.digester.Digester   : [SetPropertiesRule]{mbeans-descriptors/mbean/attribute} Set org.apache.tomcat.util.modeler.AttributeInfo properties
2019-05-11 11:06:15.603 DEBUG 8956 --- [kground-preinit] o.apache.tomcat.util.digester.Digester   : [SetPropertiesRule]{mbeans-descriptors/mbean/attribute} Setting property 'name' to 'className'
2019-05-11 11:06:15.603 DEBUG 8956 --- [kground-preinit] o.apache.tomcat.util.IntrospectionUtils  : IntrospectionUtils: setProperty(class org.apache.tomcat.util.modeler.AttributeInfo name=className)
2019-05-11 11:06:15.603 DEBUG 8956 --- [kground-preinit] o.apache.tomcat.util.digester.Digester   : [SetPropertiesRule]{mbeans-descriptors/mbean/attribute} Setting property 'description' to 'Fully qualified class name of the managed object'
2019-05-11 11:06:15.603 DEBUG 8956 --- [kground-preinit] o.apache.tomcat.util.IntrospectionUtils  : IntrospectionUtils: setProperty(class org.apache.tomcat.util.modeler.AttributeInfo description=Fully qualified class name of the managed object)
2019-05-11 11:06:15.603 DEBUG 8956 --- [kground-preinit] o.apache.tomcat.util.digester.Digester   : [SetPropertiesRule]{mbeans-descriptors/mbean/attribute} Setting property 'type' to 'java.lang.String'
2019-05-11 11:06:15.603 DEBUG 8956 --- [kground-preinit] o.apache.tomcat.util.IntrospectionUtils  : IntrospectionUtils: setProperty(class org.apache.tomcat.util.modeler.AttributeInfo type=java.lang.String)
2019-05-11 11:06:15.603 DEBUG 8956 --- [kground-preinit] o.apache.tomcat.util.digester.Digester   : [SetPropertiesRule]{mbeans-descriptors/mbean/attribute} Setting property 'writeable' to 'false'
2019-05-11 11:06:15.603 DEBUG 8956 --- [kground-preinit] o.apache.tomcat.util.IntrospectionUtils  : IntrospectionUtils: setProperty(class org.apache.tomcat.util.modeler.AttributeInfo writeable=false)
2019-05-11 11:06:15.603 DEBUG 8956 --- [kground-preinit] o.apache.tomcat.util.digester.Digester   :   Fire begin() for SetNextRule[methodName=addAttribute, paramType=org.apache.tomcat.util.modeler.AttributeInfo]
2019-05-11 11:06:15.603 DEBUG 8956 --- [kground-preinit] o.a.tomcat.util.digester.Digester.sax    : endElement(,,attribute)
2019-05-11 11:06:15.603 DEBUG 8956 --- [kground-preinit] o.apache.tomcat.util.digester.Digester   :   match='mbeans-descriptors/mbean/attribute'
2019-05-11 11:06:15.604 DEBUG 8956 --- [kground-preinit] o.apache.tomcat.util.digester.Digester   :   bodyText=''
2019-05-11 11:06:15.604 DEBUG 8956 --- [kground-preinit] o.apache.tomcat.util.digester.Digester   :   Fire body() for ObjectCreateRule[className=org.apache.tomcat.util.modeler.AttributeInfo, attributeName=null]
2019-05-11 11:06:15.604 DEBUG 8956 --- [kground-preinit] o.apache.tomcat.util.digester.Digester   :   Fire body() for SetPropertiesRule[]
2019-05-11 11:06:15.604 DEBUG 8956 --- [kground-preinit] o.apache.tomcat.util.digester.Digester   :   Fire body() for SetNextRule[methodName=addAttribute, paramType=org.apache.tomcat.util.modeler.AttributeInfo]
2019-05-11 11:06:15.604 DEBUG 8956 --- [kground-preinit] o.apache.tomcat.util.digester.Digester   :   Fire end() for SetNextRule[methodName=addAttribute, paramType=org.apache.tomcat.util.modeler.AttributeInfo]
2019-05-11 11:06:15.604 DEBUG 8956 --- [kground-preinit] o.apache.tomcat.util.digester.Digester   : [SetNextRule]{mbeans-descriptors/mbean/attribute} Call org.apache.tomcat.util.modeler.ManagedBean.addAttribute(org.apache.tomcat.util.modeler.AttributeInfo@3f8e6333)
2019-05-11 11:06:15.604 DEBUG 8956 --- [kground-preinit] o.apache.tomcat.util.IntrospectionUtils  : IntrospectionUtils: callMethod1 org.apache.tomcat.util.modeler.ManagedBean org.apache.tomcat.util.modeler.AttributeInfo org.apache.tomcat.util.modeler.AttributeInfo
2019-05-11 11:06:15.604 DEBUG 8956 --- [kground-preinit] o.apache.tomcat.util.digester.Digester   :   Fire end() for SetPropertiesRule[]
2019-05-11 11:06:15.604 DEBUG 8956 --- [kground-preinit] o.apache.tomcat.util.digester.Digester   :   Fire end() for ObjectCreateRule[className=org.apache.tomcat.util.modeler.AttributeInfo, attributeName=null]
2019-05-11 11:06:15.605 DEBUG 8956 --- [kground-preinit] o.apache.tomcat.util.digester.Digester   : [ObjectCreateRule]{mbeans-descriptors/mbean/attribute} Pop org.apache.tomcat.util.modeler.AttributeInfo
2019-05-11 11:06:15.605 DEBUG 8956 --- [kground-preinit] o.a.tomcat.util.digester.Digester.sax    : characters(

    )
2019-05-11 11:06:15.605 DEBUG 8956 --- [kground-preinit] o.a.tomcat.util.digester.Digester.sax    : startElement(,,attribute)
2019-05-11 11:06:15.605 DEBUG 8956 --- [kground-preinit] o.apache.tomcat.util.digester.Digester   :   New match='mbeans-descriptors/mbean/attribute'
2019-05-11 11:06:15.605 DEBUG 8956 --- [kground-preinit] o.apache.tomcat.util.digester.Digester   :   Fire begin() for ObjectCreateRule[className=org.apache.tomcat.util.modeler.AttributeInfo, attributeName=null]
2019-05-11 11:06:15.605 DEBUG 8956 --- [kground-preinit] o.apache.tomcat.util.digester.Digester   : [ObjectCreateRule]{mbeans-descriptors/mbean/attribute}New org.apache.tomcat.util.modeler.AttributeInfo
2019-05-11 11:06:15.605 DEBUG 8956 --- [kground-preinit] o.apache.tomcat.util.digester.Digester   :   Fire begin() for SetPropertiesRule[]
2019-05-11 11:06:15.605 DEBUG 8956 --- [kground-preinit] o.apache.tomcat.util.digester.Digester   : [SetPropertiesRule]{mbeans-descriptors/mbean/attribute} Set org.apache.tomcat.util.modeler.AttributeInfo properties
2019-05-11 11:06:15.605 DEBUG 8956 --- [kground-preinit] o.apache.tomcat.util.digester.Digester   : [SetPropertiesRule]{mbeans-descriptors/mbean/attribute} Setting property 'name' to 'delegate'
2019-05-11 11:06:15.605 DEBUG 8956 --- [kground-preinit] o.apache.tomcat.util.IntrospectionUtils  : IntrospectionUtils: setProperty(class org.apache.tomcat.util.modeler.AttributeInfo name=delegate)
2019-05-11 11:06:15.605 DEBUG 8956 --- [kground-preinit] o.apache.tomcat.util.digester.Digester   : [SetPropertiesRule]{mbeans-descriptors/mbean/attribute} Setting property 'description' to 'The 'follow standard delegation model' flag that will be used to configure our ClassLoader'
2019-05-11 11:06:15.605 DEBUG 8956 --- [kground-preinit] o.apache.tomcat.util.IntrospectionUtils  : IntrospectionUtils: setProperty(class org.apache.tomcat.util.modeler.AttributeInfo description=The 'follow standard delegation model' flag that will be used to configure our ClassLoader)
2019-05-11 11:06:15.605 DEBUG 8956 --- [kground-preinit] o.apache.tomcat.util.digester.Digester   : [SetPropertiesRule]{mbeans-descriptors/mbean/attribute} Setting property 'type' to 'boolean'
2019-05-11 11:06:15.606 DEBUG 8956 --- [kground-preinit] o.apache.tomcat.util.IntrospectionUtils  : IntrospectionUtils: setProperty(class org.apache.tomcat.util.modeler.AttributeInfo type=boolean)
2019-05-11 11:06:15.606 DEBUG 8956 --- [kground-preinit] o.apache.tomcat.util.digester.Digester   :   Fire begin() for SetNextRule[methodName=addAttribute, paramType=org.apache.tomcat.util.modeler.AttributeInfo]
2019-05-11 11:06:15.606 DEBUG 8956 --- [kground-preinit] o.a.tomcat.util.digester.Digester.sax    : endElement(,,attribute)
2019-05-11 11:06:15.606 DEBUG 8956 --- [kground-preinit] o.apache.tomcat.util.digester.Digester   :   match='mbeans-descriptors/mbean/attribute'
2019-05-11 11:06:15.606 DEBUG 8956 --- [kground-preinit] o.apache.tomcat.util.digester.Digester   :   bodyText=''
2019-05-11 11:06:15.606 DEBUG 8956 --- [kground-preinit] o.apache.tomcat.util.digester.Digester   :   Fire body() for ObjectCreateRule[className=org.apache.tomcat.util.modeler.AttributeInfo, attributeName=null]
2019-05-11 11:06:15.606 DEBUG 8956 --- [kground-preinit] o.apache.tomcat.util.digester.Digester   :   Fire body() for SetPropertiesRule[]
2019-05-11 11:06:15.606 DEBUG 8956 --- [kground-preinit] o.apache.tomcat.util.digester.Digester   :   Fire body() for SetNextRule[methodName=addAttribute, paramType=org.apache.tomcat.util.modeler.AttributeInfo]
2019-05-11 11:06:15.606 DEBUG 8956 --- [kground-preinit] o.apache.tomcat.util.digester.Digester   :   Fire end() for SetNextRule[methodName=addAttribute, paramType=org.apache.tomcat.util.modeler.AttributeInfo]
2019-05-11 11:06:15.606 DEBUG 8956 --- [kground-preinit] o.apache.tomcat.util.digester.Digester   : [SetNextRule]{mbeans-descriptors/mbean/attribute} Call org.apache.tomcat.util.modeler.ManagedBean.addAttribute(org.apache.tomcat.util.modeler.AttributeInfo@140fc054)
2019-05-11 11:06:15.607 DEBUG 8956 --- [kground-preinit] o.apache.tomcat.util.IntrospectionUtils  : IntrospectionUtils: callMethod1 org.apache.tomcat.util.modeler.ManagedBean org.apache.tomcat.util.modeler.AttributeInfo org.apache.tomcat.util.modeler.AttributeInfo
2019-05-11 11:06:15.607 DEBUG 8956 --- [kground-preinit] o.apache.tomcat.util.digester.Digester   :   Fire end() for SetPropertiesRule[]
2019-05-11 11:06:15.607 DEBUG 8956 --- [kground-preinit] o.apache.tomcat.util.digester.Digester   :   Fire end() for ObjectCreateRule[className=org.apache.tomcat.util.modeler.AttributeInfo, attributeName=null]
2019-05-11 11:06:15.607 DEBUG 8956 --- [kground-preinit] o.apache.tomcat.util.digester.Digester   : [ObjectCreateRule]{mbeans-descriptors/mbean/attribute} Pop org.apache.tomcat.util.modeler.AttributeInfo
2019-05-11 11:06:15.608 DEBUG 8956 --- [kground-preinit] o.a.tomcat.util.digester.Digester.sax    : characters(

    )
2019-05-11 11:06:15.609 DEBUG 8956 --- [kground-preinit] o.a.tomcat.util.digester.Digester.sax    : startElement(,,attribute)
2019-05-11 11:06:15.609 DEBUG 8956 --- [kground-preinit] o.apache.tomcat.util.digester.Digester   :   New match='mbeans-descriptors/mbean/attribute'
2019-05-11 11:06:15.609 DEBUG 8956 --- [kground-preinit] o.apache.tomcat.util.digester.Digester   :   Fire begin() for ObjectCreateRule[className=org.apache.tomcat.util.modeler.AttributeInfo, attributeName=null]
2019-05-11 11:06:15.609 DEBUG 8956 --- [kground-preinit] o.apache.tomcat.util.digester.Digester   : [ObjectCreateRule]{mbeans-descriptors/mbean/attribute}New org.apache.tomcat.util.modeler.AttributeInfo
2019-05-11 11:06:15.609 DEBUG 8956 --- [kground-preinit] o.apache.tomcat.util.digester.Digester   :   Fire begin() for SetPropertiesRule[]
2019-05-11 11:06:15.610 DEBUG 8956 --- [kground-preinit] o.apache.tomcat.util.digester.Digester   : [SetPropertiesRule]{mbeans-descriptors/mbean/attribute} Set org.apache.tomcat.util.modeler.AttributeInfo properties
2019-05-11 11:06:15.610 DEBUG 8956 --- [kground-preinit] o.apache.tomcat.util.digester.Digester   : [SetPropertiesRule]{mbeans-descriptors/mbean/attribute} Setting property 'name' to 'reloadable'
2019-05-11 11:06:15.610 DEBUG 8956 --- [kground-preinit] o.apache.tomcat.util.IntrospectionUtils  : IntrospectionUtils: setProperty(class org.apache.tomcat.util.modeler.AttributeInfo name=reloadable)
2019-05-11 11:06:15.610 DEBUG 8956 --- [kground-preinit] o.apache.tomcat.util.digester.Digester   : [SetPropertiesRule]{mbeans-descriptors/mbean/attribute} Setting property 'description' to 'The reloadable flag for this Loader'
2019-05-11 11:06:15.610 DEBUG 8956 --- [kground-preinit] o.apache.tomcat.util.IntrospectionUtils  : IntrospectionUtils: setProperty(class org.apache.tomcat.util.modeler.AttributeInfo description=The reloadable flag for this Loader)
2019-05-11 11:06:15.610 DEBUG 8956 --- [kground-preinit] o.apache.tomcat.util.digester.Digester   : [SetPropertiesRule]{mbeans-descriptors/mbean/attribute} Setting property 'type' to 'boolean'
2019-05-11 11:06:15.610 DEBUG 8956 --- [kground-preinit] o.apache.tomcat.util.IntrospectionUtils  : IntrospectionUtils: setProperty(class org.apache.tomcat.util.modeler.AttributeInfo type=boolean)
2019-05-11 11:06:15.610 DEBUG 8956 --- [kground-preinit] o.apache.tomcat.util.digester.Digester   :   Fire begin() for SetNextRule[methodName=addAttribute, paramType=org.apache.tomcat.util.modeler.AttributeInfo]
2019-05-11 11:06:15.610 DEBUG 8956 --- [kground-preinit] o.a.tomcat.util.digester.Digester.sax    : endElement(,,attribute)
2019-05-11 11:06:15.610 DEBUG 8956 --- [kground-preinit] o.apache.tomcat.util.digester.Digester   :   match='mbeans-descriptors/mbean/attribute'
2019-05-11 11:06:15.611 DEBUG 8956 --- [kground-preinit] o.apache.tomcat.util.digester.Digester   :   bodyText=''
2019-05-11 11:06:15.611 DEBUG 8956 --- [kground-preinit] o.apache.tomcat.util.digester.Digester   :   Fire body() for ObjectCreateRule[className=org.apache.tomcat.util.modeler.AttributeInfo, attributeName=null]
2019-05-11 11:06:15.611 DEBUG 8956 --- [kground-preinit] o.apache.tomcat.util.digester.Digester   :   Fire body() for SetPropertiesRule[]
2019-05-11 11:06:15.611 DEBUG 8956 --- [kground-preinit] o.apache.tomcat.util.digester.Digester   :   Fire body() for SetNextRule[methodName=addAttribute, paramType=org.apache.tomcat.util.modeler.AttributeInfo]
2019-05-11 11:06:15.611 DEBUG 8956 --- [kground-preinit] o.apache.tomcat.util.digester.Digester   :   Fire end() for SetNextRule[methodName=addAttribute, paramType=org.apache.tomcat.util.modeler.AttributeInfo]
2019-05-11 11:06:15.611 DEBUG 8956 --- [kground-preinit] o.apache.tomcat.util.digester.Digester   : [SetNextRule]{mbeans-descriptors/mbean/attribute} Call org.apache.tomcat.util.modeler.ManagedBean.addAttribute(org.apache.tomcat.util.modeler.AttributeInfo@e433ba1)
2019-05-11 11:06:15.611 DEBUG 8956 --- [kground-preinit] o.apache.tomcat.util.IntrospectionUtils  : IntrospectionUtils: callMethod1 org.apache.tomcat.util.modeler.ManagedBean org.apache.tomcat.util.modeler.AttributeInfo org.apache.tomcat.util.modeler.AttributeInfo
2019-05-11 11:06:15.612 DEBUG 8956 --- [kground-preinit] o.apache.tomcat.util.digester.Digester   :   Fire end() for SetPropertiesRule[]
2019-05-11 11:06:15.612 DEBUG 8956 --- [kground-preinit] o.apache.tomcat.util.digester.Digester   :   Fire end() for ObjectCreateRule[className=org.apache.tomcat.util.modeler.AttributeInfo, attributeName=null]
2019-05-11 11:06:15.612 DEBUG 8956 --- [kground-preinit] o.apache.tomcat.util.digester.Digester   : [ObjectCreateRule]{mbeans-descriptors/mbean/attribute} Pop org.apache.tomcat.util.modeler.AttributeInfo
2019-05-11 11:06:15.612 DEBUG 8956 --- [kground-preinit] o.a.tomcat.util.digester.Digester.sax    : characters(

    )
2019-05-11 11:06:15.612 DEBUG 8956 --- [kground-preinit] o.a.tomcat.util.digester.Digester.sax    : startElement(,,attribute)
2019-05-11 11:06:15.612 DEBUG 8956 --- [kground-preinit] o.apache.tomcat.util.digester.Digester   :   New match='mbeans-descriptors/mbean/attribute'
2019-05-11 11:06:15.612 DEBUG 8956 --- [kground-preinit] o.apache.tomcat.util.digester.Digester   :   Fire begin() for ObjectCreateRule[className=org.apache.tomcat.util.modeler.AttributeInfo, attributeName=null]
2019-05-11 11:06:15.612 DEBUG 8956 --- [kground-preinit] o.apache.tomcat.util.digester.Digester   : [ObjectCreateRule]{mbeans-descriptors/mbean/attribute}New org.apache.tomcat.util.modeler.AttributeInfo
2019-05-11 11:06:15.612 DEBUG 8956 --- [kground-preinit] o.apache.tomcat.util.digester.Digester   :   Fire begin() for SetPropertiesRule[]
2019-05-11 11:06:15.612 DEBUG 8956 --- [kground-preinit] o.apache.tomcat.util.digester.Digester   : [SetPropertiesRule]{mbeans-descriptors/mbean/attribute} Set org.apache.tomcat.util.modeler.AttributeInfo properties
2019-05-11 11:06:15.612 DEBUG 8956 --- [kground-preinit] o.apache.tomcat.util.digester.Digester   : [SetPropertiesRule]{mbeans-descriptors/mbean/attribute} Setting property 'name' to 'stateName'
2019-05-11 11:06:15.612 DEBUG 8956 --- [kground-preinit] o.apache.tomcat.util.IntrospectionUtils  : IntrospectionUtils: setProperty(class org.apache.tomcat.util.modeler.AttributeInfo name=stateName)
2019-05-11 11:06:15.613 DEBUG 8956 --- [kground-preinit] o.apache.tomcat.util.digester.Digester   : [SetPropertiesRule]{mbeans-descriptors/mbean/attribute} Setting property 'description' to 'The name of the LifecycleState that this component is currently in'
2019-05-11 11:06:15.613 DEBUG 8956 --- [kground-preinit] o.apache.tomcat.util.IntrospectionUtils  : IntrospectionUtils: setProperty(class org.apache.tomcat.util.modeler.AttributeInfo description=The name of the LifecycleState that this component is currently in)
2019-05-11 11:06:15.613 DEBUG 8956 --- [kground-preinit] o.apache.tomcat.util.digester.Digester   : [SetPropertiesRule]{mbeans-descriptors/mbean/attribute} Setting property 'type' to 'java.lang.String'
2019-05-11 11:06:15.613 DEBUG 8956 --- [kground-preinit] o.apache.tomcat.util.IntrospectionUtils  : IntrospectionUtils: setProperty(class org.apache.tomcat.util.modeler.AttributeInfo type=java.lang.String)
2019-05-11 11:06:15.613 DEBUG 8956 --- [kground-preinit] o.apache.tomcat.util.digester.Digester   : [SetPropertiesRule]{mbeans-descriptors/mbean/attribute} Setting property 'writeable' to 'false'
2019-05-11 11:06:15.613 DEBUG 8956 --- [kground-preinit] o.apache.tomcat.util.IntrospectionUtils  : IntrospectionUtils: setProperty(class org.apache.tomcat.util.modeler.AttributeInfo writeable=false)
2019-05-11 11:06:15.613 DEBUG 8956 --- [kground-preinit] o.apache.tomcat.util.digester.Digester   :   Fire begin() for SetNextRule[methodName=addAttribute, paramType=org.apache.tomcat.util.modeler.AttributeInfo]
2019-05-11 11:06:15.613 DEBUG 8956 --- [kground-preinit] o.a.tomcat.util.digester.Digester.sax    : endElement(,,attribute)
2019-05-11 11:06:15.613 DEBUG 8956 --- [kground-preinit] o.apache.tomcat.util.digester.Digester   :   match='mbeans-descriptors/mbean/attribute'
2019-05-11 11:06:15.613 DEBUG 8956 --- [kground-preinit] o.apache.tomcat.util.digester.Digester   :   bodyText=''
2019-05-11 11:06:15.613 DEBUG 8956 --- [kground-preinit] o.apache.tomcat.util.digester.Digester   :   Fire body() for ObjectCreateRule[className=org.apache.tomcat.util.modeler.AttributeInfo, attributeName=null]
2019-05-11 11:06:15.613 DEBUG 8956 --- [kground-preinit] o.apache.tomcat.util.digester.Digester   :   Fire body() for SetPropertiesRule[]
2019-05-11 11:06:15.614 DEBUG 8956 --- [kground-preinit] o.apache.tomcat.util.digester.Digester   :   Fire body() for SetNextRule[methodName=addAttribute, paramType=org.apache.tomcat.util.modeler.AttributeInfo]
2019-05-11 11:06:15.614 DEBUG 8956 --- [kground-preinit] o.apache.tomcat.util.digester.Digester   :   Fire end() for SetNextRule[methodName=addAttribute, paramType=org.apache.tomcat.util.modeler.AttributeInfo]
2019-05-11 11:06:15.614 DEBUG 8956 --- [kground-preinit] o.apache.tomcat.util.digester.Digester   : [SetNextRule]{mbeans-descriptors/mbean/attribute} Call org.apache.tomcat.util.modeler.ManagedBean.addAttribute(org.apache.tomcat.util.modeler.AttributeInfo@9c9c13f)
2019-05-11 11:06:15.614 DEBUG 8956 --- [kground-preinit] o.apache.tomcat.util.IntrospectionUtils  : IntrospectionUtils: callMethod1 org.apache.tomcat.util.modeler.ManagedBean org.apache.tomcat.util.modeler.AttributeInfo org.apache.tomcat.util.modeler.AttributeInfo
2019-05-11 11:06:15.614 DEBUG 8956 --- [kground-preinit] o.apache.tomcat.util.digester.Digester   :   Fire end() for SetPropertiesRule[]
2019-05-11 11:06:15.614 DEBUG 8956 --- [kground-preinit] o.apache.tomcat.util.digester.Digester   :   Fire end() for ObjectCreateRule[className=org.apache.tomcat.util.modeler.AttributeInfo, attributeName=null]
2019-05-11 11:06:15.614 DEBUG 8956 --- [kground-preinit] o.apache.tomcat.util.digester.Digester   : [ObjectCreateRule]{mbeans-descriptors/mbean/attribute} Pop org.apache.tomcat.util.modeler.AttributeInfo
2019-05-11 11:06:15.614 DEBUG 8956 --- [kground-preinit] o.a.tomcat.util.digester.Digester.sax    : characters(

    )
2019-05-11 11:06:15.614 DEBUG 8956 --- [kground-preinit] o.a.tomcat.util.digester.Digester.sax    : startElement(,,attribute)
2019-05-11 11:06:15.614 DEBUG 8956 --- [kground-preinit] o.apache.tomcat.util.digester.Digester   :   New match='mbeans-descriptors/mbean/attribute'
2019-05-11 11:06:15.614 DEBUG 8956 --- [kground-preinit] o.apache.tomcat.util.digester.Digester   :   Fire begin() for ObjectCreateRule[className=org.apache.tomcat.util.modeler.AttributeInfo, attributeName=null]
2019-05-11 11:06:15.615 DEBUG 8956 --- [kground-preinit] o.apache.tomcat.util.digester.Digester   : [ObjectCreateRule]{mbeans-descriptors/mbean/attribute}New org.apache.tomcat.util.modeler.AttributeInfo
2019-05-11 11:06:15.615 DEBUG 8956 --- [kground-preinit] o.apache.tomcat.util.digester.Digester   :   Fire begin() for SetPropertiesRule[]
2019-05-11 11:06:15.615 DEBUG 8956 --- [kground-preinit] o.apache.tomcat.util.digester.Digester   : [SetPropertiesRule]{mbeans-descriptors/mbean/attribute} Set org.apache.tomcat.util.modeler.AttributeInfo properties
2019-05-11 11:06:15.615 DEBUG 8956 --- [kground-preinit] o.apache.tomcat.util.digester.Digester   : [SetPropertiesRule]{mbeans-descriptors/mbean/attribute} Setting property 'name' to 'loaderRepositories'
2019-05-11 11:06:15.615 DEBUG 8956 --- [kground-preinit] o.apache.tomcat.util.IntrospectionUtils  : IntrospectionUtils: setProperty(class org.apache.tomcat.util.modeler.AttributeInfo name=loaderRepositories)
2019-05-11 11:06:15.615 DEBUG 8956 --- [kground-preinit] o.apache.tomcat.util.digester.Digester   : [SetPropertiesRule]{mbeans-descriptors/mbean/attribute} Setting property 'description' to 'Repositories set in the real loader'
2019-05-11 11:06:15.615 DEBUG 8956 --- [kground-preinit] o.apache.tomcat.util.IntrospectionUtils  : IntrospectionUtils: setProperty(class org.apache.tomcat.util.modeler.AttributeInfo description=Repositories set in the real loader)
2019-05-11 11:06:15.615 DEBUG 8956 --- [kground-preinit] o.apache.tomcat.util.digester.Digester   : [SetPropertiesRule]{mbeans-descriptors/mbean/attribute} Setting property 'type' to '[Ljava.lang.String;'
2019-05-11 11:06:15.615 DEBUG 8956 --- [kground-preinit] o.apache.tomcat.util.IntrospectionUtils  : IntrospectionUtils: setProperty(class org.apache.tomcat.util.modeler.AttributeInfo type=[Ljava.lang.String;)
2019-05-11 11:06:15.615 DEBUG 8956 --- [kground-preinit] o.apache.tomcat.util.digester.Digester   : [SetPropertiesRule]{mbeans-descriptors/mbean/attribute} Setting property 'writeable' to 'false'
2019-05-11 11:06:15.615 DEBUG 8956 --- [kground-preinit] o.apache.tomcat.util.IntrospectionUtils  : IntrospectionUtils: setProperty(class org.apache.tomcat.util.modeler.AttributeInfo writeable=false)
2019-05-11 11:06:15.616 DEBUG 8956 --- [kground-preinit] o.apache.tomcat.util.digester.Digester   :   Fire begin() for SetNextRule[methodName=addAttribute, paramType=org.apache.tomcat.util.modeler.AttributeInfo]
2019-05-11 11:06:15.616 DEBUG 8956 --- [kground-preinit] o.a.tomcat.util.digester.Digester.sax    : endElement(,,attribute)
2019-05-11 11:06:15.616 DEBUG 8956 --- [kground-preinit] o.apache.tomcat.util.digester.Digester   :   match='mbeans-descriptors/mbean/attribute'
2019-05-11 11:06:15.616 DEBUG 8956 --- [kground-preinit] o.apache.tomcat.util.digester.Digester   :   bodyText=''
2019-05-11 11:06:15.616 DEBUG 8956 --- [kground-preinit] o.apache.tomcat.util.digester.Digester   :   Fire body() for ObjectCreateRule[className=org.apache.tomcat.util.modeler.AttributeInfo, attributeName=null]
2019-05-11 11:06:15.616 DEBUG 8956 --- [kground-preinit] o.apache.tomcat.util.digester.Digester   :   Fire body() for SetPropertiesRule[]
2019-05-11 11:06:15.616 DEBUG 8956 --- [kground-preinit] o.apache.tomcat.util.digester.Digester   :   Fire body() for SetNextRule[methodName=addAttribute, paramType=org.apache.tomcat.util.modeler.AttributeInfo]
2019-05-11 11:06:15.616 DEBUG 8956 --- [kground-preinit] o.apache.tomcat.util.digester.Digester   :   Fire end() for SetNextRule[methodName=addAttribute, paramType=org.apache.tomcat.util.modeler.AttributeInfo]
2019-05-11 11:06:15.616 DEBUG 8956 --- [kground-preinit] o.apache.tomcat.util.digester.Digester   : [SetNextRule]{mbeans-descriptors/mbean/attribute} Call org.apache.tomcat.util.modeler.ManagedBean.addAttribute(org.apache.tomcat.util.modeler.AttributeInfo@4592bcce)
2019-05-11 11:06:15.616 DEBUG 8956 --- [kground-preinit] o.apache.tomcat.util.IntrospectionUtils  : IntrospectionUtils: callMethod1 org.apache.tomcat.util.modeler.ManagedBean org.apache.tomcat.util.modeler.AttributeInfo org.apache.tomcat.util.modeler.AttributeInfo
2019-05-11 11:06:15.616 DEBUG 8956 --- [kground-preinit] o.apache.tomcat.util.digester.Digester   :   Fire end() for SetPropertiesRule[]
2019-05-11 11:06:15.616 DEBUG 8956 --- [kground-preinit] o.apache.tomcat.util.digester.Digester   :   Fire end() for ObjectCreateRule[className=org.apache.tomcat.util.modeler.AttributeInfo, attributeName=null]
2019-05-11 11:06:15.616 DEBUG 8956 --- [kground-preinit] o.apache.tomcat.util.digester.Digester   : [ObjectCreateRule]{mbeans-descriptors/mbean/attribute} Pop org.apache.tomcat.util.modeler.AttributeInfo
2019-05-11 11:06:15.616 DEBUG 8956 --- [kground-preinit] o.a.tomcat.util.digester.Digester.sax    : characters(

    )
2019-05-11 11:06:15.617 DEBUG 8956 --- [kground-preinit] o.a.tomcat.util.digester.Digester.sax    : startElement(,,attribute)
2019-05-11 11:06:15.617 DEBUG 8956 --- [kground-preinit] o.apache.tomcat.util.digester.Digester   :   New match='mbeans-descriptors/mbean/attribute'
2019-05-11 11:06:15.617 DEBUG 8956 --- [kground-preinit] o.apache.tomcat.util.digester.Digester   :   Fire begin() for ObjectCreateRule[className=org.apache.tomcat.util.modeler.AttributeInfo, attributeName=null]
2019-05-11 11:06:15.617 DEBUG 8956 --- [kground-preinit] o.apache.tomcat.util.digester.Digester   : [ObjectCreateRule]{mbeans-descriptors/mbean/attribute}New org.apache.tomcat.util.modeler.AttributeInfo
2019-05-11 11:06:15.617 DEBUG 8956 --- [kground-preinit] o.apache.tomcat.util.digester.Digester   :   Fire begin() for SetPropertiesRule[]
2019-05-11 11:06:15.617 DEBUG 8956 --- [kground-preinit] o.apache.tomcat.util.digester.Digester   : [SetPropertiesRule]{mbeans-descriptors/mbean/attribute} Set org.apache.tomcat.util.modeler.AttributeInfo properties
2019-05-11 11:06:15.617 DEBUG 8956 --- [kground-preinit] o.apache.tomcat.util.digester.Digester   : [SetPropertiesRule]{mbeans-descriptors/mbean/attribute} Setting property 'name' to 'loaderRepositoriesString'
2019-05-11 11:06:15.617 DEBUG 8956 --- [kground-preinit] o.apache.tomcat.util.IntrospectionUtils  : IntrospectionUtils: setProperty(class org.apache.tomcat.util.modeler.AttributeInfo name=loaderRepositoriesString)
2019-05-11 11:06:15.617 DEBUG 8956 --- [kground-preinit] o.apache.tomcat.util.digester.Digester   : [SetPropertiesRule]{mbeans-descriptors/mbean/attribute} Setting property 'description' to 'Repositories set in the real loader'
2019-05-11 11:06:15.617 DEBUG 8956 --- [kground-preinit] o.apache.tomcat.util.IntrospectionUtils  : IntrospectionUtils: setProperty(class org.apache.tomcat.util.modeler.AttributeInfo description=Repositories set in the real loader)
2019-05-11 11:06:15.617 DEBUG 8956 --- [kground-preinit] o.apache.tomcat.util.digester.Digester   : [SetPropertiesRule]{mbeans-descriptors/mbean/attribute} Setting property 'type' to 'java.lang.String'
2019-05-11 11:06:15.617 DEBUG 8956 --- [kground-preinit] o.apache.tomcat.util.IntrospectionUtils  : IntrospectionUtils: setProperty(class org.apache.tomcat.util.modeler.AttributeInfo type=java.lang.String)
2019-05-11 11:06:15.618 DEBUG 8956 --- [kground-preinit] o.apache.tomcat.util.digester.Digester   : [SetPropertiesRule]{mbeans-descriptors/mbean/attribute} Setting property 'writeable' to 'false'
2019-05-11 11:06:15.618 DEBUG 8956 --- [kground-preinit] o.apache.tomcat.util.IntrospectionUtils  : IntrospectionUtils: setProperty(class org.apache.tomcat.util.modeler.AttributeInfo writeable=false)
2019-05-11 11:06:15.618 DEBUG 8956 --- [kground-preinit] o.apache.tomcat.util.digester.Digester   :   Fire begin() for SetNextRule[methodName=addAttribute, paramType=org.apache.tomcat.util.modeler.AttributeInfo]
2019-05-11 11:06:15.618 DEBUG 8956 --- [kground-preinit] o.a.tomcat.util.digester.Digester.sax    : endElement(,,attribute)
2019-05-11 11:06:15.618 DEBUG 8956 --- [kground-preinit] o.apache.tomcat.util.digester.Digester   :   match='mbeans-descriptors/mbean/attribute'
2019-05-11 11:06:15.618 DEBUG 8956 --- [kground-preinit] o.apache.tomcat.util.digester.Digester   :   bodyText=''
2019-05-11 11:06:15.618 DEBUG 8956 --- [kground-preinit] o.apache.tomcat.util.digester.Digester   :   Fire body() for ObjectCreateRule[className=org.apache.tomcat.util.modeler.AttributeInfo, attributeName=null]
2019-05-11 11:06:15.619 DEBUG 8956 --- [kground-preinit] o.apache.tomcat.util.digester.Digester   :   Fire body() for SetPropertiesRule[]
2019-05-11 11:06:15.619 DEBUG 8956 --- [kground-preinit] o.apache.tomcat.util.digester.Digester   :   Fire body() for SetNextRule[methodName=addAttribute, paramType=org.apache.tomcat.util.modeler.AttributeInfo]
2019-05-11 11:06:15.619 DEBUG 8956 --- [kground-preinit] o.apache.tomcat.util.digester.Digester   :   Fire end() for SetNextRule[methodName=addAttribute, paramType=org.apache.tomcat.util.modeler.AttributeInfo]
2019-05-11 11:06:15.619 DEBUG 8956 --- [kground-preinit] o.apache.tomcat.util.digester.Digester   : [SetNextRule]{mbeans-descriptors/mbean/attribute} Call org.apache.tomcat.util.modeler.ManagedBean.addAttribute(org.apache.tomcat.util.modeler.AttributeInfo@2ff5d948)
2019-05-11 11:06:15.619 DEBUG 8956 --- [kground-preinit] o.apache.tomcat.util.IntrospectionUtils  : IntrospectionUtils: callMethod1 org.apache.tomcat.util.modeler.ManagedBean org.apache.tomcat.util.modeler.AttributeInfo org.apache.tomcat.util.modeler.AttributeInfo
2019-05-11 11:06:15.619 DEBUG 8956 --- [kground-preinit] o.apache.tomcat.util.digester.Digester   :   Fire end() for SetPropertiesRule[]
2019-05-11 11:06:15.619 DEBUG 8956 --- [kground-preinit] o.apache.tomcat.util.digester.Digester   :   Fire end() for ObjectCreateRule[className=org.apache.tomcat.util.modeler.AttributeInfo, attributeName=null]
2019-05-11 11:06:15.619 DEBUG 8956 --- [kground-preinit] o.apache.tomcat.util.digester.Digester   : [ObjectCreateRule]{mbeans-descriptors/mbean/attribute} Pop org.apache.tomcat.util.modeler.AttributeInfo
2019-05-11 11:06:15.619 DEBUG 8956 --- [kground-preinit] o.a.tomcat.util.digester.Digester.sax    : characters(

    )
2019-05-11 11:06:15.619 DEBUG 8956 --- [kground-preinit] o.a.tomcat.util.digester.Digester.sax    : startElement(,,operation)
2019-05-11 11:06:15.619 DEBUG 8956 --- [kground-preinit] o.apache.tomcat.util.digester.Digester   :   New match='mbeans-descriptors/mbean/operation'
2019-05-11 11:06:15.619 DEBUG 8956 --- [kground-preinit] o.apache.tomcat.util.digester.Digester   :   Fire begin() for ObjectCreateRule[className=org.apache.tomcat.util.modeler.OperationInfo, attributeName=null]
2019-05-11 11:06:15.620 DEBUG 8956 --- [kground-preinit] o.apache.tomcat.util.digester.Digester   : [ObjectCreateRule]{mbeans-descriptors/mbean/operation}New org.apache.tomcat.util.modeler.OperationInfo
2019-05-11 11:06:15.625 DEBUG 8956 --- [kground-preinit] o.apache.tomcat.util.digester.Digester   :   Fire begin() for SetPropertiesRule[]
2019-05-11 11:06:15.625 DEBUG 8956 --- [kground-preinit] o.apache.tomcat.util.digester.Digester   : [SetPropertiesRule]{mbeans-descriptors/mbean/operation} Set org.apache.tomcat.util.modeler.OperationInfo properties
2019-05-11 11:06:15.625 DEBUG 8956 --- [kground-preinit] o.apache.tomcat.util.digester.Digester   : [SetPropertiesRule]{mbeans-descriptors/mbean/operation} Setting property 'name' to 'toString'
2019-05-11 11:06:15.626 DEBUG 8956 --- [kground-preinit] o.apache.tomcat.util.IntrospectionUtils  : IntrospectionUtils: setProperty(class org.apache.tomcat.util.modeler.OperationInfo name=toString)
2019-05-11 11:06:15.626 DEBUG 8956 --- [kground-preinit] o.apache.tomcat.util.digester.Digester   : [SetPropertiesRule]{mbeans-descriptors/mbean/operation} Setting property 'description' to 'Info about the loader'
2019-05-11 11:06:15.626 DEBUG 8956 --- [kground-preinit] o.apache.tomcat.util.IntrospectionUtils  : IntrospectionUtils: setProperty(class org.apache.tomcat.util.modeler.OperationInfo description=Info about the loader)
2019-05-11 11:06:15.626 DEBUG 8956 --- [kground-preinit] o.apache.tomcat.util.digester.Digester   : [SetPropertiesRule]{mbeans-descriptors/mbean/operation} Setting property 'impact' to 'INFO'
2019-05-11 11:06:15.626 DEBUG 8956 --- [kground-preinit] o.apache.tomcat.util.IntrospectionUtils  : IntrospectionUtils: setProperty(class org.apache.tomcat.util.modeler.OperationInfo impact=INFO)
2019-05-11 11:06:15.626 DEBUG 8956 --- [kground-preinit] o.apache.tomcat.util.digester.Digester   : [SetPropertiesRule]{mbeans-descriptors/mbean/operation} Setting property 'returnType' to 'String'
2019-05-11 11:06:15.626 DEBUG 8956 --- [kground-preinit] o.apache.tomcat.util.IntrospectionUtils  : IntrospectionUtils: setProperty(class org.apache.tomcat.util.modeler.OperationInfo returnType=String)
2019-05-11 11:06:15.626 DEBUG 8956 --- [kground-preinit] o.apache.tomcat.util.digester.Digester   :   Fire begin() for SetNextRule[methodName=addOperation, paramType=org.apache.tomcat.util.modeler.OperationInfo]
2019-05-11 11:06:15.626 DEBUG 8956 --- [kground-preinit] o.a.tomcat.util.digester.Digester.sax    : characters(
    )
2019-05-11 11:06:15.627 DEBUG 8956 --- [kground-preinit] o.a.tomcat.util.digester.Digester.sax    : endElement(,,operation)
2019-05-11 11:06:15.627 DEBUG 8956 --- [kground-preinit] o.apache.tomcat.util.digester.Digester   :   match='mbeans-descriptors/mbean/operation'
2019-05-11 11:06:15.627 DEBUG 8956 --- [kground-preinit] o.apache.tomcat.util.digester.Digester   :   bodyText='
    '
2019-05-11 11:06:15.627 DEBUG 8956 --- [kground-preinit] o.apache.tomcat.util.digester.Digester   :   Fire body() for ObjectCreateRule[className=org.apache.tomcat.util.modeler.OperationInfo, attributeName=null]
2019-05-11 11:06:15.627 DEBUG 8956 --- [kground-preinit] o.apache.tomcat.util.digester.Digester   :   Fire body() for SetPropertiesRule[]
2019-05-11 11:06:15.627 DEBUG 8956 --- [kground-preinit] o.apache.tomcat.util.digester.Digester   :   Fire body() for SetNextRule[methodName=addOperation, paramType=org.apache.tomcat.util.modeler.OperationInfo]
2019-05-11 11:06:15.627 DEBUG 8956 --- [kground-preinit] o.apache.tomcat.util.digester.Digester   :   Fire end() for SetNextRule[methodName=addOperation, paramType=org.apache.tomcat.util.modeler.OperationInfo]
2019-05-11 11:06:15.627 DEBUG 8956 --- [kground-preinit] o.apache.tomcat.util.digester.Digester   : [SetNextRule]{mbeans-descriptors/mbean/operation} Call org.apache.tomcat.util.modeler.ManagedBean.addOperation(org.apache.tomcat.util.modeler.OperationInfo@38fc7124)
2019-05-11 11:06:15.627 DEBUG 8956 --- [kground-preinit] o.apache.tomcat.util.IntrospectionUtils  : IntrospectionUtils: callMethod1 org.apache.tomcat.util.modeler.ManagedBean org.apache.tomcat.util.modeler.OperationInfo org.apache.tomcat.util.modeler.OperationInfo
2019-05-11 11:06:15.627 DEBUG 8956 --- [kground-preinit] o.apache.tomcat.util.digester.Digester   :   Fire end() for SetPropertiesRule[]
2019-05-11 11:06:15.627 DEBUG 8956 --- [kground-preinit] o.apache.tomcat.util.digester.Digester   :   Fire end() for ObjectCreateRule[className=org.apache.tomcat.util.modeler.OperationInfo, attributeName=null]
2019-05-11 11:06:15.627 DEBUG 8956 --- [kground-preinit] o.apache.tomcat.util.digester.Digester   : [ObjectCreateRule]{mbeans-descriptors/mbean/operation} Pop org.apache.tomcat.util.modeler.OperationInfo
2019-05-11 11:06:15.627 DEBUG 8956 --- [kground-preinit] o.a.tomcat.util.digester.Digester.sax    : characters(
  )
2019-05-11 11:06:15.627 DEBUG 8956 --- [kground-preinit] o.a.tomcat.util.digester.Digester.sax    : endElement(,,mbean)
2019-05-11 11:06:15.628 DEBUG 8956 --- [kground-preinit] o.apache.tomcat.util.digester.Digester   :   match='mbeans-descriptors/mbean'
2019-05-11 11:06:15.628 DEBUG 8956 --- [kground-preinit] o.apache.tomcat.util.digester.Digester   :   bodyText='

    

    

    

    

    

    

    
  '
2019-05-11 11:06:15.628 DEBUG 8956 --- [kground-preinit] o.apache.tomcat.util.digester.Digester   :   Fire body() for ObjectCreateRule[className=org.apache.tomcat.util.modeler.ManagedBean, attributeName=null]
2019-05-11 11:06:15.628 DEBUG 8956 --- [kground-preinit] o.apache.tomcat.util.digester.Digester   :   Fire body() for SetPropertiesRule[]
2019-05-11 11:06:15.630 DEBUG 8956 --- [kground-preinit] o.apache.tomcat.util.digester.Digester   :   Fire body() for SetNextRule[methodName=add, paramType=java.lang.Object]
2019-05-11 11:06:15.632 DEBUG 8956 --- [kground-preinit] o.apache.tomcat.util.digester.Digester   :   Fire end() for SetNextRule[methodName=add, paramType=java.lang.Object]
2019-05-11 11:06:15.632 DEBUG 8956 --- [kground-preinit] o.apache.tomcat.util.digester.Digester   : [SetNextRule]{mbeans-descriptors/mbean} Call java.util.ArrayList.add(ManagedBean[name=WebappLoader, className=org.apache.tomcat.util.modeler.BaseModelMBean, description=Classloader implementation which is specialized for handling web applications, group=Loader, type=org.apache.catalina.loader.WebappLoader])
2019-05-11 11:06:15.632 DEBUG 8956 --- [kground-preinit] o.apache.tomcat.util.IntrospectionUtils  : IntrospectionUtils: callMethod1 java.util.ArrayList org.apache.tomcat.util.modeler.ManagedBean java.lang.Object
2019-05-11 11:06:15.632 DEBUG 8956 --- [kground-preinit] o.apache.tomcat.util.digester.Digester   :   Fire end() for SetPropertiesRule[]
2019-05-11 11:06:15.632 DEBUG 8956 --- [kground-preinit] o.apache.tomcat.util.digester.Digester   :   Fire end() for ObjectCreateRule[className=org.apache.tomcat.util.modeler.ManagedBean, attributeName=null]
2019-05-11 11:06:15.632 DEBUG 8956 --- [kground-preinit] o.apache.tomcat.util.digester.Digester   : [ObjectCreateRule]{mbeans-descriptors/mbean} Pop org.apache.tomcat.util.modeler.ManagedBean
2019-05-11 11:06:15.633 DEBUG 8956 --- [kground-preinit] o.a.tomcat.util.digester.Digester.sax    : characters(


  )
2019-05-11 11:06:15.633 DEBUG 8956 --- [kground-preinit] o.a.tomcat.util.digester.Digester.sax    : startElement(,,mbean)
2019-05-11 11:06:15.633 DEBUG 8956 --- [kground-preinit] o.apache.tomcat.util.digester.Digester   :   New match='mbeans-descriptors/mbean'
2019-05-11 11:06:15.634 DEBUG 8956 --- [kground-preinit] o.apache.tomcat.util.digester.Digester   :   Fire begin() for ObjectCreateRule[className=org.apache.tomcat.util.modeler.ManagedBean, attributeName=null]
2019-05-11 11:06:15.634 DEBUG 8956 --- [kground-preinit] o.apache.tomcat.util.digester.Digester   : [ObjectCreateRule]{mbeans-descriptors/mbean}New org.apache.tomcat.util.modeler.ManagedBean
2019-05-11 11:06:15.634 DEBUG 8956 --- [kground-preinit] o.apache.tomcat.util.digester.Digester   :   Fire begin() for SetPropertiesRule[]
2019-05-11 11:06:15.634 DEBUG 8956 --- [kground-preinit] o.apache.tomcat.util.digester.Digester   : [SetPropertiesRule]{mbeans-descriptors/mbean} Set org.apache.tomcat.util.modeler.ManagedBean properties
2019-05-11 11:06:15.634 DEBUG 8956 --- [kground-preinit] o.apache.tomcat.util.digester.Digester   : [SetPropertiesRule]{mbeans-descriptors/mbean} Setting property 'name' to 'WebappClassLoader'
2019-05-11 11:06:15.634 DEBUG 8956 --- [kground-preinit] o.apache.tomcat.util.IntrospectionUtils  : IntrospectionUtils: setProperty(class org.apache.tomcat.util.modeler.ManagedBean name=WebappClassLoader)
2019-05-11 11:06:15.635 DEBUG 8956 --- [kground-preinit] o.apache.tomcat.util.digester.Digester   : [SetPropertiesRule]{mbeans-descriptors/mbean} Setting property 'description' to 'Classloader implementation which is specialized for handling web applications'
2019-05-11 11:06:15.635 DEBUG 8956 --- [kground-preinit] o.apache.tomcat.util.IntrospectionUtils  : IntrospectionUtils: setProperty(class org.apache.tomcat.util.modeler.ManagedBean description=Classloader implementation which is specialized for handling web applications)
2019-05-11 11:06:15.635 DEBUG 8956 --- [kground-preinit] o.apache.tomcat.util.digester.Digester   : [SetPropertiesRule]{mbeans-descriptors/mbean} Setting property 'domain' to 'Catalina'
2019-05-11 11:06:15.635 DEBUG 8956 --- [kground-preinit] o.apache.tomcat.util.IntrospectionUtils  : IntrospectionUtils: setProperty(class org.apache.tomcat.util.modeler.ManagedBean domain=Catalina)
2019-05-11 11:06:15.635 DEBUG 8956 --- [kground-preinit] o.apache.tomcat.util.digester.Digester   : [SetPropertiesRule]{mbeans-descriptors/mbean} Setting property 'group' to 'Loader'
2019-05-11 11:06:15.635 DEBUG 8956 --- [kground-preinit] o.apache.tomcat.util.IntrospectionUtils  : IntrospectionUtils: setProperty(class org.apache.tomcat.util.modeler.ManagedBean group=Loader)
2019-05-11 11:06:15.635 DEBUG 8956 --- [kground-preinit] o.apache.tomcat.util.digester.Digester   : [SetPropertiesRule]{mbeans-descriptors/mbean} Setting property 'type' to 'org.apache.catalina.loader.WebappClassLoader'
2019-05-11 11:06:15.635 DEBUG 8956 --- [kground-preinit] o.apache.tomcat.util.IntrospectionUtils  : IntrospectionUtils: setProperty(class org.apache.tomcat.util.modeler.ManagedBean type=org.apache.catalina.loader.WebappClassLoader)
2019-05-11 11:06:15.635 DEBUG 8956 --- [kground-preinit] o.apache.tomcat.util.digester.Digester   :   Fire begin() for SetNextRule[methodName=add, paramType=java.lang.Object]
2019-05-11 11:06:15.635 DEBUG 8956 --- [kground-preinit] o.a.tomcat.util.digester.Digester.sax    : characters(

    )
2019-05-11 11:06:15.635 DEBUG 8956 --- [kground-preinit] o.a.tomcat.util.digester.Digester.sax    : startElement(,,attribute)
2019-05-11 11:06:15.636 DEBUG 8956 --- [kground-preinit] o.apache.tomcat.util.digester.Digester   :   New match='mbeans-descriptors/mbean/attribute'
2019-05-11 11:06:15.636 DEBUG 8956 --- [kground-preinit] o.apache.tomcat.util.digester.Digester   :   Fire begin() for ObjectCreateRule[className=org.apache.tomcat.util.modeler.AttributeInfo, attributeName=null]
2019-05-11 11:06:15.636 DEBUG 8956 --- [kground-preinit] o.apache.tomcat.util.digester.Digester   : [ObjectCreateRule]{mbeans-descriptors/mbean/attribute}New org.apache.tomcat.util.modeler.AttributeInfo
2019-05-11 11:06:15.636 DEBUG 8956 --- [kground-preinit] o.apache.tomcat.util.digester.Digester   :   Fire begin() for SetPropertiesRule[]
2019-05-11 11:06:15.636 DEBUG 8956 --- [kground-preinit] o.apache.tomcat.util.digester.Digester   : [SetPropertiesRule]{mbeans-descriptors/mbean/attribute} Set org.apache.tomcat.util.modeler.AttributeInfo properties
2019-05-11 11:06:15.636 DEBUG 8956 --- [kground-preinit] o.apache.tomcat.util.digester.Digester   : [SetPropertiesRule]{mbeans-descriptors/mbean/attribute} Setting property 'name' to 'className'
2019-05-11 11:06:15.636 DEBUG 8956 --- [kground-preinit] o.apache.tomcat.util.IntrospectionUtils  : IntrospectionUtils: setProperty(class org.apache.tomcat.util.modeler.AttributeInfo name=className)
2019-05-11 11:06:15.636 DEBUG 8956 --- [kground-preinit] o.apache.tomcat.util.digester.Digester   : [SetPropertiesRule]{mbeans-descriptors/mbean/attribute} Setting property 'description' to 'Fully qualified class name of the managed object'
2019-05-11 11:06:15.636 DEBUG 8956 --- [kground-preinit] o.apache.tomcat.util.IntrospectionUtils  : IntrospectionUtils: setProperty(class org.apache.tomcat.util.modeler.AttributeInfo description=Fully qualified class name of the managed object)
2019-05-11 11:06:15.636 DEBUG 8956 --- [kground-preinit] o.apache.tomcat.util.digester.Digester   : [SetPropertiesRule]{mbeans-descriptors/mbean/attribute} Setting property 'type' to 'java.lang.String'
2019-05-11 11:06:15.636 DEBUG 8956 --- [kground-preinit] o.apache.tomcat.util.IntrospectionUtils  : IntrospectionUtils: setProperty(class org.apache.tomcat.util.modeler.AttributeInfo type=java.lang.String)
2019-05-11 11:06:15.637 DEBUG 8956 --- [kground-preinit] o.apache.tomcat.util.digester.Digester   : [SetPropertiesRule]{mbeans-descriptors/mbean/attribute} Setting property 'writeable' to 'false'
2019-05-11 11:06:15.637 DEBUG 8956 --- [kground-preinit] o.apache.tomcat.util.IntrospectionUtils  : IntrospectionUtils: setProperty(class org.apache.tomcat.util.modeler.AttributeInfo writeable=false)
2019-05-11 11:06:15.637 DEBUG 8956 --- [kground-preinit] o.apache.tomcat.util.digester.Digester   :   Fire begin() for SetNextRule[methodName=addAttribute, paramType=org.apache.tomcat.util.modeler.AttributeInfo]
2019-05-11 11:06:15.637 DEBUG 8956 --- [kground-preinit] o.a.tomcat.util.digester.Digester.sax    : endElement(,,attribute)
2019-05-11 11:06:15.637 DEBUG 8956 --- [kground-preinit] o.apache.tomcat.util.digester.Digester   :   match='mbeans-descriptors/mbean/attribute'
2019-05-11 11:06:15.637 DEBUG 8956 --- [kground-preinit] o.apache.tomcat.util.digester.Digester   :   bodyText=''
2019-05-11 11:06:15.637 DEBUG 8956 --- [kground-preinit] o.apache.tomcat.util.digester.Digester   :   Fire body() for ObjectCreateRule[className=org.apache.tomcat.util.modeler.AttributeInfo, attributeName=null]
2019-05-11 11:06:15.637 DEBUG 8956 --- [kground-preinit] o.apache.tomcat.util.digester.Digester   :   Fire body() for SetPropertiesRule[]
2019-05-11 11:06:15.637 DEBUG 8956 --- [kground-preinit] o.apache.tomcat.util.digester.Digester   :   Fire body() for SetNextRule[methodName=addAttribute, paramType=org.apache.tomcat.util.modeler.AttributeInfo]
2019-05-11 11:06:15.637 DEBUG 8956 --- [kground-preinit] o.apache.tomcat.util.digester.Digester   :   Fire end() for SetNextRule[methodName=addAttribute, paramType=org.apache.tomcat.util.modeler.AttributeInfo]
2019-05-11 11:06:15.637 DEBUG 8956 --- [kground-preinit] o.apache.tomcat.util.digester.Digester   : [SetNextRule]{mbeans-descriptors/mbean/attribute} Call org.apache.tomcat.util.modeler.ManagedBean.addAttribute(org.apache.tomcat.util.modeler.AttributeInfo@7ffb9f3d)
2019-05-11 11:06:15.637 DEBUG 8956 --- [kground-preinit] o.apache.tomcat.util.IntrospectionUtils  : IntrospectionUtils: callMethod1 org.apache.tomcat.util.modeler.ManagedBean org.apache.tomcat.util.modeler.AttributeInfo org.apache.tomcat.util.modeler.AttributeInfo
2019-05-11 11:06:15.638 DEBUG 8956 --- [kground-preinit] o.apache.tomcat.util.digester.Digester   :   Fire end() for SetPropertiesRule[]
2019-05-11 11:06:15.638 DEBUG 8956 --- [kground-preinit] o.apache.tomcat.util.digester.Digester   :   Fire end() for ObjectCreateRule[className=org.apache.tomcat.util.modeler.AttributeInfo, attributeName=null]
2019-05-11 11:06:15.638 DEBUG 8956 --- [kground-preinit] o.apache.tomcat.util.digester.Digester   : [ObjectCreateRule]{mbeans-descriptors/mbean/attribute} Pop org.apache.tomcat.util.modeler.AttributeInfo
2019-05-11 11:06:15.638 DEBUG 8956 --- [kground-preinit] o.a.tomcat.util.digester.Digester.sax    : characters(

    )
2019-05-11 11:06:15.638 DEBUG 8956 --- [kground-preinit] o.a.tomcat.util.digester.Digester.sax    : startElement(,,attribute)
2019-05-11 11:06:15.638 DEBUG 8956 --- [kground-preinit] o.apache.tomcat.util.digester.Digester   :   New match='mbeans-descriptors/mbean/attribute'
2019-05-11 11:06:15.638 DEBUG 8956 --- [kground-preinit] o.apache.tomcat.util.digester.Digester   :   Fire begin() for ObjectCreateRule[className=org.apache.tomcat.util.modeler.AttributeInfo, attributeName=null]
2019-05-11 11:06:15.638 DEBUG 8956 --- [kground-preinit] o.apache.tomcat.util.digester.Digester   : [ObjectCreateRule]{mbeans-descriptors/mbean/attribute}New org.apache.tomcat.util.modeler.AttributeInfo
2019-05-11 11:06:15.638 DEBUG 8956 --- [kground-preinit] o.apache.tomcat.util.digester.Digester   :   Fire begin() for SetPropertiesRule[]
2019-05-11 11:06:15.639 DEBUG 8956 --- [kground-preinit] o.apache.tomcat.util.digester.Digester   : [SetPropertiesRule]{mbeans-descriptors/mbean/attribute} Set org.apache.tomcat.util.modeler.AttributeInfo properties
2019-05-11 11:06:15.639 DEBUG 8956 --- [kground-preinit] o.apache.tomcat.util.digester.Digester   : [SetPropertiesRule]{mbeans-descriptors/mbean/attribute} Setting property 'name' to 'contextName'
2019-05-11 11:06:15.639 DEBUG 8956 --- [kground-preinit] o.apache.tomcat.util.IntrospectionUtils  : IntrospectionUtils: setProperty(class org.apache.tomcat.util.modeler.AttributeInfo name=contextName)
2019-05-11 11:06:15.639 DEBUG 8956 --- [kground-preinit] o.apache.tomcat.util.digester.Digester   : [SetPropertiesRule]{mbeans-descriptors/mbean/attribute} Setting property 'description' to 'Name of the webapp context'
2019-05-11 11:06:15.639 DEBUG 8956 --- [kground-preinit] o.apache.tomcat.util.IntrospectionUtils  : IntrospectionUtils: setProperty(class org.apache.tomcat.util.modeler.AttributeInfo description=Name of the webapp context)
2019-05-11 11:06:15.639 DEBUG 8956 --- [kground-preinit] o.apache.tomcat.util.digester.Digester   : [SetPropertiesRule]{mbeans-descriptors/mbean/attribute} Setting property 'type' to 'java.lang.String'
2019-05-11 11:06:15.639 DEBUG 8956 --- [kground-preinit] o.apache.tomcat.util.IntrospectionUtils  : IntrospectionUtils: setProperty(class org.apache.tomcat.util.modeler.AttributeInfo type=java.lang.String)
2019-05-11 11:06:15.639 DEBUG 8956 --- [kground-preinit] o.apache.tomcat.util.digester.Digester   : [SetPropertiesRule]{mbeans-descriptors/mbean/attribute} Setting property 'writeable' to 'false'
2019-05-11 11:06:15.639 DEBUG 8956 --- [kground-preinit] o.apache.tomcat.util.IntrospectionUtils  : IntrospectionUtils: setProperty(class org.apache.tomcat.util.modeler.AttributeInfo writeable=false)
2019-05-11 11:06:15.639 DEBUG 8956 --- [kground-preinit] o.apache.tomcat.util.digester.Digester   :   Fire begin() for SetNextRule[methodName=addAttribute, paramType=org.apache.tomcat.util.modeler.AttributeInfo]
2019-05-11 11:06:15.640 DEBUG 8956 --- [kground-preinit] o.a.tomcat.util.digester.Digester.sax    : endElement(,,attribute)
2019-05-11 11:06:15.640 DEBUG 8956 --- [kground-preinit] o.apache.tomcat.util.digester.Digester   :   match='mbeans-descriptors/mbean/attribute'
2019-05-11 11:06:15.640 DEBUG 8956 --- [kground-preinit] o.apache.tomcat.util.digester.Digester   :   bodyText=''
2019-05-11 11:06:15.640 DEBUG 8956 --- [kground-preinit] o.apache.tomcat.util.digester.Digester   :   Fire body() for ObjectCreateRule[className=org.apache.tomcat.util.modeler.AttributeInfo, attributeName=null]
2019-05-11 11:06:15.640 DEBUG 8956 --- [kground-preinit] o.apache.tomcat.util.digester.Digester   :   Fire body() for SetPropertiesRule[]
2019-05-11 11:06:15.640 DEBUG 8956 --- [kground-preinit] o.apache.tomcat.util.digester.Digester   :   Fire body() for SetNextRule[methodName=addAttribute, paramType=org.apache.tomcat.util.modeler.AttributeInfo]
2019-05-11 11:06:15.641 DEBUG 8956 --- [kground-preinit] o.apache.tomcat.util.digester.Digester   :   Fire end() for SetNextRule[methodName=addAttribute, paramType=org.apache.tomcat.util.modeler.AttributeInfo]
2019-05-11 11:06:15.642 DEBUG 8956 --- [kground-preinit] o.apache.tomcat.util.digester.Digester   : [SetNextRule]{mbeans-descriptors/mbean/attribute} Call org.apache.tomcat.util.modeler.ManagedBean.addAttribute(org.apache.tomcat.util.modeler.AttributeInfo@2f5f28c0)
2019-05-11 11:06:15.642 DEBUG 8956 --- [kground-preinit] o.apache.tomcat.util.IntrospectionUtils  : IntrospectionUtils: callMethod1 org.apache.tomcat.util.modeler.ManagedBean org.apache.tomcat.util.modeler.AttributeInfo org.apache.tomcat.util.modeler.AttributeInfo
2019-05-11 11:06:15.642 DEBUG 8956 --- [kground-preinit] o.apache.tomcat.util.digester.Digester   :   Fire end() for SetPropertiesRule[]
2019-05-11 11:06:15.642 DEBUG 8956 --- [kground-preinit] o.apache.tomcat.util.digester.Digester   :   Fire end() for ObjectCreateRule[className=org.apache.tomcat.util.modeler.AttributeInfo, attributeName=null]
2019-05-11 11:06:15.642 DEBUG 8956 --- [kground-preinit] o.apache.tomcat.util.digester.Digester   : [ObjectCreateRule]{mbeans-descriptors/mbean/attribute} Pop org.apache.tomcat.util.modeler.AttributeInfo
2019-05-11 11:06:15.643 DEBUG 8956 --- [kground-preinit] o.a.tomcat.util.digester.Digester.sax    : characters(

    )
2019-05-11 11:06:15.643 DEBUG 8956 --- [kground-preinit] o.a.tomcat.util.digester.Digester.sax    : startElement(,,attribute)
2019-05-11 11:06:15.643 DEBUG 8956 --- [kground-preinit] o.apache.tomcat.util.digester.Digester   :   New match='mbeans-descriptors/mbean/attribute'
2019-05-11 11:06:15.643 DEBUG 8956 --- [kground-preinit] o.apache.tomcat.util.digester.Digester   :   Fire begin() for ObjectCreateRule[className=org.apache.tomcat.util.modeler.AttributeInfo, attributeName=null]
2019-05-11 11:06:15.643 DEBUG 8956 --- [kground-preinit] o.apache.tomcat.util.digester.Digester   : [ObjectCreateRule]{mbeans-descriptors/mbean/attribute}New org.apache.tomcat.util.modeler.AttributeInfo
2019-05-11 11:06:15.643 DEBUG 8956 --- [kground-preinit] o.apache.tomcat.util.digester.Digester   :   Fire begin() for SetPropertiesRule[]
2019-05-11 11:06:15.643 DEBUG 8956 --- [kground-preinit] o.apache.tomcat.util.digester.Digester   : [SetPropertiesRule]{mbeans-descriptors/mbean/attribute} Set org.apache.tomcat.util.modeler.AttributeInfo properties
2019-05-11 11:06:15.644 DEBUG 8956 --- [kground-preinit] o.apache.tomcat.util.digester.Digester   : [SetPropertiesRule]{mbeans-descriptors/mbean/attribute} Setting property 'name' to 'delegate'
2019-05-11 11:06:15.644 DEBUG 8956 --- [kground-preinit] o.apache.tomcat.util.IntrospectionUtils  : IntrospectionUtils: setProperty(class org.apache.tomcat.util.modeler.AttributeInfo name=delegate)
2019-05-11 11:06:15.644 DEBUG 8956 --- [kground-preinit] o.apache.tomcat.util.digester.Digester   : [SetPropertiesRule]{mbeans-descriptors/mbean/attribute} Setting property 'description' to 'The 'follow standard delegation model' flag that will be used to configure our ClassLoader'
2019-05-11 11:06:15.644 DEBUG 8956 --- [kground-preinit] o.apache.tomcat.util.IntrospectionUtils  : IntrospectionUtils: setProperty(class org.apache.tomcat.util.modeler.AttributeInfo description=The 'follow standard delegation model' flag that will be used to configure our ClassLoader)
2019-05-11 11:06:15.644 DEBUG 8956 --- [kground-preinit] o.apache.tomcat.util.digester.Digester   : [SetPropertiesRule]{mbeans-descriptors/mbean/attribute} Setting property 'type' to 'boolean'
2019-05-11 11:06:15.645 DEBUG 8956 --- [kground-preinit] o.apache.tomcat.util.IntrospectionUtils  : IntrospectionUtils: setProperty(class org.apache.tomcat.util.modeler.AttributeInfo type=boolean)
2019-05-11 11:06:15.645 DEBUG 8956 --- [kground-preinit] o.apache.tomcat.util.digester.Digester   :   Fire begin() for SetNextRule[methodName=addAttribute, paramType=org.apache.tomcat.util.modeler.AttributeInfo]
2019-05-11 11:06:15.645 DEBUG 8956 --- [kground-preinit] o.a.tomcat.util.digester.Digester.sax    : endElement(,,attribute)
2019-05-11 11:06:15.645 DEBUG 8956 --- [kground-preinit] o.apache.tomcat.util.digester.Digester   :   match='mbeans-descriptors/mbean/attribute'
2019-05-11 11:06:15.645 DEBUG 8956 --- [kground-preinit] o.apache.tomcat.util.digester.Digester   :   bodyText=''
2019-05-11 11:06:15.645 DEBUG 8956 --- [kground-preinit] o.apache.tomcat.util.digester.Digester   :   Fire body() for ObjectCreateRule[className=org.apache.tomcat.util.modeler.AttributeInfo, attributeName=null]
2019-05-11 11:06:15.645 DEBUG 8956 --- [kground-preinit] o.apache.tomcat.util.digester.Digester   :   Fire body() for SetPropertiesRule[]
2019-05-11 11:06:15.645 DEBUG 8956 --- [kground-preinit] o.apache.tomcat.util.digester.Digester   :   Fire body() for SetNextRule[methodName=addAttribute, paramType=org.apache.tomcat.util.modeler.AttributeInfo]
2019-05-11 11:06:15.646 DEBUG 8956 --- [kground-preinit] o.apache.tomcat.util.digester.Digester   :   Fire end() for SetNextRule[methodName=addAttribute, paramType=org.apache.tomcat.util.modeler.AttributeInfo]
2019-05-11 11:06:15.646 DEBUG 8956 --- [kground-preinit] o.apache.tomcat.util.digester.Digester   : [SetNextRule]{mbeans-descriptors/mbean/attribute} Call org.apache.tomcat.util.modeler.ManagedBean.addAttribute(org.apache.tomcat.util.modeler.AttributeInfo@2ee19bfa)
2019-05-11 11:06:15.646 DEBUG 8956 --- [kground-preinit] o.apache.tomcat.util.IntrospectionUtils  : IntrospectionUtils: callMethod1 org.apache.tomcat.util.modeler.ManagedBean org.apache.tomcat.util.modeler.AttributeInfo org.apache.tomcat.util.modeler.AttributeInfo
2019-05-11 11:06:15.646 DEBUG 8956 --- [kground-preinit] o.apache.tomcat.util.digester.Digester   :   Fire end() for SetPropertiesRule[]
2019-05-11 11:06:15.646 DEBUG 8956 --- [kground-preinit] o.apache.tomcat.util.digester.Digester   :   Fire end() for ObjectCreateRule[className=org.apache.tomcat.util.modeler.AttributeInfo, attributeName=null]
2019-05-11 11:06:15.646 DEBUG 8956 --- [kground-preinit] o.apache.tomcat.util.digester.Digester   : [ObjectCreateRule]{mbeans-descriptors/mbean/attribute} Pop org.apache.tomcat.util.modeler.AttributeInfo
2019-05-11 11:06:15.646 DEBUG 8956 --- [kground-preinit] o.a.tomcat.util.digester.Digester.sax    : characters(

    )
2019-05-11 11:06:15.646 DEBUG 8956 --- [kground-preinit] o.a.tomcat.util.digester.Digester.sax    : startElement(,,attribute)
2019-05-11 11:06:15.646 DEBUG 8956 --- [kground-preinit] o.apache.tomcat.util.digester.Digester   :   New match='mbeans-descriptors/mbean/attribute'
2019-05-11 11:06:15.647 DEBUG 8956 --- [kground-preinit] o.apache.tomcat.util.digester.Digester   :   Fire begin() for ObjectCreateRule[className=org.apache.tomcat.util.modeler.AttributeInfo, attributeName=null]
2019-05-11 11:06:15.647 DEBUG 8956 --- [kground-preinit] o.apache.tomcat.util.digester.Digester   : [ObjectCreateRule]{mbeans-descriptors/mbean/attribute}New org.apache.tomcat.util.modeler.AttributeInfo
2019-05-11 11:06:15.647 DEBUG 8956 --- [kground-preinit] o.apache.tomcat.util.digester.Digester   :   Fire begin() for SetPropertiesRule[]
2019-05-11 11:06:15.647 DEBUG 8956 --- [kground-preinit] o.apache.tomcat.util.digester.Digester   : [SetPropertiesRule]{mbeans-descriptors/mbean/attribute} Set org.apache.tomcat.util.modeler.AttributeInfo properties
2019-05-11 11:06:15.647 DEBUG 8956 --- [kground-preinit] o.apache.tomcat.util.digester.Digester   : [SetPropertiesRule]{mbeans-descriptors/mbean/attribute} Setting property 'name' to 'stateName'
2019-05-11 11:06:15.647 DEBUG 8956 --- [kground-preinit] o.apache.tomcat.util.IntrospectionUtils  : IntrospectionUtils: setProperty(class org.apache.tomcat.util.modeler.AttributeInfo name=stateName)
2019-05-11 11:06:15.647 DEBUG 8956 --- [kground-preinit] o.apache.tomcat.util.digester.Digester   : [SetPropertiesRule]{mbeans-descriptors/mbean/attribute} Setting property 'description' to 'The name of the LifecycleState that this component is currently in'
2019-05-11 11:06:15.647 DEBUG 8956 --- [kground-preinit] o.apache.tomcat.util.IntrospectionUtils  : IntrospectionUtils: setProperty(class org.apache.tomcat.util.modeler.AttributeInfo description=The name of the LifecycleState that this component is currently in)
2019-05-11 11:06:15.647 DEBUG 8956 --- [kground-preinit] o.apache.tomcat.util.digester.Digester   : [SetPropertiesRule]{mbeans-descriptors/mbean/attribute} Setting property 'type' to 'java.lang.String'
2019-05-11 11:06:15.647 DEBUG 8956 --- [kground-preinit] o.apache.tomcat.util.IntrospectionUtils  : IntrospectionUtils: setProperty(class org.apache.tomcat.util.modeler.AttributeInfo type=java.lang.String)
2019-05-11 11:06:15.647 DEBUG 8956 --- [kground-preinit] o.apache.tomcat.util.digester.Digester   : [SetPropertiesRule]{mbeans-descriptors/mbean/attribute} Setting property 'writeable' to 'false'
2019-05-11 11:06:15.647 DEBUG 8956 --- [kground-preinit] o.apache.tomcat.util.IntrospectionUtils  : IntrospectionUtils: setProperty(class org.apache.tomcat.util.modeler.AttributeInfo writeable=false)
2019-05-11 11:06:15.648 DEBUG 8956 --- [kground-preinit] o.apache.tomcat.util.digester.Digester   :   Fire begin() for SetNextRule[methodName=addAttribute, paramType=org.apache.tomcat.util.modeler.AttributeInfo]
2019-05-11 11:06:15.648 DEBUG 8956 --- [kground-preinit] o.a.tomcat.util.digester.Digester.sax    : endElement(,,attribute)
2019-05-11 11:06:15.648 DEBUG 8956 --- [kground-preinit] o.apache.tomcat.util.digester.Digester   :   match='mbeans-descriptors/mbean/attribute'
2019-05-11 11:06:15.648 DEBUG 8956 --- [kground-preinit] o.apache.tomcat.util.digester.Digester   :   bodyText=''
2019-05-11 11:06:15.648 DEBUG 8956 --- [kground-preinit] o.apache.tomcat.util.digester.Digester   :   Fire body() for ObjectCreateRule[className=org.apache.tomcat.util.modeler.AttributeInfo, attributeName=null]
2019-05-11 11:06:15.648 DEBUG 8956 --- [kground-preinit] o.apache.tomcat.util.digester.Digester   :   Fire body() for SetPropertiesRule[]
2019-05-11 11:06:15.649 DEBUG 8956 --- [kground-preinit] o.apache.tomcat.util.digester.Digester   :   Fire body() for SetNextRule[methodName=addAttribute, paramType=org.apache.tomcat.util.modeler.AttributeInfo]
2019-05-11 11:06:15.649 DEBUG 8956 --- [kground-preinit] o.apache.tomcat.util.digester.Digester   :   Fire end() for SetNextRule[methodName=addAttribute, paramType=org.apache.tomcat.util.modeler.AttributeInfo]
2019-05-11 11:06:15.649 DEBUG 8956 --- [kground-preinit] o.apache.tomcat.util.digester.Digester   : [SetNextRule]{mbeans-descriptors/mbean/attribute} Call org.apache.tomcat.util.modeler.ManagedBean.addAttribute(org.apache.tomcat.util.modeler.AttributeInfo@75cfba53)
2019-05-11 11:06:15.649 DEBUG 8956 --- [kground-preinit] o.apache.tomcat.util.IntrospectionUtils  : IntrospectionUtils: callMethod1 org.apache.tomcat.util.modeler.ManagedBean org.apache.tomcat.util.modeler.AttributeInfo org.apache.tomcat.util.modeler.AttributeInfo
2019-05-11 11:06:15.649 DEBUG 8956 --- [kground-preinit] o.apache.tomcat.util.digester.Digester   :   Fire end() for SetPropertiesRule[]
2019-05-11 11:06:15.650 DEBUG 8956 --- [kground-preinit] o.apache.tomcat.util.digester.Digester   :   Fire end() for ObjectCreateRule[className=org.apache.tomcat.util.modeler.AttributeInfo, attributeName=null]
2019-05-11 11:06:15.650 DEBUG 8956 --- [kground-preinit] o.apache.tomcat.util.digester.Digester   : [ObjectCreateRule]{mbeans-descriptors/mbean/attribute} Pop org.apache.tomcat.util.modeler.AttributeInfo
2019-05-11 11:06:15.650 DEBUG 8956 --- [kground-preinit] o.a.tomcat.util.digester.Digester.sax    : characters(

    )
2019-05-11 11:06:15.650 DEBUG 8956 --- [kground-preinit] o.a.tomcat.util.digester.Digester.sax    : startElement(,,attribute)
2019-05-11 11:06:15.650 DEBUG 8956 --- [kground-preinit] o.apache.tomcat.util.digester.Digester   :   New match='mbeans-descriptors/mbean/attribute'
2019-05-11 11:06:15.650 DEBUG 8956 --- [kground-preinit] o.apache.tomcat.util.digester.Digester   :   Fire begin() for ObjectCreateRule[className=org.apache.tomcat.util.modeler.AttributeInfo, attributeName=null]
2019-05-11 11:06:15.650 DEBUG 8956 --- [kground-preinit] o.apache.tomcat.util.digester.Digester   : [ObjectCreateRule]{mbeans-descriptors/mbean/attribute}New org.apache.tomcat.util.modeler.AttributeInfo
2019-05-11 11:06:15.650 DEBUG 8956 --- [kground-preinit] o.apache.tomcat.util.digester.Digester   :   Fire begin() for SetPropertiesRule[]
2019-05-11 11:06:15.650 DEBUG 8956 --- [kground-preinit] o.apache.tomcat.util.digester.Digester   : [SetPropertiesRule]{mbeans-descriptors/mbean/attribute} Set org.apache.tomcat.util.modeler.AttributeInfo properties
2019-05-11 11:06:15.650 DEBUG 8956 --- [kground-preinit] o.apache.tomcat.util.digester.Digester   : [SetPropertiesRule]{mbeans-descriptors/mbean/attribute} Setting property 'name' to 'URLs'
2019-05-11 11:06:15.650 DEBUG 8956 --- [kground-preinit] o.apache.tomcat.util.IntrospectionUtils  : IntrospectionUtils: setProperty(class org.apache.tomcat.util.modeler.AttributeInfo name=URLs)
2019-05-11 11:06:15.651 DEBUG 8956 --- [kground-preinit] o.apache.tomcat.util.digester.Digester   : [SetPropertiesRule]{mbeans-descriptors/mbean/attribute} Setting property 'description' to 'The URLs of this loader'
2019-05-11 11:06:15.651 DEBUG 8956 --- [kground-preinit] o.apache.tomcat.util.IntrospectionUtils  : IntrospectionUtils: setProperty(class org.apache.tomcat.util.modeler.AttributeInfo description=The URLs of this loader)
2019-05-11 11:06:15.651 DEBUG 8956 --- [kground-preinit] o.apache.tomcat.util.digester.Digester   : [SetPropertiesRule]{mbeans-descriptors/mbean/attribute} Setting property 'type' to '[Ljava.net.URL;'
2019-05-11 11:06:15.651 DEBUG 8956 --- [kground-preinit] o.apache.tomcat.util.IntrospectionUtils  : IntrospectionUtils: setProperty(class org.apache.tomcat.util.modeler.AttributeInfo type=[Ljava.net.URL;)
2019-05-11 11:06:15.651 DEBUG 8956 --- [kground-preinit] o.apache.tomcat.util.digester.Digester   :   Fire begin() for SetNextRule[methodName=addAttribute, paramType=org.apache.tomcat.util.modeler.AttributeInfo]
2019-05-11 11:06:15.651 DEBUG 8956 --- [kground-preinit] o.a.tomcat.util.digester.Digester.sax    : endElement(,,attribute)
2019-05-11 11:06:15.651 DEBUG 8956 --- [kground-preinit] o.apache.tomcat.util.digester.Digester   :   match='mbeans-descriptors/mbean/attribute'
2019-05-11 11:06:15.651 DEBUG 8956 --- [kground-preinit] o.apache.tomcat.util.digester.Digester   :   bodyText=''
2019-05-11 11:06:15.651 DEBUG 8956 --- [kground-preinit] o.apache.tomcat.util.digester.Digester   :   Fire body() for ObjectCreateRule[className=org.apache.tomcat.util.modeler.AttributeInfo, attributeName=null]
2019-05-11 11:06:15.651 DEBUG 8956 --- [kground-preinit] o.apache.tomcat.util.digester.Digester   :   Fire body() for SetPropertiesRule[]
2019-05-11 11:06:15.651 DEBUG 8956 --- [kground-preinit] o.apache.tomcat.util.digester.Digester   :   Fire body() for SetNextRule[methodName=addAttribute, paramType=org.apache.tomcat.util.modeler.AttributeInfo]
2019-05-11 11:06:15.652 DEBUG 8956 --- [kground-preinit] o.apache.tomcat.util.digester.Digester   :   Fire end() for SetNextRule[methodName=addAttribute, paramType=org.apache.tomcat.util.modeler.AttributeInfo]
2019-05-11 11:06:15.652 DEBUG 8956 --- [kground-preinit] o.apache.tomcat.util.digester.Digester   : [SetNextRule]{mbeans-descriptors/mbean/attribute} Call org.apache.tomcat.util.modeler.ManagedBean.addAttribute(org.apache.tomcat.util.modeler.AttributeInfo@566ec1a0)
2019-05-11 11:06:15.652 DEBUG 8956 --- [kground-preinit] o.apache.tomcat.util.IntrospectionUtils  : IntrospectionUtils: callMethod1 org.apache.tomcat.util.modeler.ManagedBean org.apache.tomcat.util.modeler.AttributeInfo org.apache.tomcat.util.modeler.AttributeInfo
2019-05-11 11:06:15.652 DEBUG 8956 --- [kground-preinit] o.apache.tomcat.util.digester.Digester   :   Fire end() for SetPropertiesRule[]
2019-05-11 11:06:15.652 DEBUG 8956 --- [kground-preinit] o.apache.tomcat.util.digester.Digester   :   Fire end() for ObjectCreateRule[className=org.apache.tomcat.util.modeler.AttributeInfo, attributeName=null]
2019-05-11 11:06:15.652 DEBUG 8956 --- [kground-preinit] o.apache.tomcat.util.digester.Digester   : [ObjectCreateRule]{mbeans-descriptors/mbean/attribute} Pop org.apache.tomcat.util.modeler.AttributeInfo
2019-05-11 11:06:15.652 DEBUG 8956 --- [kground-preinit] o.a.tomcat.util.digester.Digester.sax    : characters(

  )
2019-05-11 11:06:15.652 DEBUG 8956 --- [kground-preinit] o.a.tomcat.util.digester.Digester.sax    : endElement(,,mbean)
2019-05-11 11:06:15.652 DEBUG 8956 --- [kground-preinit] o.apache.tomcat.util.digester.Digester   :   match='mbeans-descriptors/mbean'
2019-05-11 11:06:15.652 DEBUG 8956 --- [kground-preinit] o.apache.tomcat.util.digester.Digester   :   bodyText='

    

    

    

    

    

  '
2019-05-11 11:06:15.652 DEBUG 8956 --- [kground-preinit] o.apache.tomcat.util.digester.Digester   :   Fire body() for ObjectCreateRule[className=org.apache.tomcat.util.modeler.ManagedBean, attributeName=null]
2019-05-11 11:06:15.652 DEBUG 8956 --- [kground-preinit] o.apache.tomcat.util.digester.Digester   :   Fire body() for SetPropertiesRule[]
2019-05-11 11:06:15.653 DEBUG 8956 --- [kground-preinit] o.apache.tomcat.util.digester.Digester   :   Fire body() for SetNextRule[methodName=add, paramType=java.lang.Object]
2019-05-11 11:06:15.653 DEBUG 8956 --- [kground-preinit] o.apache.tomcat.util.digester.Digester   :   Fire end() for SetNextRule[methodName=add, paramType=java.lang.Object]
2019-05-11 11:06:15.653 DEBUG 8956 --- [kground-preinit] o.apache.tomcat.util.digester.Digester   : [SetNextRule]{mbeans-descriptors/mbean} Call java.util.ArrayList.add(ManagedBean[name=WebappClassLoader, className=org.apache.tomcat.util.modeler.BaseModelMBean, description=Classloader implementation which is specialized for handling web applications, group=Loader, type=org.apache.catalina.loader.WebappClassLoader])
2019-05-11 11:06:15.653 DEBUG 8956 --- [kground-preinit] o.apache.tomcat.util.IntrospectionUtils  : IntrospectionUtils: callMethod1 java.util.ArrayList org.apache.tomcat.util.modeler.ManagedBean java.lang.Object
2019-05-11 11:06:15.653 DEBUG 8956 --- [kground-preinit] o.apache.tomcat.util.digester.Digester   :   Fire end() for SetPropertiesRule[]
2019-05-11 11:06:15.653 DEBUG 8956 --- [kground-preinit] o.apache.tomcat.util.digester.Digester   :   Fire end() for ObjectCreateRule[className=org.apache.tomcat.util.modeler.ManagedBean, attributeName=null]
2019-05-11 11:06:15.653 DEBUG 8956 --- [kground-preinit] o.apache.tomcat.util.digester.Digester   : [ObjectCreateRule]{mbeans-descriptors/mbean} Pop org.apache.tomcat.util.modeler.ManagedBean
2019-05-11 11:06:15.653 DEBUG 8956 --- [kground-preinit] o.a.tomcat.util.digester.Digester.sax    : characters(


  )
2019-05-11 11:06:15.666 DEBUG 8956 --- [kground-preinit] o.a.tomcat.util.digester.Digester.sax    : startElement(,,mbean)
2019-05-11 11:06:15.667 DEBUG 8956 --- [           main] o.s.b.f.s.DefaultListableBeanFactory     : Invoking afterPropertiesSet() on bean with name 'com.reger.dubbo.config.DubboAutoConfiguration'
2019-05-11 11:06:15.668 DEBUG 8956 --- [kground-preinit] o.apache.tomcat.util.digester.Digester   :   New match='mbeans-descriptors/mbean'
2019-05-11 11:06:15.668 DEBUG 8956 --- [kground-preinit] o.apache.tomcat.util.digester.Digester   :   Fire begin() for ObjectCreateRule[className=org.apache.tomcat.util.modeler.ManagedBean, attributeName=null]
2019-05-11 11:06:15.668 DEBUG 8956 --- [kground-preinit] o.apache.tomcat.util.digester.Digester   : [ObjectCreateRule]{mbeans-descriptors/mbean}New org.apache.tomcat.util.modeler.ManagedBean
2019-05-11 11:06:15.668 DEBUG 8956 --- [kground-preinit] o.apache.tomcat.util.digester.Digester   :   Fire begin() for SetPropertiesRule[]
2019-05-11 11:06:15.668 DEBUG 8956 --- [kground-preinit] o.apache.tomcat.util.digester.Digester   : [SetPropertiesRule]{mbeans-descriptors/mbean} Set org.apache.tomcat.util.modeler.ManagedBean properties
2019-05-11 11:06:15.668 DEBUG 8956 --- [kground-preinit] o.apache.tomcat.util.digester.Digester   : [SetPropertiesRule]{mbeans-descriptors/mbean} Setting property 'name' to 'ParallelWebappClassLoader'
2019-05-11 11:06:15.668 DEBUG 8956 --- [kground-preinit] o.apache.tomcat.util.IntrospectionUtils  : IntrospectionUtils: setProperty(class org.apache.tomcat.util.modeler.ManagedBean name=ParallelWebappClassLoader)
2019-05-11 11:06:15.668 DEBUG 8956 --- [kground-preinit] o.apache.tomcat.util.digester.Digester   : [SetPropertiesRule]{mbeans-descriptors/mbean} Setting property 'description' to 'Classloader implementation which is specialized for handling web applications and is capable of loading classes in parallel'
2019-05-11 11:06:15.668 DEBUG 8956 --- [kground-preinit] o.apache.tomcat.util.IntrospectionUtils  : IntrospectionUtils: setProperty(class org.apache.tomcat.util.modeler.ManagedBean description=Classloader implementation which is specialized for handling web applications and is capable of loading classes in parallel)
2019-05-11 11:06:15.669 DEBUG 8956 --- [kground-preinit] o.apache.tomcat.util.digester.Digester   : [SetPropertiesRule]{mbeans-descriptors/mbean} Setting property 'domain' to 'Catalina'
2019-05-11 11:06:15.669 DEBUG 8956 --- [kground-preinit] o.apache.tomcat.util.IntrospectionUtils  : IntrospectionUtils: setProperty(class org.apache.tomcat.util.modeler.ManagedBean domain=Catalina)
2019-05-11 11:06:15.669 DEBUG 8956 --- [kground-preinit] o.apache.tomcat.util.digester.Digester   : [SetPropertiesRule]{mbeans-descriptors/mbean} Setting property 'group' to 'Loader'
2019-05-11 11:06:15.669 DEBUG 8956 --- [kground-preinit] o.apache.tomcat.util.IntrospectionUtils  : IntrospectionUtils: setProperty(class org.apache.tomcat.util.modeler.ManagedBean group=Loader)
2019-05-11 11:06:15.669 DEBUG 8956 --- [kground-preinit] o.apache.tomcat.util.digester.Digester   : [SetPropertiesRule]{mbeans-descriptors/mbean} Setting property 'type' to 'org.apache.catalina.loader.ParallelWebappClassLoader'
2019-05-11 11:06:15.669 DEBUG 8956 --- [kground-preinit] o.apache.tomcat.util.IntrospectionUtils  : IntrospectionUtils: setProperty(class org.apache.tomcat.util.modeler.ManagedBean type=org.apache.catalina.loader.ParallelWebappClassLoader)
2019-05-11 11:06:15.669 DEBUG 8956 --- [kground-preinit] o.apache.tomcat.util.digester.Digester   :   Fire begin() for SetNextRule[methodName=add, paramType=java.lang.Object]
2019-05-11 11:06:15.669 DEBUG 8956 --- [kground-preinit] o.a.tomcat.util.digester.Digester.sax    : characters(

    )
2019-05-11 11:06:15.669 DEBUG 8956 --- [kground-preinit] o.a.tomcat.util.digester.Digester.sax    : startElement(,,attribute)
2019-05-11 11:06:15.669 DEBUG 8956 --- [kground-preinit] o.apache.tomcat.util.digester.Digester   :   New match='mbeans-descriptors/mbean/attribute'
2019-05-11 11:06:15.669 DEBUG 8956 --- [kground-preinit] o.apache.tomcat.util.digester.Digester   :   Fire begin() for ObjectCreateRule[className=org.apache.tomcat.util.modeler.AttributeInfo, attributeName=null]
2019-05-11 11:06:15.670 DEBUG 8956 --- [kground-preinit] o.apache.tomcat.util.digester.Digester   : [ObjectCreateRule]{mbeans-descriptors/mbean/attribute}New org.apache.tomcat.util.modeler.AttributeInfo
2019-05-11 11:06:15.670 DEBUG 8956 --- [kground-preinit] o.apache.tomcat.util.digester.Digester   :   Fire begin() for SetPropertiesRule[]
2019-05-11 11:06:15.670 DEBUG 8956 --- [kground-preinit] o.apache.tomcat.util.digester.Digester   : [SetPropertiesRule]{mbeans-descriptors/mbean/attribute} Set org.apache.tomcat.util.modeler.AttributeInfo properties
2019-05-11 11:06:15.670 DEBUG 8956 --- [kground-preinit] o.apache.tomcat.util.digester.Digester   : [SetPropertiesRule]{mbeans-descriptors/mbean/attribute} Setting property 'name' to 'className'
2019-05-11 11:06:15.670 DEBUG 8956 --- [kground-preinit] o.apache.tomcat.util.IntrospectionUtils  : IntrospectionUtils: setProperty(class org.apache.tomcat.util.modeler.AttributeInfo name=className)
2019-05-11 11:06:15.671 DEBUG 8956 --- [kground-preinit] o.apache.tomcat.util.digester.Digester   : [SetPropertiesRule]{mbeans-descriptors/mbean/attribute} Setting property 'description' to 'Fully qualified class name of the managed object'
2019-05-11 11:06:15.671 DEBUG 8956 --- [kground-preinit] o.apache.tomcat.util.IntrospectionUtils  : IntrospectionUtils: setProperty(class org.apache.tomcat.util.modeler.AttributeInfo description=Fully qualified class name of the managed object)
2019-05-11 11:06:15.671 DEBUG 8956 --- [kground-preinit] o.apache.tomcat.util.digester.Digester   : [SetPropertiesRule]{mbeans-descriptors/mbean/attribute} Setting property 'type' to 'java.lang.String'
2019-05-11 11:06:15.671 DEBUG 8956 --- [kground-preinit] o.apache.tomcat.util.IntrospectionUtils  : IntrospectionUtils: setProperty(class org.apache.tomcat.util.modeler.AttributeInfo type=java.lang.String)
2019-05-11 11:06:15.671 DEBUG 8956 --- [kground-preinit] o.apache.tomcat.util.digester.Digester   : [SetPropertiesRule]{mbeans-descriptors/mbean/attribute} Setting property 'writeable' to 'false'
2019-05-11 11:06:15.671 DEBUG 8956 --- [kground-preinit] o.apache.tomcat.util.IntrospectionUtils  : IntrospectionUtils: setProperty(class org.apache.tomcat.util.modeler.AttributeInfo writeable=false)
2019-05-11 11:06:15.672 DEBUG 8956 --- [kground-preinit] o.apache.tomcat.util.digester.Digester   :   Fire begin() for SetNextRule[methodName=addAttribute, paramType=org.apache.tomcat.util.modeler.AttributeInfo]
2019-05-11 11:06:15.672 DEBUG 8956 --- [kground-preinit] o.a.tomcat.util.digester.Digester.sax    : endElement(,,attribute)
2019-05-11 11:06:15.673 DEBUG 8956 --- [kground-preinit] o.apache.tomcat.util.digester.Digester   :   match='mbeans-descriptors/mbean/attribute'
2019-05-11 11:06:15.673 DEBUG 8956 --- [kground-preinit] o.apache.tomcat.util.digester.Digester   :   bodyText=''
2019-05-11 11:06:15.673 DEBUG 8956 --- [kground-preinit] o.apache.tomcat.util.digester.Digester   :   Fire body() for ObjectCreateRule[className=org.apache.tomcat.util.modeler.AttributeInfo, attributeName=null]
2019-05-11 11:06:15.673 DEBUG 8956 --- [kground-preinit] o.apache.tomcat.util.digester.Digester   :   Fire body() for SetPropertiesRule[]
2019-05-11 11:06:15.673 DEBUG 8956 --- [kground-preinit] o.apache.tomcat.util.digester.Digester   :   Fire body() for SetNextRule[methodName=addAttribute, paramType=org.apache.tomcat.util.modeler.AttributeInfo]
2019-05-11 11:06:15.675 DEBUG 8956 --- [kground-preinit] o.apache.tomcat.util.digester.Digester   :   Fire end() for SetNextRule[methodName=addAttribute, paramType=org.apache.tomcat.util.modeler.AttributeInfo]
2019-05-11 11:06:15.675 DEBUG 8956 --- [kground-preinit] o.apache.tomcat.util.digester.Digester   : [SetNextRule]{mbeans-descriptors/mbean/attribute} Call org.apache.tomcat.util.modeler.ManagedBean.addAttribute(org.apache.tomcat.util.modeler.AttributeInfo@21ea85)
2019-05-11 11:06:15.675 DEBUG 8956 --- [kground-preinit] o.apache.tomcat.util.IntrospectionUtils  : IntrospectionUtils: callMethod1 org.apache.tomcat.util.modeler.ManagedBean org.apache.tomcat.util.modeler.AttributeInfo org.apache.tomcat.util.modeler.AttributeInfo
2019-05-11 11:06:15.676 DEBUG 8956 --- [kground-preinit] o.apache.tomcat.util.digester.Digester   :   Fire end() for SetPropertiesRule[]
2019-05-11 11:06:15.676 DEBUG 8956 --- [kground-preinit] o.apache.tomcat.util.digester.Digester   :   Fire end() for ObjectCreateRule[className=org.apache.tomcat.util.modeler.AttributeInfo, attributeName=null]
2019-05-11 11:06:15.676 DEBUG 8956 --- [kground-preinit] o.apache.tomcat.util.digester.Digester   : [ObjectCreateRule]{mbeans-descriptors/mbean/attribute} Pop org.apache.tomcat.util.modeler.AttributeInfo
2019-05-11 11:06:15.676 DEBUG 8956 --- [kground-preinit] o.a.tomcat.util.digester.Digester.sax    : characters(

    )
2019-05-11 11:06:15.676 DEBUG 8956 --- [kground-preinit] o.a.tomcat.util.digester.Digester.sax    : startElement(,,attribute)
2019-05-11 11:06:15.676 DEBUG 8956 --- [kground-preinit] o.apache.tomcat.util.digester.Digester   :   New match='mbeans-descriptors/mbean/attribute'
2019-05-11 11:06:15.676 DEBUG 8956 --- [kground-preinit] o.apache.tomcat.util.digester.Digester   :   Fire begin() for ObjectCreateRule[className=org.apache.tomcat.util.modeler.AttributeInfo, attributeName=null]
2019-05-11 11:06:15.676 DEBUG 8956 --- [kground-preinit] o.apache.tomcat.util.digester.Digester   : [ObjectCreateRule]{mbeans-descriptors/mbean/attribute}New org.apache.tomcat.util.modeler.AttributeInfo
2019-05-11 11:06:15.677 DEBUG 8956 --- [kground-preinit] o.apache.tomcat.util.digester.Digester   :   Fire begin() for SetPropertiesRule[]
2019-05-11 11:06:15.677 DEBUG 8956 --- [kground-preinit] o.apache.tomcat.util.digester.Digester   : [SetPropertiesRule]{mbeans-descriptors/mbean/attribute} Set org.apache.tomcat.util.modeler.AttributeInfo properties
2019-05-11 11:06:15.677 DEBUG 8956 --- [kground-preinit] o.apache.tomcat.util.digester.Digester   : [SetPropertiesRule]{mbeans-descriptors/mbean/attribute} Setting property 'name' to 'contextName'
2019-05-11 11:06:15.677 DEBUG 8956 --- [kground-preinit] o.apache.tomcat.util.IntrospectionUtils  : IntrospectionUtils: setProperty(class org.apache.tomcat.util.modeler.AttributeInfo name=contextName)
2019-05-11 11:06:15.677 DEBUG 8956 --- [kground-preinit] o.apache.tomcat.util.digester.Digester   : [SetPropertiesRule]{mbeans-descriptors/mbean/attribute} Setting property 'description' to 'Name of the webapp context'
2019-05-11 11:06:15.677 DEBUG 8956 --- [kground-preinit] o.apache.tomcat.util.IntrospectionUtils  : IntrospectionUtils: setProperty(class org.apache.tomcat.util.modeler.AttributeInfo description=Name of the webapp context)
2019-05-11 11:06:15.678 DEBUG 8956 --- [kground-preinit] o.apache.tomcat.util.digester.Digester   : [SetPropertiesRule]{mbeans-descriptors/mbean/attribute} Setting property 'type' to 'java.lang.String'
2019-05-11 11:06:15.678 DEBUG 8956 --- [kground-preinit] o.apache.tomcat.util.IntrospectionUtils  : IntrospectionUtils: setProperty(class org.apache.tomcat.util.modeler.AttributeInfo type=java.lang.String)
2019-05-11 11:06:15.678 DEBUG 8956 --- [kground-preinit] o.apache.tomcat.util.digester.Digester   : [SetPropertiesRule]{mbeans-descriptors/mbean/attribute} Setting property 'writeable' to 'false'
2019-05-11 11:06:15.678 DEBUG 8956 --- [kground-preinit] o.apache.tomcat.util.IntrospectionUtils  : IntrospectionUtils: setProperty(class org.apache.tomcat.util.modeler.AttributeInfo writeable=false)
2019-05-11 11:06:15.678 DEBUG 8956 --- [kground-preinit] o.apache.tomcat.util.digester.Digester   :   Fire begin() for SetNextRule[methodName=addAttribute, paramType=org.apache.tomcat.util.modeler.AttributeInfo]
2019-05-11 11:06:15.678 DEBUG 8956 --- [kground-preinit] o.a.tomcat.util.digester.Digester.sax    : endElement(,,attribute)
2019-05-11 11:06:15.678 DEBUG 8956 --- [kground-preinit] o.apache.tomcat.util.digester.Digester   :   match='mbeans-descriptors/mbean/attribute'
2019-05-11 11:06:15.678 DEBUG 8956 --- [kground-preinit] o.apache.tomcat.util.digester.Digester   :   bodyText=''
2019-05-11 11:06:15.678 DEBUG 8956 --- [kground-preinit] o.apache.tomcat.util.digester.Digester   :   Fire body() for ObjectCreateRule[className=org.apache.tomcat.util.modeler.AttributeInfo, attributeName=null]
2019-05-11 11:06:15.679 DEBUG 8956 --- [kground-preinit] o.apache.tomcat.util.digester.Digester   :   Fire body() for SetPropertiesRule[]
2019-05-11 11:06:15.679 DEBUG 8956 --- [kground-preinit] o.apache.tomcat.util.digester.Digester   :   Fire body() for SetNextRule[methodName=addAttribute, paramType=org.apache.tomcat.util.modeler.AttributeInfo]
2019-05-11 11:06:15.679 DEBUG 8956 --- [kground-preinit] o.apache.tomcat.util.digester.Digester   :   Fire end() for SetNextRule[methodName=addAttribute, paramType=org.apache.tomcat.util.modeler.AttributeInfo]
2019-05-11 11:06:15.679 DEBUG 8956 --- [kground-preinit] o.apache.tomcat.util.digester.Digester   : [SetNextRule]{mbeans-descriptors/mbean/attribute} Call org.apache.tomcat.util.modeler.ManagedBean.addAttribute(org.apache.tomcat.util.modeler.AttributeInfo@223d8f30)
2019-05-11 11:06:15.679 DEBUG 8956 --- [kground-preinit] o.apache.tomcat.util.IntrospectionUtils  : IntrospectionUtils: callMethod1 org.apache.tomcat.util.modeler.ManagedBean org.apache.tomcat.util.modeler.AttributeInfo org.apache.tomcat.util.modeler.AttributeInfo
2019-05-11 11:06:15.679 DEBUG 8956 --- [kground-preinit] o.apache.tomcat.util.digester.Digester   :   Fire end() for SetPropertiesRule[]
2019-05-11 11:06:15.679 DEBUG 8956 --- [kground-preinit] o.apache.tomcat.util.digester.Digester   :   Fire end() for ObjectCreateRule[className=org.apache.tomcat.util.modeler.AttributeInfo, attributeName=null]
2019-05-11 11:06:15.679 DEBUG 8956 --- [kground-preinit] o.apache.tomcat.util.digester.Digester   : [ObjectCreateRule]{mbeans-descriptors/mbean/attribute} Pop org.apache.tomcat.util.modeler.AttributeInfo
2019-05-11 11:06:15.679 DEBUG 8956 --- [kground-preinit] o.a.tomcat.util.digester.Digester.sax    : characters(

    )
2019-05-11 11:06:15.679 DEBUG 8956 --- [kground-preinit] o.a.tomcat.util.digester.Digester.sax    : startElement(,,attribute)
2019-05-11 11:06:15.680 DEBUG 8956 --- [kground-preinit] o.apache.tomcat.util.digester.Digester   :   New match='mbeans-descriptors/mbean/attribute'
2019-05-11 11:06:15.680 DEBUG 8956 --- [kground-preinit] o.apache.tomcat.util.digester.Digester   :   Fire begin() for ObjectCreateRule[className=org.apache.tomcat.util.modeler.AttributeInfo, attributeName=null]
2019-05-11 11:06:15.680 DEBUG 8956 --- [kground-preinit] o.apache.tomcat.util.digester.Digester   : [ObjectCreateRule]{mbeans-descriptors/mbean/attribute}New org.apache.tomcat.util.modeler.AttributeInfo
2019-05-11 11:06:15.680 DEBUG 8956 --- [kground-preinit] o.apache.tomcat.util.digester.Digester   :   Fire begin() for SetPropertiesRule[]
2019-05-11 11:06:15.680 DEBUG 8956 --- [kground-preinit] o.apache.tomcat.util.digester.Digester   : [SetPropertiesRule]{mbeans-descriptors/mbean/attribute} Set org.apache.tomcat.util.modeler.AttributeInfo properties
2019-05-11 11:06:15.680 DEBUG 8956 --- [kground-preinit] o.apache.tomcat.util.digester.Digester   : [SetPropertiesRule]{mbeans-descriptors/mbean/attribute} Setting property 'name' to 'delegate'
2019-05-11 11:06:15.681 DEBUG 8956 --- [kground-preinit] o.apache.tomcat.util.IntrospectionUtils  : IntrospectionUtils: setProperty(class org.apache.tomcat.util.modeler.AttributeInfo name=delegate)
2019-05-11 11:06:15.681 DEBUG 8956 --- [           main] o.s.b.f.s.DefaultListableBeanFactory     : Finished creating instance of bean 'com.reger.dubbo.config.DubboAutoConfiguration'
2019-05-11 11:06:15.681 DEBUG 8956 --- [kground-preinit] o.apache.tomcat.util.digester.Digester   : [SetPropertiesRule]{mbeans-descriptors/mbean/attribute} Setting property 'description' to 'The 'follow standard delegation model' flag that will be used to configure our ClassLoader'
2019-05-11 11:06:15.681 DEBUG 8956 --- [kground-preinit] o.apache.tomcat.util.IntrospectionUtils  : IntrospectionUtils: setProperty(class org.apache.tomcat.util.modeler.AttributeInfo description=The 'follow standard delegation model' flag that will be used to configure our ClassLoader)
2019-05-11 11:06:15.681 DEBUG 8956 --- [kground-preinit] o.apache.tomcat.util.digester.Digester   : [SetPropertiesRule]{mbeans-descriptors/mbean/attribute} Setting property 'type' to 'boolean'
2019-05-11 11:06:15.682 DEBUG 8956 --- [kground-preinit] o.apache.tomcat.util.IntrospectionUtils  : IntrospectionUtils: setProperty(class org.apache.tomcat.util.modeler.AttributeInfo type=boolean)
2019-05-11 11:06:15.682 DEBUG 8956 --- [kground-preinit] o.apache.tomcat.util.digester.Digester   :   Fire begin() for SetNextRule[methodName=addAttribute, paramType=org.apache.tomcat.util.modeler.AttributeInfo]
2019-05-11 11:06:15.682 DEBUG 8956 --- [kground-preinit] o.a.tomcat.util.digester.Digester.sax    : endElement(,,attribute)
2019-05-11 11:06:15.682 DEBUG 8956 --- [kground-preinit] o.apache.tomcat.util.digester.Digester   :   match='mbeans-descriptors/mbean/attribute'
2019-05-11 11:06:15.682 DEBUG 8956 --- [kground-preinit] o.apache.tomcat.util.digester.Digester   :   bodyText=''
2019-05-11 11:06:15.682 DEBUG 8956 --- [kground-preinit] o.apache.tomcat.util.digester.Digester   :   Fire body() for ObjectCreateRule[className=org.apache.tomcat.util.modeler.AttributeInfo, attributeName=null]
2019-05-11 11:06:15.682 DEBUG 8956 --- [kground-preinit] o.apache.tomcat.util.digester.Digester   :   Fire body() for SetPropertiesRule[]
2019-05-11 11:06:15.682 DEBUG 8956 --- [kground-preinit] o.apache.tomcat.util.digester.Digester   :   Fire body() for SetNextRule[methodName=addAttribute, paramType=org.apache.tomcat.util.modeler.AttributeInfo]
2019-05-11 11:06:15.682 DEBUG 8956 --- [kground-preinit] o.apache.tomcat.util.digester.Digester   :   Fire end() for SetNextRule[methodName=addAttribute, paramType=org.apache.tomcat.util.modeler.AttributeInfo]
2019-05-11 11:06:15.683 DEBUG 8956 --- [kground-preinit] o.apache.tomcat.util.digester.Digester   : [SetNextRule]{mbeans-descriptors/mbean/attribute} Call org.apache.tomcat.util.modeler.ManagedBean.addAttribute(org.apache.tomcat.util.modeler.AttributeInfo@2a28a406)
2019-05-11 11:06:15.683 DEBUG 8956 --- [kground-preinit] o.apache.tomcat.util.IntrospectionUtils  : IntrospectionUtils: callMethod1 org.apache.tomcat.util.modeler.ManagedBean org.apache.tomcat.util.modeler.AttributeInfo org.apache.tomcat.util.modeler.AttributeInfo
2019-05-11 11:06:15.683 DEBUG 8956 --- [kground-preinit] o.apache.tomcat.util.digester.Digester   :   Fire end() for SetPropertiesRule[]
2019-05-11 11:06:15.683 DEBUG 8956 --- [kground-preinit] o.apache.tomcat.util.digester.Digester   :   Fire end() for ObjectCreateRule[className=org.apache.tomcat.util.modeler.AttributeInfo, attributeName=null]
2019-05-11 11:06:15.683 DEBUG 8956 --- [kground-preinit] o.apache.tomcat.util.digester.Digester   : [ObjectCreateRule]{mbeans-descriptors/mbean/attribute} Pop org.apache.tomcat.util.modeler.AttributeInfo
2019-05-11 11:06:15.683 DEBUG 8956 --- [kground-preinit] o.a.tomcat.util.digester.Digester.sax    : characters(

    )
2019-05-11 11:06:15.684 DEBUG 8956 --- [kground-preinit] o.a.tomcat.util.digester.Digester.sax    : startElement(,,attribute)
2019-05-11 11:06:15.684 DEBUG 8956 --- [kground-preinit] o.apache.tomcat.util.digester.Digester   :   New match='mbeans-descriptors/mbean/attribute'
2019-05-11 11:06:15.684 DEBUG 8956 --- [kground-preinit] o.apache.tomcat.util.digester.Digester   :   Fire begin() for ObjectCreateRule[className=org.apache.tomcat.util.modeler.AttributeInfo, attributeName=null]
2019-05-11 11:06:15.684 DEBUG 8956 --- [kground-preinit] o.apache.tomcat.util.digester.Digester   : [ObjectCreateRule]{mbeans-descriptors/mbean/attribute}New org.apache.tomcat.util.modeler.AttributeInfo
2019-05-11 11:06:15.684 DEBUG 8956 --- [kground-preinit] o.apache.tomcat.util.digester.Digester   :   Fire begin() for SetPropertiesRule[]
2019-05-11 11:06:15.685 DEBUG 8956 --- [kground-preinit] o.apache.tomcat.util.digester.Digester   : [SetPropertiesRule]{mbeans-descriptors/mbean/attribute} Set org.apache.tomcat.util.modeler.AttributeInfo properties
2019-05-11 11:06:15.685 DEBUG 8956 --- [kground-preinit] o.apache.tomcat.util.digester.Digester   : [SetPropertiesRule]{mbeans-descriptors/mbean/attribute} Setting property 'name' to 'stateName'
2019-05-11 11:06:15.685 DEBUG 8956 --- [kground-preinit] o.apache.tomcat.util.IntrospectionUtils  : IntrospectionUtils: setProperty(class org.apache.tomcat.util.modeler.AttributeInfo name=stateName)
2019-05-11 11:06:15.685 DEBUG 8956 --- [kground-preinit] o.apache.tomcat.util.digester.Digester   : [SetPropertiesRule]{mbeans-descriptors/mbean/attribute} Setting property 'description' to 'The name of the LifecycleState that this component is currently in'
2019-05-11 11:06:15.685 DEBUG 8956 --- [kground-preinit] o.apache.tomcat.util.IntrospectionUtils  : IntrospectionUtils: setProperty(class org.apache.tomcat.util.modeler.AttributeInfo description=The name of the LifecycleState that this component is currently in)
2019-05-11 11:06:15.685 DEBUG 8956 --- [kground-preinit] o.apache.tomcat.util.digester.Digester   : [SetPropertiesRule]{mbeans-descriptors/mbean/attribute} Setting property 'type' to 'java.lang.String'
2019-05-11 11:06:15.686 DEBUG 8956 --- [kground-preinit] o.apache.tomcat.util.IntrospectionUtils  : IntrospectionUtils: setProperty(class org.apache.tomcat.util.modeler.AttributeInfo type=java.lang.String)
2019-05-11 11:06:15.686 DEBUG 8956 --- [kground-preinit] o.apache.tomcat.util.digester.Digester   : [SetPropertiesRule]{mbeans-descriptors/mbean/attribute} Setting property 'writeable' to 'false'
2019-05-11 11:06:15.686 DEBUG 8956 --- [kground-preinit] o.apache.tomcat.util.IntrospectionUtils  : IntrospectionUtils: setProperty(class org.apache.tomcat.util.modeler.AttributeInfo writeable=false)
2019-05-11 11:06:15.686 DEBUG 8956 --- [kground-preinit] o.apache.tomcat.util.digester.Digester   :   Fire begin() for SetNextRule[methodName=addAttribute, paramType=org.apache.tomcat.util.modeler.AttributeInfo]
2019-05-11 11:06:15.686 DEBUG 8956 --- [kground-preinit] o.a.tomcat.util.digester.Digester.sax    : endElement(,,attribute)
2019-05-11 11:06:15.686 DEBUG 8956 --- [kground-preinit] o.apache.tomcat.util.digester.Digester   :   match='mbeans-descriptors/mbean/attribute'
2019-05-11 11:06:15.686 DEBUG 8956 --- [kground-preinit] o.apache.tomcat.util.digester.Digester   :   bodyText=''
2019-05-11 11:06:15.686 DEBUG 8956 --- [kground-preinit] o.apache.tomcat.util.digester.Digester   :   Fire body() for ObjectCreateRule[className=org.apache.tomcat.util.modeler.AttributeInfo, attributeName=null]
2019-05-11 11:06:15.686 DEBUG 8956 --- [kground-preinit] o.apache.tomcat.util.digester.Digester   :   Fire body() for SetPropertiesRule[]
2019-05-11 11:06:15.686 DEBUG 8956 --- [kground-preinit] o.apache.tomcat.util.digester.Digester   :   Fire body() for SetNextRule[methodName=addAttribute, paramType=org.apache.tomcat.util.modeler.AttributeInfo]
2019-05-11 11:06:15.686 DEBUG 8956 --- [kground-preinit] o.apache.tomcat.util.digester.Digester   :   Fire end() for SetNextRule[methodName=addAttribute, paramType=org.apache.tomcat.util.modeler.AttributeInfo]
2019-05-11 11:06:15.686 DEBUG 8956 --- [kground-preinit] o.apache.tomcat.util.digester.Digester   : [SetNextRule]{mbeans-descriptors/mbean/attribute} Call org.apache.tomcat.util.modeler.ManagedBean.addAttribute(org.apache.tomcat.util.modeler.AttributeInfo@aeb1322)
2019-05-11 11:06:15.687 DEBUG 8956 --- [kground-preinit] o.apache.tomcat.util.IntrospectionUtils  : IntrospectionUtils: callMethod1 org.apache.tomcat.util.modeler.ManagedBean org.apache.tomcat.util.modeler.AttributeInfo org.apache.tomcat.util.modeler.AttributeInfo
2019-05-11 11:06:15.687 DEBUG 8956 --- [kground-preinit] o.apache.tomcat.util.digester.Digester   :   Fire end() for SetPropertiesRule[]
2019-05-11 11:06:15.687 DEBUG 8956 --- [kground-preinit] o.apache.tomcat.util.digester.Digester   :   Fire end() for ObjectCreateRule[className=org.apache.tomcat.util.modeler.AttributeInfo, attributeName=null]
2019-05-11 11:06:15.687 DEBUG 8956 --- [kground-preinit] o.apache.tomcat.util.digester.Digester   : [ObjectCreateRule]{mbeans-descriptors/mbean/attribute} Pop org.apache.tomcat.util.modeler.AttributeInfo
2019-05-11 11:06:15.688 DEBUG 8956 --- [kground-preinit] o.a.tomcat.util.digester.Digester.sax    : characters(

    )
2019-05-11 11:06:15.688 DEBUG 8956 --- [kground-preinit] o.a.tomcat.util.digester.Digester.sax    : startElement(,,attribute)
2019-05-11 11:06:15.688 DEBUG 8956 --- [kground-preinit] o.apache.tomcat.util.digester.Digester   :   New match='mbeans-descriptors/mbean/attribute'
2019-05-11 11:06:15.689 DEBUG 8956 --- [kground-preinit] o.apache.tomcat.util.digester.Digester   :   Fire begin() for ObjectCreateRule[className=org.apache.tomcat.util.modeler.AttributeInfo, attributeName=null]
2019-05-11 11:06:15.689 DEBUG 8956 --- [kground-preinit] o.apache.tomcat.util.digester.Digester   : [ObjectCreateRule]{mbeans-descriptors/mbean/attribute}New org.apache.tomcat.util.modeler.AttributeInfo
2019-05-11 11:06:15.689 DEBUG 8956 --- [kground-preinit] o.apache.tomcat.util.digester.Digester   :   Fire begin() for SetPropertiesRule[]
2019-05-11 11:06:15.689 DEBUG 8956 --- [kground-preinit] o.apache.tomcat.util.digester.Digester   : [SetPropertiesRule]{mbeans-descriptors/mbean/attribute} Set org.apache.tomcat.util.modeler.AttributeInfo properties
2019-05-11 11:06:15.689 DEBUG 8956 --- [kground-preinit] o.apache.tomcat.util.digester.Digester   : [SetPropertiesRule]{mbeans-descriptors/mbean/attribute} Setting property 'name' to 'URLs'
2019-05-11 11:06:15.690 DEBUG 8956 --- [kground-preinit] o.apache.tomcat.util.IntrospectionUtils  : IntrospectionUtils: setProperty(class org.apache.tomcat.util.modeler.AttributeInfo name=URLs)
2019-05-11 11:06:15.690 DEBUG 8956 --- [kground-preinit] o.apache.tomcat.util.digester.Digester   : [SetPropertiesRule]{mbeans-descriptors/mbean/attribute} Setting property 'description' to 'The URLs of this loader'
2019-05-11 11:06:15.690 DEBUG 8956 --- [kground-preinit] o.apache.tomcat.util.IntrospectionUtils  : IntrospectionUtils: setProperty(class org.apache.tomcat.util.modeler.AttributeInfo description=The URLs of this loader)
2019-05-11 11:06:15.690 DEBUG 8956 --- [kground-preinit] o.apache.tomcat.util.digester.Digester   : [SetPropertiesRule]{mbeans-descriptors/mbean/attribute} Setting property 'type' to '[Ljava.net.URL;'
2019-05-11 11:06:15.690 DEBUG 8956 --- [kground-preinit] o.apache.tomcat.util.IntrospectionUtils  : IntrospectionUtils: setProperty(class org.apache.tomcat.util.modeler.AttributeInfo type=[Ljava.net.URL;)
2019-05-11 11:06:15.690 DEBUG 8956 --- [kground-preinit] o.apache.tomcat.util.digester.Digester   :   Fire begin() for SetNextRule[methodName=addAttribute, paramType=org.apache.tomcat.util.modeler.AttributeInfo]
2019-05-11 11:06:15.690 DEBUG 8956 --- [kground-preinit] o.a.tomcat.util.digester.Digester.sax    : endElement(,,attribute)
2019-05-11 11:06:15.691 DEBUG 8956 --- [kground-preinit] o.apache.tomcat.util.digester.Digester   :   match='mbeans-descriptors/mbean/attribute'
2019-05-11 11:06:15.691 DEBUG 8956 --- [kground-preinit] o.apache.tomcat.util.digester.Digester   :   bodyText=''
2019-05-11 11:06:15.692 DEBUG 8956 --- [kground-preinit] o.apache.tomcat.util.digester.Digester   :   Fire body() for ObjectCreateRule[className=org.apache.tomcat.util.modeler.AttributeInfo, attributeName=null]
2019-05-11 11:06:15.692 DEBUG 8956 --- [kground-preinit] o.apache.tomcat.util.digester.Digester   :   Fire body() for SetPropertiesRule[]
2019-05-11 11:06:15.692 DEBUG 8956 --- [kground-preinit] o.apache.tomcat.util.digester.Digester   :   Fire body() for SetNextRule[methodName=addAttribute, paramType=org.apache.tomcat.util.modeler.AttributeInfo]
2019-05-11 11:06:15.692 DEBUG 8956 --- [kground-preinit] o.apache.tomcat.util.digester.Digester   :   Fire end() for SetNextRule[methodName=addAttribute, paramType=org.apache.tomcat.util.modeler.AttributeInfo]
2019-05-11 11:06:15.692 DEBUG 8956 --- [kground-preinit] o.apache.tomcat.util.digester.Digester   : [SetNextRule]{mbeans-descriptors/mbean/attribute} Call org.apache.tomcat.util.modeler.ManagedBean.addAttribute(org.apache.tomcat.util.modeler.AttributeInfo@511a538)
2019-05-11 11:06:15.692 DEBUG 8956 --- [kground-preinit] o.apache.tomcat.util.IntrospectionUtils  : IntrospectionUtils: callMethod1 org.apache.tomcat.util.modeler.ManagedBean org.apache.tomcat.util.modeler.AttributeInfo org.apache.tomcat.util.modeler.AttributeInfo
2019-05-11 11:06:15.693 DEBUG 8956 --- [kground-preinit] o.apache.tomcat.util.digester.Digester   :   Fire end() for SetPropertiesRule[]
2019-05-11 11:06:15.693 DEBUG 8956 --- [kground-preinit] o.apache.tomcat.util.digester.Digester   :   Fire end() for ObjectCreateRule[className=org.apache.tomcat.util.modeler.AttributeInfo, attributeName=null]
2019-05-11 11:06:15.693 DEBUG 8956 --- [kground-preinit] o.apache.tomcat.util.digester.Digester   : [ObjectCreateRule]{mbeans-descriptors/mbean/attribute} Pop org.apache.tomcat.util.modeler.AttributeInfo
2019-05-11 11:06:15.693 DEBUG 8956 --- [kground-preinit] o.a.tomcat.util.digester.Digester.sax    : characters(

  )
2019-05-11 11:06:15.693 DEBUG 8956 --- [kground-preinit] o.a.tomcat.util.digester.Digester.sax    : endElement(,,mbean)
2019-05-11 11:06:15.693 DEBUG 8956 --- [kground-preinit] o.apache.tomcat.util.digester.Digester   :   match='mbeans-descriptors/mbean'
2019-05-11 11:06:15.693 DEBUG 8956 --- [kground-preinit] o.apache.tomcat.util.digester.Digester   :   bodyText='

    

    

    

    

    

  '
2019-05-11 11:06:15.693 DEBUG 8956 --- [kground-preinit] o.apache.tomcat.util.digester.Digester   :   Fire body() for ObjectCreateRule[className=org.apache.tomcat.util.modeler.ManagedBean, attributeName=null]
2019-05-11 11:06:15.694 DEBUG 8956 --- [kground-preinit] o.apache.tomcat.util.digester.Digester   :   Fire body() for SetPropertiesRule[]
2019-05-11 11:06:15.694 DEBUG 8956 --- [kground-preinit] o.apache.tomcat.util.digester.Digester   :   Fire body() for SetNextRule[methodName=add, paramType=java.lang.Object]
2019-05-11 11:06:15.694 DEBUG 8956 --- [kground-preinit] o.apache.tomcat.util.digester.Digester   :   Fire end() for SetNextRule[methodName=add, paramType=java.lang.Object]
2019-05-11 11:06:15.694 DEBUG 8956 --- [kground-preinit] o.apache.tomcat.util.digester.Digester   : [SetNextRule]{mbeans-descriptors/mbean} Call java.util.ArrayList.add(ManagedBean[name=ParallelWebappClassLoader, className=org.apache.tomcat.util.modeler.BaseModelMBean, description=Classloader implementation which is specialized for handling web applications and is capable of loading classes in parallel, group=Loader, type=org.apache.catalina.loader.ParallelWebappClassLoader])
2019-05-11 11:06:15.694 DEBUG 8956 --- [kground-preinit] o.apache.tomcat.util.IntrospectionUtils  : IntrospectionUtils: callMethod1 java.util.ArrayList org.apache.tomcat.util.modeler.ManagedBean java.lang.Object
2019-05-11 11:06:15.694 DEBUG 8956 --- [kground-preinit] o.apache.tomcat.util.digester.Digester   :   Fire end() for SetPropertiesRule[]
2019-05-11 11:06:15.694 DEBUG 8956 --- [kground-preinit] o.apache.tomcat.util.digester.Digester   :   Fire end() for ObjectCreateRule[className=org.apache.tomcat.util.modeler.ManagedBean, attributeName=null]
2019-05-11 11:06:15.694 DEBUG 8956 --- [kground-preinit] o.apache.tomcat.util.digester.Digester   : [ObjectCreateRule]{mbeans-descriptors/mbean} Pop org.apache.tomcat.util.modeler.ManagedBean
2019-05-11 11:06:15.694 DEBUG 8956 --- [kground-preinit] o.a.tomcat.util.digester.Digester.sax    : characters(
)
2019-05-11 11:06:15.694 DEBUG 8956 --- [kground-preinit] o.a.tomcat.util.digester.Digester.sax    : endElement(,,mbeans-descriptors)
2019-05-11 11:06:15.694 DEBUG 8956 --- [kground-preinit] o.apache.tomcat.util.digester.Digester   :   match='mbeans-descriptors'
2019-05-11 11:06:15.694 DEBUG 8956 --- [kground-preinit] o.apache.tomcat.util.digester.Digester   :   bodyText='

  


  


  
'
2019-05-11 11:06:15.694 DEBUG 8956 --- [kground-preinit] o.apache.tomcat.util.digester.Digester   :   No rules found matching 'mbeans-descriptors'.
2019-05-11 11:06:15.694 DEBUG 8956 --- [kground-preinit] o.a.tomcat.util.digester.Digester.sax    : endDocument()
2019-05-11 11:06:15.695 DEBUG 8956 --- [kground-preinit] org.apache.tomcat.util.modeler.Registry  : Found jar:file:/F:/Repositories/Maven/org/apache/tomcat/embed/tomcat-embed-core/8.5.27/tomcat-embed-core-8.5.27.jar!/org/apache/catalina/realm/mbeans-descriptors.xml
2019-05-11 11:06:15.696 DEBUG 8956 --- [kground-preinit] o.a.tomcat.util.digester.Digester.sax    : setDocumentLocator(org.apache.xerces.parsers.AbstractSAXParser$LocatorProxy@76dc0eea)
2019-05-11 11:06:15.696 DEBUG 8956 --- [kground-preinit] o.a.tomcat.util.digester.Digester.sax    : startDocument()
2019-05-11 11:06:15.698 DEBUG 8956 --- [kground-preinit] o.a.tomcat.util.digester.Digester.sax    : startElement(,,mbeans-descriptors)
2019-05-11 11:06:15.698 DEBUG 8956 --- [kground-preinit] o.apache.tomcat.util.digester.Digester   :   New match='mbeans-descriptors'
2019-05-11 11:06:15.698 DEBUG 8956 --- [kground-preinit] o.apache.tomcat.util.digester.Digester   :   No rules found matching 'mbeans-descriptors'.
2019-05-11 11:06:15.698 DEBUG 8956 --- [kground-preinit] o.a.tomcat.util.digester.Digester.sax    : characters(

  )
2019-05-11 11:06:15.699 DEBUG 8956 --- [kground-preinit] o.a.tomcat.util.digester.Digester.sax    : startElement(,,mbean)
2019-05-11 11:06:15.699 DEBUG 8956 --- [kground-preinit] o.apache.tomcat.util.digester.Digester   :   New match='mbeans-descriptors/mbean'
2019-05-11 11:06:15.699 DEBUG 8956 --- [kground-preinit] o.apache.tomcat.util.digester.Digester   :   Fire begin() for ObjectCreateRule[className=org.apache.tomcat.util.modeler.ManagedBean, attributeName=null]
2019-05-11 11:06:15.699 DEBUG 8956 --- [kground-preinit] o.apache.tomcat.util.digester.Digester   : [ObjectCreateRule]{mbeans-descriptors/mbean}New org.apache.tomcat.util.modeler.ManagedBean
2019-05-11 11:06:15.699 DEBUG 8956 --- [kground-preinit] o.apache.tomcat.util.digester.Digester   :   Fire begin() for SetPropertiesRule[]
2019-05-11 11:06:15.700 DEBUG 8956 --- [kground-preinit] o.apache.tomcat.util.digester.Digester   : [SetPropertiesRule]{mbeans-descriptors/mbean} Set org.apache.tomcat.util.modeler.ManagedBean properties
2019-05-11 11:06:15.700 DEBUG 8956 --- [kground-preinit] o.apache.tomcat.util.digester.Digester   : [SetPropertiesRule]{mbeans-descriptors/mbean} Setting property 'name' to 'DataSourceRealm'
2019-05-11 11:06:15.700 DEBUG 8956 --- [kground-preinit] o.apache.tomcat.util.IntrospectionUtils  : IntrospectionUtils: setProperty(class org.apache.tomcat.util.modeler.ManagedBean name=DataSourceRealm)
2019-05-11 11:06:15.700 DEBUG 8956 --- [kground-preinit] o.apache.tomcat.util.digester.Digester   : [SetPropertiesRule]{mbeans-descriptors/mbean} Setting property 'className' to 'org.apache.catalina.mbeans.ClassNameMBean'
2019-05-11 11:06:15.701 DEBUG 8956 --- [kground-preinit] o.apache.tomcat.util.IntrospectionUtils  : IntrospectionUtils: setProperty(class org.apache.tomcat.util.modeler.ManagedBean className=org.apache.catalina.mbeans.ClassNameMBean)
2019-05-11 11:06:15.702 DEBUG 8956 --- [kground-preinit] o.apache.tomcat.util.digester.Digester   : [SetPropertiesRule]{mbeans-descriptors/mbean} Setting property 'description' to 'Implementation of Realm that works with any JNDI configured DataSource'
2019-05-11 11:06:15.702 DEBUG 8956 --- [kground-preinit] o.apache.tomcat.util.IntrospectionUtils  : IntrospectionUtils: setProperty(class org.apache.tomcat.util.modeler.ManagedBean description=Implementation of Realm that works with any JNDI configured DataSource)
2019-05-11 11:06:15.702 DEBUG 8956 --- [kground-preinit] o.apache.tomcat.util.digester.Digester   : [SetPropertiesRule]{mbeans-descriptors/mbean} Setting property 'domain' to 'Catalina'
2019-05-11 11:06:15.702 DEBUG 8956 --- [kground-preinit] o.apache.tomcat.util.IntrospectionUtils  : IntrospectionUtils: setProperty(class org.apache.tomcat.util.modeler.ManagedBean domain=Catalina)
2019-05-11 11:06:15.703 DEBUG 8956 --- [kground-preinit] o.apache.tomcat.util.digester.Digester   : [SetPropertiesRule]{mbeans-descriptors/mbean} Setting property 'group' to 'Realm'
2019-05-11 11:06:15.703 DEBUG 8956 --- [kground-preinit] o.apache.tomcat.util.IntrospectionUtils  : IntrospectionUtils: setProperty(class org.apache.tomcat.util.modeler.ManagedBean group=Realm)
2019-05-11 11:06:15.703 DEBUG 8956 --- [kground-preinit] o.apache.tomcat.util.digester.Digester   : [SetPropertiesRule]{mbeans-descriptors/mbean} Setting property 'type' to 'org.apache.catalina.realm.DataSourceRealm'
2019-05-11 11:06:15.703 DEBUG 8956 --- [kground-preinit] o.apache.tomcat.util.IntrospectionUtils  : IntrospectionUtils: setProperty(class org.apache.tomcat.util.modeler.ManagedBean type=org.apache.catalina.realm.DataSourceRealm)
2019-05-11 11:06:15.703 DEBUG 8956 --- [kground-preinit] o.apache.tomcat.util.digester.Digester   :   Fire begin() for SetNextRule[methodName=add, paramType=java.lang.Object]
2019-05-11 11:06:15.703 DEBUG 8956 --- [kground-preinit] o.a.tomcat.util.digester.Digester.sax    : characters(

    )
2019-05-11 11:06:15.704 DEBUG 8956 --- [kground-preinit] o.a.tomcat.util.digester.Digester.sax    : startElement(,,attribute)
2019-05-11 11:06:15.704 DEBUG 8956 --- [kground-preinit] o.apache.tomcat.util.digester.Digester   :   New match='mbeans-descriptors/mbean/attribute'
2019-05-11 11:06:15.705 DEBUG 8956 --- [kground-preinit] o.apache.tomcat.util.digester.Digester   :   Fire begin() for ObjectCreateRule[className=org.apache.tomcat.util.modeler.AttributeInfo, attributeName=null]
2019-05-11 11:06:15.706 DEBUG 8956 --- [kground-preinit] o.apache.tomcat.util.digester.Digester   : [ObjectCreateRule]{mbeans-descriptors/mbean/attribute}New org.apache.tomcat.util.modeler.AttributeInfo
2019-05-11 11:06:15.706 DEBUG 8956 --- [kground-preinit] o.apache.tomcat.util.digester.Digester   :   Fire begin() for SetPropertiesRule[]
2019-05-11 11:06:15.706 DEBUG 8956 --- [kground-preinit] o.apache.tomcat.util.digester.Digester   : [SetPropertiesRule]{mbeans-descriptors/mbean/attribute} Set org.apache.tomcat.util.modeler.AttributeInfo properties
2019-05-11 11:06:15.706 DEBUG 8956 --- [kground-preinit] o.apache.tomcat.util.digester.Digester   : [SetPropertiesRule]{mbeans-descriptors/mbean/attribute} Setting property 'name' to 'allRolesMode'
2019-05-11 11:06:15.706 DEBUG 8956 --- [kground-preinit] o.apache.tomcat.util.IntrospectionUtils  : IntrospectionUtils: setProperty(class org.apache.tomcat.util.modeler.AttributeInfo name=allRolesMode)
2019-05-11 11:06:15.707 DEBUG 8956 --- [kground-preinit] o.apache.tomcat.util.digester.Digester   : [SetPropertiesRule]{mbeans-descriptors/mbean/attribute} Setting property 'description' to 'The all roles mode.'
2019-05-11 11:06:15.707 DEBUG 8956 --- [kground-preinit] o.apache.tomcat.util.IntrospectionUtils  : IntrospectionUtils: setProperty(class org.apache.tomcat.util.modeler.AttributeInfo description=The all roles mode.)
2019-05-11 11:06:15.707 DEBUG 8956 --- [kground-preinit] o.apache.tomcat.util.digester.Digester   : [SetPropertiesRule]{mbeans-descriptors/mbean/attribute} Setting property 'type' to 'java.lang.String'
2019-05-11 11:06:15.707 DEBUG 8956 --- [kground-preinit] o.apache.tomcat.util.IntrospectionUtils  : IntrospectionUtils: setProperty(class org.apache.tomcat.util.modeler.AttributeInfo type=java.lang.String)
2019-05-11 11:06:15.707 DEBUG 8956 --- [kground-preinit] o.apache.tomcat.util.digester.Digester   :   Fire begin() for SetNextRule[methodName=addAttribute, paramType=org.apache.tomcat.util.modeler.AttributeInfo]
2019-05-11 11:06:15.708 DEBUG 8956 --- [           main] o.s.c.e.PropertySourcesPropertyResolver  : Found key 'spring.dubbo.registry.address' in PropertySource 'applicationConfig: [classpath:/application.properties]' with value of type String
2019-05-11 11:06:15.708 DEBUG 8956 --- [kground-preinit] o.a.tomcat.util.digester.Digester.sax    : endElement(,,attribute)
2019-05-11 11:06:15.708 DEBUG 8956 --- [kground-preinit] o.apache.tomcat.util.digester.Digester   :   match='mbeans-descriptors/mbean/attribute'
2019-05-11 11:06:15.708 DEBUG 8956 --- [kground-preinit] o.apache.tomcat.util.digester.Digester   :   bodyText=''
2019-05-11 11:06:15.708 DEBUG 8956 --- [kground-preinit] o.apache.tomcat.util.digester.Digester   :   Fire body() for ObjectCreateRule[className=org.apache.tomcat.util.modeler.AttributeInfo, attributeName=null]
2019-05-11 11:06:15.708 DEBUG 8956 --- [kground-preinit] o.apache.tomcat.util.digester.Digester   :   Fire body() for SetPropertiesRule[]
2019-05-11 11:06:15.709 DEBUG 8956 --- [kground-preinit] o.apache.tomcat.util.digester.Digester   :   Fire body() for SetNextRule[methodName=addAttribute, paramType=org.apache.tomcat.util.modeler.AttributeInfo]
2019-05-11 11:06:15.709 DEBUG 8956 --- [           main] o.s.c.e.PropertySourcesPropertyResolver  : Found key 'spring.dubbo.registry.protocol' in PropertySource 'applicationConfig: [classpath:/application.properties]' with value of type String
2019-05-11 11:06:15.709 DEBUG 8956 --- [kground-preinit] o.apache.tomcat.util.digester.Digester   :   Fire end() for SetNextRule[methodName=addAttribute, paramType=org.apache.tomcat.util.modeler.AttributeInfo]
2019-05-11 11:06:15.709 DEBUG 8956 --- [kground-preinit] o.apache.tomcat.util.digester.Digester   : [SetNextRule]{mbeans-descriptors/mbean/attribute} Call org.apache.tomcat.util.modeler.ManagedBean.addAttribute(org.apache.tomcat.util.modeler.AttributeInfo@7eec5d6c)
2019-05-11 11:06:15.709 DEBUG 8956 --- [kground-preinit] o.apache.tomcat.util.IntrospectionUtils  : IntrospectionUtils: callMethod1 org.apache.tomcat.util.modeler.ManagedBean org.apache.tomcat.util.modeler.AttributeInfo org.apache.tomcat.util.modeler.AttributeInfo
2019-05-11 11:06:15.709 DEBUG 8956 --- [kground-preinit] o.apache.tomcat.util.digester.Digester   :   Fire end() for SetPropertiesRule[]
2019-05-11 11:06:15.710 DEBUG 8956 --- [kground-preinit] o.apache.tomcat.util.digester.Digester   :   Fire end() for ObjectCreateRule[className=org.apache.tomcat.util.modeler.AttributeInfo, attributeName=null]
2019-05-11 11:06:15.710 DEBUG 8956 --- [kground-preinit] o.apache.tomcat.util.digester.Digester   : [ObjectCreateRule]{mbeans-descriptors/mbean/attribute} Pop org.apache.tomcat.util.modeler.AttributeInfo
2019-05-11 11:06:15.710 DEBUG 8956 --- [kground-preinit] o.a.tomcat.util.digester.Digester.sax    : characters(

    )
2019-05-11 11:06:15.710 DEBUG 8956 --- [kground-preinit] o.a.tomcat.util.digester.Digester.sax    : startElement(,,attribute)
2019-05-11 11:06:15.710 DEBUG 8956 --- [kground-preinit] o.apache.tomcat.util.digester.Digester   :   New match='mbeans-descriptors/mbean/attribute'
2019-05-11 11:06:15.711 DEBUG 8956 --- [kground-preinit] o.apache.tomcat.util.digester.Digester   :   Fire begin() for ObjectCreateRule[className=org.apache.tomcat.util.modeler.AttributeInfo, attributeName=null]
2019-05-11 11:06:15.711 DEBUG 8956 --- [kground-preinit] o.apache.tomcat.util.digester.Digester   : [ObjectCreateRule]{mbeans-descriptors/mbean/attribute}New org.apache.tomcat.util.modeler.AttributeInfo
2019-05-11 11:06:15.711 DEBUG 8956 --- [kground-preinit] o.apache.tomcat.util.digester.Digester   :   Fire begin() for SetPropertiesRule[]
2019-05-11 11:06:15.711 DEBUG 8956 --- [kground-preinit] o.apache.tomcat.util.digester.Digester   : [SetPropertiesRule]{mbeans-descriptors/mbean/attribute} Set org.apache.tomcat.util.modeler.AttributeInfo properties
2019-05-11 11:06:15.712 DEBUG 8956 --- [kground-preinit] o.apache.tomcat.util.digester.Digester   : [SetPropertiesRule]{mbeans-descriptors/mbean/attribute} Setting property 'name' to 'className'
2019-05-11 11:06:15.713 DEBUG 8956 --- [           main] o.s.c.e.PropertySourcesPropertyResolver  : Found key 'spring.dubbo.consumer.check' in PropertySource 'applicationConfig: [classpath:/application.properties]' with value of type String
2019-05-11 11:06:15.713 DEBUG 8956 --- [kground-preinit] o.apache.tomcat.util.IntrospectionUtils  : IntrospectionUtils: setProperty(class org.apache.tomcat.util.modeler.AttributeInfo name=className)
2019-05-11 11:06:15.714 DEBUG 8956 --- [           main] o.s.c.e.PropertySourcesPropertyResolver  : Found key 'spring.dubbo.protocol.name' in PropertySource 'applicationConfig: [classpath:/application.properties]' with value of type String
2019-05-11 11:06:15.716 DEBUG 8956 --- [           main] o.s.c.e.PropertySourcesPropertyResolver  : Found key 'spring.dubbo.consumer.timeout' in PropertySource 'applicationConfig: [classpath:/application.properties]' with value of type String
2019-05-11 11:06:15.721 DEBUG 8956 --- [           main] o.s.c.e.PropertySourcesPropertyResolver  : Found key 'spring.dubbo.application.name' in PropertySource 'applicationConfig: [classpath:/application.properties]' with value of type String
2019-05-11 11:06:15.721 DEBUG 8956 --- [           main] o.s.c.e.PropertySourcesPropertyResolver  : Found key 'spring.dubbo.base-package' in PropertySource 'applicationConfig: [classpath:/application.properties]' with value of type String
2019-05-11 11:06:15.736 DEBUG 8956 --- [kground-preinit] o.apache.tomcat.util.digester.Digester   : [SetPropertiesRule]{mbeans-descriptors/mbean/attribute} Setting property 'description' to 'Fully qualified class name of the managed object'
2019-05-11 11:06:15.736 DEBUG 8956 --- [kground-preinit] o.apache.tomcat.util.IntrospectionUtils  : IntrospectionUtils: setProperty(class org.apache.tomcat.util.modeler.AttributeInfo description=Fully qualified class name of the managed object)
2019-05-11 11:06:15.737 DEBUG 8956 --- [kground-preinit] o.apache.tomcat.util.digester.Digester   : [SetPropertiesRule]{mbeans-descriptors/mbean/attribute} Setting property 'type' to 'java.lang.String'
2019-05-11 11:06:15.740 DEBUG 8956 --- [kground-preinit] o.apache.tomcat.util.IntrospectionUtils  : IntrospectionUtils: setProperty(class org.apache.tomcat.util.modeler.AttributeInfo type=java.lang.String)
2019-05-11 11:06:15.740 DEBUG 8956 --- [kground-preinit] o.apache.tomcat.util.digester.Digester   : [SetPropertiesRule]{mbeans-descriptors/mbean/attribute} Setting property 'writeable' to 'false'
2019-05-11 11:06:15.740 DEBUG 8956 --- [kground-preinit] o.apache.tomcat.util.IntrospectionUtils  : IntrospectionUtils: setProperty(class org.apache.tomcat.util.modeler.AttributeInfo writeable=false)
2019-05-11 11:06:15.740 DEBUG 8956 --- [kground-preinit] o.apache.tomcat.util.digester.Digester   :   Fire begin() for SetNextRule[methodName=addAttribute, paramType=org.apache.tomcat.util.modeler.AttributeInfo]
2019-05-11 11:06:15.741 DEBUG 8956 --- [kground-preinit] o.a.tomcat.util.digester.Digester.sax    : endElement(,,attribute)
2019-05-11 11:06:15.741 DEBUG 8956 --- [kground-preinit] o.apache.tomcat.util.digester.Digester   :   match='mbeans-descriptors/mbean/attribute'
2019-05-11 11:06:15.741 DEBUG 8956 --- [kground-preinit] o.apache.tomcat.util.digester.Digester   :   bodyText=''
2019-05-11 11:06:15.741 DEBUG 8956 --- [kground-preinit] o.apache.tomcat.util.digester.Digester   :   Fire body() for ObjectCreateRule[className=org.apache.tomcat.util.modeler.AttributeInfo, attributeName=null]
2019-05-11 11:06:15.741 DEBUG 8956 --- [kground-preinit] o.apache.tomcat.util.digester.Digester   :   Fire body() for SetPropertiesRule[]
2019-05-11 11:06:15.741 DEBUG 8956 --- [kground-preinit] o.apache.tomcat.util.digester.Digester   :   Fire body() for SetNextRule[methodName=addAttribute, paramType=org.apache.tomcat.util.modeler.AttributeInfo]
2019-05-11 11:06:15.742 DEBUG 8956 --- [kground-preinit] o.apache.tomcat.util.digester.Digester   :   Fire end() for SetNextRule[methodName=addAttribute, paramType=org.apache.tomcat.util.modeler.AttributeInfo]
2019-05-11 11:06:15.742 DEBUG 8956 --- [kground-preinit] o.apache.tomcat.util.digester.Digester   : [SetNextRule]{mbeans-descriptors/mbean/attribute} Call org.apache.tomcat.util.modeler.ManagedBean.addAttribute(org.apache.tomcat.util.modeler.AttributeInfo@6a166ac2)
2019-05-11 11:06:15.742 DEBUG 8956 --- [kground-preinit] o.apache.tomcat.util.IntrospectionUtils  : IntrospectionUtils: callMethod1 org.apache.tomcat.util.modeler.ManagedBean org.apache.tomcat.util.modeler.AttributeInfo org.apache.tomcat.util.modeler.AttributeInfo
2019-05-11 11:06:15.742 DEBUG 8956 --- [kground-preinit] o.apache.tomcat.util.digester.Digester   :   Fire end() for SetPropertiesRule[]
2019-05-11 11:06:15.742 DEBUG 8956 --- [kground-preinit] o.apache.tomcat.util.digester.Digester   :   Fire end() for ObjectCreateRule[className=org.apache.tomcat.util.modeler.AttributeInfo, attributeName=null]
2019-05-11 11:06:15.742 DEBUG 8956 --- [kground-preinit] o.apache.tomcat.util.digester.Digester   : [ObjectCreateRule]{mbeans-descriptors/mbean/attribute} Pop org.apache.tomcat.util.modeler.AttributeInfo
2019-05-11 11:06:15.743 DEBUG 8956 --- [kground-preinit] o.a.tomcat.util.digester.Digester.sax    : characters(

    )
2019-05-11 11:06:15.743 DEBUG 8956 --- [kground-preinit] o.a.tomcat.util.digester.Digester.sax    : startElement(,,attribute)
2019-05-11 11:06:15.743 DEBUG 8956 --- [kground-preinit] o.apache.tomcat.util.digester.Digester   :   New match='mbeans-descriptors/mbean/attribute'
2019-05-11 11:06:15.743 DEBUG 8956 --- [kground-preinit] o.apache.tomcat.util.digester.Digester   :   Fire begin() for ObjectCreateRule[className=org.apache.tomcat.util.modeler.AttributeInfo, attributeName=null]
2019-05-11 11:06:15.743 DEBUG 8956 --- [kground-preinit] o.apache.tomcat.util.digester.Digester   : [ObjectCreateRule]{mbeans-descriptors/mbean/attribute}New org.apache.tomcat.util.modeler.AttributeInfo
2019-05-11 11:06:15.743 DEBUG 8956 --- [kground-preinit] o.apache.tomcat.util.digester.Digester   :   Fire begin() for SetPropertiesRule[]
2019-05-11 11:06:15.744 DEBUG 8956 --- [kground-preinit] o.apache.tomcat.util.digester.Digester   : [SetPropertiesRule]{mbeans-descriptors/mbean/attribute} Set org.apache.tomcat.util.modeler.AttributeInfo properties
2019-05-11 11:06:15.744 DEBUG 8956 --- [kground-preinit] o.apache.tomcat.util.digester.Digester   : [SetPropertiesRule]{mbeans-descriptors/mbean/attribute} Setting property 'name' to 'dataSourceName'
2019-05-11 11:06:15.744 DEBUG 8956 --- [kground-preinit] o.apache.tomcat.util.IntrospectionUtils  : IntrospectionUtils: setProperty(class org.apache.tomcat.util.modeler.AttributeInfo name=dataSourceName)
2019-05-11 11:06:15.744 DEBUG 8956 --- [kground-preinit] o.apache.tomcat.util.digester.Digester   : [SetPropertiesRule]{mbeans-descriptors/mbean/attribute} Setting property 'description' to 'The JNDI named JDBC DataSource for your database'
2019-05-11 11:06:15.745 DEBUG 8956 --- [kground-preinit] o.apache.tomcat.util.IntrospectionUtils  : IntrospectionUtils: setProperty(class org.apache.tomcat.util.modeler.AttributeInfo description=The JNDI named JDBC DataSource for your database)
2019-05-11 11:06:15.745 DEBUG 8956 --- [kground-preinit] o.apache.tomcat.util.digester.Digester   : [SetPropertiesRule]{mbeans-descriptors/mbean/attribute} Setting property 'type' to 'java.lang.String'
2019-05-11 11:06:15.745 DEBUG 8956 --- [kground-preinit] o.apache.tomcat.util.IntrospectionUtils  : IntrospectionUtils: setProperty(class org.apache.tomcat.util.modeler.AttributeInfo type=java.lang.String)
2019-05-11 11:06:15.745 DEBUG 8956 --- [kground-preinit] o.apache.tomcat.util.digester.Digester   :   Fire begin() for SetNextRule[methodName=addAttribute, paramType=org.apache.tomcat.util.modeler.AttributeInfo]
2019-05-11 11:06:15.745 DEBUG 8956 --- [kground-preinit] o.a.tomcat.util.digester.Digester.sax    : endElement(,,attribute)
2019-05-11 11:06:15.745 DEBUG 8956 --- [kground-preinit] o.apache.tomcat.util.digester.Digester   :   match='mbeans-descriptors/mbean/attribute'
2019-05-11 11:06:15.745 DEBUG 8956 --- [kground-preinit] o.apache.tomcat.util.digester.Digester   :   bodyText=''
2019-05-11 11:06:15.745 DEBUG 8956 --- [kground-preinit] o.apache.tomcat.util.digester.Digester   :   Fire body() for ObjectCreateRule[className=org.apache.tomcat.util.modeler.AttributeInfo, attributeName=null]
2019-05-11 11:06:15.746 DEBUG 8956 --- [kground-preinit] o.apache.tomcat.util.digester.Digester   :   Fire body() for SetPropertiesRule[]
2019-05-11 11:06:15.746 DEBUG 8956 --- [kground-preinit] o.apache.tomcat.util.digester.Digester   :   Fire body() for SetNextRule[methodName=addAttribute, paramType=org.apache.tomcat.util.modeler.AttributeInfo]
2019-05-11 11:06:15.746 DEBUG 8956 --- [kground-preinit] o.apache.tomcat.util.digester.Digester   :   Fire end() for SetNextRule[methodName=addAttribute, paramType=org.apache.tomcat.util.modeler.AttributeInfo]
2019-05-11 11:06:15.746 DEBUG 8956 --- [kground-preinit] o.apache.tomcat.util.digester.Digester   : [SetNextRule]{mbeans-descriptors/mbean/attribute} Call org.apache.tomcat.util.modeler.ManagedBean.addAttribute(org.apache.tomcat.util.modeler.AttributeInfo@2df79a0f)
2019-05-11 11:06:15.746 DEBUG 8956 --- [kground-preinit] o.apache.tomcat.util.IntrospectionUtils  : IntrospectionUtils: callMethod1 org.apache.tomcat.util.modeler.ManagedBean org.apache.tomcat.util.modeler.AttributeInfo org.apache.tomcat.util.modeler.AttributeInfo
2019-05-11 11:06:15.746 DEBUG 8956 --- [kground-preinit] o.apache.tomcat.util.digester.Digester   :   Fire end() for SetPropertiesRule[]
2019-05-11 11:06:15.746 DEBUG 8956 --- [kground-preinit] o.apache.tomcat.util.digester.Digester   :   Fire end() for ObjectCreateRule[className=org.apache.tomcat.util.modeler.AttributeInfo, attributeName=null]
2019-05-11 11:06:15.746 DEBUG 8956 --- [kground-preinit] o.apache.tomcat.util.digester.Digester   : [ObjectCreateRule]{mbeans-descriptors/mbean/attribute} Pop org.apache.tomcat.util.modeler.AttributeInfo
2019-05-11 11:06:15.747 DEBUG 8956 --- [kground-preinit] o.a.tomcat.util.digester.Digester.sax    : characters(

    )
2019-05-11 11:06:15.747 DEBUG 8956 --- [kground-preinit] o.a.tomcat.util.digester.Digester.sax    : startElement(,,attribute)
2019-05-11 11:06:15.747 DEBUG 8956 --- [kground-preinit] o.apache.tomcat.util.digester.Digester   :   New match='mbeans-descriptors/mbean/attribute'
2019-05-11 11:06:15.747 DEBUG 8956 --- [kground-preinit] o.apache.tomcat.util.digester.Digester   :   Fire begin() for ObjectCreateRule[className=org.apache.tomcat.util.modeler.AttributeInfo, attributeName=null]
2019-05-11 11:06:15.747 DEBUG 8956 --- [kground-preinit] o.apache.tomcat.util.digester.Digester   : [ObjectCreateRule]{mbeans-descriptors/mbean/attribute}New org.apache.tomcat.util.modeler.AttributeInfo
2019-05-11 11:06:15.747 DEBUG 8956 --- [kground-preinit] o.apache.tomcat.util.digester.Digester   :   Fire begin() for SetPropertiesRule[]
2019-05-11 11:06:15.748 DEBUG 8956 --- [kground-preinit] o.apache.tomcat.util.digester.Digester   : [SetPropertiesRule]{mbeans-descriptors/mbean/attribute} Set org.apache.tomcat.util.modeler.AttributeInfo properties
2019-05-11 11:06:15.748 DEBUG 8956 --- [kground-preinit] o.apache.tomcat.util.digester.Digester   : [SetPropertiesRule]{mbeans-descriptors/mbean/attribute} Setting property 'name' to 'localDataSource'
2019-05-11 11:06:15.748 DEBUG 8956 --- [kground-preinit] o.apache.tomcat.util.IntrospectionUtils  : IntrospectionUtils: setProperty(class org.apache.tomcat.util.modeler.AttributeInfo name=localDataSource)
2019-05-11 11:06:15.748 DEBUG 8956 --- [kground-preinit] o.apache.tomcat.util.digester.Digester   : [SetPropertiesRule]{mbeans-descriptors/mbean/attribute} Setting property 'description' to 'Configures if the DataSource is local to the webapp'
2019-05-11 11:06:15.748 DEBUG 8956 --- [kground-preinit] o.apache.tomcat.util.IntrospectionUtils  : IntrospectionUtils: setProperty(class org.apache.tomcat.util.modeler.AttributeInfo description=Configures if the DataSource is local to the webapp)
2019-05-11 11:06:15.749 DEBUG 8956 --- [kground-preinit] o.apache.tomcat.util.digester.Digester   : [SetPropertiesRule]{mbeans-descriptors/mbean/attribute} Setting property 'type' to 'boolean'
2019-05-11 11:06:15.749 DEBUG 8956 --- [kground-preinit] o.apache.tomcat.util.IntrospectionUtils  : IntrospectionUtils: setProperty(class org.apache.tomcat.util.modeler.AttributeInfo type=boolean)
2019-05-11 11:06:15.749 DEBUG 8956 --- [kground-preinit] o.apache.tomcat.util.digester.Digester   :   Fire begin() for SetNextRule[methodName=addAttribute, paramType=org.apache.tomcat.util.modeler.AttributeInfo]
2019-05-11 11:06:15.749 DEBUG 8956 --- [kground-preinit] o.a.tomcat.util.digester.Digester.sax    : endElement(,,attribute)
2019-05-11 11:06:15.749 DEBUG 8956 --- [kground-preinit] o.apache.tomcat.util.digester.Digester   :   match='mbeans-descriptors/mbean/attribute'
2019-05-11 11:06:15.749 DEBUG 8956 --- [kground-preinit] o.apache.tomcat.util.digester.Digester   :   bodyText=''
2019-05-11 11:06:15.749 DEBUG 8956 --- [kground-preinit] o.apache.tomcat.util.digester.Digester   :   Fire body() for ObjectCreateRule[className=org.apache.tomcat.util.modeler.AttributeInfo, attributeName=null]
2019-05-11 11:06:15.749 DEBUG 8956 --- [kground-preinit] o.apache.tomcat.util.digester.Digester   :   Fire body() for SetPropertiesRule[]
2019-05-11 11:06:15.750 DEBUG 8956 --- [kground-preinit] o.apache.tomcat.util.digester.Digester   :   Fire body() for SetNextRule[methodName=addAttribute, paramType=org.apache.tomcat.util.modeler.AttributeInfo]
2019-05-11 11:06:15.750 DEBUG 8956 --- [kground-preinit] o.apache.tomcat.util.digester.Digester   :   Fire end() for SetNextRule[methodName=addAttribute, paramType=org.apache.tomcat.util.modeler.AttributeInfo]
2019-05-11 11:06:15.750 DEBUG 8956 --- [kground-preinit] o.apache.tomcat.util.digester.Digester   : [SetNextRule]{mbeans-descriptors/mbean/attribute} Call org.apache.tomcat.util.modeler.ManagedBean.addAttribute(org.apache.tomcat.util.modeler.AttributeInfo@3bca7a05)
2019-05-11 11:06:15.750 DEBUG 8956 --- [kground-preinit] o.apache.tomcat.util.IntrospectionUtils  : IntrospectionUtils: callMethod1 org.apache.tomcat.util.modeler.ManagedBean org.apache.tomcat.util.modeler.AttributeInfo org.apache.tomcat.util.modeler.AttributeInfo
2019-05-11 11:06:15.750 DEBUG 8956 --- [kground-preinit] o.apache.tomcat.util.digester.Digester   :   Fire end() for SetPropertiesRule[]
2019-05-11 11:06:15.750 DEBUG 8956 --- [kground-preinit] o.apache.tomcat.util.digester.Digester   :   Fire end() for ObjectCreateRule[className=org.apache.tomcat.util.modeler.AttributeInfo, attributeName=null]
2019-05-11 11:06:15.750 DEBUG 8956 --- [kground-preinit] o.apache.tomcat.util.digester.Digester   : [ObjectCreateRule]{mbeans-descriptors/mbean/attribute} Pop org.apache.tomcat.util.modeler.AttributeInfo
2019-05-11 11:06:15.751 DEBUG 8956 --- [kground-preinit] o.a.tomcat.util.digester.Digester.sax    : characters(

    )
2019-05-11 11:06:15.751 DEBUG 8956 --- [kground-preinit] o.a.tomcat.util.digester.Digester.sax    : startElement(,,attribute)
2019-05-11 11:06:15.751 DEBUG 8956 --- [kground-preinit] o.apache.tomcat.util.digester.Digester   :   New match='mbeans-descriptors/mbean/attribute'
2019-05-11 11:06:15.751 DEBUG 8956 --- [kground-preinit] o.apache.tomcat.util.digester.Digester   :   Fire begin() for ObjectCreateRule[className=org.apache.tomcat.util.modeler.AttributeInfo, attributeName=null]
2019-05-11 11:06:15.751 DEBUG 8956 --- [kground-preinit] o.apache.tomcat.util.digester.Digester   : [ObjectCreateRule]{mbeans-descriptors/mbean/attribute}New org.apache.tomcat.util.modeler.AttributeInfo
2019-05-11 11:06:15.751 DEBUG 8956 --- [kground-preinit] o.apache.tomcat.util.digester.Digester   :   Fire begin() for SetPropertiesRule[]
2019-05-11 11:06:15.751 DEBUG 8956 --- [kground-preinit] o.apache.tomcat.util.digester.Digester   : [SetPropertiesRule]{mbeans-descriptors/mbean/attribute} Set org.apache.tomcat.util.modeler.AttributeInfo properties
2019-05-11 11:06:15.752 DEBUG 8956 --- [kground-preinit] o.apache.tomcat.util.digester.Digester   : [SetPropertiesRule]{mbeans-descriptors/mbean/attribute} Setting property 'name' to 'realmPath'
2019-05-11 11:06:15.752 DEBUG 8956 --- [kground-preinit] o.apache.tomcat.util.IntrospectionUtils  : IntrospectionUtils: setProperty(class org.apache.tomcat.util.modeler.AttributeInfo name=realmPath)
2019-05-11 11:06:15.752 DEBUG 8956 --- [kground-preinit] o.apache.tomcat.util.digester.Digester   : [SetPropertiesRule]{mbeans-descriptors/mbean/attribute} Setting property 'description' to 'The realm path'
2019-05-11 11:06:15.752 DEBUG 8956 --- [kground-preinit] o.apache.tomcat.util.IntrospectionUtils  : IntrospectionUtils: setProperty(class org.apache.tomcat.util.modeler.AttributeInfo description=The realm path)
2019-05-11 11:06:15.752 DEBUG 8956 --- [kground-preinit] o.apache.tomcat.util.digester.Digester   : [SetPropertiesRule]{mbeans-descriptors/mbean/attribute} Setting property 'type' to 'java.lang.String'
2019-05-11 11:06:15.753 DEBUG 8956 --- [kground-preinit] o.apache.tomcat.util.IntrospectionUtils  : IntrospectionUtils: setProperty(class org.apache.tomcat.util.modeler.AttributeInfo type=java.lang.String)
2019-05-11 11:06:15.753 DEBUG 8956 --- [kground-preinit] o.apache.tomcat.util.digester.Digester   :   Fire begin() for SetNextRule[methodName=addAttribute, paramType=org.apache.tomcat.util.modeler.AttributeInfo]
2019-05-11 11:06:15.753 DEBUG 8956 --- [kground-preinit] o.a.tomcat.util.digester.Digester.sax    : endElement(,,attribute)
2019-05-11 11:06:15.753 DEBUG 8956 --- [kground-preinit] o.apache.tomcat.util.digester.Digester   :   match='mbeans-descriptors/mbean/attribute'
2019-05-11 11:06:15.753 DEBUG 8956 --- [kground-preinit] o.apache.tomcat.util.digester.Digester   :   bodyText=''
2019-05-11 11:06:15.754 DEBUG 8956 --- [kground-preinit] o.apache.tomcat.util.digester.Digester   :   Fire body() for ObjectCreateRule[className=org.apache.tomcat.util.modeler.AttributeInfo, attributeName=null]
2019-05-11 11:06:15.754 DEBUG 8956 --- [kground-preinit] o.apache.tomcat.util.digester.Digester   :   Fire body() for SetPropertiesRule[]
2019-05-11 11:06:15.754 DEBUG 8956 --- [kground-preinit] o.apache.tomcat.util.digester.Digester   :   Fire body() for SetNextRule[methodName=addAttribute, paramType=org.apache.tomcat.util.modeler.AttributeInfo]
2019-05-11 11:06:15.754 DEBUG 8956 --- [kground-preinit] o.apache.tomcat.util.digester.Digester   :   Fire end() for SetNextRule[methodName=addAttribute, paramType=org.apache.tomcat.util.modeler.AttributeInfo]
2019-05-11 11:06:15.754 DEBUG 8956 --- [kground-preinit] o.apache.tomcat.util.digester.Digester   : [SetNextRule]{mbeans-descriptors/mbean/attribute} Call org.apache.tomcat.util.modeler.ManagedBean.addAttribute(org.apache.tomcat.util.modeler.AttributeInfo@27d1472d)
2019-05-11 11:06:15.758 DEBUG 8956 --- [kground-preinit] o.apache.tomcat.util.IntrospectionUtils  : IntrospectionUtils: callMethod1 org.apache.tomcat.util.modeler.ManagedBean org.apache.tomcat.util.modeler.AttributeInfo org.apache.tomcat.util.modeler.AttributeInfo
2019-05-11 11:06:15.759 DEBUG 8956 --- [kground-preinit] o.apache.tomcat.util.digester.Digester   :   Fire end() for SetPropertiesRule[]
2019-05-11 11:06:15.759 DEBUG 8956 --- [kground-preinit] o.apache.tomcat.util.digester.Digester   :   Fire end() for ObjectCreateRule[className=org.apache.tomcat.util.modeler.AttributeInfo, attributeName=null]
2019-05-11 11:06:15.759 DEBUG 8956 --- [kground-preinit] o.apache.tomcat.util.digester.Digester   : [ObjectCreateRule]{mbeans-descriptors/mbean/attribute} Pop org.apache.tomcat.util.modeler.AttributeInfo
2019-05-11 11:06:15.759 DEBUG 8956 --- [kground-preinit] o.a.tomcat.util.digester.Digester.sax    : characters(

    )
2019-05-11 11:06:15.760 DEBUG 8956 --- [kground-preinit] o.a.tomcat.util.digester.Digester.sax    : startElement(,,attribute)
2019-05-11 11:06:15.760 DEBUG 8956 --- [kground-preinit] o.apache.tomcat.util.digester.Digester   :   New match='mbeans-descriptors/mbean/attribute'
2019-05-11 11:06:15.760 DEBUG 8956 --- [kground-preinit] o.apache.tomcat.util.digester.Digester   :   Fire begin() for ObjectCreateRule[className=org.apache.tomcat.util.modeler.AttributeInfo, attributeName=null]
2019-05-11 11:06:15.761 DEBUG 8956 --- [kground-preinit] o.apache.tomcat.util.digester.Digester   : [ObjectCreateRule]{mbeans-descriptors/mbean/attribute}New org.apache.tomcat.util.modeler.AttributeInfo
2019-05-11 11:06:15.761 DEBUG 8956 --- [kground-preinit] o.apache.tomcat.util.digester.Digester   :   Fire begin() for SetPropertiesRule[]
2019-05-11 11:06:15.761 DEBUG 8956 --- [kground-preinit] o.apache.tomcat.util.digester.Digester   : [SetPropertiesRule]{mbeans-descriptors/mbean/attribute} Set org.apache.tomcat.util.modeler.AttributeInfo properties
2019-05-11 11:06:15.762 DEBUG 8956 --- [kground-preinit] o.apache.tomcat.util.digester.Digester   : [SetPropertiesRule]{mbeans-descriptors/mbean/attribute} Setting property 'name' to 'roleNameCol'
2019-05-11 11:06:15.762 DEBUG 8956 --- [kground-preinit] o.apache.tomcat.util.IntrospectionUtils  : IntrospectionUtils: setProperty(class org.apache.tomcat.util.modeler.AttributeInfo name=roleNameCol)
2019-05-11 11:06:15.762 DEBUG 8956 --- [kground-preinit] o.apache.tomcat.util.digester.Digester   : [SetPropertiesRule]{mbeans-descriptors/mbean/attribute} Setting property 'description' to 'The column in the user role table that names a role'
2019-05-11 11:06:15.764 DEBUG 8956 --- [kground-preinit] o.apache.tomcat.util.IntrospectionUtils  : IntrospectionUtils: setProperty(class org.apache.tomcat.util.modeler.AttributeInfo description=The column in the user role table that names a role)
2019-05-11 11:06:15.764 DEBUG 8956 --- [kground-preinit] o.apache.tomcat.util.digester.Digester   : [SetPropertiesRule]{mbeans-descriptors/mbean/attribute} Setting property 'type' to 'java.lang.String'
2019-05-11 11:06:15.765 DEBUG 8956 --- [kground-preinit] o.apache.tomcat.util.IntrospectionUtils  : IntrospectionUtils: setProperty(class org.apache.tomcat.util.modeler.AttributeInfo type=java.lang.String)
2019-05-11 11:06:15.765 DEBUG 8956 --- [kground-preinit] o.apache.tomcat.util.digester.Digester   :   Fire begin() for SetNextRule[methodName=addAttribute, paramType=org.apache.tomcat.util.modeler.AttributeInfo]
2019-05-11 11:06:15.765 DEBUG 8956 --- [kground-preinit] o.a.tomcat.util.digester.Digester.sax    : endElement(,,attribute)
2019-05-11 11:06:15.766 DEBUG 8956 --- [kground-preinit] o.apache.tomcat.util.digester.Digester   :   match='mbeans-descriptors/mbean/attribute'
2019-05-11 11:06:15.766 DEBUG 8956 --- [kground-preinit] o.apache.tomcat.util.digester.Digester   :   bodyText=''
2019-05-11 11:06:15.766 DEBUG 8956 --- [kground-preinit] o.apache.tomcat.util.digester.Digester   :   Fire body() for ObjectCreateRule[className=org.apache.tomcat.util.modeler.AttributeInfo, attributeName=null]
2019-05-11 11:06:15.766 DEBUG 8956 --- [kground-preinit] o.apache.tomcat.util.digester.Digester   :   Fire body() for SetPropertiesRule[]
2019-05-11 11:06:15.766 DEBUG 8956 --- [kground-preinit] o.apache.tomcat.util.digester.Digester   :   Fire body() for SetNextRule[methodName=addAttribute, paramType=org.apache.tomcat.util.modeler.AttributeInfo]
2019-05-11 11:06:15.766 DEBUG 8956 --- [kground-preinit] o.apache.tomcat.util.digester.Digester   :   Fire end() for SetNextRule[methodName=addAttribute, paramType=org.apache.tomcat.util.modeler.AttributeInfo]
2019-05-11 11:06:15.766 DEBUG 8956 --- [kground-preinit] o.apache.tomcat.util.digester.Digester   : [SetNextRule]{mbeans-descriptors/mbean/attribute} Call org.apache.tomcat.util.modeler.ManagedBean.addAttribute(org.apache.tomcat.util.modeler.AttributeInfo@7e48796f)
2019-05-11 11:06:15.766 DEBUG 8956 --- [kground-preinit] o.apache.tomcat.util.IntrospectionUtils  : IntrospectionUtils: callMethod1 org.apache.tomcat.util.modeler.ManagedBean org.apache.tomcat.util.modeler.AttributeInfo org.apache.tomcat.util.modeler.AttributeInfo
2019-05-11 11:06:15.767 DEBUG 8956 --- [kground-preinit] o.apache.tomcat.util.digester.Digester   :   Fire end() for SetPropertiesRule[]
2019-05-11 11:06:15.767 DEBUG 8956 --- [kground-preinit] o.apache.tomcat.util.digester.Digester   :   Fire end() for ObjectCreateRule[className=org.apache.tomcat.util.modeler.AttributeInfo, attributeName=null]
2019-05-11 11:06:15.767 DEBUG 8956 --- [kground-preinit] o.apache.tomcat.util.digester.Digester   : [ObjectCreateRule]{mbeans-descriptors/mbean/attribute} Pop org.apache.tomcat.util.modeler.AttributeInfo
2019-05-11 11:06:15.767 DEBUG 8956 --- [kground-preinit] o.a.tomcat.util.digester.Digester.sax    : characters(

    )
2019-05-11 11:06:15.767 DEBUG 8956 --- [kground-preinit] o.a.tomcat.util.digester.Digester.sax    : startElement(,,attribute)
2019-05-11 11:06:15.767 DEBUG 8956 --- [kground-preinit] o.apache.tomcat.util.digester.Digester   :   New match='mbeans-descriptors/mbean/attribute'
2019-05-11 11:06:15.767 DEBUG 8956 --- [kground-preinit] o.apache.tomcat.util.digester.Digester   :   Fire begin() for ObjectCreateRule[className=org.apache.tomcat.util.modeler.AttributeInfo, attributeName=null]
2019-05-11 11:06:15.767 DEBUG 8956 --- [kground-preinit] o.apache.tomcat.util.digester.Digester   : [ObjectCreateRule]{mbeans-descriptors/mbean/attribute}New org.apache.tomcat.util.modeler.AttributeInfo
2019-05-11 11:06:15.768 DEBUG 8956 --- [kground-preinit] o.apache.tomcat.util.digester.Digester   :   Fire begin() for SetPropertiesRule[]
2019-05-11 11:06:15.769 DEBUG 8956 --- [kground-preinit] o.apache.tomcat.util.digester.Digester   : [SetPropertiesRule]{mbeans-descriptors/mbean/attribute} Set org.apache.tomcat.util.modeler.AttributeInfo properties
2019-05-11 11:06:15.769 DEBUG 8956 --- [kground-preinit] o.apache.tomcat.util.digester.Digester   : [SetPropertiesRule]{mbeans-descriptors/mbean/attribute} Setting property 'name' to 'stateName'
2019-05-11 11:06:15.770 DEBUG 8956 --- [kground-preinit] o.apache.tomcat.util.IntrospectionUtils  : IntrospectionUtils: setProperty(class org.apache.tomcat.util.modeler.AttributeInfo name=stateName)
2019-05-11 11:06:15.770 DEBUG 8956 --- [kground-preinit] o.apache.tomcat.util.digester.Digester   : [SetPropertiesRule]{mbeans-descriptors/mbean/attribute} Setting property 'description' to 'The name of the LifecycleState that this component is currently in'
2019-05-11 11:06:15.770 DEBUG 8956 --- [kground-preinit] o.apache.tomcat.util.IntrospectionUtils  : IntrospectionUtils: setProperty(class org.apache.tomcat.util.modeler.AttributeInfo description=The name of the LifecycleState that this component is currently in)
2019-05-11 11:06:15.771 DEBUG 8956 --- [kground-preinit] o.apache.tomcat.util.digester.Digester   : [SetPropertiesRule]{mbeans-descriptors/mbean/attribute} Setting property 'type' to 'java.lang.String'
2019-05-11 11:06:15.771 DEBUG 8956 --- [kground-preinit] o.apache.tomcat.util.IntrospectionUtils  : IntrospectionUtils: setProperty(class org.apache.tomcat.util.modeler.AttributeInfo type=java.lang.String)
2019-05-11 11:06:15.771 DEBUG 8956 --- [kground-preinit] o.apache.tomcat.util.digester.Digester   : [SetPropertiesRule]{mbeans-descriptors/mbean/attribute} Setting property 'writeable' to 'false'
2019-05-11 11:06:15.771 DEBUG 8956 --- [kground-preinit] o.apache.tomcat.util.IntrospectionUtils  : IntrospectionUtils: setProperty(class org.apache.tomcat.util.modeler.AttributeInfo writeable=false)
2019-05-11 11:06:15.771 DEBUG 8956 --- [kground-preinit] o.apache.tomcat.util.digester.Digester   :   Fire begin() for SetNextRule[methodName=addAttribute, paramType=org.apache.tomcat.util.modeler.AttributeInfo]
2019-05-11 11:06:15.771 DEBUG 8956 --- [kground-preinit] o.a.tomcat.util.digester.Digester.sax    : endElement(,,attribute)
2019-05-11 11:06:15.772 DEBUG 8956 --- [kground-preinit] o.apache.tomcat.util.digester.Digester   :   match='mbeans-descriptors/mbean/attribute'
2019-05-11 11:06:15.772 DEBUG 8956 --- [kground-preinit] o.apache.tomcat.util.digester.Digester   :   bodyText=''
2019-05-11 11:06:15.772 DEBUG 8956 --- [kground-preinit] o.apache.tomcat.util.digester.Digester   :   Fire body() for ObjectCreateRule[className=org.apache.tomcat.util.modeler.AttributeInfo, attributeName=null]
2019-05-11 11:06:15.772 DEBUG 8956 --- [kground-preinit] o.apache.tomcat.util.digester.Digester   :   Fire body() for SetPropertiesRule[]
2019-05-11 11:06:15.772 DEBUG 8956 --- [kground-preinit] o.apache.tomcat.util.digester.Digester   :   Fire body() for SetNextRule[methodName=addAttribute, paramType=org.apache.tomcat.util.modeler.AttributeInfo]
2019-05-11 11:06:15.772 DEBUG 8956 --- [kground-preinit] o.apache.tomcat.util.digester.Digester   :   Fire end() for SetNextRule[methodName=addAttribute, paramType=org.apache.tomcat.util.modeler.AttributeInfo]
2019-05-11 11:06:15.773 DEBUG 8956 --- [kground-preinit] o.apache.tomcat.util.digester.Digester   : [SetNextRule]{mbeans-descriptors/mbean/attribute} Call org.apache.tomcat.util.modeler.ManagedBean.addAttribute(org.apache.tomcat.util.modeler.AttributeInfo@6f7ea34b)
2019-05-11 11:06:15.773 DEBUG 8956 --- [kground-preinit] o.apache.tomcat.util.IntrospectionUtils  : IntrospectionUtils: callMethod1 org.apache.tomcat.util.modeler.ManagedBean org.apache.tomcat.util.modeler.AttributeInfo org.apache.tomcat.util.modeler.AttributeInfo
2019-05-11 11:06:15.773 DEBUG 8956 --- [kground-preinit] o.apache.tomcat.util.digester.Digester   :   Fire end() for SetPropertiesRule[]
2019-05-11 11:06:15.773 DEBUG 8956 --- [kground-preinit] o.apache.tomcat.util.digester.Digester   :   Fire end() for ObjectCreateRule[className=org.apache.tomcat.util.modeler.AttributeInfo, attributeName=null]
2019-05-11 11:06:15.773 DEBUG 8956 --- [kground-preinit] o.apache.tomcat.util.digester.Digester   : [ObjectCreateRule]{mbeans-descriptors/mbean/attribute} Pop org.apache.tomcat.util.modeler.AttributeInfo
2019-05-11 11:06:15.774 DEBUG 8956 --- [kground-preinit] o.a.tomcat.util.digester.Digester.sax    : characters(

    )
2019-05-11 11:06:15.774 DEBUG 8956 --- [kground-preinit] o.a.tomcat.util.digester.Digester.sax    : startElement(,,attribute)
2019-05-11 11:06:15.775 DEBUG 8956 --- [kground-preinit] o.apache.tomcat.util.digester.Digester   :   New match='mbeans-descriptors/mbean/attribute'
2019-05-11 11:06:15.775 DEBUG 8956 --- [kground-preinit] o.apache.tomcat.util.digester.Digester   :   Fire begin() for ObjectCreateRule[className=org.apache.tomcat.util.modeler.AttributeInfo, attributeName=null]
2019-05-11 11:06:15.775 DEBUG 8956 --- [kground-preinit] o.apache.tomcat.util.digester.Digester   : [ObjectCreateRule]{mbeans-descriptors/mbean/attribute}New org.apache.tomcat.util.modeler.AttributeInfo
2019-05-11 11:06:15.776 DEBUG 8956 --- [kground-preinit] o.apache.tomcat.util.digester.Digester   :   Fire begin() for SetPropertiesRule[]
2019-05-11 11:06:15.776 DEBUG 8956 --- [kground-preinit] o.apache.tomcat.util.digester.Digester   : [SetPropertiesRule]{mbeans-descriptors/mbean/attribute} Set org.apache.tomcat.util.modeler.AttributeInfo properties
2019-05-11 11:06:15.776 DEBUG 8956 --- [kground-preinit] o.apache.tomcat.util.digester.Digester   : [SetPropertiesRule]{mbeans-descriptors/mbean/attribute} Setting property 'name' to 'userCredCol'
2019-05-11 11:06:15.777 DEBUG 8956 --- [kground-preinit] o.apache.tomcat.util.IntrospectionUtils  : IntrospectionUtils: setProperty(class org.apache.tomcat.util.modeler.AttributeInfo name=userCredCol)
2019-05-11 11:06:15.777 DEBUG 8956 --- [kground-preinit] o.apache.tomcat.util.digester.Digester   : [SetPropertiesRule]{mbeans-descriptors/mbean/attribute} Setting property 'description' to 'The column in the user table that holds the user's credentials'
2019-05-11 11:06:15.777 DEBUG 8956 --- [kground-preinit] o.apache.tomcat.util.IntrospectionUtils  : IntrospectionUtils: setProperty(class org.apache.tomcat.util.modeler.AttributeInfo description=The column in the user table that holds the user's credentials)
2019-05-11 11:06:15.777 DEBUG 8956 --- [kground-preinit] o.apache.tomcat.util.digester.Digester   : [SetPropertiesRule]{mbeans-descriptors/mbean/attribute} Setting property 'type' to 'java.lang.String'
2019-05-11 11:06:15.777 DEBUG 8956 --- [kground-preinit] o.apache.tomcat.util.IntrospectionUtils  : IntrospectionUtils: setProperty(class org.apache.tomcat.util.modeler.AttributeInfo type=java.lang.String)
2019-05-11 11:06:15.778 DEBUG 8956 --- [kground-preinit] o.apache.tomcat.util.digester.Digester   :   Fire begin() for SetNextRule[methodName=addAttribute, paramType=org.apache.tomcat.util.modeler.AttributeInfo]
2019-05-11 11:06:15.778 DEBUG 8956 --- [kground-preinit] o.a.tomcat.util.digester.Digester.sax    : endElement(,,attribute)
2019-05-11 11:06:15.778 DEBUG 8956 --- [kground-preinit] o.apache.tomcat.util.digester.Digester   :   match='mbeans-descriptors/mbean/attribute'
2019-05-11 11:06:15.778 DEBUG 8956 --- [kground-preinit] o.apache.tomcat.util.digester.Digester   :   bodyText=''
2019-05-11 11:06:15.778 DEBUG 8956 --- [kground-preinit] o.apache.tomcat.util.digester.Digester   :   Fire body() for ObjectCreateRule[className=org.apache.tomcat.util.modeler.AttributeInfo, attributeName=null]
2019-05-11 11:06:15.778 DEBUG 8956 --- [kground-preinit] o.apache.tomcat.util.digester.Digester   :   Fire body() for SetPropertiesRule[]
2019-05-11 11:06:15.779 DEBUG 8956 --- [kground-preinit] o.apache.tomcat.util.digester.Digester   :   Fire body() for SetNextRule[methodName=addAttribute, paramType=org.apache.tomcat.util.modeler.AttributeInfo]
2019-05-11 11:06:15.779 DEBUG 8956 --- [kground-preinit] o.apache.tomcat.util.digester.Digester   :   Fire end() for SetNextRule[methodName=addAttribute, paramType=org.apache.tomcat.util.modeler.AttributeInfo]
2019-05-11 11:06:15.779 DEBUG 8956 --- [kground-preinit] o.apache.tomcat.util.digester.Digester   : [SetNextRule]{mbeans-descriptors/mbean/attribute} Call org.apache.tomcat.util.modeler.ManagedBean.addAttribute(org.apache.tomcat.util.modeler.AttributeInfo@70cf6f3)
2019-05-11 11:06:15.782 DEBUG 8956 --- [kground-preinit] o.apache.tomcat.util.IntrospectionUtils  : IntrospectionUtils: callMethod1 org.apache.tomcat.util.modeler.ManagedBean org.apache.tomcat.util.modeler.AttributeInfo org.apache.tomcat.util.modeler.AttributeInfo
2019-05-11 11:06:15.786 DEBUG 8956 --- [kground-preinit] o.apache.tomcat.util.digester.Digester   :   Fire end() for SetPropertiesRule[]
2019-05-11 11:06:15.786 DEBUG 8956 --- [kground-preinit] o.apache.tomcat.util.digester.Digester   :   Fire end() for ObjectCreateRule[className=org.apache.tomcat.util.modeler.AttributeInfo, attributeName=null]
2019-05-11 11:06:15.786 DEBUG 8956 --- [kground-preinit] o.apache.tomcat.util.digester.Digester   : [ObjectCreateRule]{mbeans-descriptors/mbean/attribute} Pop org.apache.tomcat.util.modeler.AttributeInfo
2019-05-11 11:06:15.786 DEBUG 8956 --- [kground-preinit] o.a.tomcat.util.digester.Digester.sax    : characters(

    )
2019-05-11 11:06:15.786 DEBUG 8956 --- [kground-preinit] o.a.tomcat.util.digester.Digester.sax    : startElement(,,attribute)
2019-05-11 11:06:15.787 DEBUG 8956 --- [kground-preinit] o.apache.tomcat.util.digester.Digester   :   New match='mbeans-descriptors/mbean/attribute'
2019-05-11 11:06:15.787 DEBUG 8956 --- [kground-preinit] o.apache.tomcat.util.digester.Digester   :   Fire begin() for ObjectCreateRule[className=org.apache.tomcat.util.modeler.AttributeInfo, attributeName=null]
2019-05-11 11:06:15.787 DEBUG 8956 --- [kground-preinit] o.apache.tomcat.util.digester.Digester   : [ObjectCreateRule]{mbeans-descriptors/mbean/attribute}New org.apache.tomcat.util.modeler.AttributeInfo
2019-05-11 11:06:15.787 DEBUG 8956 --- [kground-preinit] o.apache.tomcat.util.digester.Digester   :   Fire begin() for SetPropertiesRule[]
2019-05-11 11:06:15.787 DEBUG 8956 --- [kground-preinit] o.apache.tomcat.util.digester.Digester   : [SetPropertiesRule]{mbeans-descriptors/mbean/attribute} Set org.apache.tomcat.util.modeler.AttributeInfo properties
2019-05-11 11:06:15.787 DEBUG 8956 --- [kground-preinit] o.apache.tomcat.util.digester.Digester   : [SetPropertiesRule]{mbeans-descriptors/mbean/attribute} Setting property 'name' to 'userNameCol'
2019-05-11 11:06:15.787 DEBUG 8956 --- [kground-preinit] o.apache.tomcat.util.IntrospectionUtils  : IntrospectionUtils: setProperty(class org.apache.tomcat.util.modeler.AttributeInfo name=userNameCol)
2019-05-11 11:06:15.788 DEBUG 8956 --- [kground-preinit] o.apache.tomcat.util.digester.Digester   : [SetPropertiesRule]{mbeans-descriptors/mbean/attribute} Setting property 'description' to 'The column in the user table that holds the user's username'
2019-05-11 11:06:15.788 DEBUG 8956 --- [kground-preinit] o.apache.tomcat.util.IntrospectionUtils  : IntrospectionUtils: setProperty(class org.apache.tomcat.util.modeler.AttributeInfo description=The column in the user table that holds the user's username)
2019-05-11 11:06:15.788 DEBUG 8956 --- [kground-preinit] o.apache.tomcat.util.digester.Digester   : [SetPropertiesRule]{mbeans-descriptors/mbean/attribute} Setting property 'type' to 'java.lang.String'
2019-05-11 11:06:15.788 DEBUG 8956 --- [kground-preinit] o.apache.tomcat.util.IntrospectionUtils  : IntrospectionUtils: setProperty(class org.apache.tomcat.util.modeler.AttributeInfo type=java.lang.String)
2019-05-11 11:06:15.788 DEBUG 8956 --- [kground-preinit] o.apache.tomcat.util.digester.Digester   :   Fire begin() for SetNextRule[methodName=addAttribute, paramType=org.apache.tomcat.util.modeler.AttributeInfo]
2019-05-11 11:06:15.788 DEBUG 8956 --- [kground-preinit] o.a.tomcat.util.digester.Digester.sax    : endElement(,,attribute)
2019-05-11 11:06:15.788 DEBUG 8956 --- [kground-preinit] o.apache.tomcat.util.digester.Digester   :   match='mbeans-descriptors/mbean/attribute'
2019-05-11 11:06:15.788 DEBUG 8956 --- [kground-preinit] o.apache.tomcat.util.digester.Digester   :   bodyText=''
2019-05-11 11:06:15.789 DEBUG 8956 --- [kground-preinit] o.apache.tomcat.util.digester.Digester   :   Fire body() for ObjectCreateRule[className=org.apache.tomcat.util.modeler.AttributeInfo, attributeName=null]
2019-05-11 11:06:15.789 DEBUG 8956 --- [kground-preinit] o.apache.tomcat.util.digester.Digester   :   Fire body() for SetPropertiesRule[]
2019-05-11 11:06:15.789 DEBUG 8956 --- [kground-preinit] o.apache.tomcat.util.digester.Digester   :   Fire body() for SetNextRule[methodName=addAttribute, paramType=org.apache.tomcat.util.modeler.AttributeInfo]
2019-05-11 11:06:15.793 DEBUG 8956 --- [kground-preinit] o.apache.tomcat.util.digester.Digester   :   Fire end() for SetNextRule[methodName=addAttribute, paramType=org.apache.tomcat.util.modeler.AttributeInfo]
2019-05-11 11:06:15.793 DEBUG 8956 --- [kground-preinit] o.apache.tomcat.util.digester.Digester   : [SetNextRule]{mbeans-descriptors/mbean/attribute} Call org.apache.tomcat.util.modeler.ManagedBean.addAttribute(org.apache.tomcat.util.modeler.AttributeInfo@2a492110)
2019-05-11 11:06:15.794 DEBUG 8956 --- [kground-preinit] o.apache.tomcat.util.IntrospectionUtils  : IntrospectionUtils: callMethod1 org.apache.tomcat.util.modeler.ManagedBean org.apache.tomcat.util.modeler.AttributeInfo org.apache.tomcat.util.modeler.AttributeInfo
2019-05-11 11:06:15.794 DEBUG 8956 --- [kground-preinit] o.apache.tomcat.util.digester.Digester   :   Fire end() for SetPropertiesRule[]
2019-05-11 11:06:15.794 DEBUG 8956 --- [kground-preinit] o.apache.tomcat.util.digester.Digester   :   Fire end() for ObjectCreateRule[className=org.apache.tomcat.util.modeler.AttributeInfo, attributeName=null]
2019-05-11 11:06:15.799 DEBUG 8956 --- [kground-preinit] o.apache.tomcat.util.digester.Digester   : [ObjectCreateRule]{mbeans-descriptors/mbean/attribute} Pop org.apache.tomcat.util.modeler.AttributeInfo
2019-05-11 11:06:15.799 DEBUG 8956 --- [kground-preinit] o.a.tomcat.util.digester.Digester.sax    : characters(

    )
2019-05-11 11:06:15.799 DEBUG 8956 --- [kground-preinit] o.a.tomcat.util.digester.Digester.sax    : startElement(,,attribute)
2019-05-11 11:06:15.799 DEBUG 8956 --- [kground-preinit] o.apache.tomcat.util.digester.Digester   :   New match='mbeans-descriptors/mbean/attribute'
2019-05-11 11:06:15.799 DEBUG 8956 --- [kground-preinit] o.apache.tomcat.util.digester.Digester   :   Fire begin() for ObjectCreateRule[className=org.apache.tomcat.util.modeler.AttributeInfo, attributeName=null]
2019-05-11 11:06:15.799 DEBUG 8956 --- [kground-preinit] o.apache.tomcat.util.digester.Digester   : [ObjectCreateRule]{mbeans-descriptors/mbean/attribute}New org.apache.tomcat.util.modeler.AttributeInfo
2019-05-11 11:06:15.799 DEBUG 8956 --- [kground-preinit] o.apache.tomcat.util.digester.Digester   :   Fire begin() for SetPropertiesRule[]
2019-05-11 11:06:15.799 DEBUG 8956 --- [kground-preinit] o.apache.tomcat.util.digester.Digester   : [SetPropertiesRule]{mbeans-descriptors/mbean/attribute} Set org.apache.tomcat.util.modeler.AttributeInfo properties
2019-05-11 11:06:15.800 DEBUG 8956 --- [kground-preinit] o.apache.tomcat.util.digester.Digester   : [SetPropertiesRule]{mbeans-descriptors/mbean/attribute} Setting property 'name' to 'userRoleTable'
2019-05-11 11:06:15.800 DEBUG 8956 --- [kground-preinit] o.apache.tomcat.util.IntrospectionUtils  : IntrospectionUtils: setProperty(class org.apache.tomcat.util.modeler.AttributeInfo name=userRoleTable)
2019-05-11 11:06:15.800 DEBUG 8956 --- [kground-preinit] o.apache.tomcat.util.digester.Digester   : [SetPropertiesRule]{mbeans-descriptors/mbean/attribute} Setting property 'description' to 'The table that holds the relation between user's and roles'
2019-05-11 11:06:15.800 DEBUG 8956 --- [kground-preinit] o.apache.tomcat.util.IntrospectionUtils  : IntrospectionUtils: setProperty(class org.apache.tomcat.util.modeler.AttributeInfo description=The table that holds the relation between user's and roles)
2019-05-11 11:06:15.800 DEBUG 8956 --- [kground-preinit] o.apache.tomcat.util.digester.Digester   : [SetPropertiesRule]{mbeans-descriptors/mbean/attribute} Setting property 'type' to 'java.lang.String'
2019-05-11 11:06:15.800 DEBUG 8956 --- [kground-preinit] o.apache.tomcat.util.IntrospectionUtils  : IntrospectionUtils: setProperty(class org.apache.tomcat.util.modeler.AttributeInfo type=java.lang.String)
2019-05-11 11:06:15.800 DEBUG 8956 --- [kground-preinit] o.apache.tomcat.util.digester.Digester   :   Fire begin() for SetNextRule[methodName=addAttribute, paramType=org.apache.tomcat.util.modeler.AttributeInfo]
2019-05-11 11:06:15.801 DEBUG 8956 --- [kground-preinit] o.a.tomcat.util.digester.Digester.sax    : endElement(,,attribute)
2019-05-11 11:06:15.801 DEBUG 8956 --- [kground-preinit] o.apache.tomcat.util.digester.Digester   :   match='mbeans-descriptors/mbean/attribute'
2019-05-11 11:06:15.801 DEBUG 8956 --- [kground-preinit] o.apache.tomcat.util.digester.Digester   :   bodyText=''
2019-05-11 11:06:15.801 DEBUG 8956 --- [kground-preinit] o.apache.tomcat.util.digester.Digester   :   Fire body() for ObjectCreateRule[className=org.apache.tomcat.util.modeler.AttributeInfo, attributeName=null]
2019-05-11 11:06:15.801 DEBUG 8956 --- [kground-preinit] o.apache.tomcat.util.digester.Digester   :   Fire body() for SetPropertiesRule[]
2019-05-11 11:06:15.801 DEBUG 8956 --- [kground-preinit] o.apache.tomcat.util.digester.Digester   :   Fire body() for SetNextRule[methodName=addAttribute, paramType=org.apache.tomcat.util.modeler.AttributeInfo]
2019-05-11 11:06:15.801 DEBUG 8956 --- [kground-preinit] o.apache.tomcat.util.digester.Digester   :   Fire end() for SetNextRule[methodName=addAttribute, paramType=org.apache.tomcat.util.modeler.AttributeInfo]
2019-05-11 11:06:15.801 DEBUG 8956 --- [kground-preinit] o.apache.tomcat.util.digester.Digester   : [SetNextRule]{mbeans-descriptors/mbean/attribute} Call org.apache.tomcat.util.modeler.ManagedBean.addAttribute(org.apache.tomcat.util.modeler.AttributeInfo@1777a637)
2019-05-11 11:06:15.801 DEBUG 8956 --- [kground-preinit] o.apache.tomcat.util.IntrospectionUtils  : IntrospectionUtils: callMethod1 org.apache.tomcat.util.modeler.ManagedBean org.apache.tomcat.util.modeler.AttributeInfo org.apache.tomcat.util.modeler.AttributeInfo
2019-05-11 11:06:15.802 DEBUG 8956 --- [kground-preinit] o.apache.tomcat.util.digester.Digester   :   Fire end() for SetPropertiesRule[]
2019-05-11 11:06:15.802 DEBUG 8956 --- [kground-preinit] o.apache.tomcat.util.digester.Digester   :   Fire end() for ObjectCreateRule[className=org.apache.tomcat.util.modeler.AttributeInfo, attributeName=null]
2019-05-11 11:06:15.802 DEBUG 8956 --- [kground-preinit] o.apache.tomcat.util.digester.Digester   : [ObjectCreateRule]{mbeans-descriptors/mbean/attribute} Pop org.apache.tomcat.util.modeler.AttributeInfo
2019-05-11 11:06:15.802 DEBUG 8956 --- [kground-preinit] o.a.tomcat.util.digester.Digester.sax    : characters(

    )
2019-05-11 11:06:15.802 DEBUG 8956 --- [kground-preinit] o.a.tomcat.util.digester.Digester.sax    : startElement(,,attribute)
2019-05-11 11:06:15.802 DEBUG 8956 --- [kground-preinit] o.apache.tomcat.util.digester.Digester   :   New match='mbeans-descriptors/mbean/attribute'
2019-05-11 11:06:15.802 DEBUG 8956 --- [kground-preinit] o.apache.tomcat.util.digester.Digester   :   Fire begin() for ObjectCreateRule[className=org.apache.tomcat.util.modeler.AttributeInfo, attributeName=null]
2019-05-11 11:06:15.802 DEBUG 8956 --- [kground-preinit] o.apache.tomcat.util.digester.Digester   : [ObjectCreateRule]{mbeans-descriptors/mbean/attribute}New org.apache.tomcat.util.modeler.AttributeInfo
2019-05-11 11:06:15.802 DEBUG 8956 --- [kground-preinit] o.apache.tomcat.util.digester.Digester   :   Fire begin() for SetPropertiesRule[]
2019-05-11 11:06:15.802 DEBUG 8956 --- [kground-preinit] o.apache.tomcat.util.digester.Digester   : [SetPropertiesRule]{mbeans-descriptors/mbean/attribute} Set org.apache.tomcat.util.modeler.AttributeInfo properties
2019-05-11 11:06:15.802 DEBUG 8956 --- [kground-preinit] o.apache.tomcat.util.digester.Digester   : [SetPropertiesRule]{mbeans-descriptors/mbean/attribute} Setting property 'name' to 'userTable'
2019-05-11 11:06:15.802 DEBUG 8956 --- [kground-preinit] o.apache.tomcat.util.IntrospectionUtils  : IntrospectionUtils: setProperty(class org.apache.tomcat.util.modeler.AttributeInfo name=userTable)
2019-05-11 11:06:15.803 DEBUG 8956 --- [kground-preinit] o.apache.tomcat.util.digester.Digester   : [SetPropertiesRule]{mbeans-descriptors/mbean/attribute} Setting property 'description' to 'The table that holds user data'
2019-05-11 11:06:15.803 DEBUG 8956 --- [kground-preinit] o.apache.tomcat.util.IntrospectionUtils  : IntrospectionUtils: setProperty(class org.apache.tomcat.util.modeler.AttributeInfo description=The table that holds user data)
2019-05-11 11:06:15.803 DEBUG 8956 --- [kground-preinit] o.apache.tomcat.util.digester.Digester   : [SetPropertiesRule]{mbeans-descriptors/mbean/attribute} Setting property 'type' to 'java.lang.String'
2019-05-11 11:06:15.803 DEBUG 8956 --- [kground-preinit] o.apache.tomcat.util.IntrospectionUtils  : IntrospectionUtils: setProperty(class org.apache.tomcat.util.modeler.AttributeInfo type=java.lang.String)
2019-05-11 11:06:15.803 DEBUG 8956 --- [kground-preinit] o.apache.tomcat.util.digester.Digester   :   Fire begin() for SetNextRule[methodName=addAttribute, paramType=org.apache.tomcat.util.modeler.AttributeInfo]
2019-05-11 11:06:15.803 DEBUG 8956 --- [kground-preinit] o.a.tomcat.util.digester.Digester.sax    : endElement(,,attribute)
2019-05-11 11:06:15.803 DEBUG 8956 --- [kground-preinit] o.apache.tomcat.util.digester.Digester   :   match='mbeans-descriptors/mbean/attribute'
2019-05-11 11:06:15.803 DEBUG 8956 --- [kground-preinit] o.apache.tomcat.util.digester.Digester   :   bodyText=''
2019-05-11 11:06:15.803 DEBUG 8956 --- [kground-preinit] o.apache.tomcat.util.digester.Digester   :   Fire body() for ObjectCreateRule[className=org.apache.tomcat.util.modeler.AttributeInfo, attributeName=null]
2019-05-11 11:06:15.803 DEBUG 8956 --- [kground-preinit] o.apache.tomcat.util.digester.Digester   :   Fire body() for SetPropertiesRule[]
2019-05-11 11:06:15.803 DEBUG 8956 --- [kground-preinit] o.apache.tomcat.util.digester.Digester   :   Fire body() for SetNextRule[methodName=addAttribute, paramType=org.apache.tomcat.util.modeler.AttributeInfo]
2019-05-11 11:06:15.803 DEBUG 8956 --- [kground-preinit] o.apache.tomcat.util.digester.Digester   :   Fire end() for SetNextRule[methodName=addAttribute, paramType=org.apache.tomcat.util.modeler.AttributeInfo]
2019-05-11 11:06:15.803 DEBUG 8956 --- [kground-preinit] o.apache.tomcat.util.digester.Digester   : [SetNextRule]{mbeans-descriptors/mbean/attribute} Call org.apache.tomcat.util.modeler.ManagedBean.addAttribute(org.apache.tomcat.util.modeler.AttributeInfo@d092b69)
2019-05-11 11:06:15.803 DEBUG 8956 --- [kground-preinit] o.apache.tomcat.util.IntrospectionUtils  : IntrospectionUtils: callMethod1 org.apache.tomcat.util.modeler.ManagedBean org.apache.tomcat.util.modeler.AttributeInfo org.apache.tomcat.util.modeler.AttributeInfo
2019-05-11 11:06:15.803 DEBUG 8956 --- [kground-preinit] o.apache.tomcat.util.digester.Digester   :   Fire end() for SetPropertiesRule[]
2019-05-11 11:06:15.803 DEBUG 8956 --- [kground-preinit] o.apache.tomcat.util.digester.Digester   :   Fire end() for ObjectCreateRule[className=org.apache.tomcat.util.modeler.AttributeInfo, attributeName=null]
2019-05-11 11:06:15.804 DEBUG 8956 --- [kground-preinit] o.apache.tomcat.util.digester.Digester   : [ObjectCreateRule]{mbeans-descriptors/mbean/attribute} Pop org.apache.tomcat.util.modeler.AttributeInfo
2019-05-11 11:06:15.804 DEBUG 8956 --- [kground-preinit] o.a.tomcat.util.digester.Digester.sax    : characters(

    )
2019-05-11 11:06:15.804 DEBUG 8956 --- [kground-preinit] o.a.tomcat.util.digester.Digester.sax    : startElement(,,attribute)
2019-05-11 11:06:15.804 DEBUG 8956 --- [kground-preinit] o.apache.tomcat.util.digester.Digester   :   New match='mbeans-descriptors/mbean/attribute'
2019-05-11 11:06:15.804 DEBUG 8956 --- [kground-preinit] o.apache.tomcat.util.digester.Digester   :   Fire begin() for ObjectCreateRule[className=org.apache.tomcat.util.modeler.AttributeInfo, attributeName=null]
2019-05-11 11:06:15.804 DEBUG 8956 --- [kground-preinit] o.apache.tomcat.util.digester.Digester   : [ObjectCreateRule]{mbeans-descriptors/mbean/attribute}New org.apache.tomcat.util.modeler.AttributeInfo
2019-05-11 11:06:15.804 DEBUG 8956 --- [kground-preinit] o.apache.tomcat.util.digester.Digester   :   Fire begin() for SetPropertiesRule[]
2019-05-11 11:06:15.804 DEBUG 8956 --- [kground-preinit] o.apache.tomcat.util.digester.Digester   : [SetPropertiesRule]{mbeans-descriptors/mbean/attribute} Set org.apache.tomcat.util.modeler.AttributeInfo properties
2019-05-11 11:06:15.804 DEBUG 8956 --- [kground-preinit] o.apache.tomcat.util.digester.Digester   : [SetPropertiesRule]{mbeans-descriptors/mbean/attribute} Setting property 'name' to 'validate'
2019-05-11 11:06:15.804 DEBUG 8956 --- [kground-preinit] o.apache.tomcat.util.IntrospectionUtils  : IntrospectionUtils: setProperty(class org.apache.tomcat.util.modeler.AttributeInfo name=validate)
2019-05-11 11:06:15.804 DEBUG 8956 --- [kground-preinit] o.apache.tomcat.util.digester.Digester   : [SetPropertiesRule]{mbeans-descriptors/mbean/attribute} Setting property 'description' to 'The 'validate certificate chains' flag.'
2019-05-11 11:06:15.804 DEBUG 8956 --- [kground-preinit] o.apache.tomcat.util.IntrospectionUtils  : IntrospectionUtils: setProperty(class org.apache.tomcat.util.modeler.AttributeInfo description=The 'validate certificate chains' flag.)
2019-05-11 11:06:15.805 DEBUG 8956 --- [kground-preinit] o.apache.tomcat.util.digester.Digester   : [SetPropertiesRule]{mbeans-descriptors/mbean/attribute} Setting property 'type' to 'boolean'
2019-05-11 11:06:15.805 DEBUG 8956 --- [kground-preinit] o.apache.tomcat.util.IntrospectionUtils  : IntrospectionUtils: setProperty(class org.apache.tomcat.util.modeler.AttributeInfo type=boolean)
2019-05-11 11:06:15.805 DEBUG 8956 --- [kground-preinit] o.apache.tomcat.util.digester.Digester   :   Fire begin() for SetNextRule[methodName=addAttribute, paramType=org.apache.tomcat.util.modeler.AttributeInfo]
2019-05-11 11:06:15.805 DEBUG 8956 --- [kground-preinit] o.a.tomcat.util.digester.Digester.sax    : endElement(,,attribute)
2019-05-11 11:06:15.805 DEBUG 8956 --- [kground-preinit] o.apache.tomcat.util.digester.Digester   :   match='mbeans-descriptors/mbean/attribute'
2019-05-11 11:06:15.805 DEBUG 8956 --- [kground-preinit] o.apache.tomcat.util.digester.Digester   :   bodyText=''
2019-05-11 11:06:15.805 DEBUG 8956 --- [kground-preinit] o.apache.tomcat.util.digester.Digester   :   Fire body() for ObjectCreateRule[className=org.apache.tomcat.util.modeler.AttributeInfo, attributeName=null]
2019-05-11 11:06:15.805 DEBUG 8956 --- [kground-preinit] o.apache.tomcat.util.digester.Digester   :   Fire body() for SetPropertiesRule[]
2019-05-11 11:06:15.805 DEBUG 8956 --- [kground-preinit] o.apache.tomcat.util.digester.Digester   :   Fire body() for SetNextRule[methodName=addAttribute, paramType=org.apache.tomcat.util.modeler.AttributeInfo]
2019-05-11 11:06:15.805 DEBUG 8956 --- [kground-preinit] o.apache.tomcat.util.digester.Digester   :   Fire end() for SetNextRule[methodName=addAttribute, paramType=org.apache.tomcat.util.modeler.AttributeInfo]
2019-05-11 11:06:15.805 DEBUG 8956 --- [kground-preinit] o.apache.tomcat.util.digester.Digester   : [SetNextRule]{mbeans-descriptors/mbean/attribute} Call org.apache.tomcat.util.modeler.ManagedBean.addAttribute(org.apache.tomcat.util.modeler.AttributeInfo@6d52ef55)
2019-05-11 11:06:15.805 DEBUG 8956 --- [kground-preinit] o.apache.tomcat.util.IntrospectionUtils  : IntrospectionUtils: callMethod1 org.apache.tomcat.util.modeler.ManagedBean org.apache.tomcat.util.modeler.AttributeInfo org.apache.tomcat.util.modeler.AttributeInfo
2019-05-11 11:06:15.805 DEBUG 8956 --- [kground-preinit] o.apache.tomcat.util.digester.Digester   :   Fire end() for SetPropertiesRule[]
2019-05-11 11:06:15.805 DEBUG 8956 --- [kground-preinit] o.apache.tomcat.util.digester.Digester   :   Fire end() for ObjectCreateRule[className=org.apache.tomcat.util.modeler.AttributeInfo, attributeName=null]
2019-05-11 11:06:15.805 DEBUG 8956 --- [kground-preinit] o.apache.tomcat.util.digester.Digester   : [ObjectCreateRule]{mbeans-descriptors/mbean/attribute} Pop org.apache.tomcat.util.modeler.AttributeInfo
2019-05-11 11:06:15.805 DEBUG 8956 --- [kground-preinit] o.a.tomcat.util.digester.Digester.sax    : characters(


    )
2019-05-11 11:06:15.806 DEBUG 8956 --- [kground-preinit] o.a.tomcat.util.digester.Digester.sax    : startElement(,,operation)
2019-05-11 11:06:15.808 DEBUG 8956 --- [kground-preinit] o.apache.tomcat.util.digester.Digester   :   New match='mbeans-descriptors/mbean/operation'
2019-05-11 11:06:15.811 DEBUG 8956 --- [kground-preinit] o.apache.tomcat.util.digester.Digester   :   Fire begin() for ObjectCreateRule[className=org.apache.tomcat.util.modeler.OperationInfo, attributeName=null]
2019-05-11 11:06:15.811 DEBUG 8956 --- [kground-preinit] o.apache.tomcat.util.digester.Digester   : [ObjectCreateRule]{mbeans-descriptors/mbean/operation}New org.apache.tomcat.util.modeler.OperationInfo
2019-05-11 11:06:15.811 DEBUG 8956 --- [kground-preinit] o.apache.tomcat.util.digester.Digester   :   Fire begin() for SetPropertiesRule[]
2019-05-11 11:06:15.812 DEBUG 8956 --- [kground-preinit] o.apache.tomcat.util.digester.Digester   : [SetPropertiesRule]{mbeans-descriptors/mbean/operation} Set org.apache.tomcat.util.modeler.OperationInfo properties
2019-05-11 11:06:15.812 DEBUG 8956 --- [kground-preinit] o.apache.tomcat.util.digester.Digester   : [SetPropertiesRule]{mbeans-descriptors/mbean/operation} Setting property 'name' to 'start'
2019-05-11 11:06:15.812 DEBUG 8956 --- [kground-preinit] o.apache.tomcat.util.IntrospectionUtils  : IntrospectionUtils: setProperty(class org.apache.tomcat.util.modeler.OperationInfo name=start)
2019-05-11 11:06:15.813 DEBUG 8956 --- [kground-preinit] o.apache.tomcat.util.digester.Digester   : [SetPropertiesRule]{mbeans-descriptors/mbean/operation} Setting property 'description' to 'Start'
2019-05-11 11:06:15.813 DEBUG 8956 --- [kground-preinit] o.apache.tomcat.util.IntrospectionUtils  : IntrospectionUtils: setProperty(class org.apache.tomcat.util.modeler.OperationInfo description=Start)
2019-05-11 11:06:15.813 DEBUG 8956 --- [kground-preinit] o.apache.tomcat.util.digester.Digester   : [SetPropertiesRule]{mbeans-descriptors/mbean/operation} Setting property 'impact' to 'ACTION'
2019-05-11 11:06:15.813 DEBUG 8956 --- [kground-preinit] o.apache.tomcat.util.IntrospectionUtils  : IntrospectionUtils: setProperty(class org.apache.tomcat.util.modeler.OperationInfo impact=ACTION)
2019-05-11 11:06:15.813 DEBUG 8956 --- [kground-preinit] o.apache.tomcat.util.digester.Digester   : [SetPropertiesRule]{mbeans-descriptors/mbean/operation} Setting property 'returnType' to 'void'
2019-05-11 11:06:15.813 DEBUG 8956 --- [kground-preinit] o.apache.tomcat.util.IntrospectionUtils  : IntrospectionUtils: setProperty(class org.apache.tomcat.util.modeler.OperationInfo returnType=void)
2019-05-11 11:06:15.814 DEBUG 8956 --- [kground-preinit] o.apache.tomcat.util.digester.Digester   :   Fire begin() for SetNextRule[methodName=addOperation, paramType=org.apache.tomcat.util.modeler.OperationInfo]
2019-05-11 11:06:15.814 DEBUG 8956 --- [kground-preinit] o.a.tomcat.util.digester.Digester.sax    : endElement(,,operation)
2019-05-11 11:06:15.814 DEBUG 8956 --- [kground-preinit] o.apache.tomcat.util.digester.Digester   :   match='mbeans-descriptors/mbean/operation'
2019-05-11 11:06:15.814 DEBUG 8956 --- [kground-preinit] o.apache.tomcat.util.digester.Digester   :   bodyText=''
2019-05-11 11:06:15.814 DEBUG 8956 --- [kground-preinit] o.apache.tomcat.util.digester.Digester   :   Fire body() for ObjectCreateRule[className=org.apache.tomcat.util.modeler.OperationInfo, attributeName=null]
2019-05-11 11:06:15.814 DEBUG 8956 --- [kground-preinit] o.apache.tomcat.util.digester.Digester   :   Fire body() for SetPropertiesRule[]
2019-05-11 11:06:15.814 DEBUG 8956 --- [kground-preinit] o.apache.tomcat.util.digester.Digester   :   Fire body() for SetNextRule[methodName=addOperation, paramType=org.apache.tomcat.util.modeler.OperationInfo]
2019-05-11 11:06:15.814 DEBUG 8956 --- [kground-preinit] o.apache.tomcat.util.digester.Digester   :   Fire end() for SetNextRule[methodName=addOperation, paramType=org.apache.tomcat.util.modeler.OperationInfo]
2019-05-11 11:06:15.815 DEBUG 8956 --- [kground-preinit] o.apache.tomcat.util.digester.Digester   : [SetNextRule]{mbeans-descriptors/mbean/operation} Call org.apache.tomcat.util.modeler.ManagedBean.addOperation(org.apache.tomcat.util.modeler.OperationInfo@e70024e)
2019-05-11 11:06:15.815 DEBUG 8956 --- [kground-preinit] o.apache.tomcat.util.IntrospectionUtils  : IntrospectionUtils: callMethod1 org.apache.tomcat.util.modeler.ManagedBean org.apache.tomcat.util.modeler.OperationInfo org.apache.tomcat.util.modeler.OperationInfo
2019-05-11 11:06:15.815 DEBUG 8956 --- [kground-preinit] o.apache.tomcat.util.digester.Digester   :   Fire end() for SetPropertiesRule[]
2019-05-11 11:06:15.817 DEBUG 8956 --- [kground-preinit] o.apache.tomcat.util.digester.Digester   :   Fire end() for ObjectCreateRule[className=org.apache.tomcat.util.modeler.OperationInfo, attributeName=null]
2019-05-11 11:06:15.817 DEBUG 8956 --- [kground-preinit] o.apache.tomcat.util.digester.Digester   : [ObjectCreateRule]{mbeans-descriptors/mbean/operation} Pop org.apache.tomcat.util.modeler.OperationInfo
2019-05-11 11:06:15.818 DEBUG 8956 --- [kground-preinit] o.a.tomcat.util.digester.Digester.sax    : characters(
    )
2019-05-11 11:06:15.819 DEBUG 8956 --- [kground-preinit] o.a.tomcat.util.digester.Digester.sax    : startElement(,,operation)
2019-05-11 11:06:15.819 DEBUG 8956 --- [kground-preinit] o.apache.tomcat.util.digester.Digester   :   New match='mbeans-descriptors/mbean/operation'
2019-05-11 11:06:15.819 DEBUG 8956 --- [kground-preinit] o.apache.tomcat.util.digester.Digester   :   Fire begin() for ObjectCreateRule[className=org.apache.tomcat.util.modeler.OperationInfo, attributeName=null]
2019-05-11 11:06:15.819 DEBUG 8956 --- [kground-preinit] o.apache.tomcat.util.digester.Digester   : [ObjectCreateRule]{mbeans-descriptors/mbean/operation}New org.apache.tomcat.util.modeler.OperationInfo
2019-05-11 11:06:15.819 DEBUG 8956 --- [kground-preinit] o.apache.tomcat.util.digester.Digester   :   Fire begin() for SetPropertiesRule[]
2019-05-11 11:06:15.820 DEBUG 8956 --- [kground-preinit] o.apache.tomcat.util.digester.Digester   : [SetPropertiesRule]{mbeans-descriptors/mbean/operation} Set org.apache.tomcat.util.modeler.OperationInfo properties
2019-05-11 11:06:15.820 DEBUG 8956 --- [kground-preinit] o.apache.tomcat.util.digester.Digester   : [SetPropertiesRule]{mbeans-descriptors/mbean/operation} Setting property 'name' to 'stop'
2019-05-11 11:06:15.820 DEBUG 8956 --- [kground-preinit] o.apache.tomcat.util.IntrospectionUtils  : IntrospectionUtils: setProperty(class org.apache.tomcat.util.modeler.OperationInfo name=stop)
2019-05-11 11:06:15.820 DEBUG 8956 --- [kground-preinit] o.apache.tomcat.util.digester.Digester   : [SetPropertiesRule]{mbeans-descriptors/mbean/operation} Setting property 'description' to 'Stop'
2019-05-11 11:06:15.820 DEBUG 8956 --- [kground-preinit] o.apache.tomcat.util.IntrospectionUtils  : IntrospectionUtils: setProperty(class org.apache.tomcat.util.modeler.OperationInfo description=Stop)
2019-05-11 11:06:15.820 DEBUG 8956 --- [kground-preinit] o.apache.tomcat.util.digester.Digester   : [SetPropertiesRule]{mbeans-descriptors/mbean/operation} Setting property 'impact' to 'ACTION'
2019-05-11 11:06:15.821 DEBUG 8956 --- [kground-preinit] o.apache.tomcat.util.IntrospectionUtils  : IntrospectionUtils: setProperty(class org.apache.tomcat.util.modeler.OperationInfo impact=ACTION)
2019-05-11 11:06:15.821 DEBUG 8956 --- [kground-preinit] o.apache.tomcat.util.digester.Digester   : [SetPropertiesRule]{mbeans-descriptors/mbean/operation} Setting property 'returnType' to 'void'
2019-05-11 11:06:15.821 DEBUG 8956 --- [kground-preinit] o.apache.tomcat.util.IntrospectionUtils  : IntrospectionUtils: setProperty(class org.apache.tomcat.util.modeler.OperationInfo returnType=void)
2019-05-11 11:06:15.821 DEBUG 8956 --- [kground-preinit] o.apache.tomcat.util.digester.Digester   :   Fire begin() for SetNextRule[methodName=addOperation, paramType=org.apache.tomcat.util.modeler.OperationInfo]
2019-05-11 11:06:15.821 DEBUG 8956 --- [kground-preinit] o.a.tomcat.util.digester.Digester.sax    : endElement(,,operation)
2019-05-11 11:06:15.821 DEBUG 8956 --- [kground-preinit] o.apache.tomcat.util.digester.Digester   :   match='mbeans-descriptors/mbean/operation'
2019-05-11 11:06:15.822 DEBUG 8956 --- [kground-preinit] o.apache.tomcat.util.digester.Digester   :   bodyText=''
2019-05-11 11:06:15.822 DEBUG 8956 --- [kground-preinit] o.apache.tomcat.util.digester.Digester   :   Fire body() for ObjectCreateRule[className=org.apache.tomcat.util.modeler.OperationInfo, attributeName=null]
2019-05-11 11:06:15.822 DEBUG 8956 --- [kground-preinit] o.apache.tomcat.util.digester.Digester   :   Fire body() for SetPropertiesRule[]
2019-05-11 11:06:15.823 DEBUG 8956 --- [kground-preinit] o.apache.tomcat.util.digester.Digester   :   Fire body() for SetNextRule[methodName=addOperation, paramType=org.apache.tomcat.util.modeler.OperationInfo]
2019-05-11 11:06:15.823 DEBUG 8956 --- [kground-preinit] o.apache.tomcat.util.digester.Digester   :   Fire end() for SetNextRule[methodName=addOperation, paramType=org.apache.tomcat.util.modeler.OperationInfo]
2019-05-11 11:06:15.823 DEBUG 8956 --- [kground-preinit] o.apache.tomcat.util.digester.Digester   : [SetNextRule]{mbeans-descriptors/mbean/operation} Call org.apache.tomcat.util.modeler.ManagedBean.addOperation(org.apache.tomcat.util.modeler.OperationInfo@241c5ba9)
2019-05-11 11:06:15.823 DEBUG 8956 --- [kground-preinit] o.apache.tomcat.util.IntrospectionUtils  : IntrospectionUtils: callMethod1 org.apache.tomcat.util.modeler.ManagedBean org.apache.tomcat.util.modeler.OperationInfo org.apache.tomcat.util.modeler.OperationInfo
2019-05-11 11:06:15.823 DEBUG 8956 --- [kground-preinit] o.apache.tomcat.util.digester.Digester   :   Fire end() for SetPropertiesRule[]
2019-05-11 11:06:15.823 DEBUG 8956 --- [kground-preinit] o.apache.tomcat.util.digester.Digester   :   Fire end() for ObjectCreateRule[className=org.apache.tomcat.util.modeler.OperationInfo, attributeName=null]
2019-05-11 11:06:15.823 DEBUG 8956 --- [kground-preinit] o.apache.tomcat.util.digester.Digester   : [ObjectCreateRule]{mbeans-descriptors/mbean/operation} Pop org.apache.tomcat.util.modeler.OperationInfo
2019-05-11 11:06:15.824 DEBUG 8956 --- [kground-preinit] o.a.tomcat.util.digester.Digester.sax    : characters(
    )
2019-05-11 11:06:15.825 DEBUG 8956 --- [kground-preinit] o.a.tomcat.util.digester.Digester.sax    : startElement(,,operation)
2019-05-11 11:06:15.825 DEBUG 8956 --- [kground-preinit] o.apache.tomcat.util.digester.Digester   :   New match='mbeans-descriptors/mbean/operation'
2019-05-11 11:06:15.826 DEBUG 8956 --- [kground-preinit] o.apache.tomcat.util.digester.Digester   :   Fire begin() for ObjectCreateRule[className=org.apache.tomcat.util.modeler.OperationInfo, attributeName=null]
2019-05-11 11:06:15.826 DEBUG 8956 --- [kground-preinit] o.apache.tomcat.util.digester.Digester   : [ObjectCreateRule]{mbeans-descriptors/mbean/operation}New org.apache.tomcat.util.modeler.OperationInfo
2019-05-11 11:06:15.826 DEBUG 8956 --- [kground-preinit] o.apache.tomcat.util.digester.Digester   :   Fire begin() for SetPropertiesRule[]
2019-05-11 11:06:15.826 DEBUG 8956 --- [kground-preinit] o.apache.tomcat.util.digester.Digester   : [SetPropertiesRule]{mbeans-descriptors/mbean/operation} Set org.apache.tomcat.util.modeler.OperationInfo properties
2019-05-11 11:06:15.826 DEBUG 8956 --- [kground-preinit] o.apache.tomcat.util.digester.Digester   : [SetPropertiesRule]{mbeans-descriptors/mbean/operation} Setting property 'name' to 'init'
2019-05-11 11:06:15.826 DEBUG 8956 --- [kground-preinit] o.apache.tomcat.util.IntrospectionUtils  : IntrospectionUtils: setProperty(class org.apache.tomcat.util.modeler.OperationInfo name=init)
2019-05-11 11:06:15.827 DEBUG 8956 --- [kground-preinit] o.apache.tomcat.util.digester.Digester   : [SetPropertiesRule]{mbeans-descriptors/mbean/operation} Setting property 'description' to 'Init'
2019-05-11 11:06:15.827 DEBUG 8956 --- [kground-preinit] o.apache.tomcat.util.IntrospectionUtils  : IntrospectionUtils: setProperty(class org.apache.tomcat.util.modeler.OperationInfo description=Init)
2019-05-11 11:06:15.827 DEBUG 8956 --- [kground-preinit] o.apache.tomcat.util.digester.Digester   : [SetPropertiesRule]{mbeans-descriptors/mbean/operation} Setting property 'impact' to 'ACTION'
2019-05-11 11:06:15.827 DEBUG 8956 --- [kground-preinit] o.apache.tomcat.util.IntrospectionUtils  : IntrospectionUtils: setProperty(class org.apache.tomcat.util.modeler.OperationInfo impact=ACTION)
2019-05-11 11:06:15.827 DEBUG 8956 --- [kground-preinit] o.apache.tomcat.util.digester.Digester   : [SetPropertiesRule]{mbeans-descriptors/mbean/operation} Setting property 'returnType' to 'void'
2019-05-11 11:06:15.827 DEBUG 8956 --- [kground-preinit] o.apache.tomcat.util.IntrospectionUtils  : IntrospectionUtils: setProperty(class org.apache.tomcat.util.modeler.OperationInfo returnType=void)
2019-05-11 11:06:15.827 DEBUG 8956 --- [kground-preinit] o.apache.tomcat.util.digester.Digester   :   Fire begin() for SetNextRule[methodName=addOperation, paramType=org.apache.tomcat.util.modeler.OperationInfo]
2019-05-11 11:06:15.827 DEBUG 8956 --- [kground-preinit] o.a.tomcat.util.digester.Digester.sax    : endElement(,,operation)
2019-05-11 11:06:15.827 DEBUG 8956 --- [kground-preinit] o.apache.tomcat.util.digester.Digester   :   match='mbeans-descriptors/mbean/operation'
2019-05-11 11:06:15.827 DEBUG 8956 --- [kground-preinit] o.apache.tomcat.util.digester.Digester   :   bodyText=''
2019-05-11 11:06:15.828 DEBUG 8956 --- [kground-preinit] o.apache.tomcat.util.digester.Digester   :   Fire body() for ObjectCreateRule[className=org.apache.tomcat.util.modeler.OperationInfo, attributeName=null]
2019-05-11 11:06:15.828 DEBUG 8956 --- [kground-preinit] o.apache.tomcat.util.digester.Digester   :   Fire body() for SetPropertiesRule[]
2019-05-11 11:06:15.828 DEBUG 8956 --- [kground-preinit] o.apache.tomcat.util.digester.Digester   :   Fire body() for SetNextRule[methodName=addOperation, paramType=org.apache.tomcat.util.modeler.OperationInfo]
2019-05-11 11:06:15.828 DEBUG 8956 --- [kground-preinit] o.apache.tomcat.util.digester.Digester   :   Fire end() for SetNextRule[methodName=addOperation, paramType=org.apache.tomcat.util.modeler.OperationInfo]
2019-05-11 11:06:15.828 DEBUG 8956 --- [kground-preinit] o.apache.tomcat.util.digester.Digester   : [SetNextRule]{mbeans-descriptors/mbean/operation} Call org.apache.tomcat.util.modeler.ManagedBean.addOperation(org.apache.tomcat.util.modeler.OperationInfo@608a6e20)
2019-05-11 11:06:15.828 DEBUG 8956 --- [kground-preinit] o.apache.tomcat.util.IntrospectionUtils  : IntrospectionUtils: callMethod1 org.apache.tomcat.util.modeler.ManagedBean org.apache.tomcat.util.modeler.OperationInfo org.apache.tomcat.util.modeler.OperationInfo
2019-05-11 11:06:15.828 DEBUG 8956 --- [kground-preinit] o.apache.tomcat.util.digester.Digester   :   Fire end() for SetPropertiesRule[]
2019-05-11 11:06:15.828 DEBUG 8956 --- [kground-preinit] o.apache.tomcat.util.digester.Digester   :   Fire end() for ObjectCreateRule[className=org.apache.tomcat.util.modeler.OperationInfo, attributeName=null]
2019-05-11 11:06:15.828 DEBUG 8956 --- [kground-preinit] o.apache.tomcat.util.digester.Digester   : [ObjectCreateRule]{mbeans-descriptors/mbean/operation} Pop org.apache.tomcat.util.modeler.OperationInfo
2019-05-11 11:06:15.828 DEBUG 8956 --- [kground-preinit] o.a.tomcat.util.digester.Digester.sax    : characters(
    )
2019-05-11 11:06:15.828 DEBUG 8956 --- [kground-preinit] o.a.tomcat.util.digester.Digester.sax    : startElement(,,operation)
2019-05-11 11:06:15.829 DEBUG 8956 --- [kground-preinit] o.apache.tomcat.util.digester.Digester   :   New match='mbeans-descriptors/mbean/operation'
2019-05-11 11:06:15.829 DEBUG 8956 --- [kground-preinit] o.apache.tomcat.util.digester.Digester   :   Fire begin() for ObjectCreateRule[className=org.apache.tomcat.util.modeler.OperationInfo, attributeName=null]
2019-05-11 11:06:15.829 DEBUG 8956 --- [kground-preinit] o.apache.tomcat.util.digester.Digester   : [ObjectCreateRule]{mbeans-descriptors/mbean/operation}New org.apache.tomcat.util.modeler.OperationInfo
2019-05-11 11:06:15.829 DEBUG 8956 --- [kground-preinit] o.apache.tomcat.util.digester.Digester   :   Fire begin() for SetPropertiesRule[]
2019-05-11 11:06:15.829 DEBUG 8956 --- [kground-preinit] o.apache.tomcat.util.digester.Digester   : [SetPropertiesRule]{mbeans-descriptors/mbean/operation} Set org.apache.tomcat.util.modeler.OperationInfo properties
2019-05-11 11:06:15.829 DEBUG 8956 --- [kground-preinit] o.apache.tomcat.util.digester.Digester   : [SetPropertiesRule]{mbeans-descriptors/mbean/operation} Setting property 'name' to 'destroy'
2019-05-11 11:06:15.829 DEBUG 8956 --- [kground-preinit] o.apache.tomcat.util.IntrospectionUtils  : IntrospectionUtils: setProperty(class org.apache.tomcat.util.modeler.OperationInfo name=destroy)
2019-05-11 11:06:15.829 DEBUG 8956 --- [kground-preinit] o.apache.tomcat.util.digester.Digester   : [SetPropertiesRule]{mbeans-descriptors/mbean/operation} Setting property 'description' to 'Destroy'
2019-05-11 11:06:15.829 DEBUG 8956 --- [           main] o.s.c.e.PropertySourcesPropertyResolver  : Could not find key 'spring.dubbo.provider.protocol' in any property source
2019-05-11 11:06:15.829 DEBUG 8956 --- [kground-preinit] o.apache.tomcat.util.IntrospectionUtils  : IntrospectionUtils: setProperty(class org.apache.tomcat.util.modeler.OperationInfo description=Destroy)
2019-05-11 11:06:15.829 DEBUG 8956 --- [           main] o.s.c.e.PropertySourcesPropertyResolver  : Could not find key 'spring.dubbo.provider.registry' in any property source
2019-05-11 11:06:15.830 DEBUG 8956 --- [kground-preinit] o.apache.tomcat.util.digester.Digester   : [SetPropertiesRule]{mbeans-descriptors/mbean/operation} Setting property 'impact' to 'ACTION'
2019-05-11 11:06:15.830 DEBUG 8956 --- [kground-preinit] o.apache.tomcat.util.IntrospectionUtils  : IntrospectionUtils: setProperty(class org.apache.tomcat.util.modeler.OperationInfo impact=ACTION)
2019-05-11 11:06:15.830 DEBUG 8956 --- [kground-preinit] o.apache.tomcat.util.digester.Digester   : [SetPropertiesRule]{mbeans-descriptors/mbean/operation} Setting property 'returnType' to 'void'
2019-05-11 11:06:15.830 DEBUG 8956 --- [kground-preinit] o.apache.tomcat.util.IntrospectionUtils  : IntrospectionUtils: setProperty(class org.apache.tomcat.util.modeler.OperationInfo returnType=void)
2019-05-11 11:06:15.830 DEBUG 8956 --- [kground-preinit] o.apache.tomcat.util.digester.Digester   :   Fire begin() for SetNextRule[methodName=addOperation, paramType=org.apache.tomcat.util.modeler.OperationInfo]
2019-05-11 11:06:15.830 DEBUG 8956 --- [kground-preinit] o.a.tomcat.util.digester.Digester.sax    : endElement(,,operation)
2019-05-11 11:06:15.830 DEBUG 8956 --- [kground-preinit] o.apache.tomcat.util.digester.Digester   :   match='mbeans-descriptors/mbean/operation'
2019-05-11 11:06:15.830 DEBUG 8956 --- [kground-preinit] o.apache.tomcat.util.digester.Digester   :   bodyText=''
2019-05-11 11:06:15.830 DEBUG 8956 --- [kground-preinit] o.apache.tomcat.util.digester.Digester   :   Fire body() for ObjectCreateRule[className=org.apache.tomcat.util.modeler.OperationInfo, attributeName=null]
2019-05-11 11:06:15.830 DEBUG 8956 --- [kground-preinit] o.apache.tomcat.util.digester.Digester   :   Fire body() for SetPropertiesRule[]
2019-05-11 11:06:15.830 DEBUG 8956 --- [kground-preinit] o.apache.tomcat.util.digester.Digester   :   Fire body() for SetNextRule[methodName=addOperation, paramType=org.apache.tomcat.util.modeler.OperationInfo]
2019-05-11 11:06:15.830 DEBUG 8956 --- [           main] o.s.c.e.PropertySourcesPropertyResolver  : Could not find key 'spring.dubbo.consumer.registry' in any property source
2019-05-11 11:06:15.830 DEBUG 8956 --- [kground-preinit] o.apache.tomcat.util.digester.Digester   :   Fire end() for SetNextRule[methodName=addOperation, paramType=org.apache.tomcat.util.modeler.OperationInfo]
2019-05-11 11:06:15.831 DEBUG 8956 --- [kground-preinit] o.apache.tomcat.util.digester.Digester   : [SetNextRule]{mbeans-descriptors/mbean/operation} Call org.apache.tomcat.util.modeler.ManagedBean.addOperation(org.apache.tomcat.util.modeler.OperationInfo@1a581d23)
2019-05-11 11:06:15.831 DEBUG 8956 --- [kground-preinit] o.apache.tomcat.util.IntrospectionUtils  : IntrospectionUtils: callMethod1 org.apache.tomcat.util.modeler.ManagedBean org.apache.tomcat.util.modeler.OperationInfo org.apache.tomcat.util.modeler.OperationInfo
2019-05-11 11:06:15.831 DEBUG 8956 --- [kground-preinit] o.apache.tomcat.util.digester.Digester   :   Fire end() for SetPropertiesRule[]
2019-05-11 11:06:15.832 DEBUG 8956 --- [kground-preinit] o.apache.tomcat.util.digester.Digester   :   Fire end() for ObjectCreateRule[className=org.apache.tomcat.util.modeler.OperationInfo, attributeName=null]
2019-05-11 11:06:15.832 DEBUG 8956 --- [kground-preinit] o.apache.tomcat.util.digester.Digester   : [ObjectCreateRule]{mbeans-descriptors/mbean/operation} Pop org.apache.tomcat.util.modeler.OperationInfo
2019-05-11 11:06:15.832 DEBUG 8956 --- [kground-preinit] o.a.tomcat.util.digester.Digester.sax    : characters(

  )
2019-05-11 11:06:15.832 DEBUG 8956 --- [kground-preinit] o.a.tomcat.util.digester.Digester.sax    : endElement(,,mbean)
2019-05-11 11:06:15.832 DEBUG 8956 --- [kground-preinit] o.apache.tomcat.util.digester.Digester   :   match='mbeans-descriptors/mbean'
2019-05-11 11:06:15.832 DEBUG 8956 --- [kground-preinit] o.apache.tomcat.util.digester.Digester   :   bodyText='

    

    

    

    

    

    

    

    

    

    

    

    


    
    
    
    

  '
2019-05-11 11:06:15.832 DEBUG 8956 --- [kground-preinit] o.apache.tomcat.util.digester.Digester   :   Fire body() for ObjectCreateRule[className=org.apache.tomcat.util.modeler.ManagedBean, attributeName=null]
2019-05-11 11:06:15.832 DEBUG 8956 --- [kground-preinit] o.apache.tomcat.util.digester.Digester   :   Fire body() for SetPropertiesRule[]
2019-05-11 11:06:15.832 DEBUG 8956 --- [kground-preinit] o.apache.tomcat.util.digester.Digester   :   Fire body() for SetNextRule[methodName=add, paramType=java.lang.Object]
2019-05-11 11:06:15.832 DEBUG 8956 --- [kground-preinit] o.apache.tomcat.util.digester.Digester   :   Fire end() for SetNextRule[methodName=add, paramType=java.lang.Object]
2019-05-11 11:06:15.832 DEBUG 8956 --- [kground-preinit] o.apache.tomcat.util.digester.Digester   : [SetNextRule]{mbeans-descriptors/mbean} Call java.util.ArrayList.add(ManagedBean[name=DataSourceRealm, className=org.apache.catalina.mbeans.ClassNameMBean, description=Implementation of Realm that works with any JNDI configured DataSource, group=Realm, type=org.apache.catalina.realm.DataSourceRealm])
2019-05-11 11:06:15.833 DEBUG 8956 --- [kground-preinit] o.apache.tomcat.util.IntrospectionUtils  : IntrospectionUtils: callMethod1 java.util.ArrayList org.apache.tomcat.util.modeler.ManagedBean java.lang.Object
2019-05-11 11:06:15.833 DEBUG 8956 --- [kground-preinit] o.apache.tomcat.util.digester.Digester   :   Fire end() for SetPropertiesRule[]
2019-05-11 11:06:15.833 DEBUG 8956 --- [kground-preinit] o.apache.tomcat.util.digester.Digester   :   Fire end() for ObjectCreateRule[className=org.apache.tomcat.util.modeler.ManagedBean, attributeName=null]
2019-05-11 11:06:15.833 DEBUG 8956 --- [kground-preinit] o.apache.tomcat.util.digester.Digester   : [ObjectCreateRule]{mbeans-descriptors/mbean} Pop org.apache.tomcat.util.modeler.ManagedBean
2019-05-11 11:06:15.833 DEBUG 8956 --- [kground-preinit] o.a.tomcat.util.digester.Digester.sax    : characters(

  )
2019-05-11 11:06:15.833 DEBUG 8956 --- [kground-preinit] o.a.tomcat.util.digester.Digester.sax    : startElement(,,mbean)
2019-05-11 11:06:15.833 DEBUG 8956 --- [kground-preinit] o.apache.tomcat.util.digester.Digester   :   New match='mbeans-descriptors/mbean'
2019-05-11 11:06:15.833 DEBUG 8956 --- [kground-preinit] o.apache.tomcat.util.digester.Digester   :   Fire begin() for ObjectCreateRule[className=org.apache.tomcat.util.modeler.ManagedBean, attributeName=null]
2019-05-11 11:06:15.833 DEBUG 8956 --- [kground-preinit] o.apache.tomcat.util.digester.Digester   : [ObjectCreateRule]{mbeans-descriptors/mbean}New org.apache.tomcat.util.modeler.ManagedBean
2019-05-11 11:06:15.834 DEBUG 8956 --- [kground-preinit] o.apache.tomcat.util.digester.Digester   :   Fire begin() for SetPropertiesRule[]
2019-05-11 11:06:15.834 DEBUG 8956 --- [kground-preinit] o.apache.tomcat.util.digester.Digester   : [SetPropertiesRule]{mbeans-descriptors/mbean} Set org.apache.tomcat.util.modeler.ManagedBean properties
2019-05-11 11:06:15.834 DEBUG 8956 --- [kground-preinit] o.apache.tomcat.util.digester.Digester   : [SetPropertiesRule]{mbeans-descriptors/mbean} Setting property 'name' to 'JAASRealm'
2019-05-11 11:06:15.834 DEBUG 8956 --- [kground-preinit] o.apache.tomcat.util.IntrospectionUtils  : IntrospectionUtils: setProperty(class org.apache.tomcat.util.modeler.ManagedBean name=JAASRealm)
2019-05-11 11:06:15.834 DEBUG 8956 --- [kground-preinit] o.apache.tomcat.util.digester.Digester   : [SetPropertiesRule]{mbeans-descriptors/mbean} Setting property 'description' to 'Implementation of Realm that authenticates users via the Java Authentication and Authorization Service (JAAS)'
2019-05-11 11:06:15.834 DEBUG 8956 --- [kground-preinit] o.apache.tomcat.util.IntrospectionUtils  : IntrospectionUtils: setProperty(class org.apache.tomcat.util.modeler.ManagedBean description=Implementation of Realm that authenticates users via the Java Authentication and Authorization Service (JAAS))
2019-05-11 11:06:15.834 DEBUG 8956 --- [kground-preinit] o.apache.tomcat.util.digester.Digester   : [SetPropertiesRule]{mbeans-descriptors/mbean} Setting property 'domain' to 'Catalina'
2019-05-11 11:06:15.834 DEBUG 8956 --- [kground-preinit] o.apache.tomcat.util.IntrospectionUtils  : IntrospectionUtils: setProperty(class org.apache.tomcat.util.modeler.ManagedBean domain=Catalina)
2019-05-11 11:06:15.834 DEBUG 8956 --- [kground-preinit] o.apache.tomcat.util.digester.Digester   : [SetPropertiesRule]{mbeans-descriptors/mbean} Setting property 'group' to 'Realm'
2019-05-11 11:06:15.834 DEBUG 8956 --- [kground-preinit] o.apache.tomcat.util.IntrospectionUtils  : IntrospectionUtils: setProperty(class org.apache.tomcat.util.modeler.ManagedBean group=Realm)
2019-05-11 11:06:15.835 DEBUG 8956 --- [kground-preinit] o.apache.tomcat.util.digester.Digester   : [SetPropertiesRule]{mbeans-descriptors/mbean} Setting property 'type' to 'org.apache.catalina.realm.JAASRealm'
2019-05-11 11:06:15.835 DEBUG 8956 --- [kground-preinit] o.apache.tomcat.util.IntrospectionUtils  : IntrospectionUtils: setProperty(class org.apache.tomcat.util.modeler.ManagedBean type=org.apache.catalina.realm.JAASRealm)
2019-05-11 11:06:15.835 DEBUG 8956 --- [kground-preinit] o.apache.tomcat.util.digester.Digester   :   Fire begin() for SetNextRule[methodName=add, paramType=java.lang.Object]
2019-05-11 11:06:15.835 DEBUG 8956 --- [kground-preinit] o.a.tomcat.util.digester.Digester.sax    : characters(

    )
2019-05-11 11:06:15.831  INFO 8956 --- [           main] c.r.dubbo.config.DubboAutoConfiguration  : dubbo开始扫描: online.yjyy
2019-05-11 11:06:15.835 DEBUG 8956 --- [kground-preinit] o.a.tomcat.util.digester.Digester.sax    : startElement(,,attribute)
2019-05-11 11:06:15.836 DEBUG 8956 --- [kground-preinit] o.apache.tomcat.util.digester.Digester   :   New match='mbeans-descriptors/mbean/attribute'
2019-05-11 11:06:15.836 DEBUG 8956 --- [kground-preinit] o.apache.tomcat.util.digester.Digester   :   Fire begin() for ObjectCreateRule[className=org.apache.tomcat.util.modeler.AttributeInfo, attributeName=null]
2019-05-11 11:06:15.836 DEBUG 8956 --- [kground-preinit] o.apache.tomcat.util.digester.Digester   : [ObjectCreateRule]{mbeans-descriptors/mbean/attribute}New org.apache.tomcat.util.modeler.AttributeInfo
2019-05-11 11:06:15.836 DEBUG 8956 --- [kground-preinit] o.apache.tomcat.util.digester.Digester   :   Fire begin() for SetPropertiesRule[]
2019-05-11 11:06:15.836 DEBUG 8956 --- [kground-preinit] o.apache.tomcat.util.digester.Digester   : [SetPropertiesRule]{mbeans-descriptors/mbean/attribute} Set org.apache.tomcat.util.modeler.AttributeInfo properties
2019-05-11 11:06:15.836 DEBUG 8956 --- [kground-preinit] o.apache.tomcat.util.digester.Digester   : [SetPropertiesRule]{mbeans-descriptors/mbean/attribute} Setting property 'name' to 'allRolesMode'
2019-05-11 11:06:15.836 DEBUG 8956 --- [kground-preinit] o.apache.tomcat.util.IntrospectionUtils  : IntrospectionUtils: setProperty(class org.apache.tomcat.util.modeler.AttributeInfo name=allRolesMode)
2019-05-11 11:06:15.836 DEBUG 8956 --- [kground-preinit] o.apache.tomcat.util.digester.Digester   : [SetPropertiesRule]{mbeans-descriptors/mbean/attribute} Setting property 'description' to 'The all roles mode.'
2019-05-11 11:06:15.836 DEBUG 8956 --- [kground-preinit] o.apache.tomcat.util.IntrospectionUtils  : IntrospectionUtils: setProperty(class org.apache.tomcat.util.modeler.AttributeInfo description=The all roles mode.)
2019-05-11 11:06:15.837 DEBUG 8956 --- [kground-preinit] o.apache.tomcat.util.digester.Digester   : [SetPropertiesRule]{mbeans-descriptors/mbean/attribute} Setting property 'type' to 'java.lang.String'
2019-05-11 11:06:15.837 DEBUG 8956 --- [kground-preinit] o.apache.tomcat.util.IntrospectionUtils  : IntrospectionUtils: setProperty(class org.apache.tomcat.util.modeler.AttributeInfo type=java.lang.String)
2019-05-11 11:06:15.837 DEBUG 8956 --- [kground-preinit] o.apache.tomcat.util.digester.Digester   :   Fire begin() for SetNextRule[methodName=addAttribute, paramType=org.apache.tomcat.util.modeler.AttributeInfo]
2019-05-11 11:06:15.837 DEBUG 8956 --- [kground-preinit] o.a.tomcat.util.digester.Digester.sax    : endElement(,,attribute)
2019-05-11 11:06:15.837 DEBUG 8956 --- [kground-preinit] o.apache.tomcat.util.digester.Digester   :   match='mbeans-descriptors/mbean/attribute'
2019-05-11 11:06:15.837 DEBUG 8956 --- [kground-preinit] o.apache.tomcat.util.digester.Digester   :   bodyText=''
2019-05-11 11:06:15.837 DEBUG 8956 --- [kground-preinit] o.apache.tomcat.util.digester.Digester   :   Fire body() for ObjectCreateRule[className=org.apache.tomcat.util.modeler.AttributeInfo, attributeName=null]
2019-05-11 11:06:15.837 DEBUG 8956 --- [kground-preinit] o.apache.tomcat.util.digester.Digester   :   Fire body() for SetPropertiesRule[]
2019-05-11 11:06:15.837 DEBUG 8956 --- [kground-preinit] o.apache.tomcat.util.digester.Digester   :   Fire body() for SetNextRule[methodName=addAttribute, paramType=org.apache.tomcat.util.modeler.AttributeInfo]
2019-05-11 11:06:15.837 DEBUG 8956 --- [kground-preinit] o.apache.tomcat.util.digester.Digester   :   Fire end() for SetNextRule[methodName=addAttribute, paramType=org.apache.tomcat.util.modeler.AttributeInfo]
2019-05-11 11:06:15.837 DEBUG 8956 --- [kground-preinit] o.apache.tomcat.util.digester.Digester   : [SetNextRule]{mbeans-descriptors/mbean/attribute} Call org.apache.tomcat.util.modeler.ManagedBean.addAttribute(org.apache.tomcat.util.modeler.AttributeInfo@14b40e54)
2019-05-11 11:06:15.839 DEBUG 8956 --- [kground-preinit] o.apache.tomcat.util.IntrospectionUtils  : IntrospectionUtils: callMethod1 org.apache.tomcat.util.modeler.ManagedBean org.apache.tomcat.util.modeler.AttributeInfo org.apache.tomcat.util.modeler.AttributeInfo
2019-05-11 11:06:15.839 DEBUG 8956 --- [kground-preinit] o.apache.tomcat.util.digester.Digester   :   Fire end() for SetPropertiesRule[]
2019-05-11 11:06:15.839 DEBUG 8956 --- [kground-preinit] o.apache.tomcat.util.digester.Digester   :   Fire end() for ObjectCreateRule[className=org.apache.tomcat.util.modeler.AttributeInfo, attributeName=null]
2019-05-11 11:06:15.839 DEBUG 8956 --- [kground-preinit] o.apache.tomcat.util.digester.Digester   : [ObjectCreateRule]{mbeans-descriptors/mbean/attribute} Pop org.apache.tomcat.util.modeler.AttributeInfo
2019-05-11 11:06:15.839 DEBUG 8956 --- [kground-preinit] o.a.tomcat.util.digester.Digester.sax    : characters(

    )
2019-05-11 11:06:15.839 DEBUG 8956 --- [kground-preinit] o.a.tomcat.util.digester.Digester.sax    : startElement(,,attribute)
2019-05-11 11:06:15.839 DEBUG 8956 --- [kground-preinit] o.apache.tomcat.util.digester.Digester   :   New match='mbeans-descriptors/mbean/attribute'
2019-05-11 11:06:15.839 DEBUG 8956 --- [kground-preinit] o.apache.tomcat.util.digester.Digester   :   Fire begin() for ObjectCreateRule[className=org.apache.tomcat.util.modeler.AttributeInfo, attributeName=null]
2019-05-11 11:06:15.839 DEBUG 8956 --- [kground-preinit] o.apache.tomcat.util.digester.Digester   : [ObjectCreateRule]{mbeans-descriptors/mbean/attribute}New org.apache.tomcat.util.modeler.AttributeInfo
2019-05-11 11:06:15.840 DEBUG 8956 --- [kground-preinit] o.apache.tomcat.util.digester.Digester   :   Fire begin() for SetPropertiesRule[]
2019-05-11 11:06:15.840 DEBUG 8956 --- [kground-preinit] o.apache.tomcat.util.digester.Digester   : [SetPropertiesRule]{mbeans-descriptors/mbean/attribute} Set org.apache.tomcat.util.modeler.AttributeInfo properties
2019-05-11 11:06:15.840 DEBUG 8956 --- [kground-preinit] o.apache.tomcat.util.digester.Digester   : [SetPropertiesRule]{mbeans-descriptors/mbean/attribute} Setting property 'name' to 'appName'
2019-05-11 11:06:15.840 DEBUG 8956 --- [kground-preinit] o.apache.tomcat.util.IntrospectionUtils  : IntrospectionUtils: setProperty(class org.apache.tomcat.util.modeler.AttributeInfo name=appName)
2019-05-11 11:06:15.841 DEBUG 8956 --- [kground-preinit] o.apache.tomcat.util.digester.Digester   : [SetPropertiesRule]{mbeans-descriptors/mbean/attribute} Setting property 'description' to 'The application name passed to the JAAS LoginContext, which uses it to select the set of relevant LoginModules'
2019-05-11 11:06:15.841 DEBUG 8956 --- [kground-preinit] o.apache.tomcat.util.IntrospectionUtils  : IntrospectionUtils: setProperty(class org.apache.tomcat.util.modeler.AttributeInfo description=The application name passed to the JAAS LoginContext, which uses it to select the set of relevant LoginModules)
2019-05-11 11:06:15.842 DEBUG 8956 --- [kground-preinit] o.apache.tomcat.util.digester.Digester   : [SetPropertiesRule]{mbeans-descriptors/mbean/attribute} Setting property 'type' to 'java.lang.String'
2019-05-11 11:06:15.842 DEBUG 8956 --- [kground-preinit] o.apache.tomcat.util.IntrospectionUtils  : IntrospectionUtils: setProperty(class org.apache.tomcat.util.modeler.AttributeInfo type=java.lang.String)
2019-05-11 11:06:15.842 DEBUG 8956 --- [kground-preinit] o.apache.tomcat.util.digester.Digester   :   Fire begin() for SetNextRule[methodName=addAttribute, paramType=org.apache.tomcat.util.modeler.AttributeInfo]
2019-05-11 11:06:15.842 DEBUG 8956 --- [kground-preinit] o.a.tomcat.util.digester.Digester.sax    : endElement(,,attribute)
2019-05-11 11:06:15.842 DEBUG 8956 --- [kground-preinit] o.apache.tomcat.util.digester.Digester   :   match='mbeans-descriptors/mbean/attribute'
2019-05-11 11:06:15.843 DEBUG 8956 --- [kground-preinit] o.apache.tomcat.util.digester.Digester   :   bodyText=''
2019-05-11 11:06:15.843 DEBUG 8956 --- [kground-preinit] o.apache.tomcat.util.digester.Digester   :   Fire body() for ObjectCreateRule[className=org.apache.tomcat.util.modeler.AttributeInfo, attributeName=null]
2019-05-11 11:06:15.843 DEBUG 8956 --- [kground-preinit] o.apache.tomcat.util.digester.Digester   :   Fire body() for SetPropertiesRule[]
2019-05-11 11:06:15.843 DEBUG 8956 --- [kground-preinit] o.apache.tomcat.util.digester.Digester   :   Fire body() for SetNextRule[methodName=addAttribute, paramType=org.apache.tomcat.util.modeler.AttributeInfo]
2019-05-11 11:06:15.843 DEBUG 8956 --- [kground-preinit] o.apache.tomcat.util.digester.Digester   :   Fire end() for SetNextRule[methodName=addAttribute, paramType=org.apache.tomcat.util.modeler.AttributeInfo]
2019-05-11 11:06:15.843 DEBUG 8956 --- [kground-preinit] o.apache.tomcat.util.digester.Digester   : [SetNextRule]{mbeans-descriptors/mbean/attribute} Call org.apache.tomcat.util.modeler.ManagedBean.addAttribute(org.apache.tomcat.util.modeler.AttributeInfo@52b3ce78)
2019-05-11 11:06:15.843 DEBUG 8956 --- [kground-preinit] o.apache.tomcat.util.IntrospectionUtils  : IntrospectionUtils: callMethod1 org.apache.tomcat.util.modeler.ManagedBean org.apache.tomcat.util.modeler.AttributeInfo org.apache.tomcat.util.modeler.AttributeInfo
2019-05-11 11:06:15.844 DEBUG 8956 --- [kground-preinit] o.apache.tomcat.util.digester.Digester   :   Fire end() for SetPropertiesRule[]
2019-05-11 11:06:15.844 DEBUG 8956 --- [kground-preinit] o.apache.tomcat.util.digester.Digester   :   Fire end() for ObjectCreateRule[className=org.apache.tomcat.util.modeler.AttributeInfo, attributeName=null]
2019-05-11 11:06:15.844 DEBUG 8956 --- [kground-preinit] o.apache.tomcat.util.digester.Digester   : [ObjectCreateRule]{mbeans-descriptors/mbean/attribute} Pop org.apache.tomcat.util.modeler.AttributeInfo
2019-05-11 11:06:15.844 DEBUG 8956 --- [kground-preinit] o.a.tomcat.util.digester.Digester.sax    : characters(

    )
2019-05-11 11:06:15.844 DEBUG 8956 --- [kground-preinit] o.a.tomcat.util.digester.Digester.sax    : startElement(,,attribute)
2019-05-11 11:06:15.844 DEBUG 8956 --- [kground-preinit] o.apache.tomcat.util.digester.Digester   :   New match='mbeans-descriptors/mbean/attribute'
2019-05-11 11:06:15.845 DEBUG 8956 --- [kground-preinit] o.apache.tomcat.util.digester.Digester   :   Fire begin() for ObjectCreateRule[className=org.apache.tomcat.util.modeler.AttributeInfo, attributeName=null]
2019-05-11 11:06:15.845 DEBUG 8956 --- [kground-preinit] o.apache.tomcat.util.digester.Digester   : [ObjectCreateRule]{mbeans-descriptors/mbean/attribute}New org.apache.tomcat.util.modeler.AttributeInfo
2019-05-11 11:06:15.845 DEBUG 8956 --- [kground-preinit] o.apache.tomcat.util.digester.Digester   :   Fire begin() for SetPropertiesRule[]
2019-05-11 11:06:15.845 DEBUG 8956 --- [kground-preinit] o.apache.tomcat.util.digester.Digester   : [SetPropertiesRule]{mbeans-descriptors/mbean/attribute} Set org.apache.tomcat.util.modeler.AttributeInfo properties
2019-05-11 11:06:15.845 DEBUG 8956 --- [kground-preinit] o.apache.tomcat.util.digester.Digester   : [SetPropertiesRule]{mbeans-descriptors/mbean/attribute} Setting property 'name' to 'className'
2019-05-11 11:06:15.845 DEBUG 8956 --- [kground-preinit] o.apache.tomcat.util.IntrospectionUtils  : IntrospectionUtils: setProperty(class org.apache.tomcat.util.modeler.AttributeInfo name=className)
2019-05-11 11:06:15.846 DEBUG 8956 --- [kground-preinit] o.apache.tomcat.util.digester.Digester   : [SetPropertiesRule]{mbeans-descriptors/mbean/attribute} Setting property 'description' to 'Fully qualified class name of the managed object'
2019-05-11 11:06:15.846 DEBUG 8956 --- [kground-preinit] o.apache.tomcat.util.IntrospectionUtils  : IntrospectionUtils: setProperty(class org.apache.tomcat.util.modeler.AttributeInfo description=Fully qualified class name of the managed object)
2019-05-11 11:06:15.846 DEBUG 8956 --- [kground-preinit] o.apache.tomcat.util.digester.Digester   : [SetPropertiesRule]{mbeans-descriptors/mbean/attribute} Setting property 'type' to 'java.lang.String'
2019-05-11 11:06:15.846 DEBUG 8956 --- [kground-preinit] o.apache.tomcat.util.IntrospectionUtils  : IntrospectionUtils: setProperty(class org.apache.tomcat.util.modeler.AttributeInfo type=java.lang.String)
2019-05-11 11:06:15.846 DEBUG 8956 --- [kground-preinit] o.apache.tomcat.util.digester.Digester   : [SetPropertiesRule]{mbeans-descriptors/mbean/attribute} Setting property 'writeable' to 'false'
2019-05-11 11:06:15.846 DEBUG 8956 --- [kground-preinit] o.apache.tomcat.util.IntrospectionUtils  : IntrospectionUtils: setProperty(class org.apache.tomcat.util.modeler.AttributeInfo writeable=false)
2019-05-11 11:06:15.846 DEBUG 8956 --- [kground-preinit] o.apache.tomcat.util.digester.Digester   :   Fire begin() for SetNextRule[methodName=addAttribute, paramType=org.apache.tomcat.util.modeler.AttributeInfo]
2019-05-11 11:06:15.846 DEBUG 8956 --- [kground-preinit] o.a.tomcat.util.digester.Digester.sax    : endElement(,,attribute)
2019-05-11 11:06:15.846 DEBUG 8956 --- [kground-preinit] o.apache.tomcat.util.digester.Digester   :   match='mbeans-descriptors/mbean/attribute'
2019-05-11 11:06:15.846 DEBUG 8956 --- [kground-preinit] o.apache.tomcat.util.digester.Digester   :   bodyText=''
2019-05-11 11:06:15.847 DEBUG 8956 --- [kground-preinit] o.apache.tomcat.util.digester.Digester   :   Fire body() for ObjectCreateRule[className=org.apache.tomcat.util.modeler.AttributeInfo, attributeName=null]
2019-05-11 11:06:15.847 DEBUG 8956 --- [kground-preinit] o.apache.tomcat.util.digester.Digester   :   Fire body() for SetPropertiesRule[]
2019-05-11 11:06:15.847 DEBUG 8956 --- [kground-preinit] o.apache.tomcat.util.digester.Digester   :   Fire body() for SetNextRule[methodName=addAttribute, paramType=org.apache.tomcat.util.modeler.AttributeInfo]
2019-05-11 11:06:15.847 DEBUG 8956 --- [kground-preinit] o.apache.tomcat.util.digester.Digester   :   Fire end() for SetNextRule[methodName=addAttribute, paramType=org.apache.tomcat.util.modeler.AttributeInfo]
2019-05-11 11:06:15.847 DEBUG 8956 --- [kground-preinit] o.apache.tomcat.util.digester.Digester   : [SetNextRule]{mbeans-descriptors/mbean/attribute} Call org.apache.tomcat.util.modeler.ManagedBean.addAttribute(org.apache.tomcat.util.modeler.AttributeInfo@61fb5160)
2019-05-11 11:06:15.847 DEBUG 8956 --- [kground-preinit] o.apache.tomcat.util.IntrospectionUtils  : IntrospectionUtils: callMethod1 org.apache.tomcat.util.modeler.ManagedBean org.apache.tomcat.util.modeler.AttributeInfo org.apache.tomcat.util.modeler.AttributeInfo
2019-05-11 11:06:15.847 DEBUG 8956 --- [kground-preinit] o.apache.tomcat.util.digester.Digester   :   Fire end() for SetPropertiesRule[]
2019-05-11 11:06:15.847 DEBUG 8956 --- [kground-preinit] o.apache.tomcat.util.digester.Digester   :   Fire end() for ObjectCreateRule[className=org.apache.tomcat.util.modeler.AttributeInfo, attributeName=null]
2019-05-11 11:06:15.847 DEBUG 8956 --- [kground-preinit] o.apache.tomcat.util.digester.Digester   : [ObjectCreateRule]{mbeans-descriptors/mbean/attribute} Pop org.apache.tomcat.util.modeler.AttributeInfo
2019-05-11 11:06:15.847 DEBUG 8956 --- [kground-preinit] o.a.tomcat.util.digester.Digester.sax    : characters(

    )
2019-05-11 11:06:15.848 DEBUG 8956 --- [kground-preinit] o.a.tomcat.util.digester.Digester.sax    : startElement(,,attribute)
2019-05-11 11:06:15.848 DEBUG 8956 --- [kground-preinit] o.apache.tomcat.util.digester.Digester   :   New match='mbeans-descriptors/mbean/attribute'
2019-05-11 11:06:15.848 DEBUG 8956 --- [kground-preinit] o.apache.tomcat.util.digester.Digester   :   Fire begin() for ObjectCreateRule[className=org.apache.tomcat.util.modeler.AttributeInfo, attributeName=null]
2019-05-11 11:06:15.848 DEBUG 8956 --- [kground-preinit] o.apache.tomcat.util.digester.Digester   : [ObjectCreateRule]{mbeans-descriptors/mbean/attribute}New org.apache.tomcat.util.modeler.AttributeInfo
2019-05-11 11:06:15.848 DEBUG 8956 --- [kground-preinit] o.apache.tomcat.util.digester.Digester   :   Fire begin() for SetPropertiesRule[]
2019-05-11 11:06:15.849 DEBUG 8956 --- [kground-preinit] o.apache.tomcat.util.digester.Digester   : [SetPropertiesRule]{mbeans-descriptors/mbean/attribute} Set org.apache.tomcat.util.modeler.AttributeInfo properties
2019-05-11 11:06:15.849 DEBUG 8956 --- [kground-preinit] o.apache.tomcat.util.digester.Digester   : [SetPropertiesRule]{mbeans-descriptors/mbean/attribute} Setting property 'name' to 'roleClassNames'
2019-05-11 11:06:15.849 DEBUG 8956 --- [kground-preinit] o.apache.tomcat.util.IntrospectionUtils  : IntrospectionUtils: setProperty(class org.apache.tomcat.util.modeler.AttributeInfo name=roleClassNames)
2019-05-11 11:06:15.849 DEBUG 8956 --- [kground-preinit] o.apache.tomcat.util.digester.Digester   : [SetPropertiesRule]{mbeans-descriptors/mbean/attribute} Setting property 'description' to 'Comma-delimited list of javax.security.Principal classes that represent security roles'
2019-05-11 11:06:15.849 DEBUG 8956 --- [kground-preinit] o.apache.tomcat.util.IntrospectionUtils  : IntrospectionUtils: setProperty(class org.apache.tomcat.util.modeler.AttributeInfo description=Comma-delimited list of javax.security.Principal classes that represent security roles)
2019-05-11 11:06:15.849 DEBUG 8956 --- [kground-preinit] o.apache.tomcat.util.digester.Digester   : [SetPropertiesRule]{mbeans-descriptors/mbean/attribute} Setting property 'type' to 'java.lang.String'
2019-05-11 11:06:15.849 DEBUG 8956 --- [kground-preinit] o.apache.tomcat.util.IntrospectionUtils  : IntrospectionUtils: setProperty(class org.apache.tomcat.util.modeler.AttributeInfo type=java.lang.String)
2019-05-11 11:06:15.849 DEBUG 8956 --- [kground-preinit] o.apache.tomcat.util.digester.Digester   :   Fire begin() for SetNextRule[methodName=addAttribute, paramType=org.apache.tomcat.util.modeler.AttributeInfo]
2019-05-11 11:06:15.849 DEBUG 8956 --- [kground-preinit] o.a.tomcat.util.digester.Digester.sax    : endElement(,,attribute)
2019-05-11 11:06:15.850 DEBUG 8956 --- [kground-preinit] o.apache.tomcat.util.digester.Digester   :   match='mbeans-descriptors/mbean/attribute'
2019-05-11 11:06:15.850 DEBUG 8956 --- [kground-preinit] o.apache.tomcat.util.digester.Digester   :   bodyText=''
2019-05-11 11:06:15.850 DEBUG 8956 --- [kground-preinit] o.apache.tomcat.util.digester.Digester   :   Fire body() for ObjectCreateRule[className=org.apache.tomcat.util.modeler.AttributeInfo, attributeName=null]
2019-05-11 11:06:15.850 DEBUG 8956 --- [kground-preinit] o.apache.tomcat.util.digester.Digester   :   Fire body() for SetPropertiesRule[]
2019-05-11 11:06:15.850 DEBUG 8956 --- [kground-preinit] o.apache.tomcat.util.digester.Digester   :   Fire body() for SetNextRule[methodName=addAttribute, paramType=org.apache.tomcat.util.modeler.AttributeInfo]
2019-05-11 11:06:15.850 DEBUG 8956 --- [kground-preinit] o.apache.tomcat.util.digester.Digester   :   Fire end() for SetNextRule[methodName=addAttribute, paramType=org.apache.tomcat.util.modeler.AttributeInfo]
2019-05-11 11:06:15.850 DEBUG 8956 --- [kground-preinit] o.apache.tomcat.util.digester.Digester   : [SetNextRule]{mbeans-descriptors/mbean/attribute} Call org.apache.tomcat.util.modeler.ManagedBean.addAttribute(org.apache.tomcat.util.modeler.AttributeInfo@3b90f979)
2019-05-11 11:06:15.850 DEBUG 8956 --- [kground-preinit] o.apache.tomcat.util.IntrospectionUtils  : IntrospectionUtils: callMethod1 org.apache.tomcat.util.modeler.ManagedBean org.apache.tomcat.util.modeler.AttributeInfo org.apache.tomcat.util.modeler.AttributeInfo
2019-05-11 11:06:15.850 DEBUG 8956 --- [kground-preinit] o.apache.tomcat.util.digester.Digester   :   Fire end() for SetPropertiesRule[]
2019-05-11 11:06:15.850 DEBUG 8956 --- [kground-preinit] o.apache.tomcat.util.digester.Digester   :   Fire end() for ObjectCreateRule[className=org.apache.tomcat.util.modeler.AttributeInfo, attributeName=null]
2019-05-11 11:06:15.850 DEBUG 8956 --- [kground-preinit] o.apache.tomcat.util.digester.Digester   : [ObjectCreateRule]{mbeans-descriptors/mbean/attribute} Pop org.apache.tomcat.util.modeler.AttributeInfo
2019-05-11 11:06:15.850 DEBUG 8956 --- [kground-preinit] o.a.tomcat.util.digester.Digester.sax    : characters(

    )
2019-05-11 11:06:15.850 DEBUG 8956 --- [kground-preinit] o.a.tomcat.util.digester.Digester.sax    : startElement(,,attribute)
2019-05-11 11:06:15.850 DEBUG 8956 --- [kground-preinit] o.apache.tomcat.util.digester.Digester   :   New match='mbeans-descriptors/mbean/attribute'
2019-05-11 11:06:15.850 DEBUG 8956 --- [kground-preinit] o.apache.tomcat.util.digester.Digester   :   Fire begin() for ObjectCreateRule[className=org.apache.tomcat.util.modeler.AttributeInfo, attributeName=null]
2019-05-11 11:06:15.850 DEBUG 8956 --- [kground-preinit] o.apache.tomcat.util.digester.Digester   : [ObjectCreateRule]{mbeans-descriptors/mbean/attribute}New org.apache.tomcat.util.modeler.AttributeInfo
2019-05-11 11:06:15.851 DEBUG 8956 --- [kground-preinit] o.apache.tomcat.util.digester.Digester   :   Fire begin() for SetPropertiesRule[]
2019-05-11 11:06:15.851 DEBUG 8956 --- [kground-preinit] o.apache.tomcat.util.digester.Digester   : [SetPropertiesRule]{mbeans-descriptors/mbean/attribute} Set org.apache.tomcat.util.modeler.AttributeInfo properties
2019-05-11 11:06:15.851 DEBUG 8956 --- [kground-preinit] o.apache.tomcat.util.digester.Digester   : [SetPropertiesRule]{mbeans-descriptors/mbean/attribute} Setting property 'name' to 'realmPath'
2019-05-11 11:06:15.851 DEBUG 8956 --- [kground-preinit] o.apache.tomcat.util.IntrospectionUtils  : IntrospectionUtils: setProperty(class org.apache.tomcat.util.modeler.AttributeInfo name=realmPath)
2019-05-11 11:06:15.851 DEBUG 8956 --- [kground-preinit] o.apache.tomcat.util.digester.Digester   : [SetPropertiesRule]{mbeans-descriptors/mbean/attribute} Setting property 'description' to 'The realm path'
2019-05-11 11:06:15.851 DEBUG 8956 --- [kground-preinit] o.apache.tomcat.util.IntrospectionUtils  : IntrospectionUtils: setProperty(class org.apache.tomcat.util.modeler.AttributeInfo description=The realm path)
2019-05-11 11:06:15.851 DEBUG 8956 --- [kground-preinit] o.apache.tomcat.util.digester.Digester   : [SetPropertiesRule]{mbeans-descriptors/mbean/attribute} Setting property 'type' to 'java.lang.String'
2019-05-11 11:06:15.851 DEBUG 8956 --- [kground-preinit] o.apache.tomcat.util.IntrospectionUtils  : IntrospectionUtils: setProperty(class org.apache.tomcat.util.modeler.AttributeInfo type=java.lang.String)
2019-05-11 11:06:15.851 DEBUG 8956 --- [kground-preinit] o.apache.tomcat.util.digester.Digester   :   Fire begin() for SetNextRule[methodName=addAttribute, paramType=org.apache.tomcat.util.modeler.AttributeInfo]
2019-05-11 11:06:15.851 DEBUG 8956 --- [kground-preinit] o.a.tomcat.util.digester.Digester.sax    : endElement(,,attribute)
2019-05-11 11:06:15.852 DEBUG 8956 --- [kground-preinit] o.apache.tomcat.util.digester.Digester   :   match='mbeans-descriptors/mbean/attribute'
2019-05-11 11:06:15.852 DEBUG 8956 --- [kground-preinit] o.apache.tomcat.util.digester.Digester   :   bodyText=''
2019-05-11 11:06:15.852 DEBUG 8956 --- [kground-preinit] o.apache.tomcat.util.digester.Digester   :   Fire body() for ObjectCreateRule[className=org.apache.tomcat.util.modeler.AttributeInfo, attributeName=null]
2019-05-11 11:06:15.852 DEBUG 8956 --- [kground-preinit] o.apache.tomcat.util.digester.Digester   :   Fire body() for SetPropertiesRule[]
2019-05-11 11:06:15.852 DEBUG 8956 --- [kground-preinit] o.apache.tomcat.util.digester.Digester   :   Fire body() for SetNextRule[methodName=addAttribute, paramType=org.apache.tomcat.util.modeler.AttributeInfo]
2019-05-11 11:06:15.852 DEBUG 8956 --- [kground-preinit] o.apache.tomcat.util.digester.Digester   :   Fire end() for SetNextRule[methodName=addAttribute, paramType=org.apache.tomcat.util.modeler.AttributeInfo]
2019-05-11 11:06:15.852 DEBUG 8956 --- [kground-preinit] o.apache.tomcat.util.digester.Digester   : [SetNextRule]{mbeans-descriptors/mbean/attribute} Call org.apache.tomcat.util.modeler.ManagedBean.addAttribute(org.apache.tomcat.util.modeler.AttributeInfo@f6296f1)
2019-05-11 11:06:15.852 DEBUG 8956 --- [kground-preinit] o.apache.tomcat.util.IntrospectionUtils  : IntrospectionUtils: callMethod1 org.apache.tomcat.util.modeler.ManagedBean org.apache.tomcat.util.modeler.AttributeInfo org.apache.tomcat.util.modeler.AttributeInfo
2019-05-11 11:06:15.852 DEBUG 8956 --- [kground-preinit] o.apache.tomcat.util.digester.Digester   :   Fire end() for SetPropertiesRule[]
2019-05-11 11:06:15.852 DEBUG 8956 --- [kground-preinit] o.apache.tomcat.util.digester.Digester   :   Fire end() for ObjectCreateRule[className=org.apache.tomcat.util.modeler.AttributeInfo, attributeName=null]
2019-05-11 11:06:15.852 DEBUG 8956 --- [kground-preinit] o.apache.tomcat.util.digester.Digester   : [ObjectCreateRule]{mbeans-descriptors/mbean/attribute} Pop org.apache.tomcat.util.modeler.AttributeInfo
2019-05-11 11:06:15.852 DEBUG 8956 --- [kground-preinit] o.a.tomcat.util.digester.Digester.sax    : characters(

    )
2019-05-11 11:06:15.852 DEBUG 8956 --- [kground-preinit] o.a.tomcat.util.digester.Digester.sax    : startElement(,,attribute)
2019-05-11 11:06:15.853 DEBUG 8956 --- [kground-preinit] o.apache.tomcat.util.digester.Digester   :   New match='mbeans-descriptors/mbean/attribute'
2019-05-11 11:06:15.853 DEBUG 8956 --- [kground-preinit] o.apache.tomcat.util.digester.Digester   :   Fire begin() for ObjectCreateRule[className=org.apache.tomcat.util.modeler.AttributeInfo, attributeName=null]
2019-05-11 11:06:15.853 DEBUG 8956 --- [           main] c.r.dubbo.config.DubboAutoConfiguration  : 注册协议信息dubbo完毕
2019-05-11 11:06:15.853 DEBUG 8956 --- [           main] c.r.dubbo.config.DubboAutoConfiguration  : dubbo 没有配置服务监控中心
2019-05-11 11:06:15.853 DEBUG 8956 --- [           main] c.r.dubbo.config.DubboAutoConfiguration  : dubbo 没有配置模块信息
2019-05-11 11:06:15.853 DEBUG 8956 --- [kground-preinit] o.apache.tomcat.util.digester.Digester   : [ObjectCreateRule]{mbeans-descriptors/mbean/attribute}New org.apache.tomcat.util.modeler.AttributeInfo
2019-05-11 11:06:15.853 DEBUG 8956 --- [           main] c.r.dubbo.config.DubboAutoConfiguration  : 添加consumerFilter后的Filter, regerProviderFilter
2019-05-11 11:06:15.853 DEBUG 8956 --- [kground-preinit] o.apache.tomcat.util.digester.Digester   :   Fire begin() for SetPropertiesRule[]
2019-05-11 11:06:15.853 DEBUG 8956 --- [kground-preinit] o.apache.tomcat.util.digester.Digester   : [SetPropertiesRule]{mbeans-descriptors/mbean/attribute} Set org.apache.tomcat.util.modeler.AttributeInfo properties
2019-05-11 11:06:15.853 DEBUG 8956 --- [kground-preinit] o.apache.tomcat.util.digester.Digester   : [SetPropertiesRule]{mbeans-descriptors/mbean/attribute} Setting property 'name' to 'stateName'
2019-05-11 11:06:15.855 DEBUG 8956 --- [kground-preinit] o.apache.tomcat.util.IntrospectionUtils  : IntrospectionUtils: setProperty(class org.apache.tomcat.util.modeler.AttributeInfo name=stateName)
2019-05-11 11:06:15.855 DEBUG 8956 --- [kground-preinit] o.apache.tomcat.util.digester.Digester   : [SetPropertiesRule]{mbeans-descriptors/mbean/attribute} Setting property 'description' to 'The name of the LifecycleState that this component is currently in'
2019-05-11 11:06:15.855 DEBUG 8956 --- [kground-preinit] o.apache.tomcat.util.IntrospectionUtils  : IntrospectionUtils: setProperty(class org.apache.tomcat.util.modeler.AttributeInfo description=The name of the LifecycleState that this component is currently in)
2019-05-11 11:06:15.856 DEBUG 8956 --- [kground-preinit] o.apache.tomcat.util.digester.Digester   : [SetPropertiesRule]{mbeans-descriptors/mbean/attribute} Setting property 'type' to 'java.lang.String'
2019-05-11 11:06:15.856 DEBUG 8956 --- [kground-preinit] o.apache.tomcat.util.IntrospectionUtils  : IntrospectionUtils: setProperty(class org.apache.tomcat.util.modeler.AttributeInfo type=java.lang.String)
2019-05-11 11:06:15.857 DEBUG 8956 --- [kground-preinit] o.apache.tomcat.util.digester.Digester   : [SetPropertiesRule]{mbeans-descriptors/mbean/attribute} Setting property 'writeable' to 'false'
2019-05-11 11:06:15.858 DEBUG 8956 --- [kground-preinit] o.apache.tomcat.util.IntrospectionUtils  : IntrospectionUtils: setProperty(class org.apache.tomcat.util.modeler.AttributeInfo writeable=false)
2019-05-11 11:06:15.859 DEBUG 8956 --- [kground-preinit] o.apache.tomcat.util.digester.Digester   :   Fire begin() for SetNextRule[methodName=addAttribute, paramType=org.apache.tomcat.util.modeler.AttributeInfo]
2019-05-11 11:06:15.860 DEBUG 8956 --- [kground-preinit] o.a.tomcat.util.digester.Digester.sax    : endElement(,,attribute)
2019-05-11 11:06:15.860 DEBUG 8956 --- [kground-preinit] o.apache.tomcat.util.digester.Digester   :   match='mbeans-descriptors/mbean/attribute'
2019-05-11 11:06:15.860 DEBUG 8956 --- [kground-preinit] o.apache.tomcat.util.digester.Digester   :   bodyText=''
2019-05-11 11:06:15.860 DEBUG 8956 --- [kground-preinit] o.apache.tomcat.util.digester.Digester   :   Fire body() for ObjectCreateRule[className=org.apache.tomcat.util.modeler.AttributeInfo, attributeName=null]
2019-05-11 11:06:15.860 DEBUG 8956 --- [kground-preinit] o.apache.tomcat.util.digester.Digester   :   Fire body() for SetPropertiesRule[]
2019-05-11 11:06:15.861 DEBUG 8956 --- [kground-preinit] o.apache.tomcat.util.digester.Digester   :   Fire body() for SetNextRule[methodName=addAttribute, paramType=org.apache.tomcat.util.modeler.AttributeInfo]
2019-05-11 11:06:15.861 DEBUG 8956 --- [kground-preinit] o.apache.tomcat.util.digester.Digester   :   Fire end() for SetNextRule[methodName=addAttribute, paramType=org.apache.tomcat.util.modeler.AttributeInfo]
2019-05-11 11:06:15.861 DEBUG 8956 --- [kground-preinit] o.apache.tomcat.util.digester.Digester   : [SetNextRule]{mbeans-descriptors/mbean/attribute} Call org.apache.tomcat.util.modeler.ManagedBean.addAttribute(org.apache.tomcat.util.modeler.AttributeInfo@436e596b)
2019-05-11 11:06:15.861 DEBUG 8956 --- [kground-preinit] o.apache.tomcat.util.IntrospectionUtils  : IntrospectionUtils: callMethod1 org.apache.tomcat.util.modeler.ManagedBean org.apache.tomcat.util.modeler.AttributeInfo org.apache.tomcat.util.modeler.AttributeInfo
2019-05-11 11:06:15.861 DEBUG 8956 --- [kground-preinit] o.apache.tomcat.util.digester.Digester   :   Fire end() for SetPropertiesRule[]
2019-05-11 11:06:15.862 DEBUG 8956 --- [kground-preinit] o.apache.tomcat.util.digester.Digester   :   Fire end() for ObjectCreateRule[className=org.apache.tomcat.util.modeler.AttributeInfo, attributeName=null]
2019-05-11 11:06:15.862 DEBUG 8956 --- [kground-preinit] o.apache.tomcat.util.digester.Digester   : [ObjectCreateRule]{mbeans-descriptors/mbean/attribute} Pop org.apache.tomcat.util.modeler.AttributeInfo
2019-05-11 11:06:15.862 DEBUG 8956 --- [kground-preinit] o.a.tomcat.util.digester.Digester.sax    : characters(

    )
2019-05-11 11:06:15.862 DEBUG 8956 --- [kground-preinit] o.a.tomcat.util.digester.Digester.sax    : startElement(,,attribute)
2019-05-11 11:06:15.863 DEBUG 8956 --- [kground-preinit] o.apache.tomcat.util.digester.Digester   :   New match='mbeans-descriptors/mbean/attribute'
2019-05-11 11:06:15.863 DEBUG 8956 --- [kground-preinit] o.apache.tomcat.util.digester.Digester   :   Fire begin() for ObjectCreateRule[className=org.apache.tomcat.util.modeler.AttributeInfo, attributeName=null]
2019-05-11 11:06:15.863 DEBUG 8956 --- [kground-preinit] o.apache.tomcat.util.digester.Digester   : [ObjectCreateRule]{mbeans-descriptors/mbean/attribute}New org.apache.tomcat.util.modeler.AttributeInfo
2019-05-11 11:06:15.865 DEBUG 8956 --- [kground-preinit] o.apache.tomcat.util.digester.Digester   :   Fire begin() for SetPropertiesRule[]
2019-05-11 11:06:15.865 DEBUG 8956 --- [kground-preinit] o.apache.tomcat.util.digester.Digester   : [SetPropertiesRule]{mbeans-descriptors/mbean/attribute} Set org.apache.tomcat.util.modeler.AttributeInfo properties
2019-05-11 11:06:15.865 DEBUG 8956 --- [kground-preinit] o.apache.tomcat.util.digester.Digester   : [SetPropertiesRule]{mbeans-descriptors/mbean/attribute} Setting property 'name' to 'userClassNames'
2019-05-11 11:06:15.866 DEBUG 8956 --- [kground-preinit] o.apache.tomcat.util.IntrospectionUtils  : IntrospectionUtils: setProperty(class org.apache.tomcat.util.modeler.AttributeInfo name=userClassNames)
2019-05-11 11:06:15.866 DEBUG 8956 --- [kground-preinit] o.apache.tomcat.util.digester.Digester   : [SetPropertiesRule]{mbeans-descriptors/mbean/attribute} Setting property 'description' to 'Comma-delimited list of javax.security.Principal classes that represent individual users'
2019-05-11 11:06:15.866 DEBUG 8956 --- [kground-preinit] o.apache.tomcat.util.IntrospectionUtils  : IntrospectionUtils: setProperty(class org.apache.tomcat.util.modeler.AttributeInfo description=Comma-delimited list of javax.security.Principal classes that represent individual users)
2019-05-11 11:06:15.866 DEBUG 8956 --- [kground-preinit] o.apache.tomcat.util.digester.Digester   : [SetPropertiesRule]{mbeans-descriptors/mbean/attribute} Setting property 'type' to 'java.lang.String'
2019-05-11 11:06:15.867 DEBUG 8956 --- [kground-preinit] o.apache.tomcat.util.IntrospectionUtils  : IntrospectionUtils: setProperty(class org.apache.tomcat.util.modeler.AttributeInfo type=java.lang.String)
2019-05-11 11:06:15.867 DEBUG 8956 --- [kground-preinit] o.apache.tomcat.util.digester.Digester   :   Fire begin() for SetNextRule[methodName=addAttribute, paramType=org.apache.tomcat.util.modeler.AttributeInfo]
2019-05-11 11:06:15.867 DEBUG 8956 --- [kground-preinit] o.a.tomcat.util.digester.Digester.sax    : endElement(,,attribute)
2019-05-11 11:06:15.867 DEBUG 8956 --- [kground-preinit] o.apache.tomcat.util.digester.Digester   :   match='mbeans-descriptors/mbean/attribute'
2019-05-11 11:06:15.867 DEBUG 8956 --- [kground-preinit] o.apache.tomcat.util.digester.Digester   :   bodyText=''
2019-05-11 11:06:15.867 DEBUG 8956 --- [kground-preinit] o.apache.tomcat.util.digester.Digester   :   Fire body() for ObjectCreateRule[className=org.apache.tomcat.util.modeler.AttributeInfo, attributeName=null]
2019-05-11 11:06:15.868 DEBUG 8956 --- [kground-preinit] o.apache.tomcat.util.digester.Digester   :   Fire body() for SetPropertiesRule[]
2019-05-11 11:06:15.868 DEBUG 8956 --- [kground-preinit] o.apache.tomcat.util.digester.Digester   :   Fire body() for SetNextRule[methodName=addAttribute, paramType=org.apache.tomcat.util.modeler.AttributeInfo]
2019-05-11 11:06:15.868 DEBUG 8956 --- [kground-preinit] o.apache.tomcat.util.digester.Digester   :   Fire end() for SetNextRule[methodName=addAttribute, paramType=org.apache.tomcat.util.modeler.AttributeInfo]
2019-05-11 11:06:15.868 DEBUG 8956 --- [kground-preinit] o.apache.tomcat.util.digester.Digester   : [SetNextRule]{mbeans-descriptors/mbean/attribute} Call org.apache.tomcat.util.modeler.ManagedBean.addAttribute(org.apache.tomcat.util.modeler.AttributeInfo@78256037)
2019-05-11 11:06:15.868 DEBUG 8956 --- [kground-preinit] o.apache.tomcat.util.IntrospectionUtils  : IntrospectionUtils: callMethod1 org.apache.tomcat.util.modeler.ManagedBean org.apache.tomcat.util.modeler.AttributeInfo org.apache.tomcat.util.modeler.AttributeInfo
2019-05-11 11:06:15.868 DEBUG 8956 --- [kground-preinit] o.apache.tomcat.util.digester.Digester   :   Fire end() for SetPropertiesRule[]
2019-05-11 11:06:15.868 DEBUG 8956 --- [kground-preinit] o.apache.tomcat.util.digester.Digester   :   Fire end() for ObjectCreateRule[className=org.apache.tomcat.util.modeler.AttributeInfo, attributeName=null]
2019-05-11 11:06:15.869 DEBUG 8956 --- [kground-preinit] o.apache.tomcat.util.digester.Digester   : [ObjectCreateRule]{mbeans-descriptors/mbean/attribute} Pop org.apache.tomcat.util.modeler.AttributeInfo
2019-05-11 11:06:15.869 DEBUG 8956 --- [kground-preinit] o.a.tomcat.util.digester.Digester.sax    : characters(

    )
2019-05-11 11:06:15.869 DEBUG 8956 --- [kground-preinit] o.a.tomcat.util.digester.Digester.sax    : startElement(,,attribute)
2019-05-11 11:06:15.869 DEBUG 8956 --- [kground-preinit] o.apache.tomcat.util.digester.Digester   :   New match='mbeans-descriptors/mbean/attribute'
2019-05-11 11:06:15.869 DEBUG 8956 --- [kground-preinit] o.apache.tomcat.util.digester.Digester   :   Fire begin() for ObjectCreateRule[className=org.apache.tomcat.util.modeler.AttributeInfo, attributeName=null]
2019-05-11 11:06:15.869 DEBUG 8956 --- [kground-preinit] o.apache.tomcat.util.digester.Digester   : [ObjectCreateRule]{mbeans-descriptors/mbean/attribute}New org.apache.tomcat.util.modeler.AttributeInfo
2019-05-11 11:06:15.869 DEBUG 8956 --- [kground-preinit] o.apache.tomcat.util.digester.Digester   :   Fire begin() for SetPropertiesRule[]
2019-05-11 11:06:15.869 DEBUG 8956 --- [kground-preinit] o.apache.tomcat.util.digester.Digester   : [SetPropertiesRule]{mbeans-descriptors/mbean/attribute} Set org.apache.tomcat.util.modeler.AttributeInfo properties
2019-05-11 11:06:15.870 DEBUG 8956 --- [kground-preinit] o.apache.tomcat.util.digester.Digester   : [SetPropertiesRule]{mbeans-descriptors/mbean/attribute} Setting property 'name' to 'useContextClassLoader'
2019-05-11 11:06:15.870 DEBUG 8956 --- [kground-preinit] o.apache.tomcat.util.IntrospectionUtils  : IntrospectionUtils: setProperty(class org.apache.tomcat.util.modeler.AttributeInfo name=useContextClassLoader)
2019-05-11 11:06:15.870 DEBUG 8956 --- [kground-preinit] o.apache.tomcat.util.digester.Digester   : [SetPropertiesRule]{mbeans-descriptors/mbean/attribute} Setting property 'description' to 'Sets whether to use the context or default ClassLoader.'
2019-05-11 11:06:15.870 DEBUG 8956 --- [kground-preinit] o.apache.tomcat.util.IntrospectionUtils  : IntrospectionUtils: setProperty(class org.apache.tomcat.util.modeler.AttributeInfo description=Sets whether to use the context or default ClassLoader.)
2019-05-11 11:06:15.870 DEBUG 8956 --- [kground-preinit] o.apache.tomcat.util.digester.Digester   : [SetPropertiesRule]{mbeans-descriptors/mbean/attribute} Setting property 'is' to 'true'
2019-05-11 11:06:15.871 DEBUG 8956 --- [kground-preinit] o.apache.tomcat.util.IntrospectionUtils  : IntrospectionUtils: setProperty(class org.apache.tomcat.util.modeler.AttributeInfo is=true)
2019-05-11 11:06:15.871 DEBUG 8956 --- [kground-preinit] o.apache.tomcat.util.digester.Digester   : [SetPropertiesRule]{mbeans-descriptors/mbean/attribute} Setting property 'type' to 'boolean'
2019-05-11 11:06:15.871 DEBUG 8956 --- [kground-preinit] o.apache.tomcat.util.IntrospectionUtils  : IntrospectionUtils: setProperty(class org.apache.tomcat.util.modeler.AttributeInfo type=boolean)
2019-05-11 11:06:15.871 DEBUG 8956 --- [kground-preinit] o.apache.tomcat.util.digester.Digester   :   Fire begin() for SetNextRule[methodName=addAttribute, paramType=org.apache.tomcat.util.modeler.AttributeInfo]
2019-05-11 11:06:15.871 DEBUG 8956 --- [kground-preinit] o.a.tomcat.util.digester.Digester.sax    : endElement(,,attribute)
2019-05-11 11:06:15.872 DEBUG 8956 --- [kground-preinit] o.apache.tomcat.util.digester.Digester   :   match='mbeans-descriptors/mbean/attribute'
2019-05-11 11:06:15.872 DEBUG 8956 --- [kground-preinit] o.apache.tomcat.util.digester.Digester   :   bodyText=''
2019-05-11 11:06:15.872 DEBUG 8956 --- [kground-preinit] o.apache.tomcat.util.digester.Digester   :   Fire body() for ObjectCreateRule[className=org.apache.tomcat.util.modeler.AttributeInfo, attributeName=null]
2019-05-11 11:06:15.872 DEBUG 8956 --- [kground-preinit] o.apache.tomcat.util.digester.Digester   :   Fire body() for SetPropertiesRule[]
2019-05-11 11:06:15.873 DEBUG 8956 --- [kground-preinit] o.apache.tomcat.util.digester.Digester   :   Fire body() for SetNextRule[methodName=addAttribute, paramType=org.apache.tomcat.util.modeler.AttributeInfo]
2019-05-11 11:06:15.873 DEBUG 8956 --- [kground-preinit] o.apache.tomcat.util.digester.Digester   :   Fire end() for SetNextRule[methodName=addAttribute, paramType=org.apache.tomcat.util.modeler.AttributeInfo]
2019-05-11 11:06:15.873 DEBUG 8956 --- [kground-preinit] o.apache.tomcat.util.digester.Digester   : [SetNextRule]{mbeans-descriptors/mbean/attribute} Call org.apache.tomcat.util.modeler.ManagedBean.addAttribute(org.apache.tomcat.util.modeler.AttributeInfo@44c2157b)
2019-05-11 11:06:15.873 DEBUG 8956 --- [kground-preinit] o.apache.tomcat.util.IntrospectionUtils  : IntrospectionUtils: callMethod1 org.apache.tomcat.util.modeler.ManagedBean org.apache.tomcat.util.modeler.AttributeInfo org.apache.tomcat.util.modeler.AttributeInfo
2019-05-11 11:06:15.873 DEBUG 8956 --- [kground-preinit] o.apache.tomcat.util.digester.Digester   :   Fire end() for SetPropertiesRule[]
2019-05-11 11:06:15.873 DEBUG 8956 --- [kground-preinit] o.apache.tomcat.util.digester.Digester   :   Fire end() for ObjectCreateRule[className=org.apache.tomcat.util.modeler.AttributeInfo, attributeName=null]
2019-05-11 11:06:15.873 DEBUG 8956 --- [kground-preinit] o.apache.tomcat.util.digester.Digester   : [ObjectCreateRule]{mbeans-descriptors/mbean/attribute} Pop org.apache.tomcat.util.modeler.AttributeInfo
2019-05-11 11:06:15.873 DEBUG 8956 --- [kground-preinit] o.a.tomcat.util.digester.Digester.sax    : characters(

    )
2019-05-11 11:06:15.873 DEBUG 8956 --- [kground-preinit] o.a.tomcat.util.digester.Digester.sax    : startElement(,,attribute)
2019-05-11 11:06:15.873 DEBUG 8956 --- [kground-preinit] o.apache.tomcat.util.digester.Digester   :   New match='mbeans-descriptors/mbean/attribute'
2019-05-11 11:06:15.874 DEBUG 8956 --- [kground-preinit] o.apache.tomcat.util.digester.Digester   :   Fire begin() for ObjectCreateRule[className=org.apache.tomcat.util.modeler.AttributeInfo, attributeName=null]
2019-05-11 11:06:15.874 DEBUG 8956 --- [kground-preinit] o.apache.tomcat.util.digester.Digester   : [ObjectCreateRule]{mbeans-descriptors/mbean/attribute}New org.apache.tomcat.util.modeler.AttributeInfo
2019-05-11 11:06:15.875 DEBUG 8956 --- [kground-preinit] o.apache.tomcat.util.digester.Digester   :   Fire begin() for SetPropertiesRule[]
2019-05-11 11:06:15.875 DEBUG 8956 --- [kground-preinit] o.apache.tomcat.util.digester.Digester   : [SetPropertiesRule]{mbeans-descriptors/mbean/attribute} Set org.apache.tomcat.util.modeler.AttributeInfo properties
2019-05-11 11:06:15.875 DEBUG 8956 --- [kground-preinit] o.apache.tomcat.util.digester.Digester   : [SetPropertiesRule]{mbeans-descriptors/mbean/attribute} Setting property 'name' to 'validate'
2019-05-11 11:06:15.876 DEBUG 8956 --- [kground-preinit] o.apache.tomcat.util.IntrospectionUtils  : IntrospectionUtils: setProperty(class org.apache.tomcat.util.modeler.AttributeInfo name=validate)
2019-05-11 11:06:15.876 DEBUG 8956 --- [kground-preinit] o.apache.tomcat.util.digester.Digester   : [SetPropertiesRule]{mbeans-descriptors/mbean/attribute} Setting property 'description' to 'Should we validate client certificate chains when they are presented?'
2019-05-11 11:06:15.876 DEBUG 8956 --- [kground-preinit] o.apache.tomcat.util.IntrospectionUtils  : IntrospectionUtils: setProperty(class org.apache.tomcat.util.modeler.AttributeInfo description=Should we validate client certificate chains when they are presented?)
2019-05-11 11:06:15.877 DEBUG 8956 --- [kground-preinit] o.apache.tomcat.util.digester.Digester   : [SetPropertiesRule]{mbeans-descriptors/mbean/attribute} Setting property 'type' to 'boolean'
2019-05-11 11:06:15.877 DEBUG 8956 --- [kground-preinit] o.apache.tomcat.util.IntrospectionUtils  : IntrospectionUtils: setProperty(class org.apache.tomcat.util.modeler.AttributeInfo type=boolean)
2019-05-11 11:06:15.877 DEBUG 8956 --- [kground-preinit] o.apache.tomcat.util.digester.Digester   :   Fire begin() for SetNextRule[methodName=addAttribute, paramType=org.apache.tomcat.util.modeler.AttributeInfo]
2019-05-11 11:06:15.878 DEBUG 8956 --- [kground-preinit] o.a.tomcat.util.digester.Digester.sax    : endElement(,,attribute)
2019-05-11 11:06:15.878 DEBUG 8956 --- [kground-preinit] o.apache.tomcat.util.digester.Digester   :   match='mbeans-descriptors/mbean/attribute'
2019-05-11 11:06:15.878 DEBUG 8956 --- [kground-preinit] o.apache.tomcat.util.digester.Digester   :   bodyText=''
2019-05-11 11:06:15.878 DEBUG 8956 --- [kground-preinit] o.apache.tomcat.util.digester.Digester   :   Fire body() for ObjectCreateRule[className=org.apache.tomcat.util.modeler.AttributeInfo, attributeName=null]
2019-05-11 11:06:15.878 DEBUG 8956 --- [kground-preinit] o.apache.tomcat.util.digester.Digester   :   Fire body() for SetPropertiesRule[]
2019-05-11 11:06:15.879 DEBUG 8956 --- [kground-preinit] o.apache.tomcat.util.digester.Digester   :   Fire body() for SetNextRule[methodName=addAttribute, paramType=org.apache.tomcat.util.modeler.AttributeInfo]
2019-05-11 11:06:15.879 DEBUG 8956 --- [kground-preinit] o.apache.tomcat.util.digester.Digester   :   Fire end() for SetNextRule[methodName=addAttribute, paramType=org.apache.tomcat.util.modeler.AttributeInfo]
2019-05-11 11:06:15.879 DEBUG 8956 --- [kground-preinit] o.apache.tomcat.util.digester.Digester   : [SetNextRule]{mbeans-descriptors/mbean/attribute} Call org.apache.tomcat.util.modeler.ManagedBean.addAttribute(org.apache.tomcat.util.modeler.AttributeInfo@5f0cd60c)
2019-05-11 11:06:15.881 DEBUG 8956 --- [kground-preinit] o.apache.tomcat.util.IntrospectionUtils  : IntrospectionUtils: callMethod1 org.apache.tomcat.util.modeler.ManagedBean org.apache.tomcat.util.modeler.AttributeInfo org.apache.tomcat.util.modeler.AttributeInfo
2019-05-11 11:06:15.882 DEBUG 8956 --- [kground-preinit] o.apache.tomcat.util.digester.Digester   :   Fire end() for SetPropertiesRule[]
2019-05-11 11:06:15.883 DEBUG 8956 --- [kground-preinit] o.apache.tomcat.util.digester.Digester   :   Fire end() for ObjectCreateRule[className=org.apache.tomcat.util.modeler.AttributeInfo, attributeName=null]
2019-05-11 11:06:15.883 DEBUG 8956 --- [kground-preinit] o.apache.tomcat.util.digester.Digester   : [ObjectCreateRule]{mbeans-descriptors/mbean/attribute} Pop org.apache.tomcat.util.modeler.AttributeInfo
2019-05-11 11:06:15.883 DEBUG 8956 --- [kground-preinit] o.a.tomcat.util.digester.Digester.sax    : characters(


    )
2019-05-11 11:06:15.884 DEBUG 8956 --- [kground-preinit] o.a.tomcat.util.digester.Digester.sax    : startElement(,,operation)
2019-05-11 11:06:15.884 DEBUG 8956 --- [kground-preinit] o.apache.tomcat.util.digester.Digester   :   New match='mbeans-descriptors/mbean/operation'
2019-05-11 11:06:15.884 DEBUG 8956 --- [kground-preinit] o.apache.tomcat.util.digester.Digester   :   Fire begin() for ObjectCreateRule[className=org.apache.tomcat.util.modeler.OperationInfo, attributeName=null]
2019-05-11 11:06:15.884 DEBUG 8956 --- [kground-preinit] o.apache.tomcat.util.digester.Digester   : [ObjectCreateRule]{mbeans-descriptors/mbean/operation}New org.apache.tomcat.util.modeler.OperationInfo
2019-05-11 11:06:15.885 DEBUG 8956 --- [kground-preinit] o.apache.tomcat.util.digester.Digester   :   Fire begin() for SetPropertiesRule[]
2019-05-11 11:06:15.885 DEBUG 8956 --- [kground-preinit] o.apache.tomcat.util.digester.Digester   : [SetPropertiesRule]{mbeans-descriptors/mbean/operation} Set org.apache.tomcat.util.modeler.OperationInfo properties
2019-05-11 11:06:15.885 DEBUG 8956 --- [kground-preinit] o.apache.tomcat.util.digester.Digester   : [SetPropertiesRule]{mbeans-descriptors/mbean/operation} Setting property 'name' to 'start'
2019-05-11 11:06:15.885 DEBUG 8956 --- [kground-preinit] o.apache.tomcat.util.IntrospectionUtils  : IntrospectionUtils: setProperty(class org.apache.tomcat.util.modeler.OperationInfo name=start)
2019-05-11 11:06:15.886 DEBUG 8956 --- [kground-preinit] o.apache.tomcat.util.digester.Digester   : [SetPropertiesRule]{mbeans-descriptors/mbean/operation} Setting property 'description' to 'Start'
2019-05-11 11:06:15.886 DEBUG 8956 --- [kground-preinit] o.apache.tomcat.util.IntrospectionUtils  : IntrospectionUtils: setProperty(class org.apache.tomcat.util.modeler.OperationInfo description=Start)
2019-05-11 11:06:15.886 DEBUG 8956 --- [kground-preinit] o.apache.tomcat.util.digester.Digester   : [SetPropertiesRule]{mbeans-descriptors/mbean/operation} Setting property 'impact' to 'ACTION'
2019-05-11 11:06:15.886 DEBUG 8956 --- [kground-preinit] o.apache.tomcat.util.IntrospectionUtils  : IntrospectionUtils: setProperty(class org.apache.tomcat.util.modeler.OperationInfo impact=ACTION)
2019-05-11 11:06:15.887 DEBUG 8956 --- [kground-preinit] o.apache.tomcat.util.digester.Digester   : [SetPropertiesRule]{mbeans-descriptors/mbean/operation} Setting property 'returnType' to 'void'
2019-05-11 11:06:15.889 DEBUG 8956 --- [kground-preinit] o.apache.tomcat.util.IntrospectionUtils  : IntrospectionUtils: setProperty(class org.apache.tomcat.util.modeler.OperationInfo returnType=void)
2019-05-11 11:06:15.889 DEBUG 8956 --- [kground-preinit] o.apache.tomcat.util.digester.Digester   :   Fire begin() for SetNextRule[methodName=addOperation, paramType=org.apache.tomcat.util.modeler.OperationInfo]
2019-05-11 11:06:15.889 DEBUG 8956 --- [kground-preinit] o.a.tomcat.util.digester.Digester.sax    : endElement(,,operation)
2019-05-11 11:06:15.889 DEBUG 8956 --- [kground-preinit] o.apache.tomcat.util.digester.Digester   :   match='mbeans-descriptors/mbean/operation'
2019-05-11 11:06:15.889 DEBUG 8956 --- [kground-preinit] o.apache.tomcat.util.digester.Digester   :   bodyText=''
2019-05-11 11:06:15.890 DEBUG 8956 --- [kground-preinit] o.apache.tomcat.util.digester.Digester   :   Fire body() for ObjectCreateRule[className=org.apache.tomcat.util.modeler.OperationInfo, attributeName=null]
2019-05-11 11:06:15.890 DEBUG 8956 --- [kground-preinit] o.apache.tomcat.util.digester.Digester   :   Fire body() for SetPropertiesRule[]
2019-05-11 11:06:15.890 DEBUG 8956 --- [kground-preinit] o.apache.tomcat.util.digester.Digester   :   Fire body() for SetNextRule[methodName=addOperation, paramType=org.apache.tomcat.util.modeler.OperationInfo]
2019-05-11 11:06:15.890 DEBUG 8956 --- [kground-preinit] o.apache.tomcat.util.digester.Digester   :   Fire end() for SetNextRule[methodName=addOperation, paramType=org.apache.tomcat.util.modeler.OperationInfo]
2019-05-11 11:06:15.891 DEBUG 8956 --- [kground-preinit] o.apache.tomcat.util.digester.Digester   : [SetNextRule]{mbeans-descriptors/mbean/operation} Call org.apache.tomcat.util.modeler.ManagedBean.addOperation(org.apache.tomcat.util.modeler.OperationInfo@6e187987)
2019-05-11 11:06:15.891 DEBUG 8956 --- [kground-preinit] o.apache.tomcat.util.IntrospectionUtils  : IntrospectionUtils: callMethod1 org.apache.tomcat.util.modeler.ManagedBean org.apache.tomcat.util.modeler.OperationInfo org.apache.tomcat.util.modeler.OperationInfo
2019-05-11 11:06:15.891 DEBUG 8956 --- [kground-preinit] o.apache.tomcat.util.digester.Digester   :   Fire end() for SetPropertiesRule[]
2019-05-11 11:06:15.891 DEBUG 8956 --- [kground-preinit] o.apache.tomcat.util.digester.Digester   :   Fire end() for ObjectCreateRule[className=org.apache.tomcat.util.modeler.OperationInfo, attributeName=null]
2019-05-11 11:06:15.891 DEBUG 8956 --- [kground-preinit] o.apache.tomcat.util.digester.Digester   : [ObjectCreateRule]{mbeans-descriptors/mbean/operation} Pop org.apache.tomcat.util.modeler.OperationInfo
2019-05-11 11:06:15.891 DEBUG 8956 --- [kground-preinit] o.a.tomcat.util.digester.Digester.sax    : characters(
    )
2019-05-11 11:06:15.891 DEBUG 8956 --- [kground-preinit] o.a.tomcat.util.digester.Digester.sax    : startElement(,,operation)
2019-05-11 11:06:15.892 DEBUG 8956 --- [kground-preinit] o.apache.tomcat.util.digester.Digester   :   New match='mbeans-descriptors/mbean/operation'
2019-05-11 11:06:15.892 DEBUG 8956 --- [kground-preinit] o.apache.tomcat.util.digester.Digester   :   Fire begin() for ObjectCreateRule[className=org.apache.tomcat.util.modeler.OperationInfo, attributeName=null]
2019-05-11 11:06:15.892 DEBUG 8956 --- [kground-preinit] o.apache.tomcat.util.digester.Digester   : [ObjectCreateRule]{mbeans-descriptors/mbean/operation}New org.apache.tomcat.util.modeler.OperationInfo
2019-05-11 11:06:15.892 DEBUG 8956 --- [kground-preinit] o.apache.tomcat.util.digester.Digester   :   Fire begin() for SetPropertiesRule[]
2019-05-11 11:06:15.892 DEBUG 8956 --- [kground-preinit] o.apache.tomcat.util.digester.Digester   : [SetPropertiesRule]{mbeans-descriptors/mbean/operation} Set org.apache.tomcat.util.modeler.OperationInfo properties
2019-05-11 11:06:15.893 DEBUG 8956 --- [kground-preinit] o.apache.tomcat.util.digester.Digester   : [SetPropertiesRule]{mbeans-descriptors/mbean/operation} Setting property 'name' to 'stop'
2019-05-11 11:06:15.893 DEBUG 8956 --- [kground-preinit] o.apache.tomcat.util.IntrospectionUtils  : IntrospectionUtils: setProperty(class org.apache.tomcat.util.modeler.OperationInfo name=stop)
2019-05-11 11:06:15.893 DEBUG 8956 --- [kground-preinit] o.apache.tomcat.util.digester.Digester   : [SetPropertiesRule]{mbeans-descriptors/mbean/operation} Setting property 'description' to 'Stop'
2019-05-11 11:06:15.893 DEBUG 8956 --- [kground-preinit] o.apache.tomcat.util.IntrospectionUtils  : IntrospectionUtils: setProperty(class org.apache.tomcat.util.modeler.OperationInfo description=Stop)
2019-05-11 11:06:15.893 DEBUG 8956 --- [kground-preinit] o.apache.tomcat.util.digester.Digester   : [SetPropertiesRule]{mbeans-descriptors/mbean/operation} Setting property 'impact' to 'ACTION'
2019-05-11 11:06:15.893 DEBUG 8956 --- [kground-preinit] o.apache.tomcat.util.IntrospectionUtils  : IntrospectionUtils: setProperty(class org.apache.tomcat.util.modeler.OperationInfo impact=ACTION)
2019-05-11 11:06:15.893 DEBUG 8956 --- [kground-preinit] o.apache.tomcat.util.digester.Digester   : [SetPropertiesRule]{mbeans-descriptors/mbean/operation} Setting property 'returnType' to 'void'
2019-05-11 11:06:15.893 DEBUG 8956 --- [kground-preinit] o.apache.tomcat.util.IntrospectionUtils  : IntrospectionUtils: setProperty(class org.apache.tomcat.util.modeler.OperationInfo returnType=void)
2019-05-11 11:06:15.893 DEBUG 8956 --- [kground-preinit] o.apache.tomcat.util.digester.Digester   :   Fire begin() for SetNextRule[methodName=addOperation, paramType=org.apache.tomcat.util.modeler.OperationInfo]
2019-05-11 11:06:15.893 DEBUG 8956 --- [kground-preinit] o.a.tomcat.util.digester.Digester.sax    : endElement(,,operation)
2019-05-11 11:06:15.893 DEBUG 8956 --- [kground-preinit] o.apache.tomcat.util.digester.Digester   :   match='mbeans-descriptors/mbean/operation'
2019-05-11 11:06:15.893 DEBUG 8956 --- [kground-preinit] o.apache.tomcat.util.digester.Digester   :   bodyText=''
2019-05-11 11:06:15.893 DEBUG 8956 --- [kground-preinit] o.apache.tomcat.util.digester.Digester   :   Fire body() for ObjectCreateRule[className=org.apache.tomcat.util.modeler.OperationInfo, attributeName=null]
2019-05-11 11:06:15.894 DEBUG 8956 --- [kground-preinit] o.apache.tomcat.util.digester.Digester   :   Fire body() for SetPropertiesRule[]
2019-05-11 11:06:15.894 DEBUG 8956 --- [kground-preinit] o.apache.tomcat.util.digester.Digester   :   Fire body() for SetNextRule[methodName=addOperation, paramType=org.apache.tomcat.util.modeler.OperationInfo]
2019-05-11 11:06:15.894 DEBUG 8956 --- [kground-preinit] o.apache.tomcat.util.digester.Digester   :   Fire end() for SetNextRule[methodName=addOperation, paramType=org.apache.tomcat.util.modeler.OperationInfo]
2019-05-11 11:06:15.894 DEBUG 8956 --- [kground-preinit] o.apache.tomcat.util.digester.Digester   : [SetNextRule]{mbeans-descriptors/mbean/operation} Call org.apache.tomcat.util.modeler.ManagedBean.addOperation(org.apache.tomcat.util.modeler.OperationInfo@3def98ab)
2019-05-11 11:06:15.894 DEBUG 8956 --- [kground-preinit] o.apache.tomcat.util.IntrospectionUtils  : IntrospectionUtils: callMethod1 org.apache.tomcat.util.modeler.ManagedBean org.apache.tomcat.util.modeler.OperationInfo org.apache.tomcat.util.modeler.OperationInfo
2019-05-11 11:06:15.895 DEBUG 8956 --- [kground-preinit] o.apache.tomcat.util.digester.Digester   :   Fire end() for SetPropertiesRule[]
2019-05-11 11:06:15.895 DEBUG 8956 --- [kground-preinit] o.apache.tomcat.util.digester.Digester   :   Fire end() for ObjectCreateRule[className=org.apache.tomcat.util.modeler.OperationInfo, attributeName=null]
2019-05-11 11:06:15.895 DEBUG 8956 --- [kground-preinit] o.apache.tomcat.util.digester.Digester   : [ObjectCreateRule]{mbeans-descriptors/mbean/operation} Pop org.apache.tomcat.util.modeler.OperationInfo
2019-05-11 11:06:15.895 DEBUG 8956 --- [kground-preinit] o.a.tomcat.util.digester.Digester.sax    : characters(
    )
2019-05-11 11:06:15.895 DEBUG 8956 --- [kground-preinit] o.a.tomcat.util.digester.Digester.sax    : startElement(,,operation)
2019-05-11 11:06:15.895 DEBUG 8956 --- [kground-preinit] o.apache.tomcat.util.digester.Digester   :   New match='mbeans-descriptors/mbean/operation'
2019-05-11 11:06:15.895 DEBUG 8956 --- [kground-preinit] o.apache.tomcat.util.digester.Digester   :   Fire begin() for ObjectCreateRule[className=org.apache.tomcat.util.modeler.OperationInfo, attributeName=null]
2019-05-11 11:06:15.895 DEBUG 8956 --- [kground-preinit] o.apache.tomcat.util.digester.Digester   : [ObjectCreateRule]{mbeans-descriptors/mbean/operation}New org.apache.tomcat.util.modeler.OperationInfo
2019-05-11 11:06:15.896 DEBUG 8956 --- [kground-preinit] o.apache.tomcat.util.digester.Digester   :   Fire begin() for SetPropertiesRule[]
2019-05-11 11:06:15.896 DEBUG 8956 --- [kground-preinit] o.apache.tomcat.util.digester.Digester   : [SetPropertiesRule]{mbeans-descriptors/mbean/operation} Set org.apache.tomcat.util.modeler.OperationInfo properties
2019-05-11 11:06:15.896 DEBUG 8956 --- [kground-preinit] o.apache.tomcat.util.digester.Digester   : [SetPropertiesRule]{mbeans-descriptors/mbean/operation} Setting property 'name' to 'init'
2019-05-11 11:06:15.896 DEBUG 8956 --- [kground-preinit] o.apache.tomcat.util.IntrospectionUtils  : IntrospectionUtils: setProperty(class org.apache.tomcat.util.modeler.OperationInfo name=init)
2019-05-11 11:06:15.897 DEBUG 8956 --- [kground-preinit] o.apache.tomcat.util.digester.Digester   : [SetPropertiesRule]{mbeans-descriptors/mbean/operation} Setting property 'description' to 'Init'
2019-05-11 11:06:15.897 DEBUG 8956 --- [kground-preinit] o.apache.tomcat.util.IntrospectionUtils  : IntrospectionUtils: setProperty(class org.apache.tomcat.util.modeler.OperationInfo description=Init)
2019-05-11 11:06:15.897 DEBUG 8956 --- [kground-preinit] o.apache.tomcat.util.digester.Digester   : [SetPropertiesRule]{mbeans-descriptors/mbean/operation} Setting property 'impact' to 'ACTION'
2019-05-11 11:06:15.897 DEBUG 8956 --- [kground-preinit] o.apache.tomcat.util.IntrospectionUtils  : IntrospectionUtils: setProperty(class org.apache.tomcat.util.modeler.OperationInfo impact=ACTION)
2019-05-11 11:06:15.898 DEBUG 8956 --- [kground-preinit] o.apache.tomcat.util.digester.Digester   : [SetPropertiesRule]{mbeans-descriptors/mbean/operation} Setting property 'returnType' to 'void'
2019-05-11 11:06:15.898 DEBUG 8956 --- [kground-preinit] o.apache.tomcat.util.IntrospectionUtils  : IntrospectionUtils: setProperty(class org.apache.tomcat.util.modeler.OperationInfo returnType=void)
2019-05-11 11:06:15.898 DEBUG 8956 --- [kground-preinit] o.apache.tomcat.util.digester.Digester   :   Fire begin() for SetNextRule[methodName=addOperation, paramType=org.apache.tomcat.util.modeler.OperationInfo]
2019-05-11 11:06:15.898 DEBUG 8956 --- [kground-preinit] o.a.tomcat.util.digester.Digester.sax    : endElement(,,operation)
2019-05-11 11:06:15.898 DEBUG 8956 --- [kground-preinit] o.apache.tomcat.util.digester.Digester   :   match='mbeans-descriptors/mbean/operation'
2019-05-11 11:06:15.898 DEBUG 8956 --- [kground-preinit] o.apache.tomcat.util.digester.Digester   :   bodyText=''
2019-05-11 11:06:15.898 DEBUG 8956 --- [kground-preinit] o.apache.tomcat.util.digester.Digester   :   Fire body() for ObjectCreateRule[className=org.apache.tomcat.util.modeler.OperationInfo, attributeName=null]
2019-05-11 11:06:15.898 DEBUG 8956 --- [kground-preinit] o.apache.tomcat.util.digester.Digester   :   Fire body() for SetPropertiesRule[]
2019-05-11 11:06:15.899 DEBUG 8956 --- [kground-preinit] o.apache.tomcat.util.digester.Digester   :   Fire body() for SetNextRule[methodName=addOperation, paramType=org.apache.tomcat.util.modeler.OperationInfo]
2019-05-11 11:06:15.899 DEBUG 8956 --- [kground-preinit] o.apache.tomcat.util.digester.Digester   :   Fire end() for SetNextRule[methodName=addOperation, paramType=org.apache.tomcat.util.modeler.OperationInfo]
2019-05-11 11:06:15.899 DEBUG 8956 --- [kground-preinit] o.apache.tomcat.util.digester.Digester   : [SetNextRule]{mbeans-descriptors/mbean/operation} Call org.apache.tomcat.util.modeler.ManagedBean.addOperation(org.apache.tomcat.util.modeler.OperationInfo@69d23ba0)
2019-05-11 11:06:15.899 DEBUG 8956 --- [kground-preinit] o.apache.tomcat.util.IntrospectionUtils  : IntrospectionUtils: callMethod1 org.apache.tomcat.util.modeler.ManagedBean org.apache.tomcat.util.modeler.OperationInfo org.apache.tomcat.util.modeler.OperationInfo
2019-05-11 11:06:15.899 DEBUG 8956 --- [kground-preinit] o.apache.tomcat.util.digester.Digester   :   Fire end() for SetPropertiesRule[]
2019-05-11 11:06:15.899 DEBUG 8956 --- [kground-preinit] o.apache.tomcat.util.digester.Digester   :   Fire end() for ObjectCreateRule[className=org.apache.tomcat.util.modeler.OperationInfo, attributeName=null]
2019-05-11 11:06:15.899 DEBUG 8956 --- [kground-preinit] o.apache.tomcat.util.digester.Digester   : [ObjectCreateRule]{mbeans-descriptors/mbean/operation} Pop org.apache.tomcat.util.modeler.OperationInfo
2019-05-11 11:06:15.899 DEBUG 8956 --- [kground-preinit] o.a.tomcat.util.digester.Digester.sax    : characters(
    )
2019-05-11 11:06:15.900 DEBUG 8956 --- [kground-preinit] o.a.tomcat.util.digester.Digester.sax    : startElement(,,operation)
2019-05-11 11:06:15.900 DEBUG 8956 --- [kground-preinit] o.apache.tomcat.util.digester.Digester   :   New match='mbeans-descriptors/mbean/operation'
2019-05-11 11:06:15.900 DEBUG 8956 --- [kground-preinit] o.apache.tomcat.util.digester.Digester   :   Fire begin() for ObjectCreateRule[className=org.apache.tomcat.util.modeler.OperationInfo, attributeName=null]
2019-05-11 11:06:15.900 DEBUG 8956 --- [kground-preinit] o.apache.tomcat.util.digester.Digester   : [ObjectCreateRule]{mbeans-descriptors/mbean/operation}New org.apache.tomcat.util.modeler.OperationInfo
2019-05-11 11:06:15.900 DEBUG 8956 --- [kground-preinit] o.apache.tomcat.util.digester.Digester   :   Fire begin() for SetPropertiesRule[]
2019-05-11 11:06:15.901 DEBUG 8956 --- [kground-preinit] o.apache.tomcat.util.digester.Digester   : [SetPropertiesRule]{mbeans-descriptors/mbean/operation} Set org.apache.tomcat.util.modeler.OperationInfo properties
2019-05-11 11:06:15.901 DEBUG 8956 --- [kground-preinit] o.apache.tomcat.util.digester.Digester   : [SetPropertiesRule]{mbeans-descriptors/mbean/operation} Setting property 'name' to 'destroy'
2019-05-11 11:06:15.901 DEBUG 8956 --- [kground-preinit] o.apache.tomcat.util.IntrospectionUtils  : IntrospectionUtils: setProperty(class org.apache.tomcat.util.modeler.OperationInfo name=destroy)
2019-05-11 11:06:15.901 DEBUG 8956 --- [kground-preinit] o.apache.tomcat.util.digester.Digester   : [SetPropertiesRule]{mbeans-descriptors/mbean/operation} Setting property 'description' to 'Destroy'
2019-05-11 11:06:15.901 DEBUG 8956 --- [kground-preinit] o.apache.tomcat.util.IntrospectionUtils  : IntrospectionUtils: setProperty(class org.apache.tomcat.util.modeler.OperationInfo description=Destroy)
2019-05-11 11:06:15.901 DEBUG 8956 --- [kground-preinit] o.apache.tomcat.util.digester.Digester   : [SetPropertiesRule]{mbeans-descriptors/mbean/operation} Setting property 'impact' to 'ACTION'
2019-05-11 11:06:15.901 DEBUG 8956 --- [kground-preinit] o.apache.tomcat.util.IntrospectionUtils  : IntrospectionUtils: setProperty(class org.apache.tomcat.util.modeler.OperationInfo impact=ACTION)
2019-05-11 11:06:15.902 DEBUG 8956 --- [kground-preinit] o.apache.tomcat.util.digester.Digester   : [SetPropertiesRule]{mbeans-descriptors/mbean/operation} Setting property 'returnType' to 'void'
2019-05-11 11:06:15.902 DEBUG 8956 --- [kground-preinit] o.apache.tomcat.util.IntrospectionUtils  : IntrospectionUtils: setProperty(class org.apache.tomcat.util.modeler.OperationInfo returnType=void)
2019-05-11 11:06:15.902 DEBUG 8956 --- [kground-preinit] o.apache.tomcat.util.digester.Digester   :   Fire begin() for SetNextRule[methodName=addOperation, paramType=org.apache.tomcat.util.modeler.OperationInfo]
2019-05-11 11:06:15.902 DEBUG 8956 --- [kground-preinit] o.a.tomcat.util.digester.Digester.sax    : endElement(,,operation)
2019-05-11 11:06:15.902 DEBUG 8956 --- [kground-preinit] o.apache.tomcat.util.digester.Digester   :   match='mbeans-descriptors/mbean/operation'
2019-05-11 11:06:15.902 DEBUG 8956 --- [kground-preinit] o.apache.tomcat.util.digester.Digester   :   bodyText=''
2019-05-11 11:06:15.902 DEBUG 8956 --- [kground-preinit] o.apache.tomcat.util.digester.Digester   :   Fire body() for ObjectCreateRule[className=org.apache.tomcat.util.modeler.OperationInfo, attributeName=null]
2019-05-11 11:06:15.902 DEBUG 8956 --- [kground-preinit] o.apache.tomcat.util.digester.Digester   :   Fire body() for SetPropertiesRule[]
2019-05-11 11:06:15.903 DEBUG 8956 --- [kground-preinit] o.apache.tomcat.util.digester.Digester   :   Fire body() for SetNextRule[methodName=addOperation, paramType=org.apache.tomcat.util.modeler.OperationInfo]
2019-05-11 11:06:15.903 DEBUG 8956 --- [kground-preinit] o.apache.tomcat.util.digester.Digester   :   Fire end() for SetNextRule[methodName=addOperation, paramType=org.apache.tomcat.util.modeler.OperationInfo]
2019-05-11 11:06:15.903 DEBUG 8956 --- [kground-preinit] o.apache.tomcat.util.digester.Digester   : [SetNextRule]{mbeans-descriptors/mbean/operation} Call org.apache.tomcat.util.modeler.ManagedBean.addOperation(org.apache.tomcat.util.modeler.OperationInfo@50573c20)
2019-05-11 11:06:15.903 DEBUG 8956 --- [kground-preinit] o.apache.tomcat.util.IntrospectionUtils  : IntrospectionUtils: callMethod1 org.apache.tomcat.util.modeler.ManagedBean org.apache.tomcat.util.modeler.OperationInfo org.apache.tomcat.util.modeler.OperationInfo
2019-05-11 11:06:15.903 DEBUG 8956 --- [kground-preinit] o.apache.tomcat.util.digester.Digester   :   Fire end() for SetPropertiesRule[]
2019-05-11 11:06:15.903 DEBUG 8956 --- [kground-preinit] o.apache.tomcat.util.digester.Digester   :   Fire end() for ObjectCreateRule[className=org.apache.tomcat.util.modeler.OperationInfo, attributeName=null]
2019-05-11 11:06:15.903 DEBUG 8956 --- [kground-preinit] o.apache.tomcat.util.digester.Digester   : [ObjectCreateRule]{mbeans-descriptors/mbean/operation} Pop org.apache.tomcat.util.modeler.OperationInfo
2019-05-11 11:06:15.903 DEBUG 8956 --- [kground-preinit] o.a.tomcat.util.digester.Digester.sax    : characters(
  )
2019-05-11 11:06:15.904 DEBUG 8956 --- [kground-preinit] o.a.tomcat.util.digester.Digester.sax    : endElement(,,mbean)
2019-05-11 11:06:15.904 DEBUG 8956 --- [kground-preinit] o.apache.tomcat.util.digester.Digester   :   match='mbeans-descriptors/mbean'
2019-05-11 11:06:15.904 DEBUG 8956 --- [kground-preinit] o.apache.tomcat.util.digester.Digester   :   bodyText='

    

    

    

    

    

    

    

    

    


    
    
    
    
  '
2019-05-11 11:06:15.905 DEBUG 8956 --- [kground-preinit] o.apache.tomcat.util.digester.Digester   :   Fire body() for ObjectCreateRule[className=org.apache.tomcat.util.modeler.ManagedBean, attributeName=null]
2019-05-11 11:06:15.905 DEBUG 8956 --- [kground-preinit] o.apache.tomcat.util.digester.Digester   :   Fire body() for SetPropertiesRule[]
2019-05-11 11:06:15.905 DEBUG 8956 --- [kground-preinit] o.apache.tomcat.util.digester.Digester   :   Fire body() for SetNextRule[methodName=add, paramType=java.lang.Object]
2019-05-11 11:06:15.905 DEBUG 8956 --- [kground-preinit] o.apache.tomcat.util.digester.Digester   :   Fire end() for SetNextRule[methodName=add, paramType=java.lang.Object]
2019-05-11 11:06:15.905 DEBUG 8956 --- [kground-preinit] o.apache.tomcat.util.digester.Digester   : [SetNextRule]{mbeans-descriptors/mbean} Call java.util.ArrayList.add(ManagedBean[name=JAASRealm, className=org.apache.tomcat.util.modeler.BaseModelMBean, description=Implementation of Realm that authenticates users via the Java Authentication and Authorization Service (JAAS), group=Realm, type=org.apache.catalina.realm.JAASRealm])
2019-05-11 11:06:15.905 DEBUG 8956 --- [kground-preinit] o.apache.tomcat.util.IntrospectionUtils  : IntrospectionUtils: callMethod1 java.util.ArrayList org.apache.tomcat.util.modeler.ManagedBean java.lang.Object
2019-05-11 11:06:15.906 DEBUG 8956 --- [kground-preinit] o.apache.tomcat.util.digester.Digester   :   Fire end() for SetPropertiesRule[]
2019-05-11 11:06:15.906 DEBUG 8956 --- [kground-preinit] o.apache.tomcat.util.digester.Digester   :   Fire end() for ObjectCreateRule[className=org.apache.tomcat.util.modeler.ManagedBean, attributeName=null]
2019-05-11 11:06:15.906 DEBUG 8956 --- [kground-preinit] o.apache.tomcat.util.digester.Digester   : [ObjectCreateRule]{mbeans-descriptors/mbean} Pop org.apache.tomcat.util.modeler.ManagedBean
2019-05-11 11:06:15.906 DEBUG 8956 --- [kground-preinit] o.a.tomcat.util.digester.Digester.sax    : characters(


  )
2019-05-11 11:06:15.906 DEBUG 8956 --- [kground-preinit] o.a.tomcat.util.digester.Digester.sax    : startElement(,,mbean)
2019-05-11 11:06:15.906 DEBUG 8956 --- [kground-preinit] o.apache.tomcat.util.digester.Digester   :   New match='mbeans-descriptors/mbean'
2019-05-11 11:06:15.906 DEBUG 8956 --- [kground-preinit] o.apache.tomcat.util.digester.Digester   :   Fire begin() for ObjectCreateRule[className=org.apache.tomcat.util.modeler.ManagedBean, attributeName=null]
2019-05-11 11:06:15.906 DEBUG 8956 --- [kground-preinit] o.apache.tomcat.util.digester.Digester   : [ObjectCreateRule]{mbeans-descriptors/mbean}New org.apache.tomcat.util.modeler.ManagedBean
2019-05-11 11:06:15.907 DEBUG 8956 --- [kground-preinit] o.apache.tomcat.util.digester.Digester   :   Fire begin() for SetPropertiesRule[]
2019-05-11 11:06:15.907 DEBUG 8956 --- [kground-preinit] o.apache.tomcat.util.digester.Digester   : [SetPropertiesRule]{mbeans-descriptors/mbean} Set org.apache.tomcat.util.modeler.ManagedBean properties
2019-05-11 11:06:15.907 DEBUG 8956 --- [kground-preinit] o.apache.tomcat.util.digester.Digester   : [SetPropertiesRule]{mbeans-descriptors/mbean} Setting property 'name' to 'JDBCRealm'
2019-05-11 11:06:15.907 DEBUG 8956 --- [kground-preinit] o.apache.tomcat.util.IntrospectionUtils  : IntrospectionUtils: setProperty(class org.apache.tomcat.util.modeler.ManagedBean name=JDBCRealm)
2019-05-11 11:06:15.907 DEBUG 8956 --- [           main] c.r.dubbo.config.DubboAutoConfiguration  : 添加consumerFilter后的Filter, regerConsumerFilter
2019-05-11 11:06:15.907 DEBUG 8956 --- [kground-preinit] o.apache.tomcat.util.digester.Digester   : [SetPropertiesRule]{mbeans-descriptors/mbean} Setting property 'description' to 'Implementation of Realm that works with any JDBC supported database'
2019-05-11 11:06:15.907 DEBUG 8956 --- [kground-preinit] o.apache.tomcat.util.IntrospectionUtils  : IntrospectionUtils: setProperty(class org.apache.tomcat.util.modeler.ManagedBean description=Implementation of Realm that works with any JDBC supported database)
2019-05-11 11:06:15.907 DEBUG 8956 --- [kground-preinit] o.apache.tomcat.util.digester.Digester   : [SetPropertiesRule]{mbeans-descriptors/mbean} Setting property 'domain' to 'Catalina'
2019-05-11 11:06:15.908 DEBUG 8956 --- [kground-preinit] o.apache.tomcat.util.IntrospectionUtils  : IntrospectionUtils: setProperty(class org.apache.tomcat.util.modeler.ManagedBean domain=Catalina)
2019-05-11 11:06:15.908 DEBUG 8956 --- [kground-preinit] o.apache.tomcat.util.digester.Digester   : [SetPropertiesRule]{mbeans-descriptors/mbean} Setting property 'group' to 'Realm'
2019-05-11 11:06:15.908 DEBUG 8956 --- [kground-preinit] o.apache.tomcat.util.IntrospectionUtils  : IntrospectionUtils: setProperty(class org.apache.tomcat.util.modeler.ManagedBean group=Realm)
2019-05-11 11:06:15.908 DEBUG 8956 --- [kground-preinit] o.apache.tomcat.util.digester.Digester   : [SetPropertiesRule]{mbeans-descriptors/mbean} Setting property 'type' to 'org.apache.catalina.realm.JDBCRealm'
2019-05-11 11:06:15.908 DEBUG 8956 --- [kground-preinit] o.apache.tomcat.util.IntrospectionUtils  : IntrospectionUtils: setProperty(class org.apache.tomcat.util.modeler.ManagedBean type=org.apache.catalina.realm.JDBCRealm)
2019-05-11 11:06:15.908 DEBUG 8956 --- [kground-preinit] o.apache.tomcat.util.digester.Digester   :   Fire begin() for SetNextRule[methodName=add, paramType=java.lang.Object]
2019-05-11 11:06:15.908 DEBUG 8956 --- [kground-preinit] o.a.tomcat.util.digester.Digester.sax    : characters(

    )
2019-05-11 11:06:15.908 DEBUG 8956 --- [kground-preinit] o.a.tomcat.util.digester.Digester.sax    : startElement(,,attribute)
2019-05-11 11:06:15.908 DEBUG 8956 --- [kground-preinit] o.apache.tomcat.util.digester.Digester   :   New match='mbeans-descriptors/mbean/attribute'
2019-05-11 11:06:15.908 DEBUG 8956 --- [kground-preinit] o.apache.tomcat.util.digester.Digester   :   Fire begin() for ObjectCreateRule[className=org.apache.tomcat.util.modeler.AttributeInfo, attributeName=null]
2019-05-11 11:06:15.908 DEBUG 8956 --- [kground-preinit] o.apache.tomcat.util.digester.Digester   : [ObjectCreateRule]{mbeans-descriptors/mbean/attribute}New org.apache.tomcat.util.modeler.AttributeInfo
2019-05-11 11:06:15.908 DEBUG 8956 --- [kground-preinit] o.apache.tomcat.util.digester.Digester   :   Fire begin() for SetPropertiesRule[]
2019-05-11 11:06:15.909 DEBUG 8956 --- [kground-preinit] o.apache.tomcat.util.digester.Digester   : [SetPropertiesRule]{mbeans-descriptors/mbean/attribute} Set org.apache.tomcat.util.modeler.AttributeInfo properties
2019-05-11 11:06:15.909 DEBUG 8956 --- [kground-preinit] o.apache.tomcat.util.digester.Digester   : [SetPropertiesRule]{mbeans-descriptors/mbean/attribute} Setting property 'name' to 'allRolesMode'
2019-05-11 11:06:15.909 DEBUG 8956 --- [kground-preinit] o.apache.tomcat.util.IntrospectionUtils  : IntrospectionUtils: setProperty(class org.apache.tomcat.util.modeler.AttributeInfo name=allRolesMode)
2019-05-11 11:06:15.909 DEBUG 8956 --- [kground-preinit] o.apache.tomcat.util.digester.Digester   : [SetPropertiesRule]{mbeans-descriptors/mbean/attribute} Setting property 'description' to 'The all roles mode.'
2019-05-11 11:06:15.909 DEBUG 8956 --- [kground-preinit] o.apache.tomcat.util.IntrospectionUtils  : IntrospectionUtils: setProperty(class org.apache.tomcat.util.modeler.AttributeInfo description=The all roles mode.)
2019-05-11 11:06:15.909 DEBUG 8956 --- [kground-preinit] o.apache.tomcat.util.digester.Digester   : [SetPropertiesRule]{mbeans-descriptors/mbean/attribute} Setting property 'type' to 'java.lang.String'
2019-05-11 11:06:15.909 DEBUG 8956 --- [kground-preinit] o.apache.tomcat.util.IntrospectionUtils  : IntrospectionUtils: setProperty(class org.apache.tomcat.util.modeler.AttributeInfo type=java.lang.String)
2019-05-11 11:06:15.909 DEBUG 8956 --- [kground-preinit] o.apache.tomcat.util.digester.Digester   :   Fire begin() for SetNextRule[methodName=addAttribute, paramType=org.apache.tomcat.util.modeler.AttributeInfo]
2019-05-11 11:06:15.909 DEBUG 8956 --- [kground-preinit] o.a.tomcat.util.digester.Digester.sax    : endElement(,,attribute)
2019-05-11 11:06:15.909 DEBUG 8956 --- [kground-preinit] o.apache.tomcat.util.digester.Digester   :   match='mbeans-descriptors/mbean/attribute'
2019-05-11 11:06:15.909 DEBUG 8956 --- [kground-preinit] o.apache.tomcat.util.digester.Digester   :   bodyText=''
2019-05-11 11:06:15.909 DEBUG 8956 --- [kground-preinit] o.apache.tomcat.util.digester.Digester   :   Fire body() for ObjectCreateRule[className=org.apache.tomcat.util.modeler.AttributeInfo, attributeName=null]
2019-05-11 11:06:15.909 DEBUG 8956 --- [kground-preinit] o.apache.tomcat.util.digester.Digester   :   Fire body() for SetPropertiesRule[]
2019-05-11 11:06:15.909 DEBUG 8956 --- [kground-preinit] o.apache.tomcat.util.digester.Digester   :   Fire body() for SetNextRule[methodName=addAttribute, paramType=org.apache.tomcat.util.modeler.AttributeInfo]
2019-05-11 11:06:15.910 DEBUG 8956 --- [kground-preinit] o.apache.tomcat.util.digester.Digester   :   Fire end() for SetNextRule[methodName=addAttribute, paramType=org.apache.tomcat.util.modeler.AttributeInfo]
2019-05-11 11:06:15.910 DEBUG 8956 --- [kground-preinit] o.apache.tomcat.util.digester.Digester   : [SetNextRule]{mbeans-descriptors/mbean/attribute} Call org.apache.tomcat.util.modeler.ManagedBean.addAttribute(org.apache.tomcat.util.modeler.AttributeInfo@7daea3ec)
2019-05-11 11:06:15.910 DEBUG 8956 --- [kground-preinit] o.apache.tomcat.util.IntrospectionUtils  : IntrospectionUtils: callMethod1 org.apache.tomcat.util.modeler.ManagedBean org.apache.tomcat.util.modeler.AttributeInfo org.apache.tomcat.util.modeler.AttributeInfo
2019-05-11 11:06:15.910 DEBUG 8956 --- [kground-preinit] o.apache.tomcat.util.digester.Digester   :   Fire end() for SetPropertiesRule[]
2019-05-11 11:06:15.910 DEBUG 8956 --- [kground-preinit] o.apache.tomcat.util.digester.Digester   :   Fire end() for ObjectCreateRule[className=org.apache.tomcat.util.modeler.AttributeInfo, attributeName=null]
2019-05-11 11:06:15.910 DEBUG 8956 --- [kground-preinit] o.apache.tomcat.util.digester.Digester   : [ObjectCreateRule]{mbeans-descriptors/mbean/attribute} Pop org.apache.tomcat.util.modeler.AttributeInfo
2019-05-11 11:06:15.911 DEBUG 8956 --- [kground-preinit] o.a.tomcat.util.digester.Digester.sax    : characters(

    )
2019-05-11 11:06:15.911 DEBUG 8956 --- [kground-preinit] o.a.tomcat.util.digester.Digester.sax    : startElement(,,attribute)
2019-05-11 11:06:15.911 DEBUG 8956 --- [kground-preinit] o.apache.tomcat.util.digester.Digester   :   New match='mbeans-descriptors/mbean/attribute'
2019-05-11 11:06:15.911 DEBUG 8956 --- [kground-preinit] o.apache.tomcat.util.digester.Digester   :   Fire begin() for ObjectCreateRule[className=org.apache.tomcat.util.modeler.AttributeInfo, attributeName=null]
2019-05-11 11:06:15.911 DEBUG 8956 --- [kground-preinit] o.apache.tomcat.util.digester.Digester   : [ObjectCreateRule]{mbeans-descriptors/mbean/attribute}New org.apache.tomcat.util.modeler.AttributeInfo
2019-05-11 11:06:15.911 DEBUG 8956 --- [kground-preinit] o.apache.tomcat.util.digester.Digester   :   Fire begin() for SetPropertiesRule[]
2019-05-11 11:06:15.912 DEBUG 8956 --- [kground-preinit] o.apache.tomcat.util.digester.Digester   : [SetPropertiesRule]{mbeans-descriptors/mbean/attribute} Set org.apache.tomcat.util.modeler.AttributeInfo properties
2019-05-11 11:06:15.912 DEBUG 8956 --- [kground-preinit] o.apache.tomcat.util.digester.Digester   : [SetPropertiesRule]{mbeans-descriptors/mbean/attribute} Setting property 'name' to 'className'
2019-05-11 11:06:15.912 DEBUG 8956 --- [kground-preinit] o.apache.tomcat.util.IntrospectionUtils  : IntrospectionUtils: setProperty(class org.apache.tomcat.util.modeler.AttributeInfo name=className)
2019-05-11 11:06:15.912 DEBUG 8956 --- [kground-preinit] o.apache.tomcat.util.digester.Digester   : [SetPropertiesRule]{mbeans-descriptors/mbean/attribute} Setting property 'description' to 'Fully qualified class name of the managed object'
2019-05-11 11:06:15.912 DEBUG 8956 --- [kground-preinit] o.apache.tomcat.util.IntrospectionUtils  : IntrospectionUtils: setProperty(class org.apache.tomcat.util.modeler.AttributeInfo description=Fully qualified class name of the managed object)
2019-05-11 11:06:15.913 DEBUG 8956 --- [kground-preinit] o.apache.tomcat.util.digester.Digester   : [SetPropertiesRule]{mbeans-descriptors/mbean/attribute} Setting property 'type' to 'java.lang.String'
2019-05-11 11:06:15.913 DEBUG 8956 --- [kground-preinit] o.apache.tomcat.util.IntrospectionUtils  : IntrospectionUtils: setProperty(class org.apache.tomcat.util.modeler.AttributeInfo type=java.lang.String)
2019-05-11 11:06:15.913 DEBUG 8956 --- [kground-preinit] o.apache.tomcat.util.digester.Digester   : [SetPropertiesRule]{mbeans-descriptors/mbean/attribute} Setting property 'writeable' to 'false'
2019-05-11 11:06:15.913 DEBUG 8956 --- [kground-preinit] o.apache.tomcat.util.IntrospectionUtils  : IntrospectionUtils: setProperty(class org.apache.tomcat.util.modeler.AttributeInfo writeable=false)
2019-05-11 11:06:15.913 DEBUG 8956 --- [kground-preinit] o.apache.tomcat.util.digester.Digester   :   Fire begin() for SetNextRule[methodName=addAttribute, paramType=org.apache.tomcat.util.modeler.AttributeInfo]
2019-05-11 11:06:15.913 DEBUG 8956 --- [           main] o.s.core.env.StandardEnvironment         : Adding PropertySource 'systemProperties' with lowest search precedence
2019-05-11 11:06:15.913 DEBUG 8956 --- [           main] o.s.core.env.StandardEnvironment         : Adding PropertySource 'systemEnvironment' with lowest search precedence
2019-05-11 11:06:15.913 DEBUG 8956 --- [kground-preinit] o.a.tomcat.util.digester.Digester.sax    : endElement(,,attribute)
2019-05-11 11:06:15.913 DEBUG 8956 --- [kground-preinit] o.apache.tomcat.util.digester.Digester   :   match='mbeans-descriptors/mbean/attribute'
2019-05-11 11:06:15.913 DEBUG 8956 --- [           main] o.s.core.env.StandardEnvironment         : Initialized StandardEnvironment with PropertySources [MapPropertySource@2004628751 {name='systemProperties', properties={idea.version=2018.1.6, java.runtime.name=Java(TM) SE Runtime Environment, sun.rmi.transport.tcp.responseTimeout=10000, sun.boot.library.path=C:\Program Files\Java\jdk1.8.0_121\jre\bin, java.vm.version=25.121-b13, java.vm.vendor=Oracle Corporation, java.vendor.url=http://java.oracle.com/, path.separator=;, java.vm.name=Java HotSpot(TM) 64-Bit Server VM, file.encoding.pkg=sun.io, user.country=CN, user.script=, sun.java.launcher=SUN_STANDARD, sun.os.patch.level=, PID=8956, java.vm.specification.name=Java Virtual Machine Specification, user.dir=E:\gmall0508\gware-manage, java.runtime.version=1.8.0_121-b13, basedir=E:\gmall0508\gware-manage, java.awt.graphicsenv=sun.awt.Win32GraphicsEnvironment, org.jboss.logging.provider=slf4j, java.endorsed.dirs=C:\Program Files\Java\jdk1.8.0_121\jre\lib\endorsed, os.arch=amd64, surefire.real.class.path=E:\gmall0508\gware-manage\target\surefire\surefirebooter458343370226113936.jar, java.io.tmpdir=C:\Users\Lenovo\AppData\Local\Temp\, line.separator=
, java.vm.specification.vendor=Oracle Corporation, user.variant=, os.name=Windows 8.1, sun.jnu.encoding=GBK, spring.beaninfo.ignore=true, java.library.path=C:\Program Files\Java\jdk1.8.0_121\jre\bin;C:\windows\Sun\Java\bin;C:\windows\system32;C:\windows;C:\Program Files (x86)\Common Files\Oracle\Java\javapath;C:\ProgramData\Oracle\Java\javapath;C:\Program Files (x86)\Lenovo\FusionEngine;C:\Program Files (x86)\Intel\iCLS Client\;C:\Program Files\Intel\iCLS Client\;C:\windows\system32;C:\windows;C:\windows\System32\Wbem;C:\windows\System32\WindowsPowerShell\v1.0\;C:\Program Files\Intel\Intel(R) Management Engine Components\DAL;C:\Program Files (x86)\Intel\Intel(R) Management Engine Components\DAL;C:\Program Files\Intel\Intel(R) Management Engine Components\IPT;C:\Program Files (x86)\Intel\Intel(R) Management Engine Components\IPT;C:\Program Files\Intel\WiFi\bin\;C:\Program Files\Common Files\Intel\WirelessCommon\;C:\Program Files (x86)\Lenovo\Motion Control\;F:\maven-3.5\apache-maven-3.5.3\bin;C:\Program Files (x86)\Lenovo\Lenovo Home\;F:\redis\;F:\MongoDB\bin;F:\github\Git\cmd;., surefire.test.class.path=E:\gmall0508\gware-manage\target\test-classes;E:\gmall0508\gware-manage\target\classes;F:\Repositories\Maven\com\gitee\reger\spring-boot-starter-dubbo\1.0.10\spring-boot-starter-dubbo-1.0.10.jar;F:\Repositories\Maven\org\springframework\boot\spring-boot-starter\1.5.10.RELEASE\spring-boot-starter-1.5.10.RELEASE.jar;F:\Repositories\Maven\org\springframework\boot\spring-boot\1.5.10.RELEASE\spring-boot-1.5.10.RELEASE.jar;F:\Repositories\Maven\org\springframework\boot\spring-boot-autoconfigure\1.5.10.RELEASE\spring-boot-autoconfigure-1.5.10.RELEASE.jar;F:\Repositories\Maven\org\springframework\boot\spring-boot-starter-logging\1.5.10.RELEASE\spring-boot-starter-logging-1.5.10.RELEASE.jar;F:\Repositories\Maven\ch\qos\logback\logback-classic\1.1.11\logback-classic-1.1.11.jar;F:\Repositories\Maven\ch\qos\logback\logback-core\1.1.11\logback-core-1.1.11.jar;F:\Repositories\Maven\org\slf4j\jcl-over-slf4j\1.7.25\jcl-over-slf4j-1.7.25.jar;F:\Repositories\Maven\org\slf4j\jul-to-slf4j\1.7.25\jul-to-slf4j-1.7.25.jar;F:\Repositories\Maven\org\slf4j\log4j-over-slf4j\1.7.25\log4j-over-slf4j-1.7.25.jar;F:\Repositories\Maven\org\yaml\snakeyaml\1.17\snakeyaml-1.17.jar;F:\Repositories\Maven\org\springframework\boot\spring-boot-starter-validation\1.5.10.RELEASE\spring-boot-starter-validation-1.5.10.RELEASE.jar;F:\Repositories\Maven\org\apache\tomcat\embed\tomcat-embed-el\8.5.27\tomcat-embed-el-8.5.27.jar;F:\Repositories\Maven\com\101tec\zkclient\0.10\zkclient-0.10.jar;F:\Repositories\Maven\org\apache\zookeeper\zookeeper\3.4.8\zookeeper-3.4.8.jar;F:\Repositories\Maven\jline\jline\0.9.94\jline-0.9.94.jar;F:\Repositories\Maven\io\netty\netty\3.7.0.Final\netty-3.7.0.Final.jar;F:\Repositories\Maven\com\alibaba\dubbo\2.6.0\dubbo-2.6.0.jar;F:\Repositories\Maven\org\springframework\spring-context\4.3.14.RELEASE\spring-context-4.3.14.RELEASE.jar;F:\Repositories\Maven\org\springframework\spring-aop\4.3.14.RELEASE\spring-aop-4.3.14.RELEASE.jar;F:\Repositories\Maven\org\springframework\spring-expression\4.3.14.RELEASE\spring-expression-4.3.14.RELEASE.jar;F:\Repositories\Maven\org\springframework\spring-beans\4.3.14.RELEASE\spring-beans-4.3.14.RELEASE.jar;F:\Repositories\Maven\org\springframework\spring-web\4.3.14.RELEASE\spring-web-4.3.14.RELEASE.jar;F:\Repositories\Maven\org\javassist\javassist\3.21.0-GA\javassist-3.21.0-GA.jar;F:\Repositories\Maven\org\jboss\netty\netty\3.2.5.Final\netty-3.2.5.Final.jar;F:\Repositories\Maven\org\springframework\boot\spring-boot-starter-activemq\1.5.10.RELEASE\spring-boot-starter-activemq-1.5.10.RELEASE.jar;F:\Repositories\Maven\org\springframework\spring-jms\4.3.14.RELEASE\spring-jms-4.3.14.RELEASE.jar;F:\Repositories\Maven\org\springframework\spring-messaging\4.3.14.RELEASE\spring-messaging-4.3.14.RELEASE.jar;F:\Repositories\Maven\org\springframework\spring-tx\4.3.14.RELEASE\spring-tx-4.3.14.RELEASE.jar;F:\Repositories\Maven\org\apache\activemq\activemq-broker\5.14.5\activemq-broker-5.14.5.jar;F:\Repositories\Maven\org\apache\activemq\activemq-openwire-legacy\5.14.5\activemq-openwire-legacy-5.14.5.jar;F:\Repositories\Maven\org\apache\activemq\activemq-pool\5.15.2\activemq-pool-5.15.2.jar;F:\Repositories\Maven\org\slf4j\slf4j-api\1.7.25\slf4j-api-1.7.25.jar;F:\Repositories\Maven\org\apache\activemq\activemq-jms-pool\5.14.5\activemq-jms-pool-5.14.5.jar;F:\Repositories\Maven\org\apache\geronimo\specs\geronimo-jms_1.1_spec\1.1.1\geronimo-jms_1.1_spec-1.1.1.jar;F:\Repositories\Maven\org\apache\activemq\activemq-client\5.14.5\activemq-client-5.14.5.jar;F:\Repositories\Maven\org\fusesource\hawtbuf\hawtbuf\1.11\hawtbuf-1.11.jar;F:\Repositories\Maven\org\apache\geronimo\specs\geronimo-j2ee-management_1.1_spec\1.0.1\geronimo-j2ee-management_1.1_spec-1.0.1.jar;F:\Repositories\Maven\org\apache\geronimo\specs\geronimo-jta_1.0.1B_spec\1.0.1\geronimo-jta_1.0.1B_spec-1.0.1.jar;F:\Repositories\Maven\org\apache\commons\commons-pool2\2.4.3\commons-pool2-2.4.3.jar;F:\Repositories\Maven\org\springframework\boot\spring-boot-starter-jdbc\1.5.10.RELEASE\spring-boot-starter-jdbc-1.5.10.RELEASE.jar;F:\Repositories\Maven\org\apache\tomcat\tomcat-jdbc\8.5.27\tomcat-jdbc-8.5.27.jar;F:\Repositories\Maven\org\apache\tomcat\tomcat-juli\8.5.27\tomcat-juli-8.5.27.jar;F:\Repositories\Maven\org\springframework\spring-jdbc\4.3.14.RELEASE\spring-jdbc-4.3.14.RELEASE.jar;F:\Repositories\Maven\org\mybatis\spring\boot\mybatis-spring-boot-starter\1.3.1\mybatis-spring-boot-starter-1.3.1.jar;F:\Repositories\Maven\org\mybatis\spring\boot\mybatis-spring-boot-autoconfigure\1.3.1\mybatis-spring-boot-autoconfigure-1.3.1.jar;F:\Repositories\Maven\org\mybatis\mybatis\3.4.5\mybatis-3.4.5.jar;F:\Repositories\Maven\org\mybatis\mybatis-spring\1.3.1\mybatis-spring-1.3.1.jar;F:\Repositories\Maven\mysql\mysql-connector-java\5.1.45\mysql-connector-java-5.1.45.jar;F:\Repositories\Maven\redis\clients\jedis\2.9.0\jedis-2.9.0.jar;F:\Repositories\Maven\tk\mybatis\mapper-spring-boot-starter\1.2.3\mapper-spring-boot-starter-1.2.3.jar;F:\Repositories\Maven\tk\mybatis\mapper-spring-boot-autoconfigure\1.2.3\mapper-spring-boot-autoconfigure-1.2.3.jar;F:\Repositories\Maven\tk\mybatis\mapper\3.5.2\mapper-3.5.2.jar;F:\Repositories\Maven\javax\persistence\persistence-api\1.0\persistence-api-1.0.jar;F:\Repositories\Maven\org\springframework\boot\spring-boot-starter-test\1.5.10.RELEASE\spring-boot-starter-test-1.5.10.RELEASE.jar;F:\Repositories\Maven\org\springframework\boot\spring-boot-test\1.5.10.RELEASE\spring-boot-test-1.5.10.RELEASE.jar;F:\Repositories\Maven\org\springframework\boot\spring-boot-test-autoconfigure\1.5.10.RELEASE\spring-boot-test-autoconfigure-1.5.10.RELEASE.jar;F:\Repositories\Maven\com\jayway\jsonpath\json-path\2.2.0\json-path-2.2.0.jar;F:\Repositories\Maven\net\minidev\json-smart\2.2.1\json-smart-2.2.1.jar;F:\Repositories\Maven\net\minidev\accessors-smart\1.1\accessors-smart-1.1.jar;F:\Repositories\Maven\org\ow2\asm\asm\5.0.3\asm-5.0.3.jar;F:\Repositories\Maven\junit\junit\4.12\junit-4.12.jar;F:\Repositories\Maven\org\assertj\assertj-core\2.6.0\assertj-core-2.6.0.jar;F:\Repositories\Maven\org\mockito\mockito-core\1.10.19\mockito-core-1.10.19.jar;F:\Repositories\Maven\org\objenesis\objenesis\2.1\objenesis-2.1.jar;F:\Repositories\Maven\org\hamcrest\hamcrest-core\1.3\hamcrest-core-1.3.jar;F:\Repositories\Maven\org\hamcrest\hamcrest-library\1.3\hamcrest-library-1.3.jar;F:\Repositories\Maven\org\skyscreamer\jsonassert\1.4.0\jsonassert-1.4.0.jar;F:\Repositories\Maven\com\vaadin\external\google\android-json\0.0.20131108.vaadin1\android-json-0.0.20131108.vaadin1.jar;F:\Repositories\Maven\org\springframework\spring-core\4.3.14.RELEASE\spring-core-4.3.14.RELEASE.jar;F:\Repositories\Maven\org\springframework\spring-test\4.3.14.RELEASE\spring-test-4.3.14.RELEASE.jar;F:\Repositories\Maven\org\springframework\boot\spring-boot-starter-web\1.5.10.RELEASE\spring-boot-starter-web-1.5.10.RELEASE.jar;F:\Repositories\Maven\org\springframework\boot\spring-boot-starter-tomcat\1.5.10.RELEASE\spring-boot-starter-tomcat-1.5.10.RELEASE.jar;F:\Repositories\Maven\org\apache\tomcat\embed\tomcat-embed-core\8.5.27\tomcat-embed-core-8.5.27.jar;F:\Repositories\Maven\org\apache\tomcat\tomcat-annotations-api\8.5.27\tomcat-annotations-api-8.5.27.jar;F:\Repositories\Maven\org\apache\tomcat\embed\tomcat-embed-websocket\8.5.27\tomcat-embed-websocket-8.5.27.jar;F:\Repositories\Maven\org\hibernate\hibernate-validator\5.3.6.Final\hibernate-validator-5.3.6.Final.jar;F:\Repositories\Maven\javax\validation\validation-api\1.1.0.Final\validation-api-1.1.0.Final.jar;F:\Repositories\Maven\org\jboss\logging\jboss-logging\3.3.1.Final\jboss-logging-3.3.1.Final.jar;F:\Repositories\Maven\com\fasterxml\classmate\1.3.4\classmate-1.3.4.jar;F:\Repositories\Maven\com\fasterxml\jackson\core\jackson-databind\2.8.10\jackson-databind-2.8.10.jar;F:\Repositories\Maven\com\fasterxml\jackson\core\jackson-annotations\2.8.0\jackson-annotations-2.8.0.jar;F:\Repositories\Maven\com\fasterxml\jackson\core\jackson-core\2.8.10\jackson-core-2.8.10.jar;F:\Repositories\Maven\org\springframework\spring-webmvc\4.3.14.RELEASE\spring-webmvc-4.3.14.RELEASE.jar;F:\Repositories\Maven\com\alibaba\fastjson\1.2.46\fastjson-1.2.46.jar;F:\Repositories\Maven\org\springframework\boot\spring-boot-starter-thymeleaf\1.5.10.RELEASE\spring-boot-starter-thymeleaf-1.5.10.RELEASE.jar;F:\Repositories\Maven\org\thymeleaf\thymeleaf-spring4\2.1.6.RELEASE\thymeleaf-spring4-2.1.6.RELEASE.jar;F:\Repositories\Maven\org\thymeleaf\thymeleaf\2.1.6.RELEASE\thymeleaf-2.1.6.RELEASE.jar;F:\Repositories\Maven\ognl\ognl\3.0.8\ognl-3.0.8.jar;F:\Repositories\Maven\org\unbescape\unbescape\1.1.0.RELEASE\unbescape-1.1.0.RELEASE.jar;F:\Repositories\Maven\nz\net\ultraq\thymeleaf\thymeleaf-layout-dialect\1.4.0\thymeleaf-layout-dialect-1.4.0.jar;F:\Repositories\Maven\org\codehaus\groovy\groovy\2.4.13\groovy-2.4.13.jar;F:\Repositories\Maven\net\sourceforge\nekohtml\nekohtml\1.9.20\nekohtml-1.9.20.jar;F:\Repositories\Maven\xerces\xercesImpl\2.10.0\xercesImpl-2.10.0.jar;F:\Repositories\Maven\xml-apis\xml-apis\1.4.01\xml-apis-1.4.01.jar;F:\Repositories\Maven\org\apache\xmlgraphics\batik-ext\1.9.1\batik-ext-1.9.1.jar;F:\Repositories\Maven\org\apache\httpcomponents\httpclient\4.5.5\httpclient-4.5.5.jar;F:\Repositories\Maven\org\apache\httpcomponents\httpcore\4.4.9\httpcore-4.4.9.jar;F:\Repositories\Maven\commons-logging\commons-logging\1.2\commons-logging-1.2.jar;F:\Repositories\Maven\org\apache\commons\commons-lang3\3.7\commons-lang3-3.7.jar;F:\Repositories\Maven\commons-beanutils\commons-beanutils\1.9.3\commons-beanutils-1.9.3.jar;F:\Repositories\Maven\commons-collections\commons-collections\3.2.2\commons-collections-3.2.2.jar;F:\Repositories\Maven\commons-codec\commons-codec\1.11\commons-codec-1.11.jar;, java.specification.name=Java Platform API Specification, java.class.version=52.0, sun.management.compiler=HotSpot 64-Bit Tiered Compilers, os.version=6.3, user.home=C:\Users\Lenovo, user.timezone=Asia/Shanghai, java.awt.printerjob=sun.awt.windows.WPrinterJob, file.encoding=GBK, java.specification.version=1.8, java.class.path=E:\gmall0508\gware-manage\target\test-classes;E:\gmall0508\gware-manage\target\classes;F:\Repositories\Maven\com\gitee\reger\spring-boot-starter-dubbo\1.0.10\spring-boot-starter-dubbo-1.0.10.jar;F:\Repositories\Maven\org\springframework\boot\spring-boot-starter\1.5.10.RELEASE\spring-boot-starter-1.5.10.RELEASE.jar;F:\Repositories\Maven\org\springframework\boot\spring-boot\1.5.10.RELEASE\spring-boot-1.5.10.RELEASE.jar;F:\Repositories\Maven\org\springframework\boot\spring-boot-autoconfigure\1.5.10.RELEASE\spring-boot-autoconfigure-1.5.10.RELEASE.jar;F:\Repositories\Maven\org\springframework\boot\spring-boot-starter-logging\1.5.10.RELEASE\spring-boot-starter-logging-1.5.10.RELEASE.jar;F:\Repositories\Maven\ch\qos\logback\logback-classic\1.1.11\logback-classic-1.1.11.jar;F:\Repositories\Maven\ch\qos\logback\logback-core\1.1.11\logback-core-1.1.11.jar;F:\Repositories\Maven\org\slf4j\jcl-over-slf4j\1.7.25\jcl-over-slf4j-1.7.25.jar;F:\Repositories\Maven\org\slf4j\jul-to-slf4j\1.7.25\jul-to-slf4j-1.7.25.jar;F:\Repositories\Maven\org\slf4j\log4j-over-slf4j\1.7.25\log4j-over-slf4j-1.7.25.jar;F:\Repositories\Maven\org\yaml\snakeyaml\1.17\snakeyaml-1.17.jar;F:\Repositories\Maven\org\springframework\boot\spring-boot-starter-validation\1.5.10.RELEASE\spring-boot-starter-validation-1.5.10.RELEASE.jar;F:\Repositories\Maven\org\apache\tomcat\embed\tomcat-embed-el\8.5.27\tomcat-embed-el-8.5.27.jar;F:\Repositories\Maven\com\101tec\zkclient\0.10\zkclient-0.10.jar;F:\Repositories\Maven\org\apache\zookeeper\zookeeper\3.4.8\zookeeper-3.4.8.jar;F:\Repositories\Maven\jline\jline\0.9.94\jline-0.9.94.jar;F:\Repositories\Maven\io\netty\netty\3.7.0.Final\netty-3.7.0.Final.jar;F:\Repositories\Maven\com\alibaba\dubbo\2.6.0\dubbo-2.6.0.jar;F:\Repositories\Maven\org\springframework\spring-context\4.3.14.RELEASE\spring-context-4.3.14.RELEASE.jar;F:\Repositories\Maven\org\springframework\spring-aop\4.3.14.RELEASE\spring-aop-4.3.14.RELEASE.jar;F:\Repositories\Maven\org\springframework\spring-expression\4.3.14.RELEASE\spring-expression-4.3.14.RELEASE.jar;F:\Repositories\Maven\org\springframework\spring-beans\4.3.14.RELEASE\spring-beans-4.3.14.RELEASE.jar;F:\Repositories\Maven\org\springframework\spring-web\4.3.14.RELEASE\spring-web-4.3.14.RELEASE.jar;F:\Repositories\Maven\org\javassist\javassist\3.21.0-GA\javassist-3.21.0-GA.jar;F:\Repositories\Maven\org\jboss\netty\netty\3.2.5.Final\netty-3.2.5.Final.jar;F:\Repositories\Maven\org\springframework\boot\spring-boot-starter-activemq\1.5.10.RELEASE\spring-boot-starter-activemq-1.5.10.RELEASE.jar;F:\Repositories\Maven\org\springframework\spring-jms\4.3.14.RELEASE\spring-jms-4.3.14.RELEASE.jar;F:\Repositories\Maven\org\springframework\spring-messaging\4.3.14.RELEASE\spring-messaging-4.3.14.RELEASE.jar;F:\Repositories\Maven\org\springframework\spring-tx\4.3.14.RELEASE\spring-tx-4.3.14.RELEASE.jar;F:\Repositories\Maven\org\apache\activemq\activemq-broker\5.14.5\activemq-broker-5.14.5.jar;F:\Repositories\Maven\org\apache\activemq\activemq-openwire-legacy\5.14.5\activemq-openwire-legacy-5.14.5.jar;F:\Repositories\Maven\org\apache\activemq\activemq-pool\5.15.2\activemq-pool-5.15.2.jar;F:\Repositories\Maven\org\slf4j\slf4j-api\1.7.25\slf4j-api-1.7.25.jar;F:\Repositories\Maven\org\apache\activemq\activemq-jms-pool\5.14.5\activemq-jms-pool-5.14.5.jar;F:\Repositories\Maven\org\apache\geronimo\specs\geronimo-jms_1.1_spec\1.1.1\geronimo-jms_1.1_spec-1.1.1.jar;F:\Repositories\Maven\org\apache\activemq\activemq-client\5.14.5\activemq-client-5.14.5.jar;F:\Repositories\Maven\org\fusesource\hawtbuf\hawtbuf\1.11\hawtbuf-1.11.jar;F:\Repositories\Maven\org\apache\geronimo\specs\geronimo-j2ee-management_1.1_spec\1.0.1\geronimo-j2ee-management_1.1_spec-1.0.1.jar;F:\Repositories\Maven\org\apache\geronimo\specs\geronimo-jta_1.0.1B_spec\1.0.1\geronimo-jta_1.0.1B_spec-1.0.1.jar;F:\Repositories\Maven\org\apache\commons\commons-pool2\2.4.3\commons-pool2-2.4.3.jar;F:\Repositories\Maven\org\springframework\boot\spring-boot-starter-jdbc\1.5.10.RELEASE\spring-boot-starter-jdbc-1.5.10.RELEASE.jar;F:\Repositories\Maven\org\apache\tomcat\tomcat-jdbc\8.5.27\tomcat-jdbc-8.5.27.jar;F:\Repositories\Maven\org\apache\tomcat\tomcat-juli\8.5.27\tomcat-juli-8.5.27.jar;F:\Repositories\Maven\org\springframework\spring-jdbc\4.3.14.RELEASE\spring-jdbc-4.3.14.RELEASE.jar;F:\Repositories\Maven\org\mybatis\spring\boot\mybatis-spring-boot-starter\1.3.1\mybatis-spring-boot-starter-1.3.1.jar;F:\Repositories\Maven\org\mybatis\spring\boot\mybatis-spring-boot-autoconfigure\1.3.1\mybatis-spring-boot-autoconfigure-1.3.1.jar;F:\Repositories\Maven\org\mybatis\mybatis\3.4.5\mybatis-3.4.5.jar;F:\Repositories\Maven\org\mybatis\mybatis-spring\1.3.1\mybatis-spring-1.3.1.jar;F:\Repositories\Maven\mysql\mysql-connector-java\5.1.45\mysql-connector-java-5.1.45.jar;F:\Repositories\Maven\redis\clients\jedis\2.9.0\jedis-2.9.0.jar;F:\Repositories\Maven\tk\mybatis\mapper-spring-boot-starter\1.2.3\mapper-spring-boot-starter-1.2.3.jar;F:\Repositories\Maven\tk\mybatis\mapper-spring-boot-autoconfigure\1.2.3\mapper-spring-boot-autoconfigure-1.2.3.jar;F:\Repositories\Maven\tk\mybatis\mapper\3.5.2\mapper-3.5.2.jar;F:\Repositories\Maven\javax\persistence\persistence-api\1.0\persistence-api-1.0.jar;F:\Repositories\Maven\org\springframework\boot\spring-boot-starter-test\1.5.10.RELEASE\spring-boot-starter-test-1.5.10.RELEASE.jar;F:\Repositories\Maven\org\springframework\boot\spring-boot-test\1.5.10.RELEASE\spring-boot-test-1.5.10.RELEASE.jar;F:\Repositories\Maven\org\springframework\boot\spring-boot-test-autoconfigure\1.5.10.RELEASE\spring-boot-test-autoconfigure-1.5.10.RELEASE.jar;F:\Repositories\Maven\com\jayway\jsonpath\json-path\2.2.0\json-path-2.2.0.jar;F:\Repositories\Maven\net\minidev\json-smart\2.2.1\json-smart-2.2.1.jar;F:\Repositories\Maven\net\minidev\accessors-smart\1.1\accessors-smart-1.1.jar;F:\Repositories\Maven\org\ow2\asm\asm\5.0.3\asm-5.0.3.jar;F:\Repositories\Maven\junit\junit\4.12\junit-4.12.jar;F:\Repositories\Maven\org\assertj\assertj-core\2.6.0\assertj-core-2.6.0.jar;F:\Repositories\Maven\org\mockito\mockito-core\1.10.19\mockito-core-1.10.19.jar;F:\Repositories\Maven\org\objenesis\objenesis\2.1\objenesis-2.1.jar;F:\Repositories\Maven\org\hamcrest\hamcrest-core\1.3\hamcrest-core-1.3.jar;F:\Repositories\Maven\org\hamcrest\hamcrest-library\1.3\hamcrest-library-1.3.jar;F:\Repositories\Maven\org\skyscreamer\jsonassert\1.4.0\jsonassert-1.4.0.jar;F:\Repositories\Maven\com\vaadin\external\google\android-json\0.0.20131108.vaadin1\android-json-0.0.20131108.vaadin1.jar;F:\Repositories\Maven\org\springframework\spring-core\4.3.14.RELEASE\spring-core-4.3.14.RELEASE.jar;F:\Repositories\Maven\org\springframework\spring-test\4.3.14.RELEASE\spring-test-4.3.14.RELEASE.jar;F:\Repositories\Maven\org\springframework\boot\spring-boot-starter-web\1.5.10.RELEASE\spring-boot-starter-web-1.5.10.RELEASE.jar;F:\Repositories\Maven\org\springframework\boot\spring-boot-starter-tomcat\1.5.10.RELEASE\spring-boot-starter-tomcat-1.5.10.RELEASE.jar;F:\Repositories\Maven\org\apache\tomcat\embed\tomcat-embed-core\8.5.27\tomcat-embed-core-8.5.27.jar;F:\Repositories\Maven\org\apache\tomcat\tomcat-annotations-api\8.5.27\tomcat-annotations-api-8.5.27.jar;F:\Repositories\Maven\org\apache\tomcat\embed\tomcat-embed-websocket\8.5.27\tomcat-embed-websocket-8.5.27.jar;F:\Repositories\Maven\org\hibernate\hibernate-validator\5.3.6.Final\hibernate-validator-5.3.6.Final.jar;F:\Repositories\Maven\javax\validation\validation-api\1.1.0.Final\validation-api-1.1.0.Final.jar;F:\Repositories\Maven\org\jboss\logging\jboss-logging\3.3.1.Final\jboss-logging-3.3.1.Final.jar;F:\Repositories\Maven\com\fasterxml\classmate\1.3.4\classmate-1.3.4.jar;F:\Repositories\Maven\com\fasterxml\jackson\core\jackson-databind\2.8.10\jackson-databind-2.8.10.jar;F:\Repositories\Maven\com\fasterxml\jackson\core\jackson-annotations\2.8.0\jackson-annotations-2.8.0.jar;F:\Repositories\Maven\com\fasterxml\jackson\core\jackson-core\2.8.10\jackson-core-2.8.10.jar;F:\Repositories\Maven\org\springframework\spring-webmvc\4.3.14.RELEASE\spring-webmvc-4.3.14.RELEASE.jar;F:\Repositories\Maven\com\alibaba\fastjson\1.2.46\fastjson-1.2.46.jar;F:\Repositories\Maven\org\springframework\boot\spring-boot-starter-thymeleaf\1.5.10.RELEASE\spring-boot-starter-thymeleaf-1.5.10.RELEASE.jar;F:\Repositories\Maven\org\thymeleaf\thymeleaf-spring4\2.1.6.RELEASE\thymeleaf-spring4-2.1.6.RELEASE.jar;F:\Repositories\Maven\org\thymeleaf\thymeleaf\2.1.6.RELEASE\thymeleaf-2.1.6.RELEASE.jar;F:\Repositories\Maven\ognl\ognl\3.0.8\ognl-3.0.8.jar;F:\Repositories\Maven\org\unbescape\unbescape\1.1.0.RELEASE\unbescape-1.1.0.RELEASE.jar;F:\Repositories\Maven\nz\net\ultraq\thymeleaf\thymeleaf-layout-dialect\1.4.0\thymeleaf-layout-dialect-1.4.0.jar;F:\Repositories\Maven\org\codehaus\groovy\groovy\2.4.13\groovy-2.4.13.jar;F:\Repositories\Maven\net\sourceforge\nekohtml\nekohtml\1.9.20\nekohtml-1.9.20.jar;F:\Repositories\Maven\xerces\xercesImpl\2.10.0\xercesImpl-2.10.0.jar;F:\Repositories\Maven\xml-apis\xml-apis\1.4.01\xml-apis-1.4.01.jar;F:\Repositories\Maven\org\apache\xmlgraphics\batik-ext\1.9.1\batik-ext-1.9.1.jar;F:\Repositories\Maven\org\apache\httpcomponents\httpclient\4.5.5\httpclient-4.5.5.jar;F:\Repositories\Maven\org\apache\httpcomponents\httpcore\4.4.9\httpcore-4.4.9.jar;F:\Repositories\Maven\commons-logging\commons-logging\1.2\commons-logging-1.2.jar;F:\Repositories\Maven\org\apache\commons\commons-lang3\3.7\commons-lang3-3.7.jar;F:\Repositories\Maven\commons-beanutils\commons-beanutils\1.9.3\commons-beanutils-1.9.3.jar;F:\Repositories\Maven\commons-collections\commons-collections\3.2.2\commons-collections-3.2.2.jar;F:\Repositories\Maven\commons-codec\commons-codec\1.11\commons-codec-1.11.jar;, user.name=Lenovo, java.vm.specification.version=1.8, sun.java.command=E:\gmall0508\gware-manage\target\surefire\surefirebooter458343370226113936.jar E:\gmall0508\gware-manage\target\surefire\surefire3161109468515084790tmp E:\gmall0508\gware-manage\target\surefire\surefire_03524719950964905350tmp, java.home=C:\Program Files\Java\jdk1.8.0_121\jre, sun.arch.data.model=64, user.language=zh, java.specification.vendor=Oracle Corporation, awt.toolkit=sun.awt.windows.WToolkit, java.vm.info=mixed mode, java.version=1.8.0_121, java.ext.dirs=C:\Program Files\Java\jdk1.8.0_121\jre\lib\ext;C:\windows\Sun\Java\lib\ext, sun.boot.class.path=C:\Program Files\Java\jdk1.8.0_121\jre\lib\resources.jar;C:\Program Files\Java\jdk1.8.0_121\jre\lib\rt.jar;C:\Program Files\Java\jdk1.8.0_121\jre\lib\sunrsasign.jar;C:\Program Files\Java\jdk1.8.0_121\jre\lib\jsse.jar;C:\Program Files\Java\jdk1.8.0_121\jre\lib\jce.jar;C:\Program Files\Java\jdk1.8.0_121\jre\lib\charsets.jar;C:\Program Files\Java\jdk1.8.0_121\jre\lib\jfr.jar;C:\Program Files\Java\jdk1.8.0_121\jre\classes, java.awt.headless=true, java.vendor=Oracle Corporation, localRepository=F:\Repositories\Maven, file.separator=\, java.vendor.url.bug=http://bugreport.sun.com/bugreport/, sun.io.unicode.encoding=UnicodeLittle, sun.cpu.endian=little, sun.desktop=windows, sun.cpu.isalist=amd64}}, SystemEnvironmentPropertySource@665512315 {name='systemEnvironment', properties={PATH=C:\Program Files (x86)\Common Files\Oracle\Java\javapath;C:\ProgramData\Oracle\Java\javapath;C:\Program Files (x86)\Lenovo\FusionEngine;C:\Program Files (x86)\Intel\iCLS Client\;C:\Program Files\Intel\iCLS Client\;C:\windows\system32;C:\windows;C:\windows\System32\Wbem;C:\windows\System32\WindowsPowerShell\v1.0\;C:\Program Files\Intel\Intel(R) Management Engine Components\DAL;C:\Program Files (x86)\Intel\Intel(R) Management Engine Components\DAL;C:\Program Files\Intel\Intel(R) Management Engine Components\IPT;C:\Program Files (x86)\Intel\Intel(R) Management Engine Components\IPT;C:\Program Files\Intel\WiFi\bin\;C:\Program Files\Common Files\Intel\WirelessCommon\;C:\Program Files (x86)\Lenovo\Motion Control\;F:\maven-3.5\apache-maven-3.5.3\bin;C:\Program Files (x86)\Lenovo\Lenovo Home\;F:\redis\;F:\MongoDB\bin;F:\github\Git\cmd, USERDOMAIN_ROAMINGPROFILE=Lenovo-PC, LOCALAPPDATA=C:\Users\Lenovo\AppData\Local, PROCESSOR_LEVEL=6, SYSTEMDRIVE=C:, COMMONPROGRAMFILES(X86)=C:\Program Files (x86)\Common Files, FP_NO_HOST_CHECK=NO, USERDOMAIN=Lenovo-PC, LOGONSERVER=\\LENOVO-PC, PROMPT=$P$G, SESSIONNAME=Console, ALLUSERSPROFILE=C:\ProgramData, PROGRAMFILES(X86)=C:\Program Files (x86), PROCESSOR_ARCHITECTURE=AMD64, =E:=E:\gmall0508\gware-manage, MAVEN_HOME=F:\maven-3.5\apache-maven-3.5.3, PROGRAMFILES=C:\Program Files, APPDATA=C:\Users\Lenovo\AppData\Roaming, PSMODULEPATH=C:\windows\system32\WindowsPowerShell\v1.0\Modules\, PROGRAMW6432=C:\Program Files, PROGRAMDATA=C:\ProgramData, SYSTEMROOT=C:\windows, USERNAME=Lenovo, VBOX_MSI_INSTALL_PATH=F:\VirtualBox-5.1.26\, CONFIGSETROOT=C:\windows\ConfigSetRoot, PATHEXT=.COM;.EXE;.BAT;.CMD;.VBS;.VBE;.JS;.JSE;.WSF;.WSH;.MSC, OS=Windows_NT, COMMONPROGRAMW6432=C:\Program Files\Common Files, COMPUTERNAME=LENOVO-PC, COMMONPROGRAMFILES=C:\Program Files\Common Files, COMSPEC=C:\windows\system32\cmd.exe, PROCESSOR_REVISION=3d04, WINDIR=C:\windows, HOMEPATH=\Users\Lenovo, TEMP=C:\Users\Lenovo\AppData\Local\Temp, HOMEDRIVE=C:, PROCESSOR_IDENTIFIER=Intel64 Family 6 Model 61 Stepping 4, GenuineIntel, USERPROFILE=C:\Users\Lenovo, TMP=C:\Users\Lenovo\AppData\Local\Temp, PUBLIC=C:\Users\Public, NUMBER_OF_PROCESSORS=4, =::=::\}}]
2019-05-11 11:06:15.914 DEBUG 8956 --- [kground-preinit] o.apache.tomcat.util.digester.Digester   :   bodyText=''
2019-05-11 11:06:15.914 DEBUG 8956 --- [kground-preinit] o.apache.tomcat.util.digester.Digester   :   Fire body() for ObjectCreateRule[className=org.apache.tomcat.util.modeler.AttributeInfo, attributeName=null]
2019-05-11 11:06:15.915 DEBUG 8956 --- [kground-preinit] o.apache.tomcat.util.digester.Digester   :   Fire body() for SetPropertiesRule[]
2019-05-11 11:06:15.916 DEBUG 8956 --- [           main] .i.s.PathMatchingResourcePatternResolver : Resolved classpath location [online/yjyy/] to resources [URL [file:/E:/gmall0508/gware-manage/target/test-classes/online/yjyy/], URL [file:/E:/gmall0508/gware-manage/target/classes/online/yjyy/]]
2019-05-11 11:06:15.916 DEBUG 8956 --- [           main] .i.s.PathMatchingResourcePatternResolver : Looking for matching resources in directory tree [E:\gmall0508\gware-manage\target\test-classes\online\yjyy]
2019-05-11 11:06:15.917 DEBUG 8956 --- [           main] .i.s.PathMatchingResourcePatternResolver : Searching directory [E:\gmall0508\gware-manage\target\test-classes\online\yjyy] for files matching pattern [E:/gmall0508/gware-manage/target/test-classes/online/yjyy/**/*.class]
2019-05-11 11:06:15.917 DEBUG 8956 --- [kground-preinit] o.apache.tomcat.util.digester.Digester   :   Fire body() for SetNextRule[methodName=addAttribute, paramType=org.apache.tomcat.util.modeler.AttributeInfo]
2019-05-11 11:06:15.917 DEBUG 8956 --- [kground-preinit] o.apache.tomcat.util.digester.Digester   :   Fire end() for SetNextRule[methodName=addAttribute, paramType=org.apache.tomcat.util.modeler.AttributeInfo]
2019-05-11 11:06:15.917 DEBUG 8956 --- [kground-preinit] o.apache.tomcat.util.digester.Digester   : [SetNextRule]{mbeans-descriptors/mbean/attribute} Call org.apache.tomcat.util.modeler.ManagedBean.addAttribute(org.apache.tomcat.util.modeler.AttributeInfo@3cc54632)
2019-05-11 11:06:15.917 DEBUG 8956 --- [kground-preinit] o.apache.tomcat.util.IntrospectionUtils  : IntrospectionUtils: callMethod1 org.apache.tomcat.util.modeler.ManagedBean org.apache.tomcat.util.modeler.AttributeInfo org.apache.tomcat.util.modeler.AttributeInfo
2019-05-11 11:06:15.917 DEBUG 8956 --- [kground-preinit] o.apache.tomcat.util.digester.Digester   :   Fire end() for SetPropertiesRule[]
2019-05-11 11:06:15.917 DEBUG 8956 --- [           main] .i.s.PathMatchingResourcePatternResolver : Searching directory [E:\gmall0508\gware-manage\target\test-classes\online\yjyy\gware] for files matching pattern [E:/gmall0508/gware-manage/target/test-classes/online/yjyy/**/*.class]
2019-05-11 11:06:15.917 DEBUG 8956 --- [kground-preinit] o.apache.tomcat.util.digester.Digester   :   Fire end() for ObjectCreateRule[className=org.apache.tomcat.util.modeler.AttributeInfo, attributeName=null]
2019-05-11 11:06:15.917 DEBUG 8956 --- [kground-preinit] o.apache.tomcat.util.digester.Digester   : [ObjectCreateRule]{mbeans-descriptors/mbean/attribute} Pop org.apache.tomcat.util.modeler.AttributeInfo
2019-05-11 11:06:15.917 DEBUG 8956 --- [kground-preinit] o.a.tomcat.util.digester.Digester.sax    : characters(

    )
2019-05-11 11:06:15.917 DEBUG 8956 --- [           main] .i.s.PathMatchingResourcePatternResolver : Searching directory [E:\gmall0508\gware-manage\target\test-classes\online\yjyy\gware\controller] for files matching pattern [E:/gmall0508/gware-manage/target/test-classes/online/yjyy/**/*.class]
2019-05-11 11:06:15.918 DEBUG 8956 --- [kground-preinit] o.a.tomcat.util.digester.Digester.sax    : startElement(,,attribute)
2019-05-11 11:06:15.918 DEBUG 8956 --- [kground-preinit] o.apache.tomcat.util.digester.Digester   :   New match='mbeans-descriptors/mbean/attribute'
2019-05-11 11:06:15.918 DEBUG 8956 --- [kground-preinit] o.apache.tomcat.util.digester.Digester   :   Fire begin() for ObjectCreateRule[className=org.apache.tomcat.util.modeler.AttributeInfo, attributeName=null]
2019-05-11 11:06:15.918 DEBUG 8956 --- [           main] .i.s.PathMatchingResourcePatternResolver : Looking for matching resources in directory tree [E:\gmall0508\gware-manage\target\classes\online\yjyy]
2019-05-11 11:06:15.918 DEBUG 8956 --- [kground-preinit] o.apache.tomcat.util.digester.Digester   : [ObjectCreateRule]{mbeans-descriptors/mbean/attribute}New org.apache.tomcat.util.modeler.AttributeInfo
2019-05-11 11:06:15.918 DEBUG 8956 --- [kground-preinit] o.apache.tomcat.util.digester.Digester   :   Fire begin() for SetPropertiesRule[]
2019-05-11 11:06:15.918 DEBUG 8956 --- [           main] .i.s.PathMatchingResourcePatternResolver : Searching directory [E:\gmall0508\gware-manage\target\classes\online\yjyy] for files matching pattern [E:/gmall0508/gware-manage/target/classes/online/yjyy/**/*.class]
2019-05-11 11:06:15.918 DEBUG 8956 --- [kground-preinit] o.apache.tomcat.util.digester.Digester   : [SetPropertiesRule]{mbeans-descriptors/mbean/attribute} Set org.apache.tomcat.util.modeler.AttributeInfo properties
2019-05-11 11:06:15.918 DEBUG 8956 --- [kground-preinit] o.apache.tomcat.util.digester.Digester   : [SetPropertiesRule]{mbeans-descriptors/mbean/attribute} Setting property 'name' to 'connectionName'
2019-05-11 11:06:15.918 DEBUG 8956 --- [kground-preinit] o.apache.tomcat.util.IntrospectionUtils  : IntrospectionUtils: setProperty(class org.apache.tomcat.util.modeler.AttributeInfo name=connectionName)
2019-05-11 11:06:15.918 DEBUG 8956 --- [           main] .i.s.PathMatchingResourcePatternResolver : Searching directory [E:\gmall0508\gware-manage\target\classes\online\yjyy\gware] for files matching pattern [E:/gmall0508/gware-manage/target/classes/online/yjyy/**/*.class]
2019-05-11 11:06:15.919 DEBUG 8956 --- [kground-preinit] o.apache.tomcat.util.digester.Digester   : [SetPropertiesRule]{mbeans-descriptors/mbean/attribute} Setting property 'description' to 'The connection username to use when trying to connect to the database'
2019-05-11 11:06:15.919 DEBUG 8956 --- [           main] .i.s.PathMatchingResourcePatternResolver : Searching directory [E:\gmall0508\gware-manage\target\classes\online\yjyy\gware\bean] for files matching pattern [E:/gmall0508/gware-manage/target/classes/online/yjyy/**/*.class]
2019-05-11 11:06:15.919 DEBUG 8956 --- [kground-preinit] o.apache.tomcat.util.IntrospectionUtils  : IntrospectionUtils: setProperty(class org.apache.tomcat.util.modeler.AttributeInfo description=The connection username to use when trying to connect to the database)
2019-05-11 11:06:15.919 DEBUG 8956 --- [           main] .i.s.PathMatchingResourcePatternResolver : Searching directory [E:\gmall0508\gware-manage\target\classes\online\yjyy\gware\bean\enums] for files matching pattern [E:/gmall0508/gware-manage/target/classes/online/yjyy/**/*.class]
2019-05-11 11:06:15.919 DEBUG 8956 --- [kground-preinit] o.apache.tomcat.util.digester.Digester   : [SetPropertiesRule]{mbeans-descriptors/mbean/attribute} Setting property 'type' to 'java.lang.String'
2019-05-11 11:06:15.921 DEBUG 8956 --- [           main] .i.s.PathMatchingResourcePatternResolver : Searching directory [E:\gmall0508\gware-manage\target\classes\online\yjyy\gware\config] for files matching pattern [E:/gmall0508/gware-manage/target/classes/online/yjyy/**/*.class]
2019-05-11 11:06:15.922 DEBUG 8956 --- [           main] .i.s.PathMatchingResourcePatternResolver : Searching directory [E:\gmall0508\gware-manage\target\classes\online\yjyy\gware\controller] for files matching pattern [E:/gmall0508/gware-manage/target/classes/online/yjyy/**/*.class]
2019-05-11 11:06:15.922 DEBUG 8956 --- [           main] .i.s.PathMatchingResourcePatternResolver : Searching directory [E:\gmall0508\gware-manage\target\classes\online\yjyy\gware\enums] for files matching pattern [E:/gmall0508/gware-manage/target/classes/online/yjyy/**/*.class]
2019-05-11 11:06:15.923 DEBUG 8956 --- [           main] .i.s.PathMatchingResourcePatternResolver : Searching directory [E:\gmall0508\gware-manage\target\classes\online\yjyy\gware\mapper] for files matching pattern [E:/gmall0508/gware-manage/target/classes/online/yjyy/**/*.class]
2019-05-11 11:06:15.923 DEBUG 8956 --- [           main] .i.s.PathMatchingResourcePatternResolver : Searching directory [E:\gmall0508\gware-manage\target\classes\online\yjyy\gware\mq] for files matching pattern [E:/gmall0508/gware-manage/target/classes/online/yjyy/**/*.class]
2019-05-11 11:06:15.924 DEBUG 8956 --- [           main] .i.s.PathMatchingResourcePatternResolver : Searching directory [E:\gmall0508\gware-manage\target\classes\online\yjyy\gware\service] for files matching pattern [E:/gmall0508/gware-manage/target/classes/online/yjyy/**/*.class]
2019-05-11 11:06:15.925 DEBUG 8956 --- [           main] .i.s.PathMatchingResourcePatternResolver : Searching directory [E:\gmall0508\gware-manage\target\classes\online\yjyy\gware\service\impl] for files matching pattern [E:/gmall0508/gware-manage/target/classes/online/yjyy/**/*.class]
2019-05-11 11:06:15.925 DEBUG 8956 --- [           main] .i.s.PathMatchingResourcePatternResolver : Searching directory [E:\gmall0508\gware-manage\target\classes\online\yjyy\gware\util] for files matching pattern [E:/gmall0508/gware-manage/target/classes/online/yjyy/**/*.class]
2019-05-11 11:06:15.926 DEBUG 8956 --- [           main] .i.s.PathMatchingResourcePatternResolver : Resolved location pattern [classpath*:online/yjyy/**/*.class] to resources [file [E:\gmall0508\gware-manage\target\test-classes\online\yjyy\gware\controller\GwareManageApplicationTests.class], file [E:\gmall0508\gware-manage\target\classes\online\yjyy\gware\bean\enums\OrderStatus.class], file [E:\gmall0508\gware-manage\target\classes\online\yjyy\gware\bean\enums\PaymentStatus.class], file [E:\gmall0508\gware-manage\target\classes\online\yjyy\gware\bean\enums\PaymentWay.class], file [E:\gmall0508\gware-manage\target\classes\online\yjyy\gware\bean\enums\ProcessStatus.class], file [E:\gmall0508\gware-manage\target\classes\online\yjyy\gware\bean\OrderDetail.class], file [E:\gmall0508\gware-manage\target\classes\online\yjyy\gware\bean\OrderInfo.class], file [E:\gmall0508\gware-manage\target\classes\online\yjyy\gware\bean\WareInfo.class], file [E:\gmall0508\gware-manage\target\classes\online\yjyy\gware\bean\WareOrderTask.class], file [E:\gmall0508\gware-manage\target\classes\online\yjyy\gware\bean\WareOrderTaskDetail.class], file [E:\gmall0508\gware-manage\target\classes\online\yjyy\gware\bean\WareSku.class], file [E:\gmall0508\gware-manage\target\classes\online\yjyy\gware\config\ActiveMQConfig.class], file [E:\gmall0508\gware-manage\target\classes\online\yjyy\gware\config\ActiveMQUtil.class], file [E:\gmall0508\gware-manage\target\classes\online\yjyy\gware\config\GwareConst.class], file [E:\gmall0508\gware-manage\target\classes\online\yjyy\gware\config\JsonpController.class], file [E:\gmall0508\gware-manage\target\classes\online\yjyy\gware\controller\GwareController.class], file [E:\gmall0508\gware-manage\target\classes\online\yjyy\gware\enums\TaskStatus.class], file [E:\gmall0508\gware-manage\target\classes\online\yjyy\gware\mapper\WareInfoMapper.class], file [E:\gmall0508\gware-manage\target\classes\online\yjyy\gware\mapper\WareOrderTaskDetailMapper.class], file [E:\gmall0508\gware-manage\target\classes\online\yjyy\gware\mapper\WareOrderTaskMapper.class], file [E:\gmall0508\gware-manage\target\classes\online\yjyy\gware\mapper\WareSkuMapper.class], file [E:\gmall0508\gware-manage\target\classes\online\yjyy\gware\mq\WareConsumer.class], file [E:\gmall0508\gware-manage\target\classes\online\yjyy\gware\service\GwareService.class], file [E:\gmall0508\gware-manage\target\classes\online\yjyy\gware\service\impl\GwareServiceImpl.class], file [E:\gmall0508\gware-manage\target\classes\online\yjyy\gware\util\HttpclientUtil.class], file [E:\gmall0508\gware-manage\target\classes\online\yjyy\GwareManageApplication.class]]
2019-05-11 11:06:15.941 DEBUG 8956 --- [kground-preinit] o.apache.tomcat.util.IntrospectionUtils  : IntrospectionUtils: setProperty(class org.apache.tomcat.util.modeler.AttributeInfo type=java.lang.String)
2019-05-11 11:06:15.942 DEBUG 8956 --- [kground-preinit] o.apache.tomcat.util.digester.Digester   :   Fire begin() for SetNextRule[methodName=addAttribute, paramType=org.apache.tomcat.util.modeler.AttributeInfo]
2019-05-11 11:06:15.942 DEBUG 8956 --- [kground-preinit] o.a.tomcat.util.digester.Digester.sax    : endElement(,,attribute)
2019-05-11 11:06:15.942 DEBUG 8956 --- [kground-preinit] o.apache.tomcat.util.digester.Digester   :   match='mbeans-descriptors/mbean/attribute'
2019-05-11 11:06:15.942 DEBUG 8956 --- [kground-preinit] o.apache.tomcat.util.digester.Digester   :   bodyText=''
2019-05-11 11:06:15.943 DEBUG 8956 --- [kground-preinit] o.apache.tomcat.util.digester.Digester   :   Fire body() for ObjectCreateRule[className=org.apache.tomcat.util.modeler.AttributeInfo, attributeName=null]
2019-05-11 11:06:15.943 DEBUG 8956 --- [kground-preinit] o.apache.tomcat.util.digester.Digester   :   Fire body() for SetPropertiesRule[]
2019-05-11 11:06:15.943 DEBUG 8956 --- [kground-preinit] o.apache.tomcat.util.digester.Digester   :   Fire body() for SetNextRule[methodName=addAttribute, paramType=org.apache.tomcat.util.modeler.AttributeInfo]
2019-05-11 11:06:15.943 DEBUG 8956 --- [kground-preinit] o.apache.tomcat.util.digester.Digester   :   Fire end() for SetNextRule[methodName=addAttribute, paramType=org.apache.tomcat.util.modeler.AttributeInfo]
2019-05-11 11:06:15.943 DEBUG 8956 --- [kground-preinit] o.apache.tomcat.util.digester.Digester   : [SetNextRule]{mbeans-descriptors/mbean/attribute} Call org.apache.tomcat.util.modeler.ManagedBean.addAttribute(org.apache.tomcat.util.modeler.AttributeInfo@44327531)
2019-05-11 11:06:15.944 DEBUG 8956 --- [           main] .c.a.DubboClassPathBeanDefinitionScanner : Identified candidate component class: file [E:\gmall0508\gware-manage\target\classes\online\yjyy\gware\service\impl\GwareServiceImpl.class]
2019-05-11 11:06:15.945 DEBUG 8956 --- [kground-preinit] o.apache.tomcat.util.IntrospectionUtils  : IntrospectionUtils: callMethod1 org.apache.tomcat.util.modeler.ManagedBean org.apache.tomcat.util.modeler.AttributeInfo org.apache.tomcat.util.modeler.AttributeInfo
2019-05-11 11:06:15.946 DEBUG 8956 --- [kground-preinit] o.apache.tomcat.util.digester.Digester   :   Fire end() for SetPropertiesRule[]
2019-05-11 11:06:15.948 DEBUG 8956 --- [kground-preinit] o.apache.tomcat.util.digester.Digester   :   Fire end() for ObjectCreateRule[className=org.apache.tomcat.util.modeler.AttributeInfo, attributeName=null]
2019-05-11 11:06:15.948 DEBUG 8956 --- [kground-preinit] o.apache.tomcat.util.digester.Digester   : [ObjectCreateRule]{mbeans-descriptors/mbean/attribute} Pop org.apache.tomcat.util.modeler.AttributeInfo
2019-05-11 11:06:15.949 DEBUG 8956 --- [kground-preinit] o.a.tomcat.util.digester.Digester.sax    : characters(

    )
2019-05-11 11:06:15.949 DEBUG 8956 --- [kground-preinit] o.a.tomcat.util.digester.Digester.sax    : startElement(,,attribute)
2019-05-11 11:06:15.949 DEBUG 8956 --- [kground-preinit] o.apache.tomcat.util.digester.Digester   :   New match='mbeans-descriptors/mbean/attribute'
2019-05-11 11:06:15.949 DEBUG 8956 --- [kground-preinit] o.apache.tomcat.util.digester.Digester   :   Fire begin() for ObjectCreateRule[className=org.apache.tomcat.util.modeler.AttributeInfo, attributeName=null]
2019-05-11 11:06:15.949 DEBUG 8956 --- [kground-preinit] o.apache.tomcat.util.digester.Digester   : [ObjectCreateRule]{mbeans-descriptors/mbean/attribute}New org.apache.tomcat.util.modeler.AttributeInfo
2019-05-11 11:06:15.950 DEBUG 8956 --- [kground-preinit] o.apache.tomcat.util.digester.Digester   :   Fire begin() for SetPropertiesRule[]
2019-05-11 11:06:15.950 DEBUG 8956 --- [kground-preinit] o.apache.tomcat.util.digester.Digester   : [SetPropertiesRule]{mbeans-descriptors/mbean/attribute} Set org.apache.tomcat.util.modeler.AttributeInfo properties
2019-05-11 11:06:15.951 DEBUG 8956 --- [kground-preinit] o.apache.tomcat.util.digester.Digester   : [SetPropertiesRule]{mbeans-descriptors/mbean/attribute} Setting property 'name' to 'connectionPassword'
2019-05-11 11:06:15.951 DEBUG 8956 --- [kground-preinit] o.apache.tomcat.util.IntrospectionUtils  : IntrospectionUtils: setProperty(class org.apache.tomcat.util.modeler.AttributeInfo name=connectionPassword)
2019-05-11 11:06:15.951 DEBUG 8956 --- [kground-preinit] o.apache.tomcat.util.digester.Digester   : [SetPropertiesRule]{mbeans-descriptors/mbean/attribute} Setting property 'description' to 'The connection password to use when trying to connect to the database'
2019-05-11 11:06:15.951 DEBUG 8956 --- [kground-preinit] o.apache.tomcat.util.IntrospectionUtils  : IntrospectionUtils: setProperty(class org.apache.tomcat.util.modeler.AttributeInfo description=The connection password to use when trying to connect to the database)
2019-05-11 11:06:15.951 DEBUG 8956 --- [kground-preinit] o.apache.tomcat.util.digester.Digester   : [SetPropertiesRule]{mbeans-descriptors/mbean/attribute} Setting property 'type' to 'java.lang.String'
2019-05-11 11:06:15.951 DEBUG 8956 --- [kground-preinit] o.apache.tomcat.util.IntrospectionUtils  : IntrospectionUtils: setProperty(class org.apache.tomcat.util.modeler.AttributeInfo type=java.lang.String)
2019-05-11 11:06:15.952 DEBUG 8956 --- [kground-preinit] o.apache.tomcat.util.digester.Digester   :   Fire begin() for SetNextRule[methodName=addAttribute, paramType=org.apache.tomcat.util.modeler.AttributeInfo]
2019-05-11 11:06:15.956 DEBUG 8956 --- [kground-preinit] o.a.tomcat.util.digester.Digester.sax    : endElement(,,attribute)
2019-05-11 11:06:15.956 DEBUG 8956 --- [kground-preinit] o.apache.tomcat.util.digester.Digester   :   match='mbeans-descriptors/mbean/attribute'
2019-05-11 11:06:15.956 DEBUG 8956 --- [kground-preinit] o.apache.tomcat.util.digester.Digester   :   bodyText=''
2019-05-11 11:06:15.957 DEBUG 8956 --- [kground-preinit] o.apache.tomcat.util.digester.Digester   :   Fire body() for ObjectCreateRule[className=org.apache.tomcat.util.modeler.AttributeInfo, attributeName=null]
2019-05-11 11:06:15.964 DEBUG 8956 --- [kground-preinit] o.apache.tomcat.util.digester.Digester   :   Fire body() for SetPropertiesRule[]
2019-05-11 11:06:15.964 DEBUG 8956 --- [kground-preinit] o.apache.tomcat.util.digester.Digester   :   Fire body() for SetNextRule[methodName=addAttribute, paramType=org.apache.tomcat.util.modeler.AttributeInfo]
2019-05-11 11:06:15.965 DEBUG 8956 --- [kground-preinit] o.apache.tomcat.util.digester.Digester   :   Fire end() for SetNextRule[methodName=addAttribute, paramType=org.apache.tomcat.util.modeler.AttributeInfo]
2019-05-11 11:06:15.965 DEBUG 8956 --- [kground-preinit] o.apache.tomcat.util.digester.Digester   : [SetNextRule]{mbeans-descriptors/mbean/attribute} Call org.apache.tomcat.util.modeler.ManagedBean.addAttribute(org.apache.tomcat.util.modeler.AttributeInfo@2d6de7ab)
2019-05-11 11:06:15.965 DEBUG 8956 --- [kground-preinit] o.apache.tomcat.util.IntrospectionUtils  : IntrospectionUtils: callMethod1 org.apache.tomcat.util.modeler.ManagedBean org.apache.tomcat.util.modeler.AttributeInfo org.apache.tomcat.util.modeler.AttributeInfo
2019-05-11 11:06:15.965 DEBUG 8956 --- [kground-preinit] o.apache.tomcat.util.digester.Digester   :   Fire end() for SetPropertiesRule[]
2019-05-11 11:06:15.966 DEBUG 8956 --- [kground-preinit] o.apache.tomcat.util.digester.Digester   :   Fire end() for ObjectCreateRule[className=org.apache.tomcat.util.modeler.AttributeInfo, attributeName=null]
2019-05-11 11:06:15.966 DEBUG 8956 --- [kground-preinit] o.apache.tomcat.util.digester.Digester   : [ObjectCreateRule]{mbeans-descriptors/mbean/attribute} Pop org.apache.tomcat.util.modeler.AttributeInfo
2019-05-11 11:06:15.966 DEBUG 8956 --- [kground-preinit] o.a.tomcat.util.digester.Digester.sax    : characters(

    )
2019-05-11 11:06:15.966 DEBUG 8956 --- [kground-preinit] o.a.tomcat.util.digester.Digester.sax    : startElement(,,attribute)
2019-05-11 11:06:15.966 DEBUG 8956 --- [kground-preinit] o.apache.tomcat.util.digester.Digester   :   New match='mbeans-descriptors/mbean/attribute'
2019-05-11 11:06:15.966 DEBUG 8956 --- [kground-preinit] o.apache.tomcat.util.digester.Digester   :   Fire begin() for ObjectCreateRule[className=org.apache.tomcat.util.modeler.AttributeInfo, attributeName=null]
2019-05-11 11:06:15.967 ERROR 8956 --- [           main] o.s.boot.SpringApplication               : Application startup failed

org.springframework.context.annotation.ConflictingBeanDefinitionException: Annotation-specified bean name 'gwareServiceImpl' for bean class [online.yjyy.gware.service.impl.GwareServiceImpl] conflicts with existing, non-compatible bean definition of same name and class [com.atguigu.gware.service.impl.GwareServiceImpl]
	at org.springframework.context.annotation.ClassPathBeanDefinitionScanner.checkCandidate(ClassPathBeanDefinitionScanner.java:345) ~[spring-context-4.3.14.RELEASE.jar:4.3.14.RELEASE]
	at org.springframework.context.annotation.ClassPathBeanDefinitionScanner.doScan(ClassPathBeanDefinitionScanner.java:283) ~[spring-context-4.3.14.RELEASE.jar:4.3.14.RELEASE]
	at com.alibaba.dubbo.config.spring.context.annotation.DubboClassPathBeanDefinitionScanner.doScan(DubboClassPathBeanDefinitionScanner.java:60) ~[dubbo-2.6.0.jar:2.6.0]
	at com.reger.dubbo.config.AnnotationBean.postProcessAnnotationPackageService(AnnotationBean.java:101) ~[spring-boot-starter-dubbo-1.0.10.jar:1.0.10]
	at com.reger.dubbo.config.DubboAutoConfiguration.postProcessBeanFactory(DubboAutoConfiguration.java:164) ~[spring-boot-starter-dubbo-1.0.10.jar:1.0.10]
	at org.springframework.context.support.PostProcessorRegistrationDelegate.invokeBeanFactoryPostProcessors(PostProcessorRegistrationDelegate.java:283) ~[spring-context-4.3.14.RELEASE.jar:4.3.14.RELEASE]
	at org.springframework.context.support.PostProcessorRegistrationDelegate.invokeBeanFactoryPostProcessors(PostProcessorRegistrationDelegate.java:178) ~[spring-context-4.3.14.RELEASE.jar:4.3.14.RELEASE]
	at org.springframework.context.support.AbstractApplicationContext.invokeBeanFactoryPostProcessors(AbstractApplicationContext.java:687) ~[spring-context-4.3.14.RELEASE.jar:4.3.14.RELEASE]
	at org.springframework.context.support.AbstractApplicationContext.refresh(AbstractApplicationContext.java:525) ~[spring-context-4.3.14.RELEASE.jar:4.3.14.RELEASE]
	at org.springframework.boot.SpringApplication.refresh(SpringApplication.java:693) ~[spring-boot-1.5.10.RELEASE.jar:1.5.10.RELEASE]
	at org.springframework.boot.SpringApplication.refreshContext(SpringApplication.java:360) ~[spring-boot-1.5.10.RELEASE.jar:1.5.10.RELEASE]
	at org.springframework.boot.SpringApplication.run(SpringApplication.java:303) ~[spring-boot-1.5.10.RELEASE.jar:1.5.10.RELEASE]
	at org.springframework.boot.test.context.SpringBootContextLoader.loadContext(SpringBootContextLoader.java:120) [spring-boot-test-1.5.10.RELEASE.jar:1.5.10.RELEASE]
	at org.springframework.test.context.cache.DefaultCacheAwareContextLoaderDelegate.loadContextInternal(DefaultCacheAwareContextLoaderDelegate.java:98) [spring-test-4.3.14.RELEASE.jar:4.3.14.RELEASE]
	at org.springframework.test.context.cache.DefaultCacheAwareContextLoaderDelegate.loadContext(DefaultCacheAwareContextLoaderDelegate.java:116) [spring-test-4.3.14.RELEASE.jar:4.3.14.RELEASE]
	at org.springframework.test.context.support.DefaultTestContext.getApplicationContext(DefaultTestContext.java:83) [spring-test-4.3.14.RELEASE.jar:4.3.14.RELEASE]
	at org.springframework.test.context.web.ServletTestExecutionListener.setUpRequestContextIfNecessary(ServletTestExecutionListener.java:189) [spring-test-4.3.14.RELEASE.jar:4.3.14.RELEASE]
	at org.springframework.test.context.web.ServletTestExecutionListener.prepareTestInstance(ServletTestExecutionListener.java:131) [spring-test-4.3.14.RELEASE.jar:4.3.14.RELEASE]
	at org.springframework.test.context.TestContextManager.prepareTestInstance(TestContextManager.java:230) [spring-test-4.3.14.RELEASE.jar:4.3.14.RELEASE]
	at org.springframework.test.context.junit4.SpringJUnit4ClassRunner.createTest(SpringJUnit4ClassRunner.java:228) [spring-test-4.3.14.RELEASE.jar:4.3.14.RELEASE]
	at org.springframework.test.context.junit4.SpringJUnit4ClassRunner$1.runReflectiveCall(SpringJUnit4ClassRunner.java:287) [spring-test-4.3.14.RELEASE.jar:4.3.14.RELEASE]
	at org.junit.internal.runners.model.ReflectiveCallable.run(ReflectiveCallable.java:12) [junit-4.12.jar:4.12]
	at org.springframework.test.context.junit4.SpringJUnit4ClassRunner.methodBlock(SpringJUnit4ClassRunner.java:289) [spring-test-4.3.14.RELEASE.jar:4.3.14.RELEASE]
	at org.springframework.test.context.junit4.SpringJUnit4ClassRunner.runChild(SpringJUnit4ClassRunner.java:247) [spring-test-4.3.14.RELEASE.jar:4.3.14.RELEASE]
	at org.springframework.test.context.junit4.SpringJUnit4ClassRunner.runChild(SpringJUnit4ClassRunner.java:94) [spring-test-4.3.14.RELEASE.jar:4.3.14.RELEASE]
	at org.junit.runners.ParentRunner$3.run(ParentRunner.java:290) [junit-4.12.jar:4.12]
	at org.junit.runners.ParentRunner$1.schedule(ParentRunner.java:71) [junit-4.12.jar:4.12]
	at org.junit.runners.ParentRunner.runChildren(ParentRunner.java:288) [junit-4.12.jar:4.12]
	at org.junit.runners.ParentRunner.access$000(ParentRunner.java:58) [junit-4.12.jar:4.12]
	at org.junit.runners.ParentRunner$2.evaluate(ParentRunner.java:268) [junit-4.12.jar:4.12]
	at org.springframework.test.context.junit4.statements.RunBeforeTestClassCallbacks.evaluate(RunBeforeTestClassCallbacks.java:61) [spring-test-4.3.14.RELEASE.jar:4.3.14.RELEASE]
	at org.springframework.test.context.junit4.statements.RunAfterTestClassCallbacks.evaluate(RunAfterTestClassCallbacks.java:70) [spring-test-4.3.14.RELEASE.jar:4.3.14.RELEASE]
	at org.junit.runners.ParentRunner.run(ParentRunner.java:363) [junit-4.12.jar:4.12]
	at org.springframework.test.context.junit4.SpringJUnit4ClassRunner.run(SpringJUnit4ClassRunner.java:191) [spring-test-4.3.14.RELEASE.jar:4.3.14.RELEASE]
	at org.apache.maven.surefire.junit4.JUnit4Provider.execute(JUnit4Provider.java:283) [surefire-junit4-2.18.1.jar:2.18.1]
	at org.apache.maven.surefire.junit4.JUnit4Provider.executeWithRerun(JUnit4Provider.java:173) [surefire-junit4-2.18.1.jar:2.18.1]
	at org.apache.maven.surefire.junit4.JUnit4Provider.executeTestSet(JUnit4Provider.java:153) [surefire-junit4-2.18.1.jar:2.18.1]
	at org.apache.maven.surefire.junit4.JUnit4Provider.invoke(JUnit4Provider.java:128) [surefire-junit4-2.18.1.jar:2.18.1]
	at org.apache.maven.surefire.booter.ForkedBooter.invokeProviderInSameClassLoader(ForkedBooter.java:203) [surefire-booter-2.18.1.jar:2.18.1]
	at org.apache.maven.surefire.booter.ForkedBooter.runSuitesInProcess(ForkedBooter.java:155) [surefire-booter-2.18.1.jar:2.18.1]
	at org.apache.maven.surefire.booter.ForkedBooter.main(ForkedBooter.java:103) [surefire-booter-2.18.1.jar:2.18.1]

2019-05-11 11:06:15.967 DEBUG 8956 --- [kground-preinit] o.apache.tomcat.util.digester.Digester   : [ObjectCreateRule]{mbeans-descriptors/mbean/attribute}New org.apache.tomcat.util.modeler.AttributeInfo
2019-05-11 11:06:15.967 DEBUG 8956 --- [kground-preinit] o.apache.tomcat.util.digester.Digester   :   Fire begin() for SetPropertiesRule[]
2019-05-11 11:06:15.968 DEBUG 8956 --- [kground-preinit] o.apache.tomcat.util.digester.Digester   : [SetPropertiesRule]{mbeans-descriptors/mbean/attribute} Set org.apache.tomcat.util.modeler.AttributeInfo properties
2019-05-11 11:06:15.968 DEBUG 8956 --- [kground-preinit] o.apache.tomcat.util.digester.Digester   : [SetPropertiesRule]{mbeans-descriptors/mbean/attribute} Setting property 'name' to 'connectionURL'
2019-05-11 11:06:15.968 DEBUG 8956 --- [kground-preinit] o.apache.tomcat.util.IntrospectionUtils  : IntrospectionUtils: setProperty(class org.apache.tomcat.util.modeler.AttributeInfo name=connectionURL)
2019-05-11 11:06:15.968 DEBUG 8956 --- [kground-preinit] o.apache.tomcat.util.digester.Digester   : [SetPropertiesRule]{mbeans-descriptors/mbean/attribute} Setting property 'description' to 'The connection URL to use when trying to connect to the database'
2019-05-11 11:06:15.968 DEBUG 8956 --- [kground-preinit] o.apache.tomcat.util.IntrospectionUtils  : IntrospectionUtils: setProperty(class org.apache.tomcat.util.modeler.AttributeInfo description=The connection URL to use when trying to connect to the database)
2019-05-11 11:06:15.968 DEBUG 8956 --- [kground-preinit] o.apache.tomcat.util.digester.Digester   : [SetPropertiesRule]{mbeans-descriptors/mbean/attribute} Setting property 'type' to 'java.lang.String'
2019-05-11 11:06:15.969 DEBUG 8956 --- [kground-preinit] o.apache.tomcat.util.IntrospectionUtils  : IntrospectionUtils: setProperty(class org.apache.tomcat.util.modeler.AttributeInfo type=java.lang.String)
2019-05-11 11:06:15.969 DEBUG 8956 --- [kground-preinit] o.apache.tomcat.util.digester.Digester   :   Fire begin() for SetNextRule[methodName=addAttribute, paramType=org.apache.tomcat.util.modeler.AttributeInfo]
2019-05-11 11:06:15.969  INFO 8956 --- [           main] o.s.w.c.s.GenericWebApplicationContext   : Closing org.springframework.web.context.support.GenericWebApplicationContext@a38c7fe: startup date [Sat May 11 11:06:10 CST 2019]; root of context hierarchy
2019-05-11 11:06:15.969 DEBUG 8956 --- [kground-preinit] o.a.tomcat.util.digester.Digester.sax    : endElement(,,attribute)
2019-05-11 11:06:15.969 DEBUG 8956 --- [kground-preinit] o.apache.tomcat.util.digester.Digester   :   match='mbeans-descriptors/mbean/attribute'
2019-05-11 11:06:15.969 DEBUG 8956 --- [kground-preinit] o.apache.tomcat.util.digester.Digester   :   bodyText=''
2019-05-11 11:06:15.970 DEBUG 8956 --- [kground-preinit] o.apache.tomcat.util.digester.Digester   :   Fire body() for ObjectCreateRule[className=org.apache.tomcat.util.modeler.AttributeInfo, attributeName=null]
2019-05-11 11:06:15.970 DEBUG 8956 --- [kground-preinit] o.apache.tomcat.util.digester.Digester   :   Fire body() for SetPropertiesRule[]
2019-05-11 11:06:15.970 DEBUG 8956 --- [kground-preinit] o.apache.tomcat.util.digester.Digester   :   Fire body() for SetNextRule[methodName=addAttribute, paramType=org.apache.tomcat.util.modeler.AttributeInfo]
2019-05-11 11:06:15.970 DEBUG 8956 --- [kground-preinit] o.apache.tomcat.util.digester.Digester   :   Fire end() for SetNextRule[methodName=addAttribute, paramType=org.apache.tomcat.util.modeler.AttributeInfo]
2019-05-11 11:06:15.970 DEBUG 8956 --- [kground-preinit] o.apache.tomcat.util.digester.Digester   : [SetNextRule]{mbeans-descriptors/mbean/attribute} Call org.apache.tomcat.util.modeler.ManagedBean.addAttribute(org.apache.tomcat.util.modeler.AttributeInfo@25d49029)
2019-05-11 11:06:15.970 DEBUG 8956 --- [kground-preinit] o.apache.tomcat.util.IntrospectionUtils  : IntrospectionUtils: callMethod1 org.apache.tomcat.util.modeler.ManagedBean org.apache.tomcat.util.modeler.AttributeInfo org.apache.tomcat.util.modeler.AttributeInfo
2019-05-11 11:06:15.970 DEBUG 8956 --- [kground-preinit] o.apache.tomcat.util.digester.Digester   :   Fire end() for SetPropertiesRule[]
2019-05-11 11:06:15.971 DEBUG 8956 --- [           main] o.s.b.f.s.DefaultListableBeanFactory     : Destroying singletons in org.springframework.beans.factory.support.DefaultListableBeanFactory@60856961: defining beans [org.springframework.boot.test.mock.mockito.MockitoPostProcessor$SpyPostProcessor,org.springframework.boot.test.mock.mockito.MockitoPostProcessor,org.springframework.context.annotation.internalConfigurationAnnotationProcessor,org.springframework.context.annotation.internalAutowiredAnnotationProcessor,org.springframework.context.annotation.internalRequiredAnnotationProcessor,org.springframework.context.annotation.internalCommonAnnotationProcessor,org.springframework.context.event.internalEventListenerProcessor,org.springframework.context.event.internalEventListenerFactory,gwareManageApplication,org.springframework.boot.autoconfigure.internalCachingMetadataReaderFactory,activeMQConfig,gwareConst,jsonpController,gwareController,gwareServiceImpl,getActiveMQUtil,jmsQueueListener,redeliveryPolicy,activeMQConnectionFactory,org.springframework.boot.autoconfigure.AutoConfigurationPackages,wareInfoMapper,wareOrderTaskDetailMapper,wareOrderTaskMapper,wareSkuMapper,org.springframework.boot.autoconfigure.context.PropertyPlaceholderAutoConfiguration,org.springframework.boot.autoconfigure.condition.BeanTypeRegistry,propertySourcesPlaceholderConfigurer,org.springframework.boot.autoconfigure.jackson.JacksonAutoConfiguration$Jackson2ObjectMapperBuilderCustomizerConfiguration,standardJacksonObjectMapperBuilderCustomizer,spring.jackson-org.springframework.boot.autoconfigure.jackson.JacksonProperties,org.springframework.boot.context.properties.ConfigurationPropertiesBindingPostProcessor,org.springframework.boot.context.properties.ConfigurationPropertiesBindingPostProcessor.store,org.springframework.boot.autoconfigure.jackson.JacksonAutoConfiguration$JacksonObjectMapperBuilderConfiguration,jacksonObjectMapperBuilder,org.springframework.boot.autoconfigure.jackson.JacksonAutoConfiguration$JacksonObjectMapperConfiguration,jacksonObjectMapper,org.springframework.boot.autoconfigure.jackson.JacksonAutoConfiguration,jsonComponentModule,org.springframework.boot.autoconfigure.websocket.WebSocketAutoConfiguration$TomcatWebSocketConfiguration,websocketContainerCustomizer,org.springframework.boot.autoconfigure.websocket.WebSocketAutoConfiguration,org.springframework.boot.autoconfigure.web.EmbeddedServletContainerAutoConfiguration$EmbeddedTomcat,tomcatEmbeddedServletContainerFactory,org.springframework.boot.autoconfigure.web.EmbeddedServletContainerAutoConfiguration,embeddedServletContainerCustomizerBeanPostProcessor,errorPageRegistrarBeanPostProcessor,org.springframework.boot.autoconfigure.web.DispatcherServletAutoConfiguration$DispatcherServletConfiguration,dispatcherServlet,spring.mvc-org.springframework.boot.autoconfigure.web.WebMvcProperties,org.springframework.boot.autoconfigure.web.DispatcherServletAutoConfiguration$DispatcherServletRegistrationConfiguration,dispatcherServletRegistration,org.springframework.boot.autoconfigure.web.DispatcherServletAutoConfiguration,org.springframework.boot.autoconfigure.validation.ValidationAutoConfiguration,defaultValidator,methodValidationPostProcessor,org.springframework.boot.autoconfigure.web.ErrorMvcAutoConfiguration$WhitelabelErrorViewConfiguration,error,beanNameViewResolver,org.springframework.boot.autoconfigure.web.ErrorMvcAutoConfiguration$DefaultErrorViewResolverConfiguration,conventionErrorViewResolver,org.springframework.boot.autoconfigure.web.ErrorMvcAutoConfiguration,errorAttributes,basicErrorController,errorPageCustomizer,preserveErrorControllerTargetClassPostProcessor,spring.resources-org.springframework.boot.autoconfigure.web.ResourceProperties,org.springframework.boot.autoconfigure.web.WebMvcAutoConfiguration$EnableWebMvcConfiguration,requestMappingHandlerAdapter,requestMappingHandlerMapping,mvcValidator,mvcContentNegotiationManager,mvcPathMatcher,mvcUrlPathHelper,viewControllerHandlerMapping,beanNameHandlerMapping,resourceHandlerMapping,mvcResourceUrlProvider,defaultServletHandlerMapping,mvcConversionService,mvcUriComponentsContributor,httpRequestHandlerAdapter,simpleControllerHandlerAdapter,handlerExceptionResolver,mvcViewResolver,mvcHandlerMappingIntrospector,org.springframework.boot.autoconfigure.web.WebMvcAutoConfiguration$WebMvcAutoConfigurationAdapter$FaviconConfiguration,faviconHandlerMapping,faviconRequestHandler,org.springframework.boot.autoconfigure.web.WebMvcAutoConfiguration$WebMvcAutoConfigurationAdapter,defaultViewResolver,viewResolver,welcomePageHandlerMapping,requestContextFilter,org.springframework.boot.autoconfigure.web.WebMvcAutoConfiguration,hiddenHttpMethodFilter,httpPutFormContentFilter,com.reger.dubbo.config.DubboAutoConfiguration,org.springframework.boot.autoconfigure.transaction.jta.JtaAutoConfiguration,spring.jta-org.springframework.boot.autoconfigure.transaction.jta.JtaProperties,org.springframework.boot.autoconfigure.jdbc.DataSourceConfiguration$Tomcat,dataSource,org.springframework.boot.autoconfigure.jdbc.DataSourceAutoConfiguration$PooledDataSourceConfiguration,org.springframework.boot.autoconfigure.jdbc.metadata.DataSourcePoolMetadataProvidersConfiguration$TomcatDataSourcePoolMetadataProviderConfiguration,tomcatPoolDataSourceMetadataProvider,org.springframework.boot.autoconfigure.jdbc.metadata.DataSourcePoolMetadataProvidersConfiguration,org.springframework.boot.autoconfigure.jdbc.DataSourceAutoConfiguration,dataSourceInitializer,spring.datasource-org.springframework.boot.autoconfigure.jdbc.DataSourceProperties,dataSourceInitializerPostProcessor,tk.mybatis.mapper.autoconfigure.MapperAutoConfiguration,sqlSessionFactory,sqlSessionTemplate,mybatis-tk.mybatis.mapper.autoconfigure.MybatisProperties,org.mybatis.spring.boot.autoconfigure.MybatisAutoConfiguration,mybatis-org.mybatis.spring.boot.autoconfigure.MybatisProperties,org.springframework.boot.autoconfigure.context.ConfigurationPropertiesAutoConfiguration,org.springframework.boot.autoconfigure.dao.PersistenceExceptionTranslationAutoConfiguration,persistenceExceptionTranslationPostProcessor,org.springframework.boot.autoconfigure.web.HttpMessageConvertersAutoConfiguration$StringHttpMessageConverterConfiguration,stringHttpMessageConverter,spring.http.encoding-org.springframework.boot.autoconfigure.web.HttpEncodingProperties,org.springframework.boot.autoconfigure.web.JacksonHttpMessageConvertersConfiguration$MappingJackson2HttpMessageConverterConfiguration,mappingJackson2HttpMessageConverter,org.springframework.boot.autoconfigure.web.JacksonHttpMessageConvertersConfiguration,org.springframework.boot.autoconfigure.web.HttpMessageConvertersAutoConfiguration,messageConverters,org.springframework.boot.autoconfigure.info.ProjectInfoAutoConfiguration,spring.info-org.springframework.boot.autoconfigure.info.ProjectInfoProperties,org.springframework.boot.autoconfigure.jdbc.DataSourceTransactionManagerAutoConfiguration$DataSourceTransactionManagerConfiguration,transactionManager,org.springframework.boot.autoconfigure.jdbc.DataSourceTransactionManagerAutoConfiguration,org.springframework.boot.autoconfigure.jdbc.JdbcTemplateAutoConfiguration,jdbcTemplate,namedParameterJdbcTemplate,org.springframework.boot.autoconfigure.jms.JmsAutoConfiguration$JmsTemplateConfiguration,jmsTemplate,org.springframework.boot.autoconfigure.jms.JmsAutoConfiguration$MessagingTemplateConfiguration,jmsMessagingTemplate,org.springframework.jms.annotation.JmsBootstrapConfiguration,org.springframework.jms.config.internalJmsListenerAnnotationProcessor,org.springframework.jms.config.internalJmsListenerEndpointRegistry,org.springframework.boot.autoconfigure.jms.JmsAnnotationDrivenConfiguration$EnableJmsConfiguration,org.springframework.boot.autoconfigure.jms.JmsAnnotationDrivenConfiguration,jmsListenerContainerFactoryConfigurer,jmsListenerContainerFactory,org.springframework.boot.autoconfigure.jms.JmsAutoConfiguration,spring.jms-org.springframework.boot.autoconfigure.jms.JmsProperties,org.springframework.transaction.annotation.ProxyTransactionManagementConfiguration,org.springframework.transaction.config.internalTransactionAdvisor,transactionAttributeSource,transactionInterceptor,org.springframework.transaction.config.internalTransactionalEventListenerFactory,org.springframework.boot.autoconfigure.transaction.TransactionAutoConfiguration$EnableTransactionManagementConfiguration$CglibAutoProxyConfiguration,org.springframework.aop.config.internalAutoProxyCreator,org.springframework.boot.autoconfigure.transaction.TransactionAutoConfiguration$EnableTransactionManagementConfiguration,org.springframework.boot.autoconfigure.transaction.TransactionAutoConfiguration$TransactionTemplateConfiguration,transactionTemplate,org.springframework.boot.autoconfigure.transaction.TransactionAutoConfiguration,platformTransactionManagerCustomizers,spring.transaction-org.springframework.boot.autoconfigure.transaction.TransactionProperties,org.springframework.boot.autoconfigure.thymeleaf.ThymeleafAutoConfiguration$ThymeleafResourceHandlingConfig,org.springframework.boot.autoconfigure.thymeleaf.ThymeleafAutoConfiguration$ThymeleafWebLayoutConfiguration,layoutDialect,org.springframework.boot.autoconfigure.thymeleaf.ThymeleafAutoConfiguration$ThymeleafDefaultConfiguration,templateEngine,org.springframework.boot.autoconfigure.thymeleaf.ThymeleafAutoConfiguration$Thymeleaf2Configuration$Thymeleaf2ViewResolverConfiguration,thymeleafViewResolver,org.springframework.boot.autoconfigure.thymeleaf.ThymeleafAutoConfiguration$Thymeleaf2Configuration$DefaultTemplateResolverConfiguration,thymeleafResourceResolver,defaultTemplateResolver,org.springframework.boot.autoconfigure.thymeleaf.ThymeleafAutoConfiguration$Thymeleaf2Configuration,org.springframework.boot.autoconfigure.thymeleaf.ThymeleafAutoConfiguration,spring.thymeleaf-org.springframework.boot.autoconfigure.thymeleaf.ThymeleafProperties,org.springframework.boot.autoconfigure.web.HttpEncodingAutoConfiguration,characterEncodingFilter,localeCharsetMappingsCustomizer,org.springframework.boot.autoconfigure.web.MultipartAutoConfiguration,multipartConfigElement,multipartResolver,spring.http.multipart-org.springframework.boot.autoconfigure.web.MultipartProperties,org.springframework.boot.autoconfigure.web.ServerPropertiesAutoConfiguration,serverProperties,duplicateServerPropertiesDetector,org.springframework.boot.autoconfigure.web.WebClientAutoConfiguration$RestTemplateConfiguration,restTemplateBuilder,org.springframework.boot.autoconfigure.web.WebClientAutoConfiguration,Reger-Inject-Annotation-Bean-Post-Processor,referenceAnnotationBeanPostProcessor]; root of factory hierarchy
2019-05-11 11:06:15.971 DEBUG 8956 --- [           main] o.s.b.f.support.DisposableBeanAdapter    : Invoking destroy() on bean with name 'com.reger.dubbo.config.DubboAutoConfiguration'
2019-05-11 11:06:15.971  INFO 8956 --- [           main] com.reger.dubbo.config.AnnotationBean    : dubbo开始关闭....
2019-05-11 11:06:15.980  INFO 8956 --- [           main] c.a.d.r.support.AbstractRegistryFactory  :  [DUBBO] Close all registries [], dubbo version: 2.6.0, current host: 127.0.0.1
2019-05-11 11:06:15.980  INFO 8956 --- [           main] c.a.d.r.support.AbstractRegistryFactory  :  [DUBBO] Close all registries [], dubbo version: 2.6.0, current host: 127.0.0.1
2019-05-11 11:06:15.981 DEBUG 8956 --- [           main] o.s.b.f.s.DefaultListableBeanFactory     : Retrieved dependent beans for bean 'org.springframework.boot.autoconfigure.internalCachingMetadataReaderFactory': [org.springframework.context.annotation.internalConfigurationAnnotationProcessor]
2019-05-11 11:06:15.982 DEBUG 8956 --- [kground-preinit] o.apache.tomcat.util.digester.Digester   :   Fire end() for ObjectCreateRule[className=org.apache.tomcat.util.modeler.AttributeInfo, attributeName=null]
2019-05-11 11:06:15.982 DEBUG 8956 --- [kground-preinit] o.apache.tomcat.util.digester.Digester   : [ObjectCreateRule]{mbeans-descriptors/mbean/attribute} Pop org.apache.tomcat.util.modeler.AttributeInfo
2019-05-11 11:06:15.982 DEBUG 8956 --- [kground-preinit] o.a.tomcat.util.digester.Digester.sax    : characters(

    )
2019-05-11 11:06:15.983 ERROR 8956 --- [           main] o.s.test.context.TestContextManager      : Caught exception while allowing TestExecutionListener [org.springframework.test.context.web.ServletTestExecutionListener@309e345f] to prepare test instance [com.atguigu.gware.controller.GwareManageApplicationTests@322803db]

java.lang.IllegalStateException: Failed to load ApplicationContext
	at org.springframework.test.context.cache.DefaultCacheAwareContextLoaderDelegate.loadContext(DefaultCacheAwareContextLoaderDelegate.java:124) ~[spring-test-4.3.14.RELEASE.jar:4.3.14.RELEASE]
	at org.springframework.test.context.support.DefaultTestContext.getApplicationContext(DefaultTestContext.java:83) ~[spring-test-4.3.14.RELEASE.jar:4.3.14.RELEASE]
	at org.springframework.test.context.web.ServletTestExecutionListener.setUpRequestContextIfNecessary(ServletTestExecutionListener.java:189) ~[spring-test-4.3.14.RELEASE.jar:4.3.14.RELEASE]
	at org.springframework.test.context.web.ServletTestExecutionListener.prepareTestInstance(ServletTestExecutionListener.java:131) ~[spring-test-4.3.14.RELEASE.jar:4.3.14.RELEASE]
	at org.springframework.test.context.TestContextManager.prepareTestInstance(TestContextManager.java:230) ~[spring-test-4.3.14.RELEASE.jar:4.3.14.RELEASE]
	at org.springframework.test.context.junit4.SpringJUnit4ClassRunner.createTest(SpringJUnit4ClassRunner.java:228) [spring-test-4.3.14.RELEASE.jar:4.3.14.RELEASE]
	at org.springframework.test.context.junit4.SpringJUnit4ClassRunner$1.runReflectiveCall(SpringJUnit4ClassRunner.java:287) [spring-test-4.3.14.RELEASE.jar:4.3.14.RELEASE]
	at org.junit.internal.runners.model.ReflectiveCallable.run(ReflectiveCallable.java:12) [junit-4.12.jar:4.12]
	at org.springframework.test.context.junit4.SpringJUnit4ClassRunner.methodBlock(SpringJUnit4ClassRunner.java:289) [spring-test-4.3.14.RELEASE.jar:4.3.14.RELEASE]
	at org.springframework.test.context.junit4.SpringJUnit4ClassRunner.runChild(SpringJUnit4ClassRunner.java:247) [spring-test-4.3.14.RELEASE.jar:4.3.14.RELEASE]
	at org.springframework.test.context.junit4.SpringJUnit4ClassRunner.runChild(SpringJUnit4ClassRunner.java:94) [spring-test-4.3.14.RELEASE.jar:4.3.14.RELEASE]
	at org.junit.runners.ParentRunner$3.run(ParentRunner.java:290) [junit-4.12.jar:4.12]
	at org.junit.runners.ParentRunner$1.schedule(ParentRunner.java:71) [junit-4.12.jar:4.12]
	at org.junit.runners.ParentRunner.runChildren(ParentRunner.java:288) [junit-4.12.jar:4.12]
	at org.junit.runners.ParentRunner.access$000(ParentRunner.java:58) [junit-4.12.jar:4.12]
	at org.junit.runners.ParentRunner$2.evaluate(ParentRunner.java:268) [junit-4.12.jar:4.12]
	at org.springframework.test.context.junit4.statements.RunBeforeTestClassCallbacks.evaluate(RunBeforeTestClassCallbacks.java:61) [spring-test-4.3.14.RELEASE.jar:4.3.14.RELEASE]
	at org.springframework.test.context.junit4.statements.RunAfterTestClassCallbacks.evaluate(RunAfterTestClassCallbacks.java:70) [spring-test-4.3.14.RELEASE.jar:4.3.14.RELEASE]
	at org.junit.runners.ParentRunner.run(ParentRunner.java:363) [junit-4.12.jar:4.12]
	at org.springframework.test.context.junit4.SpringJUnit4ClassRunner.run(SpringJUnit4ClassRunner.java:191) [spring-test-4.3.14.RELEASE.jar:4.3.14.RELEASE]
	at org.apache.maven.surefire.junit4.JUnit4Provider.execute(JUnit4Provider.java:283) [surefire-junit4-2.18.1.jar:2.18.1]
	at org.apache.maven.surefire.junit4.JUnit4Provider.executeWithRerun(JUnit4Provider.java:173) [surefire-junit4-2.18.1.jar:2.18.1]
	at org.apache.maven.surefire.junit4.JUnit4Provider.executeTestSet(JUnit4Provider.java:153) [surefire-junit4-2.18.1.jar:2.18.1]
	at org.apache.maven.surefire.junit4.JUnit4Provider.invoke(JUnit4Provider.java:128) [surefire-junit4-2.18.1.jar:2.18.1]
	at org.apache.maven.surefire.booter.ForkedBooter.invokeProviderInSameClassLoader(ForkedBooter.java:203) [surefire-booter-2.18.1.jar:2.18.1]
	at org.apache.maven.surefire.booter.ForkedBooter.runSuitesInProcess(ForkedBooter.java:155) [surefire-booter-2.18.1.jar:2.18.1]
	at org.apache.maven.surefire.booter.ForkedBooter.main(ForkedBooter.java:103) [surefire-booter-2.18.1.jar:2.18.1]
Caused by: org.springframework.context.annotation.ConflictingBeanDefinitionException: Annotation-specified bean name 'gwareServiceImpl' for bean class [online.yjyy.gware.service.impl.GwareServiceImpl] conflicts with existing, non-compatible bean definition of same name and class [com.atguigu.gware.service.impl.GwareServiceImpl]
	at org.springframework.context.annotation.ClassPathBeanDefinitionScanner.checkCandidate(ClassPathBeanDefinitionScanner.java:345) ~[spring-context-4.3.14.RELEASE.jar:4.3.14.RELEASE]
	at org.springframework.context.annotation.ClassPathBeanDefinitionScanner.doScan(ClassPathBeanDefinitionScanner.java:283) ~[spring-context-4.3.14.RELEASE.jar:4.3.14.RELEASE]
	at com.alibaba.dubbo.config.spring.context.annotation.DubboClassPathBeanDefinitionScanner.doScan(DubboClassPathBeanDefinitionScanner.java:60) ~[dubbo-2.6.0.jar:2.6.0]
	at com.reger.dubbo.config.AnnotationBean.postProcessAnnotationPackageService(AnnotationBean.java:101) ~[spring-boot-starter-dubbo-1.0.10.jar:1.0.10]
	at com.reger.dubbo.config.DubboAutoConfiguration.postProcessBeanFactory(DubboAutoConfiguration.java:164) ~[spring-boot-starter-dubbo-1.0.10.jar:1.0.10]
	at org.springframework.context.support.PostProcessorRegistrationDelegate.invokeBeanFactoryPostProcessors(PostProcessorRegistrationDelegate.java:283) ~[spring-context-4.3.14.RELEASE.jar:4.3.14.RELEASE]
	at org.springframework.context.support.PostProcessorRegistrationDelegate.invokeBeanFactoryPostProcessors(PostProcessorRegistrationDelegate.java:178) ~[spring-context-4.3.14.RELEASE.jar:4.3.14.RELEASE]
	at org.springframework.context.support.AbstractApplicationContext.invokeBeanFactoryPostProcessors(AbstractApplicationContext.java:687) ~[spring-context-4.3.14.RELEASE.jar:4.3.14.RELEASE]
	at org.springframework.context.support.AbstractApplicationContext.refresh(AbstractApplicationContext.java:525) ~[spring-context-4.3.14.RELEASE.jar:4.3.14.RELEASE]
	at org.springframework.boot.SpringApplication.refresh(SpringApplication.java:693) ~[spring-boot-1.5.10.RELEASE.jar:1.5.10.RELEASE]
	at org.springframework.boot.SpringApplication.refreshContext(SpringApplication.java:360) ~[spring-boot-1.5.10.RELEASE.jar:1.5.10.RELEASE]
	at org.springframework.boot.SpringApplication.run(SpringApplication.java:303) ~[spring-boot-1.5.10.RELEASE.jar:1.5.10.RELEASE]
	at org.springframework.boot.test.context.SpringBootContextLoader.loadContext(SpringBootContextLoader.java:120) ~[spring-boot-test-1.5.10.RELEASE.jar:1.5.10.RELEASE]
	at org.springframework.test.context.cache.DefaultCacheAwareContextLoaderDelegate.loadContextInternal(DefaultCacheAwareContextLoaderDelegate.java:98) ~[spring-test-4.3.14.RELEASE.jar:4.3.14.RELEASE]
	at org.springframework.test.context.cache.DefaultCacheAwareContextLoaderDelegate.loadContext(DefaultCacheAwareContextLoaderDelegate.java:116) ~[spring-test-4.3.14.RELEASE.jar:4.3.14.RELEASE]
	... 26 common frames omitted

2019-05-11 11:06:15.983 DEBUG 8956 --- [kground-preinit] o.a.tomcat.util.digester.Digester.sax    : startElement(,,attribute)
2019-05-11 11:06:15.983 DEBUG 8956 --- [kground-preinit] o.apache.tomcat.util.digester.Digester   :   New match='mbeans-descriptors/mbean/attribute'
2019-05-11 11:06:15.988 DEBUG 8956 --- [kground-preinit] o.apache.tomcat.util.digester.Digester   :   Fire begin() for ObjectCreateRule[className=org.apache.tomcat.util.modeler.AttributeInfo, attributeName=null]
2019-05-11 11:06:15.988 DEBUG 8956 --- [kground-preinit] o.apache.tomcat.util.digester.Digester   : [ObjectCreateRule]{mbeans-descriptors/mbean/attribute}New org.apache.tomcat.util.modeler.AttributeInfo
2019-05-11 11:06:15.989 DEBUG 8956 --- [kground-preinit] o.apache.tomcat.util.digester.Digester   :   Fire begin() for SetPropertiesRule[]
2019-05-11 11:06:15.989 DEBUG 8956 --- [kground-preinit] o.apache.tomcat.util.digester.Digester   : [SetPropertiesRule]{mbeans-descriptors/mbean/attribute} Set org.apache.tomcat.util.modeler.AttributeInfo properties
2019-05-11 11:06:15.989 DEBUG 8956 --- [kground-preinit] o.apache.tomcat.util.digester.Digester   : [SetPropertiesRule]{mbeans-descriptors/mbean/attribute} Setting property 'name' to 'driverName'
2019-05-11 11:06:15.989 DEBUG 8956 --- [kground-preinit] o.apache.tomcat.util.IntrospectionUtils  : IntrospectionUtils: setProperty(class org.apache.tomcat.util.modeler.AttributeInfo name=driverName)
2019-05-11 11:06:15.990 DEBUG 8956 --- [kground-preinit] o.apache.tomcat.util.digester.Digester   : [SetPropertiesRule]{mbeans-descriptors/mbean/attribute} Setting property 'description' to 'The JDBC driver to use'
2019-05-11 11:06:15.990 DEBUG 8956 --- [kground-preinit] o.apache.tomcat.util.IntrospectionUtils  : IntrospectionUtils: setProperty(class org.apache.tomcat.util.modeler.AttributeInfo description=The JDBC driver to use)
2019-05-11 11:06:15.990 DEBUG 8956 --- [kground-preinit] o.apache.tomcat.util.digester.Digester   : [SetPropertiesRule]{mbeans-descriptors/mbean/attribute} Setting property 'type' to 'java.lang.String'
2019-05-11 11:06:15.990 DEBUG 8956 --- [kground-preinit] o.apache.tomcat.util.IntrospectionUtils  : IntrospectionUtils: setProperty(class org.apache.tomcat.util.modeler.AttributeInfo type=java.lang.String)
2019-05-11 11:06:15.990 DEBUG 8956 --- [kground-preinit] o.apache.tomcat.util.digester.Digester   :   Fire begin() for SetNextRule[methodName=addAttribute, paramType=org.apache.tomcat.util.modeler.AttributeInfo]
2019-05-11 11:06:15.991 DEBUG 8956 --- [kground-preinit] o.a.tomcat.util.digester.Digester.sax    : endElement(,,attribute)
2019-05-11 11:06:15.991 DEBUG 8956 --- [kground-preinit] o.apache.tomcat.util.digester.Digester   :   match='mbeans-descriptors/mbean/attribute'
2019-05-11 11:06:15.991 DEBUG 8956 --- [kground-preinit] o.apache.tomcat.util.digester.Digester   :   bodyText=''
2019-05-11 11:06:15.991 DEBUG 8956 --- [kground-preinit] o.apache.tomcat.util.digester.Digester   :   Fire body() for ObjectCreateRule[className=org.apache.tomcat.util.modeler.AttributeInfo, attributeName=null]
2019-05-11 11:06:15.991 DEBUG 8956 --- [kground-preinit] o.apache.tomcat.util.digester.Digester   :   Fire body() for SetPropertiesRule[]
2019-05-11 11:06:15.991 DEBUG 8956 --- [kground-preinit] o.apache.tomcat.util.digester.Digester   :   Fire body() for SetNextRule[methodName=addAttribute, paramType=org.apache.tomcat.util.modeler.AttributeInfo]
2019-05-11 11:06:15.992 DEBUG 8956 --- [kground-preinit] o.apache.tomcat.util.digester.Digester   :   Fire end() for SetNextRule[methodName=addAttribute, paramType=org.apache.tomcat.util.modeler.AttributeInfo]
2019-05-11 11:06:15.992 DEBUG 8956 --- [kground-preinit] o.apache.tomcat.util.digester.Digester   : [SetNextRule]{mbeans-descriptors/mbean/attribute} Call org.apache.tomcat.util.modeler.ManagedBean.addAttribute(org.apache.tomcat.util.modeler.AttributeInfo@3336b677)
2019-05-11 11:06:15.992 DEBUG 8956 --- [kground-preinit] o.apache.tomcat.util.IntrospectionUtils  : IntrospectionUtils: callMethod1 org.apache.tomcat.util.modeler.ManagedBean org.apache.tomcat.util.modeler.AttributeInfo org.apache.tomcat.util.modeler.AttributeInfo
2019-05-11 11:06:15.992 DEBUG 8956 --- [kground-preinit] o.apache.tomcat.util.digester.Digester   :   Fire end() for SetPropertiesRule[]
2019-05-11 11:06:15.992 DEBUG 8956 --- [kground-preinit] o.apache.tomcat.util.digester.Digester   :   Fire end() for ObjectCreateRule[className=org.apache.tomcat.util.modeler.AttributeInfo, attributeName=null]
2019-05-11 11:06:15.992 DEBUG 8956 --- [kground-preinit] o.apache.tomcat.util.digester.Digester   : [ObjectCreateRule]{mbeans-descriptors/mbean/attribute} Pop org.apache.tomcat.util.modeler.AttributeInfo
2019-05-11 11:06:15.992 DEBUG 8956 --- [kground-preinit] o.a.tomcat.util.digester.Digester.sax    : characters(

    )
2019-05-11 11:06:15.992 DEBUG 8956 --- [kground-preinit] o.a.tomcat.util.digester.Digester.sax    : startElement(,,attribute)
2019-05-11 11:06:15.993 DEBUG 8956 --- [kground-preinit] o.apache.tomcat.util.digester.Digester   :   New match='mbeans-descriptors/mbean/attribute'
2019-05-11 11:06:15.993 DEBUG 8956 --- [kground-preinit] o.apache.tomcat.util.digester.Digester   :   Fire begin() for ObjectCreateRule[className=org.apache.tomcat.util.modeler.AttributeInfo, attributeName=null]
2019-05-11 11:06:15.993 DEBUG 8956 --- [kground-preinit] o.apache.tomcat.util.digester.Digester   : [ObjectCreateRule]{mbeans-descriptors/mbean/attribute}New org.apache.tomcat.util.modeler.AttributeInfo
2019-05-11 11:06:15.993 DEBUG 8956 --- [kground-preinit] o.apache.tomcat.util.digester.Digester   :   Fire begin() for SetPropertiesRule[]
2019-05-11 11:06:15.993 DEBUG 8956 --- [kground-preinit] o.apache.tomcat.util.digester.Digester   : [SetPropertiesRule]{mbeans-descriptors/mbean/attribute} Set org.apache.tomcat.util.modeler.AttributeInfo properties
2019-05-11 11:06:15.993 DEBUG 8956 --- [kground-preinit] o.apache.tomcat.util.digester.Digester   : [SetPropertiesRule]{mbeans-descriptors/mbean/attribute} Setting property 'name' to 'roleNameCol'
2019-05-11 11:06:15.993 DEBUG 8956 --- [kground-preinit] o.apache.tomcat.util.IntrospectionUtils  : IntrospectionUtils: setProperty(class org.apache.tomcat.util.modeler.AttributeInfo name=roleNameCol)
2019-05-11 11:06:15.994 DEBUG 8956 --- [kground-preinit] o.apache.tomcat.util.digester.Digester   : [SetPropertiesRule]{mbeans-descriptors/mbean/attribute} Setting property 'description' to 'The column in the user role table that names a role'
2019-05-11 11:06:15.994 DEBUG 8956 --- [kground-preinit] o.apache.tomcat.util.IntrospectionUtils  : IntrospectionUtils: setProperty(class org.apache.tomcat.util.modeler.AttributeInfo description=The column in the user role table that names a role)
2019-05-11 11:06:15.994 DEBUG 8956 --- [kground-preinit] o.apache.tomcat.util.digester.Digester   : [SetPropertiesRule]{mbeans-descriptors/mbean/attribute} Setting property 'type' to 'java.lang.String'
2019-05-11 11:06:15.994 DEBUG 8956 --- [kground-preinit] o.apache.tomcat.util.IntrospectionUtils  : IntrospectionUtils: setProperty(class org.apache.tomcat.util.modeler.AttributeInfo type=java.lang.String)
2019-05-11 11:06:15.994 DEBUG 8956 --- [kground-preinit] o.apache.tomcat.util.digester.Digester   :   Fire begin() for SetNextRule[methodName=addAttribute, paramType=org.apache.tomcat.util.modeler.AttributeInfo]
2019-05-11 11:06:15.994 DEBUG 8956 --- [kground-preinit] o.a.tomcat.util.digester.Digester.sax    : endElement(,,attribute)
2019-05-11 11:06:15.994 DEBUG 8956 --- [kground-preinit] o.apache.tomcat.util.digester.Digester   :   match='mbeans-descriptors/mbean/attribute'
2019-05-11 11:06:15.994 DEBUG 8956 --- [kground-preinit] o.apache.tomcat.util.digester.Digester   :   bodyText=''
2019-05-11 11:06:15.994 DEBUG 8956 --- [kground-preinit] o.apache.tomcat.util.digester.Digester   :   Fire body() for ObjectCreateRule[className=org.apache.tomcat.util.modeler.AttributeInfo, attributeName=null]
2019-05-11 11:06:15.994 DEBUG 8956 --- [kground-preinit] o.apache.tomcat.util.digester.Digester   :   Fire body() for SetPropertiesRule[]
2019-05-11 11:06:15.995 DEBUG 8956 --- [kground-preinit] o.apache.tomcat.util.digester.Digester   :   Fire body() for SetNextRule[methodName=addAttribute, paramType=org.apache.tomcat.util.modeler.AttributeInfo]
2019-05-11 11:06:15.995 DEBUG 8956 --- [kground-preinit] o.apache.tomcat.util.digester.Digester   :   Fire end() for SetNextRule[methodName=addAttribute, paramType=org.apache.tomcat.util.modeler.AttributeInfo]
2019-05-11 11:06:15.995 DEBUG 8956 --- [kground-preinit] o.apache.tomcat.util.digester.Digester   : [SetNextRule]{mbeans-descriptors/mbean/attribute} Call org.apache.tomcat.util.modeler.ManagedBean.addAttribute(org.apache.tomcat.util.modeler.AttributeInfo@64fad6dd)
2019-05-11 11:06:15.995 DEBUG 8956 --- [kground-preinit] o.apache.tomcat.util.IntrospectionUtils  : IntrospectionUtils: callMethod1 org.apache.tomcat.util.modeler.ManagedBean org.apache.tomcat.util.modeler.AttributeInfo org.apache.tomcat.util.modeler.AttributeInfo
2019-05-11 11:06:15.995 DEBUG 8956 --- [kground-preinit] o.apache.tomcat.util.digester.Digester   :   Fire end() for SetPropertiesRule[]
2019-05-11 11:06:15.995 DEBUG 8956 --- [kground-preinit] o.apache.tomcat.util.digester.Digester   :   Fire end() for ObjectCreateRule[className=org.apache.tomcat.util.modeler.AttributeInfo, attributeName=null]
2019-05-11 11:06:15.995 DEBUG 8956 --- [kground-preinit] o.apache.tomcat.util.digester.Digester   : [ObjectCreateRule]{mbeans-descriptors/mbean/attribute} Pop org.apache.tomcat.util.modeler.AttributeInfo
2019-05-11 11:06:15.995 DEBUG 8956 --- [kground-preinit] o.a.tomcat.util.digester.Digester.sax    : characters(

    )
2019-05-11 11:06:15.995 DEBUG 8956 --- [kground-preinit] o.a.tomcat.util.digester.Digester.sax    : startElement(,,attribute)
2019-05-11 11:06:15.995 DEBUG 8956 --- [kground-preinit] o.apache.tomcat.util.digester.Digester   :   New match='mbeans-descriptors/mbean/attribute'
2019-05-11 11:06:15.996 DEBUG 8956 --- [kground-preinit] o.apache.tomcat.util.digester.Digester   :   Fire begin() for ObjectCreateRule[className=org.apache.tomcat.util.modeler.AttributeInfo, attributeName=null]
2019-05-11 11:06:15.996 DEBUG 8956 --- [kground-preinit] o.apache.tomcat.util.digester.Digester   : [ObjectCreateRule]{mbeans-descriptors/mbean/attribute}New org.apache.tomcat.util.modeler.AttributeInfo
2019-05-11 11:06:15.996 DEBUG 8956 --- [kground-preinit] o.apache.tomcat.util.digester.Digester   :   Fire begin() for SetPropertiesRule[]
2019-05-11 11:06:15.996 DEBUG 8956 --- [kground-preinit] o.apache.tomcat.util.digester.Digester   : [SetPropertiesRule]{mbeans-descriptors/mbean/attribute} Set org.apache.tomcat.util.modeler.AttributeInfo properties
2019-05-11 11:06:15.996 DEBUG 8956 --- [kground-preinit] o.apache.tomcat.util.digester.Digester   : [SetPropertiesRule]{mbeans-descriptors/mbean/attribute} Setting property 'name' to 'realmPath'
2019-05-11 11:06:15.996 DEBUG 8956 --- [kground-preinit] o.apache.tomcat.util.IntrospectionUtils  : IntrospectionUtils: setProperty(class org.apache.tomcat.util.modeler.AttributeInfo name=realmPath)
2019-05-11 11:06:15.997 DEBUG 8956 --- [kground-preinit] o.apache.tomcat.util.digester.Digester   : [SetPropertiesRule]{mbeans-descriptors/mbean/attribute} Setting property 'description' to 'The realm path'
2019-05-11 11:06:15.997 DEBUG 8956 --- [kground-preinit] o.apache.tomcat.util.IntrospectionUtils  : IntrospectionUtils: setProperty(class org.apache.tomcat.util.modeler.AttributeInfo description=The realm path)
2019-05-11 11:06:15.997 DEBUG 8956 --- [kground-preinit] o.apache.tomcat.util.digester.Digester   : [SetPropertiesRule]{mbeans-descriptors/mbean/attribute} Setting property 'type' to 'java.lang.String'
2019-05-11 11:06:15.997 DEBUG 8956 --- [kground-preinit] o.apache.tomcat.util.IntrospectionUtils  : IntrospectionUtils: setProperty(class org.apache.tomcat.util.modeler.AttributeInfo type=java.lang.String)
2019-05-11 11:06:15.997 DEBUG 8956 --- [kground-preinit] o.apache.tomcat.util.digester.Digester   :   Fire begin() for SetNextRule[methodName=addAttribute, paramType=org.apache.tomcat.util.modeler.AttributeInfo]
2019-05-11 11:06:15.997 DEBUG 8956 --- [kground-preinit] o.a.tomcat.util.digester.Digester.sax    : endElement(,,attribute)
2019-05-11 11:06:15.997 DEBUG 8956 --- [kground-preinit] o.apache.tomcat.util.digester.Digester   :   match='mbeans-descriptors/mbean/attribute'
2019-05-11 11:06:15.998 DEBUG 8956 --- [kground-preinit] o.apache.tomcat.util.digester.Digester   :   bodyText=''
2019-05-11 11:06:15.998 DEBUG 8956 --- [kground-preinit] o.apache.tomcat.util.digester.Digester   :   Fire body() for ObjectCreateRule[className=org.apache.tomcat.util.modeler.AttributeInfo, attributeName=null]
2019-05-11 11:06:15.998 DEBUG 8956 --- [kground-preinit] o.apache.tomcat.util.digester.Digester   :   Fire body() for SetPropertiesRule[]
2019-05-11 11:06:15.998 DEBUG 8956 --- [kground-preinit] o.apache.tomcat.util.digester.Digester   :   Fire body() for SetNextRule[methodName=addAttribute, paramType=org.apache.tomcat.util.modeler.AttributeInfo]
2019-05-11 11:06:15.998 DEBUG 8956 --- [kground-preinit] o.apache.tomcat.util.digester.Digester   :   Fire end() for SetNextRule[methodName=addAttribute, paramType=org.apache.tomcat.util.modeler.AttributeInfo]
2019-05-11 11:06:15.999 DEBUG 8956 --- [kground-preinit] o.apache.tomcat.util.digester.Digester   : [SetNextRule]{mbeans-descriptors/mbean/attribute} Call org.apache.tomcat.util.modeler.ManagedBean.addAttribute(org.apache.tomcat.util.modeler.AttributeInfo@26e83556)
2019-05-11 11:06:15.999 DEBUG 8956 --- [kground-preinit] o.apache.tomcat.util.IntrospectionUtils  : IntrospectionUtils: callMethod1 org.apache.tomcat.util.modeler.ManagedBean org.apache.tomcat.util.modeler.AttributeInfo org.apache.tomcat.util.modeler.AttributeInfo
2019-05-11 11:06:15.999 DEBUG 8956 --- [kground-preinit] o.apache.tomcat.util.digester.Digester   :   Fire end() for SetPropertiesRule[]
]]></system-out>
  </testcase>
</testsuite>